[13:20:24.648] [INFO   ] thread main starting.
[13:20:24.654] [SEVERE ] cannot read configuration file config.properties trying from resources.
[13:20:24.655] [SEVERE ] configuration file was loaded from resources directory.
[13:20:25.036] [INFO   ] thread dealer starting.
[13:20:25.036] [INFO   ] Thread dealer starting.
[13:20:25.142] [SEVERE ] placing card 79 in slot 0
[13:20:25.242] [SEVERE ] placing card 41 in slot 1
[13:20:25.344] [SEVERE ] placing card 14 in slot 2
[13:20:25.445] [SEVERE ] placing card 28 in slot 3
[13:20:25.547] [SEVERE ] placing card 50 in slot 4
[13:20:25.647] [SEVERE ] placing card 22 in slot 5
[13:20:25.749] [SEVERE ] placing card 67 in slot 6
[13:20:25.850] [SEVERE ] placing card 80 in slot 7
[13:20:25.951] [SEVERE ] placing card 39 in slot 8
[13:20:26.053] [SEVERE ] placing card 40 in slot 9
[13:20:26.154] [SEVERE ] placing card 0 in slot 10
[13:20:26.255] [SEVERE ] placing card 30 in slot 11
[13:20:26.256] [INFO   ] Thread Thread-1starting.
[13:20:26.256] [INFO   ] Thread Thread-3starting.
[13:20:26.256] [SEVERE ] updating countdown to 10000
[13:20:26.256] [INFO   ] Thread Thread-2starting.
[13:20:26.257] [INFO   ] Thread computer-2 starting.
[13:20:26.257] [INFO   ] Thread computer-0 starting.
[13:20:26.259] [SEVERE ] player 1 placing token on slot 6
[13:20:26.259] [SEVERE ] player 3 placing token on slot 5
[13:20:26.258] [INFO   ] Thread computer-1 starting.
[13:20:26.260] [SEVERE ] player 3 placing token on slot 3
[13:20:26.260] [SEVERE ] player 1 placing token on slot 5
[13:20:26.261] [SEVERE ] player 3 placing token on slot 7
[13:20:26.260] [SEVERE ] player 2 placing token on slot 3
[13:20:26.261] [SEVERE ] removing player 1 token from slot 6
[13:20:26.262] [SEVERE ] player 2 placing token on slot 6
[13:20:26.263] [SEVERE ] player 1 placing token on slot 9
[13:20:26.263] [SEVERE ] player 2 placing token on slot 7
[13:20:26.264] [SEVERE ] player 1 placing token on slot 11
[13:20:27.258] [SEVERE ] updating countdown to 8998
[13:20:27.258] [SEVERE ] setting player 3 freeze to 3000
[13:20:28.259] [SEVERE ] updating countdown to 7997
[13:20:28.259] [SEVERE ] setting player 2 freeze to 3000
[13:20:28.260] [SEVERE ] setting player 3 freeze to 2000
[13:20:29.260] [SEVERE ] updating countdown to 6996
[13:20:29.260] [SEVERE ] setting player 1 freeze to 3000
[13:20:29.260] [SEVERE ] setting player 2 freeze to 2000
[13:20:29.261] [SEVERE ] setting player 3 freeze to 1000
[13:20:30.260] [SEVERE ] updating countdown to 5996
[13:20:30.261] [SEVERE ] setting player 1 freeze to 2000
[13:20:30.261] [SEVERE ] setting player 2 freeze to 1000
[13:20:30.262] [SEVERE ] setting player 3 freeze to 0
[13:20:30.263] [SEVERE ] removing player 3 token from slot 3
[13:20:30.263] [SEVERE ] player 3 placing token on slot 2
[13:20:31.261] [SEVERE ] setting player 3 freeze to 3000
[13:20:31.262] [SEVERE ] setting player 1 freeze to 1000
[13:20:31.262] [SEVERE ] setting player 2 freeze to 0
[13:20:31.263] [SEVERE ] removing player 2 token from slot 6
[13:20:31.263] [SEVERE ] player 2 placing token on slot 5
[13:20:31.273] [SEVERE ] setting player 2 freeze to 3000
[13:20:32.262] [SEVERE ] setting player 3 freeze to 2000
[13:20:32.262] [SEVERE ] setting player 1 freeze to 0
[13:20:32.263] [SEVERE ] removing player 1 token from slot 9
[13:20:32.263] [SEVERE ] player 1 placing token on slot 10
[13:20:32.264] [SEVERE ] setting player 1 freeze to 3000
[13:20:32.273] [SEVERE ] setting player 2 freeze to 2000
[13:20:33.262] [SEVERE ] setting player 3 freeze to 1000
[13:20:33.264] [SEVERE ] setting player 1 freeze to 2000
[13:20:33.273] [SEVERE ] setting player 2 freeze to 1000
[13:20:34.262] [SEVERE ] setting player 3 freeze to 0
[13:20:34.263] [SEVERE ] removing player 3 token from slot 7
[13:20:34.263] [SEVERE ] player 3 placing token on slot 10
[13:20:34.265] [SEVERE ] setting player 1 freeze to 1000
[13:20:34.271] [SEVERE ] setting player 3 freeze to 3000
[13:20:34.274] [SEVERE ] setting player 2 freeze to 0
[13:20:34.274] [SEVERE ] removing player 2 token from slot 3
[13:20:34.275] [SEVERE ] player 2 placing token on slot 1
[13:20:34.281] [SEVERE ] setting player 2 freeze to 3000
[13:20:35.256] [SEVERE ] updating countdown to 1000
[13:20:35.265] [SEVERE ] setting player 1 freeze to 0
[13:20:35.265] [SEVERE ] removing player 1 token from slot 11
[13:20:35.266] [SEVERE ] player 1 placing token on slot 11
[13:20:35.271] [SEVERE ] setting player 3 freeze to 2000
[13:20:35.276] [SEVERE ] setting player 1 freeze to 3000
[13:20:35.281] [SEVERE ] setting player 2 freeze to 2000
[13:20:36.261] [SEVERE ] updating countdown to 10000
[13:20:36.261] [SEVERE ] updating countdown to 10000
[13:20:36.272] [SEVERE ] setting player 3 freeze to 1000
[13:20:36.276] [SEVERE ] setting player 1 freeze to 2000
[13:20:36.282] [SEVERE ] setting player 2 freeze to 1000
[13:20:36.362] [SEVERE ] removing card from slot 0
[13:20:36.462] [SEVERE ] removing card from slot 1
[13:20:36.562] [SEVERE ] removing card from slot 2
[13:20:36.663] [SEVERE ] removing card from slot 3
[13:20:36.763] [SEVERE ] removing card from slot 4
[13:20:36.863] [SEVERE ] removing card from slot 5
[13:20:36.964] [SEVERE ] removing card from slot 6
[13:20:37.064] [SEVERE ] removing card from slot 7
[13:20:37.164] [SEVERE ] removing card from slot 8
[13:20:37.265] [SEVERE ] removing card from slot 9
[13:20:37.272] [SEVERE ] setting player 3 freeze to 0
[13:20:37.272] [SEVERE ] removing player 3 token from slot 2
[13:20:37.273] [SEVERE ] player 3 placing token on slot 9
[13:20:37.277] [SEVERE ] setting player 1 freeze to 1000
[13:20:37.282] [SEVERE ] setting player 2 freeze to 0
[13:20:37.282] [SEVERE ] removing player 2 token from slot 7
[13:20:37.283] [SEVERE ] player 2 placing token on slot 9
[13:20:37.365] [SEVERE ] removing card from slot 10
[13:20:37.465] [SEVERE ] removing card from slot 11
[13:20:37.465] [SEVERE ] removing all tokens
[13:20:37.566] [SEVERE ] placing card 1 in slot 0
[13:20:37.666] [SEVERE ] placing card 69 in slot 1
[13:20:37.767] [SEVERE ] placing card 44 in slot 2
[13:20:37.867] [SEVERE ] placing card 54 in slot 3
[13:20:37.967] [SEVERE ] placing card 50 in slot 4
[13:20:38.068] [SEVERE ] placing card 73 in slot 5
[13:20:38.168] [SEVERE ] placing card 72 in slot 6
[13:20:38.269] [SEVERE ] placing card 3 in slot 7
[13:20:38.277] [SEVERE ] setting player 1 freeze to 0
[13:20:38.277] [SEVERE ] player 1 placing token on slot 4
[13:20:38.278] [SEVERE ] player 1 placing token on slot 7
[13:20:38.278] [SEVERE ] player 1 placing token on slot 5
[13:20:38.369] [SEVERE ] placing card 1 in slot 8
[13:20:38.470] [SEVERE ] placing card 73 in slot 9
[13:20:38.570] [SEVERE ] placing card 51 in slot 10
[13:20:38.670] [SEVERE ] placing card 80 in slot 11
[13:20:38.671] [INFO   ] Thread Thread-4starting.
[13:20:38.671] [INFO   ] Thread Thread-6starting.
[13:20:38.671] [INFO   ] Thread computer-0 starting.
[13:20:38.671] [INFO   ] Thread Thread-5starting.
[13:20:38.671] [SEVERE ] updating countdown to 10000
[13:20:38.679] [INFO   ] Thread computer-1 starting.
[13:20:38.680] [SEVERE ] player 2 placing token on slot 5
[13:20:38.680] [SEVERE ] player 2 placing token on slot 4
[13:20:38.678] [SEVERE ] removing player 1 token from slot 4
[13:20:38.678] [INFO   ] Thread computer-2 starting.
[13:20:38.682] [SEVERE ] player 1 placing token on slot 9
[13:20:38.681] [SEVERE ] player 2 placing token on slot 11
[13:20:38.682] [SEVERE ] player 3 placing token on slot 4
[13:20:38.684] [SEVERE ] player 3 placing token on slot 6
[13:20:38.684] [SEVERE ] player 3 placing token on slot 8
[13:20:39.679] [SEVERE ] setting player 3 freeze to 3000
[13:20:39.679] [SEVERE ] updating countdown to 8992
[13:20:39.679] [SEVERE ] setting player 3 freeze to 3000
[13:20:40.680] [SEVERE ] setting player 3 freeze to 2000
[13:20:40.681] [SEVERE ] setting player 2 freeze to 3000
[13:20:40.681] [SEVERE ] setting player 2 freeze to 3000
[13:20:40.681] [SEVERE ] updating countdown to 7990
[13:20:40.681] [SEVERE ] setting player 3 freeze to 2000
[13:20:41.680] [SEVERE ] setting player 3 freeze to 1000
[13:20:41.681] [SEVERE ] setting player 2 freeze to 2000
[13:20:41.681] [SEVERE ] setting player 2 freeze to 2000
[13:20:41.682] [SEVERE ] updating countdown to 6989
[13:20:41.682] [SEVERE ] setting player 1 freeze to 3000
[13:20:41.682] [SEVERE ] setting player 3 freeze to 1000
[13:20:42.680] [SEVERE ] setting player 3 freeze to 0
[13:20:42.681] [SEVERE ] removing player 3 token from slot 8
[13:20:42.681] [SEVERE ] setting player 2 freeze to 1000
[13:20:42.682] [SEVERE ] setting player 2 freeze to 1000
[13:20:42.681] [SEVERE ] player 3 placing token on slot 9
[13:20:42.682] [SEVERE ] updating countdown to 5989
[13:20:42.683] [SEVERE ] setting player 1 freeze to 2000
[13:20:42.683] [SEVERE ] setting player 3 freeze to 0
[13:20:43.682] [SEVERE ] setting player 2 freeze to 0
[13:20:43.682] [SEVERE ] removing player 2 token from slot 5
[13:20:43.682] [SEVERE ] setting player 2 freeze to 0
[13:20:43.683] [SEVERE ] player 2 placing token on slot 1
[13:20:43.684] [SEVERE ] setting player 1 freeze to 1000
[13:20:43.684] [SEVERE ] setting player 2 freeze to 3000
[13:20:43.684] [SEVERE ] setting player 2 freeze to 3000
[13:20:43.694] [SEVERE ] setting player 3 freeze to 3000
[13:20:43.694] [SEVERE ] setting player 3 freeze to 3000
[13:20:44.684] [SEVERE ] setting player 1 freeze to 0
[13:20:44.685] [SEVERE ] removing player 1 token from slot 9
[13:20:44.685] [SEVERE ] setting player 2 freeze to 2000
[13:20:44.685] [SEVERE ] setting player 2 freeze to 2000
[13:20:44.685] [SEVERE ] player 1 placing token on slot 9
[13:20:44.686] [SEVERE ] removing player 1 token from slot 5
[13:20:44.687] [SEVERE ] player 1 placing token on slot 3
[13:20:44.694] [SEVERE ] setting player 3 freeze to 2000
[13:20:44.694] [SEVERE ] setting player 1 freeze to 3000
[13:20:44.695] [SEVERE ] setting player 3 freeze to 2000
[13:20:45.686] [SEVERE ] setting player 2 freeze to 1000
[13:20:45.686] [SEVERE ] setting player 2 freeze to 1000
[13:20:45.694] [SEVERE ] setting player 3 freeze to 1000
[13:20:45.695] [SEVERE ] setting player 1 freeze to 2000
[13:20:45.695] [SEVERE ] setting player 3 freeze to 1000
[13:20:46.686] [SEVERE ] setting player 2 freeze to 0
[13:20:46.686] [SEVERE ] removing player 2 token from slot 1
[13:20:46.686] [SEVERE ] setting player 2 freeze to 0
[13:20:46.687] [SEVERE ] player 2 placing token on slot 2
[13:20:46.688] [SEVERE ] removing player 2 token from slot 4
[13:20:46.688] [SEVERE ] player 2 placing token on slot 3
[13:20:46.694] [SEVERE ] setting player 2 freeze to 3000
[13:20:46.695] [SEVERE ] setting player 3 freeze to 0
[13:20:46.694] [SEVERE ] setting player 2 freeze to 3000
[13:20:46.695] [SEVERE ] removing player 3 token from slot 6
[13:20:46.695] [SEVERE ] setting player 1 freeze to 1000
[13:20:46.696] [SEVERE ] player 3 placing token on slot 7
[13:20:46.695] [SEVERE ] setting player 3 freeze to 0
[13:20:46.697] [SEVERE ] removing player 3 token from slot 7
[13:20:46.698] [SEVERE ] player 3 placing token on slot 2
[13:20:46.715] [SEVERE ] setting player 3 freeze to 3000
[13:20:46.715] [SEVERE ] setting player 3 freeze to 3000
[13:20:47.695] [SEVERE ] setting player 2 freeze to 2000
[13:20:47.696] [SEVERE ] setting player 2 freeze to 2000
[13:20:47.696] [SEVERE ] setting player 1 freeze to 0
[13:20:47.697] [SEVERE ] removing player 1 token from slot 7
[13:20:47.697] [SEVERE ] player 1 placing token on slot 6
[13:20:47.698] [SEVERE ] removing player 1 token from slot 6
[13:20:47.698] [SEVERE ] player 1 placing token on slot 2
[13:20:47.705] [SEVERE ] setting player 1 freeze to 3000
[13:20:47.715] [SEVERE ] setting player 3 freeze to 2000
[13:20:47.715] [SEVERE ] setting player 3 freeze to 2000
[13:20:48.675] [SEVERE ] updating countdown to 10000
[13:20:48.675] [SEVERE ] updating countdown to 10000
[13:20:48.695] [SEVERE ] setting player 2 freeze to 1000
[13:20:48.696] [SEVERE ] setting player 2 freeze to 1000
[13:20:48.705] [SEVERE ] setting player 1 freeze to 2000
[13:20:48.715] [SEVERE ] setting player 3 freeze to 1000
[13:20:48.716] [SEVERE ] setting player 3 freeze to 1000
[13:20:48.776] [SEVERE ] removing card from slot 0
[13:20:48.876] [SEVERE ] removing card from slot 1
[13:20:48.976] [SEVERE ] removing card from slot 2
[13:20:49.076] [SEVERE ] removing card from slot 3
[13:20:49.176] [SEVERE ] removing card from slot 4
[13:20:49.277] [SEVERE ] removing card from slot 5
[13:20:49.377] [SEVERE ] removing card from slot 6
[13:20:49.477] [SEVERE ] removing card from slot 7
[13:20:49.577] [SEVERE ] removing card from slot 8
[13:20:49.678] [SEVERE ] removing card from slot 9
[13:20:49.695] [SEVERE ] setting player 2 freeze to 0
[13:20:49.695] [SEVERE ] removing player 2 token from slot 2
[13:20:49.696] [SEVERE ] player 2 placing token on slot 8
[13:20:49.696] [SEVERE ] setting player 2 freeze to 0
[13:20:49.696] [SEVERE ] removing player 2 token from slot 3
[13:20:49.697] [SEVERE ] removing player 2 token from slot 8
[13:20:49.697] [SEVERE ] player 2 placing token on slot 10
[13:20:49.698] [SEVERE ] removing player 2 token from slot 10
[13:20:49.698] [SEVERE ] player 2 placing token on slot 1
[13:20:49.699] [SEVERE ] player 2 placing token on slot 7
[13:20:49.706] [SEVERE ] setting player 1 freeze to 1000
[13:20:49.715] [SEVERE ] setting player 3 freeze to 0
[13:20:49.715] [SEVERE ] removing player 3 token from slot 9
[13:20:49.716] [SEVERE ] setting player 3 freeze to 0
[13:20:49.716] [SEVERE ] player 3 placing token on slot 11
[13:20:49.717] [SEVERE ] removing player 3 token from slot 11
[13:20:49.717] [SEVERE ] player 3 placing token on slot 8
[13:20:49.778] [SEVERE ] removing card from slot 10
[13:20:49.878] [SEVERE ] removing card from slot 11
[13:20:49.878] [SEVERE ] removing all tokens
[13:20:49.979] [SEVERE ] placing card 57 in slot 0
[13:20:50.079] [SEVERE ] placing card 8 in slot 1
[13:20:50.180] [SEVERE ] placing card 69 in slot 2
[13:20:50.280] [SEVERE ] placing card 10 in slot 3
[13:20:50.380] [SEVERE ] placing card 70 in slot 4
[13:20:50.481] [SEVERE ] placing card 71 in slot 5
[13:20:50.581] [SEVERE ] placing card 10 in slot 6
[13:20:50.681] [SEVERE ] placing card 75 in slot 7
[13:20:50.706] [SEVERE ] setting player 1 freeze to 0
[13:20:50.706] [SEVERE ] player 1 placing token on slot 11
[13:20:50.707] [SEVERE ] player 1 placing token on slot 8
[13:20:50.707] [SEVERE ] player 1 placing token on slot 5
[13:20:50.708] [SEVERE ] removing player 1 token from slot 11
[13:20:50.708] [SEVERE ] player 1 placing token on slot 2
[13:20:50.782] [SEVERE ] placing card 28 in slot 8
[13:20:50.882] [SEVERE ] placing card 59 in slot 9
[13:20:50.982] [SEVERE ] placing card 44 in slot 10
[13:20:51.082] [SEVERE ] placing card 44 in slot 11
[13:20:51.083] [INFO   ] Thread Thread-7starting.
[13:20:51.083] [INFO   ] Thread Thread-9starting.
[13:20:51.083] [SEVERE ] updating countdown to 10000
[13:20:51.083] [INFO   ] Thread Thread-8starting.
[13:20:51.084] [INFO   ] Thread computer-2 starting.
[13:20:51.083] [INFO   ] Thread computer-0 starting.
[13:20:51.085] [SEVERE ] player 3 placing token on slot 6
[13:20:51.084] [INFO   ] Thread computer-1 starting.
[13:20:51.086] [SEVERE ] player 2 placing token on slot 4
[13:20:51.086] [SEVERE ] player 3 placing token on slot 9
[13:20:51.085] [SEVERE ] removing player 1 token from slot 2
[13:20:51.087] [SEVERE ] player 3 placing token on slot 7
[13:20:51.087] [SEVERE ] player 2 placing token on slot 3
[13:20:51.088] [SEVERE ] player 1 placing token on slot 11
[13:20:51.089] [SEVERE ] player 2 placing token on slot 5
[13:20:52.084] [SEVERE ] setting player 2 freeze to 3000
[13:20:52.084] [SEVERE ] updating countdown to 8999
[13:20:52.084] [SEVERE ] setting player 2 freeze to 3000
[13:20:53.084] [SEVERE ] setting player 2 freeze to 2000
[13:20:53.084] [SEVERE ] updating countdown to 7999
[13:20:53.084] [SEVERE ] setting player 2 freeze to 2000
[13:20:54.084] [SEVERE ] setting player 2 freeze to 1000
[13:20:54.085] [SEVERE ] updating countdown to 6998
[13:20:54.085] [SEVERE ] setting player 3 freeze to 3000
[13:20:54.085] [SEVERE ] setting player 3 freeze to 3000
[13:20:54.086] [SEVERE ] setting player 2 freeze to 1000
[13:20:55.085] [SEVERE ] setting player 2 freeze to 0
[13:20:55.085] [SEVERE ] removing player 2 token from slot 3
[13:20:55.085] [SEVERE ] updating countdown to 5998
[13:20:55.086] [SEVERE ] setting player 3 freeze to 2000
[13:20:55.085] [SEVERE ] player 2 placing token on slot 11
[13:20:55.087] [SEVERE ] setting player 2 freeze to 0
[13:20:55.086] [SEVERE ] setting player 3 freeze to 2000
[13:20:55.087] [SEVERE ] removing player 2 token from slot 11
[13:20:55.088] [SEVERE ] player 2 placing token on slot 6
[13:20:56.086] [SEVERE ] setting player 1 freeze to 3000
[13:20:56.086] [SEVERE ] setting player 1 freeze to 3000
[13:20:56.086] [SEVERE ] setting player 3 freeze to 1000
[13:20:56.088] [SEVERE ] setting player 3 freeze to 1000
[13:20:56.127] [SEVERE ] setting player 2 freeze to 3000
[13:20:56.127] [SEVERE ] setting player 2 freeze to 3000
[13:20:57.086] [SEVERE ] setting player 1 freeze to 2000
[13:20:57.087] [SEVERE ] setting player 1 freeze to 2000
[13:20:57.087] [SEVERE ] setting player 3 freeze to 0
[13:20:57.087] [SEVERE ] removing player 3 token from slot 7
[13:20:57.088] [SEVERE ] removing player 3 token from slot 6
[13:20:57.088] [SEVERE ] setting player 3 freeze to 0
[13:20:57.088] [SEVERE ] removing player 3 token from slot 9
[13:20:57.089] [SEVERE ] player 3 placing token on slot 6
[13:20:57.089] [SEVERE ] player 3 placing token on slot 11
[13:20:57.090] [SEVERE ] player 3 placing token on slot 9
[13:20:57.091] [SEVERE ] removing player 3 token from slot 6
[13:20:57.091] [SEVERE ] player 3 placing token on slot 4
[13:20:57.091] [SEVERE ] removing player 3 token from slot 4
[13:20:57.092] [SEVERE ] player 3 placing token on slot 5
[13:20:57.096] [SEVERE ] setting player 3 freeze to 3000
[13:20:57.096] [SEVERE ] setting player 3 freeze to 3000
[13:20:57.127] [SEVERE ] setting player 2 freeze to 2000
[13:20:57.127] [SEVERE ] setting player 2 freeze to 2000
[13:20:58.087] [SEVERE ] setting player 1 freeze to 1000
[13:20:58.087] [SEVERE ] setting player 1 freeze to 1000
[13:20:58.097] [SEVERE ] setting player 3 freeze to 2000
[13:20:58.098] [SEVERE ] setting player 3 freeze to 2000
[13:20:58.127] [SEVERE ] setting player 2 freeze to 1000
[13:20:58.130] [SEVERE ] setting player 2 freeze to 1000
[13:20:59.087] [SEVERE ] setting player 1 freeze to 0
[13:20:59.087] [SEVERE ] removing player 1 token from slot 8
[13:20:59.087] [SEVERE ] setting player 1 freeze to 0
[13:20:59.088] [SEVERE ] player 1 placing token on slot 2
[13:20:59.089] [SEVERE ] removing player 1 token from slot 11
[13:20:59.089] [SEVERE ] player 1 placing token on slot 7
[13:20:59.090] [SEVERE ] removing player 1 token from slot 2
[13:20:59.090] [SEVERE ] removing player 1 token from slot 7
[13:20:59.091] [SEVERE ] player 1 placing token on slot 10
[13:20:59.091] [SEVERE ] removing player 1 token from slot 5
[13:20:59.092] [SEVERE ] player 1 placing token on slot 7
[13:20:59.092] [SEVERE ] player 1 placing token on slot 11
[13:20:59.094] [SEVERE ] setting player 1 freeze to 3000
[13:20:59.094] [SEVERE ] setting player 1 freeze to 3000
[13:20:59.097] [SEVERE ] setting player 3 freeze to 1000
[13:20:59.098] [SEVERE ] setting player 3 freeze to 1000
[13:20:59.128] [SEVERE ] setting player 2 freeze to 0
[13:20:59.128] [SEVERE ] removing player 2 token from slot 4
[13:20:59.128] [SEVERE ] player 2 placing token on slot 11
[13:20:59.129] [SEVERE ] removing player 2 token from slot 6
[13:20:59.129] [SEVERE ] player 2 placing token on slot 1
[13:20:59.130] [SEVERE ] setting player 2 freeze to 0
[13:20:59.130] [SEVERE ] removing player 2 token from slot 1
[13:20:59.131] [SEVERE ] player 2 placing token on slot 2
[13:20:59.134] [SEVERE ] setting player 2 freeze to 3000
[13:20:59.134] [SEVERE ] setting player 2 freeze to 3000
[13:21:00.083] [SEVERE ] updating countdown to 1000
[13:21:00.094] [SEVERE ] setting player 1 freeze to 2000
[13:21:00.095] [SEVERE ] setting player 1 freeze to 2000
[13:21:00.097] [SEVERE ] setting player 3 freeze to 0
[13:21:00.097] [SEVERE ] removing player 3 token from slot 11
[13:21:00.097] [SEVERE ] removing player 3 token from slot 9
[13:21:00.098] [SEVERE ] player 3 placing token on slot 9
[13:21:00.098] [SEVERE ] player 3 placing token on slot 10
[13:21:00.098] [SEVERE ] setting player 3 freeze to 0
[13:21:00.099] [SEVERE ] removing player 3 token from slot 5
[13:21:00.100] [SEVERE ] player 3 placing token on slot 1
[13:21:00.100] [SEVERE ] removing player 3 token from slot 9
[13:21:00.101] [SEVERE ] player 3 placing token on slot 8
[13:21:00.103] [SEVERE ] setting player 3 freeze to 3000
[13:21:00.103] [SEVERE ] setting player 3 freeze to 3000
[13:21:00.135] [SEVERE ] setting player 2 freeze to 2000
[13:21:00.135] [SEVERE ] setting player 2 freeze to 2000
[13:21:01.083] [SEVERE ] updating countdown to 10000
[13:21:01.083] [SEVERE ] updating countdown to 10000
[13:21:01.094] [SEVERE ] setting player 1 freeze to 1000
[13:21:01.095] [SEVERE ] setting player 1 freeze to 1000
[13:21:01.104] [SEVERE ] setting player 3 freeze to 2000
[13:21:01.104] [SEVERE ] setting player 3 freeze to 2000
[13:21:01.135] [SEVERE ] setting player 2 freeze to 1000
[13:21:01.135] [SEVERE ] setting player 2 freeze to 1000
[13:21:01.183] [SEVERE ] removing card from slot 0
[13:21:01.284] [SEVERE ] removing card from slot 1
[13:21:01.384] [SEVERE ] removing card from slot 2
[13:21:01.484] [SEVERE ] removing card from slot 3
[13:21:01.584] [SEVERE ] removing card from slot 4
[13:21:01.685] [SEVERE ] removing card from slot 5
[13:21:01.785] [SEVERE ] removing card from slot 6
[13:21:01.885] [SEVERE ] removing card from slot 7
[13:21:01.985] [SEVERE ] removing card from slot 8
[13:21:02.086] [SEVERE ] removing card from slot 9
[13:21:02.094] [SEVERE ] setting player 1 freeze to 0
[13:21:02.095] [SEVERE ] removing player 1 token from slot 10
[13:21:02.095] [SEVERE ] setting player 1 freeze to 0
[13:21:02.095] [SEVERE ] player 1 placing token on slot 6
[13:21:02.096] [SEVERE ] removing player 1 token from slot 6
[13:21:02.096] [SEVERE ] player 1 placing token on slot 1
[13:21:02.097] [SEVERE ] removing player 1 token from slot 7
[13:21:02.097] [SEVERE ] removing player 1 token from slot 11
[13:21:02.098] [SEVERE ] player 1 placing token on slot 8
[13:21:02.098] [SEVERE ] removing player 1 token from slot 1
[13:21:02.099] [SEVERE ] player 1 placing token on slot 11
[13:21:02.099] [SEVERE ] player 1 placing token on slot 10
[13:21:02.104] [SEVERE ] setting player 3 freeze to 1000
[13:21:02.104] [SEVERE ] setting player 3 freeze to 1000
[13:21:02.135] [SEVERE ] setting player 2 freeze to 0
[13:21:02.135] [SEVERE ] removing player 2 token from slot 5
[13:21:02.135] [SEVERE ] setting player 2 freeze to 0
[13:21:02.135] [SEVERE ] player 2 placing token on slot 3
[13:21:02.136] [SEVERE ] removing player 2 token from slot 2
[13:21:02.137] [SEVERE ] player 2 placing token on slot 2
[13:21:02.137] [SEVERE ] removing player 2 token from slot 2
[13:21:02.137] [SEVERE ] player 2 placing token on slot 10
[13:21:02.186] [SEVERE ] removing card from slot 10
[13:21:02.286] [SEVERE ] removing card from slot 11
[13:21:02.286] [SEVERE ] removing all tokens
[13:21:02.387] [SEVERE ] placing card 55 in slot 0
[13:21:02.487] [SEVERE ] placing card 76 in slot 1
[13:21:02.587] [SEVERE ] placing card 79 in slot 2
[13:21:02.687] [SEVERE ] placing card 37 in slot 3
[13:21:02.788] [SEVERE ] placing card 17 in slot 4
[13:21:02.888] [SEVERE ] placing card 4 in slot 5
[13:21:02.988] [SEVERE ] placing card 32 in slot 6
[13:21:03.089] [SEVERE ] placing card 30 in slot 7
[13:21:03.104] [SEVERE ] setting player 3 freeze to 0
[13:21:03.104] [SEVERE ] player 3 placing token on slot 4
[13:21:03.104] [SEVERE ] setting player 3 freeze to 0
[13:21:03.105] [SEVERE ] removing player 3 token from slot 4
[13:21:03.105] [SEVERE ] player 3 placing token on slot 8
[13:21:03.106] [SEVERE ] player 3 placing token on slot 5
[13:21:03.106] [SEVERE ] player 3 placing token on slot 7
[13:21:03.108] [SEVERE ] removing player 3 token from slot 5
[13:21:03.109] [SEVERE ] player 3 placing token on slot 9
[13:21:03.110] [SEVERE ] removing player 3 token from slot 8
[13:21:03.111] [SEVERE ] player 3 placing token on slot 2
[13:21:03.189] [SEVERE ] placing card 7 in slot 8
[13:21:03.289] [SEVERE ] placing card 46 in slot 9
[13:21:03.389] [SEVERE ] placing card 1 in slot 10
[13:21:03.489] [SEVERE ] placing card 19 in slot 11
[13:21:03.490] [INFO   ] Thread Thread-10starting.
[13:21:03.490] [INFO   ] Thread Thread-12starting.
[13:21:03.490] [SEVERE ] updating countdown to 10000
[13:21:03.490] [INFO   ] Thread Thread-11starting.
[13:21:03.493] [INFO   ] Thread computer-2 starting.
[13:21:03.490] [INFO   ] Thread computer-0 starting.
[13:21:03.494] [SEVERE ] removing player 3 token from slot 9
[13:21:03.493] [INFO   ] Thread computer-1 starting.
[13:21:03.495] [SEVERE ] player 3 placing token on slot 9
[13:21:03.494] [SEVERE ] player 1 placing token on slot 7
[13:21:03.495] [SEVERE ] player 2 placing token on slot 6
[13:21:03.496] [SEVERE ] player 1 placing token on slot 8
[13:21:03.496] [SEVERE ] player 2 placing token on slot 3
[13:21:03.497] [SEVERE ] player 1 placing token on slot 1
[13:21:03.497] [SEVERE ] player 2 placing token on slot 1
[13:21:04.493] [SEVERE ] updating countdown to 8997
[13:21:04.493] [SEVERE ] setting player 1 freeze to 3000
[13:21:04.493] [SEVERE ] setting player 1 freeze to 3000
[13:21:05.493] [SEVERE ] updating countdown to 7997
[13:21:05.494] [SEVERE ] setting player 1 freeze to 2000
[13:21:05.494] [SEVERE ] setting player 1 freeze to 2000
[13:21:06.494] [SEVERE ] updating countdown to 6997
[13:21:06.494] [SEVERE ] setting player 1 freeze to 1000
[13:21:06.494] [SEVERE ] setting player 1 freeze to 1000
[13:21:07.494] [SEVERE ] setting player 2 freeze to 3000
[13:21:07.494] [SEVERE ] updating countdown to 5996
[13:21:07.494] [SEVERE ] setting player 2 freeze to 3000
[13:21:07.495] [SEVERE ] setting player 1 freeze to 0
[13:21:07.494] [SEVERE ] setting player 1 freeze to 0
[13:21:07.495] [SEVERE ] removing player 1 token from slot 1
[13:21:07.496] [SEVERE ] player 1 placing token on slot 5
[13:21:07.497] [SEVERE ] removing player 1 token from slot 7
[13:21:07.497] [SEVERE ] player 1 placing token on slot 7
[13:21:07.497] [SEVERE ] removing player 1 token from slot 8
[13:21:07.498] [SEVERE ] player 1 placing token on slot 3
[13:21:08.494] [SEVERE ] setting player 2 freeze to 2000
[13:21:08.495] [SEVERE ] setting player 2 freeze to 2000
[13:21:08.515] [SEVERE ] setting player 3 freeze to 3000
[13:21:08.515] [SEVERE ] setting player 3 freeze to 3000
[13:21:08.555] [SEVERE ] setting player 1 freeze to 3000
[13:21:08.555] [SEVERE ] setting player 1 freeze to 3000
[13:21:09.494] [SEVERE ] setting player 2 freeze to 1000
[13:21:09.495] [SEVERE ] setting player 2 freeze to 1000
[13:21:09.515] [SEVERE ] setting player 3 freeze to 2000
[13:21:09.515] [SEVERE ] setting player 3 freeze to 2000
[13:21:09.555] [SEVERE ] setting player 1 freeze to 2000
[13:21:09.556] [SEVERE ] setting player 1 freeze to 2000
[13:21:10.495] [SEVERE ] setting player 2 freeze to 0
[13:21:10.495] [SEVERE ] removing player 2 token from slot 1
[13:21:10.495] [SEVERE ] player 2 placing token on slot 1
[13:21:10.495] [SEVERE ] setting player 2 freeze to 0
[13:21:10.496] [SEVERE ] removing player 2 token from slot 6
[13:21:10.496] [SEVERE ] player 2 placing token on slot 2
[13:21:10.499] [SEVERE ] removing player 2 token from slot 1
[13:21:10.499] [SEVERE ] player 2 placing token on slot 5
[13:21:10.499] [SEVERE ] removing player 2 token from slot 3
[13:21:10.500] [SEVERE ] removing player 2 token from slot 5
[13:21:10.500] [SEVERE ] player 2 placing token on slot 4
[13:21:10.500] [SEVERE ] removing player 2 token from slot 4
[13:21:10.501] [SEVERE ] removing player 2 token from slot 2
[13:21:10.501] [SEVERE ] player 2 placing token on slot 9
[13:21:10.502] [SEVERE ] player 2 placing token on slot 5
[13:21:10.502] [SEVERE ] player 2 placing token on slot 10
[13:21:10.504] [SEVERE ] setting player 2 freeze to 3000
[13:21:10.504] [SEVERE ] setting player 2 freeze to 3000
[13:21:10.515] [SEVERE ] setting player 3 freeze to 1000
[13:21:10.516] [SEVERE ] setting player 3 freeze to 1000
[13:21:10.556] [SEVERE ] setting player 1 freeze to 1000
[13:21:10.556] [SEVERE ] setting player 1 freeze to 1000
[13:21:11.504] [SEVERE ] setting player 2 freeze to 2000
[13:21:11.504] [SEVERE ] setting player 2 freeze to 2000
[13:21:11.515] [SEVERE ] setting player 3 freeze to 0
[13:21:11.515] [SEVERE ] removing player 3 token from slot 9
[13:21:11.516] [SEVERE ] setting player 3 freeze to 0
[13:21:11.516] [SEVERE ] player 3 placing token on slot 11
[13:21:11.517] [SEVERE ] removing player 3 token from slot 7
[13:21:11.517] [SEVERE ] player 3 placing token on slot 5
[13:21:11.517] [SEVERE ] removing player 3 token from slot 11
[13:21:11.518] [SEVERE ] player 3 placing token on slot 4
[13:21:11.519] [SEVERE ] removing player 3 token from slot 4
[13:21:11.519] [SEVERE ] player 3 placing token on slot 1
[13:21:11.523] [SEVERE ] setting player 3 freeze to 3000
[13:21:11.523] [SEVERE ] setting player 3 freeze to 3000
[13:21:11.556] [SEVERE ] setting player 1 freeze to 0
[13:21:11.556] [SEVERE ] removing player 1 token from slot 7
[13:21:11.556] [SEVERE ] setting player 1 freeze to 0
[13:21:11.556] [SEVERE ] player 1 placing token on slot 10
[13:21:11.557] [SEVERE ] removing player 1 token from slot 5
[13:21:11.558] [SEVERE ] player 1 placing token on slot 6
[13:21:11.558] [SEVERE ] removing player 1 token from slot 10
[13:21:11.559] [SEVERE ] player 1 placing token on slot 2
[13:21:11.559] [SEVERE ] removing player 1 token from slot 2
[13:21:11.560] [SEVERE ] player 1 placing token on slot 11
[13:21:11.563] [SEVERE ] setting player 1 freeze to 3000
[13:21:11.563] [SEVERE ] setting player 1 freeze to 3000
[13:21:12.504] [SEVERE ] setting player 2 freeze to 1000
[13:21:12.505] [SEVERE ] setting player 2 freeze to 1000
[13:21:12.523] [SEVERE ] setting player 3 freeze to 2000
[13:21:12.523] [SEVERE ] setting player 3 freeze to 2000
[13:21:12.564] [SEVERE ] setting player 1 freeze to 2000
[13:21:12.564] [SEVERE ] setting player 1 freeze to 2000
[13:21:13.491] [SEVERE ] updating countdown to 10000
[13:21:13.491] [SEVERE ] updating countdown to 10000
[13:21:13.504] [SEVERE ] setting player 2 freeze to 0
[13:21:13.504] [SEVERE ] removing player 2 token from slot 9
[13:21:13.505] [SEVERE ] setting player 2 freeze to 0
[13:21:13.505] [SEVERE ] player 2 placing token on slot 7
[13:21:13.506] [SEVERE ] removing player 2 token from slot 5
[13:21:13.507] [SEVERE ] player 2 placing token on slot 11
[13:21:13.507] [SEVERE ] removing player 2 token from slot 7
[13:21:13.508] [SEVERE ] player 2 placing token on slot 3
[13:21:13.508] [SEVERE ] removing player 2 token from slot 11
[13:21:13.509] [SEVERE ] removing player 2 token from slot 3
[13:21:13.509] [SEVERE ] player 2 placing token on slot 9
[13:21:13.510] [SEVERE ] player 2 placing token on slot 4
[13:21:13.523] [SEVERE ] setting player 3 freeze to 1000
[13:21:13.524] [SEVERE ] setting player 3 freeze to 1000
[13:21:13.564] [SEVERE ] setting player 1 freeze to 1000
[13:21:13.564] [SEVERE ] setting player 1 freeze to 1000
[13:21:13.591] [SEVERE ] removing card from slot 0
[13:21:13.692] [SEVERE ] removing card from slot 1
[13:21:13.792] [SEVERE ] removing card from slot 2
[13:21:13.892] [SEVERE ] removing card from slot 3
[13:21:13.992] [SEVERE ] removing card from slot 4
[13:21:14.092] [SEVERE ] removing card from slot 5
[13:21:14.193] [SEVERE ] removing card from slot 6
[13:21:14.293] [SEVERE ] removing card from slot 7
[13:21:14.393] [SEVERE ] removing card from slot 8
[13:21:14.493] [SEVERE ] removing card from slot 9
[13:21:14.523] [SEVERE ] setting player 3 freeze to 0
[13:21:14.524] [SEVERE ] removing player 3 token from slot 5
[13:21:14.524] [SEVERE ] setting player 3 freeze to 0
[13:21:14.524] [SEVERE ] player 3 placing token on slot 6
[13:21:14.525] [SEVERE ] removing player 3 token from slot 6
[13:21:14.525] [SEVERE ] removing player 3 token from slot 1
[13:21:14.526] [SEVERE ] player 3 placing token on slot 6
[13:21:14.526] [SEVERE ] player 3 placing token on slot 8
[13:21:14.527] [SEVERE ] removing player 3 token from slot 2
[13:21:14.527] [SEVERE ] player 3 placing token on slot 7
[13:21:14.528] [SEVERE ] removing player 3 token from slot 8
[13:21:14.528] [SEVERE ] removing player 3 token from slot 7
[13:21:14.529] [SEVERE ] removing player 3 token from slot 6
[13:21:14.529] [SEVERE ] player 3 placing token on slot 7
[13:21:14.529] [SEVERE ] player 3 placing token on slot 9
[13:21:14.530] [SEVERE ] player 3 placing token on slot 6
[13:21:14.564] [SEVERE ] setting player 1 freeze to 0
[13:21:14.564] [SEVERE ] removing player 1 token from slot 3
[13:21:14.564] [SEVERE ] setting player 1 freeze to 0
[13:21:14.564] [SEVERE ] player 1 placing token on slot 1
[13:21:14.565] [SEVERE ] removing player 1 token from slot 1
[13:21:14.565] [SEVERE ] player 1 placing token on slot 8
[13:21:14.566] [SEVERE ] removing player 1 token from slot 11
[13:21:14.566] [SEVERE ] player 1 placing token on slot 4
[13:21:14.567] [SEVERE ] removing player 1 token from slot 6
[13:21:14.567] [SEVERE ] player 1 placing token on slot 11
[13:21:14.593] [SEVERE ] removing card from slot 10
[13:21:14.694] [SEVERE ] removing card from slot 11
[13:21:14.694] [SEVERE ] removing all tokens
[13:21:14.794] [SEVERE ] placing card 52 in slot 0
[13:21:14.895] [SEVERE ] placing card 51 in slot 1
[13:21:14.995] [SEVERE ] placing card 40 in slot 2
[13:21:15.095] [SEVERE ] placing card 76 in slot 3
[13:21:15.195] [SEVERE ] placing card 71 in slot 4
[13:21:15.295] [SEVERE ] placing card 60 in slot 5
[13:21:15.395] [SEVERE ] placing card 52 in slot 6
[13:21:15.496] [SEVERE ] placing card 73 in slot 7
[13:21:15.596] [SEVERE ] placing card 15 in slot 8
[13:21:15.696] [SEVERE ] placing card 70 in slot 9
[13:21:15.796] [SEVERE ] placing card 62 in slot 10
[13:21:15.896] [SEVERE ] placing card 71 in slot 11
[13:21:15.897] [INFO   ] Thread Thread-13starting.
[13:21:15.897] [INFO   ] Thread Thread-15starting.
[13:21:15.897] [SEVERE ] updating countdown to 10000
[13:21:15.897] [INFO   ] Thread Thread-14starting.
[13:21:15.898] [INFO   ] Thread computer-2 starting.
[13:21:15.897] [INFO   ] Thread computer-0 starting.
[13:21:15.899] [SEVERE ] player 3 placing token on slot 2
[13:21:15.901] [SEVERE ] player 3 placing token on slot 3
[13:21:15.901] [SEVERE ] player 3 placing token on slot 11
[13:21:15.899] [INFO   ] Thread computer-1 starting.
[13:21:15.900] [SEVERE ] player 1 placing token on slot 5
[13:21:15.902] [SEVERE ] player 2 placing token on slot 4
[13:21:15.902] [SEVERE ] player 1 placing token on slot 11
[13:21:15.903] [SEVERE ] player 2 placing token on slot 7
[13:21:15.904] [SEVERE ] player 2 placing token on slot 11
[13:21:15.903] [SEVERE ] player 1 placing token on slot 3
[13:21:16.898] [SEVERE ] setting player 2 freeze to 3000
[13:21:16.898] [SEVERE ] updating countdown to 8999
[13:21:16.898] [SEVERE ] setting player 2 freeze to 3000
[13:21:17.898] [SEVERE ] setting player 2 freeze to 2000
[13:21:17.899] [SEVERE ] updating countdown to 7998
[13:21:17.899] [SEVERE ] setting player 2 freeze to 2000
[13:21:18.899] [SEVERE ] setting player 2 freeze to 1000
[13:21:18.899] [SEVERE ] updating countdown to 6998
[13:21:18.900] [SEVERE ] setting player 2 freeze to 1000
[13:21:19.899] [SEVERE ] setting player 2 freeze to 0
[13:21:19.899] [SEVERE ] removing player 2 token from slot 7
[13:21:19.900] [SEVERE ] player 2 placing token on slot 6
[13:21:19.900] [SEVERE ] setting player 2 freeze to 0
[13:21:19.900] [SEVERE ] removing player 2 token from slot 11
[13:21:19.901] [SEVERE ] player 2 placing token on slot 9
[13:21:19.901] [SEVERE ] removing player 2 token from slot 9
[13:21:19.902] [SEVERE ] player 2 placing token on slot 5
[13:21:19.902] [SEVERE ] setting player 2 freeze to 3000
[13:21:19.902] [SEVERE ] setting player 2 freeze to 3000
[13:21:19.902] [SEVERE ] updating countdown to 5995
[13:21:20.903] [SEVERE ] setting player 2 freeze to 2000
[13:21:20.903] [SEVERE ] setting player 2 freeze to 2000
[13:21:20.904] [SEVERE ] setting player 3 freeze to 3000
[13:21:20.904] [SEVERE ] setting player 3 freeze to 3000
[13:21:20.944] [SEVERE ] setting player 1 freeze to 3000
[13:21:20.944] [SEVERE ] setting player 1 freeze to 3000
[13:21:21.903] [SEVERE ] setting player 2 freeze to 1000
[13:21:21.904] [SEVERE ] setting player 2 freeze to 1000
[13:21:21.904] [SEVERE ] setting player 3 freeze to 2000
[13:21:21.905] [SEVERE ] setting player 3 freeze to 2000
[13:21:21.945] [SEVERE ] setting player 1 freeze to 2000
[13:21:21.946] [SEVERE ] setting player 1 freeze to 2000
[13:21:22.903] [SEVERE ] setting player 2 freeze to 0
[13:21:22.903] [SEVERE ] removing player 2 token from slot 4
[13:21:22.904] [SEVERE ] player 2 placing token on slot 7
[13:21:22.904] [SEVERE ] removing player 2 token from slot 6
[13:21:22.905] [SEVERE ] removing player 2 token from slot 5
[13:21:22.905] [SEVERE ] setting player 2 freeze to 0
[13:21:22.905] [SEVERE ] player 2 placing token on slot 6
[13:21:22.906] [SEVERE ] player 2 placing token on slot 3
[13:21:22.906] [SEVERE ] removing player 2 token from slot 7
[13:21:22.906] [SEVERE ] player 2 placing token on slot 1
[13:21:22.906] [SEVERE ] removing player 2 token from slot 1
[13:21:22.907] [SEVERE ] player 2 placing token on slot 4
[13:21:22.907] [SEVERE ] removing player 2 token from slot 6
[13:21:22.908] [SEVERE ] player 2 placing token on slot 10
[13:21:22.910] [SEVERE ] setting player 3 freeze to 1000
[13:21:22.911] [SEVERE ] setting player 3 freeze to 1000
[13:21:22.913] [SEVERE ] setting player 2 freeze to 3000
[13:21:22.913] [SEVERE ] setting player 2 freeze to 3000
[13:21:22.945] [SEVERE ] setting player 1 freeze to 1000
[13:21:22.946] [SEVERE ] setting player 1 freeze to 1000
[13:21:23.910] [SEVERE ] setting player 3 freeze to 0
[13:21:23.910] [SEVERE ] removing player 3 token from slot 11
[13:21:23.911] [SEVERE ] player 3 placing token on slot 6
[13:21:23.911] [SEVERE ] removing player 3 token from slot 6
[13:21:23.912] [SEVERE ] setting player 3 freeze to 0
[13:21:23.912] [SEVERE ] player 3 placing token on slot 8
[13:21:23.912] [SEVERE ] removing player 3 token from slot 3
[13:21:23.913] [SEVERE ] player 3 placing token on slot 4
[13:21:23.913] [SEVERE ] setting player 2 freeze to 2000
[13:21:23.913] [SEVERE ] setting player 2 freeze to 2000
[13:21:23.913] [SEVERE ] removing player 3 token from slot 8
[13:21:23.914] [SEVERE ] player 3 placing token on slot 11
[13:21:23.915] [SEVERE ] setting player 3 freeze to 3000
[13:21:23.915] [SEVERE ] setting player 3 freeze to 3000
[13:21:23.945] [SEVERE ] setting player 1 freeze to 0
[13:21:23.945] [SEVERE ] removing player 1 token from slot 5
[13:21:23.945] [SEVERE ] removing player 1 token from slot 3
[13:21:23.946] [SEVERE ] player 1 placing token on slot 1
[13:21:23.946] [SEVERE ] setting player 1 freeze to 0
[13:21:23.946] [SEVERE ] removing player 1 token from slot 1
[13:21:23.947] [SEVERE ] player 1 placing token on slot 4
[13:21:23.947] [SEVERE ] player 1 placing token on slot 5
[13:21:23.948] [SEVERE ] removing player 1 token from slot 11
[13:21:23.948] [SEVERE ] player 1 placing token on slot 2
[13:21:23.949] [SEVERE ] removing player 1 token from slot 2
[13:21:23.949] [SEVERE ] player 1 placing token on slot 6
[13:21:23.950] [SEVERE ] removing player 1 token from slot 5
[13:21:23.950] [SEVERE ] player 1 placing token on slot 2
[13:21:23.951] [SEVERE ] removing player 1 token from slot 6
[13:21:23.951] [SEVERE ] player 1 placing token on slot 1
[13:21:23.955] [SEVERE ] setting player 1 freeze to 3000
[13:21:23.955] [SEVERE ] setting player 1 freeze to 3000
[13:21:24.914] [SEVERE ] setting player 2 freeze to 1000
[13:21:24.914] [SEVERE ] setting player 2 freeze to 1000
[13:21:24.915] [SEVERE ] setting player 3 freeze to 2000
[13:21:24.916] [SEVERE ] setting player 3 freeze to 2000
[13:21:24.955] [SEVERE ] setting player 1 freeze to 2000
[13:21:24.956] [SEVERE ] setting player 1 freeze to 2000
[13:21:25.901] [SEVERE ] updating countdown to 10000
[13:21:25.901] [SEVERE ] updating countdown to 10000
[13:21:25.914] [SEVERE ] setting player 2 freeze to 0
[13:21:25.914] [SEVERE ] removing player 2 token from slot 3
[13:21:25.914] [SEVERE ] setting player 2 freeze to 0
[13:21:25.914] [SEVERE ] player 2 placing token on slot 8
[13:21:25.915] [SEVERE ] removing player 2 token from slot 4
[13:21:25.915] [SEVERE ] setting player 3 freeze to 1000
[13:21:25.916] [SEVERE ] setting player 3 freeze to 1000
[13:21:25.916] [SEVERE ] removing player 2 token from slot 10
[13:21:25.917] [SEVERE ] player 2 placing token on slot 3
[13:21:25.917] [SEVERE ] player 2 placing token on slot 10
[13:21:25.918] [SEVERE ] removing player 2 token from slot 8
[13:21:25.918] [SEVERE ] player 2 placing token on slot 7
[13:21:25.919] [SEVERE ] removing player 2 token from slot 7
[13:21:25.919] [SEVERE ] player 2 placing token on slot 7
[13:21:25.920] [SEVERE ] removing player 2 token from slot 3
[13:21:25.920] [SEVERE ] player 2 placing token on slot 8
[13:21:25.956] [SEVERE ] setting player 1 freeze to 1000
[13:21:25.956] [SEVERE ] setting player 1 freeze to 1000
[13:21:26.002] [SEVERE ] removing card from slot 0
[13:21:26.102] [SEVERE ] removing card from slot 1
[13:21:26.202] [SEVERE ] removing card from slot 2
[13:21:26.302] [SEVERE ] removing card from slot 3
[13:21:26.403] [SEVERE ] removing card from slot 4
[13:21:26.503] [SEVERE ] removing card from slot 5
[13:21:26.603] [SEVERE ] removing card from slot 6
[13:21:26.703] [SEVERE ] removing card from slot 7
[13:21:26.803] [SEVERE ] removing card from slot 8
[13:21:26.904] [SEVERE ] removing card from slot 9
[13:21:26.916] [SEVERE ] setting player 3 freeze to 0
[13:21:26.916] [SEVERE ] removing player 3 token from slot 2
[13:21:26.917] [SEVERE ] setting player 3 freeze to 0
[13:21:26.917] [SEVERE ] player 3 placing token on slot 10
[13:21:26.917] [SEVERE ] removing player 3 token from slot 4
[13:21:26.918] [SEVERE ] player 3 placing token on slot 7
[13:21:26.918] [SEVERE ] removing player 3 token from slot 7
[13:21:26.919] [SEVERE ] player 3 placing token on slot 1
[13:21:26.919] [SEVERE ] removing player 3 token from slot 11
[13:21:26.919] [SEVERE ] player 3 placing token on slot 2
[13:21:26.920] [SEVERE ] removing player 3 token from slot 10
[13:21:26.920] [SEVERE ] removing player 3 token from slot 2
[13:21:26.921] [SEVERE ] removing player 3 token from slot 1
[13:21:26.921] [SEVERE ] player 3 placing token on slot 3
[13:21:26.922] [SEVERE ] player 3 placing token on slot 2
[13:21:26.922] [SEVERE ] player 3 placing token on slot 5
[13:21:26.956] [SEVERE ] setting player 1 freeze to 0
[13:21:26.956] [SEVERE ] removing player 1 token from slot 1
[13:21:26.956] [SEVERE ] player 1 placing token on slot 9
[13:21:26.956] [SEVERE ] setting player 1 freeze to 0
[13:21:26.957] [SEVERE ] removing player 1 token from slot 9
[13:21:26.957] [SEVERE ] player 1 placing token on slot 10
[13:21:26.958] [SEVERE ] removing player 1 token from slot 4
[13:21:26.958] [SEVERE ] removing player 1 token from slot 2
[13:21:26.959] [SEVERE ] player 1 placing token on slot 11
[13:21:26.959] [SEVERE ] removing player 1 token from slot 11
[13:21:26.960] [SEVERE ] player 1 placing token on slot 1
[13:21:26.960] [SEVERE ] player 1 placing token on slot 5
[13:21:26.960] [SEVERE ] removing player 1 token from slot 5
[13:21:26.961] [SEVERE ] player 1 placing token on slot 9
[13:21:26.961] [SEVERE ] removing player 1 token from slot 10
[13:21:26.962] [SEVERE ] removing player 1 token from slot 9
[13:21:26.962] [SEVERE ] player 1 placing token on slot 8
[13:21:26.962] [SEVERE ] player 1 placing token on slot 6
[13:21:27.004] [SEVERE ] removing card from slot 10
[13:21:27.104] [SEVERE ] removing card from slot 11
[13:21:27.104] [SEVERE ] removing all tokens
[13:21:27.205] [SEVERE ] placing card 31 in slot 0
[13:21:27.305] [SEVERE ] placing card 71 in slot 1
[13:21:27.405] [SEVERE ] placing card 5 in slot 2
[13:21:27.505] [SEVERE ] placing card 66 in slot 3
[13:21:27.606] [SEVERE ] placing card 13 in slot 4
[13:21:27.706] [SEVERE ] placing card 46 in slot 5
[13:21:27.806] [SEVERE ] placing card 9 in slot 6
[13:21:27.906] [SEVERE ] placing card 36 in slot 7
[13:21:28.006] [SEVERE ] placing card 43 in slot 8
[13:21:28.107] [SEVERE ] placing card 17 in slot 9
[13:21:28.207] [SEVERE ] placing card 47 in slot 10
[13:21:28.307] [SEVERE ] placing card 56 in slot 11
[13:21:28.307] [INFO   ] Thread Thread-16starting.
[13:21:28.307] [INFO   ] Thread Thread-18starting.
[13:21:28.307] [INFO   ] Thread Thread-17starting.
[13:21:28.307] [SEVERE ] updating countdown to 10000
[13:21:28.309] [INFO   ] Thread computer-1 starting.
[13:21:28.308] [INFO   ] Thread computer-2 starting.
[13:21:28.308] [INFO   ] Thread computer-0 starting.
[13:21:28.310] [SEVERE ] player 3 placing token on slot 6
[13:21:28.311] [SEVERE ] player 3 placing token on slot 10
[13:21:28.312] [SEVERE ] removing player 3 token from slot 10
[13:21:28.310] [SEVERE ] player 2 placing token on slot 3
[13:21:28.312] [SEVERE ] player 3 placing token on slot 10
[13:21:28.311] [SEVERE ] player 1 placing token on slot 3
[13:21:28.313] [SEVERE ] player 3 placing token on slot 9
[13:21:28.312] [SEVERE ] player 2 placing token on slot 6
[13:21:28.313] [SEVERE ] player 1 placing token on slot 4
[13:21:28.314] [SEVERE ] player 2 placing token on slot 5
[13:21:28.315] [SEVERE ] player 1 placing token on slot 8
[13:21:29.309] [SEVERE ] updating countdown to 8998
[13:21:29.309] [SEVERE ] setting player 2 freeze to 3000
[13:21:29.309] [SEVERE ] setting player 2 freeze to 3000
[13:21:30.310] [SEVERE ] updating countdown to 7997
[13:21:30.310] [SEVERE ] setting player 2 freeze to 2000
[13:21:30.311] [SEVERE ] setting player 2 freeze to 2000
[13:21:31.310] [SEVERE ] updating countdown to 6997
[13:21:31.311] [SEVERE ] setting player 2 freeze to 1000
[13:21:31.311] [SEVERE ] setting player 2 freeze to 1000
[13:21:32.310] [SEVERE ] updating countdown to 5997
[13:21:32.311] [SEVERE ] setting player 2 freeze to 0
[13:21:32.311] [SEVERE ] removing player 2 token from slot 3
[13:21:32.311] [SEVERE ] setting player 2 freeze to 0
[13:21:32.311] [SEVERE ] removing player 2 token from slot 6
[13:21:32.312] [SEVERE ] removing player 2 token from slot 5
[13:21:32.313] [SEVERE ] player 2 placing token on slot 5
[13:21:32.313] [SEVERE ] player 2 placing token on slot 2
[13:21:32.313] [SEVERE ] player 2 placing token on slot 10
[13:21:32.314] [SEVERE ] removing player 2 token from slot 2
[13:21:32.315] [SEVERE ] player 2 placing token on slot 4
[13:21:32.315] [SEVERE ] removing player 2 token from slot 4
[13:21:32.316] [SEVERE ] player 2 placing token on slot 4
[13:21:32.316] [SEVERE ] removing player 2 token from slot 10
[13:21:32.317] [SEVERE ] player 2 placing token on slot 8
[13:21:33.310] [SEVERE ] setting player 2 freeze to 3000
[13:21:33.310] [SEVERE ] setting player 2 freeze to 3000
[13:21:33.321] [SEVERE ] setting player 3 freeze to 3000
[13:21:33.371] [SEVERE ] setting player 1 freeze to 3000
[13:21:33.372] [SEVERE ] setting player 1 freeze to 3000
[13:21:34.311] [SEVERE ] setting player 2 freeze to 2000
[13:21:34.311] [SEVERE ] setting player 2 freeze to 2000
[13:21:34.321] [SEVERE ] setting player 3 freeze to 2000
[13:21:34.371] [SEVERE ] setting player 1 freeze to 2000
[13:21:34.372] [SEVERE ] setting player 1 freeze to 2000
[13:21:35.307] [SEVERE ] updating countdown to 3000
[13:21:35.311] [SEVERE ] setting player 2 freeze to 1000
[13:21:35.311] [SEVERE ] setting player 2 freeze to 1000
[13:21:35.321] [SEVERE ] setting player 3 freeze to 1000
[13:21:35.371] [SEVERE ] setting player 1 freeze to 1000
[13:21:35.372] [SEVERE ] setting player 1 freeze to 1000
[13:21:36.311] [SEVERE ] setting player 2 freeze to 0
[13:21:36.311] [SEVERE ] removing player 2 token from slot 8
[13:21:36.311] [SEVERE ] setting player 2 freeze to 0
[13:21:36.311] [SEVERE ] player 2 placing token on slot 1
[13:21:36.312] [SEVERE ] removing player 2 token from slot 5
[13:21:36.313] [SEVERE ] player 2 placing token on slot 2
[13:21:36.313] [SEVERE ] removing player 2 token from slot 4
[13:21:36.314] [SEVERE ] player 2 placing token on slot 10
[13:21:36.314] [SEVERE ] removing player 2 token from slot 10
[13:21:36.314] [SEVERE ] player 2 placing token on slot 9
[13:21:36.315] [SEVERE ] removing player 2 token from slot 2
[13:21:36.315] [SEVERE ] player 2 placing token on slot 6
[13:21:36.316] [SEVERE ] setting player 2 freeze to 3000
[13:21:36.316] [SEVERE ] setting player 2 freeze to 3000
[13:21:36.321] [SEVERE ] setting player 3 freeze to 0
[13:21:36.321] [SEVERE ] removing player 3 token from slot 9
[13:21:36.322] [SEVERE ] player 3 placing token on slot 2
[13:21:36.322] [SEVERE ] removing player 3 token from slot 2
[13:21:36.323] [SEVERE ] player 3 placing token on slot 5
[13:21:36.323] [SEVERE ] removing player 3 token from slot 6
[13:21:36.323] [SEVERE ] player 3 placing token on slot 3
[13:21:36.324] [SEVERE ] removing player 3 token from slot 5
[13:21:36.324] [SEVERE ] removing player 3 token from slot 3
[13:21:36.325] [SEVERE ] player 3 placing token on slot 5
[13:21:36.325] [SEVERE ] removing player 3 token from slot 5
[13:21:36.325] [SEVERE ] player 3 placing token on slot 3
[13:21:36.326] [SEVERE ] player 3 placing token on slot 5
[13:21:36.326] [SEVERE ] removing player 3 token from slot 5
[13:21:36.327] [SEVERE ] removing player 3 token from slot 10
[13:21:36.327] [SEVERE ] player 3 placing token on slot 4
[13:21:36.327] [SEVERE ] player 3 placing token on slot 11
[13:21:36.328] [SEVERE ] removing player 3 token from slot 4
[13:21:36.328] [SEVERE ] removing player 3 token from slot 11
[13:21:36.328] [SEVERE ] removing player 3 token from slot 3
[13:21:36.329] [SEVERE ] player 3 placing token on slot 7
[13:21:36.329] [SEVERE ] player 3 placing token on slot 4
[13:21:36.330] [SEVERE ] player 3 placing token on slot 9
[13:21:36.366] [SEVERE ] setting player 3 freeze to 3000
[13:21:36.372] [SEVERE ] setting player 1 freeze to 0
[13:21:36.372] [SEVERE ] removing player 1 token from slot 8
[13:21:36.372] [SEVERE ] setting player 1 freeze to 0
[13:21:36.372] [SEVERE ] removing player 1 token from slot 3
[13:21:36.373] [SEVERE ] player 1 placing token on slot 6
[13:21:36.373] [SEVERE ] player 1 placing token on slot 11
[13:21:36.374] [SEVERE ] removing player 1 token from slot 6
[13:21:36.374] [SEVERE ] player 1 placing token on slot 7
[13:21:36.375] [SEVERE ] removing player 1 token from slot 11
[13:21:36.375] [SEVERE ] player 1 placing token on slot 9
[13:21:36.375] [SEVERE ] removing player 1 token from slot 4
[13:21:36.376] [SEVERE ] player 1 placing token on slot 5
[13:21:36.376] [SEVERE ] removing player 1 token from slot 9
[13:21:36.377] [SEVERE ] removing player 1 token from slot 5
[13:21:36.377] [SEVERE ] player 1 placing token on slot 9
[13:21:36.377] [SEVERE ] player 1 placing token on slot 4
[13:21:36.378] [SEVERE ] removing player 1 token from slot 7
[13:21:36.378] [SEVERE ] player 1 placing token on slot 6
[13:21:36.427] [SEVERE ] updating countdown to 10000
[13:21:36.427] [SEVERE ] removing player 1 token from slot 9
[13:21:36.427] [SEVERE ] removing player 1 token from slot 9
[13:21:36.428] [SEVERE ] removing player 1 token from slot 9
[13:21:36.427] [SEVERE ] removing player 1 token from slot 4
[13:21:36.429] [SEVERE ] removing player 1 token from slot 9
[13:21:36.428] [SEVERE ] removing player 1 token from slot 9
[13:21:36.429] [SEVERE ] setting player 1 score to 1
[13:21:36.430] [SEVERE ] removing player 1 token from slot 9
[13:21:36.430] [SEVERE ] setting player 1 freeze to 1000
[13:21:36.431] [SEVERE ] setting player 1 score to 1
[13:21:36.431] [SEVERE ] setting player 1 freeze to 0
[13:21:36.432] [SEVERE ] setting player 1 freeze to 1000
[13:21:36.432] [SEVERE ] removing player 1 token from slot 4
[13:21:36.433] [SEVERE ] setting player 1 freeze to 0
[13:21:36.433] [SEVERE ] player 1 placing token on slot 8
[13:21:36.529] [SEVERE ] removing card from slot 4
[13:21:36.529] [SEVERE ] removing player 1 token from slot 6
[13:21:36.630] [SEVERE ] removing card from slot 6
[13:21:36.630] [SEVERE ] removing player 1 token from slot 8
[13:21:36.730] [SEVERE ] removing card from slot 8
[13:21:36.730] [SEVERE ] removing player 1 token from slot 9
[13:21:36.831] [SEVERE ] removing card from slot 9
[13:21:36.831] [INFO   ] thread dealer terminated.
[13:21:37.316] [SEVERE ] setting player 2 freeze to 2000
[13:21:37.317] [SEVERE ] setting player 2 freeze to 2000
[13:21:37.366] [SEVERE ] setting player 3 freeze to 2000
[13:21:38.316] [SEVERE ] setting player 2 freeze to 1000
[13:21:38.317] [SEVERE ] setting player 2 freeze to 1000
[13:21:38.367] [SEVERE ] setting player 3 freeze to 1000
[13:21:39.317] [SEVERE ] setting player 2 freeze to 0
[13:21:39.317] [SEVERE ] removing player 2 token from slot 6
[13:21:39.317] [SEVERE ] setting player 2 freeze to 0
[13:21:39.317] [SEVERE ] player 2 placing token on slot 3
[13:21:39.318] [SEVERE ] removing player 2 token from slot 3
[13:21:39.319] [SEVERE ] player 2 placing token on slot 7
[13:21:39.319] [SEVERE ] removing player 2 token from slot 7
[13:21:39.320] [SEVERE ] player 2 placing token on slot 2
[13:21:39.320] [SEVERE ] removing player 2 token from slot 9
[13:21:39.320] [SEVERE ] player 2 placing token on slot 9
[13:21:39.321] [SEVERE ] removing player 2 token from slot 9
[13:21:39.321] [SEVERE ] player 2 placing token on slot 10
[13:21:39.321] [SEVERE ] removing player 2 token from slot 10
[13:21:39.322] [SEVERE ] removing player 2 token from slot 2
[13:21:39.322] [SEVERE ] player 2 placing token on slot 5
[13:21:39.323] [SEVERE ] player 2 placing token on slot 3
[13:21:39.367] [SEVERE ] setting player 3 freeze to 0
[13:21:39.367] [SEVERE ] removing player 3 token from slot 9
[13:21:39.367] [SEVERE ] player 3 placing token on slot 6
[13:21:39.367] [SEVERE ] removing player 3 token from slot 4
[13:21:39.367] [SEVERE ] player 3 placing token on slot 8
[13:21:39.367] [SEVERE ] removing player 3 token from slot 7
[13:21:39.367] [SEVERE ] player 3 placing token on slot 10
[13:21:39.367] [SEVERE ] removing player 3 token from slot 8
[13:21:39.367] [SEVERE ] player 3 placing token on slot 1
[13:21:39.367] [SEVERE ] removing player 3 token from slot 1
[13:21:39.367] [SEVERE ] removing player 3 token from slot 6
[13:21:39.367] [SEVERE ] player 3 placing token on slot 5
[13:21:39.367] [SEVERE ] removing player 3 token from slot 5
[13:21:39.367] [SEVERE ] player 3 placing token on slot 9
[13:21:39.367] [SEVERE ] player 3 placing token on slot 8
[13:21:39.368] [SEVERE ] removing player 3 token from slot 8
[13:21:39.368] [SEVERE ] player 3 placing token on slot 5
[13:21:41.832] [SEVERE ] thanks for playing... it was fun!
[13:21:41.832] [INFO   ] thread main terminated.
[13:21:41.832] [SEVERE ] disposing of user interface elements
