[13:50:21.544] [INFO   ] thread main starting.
[13:50:21.552] [SEVERE ] cannot read configuration file config.properties trying from resources.
[13:50:21.553] [SEVERE ] configuration file was loaded from resources directory.
[13:50:21.918] [INFO   ] thread dealer starting.
[13:50:21.919] [INFO   ] Thread dealer starting.
[13:50:22.025] [SEVERE ] placing card 35 in slot 0
[13:50:22.127] [SEVERE ] placing card 47 in slot 1
[13:50:22.227] [SEVERE ] placing card 32 in slot 2
[13:50:22.328] [SEVERE ] placing card 27 in slot 3
[13:50:22.429] [SEVERE ] placing card 7 in slot 4
[13:50:22.531] [SEVERE ] placing card 75 in slot 5
[13:50:22.632] [SEVERE ] placing card 16 in slot 6
[13:50:22.733] [SEVERE ] placing card 10 in slot 7
[13:50:22.834] [SEVERE ] placing card 4 in slot 8
[13:50:22.935] [SEVERE ] placing card 3 in slot 9
[13:50:23.036] [SEVERE ] placing card 17 in slot 10
[13:50:23.137] [SEVERE ] placing card 8 in slot 11
[13:50:23.139] [INFO   ] Thread Thread-1starting.
[13:50:23.139] [INFO   ] Thread Thread-4starting.
[13:50:23.139] [SEVERE ] updating countdown to 30000
[13:50:23.139] [INFO   ] Thread Thread-3starting.
[13:50:23.142] [INFO   ] Thread computer-3 starting.
[13:50:23.139] [INFO   ] Thread Thread-2starting.
[13:50:23.143] [INFO   ] Thread computer-2 starting.
[13:50:23.145] [SEVERE ] player 3 placing token on slot 0
[13:50:23.146] [SEVERE ] player 4 placing token on slot 4
[13:50:23.147] [SEVERE ] player 3 placing token on slot 6
[13:50:23.148] [SEVERE ] player 4 placing token on slot 5
[13:50:23.142] [INFO   ] Thread computer-0 starting.
[13:50:23.149] [SEVERE ] player 3 placing token on slot 2
[13:50:23.151] [INFO   ] Thread computer-1 starting.
[13:50:23.152] [SEVERE ] player 1 placing token on slot 3
[13:50:23.155] [SEVERE ] player 4 placing token on slot 9
[13:50:23.156] [SEVERE ] player 1 placing token on slot 5
[13:50:23.175] [SEVERE ] player 2 placing token on slot 8
[13:50:23.175] [SEVERE ] player 1 placing token on slot 6
[13:50:23.191] [SEVERE ] player 2 placing token on slot 7
[13:50:23.191] [SEVERE ] player 2 placing token on slot 2
[13:50:24.144] [SEVERE ] updating countdown to 28995
[13:50:24.144] [SEVERE ] setting player 3 freeze to 0
[13:50:24.145] [SEVERE ] setting player 3 freeze to 0
[13:50:24.146] [SEVERE ] setting player 3 freeze to 0
[13:50:24.146] [SEVERE ] setting player 3 freeze to 0
[13:50:24.147] [SEVERE ] removing player 3 token from slot 0
[13:50:24.147] [SEVERE ] player 3 placing token on slot 9
[13:50:25.145] [SEVERE ] updating countdown to 27994
[13:50:25.145] [SEVERE ] setting player 4 freeze to 0
[13:50:25.146] [SEVERE ] setting player 4 freeze to 0
[13:50:25.146] [SEVERE ] setting player 4 freeze to 0
[13:50:25.147] [SEVERE ] setting player 4 freeze to 0
[13:50:25.147] [SEVERE ] removing player 4 token from slot 5
[13:50:25.147] [SEVERE ] removing player 4 token from slot 4
[13:50:25.148] [SEVERE ] player 4 placing token on slot 1
[13:50:25.149] [SEVERE ] removing player 4 token from slot 9
[13:50:25.149] [SEVERE ] player 4 placing token on slot 8
[13:50:25.149] [SEVERE ] player 4 placing token on slot 5
[13:50:26.146] [SEVERE ] updating countdown to 26993
[13:50:26.146] [SEVERE ] setting player 1 freeze to 0
[13:50:26.146] [SEVERE ] setting player 1 freeze to 0
[13:50:26.147] [SEVERE ] setting player 1 freeze to 0
[13:50:26.147] [SEVERE ] setting player 1 freeze to 0
[13:50:26.148] [SEVERE ] removing player 1 token from slot 5
[13:50:26.149] [SEVERE ] player 1 placing token on slot 10
[13:50:27.146] [SEVERE ] setting player 2 freeze to 0
[13:50:27.146] [SEVERE ] updating countdown to 25993
[13:50:27.147] [SEVERE ] setting player 2 freeze to 0
[13:50:27.148] [SEVERE ] setting player 2 freeze to 0
[13:50:27.148] [SEVERE ] setting player 2 freeze to 0
[13:50:27.149] [SEVERE ] removing player 2 token from slot 7
[13:50:27.149] [SEVERE ] removing player 2 token from slot 8
[13:50:27.150] [SEVERE ] player 2 placing token on slot 0
[13:50:27.150] [SEVERE ] player 2 placing token on slot 11
[13:50:28.147] [SEVERE ] updating countdown to 24992
[13:50:28.147] [SEVERE ] setting player 3 freeze to 0
[13:50:28.149] [SEVERE ] setting player 3 freeze to 0
[13:50:28.149] [SEVERE ] setting player 3 freeze to 0
[13:50:28.150] [SEVERE ] setting player 3 freeze to 0
[13:50:28.150] [SEVERE ] removing player 3 token from slot 9
[13:50:28.151] [SEVERE ] removing player 3 token from slot 2
[13:50:28.151] [SEVERE ] player 3 placing token on slot 4
[13:50:28.151] [SEVERE ] player 3 placing token on slot 5
[13:50:29.148] [SEVERE ] setting player 4 freeze to 0
[13:50:29.148] [SEVERE ] updating countdown to 23991
[13:50:29.149] [SEVERE ] setting player 4 freeze to 0
[13:50:29.150] [SEVERE ] setting player 4 freeze to 0
[13:50:29.151] [SEVERE ] setting player 4 freeze to 0
[13:50:29.151] [SEVERE ] removing player 4 token from slot 1
[13:50:29.152] [SEVERE ] player 4 placing token on slot 7
[13:50:30.150] [SEVERE ] updating countdown to 22989
[13:50:30.150] [SEVERE ] setting player 1 freeze to 0
[13:50:30.150] [SEVERE ] setting player 1 freeze to 0
[13:50:30.151] [SEVERE ] setting player 1 freeze to 0
[13:50:30.151] [SEVERE ] setting player 1 freeze to 0
[13:50:30.152] [SEVERE ] removing player 1 token from slot 3
[13:50:30.152] [SEVERE ] player 1 placing token on slot 1
[13:50:31.150] [SEVERE ] updating countdown to 21989
[13:50:31.150] [SEVERE ] setting player 2 freeze to 0
[13:50:31.151] [SEVERE ] setting player 2 freeze to 0
[13:50:31.151] [SEVERE ] setting player 2 freeze to 0
[13:50:31.152] [SEVERE ] setting player 2 freeze to 0
[13:50:31.152] [SEVERE ] removing player 2 token from slot 2
[13:50:31.153] [SEVERE ] removing player 2 token from slot 0
[13:50:31.153] [SEVERE ] player 2 placing token on slot 9
[13:50:31.154] [SEVERE ] player 2 placing token on slot 10
[13:50:32.151] [SEVERE ] updating countdown to 20988
[13:50:32.151] [SEVERE ] setting player 3 freeze to 0
[13:50:32.152] [SEVERE ] setting player 3 freeze to 0
[13:50:32.152] [SEVERE ] setting player 3 freeze to 0
[13:50:32.153] [SEVERE ] setting player 3 freeze to 0
[13:50:32.153] [SEVERE ] removing player 3 token from slot 4
[13:50:32.153] [SEVERE ] removing player 3 token from slot 6
[13:50:32.154] [SEVERE ] player 3 placing token on slot 10
[13:50:32.154] [SEVERE ] player 3 placing token on slot 8
[13:50:33.151] [SEVERE ] setting player 4 freeze to 0
[13:50:33.151] [SEVERE ] updating countdown to 19988
[13:50:33.151] [SEVERE ] setting player 4 freeze to 0
[13:50:33.153] [SEVERE ] setting player 4 freeze to 0
[13:50:33.153] [SEVERE ] setting player 4 freeze to 0
[13:50:33.153] [SEVERE ] removing player 4 token from slot 5
[13:50:33.154] [SEVERE ] player 4 placing token on slot 4
[13:50:34.152] [SEVERE ] updating countdown to 18987
[13:50:34.152] [SEVERE ] setting player 1 freeze to 0
[13:50:34.153] [SEVERE ] setting player 1 freeze to 0
[13:50:34.154] [SEVERE ] setting player 1 freeze to 0
[13:50:34.154] [SEVERE ] setting player 1 freeze to 0
[13:50:34.155] [SEVERE ] removing player 1 token from slot 1
[13:50:34.155] [SEVERE ] player 1 placing token on slot 8
[13:50:35.153] [SEVERE ] updating countdown to 17986
[13:50:35.153] [SEVERE ] setting player 2 freeze to 0
[13:50:35.154] [SEVERE ] setting player 2 freeze to 0
[13:50:35.155] [SEVERE ] setting player 2 freeze to 0
[13:50:35.155] [SEVERE ] setting player 2 freeze to 0
[13:50:35.158] [SEVERE ] removing player 2 token from slot 11
[13:50:35.160] [SEVERE ] player 2 placing token on slot 7
[13:50:36.153] [SEVERE ] updating countdown to 16986
[13:50:36.153] [SEVERE ] setting player 3 freeze to 0
[13:50:36.154] [SEVERE ] setting player 3 freeze to 0
[13:50:36.155] [SEVERE ] setting player 3 freeze to 0
[13:50:36.155] [SEVERE ] setting player 3 freeze to 0
[13:50:36.156] [SEVERE ] removing player 3 token from slot 8
[13:50:36.156] [SEVERE ] player 3 placing token on slot 0
[13:50:37.154] [SEVERE ] updating countdown to 15985
[13:50:37.154] [SEVERE ] setting player 4 freeze to 0
[13:50:37.155] [SEVERE ] setting player 4 freeze to 0
[13:50:37.155] [SEVERE ] setting player 4 freeze to 0
[13:50:37.156] [SEVERE ] setting player 4 freeze to 0
[13:50:37.156] [SEVERE ] removing player 4 token from slot 8
[13:50:37.157] [SEVERE ] player 4 placing token on slot 1
[13:50:38.155] [SEVERE ] updating countdown to 14984
[13:50:38.155] [SEVERE ] setting player 1 freeze to 0
[13:50:38.155] [SEVERE ] setting player 1 freeze to 0
[13:50:38.156] [SEVERE ] setting player 1 freeze to 0
[13:50:38.156] [SEVERE ] setting player 1 freeze to 0
[13:50:38.156] [SEVERE ] removing player 1 token from slot 10
[13:50:38.157] [SEVERE ] player 1 placing token on slot 9
[13:50:39.155] [SEVERE ] updating countdown to 13984
[13:50:39.155] [SEVERE ] setting player 2 freeze to 0
[13:50:39.156] [SEVERE ] setting player 2 freeze to 0
[13:50:39.156] [SEVERE ] setting player 2 freeze to 0
[13:50:39.157] [SEVERE ] setting player 2 freeze to 0
[13:50:39.157] [SEVERE ] removing player 2 token from slot 7
[13:50:39.157] [SEVERE ] player 2 placing token on slot 6
[13:50:40.156] [SEVERE ] updating countdown to 12983
[13:50:40.156] [SEVERE ] setting player 3 freeze to 0
[13:50:40.156] [SEVERE ] setting player 3 freeze to 0
[13:50:40.157] [SEVERE ] setting player 3 freeze to 0
[13:50:40.157] [SEVERE ] setting player 3 freeze to 0
[13:50:40.158] [SEVERE ] removing player 3 token from slot 5
[13:50:40.158] [SEVERE ] player 3 placing token on slot 8
[13:50:41.156] [SEVERE ] updating countdown to 11983
[13:50:41.156] [SEVERE ] setting player 4 freeze to 0
[13:50:41.157] [SEVERE ] setting player 4 freeze to 0
[13:50:41.157] [SEVERE ] setting player 4 freeze to 0
[13:50:41.158] [SEVERE ] setting player 4 freeze to 0
[13:50:41.158] [SEVERE ] removing player 4 token from slot 7
[13:50:41.159] [SEVERE ] removing player 4 token from slot 4
[13:50:41.159] [SEVERE ] player 4 placing token on slot 11
[13:50:41.160] [SEVERE ] player 4 placing token on slot 0
[13:50:42.157] [SEVERE ] updating countdown to 10982
[13:50:42.157] [SEVERE ] setting player 1 freeze to 0
[13:50:42.158] [SEVERE ] setting player 1 freeze to 0
[13:50:42.158] [SEVERE ] setting player 1 freeze to 0
[13:50:42.158] [SEVERE ] setting player 1 freeze to 0
[13:50:42.159] [SEVERE ] removing player 1 token from slot 9
[13:50:42.159] [SEVERE ] removing player 1 token from slot 8
[13:50:42.160] [SEVERE ] player 1 placing token on slot 8
[13:50:42.160] [SEVERE ] player 1 placing token on slot 2
[13:50:43.157] [SEVERE ] updating countdown to 9982
[13:50:43.157] [SEVERE ] setting player 2 freeze to 0
[13:50:43.158] [SEVERE ] setting player 2 freeze to 0
[13:50:43.159] [SEVERE ] setting player 2 freeze to 0
[13:50:43.159] [SEVERE ] setting player 2 freeze to 0
[13:50:43.160] [SEVERE ] removing player 2 token from slot 10
[13:50:43.161] [SEVERE ] removing player 2 token from slot 6
[13:50:43.161] [SEVERE ] player 2 placing token on slot 2
[13:50:43.162] [SEVERE ] player 2 placing token on slot 11
[13:50:44.158] [SEVERE ] updating countdown to 8981
[13:50:44.158] [SEVERE ] setting player 3 freeze to 0
[13:50:44.159] [SEVERE ] setting player 3 freeze to 0
[13:50:44.159] [SEVERE ] setting player 3 freeze to 0
[13:50:44.160] [SEVERE ] setting player 3 freeze to 0
[13:50:44.160] [SEVERE ] removing player 3 token from slot 10
[13:50:44.161] [SEVERE ] player 3 placing token on slot 5
[13:50:45.159] [SEVERE ] updating countdown to 7980
[13:50:45.159] [SEVERE ] setting player 4 freeze to 0
[13:50:45.159] [SEVERE ] setting player 4 freeze to 0
[13:50:45.160] [SEVERE ] setting player 4 freeze to 0
[13:50:45.160] [SEVERE ] setting player 4 freeze to 0
[13:50:45.161] [SEVERE ] removing player 4 token from slot 11
[13:50:45.161] [SEVERE ] player 4 placing token on slot 10
[13:50:46.159] [SEVERE ] setting player 1 freeze to 0
[13:50:46.159] [SEVERE ] updating countdown to 6980
[13:50:46.159] [SEVERE ] setting player 1 freeze to 0
[13:50:46.160] [SEVERE ] setting player 1 freeze to 0
[13:50:46.161] [SEVERE ] setting player 1 freeze to 0
[13:50:46.161] [SEVERE ] removing player 1 token from slot 6
[13:50:46.162] [SEVERE ] removing player 1 token from slot 2
[13:50:46.162] [SEVERE ] player 1 placing token on slot 3
[13:50:46.163] [SEVERE ] player 1 placing token on slot 9
[13:50:47.160] [SEVERE ] updating countdown to 5979
[13:50:47.160] [SEVERE ] setting player 2 freeze to 0
[13:50:47.161] [SEVERE ] setting player 2 freeze to 0
[13:50:47.161] [SEVERE ] setting player 2 freeze to 0
[13:50:47.162] [SEVERE ] setting player 2 freeze to 0
[13:50:47.162] [SEVERE ] removing player 2 token from slot 11
[13:50:47.163] [SEVERE ] player 2 placing token on slot 7
[13:50:48.161] [SEVERE ] setting player 3 freeze to 0
[13:50:48.161] [SEVERE ] setting player 3 freeze to 0
[13:50:48.161] [SEVERE ] setting player 3 freeze to 0
[13:50:48.162] [SEVERE ] setting player 3 freeze to 0
[13:50:48.162] [SEVERE ] removing player 3 token from slot 0
[13:50:48.163] [SEVERE ] player 3 placing token on slot 7
[13:50:48.172] [SEVERE ] setting player 4 freeze to 0
[13:50:48.172] [SEVERE ] setting player 4 freeze to 0
[13:50:48.173] [SEVERE ] setting player 4 freeze to 0
[13:50:48.173] [SEVERE ] setting player 4 freeze to 0
[13:50:48.174] [SEVERE ] removing player 4 token from slot 1
[13:50:48.174] [SEVERE ] player 4 placing token on slot 2
[13:50:48.182] [SEVERE ] setting player 1 freeze to 0
[13:50:48.183] [SEVERE ] setting player 1 freeze to 0
[13:50:48.183] [SEVERE ] setting player 1 freeze to 0
[13:50:48.184] [SEVERE ] setting player 1 freeze to 0
[13:50:48.184] [SEVERE ] removing player 1 token from slot 8
[13:50:48.184] [SEVERE ] player 1 placing token on slot 11
[13:50:48.193] [SEVERE ] setting player 2 freeze to 0
[13:50:48.193] [SEVERE ] setting player 2 freeze to 0
[13:50:48.193] [SEVERE ] setting player 2 freeze to 0
[13:50:48.194] [SEVERE ] setting player 2 freeze to 0
[13:50:48.194] [SEVERE ] removing player 2 token from slot 7
[13:50:48.195] [SEVERE ] player 2 placing token on slot 8
[13:50:48.203] [SEVERE ] setting player 3 freeze to 0
[13:50:48.203] [SEVERE ] setting player 3 freeze to 0
[13:50:48.204] [SEVERE ] setting player 3 freeze to 0
[13:50:48.204] [SEVERE ] setting player 3 freeze to 0
[13:50:48.204] [SEVERE ] removing player 3 token from slot 8
[13:50:48.205] [SEVERE ] removing player 3 token from slot 7
[13:50:48.205] [SEVERE ] player 3 placing token on slot 8
[13:50:48.206] [SEVERE ] player 3 placing token on slot 11
[13:50:48.213] [SEVERE ] setting player 4 freeze to 0
[13:50:48.213] [SEVERE ] setting player 4 freeze to 0
[13:50:48.214] [SEVERE ] setting player 4 freeze to 0
[13:50:48.214] [SEVERE ] setting player 4 freeze to 0
[13:50:48.215] [SEVERE ] removing player 4 token from slot 2
[13:50:48.215] [SEVERE ] player 4 placing token on slot 7
[13:50:48.224] [SEVERE ] setting player 1 freeze to 0
[13:50:48.224] [SEVERE ] setting player 1 freeze to 0
[13:50:48.224] [SEVERE ] setting player 1 freeze to 0
[13:50:48.225] [SEVERE ] setting player 1 freeze to 0
[13:50:48.225] [SEVERE ] removing player 1 token from slot 3
[13:50:48.226] [SEVERE ] player 1 placing token on slot 1
[13:50:48.234] [SEVERE ] setting player 2 freeze to 0
[13:50:48.234] [SEVERE ] setting player 2 freeze to 0
[13:50:48.234] [SEVERE ] setting player 2 freeze to 0
[13:50:48.235] [SEVERE ] setting player 2 freeze to 0
[13:50:48.235] [SEVERE ] removing player 2 token from slot 8
[13:50:48.236] [SEVERE ] player 2 placing token on slot 11
[13:50:48.244] [SEVERE ] setting player 3 freeze to 0
[13:50:48.244] [SEVERE ] setting player 3 freeze to 0
[13:50:48.245] [SEVERE ] setting player 3 freeze to 0
[13:50:48.245] [SEVERE ] setting player 3 freeze to 0
[13:50:48.246] [SEVERE ] removing player 3 token from slot 5
[13:50:48.254] [SEVERE ] setting player 4 freeze to 0
[13:50:48.258] [SEVERE ] player 3 placing token on slot 2
[13:50:48.259] [SEVERE ] setting player 4 freeze to 0
[13:50:48.260] [SEVERE ] setting player 4 freeze to 0
[13:50:48.260] [SEVERE ] setting player 4 freeze to 0
[13:50:48.261] [SEVERE ] removing player 4 token from slot 0
[13:50:48.261] [SEVERE ] removing player 4 token from slot 7
[13:50:48.261] [SEVERE ] removing player 4 token from slot 10
[13:50:48.262] [SEVERE ] player 4 placing token on slot 8
[13:50:48.262] [SEVERE ] player 4 placing token on slot 4
[13:50:48.263] [SEVERE ] player 4 placing token on slot 7
[13:50:48.265] [SEVERE ] setting player 1 freeze to 0
[13:50:48.265] [SEVERE ] setting player 1 freeze to 0
[13:50:48.265] [SEVERE ] setting player 1 freeze to 0
[13:50:48.266] [SEVERE ] setting player 1 freeze to 0
[13:50:48.266] [SEVERE ] removing player 1 token from slot 1
[13:50:48.266] [SEVERE ] player 1 placing token on slot 7
[13:50:48.275] [SEVERE ] setting player 2 freeze to 0
[13:50:48.275] [SEVERE ] setting player 2 freeze to 0
[13:50:48.275] [SEVERE ] setting player 2 freeze to 0
[13:50:48.276] [SEVERE ] setting player 2 freeze to 0
[13:50:48.276] [SEVERE ] removing player 2 token from slot 9
[13:50:48.277] [SEVERE ] removing player 2 token from slot 11
[13:50:48.277] [SEVERE ] player 2 placing token on slot 5
[13:50:48.278] [SEVERE ] player 2 placing token on slot 7
[13:50:48.285] [SEVERE ] setting player 3 freeze to 0
[13:50:48.285] [SEVERE ] setting player 3 freeze to 0
[13:50:48.286] [SEVERE ] setting player 3 freeze to 0
[13:50:48.286] [SEVERE ] setting player 3 freeze to 0
[13:50:48.286] [SEVERE ] removing player 3 token from slot 8
[13:50:48.287] [SEVERE ] player 3 placing token on slot 7
[13:50:48.295] [SEVERE ] setting player 4 freeze to 0
[13:50:48.295] [SEVERE ] setting player 4 freeze to 0
[13:50:48.296] [SEVERE ] setting player 4 freeze to 0
[13:50:48.296] [SEVERE ] setting player 4 freeze to 0
[13:50:48.297] [SEVERE ] removing player 4 token from slot 8
[13:50:48.297] [SEVERE ] player 4 placing token on slot 6
[13:50:48.306] [SEVERE ] setting player 1 freeze to 0
[13:50:48.306] [SEVERE ] setting player 1 freeze to 0
[13:50:48.306] [SEVERE ] setting player 1 freeze to 0
[13:50:48.307] [SEVERE ] setting player 1 freeze to 0
[13:50:48.307] [SEVERE ] removing player 1 token from slot 7
[13:50:48.308] [SEVERE ] player 1 placing token on slot 3
[13:50:48.316] [SEVERE ] setting player 2 freeze to 0
[13:50:48.316] [SEVERE ] setting player 2 freeze to 0
[13:50:48.316] [SEVERE ] setting player 2 freeze to 0
[13:50:48.317] [SEVERE ] setting player 2 freeze to 0
[13:50:48.317] [SEVERE ] removing player 2 token from slot 7
[13:50:48.318] [SEVERE ] removing player 2 token from slot 2
[13:50:48.318] [SEVERE ] player 2 placing token on slot 8
[13:50:48.319] [SEVERE ] player 2 placing token on slot 2
[13:50:48.326] [SEVERE ] setting player 3 freeze to 0
[13:50:48.326] [SEVERE ] setting player 3 freeze to 0
[13:50:48.327] [SEVERE ] setting player 3 freeze to 0
[13:50:48.327] [SEVERE ] setting player 3 freeze to 0
[13:50:48.328] [SEVERE ] removing player 3 token from slot 2
[13:50:48.328] [SEVERE ] player 3 placing token on slot 2
[13:50:48.336] [SEVERE ] setting player 4 freeze to 0
[13:50:48.336] [SEVERE ] setting player 4 freeze to 0
[13:50:48.337] [SEVERE ] setting player 4 freeze to 0
[13:50:48.338] [SEVERE ] setting player 4 freeze to 0
[13:50:48.338] [SEVERE ] removing player 4 token from slot 7
[13:50:48.339] [SEVERE ] removing player 4 token from slot 4
[13:50:48.339] [SEVERE ] player 4 placing token on slot 3
[13:50:48.339] [SEVERE ] player 4 placing token on slot 2
[13:50:48.347] [SEVERE ] setting player 1 freeze to 0
[13:50:48.347] [SEVERE ] setting player 1 freeze to 0
[13:50:48.347] [SEVERE ] setting player 1 freeze to 0
[13:50:48.348] [SEVERE ] setting player 1 freeze to 0
[13:50:48.349] [SEVERE ] removing player 1 token from slot 9
[13:50:48.350] [SEVERE ] player 1 placing token on slot 0
[13:50:48.357] [SEVERE ] setting player 2 freeze to 0
[13:50:48.357] [SEVERE ] setting player 2 freeze to 0
[13:50:48.358] [SEVERE ] setting player 2 freeze to 0
[13:50:48.359] [SEVERE ] setting player 2 freeze to 0
[13:50:48.360] [SEVERE ] removing player 2 token from slot 2
[13:50:48.361] [SEVERE ] removing player 2 token from slot 5
[13:50:48.362] [SEVERE ] player 2 placing token on slot 11
[13:50:48.363] [SEVERE ] removing player 2 token from slot 11
[13:50:48.365] [SEVERE ] player 2 placing token on slot 2
[13:50:48.366] [SEVERE ] player 2 placing token on slot 1
[13:50:48.367] [SEVERE ] setting player 3 freeze to 0
[13:50:48.368] [SEVERE ] setting player 3 freeze to 0
[13:50:48.370] [SEVERE ] setting player 3 freeze to 0
[13:50:48.371] [SEVERE ] setting player 3 freeze to 0
[13:50:48.372] [SEVERE ] removing player 3 token from slot 7
[13:50:48.374] [SEVERE ] player 3 placing token on slot 5
[13:50:48.377] [SEVERE ] setting player 4 freeze to 0
[13:50:48.377] [SEVERE ] setting player 4 freeze to 0
[13:50:48.379] [SEVERE ] setting player 4 freeze to 0
[13:50:48.380] [SEVERE ] setting player 4 freeze to 0
[13:50:48.382] [SEVERE ] removing player 4 token from slot 2
[13:50:48.383] [SEVERE ] player 4 placing token on slot 2
[13:50:48.388] [SEVERE ] setting player 1 freeze to 0
[13:50:48.388] [SEVERE ] setting player 1 freeze to 0
[13:50:48.389] [SEVERE ] setting player 1 freeze to 0
[13:50:48.391] [SEVERE ] setting player 1 freeze to 0
[13:50:48.392] [SEVERE ] removing player 1 token from slot 3
[13:50:48.394] [SEVERE ] player 1 placing token on slot 3
[13:50:48.398] [SEVERE ] setting player 2 freeze to 0
[13:50:48.398] [SEVERE ] setting player 2 freeze to 0
[13:50:48.399] [SEVERE ] setting player 2 freeze to 0
[13:50:48.401] [SEVERE ] setting player 2 freeze to 0
[13:50:48.428] [SEVERE ] setting player 1 freeze to 0
[13:50:48.418] [SEVERE ] setting player 4 freeze to 0
[13:50:48.408] [SEVERE ] setting player 3 freeze to 0
[13:50:48.560] [SEVERE ] setting player 4 freeze to 0
[13:50:48.558] [SEVERE ] setting player 1 freeze to 0
[13:50:48.557] [SEVERE ] removing player 2 token from slot 1
[13:50:48.562] [SEVERE ] setting player 1 freeze to 0
[13:50:48.561] [SEVERE ] setting player 4 freeze to 0
[13:50:48.560] [SEVERE ] setting player 3 freeze to 0
[13:50:48.565] [SEVERE ] setting player 4 freeze to 0
[13:50:48.563] [SEVERE ] setting player 1 freeze to 0
[13:50:48.563] [SEVERE ] player 2 placing token on slot 5
[13:50:48.566] [SEVERE ] setting player 3 freeze to 0
[13:50:48.569] [SEVERE ] removing player 1 token from slot 0
[13:50:48.570] [SEVERE ] setting player 3 freeze to 0
[13:50:48.571] [SEVERE ] removing player 4 token from slot 3
[13:50:48.573] [SEVERE ] removing player 3 token from slot 11
[13:50:48.574] [SEVERE ] removing player 4 token from slot 2
[13:50:48.575] [SEVERE ] player 3 placing token on slot 7
[13:50:48.576] [SEVERE ] player 4 placing token on slot 0
[13:50:48.577] [SEVERE ] player 4 placing token on slot 4
[13:50:48.581] [SEVERE ] setting player 2 freeze to 0
[13:50:48.581] [SEVERE ] setting player 2 freeze to 0
[13:50:48.582] [SEVERE ] setting player 2 freeze to 0
[13:50:48.583] [SEVERE ] setting player 2 freeze to 0
[13:50:48.585] [SEVERE ] removing player 2 token from slot 2
[13:50:48.586] [SEVERE ] player 2 placing token on slot 0
[13:50:48.591] [SEVERE ] setting player 3 freeze to 0
[13:50:48.591] [SEVERE ] setting player 3 freeze to 0
[13:50:48.594] [SEVERE ] setting player 3 freeze to 0
[13:50:48.595] [SEVERE ] setting player 3 freeze to 0
[13:50:48.596] [SEVERE ] removing player 3 token from slot 5
[13:50:48.598] [SEVERE ] player 3 placing token on slot 3
[13:50:48.602] [SEVERE ] setting player 4 freeze to 0
[13:50:48.602] [SEVERE ] setting player 4 freeze to 0
[13:50:48.622] [SEVERE ] setting player 3 freeze to 0
[13:50:48.612] [SEVERE ] setting player 2 freeze to 0
[13:50:48.635] [SEVERE ] setting player 3 freeze to 0
[13:50:48.634] [SEVERE ] setting player 4 freeze to 0
[13:50:48.636] [SEVERE ] setting player 3 freeze to 0
[13:50:48.636] [SEVERE ] setting player 2 freeze to 0
[13:50:48.637] [SEVERE ] setting player 3 freeze to 0
[13:50:48.636] [SEVERE ] setting player 4 freeze to 0
[13:50:48.637] [SEVERE ] setting player 2 freeze to 0
[13:50:48.638] [SEVERE ] removing player 4 token from slot 6
[13:50:48.639] [SEVERE ] setting player 2 freeze to 0
[13:50:48.639] [SEVERE ] player 4 placing token on slot 8
[13:50:48.654] [SEVERE ] removing player 2 token from slot 8
[13:50:48.655] [SEVERE ] player 2 placing token on slot 7
[13:50:48.658] [SEVERE ] setting player 4 freeze to 0
[13:50:48.658] [SEVERE ] setting player 4 freeze to 0
[13:50:48.659] [SEVERE ] setting player 4 freeze to 0
[13:50:48.659] [SEVERE ] setting player 4 freeze to 0
[13:50:48.660] [SEVERE ] removing player 4 token from slot 8
[13:50:48.660] [SEVERE ] player 4 placing token on slot 6
[13:50:48.668] [SEVERE ] updating countdown to 30000
[13:50:48.668] [SEVERE ] setting player 2 score to 1
[13:50:48.669] [SEVERE ] removing player 2 token from slot 0
[13:50:48.669] [SEVERE ] setting player 2 freeze to 0
[13:50:48.670] [SEVERE ] setting player 2 freeze to 0
[13:50:48.670] [SEVERE ] removing player 2 token from slot 7
[13:50:48.671] [SEVERE ] player 2 placing token on slot 8
