[20:13:43.982] [INFO   ] thread main starting.
[20:13:43.989] [SEVERE ] cannot read configuration file config.properties trying from resources.
[20:13:43.991] [SEVERE ] configuration file was loaded from resources directory.
[20:13:44.369] [INFO   ] thread dealer starting.
[20:13:44.373] [INFO   ] Thread dealer starting.
[20:13:44.479] [SEVERE ] placing card 38 in slot 0
[20:13:44.580] [SEVERE ] placing card 17 in slot 1
[20:13:44.681] [SEVERE ] placing card 78 in slot 2
[20:13:44.781] [SEVERE ] placing card 3 in slot 3
[20:13:44.882] [SEVERE ] placing card 31 in slot 4
[20:13:44.982] [SEVERE ] placing card 32 in slot 5
[20:13:45.083] [SEVERE ] placing card 64 in slot 6
[20:13:45.184] [SEVERE ] placing card 63 in slot 7
[20:13:45.285] [SEVERE ] placing card 61 in slot 8
[20:13:45.386] [SEVERE ] placing card 66 in slot 9
[20:13:45.487] [SEVERE ] placing card 69 in slot 10
[20:13:45.588] [SEVERE ] placing card 42 in slot 11
[20:13:45.589] [INFO   ] Thread Thread-1starting.
[20:13:45.590] [SEVERE ] updating countdown to 5000
[20:13:45.591] [INFO   ] Thread Thread-4starting.
[20:13:45.589] [INFO   ] Thread Thread-3starting.
[20:13:45.589] [INFO   ] Thread Thread-2starting.
[20:13:45.599] [INFO   ] Thread computer-3 starting.
[20:13:45.600] [SEVERE ] player 4 placing token on slot 11
[20:13:45.604] [SEVERE ] player 4 placing token on slot 8
[20:13:45.609] [INFO   ] Thread computer-1 starting.
[20:13:45.610] [SEVERE ] player 2 placing token on slot 9
[20:13:45.610] [SEVERE ] player 4 placing token on slot 3
[20:13:45.610] [SEVERE ] player 2 placing token on slot 1
[20:13:45.614] [SEVERE ] removing player 2 token from slot 1
[20:13:45.614] [SEVERE ] player 2 placing token on slot 7
[20:13:45.615] [SEVERE ] player 2 placing token on slot 10
[20:13:45.617] [SEVERE ] setting player 4 freeze to 0
[20:13:45.618] [SEVERE ] setting player 4 freeze to 0
[20:13:45.620] [SEVERE ] setting player 4 freeze to 0
[20:13:45.620] [SEVERE ] setting player 4 freeze to 0
[20:13:45.621] [SEVERE ] removing player 4 token from slot 3
[20:13:45.621] [SEVERE ] player 4 placing token on slot 6
[20:13:45.625] [INFO   ] Thread computer-2 starting.
[20:13:45.625] [SEVERE ] player 3 placing token on slot 8
[20:13:45.625] [INFO   ] Thread computer-0 starting.
[20:13:45.628] [SEVERE ] player 1 placing token on slot 6
[20:13:45.626] [SEVERE ] player 3 placing token on slot 5
[20:13:45.630] [SEVERE ] player 3 placing token on slot 10
[20:13:45.633] [SEVERE ] updating countdown to 5000
[20:13:45.634] [SEVERE ] removing player 2 token from slot 7
[20:13:45.640] [SEVERE ] player 1 placing token on slot 4
[20:13:45.640] [SEVERE ] removing player 2 token from slot 9
[20:13:45.642] [SEVERE ] removing player 2 token from slot 9
[20:13:45.642] [SEVERE ] removing player 2 token from slot 9
[20:13:45.647] [SEVERE ] setting player 2 score to 1
[20:13:45.648] [SEVERE ] setting player 2 freeze to 0
[20:13:45.644] [SEVERE ] player 1 placing token on slot 9
[20:13:45.649] [SEVERE ] setting player 2 freeze to 0
[20:13:45.650] [SEVERE ] removing player 2 token from slot 9
[20:13:45.652] [SEVERE ] player 2 placing token on slot 4
[20:13:45.736] [SEVERE ] removing card from slot 7
[20:13:45.736] [SEVERE ] removing player 2 token from slot 10
[20:13:45.836] [SEVERE ] removing card from slot 10
[20:13:45.837] [SEVERE ] removing player 2 token from slot 7
[20:13:45.838] [SEVERE ] removing player 2 token from slot 10
[20:13:45.838] [SEVERE ] removing player 3 token from slot 10
[20:13:45.941] [SEVERE ] placing card 76 in slot 7
[20:13:46.042] [SEVERE ] placing card 62 in slot 10
[20:13:46.142] [SEVERE ] placing card 58 in slot 0
[20:13:46.152] [SEVERE ] setting player 4 freeze to 0
[20:13:46.153] [SEVERE ] setting player 4 freeze to 0
[20:13:46.153] [SEVERE ] setting player 4 freeze to 0
[20:13:46.154] [SEVERE ] setting player 4 freeze to 0
[20:13:46.154] [SEVERE ] removing player 4 token from slot 8
[20:13:46.155] [SEVERE ] player 4 placing token on slot 3
[20:13:46.163] [SEVERE ] updating countdown to 5000
[20:13:46.163] [SEVERE ] removing player 3 token from slot 8
[20:13:46.163] [SEVERE ] removing player 3 token from slot 8
[20:13:46.164] [SEVERE ] removing player 3 token from slot 8
[20:13:46.163] [SEVERE ] removing player 3 token from slot 5
[20:13:46.165] [SEVERE ] setting player 3 score to 1
[20:13:46.166] [SEVERE ] setting player 3 freeze to 0
[20:13:46.166] [SEVERE ] setting player 3 freeze to 0
[20:13:46.167] [SEVERE ] removing player 3 token from slot 5
[20:13:46.167] [SEVERE ] removing player 3 token from slot 8
[20:13:46.167] [SEVERE ] player 3 placing token on slot 8
[20:13:46.168] [SEVERE ] player 3 placing token on slot 3
[20:13:46.265] [SEVERE ] removing card from slot 5
[20:13:46.266] [SEVERE ] removing player 3 token from slot 8
[20:13:46.366] [SEVERE ] removing card from slot 8
[20:13:46.366] [SEVERE ] removing player 3 token from slot 10
[20:13:46.467] [SEVERE ] removing card from slot 10
[20:13:46.467] [SEVERE ] removing player 3 token from slot 8
[20:13:46.468] [SEVERE ] removing player 3 token from slot 10
[20:13:46.568] [SEVERE ] placing card 38 in slot 5
[20:13:46.668] [SEVERE ] placing card 46 in slot 8
[20:13:46.769] [SEVERE ] placing card 28 in slot 10
[20:13:46.779] [SEVERE ] setting player 1 freeze to 0
[20:13:46.779] [SEVERE ] setting player 1 freeze to 0
[20:13:46.780] [SEVERE ] setting player 1 freeze to 0
[20:13:46.780] [SEVERE ] setting player 1 freeze to 0
[20:13:46.781] [SEVERE ] removing player 1 token from slot 6
[20:13:46.781] [SEVERE ] player 1 placing token on slot 8
[20:13:46.790] [SEVERE ] setting player 2 freeze to 0
[20:13:46.790] [SEVERE ] setting player 2 freeze to 0
[20:13:46.790] [SEVERE ] setting player 2 freeze to 0
[20:13:46.791] [SEVERE ] setting player 2 freeze to 0
[20:13:46.791] [SEVERE ] player 2 placing token on slot 3
[20:13:46.792] [SEVERE ] player 2 placing token on slot 4
[20:13:46.792] [SEVERE ] player 2 placing token on slot 9
[20:13:46.800] [SEVERE ] setting player 4 freeze to 0
[20:13:46.800] [SEVERE ] setting player 4 freeze to 0
[20:13:46.801] [SEVERE ] setting player 4 freeze to 0
[20:13:46.801] [SEVERE ] setting player 4 freeze to 0
[20:13:46.802] [SEVERE ] removing player 4 token from slot 3
[20:13:46.802] [SEVERE ] player 4 placing token on slot 7
[20:13:46.810] [SEVERE ] setting player 3 freeze to 0
[20:13:46.811] [SEVERE ] setting player 3 freeze to 0
[20:13:46.811] [SEVERE ] setting player 3 freeze to 0
[20:13:46.811] [SEVERE ] setting player 3 freeze to 0
[20:13:46.812] [SEVERE ] player 3 placing token on slot 10
[20:13:46.813] [SEVERE ] player 3 placing token on slot 11
[20:13:46.813] [SEVERE ] player 3 placing token on slot 1
[20:13:46.821] [SEVERE ] setting player 1 freeze to 0
[20:13:46.821] [SEVERE ] setting player 1 freeze to 0
[20:13:46.821] [SEVERE ] setting player 1 freeze to 0
[20:13:46.822] [SEVERE ] setting player 1 freeze to 0
[20:13:46.822] [SEVERE ] removing player 1 token from slot 8
[20:13:46.823] [SEVERE ] player 1 placing token on slot 1
