[16:35:09.373] [INFO   ] thread main starting.
[16:35:09.379] [SEVERE ] cannot read configuration file config.properties trying from resources.
[16:35:09.380] [SEVERE ] configuration file was loaded from resources directory.
[16:35:09.843] [INFO   ] thread dealer starting.
[16:35:09.843] [INFO   ] Thread dealer starting.
[16:35:09.948] [SEVERE ] placing card 69 in slot 0
[16:35:10.049] [SEVERE ] placing card 32 in slot 1
[16:35:10.150] [SEVERE ] placing card 71 in slot 2
[16:35:10.251] [SEVERE ] placing card 10 in slot 3
[16:35:10.352] [SEVERE ] placing card 9 in slot 4
[16:35:10.453] [SEVERE ] placing card 67 in slot 5
[16:35:10.554] [SEVERE ] placing card 58 in slot 6
[16:35:10.655] [SEVERE ] placing card 38 in slot 7
[16:35:10.757] [SEVERE ] placing card 19 in slot 8
[16:35:10.858] [SEVERE ] placing card 16 in slot 9
[16:35:10.959] [SEVERE ] placing card 27 in slot 10
[16:35:11.060] [SEVERE ] placing card 8 in slot 11
[16:35:11.062] [INFO   ] Thread Thread-1starting.
[16:35:11.063] [INFO   ] Thread Thread-2starting.
[16:35:11.063] [INFO   ] Thread Thread-3starting.
[16:35:11.064] [SEVERE ] updating countdown to 15000
[16:35:11.066] [INFO   ] Thread computer-0 starting.
[16:35:11.066] [INFO   ] Thread Thread-4starting.
[16:35:11.067] [INFO   ] Thread computer-1 starting.
[16:35:11.070] [SEVERE ] player 2 placing token on slot 11
[16:35:11.074] [SEVERE ] player 2 placing token on slot 10
[16:35:11.074] [SEVERE ] player 2 placing token on slot 3
[16:35:11.068] [SEVERE ] player 1 placing token on slot 10
[16:35:11.076] [SEVERE ] player 1 placing token on slot 11
[16:35:11.078] [SEVERE ] removing player 1 token from slot 10
[16:35:11.078] [SEVERE ] player 1 placing token on slot 1
[16:35:11.079] [SEVERE ] player 1 placing token on slot 6
[16:35:11.081] [INFO   ] Thread computer-2 starting.
[16:35:11.082] [SEVERE ] player 3 placing token on slot 6
[16:35:11.083] [SEVERE ] player 3 placing token on slot 5
[16:35:11.084] [SEVERE ] player 3 placing token on slot 11
[16:35:11.100] [INFO   ] Thread computer-3 starting.
[16:35:11.101] [SEVERE ] player 4 placing token on slot 2
[16:35:11.103] [SEVERE ] player 4 placing token on slot 9
[16:35:11.104] [SEVERE ] player 4 placing token on slot 4
[16:35:12.068] [SEVERE ] updating countdown to 13996
[16:35:12.068] [SEVERE ] setting player 2 freeze to 3000
[16:35:13.068] [SEVERE ] updating countdown to 12996
[16:35:13.068] [SEVERE ] setting player 1 freeze to 3000
[16:35:13.070] [SEVERE ] setting player 2 freeze to 2000
[16:35:14.069] [SEVERE ] updating countdown to 11995
[16:35:14.069] [SEVERE ] setting player 3 freeze to 3000
[16:35:14.074] [SEVERE ] setting player 1 freeze to 2000
[16:35:14.075] [SEVERE ] setting player 2 freeze to 1000
[16:35:15.069] [SEVERE ] updating countdown to 10995
[16:35:15.069] [SEVERE ] setting player 4 freeze to 3000
[16:35:15.071] [SEVERE ] setting player 3 freeze to 2000
[16:35:15.074] [SEVERE ] setting player 1 freeze to 1000
[16:35:15.076] [SEVERE ] setting player 2 freeze to 0
[16:35:15.076] [SEVERE ] removing player 2 token from slot 11
[16:35:15.076] [SEVERE ] player 2 placing token on slot 5
[16:35:16.070] [SEVERE ] updating countdown to 9994
[16:35:16.070] [SEVERE ] setting player 2 freeze to 3000
[16:35:16.071] [SEVERE ] setting player 3 freeze to 1000
[16:35:16.071] [SEVERE ] setting player 4 freeze to 2000
[16:35:16.075] [SEVERE ] setting player 1 freeze to 0
[16:35:16.075] [SEVERE ] removing player 1 token from slot 11
[16:35:16.076] [SEVERE ] player 1 placing token on slot 10
[16:35:17.070] [SEVERE ] updating countdown to 8994
[16:35:17.070] [SEVERE ] setting player 1 freeze to 3000
[16:35:17.072] [SEVERE ] setting player 2 freeze to 2000
[16:35:17.073] [SEVERE ] setting player 3 freeze to 0
[16:35:17.075] [SEVERE ] removing player 3 token from slot 6
[16:35:17.074] [SEVERE ] setting player 4 freeze to 1000
[16:35:17.077] [SEVERE ] player 3 placing token on slot 6
[16:35:18.071] [SEVERE ] updating countdown to 7993
[16:35:18.071] [SEVERE ] setting player 3 freeze to 3000
[16:35:18.074] [SEVERE ] setting player 2 freeze to 1000
[16:35:18.072] [SEVERE ] setting player 1 freeze to 2000
[16:35:18.089] [SEVERE ] setting player 4 freeze to 0
[16:35:18.089] [SEVERE ] removing player 4 token from slot 9
[16:35:18.090] [SEVERE ] removing player 4 token from slot 2
[16:35:18.091] [SEVERE ] player 4 placing token on slot 6
[16:35:18.091] [SEVERE ] player 4 placing token on slot 8
[16:35:19.071] [SEVERE ] setting player 4 freeze to 3000
[16:35:19.071] [SEVERE ] updating countdown to 6993
[16:35:19.074] [SEVERE ] setting player 3 freeze to 2000
[16:35:19.075] [SEVERE ] setting player 2 freeze to 0
[16:35:19.075] [SEVERE ] removing player 2 token from slot 5
[16:35:19.076] [SEVERE ] player 2 placing token on slot 1
[16:35:19.077] [SEVERE ] setting player 1 freeze to 1000
[16:35:20.072] [SEVERE ] setting player 4 freeze to 2000
[16:35:20.072] [SEVERE ] setting player 2 freeze to 3000
[16:35:20.072] [SEVERE ] updating countdown to 5992
[16:35:20.075] [SEVERE ] setting player 3 freeze to 1000
[16:35:20.090] [SEVERE ] setting player 1 freeze to 0
[16:35:20.091] [SEVERE ] removing player 1 token from slot 10
[16:35:20.091] [SEVERE ] player 1 placing token on slot 11
[16:35:21.073] [SEVERE ] setting player 4 freeze to 1000
[16:35:21.073] [SEVERE ] setting player 2 freeze to 2000
[16:35:21.075] [SEVERE ] setting player 1 freeze to 3000
[16:35:21.076] [SEVERE ] setting player 3 freeze to 0
[16:35:21.077] [SEVERE ] removing player 3 token from slot 6
[16:35:21.078] [SEVERE ] player 3 placing token on slot 9
[16:35:21.084] [SEVERE ] setting player 3 freeze to 3000
[16:35:22.073] [SEVERE ] setting player 4 freeze to 0
[16:35:22.073] [SEVERE ] removing player 4 token from slot 4
[16:35:22.074] [SEVERE ] setting player 2 freeze to 1000
[16:35:22.075] [SEVERE ] setting player 1 freeze to 2000
[16:35:22.074] [SEVERE ] player 4 placing token on slot 10
[16:35:22.080] [SEVERE ] setting player 4 freeze to 3000
[16:35:22.085] [SEVERE ] setting player 3 freeze to 2000
[16:35:23.064] [SEVERE ] updating countdown to 3000
[16:35:23.076] [SEVERE ] setting player 2 freeze to 0
[16:35:23.076] [SEVERE ] removing player 2 token from slot 3
[16:35:23.076] [SEVERE ] player 2 placing token on slot 11
[16:35:23.077] [SEVERE ] setting player 1 freeze to 1000
[16:35:23.084] [SEVERE ] setting player 2 freeze to 3000
[16:35:23.085] [SEVERE ] setting player 4 freeze to 2000
[16:35:23.085] [SEVERE ] setting player 3 freeze to 1000
[16:35:24.077] [SEVERE ] setting player 1 freeze to 0
[16:35:24.077] [SEVERE ] removing player 1 token from slot 6
[16:35:24.078] [SEVERE ] removing player 1 token from slot 11
[16:35:24.079] [SEVERE ] player 1 placing token on slot 4
[16:35:24.081] [SEVERE ] player 1 placing token on slot 8
[16:35:24.085] [SEVERE ] setting player 2 freeze to 2000
[16:35:24.086] [SEVERE ] setting player 4 freeze to 1000
[16:35:24.086] [SEVERE ] setting player 1 freeze to 3000
[16:35:24.087] [SEVERE ] setting player 3 freeze to 0
[16:35:24.087] [SEVERE ] removing player 3 token from slot 11
[16:35:24.088] [SEVERE ] player 3 placing token on slot 1
[16:35:24.097] [SEVERE ] setting player 3 freeze to 3000
[16:35:25.085] [SEVERE ] setting player 2 freeze to 1000
[16:35:25.086] [SEVERE ] setting player 4 freeze to 0
[16:35:25.086] [SEVERE ] removing player 4 token from slot 8
[16:35:25.087] [SEVERE ] setting player 1 freeze to 2000
[16:35:25.087] [SEVERE ] removing player 4 token from slot 10
[16:35:25.088] [SEVERE ] player 4 placing token on slot 7
[16:35:25.088] [SEVERE ] removing player 4 token from slot 7
[16:35:25.089] [SEVERE ] player 4 placing token on slot 7
[16:35:25.089] [SEVERE ] removing player 4 token from slot 6
[16:35:25.090] [SEVERE ] removing player 4 token from slot 7
[16:35:25.090] [SEVERE ] player 4 placing token on slot 5
[16:35:25.091] [SEVERE ] player 4 placing token on slot 6
[16:35:25.091] [SEVERE ] player 4 placing token on slot 9
[16:35:25.096] [SEVERE ] setting player 4 freeze to 3000
[16:35:25.097] [SEVERE ] setting player 3 freeze to 2000
[16:35:26.064] [SEVERE ] updating countdown to 15000
[16:35:26.065] [SEVERE ] updating countdown to 15000
[16:35:26.085] [SEVERE ] setting player 2 freeze to 0
[16:35:26.086] [SEVERE ] removing player 2 token from slot 1
[16:35:26.087] [SEVERE ] player 2 placing token on slot 3
[16:35:26.087] [SEVERE ] setting player 1 freeze to 1000
[16:35:26.097] [SEVERE ] setting player 4 freeze to 2000
[16:35:26.097] [SEVERE ] setting player 3 freeze to 1000
[16:35:26.167] [SEVERE ] removing card from slot 0
[16:35:26.268] [SEVERE ] removing card from slot 1
[16:35:26.368] [SEVERE ] removing card from slot 2
[16:35:26.468] [SEVERE ] removing card from slot 3
[16:35:26.580] [SEVERE ] removing card from slot 4
[16:35:26.680] [SEVERE ] removing card from slot 5
[16:35:26.781] [SEVERE ] removing card from slot 6
[16:35:26.881] [SEVERE ] removing card from slot 7
[16:35:26.981] [SEVERE ] removing card from slot 8
[16:35:27.082] [SEVERE ] removing card from slot 9
[16:35:27.090] [SEVERE ] setting player 1 freeze to 0
[16:35:27.090] [SEVERE ] removing player 1 token from slot 8
[16:35:27.091] [SEVERE ] removing player 1 token from slot 1
[16:35:27.092] [SEVERE ] player 1 placing token on slot 7
[16:35:27.093] [SEVERE ] player 1 placing token on slot 11
[16:35:27.097] [SEVERE ] setting player 4 freeze to 1000
[16:35:27.098] [SEVERE ] setting player 3 freeze to 0
[16:35:27.098] [SEVERE ] removing player 3 token from slot 5
[16:35:27.099] [SEVERE ] player 3 placing token on slot 5
[16:35:27.182] [SEVERE ] removing card from slot 10
[16:35:27.282] [SEVERE ] removing card from slot 11
[16:35:27.282] [SEVERE ] removing all tokens
[16:35:27.384] [SEVERE ] placing card 73 in slot 0
[16:35:27.484] [SEVERE ] placing card 80 in slot 1
[16:35:27.584] [SEVERE ] placing card 5 in slot 2
[16:35:27.684] [SEVERE ] placing card 23 in slot 3
[16:35:27.785] [SEVERE ] placing card 24 in slot 4
[16:35:27.885] [SEVERE ] placing card 79 in slot 5
[16:35:27.986] [SEVERE ] placing card 1 in slot 6
[16:35:28.086] [SEVERE ] placing card 22 in slot 7
[16:35:28.097] [SEVERE ] setting player 4 freeze to 0
[16:35:28.097] [SEVERE ] player 4 placing token on slot 9
[16:35:28.098] [SEVERE ] player 4 placing token on slot 6
[16:35:28.099] [SEVERE ] player 4 placing token on slot 10
[16:35:28.186] [SEVERE ] placing card 33 in slot 8
[16:35:28.287] [SEVERE ] placing card 2 in slot 9
[16:35:28.387] [SEVERE ] placing card 72 in slot 10
[16:35:28.487] [SEVERE ] placing card 20 in slot 11
[16:35:28.488] [INFO   ] Thread Thread-5starting.
[16:35:28.488] [INFO   ] Thread Thread-8starting.
[16:35:28.488] [SEVERE ] updating countdown to 15000
[16:35:28.488] [INFO   ] Thread Thread-7starting.
[16:35:28.488] [INFO   ] Thread Thread-6starting.
[16:35:28.496] [INFO   ] Thread computer-2 starting.
[16:35:28.496] [SEVERE ] player 3 placing token on slot 4
[16:35:28.490] [INFO   ] Thread computer-0 starting.
[16:35:28.509] [SEVERE ] player 1 placing token on slot 10
[16:35:28.509] [SEVERE ] player 3 placing token on slot 11
[16:35:28.510] [SEVERE ] player 1 placing token on slot 4
[16:35:28.510] [SEVERE ] player 3 placing token on slot 9
[16:35:28.511] [SEVERE ] player 1 placing token on slot 9
[16:35:28.513] [INFO   ] Thread computer-1 starting.
[16:35:28.513] [SEVERE ] player 2 placing token on slot 9
[16:35:28.513] [SEVERE ] player 2 placing token on slot 1
[16:35:28.514] [SEVERE ] removing player 2 token from slot 1
[16:35:28.514] [SEVERE ] player 2 placing token on slot 7
[16:35:28.515] [SEVERE ] removing player 2 token from slot 9
[16:35:28.515] [SEVERE ] removing player 2 token from slot 7
[16:35:28.516] [SEVERE ] player 2 placing token on slot 3
[16:35:28.516] [SEVERE ] player 2 placing token on slot 1
[16:35:28.516] [SEVERE ] removing player 2 token from slot 3
[16:35:28.517] [SEVERE ] removing player 2 token from slot 1
[16:35:28.517] [SEVERE ] player 2 placing token on slot 1
[16:35:28.518] [SEVERE ] player 2 placing token on slot 6
[16:35:28.518] [SEVERE ] player 2 placing token on slot 9
[16:35:28.515] [INFO   ] Thread computer-3 starting.
[16:35:28.531] [SEVERE ] removing player 4 token from slot 9
[16:35:28.533] [SEVERE ] removing player 4 token from slot 10
[16:35:28.534] [SEVERE ] player 4 placing token on slot 9
[16:35:28.536] [SEVERE ] player 4 placing token on slot 7
[16:35:29.490] [SEVERE ] updating countdown to 13998
[16:35:29.493] [SEVERE ] setting player 2 freeze to 3000
[16:35:29.490] [SEVERE ] setting player 2 freeze to 3000
[16:35:30.491] [SEVERE ] updating countdown to 12997
[16:35:30.491] [SEVERE ] setting player 1 freeze to 3000
[16:35:30.491] [SEVERE ] setting player 1 freeze to 3000
[16:35:30.494] [SEVERE ] setting player 2 freeze to 2000
[16:35:30.493] [SEVERE ] setting player 2 freeze to 2000
[16:35:31.491] [SEVERE ] updating countdown to 11997
[16:35:31.491] [SEVERE ] setting player 3 freeze to 3000
[16:35:31.491] [SEVERE ] setting player 3 freeze to 3000
[16:35:31.493] [SEVERE ] setting player 1 freeze to 2000
[16:35:31.497] [SEVERE ] setting player 1 freeze to 2000
[16:35:31.498] [SEVERE ] setting player 2 freeze to 1000
[16:35:31.499] [SEVERE ] setting player 2 freeze to 1000
[16:35:32.491] [SEVERE ] updating countdown to 10997
[16:35:32.491] [SEVERE ] setting player 4 freeze to 3000
[16:35:32.491] [SEVERE ] setting player 4 freeze to 3000
[16:35:32.493] [SEVERE ] setting player 3 freeze to 2000
[16:35:32.493] [SEVERE ] setting player 1 freeze to 1000
[16:35:32.493] [SEVERE ] setting player 3 freeze to 2000
[16:35:32.497] [SEVERE ] setting player 1 freeze to 1000
[16:35:32.498] [SEVERE ] setting player 2 freeze to 0
[16:35:32.498] [SEVERE ] removing player 2 token from slot 6
[16:35:32.499] [SEVERE ] setting player 2 freeze to 0
[16:35:32.500] [SEVERE ] player 2 placing token on slot 2
[16:35:33.492] [SEVERE ] updating countdown to 9996
[16:35:33.492] [SEVERE ] setting player 4 freeze to 2000
[16:35:33.493] [SEVERE ] setting player 4 freeze to 2000
[16:35:33.494] [SEVERE ] setting player 3 freeze to 1000
[16:35:33.494] [SEVERE ] setting player 1 freeze to 0
[16:35:33.494] [SEVERE ] removing player 1 token from slot 4
[16:35:33.494] [SEVERE ] setting player 3 freeze to 1000
[16:35:33.495] [SEVERE ] player 1 placing token on slot 5
[16:35:33.500] [SEVERE ] setting player 1 freeze to 0
[16:35:34.492] [SEVERE ] updating countdown to 8996
[16:35:34.492] [SEVERE ] setting player 1 freeze to 3000
[16:35:34.493] [SEVERE ] setting player 4 freeze to 1000
[16:35:34.493] [SEVERE ] setting player 4 freeze to 1000
[16:35:34.494] [SEVERE ] setting player 3 freeze to 0
[16:35:34.494] [SEVERE ] removing player 3 token from slot 9
[16:35:34.495] [SEVERE ] player 3 placing token on slot 9
[16:35:34.497] [SEVERE ] removing player 3 token from slot 4
[16:35:34.497] [SEVERE ] player 3 placing token on slot 1
[16:35:34.494] [SEVERE ] setting player 1 freeze to 3000
[16:35:34.495] [SEVERE ] setting player 3 freeze to 0
[16:35:35.493] [SEVERE ] updating countdown to 7995
[16:35:35.493] [SEVERE ] setting player 2 freeze to 3000
[16:35:35.494] [SEVERE ] setting player 4 freeze to 0
[16:35:35.495] [SEVERE ] removing player 4 token from slot 9
[16:35:35.496] [SEVERE ] removing player 4 token from slot 7
[16:35:35.493] [SEVERE ] setting player 2 freeze to 3000
[16:35:35.497] [SEVERE ] player 4 placing token on slot 7
[16:35:35.493] [SEVERE ] setting player 4 freeze to 0
[16:35:35.493] [SEVERE ] setting player 1 freeze to 2000
[16:35:35.505] [SEVERE ] setting player 1 freeze to 2000
[16:35:35.498] [SEVERE ] removing player 4 token from slot 7
[16:35:35.509] [SEVERE ] player 4 placing token on slot 7
[16:35:35.513] [SEVERE ] player 4 placing token on slot 9
[16:35:36.493] [SEVERE ] updating countdown to 6995
[16:35:36.493] [SEVERE ] setting player 4 freeze to 3000
[16:35:36.495] [SEVERE ] setting player 2 freeze to 2000
[16:35:36.497] [SEVERE ] setting player 4 freeze to 3000
[16:35:36.498] [SEVERE ] setting player 2 freeze to 2000
[16:35:36.500] [SEVERE ] setting player 1 freeze to 1000
[16:35:36.505] [SEVERE ] setting player 1 freeze to 1000
[16:35:37.493] [SEVERE ] updating countdown to 5995
[16:35:37.495] [SEVERE ] setting player 4 freeze to 2000
[16:35:37.495] [SEVERE ] setting player 2 freeze to 1000
[16:35:37.497] [SEVERE ] setting player 4 freeze to 2000
[16:35:37.498] [SEVERE ] setting player 2 freeze to 1000
[16:35:37.500] [SEVERE ] setting player 1 freeze to 0
[16:35:37.501] [SEVERE ] removing player 1 token from slot 10
[16:35:37.502] [SEVERE ] player 1 placing token on slot 2
[16:35:37.505] [SEVERE ] setting player 1 freeze to 0
[16:35:38.493] [SEVERE ] setting player 1 freeze to 3000
[16:35:38.494] [SEVERE ] setting player 1 freeze to 3000
[16:35:38.495] [SEVERE ] setting player 4 freeze to 1000
[16:35:38.495] [SEVERE ] setting player 2 freeze to 0
[16:35:38.496] [SEVERE ] removing player 2 token from slot 9
[16:35:38.497] [SEVERE ] setting player 4 freeze to 1000
[16:35:38.498] [SEVERE ] setting player 2 freeze to 0
[16:35:38.504] [SEVERE ] setting player 3 freeze to 3000
[16:35:38.497] [SEVERE ] player 2 placing token on slot 3
[16:35:38.504] [SEVERE ] setting player 3 freeze to 3000
[16:35:38.506] [SEVERE ] removing player 2 token from slot 1
[16:35:38.510] [SEVERE ] player 2 placing token on slot 4
[16:35:38.544] [SEVERE ] setting player 2 freeze to 3000
[16:35:38.545] [SEVERE ] setting player 2 freeze to 3000
[16:35:39.494] [SEVERE ] setting player 1 freeze to 2000
[16:35:39.495] [SEVERE ] setting player 1 freeze to 2000
[16:35:39.496] [SEVERE ] setting player 4 freeze to 0
[16:35:39.498] [SEVERE ] setting player 4 freeze to 0
[16:35:39.504] [SEVERE ] setting player 3 freeze to 2000
[16:35:39.505] [SEVERE ] removing player 4 token from slot 7
[16:35:39.505] [SEVERE ] removing player 4 token from slot 9
[16:35:39.507] [SEVERE ] removing player 4 token from slot 6
[16:35:39.507] [SEVERE ] setting player 3 freeze to 2000
[16:35:39.508] [SEVERE ] player 4 placing token on slot 6
[16:35:39.510] [SEVERE ] player 4 placing token on slot 10
[16:35:39.511] [SEVERE ] player 4 placing token on slot 7
[16:35:39.515] [SEVERE ] setting player 4 freeze to 3000
[16:35:39.515] [SEVERE ] setting player 4 freeze to 3000
[16:35:39.544] [SEVERE ] setting player 2 freeze to 2000
[16:35:39.546] [SEVERE ] setting player 2 freeze to 2000
[16:35:40.488] [SEVERE ] updating countdown to 3000
[16:35:40.494] [SEVERE ] setting player 1 freeze to 1000
[16:35:40.495] [SEVERE ] setting player 1 freeze to 1000
[16:35:40.504] [SEVERE ] setting player 3 freeze to 1000
[16:35:40.509] [SEVERE ] setting player 3 freeze to 1000
[16:35:40.515] [SEVERE ] setting player 4 freeze to 2000
[16:35:40.534] [SEVERE ] setting player 4 freeze to 2000
[16:35:40.545] [SEVERE ] setting player 2 freeze to 1000
[16:35:40.546] [SEVERE ] setting player 2 freeze to 1000
[16:35:41.494] [SEVERE ] setting player 1 freeze to 0
[16:35:41.494] [SEVERE ] removing player 1 token from slot 2
[16:35:41.496] [SEVERE ] player 1 placing token on slot 8
[16:35:41.498] [SEVERE ] removing player 1 token from slot 5
[16:35:41.499] [SEVERE ] player 1 placing token on slot 1
[16:35:41.501] [SEVERE ] setting player 1 freeze to 0
[16:35:41.501] [SEVERE ] removing player 1 token from slot 8
[16:35:41.502] [SEVERE ] player 1 placing token on slot 3
[16:35:41.504] [SEVERE ] setting player 3 freeze to 0
[16:35:41.505] [SEVERE ] removing player 3 token from slot 11
[16:35:41.505] [SEVERE ] player 3 placing token on slot 2
[16:35:41.510] [SEVERE ] setting player 3 freeze to 0
[16:35:41.512] [SEVERE ] setting player 1 freeze to 3000
[16:35:41.513] [SEVERE ] setting player 1 freeze to 3000
[16:35:41.515] [SEVERE ] setting player 4 freeze to 1000
[16:35:41.517] [SEVERE ] removing player 3 token from slot 9
[16:35:41.517] [SEVERE ] player 3 placing token on slot 3
[16:35:41.533] [SEVERE ] setting player 3 freeze to 3000
[16:35:41.534] [SEVERE ] setting player 4 freeze to 1000
[16:35:41.545] [SEVERE ] setting player 2 freeze to 0
[16:35:41.546] [SEVERE ] removing player 2 token from slot 2
[16:35:41.546] [SEVERE ] setting player 2 freeze to 0
[16:35:41.546] [SEVERE ] player 2 placing token on slot 2
[16:35:41.533] [SEVERE ] setting player 3 freeze to 3000
[16:35:41.553] [SEVERE ] setting player 2 freeze to 3000
[16:35:41.553] [SEVERE ] setting player 2 freeze to 3000
[16:35:42.488] [SEVERE ] updating countdown to 1000
[16:35:42.513] [SEVERE ] setting player 1 freeze to 2000
[16:35:42.513] [SEVERE ] setting player 1 freeze to 2000
[16:35:42.515] [SEVERE ] setting player 4 freeze to 0
[16:35:42.515] [SEVERE ] removing player 4 token from slot 10
[16:35:42.516] [SEVERE ] removing player 4 token from slot 7
[16:35:42.517] [SEVERE ] player 4 placing token on slot 9
[16:35:42.518] [SEVERE ] player 4 placing token on slot 1
[16:35:42.519] [SEVERE ] setting player 4 freeze to 3000
[16:35:42.533] [SEVERE ] setting player 3 freeze to 2000
[16:35:42.534] [SEVERE ] setting player 4 freeze to 0
[16:35:42.534] [SEVERE ] removing player 4 token from slot 6
[16:35:42.535] [SEVERE ] player 4 placing token on slot 3
[16:35:42.539] [SEVERE ] setting player 4 freeze to 3000
[16:35:42.549] [SEVERE ] setting player 3 freeze to 2000
[16:35:42.553] [SEVERE ] setting player 2 freeze to 2000
[16:35:42.555] [SEVERE ] setting player 2 freeze to 2000
[16:35:43.491] [SEVERE ] updating countdown to 15000
[16:35:43.492] [SEVERE ] updating countdown to 15000
[16:35:43.513] [SEVERE ] setting player 1 freeze to 1000
[16:35:43.514] [SEVERE ] setting player 1 freeze to 1000
[16:35:43.520] [SEVERE ] setting player 4 freeze to 2000
[16:35:43.533] [SEVERE ] setting player 3 freeze to 1000
[16:35:43.539] [SEVERE ] setting player 4 freeze to 2000
[16:35:43.549] [SEVERE ] setting player 3 freeze to 1000
[16:35:43.553] [SEVERE ] setting player 2 freeze to 1000
[16:35:43.555] [SEVERE ] setting player 2 freeze to 1000
[16:35:43.593] [SEVERE ] removing card from slot 0
[16:35:43.693] [SEVERE ] removing card from slot 1
[16:35:43.793] [SEVERE ] removing card from slot 2
[16:35:43.894] [SEVERE ] removing card from slot 3
[16:35:43.994] [SEVERE ] removing card from slot 4
[16:35:44.094] [SEVERE ] removing card from slot 5
[16:35:44.194] [SEVERE ] removing card from slot 6
[16:35:44.294] [SEVERE ] removing card from slot 7
[16:35:44.395] [SEVERE ] removing card from slot 8
[16:35:44.495] [SEVERE ] removing card from slot 9
[16:35:44.513] [SEVERE ] setting player 1 freeze to 0
[16:35:44.514] [SEVERE ] removing player 1 token from slot 1
[16:35:44.514] [SEVERE ] player 1 placing token on slot 4
[16:35:44.515] [SEVERE ] removing player 1 token from slot 3
[16:35:44.516] [SEVERE ] removing player 1 token from slot 4
[16:35:44.521] [SEVERE ] setting player 4 freeze to 1000
[16:35:44.517] [SEVERE ] setting player 1 freeze to 0
[16:35:44.525] [SEVERE ] player 1 placing token on slot 2
[16:35:44.528] [SEVERE ] player 1 placing token on slot 4
[16:35:44.533] [SEVERE ] setting player 3 freeze to 0
[16:35:44.534] [SEVERE ] removing player 3 token from slot 3
[16:35:44.534] [SEVERE ] player 3 placing token on slot 5
[16:35:44.537] [SEVERE ] removing player 3 token from slot 2
[16:35:44.537] [SEVERE ] removing player 3 token from slot 5
[16:35:44.537] [SEVERE ] player 3 placing token on slot 5
[16:35:44.538] [SEVERE ] player 3 placing token on slot 2
[16:35:44.539] [SEVERE ] setting player 4 freeze to 1000
[16:35:44.549] [SEVERE ] setting player 3 freeze to 0
[16:35:44.554] [SEVERE ] setting player 2 freeze to 0
[16:35:44.556] [SEVERE ] setting player 2 freeze to 0
[16:35:44.566] [SEVERE ] removing player 2 token from slot 4
[16:35:44.567] [SEVERE ] player 2 placing token on slot 7
[16:35:44.571] [SEVERE ] removing player 2 token from slot 7
[16:35:44.571] [SEVERE ] player 2 placing token on slot 9
[16:35:44.595] [SEVERE ] removing card from slot 10
[16:35:44.695] [SEVERE ] removing card from slot 11
[16:35:44.696] [SEVERE ] removing all tokens
[16:35:44.796] [SEVERE ] placing card 44 in slot 0
[16:35:44.897] [SEVERE ] placing card 59 in slot 1
[16:35:44.997] [SEVERE ] placing card 49 in slot 2
[16:35:45.097] [SEVERE ] placing card 77 in slot 3
[16:35:45.197] [SEVERE ] placing card 70 in slot 4
[16:35:45.297] [SEVERE ] placing card 11 in slot 5
[16:35:45.398] [SEVERE ] placing card 43 in slot 6
[16:35:45.498] [SEVERE ] placing card 26 in slot 7
[16:35:45.525] [SEVERE ] setting player 4 freeze to 0
[16:35:45.526] [SEVERE ] player 4 placing token on slot 5
[16:35:45.531] [SEVERE ] player 4 placing token on slot 6
[16:35:45.532] [SEVERE ] player 4 placing token on slot 11
[16:35:45.533] [SEVERE ] removing player 4 token from slot 5
[16:35:45.535] [SEVERE ] player 4 placing token on slot 5
[16:35:45.540] [SEVERE ] setting player 4 freeze to 0
[16:35:45.598] [SEVERE ] placing card 13 in slot 8
[16:35:45.698] [SEVERE ] placing card 53 in slot 9
[16:35:45.798] [SEVERE ] placing card 63 in slot 10
[16:35:45.899] [SEVERE ] placing card 48 in slot 11
[16:35:45.905] [INFO   ] Thread Thread-9starting.
[16:35:45.913] [INFO   ] Thread Thread-10starting.
[16:35:45.921] [INFO   ] Thread computer-0 starting.
[16:35:45.921] [SEVERE ] player 1 placing token on slot 6
[16:35:45.922] [SEVERE ] removing player 1 token from slot 6
[16:35:45.922] [SEVERE ] player 1 placing token on slot 2
[16:35:45.922] [SEVERE ] player 1 placing token on slot 3
[16:35:45.923] [SEVERE ] player 1 placing token on slot 9
[16:35:45.928] [INFO   ] Thread computer-1 starting.
[16:35:45.928] [SEVERE ] player 2 placing token on slot 10
[16:35:45.932] [SEVERE ] removing player 2 token from slot 10
[16:35:45.933] [SEVERE ] player 2 placing token on slot 10
[16:35:45.934] [SEVERE ] player 2 placing token on slot 8
[16:35:45.935] [SEVERE ] player 2 placing token on slot 9
[16:35:45.953] [INFO   ] Thread Thread-11starting.
[16:35:45.963] [SEVERE ] updating countdown to 15000
[16:35:45.969] [INFO   ] Thread Thread-12starting.
[16:35:45.981] [INFO   ] Thread computer-2 starting.
[16:35:45.981] [SEVERE ] player 3 placing token on slot 9
[16:35:45.993] [SEVERE ] player 3 placing token on slot 8
[16:35:45.999] [INFO   ] Thread computer-3 starting.
[16:35:45.999] [SEVERE ] removing player 4 token from slot 6
[16:35:46.005] [SEVERE ] player 3 placing token on slot 7
[16:35:46.005] [SEVERE ] player 4 placing token on slot 4
[16:35:46.963] [SEVERE ] setting player 1 freeze to 3000
[16:35:46.963] [SEVERE ] updating countdown to 14000
[16:35:46.973] [SEVERE ] setting player 1 freeze to 3000
[16:35:46.981] [SEVERE ] setting player 1 freeze to 3000
[16:35:47.964] [SEVERE ] setting player 1 freeze to 2000
[16:35:47.964] [SEVERE ] updating countdown to 12999
[16:35:47.973] [SEVERE ] setting player 1 freeze to 2000
[16:35:47.981] [SEVERE ] setting player 1 freeze to 2000
[16:35:48.964] [SEVERE ] setting player 1 freeze to 1000
[16:35:48.965] [SEVERE ] setting player 3 freeze to 3000
[16:35:48.965] [SEVERE ] setting player 3 freeze to 3000
[16:35:48.965] [SEVERE ] setting player 3 freeze to 3000
[16:35:48.965] [SEVERE ] updating countdown to 11998
[16:35:48.975] [SEVERE ] setting player 1 freeze to 1000
[16:35:48.981] [SEVERE ] setting player 1 freeze to 1000
[16:35:49.964] [SEVERE ] setting player 1 freeze to 0
[16:35:49.964] [SEVERE ] removing player 1 token from slot 3
[16:35:49.966] [SEVERE ] setting player 3 freeze to 2000
[16:35:49.966] [SEVERE ] player 1 placing token on slot 8
[16:35:49.966] [SEVERE ] setting player 3 freeze to 2000
[16:35:49.969] [SEVERE ] setting player 3 freeze to 2000
[16:35:49.973] [SEVERE ] updating countdown to 10990
[16:35:49.975] [SEVERE ] setting player 1 freeze to 0
[16:35:49.967] [SEVERE ] removing player 1 token from slot 9
[16:35:49.977] [SEVERE ] player 1 placing token on slot 1
[16:35:49.981] [SEVERE ] setting player 1 freeze to 0
[16:35:50.966] [SEVERE ] setting player 3 freeze to 1000
[16:35:50.967] [SEVERE ] setting player 3 freeze to 1000
[16:35:50.969] [SEVERE ] setting player 3 freeze to 1000
[16:35:50.973] [SEVERE ] setting player 2 freeze to 3000
[16:35:50.973] [SEVERE ] updating countdown to 9990
[16:35:50.973] [SEVERE ] setting player 2 freeze to 3000
[16:35:50.984] [SEVERE ] setting player 2 freeze to 3000
[16:35:51.967] [SEVERE ] setting player 3 freeze to 0
[16:35:51.967] [SEVERE ] removing player 3 token from slot 8
[16:35:51.974] [SEVERE ] setting player 2 freeze to 2000
[16:35:51.974] [SEVERE ] updating countdown to 8989
[16:35:51.969] [SEVERE ] setting player 3 freeze to 0
[16:35:51.967] [SEVERE ] setting player 3 freeze to 0
[16:35:51.977] [SEVERE ] player 3 placing token on slot 11
[16:35:51.977] [SEVERE ] setting player 2 freeze to 2000
[16:35:51.979] [SEVERE ] removing player 3 token from slot 11
[16:35:51.980] [SEVERE ] player 3 placing token on slot 1
[16:35:51.984] [SEVERE ] setting player 2 freeze to 2000
[16:35:52.977] [SEVERE ] setting player 2 freeze to 1000
[16:35:52.978] [SEVERE ] setting player 4 freeze to 3000
[16:35:52.978] [SEVERE ] updating countdown to 7985
[16:35:52.980] [SEVERE ] setting player 2 freeze to 1000
[16:35:52.985] [SEVERE ] setting player 2 freeze to 1000
[16:35:52.978] [SEVERE ] setting player 4 freeze to 3000
[16:35:52.993] [SEVERE ] setting player 4 freeze to 3000
[16:35:53.978] [SEVERE ] setting player 2 freeze to 0
[16:35:53.989] [SEVERE ] setting player 2 freeze to 0
[16:35:53.991] [SEVERE ] setting player 2 freeze to 0
[16:35:53.991] [SEVERE ] setting player 4 freeze to 2000
[16:35:53.991] [SEVERE ] updating countdown to 6972
[16:35:53.997] [SEVERE ] setting player 4 freeze to 2000
[16:35:53.997] [SEVERE ] setting player 4 freeze to 2000
[16:35:54.001] [SEVERE ] removing player 2 token from slot 9
[16:35:54.006] [SEVERE ] player 2 placing token on slot 1
[16:35:54.007] [SEVERE ] removing player 2 token from slot 8
[16:35:54.007] [SEVERE ] player 2 placing token on slot 3
[16:35:55.001] [SEVERE ] setting player 1 freeze to 3000
[16:35:55.001] [SEVERE ] setting player 4 freeze to 1000
[16:35:55.001] [SEVERE ] setting player 1 freeze to 3000
[16:35:55.001] [SEVERE ] setting player 1 freeze to 3000
[16:35:55.001] [SEVERE ] setting player 4 freeze to 1000
[16:35:55.001] [SEVERE ] setting player 4 freeze to 1000
[16:35:55.001] [SEVERE ] updating countdown to 5962
