[16:18:05.395] [INFO   ] thread main starting.
[16:18:05.401] [SEVERE ] cannot read configuration file config.properties trying from resources.
[16:18:05.402] [SEVERE ] configuration file was loaded from resources directory.
[16:18:05.765] [INFO   ] thread dealer starting.
[16:18:05.766] [INFO   ] Thread dealer starting.
[16:18:05.872] [SEVERE ] placing card 18 in slot 0
[16:18:05.973] [SEVERE ] placing card 26 in slot 1
[16:18:06.074] [SEVERE ] placing card 66 in slot 2
[16:18:06.175] [SEVERE ] placing card 43 in slot 3
[16:18:06.276] [SEVERE ] placing card 53 in slot 4
[16:18:06.376] [SEVERE ] placing card 29 in slot 5
[16:18:06.478] [SEVERE ] placing card 8 in slot 6
[16:18:06.579] [SEVERE ] placing card 33 in slot 7
[16:18:06.679] [SEVERE ] placing card 64 in slot 8
[16:18:06.780] [SEVERE ] placing card 57 in slot 9
[16:18:06.881] [SEVERE ] placing card 40 in slot 10
[16:18:06.982] [SEVERE ] placing card 42 in slot 11
[16:18:06.985] [INFO   ] Thread Thread-1starting.
[16:18:06.986] [INFO   ] Thread Thread-3starting.
[16:18:06.987] [SEVERE ] updating countdown to 15000
[16:18:06.985] [INFO   ] Thread Thread-2starting.
[16:18:06.987] [INFO   ] Thread Thread-4starting.
[16:18:06.991] [INFO   ] Thread computer-0 starting.
[16:18:06.992] [INFO   ] Thread computer-3 starting.
[16:18:06.994] [SEVERE ] player 4 placing token on slot 4
[16:18:06.995] [SEVERE ] player 4 placing token on slot 8
[16:18:06.996] [SEVERE ] player 4 placing token on slot 11
[16:18:06.998] [INFO   ] Thread computer-2 starting.
[16:18:07.008] [SEVERE ] player 3 placing token on slot 6
[16:18:07.009] [SEVERE ] removing player 3 token from slot 6
[16:18:07.010] [SEVERE ] player 3 placing token on slot 4
[16:18:07.001] [INFO   ] Thread computer-1 starting.
[16:18:07.011] [SEVERE ] player 2 placing token on slot 1
[16:18:07.012] [SEVERE ] player 2 placing token on slot 10
[16:18:06.999] [SEVERE ] player 1 placing token on slot 9
[16:18:07.010] [SEVERE ] player 3 placing token on slot 8
[16:18:07.013] [SEVERE ] player 1 placing token on slot 10
[16:18:07.014] [SEVERE ] player 1 placing token on slot 5
[16:18:07.013] [SEVERE ] player 2 placing token on slot 2
[16:18:07.014] [SEVERE ] player 3 placing token on slot 5
[16:18:07.990] [SEVERE ] updating countdown to 13997
[16:18:07.990] [SEVERE ] setting player 4 freeze to 3000
[16:18:08.991] [SEVERE ] updating countdown to 12996
[16:18:08.991] [SEVERE ] setting player 1 freeze to 3000
[16:18:08.991] [SEVERE ] setting player 4 freeze to 2000
[16:18:09.991] [SEVERE ] updating countdown to 11996
[16:18:09.991] [SEVERE ] setting player 2 freeze to 3000
[16:18:09.998] [SEVERE ] setting player 4 freeze to 1000
[16:18:09.998] [SEVERE ] setting player 1 freeze to 2000
[16:18:10.992] [SEVERE ] updating countdown to 10995
[16:18:10.992] [SEVERE ] setting player 3 freeze to 3000
[16:18:10.994] [SEVERE ] setting player 2 freeze to 2000
[16:18:10.998] [SEVERE ] setting player 4 freeze to 0
[16:18:10.998] [SEVERE ] removing player 4 token from slot 8
[16:18:10.999] [SEVERE ] removing player 4 token from slot 11
[16:18:10.999] [SEVERE ] player 4 placing token on slot 11
[16:18:10.999] [SEVERE ] setting player 1 freeze to 1000
[16:18:11.000] [SEVERE ] player 4 placing token on slot 3
[16:18:11.992] [SEVERE ] updating countdown to 9995
[16:18:11.993] [SEVERE ] setting player 3 freeze to 2000
[16:18:11.992] [SEVERE ] setting player 4 freeze to 3000
[16:18:12.000] [SEVERE ] setting player 2 freeze to 1000
[16:18:12.002] [SEVERE ] setting player 1 freeze to 0
[16:18:12.002] [SEVERE ] removing player 1 token from slot 10
[16:18:12.003] [SEVERE ] player 1 placing token on slot 4
[16:18:12.993] [SEVERE ] setting player 1 freeze to 3000
[16:18:12.993] [SEVERE ] updating countdown to 8994
[16:18:12.995] [SEVERE ] setting player 4 freeze to 2000
[16:18:12.993] [SEVERE ] setting player 3 freeze to 1000
[16:18:13.001] [SEVERE ] setting player 2 freeze to 0
[16:18:13.001] [SEVERE ] removing player 2 token from slot 2
[16:18:13.001] [SEVERE ] player 2 placing token on slot 4
[16:18:13.993] [SEVERE ] setting player 1 freeze to 2000
[16:18:13.997] [SEVERE ] updating countdown to 7990
[16:18:13.997] [SEVERE ] setting player 4 freeze to 1000
[16:18:13.998] [SEVERE ] setting player 3 freeze to 0
[16:18:13.998] [SEVERE ] removing player 3 token from slot 4
[16:18:13.998] [SEVERE ] player 3 placing token on slot 10
[16:18:13.997] [SEVERE ] setting player 2 freeze to 3000
[16:18:14.993] [SEVERE ] setting player 1 freeze to 1000
[16:18:14.997] [SEVERE ] setting player 3 freeze to 3000
[16:18:14.998] [SEVERE ] setting player 4 freeze to 0
[16:18:14.997] [SEVERE ] updating countdown to 6990
[16:18:14.999] [SEVERE ] setting player 2 freeze to 2000
[16:18:14.998] [SEVERE ] removing player 4 token from slot 11
[16:18:15.003] [SEVERE ] player 4 placing token on slot 8
[16:18:15.994] [SEVERE ] setting player 1 freeze to 0
[16:18:15.994] [SEVERE ] removing player 1 token from slot 9
[16:18:15.997] [SEVERE ] removing player 1 token from slot 4
[16:18:15.998] [SEVERE ] player 1 placing token on slot 1
[16:18:15.998] [SEVERE ] setting player 3 freeze to 2000
[16:18:15.998] [SEVERE ] removing player 1 token from slot 1
[16:18:15.999] [SEVERE ] setting player 2 freeze to 1000
[16:18:15.999] [SEVERE ] updating countdown to 5989
[16:18:15.999] [SEVERE ] setting player 4 freeze to 3000
[16:18:15.999] [SEVERE ] player 1 placing token on slot 8
[16:18:16.011] [SEVERE ] player 1 placing token on slot 7
[16:18:16.999] [SEVERE ] setting player 3 freeze to 1000
[16:18:17.000] [SEVERE ] setting player 1 freeze to 3000
[16:18:17.001] [SEVERE ] setting player 2 freeze to 0
[16:18:17.001] [SEVERE ] removing player 2 token from slot 1
[16:18:17.001] [SEVERE ] player 2 placing token on slot 7
[16:18:17.007] [SEVERE ] setting player 4 freeze to 2000
[16:18:17.011] [SEVERE ] setting player 2 freeze to 3000
[16:18:17.999] [SEVERE ] setting player 3 freeze to 0
[16:18:17.999] [SEVERE ] removing player 3 token from slot 5
[16:18:18.000] [SEVERE ] player 3 placing token on slot 3
[16:18:18.000] [SEVERE ] setting player 1 freeze to 2000
[16:18:18.001] [SEVERE ] setting player 3 freeze to 3000
[16:18:18.007] [SEVERE ] setting player 4 freeze to 1000
[16:18:18.015] [SEVERE ] setting player 2 freeze to 2000
[16:18:19.001] [SEVERE ] setting player 1 freeze to 1000
[16:18:19.002] [SEVERE ] setting player 3 freeze to 2000
[16:18:19.007] [SEVERE ] setting player 4 freeze to 0
[16:18:19.008] [SEVERE ] removing player 4 token from slot 4
[16:18:19.008] [SEVERE ] player 4 placing token on slot 6
[16:18:19.012] [SEVERE ] setting player 4 freeze to 3000
[16:18:19.015] [SEVERE ] setting player 2 freeze to 1000
[16:18:20.001] [SEVERE ] setting player 1 freeze to 0
[16:18:20.001] [SEVERE ] removing player 1 token from slot 7
[16:18:20.002] [SEVERE ] player 1 placing token on slot 4
[16:18:20.003] [SEVERE ] setting player 3 freeze to 1000
[16:18:20.009] [SEVERE ] setting player 1 freeze to 3000
[16:18:20.012] [SEVERE ] setting player 4 freeze to 2000
[16:18:20.015] [SEVERE ] setting player 2 freeze to 0
[16:18:20.016] [SEVERE ] removing player 2 token from slot 7
[16:18:20.016] [SEVERE ] player 2 placing token on slot 6
[16:18:20.019] [SEVERE ] setting player 2 freeze to 3000
[16:18:21.003] [SEVERE ] setting player 3 freeze to 0
[16:18:21.003] [SEVERE ] removing player 3 token from slot 10
[16:18:21.004] [SEVERE ] player 3 placing token on slot 10
[16:18:21.009] [SEVERE ] setting player 1 freeze to 2000
[16:18:21.013] [SEVERE ] setting player 4 freeze to 1000
[16:18:21.014] [SEVERE ] setting player 3 freeze to 3000
[16:18:21.020] [SEVERE ] setting player 2 freeze to 2000
[16:18:21.987] [SEVERE ] updating countdown to 15000
[16:18:21.987] [SEVERE ] updating countdown to 15000
[16:18:22.010] [SEVERE ] setting player 1 freeze to 1000
[16:18:22.013] [SEVERE ] setting player 4 freeze to 0
[16:18:22.013] [SEVERE ] removing player 4 token from slot 6
[16:18:22.013] [SEVERE ] player 4 placing token on slot 5
[16:18:22.014] [SEVERE ] setting player 3 freeze to 2000
[16:18:22.020] [SEVERE ] setting player 2 freeze to 1000
[16:18:22.088] [SEVERE ] removing card from slot 0
[16:18:22.188] [SEVERE ] removing card from slot 1
[16:18:22.289] [SEVERE ] removing card from slot 2
[16:18:22.389] [SEVERE ] removing card from slot 3
[16:18:22.489] [SEVERE ] removing card from slot 4
[16:18:22.590] [SEVERE ] removing card from slot 5
[16:18:22.690] [SEVERE ] removing card from slot 6
[16:18:22.791] [SEVERE ] removing card from slot 7
[16:18:22.891] [SEVERE ] removing card from slot 8
[16:18:22.991] [SEVERE ] removing card from slot 9
[16:18:23.010] [SEVERE ] setting player 1 freeze to 0
[16:18:23.010] [SEVERE ] removing player 1 token from slot 4
[16:18:23.010] [SEVERE ] player 1 placing token on slot 11
[16:18:23.014] [SEVERE ] setting player 3 freeze to 1000
[16:18:23.020] [SEVERE ] setting player 2 freeze to 0
[16:18:23.020] [SEVERE ] removing player 2 token from slot 6
[16:18:23.021] [SEVERE ] player 2 placing token on slot 5
[16:18:23.091] [SEVERE ] removing card from slot 10
[16:18:23.192] [SEVERE ] removing card from slot 11
[16:18:23.192] [SEVERE ] removing all tokens
[16:18:23.293] [SEVERE ] placing card 78 in slot 0
[16:18:23.393] [SEVERE ] placing card 9 in slot 1
[16:18:23.495] [SEVERE ] placing card 55 in slot 2
[16:18:23.596] [SEVERE ] placing card 14 in slot 3
[16:18:23.697] [SEVERE ] placing card 30 in slot 4
[16:18:23.798] [SEVERE ] placing card 80 in slot 5
[16:18:23.898] [SEVERE ] placing card 37 in slot 6
[16:18:23.998] [SEVERE ] placing card 15 in slot 7
[16:18:24.015] [SEVERE ] setting player 3 freeze to 0
[16:18:24.015] [SEVERE ] player 3 placing token on slot 5
[16:18:24.015] [SEVERE ] removing player 3 token from slot 5
[16:18:24.016] [SEVERE ] player 3 placing token on slot 2
[16:18:24.016] [SEVERE ] player 3 placing token on slot 4
[16:18:24.017] [SEVERE ] player 3 placing token on slot 8
[16:18:24.099] [SEVERE ] placing card 69 in slot 8
[16:18:24.199] [SEVERE ] placing card 3 in slot 9
[16:18:24.299] [SEVERE ] placing card 13 in slot 10
[16:18:24.399] [SEVERE ] placing card 45 in slot 11
[16:18:24.401] [INFO   ] Thread Thread-5starting.
[16:18:24.403] [INFO   ] Thread Thread-6starting.
[16:18:24.403] [INFO   ] Thread Thread-7starting.
[16:18:24.403] [SEVERE ] updating countdown to 15000
[16:18:24.404] [INFO   ] Thread Thread-8starting.
[16:18:24.416] [INFO   ] Thread computer-2 starting.
[16:18:24.417] [SEVERE ] removing player 3 token from slot 8
[16:18:24.418] [SEVERE ] player 3 placing token on slot 5
[16:18:24.421] [INFO   ] Thread computer-3 starting.
[16:18:24.421] [SEVERE ] player 4 placing token on slot 3
[16:18:24.421] [SEVERE ] player 4 placing token on slot 4
[16:18:24.422] [SEVERE ] player 4 placing token on slot 2
[16:18:24.425] [INFO   ] Thread computer-1 starting.
[16:18:24.425] [SEVERE ] player 2 placing token on slot 2
[16:18:24.428] [SEVERE ] player 2 placing token on slot 10
[16:18:24.437] [INFO   ] Thread computer-0 starting.
[16:18:24.437] [SEVERE ] player 1 placing token on slot 4
[16:18:24.437] [SEVERE ] player 2 placing token on slot 7
[16:18:24.438] [SEVERE ] player 1 placing token on slot 3
[16:18:24.438] [SEVERE ] player 1 placing token on slot 5
[16:18:25.404] [SEVERE ] setting player 4 freeze to 3000
[16:18:25.404] [SEVERE ] updating countdown to 13999
[16:18:25.404] [SEVERE ] setting player 4 freeze to 3000
[16:18:26.404] [SEVERE ] setting player 4 freeze to 2000
[16:18:26.405] [SEVERE ] updating countdown to 12998
[16:18:26.405] [SEVERE ] setting player 1 freeze to 3000
[16:18:26.405] [SEVERE ] setting player 1 freeze to 3000
[16:18:26.417] [SEVERE ] setting player 4 freeze to 2000
[16:18:27.405] [SEVERE ] setting player 4 freeze to 1000
[16:18:27.405] [SEVERE ] updating countdown to 11998
[16:18:27.405] [SEVERE ] setting player 2 freeze to 3000
[16:18:27.406] [SEVERE ] setting player 1 freeze to 2000
[16:18:27.406] [SEVERE ] setting player 2 freeze to 3000
[16:18:27.406] [SEVERE ] setting player 1 freeze to 2000
[16:18:27.417] [SEVERE ] setting player 4 freeze to 1000
[16:18:28.405] [SEVERE ] setting player 4 freeze to 0
[16:18:28.405] [SEVERE ] removing player 4 token from slot 3
[16:18:28.405] [SEVERE ] player 4 placing token on slot 7
[16:18:28.406] [SEVERE ] setting player 2 freeze to 2000
[16:18:28.409] [SEVERE ] setting player 2 freeze to 2000
[16:18:28.410] [SEVERE ] setting player 1 freeze to 1000
[16:18:28.410] [SEVERE ] updating countdown to 10993
[16:18:28.410] [SEVERE ] setting player 3 freeze to 3000
[16:18:28.410] [SEVERE ] setting player 1 freeze to 1000
[16:18:28.410] [SEVERE ] setting player 3 freeze to 3000
[16:18:28.417] [SEVERE ] setting player 4 freeze to 0
[16:18:29.406] [SEVERE ] setting player 2 freeze to 1000
[16:18:29.410] [SEVERE ] setting player 2 freeze to 1000
[16:18:29.410] [SEVERE ] setting player 1 freeze to 0
[16:18:29.410] [SEVERE ] removing player 1 token from slot 3
[16:18:29.410] [SEVERE ] player 1 placing token on slot 10
[16:18:29.411] [SEVERE ] updating countdown to 9992
[16:18:29.411] [SEVERE ] setting player 3 freeze to 2000
[16:18:29.412] [SEVERE ] setting player 1 freeze to 0
[16:18:29.412] [SEVERE ] setting player 3 freeze to 2000
[16:18:30.407] [SEVERE ] setting player 2 freeze to 0
[16:18:30.407] [SEVERE ] removing player 2 token from slot 7
[16:18:30.410] [SEVERE ] player 2 placing token on slot 9
[16:18:30.411] [SEVERE ] setting player 3 freeze to 1000
[16:18:30.411] [SEVERE ] updating countdown to 8992
[16:18:30.411] [SEVERE ] setting player 4 freeze to 3000
[16:18:30.410] [SEVERE ] setting player 2 freeze to 0
[16:18:30.413] [SEVERE ] setting player 3 freeze to 1000
[16:18:30.421] [SEVERE ] setting player 4 freeze to 3000
[16:18:31.413] [SEVERE ] setting player 3 freeze to 0
[16:18:31.413] [SEVERE ] removing player 3 token from slot 5
[16:18:31.413] [SEVERE ] updating countdown to 7990
[16:18:31.413] [SEVERE ] setting player 2 freeze to 3000
[16:18:31.417] [SEVERE ] player 3 placing token on slot 3
[16:18:31.420] [SEVERE ] setting player 4 freeze to 2000
[16:18:31.420] [SEVERE ] setting player 3 freeze to 0
[16:18:31.421] [SEVERE ] setting player 4 freeze to 2000
[16:18:31.425] [SEVERE ] setting player 2 freeze to 3000
[16:18:31.425] [SEVERE ] removing player 3 token from slot 2
[16:18:31.425] [SEVERE ] player 3 placing token on slot 2
[16:18:32.417] [SEVERE ] updating countdown to 6986
[16:18:32.417] [SEVERE ] setting player 1 freeze to 3000
[16:18:32.418] [SEVERE ] setting player 2 freeze to 2000
[16:18:32.419] [SEVERE ] setting player 1 freeze to 3000
[16:18:32.420] [SEVERE ] setting player 4 freeze to 1000
[16:18:32.421] [SEVERE ] setting player 4 freeze to 1000
[16:18:32.425] [SEVERE ] setting player 2 freeze to 2000
[16:18:33.418] [SEVERE ] updating countdown to 5985
[16:18:33.419] [SEVERE ] setting player 2 freeze to 1000
[16:18:33.421] [SEVERE ] setting player 4 freeze to 0
[16:18:33.421] [SEVERE ] setting player 4 freeze to 0
[16:18:33.425] [SEVERE ] removing player 4 token from slot 7
[16:18:33.426] [SEVERE ] removing player 4 token from slot 4
[16:18:33.426] [SEVERE ] player 4 placing token on slot 5
[16:18:33.426] [SEVERE ] player 4 placing token on slot 4
[16:18:33.425] [SEVERE ] setting player 2 freeze to 1000
[16:18:33.433] [SEVERE ] setting player 1 freeze to 2000
[16:18:33.433] [SEVERE ] setting player 1 freeze to 2000
[16:18:33.433] [SEVERE ] removing player 4 token from slot 5
[16:18:33.441] [SEVERE ] player 4 placing token on slot 11
[16:18:34.419] [SEVERE ] setting player 2 freeze to 0
[16:18:34.419] [SEVERE ] removing player 2 token from slot 2
[16:18:34.420] [SEVERE ] removing player 2 token from slot 9
[16:18:34.420] [SEVERE ] player 2 placing token on slot 4
[16:18:34.426] [SEVERE ] player 2 placing token on slot 5
[16:18:34.427] [SEVERE ] setting player 2 freeze to 0
[16:18:34.433] [SEVERE ] setting player 2 freeze to 3000
[16:18:34.433] [SEVERE ] setting player 1 freeze to 1000
[16:18:34.433] [SEVERE ] setting player 1 freeze to 1000
[16:18:34.434] [SEVERE ] setting player 2 freeze to 3000
[16:18:34.443] [SEVERE ] setting player 3 freeze to 3000
[16:18:34.443] [SEVERE ] setting player 3 freeze to 3000
[16:18:34.463] [SEVERE ] setting player 4 freeze to 3000
[16:18:34.463] [SEVERE ] setting player 4 freeze to 3000
[16:18:35.433] [SEVERE ] setting player 2 freeze to 2000
[16:18:35.433] [SEVERE ] setting player 1 freeze to 0
[16:18:35.433] [SEVERE ] removing player 1 token from slot 5
[16:18:35.434] [SEVERE ] setting player 1 freeze to 0
[16:18:35.436] [SEVERE ] setting player 2 freeze to 2000
[16:18:35.443] [SEVERE ] setting player 3 freeze to 2000
[16:18:35.443] [SEVERE ] setting player 3 freeze to 2000
[16:18:35.434] [SEVERE ] player 1 placing token on slot 9
[16:18:35.453] [SEVERE ] removing player 1 token from slot 9
[16:18:35.453] [SEVERE ] player 1 placing token on slot 1
[16:18:35.459] [SEVERE ] setting player 1 freeze to 3000
[16:18:35.463] [SEVERE ] setting player 4 freeze to 2000
[16:18:35.464] [SEVERE ] setting player 4 freeze to 2000
[16:18:35.471] [SEVERE ] setting player 1 freeze to 3000
[16:18:36.433] [SEVERE ] setting player 2 freeze to 1000
[16:18:36.436] [SEVERE ] setting player 2 freeze to 1000
[16:18:36.443] [SEVERE ] setting player 3 freeze to 1000
[16:18:36.444] [SEVERE ] setting player 3 freeze to 1000
[16:18:36.459] [SEVERE ] setting player 1 freeze to 2000
[16:18:36.463] [SEVERE ] setting player 4 freeze to 1000
[16:18:36.464] [SEVERE ] setting player 4 freeze to 1000
[16:18:36.471] [SEVERE ] setting player 1 freeze to 2000
[16:18:37.433] [SEVERE ] setting player 2 freeze to 0
[16:18:37.433] [SEVERE ] removing player 2 token from slot 5
[16:18:37.434] [SEVERE ] player 2 placing token on slot 3
[16:18:37.435] [SEVERE ] removing player 2 token from slot 4
[16:18:37.435] [SEVERE ] player 2 placing token on slot 5
[16:18:37.436] [SEVERE ] setting player 2 freeze to 0
[16:18:37.438] [SEVERE ] setting player 2 freeze to 3000
[16:18:37.438] [SEVERE ] setting player 2 freeze to 3000
[16:18:37.443] [SEVERE ] setting player 3 freeze to 0
[16:18:37.443] [SEVERE ] removing player 3 token from slot 4
[16:18:37.444] [SEVERE ] setting player 3 freeze to 0
[16:18:37.444] [SEVERE ] player 3 placing token on slot 6
[16:18:37.457] [SEVERE ] removing player 3 token from slot 3
[16:18:37.457] [SEVERE ] player 3 placing token on slot 8
[16:18:37.459] [SEVERE ] setting player 3 freeze to 3000
[16:18:37.459] [SEVERE ] setting player 3 freeze to 3000
[16:18:37.459] [SEVERE ] setting player 1 freeze to 1000
[16:18:37.464] [SEVERE ] setting player 4 freeze to 0
[16:18:37.464] [SEVERE ] removing player 4 token from slot 4
[16:18:37.464] [SEVERE ] player 4 placing token on slot 4
[16:18:37.469] [SEVERE ] removing player 4 token from slot 11
[16:18:37.469] [SEVERE ] setting player 4 freeze to 0
[16:18:37.471] [SEVERE ] setting player 1 freeze to 1000
[16:18:37.470] [SEVERE ] player 4 placing token on slot 10
[16:18:37.481] [SEVERE ] setting player 4 freeze to 3000
[16:18:37.491] [SEVERE ] setting player 4 freeze to 3000
[16:18:38.438] [SEVERE ] setting player 2 freeze to 2000
[16:18:38.439] [SEVERE ] setting player 2 freeze to 2000
[16:18:38.459] [SEVERE ] setting player 3 freeze to 2000
[16:18:38.459] [SEVERE ] setting player 3 freeze to 2000
[16:18:38.460] [SEVERE ] setting player 1 freeze to 0
[16:18:38.471] [SEVERE ] setting player 1 freeze to 0
[16:18:38.471] [SEVERE ] removing player 1 token from slot 10
[16:18:38.472] [SEVERE ] player 1 placing token on slot 7
[16:18:38.481] [SEVERE ] setting player 4 freeze to 2000
[16:18:38.485] [SEVERE ] removing player 1 token from slot 4
[16:18:38.486] [SEVERE ] player 1 placing token on slot 3
[16:18:38.487] [SEVERE ] setting player 1 freeze to 3000
[16:18:38.489] [SEVERE ] setting player 1 freeze to 3000
[16:18:38.491] [SEVERE ] setting player 4 freeze to 2000
[16:18:39.406] [SEVERE ] updating countdown to 15000
[16:18:39.406] [SEVERE ] updating countdown to 15000
[16:18:39.439] [SEVERE ] setting player 2 freeze to 1000
[16:18:39.439] [SEVERE ] setting player 2 freeze to 1000
[16:18:39.459] [SEVERE ] setting player 3 freeze to 1000
[16:18:39.459] [SEVERE ] setting player 3 freeze to 1000
[16:18:39.485] [SEVERE ] setting player 4 freeze to 1000
[16:18:39.487] [SEVERE ] setting player 1 freeze to 2000
[16:18:39.489] [SEVERE ] setting player 1 freeze to 2000
[16:18:39.492] [SEVERE ] setting player 4 freeze to 1000
[16:18:39.507] [SEVERE ] removing card from slot 0
[16:18:39.607] [SEVERE ] removing card from slot 1
[16:18:39.707] [SEVERE ] removing card from slot 2
[16:18:39.807] [SEVERE ] removing card from slot 3
[16:18:39.907] [SEVERE ] removing card from slot 4
[16:18:40.008] [SEVERE ] removing card from slot 5
[16:18:40.108] [SEVERE ] removing card from slot 6
[16:18:40.208] [SEVERE ] removing card from slot 7
[16:18:40.308] [SEVERE ] removing card from slot 8
[16:18:40.408] [SEVERE ] removing card from slot 9
[16:18:40.439] [SEVERE ] setting player 2 freeze to 0
[16:18:40.439] [SEVERE ] setting player 2 freeze to 0
[16:18:40.453] [SEVERE ] removing player 2 token from slot 5
[16:18:40.453] [SEVERE ] removing player 2 token from slot 3
[16:18:40.453] [SEVERE ] player 2 placing token on slot 7
[16:18:40.454] [SEVERE ] removing player 2 token from slot 10
[16:18:40.454] [SEVERE ] player 2 placing token on slot 10
[16:18:40.454] [SEVERE ] player 2 placing token on slot 5
[16:18:40.455] [SEVERE ] removing player 2 token from slot 10
[16:18:40.455] [SEVERE ] player 2 placing token on slot 2
[16:18:40.459] [SEVERE ] setting player 3 freeze to 0
[16:18:40.460] [SEVERE ] setting player 3 freeze to 0
[16:18:40.468] [SEVERE ] removing player 3 token from slot 6
[16:18:40.468] [SEVERE ] player 3 placing token on slot 7
[16:18:40.477] [SEVERE ] removing player 3 token from slot 7
[16:18:40.477] [SEVERE ] removing player 3 token from slot 8
[16:18:40.478] [SEVERE ] player 3 placing token on slot 5
[16:18:40.478] [SEVERE ] removing player 3 token from slot 2
[16:18:40.479] [SEVERE ] player 3 placing token on slot 9
[16:18:40.479] [SEVERE ] removing player 3 token from slot 9
[16:18:40.480] [SEVERE ] player 3 placing token on slot 10
[16:18:40.480] [SEVERE ] player 3 placing token on slot 1
[16:18:40.485] [SEVERE ] setting player 4 freeze to 0
[16:18:40.486] [SEVERE ] removing player 4 token from slot 10
[16:18:40.486] [SEVERE ] removing player 4 token from slot 4
[16:18:40.487] [SEVERE ] player 4 placing token on slot 6
[16:18:40.487] [SEVERE ] setting player 1 freeze to 1000
[16:18:40.488] [SEVERE ] player 4 placing token on slot 1
[16:18:40.489] [SEVERE ] setting player 1 freeze to 1000
[16:18:40.492] [SEVERE ] setting player 4 freeze to 0
[16:18:40.497] [SEVERE ] removing player 4 token from slot 2
[16:18:40.497] [SEVERE ] player 4 placing token on slot 9
[16:18:40.509] [SEVERE ] removing card from slot 10
[16:18:40.609] [SEVERE ] removing card from slot 11
[16:18:40.609] [SEVERE ] removing all tokens
[16:18:40.710] [SEVERE ] placing card 29 in slot 0
[16:18:40.810] [SEVERE ] placing card 65 in slot 1
[16:18:40.910] [SEVERE ] placing card 76 in slot 2
[16:18:41.010] [SEVERE ] placing card 27 in slot 3
[16:18:41.111] [SEVERE ] placing card 72 in slot 4
[16:18:41.211] [SEVERE ] placing card 63 in slot 5
[16:18:41.311] [SEVERE ] placing card 34 in slot 6
[16:18:41.411] [SEVERE ] placing card 51 in slot 7
[16:18:41.488] [SEVERE ] setting player 1 freeze to 0
[16:18:41.490] [SEVERE ] setting player 1 freeze to 0
[16:18:41.497] [SEVERE ] player 1 placing token on slot 6
[16:18:41.497] [SEVERE ] player 1 placing token on slot 10
[16:18:41.497] [SEVERE ] player 1 placing token on slot 8
[16:18:41.498] [SEVERE ] removing player 1 token from slot 10
[16:18:41.498] [SEVERE ] removing player 1 token from slot 6
[16:18:41.498] [SEVERE ] player 1 placing token on slot 9
[16:18:41.499] [SEVERE ] player 1 placing token on slot 1
[16:18:41.512] [SEVERE ] placing card 74 in slot 8
[16:18:41.612] [SEVERE ] placing card 24 in slot 9
[16:18:41.712] [SEVERE ] placing card 7 in slot 10
[16:18:41.812] [SEVERE ] placing card 62 in slot 11
[16:18:41.821] [INFO   ] Thread Thread-9starting.
[16:18:41.831] [INFO   ] Thread Thread-10starting.
[16:18:41.841] [INFO   ] Thread computer-0 starting.
[16:18:41.841] [SEVERE ] removing player 1 token from slot 8
[16:18:41.842] [SEVERE ] player 1 placing token on slot 10
[16:18:41.857] [INFO   ] Thread computer-1 starting.
[16:18:41.857] [SEVERE ] player 2 placing token on slot 4
[16:18:41.857] [SEVERE ] player 2 placing token on slot 3
[16:18:41.858] [SEVERE ] player 2 placing token on slot 8
[16:18:41.865] [INFO   ] Thread Thread-11starting.
[16:18:41.877] [SEVERE ] updating countdown to 15000
[16:18:41.885] [INFO   ] Thread Thread-12starting.
[16:18:41.897] [INFO   ] Thread computer-2 starting.
[16:18:41.897] [SEVERE ] player 3 placing token on slot 9
[16:18:41.897] [SEVERE ] player 3 placing token on slot 6
[16:18:41.898] [SEVERE ] player 3 placing token on slot 2
[16:18:41.898] [INFO   ] Thread computer-3 starting.
[16:18:41.899] [SEVERE ] player 4 placing token on slot 3
[16:18:41.899] [SEVERE ] player 4 placing token on slot 4
[16:18:41.900] [SEVERE ] player 4 placing token on slot 8
[16:18:42.877] [SEVERE ] updating countdown to 14000
[16:18:42.881] [SEVERE ] setting player 2 freeze to 3000
[16:18:42.877] [SEVERE ] setting player 2 freeze to 3000
[16:18:42.885] [SEVERE ] setting player 2 freeze to 3000
[16:18:43.881] [SEVERE ] setting player 2 freeze to 2000
[16:18:43.884] [SEVERE ] setting player 2 freeze to 2000
[16:18:43.887] [SEVERE ] setting player 2 freeze to 2000
[16:18:43.889] [SEVERE ] updating countdown to 12988
[16:18:44.881] [SEVERE ] setting player 2 freeze to 1000
[16:18:44.884] [SEVERE ] setting player 2 freeze to 1000
[16:18:44.887] [SEVERE ] setting player 2 freeze to 1000
[16:18:44.889] [SEVERE ] setting player 3 freeze to 3000
[16:18:44.889] [SEVERE ] updating countdown to 11988
[16:18:44.893] [SEVERE ] setting player 3 freeze to 3000
[16:18:44.897] [SEVERE ] setting player 3 freeze to 3000
[16:18:45.881] [SEVERE ] setting player 2 freeze to 0
[16:18:45.882] [SEVERE ] removing player 2 token from slot 3
[16:18:45.882] [SEVERE ] player 2 placing token on slot 10
[16:18:45.883] [SEVERE ] removing player 2 token from slot 8
[16:18:45.883] [SEVERE ] removing player 2 token from slot 10
[16:18:45.883] [SEVERE ] player 2 placing token on slot 3
[16:18:45.884] [SEVERE ] player 2 placing token on slot 7
[16:18:45.884] [SEVERE ] setting player 2 freeze to 0
[16:18:45.887] [SEVERE ] setting player 2 freeze to 0
[16:18:45.890] [SEVERE ] setting player 3 freeze to 2000
[16:18:45.890] [SEVERE ] updating countdown to 10987
[16:18:45.901] [SEVERE ] setting player 3 freeze to 2000
[16:18:45.901] [SEVERE ] setting player 3 freeze to 2000
[16:18:46.890] [SEVERE ] setting player 3 freeze to 1000
[16:18:46.891] [SEVERE ] setting player 4 freeze to 3000
[16:18:46.891] [SEVERE ] setting player 4 freeze to 3000
[16:18:46.891] [SEVERE ] updating countdown to 9986
[16:18:46.891] [SEVERE ] setting player 4 freeze to 3000
[16:18:46.901] [SEVERE ] setting player 3 freeze to 1000
[16:18:46.901] [SEVERE ] setting player 3 freeze to 1000
[16:18:47.891] [SEVERE ] setting player 3 freeze to 0
[16:18:47.897] [SEVERE ] removing player 3 token from slot 6
[16:18:47.897] [SEVERE ] player 3 placing token on slot 8
[16:18:47.897] [SEVERE ] removing player 3 token from slot 9
[16:18:47.898] [SEVERE ] player 3 placing token on slot 5
[16:18:47.901] [SEVERE ] setting player 4 freeze to 2000
[16:18:47.901] [SEVERE ] setting player 4 freeze to 2000
[16:18:47.902] [SEVERE ] updating countdown to 8975
[16:18:47.903] [SEVERE ] setting player 3 freeze to 0
[16:18:47.903] [SEVERE ] setting player 4 freeze to 2000
[16:18:47.905] [SEVERE ] setting player 3 freeze to 0
[16:18:48.901] [SEVERE ] setting player 4 freeze to 1000
[16:18:48.902] [SEVERE ] setting player 1 freeze to 3000
[16:18:48.902] [SEVERE ] updating countdown to 7975
[16:18:48.905] [SEVERE ] setting player 1 freeze to 3000
[16:18:48.913] [SEVERE ] setting player 4 freeze to 1000
[16:18:48.913] [SEVERE ] setting player 1 freeze to 3000
[16:18:48.913] [SEVERE ] setting player 4 freeze to 1000
[16:18:49.901] [SEVERE ] setting player 4 freeze to 0
[16:18:49.901] [SEVERE ] removing player 4 token from slot 8
[16:18:49.902] [SEVERE ] player 4 placing token on slot 8
[16:18:49.902] [SEVERE ] setting player 1 freeze to 2000
[16:18:49.903] [SEVERE ] removing player 4 token from slot 4
[16:18:49.903] [SEVERE ] player 4 placing token on slot 2
[16:18:49.909] [SEVERE ] updating countdown to 6968
[16:18:49.921] [SEVERE ] setting player 4 freeze to 0
[16:18:49.921] [SEVERE ] setting player 4 freeze to 0
[16:18:49.921] [SEVERE ] setting player 1 freeze to 2000
[16:18:49.949] [SEVERE ] setting player 1 freeze to 2000
[16:18:50.903] [SEVERE ] setting player 1 freeze to 1000
[16:18:50.909] [SEVERE ] updating countdown to 5968
[16:18:50.945] [SEVERE ] setting player 1 freeze to 1000
[16:18:50.949] [SEVERE ] setting player 1 freeze to 1000
[16:18:51.903] [SEVERE ] setting player 1 freeze to 0
[16:18:51.903] [SEVERE ] removing player 1 token from slot 9
[16:18:51.903] [SEVERE ] player 1 placing token on slot 5
[16:18:51.904] [SEVERE ] removing player 1 token from slot 5
[16:18:51.904] [SEVERE ] player 1 placing token on slot 4
[16:18:51.905] [SEVERE ] removing player 1 token from slot 1
[16:18:51.905] [SEVERE ] player 1 placing token on slot 7
[16:18:51.909] [SEVERE ] setting player 2 freeze to 3000
[16:18:51.909] [SEVERE ] setting player 2 freeze to 3000
[16:18:51.919] [SEVERE ] setting player 3 freeze to 3000
[16:18:51.920] [SEVERE ] setting player 3 freeze to 3000
[16:18:51.919] [SEVERE ] setting player 2 freeze to 3000
[16:18:51.919] [SEVERE ] setting player 3 freeze to 3000
[16:18:51.933] [SEVERE ] setting player 4 freeze to 3000
[16:18:51.933] [SEVERE ] setting player 4 freeze to 3000
[16:18:51.933] [SEVERE ] setting player 4 freeze to 3000
[16:18:51.945] [SEVERE ] setting player 1 freeze to 0
[16:18:51.949] [SEVERE ] setting player 1 freeze to 0
[16:18:52.013] [SEVERE ] setting player 1 freeze to 3000
[16:18:52.020] [SEVERE ] setting player 1 freeze to 3000
[16:18:52.025] [SEVERE ] setting player 1 freeze to 3000
[16:18:52.909] [SEVERE ] setting player 2 freeze to 2000
[16:18:52.910] [SEVERE ] setting player 2 freeze to 2000
[16:18:52.920] [SEVERE ] setting player 3 freeze to 2000
[16:18:52.929] [SEVERE ] setting player 3 freeze to 2000
[16:18:52.929] [SEVERE ] setting player 2 freeze to 2000
[16:18:52.939] [SEVERE ] setting player 3 freeze to 2000
[16:18:52.940] [SEVERE ] setting player 4 freeze to 2000
[16:18:52.940] [SEVERE ] setting player 4 freeze to 2000
[16:18:52.941] [SEVERE ] setting player 4 freeze to 2000
[16:18:53.017] [SEVERE ] setting player 1 freeze to 2000
[16:18:53.020] [SEVERE ] setting player 1 freeze to 2000
[16:18:53.025] [SEVERE ] setting player 1 freeze to 2000
[16:18:53.910] [SEVERE ] setting player 2 freeze to 1000
[16:18:53.910] [SEVERE ] setting player 2 freeze to 1000
[16:18:53.920] [SEVERE ] setting player 3 freeze to 1000
[16:18:53.929] [SEVERE ] setting player 3 freeze to 1000
[16:18:53.929] [SEVERE ] setting player 2 freeze to 1000
[16:18:53.940] [SEVERE ] setting player 3 freeze to 1000
[16:18:53.940] [SEVERE ] setting player 4 freeze to 1000
[16:18:53.940] [SEVERE ] setting player 4 freeze to 1000
[16:18:53.941] [SEVERE ] setting player 4 freeze to 1000
[16:18:54.017] [SEVERE ] setting player 1 freeze to 1000
[16:18:54.020] [SEVERE ] setting player 1 freeze to 1000
[16:18:54.025] [SEVERE ] setting player 1 freeze to 1000
[16:18:54.910] [SEVERE ] setting player 2 freeze to 0
[16:18:54.910] [SEVERE ] setting player 2 freeze to 0
[16:18:54.913] [SEVERE ] removing player 2 token from slot 4
[16:18:54.913] [SEVERE ] player 2 placing token on slot 2
[16:18:54.916] [SEVERE ] setting player 2 freeze to 3000
[16:18:54.916] [SEVERE ] setting player 2 freeze to 3000
[16:18:54.920] [SEVERE ] setting player 3 freeze to 0
[16:18:54.920] [SEVERE ] removing player 3 token from slot 5
[16:18:54.920] [SEVERE ] removing player 3 token from slot 8
[16:18:54.929] [SEVERE ] setting player 2 freeze to 0
[16:18:54.929] [SEVERE ] setting player 3 freeze to 0
[16:18:54.930] [SEVERE ] removing player 2 token from slot 3
[16:18:54.929] [SEVERE ] player 3 placing token on slot 7
[16:18:54.933] [SEVERE ] player 3 placing token on slot 3
[16:18:54.937] [SEVERE ] removing player 3 token from slot 2
[16:18:54.937] [SEVERE ] player 3 placing token on slot 9
[16:18:54.940] [SEVERE ] setting player 3 freeze to 0
[16:18:54.941] [SEVERE ] setting player 4 freeze to 0
[16:18:54.941] [SEVERE ] setting player 4 freeze to 0
[16:18:54.941] [SEVERE ] removing player 3 token from slot 7
[16:18:54.941] [SEVERE ] player 3 placing token on slot 5
[16:18:54.947] [SEVERE ] setting player 3 freeze to 3000
[16:18:54.947] [SEVERE ] removing player 4 token from slot 3
[16:18:54.948] [SEVERE ] player 4 placing token on slot 7
[16:18:54.933] [SEVERE ] player 2 placing token on slot 10
[16:18:54.948] [SEVERE ] removing player 4 token from slot 8
[16:18:54.949] [SEVERE ] player 4 placing token on slot 4
[16:18:54.945] [SEVERE ] setting player 4 freeze to 0
[16:18:54.957] [SEVERE ] removing player 4 token from slot 4
[16:18:54.957] [SEVERE ] player 4 placing token on slot 4
[16:18:54.948] [SEVERE ] removing player 2 token from slot 7
[16:18:54.961] [SEVERE ] player 2 placing token on slot 8
[16:18:54.961] [SEVERE ] removing player 2 token from slot 2
[16:18:54.962] [SEVERE ] player 2 placing token on slot 11
[16:18:54.965] [SEVERE ] setting player 3 freeze to 3000
[16:18:54.947] [SEVERE ] setting player 3 freeze to 3000
[16:18:54.978] [SEVERE ] setting player 4 freeze to 3000
[16:18:54.978] [SEVERE ] setting player 4 freeze to 3000
[16:18:54.988] [SEVERE ] setting player 2 freeze to 3000
[16:18:54.978] [SEVERE ] setting player 4 freeze to 3000
[16:18:55.018] [SEVERE ] setting player 1 freeze to 0
[16:18:55.018] [SEVERE ] removing player 1 token from slot 10
[16:18:55.018] [SEVERE ] removing player 1 token from slot 7
[16:18:55.019] [SEVERE ] player 1 placing token on slot 8
[16:18:55.019] [SEVERE ] player 1 placing token on slot 2
[16:18:55.019] [SEVERE ] removing player 1 token from slot 4
[16:18:55.020] [SEVERE ] player 1 placing token on slot 1
[16:18:55.020] [SEVERE ] setting player 1 freeze to 0
[16:18:55.025] [SEVERE ] setting player 1 freeze to 0
[16:18:55.041] [SEVERE ] removing player 1 token from slot 8
[16:18:55.041] [SEVERE ] removing player 1 token from slot 2
[16:18:55.042] [SEVERE ] player 1 placing token on slot 10
[16:18:55.042] [SEVERE ] removing player 1 token from slot 1
[16:18:55.043] [SEVERE ] removing player 1 token from slot 10
[16:18:55.043] [SEVERE ] player 1 placing token on slot 4
[16:18:55.044] [SEVERE ] removing player 1 token from slot 4
[16:18:55.044] [SEVERE ] player 1 placing token on slot 9
[16:18:55.045] [SEVERE ] player 1 placing token on slot 7
[16:18:55.045] [SEVERE ] player 1 placing token on slot 11
[16:18:55.046] [SEVERE ] setting player 1 freeze to 3000
[16:18:55.046] [SEVERE ] setting player 1 freeze to 3000
[16:18:55.056] [SEVERE ] setting player 1 freeze to 3000
[16:18:55.877] [SEVERE ] updating countdown to 1000
[16:18:55.917] [SEVERE ] setting player 2 freeze to 2000
[16:18:55.918] [SEVERE ] setting player 2 freeze to 2000
[16:18:55.947] [SEVERE ] setting player 3 freeze to 2000
[16:18:55.965] [SEVERE ] setting player 3 freeze to 2000
[16:18:55.968] [SEVERE ] setting player 3 freeze to 2000
[16:18:55.978] [SEVERE ] setting player 4 freeze to 2000
[16:18:55.986] [SEVERE ] setting player 4 freeze to 2000
[16:18:55.988] [SEVERE ] setting player 2 freeze to 2000
[16:18:55.988] [SEVERE ] setting player 4 freeze to 2000
[16:18:56.046] [SEVERE ] setting player 1 freeze to 2000
[16:18:56.047] [SEVERE ] setting player 1 freeze to 2000
[16:18:56.056] [SEVERE ] setting player 1 freeze to 2000
[16:18:56.877] [SEVERE ] updating countdown to 15000
[16:18:56.877] [SEVERE ] updating countdown to 15000
[16:18:56.917] [SEVERE ] setting player 2 freeze to 1000
[16:18:56.918] [SEVERE ] setting player 2 freeze to 1000
[16:18:56.947] [SEVERE ] setting player 3 freeze to 1000
[16:18:56.965] [SEVERE ] setting player 3 freeze to 1000
[16:18:56.968] [SEVERE ] setting player 3 freeze to 1000
[16:18:56.977] [SEVERE ] removing card from slot 0
[16:18:56.978] [SEVERE ] setting player 4 freeze to 1000
[16:18:56.986] [SEVERE ] setting player 4 freeze to 1000
[16:18:56.988] [SEVERE ] setting player 2 freeze to 1000
[16:18:56.988] [SEVERE ] setting player 4 freeze to 1000
[16:18:57.047] [SEVERE ] setting player 1 freeze to 1000
[16:18:57.047] [SEVERE ] setting player 1 freeze to 1000
[16:18:57.056] [SEVERE ] setting player 1 freeze to 1000
[16:18:57.078] [SEVERE ] removing card from slot 1
[16:18:57.178] [SEVERE ] removing card from slot 2
[16:18:57.278] [SEVERE ] removing card from slot 3
[16:18:57.378] [SEVERE ] removing card from slot 4
[16:18:57.478] [SEVERE ] removing card from slot 5
[16:18:57.579] [SEVERE ] removing card from slot 6
[16:18:57.679] [SEVERE ] removing card from slot 7
[16:18:57.779] [SEVERE ] removing card from slot 8
[16:18:57.879] [SEVERE ] removing card from slot 9
[16:18:57.918] [SEVERE ] setting player 2 freeze to 0
[16:18:57.918] [SEVERE ] removing player 2 token from slot 10
[16:18:57.921] [SEVERE ] setting player 2 freeze to 0
[16:18:57.929] [SEVERE ] player 2 placing token on slot 3
[16:18:57.930] [SEVERE ] removing player 2 token from slot 3
[16:18:57.930] [SEVERE ] player 2 placing token on slot 6
[16:18:57.930] [SEVERE ] removing player 2 token from slot 11
[16:18:57.931] [SEVERE ] player 2 placing token on slot 5
[16:18:57.948] [SEVERE ] setting player 3 freeze to 0
[16:18:57.948] [SEVERE ] removing player 3 token from slot 3
[16:18:57.948] [SEVERE ] removing player 3 token from slot 5
[16:18:57.949] [SEVERE ] player 3 placing token on slot 8
[16:18:57.949] [SEVERE ] player 3 placing token on slot 3
[16:18:57.949] [SEVERE ] removing player 3 token from slot 8
[16:18:57.950] [SEVERE ] player 3 placing token on slot 1
[16:18:57.950] [SEVERE ] removing player 3 token from slot 3
[16:18:57.951] [SEVERE ] player 3 placing token on slot 3
[16:18:57.965] [SEVERE ] setting player 3 freeze to 0
[16:18:57.968] [SEVERE ] setting player 3 freeze to 0
[16:18:57.978] [SEVERE ] setting player 4 freeze to 0
[16:18:57.978] [SEVERE ] removing player 4 token from slot 4
[16:18:57.979] [SEVERE ] player 4 placing token on slot 4
[16:18:57.979] [SEVERE ] removing player 4 token from slot 7
[16:18:57.980] [SEVERE ] player 4 placing token on slot 3
[16:18:57.979] [SEVERE ] removing card from slot 10
[16:18:57.980] [SEVERE ] removing player 4 token from slot 3
[16:18:57.981] [SEVERE ] player 4 placing token on slot 8
[16:18:57.986] [SEVERE ] setting player 4 freeze to 0
[16:18:57.988] [SEVERE ] setting player 2 freeze to 0
[16:18:57.989] [SEVERE ] setting player 4 freeze to 0
[16:18:58.047] [SEVERE ] setting player 1 freeze to 0
[16:18:58.047] [SEVERE ] removing player 1 token from slot 7
[16:18:58.047] [SEVERE ] setting player 1 freeze to 0
[16:18:58.047] [SEVERE ] player 1 placing token on slot 4
[16:18:58.056] [SEVERE ] removing player 1 token from slot 11
[16:18:58.057] [SEVERE ] setting player 1 freeze to 0
[16:18:58.057] [SEVERE ] player 1 placing token on slot 11
[16:18:58.058] [SEVERE ] removing player 1 token from slot 9
[16:18:58.058] [SEVERE ] player 1 placing token on slot 2
[16:18:58.081] [SEVERE ] removing card from slot 11
[16:18:58.081] [SEVERE ] removing all tokens
[16:18:58.181] [SEVERE ] placing card 3 in slot 0
[16:18:58.281] [SEVERE ] placing card 75 in slot 1
[16:18:58.382] [SEVERE ] placing card 49 in slot 2
[16:18:58.482] [SEVERE ] placing card 11 in slot 3
[16:18:58.582] [SEVERE ] placing card 31 in slot 4
[16:18:58.682] [SEVERE ] placing card 79 in slot 5
[16:18:58.783] [SEVERE ] placing card 59 in slot 6
[16:18:58.883] [SEVERE ] placing card 46 in slot 7
[16:18:58.983] [SEVERE ] placing card 5 in slot 8
[16:18:59.085] [SEVERE ] placing card 4 in slot 9
[16:18:59.185] [SEVERE ] placing card 77 in slot 10
[16:18:59.285] [SEVERE ] placing card 0 in slot 11
[16:18:59.297] [INFO   ] Thread Thread-13starting.
[16:18:59.313] [INFO   ] Thread Thread-14starting.
[16:18:59.325] [INFO   ] Thread Thread-15starting.
[16:18:59.341] [SEVERE ] updating countdown to 15000
[16:18:59.341] [INFO   ] Thread Thread-16starting.
[16:18:59.357] [INFO   ] Thread computer-0 starting.
[16:18:59.357] [SEVERE ] player 1 placing token on slot 11
[16:18:59.358] [SEVERE ] player 1 placing token on slot 10
[16:18:59.358] [SEVERE ] player 1 placing token on slot 6
[16:18:59.373] [INFO   ] Thread computer-1 starting.
[16:18:59.373] [SEVERE ] player 2 placing token on slot 4
[16:18:59.373] [SEVERE ] player 2 placing token on slot 6
[16:18:59.374] [SEVERE ] player 2 placing token on slot 10
[16:18:59.386] [INFO   ] Thread computer-2 starting.
[16:18:59.387] [SEVERE ] player 3 placing token on slot 4
[16:18:59.393] [SEVERE ] player 3 placing token on slot 1
[16:18:59.393] [SEVERE ] player 3 placing token on slot 10
[16:18:59.409] [INFO   ] Thread computer-3 starting.
[16:18:59.409] [SEVERE ] player 4 placing token on slot 8
[16:18:59.409] [SEVERE ] player 4 placing token on slot 5
[16:18:59.409] [SEVERE ] player 4 placing token on slot 11
[16:19:00.341] [SEVERE ] setting player 2 freeze to 3000
[16:19:00.341] [SEVERE ] updating countdown to 14000
[16:19:00.342] [SEVERE ] setting player 2 freeze to 3000
[16:19:00.341] [SEVERE ] setting player 2 freeze to 3000
[16:19:00.377] [SEVERE ] setting player 2 freeze to 3000
[16:19:01.342] [SEVERE ] updating countdown to 12999
[16:19:01.342] [SEVERE ] setting player 2 freeze to 2000
[16:19:01.344] [SEVERE ] setting player 2 freeze to 2000
[16:19:01.349] [SEVERE ] setting player 2 freeze to 2000
[16:19:01.377] [SEVERE ] setting player 2 freeze to 2000
[16:19:02.342] [SEVERE ] updating countdown to 11999
[16:19:02.342] [SEVERE ] setting player 2 freeze to 1000
[16:19:02.344] [SEVERE ] setting player 2 freeze to 1000
[16:19:02.349] [SEVERE ] setting player 2 freeze to 1000
[16:19:02.377] [SEVERE ] setting player 2 freeze to 1000
[16:19:03.342] [SEVERE ] setting player 3 freeze to 3000
[16:19:03.343] [SEVERE ] setting player 2 freeze to 0
[16:19:03.343] [SEVERE ] removing player 2 token from slot 6
[16:19:03.343] [SEVERE ] player 2 placing token on slot 9
[16:19:03.344] [SEVERE ] removing player 2 token from slot 9
[16:19:03.353] [SEVERE ] removing player 2 token from slot 4
[16:19:03.353] [SEVERE ] player 2 placing token on slot 5
[16:19:03.356] [SEVERE ] player 2 placing token on slot 2
[16:19:03.342] [SEVERE ] setting player 3 freeze to 3000
[16:19:03.342] [SEVERE ] setting player 3 freeze to 3000
[16:19:03.342] [SEVERE ] setting player 3 freeze to 3000
[16:19:03.342] [SEVERE ] updating countdown to 10999
[16:19:03.357] [SEVERE ] removing player 2 token from slot 5
[16:19:03.349] [SEVERE ] setting player 2 freeze to 0
[16:19:03.344] [SEVERE ] setting player 2 freeze to 0
[16:19:03.359] [SEVERE ] removing player 2 token from slot 2
[16:19:03.360] [SEVERE ] player 2 placing token on slot 4
[16:19:03.360] [SEVERE ] removing player 2 token from slot 4
[16:19:03.361] [SEVERE ] player 2 placing token on slot 7
[16:19:03.361] [SEVERE ] player 2 placing token on slot 3
[16:19:03.377] [SEVERE ] setting player 2 freeze to 0
[16:19:04.343] [SEVERE ] setting player 3 freeze to 2000
[16:19:04.357] [SEVERE ] setting player 3 freeze to 2000
[16:19:04.357] [SEVERE ] setting player 3 freeze to 2000
[16:19:04.358] [SEVERE ] setting player 3 freeze to 2000
[16:19:04.358] [SEVERE ] updating countdown to 9983
[16:19:05.343] [SEVERE ] setting player 3 freeze to 1000
[16:19:05.357] [SEVERE ] setting player 3 freeze to 1000
[16:19:05.358] [SEVERE ] setting player 3 freeze to 1000
[16:19:05.358] [SEVERE ] setting player 3 freeze to 1000
[16:19:05.359] [SEVERE ] updating countdown to 8982
[16:19:06.343] [SEVERE ] setting player 3 freeze to 0
[16:19:06.357] [SEVERE ] removing player 3 token from slot 10
[16:19:06.357] [SEVERE ] player 3 placing token on slot 9
[16:19:06.357] [SEVERE ] removing player 3 token from slot 4
[16:19:06.357] [SEVERE ] setting player 3 freeze to 0
[16:19:06.358] [SEVERE ] player 3 placing token on slot 4
[16:19:06.359] [SEVERE ] removing player 3 token from slot 9
[16:19:06.359] [SEVERE ] removing player 3 token from slot 4
[16:19:06.369] [SEVERE ] player 3 placing token on slot 10
[16:19:06.369] [SEVERE ] removing player 3 token from slot 10
[16:19:06.369] [SEVERE ] player 3 placing token on slot 6
[16:19:06.369] [SEVERE ] removing player 3 token from slot 1
[16:19:06.369] [SEVERE ] removing player 3 token from slot 6
[16:19:06.369] [SEVERE ] player 3 placing token on slot 5
[16:19:06.369] [SEVERE ] player 3 placing token on slot 4
[16:19:06.369] [SEVERE ] player 3 placing token on slot 8
[16:19:06.358] [SEVERE ] setting player 3 freeze to 0
[16:19:06.364] [SEVERE ] setting player 4 freeze to 3000
[16:19:06.364] [SEVERE ] setting player 4 freeze to 3000
[16:19:06.360] [SEVERE ] setting player 4 freeze to 3000
[16:19:06.359] [SEVERE ] updating countdown to 7982
[16:19:06.359] [SEVERE ] setting player 4 freeze to 3000
[16:19:06.359] [SEVERE ] setting player 3 freeze to 0
[16:19:07.381] [SEVERE ] setting player 4 freeze to 2000
[16:19:07.381] [SEVERE ] setting player 4 freeze to 2000
[16:19:07.382] [SEVERE ] setting player 4 freeze to 2000
[16:19:07.383] [SEVERE ] setting player 4 freeze to 2000
[16:19:07.401] [SEVERE ] updating countdown to 6940
[16:19:08.381] [SEVERE ] setting player 4 freeze to 1000
[16:19:08.382] [SEVERE ] setting player 4 freeze to 1000
[16:19:08.383] [SEVERE ] setting player 4 freeze to 1000
[16:19:08.391] [SEVERE ] setting player 4 freeze to 1000
[16:19:08.417] [SEVERE ] updating countdown to 5924
[16:19:09.382] [SEVERE ] setting player 4 freeze to 0
[16:19:09.382] [SEVERE ] removing player 4 token from slot 11
[16:19:09.383] [SEVERE ] setting player 4 freeze to 0
[16:19:09.383] [SEVERE ] setting player 4 freeze to 0
[16:19:09.392] [SEVERE ] setting player 4 freeze to 0
[16:19:09.391] [SEVERE ] removing player 4 token from slot 5
[16:19:09.393] [SEVERE ] player 4 placing token on slot 10
[16:19:09.394] [SEVERE ] player 4 placing token on slot 3
[16:19:09.395] [SEVERE ] removing player 4 token from slot 8
[16:19:09.395] [SEVERE ] player 4 placing token on slot 6
[16:19:09.396] [SEVERE ] removing player 4 token from slot 10
[16:19:09.396] [SEVERE ] removing player 4 token from slot 6
[16:19:09.397] [SEVERE ] player 4 placing token on slot 10
[16:19:09.397] [SEVERE ] removing player 4 token from slot 10
[16:19:09.398] [SEVERE ] player 4 placing token on slot 5
[16:19:09.399] [SEVERE ] player 4 placing token on slot 6
[16:19:09.417] [SEVERE ] setting player 1 freeze to 3000
[16:19:09.425] [SEVERE ] setting player 1 freeze to 3000
[16:19:09.428] [SEVERE ] setting player 1 freeze to 3000
[16:19:09.447] [SEVERE ] setting player 1 freeze to 3000
[16:19:09.457] [SEVERE ] setting player 2 freeze to 3000
[16:19:09.468] [SEVERE ] setting player 3 freeze to 3000
[16:19:09.467] [SEVERE ] setting player 3 freeze to 3000
[16:19:09.465] [SEVERE ] setting player 2 freeze to 3000
[16:19:09.465] [SEVERE ] setting player 2 freeze to 3000
[16:19:09.465] [SEVERE ] setting player 2 freeze to 3000
[16:19:09.467] [SEVERE ] setting player 3 freeze to 3000
[16:19:09.478] [SEVERE ] setting player 4 freeze to 3000
[16:19:09.478] [SEVERE ] setting player 4 freeze to 3000
[16:19:09.477] [SEVERE ] setting player 3 freeze to 3000
[16:19:09.478] [SEVERE ] setting player 4 freeze to 3000
[16:19:09.478] [SEVERE ] setting player 4 freeze to 3000
[16:19:10.426] [SEVERE ] setting player 1 freeze to 2000
[16:19:10.426] [SEVERE ] setting player 1 freeze to 2000
[16:19:10.428] [SEVERE ] setting player 1 freeze to 2000
[16:19:10.448] [SEVERE ] setting player 1 freeze to 2000
[16:19:10.469] [SEVERE ] setting player 2 freeze to 2000
[16:19:10.469] [SEVERE ] setting player 3 freeze to 2000
[16:19:10.471] [SEVERE ] setting player 3 freeze to 2000
[16:19:10.471] [SEVERE ] setting player 2 freeze to 2000
[16:19:10.472] [SEVERE ] setting player 2 freeze to 2000
[16:19:10.472] [SEVERE ] setting player 2 freeze to 2000
[16:19:10.477] [SEVERE ] setting player 3 freeze to 2000
[16:19:10.478] [SEVERE ] setting player 4 freeze to 2000
[16:19:10.479] [SEVERE ] setting player 4 freeze to 2000
[16:19:10.479] [SEVERE ] setting player 3 freeze to 2000
[16:19:10.481] [SEVERE ] setting player 4 freeze to 2000
[16:19:10.481] [SEVERE ] setting player 4 freeze to 2000
[16:19:11.341] [SEVERE ] updating countdown to 3000
[16:19:11.426] [SEVERE ] setting player 1 freeze to 1000
[16:19:11.427] [SEVERE ] setting player 1 freeze to 1000
[16:19:11.428] [SEVERE ] setting player 1 freeze to 1000
[16:19:11.448] [SEVERE ] setting player 1 freeze to 1000
[16:19:11.469] [SEVERE ] setting player 2 freeze to 1000
[16:19:11.469] [SEVERE ] setting player 3 freeze to 1000
[16:19:11.471] [SEVERE ] setting player 3 freeze to 1000
[16:19:11.471] [SEVERE ] setting player 2 freeze to 1000
[16:19:11.472] [SEVERE ] setting player 2 freeze to 1000
[16:19:11.473] [SEVERE ] setting player 2 freeze to 1000
[16:19:11.477] [SEVERE ] setting player 3 freeze to 1000
[16:19:11.478] [SEVERE ] setting player 4 freeze to 1000
[16:19:11.479] [SEVERE ] setting player 4 freeze to 1000
[16:19:11.480] [SEVERE ] setting player 3 freeze to 1000
[16:19:11.481] [SEVERE ] setting player 4 freeze to 1000
[16:19:11.482] [SEVERE ] setting player 4 freeze to 1000
[16:19:12.426] [SEVERE ] setting player 1 freeze to 0
[16:19:12.426] [SEVERE ] removing player 1 token from slot 6
[16:19:12.427] [SEVERE ] setting player 1 freeze to 0
[16:19:12.429] [SEVERE ] setting player 1 freeze to 0
[16:19:12.427] [SEVERE ] player 1 placing token on slot 9
[16:19:12.441] [SEVERE ] removing player 1 token from slot 9
[16:19:12.442] [SEVERE ] player 1 placing token on slot 6
[16:19:12.442] [SEVERE ] removing player 1 token from slot 10
[16:19:12.443] [SEVERE ] player 1 placing token on slot 5
[16:19:12.445] [SEVERE ] removing player 1 token from slot 6
[16:19:12.446] [SEVERE ] player 1 placing token on slot 10
[16:19:12.448] [SEVERE ] setting player 1 freeze to 0
[16:19:12.450] [SEVERE ] setting player 1 freeze to 3000
[16:19:12.450] [SEVERE ] setting player 1 freeze to 3000
[16:19:12.451] [SEVERE ] setting player 1 freeze to 3000
[16:19:12.461] [SEVERE ] setting player 1 freeze to 3000
[16:19:12.469] [SEVERE ] setting player 2 freeze to 0
[16:19:12.469] [SEVERE ] removing player 2 token from slot 3
[16:19:12.470] [SEVERE ] setting player 3 freeze to 0
[16:19:12.471] [SEVERE ] removing player 3 token from slot 4
[16:19:12.470] [SEVERE ] removing player 2 token from slot 10
[16:19:12.478] [SEVERE ] player 2 placing token on slot 3
[16:19:12.477] [SEVERE ] setting player 3 freeze to 0
[16:19:12.480] [SEVERE ] setting player 3 freeze to 0
[16:19:12.477] [SEVERE ] player 3 placing token on slot 11
[16:19:12.477] [SEVERE ] setting player 3 freeze to 0
[16:19:12.473] [SEVERE ] setting player 2 freeze to 0
[16:19:12.472] [SEVERE ] setting player 2 freeze to 0
[16:19:12.472] [SEVERE ] setting player 2 freeze to 0
[16:19:12.482] [SEVERE ] setting player 4 freeze to 0
[16:19:12.481] [SEVERE ] setting player 4 freeze to 0
[16:19:12.481] [SEVERE ] removing player 3 token from slot 5
[16:19:12.503] [SEVERE ] player 3 placing token on slot 6
[16:19:12.503] [SEVERE ] removing player 3 token from slot 6
[16:19:12.504] [SEVERE ] player 3 placing token on slot 9
[16:19:12.479] [SEVERE ] setting player 4 freeze to 0
[16:19:12.478] [SEVERE ] setting player 4 freeze to 0
[16:19:12.478] [SEVERE ] player 2 placing token on slot 5
[16:19:12.501] [SEVERE ] removing player 4 token from slot 5
[16:19:12.506] [SEVERE ] removing player 2 token from slot 7
[16:19:12.507] [SEVERE ] player 2 placing token on slot 7
[16:19:12.508] [SEVERE ] removing player 2 token from slot 5
[16:19:12.507] [SEVERE ] removing player 4 token from slot 3
[16:19:12.509] [SEVERE ] player 2 placing token on slot 4
[16:19:12.509] [SEVERE ] player 4 placing token on slot 11
[16:19:12.510] [SEVERE ] removing player 2 token from slot 4
[16:19:12.510] [SEVERE ] player 4 placing token on slot 2
[16:19:12.511] [SEVERE ] player 2 placing token on slot 9
[16:19:12.517] [SEVERE ] removing player 3 token from slot 8
[16:19:12.517] [SEVERE ] player 3 placing token on slot 10
[16:19:12.521] [SEVERE ] setting player 3 freeze to 3000
[16:19:12.530] [SEVERE ] setting player 3 freeze to 3000
[16:19:12.537] [SEVERE ] setting player 3 freeze to 3000
[16:19:12.529] [SEVERE ] removing player 4 token from slot 6
[16:19:12.538] [SEVERE ] player 4 placing token on slot 7
[16:19:12.529] [SEVERE ] setting player 3 freeze to 3000
[16:19:12.538] [SEVERE ] removing player 4 token from slot 11
[16:19:12.540] [SEVERE ] player 4 placing token on slot 8
[16:19:12.540] [SEVERE ] removing player 4 token from slot 7
[16:19:12.541] [SEVERE ] player 4 placing token on slot 3
[16:19:12.551] [SEVERE ] setting player 2 freeze to 3000
[16:19:12.552] [SEVERE ] setting player 2 freeze to 3000
[16:19:12.552] [SEVERE ] setting player 2 freeze to 3000
[16:19:12.552] [SEVERE ] setting player 2 freeze to 3000
[16:19:12.582] [SEVERE ] setting player 4 freeze to 3000
[16:19:12.582] [SEVERE ] setting player 4 freeze to 3000
[16:19:12.582] [SEVERE ] setting player 4 freeze to 3000
[16:19:12.582] [SEVERE ] setting player 4 freeze to 3000
[16:19:13.341] [SEVERE ] updating countdown to 1000
[16:19:13.451] [SEVERE ] setting player 1 freeze to 2000
[16:19:13.451] [SEVERE ] setting player 1 freeze to 2000
[16:19:13.452] [SEVERE ] setting player 1 freeze to 2000
[16:19:13.461] [SEVERE ] setting player 1 freeze to 2000
[16:19:13.531] [SEVERE ] setting player 3 freeze to 2000
[16:19:13.537] [SEVERE ] setting player 3 freeze to 2000
[16:19:13.538] [SEVERE ] setting player 3 freeze to 2000
[16:19:13.539] [SEVERE ] setting player 3 freeze to 2000
[16:19:13.552] [SEVERE ] setting player 2 freeze to 2000
[16:19:13.552] [SEVERE ] setting player 2 freeze to 2000
[16:19:13.553] [SEVERE ] setting player 2 freeze to 2000
[16:19:13.553] [SEVERE ] setting player 2 freeze to 2000
[16:19:13.582] [SEVERE ] setting player 4 freeze to 2000
[16:19:13.582] [SEVERE ] setting player 4 freeze to 2000
[16:19:13.583] [SEVERE ] setting player 4 freeze to 2000
[16:19:13.583] [SEVERE ] setting player 4 freeze to 2000
[16:19:14.343] [SEVERE ] updating countdown to 15000
[16:19:14.343] [SEVERE ] updating countdown to 15000
[16:19:14.444] [SEVERE ] removing card from slot 0
[16:19:14.451] [SEVERE ] setting player 1 freeze to 1000
[16:19:14.451] [SEVERE ] setting player 1 freeze to 1000
[16:19:14.452] [SEVERE ] setting player 1 freeze to 1000
[16:19:14.461] [SEVERE ] setting player 1 freeze to 1000
[16:19:14.531] [SEVERE ] setting player 3 freeze to 1000
[16:19:14.537] [SEVERE ] setting player 3 freeze to 1000
[16:19:14.538] [SEVERE ] setting player 3 freeze to 1000
[16:19:14.539] [SEVERE ] setting player 3 freeze to 1000
[16:19:14.544] [SEVERE ] removing card from slot 1
[16:19:14.552] [SEVERE ] setting player 2 freeze to 1000
[16:19:14.552] [SEVERE ] setting player 2 freeze to 1000
[16:19:14.553] [SEVERE ] setting player 2 freeze to 1000
[16:19:14.553] [SEVERE ] setting player 2 freeze to 1000
[16:19:14.582] [SEVERE ] setting player 4 freeze to 1000
[16:19:14.582] [SEVERE ] setting player 4 freeze to 1000
[16:19:14.583] [SEVERE ] setting player 4 freeze to 1000
[16:19:14.583] [SEVERE ] setting player 4 freeze to 1000
[16:19:14.644] [SEVERE ] removing card from slot 2
[16:19:14.744] [SEVERE ] removing card from slot 3
[16:19:14.853] [SEVERE ] removing card from slot 4
[16:19:14.953] [SEVERE ] removing card from slot 5
[16:19:15.053] [SEVERE ] removing card from slot 6
[16:19:15.157] [SEVERE ] removing card from slot 7
[16:19:15.257] [SEVERE ] removing card from slot 8
[16:19:15.357] [SEVERE ] removing card from slot 9
[16:19:15.451] [SEVERE ] setting player 1 freeze to 0
[16:19:15.452] [SEVERE ] setting player 1 freeze to 0
[16:19:15.452] [SEVERE ] setting player 1 freeze to 0
[16:19:15.457] [SEVERE ] removing card from slot 10
[16:19:15.458] [SEVERE ] removing player 1 token from slot 11
[16:19:15.458] [SEVERE ] player 1 placing token on slot 3
[16:19:15.459] [SEVERE ] removing player 1 token from slot 3
[16:19:15.459] [SEVERE ] player 1 placing token on slot 9
[16:19:15.460] [SEVERE ] removing player 1 token from slot 5
[16:19:15.460] [SEVERE ] player 1 placing token on slot 4
[16:19:15.461] [SEVERE ] removing player 1 token from slot 4
[16:19:15.461] [SEVERE ] setting player 1 freeze to 0
[16:19:15.461] [SEVERE ] player 1 placing token on slot 4
[16:19:15.531] [SEVERE ] setting player 3 freeze to 0
[16:19:15.532] [SEVERE ] removing player 3 token from slot 11
[16:19:15.532] [SEVERE ] player 3 placing token on slot 1
[16:19:15.533] [SEVERE ] removing player 3 token from slot 1
[16:19:15.533] [SEVERE ] player 3 placing token on slot 2
[16:19:15.534] [SEVERE ] removing player 3 token from slot 2
[16:19:15.535] [SEVERE ] player 3 placing token on slot 4
[16:19:15.535] [SEVERE ] removing player 3 token from slot 9
[16:19:15.536] [SEVERE ] player 3 placing token on slot 1
[16:19:15.537] [SEVERE ] setting player 3 freeze to 0
[16:19:15.538] [SEVERE ] setting player 3 freeze to 0
[16:19:15.545] [SEVERE ] setting player 3 freeze to 0
[16:19:15.552] [SEVERE ] setting player 2 freeze to 0
[16:19:15.553] [SEVERE ] setting player 2 freeze to 0
[16:19:15.557] [SEVERE ] setting player 2 freeze to 0
[16:19:15.557] [SEVERE ] removing card from slot 11
[16:19:15.557] [SEVERE ] removing all tokens
[16:19:15.561] [SEVERE ] player 2 placing token on slot 10
[16:19:15.561] [SEVERE ] player 2 placing token on slot 8
[16:19:15.561] [SEVERE ] player 2 placing token on slot 11
[16:19:15.562] [SEVERE ] removing player 2 token from slot 10
[16:19:15.565] [SEVERE ] setting player 2 freeze to 0
[16:19:15.569] [SEVERE ] player 2 placing token on slot 3
[16:19:15.570] [SEVERE ] removing player 2 token from slot 11
[16:19:15.570] [SEVERE ] player 2 placing token on slot 6
[16:19:15.581] [SEVERE ] removing player 2 token from slot 8
[16:19:15.581] [SEVERE ] player 2 placing token on slot 2
[16:19:15.582] [SEVERE ] setting player 4 freeze to 0
[16:19:15.582] [SEVERE ] player 4 placing token on slot 9
[16:19:15.583] [SEVERE ] setting player 4 freeze to 0
[16:19:15.583] [SEVERE ] removing player 4 token from slot 9
[16:19:15.585] [SEVERE ] player 4 placing token on slot 2
[16:19:15.585] [SEVERE ] player 4 placing token on slot 7
[16:19:15.586] [SEVERE ] player 4 placing token on slot 5
[16:19:15.586] [SEVERE ] removing player 4 token from slot 5
[16:19:15.587] [SEVERE ] removing player 4 token from slot 7
[16:19:15.588] [SEVERE ] player 4 placing token on slot 7
[16:19:15.588] [SEVERE ] player 4 placing token on slot 9
[16:19:15.588] [SEVERE ] removing player 4 token from slot 7
[16:19:15.584] [SEVERE ] setting player 4 freeze to 0
[16:19:15.584] [SEVERE ] setting player 4 freeze to 0
[16:19:15.589] [SEVERE ] removing player 4 token from slot 2
[16:19:15.593] [SEVERE ] player 4 placing token on slot 2
[16:19:15.593] [SEVERE ] removing player 4 token from slot 2
[16:19:15.594] [SEVERE ] player 4 placing token on slot 1
[16:19:15.595] [SEVERE ] player 4 placing token on slot 3
[16:19:15.595] [SEVERE ] removing player 4 token from slot 1
[16:19:15.596] [SEVERE ] player 4 placing token on slot 11
[16:19:15.658] [SEVERE ] placing card 72 in slot 0
[16:19:15.758] [SEVERE ] placing card 47 in slot 1
[16:19:15.858] [SEVERE ] placing card 52 in slot 2
[16:19:15.959] [SEVERE ] placing card 21 in slot 3
[16:19:16.059] [SEVERE ] placing card 38 in slot 4
[16:19:16.159] [SEVERE ] placing card 44 in slot 5
[16:19:16.259] [SEVERE ] placing card 32 in slot 6
[16:19:16.369] [SEVERE ] placing card 35 in slot 7
[16:19:16.469] [SEVERE ] placing card 54 in slot 8
[16:19:16.569] [SEVERE ] placing card 17 in slot 9
[16:19:16.669] [SEVERE ] placing card 50 in slot 10
[16:19:16.770] [SEVERE ] placing card 39 in slot 11
[16:19:16.777] [INFO   ] Thread Thread-17starting.
[16:19:16.797] [INFO   ] Thread Thread-18starting.
[16:19:16.812] [INFO   ] Thread Thread-19starting.
[16:19:16.817] [SEVERE ] updating countdown to 15000
[16:19:16.817] [INFO   ] Thread Thread-20starting.
[16:19:16.833] [INFO   ] Thread computer-0 starting.
[16:19:16.833] [SEVERE ] player 1 placing token on slot 5
[16:19:16.833] [SEVERE ] player 1 placing token on slot 10
[16:19:16.834] [SEVERE ] player 1 placing token on slot 1
[16:19:16.857] [INFO   ] Thread computer-1 starting.
[16:19:16.857] [SEVERE ] removing player 2 token from slot 2
[16:19:16.857] [SEVERE ] player 2 placing token on slot 11
[16:19:16.873] [INFO   ] Thread computer-3 starting.
[16:19:16.873] [SEVERE ] removing player 4 token from slot 3
[16:19:16.874] [SEVERE ] player 4 placing token on slot 10
[16:19:16.901] [INFO   ] Thread computer-2 starting.
[16:19:16.901] [SEVERE ] player 3 placing token on slot 10
[16:19:16.901] [SEVERE ] player 3 placing token on slot 4
[16:19:16.902] [SEVERE ] removing player 3 token from slot 4
[16:19:16.902] [SEVERE ] player 3 placing token on slot 6
[16:19:16.903] [SEVERE ] player 3 placing token on slot 1
[16:19:17.817] [SEVERE ] setting player 1 freeze to 3000
[16:19:17.817] [SEVERE ] updating countdown to 14000
[16:19:17.817] [SEVERE ] setting player 1 freeze to 3000
[16:19:17.825] [SEVERE ] setting player 1 freeze to 3000
[16:19:17.825] [SEVERE ] setting player 1 freeze to 3000
[16:19:17.841] [SEVERE ] setting player 1 freeze to 3000
[16:19:18.818] [SEVERE ] setting player 1 freeze to 2000
[16:19:18.818] [SEVERE ] setting player 1 freeze to 2000
[16:19:18.825] [SEVERE ] updating countdown to 12992
[16:19:18.829] [SEVERE ] setting player 1 freeze to 2000
[16:19:18.829] [SEVERE ] setting player 1 freeze to 2000
[16:19:18.841] [SEVERE ] setting player 1 freeze to 2000
[16:19:19.818] [SEVERE ] setting player 1 freeze to 1000
[16:19:19.819] [SEVERE ] setting player 1 freeze to 1000
[16:19:19.825] [SEVERE ] updating countdown to 11992
[16:19:19.829] [SEVERE ] setting player 1 freeze to 1000
[16:19:19.829] [SEVERE ] setting player 1 freeze to 1000
[16:19:19.841] [SEVERE ] setting player 1 freeze to 1000
[16:19:20.818] [SEVERE ] setting player 1 freeze to 0
[16:19:20.821] [SEVERE ] removing player 1 token from slot 1
[16:19:20.821] [SEVERE ] removing player 1 token from slot 5
[16:19:20.820] [SEVERE ] setting player 1 freeze to 0
[16:19:20.829] [SEVERE ] player 1 placing token on slot 11
[16:19:20.829] [SEVERE ] setting player 1 freeze to 0
[16:19:20.830] [SEVERE ] setting player 1 freeze to 0
[16:19:20.830] [SEVERE ] player 1 placing token on slot 9
[16:19:20.831] [SEVERE ] removing player 1 token from slot 10
[16:19:20.831] [SEVERE ] player 1 placing token on slot 7
[16:19:20.832] [SEVERE ] removing player 1 token from slot 9
[16:19:20.832] [SEVERE ] player 1 placing token on slot 10
[16:19:20.833] [SEVERE ] updating countdown to 10984
[16:19:20.833] [SEVERE ] setting player 1 freeze to 3000
[16:19:20.833] [SEVERE ] setting player 1 freeze to 3000
[16:19:20.833] [SEVERE ] setting player 1 freeze to 3000
[16:19:20.836] [SEVERE ] setting player 1 freeze to 3000
[16:19:20.841] [SEVERE ] setting player 1 freeze to 0
[16:19:20.841] [SEVERE ] removing player 1 token from slot 11
[16:19:20.853] [SEVERE ] player 1 placing token on slot 4
[16:19:21.833] [SEVERE ] updating countdown to 9984
[16:19:21.834] [SEVERE ] setting player 3 freeze to 3000
[16:19:21.834] [SEVERE ] setting player 1 freeze to 2000
[16:19:21.834] [SEVERE ] setting player 3 freeze to 3000
[16:19:21.841] [SEVERE ] setting player 1 freeze to 2000
[16:19:21.838] [SEVERE ] setting player 3 freeze to 3000
[16:19:21.835] [SEVERE ] setting player 3 freeze to 3000
[16:19:21.835] [SEVERE ] setting player 1 freeze to 2000
[16:19:21.834] [SEVERE ] setting player 1 freeze to 2000
[16:19:21.861] [SEVERE ] setting player 3 freeze to 3000
[16:19:22.834] [SEVERE ] setting player 3 freeze to 2000
[16:19:22.834] [SEVERE ] setting player 1 freeze to 1000
[16:19:22.835] [SEVERE ] updating countdown to 8982
[16:19:22.845] [SEVERE ] setting player 3 freeze to 2000
[16:19:22.845] [SEVERE ] setting player 1 freeze to 1000
[16:19:22.846] [SEVERE ] setting player 3 freeze to 2000
[16:19:22.846] [SEVERE ] setting player 3 freeze to 2000
[16:19:22.847] [SEVERE ] setting player 1 freeze to 1000
[16:19:22.847] [SEVERE ] setting player 1 freeze to 1000
[16:19:22.861] [SEVERE ] setting player 3 freeze to 2000
[16:19:23.834] [SEVERE ] setting player 3 freeze to 1000
[16:19:23.835] [SEVERE ] setting player 1 freeze to 0
[16:19:23.837] [SEVERE ] updating countdown to 7980
[16:19:23.846] [SEVERE ] setting player 1 freeze to 0
[16:19:23.846] [SEVERE ] setting player 3 freeze to 1000
[16:19:23.849] [SEVERE ] setting player 3 freeze to 1000
[16:19:23.849] [SEVERE ] setting player 1 freeze to 0
[16:19:23.849] [SEVERE ] setting player 3 freeze to 1000
[16:19:23.849] [SEVERE ] setting player 1 freeze to 0
[16:19:23.865] [SEVERE ] setting player 3 freeze to 1000
[16:19:24.834] [SEVERE ] setting player 3 freeze to 0
[16:19:24.837] [SEVERE ] setting player 3 freeze to 3000
[16:19:24.837] [SEVERE ] updating countdown to 6980
[16:19:24.846] [SEVERE ] setting player 3 freeze to 0
[16:19:24.849] [SEVERE ] setting player 3 freeze to 0
[16:19:24.850] [SEVERE ] setting player 3 freeze to 0
[16:19:24.857] [SEVERE ] removing player 3 token from slot 1
[16:19:24.860] [SEVERE ] player 3 placing token on slot 9
[16:19:24.861] [SEVERE ] removing player 3 token from slot 10
[16:19:24.861] [SEVERE ] removing player 3 token from slot 6
[16:19:24.861] [SEVERE ] player 3 placing token on slot 4
[16:19:24.862] [SEVERE ] player 3 placing token on slot 5
[16:19:24.863] [SEVERE ] removing player 3 token from slot 5
[16:19:24.863] [SEVERE ] player 3 placing token on slot 1
[16:19:24.865] [SEVERE ] setting player 3 freeze to 0
[16:19:24.877] [SEVERE ] removing player 3 token from slot 1
[16:19:24.877] [SEVERE ] removing player 3 token from slot 4
[16:19:24.878] [SEVERE ] player 3 placing token on slot 8
[16:19:24.878] [SEVERE ] player 3 placing token on slot 4
[16:19:25.837] [SEVERE ] setting player 3 freeze to 2000
[16:19:25.838] [SEVERE ] updating countdown to 5979
[16:19:25.841] [SEVERE ] setting player 2 freeze to 3000
[16:19:25.841] [SEVERE ] setting player 2 freeze to 3000
[16:19:25.849] [SEVERE ] setting player 2 freeze to 3000
[16:19:25.844] [SEVERE ] setting player 2 freeze to 3000
[16:19:25.857] [SEVERE ] setting player 2 freeze to 3000
[16:19:26.838] [SEVERE ] setting player 3 freeze to 1000
[16:19:26.841] [SEVERE ] setting player 2 freeze to 2000
[16:19:26.849] [SEVERE ] setting player 2 freeze to 2000
[16:19:26.853] [SEVERE ] setting player 2 freeze to 2000
[16:19:26.857] [SEVERE ] setting player 2 freeze to 2000
[16:19:26.860] [SEVERE ] setting player 2 freeze to 2000
[16:19:26.868] [SEVERE ] setting player 4 freeze to 3000
[16:19:26.874] [SEVERE ] setting player 4 freeze to 3000
[16:19:26.889] [SEVERE ] setting player 4 freeze to 3000
[16:19:26.889] [SEVERE ] setting player 4 freeze to 3000
[16:19:26.909] [SEVERE ] updating countdown to 15000
[16:19:26.909] [SEVERE ] removing player 1 token from slot 7
[16:19:26.909] [SEVERE ] removing player 1 token from slot 7
[16:19:26.910] [SEVERE ] removing player 1 token from slot 7
[16:19:26.910] [SEVERE ] removing player 1 token from slot 7
[16:19:26.868] [SEVERE ] setting player 4 freeze to 3000
[16:19:26.909] [SEVERE ] removing player 1 token from slot 4
[16:19:26.909] [SEVERE ] removing player 1 token from slot 7
[16:19:26.913] [SEVERE ] removing player 1 token from slot 7
[16:19:26.913] [SEVERE ] removing player 1 token from slot 7
[16:19:26.909] [SEVERE ] removing player 1 token from slot 7
[16:19:26.914] [SEVERE ] removing player 1 token from slot 7
[16:19:26.914] [SEVERE ] removing player 1 token from slot 7
[16:19:26.915] [SEVERE ] removing player 1 token from slot 7
[16:19:26.925] [SEVERE ] removing player 1 token from slot 7
[16:19:26.929] [SEVERE ] removing player 1 token from slot 7
[16:19:26.929] [SEVERE ] removing player 1 token from slot 7
[16:19:26.929] [SEVERE ] removing player 1 token from slot 7
[16:19:27.013] [SEVERE ] removing card from slot 4
[16:19:27.013] [SEVERE ] removing player 1 token from slot 7
[16:19:27.113] [SEVERE ] removing card from slot 7
[16:19:27.114] [SEVERE ] removing player 1 token from slot 10
[16:19:27.214] [SEVERE ] removing card from slot 10
[16:19:27.215] [SEVERE ] removing player 1 token from slot 4
[16:19:27.215] [SEVERE ] removing player 3 token from slot 4
[16:19:27.215] [SEVERE ] removing player 1 token from slot 7
[16:19:27.216] [SEVERE ] removing player 1 token from slot 10
[16:19:27.216] [SEVERE ] removing player 4 token from slot 10
[16:19:27.317] [SEVERE ] placing card 56 in slot 4
[16:19:27.417] [SEVERE ] placing card 58 in slot 7
[16:19:27.517] [SEVERE ] placing card 68 in slot 10
[16:19:27.549] [SEVERE ] setting player 3 freeze to 3000
[16:19:27.549] [SEVERE ] setting player 3 freeze to 3000
[16:19:27.550] [SEVERE ] setting player 3 freeze to 3000
[16:19:27.549] [SEVERE ] setting player 3 freeze to 3000
[16:19:27.559] [SEVERE ] updating countdown to 15000
[16:19:27.659] [SEVERE ] placing card 71 in slot 0
[16:19:27.760] [SEVERE ] placing card 22 in slot 0
[16:19:27.838] [SEVERE ] setting player 3 freeze to 0
[16:19:27.838] [SEVERE ] removing player 3 token from slot 9
[16:19:27.841] [SEVERE ] player 3 placing token on slot 1
[16:19:27.841] [SEVERE ] setting player 2 freeze to 1000
[16:19:27.849] [SEVERE ] setting player 2 freeze to 1000
[16:19:27.853] [SEVERE ] setting player 2 freeze to 1000
[16:19:27.857] [SEVERE ] setting player 2 freeze to 1000
[16:19:27.860] [SEVERE ] placing card 16 in slot 0
[16:19:27.861] [SEVERE ] setting player 2 freeze to 1000
[16:19:27.870] [SEVERE ] updating countdown to 15000
[16:19:27.873] [SEVERE ] setting player 4 freeze to 2000
[16:19:27.874] [SEVERE ] setting player 4 freeze to 2000
[16:19:27.889] [SEVERE ] setting player 4 freeze to 2000
[16:19:27.890] [SEVERE ] setting player 4 freeze to 2000
[16:19:27.911] [SEVERE ] setting player 1 score to 4
[16:19:27.911] [SEVERE ] setting player 1 freeze to 1000
[16:19:27.911] [SEVERE ] setting player 4 freeze to 2000
[16:19:27.911] [SEVERE ] setting player 1 freeze to 0
[16:19:27.912] [SEVERE ] player 1 placing token on slot 7
[16:19:27.913] [SEVERE ] player 1 placing token on slot 5
[16:19:27.913] [SEVERE ] removing player 1 token from slot 7
[16:19:27.913] [SEVERE ] player 1 placing token on slot 9
[16:19:27.914] [SEVERE ] player 1 placing token on slot 4
[16:19:27.914] [SEVERE ] setting player 1 score to 4
[16:19:27.915] [SEVERE ] setting player 1 freeze to 1000
[16:19:27.915] [SEVERE ] setting player 1 freeze to 0
[16:19:27.914] [SEVERE ] removing player 1 token from slot 5
[16:19:27.915] [SEVERE ] setting player 1 score to 4
[16:19:27.923] [SEVERE ] setting player 1 freeze to 1000
[16:19:27.924] [SEVERE ] setting player 1 freeze to 0
[16:19:27.928] [SEVERE ] setting player 1 score to 4
[16:19:27.928] [SEVERE ] setting player 1 freeze to 1000
[16:19:27.928] [SEVERE ] setting player 1 freeze to 0
[16:19:27.930] [SEVERE ] setting player 1 score to 4
[16:19:27.930] [SEVERE ] setting player 1 freeze to 1000
[16:19:27.931] [SEVERE ] setting player 1 freeze to 0
[16:19:27.923] [SEVERE ] removing player 1 token from slot 4
[16:19:27.933] [SEVERE ] player 1 placing token on slot 8
[16:19:27.933] [SEVERE ] removing player 1 token from slot 8
[16:19:27.934] [SEVERE ] player 1 placing token on slot 4
[16:19:27.934] [SEVERE ] player 1 placing token on slot 2
[16:19:27.934] [SEVERE ] removing player 1 token from slot 4
[16:19:27.935] [SEVERE ] removing player 1 token from slot 2
[16:19:27.935] [SEVERE ] player 1 placing token on slot 5
[16:19:27.936] [SEVERE ] removing player 1 token from slot 9
[16:19:27.936] [SEVERE ] player 1 placing token on slot 1
[16:19:27.936] [SEVERE ] player 1 placing token on slot 10
[16:19:27.970] [SEVERE ] placing card 48 in slot 0
[16:19:28.072] [SEVERE ] placing card 6 in slot 0
[16:19:28.172] [SEVERE ] placing card 12 in slot 0
[16:19:28.183] [SEVERE ] setting player 1 freeze to 3000
[16:19:28.183] [SEVERE ] setting player 1 freeze to 3000
[16:19:28.183] [SEVERE ] setting player 1 freeze to 3000
[16:19:28.183] [SEVERE ] setting player 1 freeze to 3000
[16:19:28.189] [SEVERE ] setting player 1 freeze to 3000
[16:19:28.204] [SEVERE ] setting player 3 freeze to 3000
[16:19:28.549] [SEVERE ] setting player 3 freeze to 2000
[16:19:28.550] [SEVERE ] setting player 3 freeze to 2000
[16:19:28.550] [SEVERE ] setting player 3 freeze to 2000
[16:19:28.551] [SEVERE ] setting player 3 freeze to 2000
[16:19:28.842] [SEVERE ] setting player 2 freeze to 0
[16:19:28.842] [SEVERE ] removing player 2 token from slot 3
[16:19:28.842] [SEVERE ] player 2 placing token on slot 2
[16:19:28.845] [SEVERE ] removing player 2 token from slot 6
[16:19:28.845] [SEVERE ] player 2 placing token on slot 9
[16:19:28.849] [SEVERE ] removing player 2 token from slot 11
[16:19:28.849] [SEVERE ] player 2 placing token on slot 3
[16:19:28.849] [SEVERE ] setting player 2 freeze to 0
[16:19:28.850] [SEVERE ] removing player 2 token from slot 9
[16:19:28.850] [SEVERE ] setting player 2 freeze to 3000
[16:19:28.851] [SEVERE ] player 2 placing token on slot 1
[16:19:28.852] [SEVERE ] removing player 2 token from slot 1
[16:19:28.852] [SEVERE ] player 2 placing token on slot 10
[16:19:28.853] [SEVERE ] removing player 2 token from slot 2
[16:19:28.853] [SEVERE ] player 2 placing token on slot 1
[16:19:28.853] [SEVERE ] setting player 2 freeze to 0
[16:19:28.857] [SEVERE ] setting player 2 freeze to 0
[16:19:28.860] [SEVERE ] setting player 2 freeze to 3000
[16:19:28.860] [SEVERE ] setting player 2 freeze to 3000
[16:19:28.860] [SEVERE ] setting player 2 freeze to 3000
[16:19:28.861] [SEVERE ] setting player 2 freeze to 0
[16:19:28.861] [SEVERE ] removing player 2 token from slot 10
[16:19:28.862] [SEVERE ] player 2 placing token on slot 4
[16:19:28.873] [SEVERE ] setting player 4 freeze to 1000
[16:19:28.874] [SEVERE ] setting player 4 freeze to 1000
[16:19:28.870] [SEVERE ] setting player 2 freeze to 3000
[16:19:28.889] [SEVERE ] setting player 4 freeze to 1000
[16:19:28.890] [SEVERE ] setting player 4 freeze to 1000
[16:19:28.912] [SEVERE ] setting player 4 freeze to 1000
[16:19:29.184] [SEVERE ] setting player 1 freeze to 2000
[16:19:29.185] [SEVERE ] setting player 1 freeze to 2000
[16:19:29.185] [SEVERE ] setting player 1 freeze to 2000
[16:19:29.189] [SEVERE ] setting player 1 freeze to 2000
[16:19:29.189] [SEVERE ] setting player 1 freeze to 2000
[16:19:29.204] [SEVERE ] setting player 3 freeze to 2000
[16:19:29.549] [SEVERE ] setting player 3 freeze to 1000
[16:19:29.550] [SEVERE ] setting player 3 freeze to 1000
[16:19:29.550] [SEVERE ] setting player 3 freeze to 1000
[16:19:29.551] [SEVERE ] setting player 3 freeze to 1000
[16:19:29.851] [SEVERE ] setting player 2 freeze to 2000
[16:19:29.860] [SEVERE ] setting player 2 freeze to 2000
[16:19:29.861] [SEVERE ] setting player 2 freeze to 2000
[16:19:29.861] [SEVERE ] setting player 2 freeze to 2000
[16:19:29.873] [SEVERE ] setting player 4 freeze to 0
[16:19:29.873] [SEVERE ] removing player 4 token from slot 9
[16:19:29.874] [SEVERE ] player 4 placing token on slot 3
[16:19:29.874] [SEVERE ] setting player 4 freeze to 0
[16:19:29.874] [SEVERE ] removing player 4 token from slot 3
[16:19:29.875] [SEVERE ] player 4 placing token on slot 7
[16:19:29.876] [SEVERE ] removing player 4 token from slot 10
[16:19:29.876] [SEVERE ] player 4 placing token on slot 10
[16:19:29.877] [SEVERE ] setting player 2 freeze to 2000
[16:19:29.877] [SEVERE ] removing player 4 token from slot 7
[16:19:29.878] [SEVERE ] player 4 placing token on slot 4
[16:19:29.879] [SEVERE ] removing player 4 token from slot 4
[16:19:29.879] [SEVERE ] player 4 placing token on slot 4
[16:19:29.879] [SEVERE ] setting player 4 freeze to 3000
[16:19:29.880] [SEVERE ] setting player 4 freeze to 3000
[16:19:29.889] [SEVERE ] setting player 4 freeze to 0
[16:19:29.890] [SEVERE ] removing player 4 token from slot 11
[16:19:29.890] [SEVERE ] setting player 4 freeze to 0
[16:19:29.890] [SEVERE ] player 4 placing token on slot 9
[16:19:29.901] [SEVERE ] setting player 4 freeze to 3000
[16:19:29.906] [SEVERE ] setting player 4 freeze to 3000
[16:19:29.912] [SEVERE ] setting player 4 freeze to 0
[16:19:29.912] [SEVERE ] removing player 4 token from slot 9
[16:19:29.913] [SEVERE ] player 4 placing token on slot 7
[16:19:29.913] [SEVERE ] removing player 4 token from slot 10
[16:19:29.914] [SEVERE ] removing player 4 token from slot 4
[16:19:29.914] [SEVERE ] player 4 placing token on slot 6
[16:19:29.915] [SEVERE ] player 4 placing token on slot 1
[16:19:29.922] [SEVERE ] setting player 4 freeze to 3000
[16:19:30.184] [SEVERE ] setting player 1 freeze to 1000
[16:19:30.185] [SEVERE ] setting player 1 freeze to 1000
[16:19:30.185] [SEVERE ] setting player 1 freeze to 1000
[16:19:30.189] [SEVERE ] setting player 1 freeze to 1000
[16:19:30.189] [SEVERE ] setting player 1 freeze to 1000
[16:19:30.204] [SEVERE ] setting player 3 freeze to 1000
[16:19:30.550] [SEVERE ] setting player 3 freeze to 0
[16:19:30.550] [SEVERE ] removing player 3 token from slot 8
[16:19:30.550] [SEVERE ] player 3 placing token on slot 9
[16:19:30.551] [SEVERE ] removing player 3 token from slot 4
[16:19:30.551] [SEVERE ] setting player 3 freeze to 0
[16:19:30.551] [SEVERE ] player 3 placing token on slot 7
[16:19:30.552] [SEVERE ] removing player 3 token from slot 7
[16:19:30.553] [SEVERE ] removing player 3 token from slot 9
[16:19:30.553] [SEVERE ] setting player 3 freeze to 0
[16:19:30.553] [SEVERE ] setting player 3 freeze to 0
[16:19:30.554] [SEVERE ] player 3 placing token on slot 8
[16:19:30.567] [SEVERE ] player 3 placing token on slot 3
[16:19:30.567] [SEVERE ] removing player 3 token from slot 1
[16:19:30.568] [SEVERE ] player 3 placing token on slot 4
[16:19:30.568] [SEVERE ] removing player 3 token from slot 8
[16:19:30.568] [SEVERE ] player 3 placing token on slot 9
[16:19:30.569] [SEVERE ] setting player 3 freeze to 3000
[16:19:30.569] [SEVERE ] setting player 3 freeze to 3000
[16:19:30.569] [SEVERE ] setting player 3 freeze to 3000
[16:19:30.575] [SEVERE ] setting player 3 freeze to 3000
[16:19:30.852] [SEVERE ] setting player 2 freeze to 1000
[16:19:30.860] [SEVERE ] setting player 2 freeze to 1000
[16:19:30.869] [SEVERE ] setting player 2 freeze to 1000
[16:19:30.869] [SEVERE ] setting player 2 freeze to 1000
[16:19:30.877] [SEVERE ] setting player 2 freeze to 1000
[16:19:30.880] [SEVERE ] setting player 4 freeze to 2000
[16:19:30.880] [SEVERE ] setting player 4 freeze to 2000
[16:19:30.905] [SEVERE ] setting player 4 freeze to 2000
[16:19:30.906] [SEVERE ] setting player 4 freeze to 2000
[16:19:30.922] [SEVERE ] setting player 4 freeze to 2000
[16:19:31.184] [SEVERE ] setting player 1 freeze to 0
[16:19:31.184] [SEVERE ] removing player 1 token from slot 10
[16:19:31.184] [SEVERE ] player 1 placing token on slot 10
[16:19:31.185] [SEVERE ] removing player 1 token from slot 10
[16:19:31.185] [SEVERE ] removing player 1 token from slot 1
[16:19:31.186] [SEVERE ] setting player 1 freeze to 0
[16:19:31.186] [SEVERE ] player 1 placing token on slot 9
[16:19:31.187] [SEVERE ] player 1 placing token on slot 2
[16:19:31.187] [SEVERE ] removing player 1 token from slot 2
[16:19:31.188] [SEVERE ] player 1 placing token on slot 8
[16:19:31.188] [SEVERE ] setting player 1 freeze to 0
[16:19:31.189] [SEVERE ] setting player 1 freeze to 0
[16:19:31.197] [SEVERE ] setting player 1 freeze to 0
[16:19:31.202] [SEVERE ] removing player 1 token from slot 8
[16:19:31.202] [SEVERE ] player 1 placing token on slot 1
[16:19:31.204] [SEVERE ] setting player 3 freeze to 0
[16:19:31.205] [SEVERE ] removing player 3 token from slot 3
[16:19:31.206] [SEVERE ] player 3 placing token on slot 6
[16:19:31.205] [SEVERE ] setting player 1 freeze to 3000
[16:19:31.205] [SEVERE ] setting player 1 freeze to 3000
[16:19:31.205] [SEVERE ] setting player 1 freeze to 3000
[16:19:31.205] [SEVERE ] setting player 1 freeze to 3000
[16:19:31.205] [SEVERE ] setting player 1 freeze to 3000
[16:19:31.215] [SEVERE ] removing player 3 token from slot 4
[16:19:31.215] [SEVERE ] player 3 placing token on slot 4
[16:19:31.215] [SEVERE ] removing player 3 token from slot 6
[16:19:31.216] [SEVERE ] removing player 3 token from slot 4
[16:19:31.216] [SEVERE ] player 3 placing token on slot 2
[16:19:31.221] [SEVERE ] player 3 placing token on slot 10
[16:19:31.221] [SEVERE ] removing player 3 token from slot 2
[16:19:31.221] [SEVERE ] player 3 placing token on slot 8
[16:19:31.222] [SEVERE ] removing player 3 token from slot 9
[16:19:31.222] [SEVERE ] player 3 placing token on slot 7
[16:19:31.245] [SEVERE ] setting player 3 freeze to 3000
[16:19:31.570] [SEVERE ] setting player 3 freeze to 2000
[16:19:31.570] [SEVERE ] setting player 3 freeze to 2000
[16:19:31.571] [SEVERE ] setting player 3 freeze to 2000
[16:19:31.575] [SEVERE ] setting player 3 freeze to 2000
[16:19:31.823] [SEVERE ] updating countdown to 15000
[16:19:31.823] [SEVERE ] updating countdown to 15000
[16:19:31.852] [SEVERE ] setting player 2 freeze to 0
[16:19:31.852] [SEVERE ] removing player 2 token from slot 4
[16:19:31.852] [SEVERE ] player 2 placing token on slot 4
[16:19:31.853] [SEVERE ] removing player 2 token from slot 1
[16:19:31.853] [SEVERE ] player 2 placing token on slot 2
[16:19:31.854] [SEVERE ] removing player 2 token from slot 4
[16:19:31.854] [SEVERE ] player 2 placing token on slot 1
[16:19:31.857] [SEVERE ] removing player 2 token from slot 1
[16:19:31.857] [SEVERE ] player 2 placing token on slot 1
[16:19:31.858] [SEVERE ] removing player 2 token from slot 3
[16:19:31.858] [SEVERE ] player 2 placing token on slot 5
[16:19:31.861] [SEVERE ] setting player 2 freeze to 0
[16:19:31.869] [SEVERE ] setting player 2 freeze to 0
[16:19:31.870] [SEVERE ] setting player 2 freeze to 0
[16:19:31.877] [SEVERE ] setting player 2 freeze to 0
[16:19:31.880] [SEVERE ] setting player 4 freeze to 1000
[16:19:31.880] [SEVERE ] setting player 4 freeze to 1000
[16:19:31.905] [SEVERE ] setting player 4 freeze to 1000
[16:19:31.906] [SEVERE ] setting player 4 freeze to 1000
[16:19:31.922] [SEVERE ] setting player 4 freeze to 1000
[16:19:31.924] [SEVERE ] removing card from slot 0
[16:19:32.024] [SEVERE ] removing card from slot 1
[16:19:32.124] [SEVERE ] removing card from slot 2
[16:19:32.208] [SEVERE ] setting player 1 freeze to 2000
[16:19:32.208] [SEVERE ] setting player 1 freeze to 2000
[16:19:32.208] [SEVERE ] setting player 1 freeze to 2000
[16:19:32.208] [SEVERE ] setting player 1 freeze to 2000
[16:19:32.209] [SEVERE ] setting player 1 freeze to 2000
[16:19:32.224] [SEVERE ] removing card from slot 3
[16:19:32.246] [SEVERE ] setting player 3 freeze to 2000
[16:19:32.325] [SEVERE ] removing card from slot 4
[16:19:32.425] [SEVERE ] removing card from slot 5
[16:19:32.525] [SEVERE ] removing card from slot 6
[16:19:32.570] [SEVERE ] setting player 3 freeze to 1000
[16:19:32.570] [SEVERE ] setting player 3 freeze to 1000
[16:19:32.571] [SEVERE ] setting player 3 freeze to 1000
[16:19:32.575] [SEVERE ] setting player 3 freeze to 1000
[16:19:32.625] [SEVERE ] removing card from slot 7
[16:19:32.725] [SEVERE ] removing card from slot 8
[16:19:32.825] [SEVERE ] removing card from slot 9
[16:19:32.885] [SEVERE ] setting player 4 freeze to 0
[16:19:32.885] [SEVERE ] removing player 4 token from slot 7
[16:19:32.885] [SEVERE ] player 4 placing token on slot 5
[16:19:32.886] [SEVERE ] removing player 4 token from slot 6
[16:19:32.886] [SEVERE ] player 4 placing token on slot 9
[16:19:32.886] [SEVERE ] removing player 4 token from slot 5
[16:19:32.887] [SEVERE ] player 4 placing token on slot 8
[16:19:32.887] [SEVERE ] removing player 4 token from slot 1
[16:19:32.888] [SEVERE ] removing player 4 token from slot 9
[16:19:32.888] [SEVERE ] player 4 placing token on slot 2
[16:19:32.889] [SEVERE ] player 4 placing token on slot 9
[16:19:32.889] [SEVERE ] setting player 4 freeze to 0
[16:19:32.889] [SEVERE ] removing player 4 token from slot 9
[16:19:32.890] [SEVERE ] removing player 4 token from slot 8
[16:19:32.890] [SEVERE ] player 4 placing token on slot 6
[16:19:32.891] [SEVERE ] player 4 placing token on slot 11
[16:19:32.905] [SEVERE ] setting player 4 freeze to 0
[16:19:32.906] [SEVERE ] setting player 4 freeze to 0
[16:19:32.922] [SEVERE ] setting player 4 freeze to 0
[16:19:32.926] [SEVERE ] removing card from slot 10
[16:19:33.029] [SEVERE ] removing card from slot 11
[16:19:33.029] [SEVERE ] removing all tokens
[16:19:33.130] [SEVERE ] placing card 72 in slot 0
[16:19:33.208] [SEVERE ] setting player 1 freeze to 1000
[16:19:33.208] [SEVERE ] setting player 1 freeze to 1000
[16:19:33.209] [SEVERE ] setting player 1 freeze to 1000
[16:19:33.210] [SEVERE ] setting player 1 freeze to 1000
[16:19:33.210] [SEVERE ] setting player 1 freeze to 1000
[16:19:33.233] [SEVERE ] placing card 73 in slot 1
[16:19:33.249] [SEVERE ] setting player 3 freeze to 1000
[16:19:33.341] [SEVERE ] placing card 19 in slot 2
[16:19:33.441] [SEVERE ] placing card 48 in slot 3
[16:19:33.541] [SEVERE ] placing card 71 in slot 4
[16:19:33.570] [SEVERE ] setting player 3 freeze to 0
[16:19:33.570] [SEVERE ] player 3 placing token on slot 9
[16:19:33.570] [SEVERE ] setting player 3 freeze to 0
[16:19:33.571] [SEVERE ] player 3 placing token on slot 7
[16:19:33.572] [SEVERE ] player 3 placing token on slot 4
[16:19:33.572] [SEVERE ] removing player 3 token from slot 9
[16:19:33.572] [SEVERE ] player 3 placing token on slot 10
[16:19:33.573] [SEVERE ] removing player 3 token from slot 10
[16:19:33.573] [SEVERE ] player 3 placing token on slot 10
[16:19:33.574] [SEVERE ] removing player 3 token from slot 4
[16:19:33.574] [SEVERE ] player 3 placing token on slot 4
[16:19:33.575] [SEVERE ] removing player 3 token from slot 4
[16:19:33.575] [SEVERE ] removing player 3 token from slot 10
[16:19:33.576] [SEVERE ] player 3 placing token on slot 6
[16:19:33.576] [SEVERE ] player 3 placing token on slot 10
[16:19:33.571] [SEVERE ] setting player 3 freeze to 0
[16:19:33.575] [SEVERE ] setting player 3 freeze to 0
[16:19:33.642] [SEVERE ] placing card 6 in slot 5
[16:19:33.742] [SEVERE ] placing card 10 in slot 6
[16:19:33.842] [SEVERE ] placing card 23 in slot 7
[16:19:33.945] [SEVERE ] placing card 2 in slot 8
[16:19:34.045] [SEVERE ] placing card 16 in slot 9
[16:19:34.145] [SEVERE ] placing card 20 in slot 10
[16:19:34.208] [SEVERE ] setting player 1 freeze to 0
[16:19:34.208] [SEVERE ] player 1 placing token on slot 11
[16:19:34.209] [SEVERE ] player 1 placing token on slot 10
[16:19:34.209] [SEVERE ] player 1 placing token on slot 6
[16:19:34.210] [SEVERE ] removing player 1 token from slot 11
[16:19:34.210] [SEVERE ] player 1 placing token on slot 8
[16:19:34.210] [SEVERE ] setting player 1 freeze to 0
[16:19:34.212] [SEVERE ] setting player 1 freeze to 0
[16:19:34.210] [SEVERE ] removing player 1 token from slot 8
[16:19:34.210] [SEVERE ] setting player 1 freeze to 0
[16:19:34.217] [SEVERE ] removing player 1 token from slot 6
[16:19:34.217] [SEVERE ] setting player 1 freeze to 0
[16:19:34.221] [SEVERE ] player 1 placing token on slot 7
[16:19:34.221] [SEVERE ] removing player 1 token from slot 7
[16:19:34.222] [SEVERE ] player 1 placing token on slot 6
[16:19:34.222] [SEVERE ] player 1 placing token on slot 8
[16:19:34.223] [SEVERE ] removing player 1 token from slot 10
[16:19:34.223] [SEVERE ] player 1 placing token on slot 1
[16:19:34.223] [SEVERE ] removing player 1 token from slot 8
[16:19:34.224] [SEVERE ] player 1 placing token on slot 11
[16:19:34.245] [SEVERE ] placing card 70 in slot 11
[16:19:34.249] [SEVERE ] setting player 3 freeze to 0
[16:19:34.257] [INFO   ] Thread Thread-21starting.
[16:19:34.277] [INFO   ] Thread Thread-22starting.
[16:19:34.297] [INFO   ] Thread computer-0 starting.
[16:19:34.297] [SEVERE ] removing player 1 token from slot 11
[16:19:34.301] [SEVERE ] player 1 placing token on slot 8
[16:19:34.309] [INFO   ] Thread computer-1 starting.
[16:19:34.309] [SEVERE ] player 2 placing token on slot 10
[16:19:34.313] [SEVERE ] player 2 placing token on slot 2
[16:19:34.314] [SEVERE ] player 2 placing token on slot 8
[16:19:34.323] [INFO   ] Thread Thread-23starting.
[16:19:34.337] [SEVERE ] updating countdown to 15000
[16:19:34.341] [INFO   ] Thread Thread-24starting.
[16:19:34.365] [INFO   ] Thread computer-2 starting.
[16:19:34.366] [SEVERE ] removing player 3 token from slot 10
[16:19:34.369] [SEVERE ] player 3 placing token on slot 1
[16:19:34.373] [INFO   ] Thread computer-3 starting.
[16:19:34.373] [SEVERE ] player 4 placing token on slot 5
[16:19:34.377] [SEVERE ] player 4 placing token on slot 4
[16:19:34.379] [SEVERE ] player 4 placing token on slot 11
[16:19:35.337] [SEVERE ] setting player 2 freeze to 3000
[16:19:35.337] [SEVERE ] updating countdown to 14000
[16:19:35.345] [SEVERE ] setting player 2 freeze to 3000
[16:19:35.345] [SEVERE ] setting player 2 freeze to 3000
[16:19:35.345] [SEVERE ] setting player 2 freeze to 3000
[16:19:35.347] [SEVERE ] setting player 2 freeze to 3000
[16:19:35.353] [SEVERE ] setting player 2 freeze to 3000
[16:19:36.337] [SEVERE ] setting player 2 freeze to 2000
[16:19:36.345] [SEVERE ] setting player 2 freeze to 2000
[16:19:36.345] [SEVERE ] setting player 2 freeze to 2000
[16:19:36.345] [SEVERE ] setting player 2 freeze to 2000
[16:19:36.347] [SEVERE ] setting player 2 freeze to 2000
[16:19:36.347] [SEVERE ] updating countdown to 12990
[16:19:36.353] [SEVERE ] setting player 2 freeze to 2000
[16:19:37.338] [SEVERE ] setting player 2 freeze to 1000
[16:19:37.345] [SEVERE ] setting player 2 freeze to 1000
[16:19:37.345] [SEVERE ] setting player 2 freeze to 1000
[16:19:37.346] [SEVERE ] setting player 2 freeze to 1000
[16:19:37.347] [SEVERE ] setting player 2 freeze to 1000
[16:19:37.353] [SEVERE ] setting player 2 freeze to 1000
[16:19:37.357] [SEVERE ] updating countdown to 11980
[16:19:38.338] [SEVERE ] setting player 2 freeze to 0
[16:19:38.345] [SEVERE ] removing player 2 token from slot 8
[16:19:38.345] [SEVERE ] player 2 placing token on slot 4
[16:19:38.345] [SEVERE ] setting player 2 freeze to 0
[16:19:38.345] [SEVERE ] removing player 2 token from slot 2
[16:19:38.346] [SEVERE ] player 2 placing token on slot 7
[16:19:38.346] [SEVERE ] setting player 2 freeze to 0
[16:19:38.348] [SEVERE ] setting player 2 freeze to 0
[16:19:38.352] [SEVERE ] setting player 2 freeze to 0
[16:19:38.353] [SEVERE ] setting player 2 freeze to 0
[16:19:38.347] [SEVERE ] removing player 2 token from slot 7
[16:19:38.361] [SEVERE ] player 2 placing token on slot 5
[16:19:38.365] [SEVERE ] setting player 2 freeze to 3000
[16:19:38.369] [SEVERE ] setting player 2 freeze to 3000
[16:19:38.365] [SEVERE ] setting player 2 freeze to 3000
[16:19:38.365] [SEVERE ] setting player 2 freeze to 3000
[16:19:38.365] [SEVERE ] setting player 2 freeze to 3000
[16:19:38.365] [SEVERE ] updating countdown to 10972
[16:19:38.397] [SEVERE ] setting player 2 freeze to 3000
[16:19:39.373] [SEVERE ] setting player 2 freeze to 2000
[16:19:39.373] [SEVERE ] setting player 2 freeze to 2000
[16:19:39.373] [SEVERE ] setting player 2 freeze to 2000
[16:19:39.374] [SEVERE ] setting player 2 freeze to 2000
[16:19:39.374] [SEVERE ] setting player 2 freeze to 2000
[16:19:39.393] [SEVERE ] updating countdown to 9944
[16:19:39.397] [SEVERE ] setting player 2 freeze to 2000
[16:19:40.373] [SEVERE ] setting player 2 freeze to 1000
[16:19:40.373] [SEVERE ] setting player 2 freeze to 1000
[16:19:40.374] [SEVERE ] setting player 2 freeze to 1000
[16:19:40.374] [SEVERE ] setting player 2 freeze to 1000
[16:19:40.375] [SEVERE ] setting player 2 freeze to 1000
[16:19:40.393] [SEVERE ] setting player 4 freeze to 3000
[16:19:40.393] [SEVERE ] updating countdown to 8944
[16:19:40.397] [SEVERE ] setting player 4 freeze to 3000
[16:19:40.397] [SEVERE ] setting player 4 freeze to 3000
[16:19:40.397] [SEVERE ] setting player 4 freeze to 3000
[16:19:40.397] [SEVERE ] setting player 2 freeze to 1000
[16:19:40.393] [SEVERE ] setting player 4 freeze to 3000
[16:19:40.413] [SEVERE ] setting player 4 freeze to 3000
[16:19:41.373] [SEVERE ] setting player 2 freeze to 0
[16:19:41.374] [SEVERE ] setting player 2 freeze to 0
[16:19:41.374] [SEVERE ] setting player 2 freeze to 0
[16:19:41.375] [SEVERE ] setting player 2 freeze to 0
[16:19:41.375] [SEVERE ] setting player 2 freeze to 0
[16:19:41.377] [SEVERE ] removing player 2 token from slot 10
[16:19:41.377] [SEVERE ] player 2 placing token on slot 11
[16:19:41.378] [SEVERE ] removing player 2 token from slot 11
[16:19:41.378] [SEVERE ] removing player 2 token from slot 5
[16:19:41.379] [SEVERE ] player 2 placing token on slot 2
[16:19:41.379] [SEVERE ] player 2 placing token on slot 8
[16:19:41.394] [SEVERE ] setting player 4 freeze to 2000
[16:19:41.397] [SEVERE ] setting player 4 freeze to 2000
[16:19:41.397] [SEVERE ] setting player 4 freeze to 2000
[16:19:41.398] [SEVERE ] setting player 4 freeze to 2000
[16:19:41.398] [SEVERE ] setting player 2 freeze to 0
[16:19:41.401] [SEVERE ] updating countdown to 7936
[16:19:41.413] [SEVERE ] setting player 4 freeze to 2000
[16:19:41.417] [SEVERE ] setting player 4 freeze to 2000
[16:19:42.394] [SEVERE ] setting player 4 freeze to 1000
[16:19:42.397] [SEVERE ] setting player 4 freeze to 1000
[16:19:42.397] [SEVERE ] setting player 4 freeze to 1000
[16:19:42.398] [SEVERE ] setting player 4 freeze to 1000
[16:19:42.413] [SEVERE ] setting player 4 freeze to 1000
[16:19:42.417] [SEVERE ] updating countdown to 6920
[16:19:42.417] [SEVERE ] setting player 4 freeze to 1000
