[20:24:55.798] [INFO   ] thread main starting.
[20:24:55.804] [SEVERE ] cannot read configuration file config.properties trying from resources.
[20:24:55.805] [SEVERE ] configuration file was loaded from resources directory.
[20:24:56.264] [INFO   ] thread dealer starting.
[20:24:56.265] [INFO   ] Thread dealer starting.
[20:24:56.370] [SEVERE ] placing card 24 in slot 0
[20:24:56.471] [SEVERE ] placing card 46 in slot 1
[20:24:56.573] [SEVERE ] placing card 9 in slot 2
[20:24:56.674] [SEVERE ] placing card 17 in slot 3
[20:24:56.774] [SEVERE ] placing card 73 in slot 4
[20:24:56.875] [SEVERE ] placing card 44 in slot 5
[20:24:56.976] [SEVERE ] placing card 45 in slot 6
[20:24:57.077] [SEVERE ] placing card 51 in slot 7
[20:24:57.177] [SEVERE ] placing card 33 in slot 8
[20:24:57.278] [SEVERE ] placing card 57 in slot 9
[20:24:57.378] [SEVERE ] placing card 37 in slot 10
[20:24:57.479] [SEVERE ] placing card 63 in slot 11
[20:24:57.480] [INFO   ] Thread Thread-1starting.
[20:24:57.482] [SEVERE ] updating countdown to 5000
[20:24:57.483] [INFO   ] Thread Thread-2starting.
[20:24:57.483] [INFO   ] Thread Thread-4starting.
[20:24:57.483] [INFO   ] Thread Thread-3starting.
[20:24:57.484] [INFO   ] Thread computer-3 starting.
[20:24:57.483] [INFO   ] Thread computer-1 starting.
[20:24:57.485] [INFO   ] Thread computer-0 starting.
[20:24:57.485] [SEVERE ] player 4 placing token on slot 9
[20:24:57.486] [SEVERE ] player 4 placing token on slot 11
[20:24:57.486] [SEVERE ] player 4 placing token on slot 1
[20:24:57.486] [SEVERE ] player 1 placing token on slot 4
[20:24:57.485] [SEVERE ] player 2 placing token on slot 2
[20:24:57.488] [SEVERE ] player 2 placing token on slot 10
[20:24:57.488] [SEVERE ] removing player 2 token from slot 10
[20:24:57.488] [SEVERE ] player 2 placing token on slot 1
[20:24:57.490] [SEVERE ] player 2 placing token on slot 9
[20:24:57.487] [SEVERE ] player 1 placing token on slot 2
[20:24:57.491] [SEVERE ] player 1 placing token on slot 3
[20:24:57.493] [INFO   ] Thread computer-2 starting.
[20:24:57.495] [SEVERE ] player 3 placing token on slot 5
[20:24:57.495] [SEVERE ] setting player 4 freeze to 0
[20:24:57.495] [SEVERE ] player 3 placing token on slot 10
[20:24:57.496] [SEVERE ] setting player 4 freeze to 0
[20:24:57.497] [SEVERE ] setting player 4 freeze to 0
[20:24:57.497] [SEVERE ] setting player 4 freeze to 0
[20:24:57.498] [SEVERE ] removing player 4 token from slot 9
[20:24:57.498] [SEVERE ] player 4 placing token on slot 2
[20:24:57.496] [SEVERE ] player 3 placing token on slot 7
[20:24:57.505] [SEVERE ] setting player 2 freeze to 0
[20:24:57.505] [SEVERE ] setting player 2 freeze to 0
[20:24:57.505] [SEVERE ] setting player 2 freeze to 0
[20:24:57.506] [SEVERE ] setting player 2 freeze to 0
[20:24:57.506] [SEVERE ] removing player 2 token from slot 9
[20:24:57.507] [SEVERE ] player 2 placing token on slot 5
[20:24:57.515] [SEVERE ] setting player 1 freeze to 0
[20:24:57.516] [SEVERE ] setting player 1 freeze to 0
[20:24:57.516] [SEVERE ] setting player 1 freeze to 0
[20:24:57.516] [SEVERE ] setting player 1 freeze to 0
[20:24:57.517] [SEVERE ] removing player 1 token from slot 4
[20:24:57.517] [SEVERE ] player 1 placing token on slot 11
[20:24:57.526] [SEVERE ] setting player 4 freeze to 0
[20:24:57.526] [SEVERE ] setting player 4 freeze to 0
[20:24:57.527] [SEVERE ] setting player 4 freeze to 0
[20:24:57.527] [SEVERE ] setting player 4 freeze to 0
[20:24:57.528] [SEVERE ] removing player 4 token from slot 2
[20:24:57.528] [SEVERE ] player 4 placing token on slot 8
[20:24:57.536] [SEVERE ] setting player 3 freeze to 0
[20:24:57.536] [SEVERE ] setting player 3 freeze to 0
[20:24:57.536] [SEVERE ] setting player 3 freeze to 0
[20:24:57.536] [SEVERE ] setting player 3 freeze to 0
[20:24:57.537] [SEVERE ] removing player 3 token from slot 10
[20:24:57.537] [SEVERE ] player 3 placing token on slot 11
[20:24:57.547] [SEVERE ] setting player 2 freeze to 0
[20:24:57.547] [SEVERE ] setting player 2 freeze to 0
[20:24:57.548] [SEVERE ] setting player 2 freeze to 0
[20:24:57.548] [SEVERE ] setting player 2 freeze to 0
[20:24:57.549] [SEVERE ] removing player 2 token from slot 2
[20:24:57.549] [SEVERE ] player 2 placing token on slot 8
[20:24:57.557] [SEVERE ] setting player 1 freeze to 0
[20:24:57.557] [SEVERE ] setting player 1 freeze to 0
[20:24:57.558] [SEVERE ] setting player 1 freeze to 0
[20:24:57.559] [SEVERE ] setting player 1 freeze to 0
[20:24:57.559] [SEVERE ] removing player 1 token from slot 11
[20:24:57.559] [SEVERE ] player 1 placing token on slot 6
[20:24:57.567] [SEVERE ] setting player 4 freeze to 0
[20:24:57.568] [SEVERE ] setting player 4 freeze to 0
[20:24:57.568] [SEVERE ] setting player 4 freeze to 0
[20:24:57.569] [SEVERE ] setting player 4 freeze to 0
[20:24:57.569] [SEVERE ] removing player 4 token from slot 1
[20:24:57.569] [SEVERE ] player 4 placing token on slot 6
[20:24:57.578] [SEVERE ] setting player 3 freeze to 0
[20:24:57.578] [SEVERE ] setting player 3 freeze to 0
[20:24:57.578] [SEVERE ] setting player 3 freeze to 0
[20:24:57.579] [SEVERE ] setting player 3 freeze to 0
[20:24:57.580] [SEVERE ] removing player 3 token from slot 5
[20:24:57.580] [SEVERE ] player 3 placing token on slot 2
[20:24:57.590] [SEVERE ] setting player 2 freeze to 0
[20:24:57.593] [SEVERE ] setting player 2 freeze to 0
[20:24:57.593] [SEVERE ] setting player 2 freeze to 0
[20:24:57.594] [SEVERE ] setting player 2 freeze to 0
[20:24:57.594] [SEVERE ] removing player 2 token from slot 5
[20:24:57.595] [SEVERE ] player 2 placing token on slot 3
[20:24:57.599] [SEVERE ] setting player 1 freeze to 0
[20:24:57.599] [SEVERE ] setting player 1 freeze to 0
[20:24:57.599] [SEVERE ] setting player 1 freeze to 0
[20:24:57.600] [SEVERE ] setting player 1 freeze to 0
[20:24:57.600] [SEVERE ] removing player 1 token from slot 3
[20:24:57.601] [SEVERE ] removing player 1 token from slot 6
[20:24:57.601] [SEVERE ] player 1 placing token on slot 7
[20:24:57.602] [SEVERE ] player 1 placing token on slot 6
[20:24:57.609] [SEVERE ] setting player 4 freeze to 0
[20:24:57.609] [SEVERE ] setting player 4 freeze to 0
[20:24:57.610] [SEVERE ] setting player 4 freeze to 0
[20:24:57.610] [SEVERE ] setting player 4 freeze to 0
[20:24:57.611] [SEVERE ] removing player 4 token from slot 6
[20:24:57.611] [SEVERE ] removing player 4 token from slot 11
[20:24:57.612] [SEVERE ] player 4 placing token on slot 4
[20:24:57.612] [SEVERE ] player 4 placing token on slot 5
[20:24:57.619] [SEVERE ] setting player 3 freeze to 0
[20:24:57.619] [SEVERE ] setting player 3 freeze to 0
[20:24:57.620] [SEVERE ] setting player 3 freeze to 0
[20:24:57.620] [SEVERE ] setting player 3 freeze to 0
[20:24:57.621] [SEVERE ] removing player 3 token from slot 2
[20:24:57.621] [SEVERE ] player 3 placing token on slot 4
[20:24:57.631] [SEVERE ] setting player 2 freeze to 0
[20:24:57.632] [SEVERE ] setting player 2 freeze to 0
[20:24:57.632] [SEVERE ] setting player 2 freeze to 0
[20:24:57.632] [SEVERE ] setting player 2 freeze to 0
[20:24:57.633] [SEVERE ] removing player 2 token from slot 8
[20:24:57.633] [SEVERE ] player 2 placing token on slot 5
[20:24:57.645] [SEVERE ] setting player 1 freeze to 0
[20:24:57.645] [SEVERE ] setting player 1 freeze to 0
[20:24:57.646] [SEVERE ] setting player 1 freeze to 0
[20:24:57.646] [SEVERE ] setting player 1 freeze to 0
[20:24:57.647] [SEVERE ] removing player 1 token from slot 7
[20:24:57.647] [SEVERE ] player 1 placing token on slot 5
[20:24:57.655] [SEVERE ] setting player 4 freeze to 0
[20:24:57.656] [SEVERE ] setting player 4 freeze to 0
[20:24:57.656] [SEVERE ] setting player 4 freeze to 0
[20:24:57.657] [SEVERE ] setting player 4 freeze to 0
[20:24:57.657] [SEVERE ] removing player 4 token from slot 8
[20:24:57.658] [SEVERE ] removing player 4 token from slot 5
[20:24:57.659] [SEVERE ] player 4 placing token on slot 5
[20:24:57.659] [SEVERE ] player 4 placing token on slot 6
[20:24:57.666] [SEVERE ] setting player 3 freeze to 0
[20:24:57.666] [SEVERE ] setting player 3 freeze to 0
[20:24:57.667] [SEVERE ] setting player 3 freeze to 0
[20:24:57.667] [SEVERE ] setting player 3 freeze to 0
[20:24:57.667] [SEVERE ] removing player 3 token from slot 11
[20:24:57.668] [SEVERE ] player 3 placing token on slot 11
[20:24:57.677] [SEVERE ] setting player 2 freeze to 0
[20:24:57.677] [SEVERE ] setting player 2 freeze to 0
[20:24:57.678] [SEVERE ] setting player 2 freeze to 0
[20:24:57.678] [SEVERE ] setting player 2 freeze to 0
[20:24:57.679] [SEVERE ] removing player 2 token from slot 5
[20:24:57.679] [SEVERE ] removing player 2 token from slot 1
[20:24:57.680] [SEVERE ] player 2 placing token on slot 1
[20:24:57.680] [SEVERE ] player 2 placing token on slot 6
[20:24:57.687] [SEVERE ] setting player 1 freeze to 0
[20:24:57.688] [SEVERE ] setting player 1 freeze to 0
[20:24:57.688] [SEVERE ] setting player 1 freeze to 0
[20:24:57.689] [SEVERE ] setting player 1 freeze to 0
[20:24:57.691] [SEVERE ] removing player 1 token from slot 2
[20:24:57.691] [SEVERE ] player 1 placing token on slot 4
[20:24:57.698] [SEVERE ] setting player 4 freeze to 0
[20:24:57.698] [SEVERE ] setting player 4 freeze to 0
[20:24:57.699] [SEVERE ] setting player 4 freeze to 0
[20:24:57.699] [SEVERE ] setting player 4 freeze to 0
[20:24:57.700] [SEVERE ] removing player 4 token from slot 6
[20:24:57.700] [SEVERE ] player 4 placing token on slot 6
[20:24:57.708] [SEVERE ] setting player 3 freeze to 0
[20:24:57.709] [SEVERE ] setting player 3 freeze to 0
[20:24:57.709] [SEVERE ] setting player 3 freeze to 0
[20:24:57.710] [SEVERE ] setting player 3 freeze to 0
[20:24:57.711] [SEVERE ] removing player 3 token from slot 11
[20:24:57.711] [SEVERE ] player 3 placing token on slot 1
[20:24:57.719] [SEVERE ] setting player 2 freeze to 0
[20:24:57.719] [SEVERE ] setting player 2 freeze to 0
[20:24:57.719] [SEVERE ] setting player 2 freeze to 0
[20:24:57.720] [SEVERE ] setting player 2 freeze to 0
[20:24:57.720] [SEVERE ] removing player 2 token from slot 3
[20:24:57.721] [SEVERE ] player 2 placing token on slot 3
[20:24:57.729] [SEVERE ] setting player 1 freeze to 0
[20:24:57.730] [SEVERE ] setting player 1 freeze to 0
[20:24:57.730] [SEVERE ] setting player 1 freeze to 0
[20:24:57.731] [SEVERE ] setting player 1 freeze to 0
[20:24:57.731] [SEVERE ] removing player 1 token from slot 5
[20:24:57.732] [SEVERE ] player 1 placing token on slot 11
[20:24:57.740] [SEVERE ] setting player 4 freeze to 0
[20:24:57.740] [SEVERE ] setting player 4 freeze to 0
[20:24:57.741] [SEVERE ] setting player 4 freeze to 0
[20:24:57.741] [SEVERE ] setting player 4 freeze to 0
[20:24:57.742] [SEVERE ] removing player 4 token from slot 5
[20:24:57.743] [SEVERE ] player 4 placing token on slot 5
[20:24:57.750] [SEVERE ] setting player 3 freeze to 0
[20:24:57.751] [SEVERE ] setting player 3 freeze to 0
[20:24:57.751] [SEVERE ] setting player 3 freeze to 0
[20:24:57.752] [SEVERE ] setting player 3 freeze to 0
[20:24:57.752] [SEVERE ] removing player 3 token from slot 1
[20:24:57.752] [SEVERE ] player 3 placing token on slot 1
[20:24:57.761] [SEVERE ] setting player 2 freeze to 0
[20:24:57.761] [SEVERE ] setting player 2 freeze to 0
[20:24:57.762] [SEVERE ] setting player 2 freeze to 0
[20:24:57.762] [SEVERE ] setting player 2 freeze to 0
[20:24:57.763] [SEVERE ] removing player 2 token from slot 1
[20:24:57.763] [SEVERE ] player 2 placing token on slot 7
[20:24:57.771] [SEVERE ] setting player 1 freeze to 0
[20:24:57.772] [SEVERE ] setting player 1 freeze to 0
[20:24:57.772] [SEVERE ] setting player 1 freeze to 0
[20:24:57.773] [SEVERE ] setting player 1 freeze to 0
[20:24:57.773] [SEVERE ] removing player 1 token from slot 6
[20:24:57.774] [SEVERE ] player 1 placing token on slot 1
[20:24:57.782] [SEVERE ] setting player 4 freeze to 0
[20:24:57.782] [SEVERE ] setting player 4 freeze to 0
[20:24:57.783] [SEVERE ] setting player 4 freeze to 0
[20:24:57.783] [SEVERE ] setting player 4 freeze to 0
[20:24:57.783] [SEVERE ] removing player 4 token from slot 5
[20:24:57.784] [SEVERE ] player 4 placing token on slot 7
[20:24:57.792] [SEVERE ] setting player 3 freeze to 0
[20:24:57.793] [SEVERE ] setting player 3 freeze to 0
[20:24:57.793] [SEVERE ] setting player 3 freeze to 0
[20:24:57.793] [SEVERE ] setting player 3 freeze to 0
[20:24:57.794] [SEVERE ] removing player 3 token from slot 1
[20:24:57.795] [SEVERE ] player 3 placing token on slot 6
[20:24:57.803] [SEVERE ] setting player 2 freeze to 0
[20:24:57.803] [SEVERE ] setting player 2 freeze to 0
[20:24:57.804] [SEVERE ] setting player 2 freeze to 0
[20:24:57.804] [SEVERE ] setting player 2 freeze to 0
[20:24:57.805] [SEVERE ] removing player 2 token from slot 7
[20:24:57.805] [SEVERE ] player 2 placing token on slot 2
[20:24:57.818] [SEVERE ] setting player 1 freeze to 0
[20:24:57.818] [SEVERE ] setting player 1 freeze to 0
[20:24:57.818] [SEVERE ] setting player 1 freeze to 0
[20:24:57.819] [SEVERE ] setting player 1 freeze to 0
[20:24:57.819] [SEVERE ] removing player 1 token from slot 11
[20:24:57.819] [SEVERE ] removing player 1 token from slot 1
[20:24:57.820] [SEVERE ] player 1 placing token on slot 9
[20:24:57.821] [SEVERE ] removing player 1 token from slot 4
[20:24:57.821] [SEVERE ] player 1 placing token on slot 7
[20:24:57.822] [SEVERE ] player 1 placing token on slot 11
[20:24:57.829] [SEVERE ] setting player 4 freeze to 0
[20:24:57.829] [SEVERE ] setting player 4 freeze to 0
[20:24:57.837] [SEVERE ] setting player 4 freeze to 0
[20:24:57.837] [SEVERE ] setting player 4 freeze to 0
[20:24:57.837] [SEVERE ] removing player 4 token from slot 4
[20:24:57.838] [SEVERE ] player 4 placing token on slot 3
[20:24:57.839] [SEVERE ] setting player 3 freeze to 0
[20:24:57.839] [SEVERE ] setting player 3 freeze to 0
[20:24:57.840] [SEVERE ] setting player 3 freeze to 0
[20:24:57.840] [SEVERE ] setting player 3 freeze to 0
[20:24:57.841] [SEVERE ] removing player 3 token from slot 7
[20:24:57.841] [SEVERE ] player 3 placing token on slot 8
[20:24:57.849] [SEVERE ] setting player 2 freeze to 0
[20:24:57.849] [SEVERE ] setting player 2 freeze to 0
[20:24:57.850] [SEVERE ] setting player 2 freeze to 0
[20:24:57.850] [SEVERE ] setting player 2 freeze to 0
[20:24:57.851] [SEVERE ] removing player 2 token from slot 2
[20:24:57.851] [SEVERE ] player 2 placing token on slot 9
[20:24:57.860] [SEVERE ] setting player 1 freeze to 0
[20:24:57.860] [SEVERE ] setting player 1 freeze to 0
[20:24:57.860] [SEVERE ] setting player 1 freeze to 0
[20:24:57.861] [SEVERE ] setting player 1 freeze to 0
[20:24:57.861] [SEVERE ] removing player 1 token from slot 11
[20:24:57.861] [SEVERE ] player 1 placing token on slot 4
[20:24:57.870] [SEVERE ] setting player 4 freeze to 0
[20:24:57.870] [SEVERE ] setting player 4 freeze to 0
[20:24:57.871] [SEVERE ] setting player 4 freeze to 0
[20:24:57.871] [SEVERE ] setting player 4 freeze to 0
[20:24:57.871] [SEVERE ] removing player 4 token from slot 7
[20:24:57.872] [SEVERE ] removing player 4 token from slot 6
[20:24:57.872] [SEVERE ] player 4 placing token on slot 11
[20:24:57.874] [SEVERE ] player 4 placing token on slot 8
[20:24:57.880] [SEVERE ] setting player 3 freeze to 0
[20:24:57.880] [SEVERE ] setting player 3 freeze to 0
[20:24:57.881] [SEVERE ] setting player 3 freeze to 0
[20:24:57.881] [SEVERE ] setting player 3 freeze to 0
[20:24:57.882] [SEVERE ] removing player 3 token from slot 8
[20:24:57.882] [SEVERE ] player 3 placing token on slot 8
[20:24:57.890] [SEVERE ] setting player 2 freeze to 0
[20:24:57.890] [SEVERE ] setting player 2 freeze to 0
[20:24:57.891] [SEVERE ] setting player 2 freeze to 0
[20:24:57.891] [SEVERE ] setting player 2 freeze to 0
[20:24:57.892] [SEVERE ] removing player 2 token from slot 3
[20:24:57.892] [SEVERE ] player 2 placing token on slot 7
[20:24:57.901] [SEVERE ] setting player 1 freeze to 0
[20:24:57.901] [SEVERE ] setting player 1 freeze to 0
[20:24:57.901] [SEVERE ] setting player 1 freeze to 0
[20:24:57.902] [SEVERE ] setting player 1 freeze to 0
[20:24:57.902] [SEVERE ] removing player 1 token from slot 7
[20:24:57.903] [SEVERE ] player 1 placing token on slot 3
[20:24:57.911] [SEVERE ] setting player 4 freeze to 0
[20:24:57.911] [SEVERE ] setting player 4 freeze to 0
[20:24:57.912] [SEVERE ] setting player 4 freeze to 0
[20:24:57.912] [SEVERE ] setting player 4 freeze to 0
[20:24:57.912] [SEVERE ] removing player 4 token from slot 3
[20:24:57.913] [SEVERE ] player 4 placing token on slot 7
[20:24:57.921] [SEVERE ] setting player 3 freeze to 0
[20:24:57.922] [SEVERE ] setting player 3 freeze to 0
[20:24:57.922] [SEVERE ] setting player 3 freeze to 0
[20:24:57.922] [SEVERE ] setting player 3 freeze to 0
[20:24:57.923] [SEVERE ] removing player 3 token from slot 8
[20:24:57.924] [SEVERE ] player 3 placing token on slot 10
[20:24:57.932] [SEVERE ] setting player 2 freeze to 0
[20:24:57.932] [SEVERE ] setting player 2 freeze to 0
[20:24:57.932] [SEVERE ] setting player 2 freeze to 0
[20:24:57.933] [SEVERE ] setting player 2 freeze to 0
[20:24:57.933] [SEVERE ] removing player 2 token from slot 6
[20:24:57.934] [SEVERE ] player 2 placing token on slot 2
[20:24:57.942] [SEVERE ] setting player 1 freeze to 0
[20:24:57.942] [SEVERE ] setting player 1 freeze to 0
[20:24:57.943] [SEVERE ] setting player 1 freeze to 0
[20:24:57.943] [SEVERE ] setting player 1 freeze to 0
[20:24:57.943] [SEVERE ] removing player 1 token from slot 9
[20:24:57.944] [SEVERE ] player 1 placing token on slot 7
[20:24:57.952] [SEVERE ] setting player 4 freeze to 0
[20:24:57.952] [SEVERE ] setting player 4 freeze to 0
[20:24:57.953] [SEVERE ] setting player 4 freeze to 0
[20:24:57.953] [SEVERE ] setting player 4 freeze to 0
[20:24:57.954] [SEVERE ] removing player 4 token from slot 8
[20:24:57.954] [SEVERE ] player 4 placing token on slot 3
[20:24:57.962] [SEVERE ] setting player 3 freeze to 0
[20:24:57.963] [SEVERE ] setting player 3 freeze to 0
[20:24:57.963] [SEVERE ] setting player 3 freeze to 0
[20:24:57.964] [SEVERE ] setting player 3 freeze to 0
[20:24:57.964] [SEVERE ] removing player 3 token from slot 10
[20:24:57.965] [SEVERE ] removing player 3 token from slot 6
[20:24:57.965] [SEVERE ] player 3 placing token on slot 1
[20:24:57.966] [SEVERE ] player 3 placing token on slot 7
[20:24:57.973] [SEVERE ] updating countdown to 5000
[20:24:57.973] [SEVERE ] removing player 2 token from slot 2
[20:24:57.973] [SEVERE ] removing player 2 token from slot 9
[20:24:58.074] [SEVERE ] removing card from slot 2
[20:24:58.075] [SEVERE ] removing player 2 token from slot 7
[20:24:58.175] [SEVERE ] removing card from slot 7
[20:24:58.175] [SEVERE ] removing player 2 token from slot 9
[20:24:58.276] [SEVERE ] removing card from slot 9
[20:24:58.276] [SEVERE ] removing player 2 token from slot 2
[20:24:58.276] [SEVERE ] removing player 1 token from slot 7
[20:24:58.276] [SEVERE ] removing player 2 token from slot 7
[20:24:58.276] [SEVERE ] removing player 3 token from slot 7
[20:24:58.276] [SEVERE ] removing player 4 token from slot 7
[20:24:58.276] [SEVERE ] removing player 2 token from slot 9
[20:24:58.376] [SEVERE ] placing card 56 in slot 2
[20:24:58.477] [SEVERE ] placing card 79 in slot 7
[20:24:58.577] [SEVERE ] placing card 10 in slot 9
[20:24:58.588] [SEVERE ] setting player 1 freeze to 0
[20:24:58.589] [SEVERE ] setting player 1 freeze to 0
[20:24:58.589] [SEVERE ] setting player 1 freeze to 0
[20:24:58.592] [SEVERE ] setting player 1 freeze to 0
[20:24:58.592] [SEVERE ] removing player 1 token from slot 4
[20:24:58.592] [SEVERE ] player 1 placing token on slot 8
[20:24:58.598] [SEVERE ] setting player 4 freeze to 0
[20:24:58.598] [SEVERE ] setting player 4 freeze to 0
[20:24:58.599] [SEVERE ] setting player 4 freeze to 0
[20:24:58.599] [SEVERE ] setting player 4 freeze to 0
[20:24:58.600] [SEVERE ] removing player 4 token from slot 11
[20:24:58.600] [SEVERE ] player 4 placing token on slot 10
[20:24:58.610] [SEVERE ] setting player 3 freeze to 0
[20:24:58.610] [SEVERE ] setting player 3 freeze to 0
[20:24:58.612] [SEVERE ] setting player 3 freeze to 0
[20:24:58.612] [SEVERE ] setting player 3 freeze to 0
[20:24:58.613] [SEVERE ] removing player 3 token from slot 1
[20:24:58.613] [SEVERE ] player 3 placing token on slot 10
[20:24:58.620] [SEVERE ] setting player 1 freeze to 0
[20:24:58.620] [SEVERE ] setting player 1 freeze to 0
[20:24:58.621] [SEVERE ] setting player 1 freeze to 0
[20:24:58.621] [SEVERE ] setting player 1 freeze to 0
[20:24:58.622] [SEVERE ] removing player 1 token from slot 3
[20:24:58.622] [SEVERE ] player 1 placing token on slot 5
[20:24:58.630] [SEVERE ] setting player 4 freeze to 0
[20:24:58.630] [SEVERE ] setting player 4 freeze to 0
[20:24:58.631] [SEVERE ] setting player 4 freeze to 0
[20:24:58.639] [SEVERE ] setting player 4 freeze to 0
[20:24:58.639] [SEVERE ] removing player 4 token from slot 3
[20:24:58.639] [SEVERE ] player 4 placing token on slot 6
[20:24:58.646] [SEVERE ] setting player 3 freeze to 0
[20:24:58.646] [SEVERE ] setting player 3 freeze to 0
[20:24:58.646] [SEVERE ] setting player 3 freeze to 0
[20:24:58.648] [SEVERE ] setting player 3 freeze to 0
[20:24:58.648] [SEVERE ] removing player 3 token from slot 4
[20:24:58.648] [SEVERE ] player 3 placing token on slot 9
[20:24:58.656] [SEVERE ] setting player 1 freeze to 0
[20:24:58.658] [SEVERE ] setting player 1 freeze to 0
[20:24:58.658] [SEVERE ] setting player 1 freeze to 0
[20:24:58.659] [SEVERE ] setting player 1 freeze to 0
[20:24:58.659] [SEVERE ] removing player 1 token from slot 7
[20:24:58.659] [SEVERE ] player 1 placing token on slot 7
[20:24:58.666] [SEVERE ] setting player 4 freeze to 0
[20:24:58.667] [SEVERE ] setting player 4 freeze to 0
[20:24:58.667] [SEVERE ] setting player 4 freeze to 0
[20:24:58.667] [SEVERE ] setting player 4 freeze to 0
[20:24:58.667] [SEVERE ] removing player 4 token from slot 6
[20:24:58.667] [SEVERE ] removing player 4 token from slot 10
[20:24:58.667] [SEVERE ] player 4 placing token on slot 11
[20:24:58.667] [SEVERE ] removing player 4 token from slot 11
[20:24:58.668] [SEVERE ] player 4 placing token on slot 1
[20:24:58.668] [SEVERE ] player 4 placing token on slot 2
[20:24:58.677] [SEVERE ] setting player 3 freeze to 0
[20:24:58.677] [SEVERE ] setting player 3 freeze to 0
[20:24:58.678] [SEVERE ] setting player 3 freeze to 0
[20:24:58.678] [SEVERE ] setting player 3 freeze to 0
[20:24:58.679] [SEVERE ] removing player 3 token from slot 7
[20:24:58.679] [SEVERE ] player 3 placing token on slot 5
[20:24:58.687] [SEVERE ] setting player 1 freeze to 0
[20:24:58.687] [SEVERE ] setting player 1 freeze to 0
[20:24:58.688] [SEVERE ] setting player 1 freeze to 0
[20:24:58.688] [SEVERE ] setting player 1 freeze to 0
[20:24:58.689] [SEVERE ] removing player 1 token from slot 8
[20:24:58.695] [SEVERE ] player 1 placing token on slot 1
[20:24:58.697] [SEVERE ] setting player 4 freeze to 0
[20:24:58.697] [SEVERE ] setting player 4 freeze to 0
[20:24:58.700] [SEVERE ] setting player 4 freeze to 0
[20:24:58.700] [SEVERE ] setting player 4 freeze to 0
[20:24:58.701] [SEVERE ] removing player 4 token from slot 2
[20:24:58.701] [SEVERE ] player 4 placing token on slot 3
[20:24:58.708] [SEVERE ] setting player 3 freeze to 0
[20:24:58.710] [SEVERE ] setting player 3 freeze to 0
[20:24:58.710] [SEVERE ] setting player 3 freeze to 0
[20:24:58.710] [SEVERE ] setting player 3 freeze to 0
[20:24:58.711] [SEVERE ] removing player 3 token from slot 5
[20:24:58.711] [SEVERE ] player 3 placing token on slot 3
[20:24:58.719] [SEVERE ] setting player 1 freeze to 0
[20:24:58.719] [SEVERE ] setting player 1 freeze to 0
[20:24:58.720] [SEVERE ] setting player 1 freeze to 0
[20:24:58.720] [SEVERE ] setting player 1 freeze to 0
[20:24:58.721] [SEVERE ] removing player 1 token from slot 5
[20:24:58.721] [SEVERE ] removing player 1 token from slot 7
[20:24:58.722] [SEVERE ] player 1 placing token on slot 4
[20:24:58.727] [SEVERE ] player 1 placing token on slot 5
[20:24:58.729] [SEVERE ] setting player 4 freeze to 0
[20:24:58.730] [SEVERE ] setting player 4 freeze to 0
[20:24:58.730] [SEVERE ] setting player 4 freeze to 0
[20:24:58.731] [SEVERE ] setting player 4 freeze to 0
[20:24:58.734] [SEVERE ] removing player 4 token from slot 3
[20:24:58.734] [SEVERE ] player 4 placing token on slot 8
[20:24:58.740] [SEVERE ] setting player 3 freeze to 0
[20:24:58.740] [SEVERE ] setting player 3 freeze to 0
[20:24:58.740] [SEVERE ] setting player 3 freeze to 0
[20:24:58.741] [SEVERE ] setting player 3 freeze to 0
[20:24:58.742] [SEVERE ] removing player 3 token from slot 9
[20:24:58.743] [SEVERE ] player 3 placing token on slot 7
[20:24:58.750] [SEVERE ] setting player 1 freeze to 0
[20:24:58.750] [SEVERE ] setting player 1 freeze to 0
[20:24:58.751] [SEVERE ] setting player 1 freeze to 0
[20:24:58.751] [SEVERE ] setting player 1 freeze to 0
[20:24:58.751] [SEVERE ] removing player 1 token from slot 4
[20:24:58.752] [SEVERE ] player 1 placing token on slot 7
[20:24:58.760] [SEVERE ] setting player 4 freeze to 0
[20:24:58.761] [SEVERE ] setting player 4 freeze to 0
[20:24:58.761] [SEVERE ] setting player 4 freeze to 0
[20:24:58.762] [SEVERE ] setting player 4 freeze to 0
[20:24:58.762] [SEVERE ] removing player 4 token from slot 8
[20:24:58.763] [SEVERE ] player 4 placing token on slot 5
[20:24:58.771] [SEVERE ] setting player 3 freeze to 0
[20:24:58.771] [SEVERE ] setting player 3 freeze to 0
[20:24:58.772] [SEVERE ] setting player 3 freeze to 0
[20:24:58.772] [SEVERE ] setting player 3 freeze to 0
[20:24:58.781] [SEVERE ] removing player 3 token from slot 10
[20:24:58.781] [SEVERE ] removing player 3 token from slot 3
[20:24:58.781] [SEVERE ] player 3 placing token on slot 5
[20:24:58.781] [SEVERE ] removing player 3 token from slot 5
[20:24:58.781] [SEVERE ] player 3 placing token on slot 3
[20:24:58.781] [SEVERE ] player 3 placing token on slot 4
[20:24:58.781] [SEVERE ] setting player 1 freeze to 0
[20:24:58.781] [SEVERE ] setting player 1 freeze to 0
[20:24:58.781] [SEVERE ] setting player 1 freeze to 0
[20:24:58.781] [SEVERE ] setting player 1 freeze to 0
[20:24:58.782] [SEVERE ] removing player 1 token from slot 7
[20:24:58.782] [SEVERE ] removing player 1 token from slot 5
[20:24:58.782] [SEVERE ] player 1 placing token on slot 3
[20:24:58.782] [SEVERE ] player 1 placing token on slot 5
[20:24:58.798] [SEVERE ] setting player 4 freeze to 0
[20:24:58.800] [SEVERE ] setting player 4 freeze to 0
[20:24:58.800] [SEVERE ] setting player 4 freeze to 0
[20:24:58.800] [SEVERE ] setting player 4 freeze to 0
[20:24:58.800] [SEVERE ] removing player 4 token from slot 1
[20:24:58.800] [SEVERE ] player 4 placing token on slot 9
[20:24:58.814] [SEVERE ] setting player 3 freeze to 0
[20:24:58.814] [SEVERE ] setting player 3 freeze to 0
[20:24:58.814] [SEVERE ] setting player 3 freeze to 0
[20:24:58.814] [SEVERE ] setting player 3 freeze to 0
[20:24:58.814] [SEVERE ] removing player 3 token from slot 3
[20:24:58.814] [SEVERE ] player 3 placing token on slot 10
[20:24:58.824] [SEVERE ] setting player 1 freeze to 0
[20:24:58.824] [SEVERE ] setting player 1 freeze to 0
[20:24:58.825] [SEVERE ] setting player 1 freeze to 0
[20:24:58.825] [SEVERE ] setting player 1 freeze to 0
[20:24:58.825] [SEVERE ] removing player 1 token from slot 1
[20:24:58.825] [SEVERE ] player 1 placing token on slot 10
[20:24:58.835] [SEVERE ] setting player 4 freeze to 0
[20:24:58.835] [SEVERE ] setting player 4 freeze to 0
[20:24:58.835] [SEVERE ] setting player 4 freeze to 0
[20:24:58.835] [SEVERE ] setting player 4 freeze to 0
[20:24:58.835] [SEVERE ] removing player 4 token from slot 5
[20:24:58.835] [SEVERE ] player 4 placing token on slot 5
[20:24:58.849] [SEVERE ] setting player 3 freeze to 0
[20:24:58.849] [SEVERE ] setting player 3 freeze to 0
[20:24:58.849] [SEVERE ] setting player 3 freeze to 0
[20:24:58.849] [SEVERE ] setting player 3 freeze to 0
[20:24:58.849] [SEVERE ] removing player 3 token from slot 10
[20:24:58.849] [SEVERE ] removing player 3 token from slot 4
[20:24:58.849] [SEVERE ] player 3 placing token on slot 1
[20:24:58.849] [SEVERE ] player 3 placing token on slot 6
[20:24:58.861] [SEVERE ] setting player 1 freeze to 0
[20:24:58.863] [SEVERE ] setting player 1 freeze to 0
[20:24:58.863] [SEVERE ] setting player 1 freeze to 0
[20:24:58.863] [SEVERE ] setting player 1 freeze to 0
[20:24:58.863] [SEVERE ] removing player 1 token from slot 3
[20:24:58.864] [SEVERE ] player 1 placing token on slot 1
[20:24:58.872] [SEVERE ] setting player 4 freeze to 0
[20:24:58.872] [SEVERE ] setting player 4 freeze to 0
[20:24:58.872] [SEVERE ] setting player 4 freeze to 0
[20:24:58.872] [SEVERE ] setting player 4 freeze to 0
[20:24:58.873] [SEVERE ] removing player 4 token from slot 9
[20:24:58.873] [SEVERE ] player 4 placing token on slot 2
[20:24:58.882] [SEVERE ] setting player 3 freeze to 0
[20:24:58.883] [SEVERE ] setting player 3 freeze to 0
[20:24:58.883] [SEVERE ] setting player 3 freeze to 0
[20:24:58.883] [SEVERE ] setting player 3 freeze to 0
[20:24:58.884] [SEVERE ] removing player 3 token from slot 6
[20:24:58.884] [SEVERE ] player 3 placing token on slot 8
[20:24:58.893] [SEVERE ] setting player 1 freeze to 0
[20:24:58.893] [SEVERE ] setting player 1 freeze to 0
[20:24:58.893] [SEVERE ] setting player 1 freeze to 0
[20:24:58.893] [SEVERE ] setting player 1 freeze to 0
[20:24:58.893] [SEVERE ] removing player 1 token from slot 1
[20:24:58.895] [SEVERE ] player 1 placing token on slot 4
[20:24:58.903] [SEVERE ] setting player 4 freeze to 0
[20:24:58.903] [SEVERE ] setting player 4 freeze to 0
[20:24:58.904] [SEVERE ] setting player 4 freeze to 0
[20:24:58.904] [SEVERE ] setting player 4 freeze to 0
[20:24:58.904] [SEVERE ] removing player 4 token from slot 2
[20:24:58.904] [SEVERE ] player 4 placing token on slot 3
[20:24:58.913] [SEVERE ] setting player 3 freeze to 0
[20:24:58.914] [SEVERE ] setting player 3 freeze to 0
[20:24:58.914] [SEVERE ] setting player 3 freeze to 0
[20:24:58.915] [SEVERE ] setting player 3 freeze to 0
[20:24:58.916] [SEVERE ] removing player 3 token from slot 1
[20:24:58.917] [SEVERE ] player 3 placing token on slot 5
[20:24:58.924] [SEVERE ] setting player 1 freeze to 0
[20:24:58.924] [SEVERE ] setting player 1 freeze to 0
[20:24:58.925] [SEVERE ] setting player 1 freeze to 0
[20:24:58.925] [SEVERE ] setting player 1 freeze to 0
[20:24:58.926] [SEVERE ] removing player 1 token from slot 4
[20:24:58.926] [SEVERE ] player 1 placing token on slot 11
[20:24:58.934] [SEVERE ] setting player 4 freeze to 0
[20:24:58.934] [SEVERE ] setting player 4 freeze to 0
[20:24:58.935] [SEVERE ] setting player 4 freeze to 0
[20:24:58.935] [SEVERE ] setting player 4 freeze to 0
[20:24:58.936] [SEVERE ] removing player 4 token from slot 5
[20:24:58.936] [SEVERE ] player 4 placing token on slot 6
[20:24:58.944] [SEVERE ] setting player 3 freeze to 0
[20:24:58.944] [SEVERE ] setting player 3 freeze to 0
[20:24:58.944] [SEVERE ] setting player 3 freeze to 0
[20:24:58.944] [SEVERE ] setting player 3 freeze to 0
[20:24:58.944] [SEVERE ] removing player 3 token from slot 7
[20:24:58.945] [SEVERE ] player 3 placing token on slot 1
[20:24:58.955] [SEVERE ] setting player 1 freeze to 0
[20:24:58.955] [SEVERE ] setting player 1 freeze to 0
[20:24:58.955] [SEVERE ] setting player 1 freeze to 0
[20:24:58.956] [SEVERE ] setting player 1 freeze to 0
[20:24:58.956] [SEVERE ] removing player 1 token from slot 5
[20:24:58.957] [SEVERE ] player 1 placing token on slot 9
[20:24:58.965] [SEVERE ] setting player 4 freeze to 0
[20:24:58.965] [SEVERE ] setting player 4 freeze to 0
[20:24:58.966] [SEVERE ] setting player 4 freeze to 0
[20:24:58.966] [SEVERE ] setting player 4 freeze to 0
[20:24:58.967] [SEVERE ] removing player 4 token from slot 3
[20:24:58.967] [SEVERE ] player 4 placing token on slot 5
[20:24:58.976] [SEVERE ] setting player 3 freeze to 0
[20:24:58.976] [SEVERE ] setting player 3 freeze to 0
[20:24:58.976] [SEVERE ] setting player 3 freeze to 0
[20:24:58.977] [SEVERE ] setting player 3 freeze to 0
[20:24:58.977] [SEVERE ] removing player 3 token from slot 8
[20:24:58.977] [SEVERE ] removing player 3 token from slot 5
[20:24:58.978] [SEVERE ] player 3 placing token on slot 4
[20:24:58.978] [SEVERE ] removing player 3 token from slot 4
[20:24:58.979] [SEVERE ] player 3 placing token on slot 9
[20:24:58.980] [SEVERE ] player 3 placing token on slot 6
[20:24:58.986] [SEVERE ] setting player 1 freeze to 0
[20:24:58.986] [SEVERE ] setting player 1 freeze to 0
[20:24:58.986] [SEVERE ] setting player 1 freeze to 0
[20:24:58.987] [SEVERE ] setting player 1 freeze to 0
[20:24:58.987] [SEVERE ] removing player 1 token from slot 10
[20:24:58.988] [SEVERE ] player 1 placing token on slot 10
[20:24:58.996] [SEVERE ] setting player 4 freeze to 0
[20:24:58.996] [SEVERE ] setting player 4 freeze to 0
[20:24:58.997] [SEVERE ] setting player 4 freeze to 0
[20:24:58.998] [SEVERE ] setting player 4 freeze to 0
[20:24:58.999] [SEVERE ] removing player 4 token from slot 7
[20:24:58.999] [SEVERE ] player 4 placing token on slot 2
[20:24:59.007] [SEVERE ] setting player 3 freeze to 0
[20:24:59.007] [SEVERE ] setting player 3 freeze to 0
[20:24:59.007] [SEVERE ] setting player 3 freeze to 0
[20:24:59.008] [SEVERE ] setting player 3 freeze to 0
[20:24:59.008] [SEVERE ] removing player 3 token from slot 9
[20:24:59.009] [SEVERE ] removing player 3 token from slot 1
[20:24:59.009] [SEVERE ] player 3 placing token on slot 7
[20:24:59.009] [SEVERE ] player 3 placing token on slot 5
[20:24:59.017] [SEVERE ] setting player 1 freeze to 0
[20:24:59.017] [SEVERE ] setting player 1 freeze to 0
[20:24:59.017] [SEVERE ] setting player 1 freeze to 0
[20:24:59.018] [SEVERE ] setting player 1 freeze to 0
[20:24:59.018] [SEVERE ] removing player 1 token from slot 11
[20:24:59.018] [SEVERE ] player 1 placing token on slot 2
[20:24:59.027] [SEVERE ] setting player 4 freeze to 0
[20:24:59.027] [SEVERE ] setting player 4 freeze to 0
[20:24:59.028] [SEVERE ] setting player 4 freeze to 0
[20:24:59.028] [SEVERE ] setting player 4 freeze to 0
[20:24:59.029] [SEVERE ] removing player 4 token from slot 5
[20:24:59.029] [SEVERE ] player 4 placing token on slot 8
[20:24:59.037] [SEVERE ] setting player 3 freeze to 0
[20:24:59.038] [SEVERE ] setting player 3 freeze to 0
[20:24:59.038] [SEVERE ] setting player 3 freeze to 0
[20:24:59.039] [SEVERE ] setting player 3 freeze to 0
[20:24:59.041] [SEVERE ] removing player 3 token from slot 5
[20:24:59.042] [SEVERE ] player 3 placing token on slot 8
[20:24:59.048] [SEVERE ] setting player 1 freeze to 0
[20:24:59.048] [SEVERE ] setting player 1 freeze to 0
[20:24:59.048] [SEVERE ] setting player 1 freeze to 0
[20:24:59.049] [SEVERE ] setting player 1 freeze to 0
[20:24:59.049] [SEVERE ] removing player 1 token from slot 9
[20:24:59.051] [SEVERE ] player 1 placing token on slot 9
[20:24:59.058] [SEVERE ] setting player 4 freeze to 0
[20:24:59.061] [SEVERE ] setting player 4 freeze to 0
[20:24:59.064] [SEVERE ] setting player 4 freeze to 0
[20:24:59.064] [SEVERE ] setting player 4 freeze to 0
[20:24:59.065] [SEVERE ] removing player 4 token from slot 2
[20:24:59.065] [SEVERE ] player 4 placing token on slot 5
[20:24:59.068] [SEVERE ] setting player 3 freeze to 0
[20:24:59.068] [SEVERE ] setting player 3 freeze to 0
[20:24:59.069] [SEVERE ] setting player 3 freeze to 0
[20:24:59.069] [SEVERE ] setting player 3 freeze to 0
[20:24:59.070] [SEVERE ] removing player 3 token from slot 6
[20:24:59.071] [SEVERE ] player 3 placing token on slot 9
[20:24:59.079] [SEVERE ] setting player 1 freeze to 0
[20:24:59.079] [SEVERE ] setting player 1 freeze to 0
[20:24:59.079] [SEVERE ] setting player 1 freeze to 0
[20:24:59.084] [SEVERE ] setting player 1 freeze to 0
[20:24:59.084] [SEVERE ] removing player 1 token from slot 10
[20:24:59.085] [SEVERE ] player 1 placing token on slot 8
[20:24:59.089] [SEVERE ] setting player 4 freeze to 0
[20:24:59.093] [SEVERE ] setting player 4 freeze to 0
[20:24:59.093] [SEVERE ] setting player 4 freeze to 0
[20:24:59.093] [SEVERE ] setting player 4 freeze to 0
[20:24:59.094] [SEVERE ] removing player 4 token from slot 5
[20:24:59.095] [SEVERE ] player 4 placing token on slot 2
[20:24:59.099] [SEVERE ] setting player 3 freeze to 0
[20:24:59.100] [SEVERE ] setting player 3 freeze to 0
[20:24:59.100] [SEVERE ] setting player 3 freeze to 0
[20:24:59.101] [SEVERE ] setting player 3 freeze to 0
[20:24:59.101] [SEVERE ] removing player 3 token from slot 7
[20:24:59.102] [SEVERE ] player 3 placing token on slot 5
[20:24:59.114] [SEVERE ] setting player 1 freeze to 0
[20:24:59.114] [SEVERE ] setting player 1 freeze to 0
[20:24:59.115] [SEVERE ] setting player 1 freeze to 0
[20:24:59.115] [SEVERE ] setting player 1 freeze to 0
[20:24:59.116] [SEVERE ] removing player 1 token from slot 9
[20:24:59.116] [SEVERE ] removing player 1 token from slot 8
[20:24:59.117] [SEVERE ] removing player 1 token from slot 2
[20:24:59.117] [SEVERE ] player 1 placing token on slot 4
[20:24:59.118] [SEVERE ] player 1 placing token on slot 5
[20:24:59.118] [SEVERE ] removing player 1 token from slot 5
[20:24:59.119] [SEVERE ] player 1 placing token on slot 5
[20:24:59.119] [SEVERE ] removing player 1 token from slot 4
[20:24:59.120] [SEVERE ] player 1 placing token on slot 4
[20:24:59.120] [SEVERE ] player 1 placing token on slot 9
[20:24:59.120] [SEVERE ] setting player 4 freeze to 0
[20:24:59.121] [SEVERE ] setting player 4 freeze to 0
[20:24:59.122] [SEVERE ] setting player 4 freeze to 0
[20:24:59.122] [SEVERE ] setting player 4 freeze to 0
[20:24:59.123] [SEVERE ] removing player 4 token from slot 6
[20:24:59.124] [SEVERE ] removing player 4 token from slot 2
[20:24:59.124] [SEVERE ] player 4 placing token on slot 11
[20:24:59.125] [SEVERE ] player 4 placing token on slot 2
[20:24:59.131] [SEVERE ] setting player 3 freeze to 0
[20:24:59.131] [SEVERE ] setting player 3 freeze to 0
[20:24:59.132] [SEVERE ] setting player 3 freeze to 0
[20:24:59.133] [SEVERE ] setting player 3 freeze to 0
[20:24:59.133] [SEVERE ] removing player 3 token from slot 5
[20:24:59.134] [SEVERE ] player 3 placing token on slot 10
[20:24:59.141] [SEVERE ] setting player 1 freeze to 0
[20:24:59.142] [SEVERE ] setting player 1 freeze to 0
[20:24:59.142] [SEVERE ] setting player 1 freeze to 0
[20:24:59.142] [SEVERE ] setting player 1 freeze to 0
[20:24:59.142] [SEVERE ] removing player 1 token from slot 5
[20:24:59.142] [SEVERE ] removing player 1 token from slot 9
[20:24:59.142] [SEVERE ] player 1 placing token on slot 7
[20:24:59.142] [SEVERE ] player 1 placing token on slot 6
[20:24:59.152] [SEVERE ] setting player 4 freeze to 0
[20:24:59.153] [SEVERE ] setting player 4 freeze to 0
[20:24:59.153] [SEVERE ] setting player 4 freeze to 0
[20:24:59.153] [SEVERE ] setting player 4 freeze to 0
[20:24:59.153] [SEVERE ] removing player 4 token from slot 2
[20:24:59.154] [SEVERE ] player 4 placing token on slot 3
[20:24:59.162] [SEVERE ] setting player 3 freeze to 0
[20:24:59.163] [SEVERE ] setting player 3 freeze to 0
[20:24:59.163] [SEVERE ] setting player 3 freeze to 0
[20:24:59.164] [SEVERE ] setting player 3 freeze to 0
[20:24:59.164] [SEVERE ] removing player 3 token from slot 10
[20:24:59.165] [SEVERE ] player 3 placing token on slot 6
[20:24:59.174] [SEVERE ] setting player 1 freeze to 0
[20:24:59.177] [SEVERE ] setting player 1 freeze to 0
[20:24:59.177] [SEVERE ] setting player 1 freeze to 0
[20:24:59.177] [SEVERE ] setting player 1 freeze to 0
[20:24:59.178] [SEVERE ] removing player 1 token from slot 7
[20:24:59.179] [SEVERE ] player 1 placing token on slot 8
[20:24:59.185] [SEVERE ] setting player 4 freeze to 0
[20:24:59.185] [SEVERE ] setting player 4 freeze to 0
[20:24:59.185] [SEVERE ] setting player 4 freeze to 0
[20:24:59.186] [SEVERE ] setting player 4 freeze to 0
[20:24:59.187] [SEVERE ] removing player 4 token from slot 11
[20:24:59.187] [SEVERE ] player 4 placing token on slot 5
[20:24:59.195] [SEVERE ] setting player 3 freeze to 0
[20:24:59.195] [SEVERE ] setting player 3 freeze to 0
[20:24:59.196] [SEVERE ] setting player 3 freeze to 0
[20:24:59.196] [SEVERE ] setting player 3 freeze to 0
[20:24:59.197] [SEVERE ] removing player 3 token from slot 8
[20:24:59.197] [SEVERE ] removing player 3 token from slot 6
[20:24:59.198] [SEVERE ] player 3 placing token on slot 2
[20:24:59.198] [SEVERE ] player 3 placing token on slot 4
[20:24:59.208] [SEVERE ] setting player 1 freeze to 0
[20:24:59.209] [SEVERE ] setting player 1 freeze to 0
[20:24:59.209] [SEVERE ] setting player 1 freeze to 0
[20:24:59.210] [SEVERE ] setting player 1 freeze to 0
[20:24:59.210] [SEVERE ] removing player 1 token from slot 8
[20:24:59.211] [SEVERE ] player 1 placing token on slot 11
[20:24:59.219] [SEVERE ] setting player 4 freeze to 0
[20:24:59.220] [SEVERE ] setting player 4 freeze to 0
[20:24:59.220] [SEVERE ] setting player 4 freeze to 0
[20:24:59.221] [SEVERE ] setting player 4 freeze to 0
[20:24:59.221] [SEVERE ] removing player 4 token from slot 8
[20:24:59.222] [SEVERE ] player 4 placing token on slot 2
[20:24:59.230] [SEVERE ] setting player 3 freeze to 0
[20:24:59.230] [SEVERE ] setting player 3 freeze to 0
[20:24:59.230] [SEVERE ] setting player 3 freeze to 0
[20:24:59.231] [SEVERE ] setting player 3 freeze to 0
[20:24:59.231] [SEVERE ] removing player 3 token from slot 2
[20:24:59.232] [SEVERE ] player 3 placing token on slot 5
[20:24:59.240] [SEVERE ] setting player 1 freeze to 0
[20:24:59.241] [SEVERE ] setting player 1 freeze to 0
[20:24:59.241] [SEVERE ] setting player 1 freeze to 0
[20:24:59.241] [SEVERE ] setting player 1 freeze to 0
[20:24:59.242] [SEVERE ] removing player 1 token from slot 6
[20:24:59.243] [SEVERE ] player 1 placing token on slot 7
[20:24:59.250] [SEVERE ] setting player 4 freeze to 0
[20:24:59.251] [SEVERE ] setting player 4 freeze to 0
[20:24:59.251] [SEVERE ] setting player 4 freeze to 0
[20:24:59.251] [SEVERE ] setting player 4 freeze to 0
[20:24:59.252] [SEVERE ] removing player 4 token from slot 5
[20:24:59.252] [SEVERE ] player 4 placing token on slot 10
[20:24:59.260] [SEVERE ] setting player 3 freeze to 0
[20:24:59.261] [SEVERE ] setting player 3 freeze to 0
[20:24:59.261] [SEVERE ] setting player 3 freeze to 0
[20:24:59.262] [SEVERE ] setting player 3 freeze to 0
[20:24:59.262] [SEVERE ] removing player 3 token from slot 5
[20:24:59.263] [SEVERE ] player 3 placing token on slot 10
[20:24:59.271] [SEVERE ] setting player 1 freeze to 0
[20:24:59.271] [SEVERE ] setting player 1 freeze to 0
[20:24:59.272] [SEVERE ] setting player 1 freeze to 0
[20:24:59.272] [SEVERE ] setting player 1 freeze to 0
[20:24:59.273] [SEVERE ] removing player 1 token from slot 11
[20:24:59.273] [SEVERE ] player 1 placing token on slot 2
[20:24:59.281] [SEVERE ] setting player 4 freeze to 0
[20:24:59.281] [SEVERE ] setting player 4 freeze to 0
[20:24:59.282] [SEVERE ] setting player 4 freeze to 0
[20:24:59.282] [SEVERE ] setting player 4 freeze to 0
[20:24:59.283] [SEVERE ] removing player 4 token from slot 10
[20:24:59.283] [SEVERE ] player 4 placing token on slot 11
[20:24:59.292] [SEVERE ] setting player 3 freeze to 0
[20:24:59.292] [SEVERE ] setting player 3 freeze to 0
[20:24:59.293] [SEVERE ] setting player 3 freeze to 0
[20:24:59.293] [SEVERE ] setting player 3 freeze to 0
[20:24:59.294] [SEVERE ] removing player 3 token from slot 10
[20:24:59.294] [SEVERE ] removing player 3 token from slot 4
[20:24:59.295] [SEVERE ] player 3 placing token on slot 10
[20:24:59.296] [SEVERE ] player 3 placing token on slot 3
[20:24:59.302] [SEVERE ] setting player 1 freeze to 0
[20:24:59.302] [SEVERE ] setting player 1 freeze to 0
[20:24:59.303] [SEVERE ] setting player 1 freeze to 0
[20:24:59.303] [SEVERE ] setting player 1 freeze to 0
[20:24:59.304] [SEVERE ] removing player 1 token from slot 2
[20:24:59.305] [SEVERE ] player 1 placing token on slot 10
[20:24:59.312] [SEVERE ] setting player 4 freeze to 0
[20:24:59.313] [SEVERE ] setting player 4 freeze to 0
[20:24:59.313] [SEVERE ] setting player 4 freeze to 0
[20:24:59.314] [SEVERE ] setting player 4 freeze to 0
[20:24:59.314] [SEVERE ] removing player 4 token from slot 3
[20:24:59.315] [SEVERE ] player 4 placing token on slot 1
[20:24:59.322] [SEVERE ] setting player 3 freeze to 0
[20:24:59.323] [SEVERE ] setting player 3 freeze to 0
[20:24:59.323] [SEVERE ] setting player 3 freeze to 0
[20:24:59.324] [SEVERE ] setting player 3 freeze to 0
[20:24:59.324] [SEVERE ] removing player 3 token from slot 3
[20:24:59.325] [SEVERE ] removing player 3 token from slot 9
[20:24:59.326] [SEVERE ] player 3 placing token on slot 7
[20:24:59.326] [SEVERE ] player 3 placing token on slot 9
[20:24:59.333] [SEVERE ] setting player 1 freeze to 0
[20:24:59.333] [SEVERE ] setting player 1 freeze to 0
[20:24:59.333] [SEVERE ] setting player 1 freeze to 0
[20:24:59.334] [SEVERE ] setting player 1 freeze to 0
[20:24:59.334] [SEVERE ] removing player 1 token from slot 10
[20:24:59.335] [SEVERE ] removing player 1 token from slot 4
[20:24:59.335] [SEVERE ] player 1 placing token on slot 1
[20:24:59.336] [SEVERE ] player 1 placing token on slot 3
[20:24:59.343] [SEVERE ] setting player 4 freeze to 0
[20:24:59.344] [SEVERE ] setting player 4 freeze to 0
[20:24:59.344] [SEVERE ] setting player 4 freeze to 0
[20:24:59.345] [SEVERE ] setting player 4 freeze to 0
[20:24:59.345] [SEVERE ] removing player 4 token from slot 11
[20:24:59.346] [SEVERE ] player 4 placing token on slot 11
[20:24:59.353] [SEVERE ] setting player 3 freeze to 0
[20:24:59.354] [SEVERE ] setting player 3 freeze to 0
[20:24:59.354] [SEVERE ] setting player 3 freeze to 0
[20:24:59.355] [SEVERE ] setting player 3 freeze to 0
[20:24:59.356] [SEVERE ] removing player 3 token from slot 9
[20:24:59.356] [SEVERE ] player 3 placing token on slot 6
[20:24:59.364] [SEVERE ] setting player 1 freeze to 0
[20:24:59.364] [SEVERE ] setting player 1 freeze to 0
[20:24:59.364] [SEVERE ] setting player 1 freeze to 0
[20:24:59.365] [SEVERE ] setting player 1 freeze to 0
[20:24:59.365] [SEVERE ] removing player 1 token from slot 7
[20:24:59.365] [SEVERE ] player 1 placing token on slot 5
[20:24:59.374] [SEVERE ] setting player 4 freeze to 0
[20:24:59.375] [SEVERE ] setting player 4 freeze to 0
[20:24:59.375] [SEVERE ] setting player 4 freeze to 0
[20:24:59.376] [SEVERE ] setting player 4 freeze to 0
[20:24:59.376] [SEVERE ] removing player 4 token from slot 1
[20:24:59.377] [SEVERE ] player 4 placing token on slot 5
[20:24:59.384] [SEVERE ] setting player 3 freeze to 0
[20:24:59.385] [SEVERE ] setting player 3 freeze to 0
[20:24:59.385] [SEVERE ] setting player 3 freeze to 0
[20:24:59.385] [SEVERE ] setting player 3 freeze to 0
[20:24:59.386] [SEVERE ] removing player 3 token from slot 7
[20:24:59.386] [SEVERE ] removing player 3 token from slot 10
[20:24:59.387] [SEVERE ] player 3 placing token on slot 7
[20:24:59.388] [SEVERE ] player 3 placing token on slot 3
[20:24:59.395] [SEVERE ] setting player 1 freeze to 0
[20:24:59.395] [SEVERE ] setting player 1 freeze to 0
[20:24:59.396] [SEVERE ] setting player 1 freeze to 0
[20:24:59.396] [SEVERE ] setting player 1 freeze to 0
[20:24:59.396] [SEVERE ] removing player 1 token from slot 3
[20:24:59.397] [SEVERE ] player 1 placing token on slot 8
[20:24:59.405] [SEVERE ] setting player 4 freeze to 0
[20:24:59.408] [SEVERE ] setting player 4 freeze to 0
[20:24:59.408] [SEVERE ] setting player 4 freeze to 0
[20:24:59.409] [SEVERE ] setting player 4 freeze to 0
[20:24:59.409] [SEVERE ] removing player 4 token from slot 2
[20:24:59.410] [SEVERE ] player 4 placing token on slot 8
[20:24:59.416] [SEVERE ] setting player 3 freeze to 0
[20:24:59.417] [SEVERE ] setting player 3 freeze to 0
[20:24:59.418] [SEVERE ] setting player 3 freeze to 0
[20:24:59.418] [SEVERE ] setting player 3 freeze to 0
[20:24:59.418] [SEVERE ] removing player 3 token from slot 3
[20:24:59.419] [SEVERE ] removing player 3 token from slot 7
[20:24:59.419] [SEVERE ] player 3 placing token on slot 5
[20:24:59.420] [SEVERE ] player 3 placing token on slot 4
[20:24:59.426] [SEVERE ] setting player 1 freeze to 0
[20:24:59.427] [SEVERE ] setting player 1 freeze to 0
[20:24:59.427] [SEVERE ] setting player 1 freeze to 0
[20:24:59.428] [SEVERE ] setting player 1 freeze to 0
[20:24:59.428] [SEVERE ] removing player 1 token from slot 8
[20:24:59.429] [SEVERE ] player 1 placing token on slot 2
[20:24:59.436] [SEVERE ] setting player 4 freeze to 0
[20:24:59.437] [SEVERE ] setting player 4 freeze to 0
[20:24:59.437] [SEVERE ] setting player 4 freeze to 0
[20:24:59.437] [SEVERE ] setting player 4 freeze to 0
[20:24:59.438] [SEVERE ] removing player 4 token from slot 11
[20:24:59.438] [SEVERE ] player 4 placing token on slot 4
[20:24:59.447] [SEVERE ] setting player 3 freeze to 0
[20:24:59.447] [SEVERE ] setting player 3 freeze to 0
[20:24:59.447] [SEVERE ] setting player 3 freeze to 0
[20:24:59.448] [SEVERE ] setting player 3 freeze to 0
[20:24:59.448] [SEVERE ] removing player 3 token from slot 4
[20:24:59.449] [SEVERE ] removing player 3 token from slot 6
[20:24:59.449] [SEVERE ] player 3 placing token on slot 6
[20:24:59.450] [SEVERE ] player 3 placing token on slot 10
[20:24:59.457] [SEVERE ] setting player 1 freeze to 0
[20:24:59.458] [SEVERE ] setting player 1 freeze to 0
[20:24:59.458] [SEVERE ] setting player 1 freeze to 0
[20:24:59.458] [SEVERE ] setting player 1 freeze to 0
[20:24:59.459] [SEVERE ] removing player 1 token from slot 2
[20:24:59.460] [SEVERE ] removing player 1 token from slot 5
[20:24:59.461] [SEVERE ] player 1 placing token on slot 3
[20:24:59.462] [SEVERE ] player 1 placing token on slot 8
[20:24:59.467] [SEVERE ] setting player 4 freeze to 0
[20:24:59.468] [SEVERE ] setting player 4 freeze to 0
[20:24:59.468] [SEVERE ] setting player 4 freeze to 0
[20:24:59.469] [SEVERE ] setting player 4 freeze to 0
[20:24:59.469] [SEVERE ] removing player 4 token from slot 8
[20:24:59.470] [SEVERE ] player 4 placing token on slot 2
[20:24:59.477] [SEVERE ] setting player 3 freeze to 0
[20:24:59.478] [SEVERE ] setting player 3 freeze to 0
[20:24:59.478] [SEVERE ] setting player 3 freeze to 0
[20:24:59.479] [SEVERE ] setting player 3 freeze to 0
[20:24:59.480] [SEVERE ] removing player 3 token from slot 6
[20:24:59.480] [SEVERE ] player 3 placing token on slot 7
[20:24:59.488] [SEVERE ] setting player 1 freeze to 0
[20:24:59.488] [SEVERE ] setting player 1 freeze to 0
[20:24:59.488] [SEVERE ] setting player 1 freeze to 0
[20:24:59.489] [SEVERE ] setting player 1 freeze to 0
[20:24:59.489] [SEVERE ] removing player 1 token from slot 1
[20:24:59.490] [SEVERE ] player 1 placing token on slot 1
[20:24:59.498] [SEVERE ] setting player 4 freeze to 0
[20:24:59.498] [SEVERE ] setting player 4 freeze to 0
[20:24:59.498] [SEVERE ] setting player 4 freeze to 0
[20:24:59.499] [SEVERE ] setting player 4 freeze to 0
[20:24:59.499] [SEVERE ] removing player 4 token from slot 5
[20:24:59.500] [SEVERE ] player 4 placing token on slot 8
[20:24:59.508] [SEVERE ] setting player 3 freeze to 0
[20:24:59.509] [SEVERE ] setting player 3 freeze to 0
[20:24:59.509] [SEVERE ] setting player 3 freeze to 0
[20:24:59.510] [SEVERE ] setting player 3 freeze to 0
[20:24:59.510] [SEVERE ] removing player 3 token from slot 7
[20:24:59.510] [SEVERE ] removing player 3 token from slot 5
[20:24:59.511] [SEVERE ] removing player 3 token from slot 10
[20:24:59.511] [SEVERE ] player 3 placing token on slot 7
[20:24:59.512] [SEVERE ] player 3 placing token on slot 4
[20:24:59.512] [SEVERE ] player 3 placing token on slot 8
[20:24:59.519] [SEVERE ] setting player 1 freeze to 0
[20:24:59.519] [SEVERE ] setting player 1 freeze to 0
[20:24:59.519] [SEVERE ] setting player 1 freeze to 0
[20:24:59.520] [SEVERE ] setting player 1 freeze to 0
[20:24:59.520] [SEVERE ] removing player 1 token from slot 8
[20:24:59.521] [SEVERE ] player 1 placing token on slot 8
[20:24:59.529] [SEVERE ] setting player 4 freeze to 0
[20:24:59.529] [SEVERE ] setting player 4 freeze to 0
[20:24:59.529] [SEVERE ] setting player 4 freeze to 0
[20:24:59.530] [SEVERE ] setting player 4 freeze to 0
[20:24:59.530] [SEVERE ] removing player 4 token from slot 2
[20:24:59.531] [SEVERE ] player 4 placing token on slot 5
[20:24:59.539] [SEVERE ] setting player 3 freeze to 0
[20:24:59.539] [SEVERE ] setting player 3 freeze to 0
[20:24:59.540] [SEVERE ] setting player 3 freeze to 0
[20:24:59.541] [SEVERE ] setting player 3 freeze to 0
[20:24:59.542] [SEVERE ] removing player 3 token from slot 7
[20:24:59.542] [SEVERE ] player 3 placing token on slot 3
[20:24:59.549] [SEVERE ] setting player 1 freeze to 0
[20:24:59.550] [SEVERE ] setting player 1 freeze to 0
[20:24:59.550] [SEVERE ] setting player 1 freeze to 0
[20:24:59.550] [SEVERE ] setting player 1 freeze to 0
[20:24:59.551] [SEVERE ] removing player 1 token from slot 8
[20:24:59.551] [SEVERE ] player 1 placing token on slot 6
[20:24:59.565] [SEVERE ] setting player 4 freeze to 0
[20:24:59.565] [SEVERE ] setting player 4 freeze to 0
[20:24:59.566] [SEVERE ] setting player 4 freeze to 0
[20:24:59.566] [SEVERE ] setting player 4 freeze to 0
[20:24:59.566] [SEVERE ] removing player 4 token from slot 5
[20:24:59.567] [SEVERE ] player 4 placing token on slot 2
[20:24:59.575] [SEVERE ] setting player 3 freeze to 0
[20:24:59.576] [SEVERE ] setting player 3 freeze to 0
[20:24:59.576] [SEVERE ] setting player 3 freeze to 0
[20:24:59.577] [SEVERE ] setting player 3 freeze to 0
[20:24:59.577] [SEVERE ] removing player 3 token from slot 4
[20:24:59.578] [SEVERE ] player 3 placing token on slot 1
[20:24:59.586] [SEVERE ] setting player 1 freeze to 0
[20:24:59.586] [SEVERE ] setting player 1 freeze to 0
[20:24:59.586] [SEVERE ] setting player 1 freeze to 0
[20:24:59.587] [SEVERE ] setting player 1 freeze to 0
[20:24:59.587] [SEVERE ] removing player 1 token from slot 3
[20:24:59.587] [SEVERE ] player 1 placing token on slot 5
[20:24:59.596] [SEVERE ] setting player 4 freeze to 0
[20:24:59.596] [SEVERE ] setting player 4 freeze to 0
[20:24:59.600] [SEVERE ] setting player 4 freeze to 0
[20:24:59.601] [SEVERE ] setting player 4 freeze to 0
[20:24:59.601] [SEVERE ] removing player 4 token from slot 8
[20:24:59.602] [SEVERE ] player 4 placing token on slot 8
[20:24:59.606] [SEVERE ] setting player 3 freeze to 0
[20:24:59.607] [SEVERE ] setting player 3 freeze to 0
[20:24:59.607] [SEVERE ] setting player 3 freeze to 0
[20:24:59.608] [SEVERE ] setting player 3 freeze to 0
[20:24:59.608] [SEVERE ] removing player 3 token from slot 1
[20:24:59.609] [SEVERE ] player 3 placing token on slot 7
[20:24:59.617] [SEVERE ] setting player 1 freeze to 0
[20:24:59.617] [SEVERE ] setting player 1 freeze to 0
[20:24:59.617] [SEVERE ] setting player 1 freeze to 0
[20:24:59.618] [SEVERE ] setting player 1 freeze to 0
[20:24:59.618] [SEVERE ] removing player 1 token from slot 5
[20:24:59.619] [SEVERE ] player 1 placing token on slot 8
[20:24:59.627] [SEVERE ] setting player 4 freeze to 0
[20:24:59.627] [SEVERE ] setting player 4 freeze to 0
[20:24:59.628] [SEVERE ] setting player 4 freeze to 0
[20:24:59.628] [SEVERE ] setting player 4 freeze to 0
[20:24:59.629] [SEVERE ] removing player 4 token from slot 2
[20:24:59.629] [SEVERE ] player 4 placing token on slot 9
[20:24:59.638] [SEVERE ] updating countdown to 5000
[20:24:59.638] [SEVERE ] removing player 3 token from slot 8
[20:24:59.639] [SEVERE ] removing player 3 token from slot 3
[20:24:59.741] [SEVERE ] removing card from slot 3
[20:24:59.741] [SEVERE ] removing player 3 token from slot 7
[20:24:59.841] [SEVERE ] removing card from slot 7
[20:24:59.842] [SEVERE ] removing player 3 token from slot 8
[20:24:59.942] [SEVERE ] removing card from slot 8
[20:24:59.942] [SEVERE ] removing player 3 token from slot 3
[20:24:59.942] [SEVERE ] removing player 3 token from slot 7
[20:24:59.942] [SEVERE ] removing player 1 token from slot 8
[20:24:59.942] [SEVERE ] removing player 3 token from slot 8
[20:24:59.942] [SEVERE ] removing player 4 token from slot 8
[20:25:00.042] [SEVERE ] placing card 74 in slot 3
[20:25:00.142] [SEVERE ] placing card 28 in slot 7
[20:25:00.243] [SEVERE ] placing card 65 in slot 8
[20:25:00.253] [SEVERE ] setting player 1 freeze to 0
[20:25:00.254] [SEVERE ] setting player 1 freeze to 0
[20:25:00.254] [SEVERE ] setting player 1 freeze to 0
[20:25:00.255] [SEVERE ] setting player 1 freeze to 0
[20:25:00.255] [SEVERE ] removing player 1 token from slot 8
[20:25:00.255] [SEVERE ] player 1 placing token on slot 8
[20:25:00.263] [SEVERE ] setting player 4 freeze to 0
[20:25:00.264] [SEVERE ] setting player 4 freeze to 0
[20:25:00.264] [SEVERE ] setting player 4 freeze to 0
[20:25:00.265] [SEVERE ] setting player 4 freeze to 0
[20:25:00.265] [SEVERE ] removing player 4 token from slot 4
[20:25:00.265] [SEVERE ] removing player 4 token from slot 8
[20:25:00.265] [SEVERE ] player 4 placing token on slot 7
[20:25:00.265] [SEVERE ] player 4 placing token on slot 11
[20:25:00.274] [SEVERE ] setting player 1 freeze to 0
[20:25:00.274] [SEVERE ] setting player 1 freeze to 0
[20:25:00.274] [SEVERE ] setting player 1 freeze to 0
[20:25:00.275] [SEVERE ] setting player 1 freeze to 0
[20:25:00.275] [SEVERE ] removing player 1 token from slot 8
[20:25:00.275] [SEVERE ] player 1 placing token on slot 3
[20:25:00.284] [SEVERE ] setting player 4 freeze to 0
[20:25:00.284] [SEVERE ] setting player 4 freeze to 0
[20:25:00.285] [SEVERE ] setting player 4 freeze to 0
[20:25:00.285] [SEVERE ] setting player 4 freeze to 0
[20:25:00.286] [SEVERE ] removing player 4 token from slot 11
[20:25:00.286] [SEVERE ] player 4 placing token on slot 1
[20:25:00.294] [SEVERE ] setting player 1 freeze to 0
[20:25:00.294] [SEVERE ] setting player 1 freeze to 0
[20:25:00.295] [SEVERE ] setting player 1 freeze to 0
[20:25:00.295] [SEVERE ] setting player 1 freeze to 0
[20:25:00.296] [SEVERE ] removing player 1 token from slot 6
[20:25:00.296] [SEVERE ] player 1 placing token on slot 4
[20:25:00.305] [SEVERE ] setting player 4 freeze to 0
[20:25:00.308] [SEVERE ] setting player 4 freeze to 0
[20:25:00.308] [SEVERE ] setting player 4 freeze to 0
[20:25:00.309] [SEVERE ] setting player 4 freeze to 0
[20:25:00.309] [SEVERE ] removing player 4 token from slot 7
[20:25:00.309] [SEVERE ] removing player 4 token from slot 9
[20:25:00.310] [SEVERE ] player 4 placing token on slot 8
[20:25:00.310] [SEVERE ] player 4 placing token on slot 2
[20:25:00.315] [SEVERE ] setting player 1 freeze to 0
[20:25:00.316] [SEVERE ] setting player 1 freeze to 0
[20:25:00.316] [SEVERE ] setting player 1 freeze to 0
[20:25:00.316] [SEVERE ] setting player 1 freeze to 0
[20:25:00.317] [SEVERE ] removing player 1 token from slot 1
[20:25:00.317] [SEVERE ] player 1 placing token on slot 10
[20:25:00.326] [SEVERE ] setting player 4 freeze to 0
[20:25:00.326] [SEVERE ] setting player 4 freeze to 0
[20:25:00.326] [SEVERE ] setting player 4 freeze to 0
[20:25:00.327] [SEVERE ] setting player 4 freeze to 0
[20:25:00.327] [SEVERE ] removing player 4 token from slot 8
[20:25:00.328] [SEVERE ] player 4 placing token on slot 5
[20:25:00.336] [SEVERE ] setting player 1 freeze to 0
[20:25:00.336] [SEVERE ] setting player 1 freeze to 0
[20:25:00.337] [SEVERE ] setting player 1 freeze to 0
[20:25:00.337] [SEVERE ] setting player 1 freeze to 0
[20:25:00.337] [SEVERE ] removing player 1 token from slot 10
[20:25:00.338] [SEVERE ] player 1 placing token on slot 7
[20:25:00.346] [SEVERE ] setting player 4 freeze to 0
[20:25:00.346] [SEVERE ] setting player 4 freeze to 0
[20:25:00.347] [SEVERE ] setting player 4 freeze to 0
[20:25:00.347] [SEVERE ] setting player 4 freeze to 0
[20:25:00.348] [SEVERE ] removing player 4 token from slot 1
[20:25:00.348] [SEVERE ] player 4 placing token on slot 1
[20:25:00.357] [SEVERE ] setting player 1 freeze to 0
[20:25:00.357] [SEVERE ] setting player 1 freeze to 0
[20:25:00.358] [SEVERE ] setting player 1 freeze to 0
[20:25:00.359] [SEVERE ] setting player 1 freeze to 0
[20:25:00.359] [SEVERE ] removing player 1 token from slot 4
[20:25:00.360] [SEVERE ] player 1 placing token on slot 6
[20:25:00.367] [SEVERE ] setting player 4 freeze to 0
[20:25:00.368] [SEVERE ] setting player 4 freeze to 0
[20:25:00.368] [SEVERE ] setting player 4 freeze to 0
[20:25:00.368] [SEVERE ] setting player 4 freeze to 0
[20:25:00.369] [SEVERE ] removing player 4 token from slot 1
[20:25:00.369] [SEVERE ] player 4 placing token on slot 8
[20:25:00.377] [SEVERE ] setting player 1 freeze to 0
[20:25:00.377] [SEVERE ] setting player 1 freeze to 0
[20:25:00.378] [SEVERE ] setting player 1 freeze to 0
[20:25:00.378] [SEVERE ] setting player 1 freeze to 0
[20:25:00.379] [SEVERE ] removing player 1 token from slot 7
[20:25:00.379] [SEVERE ] removing player 1 token from slot 3
[20:25:00.379] [SEVERE ] player 1 placing token on slot 4
[20:25:00.380] [SEVERE ] player 1 placing token on slot 5
[20:25:00.387] [SEVERE ] setting player 4 freeze to 0
[20:25:00.388] [SEVERE ] setting player 4 freeze to 0
[20:25:00.389] [SEVERE ] setting player 4 freeze to 0
[20:25:00.389] [SEVERE ] setting player 4 freeze to 0
[20:25:00.391] [SEVERE ] removing player 4 token from slot 5
[20:25:00.392] [SEVERE ] player 4 placing token on slot 3
[20:25:00.398] [SEVERE ] setting player 1 freeze to 0
[20:25:00.398] [SEVERE ] setting player 1 freeze to 0
[20:25:00.398] [SEVERE ] setting player 1 freeze to 0
[20:25:00.399] [SEVERE ] setting player 1 freeze to 0
[20:25:00.399] [SEVERE ] removing player 1 token from slot 4
[20:25:00.400] [SEVERE ] player 1 placing token on slot 10
[20:25:00.408] [SEVERE ] updating countdown to 5000
[20:25:00.409] [SEVERE ] removing player 4 token from slot 2
[20:25:00.409] [SEVERE ] removing player 4 token from slot 2
[20:25:00.510] [SEVERE ] removing card from slot 2
[20:25:00.510] [SEVERE ] removing player 4 token from slot 3
[20:25:00.611] [SEVERE ] removing card from slot 3
[20:25:00.611] [SEVERE ] removing player 4 token from slot 8
[20:25:00.711] [SEVERE ] removing card from slot 8
[20:25:00.712] [SEVERE ] removing player 4 token from slot 2
[20:25:00.712] [SEVERE ] removing player 4 token from slot 3
[20:25:00.712] [SEVERE ] removing player 4 token from slot 8
[20:25:00.812] [SEVERE ] placing card 47 in slot 2
[20:25:00.915] [SEVERE ] placing card 80 in slot 3
[20:25:01.015] [SEVERE ] placing card 77 in slot 8
[20:25:01.026] [SEVERE ] setting player 1 freeze to 0
[20:25:01.026] [SEVERE ] setting player 1 freeze to 0
[20:25:01.026] [SEVERE ] setting player 1 freeze to 0
[20:25:01.026] [SEVERE ] setting player 1 freeze to 0
[20:25:01.026] [SEVERE ] removing player 1 token from slot 5
[20:25:01.026] [SEVERE ] player 1 placing token on slot 9
[20:25:01.036] [SEVERE ] setting player 1 freeze to 0
[20:25:01.036] [SEVERE ] setting player 1 freeze to 0
[20:25:01.037] [SEVERE ] setting player 1 freeze to 0
[20:25:01.038] [SEVERE ] setting player 1 freeze to 0
[20:25:01.038] [SEVERE ] removing player 1 token from slot 6
[20:25:01.038] [SEVERE ] player 1 placing token on slot 7
[20:25:01.046] [SEVERE ] setting player 1 freeze to 0
[20:25:01.051] [SEVERE ] setting player 1 freeze to 0
[20:25:01.051] [SEVERE ] setting player 1 freeze to 0
[20:25:01.051] [SEVERE ] setting player 1 freeze to 0
[20:25:01.051] [SEVERE ] removing player 1 token from slot 7
[20:25:01.051] [SEVERE ] player 1 placing token on slot 4
[20:25:01.057] [SEVERE ] setting player 1 freeze to 0
[20:25:01.057] [SEVERE ] setting player 1 freeze to 0
[20:25:01.058] [SEVERE ] setting player 1 freeze to 0
[20:25:01.058] [SEVERE ] setting player 1 freeze to 0
[20:25:01.058] [SEVERE ] removing player 1 token from slot 4
[20:25:01.058] [SEVERE ] player 1 placing token on slot 4
[20:25:01.069] [SEVERE ] setting player 1 freeze to 0
[20:25:01.069] [SEVERE ] setting player 1 freeze to 0
[20:25:01.069] [SEVERE ] setting player 1 freeze to 0
[20:25:01.070] [SEVERE ] setting player 1 freeze to 0
[20:25:01.070] [SEVERE ] removing player 1 token from slot 9
[20:25:01.070] [SEVERE ] player 1 placing token on slot 2
[20:25:01.080] [SEVERE ] setting player 1 freeze to 0
[20:25:01.080] [SEVERE ] setting player 1 freeze to 0
[20:25:01.081] [SEVERE ] setting player 1 freeze to 0
[20:25:01.081] [SEVERE ] setting player 1 freeze to 0
[20:25:01.083] [SEVERE ] removing player 1 token from slot 4
[20:25:01.083] [SEVERE ] player 1 placing token on slot 6
[20:25:01.093] [SEVERE ] setting player 1 freeze to 0
[20:25:01.093] [SEVERE ] setting player 1 freeze to 0
[20:25:01.093] [SEVERE ] setting player 1 freeze to 0
[20:25:01.093] [SEVERE ] setting player 1 freeze to 0
[20:25:01.093] [SEVERE ] removing player 1 token from slot 2
[20:25:01.093] [SEVERE ] player 1 placing token on slot 2
[20:25:01.104] [SEVERE ] setting player 1 freeze to 0
[20:25:01.105] [SEVERE ] setting player 1 freeze to 0
[20:25:01.105] [SEVERE ] setting player 1 freeze to 0
[20:25:01.105] [SEVERE ] setting player 1 freeze to 0
[20:25:01.105] [SEVERE ] removing player 1 token from slot 10
[20:25:01.105] [SEVERE ] player 1 placing token on slot 8
[20:25:01.115] [SEVERE ] setting player 1 freeze to 0
[20:25:01.116] [SEVERE ] setting player 1 freeze to 0
[20:25:01.116] [SEVERE ] setting player 1 freeze to 0
[20:25:01.117] [SEVERE ] setting player 1 freeze to 0
[20:25:01.117] [SEVERE ] removing player 1 token from slot 6
[20:25:01.118] [SEVERE ] player 1 placing token on slot 4
[20:25:01.126] [SEVERE ] setting player 1 freeze to 0
[20:25:01.126] [SEVERE ] setting player 1 freeze to 0
[20:25:01.126] [SEVERE ] setting player 1 freeze to 0
[20:25:01.126] [SEVERE ] setting player 1 freeze to 0
[20:25:01.126] [SEVERE ] removing player 1 token from slot 8
[20:25:01.126] [SEVERE ] player 1 placing token on slot 6
[20:25:01.136] [SEVERE ] setting player 1 freeze to 0
[20:25:01.136] [SEVERE ] setting player 1 freeze to 0
[20:25:01.136] [SEVERE ] setting player 1 freeze to 0
[20:25:01.136] [SEVERE ] setting player 1 freeze to 0
[20:25:01.136] [SEVERE ] removing player 1 token from slot 4
[20:25:01.136] [SEVERE ] player 1 placing token on slot 10
[20:25:01.146] [SEVERE ] setting player 1 freeze to 0
[20:25:01.146] [SEVERE ] setting player 1 freeze to 0
[20:25:01.147] [SEVERE ] setting player 1 freeze to 0
[20:25:01.147] [SEVERE ] setting player 1 freeze to 0
[20:25:01.148] [SEVERE ] removing player 1 token from slot 10
[20:25:01.148] [SEVERE ] player 1 placing token on slot 4
[20:25:01.157] [SEVERE ] setting player 1 freeze to 0
[20:25:01.157] [SEVERE ] setting player 1 freeze to 0
[20:25:01.158] [SEVERE ] setting player 1 freeze to 0
[20:25:01.158] [SEVERE ] setting player 1 freeze to 0
[20:25:01.159] [SEVERE ] removing player 1 token from slot 6
[20:25:01.159] [SEVERE ] player 1 placing token on slot 11
[20:25:01.171] [SEVERE ] setting player 1 freeze to 0
[20:25:01.173] [SEVERE ] setting player 1 freeze to 0
[20:25:01.173] [SEVERE ] setting player 1 freeze to 0
[20:25:01.174] [SEVERE ] setting player 1 freeze to 0
[20:25:01.174] [SEVERE ] removing player 1 token from slot 2
[20:25:01.174] [SEVERE ] player 1 placing token on slot 5
[20:25:01.185] [SEVERE ] setting player 1 freeze to 0
[20:25:01.185] [SEVERE ] setting player 1 freeze to 0
[20:25:01.185] [SEVERE ] setting player 1 freeze to 0
[20:25:01.185] [SEVERE ] setting player 1 freeze to 0
[20:25:01.186] [SEVERE ] removing player 1 token from slot 4
[20:25:01.186] [SEVERE ] player 1 placing token on slot 8
[20:25:01.195] [SEVERE ] setting player 1 freeze to 0
[20:25:01.195] [SEVERE ] setting player 1 freeze to 0
[20:25:01.197] [SEVERE ] setting player 1 freeze to 0
[20:25:01.198] [SEVERE ] setting player 1 freeze to 0
[20:25:01.198] [SEVERE ] removing player 1 token from slot 5
[20:25:01.198] [SEVERE ] player 1 placing token on slot 6
[20:25:01.206] [SEVERE ] setting player 1 freeze to 0
[20:25:01.207] [SEVERE ] setting player 1 freeze to 0
[20:25:01.208] [SEVERE ] setting player 1 freeze to 0
[20:25:01.208] [SEVERE ] setting player 1 freeze to 0
[20:25:01.209] [SEVERE ] removing player 1 token from slot 11
[20:25:01.209] [SEVERE ] player 1 placing token on slot 5
[20:25:01.221] [SEVERE ] setting player 1 freeze to 0
[20:25:01.221] [SEVERE ] setting player 1 freeze to 0
[20:25:01.221] [SEVERE ] setting player 1 freeze to 0
[20:25:01.222] [SEVERE ] setting player 1 freeze to 0
[20:25:01.222] [SEVERE ] removing player 1 token from slot 5
[20:25:01.222] [SEVERE ] player 1 placing token on slot 10
[20:25:01.233] [SEVERE ] setting player 1 freeze to 0
[20:25:01.233] [SEVERE ] setting player 1 freeze to 0
[20:25:01.234] [SEVERE ] setting player 1 freeze to 0
[20:25:01.234] [SEVERE ] setting player 1 freeze to 0
[20:25:01.235] [SEVERE ] removing player 1 token from slot 8
[20:25:01.235] [SEVERE ] removing player 1 token from slot 6
[20:25:01.235] [SEVERE ] player 1 placing token on slot 2
[20:25:01.235] [SEVERE ] player 1 placing token on slot 9
[20:25:01.243] [SEVERE ] setting player 1 freeze to 0
[20:25:01.245] [SEVERE ] setting player 1 freeze to 0
[20:25:01.246] [SEVERE ] setting player 1 freeze to 0
[20:25:01.246] [SEVERE ] setting player 1 freeze to 0
[20:25:01.247] [SEVERE ] removing player 1 token from slot 10
[20:25:01.247] [SEVERE ] player 1 placing token on slot 11
[20:25:01.255] [SEVERE ] setting player 1 freeze to 0
[20:25:01.255] [SEVERE ] setting player 1 freeze to 0
[20:25:01.256] [SEVERE ] setting player 1 freeze to 0
[20:25:01.257] [SEVERE ] setting player 1 freeze to 0
[20:25:01.257] [SEVERE ] removing player 1 token from slot 2
[20:25:01.258] [SEVERE ] player 1 placing token on slot 3
[20:25:01.265] [SEVERE ] setting player 1 freeze to 0
[20:25:01.265] [SEVERE ] setting player 1 freeze to 0
[20:25:01.265] [SEVERE ] setting player 1 freeze to 0
[20:25:01.266] [SEVERE ] setting player 1 freeze to 0
[20:25:01.266] [SEVERE ] removing player 1 token from slot 11
[20:25:01.266] [SEVERE ] player 1 placing token on slot 2
[20:25:01.277] [SEVERE ] setting player 1 freeze to 0
[20:25:01.277] [SEVERE ] setting player 1 freeze to 0
[20:25:01.278] [SEVERE ] setting player 1 freeze to 0
[20:25:01.278] [SEVERE ] setting player 1 freeze to 0
[20:25:01.278] [SEVERE ] removing player 1 token from slot 2
[20:25:01.279] [SEVERE ] removing player 1 token from slot 3
[20:25:01.279] [SEVERE ] player 1 placing token on slot 7
[20:25:01.279] [SEVERE ] player 1 placing token on slot 6
[20:25:01.288] [SEVERE ] setting player 1 freeze to 0
[20:25:01.288] [SEVERE ] setting player 1 freeze to 0
[20:25:01.288] [SEVERE ] setting player 1 freeze to 0
[20:25:01.288] [SEVERE ] setting player 1 freeze to 0
[20:25:01.288] [SEVERE ] removing player 1 token from slot 7
[20:25:01.288] [SEVERE ] player 1 placing token on slot 11
[20:25:01.298] [SEVERE ] setting player 1 freeze to 0
[20:25:01.298] [SEVERE ] setting player 1 freeze to 0
[20:25:01.299] [SEVERE ] setting player 1 freeze to 0
[20:25:01.299] [SEVERE ] setting player 1 freeze to 0
[20:25:01.300] [SEVERE ] removing player 1 token from slot 6
[20:25:01.300] [SEVERE ] player 1 placing token on slot 10
[20:25:01.308] [SEVERE ] setting player 1 freeze to 0
[20:25:01.309] [SEVERE ] setting player 1 freeze to 0
[20:25:01.309] [SEVERE ] setting player 1 freeze to 0
[20:25:01.312] [SEVERE ] setting player 1 freeze to 0
[20:25:01.312] [SEVERE ] removing player 1 token from slot 10
[20:25:01.312] [SEVERE ] player 1 placing token on slot 7
[20:25:01.321] [SEVERE ] setting player 1 freeze to 0
[20:25:01.321] [SEVERE ] setting player 1 freeze to 0
[20:25:01.322] [SEVERE ] setting player 1 freeze to 0
[20:25:01.326] [SEVERE ] setting player 1 freeze to 0
[20:25:01.326] [SEVERE ] removing player 1 token from slot 11
[20:25:01.326] [SEVERE ] player 1 placing token on slot 1
[20:25:01.331] [SEVERE ] setting player 1 freeze to 0
[20:25:01.332] [SEVERE ] setting player 1 freeze to 0
[20:25:01.332] [SEVERE ] setting player 1 freeze to 0
[20:25:01.332] [SEVERE ] setting player 1 freeze to 0
[20:25:01.333] [SEVERE ] removing player 1 token from slot 7
[20:25:01.333] [SEVERE ] removing player 1 token from slot 1
[20:25:01.334] [SEVERE ] player 1 placing token on slot 10
[20:25:01.334] [SEVERE ] removing player 1 token from slot 9
[20:25:01.334] [SEVERE ] player 1 placing token on slot 7
[20:25:01.335] [SEVERE ] player 1 placing token on slot 8
[20:25:01.342] [SEVERE ] setting player 1 freeze to 0
[20:25:01.343] [SEVERE ] setting player 1 freeze to 0
[20:25:01.343] [SEVERE ] setting player 1 freeze to 0
[20:25:01.343] [SEVERE ] setting player 1 freeze to 0
[20:25:01.343] [SEVERE ] removing player 1 token from slot 7
[20:25:01.343] [SEVERE ] player 1 placing token on slot 6
[20:25:01.352] [SEVERE ] setting player 1 freeze to 0
[20:25:01.353] [SEVERE ] setting player 1 freeze to 0
[20:25:01.353] [SEVERE ] setting player 1 freeze to 0
[20:25:01.357] [SEVERE ] setting player 1 freeze to 0
[20:25:01.357] [SEVERE ] removing player 1 token from slot 8
[20:25:01.358] [SEVERE ] player 1 placing token on slot 2
[20:25:01.365] [SEVERE ] setting player 1 freeze to 0
[20:25:01.369] [SEVERE ] setting player 1 freeze to 0
[20:25:01.369] [SEVERE ] setting player 1 freeze to 0
[20:25:01.369] [SEVERE ] setting player 1 freeze to 0
[20:25:01.369] [SEVERE ] removing player 1 token from slot 10
[20:25:01.369] [SEVERE ] removing player 1 token from slot 6
[20:25:01.369] [SEVERE ] player 1 placing token on slot 5
[20:25:01.369] [SEVERE ] player 1 placing token on slot 6
[20:25:01.374] [SEVERE ] setting player 1 freeze to 0
[20:25:01.374] [SEVERE ] setting player 1 freeze to 0
[20:25:01.374] [SEVERE ] setting player 1 freeze to 0
[20:25:01.384] [SEVERE ] setting player 1 freeze to 0
[20:25:01.384] [SEVERE ] removing player 1 token from slot 2
[20:25:01.384] [SEVERE ] removing player 1 token from slot 5
[20:25:01.385] [SEVERE ] removing player 1 token from slot 6
[20:25:01.385] [SEVERE ] player 1 placing token on slot 1
[20:25:01.386] [SEVERE ] player 1 placing token on slot 4
[20:25:01.386] [SEVERE ] player 1 placing token on slot 11
[20:25:01.394] [SEVERE ] setting player 1 freeze to 0
[20:25:01.394] [SEVERE ] setting player 1 freeze to 0
[20:25:01.395] [SEVERE ] setting player 1 freeze to 0
[20:25:01.399] [SEVERE ] setting player 1 freeze to 0
[20:25:01.399] [SEVERE ] removing player 1 token from slot 1
[20:25:01.399] [SEVERE ] player 1 placing token on slot 10
[20:25:01.404] [SEVERE ] setting player 1 freeze to 0
[20:25:01.405] [SEVERE ] setting player 1 freeze to 0
[20:25:01.405] [SEVERE ] setting player 1 freeze to 0
[20:25:01.407] [SEVERE ] setting player 1 freeze to 0
[20:25:01.408] [SEVERE ] removing player 1 token from slot 11
[20:25:01.408] [SEVERE ] player 1 placing token on slot 1
[20:25:01.417] [SEVERE ] setting player 1 freeze to 0
[20:25:01.418] [SEVERE ] setting player 1 freeze to 0
[20:25:01.418] [SEVERE ] setting player 1 freeze to 0
[20:25:01.421] [SEVERE ] setting player 1 freeze to 0
[20:25:01.421] [SEVERE ] removing player 1 token from slot 10
[20:25:01.421] [SEVERE ] player 1 placing token on slot 7
[20:25:01.426] [SEVERE ] setting player 1 freeze to 0
[20:25:01.427] [SEVERE ] setting player 1 freeze to 0
[20:25:01.427] [SEVERE ] setting player 1 freeze to 0
[20:25:01.427] [SEVERE ] setting player 1 freeze to 0
[20:25:01.429] [SEVERE ] removing player 1 token from slot 7
[20:25:01.429] [SEVERE ] player 1 placing token on slot 7
[20:25:01.436] [SEVERE ] setting player 1 freeze to 0
[20:25:01.437] [SEVERE ] setting player 1 freeze to 0
[20:25:01.437] [SEVERE ] setting player 1 freeze to 0
[20:25:01.437] [SEVERE ] setting player 1 freeze to 0
[20:25:01.438] [SEVERE ] removing player 1 token from slot 1
[20:25:01.440] [SEVERE ] player 1 placing token on slot 1
[20:25:01.447] [SEVERE ] setting player 1 freeze to 0
[20:25:01.447] [SEVERE ] setting player 1 freeze to 0
[20:25:01.447] [SEVERE ] setting player 1 freeze to 0
[20:25:01.447] [SEVERE ] setting player 1 freeze to 0
[20:25:01.447] [SEVERE ] removing player 1 token from slot 1
[20:25:01.447] [SEVERE ] player 1 placing token on slot 9
[20:25:01.457] [SEVERE ] updating countdown to 5000
[20:25:01.457] [SEVERE ] removing player 1 token from slot 4
[20:25:01.457] [SEVERE ] removing player 1 token from slot 4
[20:25:01.561] [SEVERE ] removing card from slot 4
[20:25:01.561] [SEVERE ] removing player 1 token from slot 7
[20:25:01.662] [SEVERE ] removing card from slot 7
[20:25:01.663] [SEVERE ] removing player 1 token from slot 9
[20:25:01.765] [SEVERE ] removing card from slot 9
[20:25:01.765] [SEVERE ] removing player 1 token from slot 4
[20:25:01.765] [SEVERE ] removing player 1 token from slot 7
[20:25:01.765] [SEVERE ] removing player 1 token from slot 9
[20:25:01.865] [SEVERE ] placing card 21 in slot 4
[20:25:01.965] [SEVERE ] placing card 62 in slot 7
[20:25:02.065] [SEVERE ] placing card 7 in slot 9
[20:25:02.486] [SEVERE ] updating countdown to 5000
[20:25:02.486] [SEVERE ] updating countdown to 5000
[20:25:02.590] [SEVERE ] removing card from slot 0
[20:25:02.690] [SEVERE ] removing card from slot 1
[20:25:02.790] [SEVERE ] removing card from slot 2
[20:25:02.891] [SEVERE ] removing card from slot 3
[20:25:02.991] [SEVERE ] removing card from slot 4
[20:25:03.094] [SEVERE ] removing card from slot 5
[20:25:03.194] [SEVERE ] removing card from slot 6
[20:25:03.294] [SEVERE ] removing card from slot 7
[20:25:03.394] [SEVERE ] removing card from slot 8
[20:25:03.494] [SEVERE ] removing card from slot 9
[20:25:03.595] [SEVERE ] removing card from slot 10
[20:25:03.695] [SEVERE ] removing card from slot 11
[20:25:03.695] [SEVERE ] removing all tokens
[20:25:03.797] [SEVERE ] placing card 76 in slot 0
[20:25:03.897] [SEVERE ] placing card 72 in slot 1
[20:25:03.998] [SEVERE ] placing card 35 in slot 2
[20:25:04.098] [SEVERE ] placing card 59 in slot 3
[20:25:04.198] [SEVERE ] placing card 55 in slot 4
[20:25:04.298] [SEVERE ] placing card 19 in slot 5
[20:25:04.398] [SEVERE ] placing card 71 in slot 6
[20:25:04.499] [SEVERE ] placing card 68 in slot 7
[20:25:04.599] [SEVERE ] placing card 4 in slot 8
[20:25:04.699] [SEVERE ] placing card 64 in slot 9
[20:25:04.800] [SEVERE ] placing card 26 in slot 10
[20:25:04.900] [SEVERE ] placing card 30 in slot 11
[20:25:04.901] [INFO   ] Thread Thread-6starting.
[20:25:04.901] [INFO   ] Thread Thread-5starting.
[20:25:04.902] [INFO   ] Thread Thread-7starting.
[20:25:04.902] [INFO   ] Thread Thread-8starting.
[20:25:04.902] [SEVERE ] updating countdown to 5000
[20:25:04.912] [INFO   ] Thread computer-2 starting.
[20:25:04.913] [INFO   ] Thread computer-3 starting.
[20:25:04.920] [INFO   ] Thread computer-0 starting.
[20:25:04.937] [INFO   ] Thread computer-1 starting.
[20:25:05.902] [SEVERE ] updating countdown to 4000
[20:25:09.903] [SEVERE ] updating countdown to 5000
[20:25:09.904] [SEVERE ] updating countdown to 5000
[20:25:10.005] [SEVERE ] removing card from slot 0
[20:25:10.105] [SEVERE ] removing card from slot 1
[20:25:10.205] [SEVERE ] removing card from slot 2
[20:25:10.305] [SEVERE ] removing card from slot 3
[20:25:10.406] [SEVERE ] removing card from slot 4
[20:25:10.516] [SEVERE ] removing card from slot 5
[20:25:10.616] [SEVERE ] removing card from slot 6
[20:25:10.717] [SEVERE ] removing card from slot 7
[20:25:10.822] [SEVERE ] removing card from slot 8
[20:25:10.933] [SEVERE ] removing card from slot 9
[20:25:11.045] [SEVERE ] removing card from slot 10
[20:25:11.145] [SEVERE ] removing card from slot 11
[20:25:11.145] [SEVERE ] removing all tokens
[20:25:11.246] [SEVERE ] placing card 79 in slot 0
[20:25:11.346] [SEVERE ] placing card 42 in slot 1
[20:25:11.446] [SEVERE ] placing card 2 in slot 2
[20:25:11.546] [SEVERE ] placing card 49 in slot 3
[20:25:11.647] [SEVERE ] placing card 48 in slot 4
[20:25:11.747] [SEVERE ] placing card 67 in slot 5
[20:25:11.847] [SEVERE ] placing card 6 in slot 6
[20:25:11.948] [SEVERE ] placing card 22 in slot 7
[20:25:12.048] [SEVERE ] placing card 52 in slot 8
[20:25:12.148] [SEVERE ] placing card 3 in slot 9
[20:25:12.248] [SEVERE ] placing card 34 in slot 10
[20:25:12.349] [SEVERE ] placing card 20 in slot 11
[20:25:12.357] [INFO   ] Thread Thread-9starting.
[20:25:12.367] [INFO   ] Thread Thread-10starting.
[20:25:12.385] [INFO   ] Thread computer-0 starting.
[20:25:12.404] [INFO   ] Thread computer-1 starting.
[20:25:12.404] [INFO   ] Thread Thread-11starting.
[20:25:12.414] [SEVERE ] updating countdown to 5000
[20:25:12.414] [INFO   ] Thread Thread-12starting.
[20:25:12.429] [INFO   ] Thread computer-2 starting.
[20:25:12.449] [INFO   ] Thread computer-3 starting.
[20:25:13.414] [SEVERE ] updating countdown to 4000
[20:25:17.419] [SEVERE ] updating countdown to 5000
[20:25:17.420] [SEVERE ] updating countdown to 5000
[20:25:17.520] [SEVERE ] removing card from slot 0
[20:25:17.621] [SEVERE ] removing card from slot 1
[20:25:17.721] [SEVERE ] removing card from slot 2
[20:25:17.821] [SEVERE ] removing card from slot 3
[20:25:17.922] [SEVERE ] removing card from slot 4
[20:25:18.022] [SEVERE ] removing card from slot 5
[20:25:18.122] [SEVERE ] removing card from slot 6
[20:25:18.222] [SEVERE ] removing card from slot 7
[20:25:18.323] [SEVERE ] removing card from slot 8
[20:25:18.423] [SEVERE ] removing card from slot 9
[20:25:18.523] [SEVERE ] removing card from slot 10
[20:25:18.623] [SEVERE ] removing card from slot 11
[20:25:18.624] [SEVERE ] removing all tokens
[20:25:18.724] [SEVERE ] placing card 71 in slot 0
[20:25:18.825] [SEVERE ] placing card 50 in slot 1
[20:25:18.926] [SEVERE ] placing card 27 in slot 2
[20:25:19.027] [SEVERE ] placing card 43 in slot 3
[20:25:19.127] [SEVERE ] placing card 40 in slot 4
[20:25:19.228] [SEVERE ] placing card 0 in slot 5
[20:25:19.329] [SEVERE ] placing card 14 in slot 6
[20:25:19.429] [SEVERE ] placing card 23 in slot 7
[20:25:19.530] [SEVERE ] placing card 18 in slot 8
[20:25:19.630] [SEVERE ] placing card 38 in slot 9
[20:25:19.730] [SEVERE ] placing card 54 in slot 10
[20:25:19.830] [SEVERE ] placing card 70 in slot 11
[20:25:19.837] [INFO   ] Thread Thread-13starting.
[20:25:19.849] [INFO   ] Thread Thread-14starting.
[20:25:19.853] [INFO   ] Thread Thread-15starting.
[20:25:19.865] [SEVERE ] updating countdown to 5000
[20:25:19.869] [INFO   ] Thread Thread-16starting.
[20:25:19.881] [INFO   ] Thread computer-0 starting.
[20:25:19.895] [INFO   ] Thread computer-3 starting.
[20:25:19.909] [INFO   ] Thread computer-1 starting.
[20:25:19.927] [INFO   ] Thread computer-2 starting.
[20:25:20.865] [SEVERE ] updating countdown to 4000
[20:25:22.865] [SEVERE ] updating countdown to 2000
