[21:27:35.113] [INFO   ] thread main starting.
[21:27:35.120] [SEVERE ] cannot read configuration file config.properties trying from resources.
[21:27:35.121] [SEVERE ] configuration file was loaded from resources directory.
[21:27:35.507] [INFO   ] thread dealer starting.
[21:27:35.509] [INFO   ] Thread dealer starting.
[21:27:35.616] [SEVERE ] placing card 57 in slot 0
[21:27:35.716] [SEVERE ] placing card 44 in slot 1
[21:27:35.817] [SEVERE ] placing card 45 in slot 2
[21:27:35.918] [SEVERE ] placing card 69 in slot 3
[21:27:36.019] [SEVERE ] placing card 53 in slot 4
[21:27:36.119] [SEVERE ] placing card 5 in slot 5
[21:27:36.221] [SEVERE ] placing card 32 in slot 6
[21:27:36.321] [SEVERE ] placing card 73 in slot 7
[21:27:36.422] [SEVERE ] placing card 78 in slot 8
[21:27:36.522] [SEVERE ] placing card 52 in slot 9
[21:27:36.624] [SEVERE ] placing card 4 in slot 10
[21:27:36.725] [SEVERE ] placing card 33 in slot 11
[21:27:36.726] [INFO   ] Thread Thread-1starting.
[21:27:36.726] [INFO   ] Thread Thread-4starting.
[21:27:36.730] [INFO   ] Thread computer-0 starting.
[21:27:36.731] [SEVERE ] player 1 placing token on slot 3
[21:27:36.726] [SEVERE ] updating countdown to 5000
[21:27:36.726] [INFO   ] Thread Thread-2starting.
[21:27:36.731] [INFO   ] Thread computer-3 starting.
[21:27:36.736] [SEVERE ] player 4 placing token on slot 2
[21:27:36.726] [INFO   ] Thread Thread-3starting.
[21:27:36.744] [SEVERE ] player 4 placing token on slot 1
[21:27:36.735] [INFO   ] Thread computer-1 starting.
[21:27:36.734] [SEVERE ] player 1 placing token on slot 11
[21:27:36.747] [INFO   ] Thread computer-2 starting.
[21:27:36.746] [SEVERE ] player 4 placing token on slot 11
[21:27:36.746] [SEVERE ] player 2 placing token on slot 11
[21:27:36.748] [SEVERE ] player 3 placing token on slot 11
[21:27:36.747] [SEVERE ] removing player 1 token from slot 11
[21:27:36.749] [SEVERE ] player 3 placing token on slot 3
[21:27:36.749] [SEVERE ] player 2 placing token on slot 5
[21:27:36.750] [SEVERE ] player 3 placing token on slot 2
[21:27:36.751] [SEVERE ] removing player 2 token from slot 11
[21:27:36.761] [SEVERE ] setting player 4 freeze to 0
[21:27:36.762] [SEVERE ] setting player 4 freeze to 0
[21:27:36.762] [SEVERE ] setting player 4 freeze to 0
[21:27:36.767] [SEVERE ] setting player 3 freeze to 0
[21:27:36.767] [SEVERE ] setting player 4 freeze to 0
[21:27:36.768] [SEVERE ] removing player 4 token from slot 1
[21:27:36.772] [SEVERE ] setting player 3 freeze to 0
[21:27:36.773] [SEVERE ] setting player 3 freeze to 0
[21:27:36.773] [SEVERE ] setting player 3 freeze to 0
[21:27:36.774] [SEVERE ] removing player 3 token from slot 3
[21:27:37.726] [SEVERE ] updating countdown to 4000
[21:27:41.733] [SEVERE ] updating countdown to 5000
[21:27:41.733] [SEVERE ] updating countdown to 5000
[21:27:41.833] [SEVERE ] removing card from slot 0
[21:27:41.939] [SEVERE ] removing card from slot 1
[21:27:42.039] [SEVERE ] removing card from slot 2
[21:27:42.139] [SEVERE ] removing card from slot 3
[21:27:42.239] [SEVERE ] removing card from slot 4
[21:27:42.340] [SEVERE ] removing card from slot 5
[21:27:42.441] [SEVERE ] removing card from slot 6
[21:27:42.541] [SEVERE ] removing card from slot 7
[21:27:42.642] [SEVERE ] removing card from slot 8
[21:27:42.743] [SEVERE ] removing card from slot 9
[21:27:42.845] [SEVERE ] removing card from slot 10
[21:27:42.945] [SEVERE ] removing card from slot 11
[21:27:42.946] [SEVERE ] removing all tokens
[21:27:43.046] [SEVERE ] placing card 14 in slot 0
[21:27:43.146] [SEVERE ] placing card 28 in slot 1
[21:27:43.247] [SEVERE ] placing card 7 in slot 2
[21:27:43.347] [SEVERE ] placing card 19 in slot 3
[21:27:43.447] [SEVERE ] placing card 63 in slot 4
[21:27:43.548] [SEVERE ] placing card 23 in slot 5
[21:27:43.648] [SEVERE ] placing card 71 in slot 6
[21:27:43.748] [SEVERE ] placing card 16 in slot 7
[21:27:43.849] [SEVERE ] placing card 56 in slot 8
[21:27:43.949] [SEVERE ] placing card 21 in slot 9
[21:27:44.049] [SEVERE ] placing card 58 in slot 10
[21:27:44.149] [SEVERE ] placing card 26 in slot 11
[21:27:44.150] [INFO   ] Thread Thread-5starting.
[21:27:44.151] [INFO   ] Thread Thread-6starting.
[21:27:44.151] [INFO   ] Thread Thread-7starting.
[21:27:44.152] [SEVERE ] updating countdown to 5000
[21:27:44.152] [INFO   ] Thread Thread-8starting.
[21:27:44.169] [INFO   ] Thread computer-2 starting.
[21:27:44.169] [INFO   ] Thread computer-3 starting.
[21:27:44.169] [INFO   ] Thread computer-0 starting.
[21:27:44.177] [INFO   ] Thread computer-1 starting.
[21:27:45.152] [SEVERE ] updating countdown to 4000
[21:27:48.152] [SEVERE ] updating countdown to 1000
[21:27:49.169] [SEVERE ] updating countdown to 5000
[21:27:49.169] [SEVERE ] updating countdown to 5000
[21:27:49.269] [SEVERE ] removing card from slot 0
[21:27:49.370] [SEVERE ] removing card from slot 1
[21:27:49.470] [SEVERE ] removing card from slot 2
[21:27:49.570] [SEVERE ] removing card from slot 3
[21:27:49.671] [SEVERE ] removing card from slot 4
[21:27:49.771] [SEVERE ] removing card from slot 5
[21:27:49.871] [SEVERE ] removing card from slot 6
[21:27:49.972] [SEVERE ] removing card from slot 7
[21:27:50.072] [SEVERE ] removing card from slot 8
[21:27:50.172] [SEVERE ] removing card from slot 9
[21:27:50.273] [SEVERE ] removing card from slot 10
[21:27:50.374] [SEVERE ] removing card from slot 11
[21:27:50.374] [SEVERE ] removing all tokens
[21:27:50.475] [SEVERE ] placing card 35 in slot 0
[21:27:50.575] [SEVERE ] placing card 72 in slot 1
[21:27:50.675] [SEVERE ] placing card 75 in slot 2
[21:27:50.776] [SEVERE ] placing card 62 in slot 3
[21:27:50.876] [SEVERE ] placing card 25 in slot 4
[21:27:50.977] [SEVERE ] placing card 10 in slot 5
[21:27:51.077] [SEVERE ] placing card 17 in slot 6
[21:27:51.177] [SEVERE ] placing card 67 in slot 7
[21:27:51.278] [SEVERE ] placing card 51 in slot 8
[21:27:51.378] [SEVERE ] placing card 65 in slot 9
[21:27:51.478] [SEVERE ] placing card 46 in slot 10
[21:27:51.579] [SEVERE ] placing card 3 in slot 11
[21:27:51.585] [INFO   ] Thread Thread-9starting.
[21:27:51.596] [INFO   ] Thread Thread-10starting.
[21:27:51.625] [INFO   ] Thread Thread-11starting.
[21:27:51.625] [INFO   ] Thread computer-0 starting.
[21:27:51.646] [INFO   ] Thread computer-1 starting.
[21:27:51.653] [INFO   ] Thread computer-2 starting.
[21:27:51.653] [SEVERE ] updating countdown to 5000
[21:27:51.653] [INFO   ] Thread Thread-12starting.
[21:27:51.685] [INFO   ] Thread computer-3 starting.
[21:27:56.090] [SEVERE ] player 3 placing token on slot 11
[21:27:56.091] [SEVERE ] player 3 placing token on slot 5
[21:27:56.091] [SEVERE ] removing player 3 token from slot 5
[21:27:56.654] [SEVERE ] updating countdown to 5000
[21:27:56.654] [SEVERE ] updating countdown to 5000
[21:27:56.755] [SEVERE ] removing card from slot 0
[21:27:56.855] [SEVERE ] removing card from slot 1
[21:27:56.955] [SEVERE ] removing card from slot 2
[21:27:57.055] [SEVERE ] removing card from slot 3
[21:27:57.072] [SEVERE ] player 3 placing token on slot 7
[21:27:57.073] [SEVERE ] player 3 placing token on slot 4
[21:27:57.156] [SEVERE ] removing card from slot 4
[21:27:57.256] [SEVERE ] removing card from slot 5
[21:27:57.357] [SEVERE ] removing card from slot 6
[21:27:57.465] [SEVERE ] removing card from slot 7
[21:27:57.565] [SEVERE ] removing card from slot 8
[21:27:57.665] [SEVERE ] removing card from slot 9
[21:27:57.765] [SEVERE ] removing card from slot 10
[21:27:57.866] [SEVERE ] removing card from slot 11
[21:27:57.866] [SEVERE ] removing all tokens
[21:27:57.971] [SEVERE ] placing card 68 in slot 0
[21:27:58.110] [SEVERE ] placing card 1 in slot 1
[21:27:58.249] [SEVERE ] placing card 18 in slot 2
[21:27:58.362] [SEVERE ] placing card 43 in slot 3
[21:27:58.463] [SEVERE ] placing card 74 in slot 4
[21:27:58.564] [SEVERE ] placing card 34 in slot 5
[21:27:58.664] [SEVERE ] placing card 20 in slot 6
[21:27:58.726] [SEVERE ] player 1 placing token on slot 2
[21:27:58.726] [SEVERE ] player 1 placing token on slot 6
[21:27:58.726] [SEVERE ] player 1 placing token on slot 1
[21:27:58.769] [SEVERE ] placing card 77 in slot 7
[21:27:58.869] [SEVERE ] placing card 80 in slot 8
[21:27:58.970] [SEVERE ] placing card 76 in slot 9
[21:27:59.071] [SEVERE ] placing card 47 in slot 10
[21:27:59.172] [SEVERE ] placing card 22 in slot 11
[21:27:59.181] [INFO   ] Thread Thread-13starting.
[21:27:59.190] [INFO   ] Thread Thread-14starting.
[21:27:59.203] [INFO   ] Thread Thread-15starting.
[21:27:59.213] [INFO   ] Thread computer-0 starting.
[21:27:59.246] [SEVERE ] updating countdown to 5000
[21:27:59.247] [INFO   ] Thread Thread-16starting.
[21:27:59.250] [INFO   ] Thread computer-2 starting.
[21:27:59.253] [INFO   ] Thread computer-3 starting.
[21:27:59.257] [SEVERE ] updating countdown to 5000
[21:27:59.261] [INFO   ] Thread computer-1 starting.
