[16:46:48.855] [INFO   ] thread main starting.
[16:46:48.867] [SEVERE ] cannot read configuration file config.properties trying from resources.
[16:46:48.869] [SEVERE ] configuration file was loaded from resources directory.
[16:46:49.896] [INFO   ] thread dealer starting.
[16:46:49.902] [INFO   ] Thread dealer starting.
[16:46:50.012] [SEVERE ] placing card 0 in slot 0
[16:46:50.112] [SEVERE ] placing card 76 in slot 1
[16:46:50.212] [SEVERE ] placing card 54 in slot 2
[16:46:50.313] [SEVERE ] placing card 79 in slot 3
[16:46:50.414] [SEVERE ] placing card 37 in slot 4
[16:46:50.515] [SEVERE ] placing card 48 in slot 5
[16:46:50.615] [SEVERE ] placing card 2 in slot 6
[16:46:50.716] [SEVERE ] placing card 59 in slot 7
[16:46:50.816] [SEVERE ] placing card 57 in slot 8
[16:46:50.917] [SEVERE ] placing card 12 in slot 9
[16:46:51.018] [SEVERE ] placing card 56 in slot 10
[16:46:51.119] [SEVERE ] placing card 80 in slot 11
[16:46:51.122] [INFO   ] Thread Thread-1starting.
[16:46:51.134] [SEVERE ] updating countdown to 5000
[16:46:51.143] [INFO   ] Thread Thread-2starting.
[16:46:51.143] [INFO   ] Thread Thread-3starting.
[16:46:51.194] [INFO   ] Thread Thread-4starting.
[16:46:51.198] [INFO   ] Thread computer-2 starting.
[16:46:51.202] [INFO   ] Thread computer-1 starting.
[16:46:51.202] [SEVERE ] player 2 placing token on slot 1
[16:46:51.203] [SEVERE ] player 2 placing token on slot 9
[16:46:51.203] [SEVERE ] player 2 placing token on slot 11
[16:46:51.204] [SEVERE ] player 3 placing token on slot 10
[16:46:51.204] [SEVERE ] player 3 placing token on slot 2
[16:46:51.205] [SEVERE ] player 3 placing token on slot 1
[16:46:51.202] [INFO   ] Thread computer-0 starting.
[16:46:51.210] [SEVERE ] player 1 placing token on slot 6
[16:46:51.211] [SEVERE ] player 1 placing token on slot 0
[16:46:51.211] [SEVERE ] removing player 1 token from slot 0
[16:46:51.212] [SEVERE ] player 1 placing token on slot 5
[16:46:51.212] [SEVERE ] player 1 placing token on slot 0
[16:46:51.218] [INFO   ] Thread computer-3 starting.
[16:46:51.218] [SEVERE ] player 4 placing token on slot 6
[16:46:51.222] [SEVERE ] player 4 placing token on slot 11
[16:46:51.222] [SEVERE ] player 4 placing token on slot 5
[16:47:42.652] [INFO   ] thread dealer terminated.
