[13:18:30.296] [INFO   ] thread main starting.
[13:18:30.303] [SEVERE ] cannot read configuration file config.properties trying from resources.
[13:18:30.304] [SEVERE ] configuration file was loaded from resources directory.
[13:18:30.673] [INFO   ] thread dealer starting.
[13:18:30.673] [INFO   ] Thread dealer starting.
[13:18:30.778] [SEVERE ] placing card 52 in slot 0
[13:18:30.879] [SEVERE ] placing card 4 in slot 1
[13:18:30.979] [SEVERE ] placing card 34 in slot 2
[13:18:31.080] [SEVERE ] placing card 50 in slot 3
[13:18:31.182] [SEVERE ] placing card 55 in slot 4
[13:18:31.283] [SEVERE ] placing card 19 in slot 5
[13:18:31.385] [SEVERE ] placing card 43 in slot 6
[13:18:31.486] [SEVERE ] placing card 50 in slot 7
[13:18:31.587] [SEVERE ] placing card 37 in slot 8
[13:18:31.688] [SEVERE ] placing card 55 in slot 9
[13:18:31.790] [SEVERE ] placing card 58 in slot 10
[13:18:31.891] [SEVERE ] placing card 51 in slot 11
[13:18:31.892] [INFO   ] Thread Thread-1starting.
[13:18:31.892] [SEVERE ] updating countdown to 10000
[13:18:31.892] [INFO   ] Thread Thread-3starting.
[13:18:31.892] [INFO   ] Thread Thread-2starting.
[13:18:31.893] [INFO   ] Thread computer-2 starting.
[13:18:31.892] [INFO   ] Thread computer-0 starting.
[13:18:31.894] [SEVERE ] player 3 placing token on slot 7
[13:18:31.894] [INFO   ] Thread computer-1 starting.
[13:18:31.895] [SEVERE ] player 3 placing token on slot 6
[13:18:31.894] [SEVERE ] player 1 placing token on slot 9
[13:18:31.895] [SEVERE ] removing player 3 token from slot 7
[13:18:31.895] [SEVERE ] player 2 placing token on slot 8
[13:18:31.896] [SEVERE ] player 3 placing token on slot 5
[13:18:31.896] [SEVERE ] player 1 placing token on slot 8
[13:18:31.899] [SEVERE ] player 1 placing token on slot 7
[13:18:31.899] [SEVERE ] player 3 placing token on slot 10
[13:18:31.897] [SEVERE ] player 2 placing token on slot 1
[13:18:31.901] [SEVERE ] player 2 placing token on slot 10
[13:18:32.893] [SEVERE ] updating countdown to 8999
[13:18:32.893] [SEVERE ] setting player 1 freeze to 3000
[13:18:33.894] [SEVERE ] updating countdown to 10000
[13:18:33.894] [SEVERE ] removing player 3 token from slot 6
[13:18:33.894] [SEVERE ] removing player 3 token from slot 5
[13:18:33.894] [SEVERE ] setting player 1 freeze to 2000
[13:18:33.894] [SEVERE ] removing player 3 token from slot 6
[13:18:33.896] [SEVERE ] removing player 3 token from slot 6
[13:18:33.896] [SEVERE ] setting player 3 score to 1
[13:18:33.897] [SEVERE ] setting player 3 freeze to 1000
[13:18:33.897] [SEVERE ] setting player 3 freeze to 0
[13:18:33.898] [SEVERE ] removing player 3 token from slot 10
[13:18:33.898] [SEVERE ] player 3 placing token on slot 4
[13:18:33.995] [SEVERE ] removing card from slot 5
[13:18:33.995] [SEVERE ] removing player 3 token from slot 6
[13:18:34.096] [SEVERE ] removing card from slot 6
[13:18:34.097] [SEVERE ] removing player 3 token from slot 5
[13:18:34.097] [SEVERE ] removing player 3 token from slot 6
[13:18:34.198] [SEVERE ] placing card 58 in slot 5
[13:18:34.298] [SEVERE ] placing card 51 in slot 6
[13:18:34.399] [SEVERE ] placing card 41 in slot 0
[13:18:34.896] [SEVERE ] setting player 1 freeze to 1000
[13:18:35.399] [SEVERE ] updating countdown to 6493
[13:18:35.399] [SEVERE ] setting player 2 freeze to 3000
[13:18:35.896] [SEVERE ] setting player 1 freeze to 0
[13:18:35.897] [SEVERE ] removing player 1 token from slot 9
[13:18:35.897] [SEVERE ] removing player 1 token from slot 8
[13:18:35.898] [SEVERE ] player 1 placing token on slot 4
[13:18:35.898] [SEVERE ] player 1 placing token on slot 2
[13:18:36.400] [SEVERE ] updating countdown to 5492
[13:18:36.400] [SEVERE ] setting player 3 freeze to 3000
[13:18:36.400] [SEVERE ] setting player 2 freeze to 2000
[13:18:37.400] [SEVERE ] setting player 1 freeze to 3000
[13:18:37.401] [SEVERE ] setting player 3 freeze to 2000
[13:18:37.401] [SEVERE ] setting player 2 freeze to 1000
[13:18:38.401] [SEVERE ] setting player 1 freeze to 2000
[13:18:38.401] [SEVERE ] setting player 3 freeze to 1000
[13:18:38.402] [SEVERE ] setting player 2 freeze to 0
[13:18:38.402] [SEVERE ] removing player 2 token from slot 10
[13:18:38.403] [SEVERE ] player 2 placing token on slot 11
[13:18:38.413] [SEVERE ] setting player 2 freeze to 3000
[13:18:38.892] [SEVERE ] updating countdown to 3000
[13:18:39.401] [SEVERE ] setting player 1 freeze to 1000
[13:18:39.402] [SEVERE ] setting player 3 freeze to 0
[13:18:39.402] [SEVERE ] player 3 placing token on slot 4
[13:18:39.402] [SEVERE ] player 3 placing token on slot 8
[13:18:39.403] [SEVERE ] removing player 3 token from slot 4
[13:18:39.403] [SEVERE ] removing player 3 token from slot 8
[13:18:39.404] [SEVERE ] player 3 placing token on slot 8
[13:18:39.404] [SEVERE ] removing player 3 token from slot 8
[13:18:39.404] [SEVERE ] player 3 placing token on slot 7
[13:18:39.405] [SEVERE ] removing player 3 token from slot 7
[13:18:39.405] [SEVERE ] player 3 placing token on slot 6
[13:18:39.406] [SEVERE ] player 3 placing token on slot 4
[13:18:39.406] [SEVERE ] player 3 placing token on slot 1
[13:18:39.411] [INFO   ] thread dealer terminated.
[13:18:39.414] [SEVERE ] setting player 2 freeze to 2000
[13:18:40.402] [SEVERE ] setting player 1 freeze to 0
[13:18:40.402] [SEVERE ] removing player 1 token from slot 2
[13:18:40.402] [SEVERE ] removing player 1 token from slot 7
[13:18:40.403] [SEVERE ] removing player 1 token from slot 4
[13:18:40.403] [SEVERE ] player 1 placing token on slot 6
[13:18:40.404] [SEVERE ] player 1 placing token on slot 1
[13:18:40.404] [SEVERE ] player 1 placing token on slot 9
[13:18:40.414] [SEVERE ] setting player 2 freeze to 1000
[13:18:41.414] [SEVERE ] setting player 2 freeze to 0
[13:18:41.415] [SEVERE ] removing player 2 token from slot 11
[13:18:41.415] [SEVERE ] player 2 placing token on slot 3
[13:18:44.412] [SEVERE ] thanks for playing... it was fun!
[13:18:44.412] [INFO   ] thread main terminated.
[13:18:44.413] [SEVERE ] disposing of user interface elements
