[10:19:48.218] [INFO   ] thread main starting.
[10:19:48.226] [SEVERE ] cannot read configuration file config.properties trying from resources.
[10:19:48.227] [SEVERE ] configuration file was loaded from resources directory.
[10:19:48.645] [INFO   ] thread dealer starting.
[10:19:48.646] [INFO   ] Thread dealer starting.
[10:19:48.756] [SEVERE ] placing card 35 in slot 0
[10:19:48.856] [SEVERE ] placing card 21 in slot 1
[10:19:48.957] [SEVERE ] placing card 66 in slot 2
[10:19:49.059] [SEVERE ] placing card 13 in slot 3
[10:19:49.160] [SEVERE ] placing card 57 in slot 4
[10:19:49.260] [SEVERE ] placing card 56 in slot 5
[10:19:49.361] [SEVERE ] placing card 51 in slot 6
[10:19:49.461] [SEVERE ] placing card 28 in slot 7
[10:19:49.562] [SEVERE ] placing card 43 in slot 8
[10:19:49.664] [SEVERE ] placing card 8 in slot 9
[10:19:49.765] [SEVERE ] placing card 80 in slot 10
[10:19:49.867] [SEVERE ] placing card 79 in slot 11
[10:19:49.868] [SEVERE ] updating countdown to 5000
[10:19:49.869] [INFO   ] Thread Thread-2starting.
[10:19:49.869] [INFO   ] Thread Thread-1starting.
[10:19:50.755] [SEVERE ] key 65 was pressed by player 1
[10:19:50.762] [SEVERE ] player 1 placing token on slot 4
[10:19:50.868] [SEVERE ] updating countdown to 4000
[10:19:51.032] [SEVERE ] key 80 was pressed by player 2
[10:19:51.037] [SEVERE ] player 2 placing token on slot 3
[10:19:51.168] [SEVERE ] key 79 was pressed by player 2
[10:19:51.171] [SEVERE ] player 2 placing token on slot 2
[10:19:51.376] [SEVERE ] key 83 was pressed by player 1
[10:19:51.378] [SEVERE ] player 1 placing token on slot 5
[10:19:51.888] [SEVERE ] key 87 was pressed by player 1
[10:19:51.890] [SEVERE ] player 1 placing token on slot 1
[10:19:51.900] [SEVERE ] setting player 1 freeze to 3000
[10:19:52.416] [SEVERE ] key 85 was pressed by player 2
[10:19:52.417] [SEVERE ] player 2 placing token on slot 0
[10:19:52.427] [SEVERE ] setting player 2 freeze to 3000
[10:19:52.721] [SEVERE ] key 77 was pressed by player 2
[10:19:52.901] [SEVERE ] setting player 1 freeze to 2000
[10:19:53.428] [SEVERE ] setting player 2 freeze to 2000
[10:19:53.902] [SEVERE ] setting player 1 freeze to 1000
[10:19:54.428] [SEVERE ] setting player 2 freeze to 1000
[10:19:54.875] [SEVERE ] updating countdown to 5000
[10:19:54.875] [SEVERE ] updating countdown to 5000
[10:19:54.903] [SEVERE ] setting player 1 freeze to 0
[10:19:54.976] [SEVERE ] removing card from slot 0
[10:19:55.077] [SEVERE ] removing card from slot 1
[10:19:55.177] [SEVERE ] removing card from slot 2
[10:19:55.277] [SEVERE ] removing card from slot 3
[10:19:55.378] [SEVERE ] removing card from slot 4
[10:19:55.429] [SEVERE ] setting player 2 freeze to 0
[10:19:55.478] [SEVERE ] removing card from slot 5
[10:19:55.578] [SEVERE ] removing card from slot 6
[10:19:55.679] [SEVERE ] removing card from slot 7
[10:19:55.779] [SEVERE ] removing card from slot 8
[10:19:55.879] [SEVERE ] removing card from slot 9
[10:19:55.980] [SEVERE ] removing card from slot 10
[10:19:56.080] [SEVERE ] removing card from slot 11
[10:19:56.080] [SEVERE ] removing all tokens
[10:19:56.181] [SEVERE ] placing card 55 in slot 0
[10:19:56.281] [SEVERE ] placing card 34 in slot 1
[10:19:56.382] [SEVERE ] placing card 0 in slot 2
[10:19:56.482] [SEVERE ] placing card 24 in slot 3
[10:19:56.582] [SEVERE ] placing card 41 in slot 4
[10:19:56.683] [SEVERE ] placing card 30 in slot 5
[10:19:56.783] [SEVERE ] placing card 73 in slot 6
[10:19:56.883] [SEVERE ] placing card 77 in slot 7
[10:19:56.984] [SEVERE ] placing card 7 in slot 8
[10:19:57.084] [SEVERE ] placing card 10 in slot 9
[10:19:57.184] [SEVERE ] placing card 60 in slot 10
[10:19:57.285] [SEVERE ] placing card 31 in slot 11
[10:19:57.285] [SEVERE ] updating countdown to 5000
[10:19:57.285] [INFO   ] Thread Thread-3starting.
[10:19:57.285] [INFO   ] Thread Thread-4starting.
[10:19:59.856] [SEVERE ] key 65 was pressed by player 1
[10:19:59.857] [SEVERE ] player 1 placing token on slot 4
[10:20:02.286] [SEVERE ] updating countdown to 5000
[10:20:02.287] [SEVERE ] updating countdown to 5000
[10:20:02.387] [SEVERE ] removing card from slot 0
[10:20:02.488] [SEVERE ] removing card from slot 1
[10:20:02.588] [SEVERE ] removing card from slot 2
[10:20:02.688] [SEVERE ] removing card from slot 3
[10:20:02.789] [SEVERE ] removing card from slot 4
[10:20:02.889] [SEVERE ] removing card from slot 5
[10:20:02.989] [SEVERE ] removing card from slot 6
[10:20:03.090] [SEVERE ] removing card from slot 7
[10:20:03.190] [SEVERE ] removing card from slot 8
[10:20:03.290] [SEVERE ] removing card from slot 9
[10:20:03.391] [SEVERE ] removing card from slot 10
[10:20:03.491] [SEVERE ] removing card from slot 11
[10:20:03.491] [SEVERE ] removing all tokens
[10:20:03.592] [SEVERE ] placing card 21 in slot 0
[10:20:03.693] [SEVERE ] placing card 52 in slot 1
[10:20:03.793] [SEVERE ] placing card 12 in slot 2
[10:20:03.893] [SEVERE ] placing card 33 in slot 3
[10:20:03.993] [SEVERE ] placing card 9 in slot 4
[10:20:04.094] [SEVERE ] placing card 25 in slot 5
[10:20:04.194] [SEVERE ] placing card 67 in slot 6
[10:20:04.294] [SEVERE ] placing card 37 in slot 7
[10:20:04.395] [SEVERE ] placing card 62 in slot 8
[10:20:04.495] [SEVERE ] placing card 20 in slot 9
[10:20:04.596] [SEVERE ] placing card 61 in slot 10
[10:20:04.696] [SEVERE ] placing card 78 in slot 11
[10:20:04.696] [SEVERE ] updating countdown to 5000
[10:20:04.704] [INFO   ] Thread Thread-6starting.
[10:20:04.696] [INFO   ] Thread Thread-5starting.
[10:20:05.232] [SEVERE ] key 59 was pressed by player 2
[10:20:05.233] [SEVERE ] player 2 placing token on slot 7
[10:20:05.760] [SEVERE ] key 68 was pressed by player 1
[10:20:05.761] [SEVERE ] player 1 placing token on slot 6
[10:20:06.624] [SEVERE ] key 83 was pressed by player 1
[10:20:06.625] [SEVERE ] player 1 placing token on slot 5
[10:20:07.081] [SEVERE ] key 76 was pressed by player 2
[10:20:07.082] [SEVERE ] player 2 placing token on slot 6
[10:20:07.624] [SEVERE ] key 59 was pressed by player 2
[10:20:07.625] [SEVERE ] removing player 2 token from slot 7
[10:20:09.400] [SEVERE ] key 83 was pressed by player 1
[10:20:09.401] [SEVERE ] removing player 1 token from slot 5
[10:20:09.496] [SEVERE ] key 68 was pressed by player 1
[10:20:09.498] [SEVERE ] removing player 1 token from slot 6
[10:20:09.703] [SEVERE ] updating countdown to 5000
[10:20:09.703] [SEVERE ] updating countdown to 5000
[10:20:09.804] [SEVERE ] removing card from slot 0
[10:20:09.904] [SEVERE ] removing card from slot 1
[10:20:10.004] [SEVERE ] removing card from slot 2
[10:20:10.105] [SEVERE ] removing card from slot 3
[10:20:10.205] [SEVERE ] removing card from slot 4
[10:20:10.305] [SEVERE ] removing card from slot 5
[10:20:10.405] [SEVERE ] removing card from slot 6
[10:20:10.506] [SEVERE ] removing card from slot 7
[10:20:10.606] [SEVERE ] removing card from slot 8
[10:20:10.706] [SEVERE ] removing card from slot 9
[10:20:10.806] [SEVERE ] removing card from slot 10
[10:20:10.907] [SEVERE ] removing card from slot 11
[10:20:10.907] [SEVERE ] removing all tokens
[10:20:11.007] [SEVERE ] placing card 54 in slot 0
[10:20:11.108] [SEVERE ] placing card 23 in slot 1
[10:20:11.208] [SEVERE ] placing card 38 in slot 2
[10:20:11.308] [SEVERE ] placing card 45 in slot 3
[10:20:11.409] [SEVERE ] placing card 47 in slot 4
[10:20:11.509] [SEVERE ] placing card 18 in slot 5
[10:20:11.609] [SEVERE ] placing card 26 in slot 6
[10:20:11.709] [SEVERE ] placing card 15 in slot 7
[10:20:11.810] [SEVERE ] placing card 3 in slot 8
[10:20:11.910] [SEVERE ] placing card 63 in slot 9
[10:20:12.010] [SEVERE ] placing card 42 in slot 10
[10:20:12.111] [SEVERE ] placing card 74 in slot 11
[10:20:12.111] [SEVERE ] updating countdown to 5000
[10:20:12.112] [INFO   ] Thread Thread-7starting.
[10:20:12.112] [INFO   ] Thread Thread-8starting.
[10:20:12.136] [SEVERE ] key 83 was pressed by player 1
[10:20:12.137] [SEVERE ] player 1 placing token on slot 5
[10:20:13.111] [SEVERE ] updating countdown to 4000
[10:20:14.960] [SEVERE ] key 70 was pressed by player 1
[10:20:14.961] [SEVERE ] player 1 placing token on slot 7
[10:20:15.216] [SEVERE ] key 90 was pressed by player 1
[10:20:15.217] [SEVERE ] player 1 placing token on slot 8
[10:20:15.227] [SEVERE ] updating countdown to 5000
[10:20:15.227] [SEVERE ] removing player 1 token from slot 5
[10:20:15.228] [SEVERE ] removing player 1 token from slot 7
[10:20:15.228] [SEVERE ] removing player 1 token from slot 8
[10:20:15.329] [SEVERE ] removing card from slot 5
[10:20:15.429] [SEVERE ] removing card from slot 7
[10:20:15.529] [SEVERE ] removing card from slot 8
[10:20:15.529] [SEVERE ] removing player 1 token from slot 5
[10:20:15.530] [SEVERE ] removing player 1 token from slot 7
[10:20:15.530] [SEVERE ] removing player 1 token from slot 8
[10:20:15.631] [SEVERE ] placing card 70 in slot 5
[10:20:15.731] [SEVERE ] placing card 6 in slot 7
[10:20:15.832] [SEVERE ] placing card 68 in slot 8
[10:20:16.227] [SEVERE ] setting player 1 score to 3
[10:20:16.227] [SEVERE ] setting player 1 score to 4
[10:20:16.227] [SEVERE ] setting player 1 score to 2
[10:20:16.227] [SEVERE ] setting player 1 score to 1
[10:20:16.228] [SEVERE ] setting player 1 freeze to 1000
[10:20:16.228] [SEVERE ] setting player 1 freeze to 1000
[10:20:16.227] [SEVERE ] setting player 1 freeze to 1000
[10:20:16.229] [SEVERE ] setting player 1 freeze to 0
[10:20:16.229] [SEVERE ] setting player 1 freeze to 0
[10:20:16.229] [SEVERE ] setting player 1 freeze to 1000
[10:20:16.230] [SEVERE ] setting player 1 freeze to 0
[10:20:16.231] [SEVERE ] setting player 1 freeze to 0
[10:20:17.872] [SEVERE ] key 90 was pressed by player 1
[10:20:17.873] [SEVERE ] player 1 placing token on slot 8
[10:20:17.928] [SEVERE ] key 88 was pressed by player 1
[10:20:17.929] [SEVERE ] player 1 placing token on slot 9
[10:20:17.984] [SEVERE ] key 67 was pressed by player 1
[10:20:17.985] [SEVERE ] player 1 placing token on slot 10
[10:20:17.992] [SEVERE ] setting player 1 freeze to 3000
[10:20:17.992] [SEVERE ] setting player 1 freeze to 3000
[10:20:17.992] [SEVERE ] setting player 1 freeze to 3000
[10:20:17.992] [SEVERE ] setting player 1 freeze to 3000
[10:20:18.993] [SEVERE ] setting player 1 freeze to 2000
[10:20:18.993] [SEVERE ] setting player 1 freeze to 2000
[10:20:18.994] [SEVERE ] setting player 1 freeze to 2000
[10:20:18.994] [SEVERE ] setting player 1 freeze to 2000
[10:20:19.993] [SEVERE ] setting player 1 freeze to 1000
[10:20:19.994] [SEVERE ] setting player 1 freeze to 1000
[10:20:19.994] [SEVERE ] setting player 1 freeze to 1000
[10:20:19.995] [SEVERE ] setting player 1 freeze to 1000
[10:20:20.236] [SEVERE ] updating countdown to 5000
[10:20:20.236] [SEVERE ] updating countdown to 5000
[10:20:20.337] [SEVERE ] removing card from slot 0
[10:20:20.437] [SEVERE ] removing card from slot 1
[10:20:20.538] [SEVERE ] removing card from slot 2
[10:20:20.638] [SEVERE ] removing card from slot 3
