[20:02:03.091] [INFO   ] thread main starting.
[20:02:03.100] [SEVERE ] cannot read configuration file config.properties trying from resources.
[20:02:03.101] [SEVERE ] configuration file was loaded from resources directory.
[20:02:03.516] [INFO   ] thread dealer starting.
[20:02:03.517] [INFO   ] Thread dealer starting.
[20:02:03.623] [SEVERE ] placing card 48 in slot 0
[20:02:03.725] [SEVERE ] placing card 57 in slot 1
[20:02:03.826] [SEVERE ] placing card 2 in slot 2
[20:02:03.927] [SEVERE ] placing card 76 in slot 3
[20:02:04.028] [SEVERE ] placing card 68 in slot 4
[20:02:04.129] [SEVERE ] placing card 61 in slot 5
[20:02:04.231] [SEVERE ] placing card 45 in slot 6
[20:02:04.332] [SEVERE ] placing card 18 in slot 7
[20:02:04.433] [SEVERE ] placing card 42 in slot 8
[20:02:04.533] [SEVERE ] placing card 58 in slot 9
[20:02:04.634] [SEVERE ] placing card 56 in slot 10
[20:02:04.735] [SEVERE ] placing card 52 in slot 11
[20:02:04.735] [INFO   ] Thread Thread-2starting.
[20:02:04.735] [INFO   ] Thread Thread-4starting.
[20:02:04.735] [SEVERE ] updating countdown to 5000
[20:02:04.735] [INFO   ] Thread Thread-3starting.
[20:02:04.735] [INFO   ] Thread Thread-1starting.
[20:02:04.742] [INFO   ] Thread computer-3 starting.
[20:02:04.742] [SEVERE ] player 4 placing token on slot 2
[20:02:04.743] [SEVERE ] removing player 4 token from slot 2
[20:02:04.743] [SEVERE ] player 4 placing token on slot 4
[20:02:04.749] [SEVERE ] player 4 placing token on slot 3
[20:02:04.749] [SEVERE ] player 4 placing token on slot 5
[20:02:04.737] [INFO   ] Thread computer-1 starting.
[20:02:04.749] [SEVERE ] player 2 placing token on slot 4
[20:02:04.750] [SEVERE ] player 2 placing token on slot 6
[20:02:04.750] [SEVERE ] player 2 placing token on slot 5
[20:02:04.753] [SEVERE ] setting player 4 freeze to 0
[20:02:04.754] [SEVERE ] setting player 4 freeze to 0
[20:02:04.755] [SEVERE ] setting player 4 freeze to 0
[20:02:04.756] [SEVERE ] setting player 4 freeze to 0
[20:02:04.756] [SEVERE ] removing player 4 token from slot 5
[20:02:04.756] [SEVERE ] player 4 placing token on slot 1
[20:02:04.744] [INFO   ] Thread computer-0 starting.
[20:02:04.743] [INFO   ] Thread computer-2 starting.
[20:02:04.762] [SEVERE ] player 3 placing token on slot 1
[20:02:04.762] [SEVERE ] player 3 placing token on slot 6
[20:02:04.762] [SEVERE ] player 3 placing token on slot 8
[20:02:04.761] [SEVERE ] player 1 placing token on slot 6
[20:02:04.763] [SEVERE ] player 1 placing token on slot 5
[20:02:04.764] [SEVERE ] removing player 1 token from slot 5
[20:02:04.764] [SEVERE ] player 1 placing token on slot 10
[20:02:04.764] [SEVERE ] player 1 placing token on slot 9
[20:02:04.763] [SEVERE ] setting player 2 freeze to 0
[20:02:04.765] [SEVERE ] setting player 2 freeze to 0
[20:02:04.765] [SEVERE ] setting player 2 freeze to 0
[20:02:04.765] [SEVERE ] setting player 2 freeze to 0
[20:02:04.765] [SEVERE ] removing player 2 token from slot 5
[20:02:04.765] [SEVERE ] player 2 placing token on slot 7
[20:02:04.773] [SEVERE ] updating countdown to 5000
[20:02:04.774] [SEVERE ] removing player 4 token from slot 1
[20:02:04.774] [SEVERE ] removing player 4 token from slot 4
[20:02:04.877] [SEVERE ] removing card from slot 1
[20:02:04.877] [SEVERE ] removing player 4 token from slot 3
[20:02:04.978] [SEVERE ] removing card from slot 3
[20:02:04.978] [SEVERE ] removing player 4 token from slot 4
[20:02:05.080] [SEVERE ] removing card from slot 4
[20:02:05.081] [SEVERE ] removing player 3 token from slot 1
[20:02:05.082] [SEVERE ] removing player 4 token from slot 1
[20:02:05.082] [SEVERE ] removing player 4 token from slot 3
[20:02:05.084] [SEVERE ] removing player 2 token from slot 4
[20:02:05.084] [SEVERE ] removing player 4 token from slot 4
[20:02:05.185] [SEVERE ] placing card 38 in slot 1
[20:02:05.287] [SEVERE ] placing card 16 in slot 3
[20:02:05.388] [SEVERE ] placing card 27 in slot 4
[20:02:05.398] [SEVERE ] setting player 3 freeze to 0
[20:02:05.398] [SEVERE ] setting player 3 freeze to 0
[20:02:05.398] [SEVERE ] setting player 3 freeze to 0
[20:02:05.399] [SEVERE ] setting player 3 freeze to 0
[20:02:05.399] [SEVERE ] removing player 3 token from slot 8
[20:02:05.399] [SEVERE ] player 3 placing token on slot 2
[20:02:05.409] [SEVERE ] setting player 1 freeze to 0
[20:02:05.410] [SEVERE ] setting player 1 freeze to 0
[20:02:05.410] [SEVERE ] setting player 1 freeze to 0
[20:02:05.412] [SEVERE ] setting player 1 freeze to 0
[20:02:05.413] [SEVERE ] removing player 1 token from slot 6
[20:02:05.413] [SEVERE ] player 1 placing token on slot 6
[20:02:05.420] [SEVERE ] setting player 2 freeze to 0
[20:02:05.420] [SEVERE ] setting player 2 freeze to 0
[20:02:05.422] [SEVERE ] setting player 2 freeze to 0
[20:02:05.423] [SEVERE ] setting player 2 freeze to 0
[20:02:05.424] [SEVERE ] removing player 2 token from slot 6
[20:02:05.425] [SEVERE ] removing player 2 token from slot 4
[20:02:05.425] [SEVERE ] player 2 placing token on slot 3
[20:02:05.425] [SEVERE ] player 2 placing token on slot 1
[20:02:05.430] [SEVERE ] setting player 3 freeze to 0
[20:02:05.431] [SEVERE ] setting player 3 freeze to 0
[20:02:05.431] [SEVERE ] setting player 3 freeze to 0
[20:02:05.432] [SEVERE ] setting player 3 freeze to 0
[20:02:05.433] [SEVERE ] removing player 3 token from slot 1
[20:02:05.433] [SEVERE ] player 3 placing token on slot 9
[20:02:05.442] [SEVERE ] setting player 1 freeze to 0
[20:02:05.443] [SEVERE ] setting player 1 freeze to 0
[20:02:05.443] [SEVERE ] setting player 1 freeze to 0
[20:02:05.444] [SEVERE ] setting player 1 freeze to 0
[20:02:05.444] [SEVERE ] removing player 1 token from slot 6
[20:02:05.444] [SEVERE ] removing player 1 token from slot 9
[20:02:05.444] [SEVERE ] player 1 placing token on slot 11
[20:02:05.445] [SEVERE ] player 1 placing token on slot 8
[20:02:05.454] [SEVERE ] setting player 2 freeze to 0
[20:02:05.454] [SEVERE ] setting player 2 freeze to 0
[20:02:05.455] [SEVERE ] setting player 2 freeze to 0
[20:02:05.455] [SEVERE ] setting player 2 freeze to 0
[20:02:05.456] [SEVERE ] removing player 2 token from slot 1
[20:02:05.459] [SEVERE ] player 2 placing token on slot 11
[20:02:05.469] [SEVERE ] setting player 3 freeze to 0
[20:02:05.470] [SEVERE ] setting player 3 freeze to 0
[20:02:05.470] [SEVERE ] setting player 3 freeze to 0
[20:02:05.471] [SEVERE ] setting player 3 freeze to 0
[20:02:05.474] [SEVERE ] removing player 3 token from slot 9
[20:02:05.474] [SEVERE ] removing player 3 token from slot 2
[20:02:05.474] [SEVERE ] player 3 placing token on slot 4
[20:02:05.474] [SEVERE ] removing player 3 token from slot 4
[20:02:05.474] [SEVERE ] player 3 placing token on slot 5
[20:02:05.475] [SEVERE ] player 3 placing token on slot 2
[20:02:05.478] [SEVERE ] setting player 1 freeze to 0
[20:02:05.479] [SEVERE ] setting player 1 freeze to 0
[20:02:05.480] [SEVERE ] setting player 1 freeze to 0
[20:02:05.480] [SEVERE ] setting player 1 freeze to 0
[20:02:05.480] [SEVERE ] removing player 1 token from slot 8
[20:02:05.480] [SEVERE ] player 1 placing token on slot 7
[20:02:05.489] [SEVERE ] setting player 2 freeze to 0
[20:02:05.493] [SEVERE ] setting player 2 freeze to 0
[20:02:05.494] [SEVERE ] setting player 2 freeze to 0
[20:02:05.495] [SEVERE ] setting player 2 freeze to 0
[20:02:05.496] [SEVERE ] removing player 2 token from slot 7
[20:02:05.497] [SEVERE ] player 2 placing token on slot 2
[20:02:05.500] [SEVERE ] setting player 3 freeze to 0
[20:02:05.500] [SEVERE ] setting player 3 freeze to 0
[20:02:05.500] [SEVERE ] setting player 3 freeze to 0
[20:02:05.501] [SEVERE ] setting player 3 freeze to 0
[20:02:05.501] [SEVERE ] removing player 3 token from slot 5
[20:02:05.502] [SEVERE ] removing player 3 token from slot 6
[20:02:05.502] [SEVERE ] player 3 placing token on slot 3
[20:02:05.502] [SEVERE ] player 3 placing token on slot 11
[20:02:05.512] [SEVERE ] setting player 1 freeze to 0
[20:02:05.513] [SEVERE ] setting player 1 freeze to 0
[20:02:05.513] [SEVERE ] setting player 1 freeze to 0
[20:02:05.514] [SEVERE ] setting player 1 freeze to 0
[20:02:05.515] [SEVERE ] removing player 1 token from slot 7
[20:02:05.515] [SEVERE ] player 1 placing token on slot 3
[20:02:05.522] [SEVERE ] setting player 2 freeze to 0
[20:02:05.522] [SEVERE ] setting player 2 freeze to 0
[20:02:05.522] [SEVERE ] setting player 2 freeze to 0
[20:02:05.522] [SEVERE ] setting player 2 freeze to 0
[20:02:05.522] [SEVERE ] removing player 2 token from slot 3
[20:02:05.522] [SEVERE ] player 2 placing token on slot 9
[20:02:05.532] [SEVERE ] setting player 3 freeze to 0
[20:02:05.533] [SEVERE ] setting player 3 freeze to 0
[20:02:05.533] [SEVERE ] setting player 3 freeze to 0
[20:02:05.534] [SEVERE ] setting player 3 freeze to 0
[20:02:05.535] [SEVERE ] removing player 3 token from slot 11
[20:02:05.535] [SEVERE ] player 3 placing token on slot 7
[20:02:05.543] [SEVERE ] setting player 1 freeze to 0
[20:02:05.544] [SEVERE ] setting player 1 freeze to 0
[20:02:05.545] [SEVERE ] setting player 1 freeze to 0
[20:02:05.546] [SEVERE ] setting player 1 freeze to 0
[20:02:05.546] [SEVERE ] removing player 1 token from slot 10
[20:02:05.547] [SEVERE ] player 1 placing token on slot 7
[20:02:05.553] [SEVERE ] setting player 2 freeze to 0
[20:02:05.553] [SEVERE ] setting player 2 freeze to 0
[20:02:05.554] [SEVERE ] setting player 2 freeze to 0
[20:02:05.554] [SEVERE ] setting player 2 freeze to 0
[20:02:05.555] [SEVERE ] removing player 2 token from slot 11
[20:02:05.556] [SEVERE ] removing player 2 token from slot 2
[20:02:05.562] [SEVERE ] removing player 2 token from slot 9
[20:02:05.562] [SEVERE ] player 2 placing token on slot 3
[20:02:05.562] [SEVERE ] player 2 placing token on slot 9
[20:02:05.563] [SEVERE ] player 2 placing token on slot 6
[20:02:05.564] [SEVERE ] setting player 3 freeze to 0
[20:02:05.564] [SEVERE ] setting player 3 freeze to 0
[20:02:05.564] [SEVERE ] setting player 3 freeze to 0
[20:02:05.565] [SEVERE ] setting player 3 freeze to 0
[20:02:05.565] [SEVERE ] removing player 3 token from slot 3
[20:02:05.566] [SEVERE ] player 3 placing token on slot 5
[20:02:05.578] [SEVERE ] setting player 1 freeze to 0
[20:02:05.578] [SEVERE ] setting player 1 freeze to 0
[20:02:05.579] [SEVERE ] setting player 1 freeze to 0
[20:02:05.580] [SEVERE ] setting player 1 freeze to 0
[20:02:05.581] [SEVERE ] removing player 1 token from slot 7
[20:02:05.581] [SEVERE ] removing player 1 token from slot 11
[20:02:05.582] [SEVERE ] player 1 placing token on slot 6
[20:02:05.582] [SEVERE ] player 1 placing token on slot 11
[20:02:05.587] [SEVERE ] setting player 2 freeze to 0
[20:02:05.587] [SEVERE ] setting player 2 freeze to 0
[20:02:05.588] [SEVERE ] setting player 2 freeze to 0
[20:02:05.588] [SEVERE ] setting player 2 freeze to 0
[20:02:05.589] [SEVERE ] removing player 2 token from slot 9
[20:02:05.589] [SEVERE ] player 2 placing token on slot 7
[20:02:05.598] [SEVERE ] setting player 3 freeze to 0
[20:02:05.598] [SEVERE ] setting player 3 freeze to 0
[20:02:05.598] [SEVERE ] setting player 3 freeze to 0
[20:02:05.599] [SEVERE ] setting player 3 freeze to 0
[20:02:05.599] [SEVERE ] removing player 3 token from slot 2
[20:02:05.600] [SEVERE ] player 3 placing token on slot 3
[20:02:05.609] [SEVERE ] setting player 1 freeze to 0
[20:02:05.610] [SEVERE ] setting player 1 freeze to 0
[20:02:05.610] [SEVERE ] setting player 1 freeze to 0
[20:02:05.611] [SEVERE ] setting player 1 freeze to 0
[20:02:05.612] [SEVERE ] removing player 1 token from slot 6
[20:02:05.612] [SEVERE ] removing player 1 token from slot 11
[20:02:05.612] [SEVERE ] player 1 placing token on slot 7
[20:02:05.612] [SEVERE ] removing player 1 token from slot 7
[20:02:05.612] [SEVERE ] player 1 placing token on slot 6
[20:02:05.612] [SEVERE ] player 1 placing token on slot 5
[20:02:05.619] [SEVERE ] setting player 2 freeze to 0
[20:02:05.620] [SEVERE ] setting player 2 freeze to 0
[20:02:05.620] [SEVERE ] setting player 2 freeze to 0
[20:02:05.621] [SEVERE ] setting player 2 freeze to 0
[20:02:05.622] [SEVERE ] removing player 2 token from slot 7
[20:02:05.622] [SEVERE ] player 2 placing token on slot 2
[20:02:05.630] [SEVERE ] setting player 3 freeze to 0
[20:02:05.630] [SEVERE ] setting player 3 freeze to 0
[20:02:05.631] [SEVERE ] setting player 3 freeze to 0
[20:02:05.631] [SEVERE ] setting player 3 freeze to 0
[20:02:05.632] [SEVERE ] removing player 3 token from slot 5
[20:02:05.632] [SEVERE ] player 3 placing token on slot 10
[20:02:05.644] [SEVERE ] setting player 1 freeze to 0
[20:02:05.644] [SEVERE ] setting player 1 freeze to 0
[20:02:05.645] [SEVERE ] setting player 1 freeze to 0
[20:02:05.646] [SEVERE ] setting player 1 freeze to 0
[20:02:05.646] [SEVERE ] removing player 1 token from slot 5
[20:02:05.647] [SEVERE ] player 1 placing token on slot 9
[20:02:05.653] [SEVERE ] setting player 2 freeze to 0
[20:02:05.653] [SEVERE ] setting player 2 freeze to 0
[20:02:05.653] [SEVERE ] setting player 2 freeze to 0
[20:02:05.654] [SEVERE ] setting player 2 freeze to 0
[20:02:05.654] [SEVERE ] removing player 2 token from slot 6
[20:02:05.654] [SEVERE ] removing player 2 token from slot 2
[20:02:05.655] [SEVERE ] player 2 placing token on slot 1
[20:02:05.655] [SEVERE ] player 2 placing token on slot 4
[20:02:05.663] [SEVERE ] setting player 3 freeze to 0
[20:02:05.664] [SEVERE ] setting player 3 freeze to 0
[20:02:05.664] [SEVERE ] setting player 3 freeze to 0
[20:02:05.665] [SEVERE ] setting player 3 freeze to 0
[20:02:05.665] [SEVERE ] removing player 3 token from slot 3
[20:02:05.666] [SEVERE ] player 3 placing token on slot 9
[20:02:05.677] [SEVERE ] setting player 1 freeze to 0
[20:02:05.678] [SEVERE ] setting player 1 freeze to 0
[20:02:05.678] [SEVERE ] setting player 1 freeze to 0
[20:02:05.679] [SEVERE ] setting player 1 freeze to 0
[20:02:05.679] [SEVERE ] removing player 1 token from slot 3
[20:02:05.680] [SEVERE ] removing player 1 token from slot 6
[20:02:05.681] [SEVERE ] player 1 placing token on slot 8
[20:02:05.681] [SEVERE ] player 1 placing token on slot 7
[20:02:05.687] [SEVERE ] setting player 2 freeze to 0
[20:02:05.687] [SEVERE ] setting player 2 freeze to 0
[20:02:05.688] [SEVERE ] setting player 2 freeze to 0
[20:02:05.688] [SEVERE ] setting player 2 freeze to 0
[20:02:05.689] [SEVERE ] removing player 2 token from slot 4
[20:02:05.690] [SEVERE ] player 2 placing token on slot 7
[20:02:05.697] [SEVERE ] setting player 3 freeze to 0
[20:02:05.698] [SEVERE ] setting player 3 freeze to 0
[20:02:05.698] [SEVERE ] setting player 3 freeze to 0
[20:02:05.699] [SEVERE ] setting player 3 freeze to 0
[20:02:05.699] [SEVERE ] removing player 3 token from slot 10
[20:02:05.699] [SEVERE ] player 3 placing token on slot 1
[20:02:05.709] [SEVERE ] setting player 1 freeze to 0
[20:02:05.710] [SEVERE ] setting player 1 freeze to 0
[20:02:05.712] [SEVERE ] setting player 1 freeze to 0
[20:02:05.712] [SEVERE ] setting player 1 freeze to 0
[20:02:05.713] [SEVERE ] removing player 1 token from slot 8
[20:02:05.713] [SEVERE ] player 1 placing token on slot 5
[20:02:05.719] [SEVERE ] setting player 2 freeze to 0
[20:02:05.719] [SEVERE ] setting player 2 freeze to 0
[20:02:05.719] [SEVERE ] setting player 2 freeze to 0
[20:02:05.720] [SEVERE ] setting player 2 freeze to 0
[20:02:05.720] [SEVERE ] removing player 2 token from slot 1
[20:02:05.721] [SEVERE ] player 2 placing token on slot 5
[20:02:05.729] [SEVERE ] setting player 3 freeze to 0
[20:02:05.729] [SEVERE ] setting player 3 freeze to 0
[20:02:05.730] [SEVERE ] setting player 3 freeze to 0
[20:02:05.731] [SEVERE ] setting player 3 freeze to 0
[20:02:05.732] [SEVERE ] removing player 3 token from slot 7
[20:02:05.732] [SEVERE ] player 3 placing token on slot 10
[20:02:05.739] [SEVERE ] setting player 1 freeze to 0
[20:02:05.745] [SEVERE ] setting player 1 freeze to 0
[20:02:05.745] [SEVERE ] setting player 1 freeze to 0
[20:02:05.745] [SEVERE ] setting player 1 freeze to 0
[20:02:05.746] [SEVERE ] removing player 1 token from slot 5
[20:02:05.746] [SEVERE ] player 1 placing token on slot 1
[20:02:05.754] [SEVERE ] setting player 2 freeze to 0
[20:02:05.754] [SEVERE ] setting player 2 freeze to 0
[20:02:05.755] [SEVERE ] setting player 2 freeze to 0
[20:02:05.755] [SEVERE ] setting player 2 freeze to 0
[20:02:05.755] [SEVERE ] removing player 2 token from slot 7
[20:02:05.756] [SEVERE ] player 2 placing token on slot 6
[20:02:05.764] [SEVERE ] setting player 3 freeze to 0
[20:02:05.764] [SEVERE ] setting player 3 freeze to 0
[20:02:05.765] [SEVERE ] setting player 3 freeze to 0
[20:02:05.766] [SEVERE ] setting player 3 freeze to 0
[20:02:05.766] [SEVERE ] removing player 3 token from slot 9
[20:02:05.767] [SEVERE ] player 3 placing token on slot 11
[20:02:05.776] [SEVERE ] setting player 1 freeze to 0
[20:02:05.777] [SEVERE ] setting player 1 freeze to 0
[20:02:05.777] [SEVERE ] setting player 1 freeze to 0
[20:02:05.777] [SEVERE ] setting player 1 freeze to 0
[20:02:05.778] [SEVERE ] removing player 1 token from slot 1
[20:02:05.779] [SEVERE ] player 1 placing token on slot 11
[20:02:05.786] [SEVERE ] setting player 2 freeze to 0
[20:02:05.786] [SEVERE ] setting player 2 freeze to 0
[20:02:05.786] [SEVERE ] setting player 2 freeze to 0
[20:02:05.787] [SEVERE ] setting player 2 freeze to 0
[20:02:05.787] [SEVERE ] removing player 2 token from slot 5
[20:02:05.788] [SEVERE ] player 2 placing token on slot 4
[20:02:05.796] [SEVERE ] setting player 3 freeze to 0
[20:02:05.797] [SEVERE ] setting player 3 freeze to 0
[20:02:05.797] [SEVERE ] setting player 3 freeze to 0
[20:02:05.798] [SEVERE ] setting player 3 freeze to 0
[20:02:05.798] [SEVERE ] removing player 3 token from slot 10
[20:02:05.799] [SEVERE ] player 3 placing token on slot 7
[20:02:05.808] [SEVERE ] setting player 1 freeze to 0
[20:02:05.809] [SEVERE ] setting player 1 freeze to 0
[20:02:05.811] [SEVERE ] setting player 1 freeze to 0
[20:02:05.812] [SEVERE ] setting player 1 freeze to 0
[20:02:05.812] [SEVERE ] removing player 1 token from slot 11
[20:02:05.812] [SEVERE ] player 1 placing token on slot 11
[20:02:05.818] [SEVERE ] setting player 2 freeze to 0
[20:02:05.818] [SEVERE ] setting player 2 freeze to 0
[20:02:05.818] [SEVERE ] setting player 2 freeze to 0
[20:02:05.819] [SEVERE ] setting player 2 freeze to 0
[20:02:05.819] [SEVERE ] removing player 2 token from slot 6
[20:02:05.820] [SEVERE ] player 2 placing token on slot 6
[20:02:05.828] [SEVERE ] setting player 3 freeze to 0
[20:02:05.828] [SEVERE ] setting player 3 freeze to 0
[20:02:05.830] [SEVERE ] setting player 3 freeze to 0
[20:02:05.831] [SEVERE ] setting player 3 freeze to 0
[20:02:05.831] [SEVERE ] removing player 3 token from slot 7
[20:02:05.832] [SEVERE ] player 3 placing token on slot 4
[20:02:05.838] [SEVERE ] setting player 1 freeze to 0
[20:02:05.839] [SEVERE ] setting player 1 freeze to 0
[20:02:05.839] [SEVERE ] setting player 1 freeze to 0
[20:02:05.839] [SEVERE ] setting player 1 freeze to 0
[20:02:05.842] [SEVERE ] removing player 1 token from slot 9
[20:02:05.843] [SEVERE ] removing player 1 token from slot 7
[20:02:05.843] [SEVERE ] player 1 placing token on slot 4
[20:02:05.844] [SEVERE ] player 1 placing token on slot 3
[20:02:05.866] [SEVERE ] setting player 2 freeze to 0
[20:02:05.869] [SEVERE ] setting player 2 freeze to 0
[20:02:05.870] [SEVERE ] setting player 2 freeze to 0
[20:02:05.870] [SEVERE ] setting player 2 freeze to 0
[20:02:05.871] [SEVERE ] removing player 2 token from slot 6
[20:02:05.871] [SEVERE ] player 2 placing token on slot 6
[20:02:05.877] [SEVERE ] setting player 3 freeze to 0
[20:02:05.879] [SEVERE ] setting player 3 freeze to 0
[20:02:05.879] [SEVERE ] setting player 3 freeze to 0
[20:02:05.879] [SEVERE ] setting player 3 freeze to 0
[20:02:05.880] [SEVERE ] removing player 3 token from slot 11
[20:02:05.880] [SEVERE ] player 3 placing token on slot 5
[20:02:05.888] [SEVERE ] setting player 1 freeze to 0
[20:02:05.888] [SEVERE ] setting player 1 freeze to 0
[20:02:05.888] [SEVERE ] setting player 1 freeze to 0
[20:02:05.889] [SEVERE ] setting player 1 freeze to 0
[20:02:05.889] [SEVERE ] removing player 1 token from slot 11
[20:02:05.889] [SEVERE ] player 1 placing token on slot 6
[20:02:05.898] [SEVERE ] setting player 2 freeze to 0
[20:02:05.899] [SEVERE ] setting player 2 freeze to 0
[20:02:05.899] [SEVERE ] setting player 2 freeze to 0
[20:02:05.900] [SEVERE ] setting player 2 freeze to 0
[20:02:05.901] [SEVERE ] removing player 2 token from slot 4
[20:02:05.901] [SEVERE ] player 2 placing token on slot 8
[20:02:05.909] [SEVERE ] setting player 3 freeze to 0
[20:02:05.910] [SEVERE ] setting player 3 freeze to 0
[20:02:05.912] [SEVERE ] setting player 3 freeze to 0
[20:02:05.912] [SEVERE ] setting player 3 freeze to 0
[20:02:05.913] [SEVERE ] removing player 3 token from slot 4
[20:02:05.913] [SEVERE ] player 3 placing token on slot 8
[20:02:05.920] [SEVERE ] setting player 1 freeze to 0
[20:02:05.920] [SEVERE ] setting player 1 freeze to 0
[20:02:05.921] [SEVERE ] setting player 1 freeze to 0
[20:02:05.921] [SEVERE ] setting player 1 freeze to 0
[20:02:05.922] [SEVERE ] removing player 1 token from slot 4
[20:02:05.922] [SEVERE ] removing player 1 token from slot 6
[20:02:05.922] [SEVERE ] player 1 placing token on slot 1
[20:02:05.922] [SEVERE ] player 1 placing token on slot 2
[20:02:05.931] [SEVERE ] setting player 2 freeze to 0
[20:02:05.931] [SEVERE ] setting player 2 freeze to 0
[20:02:05.931] [SEVERE ] setting player 2 freeze to 0
[20:02:05.932] [SEVERE ] setting player 2 freeze to 0
[20:02:05.932] [SEVERE ] removing player 2 token from slot 8
[20:02:05.933] [SEVERE ] player 2 placing token on slot 5
[20:02:05.942] [SEVERE ] setting player 3 freeze to 0
[20:02:05.944] [SEVERE ] setting player 3 freeze to 0
[20:02:05.944] [SEVERE ] setting player 3 freeze to 0
[20:02:05.945] [SEVERE ] setting player 3 freeze to 0
[20:02:05.946] [SEVERE ] removing player 3 token from slot 8
[20:02:05.946] [SEVERE ] removing player 3 token from slot 5
[20:02:05.947] [SEVERE ] player 3 placing token on slot 10
[20:02:05.947] [SEVERE ] player 3 placing token on slot 9
[20:02:05.952] [SEVERE ] setting player 1 freeze to 0
[20:02:05.952] [SEVERE ] setting player 1 freeze to 0
[20:02:05.952] [SEVERE ] setting player 1 freeze to 0
[20:02:05.953] [SEVERE ] setting player 1 freeze to 0
[20:02:05.953] [SEVERE ] removing player 1 token from slot 3
[20:02:05.953] [SEVERE ] player 1 placing token on slot 5
[20:02:05.962] [SEVERE ] setting player 2 freeze to 0
[20:02:05.963] [SEVERE ] setting player 2 freeze to 0
[20:02:05.963] [SEVERE ] setting player 2 freeze to 0
[20:02:05.964] [SEVERE ] setting player 2 freeze to 0
[20:02:05.964] [SEVERE ] removing player 2 token from slot 3
[20:02:05.964] [SEVERE ] player 2 placing token on slot 1
[20:02:05.973] [SEVERE ] setting player 3 freeze to 0
[20:02:05.973] [SEVERE ] setting player 3 freeze to 0
[20:02:05.973] [SEVERE ] setting player 3 freeze to 0
[20:02:05.973] [SEVERE ] setting player 3 freeze to 0
[20:02:05.973] [SEVERE ] removing player 3 token from slot 10
[20:02:05.973] [SEVERE ] player 3 placing token on slot 5
[20:02:05.983] [SEVERE ] setting player 1 freeze to 0
[20:02:05.983] [SEVERE ] setting player 1 freeze to 0
[20:02:05.984] [SEVERE ] setting player 1 freeze to 0
[20:02:05.984] [SEVERE ] setting player 1 freeze to 0
[20:02:05.985] [SEVERE ] removing player 1 token from slot 1
[20:02:05.985] [SEVERE ] player 1 placing token on slot 8
[20:02:05.995] [SEVERE ] setting player 2 freeze to 0
[20:02:05.995] [SEVERE ] setting player 2 freeze to 0
[20:02:05.996] [SEVERE ] setting player 2 freeze to 0
[20:02:05.996] [SEVERE ] setting player 2 freeze to 0
[20:02:05.996] [SEVERE ] removing player 2 token from slot 5
[20:02:05.997] [SEVERE ] player 2 placing token on slot 3
[20:02:06.005] [SEVERE ] setting player 3 freeze to 0
[20:02:06.005] [SEVERE ] setting player 3 freeze to 0
[20:02:06.006] [SEVERE ] setting player 3 freeze to 0
[20:02:06.007] [SEVERE ] setting player 3 freeze to 0
[20:02:06.008] [SEVERE ] removing player 3 token from slot 9
[20:02:06.009] [SEVERE ] player 3 placing token on slot 11
[20:02:06.015] [SEVERE ] setting player 1 freeze to 0
[20:02:06.015] [SEVERE ] setting player 1 freeze to 0
[20:02:06.016] [SEVERE ] setting player 1 freeze to 0
[20:02:06.017] [SEVERE ] setting player 1 freeze to 0
[20:02:06.017] [SEVERE ] removing player 1 token from slot 2
[20:02:06.017] [SEVERE ] removing player 1 token from slot 8
[20:02:06.017] [SEVERE ] player 1 placing token on slot 7
[20:02:06.017] [SEVERE ] player 1 placing token on slot 3
[20:02:06.027] [SEVERE ] setting player 2 freeze to 0
[20:02:06.028] [SEVERE ] setting player 2 freeze to 0
[20:02:06.028] [SEVERE ] setting player 2 freeze to 0
[20:02:06.032] [SEVERE ] setting player 2 freeze to 0
[20:02:06.033] [SEVERE ] removing player 2 token from slot 1
[20:02:06.033] [SEVERE ] player 2 placing token on slot 2
[20:02:06.038] [SEVERE ] setting player 3 freeze to 0
[20:02:06.038] [SEVERE ] setting player 3 freeze to 0
[20:02:06.039] [SEVERE ] setting player 3 freeze to 0
[20:02:06.039] [SEVERE ] setting player 3 freeze to 0
[20:02:06.040] [SEVERE ] removing player 3 token from slot 1
[20:02:06.041] [SEVERE ] player 3 placing token on slot 6
[20:02:06.048] [SEVERE ] setting player 1 freeze to 0
[20:02:06.049] [SEVERE ] setting player 1 freeze to 0
[20:02:06.049] [SEVERE ] setting player 1 freeze to 0
[20:02:06.050] [SEVERE ] setting player 1 freeze to 0
[20:02:06.050] [SEVERE ] removing player 1 token from slot 3
[20:02:06.050] [SEVERE ] player 1 placing token on slot 4
[20:02:06.059] [SEVERE ] setting player 2 freeze to 0
[20:02:06.059] [SEVERE ] setting player 2 freeze to 0
[20:02:06.060] [SEVERE ] setting player 2 freeze to 0
[20:02:06.060] [SEVERE ] setting player 2 freeze to 0
[20:02:06.064] [SEVERE ] removing player 2 token from slot 2
[20:02:06.064] [SEVERE ] player 2 placing token on slot 5
[20:02:06.069] [SEVERE ] setting player 3 freeze to 0
[20:02:06.069] [SEVERE ] setting player 3 freeze to 0
[20:02:06.070] [SEVERE ] setting player 3 freeze to 0
[20:02:06.070] [SEVERE ] setting player 3 freeze to 0
[20:02:06.071] [SEVERE ] removing player 3 token from slot 5
[20:02:06.071] [SEVERE ] player 3 placing token on slot 10
[20:02:06.079] [SEVERE ] setting player 1 freeze to 0
[20:02:06.079] [SEVERE ] setting player 1 freeze to 0
[20:02:06.080] [SEVERE ] setting player 1 freeze to 0
[20:02:06.080] [SEVERE ] setting player 1 freeze to 0
[20:02:06.081] [SEVERE ] removing player 1 token from slot 5
[20:02:06.081] [SEVERE ] player 1 placing token on slot 3
[20:02:06.089] [SEVERE ] setting player 2 freeze to 0
[20:02:06.090] [SEVERE ] setting player 2 freeze to 0
[20:02:06.092] [SEVERE ] setting player 2 freeze to 0
[20:02:06.093] [SEVERE ] setting player 2 freeze to 0
[20:02:06.094] [SEVERE ] removing player 2 token from slot 5
[20:02:06.095] [SEVERE ] removing player 2 token from slot 6
[20:02:06.095] [SEVERE ] player 2 placing token on slot 10
[20:02:06.095] [SEVERE ] removing player 2 token from slot 10
[20:02:06.095] [SEVERE ] player 2 placing token on slot 9
[20:02:06.095] [SEVERE ] player 2 placing token on slot 11
[20:02:06.100] [SEVERE ] setting player 3 freeze to 0
[20:02:06.100] [SEVERE ] setting player 3 freeze to 0
[20:02:06.100] [SEVERE ] setting player 3 freeze to 0
[20:02:06.101] [SEVERE ] setting player 3 freeze to 0
[20:02:06.101] [SEVERE ] removing player 3 token from slot 10
[20:02:06.102] [SEVERE ] player 3 placing token on slot 8
[20:02:06.111] [SEVERE ] setting player 1 freeze to 0
[20:02:06.111] [SEVERE ] setting player 1 freeze to 0
[20:02:06.112] [SEVERE ] setting player 1 freeze to 0
[20:02:06.112] [SEVERE ] setting player 1 freeze to 0
[20:02:06.113] [SEVERE ] removing player 1 token from slot 4
[20:02:06.114] [SEVERE ] player 1 placing token on slot 2
[20:02:06.121] [SEVERE ] setting player 2 freeze to 0
[20:02:06.121] [SEVERE ] setting player 2 freeze to 0
[20:02:06.121] [SEVERE ] setting player 2 freeze to 0
[20:02:06.122] [SEVERE ] setting player 2 freeze to 0
[20:02:06.125] [SEVERE ] removing player 2 token from slot 11
[20:02:06.125] [SEVERE ] player 2 placing token on slot 8
[20:02:06.131] [SEVERE ] setting player 3 freeze to 0
[20:02:06.131] [SEVERE ] setting player 3 freeze to 0
[20:02:06.132] [SEVERE ] setting player 3 freeze to 0
[20:02:06.133] [SEVERE ] setting player 3 freeze to 0
[20:02:06.133] [SEVERE ] removing player 3 token from slot 11
[20:02:06.134] [SEVERE ] player 3 placing token on slot 10
[20:02:06.142] [SEVERE ] setting player 1 freeze to 0
[20:02:06.143] [SEVERE ] setting player 1 freeze to 0
[20:02:06.143] [SEVERE ] setting player 1 freeze to 0
[20:02:06.144] [SEVERE ] setting player 1 freeze to 0
[20:02:06.144] [SEVERE ] removing player 1 token from slot 2
[20:02:06.145] [SEVERE ] player 1 placing token on slot 5
[20:02:06.152] [SEVERE ] setting player 2 freeze to 0
[20:02:06.152] [SEVERE ] setting player 2 freeze to 0
[20:02:06.153] [SEVERE ] setting player 2 freeze to 0
[20:02:06.154] [SEVERE ] setting player 2 freeze to 0
[20:02:06.154] [SEVERE ] removing player 2 token from slot 8
[20:02:06.155] [SEVERE ] player 2 placing token on slot 7
[20:02:06.163] [SEVERE ] setting player 3 freeze to 0
[20:02:06.163] [SEVERE ] setting player 3 freeze to 0
[20:02:06.164] [SEVERE ] setting player 3 freeze to 0
[20:02:06.164] [SEVERE ] setting player 3 freeze to 0
[20:02:06.164] [SEVERE ] removing player 3 token from slot 6
[20:02:06.164] [SEVERE ] player 3 placing token on slot 5
[20:02:06.173] [SEVERE ] setting player 1 freeze to 0
[20:02:06.175] [SEVERE ] setting player 1 freeze to 0
[20:02:06.176] [SEVERE ] setting player 1 freeze to 0
[20:02:06.176] [SEVERE ] setting player 1 freeze to 0
[20:02:06.176] [SEVERE ] removing player 1 token from slot 7
[20:02:06.176] [SEVERE ] removing player 1 token from slot 3
[20:02:06.176] [SEVERE ] player 1 placing token on slot 3
[20:02:06.176] [SEVERE ] player 1 placing token on slot 7
[20:02:06.184] [SEVERE ] setting player 2 freeze to 0
[20:02:06.184] [SEVERE ] setting player 2 freeze to 0
[20:02:06.184] [SEVERE ] setting player 2 freeze to 0
[20:02:06.185] [SEVERE ] setting player 2 freeze to 0
[20:02:06.185] [SEVERE ] removing player 2 token from slot 7
[20:02:06.186] [SEVERE ] player 2 placing token on slot 10
[20:02:06.194] [SEVERE ] setting player 3 freeze to 0
[20:02:06.195] [SEVERE ] setting player 3 freeze to 0
[20:02:06.195] [SEVERE ] setting player 3 freeze to 0
[20:02:06.195] [SEVERE ] setting player 3 freeze to 0
[20:02:06.196] [SEVERE ] removing player 3 token from slot 5
[20:02:06.196] [SEVERE ] player 3 placing token on slot 2
[20:02:06.205] [SEVERE ] setting player 1 freeze to 0
[20:02:06.205] [SEVERE ] setting player 1 freeze to 0
[20:02:06.205] [SEVERE ] setting player 1 freeze to 0
[20:02:06.205] [SEVERE ] setting player 1 freeze to 0
[20:02:06.205] [SEVERE ] removing player 1 token from slot 3
[20:02:06.205] [SEVERE ] player 1 placing token on slot 4
[20:02:06.215] [SEVERE ] setting player 2 freeze to 0
[20:02:06.215] [SEVERE ] setting player 2 freeze to 0
[20:02:06.216] [SEVERE ] setting player 2 freeze to 0
[20:02:06.216] [SEVERE ] setting player 2 freeze to 0
[20:02:06.217] [SEVERE ] removing player 2 token from slot 10
[20:02:06.217] [SEVERE ] player 2 placing token on slot 1
[20:02:06.226] [SEVERE ] setting player 3 freeze to 0
[20:02:06.226] [SEVERE ] setting player 3 freeze to 0
[20:02:06.228] [SEVERE ] setting player 3 freeze to 0
[20:02:06.228] [SEVERE ] setting player 3 freeze to 0
[20:02:06.229] [SEVERE ] removing player 3 token from slot 10
[20:02:06.229] [SEVERE ] removing player 3 token from slot 2
[20:02:06.230] [SEVERE ] player 3 placing token on slot 1
[20:02:06.230] [SEVERE ] player 3 placing token on slot 4
[20:02:06.236] [SEVERE ] setting player 1 freeze to 0
[20:02:06.236] [SEVERE ] setting player 1 freeze to 0
[20:02:06.237] [SEVERE ] setting player 1 freeze to 0
[20:02:06.237] [SEVERE ] setting player 1 freeze to 0
[20:02:06.238] [SEVERE ] removing player 1 token from slot 4
[20:02:06.238] [SEVERE ] player 1 placing token on slot 1
[20:02:06.246] [SEVERE ] setting player 2 freeze to 0
[20:02:06.247] [SEVERE ] setting player 2 freeze to 0
[20:02:06.247] [SEVERE ] setting player 2 freeze to 0
[20:02:06.248] [SEVERE ] setting player 2 freeze to 0
[20:02:06.248] [SEVERE ] removing player 2 token from slot 9
[20:02:06.249] [SEVERE ] player 2 placing token on slot 2
[20:02:06.257] [SEVERE ] setting player 3 freeze to 0
[20:02:06.259] [SEVERE ] setting player 3 freeze to 0
[20:02:06.259] [SEVERE ] setting player 3 freeze to 0
[20:02:06.259] [SEVERE ] setting player 3 freeze to 0
[20:02:06.260] [SEVERE ] removing player 3 token from slot 8
[20:02:06.260] [SEVERE ] removing player 3 token from slot 1
[20:02:06.261] [SEVERE ] player 3 placing token on slot 1
[20:02:06.262] [SEVERE ] player 3 placing token on slot 8
[20:02:06.268] [SEVERE ] setting player 1 freeze to 0
[20:02:06.268] [SEVERE ] setting player 1 freeze to 0
[20:02:06.268] [SEVERE ] setting player 1 freeze to 0
[20:02:06.269] [SEVERE ] setting player 1 freeze to 0
[20:02:06.269] [SEVERE ] removing player 1 token from slot 7
[20:02:06.269] [SEVERE ] player 1 placing token on slot 11
[20:02:06.281] [SEVERE ] setting player 2 freeze to 0
[20:02:06.281] [SEVERE ] setting player 2 freeze to 0
[20:02:06.282] [SEVERE ] setting player 2 freeze to 0
[20:02:06.282] [SEVERE ] setting player 2 freeze to 0
[20:02:06.283] [SEVERE ] removing player 2 token from slot 1
[20:02:06.283] [SEVERE ] removing player 2 token from slot 2
[20:02:06.283] [SEVERE ] player 2 placing token on slot 5
[20:02:06.284] [SEVERE ] removing player 2 token from slot 3
[20:02:06.284] [SEVERE ] player 2 placing token on slot 3
[20:02:06.286] [SEVERE ] player 2 placing token on slot 10
[20:02:06.288] [SEVERE ] setting player 3 freeze to 0
[20:02:06.288] [SEVERE ] setting player 3 freeze to 0
[20:02:06.288] [SEVERE ] setting player 3 freeze to 0
[20:02:06.288] [SEVERE ] setting player 3 freeze to 0
[20:02:06.288] [SEVERE ] removing player 3 token from slot 8
[20:02:06.288] [SEVERE ] player 3 placing token on slot 8
[20:02:06.298] [SEVERE ] setting player 1 freeze to 0
[20:02:06.299] [SEVERE ] setting player 1 freeze to 0
[20:02:06.299] [SEVERE ] setting player 1 freeze to 0
[20:02:06.300] [SEVERE ] setting player 1 freeze to 0
[20:02:06.300] [SEVERE ] removing player 1 token from slot 5
[20:02:06.301] [SEVERE ] player 1 placing token on slot 5
[20:02:06.309] [SEVERE ] setting player 2 freeze to 0
[20:02:06.309] [SEVERE ] setting player 2 freeze to 0
[20:02:06.309] [SEVERE ] setting player 2 freeze to 0
[20:02:06.309] [SEVERE ] setting player 2 freeze to 0
[20:02:06.309] [SEVERE ] removing player 2 token from slot 3
[20:02:06.309] [SEVERE ] removing player 2 token from slot 5
[20:02:06.309] [SEVERE ] player 2 placing token on slot 9
[20:02:06.309] [SEVERE ] player 2 placing token on slot 3
[20:02:06.319] [SEVERE ] setting player 3 freeze to 0
[20:02:06.319] [SEVERE ] setting player 3 freeze to 0
[20:02:06.322] [SEVERE ] setting player 3 freeze to 0
[20:02:06.322] [SEVERE ] setting player 3 freeze to 0
[20:02:06.322] [SEVERE ] removing player 3 token from slot 1
[20:02:06.322] [SEVERE ] removing player 3 token from slot 8
[20:02:06.322] [SEVERE ] player 3 placing token on slot 9
[20:02:06.322] [SEVERE ] player 3 placing token on slot 2
[20:02:06.330] [SEVERE ] setting player 1 freeze to 0
[20:02:06.331] [SEVERE ] setting player 1 freeze to 0
[20:02:06.331] [SEVERE ] setting player 1 freeze to 0
[20:02:06.331] [SEVERE ] setting player 1 freeze to 0
[20:02:06.333] [SEVERE ] removing player 1 token from slot 1
[20:02:06.333] [SEVERE ] player 1 placing token on slot 9
[20:02:06.340] [SEVERE ] setting player 2 freeze to 0
[20:02:06.341] [SEVERE ] setting player 2 freeze to 0
[20:02:06.342] [SEVERE ] setting player 2 freeze to 0
[20:02:06.342] [SEVERE ] setting player 2 freeze to 0
[20:02:06.343] [SEVERE ] removing player 2 token from slot 3
[20:02:06.343] [SEVERE ] player 2 placing token on slot 4
[20:02:06.352] [SEVERE ] setting player 3 freeze to 0
[20:02:06.352] [SEVERE ] setting player 3 freeze to 0
[20:02:06.353] [SEVERE ] setting player 3 freeze to 0
[20:02:06.353] [SEVERE ] setting player 3 freeze to 0
[20:02:06.353] [SEVERE ] removing player 3 token from slot 2
[20:02:06.354] [SEVERE ] removing player 3 token from slot 4
[20:02:06.354] [SEVERE ] player 3 placing token on slot 8
[20:02:06.355] [SEVERE ] player 3 placing token on slot 6
[20:02:06.362] [SEVERE ] setting player 1 freeze to 0
[20:02:06.362] [SEVERE ] setting player 1 freeze to 0
[20:02:06.362] [SEVERE ] setting player 1 freeze to 0
[20:02:06.363] [SEVERE ] setting player 1 freeze to 0
[20:02:06.363] [SEVERE ] removing player 1 token from slot 9
[20:02:06.364] [SEVERE ] player 1 placing token on slot 2
[20:02:06.372] [SEVERE ] setting player 2 freeze to 0
[20:02:06.372] [SEVERE ] setting player 2 freeze to 0
[20:02:06.373] [SEVERE ] setting player 2 freeze to 0
[20:02:06.374] [SEVERE ] setting player 2 freeze to 0
[20:02:06.375] [SEVERE ] removing player 2 token from slot 10
[20:02:06.375] [SEVERE ] player 2 placing token on slot 11
[20:02:06.382] [SEVERE ] setting player 3 freeze to 0
[20:02:06.382] [SEVERE ] setting player 3 freeze to 0
[20:02:06.383] [SEVERE ] setting player 3 freeze to 0
[20:02:06.383] [SEVERE ] setting player 3 freeze to 0
[20:02:06.384] [SEVERE ] removing player 3 token from slot 9
[20:02:06.384] [SEVERE ] player 3 placing token on slot 4
[20:02:06.393] [SEVERE ] setting player 1 freeze to 0
[20:02:06.394] [SEVERE ] setting player 1 freeze to 0
[20:02:06.394] [SEVERE ] setting player 1 freeze to 0
[20:02:06.395] [SEVERE ] setting player 1 freeze to 0
[20:02:06.395] [SEVERE ] removing player 1 token from slot 2
[20:02:06.396] [SEVERE ] player 1 placing token on slot 3
[20:02:06.403] [SEVERE ] setting player 2 freeze to 0
[20:02:06.403] [SEVERE ] setting player 2 freeze to 0
[20:02:06.403] [SEVERE ] setting player 2 freeze to 0
[20:02:06.404] [SEVERE ] setting player 2 freeze to 0
[20:02:06.404] [SEVERE ] removing player 2 token from slot 4
[20:02:06.405] [SEVERE ] player 2 placing token on slot 10
[20:02:06.413] [SEVERE ] setting player 3 freeze to 0
[20:02:06.413] [SEVERE ] setting player 3 freeze to 0
[20:02:06.414] [SEVERE ] setting player 3 freeze to 0
[20:02:06.414] [SEVERE ] setting player 3 freeze to 0
[20:02:06.414] [SEVERE ] removing player 3 token from slot 8
[20:02:06.415] [SEVERE ] player 3 placing token on slot 2
[20:02:06.425] [SEVERE ] updating countdown to 5000
[20:02:06.426] [SEVERE ] removing player 1 token from slot 3
[20:02:06.426] [SEVERE ] removing player 1 token from slot 11
[20:02:06.526] [SEVERE ] removing card from slot 3
[20:02:06.526] [SEVERE ] removing player 1 token from slot 5
[20:02:06.626] [SEVERE ] removing card from slot 5
[20:02:06.627] [SEVERE ] removing player 1 token from slot 11
[20:02:06.727] [SEVERE ] removing card from slot 11
[20:02:06.727] [SEVERE ] removing player 1 token from slot 3
[20:02:06.727] [SEVERE ] removing player 1 token from slot 5
[20:02:06.727] [SEVERE ] removing player 1 token from slot 11
[20:02:06.727] [SEVERE ] removing player 2 token from slot 11
[20:02:06.828] [SEVERE ] placing card 46 in slot 3
[20:02:06.928] [SEVERE ] placing card 66 in slot 5
[20:02:07.028] [SEVERE ] placing card 64 in slot 11
[20:02:07.039] [SEVERE ] setting player 2 freeze to 0
[20:02:07.040] [SEVERE ] setting player 2 freeze to 0
[20:02:07.049] [SEVERE ] setting player 2 freeze to 0
[20:02:07.049] [SEVERE ] setting player 2 freeze to 0
[20:02:07.049] [SEVERE ] removing player 2 token from slot 10
[20:02:07.049] [SEVERE ] removing player 2 token from slot 11
[20:02:07.049] [SEVERE ] player 2 placing token on slot 11
[20:02:07.049] [SEVERE ] player 2 placing token on slot 5
[20:02:07.050] [SEVERE ] setting player 3 freeze to 0
[20:02:07.053] [SEVERE ] setting player 3 freeze to 0
[20:02:07.059] [SEVERE ] setting player 3 freeze to 0
[20:02:07.060] [SEVERE ] setting player 3 freeze to 0
[20:02:07.060] [SEVERE ] removing player 3 token from slot 6
[20:02:07.060] [SEVERE ] removing player 3 token from slot 4
[20:02:07.061] [SEVERE ] player 3 placing token on slot 11
[20:02:07.061] [SEVERE ] player 3 placing token on slot 9
[20:02:07.061] [SEVERE ] setting player 2 freeze to 0
[20:02:07.065] [SEVERE ] setting player 2 freeze to 0
[20:02:07.071] [SEVERE ] setting player 3 freeze to 0
[20:02:07.071] [SEVERE ] setting player 3 freeze to 0
[20:02:07.072] [SEVERE ] setting player 3 freeze to 0
[20:02:07.072] [SEVERE ] setting player 2 freeze to 0
[20:02:07.073] [SEVERE ] setting player 3 freeze to 0
[20:02:07.077] [SEVERE ] removing player 3 token from slot 11
[20:02:07.074] [SEVERE ] setting player 2 freeze to 0
[20:02:07.079] [SEVERE ] removing player 2 token from slot 11
[20:02:07.080] [SEVERE ] player 2 placing token on slot 10
[20:02:07.078] [SEVERE ] player 3 placing token on slot 1
[20:02:07.085] [SEVERE ] setting player 2 freeze to 0
[20:02:07.089] [SEVERE ] setting player 2 freeze to 0
[20:02:07.089] [SEVERE ] setting player 2 freeze to 0
[20:02:07.089] [SEVERE ] setting player 2 freeze to 0
[20:02:07.089] [SEVERE ] removing player 2 token from slot 5
[20:02:07.089] [SEVERE ] player 2 placing token on slot 1
[20:02:07.092] [SEVERE ] setting player 3 freeze to 0
[20:02:07.095] [SEVERE ] setting player 3 freeze to 0
[20:02:07.095] [SEVERE ] setting player 3 freeze to 0
[20:02:07.096] [SEVERE ] setting player 3 freeze to 0
[20:02:07.096] [SEVERE ] removing player 3 token from slot 2
[20:02:07.096] [SEVERE ] removing player 3 token from slot 9
[20:02:07.097] [SEVERE ] player 3 placing token on slot 3
[20:02:07.097] [SEVERE ] player 3 placing token on slot 11
[20:02:07.103] [SEVERE ] setting player 2 freeze to 0
[20:02:07.103] [SEVERE ] setting player 2 freeze to 0
[20:02:07.103] [SEVERE ] setting player 2 freeze to 0
[20:02:07.104] [SEVERE ] setting player 2 freeze to 0
[20:02:07.104] [SEVERE ] removing player 2 token from slot 9
[20:02:07.105] [SEVERE ] removing player 2 token from slot 10
[20:02:07.105] [SEVERE ] player 2 placing token on slot 9
[20:02:07.106] [SEVERE ] player 2 placing token on slot 2
[20:02:07.114] [SEVERE ] setting player 3 freeze to 0
[20:02:07.115] [SEVERE ] setting player 3 freeze to 0
[20:02:07.115] [SEVERE ] setting player 3 freeze to 0
[20:02:07.116] [SEVERE ] setting player 3 freeze to 0
[20:02:07.117] [SEVERE ] removing player 3 token from slot 11
[20:02:07.118] [SEVERE ] player 3 placing token on slot 7
[20:02:07.126] [SEVERE ] setting player 2 freeze to 0
[20:02:07.127] [SEVERE ] setting player 2 freeze to 0
[20:02:07.127] [SEVERE ] setting player 2 freeze to 0
[20:02:07.128] [SEVERE ] setting player 2 freeze to 0
[20:02:07.128] [SEVERE ] removing player 2 token from slot 2
[20:02:07.128] [SEVERE ] player 2 placing token on slot 3
[20:02:07.137] [SEVERE ] setting player 3 freeze to 0
[20:02:07.138] [SEVERE ] setting player 3 freeze to 0
[20:02:07.138] [SEVERE ] setting player 3 freeze to 0
[20:02:07.138] [SEVERE ] setting player 3 freeze to 0
[20:02:07.139] [SEVERE ] removing player 3 token from slot 1
[20:02:07.139] [SEVERE ] player 3 placing token on slot 2
[20:02:07.147] [SEVERE ] setting player 2 freeze to 0
[20:02:07.149] [SEVERE ] setting player 2 freeze to 0
[20:02:07.150] [SEVERE ] setting player 2 freeze to 0
[20:02:07.150] [SEVERE ] setting player 2 freeze to 0
[20:02:07.151] [SEVERE ] removing player 2 token from slot 3
[20:02:07.151] [SEVERE ] removing player 2 token from slot 9
[20:02:07.151] [SEVERE ] player 2 placing token on slot 4
[20:02:07.151] [SEVERE ] player 2 placing token on slot 3
[20:02:07.158] [SEVERE ] setting player 3 freeze to 0
[20:02:07.158] [SEVERE ] setting player 3 freeze to 0
[20:02:07.159] [SEVERE ] setting player 3 freeze to 0
[20:02:07.159] [SEVERE ] setting player 3 freeze to 0
[20:02:07.160] [SEVERE ] removing player 3 token from slot 2
[20:02:07.160] [SEVERE ] player 3 placing token on slot 6
[20:02:07.168] [SEVERE ] updating countdown to 5000
[20:02:07.168] [SEVERE ] removing player 2 token from slot 1
[20:02:07.168] [SEVERE ] removing player 2 token from slot 1
[20:02:07.268] [SEVERE ] removing card from slot 1
[20:02:07.269] [SEVERE ] removing player 2 token from slot 3
[20:02:07.369] [SEVERE ] removing card from slot 3
[20:02:07.369] [SEVERE ] removing player 2 token from slot 4
[20:02:07.471] [SEVERE ] removing card from slot 4
[20:02:07.472] [SEVERE ] removing player 2 token from slot 1
[20:02:07.472] [SEVERE ] removing player 2 token from slot 3
[20:02:07.472] [SEVERE ] removing player 3 token from slot 3
[20:02:07.472] [SEVERE ] removing player 2 token from slot 4
[20:02:07.572] [SEVERE ] placing card 26 in slot 1
[20:02:07.672] [SEVERE ] placing card 59 in slot 3
[20:02:07.772] [SEVERE ] placing card 11 in slot 4
[20:02:07.783] [SEVERE ] setting player 3 freeze to 0
[20:02:07.783] [SEVERE ] setting player 3 freeze to 0
[20:02:07.784] [SEVERE ] setting player 3 freeze to 0
[20:02:07.784] [SEVERE ] setting player 3 freeze to 0
[20:02:07.785] [SEVERE ] removing player 3 token from slot 7
[20:02:07.785] [SEVERE ] player 3 placing token on slot 1
[20:02:07.793] [SEVERE ] setting player 3 freeze to 0
[20:02:07.793] [SEVERE ] setting player 3 freeze to 0
[20:02:07.794] [SEVERE ] setting player 3 freeze to 0
[20:02:07.794] [SEVERE ] setting player 3 freeze to 0
[20:02:07.795] [SEVERE ] removing player 3 token from slot 1
[20:02:07.795] [SEVERE ] player 3 placing token on slot 5
[20:02:07.803] [SEVERE ] setting player 3 freeze to 0
[20:02:07.803] [SEVERE ] setting player 3 freeze to 0
[20:02:07.804] [SEVERE ] setting player 3 freeze to 0
[20:02:07.804] [SEVERE ] setting player 3 freeze to 0
[20:02:07.805] [SEVERE ] removing player 3 token from slot 5
[20:02:07.806] [SEVERE ] player 3 placing token on slot 4
[20:02:07.813] [SEVERE ] setting player 3 freeze to 0
[20:02:07.814] [SEVERE ] setting player 3 freeze to 0
[20:02:07.814] [SEVERE ] setting player 3 freeze to 0
[20:02:07.814] [SEVERE ] setting player 3 freeze to 0
[20:02:07.815] [SEVERE ] removing player 3 token from slot 4
[20:02:07.816] [SEVERE ] player 3 placing token on slot 5
[20:02:07.824] [SEVERE ] setting player 3 freeze to 0
[20:02:07.834] [SEVERE ] setting player 3 freeze to 0
[20:02:07.834] [SEVERE ] setting player 3 freeze to 0
[20:02:07.835] [SEVERE ] setting player 3 freeze to 0
[20:02:07.835] [SEVERE ] removing player 3 token from slot 5
[20:02:07.836] [SEVERE ] removing player 3 token from slot 6
[20:02:07.837] [SEVERE ] player 3 placing token on slot 5
[20:02:07.837] [SEVERE ] player 3 placing token on slot 11
[20:02:07.844] [SEVERE ] setting player 3 freeze to 0
[20:02:07.845] [SEVERE ] setting player 3 freeze to 0
[20:02:07.845] [SEVERE ] setting player 3 freeze to 0
[20:02:07.845] [SEVERE ] setting player 3 freeze to 0
[20:02:07.846] [SEVERE ] removing player 3 token from slot 3
[20:02:07.846] [SEVERE ] player 3 placing token on slot 4
[20:02:07.855] [SEVERE ] setting player 3 freeze to 0
[20:02:07.857] [SEVERE ] setting player 3 freeze to 0
[20:02:07.857] [SEVERE ] setting player 3 freeze to 0
[20:02:07.857] [SEVERE ] setting player 3 freeze to 0
[20:02:07.858] [SEVERE ] removing player 3 token from slot 4
[20:02:07.858] [SEVERE ] player 3 placing token on slot 4
[20:02:07.868] [SEVERE ] setting player 3 freeze to 0
[20:02:07.871] [SEVERE ] setting player 3 freeze to 0
[20:02:07.872] [SEVERE ] setting player 3 freeze to 0
[20:02:07.872] [SEVERE ] setting player 3 freeze to 0
[20:02:07.872] [SEVERE ] removing player 3 token from slot 4
[20:02:07.873] [SEVERE ] removing player 3 token from slot 5
[20:02:07.874] [SEVERE ] player 3 placing token on slot 5
[20:02:07.875] [SEVERE ] player 3 placing token on slot 8
[20:02:07.879] [SEVERE ] setting player 3 freeze to 0
[20:02:07.881] [SEVERE ] setting player 3 freeze to 0
[20:02:07.881] [SEVERE ] setting player 3 freeze to 0
[20:02:07.881] [SEVERE ] setting player 3 freeze to 0
[20:02:07.882] [SEVERE ] removing player 3 token from slot 8
[20:02:07.883] [SEVERE ] player 3 placing token on slot 10
[20:02:07.889] [SEVERE ] setting player 3 freeze to 0
[20:02:07.890] [SEVERE ] setting player 3 freeze to 0
[20:02:07.890] [SEVERE ] setting player 3 freeze to 0
[20:02:07.892] [SEVERE ] setting player 3 freeze to 0
[20:02:07.892] [SEVERE ] removing player 3 token from slot 11
[20:02:07.893] [SEVERE ] player 3 placing token on slot 3
[20:02:07.899] [SEVERE ] setting player 3 freeze to 0
[20:02:07.900] [SEVERE ] setting player 3 freeze to 0
[20:02:07.900] [SEVERE ] setting player 3 freeze to 0
[20:02:07.901] [SEVERE ] setting player 3 freeze to 0
[20:02:07.901] [SEVERE ] removing player 3 token from slot 3
[20:02:07.902] [SEVERE ] player 3 placing token on slot 11
[20:02:07.910] [SEVERE ] setting player 3 freeze to 0
[20:02:07.910] [SEVERE ] setting player 3 freeze to 0
[20:02:07.910] [SEVERE ] setting player 3 freeze to 0
[20:02:07.911] [SEVERE ] setting player 3 freeze to 0
[20:02:07.911] [SEVERE ] removing player 3 token from slot 5
[20:02:07.911] [SEVERE ] player 3 placing token on slot 8
[20:02:07.920] [SEVERE ] setting player 3 freeze to 0
[20:02:07.920] [SEVERE ] setting player 3 freeze to 0
[20:02:07.924] [SEVERE ] setting player 3 freeze to 0
[20:02:07.925] [SEVERE ] setting player 3 freeze to 0
[20:02:07.925] [SEVERE ] removing player 3 token from slot 8
[20:02:07.929] [SEVERE ] player 3 placing token on slot 4
[20:02:07.930] [SEVERE ] setting player 3 freeze to 0
[20:02:07.930] [SEVERE ] setting player 3 freeze to 0
[20:02:07.931] [SEVERE ] setting player 3 freeze to 0
[20:02:07.931] [SEVERE ] setting player 3 freeze to 0
[20:02:07.932] [SEVERE ] removing player 3 token from slot 11
[20:02:07.932] [SEVERE ] removing player 3 token from slot 4
[20:02:07.933] [SEVERE ] player 3 placing token on slot 11
[20:02:07.933] [SEVERE ] player 3 placing token on slot 7
[20:02:07.941] [SEVERE ] setting player 3 freeze to 0
[20:02:07.941] [SEVERE ] setting player 3 freeze to 0
[20:02:07.943] [SEVERE ] setting player 3 freeze to 0
[20:02:07.949] [SEVERE ] setting player 3 freeze to 0
[20:02:07.949] [SEVERE ] removing player 3 token from slot 11
[20:02:07.949] [SEVERE ] player 3 placing token on slot 11
[20:02:07.951] [SEVERE ] setting player 3 freeze to 0
[20:02:07.951] [SEVERE ] setting player 3 freeze to 0
[20:02:07.952] [SEVERE ] setting player 3 freeze to 0
[20:02:07.953] [SEVERE ] setting player 3 freeze to 0
[20:02:07.953] [SEVERE ] removing player 3 token from slot 11
[20:02:07.953] [SEVERE ] player 3 placing token on slot 9
[20:02:07.964] [SEVERE ] setting player 3 freeze to 0
[20:02:07.964] [SEVERE ] setting player 3 freeze to 0
[20:02:07.964] [SEVERE ] setting player 3 freeze to 0
[20:02:07.965] [SEVERE ] setting player 3 freeze to 0
[20:02:07.965] [SEVERE ] removing player 3 token from slot 10
[20:02:07.965] [SEVERE ] player 3 placing token on slot 10
[20:02:07.975] [SEVERE ] setting player 3 freeze to 0
[20:02:07.975] [SEVERE ] setting player 3 freeze to 0
[20:02:07.975] [SEVERE ] setting player 3 freeze to 0
[20:02:07.976] [SEVERE ] setting player 3 freeze to 0
[20:02:07.976] [SEVERE ] removing player 3 token from slot 7
[20:02:07.976] [SEVERE ] player 3 placing token on slot 3
[20:02:07.985] [SEVERE ] setting player 3 freeze to 0
[20:02:07.986] [SEVERE ] setting player 3 freeze to 0
[20:02:07.986] [SEVERE ] setting player 3 freeze to 0
[20:02:07.987] [SEVERE ] setting player 3 freeze to 0
[20:02:07.989] [SEVERE ] removing player 3 token from slot 10
[20:02:07.992] [SEVERE ] removing player 3 token from slot 9
[20:02:07.993] [SEVERE ] player 3 placing token on slot 2
[20:02:07.993] [SEVERE ] player 3 placing token on slot 7
[20:02:07.995] [SEVERE ] setting player 3 freeze to 0
[20:02:07.995] [SEVERE ] setting player 3 freeze to 0
[20:02:07.996] [SEVERE ] setting player 3 freeze to 0
[20:02:07.997] [SEVERE ] setting player 3 freeze to 0
[20:02:07.997] [SEVERE ] removing player 3 token from slot 3
[20:02:07.997] [SEVERE ] player 3 placing token on slot 6
[20:02:08.005] [SEVERE ] setting player 3 freeze to 0
[20:02:08.008] [SEVERE ] setting player 3 freeze to 0
[20:02:08.008] [SEVERE ] setting player 3 freeze to 0
[20:02:08.009] [SEVERE ] setting player 3 freeze to 0
[20:02:08.009] [SEVERE ] removing player 3 token from slot 7
[20:02:08.010] [SEVERE ] player 3 placing token on slot 11
[20:02:08.016] [SEVERE ] updating countdown to 5000
[20:02:08.016] [SEVERE ] removing player 3 token from slot 2
[20:02:08.016] [SEVERE ] removing player 3 token from slot 2
[20:02:08.116] [SEVERE ] removing card from slot 2
[20:02:08.116] [SEVERE ] removing player 3 token from slot 6
[20:02:08.216] [SEVERE ] removing card from slot 6
[20:02:08.217] [SEVERE ] removing player 3 token from slot 11
[20:02:08.317] [SEVERE ] removing card from slot 11
[20:02:08.317] [SEVERE ] removing player 3 token from slot 2
[20:02:08.317] [SEVERE ] removing player 3 token from slot 6
[20:02:08.317] [SEVERE ] removing player 3 token from slot 11
[20:02:08.417] [SEVERE ] placing card 69 in slot 2
[20:02:08.521] [SEVERE ] placing card 28 in slot 6
[20:02:08.621] [SEVERE ] placing card 71 in slot 11
[20:02:09.742] [SEVERE ] updating countdown to 5000
[20:02:09.742] [SEVERE ] updating countdown to 5000
[20:02:09.843] [SEVERE ] removing card from slot 0
[20:02:09.943] [SEVERE ] removing card from slot 1
[20:02:10.043] [SEVERE ] removing card from slot 2
[20:02:10.143] [SEVERE ] removing card from slot 3
[20:02:10.244] [SEVERE ] removing card from slot 4
[20:02:10.344] [SEVERE ] removing card from slot 5
[20:02:10.444] [SEVERE ] removing card from slot 6
[20:02:10.544] [SEVERE ] removing card from slot 7
[20:02:10.644] [SEVERE ] removing card from slot 8
[20:02:10.745] [SEVERE ] removing card from slot 9
[20:02:10.845] [SEVERE ] removing card from slot 10
[20:02:10.945] [SEVERE ] removing card from slot 11
