[18:02:36.116] [INFO   ] thread main starting.
[18:02:36.122] [SEVERE ] cannot read configuration file config.properties trying from resources.
[18:02:36.123] [SEVERE ] configuration file was loaded from resources directory.
[18:02:36.522] [INFO   ] thread dealer starting.
[18:02:36.525] [INFO   ] Thread dealer starting.
[18:02:36.630] [SEVERE ] placing card 71 in slot 0
[18:02:36.731] [SEVERE ] placing card 79 in slot 1
[18:02:36.831] [SEVERE ] placing card 65 in slot 2
[18:02:36.932] [SEVERE ] placing card 42 in slot 3
[18:02:37.033] [SEVERE ] placing card 78 in slot 4
[18:02:37.133] [SEVERE ] placing card 30 in slot 5
[18:02:37.234] [SEVERE ] placing card 0 in slot 6
[18:02:37.335] [SEVERE ] placing card 73 in slot 7
[18:02:37.435] [SEVERE ] placing card 58 in slot 8
[18:02:37.536] [SEVERE ] placing card 37 in slot 9
[18:02:37.638] [SEVERE ] placing card 21 in slot 10
[18:02:37.739] [SEVERE ] placing card 4 in slot 11
[18:02:37.740] [INFO   ] Thread Thread-1starting.
[18:02:37.742] [INFO   ] Thread Thread-2starting.
[18:02:37.744] [INFO   ] Thread computer-0 starting.
[18:02:37.746] [SEVERE ] player 1 placing token on slot 4
[18:02:37.753] [INFO   ] Thread computer-1 starting.
[18:02:37.753] [SEVERE ] player 2 placing token on slot 3
[18:02:37.754] [SEVERE ] player 2 placing token on slot 9
[18:02:37.754] [SEVERE ] player 2 placing token on slot 5
[18:02:37.756] [INFO   ] Thread Thread-3starting.
[18:02:37.754] [SEVERE ] player 1 placing token on slot 3
[18:02:37.757] [INFO   ] Thread Thread-4starting.
[18:02:37.756] [SEVERE ] updating countdown to 15000
[18:02:37.759] [SEVERE ] player 1 placing token on slot 10
[18:02:37.765] [INFO   ] Thread computer-2 starting.
[18:02:37.765] [SEVERE ] player 3 placing token on slot 6
[18:02:37.767] [SEVERE ] player 3 placing token on slot 9
[18:02:37.767] [SEVERE ] player 3 placing token on slot 3
[18:02:37.767] [INFO   ] Thread computer-3 starting.
[18:02:37.768] [SEVERE ] player 4 placing token on slot 7
[18:02:37.768] [SEVERE ] player 4 placing token on slot 10
[18:02:37.768] [SEVERE ] removing player 4 token from slot 10
[18:02:37.768] [SEVERE ] player 4 placing token on slot 6
[18:02:37.769] [SEVERE ] removing player 4 token from slot 6
[18:02:37.769] [SEVERE ] player 4 placing token on slot 2
[18:02:37.769] [SEVERE ] player 4 placing token on slot 11
