[13:30:13.652] [INFO   ] thread main starting.
[13:30:13.659] [SEVERE ] cannot read configuration file config.properties trying from resources.
[13:30:13.660] [SEVERE ] configuration file was loaded from resources directory.
[13:30:14.152] [INFO   ] thread dealer starting.
[13:30:14.152] [INFO   ] Thread dealer starting.
[13:30:14.257] [SEVERE ] placing card 9 in slot 0
[13:30:14.358] [SEVERE ] placing card 2 in slot 1
[13:30:14.459] [SEVERE ] placing card 49 in slot 2
[13:30:14.561] [SEVERE ] placing card 32 in slot 3
[13:30:14.661] [SEVERE ] placing card 29 in slot 4
[13:30:14.763] [SEVERE ] placing card 30 in slot 5
[13:30:14.864] [SEVERE ] placing card 70 in slot 6
[13:30:14.965] [SEVERE ] placing card 3 in slot 7
[13:30:15.065] [SEVERE ] placing card 36 in slot 8
[13:30:15.166] [SEVERE ] placing card 21 in slot 9
[13:30:15.267] [SEVERE ] placing card 68 in slot 10
[13:30:15.369] [SEVERE ] placing card 14 in slot 11
[13:30:15.370] [INFO   ] Thread Thread-1starting.
[13:30:15.370] [INFO   ] Thread Thread-4starting.
[13:30:15.370] [SEVERE ] updating countdown to 5000
[13:30:15.370] [INFO   ] Thread Thread-3starting.
[13:30:15.370] [INFO   ] Thread Thread-2starting.
[13:30:15.376] [INFO   ] Thread computer-2 starting.
[13:30:15.373] [INFO   ] Thread computer-3 starting.
[13:30:15.372] [INFO   ] Thread computer-0 starting.
[13:30:15.380] [SEVERE ] player 3 placing token on slot 3
[13:30:15.378] [INFO   ] Thread computer-1 starting.
[13:30:15.385] [SEVERE ] player 1 placing token on slot 3
[13:30:15.388] [SEVERE ] player 4 placing token on slot 4
[13:30:15.390] [SEVERE ] player 4 placing token on slot 7
[13:30:15.393] [SEVERE ] player 2 placing token on slot 5
[13:30:15.394] [SEVERE ] player 3 placing token on slot 2
[13:30:15.395] [SEVERE ] player 2 placing token on slot 4
[13:30:15.396] [SEVERE ] player 4 placing token on slot 5
[13:30:15.396] [SEVERE ] player 2 placing token on slot 7
[13:30:15.397] [SEVERE ] removing player 3 token from slot 3
[13:30:15.399] [SEVERE ] player 3 placing token on slot 9
[13:30:15.399] [SEVERE ] removing player 3 token from slot 2
[13:30:15.400] [SEVERE ] player 3 placing token on slot 2
[13:30:15.400] [SEVERE ] player 3 placing token on slot 5
[13:30:15.403] [SEVERE ] setting player 4 freeze to 0
[13:30:15.404] [SEVERE ] setting player 4 freeze to 0
[13:30:15.404] [SEVERE ] setting player 4 freeze to 0
[13:30:15.405] [SEVERE ] setting player 4 freeze to 0
[13:30:15.407] [SEVERE ] removing player 4 token from slot 5
[13:30:15.408] [SEVERE ] player 4 placing token on slot 10
[13:30:15.414] [SEVERE ] setting player 2 freeze to 0
[13:30:15.415] [SEVERE ] setting player 2 freeze to 0
[13:30:15.415] [SEVERE ] setting player 2 freeze to 0
[13:30:15.416] [SEVERE ] setting player 2 freeze to 0
[13:30:15.416] [SEVERE ] removing player 2 token from slot 4
[13:30:15.417] [SEVERE ] player 2 placing token on slot 9
[13:30:15.424] [SEVERE ] setting player 3 freeze to 0
[13:30:15.425] [SEVERE ] setting player 3 freeze to 0
[13:30:15.425] [SEVERE ] setting player 3 freeze to 0
[13:30:15.426] [SEVERE ] setting player 3 freeze to 0
[13:30:15.426] [SEVERE ] removing player 3 token from slot 2
[13:30:15.427] [SEVERE ] player 3 placing token on slot 2
[13:30:15.435] [SEVERE ] setting player 4 freeze to 0
[13:30:15.435] [SEVERE ] setting player 4 freeze to 0
[13:30:15.436] [SEVERE ] setting player 4 freeze to 0
[13:30:15.436] [SEVERE ] setting player 4 freeze to 0
[13:30:15.437] [SEVERE ] removing player 4 token from slot 4
[13:30:15.437] [SEVERE ] player 4 placing token on slot 9
[13:30:15.445] [SEVERE ] setting player 2 freeze to 0
[13:30:15.445] [SEVERE ] setting player 2 freeze to 0
[13:30:15.455] [SEVERE ] setting player 3 freeze to 0
[13:30:15.459] [SEVERE ] setting player 2 freeze to 0
[13:30:15.460] [SEVERE ] setting player 2 freeze to 0
[13:30:15.459] [SEVERE ] setting player 3 freeze to 0
[13:30:15.460] [SEVERE ] removing player 2 token from slot 7
[13:30:15.460] [SEVERE ] setting player 3 freeze to 0
[13:30:15.461] [SEVERE ] player 2 placing token on slot 10
[13:30:15.461] [SEVERE ] setting player 3 freeze to 0
[13:30:15.462] [SEVERE ] removing player 3 token from slot 9
[13:30:15.463] [SEVERE ] player 3 placing token on slot 11
[13:30:15.466] [SEVERE ] setting player 4 freeze to 0
[13:30:15.466] [SEVERE ] setting player 4 freeze to 0
[13:30:15.466] [SEVERE ] setting player 4 freeze to 0
[13:30:15.467] [SEVERE ] setting player 4 freeze to 0
[13:30:15.467] [SEVERE ] removing player 4 token from slot 7
[13:30:15.468] [SEVERE ] removing player 4 token from slot 10
[13:30:15.468] [SEVERE ] player 4 placing token on slot 8
[13:30:15.469] [SEVERE ] player 4 placing token on slot 6
[13:30:15.476] [SEVERE ] setting player 2 freeze to 0
[13:30:15.477] [SEVERE ] setting player 2 freeze to 0
[13:30:15.477] [SEVERE ] setting player 2 freeze to 0
[13:30:15.477] [SEVERE ] setting player 2 freeze to 0
[13:30:15.478] [SEVERE ] removing player 2 token from slot 5
[13:30:15.478] [SEVERE ] player 2 placing token on slot 11
[13:30:15.487] [SEVERE ] setting player 3 freeze to 0
[13:30:15.487] [SEVERE ] setting player 3 freeze to 0
[13:30:15.487] [SEVERE ] setting player 3 freeze to 0
[13:30:15.488] [SEVERE ] setting player 3 freeze to 0
[13:30:15.488] [SEVERE ] removing player 3 token from slot 2
[13:30:15.489] [SEVERE ] player 3 placing token on slot 2
[13:30:15.497] [SEVERE ] setting player 4 freeze to 0
[13:30:15.497] [SEVERE ] setting player 4 freeze to 0
[13:30:15.498] [SEVERE ] setting player 4 freeze to 0
[13:30:15.498] [SEVERE ] setting player 4 freeze to 0
[13:30:15.499] [SEVERE ] removing player 4 token from slot 8
[13:30:15.499] [SEVERE ] player 4 placing token on slot 7
[13:30:15.508] [SEVERE ] setting player 2 freeze to 0
[13:30:15.508] [SEVERE ] setting player 2 freeze to 0
[13:30:15.509] [SEVERE ] setting player 2 freeze to 0
[13:30:15.509] [SEVERE ] setting player 2 freeze to 0
[13:30:15.510] [SEVERE ] removing player 2 token from slot 9
[13:30:15.510] [SEVERE ] removing player 2 token from slot 10
[13:30:15.510] [SEVERE ] player 2 placing token on slot 4
[13:30:15.511] [SEVERE ] player 2 placing token on slot 2
[13:30:15.518] [SEVERE ] setting player 3 freeze to 0
[13:30:15.518] [SEVERE ] setting player 3 freeze to 0
[13:30:15.519] [SEVERE ] setting player 3 freeze to 0
[13:30:15.519] [SEVERE ] setting player 3 freeze to 0
[13:30:15.520] [SEVERE ] removing player 3 token from slot 11
[13:30:15.520] [SEVERE ] removing player 3 token from slot 5
[13:30:15.521] [SEVERE ] player 3 placing token on slot 7
[13:30:15.521] [SEVERE ] player 3 placing token on slot 9
[13:30:15.528] [SEVERE ] setting player 4 freeze to 0
[13:30:15.529] [SEVERE ] setting player 4 freeze to 0
[13:30:15.529] [SEVERE ] setting player 4 freeze to 0
[13:30:15.530] [SEVERE ] setting player 4 freeze to 0
[13:30:15.530] [SEVERE ] removing player 4 token from slot 9
[13:30:15.531] [SEVERE ] player 4 placing token on slot 9
[13:30:15.539] [SEVERE ] setting player 2 freeze to 0
[13:30:15.539] [SEVERE ] setting player 2 freeze to 0
[13:30:15.540] [SEVERE ] setting player 2 freeze to 0
[13:30:15.540] [SEVERE ] setting player 2 freeze to 0
[13:30:15.541] [SEVERE ] removing player 2 token from slot 2
[13:30:15.541] [SEVERE ] player 2 placing token on slot 1
[13:30:15.549] [SEVERE ] setting player 3 freeze to 0
[13:30:15.549] [SEVERE ] setting player 3 freeze to 0
[13:30:15.550] [SEVERE ] setting player 3 freeze to 0
[13:30:15.550] [SEVERE ] setting player 3 freeze to 0
[13:30:15.551] [SEVERE ] removing player 3 token from slot 7
[13:30:15.551] [SEVERE ] player 3 placing token on slot 11
[13:30:15.559] [SEVERE ] setting player 4 freeze to 0
[13:30:15.560] [SEVERE ] setting player 4 freeze to 0
[13:30:15.560] [SEVERE ] setting player 4 freeze to 0
[13:30:15.561] [SEVERE ] setting player 4 freeze to 0
[13:30:15.561] [SEVERE ] removing player 4 token from slot 7
[13:30:15.562] [SEVERE ] player 4 placing token on slot 2
[13:30:15.570] [SEVERE ] setting player 2 freeze to 0
[13:30:15.570] [SEVERE ] setting player 2 freeze to 0
[13:30:15.570] [SEVERE ] setting player 2 freeze to 0
[13:30:15.571] [SEVERE ] setting player 2 freeze to 0
[13:30:15.571] [SEVERE ] removing player 2 token from slot 1
[13:30:15.572] [SEVERE ] player 2 placing token on slot 8
[13:30:15.580] [SEVERE ] setting player 3 freeze to 0
[13:30:15.581] [SEVERE ] setting player 3 freeze to 0
[13:30:15.581] [SEVERE ] setting player 3 freeze to 0
[13:30:15.582] [SEVERE ] setting player 3 freeze to 0
[13:30:15.582] [SEVERE ] removing player 3 token from slot 2
[13:30:15.583] [SEVERE ] player 3 placing token on slot 5
[13:30:15.591] [SEVERE ] setting player 4 freeze to 0
[13:30:15.591] [SEVERE ] setting player 4 freeze to 0
[13:30:15.592] [SEVERE ] setting player 4 freeze to 0
[13:30:15.592] [SEVERE ] setting player 4 freeze to 0
[13:30:15.592] [SEVERE ] removing player 4 token from slot 2
[13:30:15.593] [SEVERE ] removing player 4 token from slot 9
[13:30:15.593] [SEVERE ] removing player 4 token from slot 6
[13:30:15.594] [SEVERE ] player 4 placing token on slot 4
[13:30:15.594] [SEVERE ] removing player 4 token from slot 4
[13:30:15.594] [SEVERE ] player 4 placing token on slot 6
[13:30:15.595] [SEVERE ] removing player 4 token from slot 6
[13:30:15.595] [SEVERE ] player 4 placing token on slot 6
[13:30:15.596] [SEVERE ] player 4 placing token on slot 10
[13:30:15.596] [SEVERE ] player 4 placing token on slot 7
[13:30:15.601] [SEVERE ] setting player 2 freeze to 0
[13:30:15.601] [SEVERE ] setting player 2 freeze to 0
[13:30:15.602] [SEVERE ] setting player 2 freeze to 0
[13:30:15.602] [SEVERE ] setting player 2 freeze to 0
[13:30:15.622] [SEVERE ] setting player 4 freeze to 0
[13:30:15.611] [SEVERE ] setting player 3 freeze to 0
[13:30:15.623] [SEVERE ] setting player 4 freeze to 0
[13:30:15.623] [SEVERE ] removing player 2 token from slot 8
[13:30:15.624] [SEVERE ] setting player 4 freeze to 0
[13:30:15.624] [SEVERE ] setting player 3 freeze to 0
[13:30:15.625] [SEVERE ] setting player 4 freeze to 0
[13:30:15.625] [SEVERE ] player 2 placing token on slot 8
[13:30:15.625] [SEVERE ] setting player 3 freeze to 0
[13:30:15.626] [SEVERE ] removing player 4 token from slot 10
[13:30:15.627] [SEVERE ] setting player 3 freeze to 0
[13:30:15.627] [SEVERE ] player 4 placing token on slot 11
[13:30:15.628] [SEVERE ] removing player 3 token from slot 9
[13:30:15.629] [SEVERE ] player 3 placing token on slot 9
[13:30:15.632] [SEVERE ] setting player 2 freeze to 0
[13:30:15.632] [SEVERE ] setting player 2 freeze to 0
[13:30:15.633] [SEVERE ] setting player 2 freeze to 0
[13:30:15.633] [SEVERE ] setting player 2 freeze to 0
[13:30:15.633] [SEVERE ] removing player 2 token from slot 4
[13:30:15.634] [SEVERE ] player 2 placing token on slot 5
[13:30:15.642] [SEVERE ] setting player 4 freeze to 0
[13:30:15.643] [SEVERE ] setting player 4 freeze to 0
[13:30:15.643] [SEVERE ] setting player 4 freeze to 0
[13:30:15.644] [SEVERE ] setting player 4 freeze to 0
[13:30:15.644] [SEVERE ] removing player 4 token from slot 6
[13:30:15.645] [SEVERE ] player 4 placing token on slot 1
[13:30:15.653] [SEVERE ] setting player 3 freeze to 0
[13:30:15.653] [SEVERE ] setting player 3 freeze to 0
[13:30:15.653] [SEVERE ] setting player 3 freeze to 0
[13:30:15.654] [SEVERE ] setting player 3 freeze to 0
[13:30:15.654] [SEVERE ] removing player 3 token from slot 11
[13:30:15.655] [SEVERE ] removing player 3 token from slot 9
[13:30:15.655] [SEVERE ] removing player 3 token from slot 5
[13:30:15.655] [SEVERE ] player 3 placing token on slot 9
[13:30:15.656] [SEVERE ] player 3 placing token on slot 1
[13:30:15.657] [SEVERE ] removing player 3 token from slot 1
[13:30:15.657] [SEVERE ] player 3 placing token on slot 7
[13:30:15.658] [SEVERE ] player 3 placing token on slot 2
[13:30:15.663] [SEVERE ] setting player 2 freeze to 0
[13:30:15.664] [SEVERE ] setting player 2 freeze to 0
[13:30:15.664] [SEVERE ] setting player 2 freeze to 0
[13:30:15.665] [SEVERE ] setting player 2 freeze to 0
[13:30:15.665] [SEVERE ] removing player 2 token from slot 8
[13:30:15.666] [SEVERE ] player 2 placing token on slot 8
[13:30:15.674] [SEVERE ] setting player 4 freeze to 0
[13:30:15.674] [SEVERE ] setting player 4 freeze to 0
[13:30:15.675] [SEVERE ] setting player 4 freeze to 0
[13:30:15.675] [SEVERE ] setting player 4 freeze to 0
[13:30:15.676] [SEVERE ] removing player 4 token from slot 11
[13:30:15.676] [SEVERE ] player 4 placing token on slot 3
[13:30:15.684] [SEVERE ] setting player 3 freeze to 0
[13:30:15.684] [SEVERE ] setting player 3 freeze to 0
[13:30:15.685] [SEVERE ] setting player 3 freeze to 0
[13:30:15.685] [SEVERE ] setting player 3 freeze to 0
[13:30:15.686] [SEVERE ] removing player 3 token from slot 2
[13:30:15.686] [SEVERE ] player 3 placing token on slot 1
[13:30:15.694] [SEVERE ] setting player 2 freeze to 0
[13:30:15.694] [SEVERE ] setting player 2 freeze to 0
[13:30:15.695] [SEVERE ] setting player 2 freeze to 0
[13:30:15.695] [SEVERE ] setting player 2 freeze to 0
[13:30:15.696] [SEVERE ] removing player 2 token from slot 8
[13:30:15.696] [SEVERE ] player 2 placing token on slot 8
[13:30:15.705] [SEVERE ] setting player 4 freeze to 0
[13:30:15.705] [SEVERE ] setting player 4 freeze to 0
[13:30:15.705] [SEVERE ] setting player 4 freeze to 0
[13:30:15.706] [SEVERE ] setting player 4 freeze to 0
[13:30:15.707] [SEVERE ] removing player 4 token from slot 1
[13:30:15.707] [SEVERE ] player 4 placing token on slot 4
[13:30:15.715] [SEVERE ] setting player 3 freeze to 0
[13:30:15.715] [SEVERE ] setting player 3 freeze to 0
[13:30:15.716] [SEVERE ] setting player 3 freeze to 0
[13:30:15.716] [SEVERE ] setting player 3 freeze to 0
[13:30:15.717] [SEVERE ] removing player 3 token from slot 7
[13:30:15.717] [SEVERE ] player 3 placing token on slot 2
[13:30:15.725] [SEVERE ] setting player 2 freeze to 0
[13:30:15.725] [SEVERE ] setting player 2 freeze to 0
[13:30:15.726] [SEVERE ] setting player 2 freeze to 0
[13:30:15.726] [SEVERE ] setting player 2 freeze to 0
[13:30:15.727] [SEVERE ] removing player 2 token from slot 11
[13:30:15.727] [SEVERE ] player 2 placing token on slot 4
[13:30:15.736] [SEVERE ] setting player 4 freeze to 0
[13:30:15.736] [SEVERE ] setting player 4 freeze to 0
[13:30:15.736] [SEVERE ] setting player 4 freeze to 0
[13:30:15.737] [SEVERE ] setting player 4 freeze to 0
[13:30:15.737] [SEVERE ] removing player 4 token from slot 3
[13:30:15.738] [SEVERE ] player 4 placing token on slot 5
[13:30:15.746] [SEVERE ] setting player 3 freeze to 0
[13:30:15.747] [SEVERE ] setting player 3 freeze to 0
[13:30:15.747] [SEVERE ] setting player 3 freeze to 0
[13:30:15.748] [SEVERE ] setting player 3 freeze to 0
[13:30:15.748] [SEVERE ] removing player 3 token from slot 9
[13:30:15.748] [SEVERE ] player 3 placing token on slot 8
[13:30:15.757] [SEVERE ] setting player 2 freeze to 0
[13:30:15.757] [SEVERE ] setting player 2 freeze to 0
[13:30:15.757] [SEVERE ] setting player 2 freeze to 0
[13:30:15.758] [SEVERE ] setting player 2 freeze to 0
[13:30:15.758] [SEVERE ] removing player 2 token from slot 8
[13:30:15.759] [SEVERE ] player 2 placing token on slot 2
[13:30:15.767] [SEVERE ] setting player 4 freeze to 0
[13:30:15.767] [SEVERE ] setting player 4 freeze to 0
[13:30:15.768] [SEVERE ] setting player 4 freeze to 0
[13:30:15.768] [SEVERE ] setting player 4 freeze to 0
[13:30:15.769] [SEVERE ] removing player 4 token from slot 4
[13:30:15.769] [SEVERE ] removing player 4 token from slot 5
[13:30:15.770] [SEVERE ] player 4 placing token on slot 3
[13:30:15.770] [SEVERE ] player 4 placing token on slot 4
[13:30:15.777] [SEVERE ] setting player 3 freeze to 0
[13:30:15.778] [SEVERE ] setting player 3 freeze to 0
[13:30:15.778] [SEVERE ] setting player 3 freeze to 0
[13:30:15.779] [SEVERE ] setting player 3 freeze to 0
[13:30:15.779] [SEVERE ] removing player 3 token from slot 8
[13:30:15.780] [SEVERE ] player 3 placing token on slot 8
[13:30:15.788] [SEVERE ] setting player 2 freeze to 0
[13:30:15.788] [SEVERE ] setting player 2 freeze to 0
[13:30:15.788] [SEVERE ] setting player 2 freeze to 0
[13:30:15.789] [SEVERE ] setting player 2 freeze to 0
[13:30:15.790] [SEVERE ] removing player 2 token from slot 4
[13:30:15.790] [SEVERE ] player 2 placing token on slot 3
[13:30:15.798] [SEVERE ] setting player 4 freeze to 0
[13:30:15.798] [SEVERE ] setting player 4 freeze to 0
[13:30:15.799] [SEVERE ] setting player 4 freeze to 0
[13:30:15.799] [SEVERE ] setting player 4 freeze to 0
[13:30:15.800] [SEVERE ] removing player 4 token from slot 4
[13:30:15.800] [SEVERE ] player 4 placing token on slot 4
[13:30:15.808] [SEVERE ] setting player 3 freeze to 0
[13:30:15.809] [SEVERE ] setting player 3 freeze to 0
[13:30:15.809] [SEVERE ] setting player 3 freeze to 0
[13:30:15.810] [SEVERE ] setting player 3 freeze to 0
[13:30:15.810] [SEVERE ] removing player 3 token from slot 2
[13:30:15.811] [SEVERE ] player 3 placing token on slot 3
[13:30:15.819] [SEVERE ] setting player 2 freeze to 0
[13:30:15.819] [SEVERE ] setting player 2 freeze to 0
[13:30:15.819] [SEVERE ] setting player 2 freeze to 0
[13:30:15.820] [SEVERE ] setting player 2 freeze to 0
[13:30:15.820] [SEVERE ] removing player 2 token from slot 2
[13:30:15.821] [SEVERE ] player 2 placing token on slot 11
[13:30:15.829] [SEVERE ] setting player 4 freeze to 0
[13:30:15.830] [SEVERE ] setting player 4 freeze to 0
[13:30:15.831] [SEVERE ] setting player 4 freeze to 0
[13:30:15.831] [SEVERE ] setting player 4 freeze to 0
[13:30:15.831] [SEVERE ] removing player 4 token from slot 3
[13:30:15.832] [SEVERE ] player 4 placing token on slot 8
[13:30:15.840] [SEVERE ] setting player 3 freeze to 0
[13:30:15.840] [SEVERE ] setting player 3 freeze to 0
[13:30:15.841] [SEVERE ] setting player 3 freeze to 0
[13:30:15.841] [SEVERE ] setting player 3 freeze to 0
[13:30:15.842] [SEVERE ] removing player 3 token from slot 8
[13:30:15.842] [SEVERE ] player 3 placing token on slot 4
[13:30:15.851] [SEVERE ] setting player 2 freeze to 0
[13:30:15.851] [SEVERE ] setting player 2 freeze to 0
[13:30:15.851] [SEVERE ] setting player 2 freeze to 0
[13:30:15.852] [SEVERE ] setting player 2 freeze to 0
[13:30:15.852] [SEVERE ] removing player 2 token from slot 3
[13:30:15.852] [SEVERE ] player 2 placing token on slot 6
[13:30:15.861] [SEVERE ] setting player 4 freeze to 0
[13:30:15.861] [SEVERE ] setting player 4 freeze to 0
[13:30:15.862] [SEVERE ] setting player 4 freeze to 0
[13:30:15.862] [SEVERE ] setting player 4 freeze to 0
[13:30:15.863] [SEVERE ] removing player 4 token from slot 4
[13:30:15.863] [SEVERE ] player 4 placing token on slot 10
[13:30:15.871] [SEVERE ] setting player 3 freeze to 0
[13:30:15.872] [SEVERE ] setting player 3 freeze to 0
[13:30:15.872] [SEVERE ] setting player 3 freeze to 0
[13:30:15.873] [SEVERE ] setting player 3 freeze to 0
[13:30:15.873] [SEVERE ] removing player 3 token from slot 1
[13:30:15.874] [SEVERE ] removing player 3 token from slot 4
[13:30:15.874] [SEVERE ] player 3 placing token on slot 2
[13:30:15.875] [SEVERE ] player 3 placing token on slot 11
[13:30:15.882] [SEVERE ] setting player 2 freeze to 0
[13:30:15.882] [SEVERE ] setting player 2 freeze to 0
[13:30:15.882] [SEVERE ] setting player 2 freeze to 0
[13:30:15.883] [SEVERE ] setting player 2 freeze to 0
[13:30:15.883] [SEVERE ] removing player 2 token from slot 5
[13:30:15.884] [SEVERE ] player 2 placing token on slot 1
[13:30:15.892] [SEVERE ] setting player 4 freeze to 0
[13:30:15.892] [SEVERE ] setting player 4 freeze to 0
[13:30:15.893] [SEVERE ] setting player 4 freeze to 0
[13:30:15.893] [SEVERE ] setting player 4 freeze to 0
[13:30:15.894] [SEVERE ] removing player 4 token from slot 8
[13:30:15.894] [SEVERE ] player 4 placing token on slot 8
[13:30:15.902] [SEVERE ] setting player 3 freeze to 0
[13:30:15.902] [SEVERE ] setting player 3 freeze to 0
[13:30:15.903] [SEVERE ] setting player 3 freeze to 0
[13:30:15.903] [SEVERE ] setting player 3 freeze to 0
[13:30:15.904] [SEVERE ] removing player 3 token from slot 3
[13:30:15.904] [SEVERE ] player 3 placing token on slot 1
[13:30:15.913] [SEVERE ] setting player 2 freeze to 0
[13:30:15.913] [SEVERE ] setting player 2 freeze to 0
[13:30:15.913] [SEVERE ] setting player 2 freeze to 0
[13:30:15.913] [SEVERE ] setting player 2 freeze to 0
[13:30:15.914] [SEVERE ] removing player 2 token from slot 1
[13:30:15.915] [SEVERE ] player 2 placing token on slot 10
[13:30:15.923] [SEVERE ] setting player 4 freeze to 0
[13:30:15.924] [SEVERE ] setting player 4 freeze to 0
[13:30:15.924] [SEVERE ] setting player 4 freeze to 0
[13:30:15.925] [SEVERE ] setting player 4 freeze to 0
[13:30:15.925] [SEVERE ] removing player 4 token from slot 7
[13:30:15.926] [SEVERE ] player 4 placing token on slot 1
[13:30:15.934] [SEVERE ] setting player 3 freeze to 0
[13:30:15.934] [SEVERE ] setting player 3 freeze to 0
[13:30:15.934] [SEVERE ] setting player 3 freeze to 0
[13:30:15.935] [SEVERE ] setting player 3 freeze to 0
[13:30:15.935] [SEVERE ] removing player 3 token from slot 11
[13:30:15.936] [SEVERE ] player 3 placing token on slot 11
[13:30:15.944] [SEVERE ] setting player 2 freeze to 0
[13:30:15.944] [SEVERE ] setting player 2 freeze to 0
[13:30:15.945] [SEVERE ] setting player 2 freeze to 0
[13:30:15.945] [SEVERE ] setting player 2 freeze to 0
[13:30:15.946] [SEVERE ] removing player 2 token from slot 11
[13:30:15.946] [SEVERE ] player 2 placing token on slot 11
[13:30:15.954] [SEVERE ] setting player 4 freeze to 0
[13:30:15.955] [SEVERE ] setting player 4 freeze to 0
[13:30:15.955] [SEVERE ] setting player 4 freeze to 0
[13:30:15.956] [SEVERE ] setting player 4 freeze to 0
[13:30:15.956] [SEVERE ] removing player 4 token from slot 10
[13:30:15.957] [SEVERE ] player 4 placing token on slot 4
[13:30:15.965] [SEVERE ] setting player 3 freeze to 0
[13:30:15.965] [SEVERE ] setting player 3 freeze to 0
[13:30:15.965] [SEVERE ] setting player 3 freeze to 0
[13:30:15.966] [SEVERE ] setting player 3 freeze to 0
[13:30:15.966] [SEVERE ] removing player 3 token from slot 2
[13:30:15.966] [SEVERE ] player 3 placing token on slot 7
[13:30:15.975] [SEVERE ] setting player 2 freeze to 0
[13:30:15.975] [SEVERE ] setting player 2 freeze to 0
[13:30:15.976] [SEVERE ] setting player 2 freeze to 0
[13:30:15.976] [SEVERE ] setting player 2 freeze to 0
[13:30:15.977] [SEVERE ] removing player 2 token from slot 6
[13:30:15.977] [SEVERE ] player 2 placing token on slot 8
[13:30:15.985] [SEVERE ] setting player 4 freeze to 0
[13:30:15.985] [SEVERE ] setting player 4 freeze to 0
[13:30:15.986] [SEVERE ] setting player 4 freeze to 0
[13:30:15.986] [SEVERE ] setting player 4 freeze to 0
[13:30:15.987] [SEVERE ] removing player 4 token from slot 1
[13:30:15.987] [SEVERE ] player 4 placing token on slot 7
[13:30:15.996] [SEVERE ] setting player 3 freeze to 0
[13:30:15.996] [SEVERE ] setting player 3 freeze to 0
[13:30:15.996] [SEVERE ] setting player 3 freeze to 0
[13:30:15.996] [SEVERE ] setting player 3 freeze to 0
[13:30:15.997] [SEVERE ] removing player 3 token from slot 11
[13:30:15.997] [SEVERE ] player 3 placing token on slot 10
[13:30:16.006] [SEVERE ] setting player 2 freeze to 0
[13:30:16.006] [SEVERE ] setting player 2 freeze to 0
[13:30:16.006] [SEVERE ] setting player 2 freeze to 0
[13:30:16.007] [SEVERE ] setting player 2 freeze to 0
[13:30:16.007] [SEVERE ] removing player 2 token from slot 8
[13:30:16.008] [SEVERE ] player 2 placing token on slot 3
[13:30:16.016] [SEVERE ] setting player 4 freeze to 0
[13:30:16.016] [SEVERE ] setting player 4 freeze to 0
[13:30:16.017] [SEVERE ] setting player 4 freeze to 0
[13:30:16.017] [SEVERE ] setting player 4 freeze to 0
[13:30:16.018] [SEVERE ] removing player 4 token from slot 8
[13:30:16.018] [SEVERE ] player 4 placing token on slot 11
[13:30:16.026] [SEVERE ] setting player 3 freeze to 0
[13:30:16.026] [SEVERE ] setting player 3 freeze to 0
[13:30:16.027] [SEVERE ] setting player 3 freeze to 0
[13:30:16.027] [SEVERE ] setting player 3 freeze to 0
[13:30:16.028] [SEVERE ] removing player 3 token from slot 1
[13:30:16.028] [SEVERE ] player 3 placing token on slot 3
[13:30:16.039] [SEVERE ] setting player 2 freeze to 0
[13:30:16.039] [SEVERE ] setting player 2 freeze to 0
[13:30:16.040] [SEVERE ] setting player 2 freeze to 0
[13:30:16.040] [SEVERE ] setting player 2 freeze to 0
[13:30:16.041] [SEVERE ] removing player 2 token from slot 11
[13:30:16.041] [SEVERE ] player 2 placing token on slot 2
[13:30:16.049] [SEVERE ] setting player 4 freeze to 0
[13:30:16.049] [SEVERE ] setting player 4 freeze to 0
[13:30:16.050] [SEVERE ] setting player 4 freeze to 0
[13:30:16.050] [SEVERE ] setting player 4 freeze to 0
[13:30:16.051] [SEVERE ] removing player 4 token from slot 11
[13:30:16.051] [SEVERE ] player 4 placing token on slot 3
[13:30:16.059] [SEVERE ] setting player 3 freeze to 0
[13:30:16.060] [SEVERE ] setting player 3 freeze to 0
[13:30:16.060] [SEVERE ] setting player 3 freeze to 0
[13:30:16.060] [SEVERE ] setting player 3 freeze to 0
[13:30:16.061] [SEVERE ] removing player 3 token from slot 3
[13:30:16.061] [SEVERE ] player 3 placing token on slot 3
[13:30:16.070] [SEVERE ] setting player 2 freeze to 0
[13:30:16.070] [SEVERE ] setting player 2 freeze to 0
[13:30:16.070] [SEVERE ] setting player 2 freeze to 0
[13:30:16.071] [SEVERE ] setting player 2 freeze to 0
[13:30:16.071] [SEVERE ] removing player 2 token from slot 2
[13:30:16.071] [SEVERE ] player 2 placing token on slot 9
[13:30:16.080] [SEVERE ] setting player 4 freeze to 0
[13:30:16.080] [SEVERE ] setting player 4 freeze to 0
[13:30:16.080] [SEVERE ] setting player 4 freeze to 0
[13:30:16.081] [SEVERE ] setting player 4 freeze to 0
[13:30:16.081] [SEVERE ] removing player 4 token from slot 7
[13:30:16.082] [SEVERE ] player 4 placing token on slot 6
[13:30:16.090] [SEVERE ] setting player 3 freeze to 0
[13:30:16.090] [SEVERE ] setting player 3 freeze to 0
[13:30:16.091] [SEVERE ] setting player 3 freeze to 0
[13:30:16.091] [SEVERE ] setting player 3 freeze to 0
[13:30:16.092] [SEVERE ] removing player 3 token from slot 7
[13:30:16.092] [SEVERE ] player 3 placing token on slot 9
[13:30:16.100] [SEVERE ] setting player 2 freeze to 0
[13:30:16.100] [SEVERE ] setting player 2 freeze to 0
[13:30:16.101] [SEVERE ] setting player 2 freeze to 0
[13:30:16.110] [SEVERE ] setting player 4 freeze to 0
[13:30:16.114] [SEVERE ] setting player 2 freeze to 0
[13:30:16.115] [SEVERE ] setting player 4 freeze to 0
[13:30:16.115] [SEVERE ] removing player 2 token from slot 9
[13:30:16.116] [SEVERE ] setting player 4 freeze to 0
[13:30:16.116] [SEVERE ] player 2 placing token on slot 2
[13:30:16.116] [SEVERE ] setting player 4 freeze to 0
[13:30:16.117] [SEVERE ] removing player 4 token from slot 6
[13:30:16.118] [SEVERE ] player 4 placing token on slot 11
[13:30:16.121] [SEVERE ] setting player 3 freeze to 0
[13:30:16.121] [SEVERE ] setting player 3 freeze to 0
[13:30:16.121] [SEVERE ] setting player 3 freeze to 0
[13:30:16.122] [SEVERE ] setting player 3 freeze to 0
[13:30:16.122] [SEVERE ] removing player 3 token from slot 10
[13:30:16.123] [SEVERE ] player 3 placing token on slot 6
[13:30:16.131] [SEVERE ] setting player 2 freeze to 0
[13:30:16.131] [SEVERE ] setting player 2 freeze to 0
[13:30:16.132] [SEVERE ] setting player 2 freeze to 0
[13:30:16.132] [SEVERE ] setting player 2 freeze to 0
[13:30:16.132] [SEVERE ] removing player 2 token from slot 10
[13:30:16.133] [SEVERE ] player 2 placing token on slot 8
[13:30:16.141] [SEVERE ] setting player 4 freeze to 0
[13:30:16.141] [SEVERE ] setting player 4 freeze to 0
[13:30:16.141] [SEVERE ] setting player 4 freeze to 0
[13:30:16.142] [SEVERE ] setting player 4 freeze to 0
[13:30:16.142] [SEVERE ] removing player 4 token from slot 11
[13:30:16.143] [SEVERE ] player 4 placing token on slot 2
[13:30:16.151] [SEVERE ] setting player 3 freeze to 0
[13:30:16.152] [SEVERE ] setting player 3 freeze to 0
[13:30:16.152] [SEVERE ] setting player 3 freeze to 0
[13:30:16.152] [SEVERE ] setting player 3 freeze to 0
[13:30:16.153] [SEVERE ] removing player 3 token from slot 6
[13:30:16.153] [SEVERE ] player 3 placing token on slot 7
[13:30:16.162] [SEVERE ] setting player 2 freeze to 0
[13:30:16.162] [SEVERE ] setting player 2 freeze to 0
[13:30:16.162] [SEVERE ] setting player 2 freeze to 0
[13:30:16.163] [SEVERE ] setting player 2 freeze to 0
[13:30:16.163] [SEVERE ] removing player 2 token from slot 3
[13:30:16.164] [SEVERE ] player 2 placing token on slot 9
[13:30:16.172] [SEVERE ] setting player 4 freeze to 0
[13:30:16.172] [SEVERE ] setting player 4 freeze to 0
[13:30:16.172] [SEVERE ] setting player 4 freeze to 0
[13:30:16.173] [SEVERE ] setting player 4 freeze to 0
[13:30:16.173] [SEVERE ] removing player 4 token from slot 2
[13:30:16.174] [SEVERE ] player 4 placing token on slot 11
[13:30:16.182] [SEVERE ] setting player 3 freeze to 0
[13:30:16.182] [SEVERE ] setting player 3 freeze to 0
[13:30:16.183] [SEVERE ] setting player 3 freeze to 0
[13:30:16.183] [SEVERE ] setting player 3 freeze to 0
[13:30:16.183] [SEVERE ] removing player 3 token from slot 3
[13:30:16.184] [SEVERE ] player 3 placing token on slot 1
[13:30:16.192] [SEVERE ] setting player 2 freeze to 0
[13:30:16.192] [SEVERE ] setting player 2 freeze to 0
[13:30:16.193] [SEVERE ] setting player 2 freeze to 0
[13:30:16.193] [SEVERE ] setting player 2 freeze to 0
[13:30:16.194] [SEVERE ] removing player 2 token from slot 8
[13:30:16.194] [SEVERE ] player 2 placing token on slot 7
[13:30:16.202] [SEVERE ] setting player 4 freeze to 0
[13:30:16.203] [SEVERE ] setting player 4 freeze to 0
[13:30:16.203] [SEVERE ] setting player 4 freeze to 0
[13:30:16.203] [SEVERE ] setting player 4 freeze to 0
[13:30:16.204] [SEVERE ] removing player 4 token from slot 11
[13:30:16.204] [SEVERE ] player 4 placing token on slot 9
[13:30:16.213] [SEVERE ] setting player 3 freeze to 0
[13:30:16.213] [SEVERE ] setting player 3 freeze to 0
[13:30:16.213] [SEVERE ] setting player 3 freeze to 0
[13:30:16.214] [SEVERE ] setting player 3 freeze to 0
[13:30:16.214] [SEVERE ] removing player 3 token from slot 1
[13:30:16.215] [SEVERE ] player 3 placing token on slot 3
[13:30:16.223] [SEVERE ] setting player 2 freeze to 0
[13:30:16.223] [SEVERE ] setting player 2 freeze to 0
[13:30:16.223] [SEVERE ] setting player 2 freeze to 0
[13:30:16.224] [SEVERE ] setting player 2 freeze to 0
[13:30:16.224] [SEVERE ] removing player 2 token from slot 9
[13:30:16.225] [SEVERE ] player 2 placing token on slot 9
[13:30:16.233] [SEVERE ] setting player 4 freeze to 0
[13:30:16.233] [SEVERE ] setting player 4 freeze to 0
[13:30:16.234] [SEVERE ] setting player 4 freeze to 0
[13:30:16.234] [SEVERE ] setting player 4 freeze to 0
[13:30:16.235] [SEVERE ] removing player 4 token from slot 3
[13:30:16.235] [SEVERE ] player 4 placing token on slot 1
[13:30:16.243] [SEVERE ] setting player 3 freeze to 0
[13:30:16.243] [SEVERE ] setting player 3 freeze to 0
[13:30:16.244] [SEVERE ] setting player 3 freeze to 0
[13:30:16.244] [SEVERE ] setting player 3 freeze to 0
[13:30:16.245] [SEVERE ] removing player 3 token from slot 3
[13:30:16.245] [SEVERE ] removing player 3 token from slot 7
[13:30:16.246] [SEVERE ] player 3 placing token on slot 2
[13:30:16.246] [SEVERE ] player 3 placing token on slot 6
[13:30:16.253] [SEVERE ] setting player 2 freeze to 0
[13:30:16.254] [SEVERE ] setting player 2 freeze to 0
[13:30:16.254] [SEVERE ] setting player 2 freeze to 0
[13:30:16.254] [SEVERE ] setting player 2 freeze to 0
[13:30:16.255] [SEVERE ] removing player 2 token from slot 7
[13:30:16.255] [SEVERE ] player 2 placing token on slot 6
[13:30:16.264] [SEVERE ] setting player 4 freeze to 0
[13:30:16.264] [SEVERE ] setting player 4 freeze to 0
[13:30:16.264] [SEVERE ] setting player 4 freeze to 0
[13:30:16.265] [SEVERE ] setting player 4 freeze to 0
[13:30:16.265] [SEVERE ] removing player 4 token from slot 4
[13:30:16.266] [SEVERE ] player 4 placing token on slot 3
[13:30:16.274] [SEVERE ] setting player 3 freeze to 0
[13:30:16.274] [SEVERE ] setting player 3 freeze to 0
[13:30:16.274] [SEVERE ] setting player 3 freeze to 0
[13:30:16.275] [SEVERE ] setting player 3 freeze to 0
[13:30:16.275] [SEVERE ] removing player 3 token from slot 6
[13:30:16.276] [SEVERE ] player 3 placing token on slot 4
[13:30:16.284] [SEVERE ] setting player 2 freeze to 0
[13:30:16.284] [SEVERE ] setting player 2 freeze to 0
[13:30:16.285] [SEVERE ] setting player 2 freeze to 0
[13:30:16.285] [SEVERE ] setting player 2 freeze to 0
[13:30:16.286] [SEVERE ] removing player 2 token from slot 6
[13:30:16.286] [SEVERE ] player 2 placing token on slot 6
[13:30:16.294] [SEVERE ] setting player 4 freeze to 0
[13:30:16.294] [SEVERE ] setting player 4 freeze to 0
[13:30:16.295] [SEVERE ] setting player 4 freeze to 0
[13:30:16.295] [SEVERE ] setting player 4 freeze to 0
[13:30:16.296] [SEVERE ] removing player 4 token from slot 9
[13:30:16.296] [SEVERE ] player 4 placing token on slot 7
[13:30:16.304] [SEVERE ] setting player 3 freeze to 0
[13:30:16.304] [SEVERE ] setting player 3 freeze to 0
[13:30:16.305] [SEVERE ] setting player 3 freeze to 0
[13:30:16.305] [SEVERE ] setting player 3 freeze to 0
[13:30:16.306] [SEVERE ] removing player 3 token from slot 9
[13:30:16.306] [SEVERE ] removing player 3 token from slot 4
[13:30:16.307] [SEVERE ] player 3 placing token on slot 7
[13:30:16.307] [SEVERE ] player 3 placing token on slot 8
[13:30:16.315] [SEVERE ] setting player 2 freeze to 0
[13:30:16.315] [SEVERE ] setting player 2 freeze to 0
[13:30:16.315] [SEVERE ] setting player 2 freeze to 0
[13:30:16.315] [SEVERE ] setting player 2 freeze to 0
[13:30:16.316] [SEVERE ] removing player 2 token from slot 9
[13:30:16.316] [SEVERE ] player 2 placing token on slot 5
[13:30:16.325] [SEVERE ] setting player 4 freeze to 0
[13:30:16.325] [SEVERE ] setting player 4 freeze to 0
[13:30:16.325] [SEVERE ] setting player 4 freeze to 0
[13:30:16.326] [SEVERE ] setting player 4 freeze to 0
[13:30:16.326] [SEVERE ] removing player 4 token from slot 7
[13:30:16.327] [SEVERE ] player 4 placing token on slot 5
[13:30:16.335] [SEVERE ] setting player 3 freeze to 0
[13:30:16.335] [SEVERE ] setting player 3 freeze to 0
[13:30:16.335] [SEVERE ] setting player 3 freeze to 0
[13:30:16.336] [SEVERE ] setting player 3 freeze to 0
[13:30:16.336] [SEVERE ] removing player 3 token from slot 2
[13:30:16.337] [SEVERE ] player 3 placing token on slot 11
[13:30:16.345] [SEVERE ] setting player 2 freeze to 0
[13:30:16.345] [SEVERE ] setting player 2 freeze to 0
[13:30:16.346] [SEVERE ] setting player 2 freeze to 0
[13:30:16.346] [SEVERE ] setting player 2 freeze to 0
[13:30:16.347] [SEVERE ] removing player 2 token from slot 2
[13:30:16.347] [SEVERE ] player 2 placing token on slot 3
[13:30:16.355] [SEVERE ] setting player 4 freeze to 0
[13:30:16.355] [SEVERE ] setting player 4 freeze to 0
[13:30:16.356] [SEVERE ] setting player 4 freeze to 0
[13:30:16.356] [SEVERE ] setting player 4 freeze to 0
[13:30:16.357] [SEVERE ] removing player 4 token from slot 3
[13:30:16.357] [SEVERE ] player 4 placing token on slot 3
[13:30:16.366] [SEVERE ] setting player 3 freeze to 0
[13:30:16.366] [SEVERE ] setting player 3 freeze to 0
[13:30:16.366] [SEVERE ] setting player 3 freeze to 0
[13:30:16.367] [SEVERE ] setting player 3 freeze to 0
[13:30:16.367] [SEVERE ] removing player 3 token from slot 8
[13:30:16.367] [SEVERE ] player 3 placing token on slot 4
[13:30:16.376] [SEVERE ] setting player 2 freeze to 0
[13:30:16.376] [SEVERE ] setting player 2 freeze to 0
[13:30:16.376] [SEVERE ] setting player 2 freeze to 0
[13:30:16.377] [SEVERE ] setting player 2 freeze to 0
[13:30:16.377] [SEVERE ] removing player 2 token from slot 3
[13:30:16.378] [SEVERE ] player 2 placing token on slot 3
[13:30:16.386] [SEVERE ] setting player 4 freeze to 0
[13:30:16.386] [SEVERE ] setting player 4 freeze to 0
[13:30:16.387] [SEVERE ] setting player 4 freeze to 0
[13:30:16.387] [SEVERE ] setting player 4 freeze to 0
[13:30:16.388] [SEVERE ] removing player 4 token from slot 1
[13:30:16.388] [SEVERE ] player 4 placing token on slot 10
[13:30:16.396] [SEVERE ] setting player 3 freeze to 0
[13:30:16.396] [SEVERE ] setting player 3 freeze to 0
[13:30:16.397] [SEVERE ] setting player 3 freeze to 0
[13:30:16.397] [SEVERE ] setting player 3 freeze to 0
[13:30:16.398] [SEVERE ] removing player 3 token from slot 7
[13:30:16.398] [SEVERE ] player 3 placing token on slot 2
[13:30:16.407] [SEVERE ] setting player 2 freeze to 0
[13:30:16.407] [SEVERE ] setting player 2 freeze to 0
[13:30:16.407] [SEVERE ] setting player 2 freeze to 0
[13:30:16.407] [SEVERE ] setting player 2 freeze to 0
[13:30:16.408] [SEVERE ] removing player 2 token from slot 3
[13:30:16.408] [SEVERE ] removing player 2 token from slot 6
[13:30:16.409] [SEVERE ] player 2 placing token on slot 7
[13:30:16.409] [SEVERE ] removing player 2 token from slot 7
[13:30:16.409] [SEVERE ] player 2 placing token on slot 4
[13:30:16.410] [SEVERE ] player 2 placing token on slot 1
[13:30:16.417] [SEVERE ] setting player 4 freeze to 0
[13:30:16.417] [SEVERE ] setting player 4 freeze to 0
[13:30:16.417] [SEVERE ] setting player 4 freeze to 0
[13:30:16.418] [SEVERE ] setting player 4 freeze to 0
[13:30:16.418] [SEVERE ] removing player 4 token from slot 10
[13:30:16.418] [SEVERE ] removing player 4 token from slot 5
[13:30:16.419] [SEVERE ] player 4 placing token on slot 1
[13:30:16.419] [SEVERE ] removing player 4 token from slot 1
[13:30:16.420] [SEVERE ] player 4 placing token on slot 10
[13:30:16.420] [SEVERE ] player 4 placing token on slot 6
[13:30:16.427] [SEVERE ] setting player 3 freeze to 0
[13:30:16.427] [SEVERE ] setting player 3 freeze to 0
[13:30:16.427] [SEVERE ] setting player 3 freeze to 0
[13:30:16.428] [SEVERE ] setting player 3 freeze to 0
[13:30:16.428] [SEVERE ] removing player 3 token from slot 2
[13:30:16.429] [SEVERE ] player 3 placing token on slot 8
[13:30:16.437] [SEVERE ] setting player 2 freeze to 0
[13:30:16.437] [SEVERE ] setting player 2 freeze to 0
[13:30:16.438] [SEVERE ] setting player 2 freeze to 0
[13:30:16.438] [SEVERE ] setting player 2 freeze to 0
[13:30:16.438] [SEVERE ] removing player 2 token from slot 1
[13:30:16.439] [SEVERE ] player 2 placing token on slot 8
[13:30:16.447] [SEVERE ] setting player 4 freeze to 0
[13:30:16.447] [SEVERE ] setting player 4 freeze to 0
[13:30:16.448] [SEVERE ] setting player 4 freeze to 0
[13:30:16.448] [SEVERE ] setting player 4 freeze to 0
[13:30:16.449] [SEVERE ] removing player 4 token from slot 3
[13:30:16.458] [SEVERE ] setting player 3 freeze to 0
[13:30:16.462] [SEVERE ] removing player 4 token from slot 6
[13:30:16.463] [SEVERE ] setting player 3 freeze to 0
[13:30:16.463] [SEVERE ] player 4 placing token on slot 1
[13:30:16.464] [SEVERE ] setting player 3 freeze to 0
[13:30:16.464] [SEVERE ] removing player 4 token from slot 1
[13:30:16.464] [SEVERE ] setting player 3 freeze to 0
[13:30:16.465] [SEVERE ] player 4 placing token on slot 5
[13:30:16.466] [SEVERE ] removing player 3 token from slot 8
[13:30:16.466] [SEVERE ] player 4 placing token on slot 3
[13:30:16.467] [SEVERE ] player 3 placing token on slot 2
[13:30:16.468] [SEVERE ] setting player 2 freeze to 0
[13:30:16.468] [SEVERE ] setting player 2 freeze to 0
[13:30:16.468] [SEVERE ] setting player 2 freeze to 0
[13:30:16.469] [SEVERE ] setting player 2 freeze to 0
[13:30:16.469] [SEVERE ] removing player 2 token from slot 4
[13:30:16.470] [SEVERE ] player 2 placing token on slot 3
[13:30:16.478] [SEVERE ] setting player 4 freeze to 0
[13:30:16.478] [SEVERE ] setting player 4 freeze to 0
[13:30:16.478] [SEVERE ] setting player 4 freeze to 0
[13:30:16.478] [SEVERE ] setting player 4 freeze to 0
[13:30:16.479] [SEVERE ] removing player 4 token from slot 5
[13:30:16.479] [SEVERE ] player 4 placing token on slot 9
[13:30:16.488] [SEVERE ] setting player 3 freeze to 0
[13:30:16.488] [SEVERE ] setting player 3 freeze to 0
[13:30:16.489] [SEVERE ] setting player 3 freeze to 0
[13:30:16.489] [SEVERE ] setting player 3 freeze to 0
[13:30:16.490] [SEVERE ] removing player 3 token from slot 11
[13:30:16.490] [SEVERE ] removing player 3 token from slot 2
[13:30:16.491] [SEVERE ] removing player 3 token from slot 4
[13:30:16.491] [SEVERE ] player 3 placing token on slot 4
[13:30:16.492] [SEVERE ] player 3 placing token on slot 7
[13:30:16.493] [SEVERE ] player 3 placing token on slot 10
[13:30:16.498] [SEVERE ] setting player 2 freeze to 0
[13:30:16.498] [SEVERE ] setting player 2 freeze to 0
[13:30:16.499] [SEVERE ] setting player 2 freeze to 0
[13:30:16.499] [SEVERE ] setting player 2 freeze to 0
[13:30:16.500] [SEVERE ] removing player 2 token from slot 5
[13:30:16.500] [SEVERE ] player 2 placing token on slot 9
[13:30:16.509] [SEVERE ] setting player 4 freeze to 0
[13:30:16.509] [SEVERE ] setting player 4 freeze to 0
[13:30:16.509] [SEVERE ] setting player 4 freeze to 0
[13:30:16.510] [SEVERE ] setting player 4 freeze to 0
[13:30:16.510] [SEVERE ] removing player 4 token from slot 9
[13:30:16.511] [SEVERE ] player 4 placing token on slot 8
[13:30:16.519] [SEVERE ] setting player 3 freeze to 0
[13:30:16.519] [SEVERE ] setting player 3 freeze to 0
[13:30:16.519] [SEVERE ] setting player 3 freeze to 0
[13:30:16.520] [SEVERE ] setting player 3 freeze to 0
[13:30:16.520] [SEVERE ] removing player 3 token from slot 4
[13:30:16.521] [SEVERE ] player 3 placing token on slot 5
[13:30:16.529] [SEVERE ] setting player 2 freeze to 0
[13:30:16.529] [SEVERE ] setting player 2 freeze to 0
[13:30:16.530] [SEVERE ] setting player 2 freeze to 0
[13:30:16.530] [SEVERE ] setting player 2 freeze to 0
[13:30:16.531] [SEVERE ] removing player 2 token from slot 3
[13:30:16.531] [SEVERE ] player 2 placing token on slot 7
[13:30:16.539] [SEVERE ] setting player 4 freeze to 0
[13:30:16.539] [SEVERE ] setting player 4 freeze to 0
[13:30:16.539] [SEVERE ] setting player 4 freeze to 0
[13:30:16.540] [SEVERE ] setting player 4 freeze to 0
[13:30:16.540] [SEVERE ] removing player 4 token from slot 8
[13:30:16.541] [SEVERE ] player 4 placing token on slot 8
[13:30:16.549] [SEVERE ] setting player 3 freeze to 0
[13:30:16.550] [SEVERE ] setting player 3 freeze to 0
[13:30:16.550] [SEVERE ] setting player 3 freeze to 0
[13:30:16.551] [SEVERE ] setting player 3 freeze to 0
[13:30:16.551] [SEVERE ] removing player 3 token from slot 10
[13:30:16.552] [SEVERE ] player 3 placing token on slot 1
[13:30:16.560] [SEVERE ] setting player 2 freeze to 0
[13:30:16.560] [SEVERE ] setting player 2 freeze to 0
[13:30:16.560] [SEVERE ] setting player 2 freeze to 0
[13:30:16.561] [SEVERE ] setting player 2 freeze to 0
[13:30:16.561] [SEVERE ] removing player 2 token from slot 9
[13:30:16.562] [SEVERE ] player 2 placing token on slot 4
[13:30:16.570] [SEVERE ] setting player 4 freeze to 0
[13:30:16.570] [SEVERE ] setting player 4 freeze to 0
[13:30:16.571] [SEVERE ] setting player 4 freeze to 0
[13:30:16.571] [SEVERE ] setting player 4 freeze to 0
[13:30:16.571] [SEVERE ] removing player 4 token from slot 10
[13:30:16.572] [SEVERE ] player 4 placing token on slot 10
[13:30:16.580] [SEVERE ] setting player 3 freeze to 0
[13:30:16.580] [SEVERE ] setting player 3 freeze to 0
[13:30:16.580] [SEVERE ] setting player 3 freeze to 0
[13:30:16.581] [SEVERE ] setting player 3 freeze to 0
[13:30:16.581] [SEVERE ] removing player 3 token from slot 7
[13:30:16.582] [SEVERE ] removing player 3 token from slot 1
[13:30:16.582] [SEVERE ] player 3 placing token on slot 7
[13:30:16.583] [SEVERE ] player 3 placing token on slot 3
[13:30:16.590] [SEVERE ] setting player 2 freeze to 0
[13:30:16.590] [SEVERE ] setting player 2 freeze to 0
[13:30:16.591] [SEVERE ] setting player 2 freeze to 0
[13:30:16.592] [SEVERE ] setting player 2 freeze to 0
[13:30:16.592] [SEVERE ] removing player 2 token from slot 7
[13:30:16.592] [SEVERE ] player 2 placing token on slot 11
[13:30:16.601] [SEVERE ] setting player 4 freeze to 0
[13:30:16.601] [SEVERE ] setting player 4 freeze to 0
[13:30:16.601] [SEVERE ] setting player 4 freeze to 0
[13:30:16.602] [SEVERE ] setting player 4 freeze to 0
[13:30:16.602] [SEVERE ] removing player 4 token from slot 8
[13:30:16.602] [SEVERE ] player 4 placing token on slot 1
[13:30:16.611] [SEVERE ] setting player 3 freeze to 0
[13:30:16.611] [SEVERE ] setting player 3 freeze to 0
[13:30:16.611] [SEVERE ] setting player 3 freeze to 0
[13:30:16.612] [SEVERE ] setting player 3 freeze to 0
[13:30:16.612] [SEVERE ] removing player 3 token from slot 5
[13:30:16.613] [SEVERE ] removing player 3 token from slot 3
[13:30:16.613] [SEVERE ] player 3 placing token on slot 9
[13:30:16.614] [SEVERE ] player 3 placing token on slot 2
[13:30:16.621] [SEVERE ] setting player 2 freeze to 0
[13:30:16.621] [SEVERE ] setting player 2 freeze to 0
[13:30:16.622] [SEVERE ] setting player 2 freeze to 0
[13:30:16.622] [SEVERE ] setting player 2 freeze to 0
[13:30:16.623] [SEVERE ] removing player 2 token from slot 8
[13:30:16.623] [SEVERE ] removing player 2 token from slot 4
[13:30:16.623] [SEVERE ] player 2 placing token on slot 9
[13:30:16.624] [SEVERE ] player 2 placing token on slot 10
[13:30:16.631] [SEVERE ] setting player 4 freeze to 0
[13:30:16.631] [SEVERE ] setting player 4 freeze to 0
[13:30:16.632] [SEVERE ] setting player 4 freeze to 0
[13:30:16.632] [SEVERE ] setting player 4 freeze to 0
[13:30:16.633] [SEVERE ] removing player 4 token from slot 1
[13:30:16.633] [SEVERE ] player 4 placing token on slot 7
[13:30:16.641] [SEVERE ] setting player 3 freeze to 0
[13:30:16.642] [SEVERE ] setting player 3 freeze to 0
[13:30:16.642] [SEVERE ] setting player 3 freeze to 0
[13:30:16.642] [SEVERE ] setting player 3 freeze to 0
[13:30:16.642] [SEVERE ] removing player 3 token from slot 9
[13:30:16.643] [SEVERE ] player 3 placing token on slot 11
[13:30:16.652] [SEVERE ] setting player 2 freeze to 0
[13:30:16.652] [SEVERE ] setting player 2 freeze to 0
[13:30:16.652] [SEVERE ] setting player 2 freeze to 0
[13:30:16.653] [SEVERE ] setting player 2 freeze to 0
[13:30:16.653] [SEVERE ] removing player 2 token from slot 11
[13:30:16.653] [SEVERE ] player 2 placing token on slot 11
[13:30:16.662] [SEVERE ] setting player 4 freeze to 0
[13:30:16.662] [SEVERE ] setting player 4 freeze to 0
[13:30:16.663] [SEVERE ] setting player 4 freeze to 0
[13:30:16.663] [SEVERE ] setting player 4 freeze to 0
[13:30:16.663] [SEVERE ] removing player 4 token from slot 7
[13:30:16.664] [SEVERE ] player 4 placing token on slot 2
[13:30:16.672] [SEVERE ] setting player 3 freeze to 0
[13:30:16.672] [SEVERE ] setting player 3 freeze to 0
[13:30:16.673] [SEVERE ] setting player 3 freeze to 0
[13:30:16.673] [SEVERE ] setting player 3 freeze to 0
[13:30:16.674] [SEVERE ] removing player 3 token from slot 11
[13:30:16.674] [SEVERE ] player 3 placing token on slot 8
[13:30:16.682] [SEVERE ] setting player 2 freeze to 0
[13:30:16.683] [SEVERE ] setting player 2 freeze to 0
[13:30:16.683] [SEVERE ] setting player 2 freeze to 0
[13:30:16.684] [SEVERE ] setting player 2 freeze to 0
[13:30:16.684] [SEVERE ] removing player 2 token from slot 9
[13:30:16.685] [SEVERE ] removing player 2 token from slot 10
[13:30:16.685] [SEVERE ] player 2 placing token on slot 7
[13:30:16.685] [SEVERE ] removing player 2 token from slot 7
[13:30:16.686] [SEVERE ] player 2 placing token on slot 1
[13:30:16.686] [SEVERE ] player 2 placing token on slot 3
[13:30:16.693] [SEVERE ] setting player 4 freeze to 0
[13:30:16.693] [SEVERE ] setting player 4 freeze to 0
[13:30:16.693] [SEVERE ] setting player 4 freeze to 0
[13:30:16.694] [SEVERE ] setting player 4 freeze to 0
[13:30:16.694] [SEVERE ] removing player 4 token from slot 10
[13:30:16.695] [SEVERE ] player 4 placing token on slot 9
[13:30:16.703] [SEVERE ] setting player 3 freeze to 0
[13:30:16.703] [SEVERE ] setting player 3 freeze to 0
[13:30:16.704] [SEVERE ] setting player 3 freeze to 0
[13:30:16.704] [SEVERE ] setting player 3 freeze to 0
[13:30:16.705] [SEVERE ] removing player 3 token from slot 8
[13:30:16.705] [SEVERE ] player 3 placing token on slot 5
[13:30:16.713] [SEVERE ] setting player 2 freeze to 0
[13:30:16.714] [SEVERE ] setting player 2 freeze to 0
[13:30:16.714] [SEVERE ] setting player 2 freeze to 0
[13:30:16.714] [SEVERE ] setting player 2 freeze to 0
[13:30:16.715] [SEVERE ] removing player 2 token from slot 11
[13:30:16.715] [SEVERE ] player 2 placing token on slot 9
[13:30:16.724] [SEVERE ] setting player 4 freeze to 0
[13:30:16.724] [SEVERE ] setting player 4 freeze to 0
[13:30:16.724] [SEVERE ] setting player 4 freeze to 0
[13:30:16.725] [SEVERE ] setting player 4 freeze to 0
[13:30:16.725] [SEVERE ] removing player 4 token from slot 3
[13:30:16.726] [SEVERE ] player 4 placing token on slot 7
[13:30:16.734] [SEVERE ] setting player 3 freeze to 0
[13:30:16.734] [SEVERE ] setting player 3 freeze to 0
[13:30:16.735] [SEVERE ] setting player 3 freeze to 0
[13:30:16.735] [SEVERE ] setting player 3 freeze to 0
[13:30:16.735] [SEVERE ] removing player 3 token from slot 7
[13:30:16.736] [SEVERE ] player 3 placing token on slot 11
[13:30:16.744] [SEVERE ] setting player 2 freeze to 0
[13:30:16.744] [SEVERE ] setting player 2 freeze to 0
[13:30:16.745] [SEVERE ] setting player 2 freeze to 0
[13:30:16.745] [SEVERE ] setting player 2 freeze to 0
[13:30:16.746] [SEVERE ] removing player 2 token from slot 3
[13:30:16.746] [SEVERE ] player 2 placing token on slot 6
[13:30:16.754] [SEVERE ] setting player 4 freeze to 0
[13:30:16.754] [SEVERE ] setting player 4 freeze to 0
[13:30:16.755] [SEVERE ] setting player 4 freeze to 0
[13:30:16.755] [SEVERE ] setting player 4 freeze to 0
[13:30:16.756] [SEVERE ] removing player 4 token from slot 2
[13:30:16.756] [SEVERE ] player 4 placing token on slot 8
[13:30:16.765] [SEVERE ] setting player 3 freeze to 0
[13:30:16.765] [SEVERE ] setting player 3 freeze to 0
[13:30:16.765] [SEVERE ] setting player 3 freeze to 0
[13:30:16.765] [SEVERE ] setting player 3 freeze to 0
[13:30:16.766] [SEVERE ] removing player 3 token from slot 11
[13:30:16.766] [SEVERE ] player 3 placing token on slot 8
[13:30:16.775] [SEVERE ] setting player 2 freeze to 0
[13:30:16.775] [SEVERE ] setting player 2 freeze to 0
[13:30:16.775] [SEVERE ] setting player 2 freeze to 0
[13:30:16.776] [SEVERE ] setting player 2 freeze to 0
[13:30:16.776] [SEVERE ] removing player 2 token from slot 1
[13:30:16.777] [SEVERE ] player 2 placing token on slot 10
[13:30:16.785] [SEVERE ] setting player 4 freeze to 0
[13:30:16.785] [SEVERE ] setting player 4 freeze to 0
[13:30:16.786] [SEVERE ] setting player 4 freeze to 0
[13:30:16.786] [SEVERE ] setting player 4 freeze to 0
[13:30:16.786] [SEVERE ] removing player 4 token from slot 9
[13:30:16.787] [SEVERE ] removing player 4 token from slot 8
[13:30:16.787] [SEVERE ] player 4 placing token on slot 8
[13:30:16.788] [SEVERE ] player 4 placing token on slot 4
[13:30:16.795] [SEVERE ] setting player 3 freeze to 0
[13:30:16.795] [SEVERE ] setting player 3 freeze to 0
[13:30:16.796] [SEVERE ] setting player 3 freeze to 0
[13:30:16.797] [SEVERE ] setting player 3 freeze to 0
[13:30:16.798] [SEVERE ] removing player 3 token from slot 5
[13:30:16.798] [SEVERE ] player 3 placing token on slot 9
[13:30:16.805] [SEVERE ] setting player 2 freeze to 0
[13:30:16.805] [SEVERE ] setting player 2 freeze to 0
[13:30:16.806] [SEVERE ] setting player 2 freeze to 0
[13:30:16.806] [SEVERE ] setting player 2 freeze to 0
[13:30:16.807] [SEVERE ] removing player 2 token from slot 6
[13:30:16.807] [SEVERE ] player 2 placing token on slot 11
[13:30:16.815] [SEVERE ] setting player 4 freeze to 0
[13:30:16.815] [SEVERE ] setting player 4 freeze to 0
[13:30:16.816] [SEVERE ] setting player 4 freeze to 0
[13:30:16.816] [SEVERE ] setting player 4 freeze to 0
[13:30:16.817] [SEVERE ] removing player 4 token from slot 8
[13:30:16.817] [SEVERE ] player 4 placing token on slot 2
[13:30:16.826] [SEVERE ] setting player 3 freeze to 0
[13:30:16.826] [SEVERE ] setting player 3 freeze to 0
[13:30:16.826] [SEVERE ] setting player 3 freeze to 0
[13:30:16.827] [SEVERE ] setting player 3 freeze to 0
[13:30:16.827] [SEVERE ] removing player 3 token from slot 8
[13:30:16.828] [SEVERE ] player 3 placing token on slot 6
[13:30:16.836] [SEVERE ] setting player 2 freeze to 0
[13:30:16.836] [SEVERE ] setting player 2 freeze to 0
[13:30:16.836] [SEVERE ] setting player 2 freeze to 0
[13:30:16.837] [SEVERE ] setting player 2 freeze to 0
[13:30:16.837] [SEVERE ] removing player 2 token from slot 9
[13:30:16.838] [SEVERE ] player 2 placing token on slot 5
[13:30:16.846] [SEVERE ] setting player 4 freeze to 0
[13:30:16.846] [SEVERE ] setting player 4 freeze to 0
[13:30:16.846] [SEVERE ] setting player 4 freeze to 0
[13:30:16.847] [SEVERE ] setting player 4 freeze to 0
[13:30:16.847] [SEVERE ] removing player 4 token from slot 4
[13:30:16.848] [SEVERE ] removing player 4 token from slot 2
[13:30:16.848] [SEVERE ] player 4 placing token on slot 4
[13:30:16.849] [SEVERE ] player 4 placing token on slot 10
[13:30:16.856] [SEVERE ] setting player 3 freeze to 0
[13:30:16.856] [SEVERE ] setting player 3 freeze to 0
[13:30:16.856] [SEVERE ] setting player 3 freeze to 0
[13:30:16.857] [SEVERE ] setting player 3 freeze to 0
[13:30:16.857] [SEVERE ] removing player 3 token from slot 2
[13:30:16.858] [SEVERE ] player 3 placing token on slot 3
[13:30:16.866] [SEVERE ] setting player 2 freeze to 0
[13:30:16.866] [SEVERE ] setting player 2 freeze to 0
[13:30:16.867] [SEVERE ] setting player 2 freeze to 0
[13:30:16.867] [SEVERE ] setting player 2 freeze to 0
[13:30:16.868] [SEVERE ] removing player 2 token from slot 5
[13:30:16.868] [SEVERE ] player 2 placing token on slot 2
[13:30:16.876] [SEVERE ] setting player 4 freeze to 0
[13:30:16.876] [SEVERE ] setting player 4 freeze to 0
[13:30:16.877] [SEVERE ] setting player 4 freeze to 0
[13:30:16.877] [SEVERE ] setting player 4 freeze to 0
[13:30:16.878] [SEVERE ] removing player 4 token from slot 10
[13:30:16.878] [SEVERE ] player 4 placing token on slot 8
[13:30:16.887] [SEVERE ] setting player 3 freeze to 0
[13:30:16.887] [SEVERE ] setting player 3 freeze to 0
[13:30:16.887] [SEVERE ] setting player 3 freeze to 0
[13:30:16.887] [SEVERE ] setting player 3 freeze to 0
[13:30:16.888] [SEVERE ] removing player 3 token from slot 9
[13:30:16.888] [SEVERE ] removing player 3 token from slot 6
[13:30:16.889] [SEVERE ] player 3 placing token on slot 7
[13:30:16.889] [SEVERE ] player 3 placing token on slot 1
[13:30:16.897] [SEVERE ] setting player 2 freeze to 0
[13:30:16.897] [SEVERE ] setting player 2 freeze to 0
[13:30:16.897] [SEVERE ] setting player 2 freeze to 0
[13:30:16.898] [SEVERE ] setting player 2 freeze to 0
[13:30:16.898] [SEVERE ] removing player 2 token from slot 11
[13:30:16.917] [SEVERE ] setting player 3 freeze to 0
[13:30:16.907] [SEVERE ] setting player 4 freeze to 0
[13:30:16.919] [SEVERE ] setting player 3 freeze to 0
[13:30:16.918] [SEVERE ] player 2 placing token on slot 6
[13:30:16.920] [SEVERE ] setting player 3 freeze to 0
[13:30:16.919] [SEVERE ] setting player 4 freeze to 0
[13:30:16.920] [SEVERE ] setting player 3 freeze to 0
[13:30:16.921] [SEVERE ] setting player 4 freeze to 0
[13:30:16.921] [SEVERE ] removing player 3 token from slot 7
[13:30:16.922] [SEVERE ] setting player 4 freeze to 0
[13:30:16.922] [SEVERE ] player 3 placing token on slot 9
[13:30:16.923] [SEVERE ] removing player 4 token from slot 4
[13:30:16.924] [SEVERE ] player 4 placing token on slot 4
[13:30:16.927] [SEVERE ] setting player 2 freeze to 0
[13:30:16.927] [SEVERE ] setting player 2 freeze to 0
[13:30:16.928] [SEVERE ] setting player 2 freeze to 0
[13:30:16.928] [SEVERE ] setting player 2 freeze to 0
[13:30:16.928] [SEVERE ] removing player 2 token from slot 10
[13:30:16.929] [SEVERE ] player 2 placing token on slot 4
[13:30:16.937] [SEVERE ] setting player 3 freeze to 0
[13:30:16.937] [SEVERE ] setting player 3 freeze to 0
[13:30:16.938] [SEVERE ] setting player 3 freeze to 0
[13:30:16.938] [SEVERE ] setting player 3 freeze to 0
[13:30:16.939] [SEVERE ] removing player 3 token from slot 9
[13:30:16.939] [SEVERE ] removing player 3 token from slot 3
[13:30:16.940] [SEVERE ] player 3 placing token on slot 9
[13:30:16.940] [SEVERE ] player 3 placing token on slot 2
[13:30:16.947] [SEVERE ] setting player 4 freeze to 0
[13:30:16.948] [SEVERE ] setting player 4 freeze to 0
[13:30:16.948] [SEVERE ] setting player 4 freeze to 0
[13:30:16.948] [SEVERE ] setting player 4 freeze to 0
[13:30:16.949] [SEVERE ] removing player 4 token from slot 8
[13:30:16.949] [SEVERE ] removing player 4 token from slot 7
[13:30:16.950] [SEVERE ] removing player 4 token from slot 4
[13:30:16.950] [SEVERE ] player 4 placing token on slot 6
[13:30:16.950] [SEVERE ] player 4 placing token on slot 1
[13:30:16.951] [SEVERE ] removing player 4 token from slot 1
[13:30:16.951] [SEVERE ] player 4 placing token on slot 8
[13:30:16.952] [SEVERE ] player 4 placing token on slot 7
[13:30:16.958] [SEVERE ] setting player 2 freeze to 0
[13:30:16.958] [SEVERE ] setting player 2 freeze to 0
[13:30:16.958] [SEVERE ] setting player 2 freeze to 0
[13:30:16.959] [SEVERE ] setting player 2 freeze to 0
[13:30:16.959] [SEVERE ] removing player 2 token from slot 4
[13:30:16.960] [SEVERE ] player 2 placing token on slot 5
[13:30:16.968] [SEVERE ] setting player 3 freeze to 0
[13:30:16.968] [SEVERE ] setting player 3 freeze to 0
[13:30:16.968] [SEVERE ] setting player 3 freeze to 0
[13:30:16.969] [SEVERE ] setting player 3 freeze to 0
[13:30:16.970] [SEVERE ] removing player 3 token from slot 9
[13:30:16.970] [SEVERE ] player 3 placing token on slot 3
[13:30:16.978] [SEVERE ] setting player 4 freeze to 0
[13:30:16.978] [SEVERE ] setting player 4 freeze to 0
[13:30:16.978] [SEVERE ] setting player 4 freeze to 0
[13:30:16.979] [SEVERE ] setting player 4 freeze to 0
[13:30:16.980] [SEVERE ] removing player 4 token from slot 7
[13:30:16.980] [SEVERE ] player 4 placing token on slot 4
[13:30:16.988] [SEVERE ] setting player 2 freeze to 0
[13:30:16.988] [SEVERE ] setting player 2 freeze to 0
[13:30:16.989] [SEVERE ] setting player 2 freeze to 0
[13:30:16.989] [SEVERE ] setting player 2 freeze to 0
[13:30:16.990] [SEVERE ] removing player 2 token from slot 5
[13:30:16.990] [SEVERE ] player 2 placing token on slot 4
[13:30:16.998] [SEVERE ] setting player 3 freeze to 0
[13:30:16.998] [SEVERE ] setting player 3 freeze to 0
[13:30:16.999] [SEVERE ] setting player 3 freeze to 0
[13:30:16.999] [SEVERE ] setting player 3 freeze to 0
[13:30:17.000] [SEVERE ] removing player 3 token from slot 2
[13:30:17.000] [SEVERE ] player 3 placing token on slot 8
[13:30:17.008] [SEVERE ] setting player 4 freeze to 0
[13:30:17.008] [SEVERE ] setting player 4 freeze to 0
[13:30:17.009] [SEVERE ] setting player 4 freeze to 0
[13:30:17.009] [SEVERE ] setting player 4 freeze to 0
[13:30:17.010] [SEVERE ] removing player 4 token from slot 8
[13:30:17.010] [SEVERE ] removing player 4 token from slot 6
[13:30:17.011] [SEVERE ] player 4 placing token on slot 5
[13:30:17.011] [SEVERE ] removing player 4 token from slot 5
[13:30:17.012] [SEVERE ] removing player 4 token from slot 4
[13:30:17.012] [SEVERE ] player 4 placing token on slot 9
[13:30:17.012] [SEVERE ] player 4 placing token on slot 8
[13:30:17.013] [SEVERE ] player 4 placing token on slot 2
[13:30:17.019] [SEVERE ] setting player 2 freeze to 0
[13:30:17.019] [SEVERE ] setting player 2 freeze to 0
[13:30:17.019] [SEVERE ] setting player 2 freeze to 0
[13:30:17.020] [SEVERE ] setting player 2 freeze to 0
[13:30:17.020] [SEVERE ] removing player 2 token from slot 4
[13:30:17.020] [SEVERE ] player 2 placing token on slot 8
[13:30:17.029] [SEVERE ] setting player 3 freeze to 0
[13:30:17.029] [SEVERE ] setting player 3 freeze to 0
[13:30:17.029] [SEVERE ] setting player 3 freeze to 0
[13:30:17.030] [SEVERE ] setting player 3 freeze to 0
[13:30:17.030] [SEVERE ] removing player 3 token from slot 8
[13:30:17.031] [SEVERE ] removing player 3 token from slot 3
[13:30:17.031] [SEVERE ] player 3 placing token on slot 4
[13:30:17.032] [SEVERE ] player 3 placing token on slot 7
[13:30:17.039] [SEVERE ] setting player 4 freeze to 0
[13:30:17.039] [SEVERE ] setting player 4 freeze to 0
[13:30:17.040] [SEVERE ] setting player 4 freeze to 0
[13:30:17.040] [SEVERE ] setting player 4 freeze to 0
[13:30:17.041] [SEVERE ] removing player 4 token from slot 8
[13:30:17.041] [SEVERE ] player 4 placing token on slot 8
[13:30:17.049] [SEVERE ] setting player 2 freeze to 0
[13:30:17.049] [SEVERE ] setting player 2 freeze to 0
[13:30:17.050] [SEVERE ] setting player 2 freeze to 0
[13:30:17.050] [SEVERE ] setting player 2 freeze to 0
[13:30:17.051] [SEVERE ] removing player 2 token from slot 8
[13:30:17.051] [SEVERE ] player 2 placing token on slot 7
[13:30:17.059] [SEVERE ] setting player 3 freeze to 0
[13:30:17.059] [SEVERE ] setting player 3 freeze to 0
[13:30:17.060] [SEVERE ] setting player 3 freeze to 0
[13:30:17.060] [SEVERE ] setting player 3 freeze to 0
[13:30:17.060] [SEVERE ] removing player 3 token from slot 4
[13:30:17.061] [SEVERE ] player 3 placing token on slot 5
[13:30:17.070] [SEVERE ] setting player 4 freeze to 0
[13:30:17.070] [SEVERE ] setting player 4 freeze to 0
[13:30:17.070] [SEVERE ] setting player 4 freeze to 0
[13:30:17.071] [SEVERE ] setting player 4 freeze to 0
[13:30:17.071] [SEVERE ] removing player 4 token from slot 9
[13:30:17.072] [SEVERE ] removing player 4 token from slot 2
[13:30:17.072] [SEVERE ] player 4 placing token on slot 2
[13:30:17.073] [SEVERE ] removing player 4 token from slot 2
[13:30:17.074] [SEVERE ] player 4 placing token on slot 1
[13:30:17.074] [SEVERE ] player 4 placing token on slot 3
[13:30:17.080] [SEVERE ] setting player 2 freeze to 0
[13:30:17.081] [SEVERE ] setting player 2 freeze to 0
[13:30:17.081] [SEVERE ] setting player 2 freeze to 0
[13:30:17.081] [SEVERE ] setting player 2 freeze to 0
[13:30:17.082] [SEVERE ] removing player 2 token from slot 2
[13:30:17.082] [SEVERE ] player 2 placing token on slot 10
[13:30:17.090] [SEVERE ] setting player 3 freeze to 0
[13:30:17.091] [SEVERE ] setting player 3 freeze to 0
[13:30:17.091] [SEVERE ] setting player 3 freeze to 0
[13:30:17.092] [SEVERE ] setting player 3 freeze to 0
[13:30:17.092] [SEVERE ] removing player 3 token from slot 1
[13:30:17.092] [SEVERE ] player 3 placing token on slot 6
[13:30:17.101] [SEVERE ] setting player 4 freeze to 0
[13:30:17.101] [SEVERE ] setting player 4 freeze to 0
[13:30:17.102] [SEVERE ] setting player 4 freeze to 0
[13:30:17.102] [SEVERE ] setting player 4 freeze to 0
[13:30:17.103] [SEVERE ] removing player 4 token from slot 3
[13:30:17.103] [SEVERE ] player 4 placing token on slot 4
[13:30:17.111] [SEVERE ] setting player 2 freeze to 0
[13:30:17.111] [SEVERE ] setting player 2 freeze to 0
[13:30:17.111] [SEVERE ] setting player 2 freeze to 0
[13:30:17.112] [SEVERE ] setting player 2 freeze to 0
[13:30:17.112] [SEVERE ] removing player 2 token from slot 10
[13:30:17.113] [SEVERE ] player 2 placing token on slot 10
[13:30:17.121] [SEVERE ] setting player 3 freeze to 0
[13:30:17.122] [SEVERE ] setting player 3 freeze to 0
[13:30:17.122] [SEVERE ] setting player 3 freeze to 0
[13:30:17.123] [SEVERE ] setting player 3 freeze to 0
[13:30:17.123] [SEVERE ] removing player 3 token from slot 7
[13:30:17.124] [SEVERE ] player 3 placing token on slot 11
[13:30:17.132] [SEVERE ] setting player 4 freeze to 0
[13:30:17.132] [SEVERE ] setting player 4 freeze to 0
[13:30:17.132] [SEVERE ] setting player 4 freeze to 0
[13:30:17.142] [SEVERE ] setting player 2 freeze to 0
[13:30:17.147] [SEVERE ] setting player 2 freeze to 0
[13:30:17.147] [SEVERE ] setting player 2 freeze to 0
[13:30:17.146] [SEVERE ] setting player 4 freeze to 0
[13:30:17.148] [SEVERE ] removing player 4 token from slot 4
[13:30:17.148] [SEVERE ] setting player 2 freeze to 0
[13:30:17.149] [SEVERE ] player 4 placing token on slot 10
[13:30:17.149] [SEVERE ] removing player 2 token from slot 6
[13:30:17.150] [SEVERE ] player 2 placing token on slot 3
[13:30:17.152] [SEVERE ] setting player 3 freeze to 0
[13:30:17.152] [SEVERE ] setting player 3 freeze to 0
[13:30:17.153] [SEVERE ] setting player 3 freeze to 0
[13:30:17.153] [SEVERE ] setting player 3 freeze to 0
[13:30:17.154] [SEVERE ] removing player 3 token from slot 6
[13:30:17.154] [SEVERE ] player 3 placing token on slot 4
[13:30:17.162] [SEVERE ] setting player 4 freeze to 0
[13:30:17.162] [SEVERE ] setting player 4 freeze to 0
[13:30:17.162] [SEVERE ] setting player 4 freeze to 0
[13:30:17.163] [SEVERE ] setting player 4 freeze to 0
[13:30:17.163] [SEVERE ] removing player 4 token from slot 1
[13:30:17.164] [SEVERE ] player 4 placing token on slot 1
[13:30:17.173] [SEVERE ] setting player 2 freeze to 0
[13:30:17.173] [SEVERE ] setting player 2 freeze to 0
[13:30:17.173] [SEVERE ] setting player 2 freeze to 0
[13:30:17.173] [SEVERE ] setting player 2 freeze to 0
[13:30:17.174] [SEVERE ] removing player 2 token from slot 7
[13:30:17.174] [SEVERE ] player 2 placing token on slot 7
[13:30:17.183] [SEVERE ] setting player 3 freeze to 0
[13:30:17.183] [SEVERE ] setting player 3 freeze to 0
[13:30:17.183] [SEVERE ] setting player 3 freeze to 0
[13:30:17.183] [SEVERE ] setting player 3 freeze to 0
[13:30:17.184] [SEVERE ] removing player 3 token from slot 11
[13:30:17.184] [SEVERE ] player 3 placing token on slot 1
[13:30:17.193] [SEVERE ] setting player 4 freeze to 0
[13:30:17.193] [SEVERE ] setting player 4 freeze to 0
[13:30:17.193] [SEVERE ] setting player 4 freeze to 0
[13:30:17.193] [SEVERE ] setting player 4 freeze to 0
[13:30:17.194] [SEVERE ] removing player 4 token from slot 10
[13:30:17.194] [SEVERE ] player 4 placing token on slot 9
[13:30:17.203] [SEVERE ] setting player 2 freeze to 0
[13:30:17.203] [SEVERE ] setting player 2 freeze to 0
[13:30:17.204] [SEVERE ] setting player 2 freeze to 0
[13:30:17.204] [SEVERE ] setting player 2 freeze to 0
[13:30:17.205] [SEVERE ] removing player 2 token from slot 7
[13:30:17.205] [SEVERE ] player 2 placing token on slot 1
[13:30:17.213] [SEVERE ] setting player 3 freeze to 0
[13:30:17.213] [SEVERE ] setting player 3 freeze to 0
[13:30:17.214] [SEVERE ] setting player 3 freeze to 0
[13:30:17.214] [SEVERE ] setting player 3 freeze to 0
[13:30:17.215] [SEVERE ] removing player 3 token from slot 5
[13:30:17.215] [SEVERE ] removing player 3 token from slot 1
[13:30:17.216] [SEVERE ] removing player 3 token from slot 4
[13:30:17.216] [SEVERE ] player 3 placing token on slot 7
[13:30:17.216] [SEVERE ] player 3 placing token on slot 2
[13:30:17.217] [SEVERE ] player 3 placing token on slot 1
[13:30:17.224] [SEVERE ] setting player 4 freeze to 0
[13:30:17.224] [SEVERE ] setting player 4 freeze to 0
[13:30:17.224] [SEVERE ] setting player 4 freeze to 0
[13:30:17.224] [SEVERE ] setting player 4 freeze to 0
[13:30:17.225] [SEVERE ] removing player 4 token from slot 8
[13:30:17.225] [SEVERE ] removing player 4 token from slot 1
[13:30:17.226] [SEVERE ] player 4 placing token on slot 7
[13:30:17.227] [SEVERE ] player 4 placing token on slot 3
[13:30:17.234] [SEVERE ] setting player 2 freeze to 0
[13:30:17.234] [SEVERE ] setting player 2 freeze to 0
[13:30:17.234] [SEVERE ] setting player 2 freeze to 0
[13:30:17.234] [SEVERE ] setting player 2 freeze to 0
[13:30:17.235] [SEVERE ] removing player 2 token from slot 3
[13:30:17.235] [SEVERE ] player 2 placing token on slot 5
[13:30:17.244] [SEVERE ] setting player 3 freeze to 0
[13:30:17.244] [SEVERE ] setting player 3 freeze to 0
[13:30:17.244] [SEVERE ] setting player 3 freeze to 0
[13:30:17.244] [SEVERE ] setting player 3 freeze to 0
[13:30:17.244] [SEVERE ] removing player 3 token from slot 7
[13:30:17.245] [SEVERE ] player 3 placing token on slot 4
[13:30:17.254] [SEVERE ] setting player 4 freeze to 0
[13:30:17.254] [SEVERE ] setting player 4 freeze to 0
[13:30:17.255] [SEVERE ] setting player 4 freeze to 0
[13:30:17.255] [SEVERE ] setting player 4 freeze to 0
[13:30:17.256] [SEVERE ] removing player 4 token from slot 9
[13:30:17.256] [SEVERE ] player 4 placing token on slot 10
[13:30:17.264] [SEVERE ] setting player 2 freeze to 0
[13:30:17.264] [SEVERE ] setting player 2 freeze to 0
[13:30:17.265] [SEVERE ] setting player 2 freeze to 0
[13:30:17.265] [SEVERE ] setting player 2 freeze to 0
[13:30:17.266] [SEVERE ] removing player 2 token from slot 5
[13:30:17.266] [SEVERE ] player 2 placing token on slot 3
[13:30:17.274] [SEVERE ] setting player 3 freeze to 0
[13:30:17.275] [SEVERE ] setting player 3 freeze to 0
[13:30:17.275] [SEVERE ] setting player 3 freeze to 0
[13:30:17.275] [SEVERE ] setting player 3 freeze to 0
[13:30:17.276] [SEVERE ] removing player 3 token from slot 2
[13:30:17.277] [SEVERE ] player 3 placing token on slot 6
[13:30:17.285] [SEVERE ] setting player 4 freeze to 0
[13:30:17.285] [SEVERE ] setting player 4 freeze to 0
[13:30:17.295] [SEVERE ] setting player 2 freeze to 0
[13:30:17.302] [SEVERE ] setting player 4 freeze to 0
[13:30:17.303] [SEVERE ] setting player 2 freeze to 0
[13:30:17.303] [SEVERE ] setting player 4 freeze to 0
[13:30:17.304] [SEVERE ] setting player 2 freeze to 0
[13:30:17.304] [SEVERE ] removing player 4 token from slot 7
[13:30:17.305] [SEVERE ] setting player 3 freeze to 0
[13:30:17.305] [SEVERE ] setting player 2 freeze to 0
[13:30:17.306] [SEVERE ] setting player 3 freeze to 0
[13:30:17.305] [SEVERE ] player 4 placing token on slot 8
[13:30:17.306] [SEVERE ] setting player 3 freeze to 0
[13:30:17.307] [SEVERE ] removing player 2 token from slot 3
[13:30:17.307] [SEVERE ] setting player 3 freeze to 0
[13:30:17.308] [SEVERE ] removing player 2 token from slot 1
[13:30:17.309] [SEVERE ] removing player 3 token from slot 1
[13:30:17.309] [SEVERE ] player 2 placing token on slot 4
[13:30:17.310] [SEVERE ] removing player 3 token from slot 6
[13:30:17.310] [SEVERE ] player 2 placing token on slot 1
[13:30:17.310] [SEVERE ] player 3 placing token on slot 10
[13:30:17.311] [SEVERE ] player 3 placing token on slot 11
[13:30:17.315] [SEVERE ] setting player 4 freeze to 0
[13:30:17.335] [SEVERE ] setting player 3 freeze to 0
[13:30:17.325] [SEVERE ] setting player 2 freeze to 0
[13:30:17.519] [SEVERE ] setting player 2 freeze to 0
[13:30:17.520] [SEVERE ] setting player 2 freeze to 0
[13:30:17.520] [SEVERE ] setting player 2 freeze to 0
[13:30:17.521] [SEVERE ] removing player 2 token from slot 10
[13:30:17.519] [SEVERE ] setting player 3 freeze to 0
[13:30:17.518] [SEVERE ] setting player 4 freeze to 0
[13:30:17.521] [SEVERE ] setting player 3 freeze to 0
[13:30:17.521] [SEVERE ] player 2 placing token on slot 9
[13:30:17.522] [SEVERE ] setting player 3 freeze to 0
[13:30:17.522] [SEVERE ] setting player 4 freeze to 0
[13:30:17.523] [SEVERE ] removing player 3 token from slot 4
[13:30:17.523] [SEVERE ] setting player 4 freeze to 0
[13:30:17.524] [SEVERE ] removing player 4 token from slot 10
[13:30:17.524] [SEVERE ] player 4 placing token on slot 6
[13:30:17.534] [SEVERE ] setting player 2 freeze to 0
[13:30:17.534] [SEVERE ] setting player 2 freeze to 0
[13:30:17.534] [SEVERE ] setting player 2 freeze to 0
[13:30:17.535] [SEVERE ] setting player 2 freeze to 0
[13:30:17.535] [SEVERE ] removing player 2 token from slot 1
[13:30:17.536] [SEVERE ] player 2 placing token on slot 1
[13:30:17.544] [SEVERE ] setting player 4 freeze to 0
[13:30:17.544] [SEVERE ] setting player 4 freeze to 0
[13:30:17.544] [SEVERE ] setting player 4 freeze to 0
[13:30:17.545] [SEVERE ] setting player 4 freeze to 0
[13:30:17.546] [SEVERE ] removing player 4 token from slot 6
[13:30:17.546] [SEVERE ] removing player 4 token from slot 8
[13:30:17.547] [SEVERE ] removing player 4 token from slot 3
[13:30:17.547] [SEVERE ] player 4 placing token on slot 4
[13:30:17.548] [SEVERE ] player 4 placing token on slot 9
[13:30:17.548] [SEVERE ] player 4 placing token on slot 5
[13:30:17.554] [SEVERE ] setting player 2 freeze to 0
[13:30:17.554] [SEVERE ] setting player 2 freeze to 0
[13:30:17.555] [SEVERE ] setting player 2 freeze to 0
[13:30:17.555] [SEVERE ] setting player 2 freeze to 0
[13:30:17.556] [SEVERE ] removing player 2 token from slot 4
[13:30:17.556] [SEVERE ] player 2 placing token on slot 11
[13:30:17.564] [SEVERE ] setting player 4 freeze to 0
[13:30:17.574] [SEVERE ] setting player 2 freeze to 0
[13:30:17.575] [SEVERE ] setting player 2 freeze to 0
[13:30:17.575] [SEVERE ] setting player 4 freeze to 0
[13:30:17.576] [SEVERE ] setting player 2 freeze to 0
[13:30:17.576] [SEVERE ] setting player 4 freeze to 0
[13:30:17.576] [SEVERE ] setting player 2 freeze to 0
[13:30:17.577] [SEVERE ] setting player 4 freeze to 0
[13:30:17.577] [SEVERE ] removing player 2 token from slot 9
[13:30:17.578] [SEVERE ] removing player 4 token from slot 9
[13:30:17.579] [SEVERE ] player 2 placing token on slot 8
[13:30:17.579] [SEVERE ] player 4 placing token on slot 1
[13:30:17.585] [SEVERE ] setting player 2 freeze to 0
[13:30:17.585] [SEVERE ] setting player 2 freeze to 0
[13:30:17.585] [SEVERE ] setting player 2 freeze to 0
[13:30:17.585] [SEVERE ] setting player 2 freeze to 0
[13:30:17.586] [SEVERE ] removing player 2 token from slot 1
[13:30:17.586] [SEVERE ] player 2 placing token on slot 10
[13:30:17.595] [SEVERE ] setting player 4 freeze to 0
[13:30:17.595] [SEVERE ] setting player 4 freeze to 0
[13:30:17.595] [SEVERE ] setting player 4 freeze to 0
[13:30:17.596] [SEVERE ] setting player 4 freeze to 0
[13:30:17.596] [SEVERE ] removing player 4 token from slot 5
[13:30:17.597] [SEVERE ] player 4 placing token on slot 5
[13:30:17.605] [SEVERE ] setting player 2 freeze to 0
[13:30:17.605] [SEVERE ] setting player 2 freeze to 0
[13:30:17.605] [SEVERE ] setting player 2 freeze to 0
[13:30:17.606] [SEVERE ] setting player 2 freeze to 0
[13:30:17.615] [SEVERE ] setting player 4 freeze to 0
[13:30:17.650] [SEVERE ] removing player 2 token from slot 8
[13:30:17.651] [SEVERE ] setting player 4 freeze to 0
[13:30:17.651] [SEVERE ] player 2 placing token on slot 7
[13:30:17.652] [SEVERE ] setting player 4 freeze to 0
[13:30:17.652] [SEVERE ] setting player 4 freeze to 0
[13:30:17.663] [SEVERE ] setting player 2 freeze to 0
[13:30:17.663] [SEVERE ] setting player 2 freeze to 0
[13:30:17.663] [SEVERE ] setting player 2 freeze to 0
[13:30:17.664] [SEVERE ] setting player 2 freeze to 0
[13:30:17.664] [SEVERE ] removing player 2 token from slot 7
[13:30:17.665] [SEVERE ] removing player 2 token from slot 10
[13:30:17.665] [SEVERE ] removing player 2 token from slot 11
[13:30:17.665] [SEVERE ] player 2 placing token on slot 5
[13:30:17.666] [SEVERE ] player 2 placing token on slot 11
[13:30:17.666] [SEVERE ] removing player 2 token from slot 11
[13:30:17.667] [SEVERE ] player 2 placing token on slot 6
[13:30:17.667] [SEVERE ] player 2 placing token on slot 8
[13:30:17.673] [SEVERE ] setting player 2 freeze to 0
[13:30:17.673] [SEVERE ] setting player 2 freeze to 0
[13:30:17.674] [SEVERE ] setting player 2 freeze to 0
[13:30:17.674] [SEVERE ] setting player 2 freeze to 0
[13:30:17.674] [SEVERE ] removing player 2 token from slot 5
[13:30:17.675] [SEVERE ] removing player 2 token from slot 6
[13:30:17.675] [SEVERE ] player 2 placing token on slot 1
[13:30:17.690] [SEVERE ] player 2 placing token on slot 10
[13:30:17.691] [SEVERE ] setting player 2 freeze to 0
[13:30:17.691] [SEVERE ] setting player 2 freeze to 0
[13:30:17.692] [SEVERE ] setting player 2 freeze to 0
[13:30:17.692] [SEVERE ] setting player 2 freeze to 0
[13:30:17.692] [SEVERE ] removing player 2 token from slot 10
[13:30:17.693] [SEVERE ] player 2 placing token on slot 11
[13:30:17.701] [SEVERE ] setting player 2 freeze to 0
[13:30:17.701] [SEVERE ] setting player 2 freeze to 0
[13:30:17.701] [SEVERE ] setting player 2 freeze to 0
[13:30:17.702] [SEVERE ] setting player 2 freeze to 0
[13:30:17.702] [SEVERE ] removing player 2 token from slot 11
[13:30:17.703] [SEVERE ] player 2 placing token on slot 4
[13:30:17.711] [SEVERE ] setting player 2 freeze to 0
[13:30:17.711] [SEVERE ] setting player 2 freeze to 0
[13:30:17.712] [SEVERE ] setting player 2 freeze to 0
[13:30:17.712] [SEVERE ] setting player 2 freeze to 0
[13:30:17.712] [SEVERE ] removing player 2 token from slot 1
[13:30:17.713] [SEVERE ] player 2 placing token on slot 9
[13:30:17.721] [SEVERE ] setting player 2 freeze to 0
[13:30:17.721] [SEVERE ] setting player 2 freeze to 0
[13:30:17.722] [SEVERE ] setting player 2 freeze to 0
[13:30:17.722] [SEVERE ] setting player 2 freeze to 0
[13:30:17.722] [SEVERE ] removing player 2 token from slot 4
[13:30:17.723] [SEVERE ] player 2 placing token on slot 3
[13:30:17.731] [SEVERE ] setting player 2 freeze to 0
[13:30:17.731] [SEVERE ] setting player 2 freeze to 0
[13:30:17.731] [SEVERE ] setting player 2 freeze to 0
[13:30:17.732] [SEVERE ] setting player 2 freeze to 0
[13:30:17.732] [SEVERE ] removing player 2 token from slot 3
[13:30:17.733] [SEVERE ] removing player 2 token from slot 9
[13:30:17.733] [SEVERE ] player 2 placing token on slot 2
[13:30:17.734] [SEVERE ] removing player 2 token from slot 2
[13:30:17.734] [SEVERE ] player 2 placing token on slot 4
[13:30:17.734] [SEVERE ] player 2 placing token on slot 7
[13:30:17.741] [SEVERE ] setting player 2 freeze to 0
[13:30:17.742] [SEVERE ] setting player 2 freeze to 0
[13:30:17.742] [SEVERE ] setting player 2 freeze to 0
[13:30:17.742] [SEVERE ] setting player 2 freeze to 0
[13:30:17.743] [SEVERE ] removing player 2 token from slot 8
[13:30:17.743] [SEVERE ] player 2 placing token on slot 2
[13:30:17.752] [SEVERE ] setting player 2 freeze to 0
[13:30:17.752] [SEVERE ] setting player 2 freeze to 0
[13:30:17.752] [SEVERE ] setting player 2 freeze to 0
[13:30:17.752] [SEVERE ] setting player 2 freeze to 0
[13:30:17.753] [SEVERE ] removing player 2 token from slot 4
[13:30:17.753] [SEVERE ] player 2 placing token on slot 11
[13:30:17.762] [SEVERE ] setting player 2 freeze to 0
[13:30:17.762] [SEVERE ] setting player 2 freeze to 0
[13:30:17.762] [SEVERE ] setting player 2 freeze to 0
[13:30:17.763] [SEVERE ] setting player 2 freeze to 0
[13:30:17.763] [SEVERE ] removing player 2 token from slot 7
[13:30:17.764] [SEVERE ] player 2 placing token on slot 5
[13:30:17.772] [SEVERE ] setting player 2 freeze to 0
[13:30:17.772] [SEVERE ] setting player 2 freeze to 0
[13:30:17.772] [SEVERE ] setting player 2 freeze to 0
[13:30:17.773] [SEVERE ] setting player 2 freeze to 0
[13:30:17.773] [SEVERE ] removing player 2 token from slot 2
[13:30:17.774] [SEVERE ] player 2 placing token on slot 7
[13:30:17.782] [SEVERE ] setting player 2 freeze to 0
[13:30:17.782] [SEVERE ] setting player 2 freeze to 0
[13:30:17.783] [SEVERE ] setting player 2 freeze to 0
[13:30:17.783] [SEVERE ] setting player 2 freeze to 0
[13:30:17.783] [SEVERE ] removing player 2 token from slot 7
[13:30:17.784] [SEVERE ] player 2 placing token on slot 6
[13:30:17.792] [SEVERE ] setting player 2 freeze to 0
[13:30:17.792] [SEVERE ] setting player 2 freeze to 0
[13:30:17.793] [SEVERE ] setting player 2 freeze to 0
[13:30:17.793] [SEVERE ] setting player 2 freeze to 0
[13:30:17.794] [SEVERE ] removing player 2 token from slot 6
[13:30:17.794] [SEVERE ] player 2 placing token on slot 2
[13:30:17.802] [SEVERE ] setting player 2 freeze to 0
[13:30:17.802] [SEVERE ] setting player 2 freeze to 0
[13:30:17.803] [SEVERE ] setting player 2 freeze to 0
[13:30:17.803] [SEVERE ] setting player 2 freeze to 0
[13:30:17.804] [SEVERE ] removing player 2 token from slot 5
[13:30:17.804] [SEVERE ] removing player 2 token from slot 11
[13:30:17.805] [SEVERE ] player 2 placing token on slot 6
[13:30:17.805] [SEVERE ] player 2 placing token on slot 1
[13:30:17.813] [SEVERE ] setting player 2 freeze to 0
[13:30:17.813] [SEVERE ] setting player 2 freeze to 0
[13:30:17.813] [SEVERE ] setting player 2 freeze to 0
[13:30:17.813] [SEVERE ] setting player 2 freeze to 0
[13:30:17.814] [SEVERE ] removing player 2 token from slot 6
[13:30:17.814] [SEVERE ] removing player 2 token from slot 2
[13:30:17.815] [SEVERE ] player 2 placing token on slot 9
[13:30:17.815] [SEVERE ] removing player 2 token from slot 1
[13:30:17.816] [SEVERE ] player 2 placing token on slot 1
[13:30:17.816] [SEVERE ] player 2 placing token on slot 2
[13:30:17.823] [SEVERE ] setting player 2 freeze to 0
[13:30:17.823] [SEVERE ] setting player 2 freeze to 0
[13:30:17.823] [SEVERE ] setting player 2 freeze to 0
[13:30:17.824] [SEVERE ] setting player 2 freeze to 0
[13:30:17.824] [SEVERE ] removing player 2 token from slot 1
[13:30:17.824] [SEVERE ] player 2 placing token on slot 7
[13:30:17.833] [SEVERE ] setting player 2 freeze to 0
[13:30:17.833] [SEVERE ] setting player 2 freeze to 0
[13:30:17.833] [SEVERE ] setting player 2 freeze to 0
[13:30:17.834] [SEVERE ] setting player 2 freeze to 0
[13:30:17.834] [SEVERE ] removing player 2 token from slot 2
[13:30:17.835] [SEVERE ] player 2 placing token on slot 6
[13:30:17.843] [SEVERE ] setting player 2 freeze to 0
[13:30:17.843] [SEVERE ] setting player 2 freeze to 0
[13:30:17.844] [SEVERE ] setting player 2 freeze to 0
[13:30:17.858] [SEVERE ] setting player 2 freeze to 0
[13:30:20.376] [SEVERE ] updating countdown to 5000
[13:30:20.376] [SEVERE ] updating countdown to 5000
[13:30:20.477] [SEVERE ] removing card from slot 0
[13:30:20.577] [SEVERE ] removing card from slot 1
