[12:39:54.158] [INFO   ] thread main starting.
[12:39:54.164] [SEVERE ] cannot read configuration file config.properties trying from resources.
[12:39:54.165] [SEVERE ] configuration file was loaded from resources directory.
[12:39:54.566] [INFO   ] thread dealer starting.
[12:39:54.566] [INFO   ] Thread dealer starting.
[12:39:54.673] [SEVERE ] placing card 11 in slot 0
[12:39:54.774] [SEVERE ] placing card 69 in slot 1
[12:39:54.875] [SEVERE ] placing card 64 in slot 2
[12:39:54.976] [SEVERE ] placing card 57 in slot 3
[12:39:55.078] [SEVERE ] placing card 37 in slot 4
[12:39:55.179] [SEVERE ] placing card 58 in slot 5
[12:39:55.280] [SEVERE ] placing card 67 in slot 6
[12:39:55.381] [SEVERE ] placing card 35 in slot 7
[12:39:55.482] [SEVERE ] placing card 50 in slot 8
[12:39:55.583] [SEVERE ] placing card 29 in slot 9
[12:39:55.685] [SEVERE ] placing card 13 in slot 10
[12:39:55.786] [SEVERE ] placing card 75 in slot 11
[12:39:55.788] [INFO   ] Thread Thread-1starting.
[12:39:55.789] [INFO   ] Thread Thread-4starting.
[12:39:55.788] [SEVERE ] updating countdown to 5000
[12:39:55.788] [INFO   ] Thread Thread-3starting.
[12:39:55.788] [INFO   ] Thread Thread-2starting.
[12:39:55.791] [INFO   ] Thread computer-2 starting.
[12:39:55.790] [INFO   ] Thread computer-0 starting.
[12:39:55.790] [INFO   ] Thread computer-3 starting.
[12:39:55.999] [SEVERE ] player 3 placing token on slot 5
[12:39:55.999] [INFO   ] Thread computer-1 starting.
[12:39:56.000] [SEVERE ] player 4 placing token on slot 4
[12:39:56.002] [SEVERE ] player 1 placing token on slot 1
[12:39:56.002] [SEVERE ] player 4 placing token on slot 8
[12:39:56.002] [SEVERE ] player 2 placing token on slot 11
[12:39:56.003] [SEVERE ] player 3 placing token on slot 8
[12:39:56.003] [SEVERE ] player 2 placing token on slot 8
[12:39:56.004] [SEVERE ] player 4 placing token on slot 5
[12:39:56.004] [SEVERE ] player 1 placing token on slot 5
[12:39:56.004] [SEVERE ] player 2 placing token on slot 9
[12:39:56.005] [SEVERE ] removing player 3 token from slot 8
[12:39:56.005] [SEVERE ] player 1 placing token on slot 7
[12:39:56.006] [SEVERE ] player 3 placing token on slot 3
[12:39:56.006] [SEVERE ] removing player 3 token from slot 3
[12:39:56.007] [SEVERE ] removing player 3 token from slot 5
[12:39:56.007] [SEVERE ] player 3 placing token on slot 9
[12:39:56.007] [SEVERE ] setting player 4 freeze to 0
[12:39:56.008] [SEVERE ] player 3 placing token on slot 2
[12:39:56.008] [SEVERE ] setting player 4 freeze to 0
[12:39:56.008] [SEVERE ] player 3 placing token on slot 3
[12:39:56.009] [SEVERE ] setting player 4 freeze to 0
[12:39:56.010] [SEVERE ] setting player 4 freeze to 0
[12:39:56.010] [SEVERE ] removing player 4 token from slot 5
[12:39:56.011] [SEVERE ] player 4 placing token on slot 5
[12:39:56.018] [SEVERE ] setting player 2 freeze to 0
[12:39:56.018] [SEVERE ] setting player 2 freeze to 0
[12:39:56.018] [SEVERE ] setting player 2 freeze to 0
[12:39:56.019] [SEVERE ] setting player 2 freeze to 0
[12:39:56.019] [SEVERE ] removing player 2 token from slot 11
[12:39:56.020] [SEVERE ] player 2 placing token on slot 1
[12:39:56.028] [SEVERE ] setting player 1 freeze to 0
[12:39:56.028] [SEVERE ] setting player 1 freeze to 0
[12:39:56.029] [SEVERE ] setting player 1 freeze to 0
[12:39:56.029] [SEVERE ] setting player 1 freeze to 0
[12:39:56.029] [SEVERE ] removing player 1 token from slot 7
[12:39:56.030] [SEVERE ] player 1 placing token on slot 3
[12:39:56.038] [SEVERE ] setting player 3 freeze to 0
[12:39:56.038] [SEVERE ] setting player 3 freeze to 0
[12:39:56.039] [SEVERE ] setting player 3 freeze to 0
[12:39:56.039] [SEVERE ] setting player 3 freeze to 0
[12:39:56.040] [SEVERE ] removing player 3 token from slot 3
[12:39:56.040] [SEVERE ] player 3 placing token on slot 10
[12:39:56.049] [SEVERE ] setting player 4 freeze to 0
[12:39:56.049] [SEVERE ] setting player 4 freeze to 0
[12:39:56.049] [SEVERE ] setting player 4 freeze to 0
[12:39:56.050] [SEVERE ] setting player 4 freeze to 0
[12:39:56.050] [SEVERE ] removing player 4 token from slot 8
[12:39:56.051] [SEVERE ] removing player 4 token from slot 4
[12:39:56.051] [SEVERE ] player 4 placing token on slot 1
[12:39:56.052] [SEVERE ] player 4 placing token on slot 11
[12:39:56.059] [SEVERE ] setting player 2 freeze to 0
[12:39:56.059] [SEVERE ] setting player 2 freeze to 0
[12:39:56.059] [SEVERE ] setting player 2 freeze to 0
[12:39:56.060] [SEVERE ] setting player 2 freeze to 0
[12:39:56.060] [SEVERE ] removing player 2 token from slot 9
[12:39:56.061] [SEVERE ] player 2 placing token on slot 6
[12:39:56.069] [SEVERE ] setting player 1 freeze to 0
[12:39:56.069] [SEVERE ] setting player 1 freeze to 0
[12:39:56.070] [SEVERE ] setting player 1 freeze to 0
[12:39:56.070] [SEVERE ] setting player 1 freeze to 0
[12:39:56.071] [SEVERE ] removing player 1 token from slot 5
[12:39:56.071] [SEVERE ] player 1 placing token on slot 8
[12:39:56.079] [SEVERE ] setting player 3 freeze to 0
[12:39:56.080] [SEVERE ] setting player 3 freeze to 0
[12:39:56.080] [SEVERE ] setting player 3 freeze to 0
[12:39:56.080] [SEVERE ] setting player 3 freeze to 0
[12:39:56.081] [SEVERE ] removing player 3 token from slot 10
[12:39:56.081] [SEVERE ] player 3 placing token on slot 5
[12:39:56.090] [SEVERE ] setting player 4 freeze to 0
[12:39:56.090] [SEVERE ] setting player 4 freeze to 0
[12:39:56.090] [SEVERE ] setting player 4 freeze to 0
[12:39:56.091] [SEVERE ] setting player 4 freeze to 0
[12:39:56.091] [SEVERE ] removing player 4 token from slot 11
[12:39:56.092] [SEVERE ] player 4 placing token on slot 7
[12:39:56.100] [SEVERE ] setting player 2 freeze to 0
[12:39:56.100] [SEVERE ] setting player 2 freeze to 0
[12:39:56.101] [SEVERE ] setting player 2 freeze to 0
[12:39:56.101] [SEVERE ] setting player 2 freeze to 0
[12:39:56.102] [SEVERE ] removing player 2 token from slot 1
[12:39:56.102] [SEVERE ] player 2 placing token on slot 9
[12:39:56.110] [SEVERE ] setting player 1 freeze to 0
[12:39:56.111] [SEVERE ] setting player 1 freeze to 0
[12:39:56.111] [SEVERE ] setting player 1 freeze to 0
[12:39:56.112] [SEVERE ] setting player 1 freeze to 0
[12:39:56.112] [SEVERE ] removing player 1 token from slot 1
[12:39:56.113] [SEVERE ] player 1 placing token on slot 2
[12:39:56.121] [SEVERE ] setting player 3 freeze to 0
[12:39:56.121] [SEVERE ] setting player 3 freeze to 0
[12:39:56.122] [SEVERE ] setting player 3 freeze to 0
[12:39:56.122] [SEVERE ] setting player 3 freeze to 0
[12:39:56.122] [SEVERE ] removing player 3 token from slot 5
[12:39:56.123] [SEVERE ] player 3 placing token on slot 11
[12:39:56.131] [SEVERE ] setting player 4 freeze to 0
[12:39:56.131] [SEVERE ] setting player 4 freeze to 0
[12:39:56.132] [SEVERE ] setting player 4 freeze to 0
[12:39:56.132] [SEVERE ] setting player 4 freeze to 0
[12:39:56.133] [SEVERE ] removing player 4 token from slot 7
[12:39:56.133] [SEVERE ] player 4 placing token on slot 4
[12:39:56.141] [SEVERE ] setting player 2 freeze to 0
[12:39:56.142] [SEVERE ] setting player 2 freeze to 0
[12:39:56.142] [SEVERE ] setting player 2 freeze to 0
[12:39:56.143] [SEVERE ] setting player 2 freeze to 0
[12:39:56.143] [SEVERE ] removing player 2 token from slot 9
[12:39:56.144] [SEVERE ] player 2 placing token on slot 11
[12:39:56.152] [SEVERE ] setting player 1 freeze to 0
[12:39:56.152] [SEVERE ] setting player 1 freeze to 0
[12:39:56.152] [SEVERE ] setting player 1 freeze to 0
[12:39:56.153] [SEVERE ] setting player 1 freeze to 0
[12:39:56.153] [SEVERE ] removing player 1 token from slot 3
[12:39:56.154] [SEVERE ] player 1 placing token on slot 4
[12:39:56.162] [SEVERE ] setting player 3 freeze to 0
[12:39:56.162] [SEVERE ] setting player 3 freeze to 0
[12:39:56.163] [SEVERE ] setting player 3 freeze to 0
[12:39:56.163] [SEVERE ] setting player 3 freeze to 0
[12:39:56.164] [SEVERE ] removing player 3 token from slot 2
[12:39:56.164] [SEVERE ] player 3 placing token on slot 4
[12:39:56.172] [SEVERE ] setting player 4 freeze to 0
[12:39:56.172] [SEVERE ] setting player 4 freeze to 0
[12:39:56.173] [SEVERE ] setting player 4 freeze to 0
[12:39:56.174] [SEVERE ] setting player 4 freeze to 0
[12:39:56.174] [SEVERE ] removing player 4 token from slot 1
[12:39:56.175] [SEVERE ] player 4 placing token on slot 2
[12:39:56.183] [SEVERE ] setting player 2 freeze to 0
[12:39:56.183] [SEVERE ] setting player 2 freeze to 0
[12:39:56.183] [SEVERE ] setting player 2 freeze to 0
[12:39:56.184] [SEVERE ] setting player 2 freeze to 0
[12:39:56.213] [SEVERE ] setting player 4 freeze to 0
[12:39:56.203] [SEVERE ] setting player 3 freeze to 0
[12:39:56.391] [SEVERE ] setting player 3 freeze to 0
[12:39:56.392] [SEVERE ] setting player 3 freeze to 0
[12:39:56.392] [SEVERE ] setting player 3 freeze to 0
[12:39:56.193] [SEVERE ] setting player 1 freeze to 0
[12:39:56.391] [SEVERE ] setting player 4 freeze to 0
[12:39:56.390] [SEVERE ] removing player 2 token from slot 11
[12:39:56.393] [SEVERE ] setting player 4 freeze to 0
[12:39:56.393] [SEVERE ] setting player 1 freeze to 0
[12:39:56.394] [SEVERE ] setting player 4 freeze to 0
[12:39:56.394] [SEVERE ] removing player 3 token from slot 11
[12:39:56.394] [SEVERE ] setting player 1 freeze to 0
[12:39:56.395] [SEVERE ] removing player 4 token from slot 4
[12:39:56.396] [SEVERE ] setting player 1 freeze to 0
[12:39:56.396] [SEVERE ] player 2 placing token on slot 10
[12:39:56.397] [SEVERE ] removing player 1 token from slot 4
[12:39:56.397] [SEVERE ] player 4 placing token on slot 10
[12:39:56.398] [SEVERE ] player 3 placing token on slot 3
[12:39:56.398] [SEVERE ] player 1 placing token on slot 5
[12:39:56.407] [SEVERE ] setting player 2 freeze to 0
[12:39:56.407] [SEVERE ] setting player 2 freeze to 0
[12:39:56.408] [SEVERE ] setting player 2 freeze to 0
[12:39:56.408] [SEVERE ] setting player 2 freeze to 0
[12:39:56.409] [SEVERE ] removing player 2 token from slot 10
[12:39:56.409] [SEVERE ] player 2 placing token on slot 9
[12:39:56.417] [SEVERE ] setting player 4 freeze to 0
[12:39:56.418] [SEVERE ] setting player 4 freeze to 0
[12:39:56.418] [SEVERE ] setting player 4 freeze to 0
[12:39:56.419] [SEVERE ] setting player 4 freeze to 0
[12:39:56.419] [SEVERE ] removing player 4 token from slot 2
[12:39:56.420] [SEVERE ] player 4 placing token on slot 3
[12:39:56.428] [SEVERE ] setting player 3 freeze to 0
[12:39:56.428] [SEVERE ] setting player 3 freeze to 0
[12:39:56.428] [SEVERE ] setting player 3 freeze to 0
[12:39:56.429] [SEVERE ] setting player 3 freeze to 0
[12:39:56.429] [SEVERE ] removing player 3 token from slot 9
[12:39:56.430] [SEVERE ] player 3 placing token on slot 1
[12:39:56.438] [SEVERE ] setting player 1 freeze to 0
[12:39:56.446] [SEVERE ] setting player 1 freeze to 0
[12:39:56.447] [SEVERE ] setting player 1 freeze to 0
[12:39:56.447] [SEVERE ] setting player 1 freeze to 0
[12:39:56.448] [SEVERE ] removing player 1 token from slot 8
[12:39:56.448] [SEVERE ] setting player 2 freeze to 0
[12:39:56.448] [SEVERE ] removing player 1 token from slot 2
[12:39:56.449] [SEVERE ] setting player 2 freeze to 0
[12:39:56.449] [SEVERE ] player 1 placing token on slot 2
[12:39:56.449] [SEVERE ] setting player 2 freeze to 0
[12:39:56.450] [SEVERE ] player 1 placing token on slot 11
[12:39:56.450] [SEVERE ] setting player 2 freeze to 0
[12:39:56.452] [SEVERE ] removing player 2 token from slot 6
[12:39:56.452] [SEVERE ] player 2 placing token on slot 2
[12:39:56.458] [SEVERE ] setting player 4 freeze to 0
[12:39:56.459] [SEVERE ] setting player 4 freeze to 0
[12:39:56.459] [SEVERE ] setting player 4 freeze to 0
[12:39:56.460] [SEVERE ] setting player 4 freeze to 0
[12:39:56.460] [SEVERE ] removing player 4 token from slot 3
[12:39:56.461] [SEVERE ] player 4 placing token on slot 8
[12:39:56.469] [SEVERE ] setting player 3 freeze to 0
[12:39:56.469] [SEVERE ] setting player 3 freeze to 0
[12:39:56.469] [SEVERE ] setting player 3 freeze to 0
[12:39:56.470] [SEVERE ] setting player 3 freeze to 0
[12:39:56.470] [SEVERE ] removing player 3 token from slot 3
[12:39:56.471] [SEVERE ] player 3 placing token on slot 11
[12:39:56.479] [SEVERE ] setting player 1 freeze to 0
[12:39:56.479] [SEVERE ] setting player 1 freeze to 0
[12:39:56.480] [SEVERE ] setting player 1 freeze to 0
[12:39:56.480] [SEVERE ] setting player 1 freeze to 0
[12:39:56.481] [SEVERE ] removing player 1 token from slot 5
[12:39:56.481] [SEVERE ] player 1 placing token on slot 1
[12:39:56.489] [SEVERE ] setting player 2 freeze to 0
[12:39:56.489] [SEVERE ] setting player 2 freeze to 0
[12:39:56.490] [SEVERE ] setting player 2 freeze to 0
[12:39:56.490] [SEVERE ] setting player 2 freeze to 0
[12:39:56.490] [SEVERE ] removing player 2 token from slot 8
[12:39:56.491] [SEVERE ] removing player 2 token from slot 2
[12:39:56.491] [SEVERE ] player 2 placing token on slot 1
[12:39:56.492] [SEVERE ] player 2 placing token on slot 10
[12:39:56.499] [SEVERE ] setting player 4 freeze to 0
[12:39:56.500] [SEVERE ] setting player 4 freeze to 0
[12:39:56.500] [SEVERE ] setting player 4 freeze to 0
[12:39:56.500] [SEVERE ] setting player 4 freeze to 0
[12:39:56.501] [SEVERE ] removing player 4 token from slot 10
[12:39:56.501] [SEVERE ] player 4 placing token on slot 10
[12:39:56.510] [SEVERE ] setting player 3 freeze to 0
[12:39:56.510] [SEVERE ] setting player 3 freeze to 0
[12:39:56.510] [SEVERE ] setting player 3 freeze to 0
[12:39:56.511] [SEVERE ] setting player 3 freeze to 0
[12:39:56.511] [SEVERE ] removing player 3 token from slot 1
[12:39:56.512] [SEVERE ] player 3 placing token on slot 7
[12:39:56.520] [SEVERE ] setting player 1 freeze to 0
[12:39:56.520] [SEVERE ] setting player 1 freeze to 0
[12:39:56.521] [SEVERE ] setting player 1 freeze to 0
[12:39:56.521] [SEVERE ] setting player 1 freeze to 0
[12:39:56.521] [SEVERE ] removing player 1 token from slot 1
[12:39:56.522] [SEVERE ] player 1 placing token on slot 1
[12:39:56.530] [SEVERE ] setting player 2 freeze to 0
[12:39:56.530] [SEVERE ] setting player 2 freeze to 0
[12:39:56.531] [SEVERE ] setting player 2 freeze to 0
[12:39:56.531] [SEVERE ] setting player 2 freeze to 0
[12:39:56.532] [SEVERE ] removing player 2 token from slot 1
[12:39:56.532] [SEVERE ] player 2 placing token on slot 1
[12:39:56.540] [SEVERE ] setting player 4 freeze to 0
[12:39:56.547] [SEVERE ] setting player 4 freeze to 0
[12:39:56.547] [SEVERE ] setting player 4 freeze to 0
[12:39:56.548] [SEVERE ] setting player 4 freeze to 0
[12:39:56.548] [SEVERE ] removing player 4 token from slot 5
[12:39:56.549] [SEVERE ] player 4 placing token on slot 4
[12:39:56.551] [SEVERE ] setting player 3 freeze to 0
[12:39:56.551] [SEVERE ] setting player 3 freeze to 0
[12:39:56.551] [SEVERE ] setting player 3 freeze to 0
[12:39:56.552] [SEVERE ] setting player 3 freeze to 0
[12:39:56.552] [SEVERE ] removing player 3 token from slot 11
[12:39:56.553] [SEVERE ] player 3 placing token on slot 2
[12:39:56.561] [SEVERE ] setting player 1 freeze to 0
[12:39:56.561] [SEVERE ] setting player 1 freeze to 0
[12:39:56.562] [SEVERE ] setting player 1 freeze to 0
[12:39:56.562] [SEVERE ] setting player 1 freeze to 0
[12:39:56.563] [SEVERE ] removing player 1 token from slot 1
[12:39:56.563] [SEVERE ] player 1 placing token on slot 6
[12:39:56.571] [SEVERE ] setting player 2 freeze to 0
[12:39:56.571] [SEVERE ] setting player 2 freeze to 0
[12:39:56.572] [SEVERE ] setting player 2 freeze to 0
[12:39:56.572] [SEVERE ] setting player 2 freeze to 0
[12:39:56.573] [SEVERE ] removing player 2 token from slot 1
[12:39:56.573] [SEVERE ] player 2 placing token on slot 3
[12:39:56.581] [SEVERE ] setting player 4 freeze to 0
[12:39:56.581] [SEVERE ] setting player 4 freeze to 0
[12:39:56.582] [SEVERE ] setting player 4 freeze to 0
[12:39:56.582] [SEVERE ] setting player 4 freeze to 0
[12:39:56.583] [SEVERE ] removing player 4 token from slot 10
[12:39:56.583] [SEVERE ] player 4 placing token on slot 1
[12:39:56.592] [SEVERE ] setting player 3 freeze to 0
[12:39:56.592] [SEVERE ] setting player 3 freeze to 0
[12:39:56.593] [SEVERE ] setting player 3 freeze to 0
[12:39:56.593] [SEVERE ] setting player 3 freeze to 0
[12:39:56.593] [SEVERE ] removing player 3 token from slot 7
[12:39:56.594] [SEVERE ] player 3 placing token on slot 1
[12:39:56.602] [SEVERE ] setting player 1 freeze to 0
[12:39:56.602] [SEVERE ] setting player 1 freeze to 0
[12:39:56.603] [SEVERE ] setting player 1 freeze to 0
[12:39:56.603] [SEVERE ] setting player 1 freeze to 0
[12:39:56.604] [SEVERE ] removing player 1 token from slot 2
[12:39:56.604] [SEVERE ] removing player 1 token from slot 6
[12:39:56.605] [SEVERE ] player 1 placing token on slot 8
[12:39:56.605] [SEVERE ] removing player 1 token from slot 8
[12:39:56.606] [SEVERE ] player 1 placing token on slot 5
[12:39:56.606] [SEVERE ] player 1 placing token on slot 6
[12:39:56.612] [SEVERE ] setting player 2 freeze to 0
[12:39:56.612] [SEVERE ] setting player 2 freeze to 0
[12:39:56.613] [SEVERE ] setting player 2 freeze to 0
[12:39:56.613] [SEVERE ] setting player 2 freeze to 0
[12:39:56.614] [SEVERE ] removing player 2 token from slot 9
[12:39:56.614] [SEVERE ] player 2 placing token on slot 8
[12:39:56.623] [SEVERE ] setting player 4 freeze to 0
[12:39:56.623] [SEVERE ] setting player 4 freeze to 0
[12:39:56.623] [SEVERE ] setting player 4 freeze to 0
[12:39:56.624] [SEVERE ] setting player 4 freeze to 0
[12:39:56.624] [SEVERE ] removing player 4 token from slot 8
[12:39:56.624] [SEVERE ] player 4 placing token on slot 8
[12:39:56.633] [SEVERE ] setting player 3 freeze to 0
[12:39:56.633] [SEVERE ] setting player 3 freeze to 0
[12:39:56.633] [SEVERE ] setting player 3 freeze to 0
[12:39:56.634] [SEVERE ] setting player 3 freeze to 0
[12:39:56.634] [SEVERE ] removing player 3 token from slot 1
[12:39:56.635] [SEVERE ] player 3 placing token on slot 10
[12:39:56.643] [SEVERE ] setting player 1 freeze to 0
[12:39:56.643] [SEVERE ] setting player 1 freeze to 0
[12:39:56.643] [SEVERE ] setting player 1 freeze to 0
[12:39:56.644] [SEVERE ] setting player 1 freeze to 0
[12:39:56.644] [SEVERE ] removing player 1 token from slot 6
[12:39:56.645] [SEVERE ] player 1 placing token on slot 9
[12:39:56.653] [SEVERE ] updating countdown to 5000
[12:39:56.653] [SEVERE ] setting player 2 score to 1
[12:39:56.653] [SEVERE ] removing player 2 token from slot 3
[12:39:56.654] [SEVERE ] setting player 2 freeze to 0
[12:39:56.655] [SEVERE ] setting player 2 freeze to 0
[12:39:56.655] [SEVERE ] removing player 2 token from slot 3
[12:39:56.655] [SEVERE ] removing player 2 token from slot 8
[12:39:56.656] [SEVERE ] player 2 placing token on slot 7
[12:39:56.656] [SEVERE ] player 2 placing token on slot 2
[12:39:56.754] [SEVERE ] removing card from slot 3
[12:39:56.754] [SEVERE ] removing player 2 token from slot 7
[12:39:56.855] [SEVERE ] removing card from slot 7
[12:39:56.855] [SEVERE ] removing player 2 token from slot 10
[12:39:56.956] [SEVERE ] removing card from slot 10
[12:39:56.956] [SEVERE ] removing player 2 token from slot 10
[12:39:56.957] [SEVERE ] removing player 2 token from slot 7
[12:39:56.957] [SEVERE ] removing player 3 token from slot 10
[12:39:57.058] [SEVERE ] placing card 28 in slot 3
[12:39:57.158] [SEVERE ] placing card 42 in slot 7
[12:39:57.258] [SEVERE ] placing card 54 in slot 10
[12:39:57.269] [SEVERE ] setting player 4 freeze to 0
[12:39:57.269] [SEVERE ] setting player 4 freeze to 0
[12:39:57.269] [SEVERE ] setting player 4 freeze to 0
[12:39:57.270] [SEVERE ] setting player 4 freeze to 0
[12:39:57.270] [SEVERE ] removing player 4 token from slot 1
[12:39:57.271] [SEVERE ] player 4 placing token on slot 7
[12:39:57.279] [SEVERE ] setting player 3 freeze to 0
[12:39:57.279] [SEVERE ] setting player 3 freeze to 0
[12:39:57.280] [SEVERE ] setting player 3 freeze to 0
[12:39:57.280] [SEVERE ] setting player 3 freeze to 0
[12:39:57.280] [SEVERE ] player 3 placing token on slot 5
[12:39:57.289] [SEVERE ] setting player 1 freeze to 0
[12:39:57.289] [SEVERE ] setting player 1 freeze to 0
[12:39:57.290] [SEVERE ] setting player 1 freeze to 0
[12:39:57.290] [SEVERE ] setting player 1 freeze to 0
[12:39:57.291] [SEVERE ] removing player 1 token from slot 5
[12:39:57.291] [SEVERE ] player 1 placing token on slot 7
[12:39:57.299] [SEVERE ] setting player 2 freeze to 0
[12:39:57.299] [SEVERE ] setting player 2 freeze to 0
[12:39:57.300] [SEVERE ] setting player 2 freeze to 0
[12:39:57.301] [SEVERE ] setting player 2 freeze to 0
[12:39:57.301] [SEVERE ] player 2 placing token on slot 4
[12:39:57.302] [SEVERE ] player 2 placing token on slot 2
[12:39:57.302] [SEVERE ] player 2 placing token on slot 6
[12:39:57.310] [SEVERE ] setting player 4 freeze to 0
[12:39:57.310] [SEVERE ] setting player 4 freeze to 0
[12:39:57.311] [SEVERE ] setting player 4 freeze to 0
[12:39:57.311] [SEVERE ] setting player 4 freeze to 0
[12:39:57.312] [SEVERE ] removing player 4 token from slot 8
[12:39:57.312] [SEVERE ] player 4 placing token on slot 5
[12:39:57.324] [SEVERE ] setting player 3 freeze to 0
[12:39:57.324] [SEVERE ] setting player 3 freeze to 0
[12:39:57.325] [SEVERE ] setting player 3 freeze to 0
[12:39:57.325] [SEVERE ] setting player 3 freeze to 0
[12:39:57.326] [SEVERE ] removing player 3 token from slot 4
[12:39:57.326] [SEVERE ] removing player 3 token from slot 5
[12:39:57.326] [SEVERE ] player 3 placing token on slot 5
[12:39:57.327] [SEVERE ] player 3 placing token on slot 7
[12:39:57.334] [SEVERE ] setting player 1 freeze to 0
[12:39:57.335] [SEVERE ] setting player 1 freeze to 0
[12:39:57.335] [SEVERE ] setting player 1 freeze to 0
[12:39:57.336] [SEVERE ] setting player 1 freeze to 0
[12:39:57.336] [SEVERE ] removing player 1 token from slot 7
[12:39:57.337] [SEVERE ] player 1 placing token on slot 5
