[22:18:43.239] [INFO   ] thread main starting.
[22:18:43.245] [SEVERE ] cannot read configuration file config.properties trying from resources.
[22:18:43.246] [SEVERE ] configuration file was loaded from resources directory.
[22:18:43.621] [INFO   ] thread dealer starting.
[22:18:43.629] [INFO   ] Thread dealer starting.
[22:18:43.735] [SEVERE ] placing card 27 in slot 0
[22:18:43.835] [SEVERE ] placing card 6 in slot 1
[22:18:43.936] [SEVERE ] placing card 40 in slot 2
[22:18:44.037] [SEVERE ] placing card 4 in slot 3
[22:18:44.138] [SEVERE ] placing card 61 in slot 4
[22:18:44.239] [SEVERE ] placing card 69 in slot 5
[22:18:44.340] [SEVERE ] placing card 35 in slot 6
[22:18:44.441] [SEVERE ] placing card 49 in slot 7
[22:18:44.543] [SEVERE ] placing card 24 in slot 8
[22:18:44.644] [SEVERE ] placing card 45 in slot 9
[22:18:44.745] [SEVERE ] placing card 46 in slot 10
[22:18:44.846] [SEVERE ] placing card 25 in slot 11
[22:18:44.848] [INFO   ] Thread Thread-1starting.
[22:18:44.849] [SEVERE ] updating countdown to 5000
[22:18:44.849] [INFO   ] Thread Thread-3starting.
[22:18:44.848] [INFO   ] Thread Thread-2starting.
[22:18:44.852] [INFO   ] Thread computer-0 starting.
[22:18:44.850] [INFO   ] Thread Thread-4starting.
[22:18:44.858] [SEVERE ] player 1 placing token on slot 8
[22:18:44.860] [SEVERE ] player 1 placing token on slot 3
[22:18:44.861] [SEVERE ] player 1 placing token on slot 6
[22:18:44.862] [INFO   ] Thread computer-2 starting.
[22:18:44.870] [SEVERE ] player 3 placing token on slot 6
[22:18:44.871] [SEVERE ] player 3 placing token on slot 1
[22:18:44.874] [SEVERE ] player 3 placing token on slot 5
[22:18:44.869] [SEVERE ] setting player 1 freeze to 0
[22:18:44.875] [INFO   ] Thread computer-3 starting.
[22:18:44.876] [SEVERE ] setting player 1 freeze to 0
[22:18:44.877] [SEVERE ] player 4 placing token on slot 10
[22:18:44.879] [SEVERE ] setting player 3 freeze to 0
[22:18:44.877] [SEVERE ] setting player 1 freeze to 0
[22:18:44.881] [SEVERE ] setting player 3 freeze to 0
[22:18:44.880] [SEVERE ] player 4 placing token on slot 1
[22:18:44.882] [SEVERE ] setting player 3 freeze to 0
[22:18:44.881] [SEVERE ] setting player 1 freeze to 0
[22:18:44.882] [SEVERE ] setting player 3 freeze to 0
[22:18:44.882] [SEVERE ] player 4 placing token on slot 9
[22:18:44.883] [SEVERE ] removing player 3 token from slot 1
[22:18:44.883] [SEVERE ] removing player 1 token from slot 8
[22:18:44.884] [SEVERE ] player 3 placing token on slot 8
[22:18:44.885] [SEVERE ] player 1 placing token on slot 10
[22:18:44.889] [INFO   ] Thread computer-1 starting.
[22:18:44.890] [SEVERE ] player 2 placing token on slot 4
[22:18:44.890] [SEVERE ] setting player 4 freeze to 0
[22:18:44.890] [SEVERE ] player 2 placing token on slot 9
[22:18:44.891] [SEVERE ] setting player 4 freeze to 0
[22:18:44.891] [SEVERE ] player 2 placing token on slot 11
[22:18:44.892] [SEVERE ] setting player 4 freeze to 0
[22:18:44.893] [SEVERE ] setting player 4 freeze to 0
[22:18:44.893] [SEVERE ] removing player 4 token from slot 10
[22:18:44.894] [SEVERE ] player 4 placing token on slot 6
[22:18:44.900] [SEVERE ] setting player 3 freeze to 0
[22:18:44.900] [SEVERE ] setting player 3 freeze to 0
[22:18:44.901] [SEVERE ] setting player 3 freeze to 0
[22:18:44.901] [SEVERE ] setting player 3 freeze to 0
[22:18:44.902] [SEVERE ] removing player 3 token from slot 8
[22:18:44.903] [SEVERE ] player 3 placing token on slot 2
[22:18:44.910] [SEVERE ] setting player 1 freeze to 0
[22:18:44.911] [SEVERE ] setting player 1 freeze to 0
[22:18:44.911] [SEVERE ] setting player 1 freeze to 0
[22:18:44.912] [SEVERE ] setting player 1 freeze to 0
[22:18:44.912] [SEVERE ] removing player 1 token from slot 6
[22:18:44.913] [SEVERE ] player 1 placing token on slot 6
[22:18:44.921] [SEVERE ] setting player 2 freeze to 0
[22:18:44.921] [SEVERE ] setting player 2 freeze to 0
[22:18:44.922] [SEVERE ] setting player 2 freeze to 0
[22:18:44.923] [SEVERE ] setting player 2 freeze to 0
[22:18:44.923] [SEVERE ] removing player 2 token from slot 11
[22:18:44.924] [SEVERE ] player 2 placing token on slot 2
[22:18:44.932] [SEVERE ] setting player 4 freeze to 0
[22:18:44.932] [SEVERE ] setting player 4 freeze to 0
[22:18:44.932] [SEVERE ] setting player 4 freeze to 0
[22:18:44.933] [SEVERE ] setting player 4 freeze to 0
[22:18:44.933] [SEVERE ] removing player 4 token from slot 1
[22:18:44.934] [SEVERE ] removing player 4 token from slot 9
[22:18:44.934] [SEVERE ] player 4 placing token on slot 4
[22:18:44.936] [SEVERE ] player 4 placing token on slot 10
[22:18:44.942] [SEVERE ] setting player 3 freeze to 0
[22:18:44.942] [SEVERE ] setting player 3 freeze to 0
[22:18:44.943] [SEVERE ] setting player 3 freeze to 0
[22:18:44.943] [SEVERE ] setting player 3 freeze to 0
[22:18:44.944] [SEVERE ] removing player 3 token from slot 2
[22:18:44.944] [SEVERE ] removing player 3 token from slot 5
[22:18:44.945] [SEVERE ] player 3 placing token on slot 10
[22:18:44.945] [SEVERE ] player 3 placing token on slot 5
[22:18:44.953] [SEVERE ] setting player 1 freeze to 0
[22:18:44.953] [SEVERE ] setting player 1 freeze to 0
[22:18:44.954] [SEVERE ] setting player 1 freeze to 0
[22:18:44.955] [SEVERE ] setting player 1 freeze to 0
[22:18:44.955] [SEVERE ] removing player 1 token from slot 10
[22:18:44.956] [SEVERE ] player 1 placing token on slot 11
[22:18:44.963] [SEVERE ] setting player 2 freeze to 0
[22:18:44.963] [SEVERE ] setting player 2 freeze to 0
[22:18:44.964] [SEVERE ] setting player 2 freeze to 0
[22:18:44.964] [SEVERE ] setting player 2 freeze to 0
[22:18:44.965] [SEVERE ] removing player 2 token from slot 9
[22:18:44.965] [SEVERE ] player 2 placing token on slot 6
[22:18:44.974] [SEVERE ] setting player 4 freeze to 0
[22:18:44.974] [SEVERE ] setting player 4 freeze to 0
[22:18:44.974] [SEVERE ] setting player 4 freeze to 0
[22:18:44.975] [SEVERE ] setting player 4 freeze to 0
[22:18:44.975] [SEVERE ] removing player 4 token from slot 4
[22:18:44.976] [SEVERE ] player 4 placing token on slot 8
[22:18:44.984] [SEVERE ] setting player 3 freeze to 0
[22:18:44.984] [SEVERE ] setting player 3 freeze to 0
[22:18:44.985] [SEVERE ] setting player 3 freeze to 0
[22:18:44.985] [SEVERE ] setting player 3 freeze to 0
[22:18:44.986] [SEVERE ] removing player 3 token from slot 10
[22:18:44.986] [SEVERE ] player 3 placing token on slot 10
[22:18:44.994] [SEVERE ] setting player 1 freeze to 0
[22:18:44.994] [SEVERE ] setting player 1 freeze to 0
[22:18:44.995] [SEVERE ] setting player 1 freeze to 0
[22:18:44.995] [SEVERE ] setting player 1 freeze to 0
[22:18:44.996] [SEVERE ] removing player 1 token from slot 6
[22:18:44.996] [SEVERE ] player 1 placing token on slot 1
[22:18:45.005] [SEVERE ] setting player 2 freeze to 0
[22:18:45.005] [SEVERE ] setting player 2 freeze to 0
[22:18:45.006] [SEVERE ] setting player 2 freeze to 0
[22:18:45.006] [SEVERE ] setting player 2 freeze to 0
[22:18:45.007] [SEVERE ] removing player 2 token from slot 2
[22:18:45.007] [SEVERE ] player 2 placing token on slot 9
[22:18:45.015] [SEVERE ] setting player 4 freeze to 0
[22:18:45.015] [SEVERE ] setting player 4 freeze to 0
[22:18:45.016] [SEVERE ] setting player 4 freeze to 0
[22:18:45.016] [SEVERE ] setting player 4 freeze to 0
[22:18:45.017] [SEVERE ] removing player 4 token from slot 6
[22:18:45.017] [SEVERE ] removing player 4 token from slot 8
[22:18:45.017] [SEVERE ] player 4 placing token on slot 3
[22:18:45.018] [SEVERE ] player 4 placing token on slot 2
[22:18:45.026] [SEVERE ] setting player 3 freeze to 0
[22:18:45.026] [SEVERE ] setting player 3 freeze to 0
[22:18:45.026] [SEVERE ] setting player 3 freeze to 0
[22:18:45.027] [SEVERE ] setting player 3 freeze to 0
[22:18:45.028] [SEVERE ] removing player 3 token from slot 6
[22:18:45.028] [SEVERE ] player 3 placing token on slot 6
[22:18:45.036] [SEVERE ] setting player 1 freeze to 0
[22:18:45.036] [SEVERE ] setting player 1 freeze to 0
[22:18:45.037] [SEVERE ] setting player 1 freeze to 0
[22:18:45.037] [SEVERE ] setting player 1 freeze to 0
[22:18:45.038] [SEVERE ] removing player 1 token from slot 3
[22:18:45.039] [SEVERE ] player 1 placing token on slot 7
[22:18:45.048] [SEVERE ] setting player 2 freeze to 0
[22:18:45.048] [SEVERE ] setting player 2 freeze to 0
[22:18:45.049] [SEVERE ] setting player 2 freeze to 0
[22:18:45.049] [SEVERE ] setting player 2 freeze to 0
[22:18:45.050] [SEVERE ] removing player 2 token from slot 4
[22:18:45.050] [SEVERE ] player 2 placing token on slot 3
[22:18:45.059] [SEVERE ] setting player 4 freeze to 0
[22:18:45.059] [SEVERE ] setting player 4 freeze to 0
[22:18:45.059] [SEVERE ] setting player 4 freeze to 0
[22:18:45.060] [SEVERE ] setting player 4 freeze to 0
[22:18:45.060] [SEVERE ] removing player 4 token from slot 2
[22:18:45.061] [SEVERE ] player 4 placing token on slot 2
[22:18:45.069] [SEVERE ] setting player 3 freeze to 0
[22:18:45.069] [SEVERE ] setting player 3 freeze to 0
[22:18:45.071] [SEVERE ] setting player 3 freeze to 0
[22:18:45.072] [SEVERE ] setting player 3 freeze to 0
[22:18:45.072] [SEVERE ] removing player 3 token from slot 10
[22:18:45.072] [SEVERE ] player 3 placing token on slot 11
[22:18:45.080] [SEVERE ] setting player 1 freeze to 0
[22:18:45.080] [SEVERE ] setting player 1 freeze to 0
[22:18:45.080] [SEVERE ] setting player 1 freeze to 0
[22:18:45.081] [SEVERE ] setting player 1 freeze to 0
[22:18:45.081] [SEVERE ] removing player 1 token from slot 1
[22:18:45.082] [SEVERE ] player 1 placing token on slot 1
[22:18:45.090] [SEVERE ] setting player 2 freeze to 0
[22:18:45.090] [SEVERE ] setting player 2 freeze to 0
[22:18:45.090] [SEVERE ] setting player 2 freeze to 0
[22:18:45.091] [SEVERE ] setting player 2 freeze to 0
[22:18:45.091] [SEVERE ] removing player 2 token from slot 9
[22:18:45.092] [SEVERE ] player 2 placing token on slot 8
[22:18:45.100] [SEVERE ] setting player 4 freeze to 0
[22:18:45.100] [SEVERE ] setting player 4 freeze to 0
[22:18:45.101] [SEVERE ] setting player 4 freeze to 0
[22:18:45.101] [SEVERE ] setting player 4 freeze to 0
[22:18:45.102] [SEVERE ] removing player 4 token from slot 2
[22:18:45.102] [SEVERE ] player 4 placing token on slot 6
[22:18:45.110] [SEVERE ] updating countdown to 5000
[22:18:45.110] [SEVERE ] setting player 3 score to 1
[22:18:45.111] [SEVERE ] setting player 3 freeze to 0
[22:18:45.112] [SEVERE ] setting player 3 freeze to 0
[22:18:45.112] [SEVERE ] removing player 3 token from slot 5
[22:18:45.113] [SEVERE ] player 3 placing token on slot 8
[22:19:07.608] [SEVERE ] removing player 3 token from slot 6
[22:19:07.708] [SEVERE ] removing card from slot 6
[22:19:09.063] [SEVERE ] removing player 3 token from slot 8
[22:19:09.163] [SEVERE ] removing card from slot 8
[22:19:11.441] [SEVERE ] removing player 3 token from slot 11
[22:19:11.542] [SEVERE ] removing card from slot 11
[22:19:11.542] [SEVERE ] removing player 1 token from slot 1
[22:19:11.649] [SEVERE ] placing card 14 in slot 6
[22:19:11.753] [SEVERE ] placing card 8 in slot 8
[22:19:11.857] [SEVERE ] placing card 3 in slot 11
[22:19:11.857] [SEVERE ] updating countdown to 5000
[22:19:11.961] [SEVERE ] removing card from slot 0
[22:19:12.061] [SEVERE ] removing card from slot 1
[22:19:12.161] [SEVERE ] removing card from slot 2
[22:19:12.262] [SEVERE ] removing card from slot 3
[22:19:12.362] [SEVERE ] removing card from slot 4
[22:19:12.462] [SEVERE ] removing card from slot 5
[22:19:12.563] [SEVERE ] removing card from slot 6
[22:19:12.663] [SEVERE ] removing card from slot 7
[22:19:12.763] [SEVERE ] removing card from slot 8
[22:19:12.864] [SEVERE ] removing card from slot 9
[22:19:12.964] [SEVERE ] removing card from slot 10
[22:19:13.064] [SEVERE ] removing card from slot 11
[22:19:13.065] [SEVERE ] removing all tokens
[22:19:13.165] [SEVERE ] placing card 69 in slot 0
[22:19:13.266] [SEVERE ] placing card 59 in slot 1
[22:19:13.366] [SEVERE ] placing card 58 in slot 2
[22:19:13.466] [SEVERE ] placing card 65 in slot 3
[22:19:13.567] [SEVERE ] placing card 44 in slot 4
[22:19:13.667] [SEVERE ] placing card 13 in slot 5
[22:19:13.767] [SEVERE ] placing card 71 in slot 6
[22:19:13.868] [SEVERE ] placing card 75 in slot 7
[22:19:13.968] [SEVERE ] placing card 11 in slot 8
[22:19:14.068] [SEVERE ] placing card 19 in slot 9
[22:19:14.170] [SEVERE ] placing card 55 in slot 10
[22:19:14.270] [SEVERE ] placing card 30 in slot 11
[22:19:14.273] [INFO   ] Thread Thread-5starting.
[22:19:14.277] [INFO   ] Thread Thread-6starting.
[22:19:14.285] [INFO   ] Thread computer-0 starting.
[22:19:14.293] [INFO   ] Thread Thread-7starting.
[22:19:14.301] [SEVERE ] updating countdown to 5000
[22:19:14.301] [INFO   ] Thread Thread-8starting.
[22:19:14.325] [INFO   ] Thread computer-2 starting.
[22:19:14.333] [INFO   ] Thread computer-1 starting.
[22:19:14.353] [INFO   ] Thread computer-3 starting.
[22:19:15.301] [SEVERE ] updating countdown to 5000
[22:19:15.317] [SEVERE ] setting player 1 score to 1
[22:19:15.317] [SEVERE ] setting player 1 freeze to 0
[22:19:15.317] [SEVERE ] setting player 1 freeze to 0
[22:19:15.318] [SEVERE ] player 1 placing token on slot 5
[22:19:15.318] [SEVERE ] player 1 placing token on slot 6
[22:19:15.319] [SEVERE ] removing player 1 token from slot 5
[22:19:15.319] [SEVERE ] player 1 placing token on slot 7
[22:19:15.319] [SEVERE ] removing player 1 token from slot 6
[22:19:15.319] [SEVERE ] player 1 placing token on slot 11
[22:19:15.319] [SEVERE ] player 1 placing token on slot 1
[22:19:15.401] [SEVERE ] placing card 47 in slot 0
[22:19:15.502] [SEVERE ] placing card 38 in slot 0
[22:19:15.602] [SEVERE ] placing card 78 in slot 0
[22:19:15.647] [SEVERE ] updating countdown to 5000
[22:19:15.647] [SEVERE ] setting player 2 score to 1
[22:19:15.650] [SEVERE ] setting player 2 freeze to 0
[22:19:15.650] [SEVERE ] setting player 2 freeze to 0
[22:19:15.650] [SEVERE ] player 2 placing token on slot 6
[22:19:15.650] [SEVERE ] player 2 placing token on slot 9
[22:19:15.650] [SEVERE ] player 2 placing token on slot 11
