[16:46:30.064] [INFO   ] thread main starting.
[16:46:30.080] [SEVERE ] cannot read configuration file config.properties trying from resources.
[16:46:30.081] [SEVERE ] configuration file was loaded from resources directory.
[16:46:31.120] [INFO   ] thread dealer starting.
[16:46:31.126] [INFO   ] Thread dealer starting.
[16:46:31.238] [SEVERE ] placing card 36 in slot 0
[16:46:31.339] [SEVERE ] placing card 67 in slot 1
[16:46:31.440] [SEVERE ] placing card 33 in slot 2
[16:46:31.541] [SEVERE ] placing card 46 in slot 3
[16:46:31.641] [SEVERE ] placing card 65 in slot 4
[16:46:31.742] [SEVERE ] placing card 18 in slot 5
[16:46:31.842] [SEVERE ] placing card 66 in slot 6
[16:46:31.943] [SEVERE ] placing card 29 in slot 7
[16:46:32.043] [SEVERE ] placing card 0 in slot 8
[16:46:32.144] [SEVERE ] placing card 9 in slot 9
[16:46:32.244] [SEVERE ] placing card 79 in slot 10
[16:46:32.345] [SEVERE ] placing card 63 in slot 11
[16:46:32.345] [INFO   ] Thread Thread-1starting.
[16:46:32.350] [SEVERE ] updating countdown to 5000
[16:46:32.345] [INFO   ] Thread Thread-2starting.
[16:46:32.347] [INFO   ] Thread Thread-3starting.
[16:46:32.358] [INFO   ] Thread Thread-4starting.
[16:46:32.366] [INFO   ] Thread computer-0 starting.
[16:46:32.367] [SEVERE ] player 1 placing token on slot 2
[16:46:32.367] [SEVERE ] player 1 placing token on slot 11
[16:46:32.367] [SEVERE ] player 1 placing token on slot 8
[16:46:32.374] [INFO   ] Thread computer-3 starting.
[16:46:32.374] [SEVERE ] player 4 placing token on slot 8
[16:46:32.378] [SEVERE ] player 4 placing token on slot 2
[16:46:32.382] [SEVERE ] player 4 placing token on slot 6
[16:46:32.413] [INFO   ] Thread computer-1 starting.
[16:46:32.413] [SEVERE ] player 2 placing token on slot 0
[16:46:32.414] [INFO   ] Thread computer-2 starting.
[16:46:32.415] [SEVERE ] player 2 placing token on slot 3
[16:46:32.416] [SEVERE ] player 3 placing token on slot 3
[16:46:32.416] [SEVERE ] player 3 placing token on slot 10
[16:46:32.416] [SEVERE ] player 3 placing token on slot 6
[16:46:32.418] [SEVERE ] player 2 placing token on slot 11
