[17:30:19.501] [INFO   ] thread main starting.
[17:30:19.507] [SEVERE ] cannot read configuration file config.properties trying from resources.
[17:30:19.508] [SEVERE ] configuration file was loaded from resources directory.
[17:30:19.863] [INFO   ] thread dealer starting.
[17:30:19.863] [INFO   ] Thread dealer starting.
[17:30:19.967] [SEVERE ] placing card 3 in slot 0
[17:30:20.068] [SEVERE ] placing card 54 in slot 1
[17:30:20.169] [SEVERE ] placing card 76 in slot 2
[17:30:20.269] [SEVERE ] placing card 7 in slot 3
[17:30:20.370] [SEVERE ] placing card 41 in slot 4
[17:30:20.471] [SEVERE ] placing card 9 in slot 5
[17:30:20.572] [SEVERE ] placing card 11 in slot 6
[17:30:20.673] [SEVERE ] placing card 40 in slot 7
[17:30:20.773] [SEVERE ] placing card 61 in slot 8
[17:30:20.875] [SEVERE ] placing card 74 in slot 9
[17:30:20.976] [SEVERE ] placing card 42 in slot 10
[17:30:21.076] [SEVERE ] placing card 23 in slot 11
[17:30:21.078] [INFO   ] Thread Thread-1starting.
[17:30:21.081] [INFO   ] Thread Thread-2starting.
[17:30:21.085] [INFO   ] Thread Thread-3starting.
[17:30:21.086] [INFO   ] Thread computer-0 starting.
[17:30:21.086] [INFO   ] Thread Thread-4starting.
[17:30:21.086] [SEVERE ] updating countdown to 15000
[17:30:21.089] [SEVERE ] player 1 placing token on slot 10
[17:30:21.094] [SEVERE ] player 1 placing token on slot 7
[17:30:21.102] [SEVERE ] removing player 1 token from slot 7
[17:30:21.103] [SEVERE ] player 1 placing token on slot 1
[17:30:21.103] [SEVERE ] player 1 placing token on slot 7
[17:30:21.099] [INFO   ] Thread computer-2 starting.
[17:30:21.097] [INFO   ] Thread computer-3 starting.
[17:30:21.105] [SEVERE ] player 4 placing token on slot 1
[17:30:21.095] [INFO   ] Thread computer-1 starting.
[17:30:21.108] [SEVERE ] player 2 placing token on slot 10
[17:30:21.109] [SEVERE ] player 2 placing token on slot 4
[17:30:21.110] [SEVERE ] removing player 2 token from slot 4
[17:30:21.110] [SEVERE ] player 2 placing token on slot 9
[17:30:21.111] [SEVERE ] player 2 placing token on slot 11
[17:30:21.108] [SEVERE ] player 4 placing token on slot 11
[17:30:21.112] [SEVERE ] player 4 placing token on slot 4
[17:30:21.105] [SEVERE ] player 3 placing token on slot 11
[17:30:21.114] [SEVERE ] player 3 placing token on slot 2
[17:30:21.115] [SEVERE ] player 3 placing token on slot 4
[17:30:22.094] [SEVERE ] updating countdown to 13992
[17:30:22.094] [SEVERE ] setting player 1 freeze to 3000
[17:30:23.094] [SEVERE ] updating countdown to 12992
[17:30:23.094] [SEVERE ] setting player 2 freeze to 3000
[17:30:23.098] [SEVERE ] setting player 1 freeze to 2000
[17:30:24.094] [SEVERE ] updating countdown to 11992
[17:30:24.094] [SEVERE ] setting player 4 freeze to 3000
[17:30:24.096] [SEVERE ] setting player 2 freeze to 2000
[17:30:24.099] [SEVERE ] setting player 1 freeze to 1000
[17:30:25.095] [SEVERE ] updating countdown to 10991
[17:30:25.095] [SEVERE ] setting player 3 freeze to 3000
[17:30:25.099] [SEVERE ] setting player 1 freeze to 0
[17:30:25.098] [SEVERE ] setting player 4 freeze to 2000
[17:30:25.098] [SEVERE ] setting player 2 freeze to 1000
[17:30:25.102] [SEVERE ] removing player 1 token from slot 10
[17:30:25.107] [SEVERE ] player 1 placing token on slot 5
[17:30:26.095] [SEVERE ] setting player 1 freeze to 3000
[17:30:26.095] [SEVERE ] updating countdown to 9991
[17:30:26.102] [SEVERE ] setting player 3 freeze to 2000
[17:30:26.105] [SEVERE ] setting player 4 freeze to 1000
[17:30:26.105] [SEVERE ] setting player 2 freeze to 0
[17:30:26.106] [SEVERE ] removing player 2 token from slot 11
[17:30:26.107] [SEVERE ] player 2 placing token on slot 11
[17:30:27.096] [SEVERE ] setting player 1 freeze to 2000
[17:30:27.098] [SEVERE ] setting player 2 freeze to 3000
[17:30:27.098] [SEVERE ] updating countdown to 8988
[17:30:27.104] [SEVERE ] setting player 3 freeze to 1000
[17:30:27.106] [SEVERE ] setting player 4 freeze to 0
[17:30:27.106] [SEVERE ] removing player 4 token from slot 11
[17:30:27.106] [SEVERE ] player 4 placing token on slot 11
[17:30:28.096] [SEVERE ] setting player 1 freeze to 1000
[17:30:28.099] [SEVERE ] setting player 2 freeze to 2000
[17:30:28.100] [SEVERE ] setting player 4 freeze to 3000
[17:30:28.100] [SEVERE ] updating countdown to 7986
[17:30:28.105] [SEVERE ] setting player 3 freeze to 0
[17:30:28.105] [SEVERE ] removing player 3 token from slot 11
[17:30:28.106] [SEVERE ] player 3 placing token on slot 6
[17:30:29.098] [SEVERE ] setting player 1 freeze to 0
[17:30:29.098] [SEVERE ] removing player 1 token from slot 7
[17:30:29.098] [SEVERE ] removing player 1 token from slot 1
[17:30:29.098] [SEVERE ] player 1 placing token on slot 4
[17:30:29.098] [SEVERE ] player 1 placing token on slot 6
[17:30:29.099] [SEVERE ] setting player 2 freeze to 1000
[17:30:29.100] [SEVERE ] setting player 4 freeze to 2000
[17:30:29.101] [SEVERE ] setting player 3 freeze to 3000
[17:30:29.101] [SEVERE ] updating countdown to 6985
[17:30:30.099] [SEVERE ] setting player 2 freeze to 0
[17:30:30.100] [SEVERE ] removing player 2 token from slot 10
[17:30:30.100] [SEVERE ] player 2 placing token on slot 5
[17:30:30.100] [SEVERE ] setting player 4 freeze to 1000
[17:30:30.102] [SEVERE ] setting player 1 freeze to 3000
[17:30:30.102] [SEVERE ] setting player 3 freeze to 2000
[17:30:30.102] [SEVERE ] updating countdown to 5984
[17:30:31.100] [SEVERE ] setting player 4 freeze to 0
[17:30:31.101] [SEVERE ] removing player 4 token from slot 1
[17:30:31.101] [SEVERE ] player 4 placing token on slot 7
[17:30:31.102] [SEVERE ] setting player 1 freeze to 2000
[17:30:31.102] [SEVERE ] setting player 2 freeze to 3000
[17:30:31.102] [SEVERE ] setting player 3 freeze to 1000
[17:30:31.113] [SEVERE ] setting player 4 freeze to 3000
[17:30:32.102] [SEVERE ] setting player 1 freeze to 1000
[17:30:32.102] [SEVERE ] setting player 2 freeze to 2000
[17:30:32.103] [SEVERE ] setting player 3 freeze to 0
[17:30:32.104] [SEVERE ] removing player 3 token from slot 6
[17:30:32.104] [SEVERE ] player 3 placing token on slot 10
[17:30:32.112] [SEVERE ] setting player 3 freeze to 3000
[17:30:32.118] [SEVERE ] setting player 4 freeze to 2000
[17:30:33.103] [SEVERE ] setting player 1 freeze to 0
[17:30:33.103] [SEVERE ] removing player 1 token from slot 5
[17:30:33.103] [SEVERE ] setting player 2 freeze to 1000
[17:30:33.103] [SEVERE ] player 1 placing token on slot 8
[17:30:33.112] [SEVERE ] setting player 3 freeze to 2000
[17:30:33.113] [SEVERE ] setting player 1 freeze to 3000
[17:30:33.118] [SEVERE ] setting player 4 freeze to 1000
[17:30:34.104] [SEVERE ] setting player 2 freeze to 0
[17:30:34.104] [SEVERE ] removing player 2 token from slot 11
[17:30:34.104] [SEVERE ] player 2 placing token on slot 3
[17:30:34.113] [SEVERE ] setting player 3 freeze to 1000
[17:30:34.113] [SEVERE ] setting player 1 freeze to 2000
[17:30:34.113] [SEVERE ] setting player 2 freeze to 3000
[17:30:34.119] [SEVERE ] setting player 4 freeze to 0
[17:30:34.119] [SEVERE ] removing player 4 token from slot 7
[17:30:34.120] [SEVERE ] player 4 placing token on slot 10
[17:30:34.123] [SEVERE ] setting player 4 freeze to 3000
[17:30:35.113] [SEVERE ] setting player 3 freeze to 0
[17:30:35.113] [SEVERE ] removing player 3 token from slot 2
[17:30:35.113] [SEVERE ] setting player 1 freeze to 1000
[17:30:35.114] [SEVERE ] player 3 placing token on slot 11
[17:30:35.114] [SEVERE ] setting player 2 freeze to 2000
[17:30:35.119] [SEVERE ] setting player 3 freeze to 3000
[17:30:35.124] [SEVERE ] setting player 4 freeze to 2000
[17:30:36.094] [SEVERE ] updating countdown to 15000
[17:30:36.095] [SEVERE ] updating countdown to 15000
[17:30:36.114] [SEVERE ] setting player 1 freeze to 0
[17:30:36.114] [SEVERE ] removing player 1 token from slot 4
[17:30:36.115] [SEVERE ] player 1 placing token on slot 1
[17:30:36.115] [SEVERE ] setting player 2 freeze to 1000
[17:30:36.119] [SEVERE ] setting player 3 freeze to 2000
[17:30:36.124] [SEVERE ] setting player 4 freeze to 1000
[17:30:36.195] [SEVERE ] removing card from slot 0
[17:30:36.296] [SEVERE ] removing card from slot 1
[17:30:36.396] [SEVERE ] removing card from slot 2
[17:30:36.496] [SEVERE ] removing card from slot 3
[17:30:36.596] [SEVERE ] removing card from slot 4
[17:30:36.697] [SEVERE ] removing card from slot 5
[17:30:36.797] [SEVERE ] removing card from slot 6
[17:30:36.897] [SEVERE ] removing card from slot 7
[17:30:36.997] [SEVERE ] removing card from slot 8
[17:30:37.098] [SEVERE ] removing card from slot 9
[17:30:37.115] [SEVERE ] setting player 2 freeze to 0
[17:30:37.116] [SEVERE ] removing player 2 token from slot 9
[17:30:37.116] [SEVERE ] player 2 placing token on slot 2
[17:30:37.119] [SEVERE ] setting player 3 freeze to 1000
[17:30:37.124] [SEVERE ] setting player 4 freeze to 0
[17:30:37.124] [SEVERE ] removing player 4 token from slot 4
[17:30:37.125] [SEVERE ] player 4 placing token on slot 1
[17:30:37.198] [SEVERE ] removing card from slot 10
[17:30:37.298] [SEVERE ] removing card from slot 11
[17:30:37.298] [SEVERE ] removing all tokens
[17:30:37.400] [SEVERE ] placing card 75 in slot 0
[17:30:37.500] [SEVERE ] placing card 35 in slot 1
[17:30:37.600] [SEVERE ] placing card 10 in slot 2
[17:30:37.701] [SEVERE ] placing card 24 in slot 3
[17:30:37.801] [SEVERE ] placing card 50 in slot 4
[17:30:37.901] [SEVERE ] placing card 77 in slot 5
[17:30:38.001] [SEVERE ] placing card 69 in slot 6
[17:30:38.102] [SEVERE ] placing card 55 in slot 7
[17:30:38.120] [SEVERE ] setting player 3 freeze to 0
[17:30:38.120] [SEVERE ] player 3 placing token on slot 9
[17:30:38.120] [SEVERE ] removing player 3 token from slot 9
[17:30:38.120] [SEVERE ] player 3 placing token on slot 11
[17:30:38.120] [SEVERE ] player 3 placing token on slot 1
[17:30:38.120] [SEVERE ] player 3 placing token on slot 8
[17:30:38.202] [SEVERE ] placing card 65 in slot 8
[17:30:38.302] [SEVERE ] placing card 68 in slot 9
[17:30:38.403] [SEVERE ] placing card 60 in slot 10
[17:30:38.503] [SEVERE ] placing card 2 in slot 11
[17:30:38.503] [INFO   ] Thread Thread-5starting.
[17:30:38.505] [INFO   ] Thread Thread-6starting.
[17:30:38.513] [INFO   ] Thread computer-0 starting.
[17:30:38.513] [SEVERE ] player 1 placing token on slot 8
[17:30:38.513] [SEVERE ] player 1 placing token on slot 7
[17:30:38.515] [SEVERE ] player 1 placing token on slot 1
[17:30:38.519] [INFO   ] Thread Thread-7starting.
[17:30:38.519] [SEVERE ] updating countdown to 15000
[17:30:38.520] [INFO   ] Thread Thread-8starting.
[17:30:38.541] [INFO   ] Thread computer-2 starting.
[17:30:38.541] [SEVERE ] removing player 3 token from slot 11
[17:30:38.541] [SEVERE ] player 3 placing token on slot 7
[17:30:38.542] [INFO   ] Thread computer-3 starting.
[17:30:38.544] [SEVERE ] player 4 placing token on slot 4
[17:30:38.544] [SEVERE ] player 4 placing token on slot 1
[17:30:38.545] [SEVERE ] removing player 4 token from slot 4
[17:30:38.545] [SEVERE ] player 4 placing token on slot 7
[17:30:38.546] [SEVERE ] removing player 4 token from slot 7
[17:30:38.546] [SEVERE ] player 4 placing token on slot 2
[17:30:38.546] [SEVERE ] player 4 placing token on slot 3
[17:30:38.549] [INFO   ] Thread computer-1 starting.
[17:30:38.549] [SEVERE ] player 2 placing token on slot 5
[17:30:38.550] [SEVERE ] player 2 placing token on slot 6
[17:30:38.557] [SEVERE ] player 2 placing token on slot 1
[17:30:39.520] [SEVERE ] updating countdown to 13999
[17:30:39.520] [SEVERE ] setting player 1 freeze to 3000
[17:30:39.520] [SEVERE ] setting player 1 freeze to 3000
[17:30:40.521] [SEVERE ] updating countdown to 12998
[17:30:40.521] [SEVERE ] setting player 2 freeze to 3000
[17:30:40.521] [SEVERE ] setting player 2 freeze to 3000
[17:30:40.522] [SEVERE ] setting player 1 freeze to 2000
[17:30:40.521] [SEVERE ] setting player 1 freeze to 2000
[17:30:41.521] [SEVERE ] updating countdown to 11998
[17:30:41.521] [SEVERE ] setting player 4 freeze to 3000
[17:30:41.522] [SEVERE ] setting player 2 freeze to 2000
[17:30:41.523] [SEVERE ] setting player 2 freeze to 2000
[17:30:41.525] [SEVERE ] setting player 1 freeze to 1000
[17:30:41.529] [SEVERE ] setting player 4 freeze to 3000
[17:30:41.529] [SEVERE ] setting player 1 freeze to 1000
[17:30:42.522] [SEVERE ] updating countdown to 10997
[17:30:42.522] [SEVERE ] setting player 3 freeze to 3000
[17:30:42.522] [SEVERE ] setting player 3 freeze to 3000
[17:30:42.523] [SEVERE ] setting player 2 freeze to 1000
[17:30:42.523] [SEVERE ] setting player 2 freeze to 1000
[17:30:42.525] [SEVERE ] setting player 4 freeze to 2000
[17:30:42.525] [SEVERE ] setting player 1 freeze to 0
[17:30:42.526] [SEVERE ] removing player 1 token from slot 1
[17:30:42.526] [SEVERE ] removing player 1 token from slot 8
[17:30:42.527] [SEVERE ] player 1 placing token on slot 3
[17:30:42.527] [SEVERE ] removing player 1 token from slot 3
[17:30:42.527] [SEVERE ] player 1 placing token on slot 4
[17:30:42.528] [SEVERE ] player 1 placing token on slot 10
[17:30:42.529] [SEVERE ] setting player 4 freeze to 2000
[17:30:42.529] [SEVERE ] setting player 1 freeze to 0
[17:30:43.522] [SEVERE ] updating countdown to 9997
[17:30:43.522] [SEVERE ] setting player 1 freeze to 3000
[17:30:43.524] [SEVERE ] setting player 2 freeze to 0
[17:30:43.525] [SEVERE ] removing player 2 token from slot 1
[17:30:43.525] [SEVERE ] player 2 placing token on slot 7
[17:30:43.522] [SEVERE ] setting player 1 freeze to 3000
[17:30:43.525] [SEVERE ] setting player 4 freeze to 1000
[17:30:43.525] [SEVERE ] setting player 3 freeze to 2000
[17:30:43.525] [SEVERE ] setting player 2 freeze to 0
[17:30:43.522] [SEVERE ] setting player 3 freeze to 2000
[17:30:43.529] [SEVERE ] setting player 4 freeze to 1000
[17:30:44.522] [SEVERE ] updating countdown to 8997
[17:30:44.524] [SEVERE ] setting player 1 freeze to 2000
[17:30:44.528] [SEVERE ] setting player 1 freeze to 2000
[17:30:44.528] [SEVERE ] setting player 4 freeze to 0
[17:30:44.528] [SEVERE ] removing player 4 token from slot 2
[17:30:44.529] [SEVERE ] setting player 3 freeze to 1000
[17:30:44.530] [SEVERE ] setting player 4 freeze to 0
[17:30:44.530] [SEVERE ] setting player 3 freeze to 1000
[17:30:44.530] [SEVERE ] player 4 placing token on slot 9
[17:30:45.523] [SEVERE ] updating countdown to 7996
[17:30:45.523] [SEVERE ] setting player 4 freeze to 3000
[17:30:45.523] [SEVERE ] setting player 4 freeze to 3000
[17:30:45.524] [SEVERE ] setting player 1 freeze to 1000
[17:30:45.528] [SEVERE ] setting player 1 freeze to 1000
[17:30:45.530] [SEVERE ] setting player 3 freeze to 0
[17:30:45.531] [SEVERE ] removing player 3 token from slot 8
[17:30:45.531] [SEVERE ] player 3 placing token on slot 3
[17:30:45.532] [SEVERE ] setting player 3 freeze to 0
[17:30:45.532] [SEVERE ] removing player 3 token from slot 3
[17:30:45.545] [SEVERE ] player 3 placing token on slot 8
[17:30:46.523] [SEVERE ] updating countdown to 15000
[17:30:46.523] [SEVERE ] removing player 2 token from slot 5
[17:30:46.524] [SEVERE ] setting player 4 freeze to 2000
[17:30:46.525] [SEVERE ] removing player 2 token from slot 5
[17:30:46.524] [SEVERE ] removing player 2 token from slot 5
[17:30:46.526] [SEVERE ] removing player 2 token from slot 5
[17:30:46.526] [SEVERE ] removing player 2 token from slot 5
[17:30:46.524] [SEVERE ] removing player 2 token from slot 5
[17:30:46.525] [SEVERE ] removing player 2 token from slot 5
[17:30:46.528] [SEVERE ] setting player 4 freeze to 2000
[17:30:46.528] [SEVERE ] setting player 1 freeze to 0
[17:30:46.528] [SEVERE ] removing player 1 token from slot 4
[17:30:46.528] [SEVERE ] setting player 1 freeze to 0
[17:30:46.550] [SEVERE ] removing player 1 token from slot 10
[17:30:46.551] [SEVERE ] player 1 placing token on slot 1
[17:30:46.552] [SEVERE ] removing player 1 token from slot 1
[17:30:46.553] [SEVERE ] player 1 placing token on slot 1
[17:30:46.553] [SEVERE ] player 1 placing token on slot 3
[17:30:46.627] [SEVERE ] removing card from slot 5
[17:30:46.627] [SEVERE ] removing player 2 token from slot 6
[17:30:46.728] [SEVERE ] removing card from slot 6
[17:30:46.728] [SEVERE ] removing player 2 token from slot 7
[17:30:46.829] [SEVERE ] removing card from slot 7
[17:30:46.829] [SEVERE ] removing player 2 token from slot 5
[17:30:46.829] [SEVERE ] removing player 2 token from slot 6
[17:30:46.830] [SEVERE ] removing player 1 token from slot 7
[17:30:46.830] [SEVERE ] removing player 2 token from slot 7
[17:30:46.831] [SEVERE ] removing player 3 token from slot 7
[17:30:46.931] [SEVERE ] placing card 51 in slot 5
[17:30:47.032] [SEVERE ] placing card 25 in slot 6
[17:30:47.132] [SEVERE ] placing card 43 in slot 7
[17:30:47.525] [SEVERE ] setting player 4 freeze to 1000
[17:30:47.527] [SEVERE ] setting player 2 score to 2
[17:30:47.527] [SEVERE ] setting player 2 freeze to 1000
[17:30:47.527] [SEVERE ] setting player 2 freeze to 0
[17:30:47.528] [SEVERE ] setting player 2 score to 2
[17:30:47.528] [SEVERE ] setting player 2 freeze to 1000
[17:30:47.529] [SEVERE ] setting player 2 freeze to 0
[17:30:47.528] [SEVERE ] setting player 4 freeze to 1000
[17:30:47.541] [SEVERE ] player 2 placing token on slot 5
[17:30:47.542] [SEVERE ] player 2 placing token on slot 8
[17:30:47.543] [SEVERE ] player 2 placing token on slot 3
[17:30:48.132] [SEVERE ] updating countdown to 5387
[17:30:48.133] [SEVERE ] setting player 1 freeze to 3000
[17:30:48.145] [SEVERE ] setting player 1 freeze to 3000
[17:30:48.525] [SEVERE ] setting player 4 freeze to 0
[17:30:48.525] [SEVERE ] removing player 4 token from slot 1
[17:30:48.526] [SEVERE ] player 4 placing token on slot 11
[17:30:48.529] [SEVERE ] setting player 4 freeze to 0
[17:30:49.135] [SEVERE ] setting player 2 freeze to 3000
[17:30:49.135] [SEVERE ] setting player 1 freeze to 2000
[17:30:49.137] [SEVERE ] setting player 2 freeze to 3000
[17:30:49.145] [SEVERE ] setting player 4 freeze to 3000
[17:30:49.145] [SEVERE ] setting player 1 freeze to 2000
[17:30:49.145] [SEVERE ] setting player 4 freeze to 3000
[17:30:49.155] [SEVERE ] setting player 3 freeze to 3000
[17:30:49.157] [SEVERE ] setting player 3 freeze to 3000
[17:30:49.519] [SEVERE ] updating countdown to 4000
[17:30:50.135] [SEVERE ] setting player 1 freeze to 1000
[17:30:50.136] [SEVERE ] setting player 2 freeze to 2000
[17:30:50.137] [SEVERE ] setting player 2 freeze to 2000
[17:30:50.145] [SEVERE ] setting player 4 freeze to 2000
[17:30:50.145] [SEVERE ] setting player 1 freeze to 1000
[17:30:50.146] [SEVERE ] setting player 4 freeze to 2000
[17:30:50.155] [SEVERE ] setting player 3 freeze to 2000
[17:30:50.157] [SEVERE ] setting player 3 freeze to 2000
[17:30:51.135] [SEVERE ] setting player 1 freeze to 0
[17:30:51.136] [SEVERE ] removing player 1 token from slot 7
[17:30:51.136] [SEVERE ] setting player 2 freeze to 1000
[17:30:51.137] [SEVERE ] setting player 2 freeze to 1000
[17:30:51.137] [SEVERE ] removing player 1 token from slot 3
[17:30:51.138] [SEVERE ] player 1 placing token on slot 5
[17:30:51.139] [SEVERE ] player 1 placing token on slot 6
[17:30:51.140] [SEVERE ] setting player 1 freeze to 3000
[17:30:51.145] [SEVERE ] setting player 4 freeze to 1000
[17:30:51.146] [SEVERE ] setting player 1 freeze to 0
[17:30:51.146] [SEVERE ] setting player 4 freeze to 1000
[17:30:51.146] [SEVERE ] removing player 1 token from slot 6
[17:30:51.147] [SEVERE ] player 1 placing token on slot 9
[17:30:51.150] [SEVERE ] setting player 1 freeze to 3000
[17:30:51.156] [SEVERE ] setting player 3 freeze to 1000
[17:30:51.157] [SEVERE ] setting player 3 freeze to 1000
[17:30:52.137] [SEVERE ] setting player 2 freeze to 0
[17:30:52.137] [SEVERE ] removing player 2 token from slot 3
[17:30:52.138] [SEVERE ] setting player 2 freeze to 0
[17:30:52.139] [SEVERE ] removing player 2 token from slot 8
[17:30:52.140] [SEVERE ] player 2 placing token on slot 8
[17:30:52.140] [SEVERE ] setting player 1 freeze to 2000
[17:30:52.141] [SEVERE ] removing player 2 token from slot 8
[17:30:52.141] [SEVERE ] player 2 placing token on slot 9
[17:30:52.141] [SEVERE ] player 2 placing token on slot 2
[17:30:52.142] [SEVERE ] removing player 2 token from slot 2
[17:30:52.142] [SEVERE ] player 2 placing token on slot 1
[17:30:52.147] [SEVERE ] setting player 4 freeze to 0
[17:30:52.150] [SEVERE ] setting player 2 freeze to 3000
[17:30:52.146] [SEVERE ] setting player 4 freeze to 0
[17:30:52.156] [SEVERE ] setting player 3 freeze to 0
[17:30:52.156] [SEVERE ] removing player 3 token from slot 7
[17:30:52.156] [SEVERE ] player 3 placing token on slot 11
[17:30:52.158] [SEVERE ] removing player 3 token from slot 8
[17:30:52.158] [SEVERE ] player 3 placing token on slot 6
[17:30:52.170] [SEVERE ] setting player 3 freeze to 3000
[17:30:52.150] [SEVERE ] removing player 4 token from slot 11
[17:30:52.171] [SEVERE ] player 4 placing token on slot 10
[17:30:52.171] [SEVERE ] removing player 4 token from slot 9
[17:30:52.172] [SEVERE ] removing player 4 token from slot 10
[17:30:52.172] [SEVERE ] player 4 placing token on slot 1
[17:30:52.172] [SEVERE ] player 4 placing token on slot 10
[17:30:52.150] [SEVERE ] setting player 1 freeze to 2000
[17:30:52.150] [SEVERE ] setting player 2 freeze to 3000
[17:30:52.158] [SEVERE ] setting player 3 freeze to 0
[17:30:52.209] [SEVERE ] setting player 4 freeze to 3000
[17:30:52.217] [SEVERE ] setting player 3 freeze to 3000
[17:30:52.219] [SEVERE ] setting player 4 freeze to 3000
[17:30:53.141] [SEVERE ] setting player 1 freeze to 1000
[17:30:53.151] [SEVERE ] setting player 2 freeze to 2000
[17:30:53.171] [SEVERE ] setting player 3 freeze to 2000
[17:30:53.173] [SEVERE ] setting player 1 freeze to 1000
[17:30:53.174] [SEVERE ] setting player 2 freeze to 2000
[17:30:53.209] [SEVERE ] setting player 4 freeze to 2000
[17:30:53.217] [SEVERE ] setting player 3 freeze to 2000
[17:30:53.219] [SEVERE ] setting player 4 freeze to 2000
[17:30:53.527] [SEVERE ] updating countdown to 15000
[17:30:53.528] [SEVERE ] updating countdown to 15000
[17:30:53.628] [SEVERE ] removing card from slot 0
[17:30:53.728] [SEVERE ] removing card from slot 1
[17:30:53.829] [SEVERE ] removing card from slot 2
[17:30:53.929] [SEVERE ] removing card from slot 3
[17:30:54.029] [SEVERE ] removing card from slot 4
[17:30:54.129] [SEVERE ] removing card from slot 5
[17:30:54.141] [SEVERE ] setting player 1 freeze to 0
[17:30:54.142] [SEVERE ] removing player 1 token from slot 1
[17:30:54.142] [SEVERE ] player 1 placing token on slot 10
[17:30:54.142] [SEVERE ] removing player 1 token from slot 9
[17:30:54.142] [SEVERE ] player 1 placing token on slot 1
[17:30:54.151] [SEVERE ] setting player 2 freeze to 1000
[17:30:54.171] [SEVERE ] setting player 3 freeze to 1000
[17:30:54.173] [SEVERE ] setting player 1 freeze to 0
[17:30:54.174] [SEVERE ] setting player 2 freeze to 1000
[17:30:54.209] [SEVERE ] setting player 4 freeze to 1000
[17:30:54.217] [SEVERE ] setting player 3 freeze to 1000
[17:30:54.219] [SEVERE ] setting player 4 freeze to 1000
[17:30:54.230] [SEVERE ] removing card from slot 6
[17:30:54.330] [SEVERE ] removing card from slot 7
[17:30:54.441] [SEVERE ] removing card from slot 8
[17:30:54.543] [SEVERE ] removing card from slot 9
[17:30:54.643] [SEVERE ] removing card from slot 10
[17:30:54.744] [SEVERE ] removing card from slot 11
[17:30:54.744] [SEVERE ] removing all tokens
[17:30:54.844] [SEVERE ] placing card 63 in slot 0
[17:30:54.945] [SEVERE ] placing card 16 in slot 1
[17:30:55.045] [SEVERE ] placing card 78 in slot 2
[17:30:55.145] [SEVERE ] placing card 0 in slot 3
[17:30:55.152] [SEVERE ] setting player 2 freeze to 0
[17:30:55.153] [SEVERE ] player 2 placing token on slot 1
[17:30:55.156] [SEVERE ] player 2 placing token on slot 11
[17:30:55.157] [SEVERE ] player 2 placing token on slot 4
[17:30:55.158] [SEVERE ] removing player 2 token from slot 11
[17:30:55.158] [SEVERE ] player 2 placing token on slot 3
[17:30:55.171] [SEVERE ] setting player 3 freeze to 0
[17:30:55.173] [SEVERE ] player 3 placing token on slot 8
[17:30:55.174] [SEVERE ] player 3 placing token on slot 6
[17:30:55.174] [SEVERE ] player 3 placing token on slot 2
[17:30:55.174] [SEVERE ] setting player 2 freeze to 0
[17:30:55.175] [SEVERE ] removing player 3 token from slot 2
[17:30:55.175] [SEVERE ] player 3 placing token on slot 2
[17:30:55.209] [SEVERE ] setting player 4 freeze to 0
[17:30:55.210] [SEVERE ] player 4 placing token on slot 11
[17:30:55.210] [SEVERE ] player 4 placing token on slot 9
[17:30:55.211] [SEVERE ] player 4 placing token on slot 3
[17:30:55.211] [SEVERE ] removing player 4 token from slot 9
[17:30:55.211] [SEVERE ] player 4 placing token on slot 4
[17:30:55.217] [SEVERE ] setting player 3 freeze to 0
[17:30:55.220] [SEVERE ] setting player 4 freeze to 0
[17:30:55.245] [SEVERE ] placing card 73 in slot 4
[17:30:55.346] [SEVERE ] placing card 46 in slot 5
[17:30:55.446] [SEVERE ] placing card 30 in slot 6
[17:30:55.547] [SEVERE ] placing card 31 in slot 7
[17:30:55.647] [SEVERE ] placing card 12 in slot 8
[17:30:55.747] [SEVERE ] placing card 49 in slot 9
[17:30:55.848] [SEVERE ] placing card 4 in slot 10
[17:30:55.948] [SEVERE ] placing card 21 in slot 11
[17:30:55.957] [INFO   ] Thread Thread-9starting.
[17:30:55.981] [INFO   ] Thread Thread-10starting.
[17:30:55.981] [INFO   ] Thread computer-0 starting.
[17:30:55.982] [SEVERE ] player 1 placing token on slot 10
[17:30:55.982] [SEVERE ] player 1 placing token on slot 7
[17:30:55.983] [SEVERE ] player 1 placing token on slot 1
[17:30:56.005] [INFO   ] Thread computer-1 starting.
[17:30:56.006] [SEVERE ] removing player 2 token from slot 3
[17:30:56.006] [SEVERE ] player 2 placing token on slot 11
[17:30:56.017] [INFO   ] Thread Thread-11starting.
[17:30:56.024] [SEVERE ] updating countdown to 15000
[17:30:56.025] [INFO   ] Thread Thread-12starting.
[17:30:56.049] [INFO   ] Thread computer-2 starting.
[17:30:56.049] [SEVERE ] removing player 3 token from slot 6
[17:30:56.053] [SEVERE ] removing player 3 token from slot 8
[17:30:56.053] [SEVERE ] player 3 placing token on slot 4
[17:30:56.054] [SEVERE ] player 3 placing token on slot 11
[17:30:56.056] [INFO   ] Thread computer-3 starting.
[17:30:56.056] [SEVERE ] removing player 4 token from slot 3
[17:30:56.057] [SEVERE ] player 4 placing token on slot 6
[17:30:57.024] [SEVERE ] setting player 1 freeze to 3000
[17:30:57.035] [SEVERE ] setting player 1 freeze to 3000
[17:30:57.033] [SEVERE ] setting player 1 freeze to 3000
[17:30:57.024] [SEVERE ] updating countdown to 14000
[17:30:58.035] [SEVERE ] setting player 1 freeze to 2000
[17:30:58.036] [SEVERE ] setting player 1 freeze to 2000
[17:30:58.037] [SEVERE ] setting player 1 freeze to 2000
[17:30:58.049] [SEVERE ] updating countdown to 12975
[17:30:59.036] [SEVERE ] setting player 1 freeze to 1000
[17:30:59.036] [SEVERE ] setting player 1 freeze to 1000
[17:30:59.037] [SEVERE ] setting player 1 freeze to 1000
[17:30:59.050] [SEVERE ] updating countdown to 11974
[17:30:59.050] [SEVERE ] setting player 2 freeze to 3000
[17:30:59.051] [SEVERE ] setting player 2 freeze to 3000
[17:30:59.053] [SEVERE ] setting player 2 freeze to 3000
[17:31:00.036] [SEVERE ] setting player 1 freeze to 0
[17:31:00.036] [SEVERE ] removing player 1 token from slot 10
[17:31:00.036] [SEVERE ] player 1 placing token on slot 3
[17:31:00.036] [SEVERE ] removing player 1 token from slot 1
[17:31:00.036] [SEVERE ] removing player 1 token from slot 7
[17:31:00.036] [SEVERE ] player 1 placing token on slot 6
[17:31:00.036] [SEVERE ] player 1 placing token on slot 7
[17:31:00.037] [SEVERE ] setting player 1 freeze to 0
[17:31:00.040] [SEVERE ] setting player 1 freeze to 0
[17:31:00.050] [SEVERE ] updating countdown to 10974
[17:31:00.050] [SEVERE ] setting player 2 freeze to 2000
[17:31:00.053] [SEVERE ] setting player 2 freeze to 2000
[17:31:00.053] [SEVERE ] setting player 2 freeze to 2000
[17:31:01.050] [SEVERE ] updating countdown to 9974
[17:31:01.050] [SEVERE ] setting player 3 freeze to 3000
[17:31:01.051] [SEVERE ] setting player 2 freeze to 1000
[17:31:01.053] [SEVERE ] setting player 2 freeze to 1000
[17:31:01.053] [SEVERE ] setting player 2 freeze to 1000
[17:31:01.061] [SEVERE ] setting player 3 freeze to 3000
[17:31:01.073] [SEVERE ] setting player 3 freeze to 3000
[17:31:02.050] [SEVERE ] updating countdown to 8974
[17:31:02.051] [SEVERE ] setting player 3 freeze to 2000
[17:31:02.051] [SEVERE ] setting player 2 freeze to 0
[17:31:02.053] [SEVERE ] removing player 2 token from slot 11
[17:31:02.053] [SEVERE ] player 2 placing token on slot 6
[17:31:02.053] [SEVERE ] setting player 2 freeze to 0
[17:31:02.054] [SEVERE ] setting player 2 freeze to 0
[17:31:02.061] [SEVERE ] setting player 3 freeze to 2000
[17:31:02.070] [SEVERE ] removing player 2 token from slot 4
[17:31:02.071] [SEVERE ] player 2 placing token on slot 10
[17:31:02.073] [SEVERE ] setting player 3 freeze to 2000
[17:31:03.052] [SEVERE ] setting player 4 freeze to 3000
[17:31:03.052] [SEVERE ] updating countdown to 7972
[17:31:03.052] [SEVERE ] setting player 3 freeze to 1000
[17:31:03.057] [SEVERE ] setting player 4 freeze to 3000
[17:31:03.061] [SEVERE ] setting player 3 freeze to 1000
[17:31:03.067] [SEVERE ] setting player 4 freeze to 3000
[17:31:03.073] [SEVERE ] setting player 3 freeze to 1000
[17:31:04.052] [SEVERE ] setting player 4 freeze to 2000
[17:31:04.053] [SEVERE ] updating countdown to 6971
[17:31:04.053] [SEVERE ] setting player 3 freeze to 0
[17:31:04.053] [SEVERE ] removing player 3 token from slot 2
[17:31:04.053] [SEVERE ] player 3 placing token on slot 6
[17:31:04.056] [SEVERE ] removing player 3 token from slot 6
[17:31:04.056] [SEVERE ] player 3 placing token on slot 2
[17:31:04.057] [SEVERE ] setting player 4 freeze to 2000
[17:31:04.062] [SEVERE ] setting player 3 freeze to 0
[17:31:04.067] [SEVERE ] setting player 4 freeze to 2000
[17:31:04.073] [SEVERE ] setting player 3 freeze to 0
[17:31:05.052] [SEVERE ] setting player 4 freeze to 1000
[17:31:05.053] [SEVERE ] setting player 1 freeze to 3000
[17:31:05.057] [SEVERE ] setting player 4 freeze to 1000
[17:31:05.053] [SEVERE ] setting player 1 freeze to 3000
[17:31:05.053] [SEVERE ] updating countdown to 5971
[17:31:05.063] [SEVERE ] setting player 1 freeze to 3000
[17:31:05.067] [SEVERE ] setting player 4 freeze to 1000
[17:31:06.053] [SEVERE ] setting player 4 freeze to 0
[17:31:06.053] [SEVERE ] removing player 4 token from slot 6
[17:31:06.054] [SEVERE ] player 4 placing token on slot 8
[17:31:06.054] [SEVERE ] removing player 4 token from slot 4
[17:31:06.073] [SEVERE ] removing player 4 token from slot 8
[17:31:06.074] [SEVERE ] player 4 placing token on slot 4
[17:31:06.073] [SEVERE ] setting player 3 freeze to 3000
[17:31:06.073] [SEVERE ] setting player 3 freeze to 3000
[17:31:06.073] [SEVERE ] setting player 3 freeze to 3000
[17:31:06.068] [SEVERE ] setting player 4 freeze to 0
[17:31:06.065] [SEVERE ] setting player 2 freeze to 3000
[17:31:06.063] [SEVERE ] setting player 2 freeze to 3000
[17:31:06.064] [SEVERE ] setting player 2 freeze to 3000
[17:31:06.063] [SEVERE ] setting player 1 freeze to 2000
[17:31:06.062] [SEVERE ] setting player 1 freeze to 2000
[17:31:06.062] [SEVERE ] setting player 4 freeze to 0
[17:31:06.062] [SEVERE ] setting player 1 freeze to 2000
[17:31:06.074] [SEVERE ] player 4 placing token on slot 6
[17:31:06.089] [SEVERE ] setting player 4 freeze to 3000
[17:31:06.089] [SEVERE ] setting player 4 freeze to 3000
[17:31:06.089] [SEVERE ] setting player 4 freeze to 3000
[17:31:07.075] [SEVERE ] setting player 3 freeze to 2000
[17:31:07.075] [SEVERE ] setting player 3 freeze to 2000
[17:31:07.076] [SEVERE ] setting player 3 freeze to 2000
[17:31:07.077] [SEVERE ] setting player 2 freeze to 2000
[17:31:07.077] [SEVERE ] setting player 2 freeze to 2000
[17:31:07.078] [SEVERE ] setting player 2 freeze to 2000
[17:31:07.081] [SEVERE ] setting player 1 freeze to 1000
[17:31:07.081] [SEVERE ] setting player 1 freeze to 1000
[17:31:07.082] [SEVERE ] setting player 1 freeze to 1000
[17:31:07.101] [SEVERE ] setting player 4 freeze to 2000
[17:31:07.101] [SEVERE ] setting player 4 freeze to 2000
[17:31:07.102] [SEVERE ] setting player 4 freeze to 2000
[17:31:08.024] [SEVERE ] updating countdown to 3000
[17:31:08.075] [SEVERE ] setting player 3 freeze to 1000
[17:31:08.076] [SEVERE ] setting player 3 freeze to 1000
[17:31:08.076] [SEVERE ] setting player 3 freeze to 1000
[17:31:08.077] [SEVERE ] setting player 2 freeze to 1000
[17:31:08.078] [SEVERE ] setting player 2 freeze to 1000
[17:31:08.078] [SEVERE ] setting player 2 freeze to 1000
[17:31:08.081] [SEVERE ] setting player 1 freeze to 0
[17:31:08.081] [SEVERE ] removing player 1 token from slot 6
[17:31:08.082] [SEVERE ] setting player 1 freeze to 0
[17:31:08.082] [SEVERE ] player 1 placing token on slot 8
[17:31:08.083] [SEVERE ] setting player 1 freeze to 0
[17:31:08.085] [SEVERE ] setting player 1 freeze to 3000
[17:31:08.085] [SEVERE ] setting player 1 freeze to 3000
[17:31:08.085] [SEVERE ] setting player 1 freeze to 3000
[17:31:08.101] [SEVERE ] setting player 4 freeze to 1000
[17:31:08.104] [SEVERE ] setting player 4 freeze to 1000
[17:31:08.104] [SEVERE ] setting player 4 freeze to 1000
[17:31:09.024] [SEVERE ] updating countdown to 2000
[17:31:09.075] [SEVERE ] setting player 3 freeze to 0
[17:31:09.075] [SEVERE ] removing player 3 token from slot 4
[17:31:09.076] [SEVERE ] player 3 placing token on slot 8
[17:31:09.076] [SEVERE ] removing player 3 token from slot 2
[17:31:09.076] [SEVERE ] player 3 placing token on slot 3
[17:31:09.076] [SEVERE ] removing player 3 token from slot 8
[17:31:09.076] [SEVERE ] player 3 placing token on slot 9
[17:31:09.077] [SEVERE ] setting player 3 freeze to 0
[17:31:09.078] [SEVERE ] setting player 2 freeze to 0
[17:31:09.079] [SEVERE ] removing player 2 token from slot 1
[17:31:09.079] [SEVERE ] setting player 2 freeze to 0
[17:31:09.081] [SEVERE ] setting player 3 freeze to 0
[17:31:09.085] [SEVERE ] setting player 2 freeze to 0
[17:31:09.086] [SEVERE ] setting player 1 freeze to 2000
[17:31:09.087] [SEVERE ] setting player 1 freeze to 2000
[17:31:09.087] [SEVERE ] setting player 1 freeze to 2000
[17:31:09.091] [SEVERE ] setting player 3 freeze to 3000
[17:31:09.093] [SEVERE ] player 2 placing token on slot 4
[17:31:09.095] [SEVERE ] removing player 2 token from slot 10
[17:31:09.095] [SEVERE ] player 2 placing token on slot 2
[17:31:09.095] [SEVERE ] setting player 3 freeze to 3000
[17:31:09.095] [SEVERE ] setting player 3 freeze to 3000
[17:31:09.096] [SEVERE ] removing player 2 token from slot 4
[17:31:09.096] [SEVERE ] removing player 2 token from slot 6
[17:31:09.096] [SEVERE ] player 2 placing token on slot 3
[17:31:09.096] [SEVERE ] player 2 placing token on slot 10
[17:31:09.102] [SEVERE ] setting player 4 freeze to 0
[17:31:09.102] [SEVERE ] removing player 4 token from slot 11
[17:31:09.102] [SEVERE ] player 4 placing token on slot 7
[17:31:09.102] [SEVERE ] removing player 4 token from slot 6
[17:31:09.102] [SEVERE ] removing player 4 token from slot 7
[17:31:09.102] [SEVERE ] player 4 placing token on slot 6
[17:31:09.102] [SEVERE ] player 4 placing token on slot 2
[17:31:09.102] [SEVERE ] removing player 4 token from slot 2
[17:31:09.102] [SEVERE ] removing player 4 token from slot 6
[17:31:09.102] [SEVERE ] player 4 placing token on slot 1
[17:31:09.102] [SEVERE ] player 4 placing token on slot 3
[17:31:09.104] [SEVERE ] setting player 4 freeze to 0
[17:31:09.105] [SEVERE ] setting player 4 freeze to 0
[17:31:09.116] [SEVERE ] setting player 2 freeze to 3000
[17:31:09.116] [SEVERE ] setting player 2 freeze to 3000
[17:31:09.125] [SEVERE ] setting player 2 freeze to 3000
[17:31:09.149] [SEVERE ] setting player 4 freeze to 3000
[17:31:09.149] [SEVERE ] setting player 4 freeze to 3000
[17:31:09.160] [SEVERE ] setting player 4 freeze to 3000
[17:31:10.086] [SEVERE ] setting player 1 freeze to 1000
[17:31:10.087] [SEVERE ] setting player 1 freeze to 1000
[17:31:10.089] [SEVERE ] setting player 1 freeze to 1000
[17:31:10.092] [SEVERE ] setting player 3 freeze to 2000
[17:31:10.096] [SEVERE ] setting player 3 freeze to 2000
[17:31:10.096] [SEVERE ] setting player 3 freeze to 2000
[17:31:10.116] [SEVERE ] setting player 2 freeze to 2000
[17:31:10.116] [SEVERE ] setting player 2 freeze to 2000
[17:31:10.125] [SEVERE ] setting player 2 freeze to 2000
[17:31:10.151] [SEVERE ] setting player 4 freeze to 2000
[17:31:10.156] [SEVERE ] setting player 4 freeze to 2000
[17:31:10.160] [SEVERE ] setting player 4 freeze to 2000
[17:31:11.027] [SEVERE ] updating countdown to 15000
[17:31:11.027] [SEVERE ] updating countdown to 15000
[17:31:11.086] [SEVERE ] setting player 1 freeze to 0
[17:31:11.087] [SEVERE ] removing player 1 token from slot 8
[17:31:11.087] [SEVERE ] setting player 1 freeze to 0
[17:31:11.089] [SEVERE ] player 1 placing token on slot 10
[17:31:11.089] [SEVERE ] setting player 1 freeze to 0
[17:31:11.092] [SEVERE ] setting player 3 freeze to 1000
[17:31:11.092] [SEVERE ] removing player 1 token from slot 7
[17:31:11.096] [SEVERE ] player 1 placing token on slot 4
[17:31:11.097] [SEVERE ] setting player 3 freeze to 1000
[17:31:11.097] [SEVERE ] setting player 3 freeze to 1000
[17:31:11.101] [SEVERE ] removing player 1 token from slot 3
[17:31:11.102] [SEVERE ] player 1 placing token on slot 9
[17:31:11.116] [SEVERE ] setting player 2 freeze to 1000
[17:31:11.117] [SEVERE ] setting player 2 freeze to 1000
[17:31:11.125] [SEVERE ] setting player 2 freeze to 1000
[17:31:11.128] [SEVERE ] removing card from slot 0
[17:31:11.151] [SEVERE ] setting player 4 freeze to 1000
[17:31:11.156] [SEVERE ] setting player 4 freeze to 1000
[17:31:11.160] [SEVERE ] setting player 4 freeze to 1000
[17:31:11.228] [SEVERE ] removing card from slot 1
[17:31:11.328] [SEVERE ] removing card from slot 2
[17:31:11.429] [SEVERE ] removing card from slot 3
[17:31:11.529] [SEVERE ] removing card from slot 4
[17:31:11.629] [SEVERE ] removing card from slot 5
[17:31:11.729] [SEVERE ] removing card from slot 6
[17:31:11.829] [SEVERE ] removing card from slot 7
[17:31:11.930] [SEVERE ] removing card from slot 8
[17:31:12.030] [SEVERE ] removing card from slot 9
[17:31:12.094] [SEVERE ] setting player 3 freeze to 0
[17:31:12.094] [SEVERE ] removing player 3 token from slot 11
[17:31:12.095] [SEVERE ] player 3 placing token on slot 10
[17:31:12.096] [SEVERE ] removing player 3 token from slot 9
[17:31:12.096] [SEVERE ] player 3 placing token on slot 11
[17:31:12.100] [SEVERE ] setting player 3 freeze to 0
[17:31:12.101] [SEVERE ] setting player 3 freeze to 0
[17:31:12.116] [SEVERE ] setting player 2 freeze to 0
[17:31:12.116] [SEVERE ] removing player 2 token from slot 2
[17:31:12.117] [SEVERE ] setting player 2 freeze to 0
[17:31:12.117] [SEVERE ] player 2 placing token on slot 11
[17:31:12.118] [SEVERE ] removing player 2 token from slot 10
[17:31:12.118] [SEVERE ] player 2 placing token on slot 7
[17:31:12.125] [SEVERE ] setting player 2 freeze to 0
[17:31:12.125] [SEVERE ] removing player 2 token from slot 7
[17:31:12.128] [SEVERE ] player 2 placing token on slot 7
[17:31:12.125] [SEVERE ] removing player 3 token from slot 10
[17:31:12.133] [SEVERE ] player 3 placing token on slot 10
[17:31:12.131] [SEVERE ] removing card from slot 10
[17:31:12.152] [SEVERE ] setting player 4 freeze to 0
[17:31:12.156] [SEVERE ] setting player 4 freeze to 0
[17:31:12.158] [SEVERE ] removing player 4 token from slot 1
[17:31:12.158] [SEVERE ] player 4 placing token on slot 9
[17:31:12.160] [SEVERE ] setting player 4 freeze to 0
[17:31:12.165] [SEVERE ] removing player 4 token from slot 9
[17:31:12.165] [SEVERE ] removing player 4 token from slot 3
[17:31:12.169] [SEVERE ] player 4 placing token on slot 6
[17:31:12.169] [SEVERE ] removing player 4 token from slot 4
[17:31:12.170] [SEVERE ] player 4 placing token on slot 1
[17:31:12.170] [SEVERE ] player 4 placing token on slot 4
[17:31:12.171] [SEVERE ] removing player 4 token from slot 1
[17:31:12.171] [SEVERE ] player 4 placing token on slot 11
[17:31:12.236] [SEVERE ] removing card from slot 11
[17:31:12.236] [SEVERE ] removing all tokens
[17:31:12.337] [SEVERE ] placing card 62 in slot 0
[17:31:12.437] [SEVERE ] placing card 22 in slot 1
[17:31:12.537] [SEVERE ] placing card 15 in slot 2
[17:31:12.638] [SEVERE ] placing card 70 in slot 3
[17:31:12.738] [SEVERE ] placing card 27 in slot 4
[17:31:12.838] [SEVERE ] placing card 72 in slot 5
[17:31:12.938] [SEVERE ] placing card 36 in slot 6
[17:31:13.039] [SEVERE ] placing card 33 in slot 7
[17:31:13.139] [SEVERE ] placing card 57 in slot 8
[17:31:13.239] [SEVERE ] placing card 29 in slot 9
[17:31:13.340] [SEVERE ] placing card 59 in slot 10
[17:31:13.440] [SEVERE ] placing card 20 in slot 11
[17:31:13.445] [INFO   ] Thread Thread-13starting.
[17:31:13.461] [INFO   ] Thread Thread-14starting.
[17:31:13.477] [INFO   ] Thread Thread-15starting.
[17:31:13.493] [SEVERE ] updating countdown to 15000
[17:31:13.497] [INFO   ] Thread Thread-16starting.
[17:31:13.503] [INFO   ] Thread computer-0 starting.
[17:31:13.503] [SEVERE ] player 1 placing token on slot 9
[17:31:13.504] [SEVERE ] player 1 placing token on slot 5
[17:31:13.505] [SEVERE ] removing player 1 token from slot 9
[17:31:13.506] [SEVERE ] player 1 placing token on slot 9
[17:31:13.507] [SEVERE ] player 1 placing token on slot 6
[17:31:13.535] [INFO   ] Thread computer-1 starting.
[17:31:13.535] [SEVERE ] player 2 placing token on slot 7
[17:31:13.537] [SEVERE ] player 2 placing token on slot 8
[17:31:13.538] [SEVERE ] player 2 placing token on slot 3
[17:31:13.541] [INFO   ] Thread computer-2 starting.
[17:31:13.541] [SEVERE ] player 3 placing token on slot 3
[17:31:13.542] [SEVERE ] player 3 placing token on slot 8
[17:31:13.543] [INFO   ] Thread computer-3 starting.
[17:31:13.544] [SEVERE ] player 3 placing token on slot 4
[17:31:13.547] [SEVERE ] player 4 placing token on slot 8
[17:31:13.548] [SEVERE ] player 4 placing token on slot 11
[17:31:13.549] [SEVERE ] player 4 placing token on slot 2
[17:31:14.493] [SEVERE ] setting player 1 freeze to 3000
[17:31:14.493] [SEVERE ] setting player 1 freeze to 3000
[17:31:14.493] [SEVERE ] updating countdown to 14000
[17:31:14.501] [SEVERE ] setting player 1 freeze to 3000
[17:31:14.503] [SEVERE ] setting player 1 freeze to 3000
[17:31:15.498] [SEVERE ] setting player 1 freeze to 2000
[17:31:15.501] [SEVERE ] setting player 1 freeze to 2000
[17:31:15.502] [SEVERE ] updating countdown to 12991
[17:31:15.502] [SEVERE ] setting player 1 freeze to 2000
[17:31:15.503] [SEVERE ] setting player 1 freeze to 2000
[17:31:16.498] [SEVERE ] setting player 1 freeze to 1000
[17:31:16.501] [SEVERE ] setting player 1 freeze to 1000
[17:31:16.502] [SEVERE ] updating countdown to 11991
[17:31:16.502] [SEVERE ] setting player 1 freeze to 1000
[17:31:16.503] [SEVERE ] setting player 1 freeze to 1000
[17:31:17.498] [SEVERE ] setting player 1 freeze to 0
[17:31:17.498] [SEVERE ] removing player 1 token from slot 5
[17:31:17.499] [SEVERE ] player 1 placing token on slot 4
[17:31:17.499] [SEVERE ] removing player 1 token from slot 6
[17:31:17.499] [SEVERE ] player 1 placing token on slot 3
[17:31:17.500] [SEVERE ] removing player 1 token from slot 4
[17:31:17.501] [SEVERE ] setting player 1 freeze to 0
[17:31:17.502] [SEVERE ] setting player 3 freeze to 3000
[17:31:17.503] [SEVERE ] setting player 1 freeze to 0
[17:31:17.503] [SEVERE ] setting player 1 freeze to 0
[17:31:17.501] [SEVERE ] removing player 1 token from slot 3
[17:31:17.502] [SEVERE ] updating countdown to 10991
[17:31:17.502] [SEVERE ] setting player 3 freeze to 3000
[17:31:17.502] [SEVERE ] setting player 3 freeze to 3000
[17:31:17.510] [SEVERE ] player 1 placing token on slot 10
[17:31:17.510] [SEVERE ] setting player 3 freeze to 3000
[17:31:17.517] [SEVERE ] player 1 placing token on slot 8
[17:31:18.502] [SEVERE ] setting player 3 freeze to 2000
[17:31:18.511] [SEVERE ] updating countdown to 9982
[17:31:18.511] [SEVERE ] setting player 3 freeze to 2000
[17:31:18.512] [SEVERE ] setting player 3 freeze to 2000
[17:31:18.521] [SEVERE ] setting player 3 freeze to 2000
[17:31:19.503] [SEVERE ] setting player 3 freeze to 1000
[17:31:19.511] [SEVERE ] setting player 2 freeze to 3000
[17:31:19.511] [SEVERE ] setting player 2 freeze to 3000
[17:31:19.511] [SEVERE ] setting player 2 freeze to 3000
[17:31:19.511] [SEVERE ] setting player 2 freeze to 3000
[17:31:19.511] [SEVERE ] updating countdown to 8982
[17:31:19.512] [SEVERE ] setting player 3 freeze to 1000
[17:31:19.512] [SEVERE ] setting player 3 freeze to 1000
[17:31:19.521] [SEVERE ] setting player 3 freeze to 1000
[17:31:20.503] [SEVERE ] setting player 3 freeze to 0
[17:31:20.503] [SEVERE ] removing player 3 token from slot 8
[17:31:20.503] [SEVERE ] player 3 placing token on slot 5
[17:31:20.504] [SEVERE ] removing player 3 token from slot 3
[17:31:20.504] [SEVERE ] player 3 placing token on slot 6
[17:31:20.511] [SEVERE ] setting player 2 freeze to 2000
[17:31:20.513] [SEVERE ] setting player 2 freeze to 2000
[17:31:20.513] [SEVERE ] setting player 2 freeze to 2000
[17:31:20.514] [SEVERE ] setting player 2 freeze to 2000
[17:31:20.514] [SEVERE ] updating countdown to 7979
[17:31:20.515] [SEVERE ] setting player 3 freeze to 0
[17:31:20.515] [SEVERE ] setting player 3 freeze to 0
[17:31:20.521] [SEVERE ] setting player 3 freeze to 0
[17:31:21.511] [SEVERE ] setting player 2 freeze to 1000
[17:31:21.513] [SEVERE ] setting player 2 freeze to 1000
[17:31:21.513] [SEVERE ] setting player 2 freeze to 1000
[17:31:21.514] [SEVERE ] setting player 2 freeze to 1000
[17:31:21.515] [SEVERE ] updating countdown to 6978
[17:31:22.512] [SEVERE ] setting player 2 freeze to 0
[17:31:22.512] [SEVERE ] removing player 2 token from slot 3
[17:31:22.513] [SEVERE ] setting player 2 freeze to 0
[17:31:22.514] [SEVERE ] setting player 2 freeze to 0
[17:31:22.515] [SEVERE ] setting player 3 freeze to 3000
[17:31:22.513] [SEVERE ] player 2 placing token on slot 6
[17:31:22.515] [SEVERE ] setting player 3 freeze to 3000
[17:31:22.515] [SEVERE ] updating countdown to 5978
[17:31:22.514] [SEVERE ] setting player 2 freeze to 0
[17:31:22.522] [SEVERE ] removing player 2 token from slot 7
[17:31:22.523] [SEVERE ] player 2 placing token on slot 4
[17:31:22.524] [SEVERE ] removing player 2 token from slot 6
[17:31:22.524] [SEVERE ] player 2 placing token on slot 10
[17:31:22.525] [SEVERE ] setting player 3 freeze to 3000
[17:31:22.515] [SEVERE ] setting player 3 freeze to 3000
[17:31:23.516] [SEVERE ] setting player 3 freeze to 2000
[17:31:23.522] [SEVERE ] setting player 3 freeze to 2000
[17:31:23.523] [SEVERE ] setting player 4 freeze to 3000
[17:31:23.527] [SEVERE ] setting player 3 freeze to 2000
[17:31:23.523] [SEVERE ] setting player 4 freeze to 3000
[17:31:23.523] [SEVERE ] setting player 4 freeze to 3000
[17:31:23.523] [SEVERE ] setting player 4 freeze to 3000
[17:31:23.536] [SEVERE ] setting player 3 freeze to 2000
[17:31:23.553] [SEVERE ] setting player 1 freeze to 3000
[17:31:23.564] [SEVERE ] setting player 2 freeze to 3000
[17:31:23.564] [SEVERE ] setting player 2 freeze to 3000
[17:31:23.564] [SEVERE ] setting player 2 freeze to 3000
[17:31:23.554] [SEVERE ] setting player 1 freeze to 3000
[17:31:23.554] [SEVERE ] setting player 1 freeze to 3000
[17:31:23.554] [SEVERE ] setting player 1 freeze to 3000
[17:31:23.567] [SEVERE ] setting player 2 freeze to 3000
[17:31:24.516] [SEVERE ] setting player 3 freeze to 1000
[17:31:24.522] [SEVERE ] setting player 3 freeze to 1000
[17:31:24.533] [SEVERE ] setting player 4 freeze to 2000
[17:31:24.533] [SEVERE ] setting player 3 freeze to 1000
[17:31:24.538] [SEVERE ] setting player 4 freeze to 2000
[17:31:24.539] [SEVERE ] setting player 4 freeze to 2000
[17:31:24.539] [SEVERE ] setting player 4 freeze to 2000
[17:31:24.540] [SEVERE ] setting player 3 freeze to 1000
[17:31:24.565] [SEVERE ] setting player 1 freeze to 2000
[17:31:24.565] [SEVERE ] setting player 2 freeze to 2000
[17:31:24.567] [SEVERE ] setting player 2 freeze to 2000
[17:31:24.569] [SEVERE ] setting player 2 freeze to 2000
[17:31:24.569] [SEVERE ] setting player 1 freeze to 2000
[17:31:24.572] [SEVERE ] setting player 1 freeze to 2000
[17:31:24.572] [SEVERE ] setting player 1 freeze to 2000
[17:31:24.573] [SEVERE ] setting player 2 freeze to 2000
[17:31:25.516] [SEVERE ] setting player 3 freeze to 0
[17:31:25.517] [SEVERE ] removing player 3 token from slot 4
[17:31:25.517] [SEVERE ] player 3 placing token on slot 7
[17:31:25.520] [SEVERE ] removing player 3 token from slot 6
[17:31:25.520] [SEVERE ] player 3 placing token on slot 8
[17:31:25.521] [SEVERE ] removing player 3 token from slot 7
[17:31:25.521] [SEVERE ] removing player 3 token from slot 5
[17:31:25.522] [SEVERE ] player 3 placing token on slot 9
[17:31:25.522] [SEVERE ] player 3 placing token on slot 4
[17:31:25.522] [SEVERE ] removing player 3 token from slot 9
[17:31:25.522] [SEVERE ] setting player 3 freeze to 0
[17:31:25.523] [SEVERE ] player 3 placing token on slot 10
[17:31:25.531] [SEVERE ] setting player 3 freeze to 3000
[17:31:25.532] [SEVERE ] setting player 3 freeze to 3000
[17:31:25.534] [SEVERE ] setting player 4 freeze to 1000
[17:31:25.534] [SEVERE ] setting player 3 freeze to 0
[17:31:25.534] [SEVERE ] removing player 3 token from slot 4
[17:31:25.535] [SEVERE ] removing player 3 token from slot 8
[17:31:25.535] [SEVERE ] player 3 placing token on slot 6
[17:31:25.536] [SEVERE ] player 3 placing token on slot 1
[17:31:25.538] [SEVERE ] setting player 4 freeze to 1000
[17:31:25.539] [SEVERE ] setting player 4 freeze to 1000
[17:31:25.540] [SEVERE ] setting player 3 freeze to 0
[17:31:25.542] [SEVERE ] setting player 4 freeze to 1000
[17:31:25.542] [SEVERE ] setting player 3 freeze to 3000
[17:31:25.542] [SEVERE ] setting player 3 freeze to 3000
[17:31:25.565] [SEVERE ] setting player 1 freeze to 1000
[17:31:25.566] [SEVERE ] setting player 2 freeze to 1000
[17:31:25.567] [SEVERE ] setting player 2 freeze to 1000
[17:31:25.569] [SEVERE ] setting player 2 freeze to 1000
[17:31:25.569] [SEVERE ] setting player 1 freeze to 1000
[17:31:25.572] [SEVERE ] setting player 1 freeze to 1000
[17:31:25.573] [SEVERE ] setting player 1 freeze to 1000
[17:31:25.573] [SEVERE ] setting player 2 freeze to 1000
[17:31:26.493] [SEVERE ] updating countdown to 2000
[17:31:26.532] [SEVERE ] setting player 3 freeze to 2000
[17:31:26.533] [SEVERE ] setting player 3 freeze to 2000
[17:31:26.534] [SEVERE ] setting player 4 freeze to 0
[17:31:26.534] [SEVERE ] removing player 4 token from slot 2
[17:31:26.534] [SEVERE ] player 4 placing token on slot 1
[17:31:26.535] [SEVERE ] removing player 4 token from slot 1
[17:31:26.535] [SEVERE ] removing player 4 token from slot 11
[17:31:26.536] [SEVERE ] player 4 placing token on slot 3
[17:31:26.536] [SEVERE ] removing player 4 token from slot 8
[17:31:26.544] [SEVERE ] setting player 3 freeze to 2000
[17:31:26.543] [SEVERE ] setting player 3 freeze to 2000
[17:31:26.543] [SEVERE ] setting player 4 freeze to 0
[17:31:26.539] [SEVERE ] setting player 4 freeze to 0
[17:31:26.539] [SEVERE ] setting player 4 freeze to 0
[17:31:26.545] [SEVERE ] removing player 4 token from slot 3
[17:31:26.556] [SEVERE ] player 4 placing token on slot 10
[17:31:26.557] [SEVERE ] player 4 placing token on slot 5
[17:31:26.557] [SEVERE ] player 4 placing token on slot 7
[17:31:26.558] [SEVERE ] removing player 4 token from slot 5
[17:31:26.559] [SEVERE ] removing player 4 token from slot 7
[17:31:26.559] [SEVERE ] player 4 placing token on slot 6
[17:31:26.560] [SEVERE ] player 4 placing token on slot 2
[17:31:26.560] [SEVERE ] removing player 4 token from slot 10
[17:31:26.561] [SEVERE ] removing player 4 token from slot 6
[17:31:26.561] [SEVERE ] player 4 placing token on slot 3
[17:31:26.562] [SEVERE ] removing player 4 token from slot 3
[17:31:26.562] [SEVERE ] player 4 placing token on slot 1
[17:31:26.562] [SEVERE ] player 4 placing token on slot 4
[17:31:26.565] [SEVERE ] setting player 4 freeze to 3000
[17:31:26.565] [SEVERE ] setting player 4 freeze to 3000
[17:31:26.566] [SEVERE ] setting player 1 freeze to 0
[17:31:26.566] [SEVERE ] removing player 1 token from slot 8
[17:31:26.566] [SEVERE ] setting player 4 freeze to 3000
[17:31:26.567] [SEVERE ] setting player 2 freeze to 0
[17:31:26.568] [SEVERE ] removing player 2 token from slot 4
[17:31:26.568] [SEVERE ] removing player 2 token from slot 8
[17:31:26.569] [SEVERE ] setting player 2 freeze to 0
[17:31:26.569] [SEVERE ] setting player 1 freeze to 0
[17:31:26.572] [SEVERE ] setting player 1 freeze to 0
[17:31:26.574] [SEVERE ] setting player 1 freeze to 0
[17:31:26.575] [SEVERE ] setting player 2 freeze to 0
[17:31:26.567] [SEVERE ] player 1 placing token on slot 7
[17:31:26.569] [SEVERE ] setting player 2 freeze to 0
[17:31:26.569] [SEVERE ] player 2 placing token on slot 8
[17:31:26.595] [SEVERE ] removing player 1 token from slot 10
[17:31:26.596] [SEVERE ] player 1 placing token on slot 10
[17:31:26.595] [SEVERE ] player 2 placing token on slot 2
[17:31:26.596] [SEVERE ] removing player 1 token from slot 10
[17:31:26.598] [SEVERE ] player 1 placing token on slot 5
[17:31:26.599] [SEVERE ] removing player 1 token from slot 9
[17:31:26.599] [SEVERE ] removing player 1 token from slot 7
[17:31:26.598] [SEVERE ] removing player 2 token from slot 10
[17:31:26.600] [SEVERE ] player 1 placing token on slot 6
[17:31:26.601] [SEVERE ] player 1 placing token on slot 9
[17:31:26.600] [SEVERE ] player 2 placing token on slot 4
[17:31:26.602] [SEVERE ] removing player 2 token from slot 2
[17:31:26.602] [SEVERE ] removing player 2 token from slot 4
[17:31:26.602] [SEVERE ] removing player 2 token from slot 8
[17:31:26.603] [SEVERE ] player 2 placing token on slot 8
[17:31:26.603] [SEVERE ] player 2 placing token on slot 3
[17:31:26.604] [SEVERE ] player 2 placing token on slot 7
[17:31:26.604] [SEVERE ] removing player 2 token from slot 8
[17:31:26.605] [SEVERE ] player 2 placing token on slot 1
[17:31:26.565] [SEVERE ] setting player 4 freeze to 3000
[17:31:26.606] [SEVERE ] setting player 1 freeze to 3000
[17:31:26.607] [SEVERE ] setting player 1 freeze to 3000
[17:31:26.607] [SEVERE ] setting player 1 freeze to 3000
[17:31:26.606] [SEVERE ] setting player 1 freeze to 3000
[17:31:26.627] [SEVERE ] setting player 2 freeze to 3000
[17:31:26.627] [SEVERE ] setting player 2 freeze to 3000
[17:31:26.628] [SEVERE ] setting player 2 freeze to 3000
[17:31:26.628] [SEVERE ] setting player 2 freeze to 3000
[17:31:27.532] [SEVERE ] setting player 3 freeze to 1000
[17:31:27.533] [SEVERE ] setting player 3 freeze to 1000
[17:31:27.546] [SEVERE ] setting player 3 freeze to 1000
[17:31:27.553] [SEVERE ] setting player 3 freeze to 1000
[17:31:27.565] [SEVERE ] setting player 4 freeze to 2000
[17:31:27.567] [SEVERE ] setting player 4 freeze to 2000
[17:31:27.576] [SEVERE ] setting player 4 freeze to 2000
[17:31:27.607] [SEVERE ] setting player 4 freeze to 2000
[17:31:27.613] [SEVERE ] setting player 1 freeze to 2000
[17:31:27.613] [SEVERE ] setting player 1 freeze to 2000
[17:31:27.615] [SEVERE ] setting player 1 freeze to 2000
[17:31:27.615] [SEVERE ] setting player 1 freeze to 2000
[17:31:27.627] [SEVERE ] setting player 2 freeze to 2000
[17:31:27.631] [SEVERE ] setting player 2 freeze to 2000
[17:31:27.631] [SEVERE ] setting player 2 freeze to 2000
[17:31:27.632] [SEVERE ] setting player 2 freeze to 2000
[17:31:28.497] [SEVERE ] updating countdown to 15000
[17:31:28.497] [SEVERE ] updating countdown to 15000
[17:31:28.533] [SEVERE ] setting player 3 freeze to 0
[17:31:28.533] [SEVERE ] removing player 3 token from slot 10
[17:31:28.533] [SEVERE ] setting player 3 freeze to 0
[17:31:28.533] [SEVERE ] player 3 placing token on slot 4
[17:31:28.537] [SEVERE ] removing player 3 token from slot 4
[17:31:28.537] [SEVERE ] player 3 placing token on slot 3
[17:31:28.537] [SEVERE ] removing player 3 token from slot 1
[17:31:28.538] [SEVERE ] removing player 3 token from slot 6
[17:31:28.538] [SEVERE ] player 3 placing token on slot 7
[17:31:28.539] [SEVERE ] player 3 placing token on slot 5
[17:31:28.546] [SEVERE ] setting player 3 freeze to 0
[17:31:28.555] [SEVERE ] setting player 3 freeze to 0
[17:31:28.565] [SEVERE ] removing player 3 token from slot 3
[17:31:28.565] [SEVERE ] player 3 placing token on slot 6
[17:31:28.566] [SEVERE ] setting player 4 freeze to 1000
[17:31:28.568] [SEVERE ] setting player 4 freeze to 1000
[17:31:28.576] [SEVERE ] setting player 4 freeze to 1000
[17:31:28.598] [SEVERE ] removing card from slot 0
[17:31:28.607] [SEVERE ] setting player 4 freeze to 1000
[17:31:28.613] [SEVERE ] setting player 1 freeze to 1000
[17:31:28.614] [SEVERE ] setting player 1 freeze to 1000
[17:31:28.615] [SEVERE ] setting player 1 freeze to 1000
[17:31:28.615] [SEVERE ] setting player 1 freeze to 1000
[17:31:28.627] [SEVERE ] setting player 2 freeze to 1000
[17:31:28.631] [SEVERE ] setting player 2 freeze to 1000
[17:31:28.632] [SEVERE ] setting player 2 freeze to 1000
[17:31:28.633] [SEVERE ] setting player 2 freeze to 1000
[17:31:28.698] [SEVERE ] removing card from slot 1
[17:31:28.799] [SEVERE ] removing card from slot 2
[17:31:28.899] [SEVERE ] removing card from slot 3
[17:31:28.999] [SEVERE ] removing card from slot 4
[17:31:29.100] [SEVERE ] removing card from slot 5
[17:31:29.200] [SEVERE ] removing card from slot 6
[17:31:29.300] [SEVERE ] removing card from slot 7
[17:31:29.400] [SEVERE ] removing card from slot 8
[17:31:29.500] [SEVERE ] removing card from slot 9
[17:31:29.576] [SEVERE ] setting player 4 freeze to 0
[17:31:29.576] [SEVERE ] removing player 4 token from slot 1
[17:31:29.576] [SEVERE ] setting player 4 freeze to 0
[17:31:29.577] [SEVERE ] setting player 4 freeze to 0
[17:31:29.576] [SEVERE ] player 4 placing token on slot 5
[17:31:29.593] [SEVERE ] removing player 4 token from slot 2
[17:31:29.593] [SEVERE ] player 4 placing token on slot 9
[17:31:29.593] [SEVERE ] removing player 4 token from slot 9
[17:31:29.594] [SEVERE ] player 4 placing token on slot 3
[17:31:29.594] [SEVERE ] removing player 4 token from slot 3
[17:31:29.594] [SEVERE ] player 4 placing token on slot 3
[17:31:29.601] [SEVERE ] removing card from slot 10
[17:31:29.608] [SEVERE ] setting player 4 freeze to 0
[17:31:29.614] [SEVERE ] setting player 1 freeze to 0
[17:31:29.614] [SEVERE ] removing player 1 token from slot 9
[17:31:29.614] [SEVERE ] player 1 placing token on slot 9
[17:31:29.615] [SEVERE ] setting player 1 freeze to 0
[17:31:29.615] [SEVERE ] setting player 1 freeze to 0
[17:31:29.617] [SEVERE ] setting player 1 freeze to 0
[17:31:29.627] [SEVERE ] setting player 2 freeze to 0
[17:31:29.627] [SEVERE ] removing player 2 token from slot 3
[17:31:29.637] [SEVERE ] removing player 2 token from slot 7
[17:31:29.637] [SEVERE ] player 2 placing token on slot 8
[17:31:29.638] [SEVERE ] player 2 placing token on slot 11
[17:31:29.639] [SEVERE ] removing player 2 token from slot 8
[17:31:29.639] [SEVERE ] player 2 placing token on slot 3
[17:31:29.640] [SEVERE ] removing player 2 token from slot 1
[17:31:29.641] [SEVERE ] player 2 placing token on slot 6
[17:31:29.641] [SEVERE ] removing player 2 token from slot 3
[17:31:29.642] [SEVERE ] player 2 placing token on slot 5
[17:31:29.615] [SEVERE ] removing player 1 token from slot 5
[17:31:29.633] [SEVERE ] setting player 2 freeze to 0
[17:31:29.632] [SEVERE ] setting player 2 freeze to 0
[17:31:29.632] [SEVERE ] setting player 2 freeze to 0
[17:31:29.658] [SEVERE ] player 1 placing token on slot 1
[17:31:29.661] [SEVERE ] removing player 1 token from slot 9
[17:31:29.662] [SEVERE ] player 1 placing token on slot 7
[17:31:29.662] [SEVERE ] removing player 1 token from slot 6
[17:31:29.662] [SEVERE ] player 1 placing token on slot 8
[17:31:29.701] [SEVERE ] removing card from slot 11
[17:31:29.701] [SEVERE ] removing all tokens
[17:31:29.802] [SEVERE ] placing card 54 in slot 0
[17:31:29.902] [SEVERE ] placing card 37 in slot 1
[17:31:30.002] [SEVERE ] placing card 58 in slot 2
[17:31:30.103] [SEVERE ] placing card 34 in slot 3
[17:31:30.203] [SEVERE ] placing card 80 in slot 4
[17:31:30.303] [SEVERE ] placing card 28 in slot 5
[17:31:30.404] [SEVERE ] placing card 64 in slot 6
[17:31:30.504] [SEVERE ] placing card 67 in slot 7
[17:31:30.604] [SEVERE ] placing card 6 in slot 8
[17:31:30.705] [SEVERE ] placing card 17 in slot 9
[17:31:30.805] [SEVERE ] placing card 56 in slot 10
[17:31:30.906] [SEVERE ] placing card 52 in slot 11
[17:31:30.913] [INFO   ] Thread Thread-17starting.
[17:31:30.919] [INFO   ] Thread Thread-18starting.
[17:31:30.937] [INFO   ] Thread computer-0 starting.
[17:31:30.937] [SEVERE ] player 1 placing token on slot 10
[17:31:30.939] [SEVERE ] player 1 placing token on slot 3
[17:31:30.939] [SEVERE ] player 1 placing token on slot 1
[17:31:30.956] [INFO   ] Thread computer-1 starting.
[17:31:30.956] [SEVERE ] player 2 placing token on slot 10
[17:31:30.957] [SEVERE ] player 2 placing token on slot 4
[17:31:30.957] [SEVERE ] player 2 placing token on slot 1
[17:31:30.971] [INFO   ] Thread Thread-19starting.
[17:31:30.985] [SEVERE ] updating countdown to 15000
[17:31:30.987] [INFO   ] Thread Thread-20starting.
[17:31:31.003] [INFO   ] Thread computer-2 starting.
[17:31:31.003] [SEVERE ] player 3 placing token on slot 7
[17:31:31.004] [SEVERE ] player 3 placing token on slot 11
[17:31:31.007] [SEVERE ] removing player 3 token from slot 11
[17:31:31.008] [SEVERE ] player 3 placing token on slot 9
[17:31:31.013] [SEVERE ] player 3 placing token on slot 2
[17:31:31.013] [INFO   ] Thread computer-3 starting.
[17:31:31.017] [SEVERE ] player 4 placing token on slot 5
[17:31:31.017] [SEVERE ] player 4 placing token on slot 9
[17:31:31.018] [SEVERE ] player 4 placing token on slot 4
[17:31:31.985] [SEVERE ] updating countdown to 14000
[17:31:31.985] [SEVERE ] setting player 3 freeze to 3000
[17:31:31.987] [SEVERE ] setting player 3 freeze to 3000
[17:31:31.989] [SEVERE ] setting player 3 freeze to 3000
[17:31:32.000] [SEVERE ] setting player 3 freeze to 3000
[17:31:32.001] [SEVERE ] setting player 3 freeze to 3000
[17:31:32.985] [SEVERE ] updating countdown to 13000
[17:31:32.986] [SEVERE ] setting player 3 freeze to 2000
[17:31:32.987] [SEVERE ] setting player 3 freeze to 2000
[17:31:32.990] [SEVERE ] setting player 3 freeze to 2000
[17:31:33.000] [SEVERE ] setting player 3 freeze to 2000
[17:31:33.001] [SEVERE ] setting player 3 freeze to 2000
[17:31:33.986] [SEVERE ] updating countdown to 11999
[17:31:33.986] [SEVERE ] setting player 3 freeze to 1000
[17:31:33.987] [SEVERE ] setting player 3 freeze to 1000
[17:31:33.991] [SEVERE ] setting player 3 freeze to 1000
[17:31:34.000] [SEVERE ] setting player 3 freeze to 1000
[17:31:34.001] [SEVERE ] setting player 3 freeze to 1000
[17:31:34.986] [SEVERE ] setting player 3 freeze to 0
[17:31:34.987] [SEVERE ] removing player 3 token from slot 9
[17:31:34.988] [SEVERE ] player 3 placing token on slot 6
[17:31:34.988] [SEVERE ] removing player 3 token from slot 7
[17:31:34.989] [SEVERE ] player 3 placing token on slot 7
[17:31:34.988] [SEVERE ] setting player 3 freeze to 0
[17:31:34.991] [SEVERE ] setting player 3 freeze to 0
[17:31:34.989] [SEVERE ] removing player 3 token from slot 7
[17:31:34.995] [SEVERE ] player 3 placing token on slot 10
[17:31:34.996] [SEVERE ] setting player 3 freeze to 3000
[17:31:34.996] [SEVERE ] updating countdown to 10989
[17:31:34.996] [SEVERE ] setting player 3 freeze to 3000
[17:31:35.000] [SEVERE ] setting player 3 freeze to 0
[17:31:35.000] [SEVERE ] removing player 3 token from slot 6
[17:31:35.001] [SEVERE ] player 3 placing token on slot 3
[17:31:35.001] [SEVERE ] setting player 3 freeze to 0
[17:31:34.996] [SEVERE ] setting player 3 freeze to 3000
[17:31:35.997] [SEVERE ] setting player 3 freeze to 2000
[17:31:35.997] [SEVERE ] setting player 3 freeze to 2000
[17:31:35.997] [SEVERE ] updating countdown to 9988
[17:31:35.999] [SEVERE ] setting player 4 freeze to 3000
[17:31:36.004] [SEVERE ] setting player 4 freeze to 3000
[17:31:35.997] [SEVERE ] setting player 4 freeze to 3000
[17:31:36.009] [SEVERE ] setting player 4 freeze to 3000
[17:31:36.017] [SEVERE ] setting player 4 freeze to 3000
[17:31:36.024] [SEVERE ] setting player 3 freeze to 2000
[17:31:36.997] [SEVERE ] setting player 3 freeze to 1000
[17:31:36.997] [SEVERE ] setting player 3 freeze to 1000
[17:31:36.999] [SEVERE ] setting player 4 freeze to 2000
[17:31:37.001] [SEVERE ] updating countdown to 8984
[17:31:37.004] [SEVERE ] setting player 4 freeze to 2000
[17:31:37.009] [SEVERE ] setting player 4 freeze to 2000
[17:31:37.009] [SEVERE ] setting player 4 freeze to 2000
[17:31:37.017] [SEVERE ] setting player 4 freeze to 2000
[17:31:37.024] [SEVERE ] setting player 3 freeze to 1000
[17:31:37.997] [SEVERE ] setting player 3 freeze to 0
[17:31:37.998] [SEVERE ] setting player 3 freeze to 0
[17:31:37.999] [SEVERE ] setting player 4 freeze to 1000
[17:31:38.001] [SEVERE ] updating countdown to 7984
[17:31:38.005] [SEVERE ] setting player 4 freeze to 1000
[17:31:38.009] [SEVERE ] setting player 4 freeze to 1000
[17:31:38.009] [SEVERE ] setting player 4 freeze to 1000
[17:31:38.017] [SEVERE ] setting player 4 freeze to 1000
[17:31:38.024] [SEVERE ] setting player 3 freeze to 0
[17:31:38.999] [SEVERE ] setting player 4 freeze to 0
[17:31:39.000] [SEVERE ] removing player 4 token from slot 4
[17:31:39.000] [SEVERE ] removing player 4 token from slot 9
[17:31:39.000] [SEVERE ] player 4 placing token on slot 9
[17:31:39.000] [SEVERE ] player 4 placing token on slot 10
[17:31:39.000] [SEVERE ] removing player 4 token from slot 10
[17:31:39.000] [SEVERE ] player 4 placing token on slot 6
[17:31:39.001] [SEVERE ] removing player 4 token from slot 9
[17:31:39.001] [SEVERE ] player 4 placing token on slot 7
[17:31:39.009] [SEVERE ] setting player 4 freeze to 3000
[17:31:39.006] [SEVERE ] setting player 4 freeze to 0
[17:31:39.009] [SEVERE ] removing player 4 token from slot 6
[17:31:39.010] [SEVERE ] removing player 4 token from slot 5
[17:31:39.010] [SEVERE ] player 4 placing token on slot 1
[17:31:39.010] [SEVERE ] removing player 4 token from slot 1
[17:31:39.011] [SEVERE ] player 4 placing token on slot 9
[17:31:39.011] [SEVERE ] player 4 placing token on slot 4
[17:31:39.009] [SEVERE ] updating countdown to 6976
[17:31:39.010] [SEVERE ] setting player 4 freeze to 0
[17:31:39.009] [SEVERE ] setting player 4 freeze to 0
[17:31:39.017] [SEVERE ] setting player 4 freeze to 0
[17:31:40.009] [SEVERE ] setting player 4 freeze to 2000
[17:31:40.012] [SEVERE ] updating countdown to 5973
[17:31:40.013] [SEVERE ] setting player 1 freeze to 3000
[17:31:40.013] [SEVERE ] setting player 1 freeze to 3000
[17:31:40.014] [SEVERE ] setting player 1 freeze to 3000
[17:31:40.021] [SEVERE ] setting player 1 freeze to 3000
[17:31:40.033] [SEVERE ] setting player 1 freeze to 3000
[17:31:41.009] [SEVERE ] setting player 4 freeze to 1000
[17:31:41.014] [SEVERE ] setting player 1 freeze to 2000
[17:31:41.014] [SEVERE ] setting player 1 freeze to 2000
[17:31:41.014] [SEVERE ] setting player 1 freeze to 2000
[17:31:41.014] [SEVERE ] setting player 2 freeze to 3000
[17:31:41.021] [SEVERE ] setting player 1 freeze to 2000
[17:31:41.022] [SEVERE ] setting player 2 freeze to 3000
[17:31:41.025] [SEVERE ] setting player 2 freeze to 3000
[17:31:41.033] [SEVERE ] setting player 1 freeze to 2000
[17:31:41.033] [SEVERE ] setting player 2 freeze to 3000
[17:31:41.046] [SEVERE ] setting player 2 freeze to 3000
[17:31:41.111] [SEVERE ] setting player 3 freeze to 3000
[17:31:41.111] [SEVERE ] setting player 3 freeze to 3000
[17:31:41.119] [SEVERE ] setting player 3 freeze to 3000
[17:31:41.120] [SEVERE ] setting player 3 freeze to 3000
[17:31:41.125] [SEVERE ] setting player 4 freeze to 3000
[17:31:41.125] [SEVERE ] setting player 4 freeze to 3000
[17:31:41.125] [SEVERE ] setting player 4 freeze to 3000
[17:31:41.125] [SEVERE ] setting player 3 freeze to 3000
[17:31:41.125] [SEVERE ] setting player 4 freeze to 3000
[17:31:42.010] [SEVERE ] setting player 4 freeze to 0
[17:31:42.010] [SEVERE ] removing player 4 token from slot 4
[17:31:42.010] [SEVERE ] player 4 placing token on slot 3
[17:31:42.011] [SEVERE ] removing player 4 token from slot 7
[17:31:42.011] [SEVERE ] player 4 placing token on slot 8
[17:31:42.012] [SEVERE ] removing player 4 token from slot 8
[17:31:42.012] [SEVERE ] player 4 placing token on slot 2
[17:31:42.013] [SEVERE ] removing player 4 token from slot 9
[17:31:42.013] [SEVERE ] player 4 placing token on slot 7
[17:31:42.013] [SEVERE ] removing player 4 token from slot 2
[17:31:42.014] [SEVERE ] player 4 placing token on slot 2
[17:31:42.014] [SEVERE ] setting player 1 freeze to 1000
[17:31:42.014] [SEVERE ] setting player 1 freeze to 1000
[17:31:42.016] [SEVERE ] setting player 4 freeze to 3000
[17:31:42.016] [SEVERE ] setting player 2 freeze to 2000
[17:31:42.015] [SEVERE ] setting player 1 freeze to 1000
[17:31:42.021] [SEVERE ] setting player 1 freeze to 1000
[17:31:42.022] [SEVERE ] setting player 2 freeze to 2000
[17:31:42.025] [SEVERE ] setting player 2 freeze to 2000
[17:31:42.033] [SEVERE ] setting player 1 freeze to 1000
[17:31:42.049] [SEVERE ] setting player 2 freeze to 2000
[17:31:42.049] [SEVERE ] setting player 2 freeze to 2000
[17:31:42.111] [SEVERE ] setting player 3 freeze to 2000
[17:31:42.111] [SEVERE ] setting player 3 freeze to 2000
[17:31:42.120] [SEVERE ] setting player 3 freeze to 2000
[17:31:42.120] [SEVERE ] setting player 3 freeze to 2000
[17:31:42.125] [SEVERE ] setting player 4 freeze to 2000
[17:31:42.126] [SEVERE ] setting player 4 freeze to 2000
[17:31:42.126] [SEVERE ] setting player 4 freeze to 2000
[17:31:42.127] [SEVERE ] setting player 3 freeze to 2000
[17:31:42.141] [SEVERE ] setting player 4 freeze to 2000
