[18:16:33.422] [INFO   ] thread main starting.
[18:16:33.429] [SEVERE ] cannot read configuration file config.properties trying from resources.
[18:16:33.431] [SEVERE ] configuration file was loaded from resources directory.
[18:16:33.920] [INFO   ] thread dealer starting.
[18:16:33.921] [INFO   ] Thread dealer starting.
[18:16:34.027] [SEVERE ] placing card 75 in slot 0
[18:16:34.128] [SEVERE ] placing card 22 in slot 1
[18:16:34.229] [SEVERE ] placing card 6 in slot 2
[18:16:34.329] [SEVERE ] placing card 12 in slot 3
[18:16:34.430] [SEVERE ] placing card 8 in slot 4
[18:16:34.530] [SEVERE ] placing card 35 in slot 5
[18:16:34.631] [SEVERE ] placing card 28 in slot 6
[18:16:34.732] [SEVERE ] placing card 45 in slot 7
[18:16:34.833] [SEVERE ] placing card 5 in slot 8
[18:16:34.934] [SEVERE ] placing card 59 in slot 9
[18:16:35.035] [SEVERE ] placing card 46 in slot 10
[18:16:35.136] [SEVERE ] placing card 48 in slot 11
[18:16:35.137] [INFO   ] Thread Thread-1starting.
[18:16:35.138] [SEVERE ] updating countdown to 5000
[18:16:35.137] [INFO   ] Thread Thread-3starting.
[18:16:35.137] [INFO   ] Thread Thread-2starting.
[18:16:35.145] [INFO   ] Thread computer-0 starting.
[18:16:35.145] [INFO   ] Thread Thread-4starting.
[18:16:35.147] [SEVERE ] player 1 placing token on slot 9
[18:16:35.149] [SEVERE ] player 1 placing token on slot 6
[18:16:35.151] [SEVERE ] player 1 placing token on slot 10
[18:16:35.153] [INFO   ] Thread computer-1 starting.
[18:16:35.154] [SEVERE ] player 2 placing token on slot 5
[18:16:35.157] [SEVERE ] player 2 placing token on slot 10
[18:16:35.159] [SEVERE ] removing player 2 token from slot 5
[18:16:35.161] [SEVERE ] player 2 placing token on slot 2
[18:16:35.162] [SEVERE ] player 2 placing token on slot 7
[18:16:35.165] [INFO   ] Thread computer-3 starting.
[18:16:35.166] [SEVERE ] player 4 placing token on slot 4
[18:16:35.167] [SEVERE ] player 4 placing token on slot 9
[18:16:35.168] [SEVERE ] removing player 4 token from slot 4
[18:16:35.169] [SEVERE ] removing player 4 token from slot 9
[18:16:35.169] [SEVERE ] player 4 placing token on slot 9
[18:16:35.170] [SEVERE ] player 4 placing token on slot 4
[18:16:35.170] [SEVERE ] player 4 placing token on slot 1
[18:16:35.173] [INFO   ] Thread computer-2 starting.
[18:16:35.173] [SEVERE ] player 3 placing token on slot 5
[18:16:35.173] [SEVERE ] setting player 1 freeze to 0
[18:16:35.176] [SEVERE ] setting player 1 freeze to 0
[18:16:35.176] [SEVERE ] setting player 1 freeze to 0
[18:16:35.174] [SEVERE ] player 3 placing token on slot 9
[18:16:35.177] [SEVERE ] removing player 3 token from slot 5
[18:16:35.178] [SEVERE ] setting player 1 freeze to 0
[18:16:35.178] [SEVERE ] player 3 placing token on slot 4
[18:16:35.179] [SEVERE ] removing player 3 token from slot 9
[18:16:35.179] [SEVERE ] player 3 placing token on slot 3
[18:16:35.179] [SEVERE ] removing player 1 token from slot 9
[18:16:35.180] [SEVERE ] player 3 placing token on slot 9
[18:16:35.181] [SEVERE ] player 1 placing token on slot 3
[18:16:35.185] [SEVERE ] setting player 2 freeze to 0
[18:16:35.185] [SEVERE ] setting player 2 freeze to 0
[18:16:35.186] [SEVERE ] setting player 2 freeze to 0
[18:16:35.187] [SEVERE ] setting player 2 freeze to 0
[18:16:35.188] [SEVERE ] removing player 2 token from slot 2
[18:16:35.188] [SEVERE ] player 2 placing token on slot 5
[18:16:35.195] [SEVERE ] setting player 4 freeze to 0
[18:16:35.196] [SEVERE ] setting player 4 freeze to 0
[18:16:35.196] [SEVERE ] setting player 4 freeze to 0
[18:16:35.197] [SEVERE ] setting player 4 freeze to 0
[18:16:35.198] [SEVERE ] removing player 4 token from slot 1
[18:16:35.198] [SEVERE ] player 4 placing token on slot 5
[18:16:35.206] [SEVERE ] setting player 3 freeze to 0
[18:16:35.206] [SEVERE ] setting player 3 freeze to 0
[18:16:35.207] [SEVERE ] setting player 3 freeze to 0
[18:16:35.207] [SEVERE ] setting player 3 freeze to 0
[18:16:35.208] [SEVERE ] removing player 3 token from slot 9
[18:16:35.208] [SEVERE ] removing player 3 token from slot 3
[18:16:35.209] [SEVERE ] player 3 placing token on slot 9
[18:16:35.209] [SEVERE ] player 3 placing token on slot 1
[18:16:35.217] [SEVERE ] setting player 1 freeze to 0
[18:16:35.217] [SEVERE ] setting player 1 freeze to 0
[18:16:35.217] [SEVERE ] setting player 1 freeze to 0
[18:16:35.218] [SEVERE ] setting player 1 freeze to 0
[18:16:35.218] [SEVERE ] removing player 1 token from slot 10
[18:16:35.219] [SEVERE ] player 1 placing token on slot 11
[18:16:35.227] [SEVERE ] setting player 2 freeze to 0
[18:16:35.228] [SEVERE ] setting player 2 freeze to 0
[18:16:35.234] [SEVERE ] setting player 2 freeze to 0
[18:16:35.235] [SEVERE ] setting player 2 freeze to 0
[18:16:35.235] [SEVERE ] removing player 2 token from slot 7
[18:16:35.236] [SEVERE ] player 2 placing token on slot 4
[18:16:35.237] [SEVERE ] setting player 4 freeze to 0
[18:16:35.237] [SEVERE ] setting player 4 freeze to 0
[18:16:35.237] [SEVERE ] setting player 4 freeze to 0
[18:16:35.237] [SEVERE ] setting player 4 freeze to 0
[18:16:35.238] [SEVERE ] removing player 4 token from slot 9
[18:16:35.238] [SEVERE ] player 4 placing token on slot 8
[18:16:35.257] [SEVERE ] setting player 3 freeze to 0
[18:16:35.258] [SEVERE ] setting player 3 freeze to 0
[18:16:35.260] [SEVERE ] setting player 1 freeze to 0
[18:16:35.261] [SEVERE ] setting player 1 freeze to 0
[18:16:35.261] [SEVERE ] setting player 1 freeze to 0
[18:16:35.262] [SEVERE ] setting player 1 freeze to 0
[18:16:35.262] [SEVERE ] removing player 1 token from slot 11
[18:16:35.263] [SEVERE ] player 1 placing token on slot 9
[18:16:35.266] [SEVERE ] setting player 3 freeze to 0
[18:16:35.266] [SEVERE ] setting player 3 freeze to 0
[18:16:35.270] [SEVERE ] setting player 2 freeze to 0
[18:16:35.271] [SEVERE ] setting player 2 freeze to 0
[18:16:35.271] [SEVERE ] removing player 3 token from slot 1
[18:16:35.272] [SEVERE ] setting player 2 freeze to 0
[18:16:35.273] [SEVERE ] setting player 2 freeze to 0
[18:16:35.273] [SEVERE ] removing player 3 token from slot 9
[18:16:35.273] [SEVERE ] removing player 2 token from slot 5
[18:16:35.274] [SEVERE ] removing player 2 token from slot 4
[18:16:35.274] [SEVERE ] player 2 placing token on slot 9
[18:16:35.274] [SEVERE ] player 2 placing token on slot 7
[18:16:35.275] [SEVERE ] player 3 placing token on slot 9
[18:16:35.276] [SEVERE ] player 3 placing token on slot 2
[18:16:35.281] [SEVERE ] setting player 4 freeze to 0
[18:16:35.281] [SEVERE ] setting player 4 freeze to 0
[18:16:35.281] [SEVERE ] setting player 4 freeze to 0
[18:16:35.282] [SEVERE ] setting player 4 freeze to 0
[18:16:35.282] [SEVERE ] removing player 4 token from slot 5
[18:16:35.284] [SEVERE ] player 4 placing token on slot 7
[18:16:35.291] [SEVERE ] setting player 1 freeze to 0
[18:16:35.291] [SEVERE ] setting player 1 freeze to 0
[18:16:35.292] [SEVERE ] setting player 1 freeze to 0
[18:16:35.292] [SEVERE ] setting player 1 freeze to 0
[18:16:35.292] [SEVERE ] removing player 1 token from slot 9
[18:16:35.293] [SEVERE ] removing player 1 token from slot 3
[18:16:35.293] [SEVERE ] player 1 placing token on slot 10
[18:16:35.294] [SEVERE ] player 1 placing token on slot 7
[18:16:35.301] [SEVERE ] setting player 2 freeze to 0
[18:16:35.302] [SEVERE ] setting player 2 freeze to 0
[18:16:35.302] [SEVERE ] setting player 2 freeze to 0
[18:16:35.303] [SEVERE ] setting player 2 freeze to 0
[18:16:35.303] [SEVERE ] removing player 2 token from slot 10
[18:16:35.304] [SEVERE ] player 2 placing token on slot 8
[18:16:35.312] [SEVERE ] setting player 3 freeze to 0
[18:16:35.312] [SEVERE ] setting player 3 freeze to 0
[18:16:35.314] [SEVERE ] setting player 3 freeze to 0
[18:16:35.315] [SEVERE ] setting player 3 freeze to 0
[18:16:35.315] [SEVERE ] removing player 3 token from slot 2
[18:16:35.316] [SEVERE ] player 3 placing token on slot 6
[18:16:35.323] [SEVERE ] setting player 4 freeze to 0
[18:16:35.323] [SEVERE ] setting player 4 freeze to 0
[18:16:35.324] [SEVERE ] setting player 4 freeze to 0
[18:16:35.324] [SEVERE ] setting player 4 freeze to 0
[18:16:35.325] [SEVERE ] removing player 4 token from slot 7
[18:16:35.325] [SEVERE ] player 4 placing token on slot 5
[18:16:35.333] [SEVERE ] setting player 1 freeze to 0
[18:16:35.333] [SEVERE ] setting player 1 freeze to 0
[18:16:35.334] [SEVERE ] setting player 1 freeze to 0
[18:16:35.334] [SEVERE ] setting player 1 freeze to 0
[18:16:35.335] [SEVERE ] removing player 1 token from slot 7
[18:16:35.335] [SEVERE ] removing player 1 token from slot 10
[18:16:35.336] [SEVERE ] player 1 placing token on slot 5
[18:16:35.336] [SEVERE ] player 1 placing token on slot 9
[18:16:35.343] [SEVERE ] setting player 2 freeze to 0
[18:16:35.343] [SEVERE ] setting player 2 freeze to 0
[18:16:35.344] [SEVERE ] setting player 2 freeze to 0
[18:16:35.345] [SEVERE ] setting player 2 freeze to 0
[18:16:35.345] [SEVERE ] removing player 2 token from slot 7
[18:16:35.346] [SEVERE ] player 2 placing token on slot 11
[18:16:35.354] [SEVERE ] setting player 3 freeze to 0
[18:16:35.355] [SEVERE ] setting player 3 freeze to 0
[18:16:35.355] [SEVERE ] setting player 3 freeze to 0
[18:16:35.356] [SEVERE ] setting player 3 freeze to 0
[18:16:35.356] [SEVERE ] removing player 3 token from slot 6
[18:16:35.357] [SEVERE ] player 3 placing token on slot 1
[18:16:35.365] [SEVERE ] setting player 4 freeze to 0
[18:16:35.365] [SEVERE ] setting player 4 freeze to 0
[18:16:35.365] [SEVERE ] setting player 4 freeze to 0
[18:16:35.366] [SEVERE ] setting player 4 freeze to 0
[18:16:35.366] [SEVERE ] removing player 4 token from slot 8
[18:16:35.366] [SEVERE ] player 4 placing token on slot 10
[18:16:35.375] [SEVERE ] setting player 1 freeze to 0
[18:16:35.375] [SEVERE ] setting player 1 freeze to 0
[18:16:35.376] [SEVERE ] setting player 1 freeze to 0
[18:16:35.376] [SEVERE ] setting player 1 freeze to 0
[18:16:35.377] [SEVERE ] removing player 1 token from slot 9
[18:16:35.377] [SEVERE ] player 1 placing token on slot 4
[18:16:35.386] [SEVERE ] setting player 2 freeze to 0
[18:16:35.386] [SEVERE ] setting player 2 freeze to 0
[18:16:35.387] [SEVERE ] setting player 2 freeze to 0
[18:16:35.389] [SEVERE ] setting player 2 freeze to 0
[18:16:35.390] [SEVERE ] removing player 2 token from slot 11
[18:16:35.391] [SEVERE ] player 2 placing token on slot 5
[18:16:35.397] [SEVERE ] setting player 3 freeze to 0
[18:16:35.397] [SEVERE ] setting player 3 freeze to 0
[18:16:35.398] [SEVERE ] setting player 3 freeze to 0
[18:16:35.398] [SEVERE ] setting player 3 freeze to 0
[18:16:35.399] [SEVERE ] removing player 3 token from slot 9
[18:16:35.399] [SEVERE ] removing player 3 token from slot 4
[18:16:35.399] [SEVERE ] player 3 placing token on slot 4
[18:16:35.400] [SEVERE ] player 3 placing token on slot 8
[18:16:35.407] [SEVERE ] setting player 4 freeze to 0
[18:16:35.408] [SEVERE ] setting player 4 freeze to 0
[18:16:35.408] [SEVERE ] setting player 4 freeze to 0
[18:16:35.409] [SEVERE ] setting player 4 freeze to 0
[18:16:35.414] [SEVERE ] removing player 4 token from slot 4
[18:16:35.415] [SEVERE ] player 4 placing token on slot 3
[18:16:35.418] [SEVERE ] setting player 1 freeze to 0
[18:16:35.418] [SEVERE ] setting player 1 freeze to 0
[18:16:35.419] [SEVERE ] setting player 1 freeze to 0
[18:16:35.419] [SEVERE ] setting player 1 freeze to 0
[18:16:35.420] [SEVERE ] removing player 1 token from slot 4
[18:16:35.421] [SEVERE ] removing player 1 token from slot 6
[18:16:35.421] [SEVERE ] player 1 placing token on slot 7
[18:16:35.422] [SEVERE ] removing player 1 token from slot 7
[18:16:35.422] [SEVERE ] player 1 placing token on slot 9
[18:16:35.423] [SEVERE ] removing player 1 token from slot 5
[18:16:35.423] [SEVERE ] player 1 placing token on slot 11
[18:16:35.424] [SEVERE ] player 1 placing token on slot 3
[18:16:35.428] [SEVERE ] setting player 2 freeze to 0
[18:16:35.429] [SEVERE ] setting player 2 freeze to 0
[18:16:35.429] [SEVERE ] setting player 2 freeze to 0
[18:16:35.430] [SEVERE ] setting player 2 freeze to 0
[18:16:35.430] [SEVERE ] removing player 2 token from slot 9
[18:16:35.431] [SEVERE ] player 2 placing token on slot 4
[18:16:35.439] [SEVERE ] setting player 3 freeze to 0
[18:16:35.439] [SEVERE ] setting player 3 freeze to 0
[18:16:35.440] [SEVERE ] setting player 3 freeze to 0
[18:16:35.440] [SEVERE ] setting player 3 freeze to 0
[18:16:35.445] [SEVERE ] removing player 3 token from slot 1
[18:16:35.445] [SEVERE ] player 3 placing token on slot 7
[18:16:35.449] [SEVERE ] setting player 4 freeze to 0
[18:16:35.449] [SEVERE ] setting player 4 freeze to 0
[18:16:35.450] [SEVERE ] setting player 4 freeze to 0
[18:16:35.451] [SEVERE ] setting player 4 freeze to 0
[18:16:35.452] [SEVERE ] removing player 4 token from slot 10
[18:16:35.453] [SEVERE ] player 4 placing token on slot 2
[18:16:35.460] [SEVERE ] setting player 1 freeze to 0
[18:16:35.460] [SEVERE ] setting player 1 freeze to 0
[18:16:35.460] [SEVERE ] setting player 1 freeze to 0
[18:16:35.461] [SEVERE ] setting player 1 freeze to 0
[18:16:35.462] [SEVERE ] removing player 1 token from slot 9
[18:16:35.462] [SEVERE ] player 1 placing token on slot 2
[18:16:35.470] [SEVERE ] setting player 2 freeze to 0
[18:16:35.478] [SEVERE ] setting player 2 freeze to 0
[18:16:35.478] [SEVERE ] setting player 2 freeze to 0
[18:16:35.479] [SEVERE ] setting player 2 freeze to 0
[18:16:35.479] [SEVERE ] removing player 2 token from slot 8
[18:16:35.480] [SEVERE ] removing player 2 token from slot 4
[18:16:35.480] [SEVERE ] player 2 placing token on slot 7
[18:16:35.481] [SEVERE ] player 2 placing token on slot 8
[18:16:35.482] [SEVERE ] setting player 3 freeze to 0
[18:16:35.482] [SEVERE ] setting player 3 freeze to 0
[18:16:35.483] [SEVERE ] setting player 3 freeze to 0
[18:16:35.483] [SEVERE ] setting player 3 freeze to 0
[18:16:35.484] [SEVERE ] removing player 3 token from slot 8
[18:16:35.485] [SEVERE ] player 3 placing token on slot 8
[18:16:35.492] [SEVERE ] setting player 4 freeze to 0
[18:16:35.492] [SEVERE ] setting player 4 freeze to 0
[18:16:35.493] [SEVERE ] setting player 4 freeze to 0
[18:16:35.493] [SEVERE ] setting player 4 freeze to 0
[18:16:35.494] [SEVERE ] removing player 4 token from slot 2
[18:16:35.494] [SEVERE ] player 4 placing token on slot 2
[18:16:35.502] [SEVERE ] setting player 1 freeze to 0
[18:16:35.503] [SEVERE ] setting player 1 freeze to 0
[18:16:35.503] [SEVERE ] setting player 1 freeze to 0
[18:16:35.504] [SEVERE ] setting player 1 freeze to 0
[18:16:35.504] [SEVERE ] removing player 1 token from slot 2
[18:16:35.505] [SEVERE ] player 1 placing token on slot 10
[18:16:35.513] [SEVERE ] setting player 2 freeze to 0
[18:16:35.513] [SEVERE ] setting player 2 freeze to 0
[18:16:35.513] [SEVERE ] setting player 2 freeze to 0
[18:16:35.514] [SEVERE ] setting player 2 freeze to 0
[18:16:35.514] [SEVERE ] removing player 2 token from slot 5
[18:16:35.515] [SEVERE ] player 2 placing token on slot 10
[18:16:35.523] [SEVERE ] setting player 3 freeze to 0
[18:16:35.523] [SEVERE ] setting player 3 freeze to 0
[18:16:35.524] [SEVERE ] setting player 3 freeze to 0
[18:16:35.524] [SEVERE ] setting player 3 freeze to 0
[18:16:35.524] [SEVERE ] removing player 3 token from slot 7
[18:16:35.525] [SEVERE ] player 3 placing token on slot 5
[18:16:35.533] [SEVERE ] setting player 4 freeze to 0
[18:16:35.533] [SEVERE ] setting player 4 freeze to 0
[18:16:35.534] [SEVERE ] setting player 4 freeze to 0
[18:16:35.534] [SEVERE ] setting player 4 freeze to 0
[18:16:35.535] [SEVERE ] removing player 4 token from slot 2
[18:16:35.536] [SEVERE ] player 4 placing token on slot 10
[18:16:35.544] [SEVERE ] setting player 1 freeze to 0
[18:16:35.544] [SEVERE ] setting player 1 freeze to 0
[18:16:35.544] [SEVERE ] setting player 1 freeze to 0
[18:16:35.545] [SEVERE ] setting player 1 freeze to 0
[18:16:35.545] [SEVERE ] removing player 1 token from slot 11
[18:16:35.546] [SEVERE ] removing player 1 token from slot 10
[18:16:35.547] [SEVERE ] player 1 placing token on slot 2
[18:16:35.547] [SEVERE ] removing player 1 token from slot 2
[18:16:35.548] [SEVERE ] player 1 placing token on slot 9
[18:16:35.548] [SEVERE ] player 1 placing token on slot 1
[18:16:35.554] [SEVERE ] setting player 2 freeze to 0
[18:16:35.554] [SEVERE ] setting player 2 freeze to 0
[18:16:35.555] [SEVERE ] setting player 2 freeze to 0
[18:16:35.555] [SEVERE ] setting player 2 freeze to 0
[18:16:35.556] [SEVERE ] removing player 2 token from slot 7
[18:16:35.556] [SEVERE ] player 2 placing token on slot 4
[18:16:35.564] [SEVERE ] setting player 3 freeze to 0
[18:16:35.564] [SEVERE ] setting player 3 freeze to 0
[18:16:35.565] [SEVERE ] setting player 3 freeze to 0
[18:16:35.565] [SEVERE ] setting player 3 freeze to 0
[18:16:35.566] [SEVERE ] removing player 3 token from slot 8
[18:16:35.567] [SEVERE ] player 3 placing token on slot 2
[18:16:35.574] [SEVERE ] setting player 4 freeze to 0
[18:16:35.575] [SEVERE ] setting player 4 freeze to 0
[18:16:35.575] [SEVERE ] setting player 4 freeze to 0
[18:16:35.576] [SEVERE ] setting player 4 freeze to 0
[18:16:35.576] [SEVERE ] removing player 4 token from slot 5
[18:16:35.577] [SEVERE ] player 4 placing token on slot 6
[18:16:35.585] [SEVERE ] setting player 1 freeze to 0
[18:16:35.585] [SEVERE ] setting player 1 freeze to 0
[18:16:35.586] [SEVERE ] setting player 1 freeze to 0
[18:16:35.586] [SEVERE ] setting player 1 freeze to 0
[18:16:35.587] [SEVERE ] removing player 1 token from slot 1
[18:16:35.588] [SEVERE ] player 1 placing token on slot 6
[18:16:35.595] [SEVERE ] setting player 2 freeze to 0
[18:16:35.595] [SEVERE ] setting player 2 freeze to 0
[18:16:35.596] [SEVERE ] setting player 2 freeze to 0
[18:16:35.596] [SEVERE ] setting player 2 freeze to 0
[18:16:35.597] [SEVERE ] removing player 2 token from slot 10
[18:16:35.597] [SEVERE ] removing player 2 token from slot 8
[18:16:35.598] [SEVERE ] player 2 placing token on slot 10
[18:16:35.598] [SEVERE ] player 2 placing token on slot 3
[18:16:35.606] [SEVERE ] setting player 3 freeze to 0
[18:16:35.606] [SEVERE ] setting player 3 freeze to 0
[18:16:35.606] [SEVERE ] setting player 3 freeze to 0
[18:16:35.607] [SEVERE ] setting player 3 freeze to 0
[18:16:35.607] [SEVERE ] removing player 3 token from slot 4
[18:16:35.608] [SEVERE ] player 3 placing token on slot 7
[18:16:35.616] [SEVERE ] setting player 4 freeze to 0
[18:16:35.616] [SEVERE ] setting player 4 freeze to 0
[18:16:35.617] [SEVERE ] setting player 4 freeze to 0
[18:16:35.617] [SEVERE ] setting player 4 freeze to 0
[18:16:35.618] [SEVERE ] removing player 4 token from slot 10
[18:16:35.618] [SEVERE ] removing player 4 token from slot 6
[18:16:35.618] [SEVERE ] player 4 placing token on slot 7
[18:16:35.618] [SEVERE ] player 4 placing token on slot 11
[18:16:35.626] [SEVERE ] setting player 1 freeze to 0
[18:16:35.626] [SEVERE ] setting player 1 freeze to 0
[18:16:35.627] [SEVERE ] setting player 1 freeze to 0
[18:16:35.627] [SEVERE ] setting player 1 freeze to 0
[18:16:35.628] [SEVERE ] removing player 1 token from slot 9
[18:16:35.629] [SEVERE ] removing player 1 token from slot 3
[18:16:35.629] [SEVERE ] player 1 placing token on slot 11
[18:16:35.629] [SEVERE ] player 1 placing token on slot 7
[18:16:35.636] [SEVERE ] setting player 2 freeze to 0
[18:16:35.637] [SEVERE ] setting player 2 freeze to 0
[18:16:35.637] [SEVERE ] setting player 2 freeze to 0
[18:16:35.637] [SEVERE ] setting player 2 freeze to 0
[18:16:35.637] [SEVERE ] removing player 2 token from slot 3
[18:16:35.638] [SEVERE ] removing player 2 token from slot 10
[18:16:35.638] [SEVERE ] player 2 placing token on slot 3
[18:16:35.639] [SEVERE ] player 2 placing token on slot 5
[18:16:35.648] [SEVERE ] setting player 3 freeze to 0
[18:16:35.648] [SEVERE ] setting player 3 freeze to 0
[18:16:35.649] [SEVERE ] setting player 3 freeze to 0
[18:16:35.649] [SEVERE ] setting player 3 freeze to 0
[18:16:35.650] [SEVERE ] removing player 3 token from slot 7
[18:16:35.651] [SEVERE ] player 3 placing token on slot 1
[18:16:35.658] [SEVERE ] setting player 4 freeze to 0
[18:16:35.658] [SEVERE ] setting player 4 freeze to 0
[18:16:35.658] [SEVERE ] setting player 4 freeze to 0
[18:16:35.659] [SEVERE ] setting player 4 freeze to 0
[18:16:35.660] [SEVERE ] removing player 4 token from slot 7
[18:16:35.660] [SEVERE ] removing player 4 token from slot 3
[18:16:35.661] [SEVERE ] player 4 placing token on slot 5
[18:16:35.661] [SEVERE ] removing player 4 token from slot 5
[18:16:35.662] [SEVERE ] removing player 4 token from slot 11
[18:16:35.662] [SEVERE ] player 4 placing token on slot 1
[18:16:35.664] [SEVERE ] player 4 placing token on slot 10
[18:16:35.664] [SEVERE ] player 4 placing token on slot 3
[18:16:35.669] [SEVERE ] setting player 1 freeze to 0
[18:16:35.669] [SEVERE ] setting player 1 freeze to 0
[18:16:35.670] [SEVERE ] setting player 1 freeze to 0
[18:16:35.670] [SEVERE ] setting player 1 freeze to 0
[18:16:35.670] [SEVERE ] removing player 1 token from slot 6
[18:16:35.671] [SEVERE ] player 1 placing token on slot 3
[18:16:35.679] [SEVERE ] setting player 2 freeze to 0
[18:16:35.680] [SEVERE ] setting player 2 freeze to 0
[18:16:35.682] [SEVERE ] setting player 2 freeze to 0
[18:16:35.682] [SEVERE ] setting player 2 freeze to 0
[18:16:35.682] [SEVERE ] removing player 2 token from slot 5
[18:16:35.683] [SEVERE ] player 2 placing token on slot 7
[18:16:35.690] [SEVERE ] setting player 3 freeze to 0
[18:16:35.690] [SEVERE ] setting player 3 freeze to 0
[18:16:35.690] [SEVERE ] setting player 3 freeze to 0
[18:16:35.691] [SEVERE ] setting player 3 freeze to 0
[18:16:35.691] [SEVERE ] removing player 3 token from slot 2
[18:16:35.692] [SEVERE ] player 3 placing token on slot 6
[18:16:35.700] [SEVERE ] setting player 4 freeze to 0
[18:16:35.700] [SEVERE ] setting player 4 freeze to 0
[18:16:35.701] [SEVERE ] setting player 4 freeze to 0
[18:16:35.701] [SEVERE ] setting player 4 freeze to 0
[18:16:35.702] [SEVERE ] removing player 4 token from slot 10
[18:16:35.702] [SEVERE ] player 4 placing token on slot 9
[18:16:35.710] [SEVERE ] setting player 1 freeze to 0
[18:16:35.710] [SEVERE ] setting player 1 freeze to 0
[18:16:35.711] [SEVERE ] setting player 1 freeze to 0
[18:16:35.711] [SEVERE ] setting player 1 freeze to 0
[18:16:35.712] [SEVERE ] removing player 1 token from slot 11
[18:16:35.712] [SEVERE ] removing player 1 token from slot 7
[18:16:35.713] [SEVERE ] player 1 placing token on slot 6
[18:16:35.713] [SEVERE ] player 1 placing token on slot 4
[18:16:35.721] [SEVERE ] setting player 2 freeze to 0
[18:16:35.721] [SEVERE ] setting player 2 freeze to 0
[18:16:35.721] [SEVERE ] setting player 2 freeze to 0
[18:16:35.721] [SEVERE ] setting player 2 freeze to 0
[18:16:35.721] [SEVERE ] removing player 2 token from slot 4
[18:16:35.721] [SEVERE ] player 2 placing token on slot 10
[18:16:35.731] [SEVERE ] setting player 3 freeze to 0
[18:16:35.731] [SEVERE ] setting player 3 freeze to 0
[18:16:35.732] [SEVERE ] setting player 3 freeze to 0
[18:16:35.733] [SEVERE ] setting player 3 freeze to 0
[18:16:35.733] [SEVERE ] removing player 3 token from slot 6
[18:16:35.734] [SEVERE ] player 3 placing token on slot 11
[18:16:35.741] [SEVERE ] setting player 4 freeze to 0
[18:16:35.741] [SEVERE ] setting player 4 freeze to 0
[18:16:35.742] [SEVERE ] setting player 4 freeze to 0
[18:16:35.742] [SEVERE ] setting player 4 freeze to 0
[18:16:35.743] [SEVERE ] removing player 4 token from slot 1
[18:16:35.743] [SEVERE ] player 4 placing token on slot 1
[18:16:35.751] [SEVERE ] setting player 1 freeze to 0
[18:16:35.752] [SEVERE ] setting player 1 freeze to 0
[18:16:35.752] [SEVERE ] setting player 1 freeze to 0
[18:16:35.753] [SEVERE ] setting player 1 freeze to 0
[18:16:35.753] [SEVERE ] removing player 1 token from slot 4
[18:16:35.754] [SEVERE ] player 1 placing token on slot 4
[18:16:35.762] [SEVERE ] setting player 2 freeze to 0
[18:16:35.762] [SEVERE ] setting player 2 freeze to 0
[18:16:35.762] [SEVERE ] setting player 2 freeze to 0
[18:16:35.763] [SEVERE ] setting player 2 freeze to 0
[18:16:35.763] [SEVERE ] removing player 2 token from slot 7
[18:16:35.764] [SEVERE ] removing player 2 token from slot 3
[18:16:35.764] [SEVERE ] removing player 2 token from slot 10
[18:16:35.765] [SEVERE ] player 2 placing token on slot 5
[18:16:35.766] [SEVERE ] player 2 placing token on slot 10
[18:16:35.766] [SEVERE ] player 2 placing token on slot 7
[18:16:35.772] [SEVERE ] setting player 3 freeze to 0
[18:16:35.772] [SEVERE ] setting player 3 freeze to 0
[18:16:35.773] [SEVERE ] setting player 3 freeze to 0
[18:16:35.773] [SEVERE ] setting player 3 freeze to 0
[18:16:35.774] [SEVERE ] removing player 3 token from slot 11
[18:16:35.775] [SEVERE ] player 3 placing token on slot 6
[18:16:35.783] [SEVERE ] setting player 4 freeze to 0
[18:16:35.783] [SEVERE ] setting player 4 freeze to 0
[18:16:35.783] [SEVERE ] setting player 4 freeze to 0
[18:16:35.783] [SEVERE ] setting player 4 freeze to 0
[18:16:35.784] [SEVERE ] removing player 4 token from slot 1
[18:16:35.784] [SEVERE ] player 4 placing token on slot 5
[18:16:35.793] [SEVERE ] setting player 1 freeze to 0
[18:16:35.793] [SEVERE ] setting player 1 freeze to 0
[18:16:35.794] [SEVERE ] setting player 1 freeze to 0
[18:16:35.794] [SEVERE ] setting player 1 freeze to 0
[18:16:35.795] [SEVERE ] removing player 1 token from slot 3
[18:16:35.795] [SEVERE ] player 1 placing token on slot 11
[18:16:35.803] [SEVERE ] setting player 2 freeze to 0
[18:16:35.803] [SEVERE ] setting player 2 freeze to 0
[18:16:35.803] [SEVERE ] setting player 2 freeze to 0
[18:16:35.803] [SEVERE ] setting player 2 freeze to 0
[18:16:35.804] [SEVERE ] removing player 2 token from slot 10
[18:16:35.804] [SEVERE ] player 2 placing token on slot 10
[18:16:35.814] [SEVERE ] setting player 3 freeze to 0
[18:16:35.814] [SEVERE ] setting player 3 freeze to 0
[18:16:35.815] [SEVERE ] setting player 3 freeze to 0
[18:16:35.815] [SEVERE ] setting player 3 freeze to 0
[18:16:35.816] [SEVERE ] removing player 3 token from slot 1
[18:16:35.816] [SEVERE ] player 3 placing token on slot 10
[18:16:35.824] [SEVERE ] setting player 4 freeze to 0
[18:16:35.824] [SEVERE ] setting player 4 freeze to 0
[18:16:35.824] [SEVERE ] setting player 4 freeze to 0
[18:16:35.825] [SEVERE ] setting player 4 freeze to 0
[18:16:35.825] [SEVERE ] removing player 4 token from slot 3
[18:16:35.826] [SEVERE ] player 4 placing token on slot 11
[18:16:35.835] [SEVERE ] setting player 1 freeze to 0
[18:16:35.835] [SEVERE ] setting player 1 freeze to 0
[18:16:35.835] [SEVERE ] setting player 1 freeze to 0
[18:16:35.836] [SEVERE ] setting player 1 freeze to 0
[18:16:35.836] [SEVERE ] removing player 1 token from slot 4
[18:16:35.837] [SEVERE ] player 1 placing token on slot 1
[18:16:35.845] [SEVERE ] setting player 2 freeze to 0
[18:16:35.845] [SEVERE ] setting player 2 freeze to 0
[18:16:35.846] [SEVERE ] setting player 2 freeze to 0
[18:16:35.846] [SEVERE ] setting player 2 freeze to 0
[18:16:35.847] [SEVERE ] removing player 2 token from slot 10
[18:16:35.847] [SEVERE ] player 2 placing token on slot 11
[18:16:35.858] [SEVERE ] setting player 3 freeze to 0
[18:16:35.858] [SEVERE ] setting player 3 freeze to 0
[18:16:35.858] [SEVERE ] setting player 3 freeze to 0
[18:16:35.858] [SEVERE ] setting player 3 freeze to 0
[18:16:35.858] [SEVERE ] removing player 3 token from slot 6
[18:16:35.858] [SEVERE ] player 3 placing token on slot 3
[18:16:35.868] [SEVERE ] setting player 4 freeze to 0
[18:16:35.868] [SEVERE ] setting player 4 freeze to 0
[18:16:35.868] [SEVERE ] setting player 4 freeze to 0
[18:16:35.869] [SEVERE ] setting player 4 freeze to 0
[18:16:35.869] [SEVERE ] removing player 4 token from slot 9
[18:16:35.870] [SEVERE ] player 4 placing token on slot 10
[18:16:35.879] [SEVERE ] setting player 1 freeze to 0
[18:16:35.879] [SEVERE ] setting player 1 freeze to 0
[18:16:35.880] [SEVERE ] setting player 1 freeze to 0
[18:16:35.880] [SEVERE ] setting player 1 freeze to 0
[18:16:35.881] [SEVERE ] removing player 1 token from slot 1
[18:16:35.881] [SEVERE ] player 1 placing token on slot 1
[18:16:35.889] [SEVERE ] setting player 2 freeze to 0
[18:16:35.889] [SEVERE ] setting player 2 freeze to 0
[18:16:35.890] [SEVERE ] setting player 2 freeze to 0
[18:16:35.890] [SEVERE ] setting player 2 freeze to 0
[18:16:35.891] [SEVERE ] removing player 2 token from slot 11
[18:16:35.891] [SEVERE ] player 2 placing token on slot 6
[18:16:35.900] [SEVERE ] setting player 3 freeze to 0
[18:16:35.900] [SEVERE ] setting player 3 freeze to 0
[18:16:35.900] [SEVERE ] setting player 3 freeze to 0
[18:16:35.901] [SEVERE ] setting player 3 freeze to 0
[18:16:35.903] [SEVERE ] removing player 3 token from slot 3
[18:16:35.903] [SEVERE ] player 3 placing token on slot 7
[18:16:35.910] [SEVERE ] setting player 4 freeze to 0
[18:16:35.910] [SEVERE ] setting player 4 freeze to 0
[18:16:35.910] [SEVERE ] setting player 4 freeze to 0
[18:16:35.911] [SEVERE ] setting player 4 freeze to 0
[18:16:35.911] [SEVERE ] removing player 4 token from slot 10
[18:16:35.912] [SEVERE ] player 4 placing token on slot 6
[18:16:35.921] [SEVERE ] setting player 1 freeze to 0
[18:16:35.921] [SEVERE ] setting player 1 freeze to 0
[18:16:35.922] [SEVERE ] setting player 1 freeze to 0
[18:16:35.922] [SEVERE ] setting player 1 freeze to 0
[18:16:35.923] [SEVERE ] removing player 1 token from slot 6
[18:16:35.924] [SEVERE ] removing player 1 token from slot 1
[18:16:35.925] [SEVERE ] player 1 placing token on slot 3
[18:16:35.926] [SEVERE ] removing player 1 token from slot 11
[18:16:35.926] [SEVERE ] player 1 placing token on slot 10
[18:16:35.927] [SEVERE ] player 1 placing token on slot 6
[18:16:35.931] [SEVERE ] setting player 2 freeze to 0
[18:16:35.931] [SEVERE ] setting player 2 freeze to 0
[18:16:35.931] [SEVERE ] setting player 2 freeze to 0
[18:16:35.932] [SEVERE ] setting player 2 freeze to 0
[18:16:35.933] [SEVERE ] removing player 2 token from slot 6
[18:16:35.934] [SEVERE ] player 2 placing token on slot 9
[18:16:35.942] [SEVERE ] setting player 3 freeze to 0
[18:16:35.942] [SEVERE ] setting player 3 freeze to 0
[18:16:35.942] [SEVERE ] setting player 3 freeze to 0
[18:16:35.942] [SEVERE ] setting player 3 freeze to 0
[18:16:35.943] [SEVERE ] removing player 3 token from slot 7
[18:16:35.944] [SEVERE ] player 3 placing token on slot 1
[18:16:35.953] [SEVERE ] setting player 4 freeze to 0
[18:16:35.953] [SEVERE ] setting player 4 freeze to 0
[18:16:35.953] [SEVERE ] setting player 4 freeze to 0
[18:16:35.953] [SEVERE ] setting player 4 freeze to 0
[18:16:35.954] [SEVERE ] removing player 4 token from slot 5
[18:16:35.955] [SEVERE ] player 4 placing token on slot 2
[18:16:35.963] [SEVERE ] setting player 1 freeze to 0
[18:16:35.963] [SEVERE ] setting player 1 freeze to 0
[18:16:35.964] [SEVERE ] setting player 1 freeze to 0
[18:16:35.964] [SEVERE ] setting player 1 freeze to 0
[18:16:35.965] [SEVERE ] removing player 1 token from slot 3
[18:16:35.966] [SEVERE ] player 1 placing token on slot 5
[18:16:35.974] [SEVERE ] setting player 2 freeze to 0
[18:16:35.974] [SEVERE ] setting player 2 freeze to 0
[18:16:35.974] [SEVERE ] setting player 2 freeze to 0
[18:16:35.974] [SEVERE ] setting player 2 freeze to 0
[18:16:35.975] [SEVERE ] removing player 2 token from slot 5
[18:16:35.976] [SEVERE ] player 2 placing token on slot 11
[18:16:35.984] [SEVERE ] setting player 3 freeze to 0
[18:16:35.984] [SEVERE ] setting player 3 freeze to 0
[18:16:35.985] [SEVERE ] setting player 3 freeze to 0
[18:16:35.985] [SEVERE ] setting player 3 freeze to 0
[18:16:35.986] [SEVERE ] removing player 3 token from slot 10
[18:16:35.987] [SEVERE ] player 3 placing token on slot 10
[18:16:35.994] [SEVERE ] setting player 4 freeze to 0
[18:16:35.994] [SEVERE ] setting player 4 freeze to 0
[18:16:35.994] [SEVERE ] setting player 4 freeze to 0
[18:16:35.994] [SEVERE ] setting player 4 freeze to 0
[18:16:35.995] [SEVERE ] removing player 4 token from slot 6
[18:16:35.996] [SEVERE ] player 4 placing token on slot 6
[18:16:36.005] [SEVERE ] setting player 1 freeze to 0
[18:16:36.005] [SEVERE ] setting player 1 freeze to 0
[18:16:36.005] [SEVERE ] setting player 1 freeze to 0
[18:16:36.005] [SEVERE ] setting player 1 freeze to 0
[18:16:36.006] [SEVERE ] removing player 1 token from slot 5
[18:16:36.006] [SEVERE ] player 1 placing token on slot 8
[18:16:36.016] [SEVERE ] setting player 2 freeze to 0
[18:16:36.016] [SEVERE ] setting player 2 freeze to 0
[18:16:36.017] [SEVERE ] setting player 2 freeze to 0
[18:16:36.017] [SEVERE ] setting player 2 freeze to 0
[18:16:36.018] [SEVERE ] removing player 2 token from slot 9
[18:16:36.018] [SEVERE ] player 2 placing token on slot 9
[18:16:36.026] [SEVERE ] setting player 3 freeze to 0
[18:16:36.026] [SEVERE ] setting player 3 freeze to 0
[18:16:36.026] [SEVERE ] setting player 3 freeze to 0
[18:16:36.026] [SEVERE ] setting player 3 freeze to 0
[18:16:36.026] [SEVERE ] removing player 3 token from slot 5
[18:16:36.027] [SEVERE ] player 3 placing token on slot 3
[18:16:36.037] [SEVERE ] setting player 4 freeze to 0
[18:16:36.037] [SEVERE ] setting player 4 freeze to 0
[18:16:36.037] [SEVERE ] setting player 4 freeze to 0
[18:16:36.037] [SEVERE ] setting player 4 freeze to 0
[18:16:36.037] [SEVERE ] removing player 4 token from slot 2
[18:16:36.039] [SEVERE ] player 4 placing token on slot 8
[18:16:36.047] [SEVERE ] setting player 1 freeze to 0
[18:16:36.047] [SEVERE ] setting player 1 freeze to 0
[18:16:36.047] [SEVERE ] setting player 1 freeze to 0
[18:16:36.048] [SEVERE ] setting player 1 freeze to 0
[18:16:36.048] [SEVERE ] removing player 1 token from slot 8
[18:16:36.048] [SEVERE ] player 1 placing token on slot 11
[18:16:36.058] [SEVERE ] setting player 2 freeze to 0
[18:16:36.058] [SEVERE ] setting player 2 freeze to 0
[18:16:36.058] [SEVERE ] setting player 2 freeze to 0
[18:16:36.059] [SEVERE ] setting player 2 freeze to 0
[18:16:36.059] [SEVERE ] removing player 2 token from slot 9
[18:16:36.060] [SEVERE ] player 2 placing token on slot 2
[18:16:36.068] [SEVERE ] setting player 3 freeze to 0
[18:16:36.068] [SEVERE ] setting player 3 freeze to 0
[18:16:36.068] [SEVERE ] setting player 3 freeze to 0
[18:16:36.070] [SEVERE ] setting player 3 freeze to 0
[18:16:36.070] [SEVERE ] removing player 3 token from slot 10
[18:16:36.071] [SEVERE ] player 3 placing token on slot 8
[18:16:36.080] [SEVERE ] setting player 4 freeze to 0
[18:16:36.080] [SEVERE ] setting player 4 freeze to 0
[18:16:36.081] [SEVERE ] setting player 4 freeze to 0
[18:16:36.081] [SEVERE ] setting player 4 freeze to 0
[18:16:36.082] [SEVERE ] removing player 4 token from slot 11
[18:16:36.082] [SEVERE ] player 4 placing token on slot 9
[18:16:36.090] [SEVERE ] setting player 1 freeze to 0
[18:16:36.090] [SEVERE ] setting player 1 freeze to 0
[18:16:36.090] [SEVERE ] setting player 1 freeze to 0
[18:16:36.091] [SEVERE ] setting player 1 freeze to 0
[18:16:36.092] [SEVERE ] removing player 1 token from slot 10
[18:16:36.092] [SEVERE ] player 1 placing token on slot 8
[18:16:36.102] [SEVERE ] setting player 2 freeze to 0
[18:16:36.102] [SEVERE ] setting player 2 freeze to 0
[18:16:36.102] [SEVERE ] setting player 2 freeze to 0
[18:16:36.103] [SEVERE ] setting player 2 freeze to 0
[18:16:36.105] [SEVERE ] removing player 2 token from slot 2
[18:16:36.106] [SEVERE ] removing player 2 token from slot 11
[18:16:36.106] [SEVERE ] player 2 placing token on slot 2
[18:16:36.107] [SEVERE ] player 2 placing token on slot 6
[18:16:36.115] [SEVERE ] updating countdown to 5000
[18:16:36.115] [SEVERE ] removing player 3 token from slot 1
[18:16:36.115] [SEVERE ] removing player 3 token from slot 1
[18:16:36.116] [SEVERE ] removing player 3 token from slot 1
[18:16:36.117] [SEVERE ] removing player 3 token from slot 1
[18:16:36.117] [SEVERE ] setting player 3 score to 1
[18:16:36.117] [SEVERE ] setting player 3 freeze to 0
[18:16:36.118] [SEVERE ] setting player 3 freeze to 0
[18:16:36.118] [SEVERE ] removing player 3 token from slot 1
[18:16:36.119] [SEVERE ] removing player 3 token from slot 1
[18:16:36.119] [SEVERE ] removing player 3 token from slot 1
[18:16:36.119] [SEVERE ] setting player 3 score to 2
[18:16:36.120] [SEVERE ] setting player 3 freeze to 0
[18:16:36.121] [SEVERE ] setting player 3 freeze to 0
[18:16:36.121] [SEVERE ] removing player 3 token from slot 1
[18:16:36.123] [SEVERE ] removing player 3 token from slot 1
[18:16:36.123] [SEVERE ] removing player 3 token from slot 1
[18:16:36.123] [SEVERE ] setting player 3 score to 3
[18:16:36.124] [SEVERE ] setting player 3 freeze to 0
[18:16:36.125] [SEVERE ] setting player 3 freeze to 0
[18:16:36.125] [SEVERE ] removing player 3 token from slot 1
[18:16:36.126] [SEVERE ] removing player 3 token from slot 1
[18:16:36.126] [SEVERE ] removing player 3 token from slot 1
[18:16:36.126] [SEVERE ] setting player 3 score to 4
[18:16:36.127] [SEVERE ] setting player 3 freeze to 0
[18:16:36.127] [SEVERE ] setting player 3 freeze to 0
[18:16:36.128] [SEVERE ] removing player 3 token from slot 1
[18:16:36.129] [SEVERE ] removing player 3 token from slot 1
[18:16:36.129] [SEVERE ] removing player 3 token from slot 1
[18:16:36.130] [SEVERE ] setting player 3 score to 5
[18:16:36.130] [SEVERE ] setting player 3 freeze to 0
[18:16:36.131] [SEVERE ] setting player 3 freeze to 0
[18:16:36.131] [SEVERE ] removing player 3 token from slot 1
[18:16:36.132] [SEVERE ] removing player 3 token from slot 1
[18:16:36.132] [SEVERE ] removing player 3 token from slot 1
[18:16:36.132] [SEVERE ] setting player 3 score to 6
[18:16:36.133] [SEVERE ] setting player 3 freeze to 0
[18:16:36.133] [SEVERE ] setting player 3 freeze to 0
[18:16:36.134] [SEVERE ] removing player 3 token from slot 1
[18:16:36.134] [SEVERE ] removing player 3 token from slot 1
[18:16:36.135] [SEVERE ] removing player 3 token from slot 1
[18:16:36.135] [SEVERE ] setting player 3 score to 7
[18:16:36.135] [SEVERE ] setting player 3 freeze to 0
[18:16:36.136] [SEVERE ] setting player 3 freeze to 0
[18:16:36.139] [SEVERE ] removing player 3 token from slot 1
[18:16:36.140] [SEVERE ] removing player 3 token from slot 1
[18:16:36.140] [SEVERE ] removing player 3 token from slot 1
[18:16:36.141] [SEVERE ] setting player 3 score to 8
[18:16:36.142] [SEVERE ] setting player 3 freeze to 0
[18:16:36.142] [SEVERE ] setting player 3 freeze to 0
[18:16:36.143] [SEVERE ] removing player 3 token from slot 1
[18:16:36.143] [SEVERE ] removing player 3 token from slot 1
[18:16:36.144] [SEVERE ] removing player 3 token from slot 1
[18:16:36.144] [SEVERE ] setting player 3 score to 9
[18:16:36.145] [SEVERE ] setting player 3 freeze to 0
[18:16:36.145] [SEVERE ] setting player 3 freeze to 0
[18:16:36.146] [SEVERE ] removing player 3 token from slot 1
[18:16:36.146] [SEVERE ] removing player 3 token from slot 1
[18:16:36.147] [SEVERE ] removing player 3 token from slot 1
[18:16:36.153] [SEVERE ] setting player 3 score to 10
[18:16:36.154] [SEVERE ] setting player 3 freeze to 0
[18:16:36.154] [SEVERE ] setting player 3 freeze to 0
[18:16:36.156] [SEVERE ] removing player 3 token from slot 1
[18:16:36.156] [SEVERE ] removing player 3 token from slot 1
[18:16:36.157] [SEVERE ] removing player 3 token from slot 1
[18:16:36.157] [SEVERE ] setting player 3 score to 11
[18:16:36.158] [SEVERE ] setting player 3 freeze to 0
[18:16:36.158] [SEVERE ] setting player 3 freeze to 0
[18:16:36.159] [SEVERE ] removing player 3 token from slot 1
[18:16:36.159] [SEVERE ] removing player 3 token from slot 1
[18:16:36.160] [SEVERE ] removing player 3 token from slot 1
[18:16:36.160] [SEVERE ] setting player 3 score to 12
[18:16:36.162] [SEVERE ] setting player 3 freeze to 0
[18:16:36.162] [SEVERE ] setting player 3 freeze to 0
[18:16:36.163] [SEVERE ] removing player 3 token from slot 1
[18:16:36.163] [SEVERE ] removing player 3 token from slot 1
[18:16:36.164] [SEVERE ] removing player 3 token from slot 1
[18:16:36.166] [SEVERE ] setting player 3 score to 13
[18:16:36.167] [SEVERE ] setting player 3 freeze to 0
[18:16:36.167] [SEVERE ] setting player 3 freeze to 0
[18:16:36.168] [SEVERE ] removing player 3 token from slot 1
[18:16:36.168] [SEVERE ] removing player 3 token from slot 1
[18:16:36.169] [SEVERE ] removing player 3 token from slot 1
[18:16:36.169] [SEVERE ] setting player 3 score to 14
[18:16:36.171] [SEVERE ] setting player 3 freeze to 0
[18:16:36.173] [SEVERE ] setting player 3 freeze to 0
[18:16:36.174] [SEVERE ] removing player 3 token from slot 1
[18:16:36.174] [SEVERE ] removing player 3 token from slot 1
[18:16:36.175] [SEVERE ] removing player 3 token from slot 1
[18:16:36.175] [SEVERE ] setting player 3 score to 15
[18:16:36.176] [SEVERE ] setting player 3 freeze to 0
[18:16:36.176] [SEVERE ] setting player 3 freeze to 0
[18:16:36.177] [SEVERE ] removing player 3 token from slot 1
[18:16:36.177] [SEVERE ] removing player 3 token from slot 1
[18:16:36.178] [SEVERE ] removing player 3 token from slot 1
[18:16:36.179] [SEVERE ] setting player 3 score to 16
[18:16:36.179] [SEVERE ] setting player 3 freeze to 0
[18:16:36.180] [SEVERE ] setting player 3 freeze to 0
[18:16:36.181] [SEVERE ] removing player 3 token from slot 1
[18:16:36.181] [SEVERE ] removing player 3 token from slot 1
[18:16:36.182] [SEVERE ] removing player 3 token from slot 1
[18:16:36.182] [SEVERE ] setting player 3 score to 17
[18:16:36.182] [SEVERE ] setting player 3 freeze to 0
[18:16:36.183] [SEVERE ] setting player 3 freeze to 0
[18:16:36.184] [SEVERE ] removing player 3 token from slot 1
[18:16:36.184] [SEVERE ] removing player 3 token from slot 1
[18:16:36.185] [SEVERE ] removing player 3 token from slot 1
[18:16:36.185] [SEVERE ] setting player 3 score to 18
[18:16:36.185] [SEVERE ] setting player 3 freeze to 0
[18:16:36.186] [SEVERE ] setting player 3 freeze to 0
[18:16:36.187] [SEVERE ] removing player 3 token from slot 1
[18:16:36.187] [SEVERE ] removing player 3 token from slot 1
[18:16:36.189] [SEVERE ] removing player 3 token from slot 1
[18:16:36.190] [SEVERE ] setting player 3 score to 19
[18:16:36.191] [SEVERE ] setting player 3 freeze to 0
[18:16:36.192] [SEVERE ] setting player 3 freeze to 0
[18:16:36.192] [SEVERE ] removing player 3 token from slot 1
[18:16:36.193] [SEVERE ] removing player 3 token from slot 1
[18:16:36.193] [SEVERE ] removing player 3 token from slot 1
[18:16:36.194] [SEVERE ] setting player 3 score to 20
[18:16:36.195] [SEVERE ] setting player 3 freeze to 0
[18:16:36.196] [SEVERE ] setting player 3 freeze to 0
[18:16:36.196] [SEVERE ] removing player 3 token from slot 1
[18:16:36.197] [SEVERE ] removing player 3 token from slot 1
[18:16:36.197] [SEVERE ] removing player 3 token from slot 1
[18:16:36.198] [SEVERE ] setting player 3 score to 21
[18:16:36.198] [SEVERE ] setting player 3 freeze to 0
[18:16:36.199] [SEVERE ] setting player 3 freeze to 0
[18:16:36.199] [SEVERE ] removing player 3 token from slot 1
[18:16:36.200] [SEVERE ] removing player 3 token from slot 1
[18:16:36.200] [SEVERE ] removing player 3 token from slot 1
[18:16:36.201] [SEVERE ] setting player 3 score to 22
[18:16:36.201] [SEVERE ] setting player 3 freeze to 0
[18:16:36.202] [SEVERE ] setting player 3 freeze to 0
[18:16:36.202] [SEVERE ] removing player 3 token from slot 1
[18:16:36.202] [SEVERE ] removing player 3 token from slot 1
[18:16:36.203] [SEVERE ] removing player 3 token from slot 1
[18:16:36.203] [SEVERE ] setting player 3 score to 23
[18:16:36.204] [SEVERE ] setting player 3 freeze to 0
[18:16:36.215] [SEVERE ] setting player 3 freeze to 0
[18:16:36.215] [SEVERE ] removing player 3 token from slot 1
[18:16:36.215] [SEVERE ] removing player 3 token from slot 1
[18:16:36.216] [SEVERE ] removing player 3 token from slot 1
[18:16:36.216] [SEVERE ] removing card from slot 1
[18:16:36.217] [SEVERE ] removing player 3 token from slot 3
[18:16:36.220] [SEVERE ] setting player 3 score to 24
[18:16:36.220] [SEVERE ] setting player 3 freeze to 0
[18:16:36.220] [SEVERE ] setting player 3 freeze to 0
[18:16:36.220] [SEVERE ] removing player 3 token from slot 1
[18:16:36.220] [SEVERE ] removing player 3 token from slot 1
[18:16:36.220] [SEVERE ] removing player 3 token from slot 1
[18:16:36.220] [SEVERE ] setting player 3 score to 25
[18:16:36.220] [SEVERE ] setting player 3 freeze to 0
[18:16:36.220] [SEVERE ] setting player 3 freeze to 0
[18:16:36.221] [SEVERE ] removing player 3 token from slot 1
[18:16:36.221] [SEVERE ] removing player 3 token from slot 1
[18:16:36.221] [SEVERE ] removing player 3 token from slot 1
[18:16:36.221] [SEVERE ] setting player 3 score to 26
[18:16:36.221] [SEVERE ] setting player 3 freeze to 0
[18:16:36.221] [SEVERE ] setting player 3 freeze to 0
[18:16:36.221] [SEVERE ] removing player 3 token from slot 1
[18:16:36.221] [SEVERE ] removing player 3 token from slot 1
[18:16:36.221] [SEVERE ] removing player 3 token from slot 1
[18:16:36.221] [SEVERE ] setting player 3 score to 27
[18:16:36.221] [SEVERE ] setting player 3 freeze to 0
[18:16:36.221] [SEVERE ] setting player 3 freeze to 0
[18:16:36.221] [SEVERE ] removing player 3 token from slot 1
[18:16:36.221] [SEVERE ] removing player 3 token from slot 1
[18:16:36.221] [SEVERE ] removing player 3 token from slot 1
[18:16:36.221] [SEVERE ] setting player 3 score to 28
[18:16:36.221] [SEVERE ] setting player 3 freeze to 0
[18:16:36.221] [SEVERE ] setting player 3 freeze to 0
[18:16:36.221] [SEVERE ] removing player 3 token from slot 1
[18:16:36.221] [SEVERE ] removing player 3 token from slot 1
[18:16:36.221] [SEVERE ] removing player 3 token from slot 1
[18:16:36.221] [SEVERE ] setting player 3 score to 29
[18:16:36.225] [SEVERE ] setting player 3 freeze to 0
[18:16:36.225] [SEVERE ] setting player 3 freeze to 0
[18:16:36.225] [SEVERE ] removing player 3 token from slot 1
[18:16:36.225] [SEVERE ] removing player 3 token from slot 1
[18:16:36.225] [SEVERE ] removing player 3 token from slot 1
[18:16:36.225] [SEVERE ] setting player 3 score to 30
[18:16:36.226] [SEVERE ] setting player 3 freeze to 0
[18:16:36.226] [SEVERE ] setting player 3 freeze to 0
[18:16:36.226] [SEVERE ] removing player 3 token from slot 1
[18:16:36.226] [SEVERE ] removing player 3 token from slot 1
[18:16:36.226] [SEVERE ] removing player 3 token from slot 1
[18:16:36.226] [SEVERE ] setting player 3 score to 31
[18:16:36.226] [SEVERE ] setting player 3 freeze to 0
[18:16:36.226] [SEVERE ] setting player 3 freeze to 0
[18:16:36.226] [SEVERE ] removing player 3 token from slot 1
[18:16:36.226] [SEVERE ] removing player 3 token from slot 1
[18:16:36.226] [SEVERE ] removing player 3 token from slot 1
[18:16:36.226] [SEVERE ] setting player 3 score to 32
[18:16:36.227] [SEVERE ] setting player 3 freeze to 0
[18:16:36.228] [SEVERE ] setting player 3 freeze to 0
[18:16:36.228] [SEVERE ] removing player 3 token from slot 1
[18:16:36.228] [SEVERE ] removing player 3 token from slot 1
[18:16:36.228] [SEVERE ] removing player 3 token from slot 1
[18:16:36.228] [SEVERE ] setting player 3 score to 33
[18:16:36.228] [SEVERE ] setting player 3 freeze to 0
[18:16:36.228] [SEVERE ] setting player 3 freeze to 0
[18:16:36.228] [SEVERE ] removing player 3 token from slot 1
[18:16:36.228] [SEVERE ] removing player 3 token from slot 1
[18:16:36.228] [SEVERE ] removing player 3 token from slot 1
[18:16:36.229] [SEVERE ] setting player 3 score to 34
[18:16:36.229] [SEVERE ] setting player 3 freeze to 0
[18:16:36.229] [SEVERE ] setting player 3 freeze to 0
[18:16:36.230] [SEVERE ] removing player 3 token from slot 1
[18:16:36.230] [SEVERE ] removing player 3 token from slot 1
[18:16:36.231] [SEVERE ] removing player 3 token from slot 1
[18:16:36.233] [SEVERE ] setting player 3 score to 35
[18:16:36.233] [SEVERE ] setting player 3 freeze to 0
[18:16:36.233] [SEVERE ] setting player 3 freeze to 0
[18:16:36.234] [SEVERE ] removing player 3 token from slot 1
[18:16:36.234] [SEVERE ] removing player 3 token from slot 1
[18:16:36.235] [SEVERE ] removing player 3 token from slot 1
[18:16:36.235] [SEVERE ] setting player 3 score to 36
[18:16:36.236] [SEVERE ] setting player 3 freeze to 0
[18:16:36.236] [SEVERE ] setting player 3 freeze to 0
[18:16:36.237] [SEVERE ] removing player 3 token from slot 1
[18:16:36.237] [SEVERE ] removing player 3 token from slot 1
[18:16:36.238] [SEVERE ] removing player 3 token from slot 1
[18:16:36.239] [SEVERE ] setting player 3 score to 37
[18:16:36.239] [SEVERE ] setting player 3 freeze to 0
[18:16:36.240] [SEVERE ] setting player 3 freeze to 0
[18:16:36.240] [SEVERE ] removing player 3 token from slot 1
[18:16:36.241] [SEVERE ] removing player 3 token from slot 1
[18:16:36.241] [SEVERE ] removing player 3 token from slot 1
[18:16:36.241] [SEVERE ] setting player 3 score to 38
[18:16:36.242] [SEVERE ] setting player 3 freeze to 0
[18:16:36.242] [SEVERE ] setting player 3 freeze to 0
[18:16:36.243] [SEVERE ] removing player 3 token from slot 1
[18:16:36.243] [SEVERE ] removing player 3 token from slot 1
[18:16:36.244] [SEVERE ] removing player 3 token from slot 1
[18:16:36.244] [SEVERE ] setting player 3 score to 39
[18:16:36.245] [SEVERE ] setting player 3 freeze to 0
[18:16:36.245] [SEVERE ] setting player 3 freeze to 0
[18:16:36.246] [SEVERE ] removing player 3 token from slot 1
[18:16:36.246] [SEVERE ] removing player 3 token from slot 1
[18:16:36.247] [SEVERE ] removing player 3 token from slot 1
[18:16:36.247] [SEVERE ] setting player 3 score to 40
[18:16:36.248] [SEVERE ] setting player 3 freeze to 0
[18:16:36.248] [SEVERE ] setting player 3 freeze to 0
[18:16:36.248] [SEVERE ] removing player 3 token from slot 1
[18:16:36.249] [SEVERE ] removing player 3 token from slot 1
[18:16:36.249] [SEVERE ] removing player 3 token from slot 1
[18:16:36.250] [SEVERE ] setting player 3 score to 41
[18:16:36.250] [SEVERE ] setting player 3 freeze to 0
[18:16:36.250] [SEVERE ] setting player 3 freeze to 0
[18:16:36.251] [SEVERE ] removing player 3 token from slot 1
[18:16:36.251] [SEVERE ] removing player 3 token from slot 1
[18:16:36.252] [SEVERE ] removing player 3 token from slot 1
[18:16:36.252] [SEVERE ] setting player 3 score to 42
[18:16:36.252] [SEVERE ] setting player 3 freeze to 0
[18:16:36.253] [SEVERE ] setting player 3 freeze to 0
[18:16:36.254] [SEVERE ] removing player 3 token from slot 1
[18:16:36.254] [SEVERE ] removing player 3 token from slot 1
[18:16:36.256] [SEVERE ] removing player 3 token from slot 1
[18:16:36.256] [SEVERE ] setting player 3 score to 43
[18:16:36.257] [SEVERE ] setting player 3 freeze to 0
[18:16:36.257] [SEVERE ] setting player 3 freeze to 0
[18:16:36.258] [SEVERE ] removing player 3 token from slot 1
[18:16:36.258] [SEVERE ] removing player 3 token from slot 1
[18:16:36.258] [SEVERE ] removing player 3 token from slot 1
[18:16:36.259] [SEVERE ] setting player 3 score to 44
[18:16:36.259] [SEVERE ] setting player 3 freeze to 0
[18:16:36.260] [SEVERE ] setting player 3 freeze to 0
[18:16:36.261] [SEVERE ] removing player 3 token from slot 1
[18:16:36.261] [SEVERE ] removing player 3 token from slot 1
[18:16:36.262] [SEVERE ] removing player 3 token from slot 1
[18:16:36.262] [SEVERE ] setting player 3 score to 45
[18:16:36.263] [SEVERE ] setting player 3 freeze to 0
[18:16:36.263] [SEVERE ] setting player 3 freeze to 0
[18:16:36.264] [SEVERE ] removing player 3 token from slot 1
[18:16:36.264] [SEVERE ] removing player 3 token from slot 1
[18:16:36.264] [SEVERE ] removing player 3 token from slot 1
[18:16:36.265] [SEVERE ] setting player 3 score to 46
[18:16:36.265] [SEVERE ] setting player 3 freeze to 0
[18:16:36.266] [SEVERE ] setting player 3 freeze to 0
[18:16:36.266] [SEVERE ] removing player 3 token from slot 1
[18:16:36.267] [SEVERE ] removing player 3 token from slot 1
[18:16:36.267] [SEVERE ] removing player 3 token from slot 1
[18:16:36.267] [SEVERE ] setting player 3 score to 47
[18:16:36.268] [SEVERE ] setting player 3 freeze to 0
[18:16:36.268] [SEVERE ] setting player 3 freeze to 0
[18:16:36.269] [SEVERE ] removing player 3 token from slot 1
[18:16:36.269] [SEVERE ] removing player 3 token from slot 1
[18:16:36.271] [SEVERE ] removing player 3 token from slot 1
[18:16:36.273] [SEVERE ] setting player 3 score to 48
[18:16:36.273] [SEVERE ] setting player 3 freeze to 0
[18:16:36.274] [SEVERE ] setting player 3 freeze to 0
[18:16:36.274] [SEVERE ] removing player 3 token from slot 1
[18:16:36.275] [SEVERE ] removing player 3 token from slot 1
[18:16:36.275] [SEVERE ] removing player 3 token from slot 1
[18:16:36.276] [SEVERE ] setting player 3 score to 49
[18:16:36.276] [SEVERE ] setting player 3 freeze to 0
[18:16:36.277] [SEVERE ] setting player 3 freeze to 0
[18:16:36.277] [SEVERE ] removing player 3 token from slot 1
[18:16:36.277] [SEVERE ] removing player 3 token from slot 1
[18:16:36.277] [SEVERE ] removing player 3 token from slot 1
[18:16:36.277] [SEVERE ] setting player 3 score to 50
[18:16:36.277] [SEVERE ] setting player 3 freeze to 0
[18:16:36.277] [SEVERE ] setting player 3 freeze to 0
[18:16:36.277] [SEVERE ] removing player 3 token from slot 1
[18:16:36.278] [SEVERE ] removing player 3 token from slot 1
[18:16:36.278] [SEVERE ] removing player 3 token from slot 1
[18:16:36.278] [SEVERE ] setting player 3 score to 51
[18:16:36.278] [SEVERE ] setting player 3 freeze to 0
[18:16:36.278] [SEVERE ] setting player 3 freeze to 0
[18:16:36.278] [SEVERE ] removing player 3 token from slot 1
[18:16:36.278] [SEVERE ] removing player 3 token from slot 1
[18:16:36.278] [SEVERE ] removing player 3 token from slot 1
[18:16:36.278] [SEVERE ] setting player 3 score to 52
[18:16:36.278] [SEVERE ] setting player 3 freeze to 0
[18:16:36.278] [SEVERE ] setting player 3 freeze to 0
[18:16:36.278] [SEVERE ] removing player 3 token from slot 1
[18:16:36.278] [SEVERE ] removing player 3 token from slot 1
[18:16:36.278] [SEVERE ] removing player 3 token from slot 1
[18:16:36.278] [SEVERE ] setting player 3 score to 53
[18:16:36.279] [SEVERE ] setting player 3 freeze to 0
[18:16:36.279] [SEVERE ] setting player 3 freeze to 0
[18:16:36.279] [SEVERE ] removing player 3 token from slot 1
[18:16:36.280] [SEVERE ] removing player 3 token from slot 1
[18:16:36.280] [SEVERE ] removing player 3 token from slot 1
[18:16:36.281] [SEVERE ] setting player 3 score to 54
[18:16:36.281] [SEVERE ] setting player 3 freeze to 0
[18:16:36.281] [SEVERE ] setting player 3 freeze to 0
[18:16:36.282] [SEVERE ] removing player 3 token from slot 1
[18:16:36.282] [SEVERE ] removing player 3 token from slot 1
[18:16:36.282] [SEVERE ] removing player 3 token from slot 1
[18:16:36.283] [SEVERE ] setting player 3 score to 55
[18:16:36.283] [SEVERE ] setting player 3 freeze to 0
[18:16:36.284] [SEVERE ] setting player 3 freeze to 0
[18:16:36.284] [SEVERE ] removing player 3 token from slot 1
[18:16:36.285] [SEVERE ] removing player 3 token from slot 1
[18:16:36.285] [SEVERE ] removing player 3 token from slot 1
[18:16:36.285] [SEVERE ] setting player 3 score to 56
[18:16:36.286] [SEVERE ] setting player 3 freeze to 0
[18:16:36.286] [SEVERE ] setting player 3 freeze to 0
[18:16:36.287] [SEVERE ] removing player 3 token from slot 1
[18:16:36.287] [SEVERE ] removing player 3 token from slot 1
[18:16:36.288] [SEVERE ] removing player 3 token from slot 1
[18:16:36.288] [SEVERE ] setting player 3 score to 57
[18:16:36.289] [SEVERE ] setting player 3 freeze to 0
[18:16:36.289] [SEVERE ] setting player 3 freeze to 0
[18:16:36.290] [SEVERE ] removing player 3 token from slot 1
[18:16:36.291] [SEVERE ] removing player 3 token from slot 1
[18:16:36.291] [SEVERE ] removing player 3 token from slot 1
[18:16:36.291] [SEVERE ] setting player 3 score to 58
[18:16:36.292] [SEVERE ] setting player 3 freeze to 0
[18:16:36.292] [SEVERE ] setting player 3 freeze to 0
[18:16:36.293] [SEVERE ] removing player 3 token from slot 1
[18:16:36.293] [SEVERE ] removing player 3 token from slot 1
[18:16:36.294] [SEVERE ] removing player 3 token from slot 1
[18:16:36.294] [SEVERE ] setting player 3 score to 59
[18:16:36.294] [SEVERE ] setting player 3 freeze to 0
[18:16:36.294] [SEVERE ] setting player 3 freeze to 0
[18:16:36.295] [SEVERE ] removing player 3 token from slot 1
[18:16:36.295] [SEVERE ] removing player 3 token from slot 1
[18:16:36.296] [SEVERE ] removing player 3 token from slot 1
[18:16:36.296] [SEVERE ] setting player 3 score to 60
[18:16:36.297] [SEVERE ] setting player 3 freeze to 0
[18:16:36.297] [SEVERE ] setting player 3 freeze to 0
[18:16:36.297] [SEVERE ] removing player 3 token from slot 1
[18:16:36.297] [SEVERE ] removing player 3 token from slot 1
[18:16:36.297] [SEVERE ] removing player 3 token from slot 1
[18:16:36.297] [SEVERE ] setting player 3 score to 61
[18:16:36.298] [SEVERE ] setting player 3 freeze to 0
[18:16:36.298] [SEVERE ] setting player 3 freeze to 0
[18:16:36.299] [SEVERE ] removing player 3 token from slot 1
[18:16:36.299] [SEVERE ] removing player 3 token from slot 1
[18:16:36.300] [SEVERE ] removing player 3 token from slot 1
[18:16:36.301] [SEVERE ] setting player 3 score to 62
[18:16:36.301] [SEVERE ] setting player 3 freeze to 0
[18:16:36.302] [SEVERE ] setting player 3 freeze to 0
[18:16:36.302] [SEVERE ] removing player 3 token from slot 1
[18:16:36.303] [SEVERE ] removing player 3 token from slot 1
[18:16:36.303] [SEVERE ] removing player 3 token from slot 1
[18:16:36.304] [SEVERE ] setting player 3 score to 63
[18:16:36.305] [SEVERE ] setting player 3 freeze to 0
[18:16:36.306] [SEVERE ] setting player 3 freeze to 0
[18:16:36.306] [SEVERE ] removing player 3 token from slot 1
[18:16:36.307] [SEVERE ] removing player 3 token from slot 1
[18:16:36.307] [SEVERE ] removing player 3 token from slot 1
[18:16:36.308] [SEVERE ] setting player 3 score to 64
[18:16:36.308] [SEVERE ] setting player 3 freeze to 0
[18:16:36.309] [SEVERE ] setting player 3 freeze to 0
[18:16:36.309] [SEVERE ] removing player 3 token from slot 1
[18:16:36.310] [SEVERE ] removing player 3 token from slot 1
[18:16:36.310] [SEVERE ] removing player 3 token from slot 1
[18:16:36.310] [SEVERE ] setting player 3 score to 65
[18:16:36.312] [SEVERE ] setting player 3 freeze to 0
[18:16:36.312] [SEVERE ] setting player 3 freeze to 0
[18:16:36.313] [SEVERE ] removing player 3 token from slot 1
[18:16:36.313] [SEVERE ] removing player 3 token from slot 1
[18:16:36.314] [SEVERE ] removing player 3 token from slot 1
[18:16:36.314] [SEVERE ] setting player 3 score to 66
[18:16:36.315] [SEVERE ] setting player 3 freeze to 0
[18:16:36.315] [SEVERE ] setting player 3 freeze to 0
[18:16:36.316] [SEVERE ] removing player 3 token from slot 1
[18:16:36.317] [SEVERE ] removing player 3 token from slot 1
[18:16:36.317] [SEVERE ] removing player 3 token from slot 1
[18:16:36.317] [SEVERE ] removing card from slot 3
[18:16:36.318] [SEVERE ] removing player 3 token from slot 8
[18:16:36.318] [SEVERE ] setting player 3 score to 67
[18:16:36.320] [SEVERE ] setting player 3 freeze to 0
[18:16:36.320] [SEVERE ] setting player 3 freeze to 0
[18:16:36.322] [SEVERE ] removing player 3 token from slot 1
[18:16:36.323] [SEVERE ] removing player 3 token from slot 1
[18:16:36.324] [SEVERE ] removing player 3 token from slot 1
[18:16:36.324] [SEVERE ] setting player 3 score to 68
[18:16:36.325] [SEVERE ] setting player 3 freeze to 0
[18:16:36.325] [SEVERE ] setting player 3 freeze to 0
[18:16:36.326] [SEVERE ] removing player 3 token from slot 1
[18:16:36.326] [SEVERE ] removing player 3 token from slot 1
[18:16:36.326] [SEVERE ] removing player 3 token from slot 1
[18:16:36.327] [SEVERE ] setting player 3 score to 69
[18:16:36.327] [SEVERE ] setting player 3 freeze to 0
[18:16:36.328] [SEVERE ] setting player 3 freeze to 0
[18:16:36.328] [SEVERE ] removing player 3 token from slot 1
[18:16:36.329] [SEVERE ] removing player 3 token from slot 1
[18:16:36.329] [SEVERE ] removing player 3 token from slot 1
[18:16:36.330] [SEVERE ] setting player 3 score to 70
[18:16:36.330] [SEVERE ] setting player 3 freeze to 0
[18:16:36.331] [SEVERE ] setting player 3 freeze to 0
[18:16:36.331] [SEVERE ] removing player 3 token from slot 1
[18:16:36.332] [SEVERE ] removing player 3 token from slot 1
[18:16:36.332] [SEVERE ] removing player 3 token from slot 1
[18:16:36.332] [SEVERE ] setting player 3 score to 71
[18:16:36.333] [SEVERE ] setting player 3 freeze to 0
[18:16:36.333] [SEVERE ] setting player 3 freeze to 0
[18:16:36.334] [SEVERE ] removing player 3 token from slot 1
[18:16:36.334] [SEVERE ] removing player 3 token from slot 1
[18:16:36.335] [SEVERE ] removing player 3 token from slot 1
[18:16:36.335] [SEVERE ] setting player 3 score to 72
[18:16:36.336] [SEVERE ] setting player 3 freeze to 0
[18:16:36.336] [SEVERE ] setting player 3 freeze to 0
[18:16:36.337] [SEVERE ] removing player 3 token from slot 1
[18:16:36.337] [SEVERE ] removing player 3 token from slot 1
[18:16:36.338] [SEVERE ] removing player 3 token from slot 1
[18:16:36.339] [SEVERE ] setting player 3 score to 73
[18:16:36.339] [SEVERE ] setting player 3 freeze to 0
[18:16:36.340] [SEVERE ] setting player 3 freeze to 0
[18:16:36.340] [SEVERE ] removing player 3 token from slot 1
[18:16:36.341] [SEVERE ] removing player 3 token from slot 1
[18:16:36.341] [SEVERE ] removing player 3 token from slot 1
[18:16:36.342] [SEVERE ] setting player 3 score to 74
[18:16:36.342] [SEVERE ] setting player 3 freeze to 0
[18:16:36.343] [SEVERE ] setting player 3 freeze to 0
[18:16:36.343] [SEVERE ] removing player 3 token from slot 1
[18:16:36.343] [SEVERE ] removing player 3 token from slot 1
[18:16:36.344] [SEVERE ] removing player 3 token from slot 1
[18:16:36.344] [SEVERE ] setting player 3 score to 75
[18:16:36.345] [SEVERE ] setting player 3 freeze to 0
[18:16:36.345] [SEVERE ] setting player 3 freeze to 0
[18:16:36.346] [SEVERE ] removing player 3 token from slot 1
[18:16:36.346] [SEVERE ] removing player 3 token from slot 1
[18:16:36.347] [SEVERE ] removing player 3 token from slot 1
[18:16:36.347] [SEVERE ] setting player 3 score to 76
[18:16:36.348] [SEVERE ] setting player 3 freeze to 0
[18:16:36.348] [SEVERE ] setting player 3 freeze to 0
[18:16:36.349] [SEVERE ] removing player 3 token from slot 1
[18:16:36.349] [SEVERE ] removing player 3 token from slot 1
[18:16:36.350] [SEVERE ] removing player 3 token from slot 1
[18:16:36.350] [SEVERE ] setting player 3 score to 77
[18:16:36.350] [SEVERE ] setting player 3 freeze to 0
[18:16:36.351] [SEVERE ] setting player 3 freeze to 0
[18:16:36.351] [SEVERE ] removing player 3 token from slot 1
[18:16:36.352] [SEVERE ] removing player 3 token from slot 1
[18:16:36.352] [SEVERE ] removing player 3 token from slot 1
[18:16:36.353] [SEVERE ] setting player 3 score to 78
[18:16:36.353] [SEVERE ] setting player 3 freeze to 0
[18:16:36.354] [SEVERE ] setting player 3 freeze to 0
[18:16:36.354] [SEVERE ] removing player 3 token from slot 1
[18:16:36.354] [SEVERE ] removing player 3 token from slot 1
[18:16:36.354] [SEVERE ] removing player 3 token from slot 1
[18:16:36.355] [SEVERE ] setting player 3 score to 79
[18:16:36.356] [SEVERE ] setting player 3 freeze to 0
[18:16:36.356] [SEVERE ] setting player 3 freeze to 0
[18:16:36.356] [SEVERE ] removing player 3 token from slot 1
[18:16:36.356] [SEVERE ] removing player 3 token from slot 1
[18:16:36.356] [SEVERE ] removing player 3 token from slot 1
[18:16:36.356] [SEVERE ] setting player 3 score to 80
[18:16:36.356] [SEVERE ] setting player 3 freeze to 0
[18:16:36.356] [SEVERE ] setting player 3 freeze to 0
[18:16:36.356] [SEVERE ] removing player 3 token from slot 1
[18:16:36.356] [SEVERE ] removing player 3 token from slot 1
[18:16:36.356] [SEVERE ] removing player 3 token from slot 1
[18:16:36.357] [SEVERE ] setting player 3 score to 81
[18:16:36.357] [SEVERE ] setting player 3 freeze to 0
[18:16:36.357] [SEVERE ] setting player 3 freeze to 0
[18:16:36.358] [SEVERE ] removing player 3 token from slot 1
[18:16:36.358] [SEVERE ] removing player 3 token from slot 1
[18:16:36.359] [SEVERE ] removing player 3 token from slot 1
[18:16:36.361] [SEVERE ] setting player 3 score to 82
[18:16:36.362] [SEVERE ] setting player 3 freeze to 0
[18:16:36.363] [SEVERE ] setting player 3 freeze to 0
[18:16:36.363] [SEVERE ] removing player 3 token from slot 1
[18:16:36.364] [SEVERE ] removing player 3 token from slot 1
[18:16:36.364] [SEVERE ] removing player 3 token from slot 1
[18:16:36.365] [SEVERE ] setting player 3 score to 83
[18:16:36.365] [SEVERE ] setting player 3 freeze to 0
[18:16:36.366] [SEVERE ] setting player 3 freeze to 0
[18:16:36.366] [SEVERE ] removing player 3 token from slot 1
[18:16:36.367] [SEVERE ] removing player 3 token from slot 1
[18:16:36.367] [SEVERE ] removing player 3 token from slot 1
[18:16:36.368] [SEVERE ] setting player 3 score to 84
[18:16:36.368] [SEVERE ] setting player 3 freeze to 0
[18:16:36.369] [SEVERE ] setting player 3 freeze to 0
[18:16:36.369] [SEVERE ] removing player 3 token from slot 1
[18:16:36.370] [SEVERE ] removing player 3 token from slot 1
[18:16:36.370] [SEVERE ] removing player 3 token from slot 1
[18:16:36.371] [SEVERE ] setting player 3 score to 85
[18:16:36.372] [SEVERE ] setting player 3 freeze to 0
[18:16:36.372] [SEVERE ] setting player 3 freeze to 0
[18:16:36.373] [SEVERE ] removing player 3 token from slot 1
[18:16:36.373] [SEVERE ] removing player 3 token from slot 1
[18:16:36.374] [SEVERE ] removing player 3 token from slot 1
[18:16:36.374] [SEVERE ] setting player 3 score to 86
[18:16:36.375] [SEVERE ] setting player 3 freeze to 0
[18:16:36.375] [SEVERE ] setting player 3 freeze to 0
[18:16:36.376] [SEVERE ] removing player 3 token from slot 1
[18:16:36.376] [SEVERE ] removing player 3 token from slot 1
[18:16:36.377] [SEVERE ] removing player 3 token from slot 1
[18:16:36.377] [SEVERE ] setting player 3 score to 87
[18:16:36.378] [SEVERE ] setting player 3 freeze to 0
[18:16:36.378] [SEVERE ] setting player 3 freeze to 0
[18:16:36.379] [SEVERE ] removing player 3 token from slot 1
[18:16:36.379] [SEVERE ] removing player 3 token from slot 1
[18:16:36.380] [SEVERE ] removing player 3 token from slot 1
[18:16:36.380] [SEVERE ] setting player 3 score to 88
[18:16:36.381] [SEVERE ] setting player 3 freeze to 0
[18:16:36.381] [SEVERE ] setting player 3 freeze to 0
[18:16:36.382] [SEVERE ] removing player 3 token from slot 1
[18:16:36.382] [SEVERE ] removing player 3 token from slot 1
[18:16:36.382] [SEVERE ] removing player 3 token from slot 1
[18:16:36.383] [SEVERE ] setting player 3 score to 89
[18:16:36.383] [SEVERE ] setting player 3 freeze to 0
[18:16:36.384] [SEVERE ] setting player 3 freeze to 0
[18:16:36.384] [SEVERE ] removing player 3 token from slot 1
[18:16:36.385] [SEVERE ] removing player 3 token from slot 1
[18:16:36.385] [SEVERE ] removing player 3 token from slot 1
[18:16:36.386] [SEVERE ] setting player 3 score to 90
[18:16:36.387] [SEVERE ] setting player 3 freeze to 0
[18:16:36.388] [SEVERE ] setting player 3 freeze to 0
[18:16:36.388] [SEVERE ] removing player 3 token from slot 1
[18:16:36.389] [SEVERE ] removing player 3 token from slot 1
[18:16:36.389] [SEVERE ] removing player 3 token from slot 1
[18:16:36.390] [SEVERE ] setting player 3 score to 91
[18:16:36.390] [SEVERE ] setting player 3 freeze to 0
[18:16:36.391] [SEVERE ] setting player 3 freeze to 0
[18:16:36.391] [SEVERE ] removing player 3 token from slot 1
[18:16:36.392] [SEVERE ] removing player 3 token from slot 1
[18:16:36.392] [SEVERE ] removing player 3 token from slot 1
[18:16:36.393] [SEVERE ] setting player 3 score to 92
[18:16:36.393] [SEVERE ] setting player 3 freeze to 0
[18:16:36.394] [SEVERE ] setting player 3 freeze to 0
[18:16:36.394] [SEVERE ] removing player 3 token from slot 1
[18:16:36.395] [SEVERE ] removing player 3 token from slot 1
[18:16:36.395] [SEVERE ] removing player 3 token from slot 1
[18:16:36.395] [SEVERE ] setting player 3 score to 93
[18:16:36.396] [SEVERE ] setting player 3 freeze to 0
[18:16:36.396] [SEVERE ] setting player 3 freeze to 0
[18:16:36.397] [SEVERE ] removing player 3 token from slot 1
[18:16:36.397] [SEVERE ] removing player 3 token from slot 1
[18:16:36.398] [SEVERE ] removing player 3 token from slot 1
[18:16:36.398] [SEVERE ] setting player 3 score to 94
[18:16:36.399] [SEVERE ] setting player 3 freeze to 0
[18:16:36.399] [SEVERE ] setting player 3 freeze to 0
[18:16:36.399] [SEVERE ] removing player 3 token from slot 1
[18:16:36.400] [SEVERE ] removing player 3 token from slot 1
[18:16:36.400] [SEVERE ] removing player 3 token from slot 1
[18:16:36.401] [SEVERE ] setting player 3 score to 95
[18:16:36.401] [SEVERE ] setting player 3 freeze to 0
[18:16:36.402] [SEVERE ] setting player 3 freeze to 0
[18:16:36.402] [SEVERE ] removing player 3 token from slot 1
[18:16:36.403] [SEVERE ] removing player 3 token from slot 1
[18:16:36.403] [SEVERE ] removing player 3 token from slot 1
[18:16:36.403] [SEVERE ] setting player 3 score to 96
[18:16:36.404] [SEVERE ] setting player 3 freeze to 0
[18:16:36.404] [SEVERE ] setting player 3 freeze to 0
[18:16:36.405] [SEVERE ] removing player 3 token from slot 1
[18:16:36.406] [SEVERE ] removing player 3 token from slot 1
[18:16:36.413] [SEVERE ] removing player 3 token from slot 1
[18:16:36.419] [SEVERE ] setting player 3 score to 97
[18:16:36.419] [SEVERE ] setting player 3 freeze to 0
[18:16:36.419] [SEVERE ] setting player 3 freeze to 0
[18:16:36.419] [SEVERE ] removing player 3 token from slot 1
[18:16:36.419] [SEVERE ] removing player 3 token from slot 1
[18:16:36.419] [SEVERE ] removing player 3 token from slot 1
[18:16:36.419] [SEVERE ] removing card from slot 8
[18:16:36.420] [SEVERE ] removing player 3 token from slot 1
[18:16:36.420] [SEVERE ] removing player 3 token from slot 3
[18:16:36.420] [SEVERE ] removing player 1 token from slot 8
[18:16:36.420] [SEVERE ] removing player 3 token from slot 8
[18:16:36.420] [SEVERE ] removing player 4 token from slot 8
[18:16:36.421] [SEVERE ] setting player 3 score to 98
[18:16:36.421] [SEVERE ] setting player 3 freeze to 0
[18:16:36.421] [SEVERE ] setting player 3 freeze to 0
