[21:48:50.032] [INFO   ] thread main starting.
[21:48:50.039] [SEVERE ] cannot read configuration file config.properties trying from resources.
[21:48:50.040] [SEVERE ] configuration file was loaded from resources directory.
[21:48:50.464] [INFO   ] thread dealer starting.
[21:48:50.464] [INFO   ] Thread dealer starting.
[21:48:50.581] [SEVERE ] placing card 20 in slot 0
[21:48:50.682] [SEVERE ] placing card 48 in slot 1
[21:48:50.783] [SEVERE ] placing card 52 in slot 2
[21:48:50.883] [SEVERE ] placing card 60 in slot 3
[21:48:50.985] [SEVERE ] placing card 27 in slot 4
[21:48:51.085] [SEVERE ] placing card 38 in slot 5
[21:48:51.186] [SEVERE ] placing card 24 in slot 6
[21:48:51.287] [SEVERE ] placing card 46 in slot 7
[21:48:51.387] [SEVERE ] placing card 32 in slot 8
[21:48:51.488] [SEVERE ] placing card 34 in slot 9
[21:48:51.589] [SEVERE ] placing card 59 in slot 10
[21:48:51.690] [SEVERE ] placing card 1 in slot 11
[21:48:51.691] [INFO   ] Thread Thread-1starting.
[21:48:51.691] [INFO   ] Thread Thread-3starting.
[21:48:51.691] [INFO   ] Thread Thread-2starting.
[21:48:51.692] [INFO   ] Thread Thread-4starting.
[21:48:51.692] [SEVERE ] updating countdown to 5000
[21:48:51.697] [INFO   ] Thread computer-1 starting.
[21:48:51.698] [SEVERE ] player 2 placing token on slot 6
[21:48:51.701] [INFO   ] Thread computer-2 starting.
[21:48:51.705] [SEVERE ] player 3 placing token on slot 1
[21:48:51.705] [SEVERE ] player 3 placing token on slot 3
[21:48:51.706] [SEVERE ] player 3 placing token on slot 7
[21:48:51.698] [INFO   ] Thread computer-3 starting.
[21:48:51.706] [SEVERE ] player 4 placing token on slot 11
[21:48:51.707] [SEVERE ] player 4 placing token on slot 6
[21:48:51.707] [SEVERE ] removing player 4 token from slot 6
[21:48:51.707] [SEVERE ] player 4 placing token on slot 6
[21:48:51.708] [SEVERE ] player 4 placing token on slot 10
[21:48:51.698] [INFO   ] Thread computer-0 starting.
[21:48:51.701] [SEVERE ] player 2 placing token on slot 9
[21:48:51.713] [SEVERE ] removing player 2 token from slot 9
[21:48:51.714] [SEVERE ] player 2 placing token on slot 9
[21:48:51.714] [SEVERE ] player 2 placing token on slot 8
[21:48:51.713] [SEVERE ] player 1 placing token on slot 5
[21:48:51.717] [SEVERE ] player 1 placing token on slot 8
[21:48:51.717] [SEVERE ] setting player 3 freeze to 0
[21:48:51.718] [SEVERE ] player 1 placing token on slot 7
[21:48:51.719] [SEVERE ] setting player 3 freeze to 0
[21:48:51.720] [SEVERE ] setting player 3 freeze to 0
[21:48:51.720] [SEVERE ] setting player 3 freeze to 0
[21:48:51.720] [SEVERE ] removing player 3 token from slot 1
[21:48:51.721] [SEVERE ] player 3 placing token on slot 5
[21:48:51.727] [SEVERE ] setting player 4 freeze to 0
[21:48:51.728] [SEVERE ] setting player 4 freeze to 0
[21:48:51.729] [SEVERE ] setting player 4 freeze to 0
[21:48:51.733] [SEVERE ] setting player 4 freeze to 0
[21:48:51.733] [SEVERE ] removing player 4 token from slot 6
[21:48:51.734] [SEVERE ] player 4 placing token on slot 8
[21:48:51.745] [SEVERE ] setting player 2 freeze to 0
[21:48:51.754] [SEVERE ] setting player 2 freeze to 0
[21:48:51.755] [SEVERE ] setting player 2 freeze to 0
[21:48:51.755] [SEVERE ] setting player 2 freeze to 0
[21:48:51.755] [SEVERE ] removing player 2 token from slot 9
[21:48:51.755] [SEVERE ] player 2 placing token on slot 7
[21:48:51.755] [SEVERE ] setting player 1 freeze to 0
[21:48:51.760] [SEVERE ] setting player 1 freeze to 0
[21:48:51.760] [SEVERE ] setting player 1 freeze to 0
[21:48:51.762] [SEVERE ] setting player 1 freeze to 0
[21:48:51.763] [SEVERE ] removing player 1 token from slot 5
[21:48:51.764] [SEVERE ] player 1 placing token on slot 4
[21:48:51.766] [SEVERE ] setting player 3 freeze to 0
[21:48:51.766] [SEVERE ] setting player 3 freeze to 0
[21:48:51.766] [SEVERE ] setting player 3 freeze to 0
[21:48:51.766] [SEVERE ] setting player 3 freeze to 0
[21:48:51.766] [SEVERE ] removing player 3 token from slot 7
[21:48:51.767] [SEVERE ] player 3 placing token on slot 1
[21:48:51.777] [SEVERE ] setting player 4 freeze to 0
[21:48:51.777] [SEVERE ] setting player 4 freeze to 0
[21:48:51.777] [SEVERE ] setting player 4 freeze to 0
[21:48:51.778] [SEVERE ] setting player 4 freeze to 0
[21:48:51.778] [SEVERE ] removing player 4 token from slot 10
[21:48:51.778] [SEVERE ] player 4 placing token on slot 9
[21:48:51.787] [SEVERE ] setting player 2 freeze to 0
[21:48:51.787] [SEVERE ] setting player 2 freeze to 0
[21:48:51.787] [SEVERE ] setting player 2 freeze to 0
[21:48:51.788] [SEVERE ] setting player 2 freeze to 0
[21:48:51.788] [SEVERE ] removing player 2 token from slot 7
[21:48:51.788] [SEVERE ] player 2 placing token on slot 9
[21:48:51.797] [SEVERE ] setting player 1 freeze to 0
[21:48:51.798] [SEVERE ] setting player 1 freeze to 0
[21:48:51.799] [SEVERE ] setting player 1 freeze to 0
[21:48:51.799] [SEVERE ] setting player 1 freeze to 0
[21:48:51.800] [SEVERE ] removing player 1 token from slot 8
[21:48:51.800] [SEVERE ] player 1 placing token on slot 11
[21:48:51.808] [SEVERE ] setting player 3 freeze to 0
[21:48:51.809] [SEVERE ] setting player 3 freeze to 0
[21:48:51.809] [SEVERE ] setting player 3 freeze to 0
[21:48:51.810] [SEVERE ] setting player 3 freeze to 0
[21:48:51.810] [SEVERE ] removing player 3 token from slot 5
[21:48:51.813] [SEVERE ] player 3 placing token on slot 2
[21:48:51.821] [SEVERE ] setting player 4 freeze to 0
[21:48:51.822] [SEVERE ] setting player 4 freeze to 0
[21:48:51.829] [SEVERE ] setting player 4 freeze to 0
[21:48:51.830] [SEVERE ] setting player 4 freeze to 0
[21:48:51.830] [SEVERE ] removing player 4 token from slot 11
[21:48:51.831] [SEVERE ] player 4 placing token on slot 11
[21:48:51.831] [SEVERE ] setting player 2 freeze to 0
[21:48:51.837] [SEVERE ] setting player 2 freeze to 0
[21:48:51.837] [SEVERE ] setting player 2 freeze to 0
[21:48:51.838] [SEVERE ] setting player 2 freeze to 0
[21:48:51.838] [SEVERE ] removing player 2 token from slot 9
[21:48:51.839] [SEVERE ] removing player 2 token from slot 6
[21:48:51.839] [SEVERE ] removing player 2 token from slot 8
[21:48:51.839] [SEVERE ] player 2 placing token on slot 10
[21:48:51.840] [SEVERE ] player 2 placing token on slot 5
[21:48:51.840] [SEVERE ] player 2 placing token on slot 7
[21:48:51.845] [SEVERE ] setting player 1 freeze to 0
[21:48:51.848] [SEVERE ] setting player 1 freeze to 0
[21:48:51.849] [SEVERE ] setting player 1 freeze to 0
[21:48:51.850] [SEVERE ] setting player 1 freeze to 0
[21:48:51.850] [SEVERE ] removing player 1 token from slot 4
[21:48:51.851] [SEVERE ] player 1 placing token on slot 3
[21:48:51.854] [SEVERE ] setting player 3 freeze to 0
[21:48:51.854] [SEVERE ] setting player 3 freeze to 0
[21:48:51.855] [SEVERE ] setting player 3 freeze to 0
[21:48:51.855] [SEVERE ] setting player 3 freeze to 0
[21:48:51.855] [SEVERE ] removing player 3 token from slot 2
[21:48:51.856] [SEVERE ] removing player 3 token from slot 3
[21:48:51.857] [SEVERE ] player 3 placing token on slot 5
[21:48:51.857] [SEVERE ] player 3 placing token on slot 11
[21:48:51.864] [SEVERE ] setting player 4 freeze to 0
[21:48:51.864] [SEVERE ] setting player 4 freeze to 0
[21:48:51.865] [SEVERE ] setting player 4 freeze to 0
[21:48:51.865] [SEVERE ] setting player 4 freeze to 0
[21:48:51.866] [SEVERE ] removing player 4 token from slot 9
[21:48:51.866] [SEVERE ] player 4 placing token on slot 1
[21:48:51.876] [SEVERE ] setting player 2 freeze to 0
[21:48:51.878] [SEVERE ] setting player 2 freeze to 0
[21:48:51.878] [SEVERE ] setting player 2 freeze to 0
[21:48:51.879] [SEVERE ] setting player 2 freeze to 0
[21:48:51.880] [SEVERE ] removing player 2 token from slot 7
[21:48:51.881] [SEVERE ] player 2 placing token on slot 7
[21:48:51.888] [SEVERE ] setting player 1 freeze to 0
[21:48:51.888] [SEVERE ] setting player 1 freeze to 0
[21:48:51.888] [SEVERE ] setting player 1 freeze to 0
[21:48:51.889] [SEVERE ] setting player 1 freeze to 0
[21:48:51.890] [SEVERE ] removing player 1 token from slot 7
[21:48:51.890] [SEVERE ] player 1 placing token on slot 8
[21:48:51.899] [SEVERE ] setting player 3 freeze to 0
[21:48:51.902] [SEVERE ] setting player 3 freeze to 0
[21:48:51.902] [SEVERE ] setting player 3 freeze to 0
[21:48:51.903] [SEVERE ] setting player 3 freeze to 0
[21:48:51.903] [SEVERE ] removing player 3 token from slot 1
[21:48:51.904] [SEVERE ] player 3 placing token on slot 9
[21:48:51.911] [SEVERE ] setting player 4 freeze to 0
[21:48:51.911] [SEVERE ] setting player 4 freeze to 0
[21:48:51.912] [SEVERE ] setting player 4 freeze to 0
[21:48:51.912] [SEVERE ] setting player 4 freeze to 0
[21:48:51.913] [SEVERE ] removing player 4 token from slot 1
[21:48:51.914] [SEVERE ] player 4 placing token on slot 5
[21:48:51.922] [SEVERE ] setting player 2 freeze to 0
[21:48:51.922] [SEVERE ] setting player 2 freeze to 0
[21:48:51.922] [SEVERE ] setting player 2 freeze to 0
[21:48:51.924] [SEVERE ] setting player 2 freeze to 0
[21:48:51.925] [SEVERE ] removing player 2 token from slot 10
[21:48:51.927] [SEVERE ] player 2 placing token on slot 2
[21:48:51.932] [SEVERE ] updating countdown to 5000
[21:48:51.933] [SEVERE ] setting player 1 score to 1
[21:48:51.934] [SEVERE ] setting player 1 freeze to 0
[21:48:51.934] [SEVERE ] setting player 1 freeze to 0
[21:48:51.934] [SEVERE ] removing player 1 token from slot 11
[21:48:51.935] [SEVERE ] player 1 placing token on slot 11
[21:49:17.949] [SEVERE ] removing player 1 token from slot 3
[21:49:18.773] [SEVERE ] removing card from slot 3
[21:49:22.375] [SEVERE ] removing player 1 token from slot 8
[21:49:22.475] [SEVERE ] removing card from slot 8
[21:49:31.782] [SEVERE ] removing player 1 token from slot 11
[21:49:31.882] [SEVERE ] removing card from slot 11
[21:49:31.883] [SEVERE ] removing player 1 token from slot 3
[21:49:31.883] [SEVERE ] removing player 1 token from slot 8
[21:49:31.883] [SEVERE ] removing player 4 token from slot 8
[21:49:31.883] [SEVERE ] removing player 1 token from slot 11
[21:49:31.883] [SEVERE ] removing player 3 token from slot 11
[21:49:31.883] [SEVERE ] removing player 4 token from slot 11
[21:49:31.984] [SEVERE ] placing card 4 in slot 3
[21:49:32.085] [SEVERE ] placing card 21 in slot 8
[21:49:32.186] [SEVERE ] placing card 26 in slot 11
[21:49:32.186] [SEVERE ] updating countdown to 5000
[21:49:32.286] [SEVERE ] removing card from slot 0
[21:49:32.387] [SEVERE ] removing card from slot 1
[21:49:32.487] [SEVERE ] removing card from slot 2
[21:49:32.587] [SEVERE ] removing card from slot 3
[21:49:32.688] [SEVERE ] removing card from slot 4
[21:49:32.788] [SEVERE ] removing card from slot 5
[21:49:32.889] [SEVERE ] removing card from slot 6
[21:49:32.989] [SEVERE ] removing card from slot 7
[21:49:33.089] [SEVERE ] removing card from slot 8
[21:49:33.190] [SEVERE ] removing card from slot 9
[21:49:33.290] [SEVERE ] removing card from slot 10
[21:49:33.390] [SEVERE ] removing card from slot 11
[21:49:33.391] [SEVERE ] removing all tokens
[21:49:33.492] [SEVERE ] placing card 22 in slot 0
[21:49:33.592] [SEVERE ] placing card 61 in slot 1
[21:49:33.692] [SEVERE ] placing card 2 in slot 2
[21:49:33.793] [SEVERE ] placing card 31 in slot 3
[21:49:33.893] [SEVERE ] placing card 72 in slot 4
[21:49:33.993] [SEVERE ] placing card 78 in slot 5
[21:49:34.094] [SEVERE ] placing card 12 in slot 6
[21:49:34.194] [SEVERE ] placing card 76 in slot 7
[21:49:34.294] [SEVERE ] placing card 17 in slot 8
[21:49:34.395] [SEVERE ] placing card 55 in slot 9
[21:49:34.495] [SEVERE ] placing card 65 in slot 10
[21:49:34.595] [SEVERE ] placing card 69 in slot 11
[21:49:34.596] [INFO   ] Thread Thread-5starting.
[21:49:34.597] [INFO   ] Thread Thread-6starting.
[21:49:34.598] [INFO   ] Thread Thread-7starting.
[21:49:34.599] [SEVERE ] updating countdown to 5000
[21:49:34.599] [INFO   ] Thread Thread-8starting.
[21:49:34.609] [INFO   ] Thread computer-0 starting.
[21:49:34.633] [INFO   ] Thread computer-2 starting.
[21:49:34.634] [INFO   ] Thread computer-1 starting.
[21:49:34.634] [INFO   ] Thread computer-3 starting.
[21:49:35.599] [SEVERE ] updating countdown to 5000
[21:49:35.617] [SEVERE ] setting player 3 score to 1
[21:49:35.617] [SEVERE ] setting player 3 freeze to 0
[21:49:35.617] [SEVERE ] setting player 3 freeze to 0
[21:49:35.617] [SEVERE ] player 3 placing token on slot 3
[21:49:35.618] [SEVERE ] player 3 placing token on slot 7
[21:49:35.618] [SEVERE ] player 3 placing token on slot 1
[21:49:35.700] [SEVERE ] placing card 66 in slot 0
[21:49:35.800] [SEVERE ] placing card 44 in slot 0
[21:49:35.900] [SEVERE ] placing card 29 in slot 0
[21:49:35.911] [SEVERE ] updating countdown to 5000
[21:49:35.921] [SEVERE ] setting player 4 score to 1
[21:49:35.921] [SEVERE ] setting player 4 freeze to 0
[21:49:35.922] [SEVERE ] setting player 4 freeze to 0
[21:49:35.923] [SEVERE ] player 4 placing token on slot 7
[21:49:35.923] [SEVERE ] player 4 placing token on slot 9
[21:49:35.925] [SEVERE ] player 4 placing token on slot 3
[21:49:36.011] [SEVERE ] placing card 37 in slot 0
[21:49:36.111] [SEVERE ] placing card 75 in slot 0
[21:49:36.212] [SEVERE ] placing card 18 in slot 0
[21:49:36.229] [SEVERE ] setting player 2 score to 1
[21:49:36.229] [SEVERE ] setting player 2 freeze to 0
[21:49:36.230] [SEVERE ] setting player 2 freeze to 0
[21:49:36.231] [SEVERE ] player 2 placing token on slot 11
[21:49:36.232] [SEVERE ] removing player 2 token from slot 11
[21:49:36.233] [SEVERE ] player 2 placing token on slot 10
[21:49:36.229] [SEVERE ] updating countdown to 5000
[21:49:36.234] [SEVERE ] removing player 2 token from slot 10
[21:49:36.234] [SEVERE ] player 2 placing token on slot 3
[21:49:36.235] [SEVERE ] player 2 placing token on slot 6
[21:49:36.237] [SEVERE ] player 2 placing token on slot 4
[21:49:36.336] [SEVERE ] placing card 70 in slot 0
[21:49:36.442] [SEVERE ] placing card 80 in slot 0
[21:49:36.552] [SEVERE ] placing card 67 in slot 0
[21:49:36.577] [SEVERE ] updating countdown to 5000
[21:49:36.580] [SEVERE ] setting player 1 score to 2
[21:49:36.580] [SEVERE ] setting player 1 freeze to 0
[21:49:36.581] [SEVERE ] setting player 1 freeze to 0
[21:49:36.581] [SEVERE ] player 1 placing token on slot 8
[21:49:36.582] [SEVERE ] player 1 placing token on slot 10
[21:49:36.582] [SEVERE ] player 1 placing token on slot 6
[21:49:36.677] [SEVERE ] placing card 49 in slot 0
[21:49:36.777] [SEVERE ] placing card 30 in slot 0
[21:49:36.878] [SEVERE ] placing card 77 in slot 0
[21:49:36.892] [SEVERE ] setting player 3 freeze to 0
[21:49:36.895] [SEVERE ] setting player 3 freeze to 0
[21:49:36.895] [SEVERE ] setting player 3 freeze to 0
[21:49:36.895] [SEVERE ] setting player 3 freeze to 0
[21:49:36.896] [SEVERE ] removing player 3 token from slot 7
[21:49:36.896] [SEVERE ] player 3 placing token on slot 4
[21:49:36.925] [SEVERE ] setting player 4 freeze to 0
[21:49:36.925] [SEVERE ] setting player 4 freeze to 0
[21:49:36.925] [SEVERE ] setting player 4 freeze to 0
[21:49:36.926] [SEVERE ] setting player 4 freeze to 0
[21:49:36.926] [SEVERE ] removing player 4 token from slot 7
[21:49:36.928] [SEVERE ] player 4 placing token on slot 4
[21:49:36.985] [SEVERE ] setting player 2 freeze to 0
[21:49:36.985] [SEVERE ] setting player 2 freeze to 0
[21:49:36.986] [SEVERE ] setting player 2 freeze to 0
[21:49:36.986] [SEVERE ] setting player 2 freeze to 0
[21:49:36.987] [SEVERE ] removing player 2 token from slot 6
[21:49:36.987] [SEVERE ] player 2 placing token on slot 8
[21:49:36.995] [SEVERE ] setting player 1 freeze to 0
[21:49:36.996] [SEVERE ] setting player 1 freeze to 0
[21:49:36.996] [SEVERE ] setting player 1 freeze to 0
[21:49:36.997] [SEVERE ] setting player 1 freeze to 0
[21:49:36.997] [SEVERE ] removing player 1 token from slot 8
[21:49:36.998] [SEVERE ] player 1 placing token on slot 2
[21:49:37.006] [SEVERE ] setting player 3 freeze to 0
[21:49:37.006] [SEVERE ] setting player 3 freeze to 0
[21:49:37.006] [SEVERE ] setting player 3 freeze to 0
[21:49:37.007] [SEVERE ] setting player 3 freeze to 0
[21:49:37.007] [SEVERE ] removing player 3 token from slot 3
[21:49:37.008] [SEVERE ] player 3 placing token on slot 6
[21:49:37.021] [SEVERE ] setting player 4 freeze to 0
[21:49:37.021] [SEVERE ] setting player 4 freeze to 0
[21:49:37.021] [SEVERE ] setting player 4 freeze to 0
[21:49:37.022] [SEVERE ] setting player 4 freeze to 0
[21:49:37.022] [SEVERE ] removing player 4 token from slot 9
[21:49:37.023] [SEVERE ] player 4 placing token on slot 7
[21:49:37.036] [SEVERE ] updating countdown to 5000
[21:49:37.036] [SEVERE ] setting player 2 score to 2
[21:49:37.037] [SEVERE ] setting player 2 freeze to 0
[21:49:37.037] [SEVERE ] setting player 2 freeze to 0
[21:49:37.038] [SEVERE ] removing player 2 token from slot 4
[21:49:37.038] [SEVERE ] player 2 placing token on slot 2
