[13:27:30.163] [INFO   ] thread main starting.
[13:27:30.171] [SEVERE ] cannot read configuration file config.properties trying from resources.
[13:27:30.172] [SEVERE ] configuration file was loaded from resources directory.
[13:27:30.561] [INFO   ] thread dealer starting.
[13:27:30.561] [INFO   ] Thread dealer starting.
[13:27:30.666] [SEVERE ] placing card 79 in slot 0
[13:27:30.768] [SEVERE ] placing card 67 in slot 1
[13:27:30.868] [SEVERE ] placing card 10 in slot 2
[13:27:30.969] [SEVERE ] placing card 53 in slot 3
[13:27:31.071] [SEVERE ] placing card 33 in slot 4
[13:27:31.172] [SEVERE ] placing card 43 in slot 5
[13:27:31.274] [SEVERE ] placing card 32 in slot 6
[13:27:31.375] [SEVERE ] placing card 26 in slot 7
[13:27:31.476] [SEVERE ] placing card 28 in slot 8
[13:27:31.577] [SEVERE ] placing card 14 in slot 9
[13:27:31.678] [SEVERE ] placing card 72 in slot 10
[13:27:31.779] [SEVERE ] placing card 30 in slot 11
[13:27:31.781] [INFO   ] Thread Thread-1starting.
[13:27:31.782] [INFO   ] Thread Thread-4starting.
[13:27:31.782] [INFO   ] Thread Thread-3starting.
[13:27:31.782] [SEVERE ] updating countdown to 5000
[13:27:31.781] [INFO   ] Thread Thread-2starting.
[13:27:31.785] [INFO   ] Thread computer-2 starting.
[13:27:31.785] [INFO   ] Thread computer-3 starting.
[13:27:31.785] [INFO   ] Thread computer-0 starting.
[13:27:31.788] [SEVERE ] player 3 placing token on slot 9
[13:27:31.790] [SEVERE ] player 1 placing token on slot 11
[13:27:31.792] [SEVERE ] player 1 placing token on slot 4
[13:27:31.793] [SEVERE ] player 4 placing token on slot 8
[13:27:31.794] [SEVERE ] player 1 placing token on slot 1
[13:27:31.796] [SEVERE ] player 3 placing token on slot 2
[13:27:31.798] [SEVERE ] setting player 1 freeze to 0
[13:27:31.794] [INFO   ] Thread computer-1 starting.
[13:27:31.799] [SEVERE ] setting player 1 freeze to 0
[13:27:31.801] [SEVERE ] setting player 1 freeze to 0
[13:27:31.802] [SEVERE ] setting player 1 freeze to 0
[13:27:31.798] [SEVERE ] player 4 placing token on slot 10
[13:27:31.805] [SEVERE ] removing player 1 token from slot 1
[13:27:31.806] [SEVERE ] player 1 placing token on slot 6
[13:27:31.807] [SEVERE ] removing player 3 token from slot 9
[13:27:31.808] [SEVERE ] player 3 placing token on slot 4
[13:27:31.809] [SEVERE ] player 2 placing token on slot 6
[13:27:31.810] [SEVERE ] player 3 placing token on slot 9
[13:27:31.810] [SEVERE ] player 4 placing token on slot 6
[13:27:31.811] [SEVERE ] player 2 placing token on slot 1
[13:27:31.811] [SEVERE ] player 2 placing token on slot 4
[13:27:31.815] [SEVERE ] setting player 1 freeze to 0
[13:27:31.816] [SEVERE ] setting player 1 freeze to 0
[13:27:31.816] [SEVERE ] setting player 1 freeze to 0
[13:27:31.817] [SEVERE ] setting player 1 freeze to 0
[13:27:31.817] [SEVERE ] removing player 1 token from slot 11
[13:27:31.818] [SEVERE ] player 1 placing token on slot 10
[13:27:31.826] [SEVERE ] setting player 3 freeze to 0
[13:27:31.826] [SEVERE ] setting player 3 freeze to 0
[13:27:31.826] [SEVERE ] setting player 3 freeze to 0
[13:27:31.827] [SEVERE ] setting player 3 freeze to 0
[13:27:31.827] [SEVERE ] removing player 3 token from slot 4
[13:27:31.827] [SEVERE ] removing player 3 token from slot 2
[13:27:31.827] [SEVERE ] player 3 placing token on slot 2
[13:27:31.828] [SEVERE ] removing player 3 token from slot 9
[13:27:31.829] [SEVERE ] player 3 placing token on slot 3
[13:27:31.829] [SEVERE ] player 3 placing token on slot 5
[13:27:31.836] [SEVERE ] setting player 4 freeze to 0
[13:27:31.836] [SEVERE ] setting player 4 freeze to 0
[13:27:31.837] [SEVERE ] setting player 4 freeze to 0
[13:27:31.837] [SEVERE ] setting player 4 freeze to 0
[13:27:31.838] [SEVERE ] removing player 4 token from slot 6
[13:27:31.839] [SEVERE ] player 4 placing token on slot 6
[13:27:31.857] [SEVERE ] setting player 1 freeze to 0
[13:27:31.847] [SEVERE ] setting player 2 freeze to 0
[13:27:31.859] [SEVERE ] setting player 1 freeze to 0
[13:27:31.859] [SEVERE ] setting player 2 freeze to 0
[13:27:31.860] [SEVERE ] setting player 1 freeze to 0
[13:27:31.860] [SEVERE ] setting player 2 freeze to 0
[13:27:31.861] [SEVERE ] setting player 1 freeze to 0
[13:27:31.861] [SEVERE ] setting player 2 freeze to 0
[13:27:31.862] [SEVERE ] removing player 1 token from slot 4
[13:27:31.863] [SEVERE ] removing player 2 token from slot 6
[13:27:31.863] [SEVERE ] player 1 placing token on slot 8
[13:27:31.863] [SEVERE ] player 2 placing token on slot 8
[13:27:31.867] [SEVERE ] setting player 3 freeze to 0
[13:27:31.868] [SEVERE ] setting player 3 freeze to 0
[13:27:31.868] [SEVERE ] setting player 3 freeze to 0
[13:27:31.868] [SEVERE ] setting player 3 freeze to 0
[13:27:31.869] [SEVERE ] removing player 3 token from slot 3
[13:27:31.869] [SEVERE ] player 3 placing token on slot 10
[13:27:31.878] [SEVERE ] setting player 4 freeze to 0
[13:27:31.879] [SEVERE ] setting player 4 freeze to 0
[13:27:31.879] [SEVERE ] setting player 4 freeze to 0
[13:27:31.880] [SEVERE ] setting player 4 freeze to 0
[13:27:31.880] [SEVERE ] removing player 4 token from slot 10
[13:27:31.881] [SEVERE ] removing player 4 token from slot 8
[13:27:31.881] [SEVERE ] player 4 placing token on slot 3
[13:27:31.882] [SEVERE ] player 4 placing token on slot 5
[13:27:31.889] [SEVERE ] setting player 1 freeze to 0
[13:27:31.889] [SEVERE ] setting player 1 freeze to 0
[13:27:31.890] [SEVERE ] setting player 1 freeze to 0
[13:27:31.890] [SEVERE ] setting player 1 freeze to 0
[13:27:31.891] [SEVERE ] removing player 1 token from slot 6
[13:27:31.891] [SEVERE ] player 1 placing token on slot 2
[13:27:31.899] [SEVERE ] setting player 2 freeze to 0
[13:27:31.900] [SEVERE ] setting player 2 freeze to 0
[13:27:31.900] [SEVERE ] setting player 2 freeze to 0
[13:27:31.900] [SEVERE ] setting player 2 freeze to 0
[13:27:31.901] [SEVERE ] removing player 2 token from slot 1
[13:27:31.901] [SEVERE ] player 2 placing token on slot 5
[13:27:31.910] [SEVERE ] setting player 3 freeze to 0
[13:27:31.910] [SEVERE ] setting player 3 freeze to 0
[13:27:31.911] [SEVERE ] setting player 3 freeze to 0
[13:27:31.911] [SEVERE ] setting player 3 freeze to 0
[13:27:31.911] [SEVERE ] removing player 3 token from slot 5
[13:27:31.912] [SEVERE ] player 3 placing token on slot 5
[13:27:31.920] [SEVERE ] setting player 4 freeze to 0
[13:27:31.920] [SEVERE ] setting player 4 freeze to 0
[13:27:31.921] [SEVERE ] setting player 4 freeze to 0
[13:27:31.921] [SEVERE ] setting player 4 freeze to 0
[13:27:31.922] [SEVERE ] removing player 4 token from slot 3
[13:27:31.923] [SEVERE ] player 4 placing token on slot 7
[13:27:31.930] [SEVERE ] setting player 1 freeze to 0
[13:27:31.931] [SEVERE ] setting player 1 freeze to 0
[13:27:31.931] [SEVERE ] setting player 1 freeze to 0
[13:27:31.932] [SEVERE ] setting player 1 freeze to 0
[13:27:31.932] [SEVERE ] removing player 1 token from slot 10
[13:27:31.932] [SEVERE ] player 1 placing token on slot 1
[13:27:31.941] [SEVERE ] setting player 2 freeze to 0
[13:27:31.941] [SEVERE ] setting player 2 freeze to 0
[13:27:31.942] [SEVERE ] setting player 2 freeze to 0
[13:27:31.942] [SEVERE ] setting player 2 freeze to 0
[13:27:31.943] [SEVERE ] removing player 2 token from slot 5
[13:27:31.943] [SEVERE ] player 2 placing token on slot 10
[13:27:31.951] [SEVERE ] setting player 3 freeze to 0
[13:27:31.951] [SEVERE ] setting player 3 freeze to 0
[13:27:31.952] [SEVERE ] setting player 3 freeze to 0
[13:27:31.952] [SEVERE ] setting player 3 freeze to 0
[13:27:31.953] [SEVERE ] removing player 3 token from slot 2
[13:27:31.953] [SEVERE ] player 3 placing token on slot 2
[13:27:31.962] [SEVERE ] setting player 4 freeze to 0
[13:27:31.962] [SEVERE ] setting player 4 freeze to 0
[13:27:31.963] [SEVERE ] setting player 4 freeze to 0
[13:27:31.993] [SEVERE ] setting player 3 freeze to 0
[13:27:31.983] [SEVERE ] setting player 2 freeze to 0
[13:27:31.972] [SEVERE ] setting player 1 freeze to 0
[13:27:32.176] [SEVERE ] setting player 2 freeze to 0
[13:27:32.175] [SEVERE ] setting player 3 freeze to 0
[13:27:32.175] [SEVERE ] setting player 4 freeze to 0
[13:27:32.177] [SEVERE ] setting player 3 freeze to 0
[13:27:32.176] [SEVERE ] setting player 2 freeze to 0
[13:27:32.176] [SEVERE ] setting player 1 freeze to 0
[13:27:32.178] [SEVERE ] setting player 2 freeze to 0
[13:27:32.178] [SEVERE ] setting player 3 freeze to 0
[13:27:32.177] [SEVERE ] removing player 4 token from slot 5
[13:27:32.179] [SEVERE ] setting player 1 freeze to 0
[13:27:32.180] [SEVERE ] removing player 2 token from slot 4
[13:27:32.180] [SEVERE ] setting player 1 freeze to 0
[13:27:32.181] [SEVERE ] player 4 placing token on slot 10
[13:27:32.182] [SEVERE ] removing player 1 token from slot 1
[13:27:32.182] [SEVERE ] player 2 placing token on slot 1
[13:27:32.183] [SEVERE ] player 1 placing token on slot 3
[13:27:32.190] [SEVERE ] setting player 4 freeze to 0
[13:27:32.190] [SEVERE ] setting player 4 freeze to 0
[13:27:32.190] [SEVERE ] setting player 4 freeze to 0
[13:27:32.191] [SEVERE ] setting player 4 freeze to 0
[13:27:32.191] [SEVERE ] removing player 4 token from slot 6
[13:27:32.192] [SEVERE ] player 4 placing token on slot 6
[13:27:32.200] [SEVERE ] setting player 1 freeze to 0
[13:27:32.200] [SEVERE ] setting player 1 freeze to 0
[13:27:32.200] [SEVERE ] setting player 1 freeze to 0
[13:27:32.201] [SEVERE ] setting player 1 freeze to 0
[13:27:32.201] [SEVERE ] removing player 1 token from slot 2
[13:27:32.202] [SEVERE ] player 1 placing token on slot 7
[13:27:32.210] [SEVERE ] setting player 2 freeze to 0
[13:27:32.210] [SEVERE ] setting player 2 freeze to 0
[13:27:32.211] [SEVERE ] setting player 2 freeze to 0
[13:27:32.211] [SEVERE ] setting player 2 freeze to 0
[13:27:32.212] [SEVERE ] removing player 2 token from slot 1
[13:27:32.212] [SEVERE ] player 2 placing token on slot 1
[13:27:32.220] [SEVERE ] setting player 4 freeze to 0
[13:27:32.221] [SEVERE ] setting player 4 freeze to 0
[13:27:32.221] [SEVERE ] setting player 4 freeze to 0
[13:27:32.222] [SEVERE ] setting player 4 freeze to 0
[13:27:32.222] [SEVERE ] removing player 4 token from slot 7
[13:27:32.223] [SEVERE ] player 4 placing token on slot 11
[13:27:32.231] [SEVERE ] setting player 1 freeze to 0
[13:27:32.231] [SEVERE ] setting player 1 freeze to 0
[13:27:32.231] [SEVERE ] setting player 1 freeze to 0
[13:27:32.232] [SEVERE ] setting player 1 freeze to 0
[13:27:32.232] [SEVERE ] removing player 1 token from slot 8
[13:27:32.233] [SEVERE ] player 1 placing token on slot 9
[13:27:32.241] [SEVERE ] setting player 2 freeze to 0
[13:27:32.246] [SEVERE ] setting player 2 freeze to 0
[13:27:32.247] [SEVERE ] setting player 2 freeze to 0
[13:27:32.247] [SEVERE ] setting player 2 freeze to 0
[13:27:32.248] [SEVERE ] removing player 2 token from slot 8
[13:27:32.248] [SEVERE ] player 2 placing token on slot 3
[13:27:32.251] [SEVERE ] setting player 4 freeze to 0
[13:27:32.251] [SEVERE ] setting player 4 freeze to 0
[13:27:32.252] [SEVERE ] setting player 4 freeze to 0
[13:27:32.252] [SEVERE ] setting player 4 freeze to 0
[13:27:32.253] [SEVERE ] removing player 4 token from slot 6
[13:27:32.253] [SEVERE ] player 4 placing token on slot 3
[13:27:32.262] [SEVERE ] setting player 1 freeze to 0
[13:27:32.262] [SEVERE ] setting player 1 freeze to 0
[13:27:32.262] [SEVERE ] setting player 1 freeze to 0
[13:27:32.263] [SEVERE ] setting player 1 freeze to 0
[13:27:32.263] [SEVERE ] removing player 1 token from slot 7
[13:27:32.263] [SEVERE ] player 1 placing token on slot 4
[13:27:32.272] [SEVERE ] setting player 2 freeze to 0
[13:27:32.272] [SEVERE ] setting player 2 freeze to 0
[13:27:32.272] [SEVERE ] setting player 2 freeze to 0
[13:27:32.273] [SEVERE ] setting player 2 freeze to 0
[13:27:32.273] [SEVERE ] removing player 2 token from slot 10
[13:27:32.274] [SEVERE ] player 2 placing token on slot 7
[13:27:32.282] [SEVERE ] setting player 4 freeze to 0
[13:27:32.282] [SEVERE ] setting player 4 freeze to 0
[13:27:32.283] [SEVERE ] setting player 4 freeze to 0
[13:27:32.283] [SEVERE ] setting player 4 freeze to 0
[13:27:32.283] [SEVERE ] removing player 4 token from slot 3
[13:27:32.284] [SEVERE ] player 4 placing token on slot 9
[13:27:32.292] [SEVERE ] setting player 1 freeze to 0
[13:27:32.292] [SEVERE ] setting player 1 freeze to 0
[13:27:32.293] [SEVERE ] setting player 1 freeze to 0
[13:27:32.293] [SEVERE ] setting player 1 freeze to 0
[13:27:32.293] [SEVERE ] removing player 1 token from slot 9
[13:27:32.293] [SEVERE ] player 1 placing token on slot 8
[13:27:32.303] [SEVERE ] setting player 2 freeze to 0
[13:27:32.303] [SEVERE ] setting player 2 freeze to 0
[13:27:32.303] [SEVERE ] setting player 2 freeze to 0
[13:27:32.303] [SEVERE ] setting player 2 freeze to 0
[13:27:32.304] [SEVERE ] removing player 2 token from slot 7
[13:27:32.304] [SEVERE ] player 2 placing token on slot 2
[13:27:32.313] [SEVERE ] setting player 4 freeze to 0
[13:27:32.313] [SEVERE ] setting player 4 freeze to 0
[13:27:32.313] [SEVERE ] setting player 4 freeze to 0
[13:27:32.314] [SEVERE ] setting player 4 freeze to 0
[13:27:32.314] [SEVERE ] removing player 4 token from slot 11
[13:27:32.315] [SEVERE ] player 4 placing token on slot 4
[13:27:32.323] [SEVERE ] setting player 1 freeze to 0
[13:27:32.323] [SEVERE ] setting player 1 freeze to 0
[13:27:32.323] [SEVERE ] setting player 1 freeze to 0
[13:27:32.324] [SEVERE ] setting player 1 freeze to 0
[13:27:32.324] [SEVERE ] removing player 1 token from slot 4
[13:27:32.325] [SEVERE ] player 1 placing token on slot 7
[13:27:32.333] [SEVERE ] setting player 2 freeze to 0
[13:27:32.333] [SEVERE ] setting player 2 freeze to 0
[13:27:32.334] [SEVERE ] setting player 2 freeze to 0
[13:27:32.334] [SEVERE ] setting player 2 freeze to 0
[13:27:32.334] [SEVERE ] removing player 2 token from slot 2
[13:27:32.335] [SEVERE ] player 2 placing token on slot 6
[13:27:32.343] [SEVERE ] setting player 4 freeze to 0
[13:27:32.344] [SEVERE ] setting player 4 freeze to 0
[13:27:32.344] [SEVERE ] setting player 4 freeze to 0
[13:27:32.344] [SEVERE ] setting player 4 freeze to 0
[13:27:32.345] [SEVERE ] removing player 4 token from slot 10
[13:27:32.345] [SEVERE ] player 4 placing token on slot 8
[13:27:32.354] [SEVERE ] setting player 1 freeze to 0
[13:27:32.354] [SEVERE ] setting player 1 freeze to 0
[13:27:32.354] [SEVERE ] setting player 1 freeze to 0
[13:27:32.355] [SEVERE ] setting player 1 freeze to 0
[13:27:32.355] [SEVERE ] removing player 1 token from slot 3
[13:27:32.356] [SEVERE ] player 1 placing token on slot 2
[13:27:32.364] [SEVERE ] setting player 2 freeze to 0
[13:27:32.364] [SEVERE ] setting player 2 freeze to 0
[13:27:32.364] [SEVERE ] setting player 2 freeze to 0
[13:27:32.365] [SEVERE ] setting player 2 freeze to 0
[13:27:32.365] [SEVERE ] removing player 2 token from slot 6
[13:27:32.366] [SEVERE ] player 2 placing token on slot 6
[13:27:32.374] [SEVERE ] setting player 4 freeze to 0
[13:27:32.374] [SEVERE ] setting player 4 freeze to 0
[13:27:32.375] [SEVERE ] setting player 4 freeze to 0
[13:27:32.375] [SEVERE ] setting player 4 freeze to 0
[13:27:32.376] [SEVERE ] removing player 4 token from slot 4
[13:27:32.376] [SEVERE ] removing player 4 token from slot 8
[13:27:32.376] [SEVERE ] player 4 placing token on slot 4
[13:27:32.377] [SEVERE ] player 4 placing token on slot 8
[13:27:32.384] [SEVERE ] setting player 1 freeze to 0
[13:27:32.384] [SEVERE ] setting player 1 freeze to 0
[13:27:32.385] [SEVERE ] setting player 1 freeze to 0
[13:27:32.385] [SEVERE ] setting player 1 freeze to 0
[13:27:32.386] [SEVERE ] removing player 1 token from slot 7
[13:27:32.386] [SEVERE ] player 1 placing token on slot 7
[13:27:32.395] [SEVERE ] setting player 2 freeze to 0
[13:27:32.395] [SEVERE ] setting player 2 freeze to 0
[13:27:32.395] [SEVERE ] setting player 2 freeze to 0
[13:27:32.396] [SEVERE ] setting player 2 freeze to 0
[13:27:32.396] [SEVERE ] removing player 2 token from slot 3
[13:27:32.397] [SEVERE ] player 2 placing token on slot 5
[13:27:32.405] [SEVERE ] setting player 4 freeze to 0
[13:27:32.405] [SEVERE ] setting player 4 freeze to 0
[13:27:32.405] [SEVERE ] setting player 4 freeze to 0
[13:27:32.406] [SEVERE ] setting player 4 freeze to 0
[13:27:32.406] [SEVERE ] removing player 4 token from slot 8
[13:27:32.407] [SEVERE ] player 4 placing token on slot 3
[13:27:32.415] [SEVERE ] setting player 1 freeze to 0
[13:27:32.415] [SEVERE ] setting player 1 freeze to 0
[13:27:32.416] [SEVERE ] setting player 1 freeze to 0
[13:27:32.416] [SEVERE ] setting player 1 freeze to 0
[13:27:32.417] [SEVERE ] removing player 1 token from slot 8
[13:27:32.417] [SEVERE ] player 1 placing token on slot 10
[13:27:32.425] [SEVERE ] setting player 2 freeze to 0
[13:27:32.425] [SEVERE ] setting player 2 freeze to 0
[13:27:32.426] [SEVERE ] setting player 2 freeze to 0
[13:27:32.426] [SEVERE ] setting player 2 freeze to 0
[13:27:32.427] [SEVERE ] removing player 2 token from slot 5
[13:27:32.427] [SEVERE ] player 2 placing token on slot 4
[13:27:32.435] [SEVERE ] setting player 4 freeze to 0
[13:27:32.436] [SEVERE ] setting player 4 freeze to 0
[13:27:32.436] [SEVERE ] setting player 4 freeze to 0
[13:27:32.436] [SEVERE ] setting player 4 freeze to 0
[13:27:32.437] [SEVERE ] removing player 4 token from slot 9
[13:27:32.437] [SEVERE ] removing player 4 token from slot 4
[13:27:32.438] [SEVERE ] player 4 placing token on slot 6
[13:27:32.438] [SEVERE ] player 4 placing token on slot 4
[13:27:32.446] [SEVERE ] setting player 1 freeze to 0
[13:27:32.446] [SEVERE ] setting player 1 freeze to 0
[13:27:32.446] [SEVERE ] setting player 1 freeze to 0
[13:27:32.447] [SEVERE ] setting player 1 freeze to 0
[13:27:32.447] [SEVERE ] removing player 1 token from slot 10
[13:27:32.447] [SEVERE ] player 1 placing token on slot 11
[13:27:32.456] [SEVERE ] setting player 2 freeze to 0
[13:27:32.456] [SEVERE ] setting player 2 freeze to 0
[13:27:32.456] [SEVERE ] setting player 2 freeze to 0
[13:27:32.457] [SEVERE ] setting player 2 freeze to 0
[13:27:32.457] [SEVERE ] removing player 2 token from slot 6
[13:27:32.458] [SEVERE ] player 2 placing token on slot 7
[13:27:32.466] [SEVERE ] setting player 4 freeze to 0
[13:27:32.466] [SEVERE ] setting player 4 freeze to 0
[13:27:32.467] [SEVERE ] setting player 4 freeze to 0
[13:27:32.467] [SEVERE ] setting player 4 freeze to 0
[13:27:32.476] [SEVERE ] setting player 1 freeze to 0
[13:27:32.482] [SEVERE ] removing player 4 token from slot 4
[13:27:32.483] [SEVERE ] setting player 1 freeze to 0
[13:27:32.483] [SEVERE ] player 4 placing token on slot 2
[13:27:32.484] [SEVERE ] setting player 1 freeze to 0
[13:27:32.484] [SEVERE ] setting player 1 freeze to 0
[13:27:32.485] [SEVERE ] removing player 1 token from slot 7
[13:27:32.485] [SEVERE ] player 1 placing token on slot 6
[13:27:32.487] [SEVERE ] setting player 2 freeze to 0
[13:27:32.487] [SEVERE ] setting player 2 freeze to 0
[13:27:32.487] [SEVERE ] setting player 2 freeze to 0
[13:27:32.488] [SEVERE ] setting player 2 freeze to 0
[13:27:32.488] [SEVERE ] removing player 2 token from slot 4
[13:27:32.497] [SEVERE ] setting player 4 freeze to 0
[13:27:32.503] [SEVERE ] player 2 placing token on slot 6
[13:27:32.503] [SEVERE ] setting player 4 freeze to 0
[13:27:32.504] [SEVERE ] setting player 4 freeze to 0
[13:27:32.504] [SEVERE ] setting player 4 freeze to 0
[13:27:32.505] [SEVERE ] removing player 4 token from slot 3
[13:27:32.505] [SEVERE ] player 4 placing token on slot 8
[13:27:32.507] [SEVERE ] setting player 1 freeze to 0
[13:27:32.507] [SEVERE ] setting player 1 freeze to 0
[13:27:32.508] [SEVERE ] setting player 1 freeze to 0
[13:27:32.508] [SEVERE ] setting player 1 freeze to 0
[13:27:32.509] [SEVERE ] removing player 1 token from slot 6
[13:27:32.509] [SEVERE ] player 1 placing token on slot 7
[13:27:32.517] [SEVERE ] setting player 2 freeze to 0
[13:27:32.517] [SEVERE ] setting player 2 freeze to 0
[13:27:32.518] [SEVERE ] setting player 2 freeze to 0
[13:27:32.518] [SEVERE ] setting player 2 freeze to 0
[13:27:32.538] [SEVERE ] setting player 1 freeze to 0
[13:27:32.528] [SEVERE ] setting player 4 freeze to 0
[13:27:32.539] [SEVERE ] setting player 1 freeze to 0
[13:27:32.538] [SEVERE ] removing player 2 token from slot 6
[13:27:32.540] [SEVERE ] setting player 1 freeze to 0
[13:27:32.539] [SEVERE ] setting player 4 freeze to 0
[13:27:32.541] [SEVERE ] setting player 1 freeze to 0
[13:27:32.540] [SEVERE ] player 2 placing token on slot 6
[13:27:32.541] [SEVERE ] setting player 4 freeze to 0
[13:27:32.542] [SEVERE ] removing player 1 token from slot 11
[13:27:32.542] [SEVERE ] setting player 4 freeze to 0
[13:27:32.543] [SEVERE ] player 1 placing token on slot 11
[13:27:32.544] [SEVERE ] removing player 4 token from slot 6
[13:27:32.544] [SEVERE ] player 4 placing token on slot 9
[13:27:32.548] [SEVERE ] setting player 2 freeze to 0
[13:27:32.548] [SEVERE ] setting player 2 freeze to 0
[13:27:32.549] [SEVERE ] setting player 2 freeze to 0
[13:27:32.549] [SEVERE ] setting player 2 freeze to 0
[13:27:32.549] [SEVERE ] removing player 2 token from slot 1
[13:27:32.550] [SEVERE ] player 2 placing token on slot 8
[13:27:32.558] [SEVERE ] setting player 1 freeze to 0
[13:27:32.559] [SEVERE ] setting player 1 freeze to 0
[13:27:32.559] [SEVERE ] setting player 1 freeze to 0
[13:27:32.559] [SEVERE ] setting player 1 freeze to 0
[13:27:32.560] [SEVERE ] removing player 1 token from slot 11
[13:27:32.560] [SEVERE ] player 1 placing token on slot 10
[13:27:32.569] [SEVERE ] setting player 4 freeze to 0
[13:27:32.569] [SEVERE ] setting player 4 freeze to 0
[13:27:32.569] [SEVERE ] setting player 4 freeze to 0
[13:27:32.570] [SEVERE ] setting player 4 freeze to 0
[13:27:32.570] [SEVERE ] removing player 4 token from slot 2
[13:27:32.571] [SEVERE ] player 4 placing token on slot 7
[13:27:32.579] [SEVERE ] setting player 2 freeze to 0
[13:27:32.579] [SEVERE ] setting player 2 freeze to 0
[13:27:32.580] [SEVERE ] setting player 2 freeze to 0
[13:27:32.580] [SEVERE ] setting player 2 freeze to 0
[13:27:32.580] [SEVERE ] removing player 2 token from slot 8
[13:27:32.581] [SEVERE ] player 2 placing token on slot 11
[13:27:32.589] [SEVERE ] setting player 1 freeze to 0
[13:27:32.589] [SEVERE ] setting player 1 freeze to 0
[13:27:32.599] [SEVERE ] setting player 4 freeze to 0
[13:27:32.606] [SEVERE ] setting player 1 freeze to 0
[13:27:32.607] [SEVERE ] setting player 4 freeze to 0
[13:27:32.607] [SEVERE ] setting player 1 freeze to 0
[13:27:32.608] [SEVERE ] setting player 4 freeze to 0
[13:27:32.608] [SEVERE ] removing player 1 token from slot 7
[13:27:32.609] [SEVERE ] setting player 4 freeze to 0
[13:27:32.609] [SEVERE ] removing player 1 token from slot 2
[13:27:32.610] [SEVERE ] setting player 2 freeze to 0
[13:27:32.610] [SEVERE ] removing player 4 token from slot 9
[13:27:32.611] [SEVERE ] player 1 placing token on slot 8
[13:27:32.611] [SEVERE ] player 4 placing token on slot 3
[13:27:32.612] [SEVERE ] player 1 placing token on slot 3
[13:27:32.613] [SEVERE ] setting player 2 freeze to 0
[13:27:32.613] [SEVERE ] setting player 2 freeze to 0
[13:27:32.613] [SEVERE ] setting player 2 freeze to 0
[13:27:32.614] [SEVERE ] removing player 2 token from slot 6
[13:27:32.614] [SEVERE ] removing player 2 token from slot 11
[13:27:32.615] [SEVERE ] player 2 placing token on slot 6
[13:27:32.615] [SEVERE ] player 2 placing token on slot 9
[13:27:32.620] [SEVERE ] setting player 4 freeze to 0
[13:27:32.620] [SEVERE ] setting player 4 freeze to 0
[13:27:32.620] [SEVERE ] setting player 4 freeze to 0
[13:27:32.621] [SEVERE ] setting player 4 freeze to 0
[13:27:32.622] [SEVERE ] removing player 4 token from slot 3
[13:27:32.622] [SEVERE ] removing player 4 token from slot 7
[13:27:32.623] [SEVERE ] player 4 placing token on slot 7
[13:27:32.623] [SEVERE ] removing player 4 token from slot 8
[13:27:32.624] [SEVERE ] player 4 placing token on slot 5
[13:27:32.625] [SEVERE ] player 4 placing token on slot 8
[13:27:32.630] [SEVERE ] setting player 1 freeze to 0
[13:27:32.630] [SEVERE ] setting player 1 freeze to 0
[13:27:32.631] [SEVERE ] setting player 1 freeze to 0
[13:27:32.631] [SEVERE ] setting player 1 freeze to 0
[13:27:32.632] [SEVERE ] removing player 1 token from slot 3
[13:27:32.632] [SEVERE ] player 1 placing token on slot 5
[13:27:32.640] [SEVERE ] setting player 2 freeze to 0
[13:27:32.640] [SEVERE ] setting player 2 freeze to 0
[13:27:32.641] [SEVERE ] setting player 2 freeze to 0
[13:27:32.642] [SEVERE ] setting player 2 freeze to 0
[13:27:32.642] [SEVERE ] removing player 2 token from slot 9
[13:27:32.643] [SEVERE ] player 2 placing token on slot 1
[13:27:32.650] [SEVERE ] setting player 4 freeze to 0
[13:27:32.651] [SEVERE ] setting player 4 freeze to 0
[13:27:32.651] [SEVERE ] setting player 4 freeze to 0
[13:27:32.651] [SEVERE ] setting player 4 freeze to 0
[13:27:32.652] [SEVERE ] removing player 4 token from slot 8
[13:27:32.652] [SEVERE ] player 4 placing token on slot 8
[13:27:32.661] [SEVERE ] setting player 1 freeze to 0
[13:27:32.661] [SEVERE ] setting player 1 freeze to 0
[13:27:32.661] [SEVERE ] setting player 1 freeze to 0
[13:27:32.662] [SEVERE ] setting player 1 freeze to 0
[13:27:32.662] [SEVERE ] removing player 1 token from slot 10
[13:27:32.662] [SEVERE ] player 1 placing token on slot 7
[13:27:32.671] [SEVERE ] setting player 2 freeze to 0
[13:27:32.671] [SEVERE ] setting player 2 freeze to 0
[13:27:32.671] [SEVERE ] setting player 2 freeze to 0
[13:27:32.672] [SEVERE ] setting player 2 freeze to 0
[13:27:32.672] [SEVERE ] removing player 2 token from slot 7
[13:27:32.673] [SEVERE ] player 2 placing token on slot 2
[13:27:32.681] [SEVERE ] setting player 4 freeze to 0
[13:27:32.681] [SEVERE ] setting player 4 freeze to 0
[13:27:32.682] [SEVERE ] setting player 4 freeze to 0
[13:27:32.682] [SEVERE ] setting player 4 freeze to 0
[13:27:32.682] [SEVERE ] removing player 4 token from slot 5
[13:27:32.683] [SEVERE ] player 4 placing token on slot 4
[13:27:32.691] [SEVERE ] setting player 1 freeze to 0
[13:27:32.691] [SEVERE ] setting player 1 freeze to 0
[13:27:32.692] [SEVERE ] setting player 1 freeze to 0
[13:27:32.692] [SEVERE ] setting player 1 freeze to 0
[13:27:32.693] [SEVERE ] removing player 1 token from slot 8
[13:27:32.701] [SEVERE ] setting player 2 freeze to 0
[13:27:32.710] [SEVERE ] player 1 placing token on slot 9
[13:27:32.711] [SEVERE ] setting player 2 freeze to 0
[13:27:32.712] [SEVERE ] setting player 4 freeze to 0
[13:27:32.712] [SEVERE ] setting player 2 freeze to 0
[13:27:32.712] [SEVERE ] setting player 4 freeze to 0
[13:27:32.713] [SEVERE ] setting player 2 freeze to 0
[13:27:32.713] [SEVERE ] setting player 4 freeze to 0
[13:27:32.713] [SEVERE ] removing player 2 token from slot 2
[13:27:32.714] [SEVERE ] setting player 4 freeze to 0
[13:27:32.714] [SEVERE ] removing player 2 token from slot 6
[13:27:32.715] [SEVERE ] removing player 4 token from slot 4
[13:27:32.715] [SEVERE ] player 2 placing token on slot 9
[13:27:32.716] [SEVERE ] player 4 placing token on slot 5
[13:27:32.716] [SEVERE ] player 2 placing token on slot 6
[13:27:32.722] [SEVERE ] setting player 1 freeze to 0
[13:27:32.722] [SEVERE ] setting player 1 freeze to 0
[13:27:32.722] [SEVERE ] setting player 1 freeze to 0
[13:27:32.723] [SEVERE ] setting player 1 freeze to 0
[13:27:32.723] [SEVERE ] removing player 1 token from slot 5
[13:27:32.724] [SEVERE ] player 1 placing token on slot 11
[13:27:32.732] [SEVERE ] setting player 4 freeze to 0
[13:27:32.732] [SEVERE ] setting player 4 freeze to 0
[13:27:32.732] [SEVERE ] setting player 4 freeze to 0
[13:27:32.733] [SEVERE ] setting player 4 freeze to 0
[13:27:32.733] [SEVERE ] removing player 4 token from slot 8
[13:27:32.734] [SEVERE ] player 4 placing token on slot 4
[13:27:32.742] [SEVERE ] setting player 2 freeze to 0
[13:27:32.742] [SEVERE ] setting player 2 freeze to 0
[13:27:32.743] [SEVERE ] setting player 2 freeze to 0
[13:27:32.743] [SEVERE ] setting player 2 freeze to 0
[13:27:32.744] [SEVERE ] removing player 2 token from slot 6
[13:27:32.744] [SEVERE ] player 2 placing token on slot 3
[13:27:32.752] [SEVERE ] setting player 1 freeze to 0
[13:27:32.752] [SEVERE ] setting player 1 freeze to 0
[13:27:32.753] [SEVERE ] setting player 1 freeze to 0
[13:27:32.753] [SEVERE ] setting player 1 freeze to 0
[13:27:32.754] [SEVERE ] removing player 1 token from slot 11
[13:27:32.754] [SEVERE ] player 1 placing token on slot 4
[13:27:32.762] [SEVERE ] setting player 4 freeze to 0
[13:27:32.763] [SEVERE ] setting player 4 freeze to 0
[13:27:32.763] [SEVERE ] setting player 4 freeze to 0
[13:27:32.764] [SEVERE ] setting player 4 freeze to 0
[13:27:32.764] [SEVERE ] removing player 4 token from slot 7
[13:27:32.765] [SEVERE ] removing player 4 token from slot 4
[13:27:32.765] [SEVERE ] player 4 placing token on slot 1
[13:27:32.765] [SEVERE ] player 4 placing token on slot 6
[13:27:32.773] [SEVERE ] setting player 2 freeze to 0
[13:27:32.773] [SEVERE ] setting player 2 freeze to 0
[13:27:32.773] [SEVERE ] setting player 2 freeze to 0
[13:27:32.774] [SEVERE ] setting player 2 freeze to 0
[13:27:32.774] [SEVERE ] removing player 2 token from slot 3
[13:27:32.775] [SEVERE ] player 2 placing token on slot 8
[13:27:32.783] [SEVERE ] setting player 1 freeze to 0
[13:27:32.783] [SEVERE ] setting player 1 freeze to 0
[13:27:32.783] [SEVERE ] setting player 1 freeze to 0
[13:27:32.784] [SEVERE ] setting player 1 freeze to 0
[13:27:32.784] [SEVERE ] removing player 1 token from slot 9
[13:27:32.785] [SEVERE ] player 1 placing token on slot 2
[13:27:32.793] [SEVERE ] setting player 4 freeze to 0
[13:27:32.793] [SEVERE ] setting player 4 freeze to 0
[13:27:32.794] [SEVERE ] setting player 4 freeze to 0
[13:27:32.794] [SEVERE ] setting player 4 freeze to 0
[13:27:32.794] [SEVERE ] removing player 4 token from slot 5
[13:27:32.795] [SEVERE ] player 4 placing token on slot 10
[13:27:32.803] [SEVERE ] setting player 2 freeze to 0
[13:27:32.803] [SEVERE ] setting player 2 freeze to 0
[13:27:32.804] [SEVERE ] setting player 2 freeze to 0
[13:27:32.804] [SEVERE ] setting player 2 freeze to 0
[13:27:32.805] [SEVERE ] removing player 2 token from slot 1
[13:27:32.805] [SEVERE ] player 2 placing token on slot 10
[13:27:32.813] [SEVERE ] setting player 1 freeze to 0
[13:27:32.814] [SEVERE ] setting player 1 freeze to 0
[13:27:32.814] [SEVERE ] setting player 1 freeze to 0
[13:27:32.814] [SEVERE ] setting player 1 freeze to 0
[13:27:32.815] [SEVERE ] removing player 1 token from slot 2
[13:27:32.815] [SEVERE ] player 1 placing token on slot 11
[13:27:32.824] [SEVERE ] setting player 4 freeze to 0
[13:27:32.824] [SEVERE ] setting player 4 freeze to 0
[13:27:32.824] [SEVERE ] setting player 4 freeze to 0
[13:27:32.825] [SEVERE ] setting player 4 freeze to 0
[13:27:32.825] [SEVERE ] removing player 4 token from slot 10
[13:27:32.826] [SEVERE ] player 4 placing token on slot 9
[13:27:32.834] [SEVERE ] setting player 2 freeze to 0
[13:27:32.834] [SEVERE ] setting player 2 freeze to 0
[13:27:32.835] [SEVERE ] setting player 2 freeze to 0
[13:27:32.835] [SEVERE ] setting player 2 freeze to 0
[13:27:32.835] [SEVERE ] removing player 2 token from slot 8
[13:27:32.836] [SEVERE ] player 2 placing token on slot 4
[13:27:32.844] [SEVERE ] setting player 1 freeze to 0
[13:27:32.844] [SEVERE ] setting player 1 freeze to 0
[13:27:32.845] [SEVERE ] setting player 1 freeze to 0
[13:27:32.845] [SEVERE ] setting player 1 freeze to 0
[13:27:32.846] [SEVERE ] removing player 1 token from slot 11
[13:27:32.846] [SEVERE ] player 1 placing token on slot 8
[13:27:32.854] [SEVERE ] setting player 4 freeze to 0
[13:27:32.854] [SEVERE ] setting player 4 freeze to 0
[13:27:32.855] [SEVERE ] setting player 4 freeze to 0
[13:27:32.865] [SEVERE ] setting player 2 freeze to 0
[13:27:32.870] [SEVERE ] setting player 4 freeze to 0
[13:27:32.871] [SEVERE ] setting player 2 freeze to 0
[13:27:32.871] [SEVERE ] removing player 4 token from slot 1
[13:27:32.872] [SEVERE ] setting player 2 freeze to 0
[13:27:32.872] [SEVERE ] player 4 placing token on slot 4
[13:27:32.873] [SEVERE ] setting player 2 freeze to 0
[13:27:32.873] [SEVERE ] removing player 2 token from slot 9
[13:27:32.874] [SEVERE ] player 2 placing token on slot 1
[13:27:32.875] [SEVERE ] setting player 1 freeze to 0
[13:27:32.875] [SEVERE ] setting player 1 freeze to 0
[13:27:32.875] [SEVERE ] setting player 1 freeze to 0
[13:27:32.876] [SEVERE ] setting player 1 freeze to 0
[13:27:32.876] [SEVERE ] removing player 1 token from slot 7
[13:27:32.877] [SEVERE ] player 1 placing token on slot 9
[13:27:32.885] [SEVERE ] setting player 4 freeze to 0
[13:27:32.885] [SEVERE ] setting player 4 freeze to 0
[13:27:32.885] [SEVERE ] setting player 4 freeze to 0
[13:27:32.886] [SEVERE ] setting player 4 freeze to 0
[13:27:32.886] [SEVERE ] removing player 4 token from slot 9
[13:27:32.887] [SEVERE ] player 4 placing token on slot 2
[13:27:32.895] [SEVERE ] setting player 2 freeze to 0
[13:27:32.895] [SEVERE ] setting player 2 freeze to 0
[13:27:32.896] [SEVERE ] setting player 2 freeze to 0
[13:27:32.896] [SEVERE ] setting player 2 freeze to 0
[13:27:32.896] [SEVERE ] removing player 2 token from slot 4
[13:27:32.897] [SEVERE ] player 2 placing token on slot 3
[13:27:32.905] [SEVERE ] setting player 1 freeze to 0
[13:27:32.905] [SEVERE ] setting player 1 freeze to 0
[13:27:32.906] [SEVERE ] setting player 1 freeze to 0
[13:27:32.906] [SEVERE ] setting player 1 freeze to 0
[13:27:32.907] [SEVERE ] removing player 1 token from slot 9
[13:27:32.907] [SEVERE ] player 1 placing token on slot 3
[13:27:32.916] [SEVERE ] setting player 4 freeze to 0
[13:27:32.916] [SEVERE ] setting player 4 freeze to 0
[13:27:32.916] [SEVERE ] setting player 4 freeze to 0
[13:27:32.916] [SEVERE ] setting player 4 freeze to 0
[13:27:32.917] [SEVERE ] removing player 4 token from slot 4
[13:27:32.917] [SEVERE ] player 4 placing token on slot 3
[13:27:32.926] [SEVERE ] setting player 2 freeze to 0
[13:27:32.926] [SEVERE ] setting player 2 freeze to 0
[13:27:32.926] [SEVERE ] setting player 2 freeze to 0
[13:27:32.927] [SEVERE ] setting player 2 freeze to 0
[13:27:32.927] [SEVERE ] removing player 2 token from slot 1
[13:27:32.927] [SEVERE ] player 2 placing token on slot 1
[13:27:32.936] [SEVERE ] setting player 1 freeze to 0
[13:27:32.936] [SEVERE ] setting player 1 freeze to 0
[13:27:32.936] [SEVERE ] setting player 1 freeze to 0
[13:27:32.937] [SEVERE ] setting player 1 freeze to 0
[13:27:32.937] [SEVERE ] removing player 1 token from slot 3
[13:27:32.938] [SEVERE ] player 1 placing token on slot 11
[13:27:32.946] [SEVERE ] setting player 4 freeze to 0
[13:27:32.946] [SEVERE ] setting player 4 freeze to 0
[13:27:32.947] [SEVERE ] setting player 4 freeze to 0
[13:27:32.947] [SEVERE ] setting player 4 freeze to 0
[13:27:32.947] [SEVERE ] removing player 4 token from slot 3
[13:27:32.948] [SEVERE ] player 4 placing token on slot 8
[13:27:32.956] [SEVERE ] setting player 2 freeze to 0
[13:27:32.956] [SEVERE ] setting player 2 freeze to 0
[13:27:32.957] [SEVERE ] setting player 2 freeze to 0
[13:27:32.957] [SEVERE ] setting player 2 freeze to 0
[13:27:32.958] [SEVERE ] removing player 2 token from slot 3
[13:27:32.958] [SEVERE ] player 2 placing token on slot 4
[13:27:32.966] [SEVERE ] setting player 1 freeze to 0
[13:27:32.966] [SEVERE ] setting player 1 freeze to 0
[13:27:32.977] [SEVERE ] setting player 4 freeze to 0
[13:27:32.982] [SEVERE ] setting player 1 freeze to 0
[13:27:32.983] [SEVERE ] setting player 4 freeze to 0
[13:27:32.983] [SEVERE ] setting player 1 freeze to 0
[13:27:32.984] [SEVERE ] setting player 4 freeze to 0
[13:27:32.984] [SEVERE ] removing player 1 token from slot 4
[13:27:32.987] [SEVERE ] setting player 2 freeze to 0
[13:27:32.984] [SEVERE ] setting player 4 freeze to 0
[13:27:33.003] [SEVERE ] setting player 2 freeze to 0
[13:27:33.002] [SEVERE ] player 1 placing token on slot 5
[13:27:33.004] [SEVERE ] setting player 2 freeze to 0
[13:27:33.004] [SEVERE ] removing player 4 token from slot 2
[13:27:33.005] [SEVERE ] setting player 2 freeze to 0
[13:27:33.005] [SEVERE ] removing player 4 token from slot 8
[13:27:33.006] [SEVERE ] removing player 4 token from slot 6
[13:27:33.007] [SEVERE ] player 4 placing token on slot 3
[13:27:33.007] [SEVERE ] player 4 placing token on slot 9
[13:27:33.008] [SEVERE ] removing player 4 token from slot 9
[13:27:33.008] [SEVERE ] player 4 placing token on slot 6
[13:27:33.008] [SEVERE ] player 4 placing token on slot 10
[13:27:33.016] [SEVERE ] setting player 1 freeze to 0
[13:27:33.016] [SEVERE ] setting player 1 freeze to 0
[13:27:33.017] [SEVERE ] setting player 1 freeze to 0
[13:27:33.017] [SEVERE ] setting player 1 freeze to 0
[13:27:33.017] [SEVERE ] removing player 1 token from slot 11
[13:27:33.018] [SEVERE ] removing player 1 token from slot 5
[13:27:33.018] [SEVERE ] player 1 placing token on slot 3
[13:27:33.019] [SEVERE ] player 1 placing token on slot 4
[13:27:33.026] [SEVERE ] setting player 4 freeze to 0
[13:27:33.039] [SEVERE ] setting player 4 freeze to 0
[13:27:33.039] [SEVERE ] setting player 4 freeze to 0
[13:27:33.040] [SEVERE ] setting player 4 freeze to 0
[13:27:33.257] [SEVERE ] setting player 1 freeze to 0
[13:27:33.257] [SEVERE ] setting player 1 freeze to 0
[13:27:33.258] [SEVERE ] setting player 1 freeze to 0
[13:27:33.258] [SEVERE ] setting player 1 freeze to 0
[13:27:33.259] [SEVERE ] removing player 1 token from slot 8
[13:27:33.259] [SEVERE ] player 1 placing token on slot 6
[13:27:33.268] [SEVERE ] setting player 1 freeze to 0
[13:27:33.268] [SEVERE ] setting player 1 freeze to 0
[13:27:33.268] [SEVERE ] setting player 1 freeze to 0
[13:27:33.268] [SEVERE ] setting player 1 freeze to 0
[13:27:33.269] [SEVERE ] removing player 1 token from slot 3
[13:27:33.269] [SEVERE ] player 1 placing token on slot 7
[13:27:33.278] [SEVERE ] setting player 1 freeze to 0
[13:27:33.278] [SEVERE ] setting player 1 freeze to 0
[13:27:33.278] [SEVERE ] setting player 1 freeze to 0
[13:27:33.279] [SEVERE ] setting player 1 freeze to 0
[13:27:33.279] [SEVERE ] removing player 1 token from slot 7
[13:27:33.280] [SEVERE ] player 1 placing token on slot 5
[13:27:33.288] [SEVERE ] setting player 1 freeze to 0
[13:27:33.288] [SEVERE ] setting player 1 freeze to 0
[13:27:33.289] [SEVERE ] setting player 1 freeze to 0
[13:27:33.289] [SEVERE ] setting player 1 freeze to 0
[13:27:33.290] [SEVERE ] removing player 1 token from slot 4
[13:27:33.290] [SEVERE ] player 1 placing token on slot 1
[13:27:33.298] [SEVERE ] setting player 1 freeze to 0
[13:27:33.298] [SEVERE ] setting player 1 freeze to 0
[13:27:33.299] [SEVERE ] setting player 1 freeze to 0
[13:27:33.299] [SEVERE ] setting player 1 freeze to 0
[13:27:33.300] [SEVERE ] removing player 1 token from slot 5
[13:27:33.300] [SEVERE ] player 1 placing token on slot 11
[13:27:33.308] [SEVERE ] setting player 1 freeze to 0
[13:27:33.308] [SEVERE ] setting player 1 freeze to 0
[13:27:33.309] [SEVERE ] setting player 1 freeze to 0
[13:27:33.309] [SEVERE ] setting player 1 freeze to 0
[13:27:33.309] [SEVERE ] removing player 1 token from slot 11
[13:27:33.310] [SEVERE ] player 1 placing token on slot 10
[13:27:33.319] [SEVERE ] setting player 1 freeze to 0
[13:27:33.319] [SEVERE ] setting player 1 freeze to 0
[13:27:33.319] [SEVERE ] setting player 1 freeze to 0
[13:27:33.320] [SEVERE ] setting player 1 freeze to 0
[13:27:33.320] [SEVERE ] removing player 1 token from slot 10
[13:27:33.321] [SEVERE ] removing player 1 token from slot 1
[13:27:33.321] [SEVERE ] removing player 1 token from slot 6
[13:27:33.321] [SEVERE ] player 1 placing token on slot 8
[13:27:33.322] [SEVERE ] player 1 placing token on slot 6
[13:27:33.322] [SEVERE ] removing player 1 token from slot 8
[13:27:33.323] [SEVERE ] player 1 placing token on slot 3
[13:27:33.323] [SEVERE ] player 1 placing token on slot 4
[13:27:33.329] [SEVERE ] setting player 1 freeze to 0
[13:27:33.329] [SEVERE ] setting player 1 freeze to 0
[13:27:33.330] [SEVERE ] setting player 1 freeze to 0
[13:27:33.330] [SEVERE ] setting player 1 freeze to 0
[13:27:33.330] [SEVERE ] removing player 1 token from slot 6
[13:27:33.331] [SEVERE ] player 1 placing token on slot 5
[13:27:33.339] [SEVERE ] updating countdown to 5000
[13:27:33.339] [SEVERE ] setting player 1 score to 1
[13:27:33.339] [SEVERE ] removing player 1 token from slot 3
[13:27:33.340] [SEVERE ] setting player 1 freeze to 0
[13:27:33.341] [SEVERE ] setting player 1 freeze to 0
[13:27:33.341] [SEVERE ] removing player 1 token from slot 3
[13:27:33.342] [SEVERE ] player 1 placing token on slot 11
[13:27:48.521] [SEVERE ] removing card from slot 3
[13:27:56.781] [SEVERE ] removing player 1 token from slot 4
[13:27:57.305] [SEVERE ] removing card from slot 4
[13:28:02.048] [SEVERE ] removing player 1 token from slot 5
[13:28:02.433] [SEVERE ] removing card from slot 5
[13:28:21.925] [SEVERE ] removing player 1 token from slot 11
[13:28:22.345] [SEVERE ] removing card from slot 11
