[18:17:36.123] [INFO   ] thread main starting.
[18:17:36.132] [SEVERE ] cannot read configuration file config.properties trying from resources.
[18:17:36.134] [SEVERE ] configuration file was loaded from resources directory.
[18:17:36.561] [INFO   ] thread dealer starting.
[18:17:36.565] [INFO   ] Thread dealer starting.
[18:17:36.672] [SEVERE ] placing card 59 in slot 0
[18:17:36.774] [SEVERE ] placing card 18 in slot 1
[18:17:36.875] [SEVERE ] placing card 44 in slot 2
[18:17:36.976] [SEVERE ] placing card 58 in slot 3
[18:17:37.078] [SEVERE ] placing card 51 in slot 4
[18:17:37.179] [SEVERE ] placing card 65 in slot 5
[18:17:37.280] [SEVERE ] placing card 27 in slot 6
[18:17:37.382] [SEVERE ] placing card 33 in slot 7
[18:17:37.482] [SEVERE ] placing card 78 in slot 8
[18:17:37.584] [SEVERE ] placing card 0 in slot 9
[18:17:37.685] [SEVERE ] placing card 15 in slot 10
[18:17:37.786] [SEVERE ] placing card 56 in slot 11
[18:17:37.787] [INFO   ] Thread Thread-1starting.
[18:17:37.787] [INFO   ] Thread Thread-2starting.
[18:17:37.787] [INFO   ] Thread Thread-4starting.
[18:17:37.787] [SEVERE ] updating countdown to 5000
[18:17:37.787] [INFO   ] Thread Thread-3starting.
[18:17:37.796] [INFO   ] Thread computer-0 starting.
[18:17:37.797] [SEVERE ] player 1 placing token on slot 7
[18:17:37.797] [SEVERE ] player 1 placing token on slot 3
[18:17:37.798] [SEVERE ] player 1 placing token on slot 4
[18:17:37.801] [INFO   ] Thread computer-1 starting.
[18:17:37.801] [SEVERE ] player 2 placing token on slot 2
[18:17:37.802] [SEVERE ] player 2 placing token on slot 1
[18:17:37.802] [SEVERE ] player 2 placing token on slot 6
[18:17:37.802] [INFO   ] Thread computer-2 starting.
[18:17:37.803] [SEVERE ] player 3 placing token on slot 7
[18:17:37.804] [SEVERE ] removing player 3 token from slot 7
[18:17:37.804] [SEVERE ] player 3 placing token on slot 6
[18:17:37.805] [SEVERE ] player 3 placing token on slot 5
[18:17:37.806] [SEVERE ] player 3 placing token on slot 8
[18:17:37.809] [SEVERE ] setting player 1 freeze to 0
[18:17:37.809] [INFO   ] Thread computer-3 starting.
[18:17:37.810] [SEVERE ] player 4 placing token on slot 1
[18:17:37.810] [SEVERE ] player 4 placing token on slot 7
[18:17:37.811] [SEVERE ] player 4 placing token on slot 8
[18:17:37.809] [SEVERE ] setting player 1 freeze to 0
[18:17:37.812] [SEVERE ] setting player 1 freeze to 0
[18:17:37.812] [SEVERE ] setting player 1 freeze to 0
[18:17:37.813] [SEVERE ] removing player 1 token from slot 7
[18:17:37.813] [SEVERE ] player 1 placing token on slot 9
[18:17:37.820] [SEVERE ] setting player 2 freeze to 0
[18:17:37.821] [SEVERE ] setting player 2 freeze to 0
[18:17:37.821] [SEVERE ] setting player 2 freeze to 0
[18:17:37.822] [SEVERE ] setting player 2 freeze to 0
[18:17:37.822] [SEVERE ] removing player 2 token from slot 6
[18:17:37.823] [SEVERE ] player 2 placing token on slot 5
[18:17:37.831] [SEVERE ] setting player 3 freeze to 0
[18:17:37.832] [SEVERE ] setting player 3 freeze to 0
[18:17:37.832] [SEVERE ] setting player 3 freeze to 0
[18:17:37.833] [SEVERE ] setting player 3 freeze to 0
[18:17:37.834] [SEVERE ] removing player 3 token from slot 5
[18:17:37.834] [SEVERE ] player 3 placing token on slot 1
[18:17:37.842] [SEVERE ] setting player 4 freeze to 0
[18:17:37.844] [SEVERE ] setting player 4 freeze to 0
[18:17:37.844] [SEVERE ] setting player 4 freeze to 0
[18:17:37.844] [SEVERE ] setting player 4 freeze to 0
[18:17:37.845] [SEVERE ] removing player 4 token from slot 7
[18:17:37.845] [SEVERE ] player 4 placing token on slot 9
[18:17:37.853] [SEVERE ] setting player 1 freeze to 0
[18:17:37.853] [SEVERE ] setting player 1 freeze to 0
[18:17:37.854] [SEVERE ] setting player 1 freeze to 0
[18:17:37.854] [SEVERE ] setting player 1 freeze to 0
[18:17:37.855] [SEVERE ] removing player 1 token from slot 3
[18:17:37.855] [SEVERE ] player 1 placing token on slot 10
[18:17:37.863] [SEVERE ] setting player 2 freeze to 0
[18:17:37.863] [SEVERE ] setting player 2 freeze to 0
[18:17:37.864] [SEVERE ] setting player 2 freeze to 0
[18:17:37.864] [SEVERE ] setting player 2 freeze to 0
[18:17:37.865] [SEVERE ] removing player 2 token from slot 1
[18:17:37.865] [SEVERE ] player 2 placing token on slot 8
[18:17:37.874] [SEVERE ] setting player 3 freeze to 0
[18:17:37.874] [SEVERE ] setting player 3 freeze to 0
[18:17:37.875] [SEVERE ] setting player 3 freeze to 0
[18:17:37.876] [SEVERE ] setting player 3 freeze to 0
[18:17:37.876] [SEVERE ] removing player 3 token from slot 6
[18:17:37.877] [SEVERE ] removing player 3 token from slot 8
[18:17:37.877] [SEVERE ] player 3 placing token on slot 7
[18:17:37.878] [SEVERE ] removing player 3 token from slot 7
[18:17:37.878] [SEVERE ] player 3 placing token on slot 8
[18:17:37.879] [SEVERE ] player 3 placing token on slot 7
[18:17:37.884] [SEVERE ] setting player 4 freeze to 0
[18:17:37.884] [SEVERE ] setting player 4 freeze to 0
[18:17:37.884] [SEVERE ] setting player 4 freeze to 0
[18:17:37.886] [SEVERE ] setting player 4 freeze to 0
[18:17:37.886] [SEVERE ] removing player 4 token from slot 9
[18:17:37.887] [SEVERE ] player 4 placing token on slot 10
[18:17:37.894] [SEVERE ] setting player 1 freeze to 0
[18:17:37.894] [SEVERE ] setting player 1 freeze to 0
[18:17:37.895] [SEVERE ] setting player 1 freeze to 0
[18:17:37.902] [SEVERE ] setting player 1 freeze to 0
[18:17:37.907] [SEVERE ] setting player 2 freeze to 0
[18:17:37.909] [SEVERE ] setting player 2 freeze to 0
[18:17:37.909] [SEVERE ] removing player 1 token from slot 10
[18:17:37.912] [SEVERE ] setting player 2 freeze to 0
[18:17:37.913] [SEVERE ] setting player 2 freeze to 0
[18:17:37.913] [SEVERE ] removing player 2 token from slot 8
[18:17:37.913] [SEVERE ] player 1 placing token on slot 8
[18:17:37.918] [SEVERE ] setting player 3 freeze to 0
[18:17:37.920] [SEVERE ] setting player 3 freeze to 0
[18:17:37.920] [SEVERE ] player 2 placing token on slot 1
[18:17:37.923] [SEVERE ] setting player 3 freeze to 0
[18:17:37.924] [SEVERE ] setting player 3 freeze to 0
[18:17:37.924] [SEVERE ] removing player 3 token from slot 8
[18:17:37.927] [SEVERE ] player 3 placing token on slot 3
[18:17:37.927] [SEVERE ] setting player 4 freeze to 0
[18:17:37.928] [SEVERE ] setting player 4 freeze to 0
[18:17:37.928] [SEVERE ] setting player 4 freeze to 0
[18:17:37.928] [SEVERE ] setting player 4 freeze to 0
[18:17:37.929] [SEVERE ] removing player 4 token from slot 8
[18:17:37.930] [SEVERE ] player 4 placing token on slot 9
[18:17:37.938] [SEVERE ] setting player 1 freeze to 0
[18:17:37.938] [SEVERE ] setting player 1 freeze to 0
[18:17:37.939] [SEVERE ] setting player 1 freeze to 0
[18:17:37.939] [SEVERE ] setting player 1 freeze to 0
[18:17:37.940] [SEVERE ] removing player 1 token from slot 9
[18:17:37.940] [SEVERE ] removing player 1 token from slot 4
[18:17:37.945] [SEVERE ] player 1 placing token on slot 3
[18:17:37.945] [SEVERE ] player 1 placing token on slot 5
[18:17:37.953] [SEVERE ] setting player 2 freeze to 0
[18:17:37.954] [SEVERE ] setting player 2 freeze to 0
[18:17:37.955] [SEVERE ] setting player 2 freeze to 0
[18:17:37.960] [SEVERE ] setting player 2 freeze to 0
[18:17:37.962] [SEVERE ] setting player 3 freeze to 0
[18:17:37.963] [SEVERE ] setting player 3 freeze to 0
[18:17:37.963] [SEVERE ] setting player 3 freeze to 0
[18:17:37.964] [SEVERE ] setting player 3 freeze to 0
[18:17:37.964] [SEVERE ] removing player 3 token from slot 1
[18:17:37.965] [SEVERE ] removing player 2 token from slot 1
[18:17:37.965] [SEVERE ] player 3 placing token on slot 2
[18:17:37.966] [SEVERE ] player 2 placing token on slot 7
[18:17:37.972] [SEVERE ] setting player 4 freeze to 0
[18:17:37.972] [SEVERE ] setting player 4 freeze to 0
[18:17:37.977] [SEVERE ] setting player 4 freeze to 0
[18:17:37.977] [SEVERE ] setting player 4 freeze to 0
[18:17:37.978] [SEVERE ] removing player 4 token from slot 1
[18:17:37.980] [SEVERE ] player 4 placing token on slot 8
[18:17:37.981] [SEVERE ] updating countdown to 5000
[18:17:37.982] [SEVERE ] removing player 1 token from slot 3
[18:17:37.986] [SEVERE ] removing player 1 token from slot 8
[18:17:37.987] [SEVERE ] removing player 1 token from slot 8
[18:17:38.082] [SEVERE ] removing card from slot 3
[18:17:38.082] [SEVERE ] removing player 1 token from slot 5
[18:17:38.083] [INFO   ] thread dealer terminated.
