[13:42:05.192] [INFO   ] thread main starting.
[13:42:05.198] [SEVERE ] cannot read configuration file config.properties trying from resources.
[13:42:05.200] [SEVERE ] configuration file was loaded from resources directory.
[13:42:05.593] [INFO   ] thread dealer starting.
[13:42:05.593] [INFO   ] Thread dealer starting.
[13:42:05.699] [SEVERE ] placing card 60 in slot 0
[13:42:05.799] [SEVERE ] placing card 17 in slot 1
[13:42:05.900] [SEVERE ] placing card 0 in slot 2
[13:42:06.001] [SEVERE ] placing card 13 in slot 3
[13:42:06.102] [SEVERE ] placing card 63 in slot 4
[13:42:06.203] [SEVERE ] placing card 35 in slot 5
[13:42:06.305] [SEVERE ] placing card 62 in slot 6
[13:42:06.406] [SEVERE ] placing card 51 in slot 7
[13:42:06.507] [SEVERE ] placing card 74 in slot 8
[13:42:06.608] [SEVERE ] placing card 53 in slot 9
[13:42:06.709] [SEVERE ] placing card 31 in slot 10
[13:42:06.810] [SEVERE ] placing card 80 in slot 11
[13:42:06.812] [INFO   ] Thread Thread-1starting.
[13:42:06.812] [SEVERE ] updating countdown to 5000
[13:42:06.812] [INFO   ] Thread Thread-4starting.
[13:42:06.812] [INFO   ] Thread Thread-3starting.
[13:42:06.812] [INFO   ] Thread Thread-2starting.
[13:42:06.815] [INFO   ] Thread computer-3 starting.
[13:42:06.815] [INFO   ] Thread computer-0 starting.
[13:42:06.817] [INFO   ] Thread computer-1 starting.
[13:42:06.816] [INFO   ] Thread computer-2 starting.
[13:42:06.818] [SEVERE ] player 1 placing token on slot 2
[13:42:06.820] [SEVERE ] player 3 placing token on slot 8
[13:42:06.820] [SEVERE ] player 2 placing token on slot 10
[13:42:06.820] [SEVERE ] player 4 placing token on slot 4
[13:42:06.821] [SEVERE ] player 4 placing token on slot 0
[13:42:06.821] [SEVERE ] player 2 placing token on slot 2
[13:42:06.822] [SEVERE ] player 3 placing token on slot 7
[13:42:06.822] [SEVERE ] player 1 placing token on slot 6
[13:42:06.823] [SEVERE ] player 3 placing token on slot 9
[13:42:06.823] [SEVERE ] player 2 placing token on slot 6
[13:42:06.824] [SEVERE ] player 4 placing token on slot 8
[13:42:06.824] [SEVERE ] player 1 placing token on slot 9
[13:42:06.826] [SEVERE ] setting player 3 freeze to 0
[13:42:06.826] [SEVERE ] setting player 3 freeze to 0
[13:42:06.826] [SEVERE ] setting player 3 freeze to 0
[13:42:06.827] [SEVERE ] setting player 3 freeze to 0
[13:42:06.827] [SEVERE ] removing player 3 token from slot 9
[13:42:06.828] [SEVERE ] removing player 3 token from slot 7
[13:42:06.828] [SEVERE ] player 3 placing token on slot 3
[13:42:06.829] [SEVERE ] player 3 placing token on slot 10
[13:42:06.837] [SEVERE ] updating countdown to 5000
[13:42:06.837] [SEVERE ] setting player 2 score to 1
[13:42:06.838] [SEVERE ] removing player 2 token from slot 2
[13:42:06.838] [SEVERE ] setting player 2 freeze to 0
[13:42:06.839] [SEVERE ] setting player 2 freeze to 0
[13:42:06.839] [SEVERE ] removing player 2 token from slot 10
[13:42:06.840] [SEVERE ] player 2 placing token on slot 3
[13:42:06.939] [SEVERE ] removing card from slot 2
[13:42:06.939] [SEVERE ] removing player 2 token from slot 3
[13:42:07.040] [SEVERE ] removing card from slot 3
[13:42:07.040] [SEVERE ] removing player 2 token from slot 6
[13:42:07.141] [SEVERE ] removing card from slot 6
[13:42:07.141] [SEVERE ] removing player 1 token from slot 2
[13:42:07.142] [SEVERE ] removing player 1 token from slot 6
[13:42:07.142] [SEVERE ] removing player 2 token from slot 2
[13:42:07.143] [SEVERE ] removing player 2 token from slot 6
[13:42:07.143] [SEVERE ] removing player 2 token from slot 3
[13:42:07.144] [SEVERE ] removing player 3 token from slot 3
[13:42:07.244] [SEVERE ] placing card 78 in slot 2
[13:42:07.344] [SEVERE ] placing card 21 in slot 3
[13:42:07.445] [SEVERE ] placing card 52 in slot 6
[13:42:07.455] [SEVERE ] setting player 4 freeze to 0
[13:42:07.455] [SEVERE ] setting player 4 freeze to 0
[13:42:07.456] [SEVERE ] setting player 4 freeze to 0
[13:42:07.457] [SEVERE ] setting player 4 freeze to 0
[13:42:07.457] [SEVERE ] removing player 4 token from slot 4
[13:42:07.458] [SEVERE ] removing player 4 token from slot 0
[13:42:07.458] [SEVERE ] removing player 4 token from slot 8
[13:42:07.458] [SEVERE ] player 4 placing token on slot 1
[13:42:07.459] [SEVERE ] player 4 placing token on slot 9
[13:42:07.459] [SEVERE ] removing player 4 token from slot 1
[13:42:07.460] [SEVERE ] player 4 placing token on slot 11
[13:42:07.460] [SEVERE ] player 4 placing token on slot 1
[13:42:07.465] [SEVERE ] setting player 1 freeze to 0
[13:42:07.466] [SEVERE ] setting player 1 freeze to 0
[13:42:07.466] [SEVERE ] setting player 1 freeze to 0
[13:42:07.467] [SEVERE ] setting player 1 freeze to 0
[13:42:07.467] [SEVERE ] player 1 placing token on slot 8
[13:42:07.467] [SEVERE ] player 1 placing token on slot 10
[13:42:07.476] [SEVERE ] setting player 3 freeze to 0
[13:42:07.476] [SEVERE ] setting player 3 freeze to 0
[13:42:07.476] [SEVERE ] setting player 3 freeze to 0
[13:42:07.477] [SEVERE ] setting player 3 freeze to 0
[13:42:07.477] [SEVERE ] player 3 placing token on slot 1
[13:42:07.486] [SEVERE ] updating countdown to 5000
[13:42:07.486] [SEVERE ] setting player 2 score to 2
[13:42:07.487] [SEVERE ] setting player 2 freeze to 0
[13:42:07.487] [SEVERE ] setting player 2 freeze to 0
[13:42:07.488] [SEVERE ] player 2 placing token on slot 1
[13:42:07.488] [SEVERE ] player 2 placing token on slot 3
[13:42:07.489] [SEVERE ] player 2 placing token on slot 10
[13:42:07.587] [SEVERE ] placing card 29 in slot 0
[13:42:07.687] [SEVERE ] placing card 43 in slot 0
[13:42:07.787] [SEVERE ] placing card 47 in slot 0
[13:42:07.798] [SEVERE ] setting player 4 freeze to 0
[13:42:07.798] [SEVERE ] setting player 4 freeze to 0
[13:42:07.798] [SEVERE ] setting player 4 freeze to 0
[13:42:07.799] [SEVERE ] setting player 4 freeze to 0
[13:42:07.799] [SEVERE ] removing player 4 token from slot 11
[13:42:07.800] [SEVERE ] removing player 4 token from slot 1
[13:42:07.800] [SEVERE ] player 4 placing token on slot 4
[13:42:07.801] [SEVERE ] player 4 placing token on slot 6
[13:42:07.808] [SEVERE ] setting player 1 freeze to 0
[13:42:07.808] [SEVERE ] setting player 1 freeze to 0
[13:42:07.809] [SEVERE ] setting player 1 freeze to 0
[13:42:07.809] [SEVERE ] setting player 1 freeze to 0
[13:42:07.810] [SEVERE ] removing player 1 token from slot 10
[13:42:07.810] [SEVERE ] player 1 placing token on slot 7
[13:42:07.818] [SEVERE ] setting player 3 freeze to 0
[13:42:07.818] [SEVERE ] setting player 3 freeze to 0
[13:42:07.819] [SEVERE ] setting player 3 freeze to 0
[13:42:07.819] [SEVERE ] setting player 3 freeze to 0
[13:42:07.820] [SEVERE ] removing player 3 token from slot 8
[13:42:07.820] [SEVERE ] player 3 placing token on slot 0
[13:42:07.829] [SEVERE ] setting player 2 freeze to 0
[13:42:07.829] [SEVERE ] setting player 2 freeze to 0
[13:42:07.829] [SEVERE ] setting player 2 freeze to 0
[13:42:07.830] [SEVERE ] setting player 2 freeze to 0
[13:42:07.830] [SEVERE ] removing player 2 token from slot 10
[13:42:07.831] [SEVERE ] player 2 placing token on slot 5
[13:42:07.839] [SEVERE ] setting player 4 freeze to 0
[13:42:07.839] [SEVERE ] setting player 4 freeze to 0
[13:42:07.840] [SEVERE ] setting player 4 freeze to 0
[13:42:07.840] [SEVERE ] setting player 4 freeze to 0
[13:42:07.841] [SEVERE ] removing player 4 token from slot 9
[13:42:07.841] [SEVERE ] player 4 placing token on slot 7
[13:42:07.849] [SEVERE ] setting player 1 freeze to 0
[13:42:07.849] [SEVERE ] setting player 1 freeze to 0
[13:42:07.850] [SEVERE ] setting player 1 freeze to 0
[13:42:07.851] [SEVERE ] setting player 1 freeze to 0
[13:42:07.851] [SEVERE ] removing player 1 token from slot 9
[13:42:07.852] [SEVERE ] player 1 placing token on slot 9
[13:42:07.859] [SEVERE ] setting player 3 freeze to 0
[13:42:07.860] [SEVERE ] setting player 3 freeze to 0
[13:42:07.860] [SEVERE ] setting player 3 freeze to 0
[13:42:07.861] [SEVERE ] setting player 3 freeze to 0
[13:42:07.861] [SEVERE ] removing player 3 token from slot 10
[13:42:07.862] [SEVERE ] player 3 placing token on slot 7
[13:42:07.870] [SEVERE ] setting player 2 freeze to 0
[13:42:07.870] [SEVERE ] setting player 2 freeze to 0
[13:42:07.870] [SEVERE ] setting player 2 freeze to 0
[13:42:07.871] [SEVERE ] setting player 2 freeze to 0
[13:42:07.872] [SEVERE ] removing player 2 token from slot 5
[13:42:07.872] [SEVERE ] player 2 placing token on slot 11
[13:42:07.880] [SEVERE ] setting player 4 freeze to 0
[13:42:07.880] [SEVERE ] setting player 4 freeze to 0
[13:42:07.881] [SEVERE ] setting player 4 freeze to 0
[13:42:07.881] [SEVERE ] setting player 4 freeze to 0
[13:42:07.882] [SEVERE ] removing player 4 token from slot 4
[13:42:07.882] [SEVERE ] player 4 placing token on slot 1
[13:42:07.890] [SEVERE ] setting player 1 freeze to 0
[13:42:07.891] [SEVERE ] setting player 1 freeze to 0
[13:42:07.891] [SEVERE ] setting player 1 freeze to 0
[13:42:07.891] [SEVERE ] setting player 1 freeze to 0
[13:42:07.892] [SEVERE ] removing player 1 token from slot 9
[13:42:07.892] [SEVERE ] player 1 placing token on slot 2
[13:42:07.901] [SEVERE ] setting player 3 freeze to 0
[13:42:07.901] [SEVERE ] setting player 3 freeze to 0
[13:42:07.901] [SEVERE ] setting player 3 freeze to 0
[13:42:07.902] [SEVERE ] setting player 3 freeze to 0
[13:42:07.902] [SEVERE ] removing player 3 token from slot 1
[13:42:07.903] [SEVERE ] player 3 placing token on slot 11
[13:42:07.911] [SEVERE ] setting player 2 freeze to 0
[13:42:07.911] [SEVERE ] setting player 2 freeze to 0
[13:42:07.912] [SEVERE ] setting player 2 freeze to 0
[13:42:07.912] [SEVERE ] setting player 2 freeze to 0
[13:42:07.912] [SEVERE ] removing player 2 token from slot 1
[13:42:07.913] [SEVERE ] player 2 placing token on slot 6
[13:42:07.921] [SEVERE ] setting player 4 freeze to 0
[13:42:07.921] [SEVERE ] setting player 4 freeze to 0
[13:42:07.922] [SEVERE ] setting player 4 freeze to 0
[13:42:07.922] [SEVERE ] setting player 4 freeze to 0
[13:42:07.923] [SEVERE ] removing player 4 token from slot 6
[13:42:07.923] [SEVERE ] player 4 placing token on slot 2
[13:42:07.932] [SEVERE ] setting player 1 freeze to 0
[13:42:07.932] [SEVERE ] setting player 1 freeze to 0
[13:42:07.932] [SEVERE ] setting player 1 freeze to 0
[13:42:07.933] [SEVERE ] setting player 1 freeze to 0
[13:42:07.933] [SEVERE ] removing player 1 token from slot 8
[13:42:07.934] [SEVERE ] player 1 placing token on slot 8
[13:42:07.942] [SEVERE ] setting player 3 freeze to 0
[13:42:07.942] [SEVERE ] setting player 3 freeze to 0
[13:42:07.943] [SEVERE ] setting player 3 freeze to 0
[13:42:07.943] [SEVERE ] setting player 3 freeze to 0
[13:42:07.943] [SEVERE ] removing player 3 token from slot 11
[13:42:07.944] [SEVERE ] removing player 3 token from slot 7
[13:42:07.944] [SEVERE ] player 3 placing token on slot 9
[13:42:07.945] [SEVERE ] player 3 placing token on slot 4
[13:42:07.952] [SEVERE ] setting player 2 freeze to 0
[13:42:07.952] [SEVERE ] setting player 2 freeze to 0
[13:42:07.953] [SEVERE ] setting player 2 freeze to 0
[13:42:07.953] [SEVERE ] setting player 2 freeze to 0
[13:42:07.954] [SEVERE ] removing player 2 token from slot 11
[13:42:07.954] [SEVERE ] player 2 placing token on slot 8
[13:42:07.962] [SEVERE ] setting player 4 freeze to 0
[13:42:07.963] [SEVERE ] setting player 4 freeze to 0
[13:42:07.963] [SEVERE ] setting player 4 freeze to 0
[13:42:07.964] [SEVERE ] setting player 4 freeze to 0
[13:42:07.964] [SEVERE ] removing player 4 token from slot 1
[13:42:07.965] [SEVERE ] player 4 placing token on slot 6
[13:42:07.973] [SEVERE ] setting player 1 freeze to 0
[13:42:07.973] [SEVERE ] setting player 1 freeze to 0
[13:42:07.973] [SEVERE ] setting player 1 freeze to 0
[13:42:07.974] [SEVERE ] setting player 1 freeze to 0
[13:42:07.974] [SEVERE ] removing player 1 token from slot 8
[13:42:07.975] [SEVERE ] removing player 1 token from slot 2
[13:42:07.975] [SEVERE ] player 1 placing token on slot 0
[13:42:07.976] [SEVERE ] player 1 placing token on slot 3
[13:42:07.983] [SEVERE ] setting player 3 freeze to 0
[13:42:07.983] [SEVERE ] setting player 3 freeze to 0
[13:42:07.984] [SEVERE ] setting player 3 freeze to 0
[13:42:07.984] [SEVERE ] setting player 3 freeze to 0
[13:42:07.985] [SEVERE ] removing player 3 token from slot 0
[13:42:07.985] [SEVERE ] player 3 placing token on slot 8
[13:42:07.993] [SEVERE ] updating countdown to 5000
[13:42:07.993] [SEVERE ] setting player 2 score to 3
[13:42:07.993] [SEVERE ] removing player 2 token from slot 3
[13:42:07.994] [SEVERE ] setting player 2 freeze to 0
[13:42:07.995] [SEVERE ] setting player 2 freeze to 0
[13:42:07.995] [SEVERE ] removing player 2 token from slot 6
[13:42:07.996] [SEVERE ] player 2 placing token on slot 0
[13:42:08.094] [SEVERE ] removing card from slot 3
[13:42:08.095] [SEVERE ] removing player 2 token from slot 8
[13:42:08.195] [SEVERE ] removing card from slot 8
[13:42:08.195] [SEVERE ] removing player 1 token from slot 0
[13:42:08.196] [SEVERE ] removing player 1 token from slot 3
[13:42:08.196] [SEVERE ] removing player 2 token from slot 3
[13:42:08.197] [SEVERE ] removing player 2 token from slot 8
[13:42:08.197] [SEVERE ] removing player 2 token from slot 0
[13:42:08.197] [SEVERE ] removing player 3 token from slot 8
[13:42:08.298] [SEVERE ] placing card 40 in slot 3
[13:42:08.398] [SEVERE ] placing card 58 in slot 8
[13:42:08.499] [SEVERE ] placing card 66 in slot 0
[13:42:08.509] [SEVERE ] setting player 4 freeze to 0
[13:42:08.509] [SEVERE ] setting player 4 freeze to 0
[13:42:08.510] [SEVERE ] setting player 4 freeze to 0
[13:42:08.510] [SEVERE ] setting player 4 freeze to 0
[13:42:08.511] [SEVERE ] removing player 4 token from slot 7
[13:42:08.511] [SEVERE ] player 4 placing token on slot 10
[13:42:08.519] [SEVERE ] setting player 1 freeze to 0
[13:42:08.519] [SEVERE ] setting player 1 freeze to 0
[13:42:08.520] [SEVERE ] setting player 1 freeze to 0
[13:42:08.520] [SEVERE ] setting player 1 freeze to 0
[13:42:08.521] [SEVERE ] player 1 placing token on slot 8
[13:42:08.521] [SEVERE ] player 1 placing token on slot 3
[13:42:08.529] [SEVERE ] setting player 3 freeze to 0
[13:42:08.530] [SEVERE ] setting player 3 freeze to 0
[13:42:08.530] [SEVERE ] setting player 3 freeze to 0
[13:42:08.530] [SEVERE ] setting player 3 freeze to 0
[13:42:08.531] [SEVERE ] player 3 placing token on slot 10
[13:42:08.540] [SEVERE ] updating countdown to 5000
[13:42:08.540] [SEVERE ] setting player 2 score to 4
[13:42:08.540] [SEVERE ] setting player 2 freeze to 0
[13:42:08.541] [SEVERE ] setting player 2 freeze to 0
[13:42:08.541] [SEVERE ] player 2 placing token on slot 5
[13:42:08.542] [SEVERE ] player 2 placing token on slot 6
[13:42:08.542] [SEVERE ] player 2 placing token on slot 9
[13:42:08.640] [SEVERE ] placing card 70 in slot 0
[13:42:08.740] [SEVERE ] placing card 18 in slot 0
[13:42:08.840] [SEVERE ] placing card 66 in slot 0
[13:42:08.851] [SEVERE ] setting player 4 freeze to 0
[13:42:08.851] [SEVERE ] setting player 4 freeze to 0
[13:42:08.851] [SEVERE ] setting player 4 freeze to 0
[13:42:08.852] [SEVERE ] setting player 4 freeze to 0
[13:42:08.853] [SEVERE ] removing player 4 token from slot 10
[13:42:08.853] [SEVERE ] player 4 placing token on slot 10
[13:42:08.861] [SEVERE ] setting player 1 freeze to 0
[13:42:08.861] [SEVERE ] setting player 1 freeze to 0
[13:42:08.862] [SEVERE ] setting player 1 freeze to 0
[13:42:08.862] [SEVERE ] setting player 1 freeze to 0
[13:42:08.862] [SEVERE ] removing player 1 token from slot 8
[13:42:08.863] [SEVERE ] player 1 placing token on slot 9
[13:42:08.871] [SEVERE ] setting player 3 freeze to 0
[13:42:08.871] [SEVERE ] setting player 3 freeze to 0
[13:42:08.872] [SEVERE ] setting player 3 freeze to 0
[13:42:08.872] [SEVERE ] setting player 3 freeze to 0
[13:42:08.873] [SEVERE ] removing player 3 token from slot 10
[13:42:08.873] [SEVERE ] player 3 placing token on slot 6
[13:42:08.881] [SEVERE ] setting player 2 freeze to 0
[13:42:08.881] [SEVERE ] setting player 2 freeze to 0
[13:42:08.882] [SEVERE ] setting player 2 freeze to 0
[13:42:08.883] [SEVERE ] setting player 2 freeze to 0
[13:42:08.883] [SEVERE ] removing player 2 token from slot 5
[13:42:08.884] [SEVERE ] removing player 2 token from slot 6
[13:42:08.884] [SEVERE ] player 2 placing token on slot 0
[13:42:08.885] [SEVERE ] player 2 placing token on slot 5
[13:42:08.892] [SEVERE ] setting player 4 freeze to 0
[13:42:08.892] [SEVERE ] setting player 4 freeze to 0
[13:42:08.892] [SEVERE ] setting player 4 freeze to 0
[13:42:08.893] [SEVERE ] setting player 4 freeze to 0
[13:42:08.893] [SEVERE ] removing player 4 token from slot 10
[13:42:08.893] [SEVERE ] player 4 placing token on slot 11
[13:42:08.902] [SEVERE ] setting player 1 freeze to 0
[13:42:08.902] [SEVERE ] setting player 1 freeze to 0
[13:42:08.902] [SEVERE ] setting player 1 freeze to 0
[13:42:08.903] [SEVERE ] setting player 1 freeze to 0
[13:42:08.903] [SEVERE ] removing player 1 token from slot 9
[13:42:08.904] [SEVERE ] player 1 placing token on slot 0
[13:42:08.912] [SEVERE ] setting player 3 freeze to 0
[13:42:08.912] [SEVERE ] setting player 3 freeze to 0
[13:42:08.913] [SEVERE ] setting player 3 freeze to 0
[13:42:08.913] [SEVERE ] setting player 3 freeze to 0
[13:42:08.914] [SEVERE ] removing player 3 token from slot 4
[13:42:08.914] [SEVERE ] player 3 placing token on slot 11
[13:42:08.922] [SEVERE ] setting player 2 freeze to 0
[13:42:08.922] [SEVERE ] setting player 2 freeze to 0
[13:42:08.923] [SEVERE ] setting player 2 freeze to 0
[13:42:08.923] [SEVERE ] setting player 2 freeze to 0
[13:42:08.924] [SEVERE ] removing player 2 token from slot 9
[13:42:08.924] [SEVERE ] player 2 placing token on slot 4
[13:42:08.932] [SEVERE ] setting player 4 freeze to 0
[13:42:08.933] [SEVERE ] setting player 4 freeze to 0
[13:42:08.933] [SEVERE ] setting player 4 freeze to 0
[13:42:08.933] [SEVERE ] setting player 4 freeze to 0
[13:42:08.934] [SEVERE ] removing player 4 token from slot 6
[13:42:08.935] [SEVERE ] player 4 placing token on slot 1
[13:42:08.943] [SEVERE ] setting player 1 freeze to 0
[13:42:08.943] [SEVERE ] setting player 1 freeze to 0
[13:42:08.943] [SEVERE ] setting player 1 freeze to 0
[13:42:08.944] [SEVERE ] setting player 1 freeze to 0
[13:42:08.944] [SEVERE ] removing player 1 token from slot 3
[13:42:08.945] [SEVERE ] player 1 placing token on slot 3
[13:42:08.953] [SEVERE ] setting player 3 freeze to 0
[13:42:08.953] [SEVERE ] setting player 3 freeze to 0
[13:42:08.953] [SEVERE ] setting player 3 freeze to 0
[13:42:08.954] [SEVERE ] setting player 3 freeze to 0
[13:42:08.954] [SEVERE ] removing player 3 token from slot 6
[13:42:08.955] [SEVERE ] removing player 3 token from slot 9
[13:42:08.955] [SEVERE ] player 3 placing token on slot 4
[13:42:08.956] [SEVERE ] player 3 placing token on slot 1
[13:42:08.963] [SEVERE ] setting player 2 freeze to 0
[13:42:08.963] [SEVERE ] setting player 2 freeze to 0
[13:42:08.964] [SEVERE ] setting player 2 freeze to 0
[13:42:08.964] [SEVERE ] setting player 2 freeze to 0
[13:42:08.965] [SEVERE ] removing player 2 token from slot 5
[13:42:08.965] [SEVERE ] player 2 placing token on slot 3
[13:42:08.973] [SEVERE ] setting player 4 freeze to 0
[13:42:08.973] [SEVERE ] setting player 4 freeze to 0
[13:42:08.974] [SEVERE ] setting player 4 freeze to 0
[13:42:08.974] [SEVERE ] setting player 4 freeze to 0
[13:42:08.983] [SEVERE ] setting player 1 freeze to 0
[13:42:08.991] [SEVERE ] setting player 1 freeze to 0
[13:42:08.990] [SEVERE ] removing player 4 token from slot 1
[13:42:08.992] [SEVERE ] setting player 1 freeze to 0
[13:42:08.992] [SEVERE ] removing player 4 token from slot 11
[13:42:08.992] [SEVERE ] setting player 1 freeze to 0
[13:42:08.993] [SEVERE ] player 4 placing token on slot 10
[13:42:08.994] [SEVERE ] setting player 3 freeze to 0
[13:42:08.994] [SEVERE ] removing player 1 token from slot 0
[13:42:08.994] [SEVERE ] setting player 3 freeze to 0
[13:42:08.995] [SEVERE ] player 4 placing token on slot 5
[13:42:08.995] [SEVERE ] setting player 3 freeze to 0
[13:42:08.996] [SEVERE ] player 1 placing token on slot 9
[13:42:08.996] [SEVERE ] setting player 3 freeze to 0
[13:42:08.997] [SEVERE ] removing player 3 token from slot 1
[13:42:08.997] [SEVERE ] player 3 placing token on slot 7
[13:42:09.004] [SEVERE ] setting player 2 freeze to 0
[13:42:09.004] [SEVERE ] setting player 2 freeze to 0
[13:42:09.004] [SEVERE ] setting player 2 freeze to 0
[13:42:09.005] [SEVERE ] setting player 2 freeze to 0
[13:42:09.005] [SEVERE ] removing player 2 token from slot 3
[13:42:09.006] [SEVERE ] player 2 placing token on slot 5
[13:42:09.014] [SEVERE ] setting player 4 freeze to 0
[13:42:09.014] [SEVERE ] setting player 4 freeze to 0
[13:42:09.014] [SEVERE ] setting player 4 freeze to 0
[13:42:09.015] [SEVERE ] setting player 4 freeze to 0
[13:42:09.015] [SEVERE ] removing player 4 token from slot 10
[13:42:09.016] [SEVERE ] player 4 placing token on slot 1
[13:42:09.024] [SEVERE ] setting player 1 freeze to 0
[13:42:09.024] [SEVERE ] setting player 1 freeze to 0
[13:42:09.025] [SEVERE ] setting player 1 freeze to 0
[13:42:09.025] [SEVERE ] setting player 1 freeze to 0
[13:42:09.026] [SEVERE ] removing player 1 token from slot 3
[13:42:09.026] [SEVERE ] player 1 placing token on slot 1
[13:42:09.034] [SEVERE ] setting player 3 freeze to 0
[13:42:09.034] [SEVERE ] setting player 3 freeze to 0
[13:42:09.035] [SEVERE ] setting player 3 freeze to 0
[13:42:09.035] [SEVERE ] setting player 3 freeze to 0
[13:42:09.036] [SEVERE ] removing player 3 token from slot 11
[13:42:09.036] [SEVERE ] player 3 placing token on slot 0
[13:42:09.044] [SEVERE ] setting player 2 freeze to 0
[13:42:09.045] [SEVERE ] setting player 2 freeze to 0
[13:42:09.045] [SEVERE ] setting player 2 freeze to 0
[13:42:09.045] [SEVERE ] setting player 2 freeze to 0
[13:42:09.046] [SEVERE ] removing player 2 token from slot 5
[13:42:09.046] [SEVERE ] player 2 placing token on slot 7
[13:42:09.055] [SEVERE ] setting player 4 freeze to 0
[13:42:09.055] [SEVERE ] setting player 4 freeze to 0
[13:42:09.055] [SEVERE ] setting player 4 freeze to 0
[13:42:09.056] [SEVERE ] setting player 4 freeze to 0
[13:42:09.056] [SEVERE ] removing player 4 token from slot 2
[13:42:09.057] [SEVERE ] removing player 4 token from slot 5
[13:42:09.057] [SEVERE ] player 4 placing token on slot 10
[13:42:09.058] [SEVERE ] player 4 placing token on slot 2
[13:42:09.065] [SEVERE ] setting player 1 freeze to 0
[13:42:09.065] [SEVERE ] setting player 1 freeze to 0
[13:42:09.065] [SEVERE ] setting player 1 freeze to 0
[13:42:09.066] [SEVERE ] setting player 1 freeze to 0
[13:42:09.066] [SEVERE ] removing player 1 token from slot 7
[13:42:09.067] [SEVERE ] player 1 placing token on slot 4
[13:42:09.075] [SEVERE ] setting player 3 freeze to 0
[13:42:09.075] [SEVERE ] setting player 3 freeze to 0
[13:42:09.076] [SEVERE ] setting player 3 freeze to 0
[13:42:09.076] [SEVERE ] setting player 3 freeze to 0
[13:42:09.077] [SEVERE ] removing player 3 token from slot 4
[13:42:09.077] [SEVERE ] player 3 placing token on slot 6
[13:42:09.085] [SEVERE ] setting player 2 freeze to 0
[13:42:09.085] [SEVERE ] setting player 2 freeze to 0
[13:42:09.086] [SEVERE ] setting player 2 freeze to 0
[13:42:09.086] [SEVERE ] setting player 2 freeze to 0
[13:42:09.087] [SEVERE ] removing player 2 token from slot 4
[13:42:09.087] [SEVERE ] player 2 placing token on slot 5
[13:42:09.095] [SEVERE ] setting player 4 freeze to 0
[13:42:09.095] [SEVERE ] setting player 4 freeze to 0
[13:42:09.096] [SEVERE ] setting player 4 freeze to 0
[13:42:09.096] [SEVERE ] setting player 4 freeze to 0
[13:42:09.097] [SEVERE ] removing player 4 token from slot 10
[13:42:09.097] [SEVERE ] player 4 placing token on slot 4
[13:42:09.106] [SEVERE ] setting player 1 freeze to 0
[13:42:09.106] [SEVERE ] setting player 1 freeze to 0
[13:42:09.106] [SEVERE ] setting player 1 freeze to 0
[13:42:09.107] [SEVERE ] setting player 1 freeze to 0
[13:42:09.107] [SEVERE ] removing player 1 token from slot 1
[13:42:09.108] [SEVERE ] player 1 placing token on slot 0
[13:42:09.116] [SEVERE ] setting player 3 freeze to 0
[13:42:09.116] [SEVERE ] setting player 3 freeze to 0
[13:42:09.116] [SEVERE ] setting player 3 freeze to 0
[13:42:09.117] [SEVERE ] setting player 3 freeze to 0
[13:42:09.117] [SEVERE ] removing player 3 token from slot 7
[13:42:09.118] [SEVERE ] removing player 3 token from slot 6
[13:42:09.118] [SEVERE ] player 3 placing token on slot 1
[13:42:09.119] [SEVERE ] player 3 placing token on slot 8
[13:42:09.126] [SEVERE ] setting player 2 freeze to 0
[13:42:09.126] [SEVERE ] setting player 2 freeze to 0
[13:42:09.127] [SEVERE ] setting player 2 freeze to 0
[13:42:09.127] [SEVERE ] setting player 2 freeze to 0
[13:42:09.128] [SEVERE ] removing player 2 token from slot 0
[13:42:09.128] [SEVERE ] player 2 placing token on slot 1
[13:42:09.136] [SEVERE ] setting player 4 freeze to 0
[13:42:09.139] [SEVERE ] setting player 4 freeze to 0
[13:42:09.139] [SEVERE ] setting player 4 freeze to 0
[13:42:09.139] [SEVERE ] setting player 4 freeze to 0
[13:42:09.140] [SEVERE ] removing player 4 token from slot 4
[13:42:09.140] [SEVERE ] player 4 placing token on slot 11
[13:42:09.146] [SEVERE ] setting player 1 freeze to 0
[13:42:09.147] [SEVERE ] setting player 1 freeze to 0
[13:42:09.147] [SEVERE ] setting player 1 freeze to 0
[13:42:09.147] [SEVERE ] setting player 1 freeze to 0
[13:42:09.148] [SEVERE ] removing player 1 token from slot 4
[13:42:09.148] [SEVERE ] player 1 placing token on slot 1
[13:42:09.157] [SEVERE ] setting player 3 freeze to 0
[13:42:09.157] [SEVERE ] setting player 3 freeze to 0
[13:42:09.157] [SEVERE ] setting player 3 freeze to 0
[13:42:09.157] [SEVERE ] setting player 3 freeze to 0
[13:42:09.157] [SEVERE ] removing player 3 token from slot 0
[13:42:09.158] [SEVERE ] player 3 placing token on slot 9
[13:42:09.167] [SEVERE ] setting player 2 freeze to 0
[13:42:09.167] [SEVERE ] setting player 2 freeze to 0
[13:42:09.167] [SEVERE ] setting player 2 freeze to 0
[13:42:09.168] [SEVERE ] setting player 2 freeze to 0
[13:42:09.168] [SEVERE ] removing player 2 token from slot 5
[13:42:09.169] [SEVERE ] player 2 placing token on slot 2
[13:42:09.177] [SEVERE ] setting player 4 freeze to 0
[13:42:09.177] [SEVERE ] setting player 4 freeze to 0
[13:42:09.177] [SEVERE ] setting player 4 freeze to 0
[13:42:09.177] [SEVERE ] setting player 4 freeze to 0
[13:42:09.178] [SEVERE ] removing player 4 token from slot 11
[13:42:09.178] [SEVERE ] player 4 placing token on slot 6
[13:42:09.187] [SEVERE ] setting player 1 freeze to 0
[13:42:09.187] [SEVERE ] setting player 1 freeze to 0
[13:42:09.188] [SEVERE ] setting player 1 freeze to 0
[13:42:09.188] [SEVERE ] setting player 1 freeze to 0
[13:42:09.189] [SEVERE ] removing player 1 token from slot 1
[13:42:09.189] [SEVERE ] removing player 1 token from slot 0
[13:42:09.189] [SEVERE ] removing player 1 token from slot 9
[13:42:09.190] [SEVERE ] player 1 placing token on slot 3
[13:42:09.190] [SEVERE ] player 1 placing token on slot 1
[13:42:09.191] [SEVERE ] player 1 placing token on slot 11
[13:42:09.197] [SEVERE ] setting player 3 freeze to 0
[13:42:09.197] [SEVERE ] setting player 3 freeze to 0
[13:42:09.198] [SEVERE ] setting player 3 freeze to 0
[13:42:09.198] [SEVERE ] setting player 3 freeze to 0
[13:42:09.199] [SEVERE ] removing player 3 token from slot 9
[13:42:09.199] [SEVERE ] player 3 placing token on slot 9
[13:42:09.208] [SEVERE ] setting player 2 freeze to 0
[13:42:09.208] [SEVERE ] setting player 2 freeze to 0
[13:42:09.208] [SEVERE ] setting player 2 freeze to 0
[13:42:09.209] [SEVERE ] setting player 2 freeze to 0
[13:42:09.209] [SEVERE ] removing player 2 token from slot 7
[13:42:09.209] [SEVERE ] player 2 placing token on slot 10
[13:42:09.218] [SEVERE ] setting player 4 freeze to 0
[13:42:09.218] [SEVERE ] setting player 4 freeze to 0
[13:42:09.218] [SEVERE ] setting player 4 freeze to 0
[13:42:09.219] [SEVERE ] setting player 4 freeze to 0
[13:42:09.219] [SEVERE ] removing player 4 token from slot 1
[13:42:09.220] [SEVERE ] player 4 placing token on slot 4
[13:42:09.228] [SEVERE ] setting player 1 freeze to 0
[13:42:09.228] [SEVERE ] setting player 1 freeze to 0
[13:42:09.228] [SEVERE ] setting player 1 freeze to 0
[13:42:09.229] [SEVERE ] setting player 1 freeze to 0
[13:42:09.229] [SEVERE ] removing player 1 token from slot 1
[13:42:09.230] [SEVERE ] player 1 placing token on slot 5
[13:42:09.238] [SEVERE ] setting player 3 freeze to 0
[13:42:09.238] [SEVERE ] setting player 3 freeze to 0
[13:42:09.239] [SEVERE ] setting player 3 freeze to 0
[13:42:09.239] [SEVERE ] setting player 3 freeze to 0
[13:42:09.240] [SEVERE ] removing player 3 token from slot 1
[13:42:09.240] [SEVERE ] player 3 placing token on slot 10
[13:42:09.248] [SEVERE ] setting player 2 freeze to 0
[13:42:09.248] [SEVERE ] setting player 2 freeze to 0
[13:42:09.249] [SEVERE ] setting player 2 freeze to 0
[13:42:09.249] [SEVERE ] setting player 2 freeze to 0
[13:42:09.250] [SEVERE ] removing player 2 token from slot 1
[13:42:09.250] [SEVERE ] player 2 placing token on slot 3
[13:42:09.258] [SEVERE ] setting player 4 freeze to 0
[13:42:09.258] [SEVERE ] setting player 4 freeze to 0
[13:42:09.259] [SEVERE ] setting player 4 freeze to 0
[13:42:09.259] [SEVERE ] setting player 4 freeze to 0
[13:42:09.260] [SEVERE ] removing player 4 token from slot 2
[13:42:09.260] [SEVERE ] player 4 placing token on slot 0
[13:42:09.269] [SEVERE ] setting player 1 freeze to 0
[13:42:09.269] [SEVERE ] setting player 1 freeze to 0
[13:42:09.269] [SEVERE ] setting player 1 freeze to 0
[13:42:09.270] [SEVERE ] setting player 1 freeze to 0
[13:42:09.270] [SEVERE ] removing player 1 token from slot 3
[13:42:09.271] [SEVERE ] player 1 placing token on slot 7
[13:42:09.279] [SEVERE ] setting player 3 freeze to 0
[13:42:09.279] [SEVERE ] setting player 3 freeze to 0
[13:42:09.279] [SEVERE ] setting player 3 freeze to 0
[13:42:09.279] [SEVERE ] setting player 3 freeze to 0
[13:42:09.280] [SEVERE ] removing player 3 token from slot 9
[13:42:09.280] [SEVERE ] player 3 placing token on slot 4
[13:42:09.289] [SEVERE ] setting player 2 freeze to 0
[13:42:09.289] [SEVERE ] setting player 2 freeze to 0
[13:42:09.290] [SEVERE ] setting player 2 freeze to 0
[13:42:09.290] [SEVERE ] setting player 2 freeze to 0
[13:42:09.290] [SEVERE ] removing player 2 token from slot 10
[13:42:09.291] [SEVERE ] player 2 placing token on slot 8
[13:42:09.299] [SEVERE ] setting player 4 freeze to 0
[13:42:09.299] [SEVERE ] setting player 4 freeze to 0
[13:42:09.300] [SEVERE ] setting player 4 freeze to 0
[13:42:09.300] [SEVERE ] setting player 4 freeze to 0
[13:42:09.301] [SEVERE ] removing player 4 token from slot 6
[13:42:09.301] [SEVERE ] removing player 4 token from slot 0
[13:42:09.302] [SEVERE ] removing player 4 token from slot 4
[13:42:09.302] [SEVERE ] player 4 placing token on slot 3
[13:42:09.302] [SEVERE ] player 4 placing token on slot 5
[13:42:09.303] [SEVERE ] removing player 4 token from slot 5
[13:42:09.303] [SEVERE ] player 4 placing token on slot 11
[13:42:09.304] [SEVERE ] player 4 placing token on slot 0
[13:42:09.309] [SEVERE ] setting player 1 freeze to 0
[13:42:09.309] [SEVERE ] setting player 1 freeze to 0
[13:42:09.310] [SEVERE ] setting player 1 freeze to 0
[13:42:09.310] [SEVERE ] setting player 1 freeze to 0
[13:42:09.311] [SEVERE ] removing player 1 token from slot 7
[13:42:09.311] [SEVERE ] player 1 placing token on slot 4
[13:42:09.320] [SEVERE ] setting player 3 freeze to 0
[13:42:09.320] [SEVERE ] setting player 3 freeze to 0
[13:42:09.320] [SEVERE ] setting player 3 freeze to 0
[13:42:09.321] [SEVERE ] setting player 3 freeze to 0
[13:42:09.321] [SEVERE ] removing player 3 token from slot 10
[13:42:09.322] [SEVERE ] player 3 placing token on slot 1
[13:42:09.330] [SEVERE ] setting player 2 freeze to 0
[13:42:09.330] [SEVERE ] setting player 2 freeze to 0
[13:42:09.330] [SEVERE ] setting player 2 freeze to 0
[13:42:09.331] [SEVERE ] setting player 2 freeze to 0
[13:42:09.331] [SEVERE ] removing player 2 token from slot 3
[13:42:09.331] [SEVERE ] player 2 placing token on slot 1
[13:42:09.340] [SEVERE ] setting player 4 freeze to 0
[13:42:09.340] [SEVERE ] setting player 4 freeze to 0
[13:42:09.341] [SEVERE ] setting player 4 freeze to 0
[13:42:09.341] [SEVERE ] setting player 4 freeze to 0
[13:42:09.342] [SEVERE ] removing player 4 token from slot 3
[13:42:09.342] [SEVERE ] player 4 placing token on slot 9
[13:42:09.350] [SEVERE ] setting player 1 freeze to 0
[13:42:09.350] [SEVERE ] setting player 1 freeze to 0
[13:42:09.350] [SEVERE ] setting player 1 freeze to 0
[13:42:09.350] [SEVERE ] setting player 1 freeze to 0
[13:42:09.351] [SEVERE ] removing player 1 token from slot 11
[13:42:09.352] [SEVERE ] player 1 placing token on slot 2
[13:42:09.361] [SEVERE ] setting player 3 freeze to 0
[13:42:09.361] [SEVERE ] setting player 3 freeze to 0
[13:42:09.361] [SEVERE ] setting player 3 freeze to 0
[13:42:09.362] [SEVERE ] setting player 3 freeze to 0
[13:42:09.362] [SEVERE ] removing player 3 token from slot 4
[13:42:09.362] [SEVERE ] player 3 placing token on slot 7
[13:42:09.371] [SEVERE ] setting player 2 freeze to 0
[13:42:09.371] [SEVERE ] setting player 2 freeze to 0
[13:42:09.371] [SEVERE ] setting player 2 freeze to 0
[13:42:09.372] [SEVERE ] setting player 2 freeze to 0
[13:42:09.372] [SEVERE ] removing player 2 token from slot 1
[13:42:09.373] [SEVERE ] player 2 placing token on slot 3
[13:42:09.381] [SEVERE ] setting player 4 freeze to 0
[13:42:09.381] [SEVERE ] setting player 4 freeze to 0
[13:42:09.381] [SEVERE ] setting player 4 freeze to 0
[13:42:09.382] [SEVERE ] setting player 4 freeze to 0
[13:42:09.382] [SEVERE ] removing player 4 token from slot 9
[13:42:09.383] [SEVERE ] player 4 placing token on slot 8
[13:42:09.391] [SEVERE ] setting player 1 freeze to 0
[13:42:09.391] [SEVERE ] setting player 1 freeze to 0
[13:42:09.391] [SEVERE ] setting player 1 freeze to 0
[13:42:09.392] [SEVERE ] setting player 1 freeze to 0
[13:42:09.392] [SEVERE ] removing player 1 token from slot 5
[13:42:09.393] [SEVERE ] player 1 placing token on slot 9
[13:42:09.402] [SEVERE ] setting player 3 freeze to 0
[13:42:09.402] [SEVERE ] setting player 3 freeze to 0
[13:42:09.402] [SEVERE ] setting player 3 freeze to 0
[13:42:09.403] [SEVERE ] setting player 3 freeze to 0
[13:42:09.403] [SEVERE ] removing player 3 token from slot 8
[13:42:09.403] [SEVERE ] player 3 placing token on slot 2
[13:42:09.412] [SEVERE ] setting player 2 freeze to 0
[13:42:09.412] [SEVERE ] setting player 2 freeze to 0
[13:42:09.412] [SEVERE ] setting player 2 freeze to 0
[13:42:09.413] [SEVERE ] setting player 2 freeze to 0
[13:42:09.413] [SEVERE ] removing player 2 token from slot 8
[13:42:09.414] [SEVERE ] removing player 2 token from slot 3
[13:42:09.414] [SEVERE ] player 2 placing token on slot 10
[13:42:09.415] [SEVERE ] player 2 placing token on slot 4
[13:42:09.422] [SEVERE ] setting player 4 freeze to 0
[13:42:09.422] [SEVERE ] setting player 4 freeze to 0
[13:42:09.423] [SEVERE ] setting player 4 freeze to 0
[13:42:09.423] [SEVERE ] setting player 4 freeze to 0
[13:42:09.423] [SEVERE ] removing player 4 token from slot 0
[13:42:09.424] [SEVERE ] player 4 placing token on slot 0
[13:42:09.432] [SEVERE ] setting player 1 freeze to 0
[13:42:09.432] [SEVERE ] setting player 1 freeze to 0
[13:42:09.432] [SEVERE ] setting player 1 freeze to 0
[13:42:09.433] [SEVERE ] setting player 1 freeze to 0
[13:42:09.433] [SEVERE ] removing player 1 token from slot 9
[13:42:09.434] [SEVERE ] player 1 placing token on slot 0
[13:42:09.443] [SEVERE ] setting player 3 freeze to 0
[13:42:09.443] [SEVERE ] setting player 3 freeze to 0
[13:42:09.443] [SEVERE ] setting player 3 freeze to 0
[13:42:09.444] [SEVERE ] setting player 3 freeze to 0
[13:42:09.444] [SEVERE ] removing player 3 token from slot 2
[13:42:09.445] [SEVERE ] player 3 placing token on slot 9
[13:42:09.453] [SEVERE ] setting player 2 freeze to 0
[13:42:09.453] [SEVERE ] setting player 2 freeze to 0
[13:42:09.453] [SEVERE ] setting player 2 freeze to 0
[13:42:09.454] [SEVERE ] setting player 2 freeze to 0
[13:42:09.454] [SEVERE ] removing player 2 token from slot 10
[13:42:09.455] [SEVERE ] player 2 placing token on slot 9
[13:42:09.463] [SEVERE ] setting player 4 freeze to 0
[13:42:09.463] [SEVERE ] setting player 4 freeze to 0
[13:42:09.463] [SEVERE ] setting player 4 freeze to 0
[13:42:09.464] [SEVERE ] setting player 4 freeze to 0
[13:42:09.473] [SEVERE ] setting player 1 freeze to 0
[13:42:09.479] [SEVERE ] removing player 4 token from slot 11
[13:42:09.479] [SEVERE ] setting player 1 freeze to 0
[13:42:09.480] [SEVERE ] player 4 placing token on slot 11
[13:42:09.480] [SEVERE ] setting player 1 freeze to 0
[13:42:09.481] [SEVERE ] setting player 1 freeze to 0
[13:42:09.482] [SEVERE ] removing player 1 token from slot 0
[13:42:09.482] [SEVERE ] player 1 placing token on slot 6
[13:42:09.484] [SEVERE ] setting player 3 freeze to 0
[13:42:09.484] [SEVERE ] setting player 3 freeze to 0
[13:42:09.484] [SEVERE ] setting player 3 freeze to 0
[13:42:09.485] [SEVERE ] setting player 3 freeze to 0
[13:42:09.485] [SEVERE ] removing player 3 token from slot 1
[13:42:09.485] [SEVERE ] player 3 placing token on slot 11
[13:42:09.494] [SEVERE ] setting player 2 freeze to 0
[13:42:09.494] [SEVERE ] setting player 2 freeze to 0
[13:42:09.494] [SEVERE ] setting player 2 freeze to 0
[13:42:09.495] [SEVERE ] setting player 2 freeze to 0
[13:42:09.495] [SEVERE ] removing player 2 token from slot 4
[13:42:09.496] [SEVERE ] removing player 2 token from slot 9
[13:42:09.496] [SEVERE ] player 2 placing token on slot 0
[13:42:09.496] [SEVERE ] player 2 placing token on slot 1
[13:42:09.504] [SEVERE ] setting player 4 freeze to 0
[13:42:09.504] [SEVERE ] setting player 4 freeze to 0
[13:42:09.505] [SEVERE ] setting player 4 freeze to 0
[13:42:09.505] [SEVERE ] setting player 4 freeze to 0
[13:42:09.506] [SEVERE ] removing player 4 token from slot 8
[13:42:09.506] [SEVERE ] removing player 4 token from slot 11
[13:42:09.506] [SEVERE ] removing player 4 token from slot 0
[13:42:09.507] [SEVERE ] player 4 placing token on slot 3
[13:42:09.507] [SEVERE ] player 4 placing token on slot 6
[13:42:09.508] [SEVERE ] player 4 placing token on slot 10
[13:42:09.514] [SEVERE ] setting player 1 freeze to 0
[13:42:09.515] [SEVERE ] setting player 1 freeze to 0
[13:42:09.515] [SEVERE ] setting player 1 freeze to 0
[13:42:09.516] [SEVERE ] setting player 1 freeze to 0
[13:42:09.516] [SEVERE ] removing player 1 token from slot 6
[13:42:09.517] [SEVERE ] player 1 placing token on slot 0
[13:42:09.525] [SEVERE ] setting player 3 freeze to 0
[13:42:09.525] [SEVERE ] setting player 3 freeze to 0
[13:42:09.525] [SEVERE ] setting player 3 freeze to 0
[13:42:09.526] [SEVERE ] setting player 3 freeze to 0
[13:42:09.526] [SEVERE ] removing player 3 token from slot 11
[13:42:09.527] [SEVERE ] player 3 placing token on slot 5
[13:42:09.535] [SEVERE ] setting player 2 freeze to 0
[13:42:09.535] [SEVERE ] setting player 2 freeze to 0
[13:42:09.536] [SEVERE ] setting player 2 freeze to 0
[13:42:09.536] [SEVERE ] setting player 2 freeze to 0
[13:42:09.536] [SEVERE ] removing player 2 token from slot 1
[13:42:09.537] [SEVERE ] removing player 2 token from slot 2
[13:42:09.537] [SEVERE ] player 2 placing token on slot 11
[13:42:09.538] [SEVERE ] removing player 2 token from slot 11
[13:42:09.538] [SEVERE ] player 2 placing token on slot 8
[13:42:09.538] [SEVERE ] player 2 placing token on slot 9
[13:42:09.545] [SEVERE ] setting player 4 freeze to 0
[13:42:09.545] [SEVERE ] setting player 4 freeze to 0
[13:42:09.546] [SEVERE ] setting player 4 freeze to 0
[13:42:09.546] [SEVERE ] setting player 4 freeze to 0
[13:42:09.547] [SEVERE ] removing player 4 token from slot 10
[13:42:09.547] [SEVERE ] player 4 placing token on slot 2
[13:42:09.555] [SEVERE ] setting player 1 freeze to 0
[13:42:09.556] [SEVERE ] setting player 1 freeze to 0
[13:42:09.556] [SEVERE ] setting player 1 freeze to 0
[13:42:09.557] [SEVERE ] setting player 1 freeze to 0
[13:42:09.557] [SEVERE ] removing player 1 token from slot 2
[13:42:09.557] [SEVERE ] removing player 1 token from slot 4
[13:42:09.558] [SEVERE ] player 1 placing token on slot 2
[13:42:09.558] [SEVERE ] removing player 1 token from slot 0
[13:42:09.559] [SEVERE ] player 1 placing token on slot 11
[13:42:09.559] [SEVERE ] player 1 placing token on slot 8
[13:42:09.566] [SEVERE ] setting player 3 freeze to 0
[13:42:09.566] [SEVERE ] setting player 3 freeze to 0
[13:42:09.566] [SEVERE ] setting player 3 freeze to 0
[13:42:09.567] [SEVERE ] setting player 3 freeze to 0
[13:42:09.567] [SEVERE ] removing player 3 token from slot 5
[13:42:09.568] [SEVERE ] player 3 placing token on slot 5
[13:42:09.576] [SEVERE ] setting player 2 freeze to 0
[13:42:09.576] [SEVERE ] setting player 2 freeze to 0
[13:42:09.577] [SEVERE ] setting player 2 freeze to 0
[13:42:09.577] [SEVERE ] setting player 2 freeze to 0
[13:42:09.578] [SEVERE ] removing player 2 token from slot 8
[13:42:09.578] [SEVERE ] player 2 placing token on slot 2
[13:42:09.586] [SEVERE ] setting player 4 freeze to 0
[13:42:09.586] [SEVERE ] setting player 4 freeze to 0
[13:42:09.587] [SEVERE ] setting player 4 freeze to 0
[13:42:09.587] [SEVERE ] setting player 4 freeze to 0
[13:42:09.588] [SEVERE ] removing player 4 token from slot 2
[13:42:09.588] [SEVERE ] removing player 4 token from slot 6
[13:42:09.588] [SEVERE ] player 4 placing token on slot 11
[13:42:09.589] [SEVERE ] player 4 placing token on slot 8
[13:42:09.596] [SEVERE ] setting player 1 freeze to 0
[13:42:09.597] [SEVERE ] setting player 1 freeze to 0
[13:42:09.597] [SEVERE ] setting player 1 freeze to 0
[13:42:09.598] [SEVERE ] setting player 1 freeze to 0
[13:42:09.599] [SEVERE ] removing player 1 token from slot 8
[13:42:09.600] [SEVERE ] player 1 placing token on slot 9
[13:42:09.607] [SEVERE ] setting player 3 freeze to 0
[13:42:09.607] [SEVERE ] setting player 3 freeze to 0
[13:42:09.607] [SEVERE ] setting player 3 freeze to 0
[13:42:09.608] [SEVERE ] setting player 3 freeze to 0
[13:42:09.608] [SEVERE ] removing player 3 token from slot 5
[13:42:09.609] [SEVERE ] removing player 3 token from slot 9
[13:42:09.609] [SEVERE ] player 3 placing token on slot 1
[13:42:09.609] [SEVERE ] player 3 placing token on slot 3
[13:42:09.617] [SEVERE ] setting player 2 freeze to 0
[13:42:09.617] [SEVERE ] setting player 2 freeze to 0
[13:42:09.617] [SEVERE ] setting player 2 freeze to 0
[13:42:09.618] [SEVERE ] setting player 2 freeze to 0
[13:42:09.618] [SEVERE ] removing player 2 token from slot 2
[13:42:09.619] [SEVERE ] player 2 placing token on slot 11
[13:42:09.627] [SEVERE ] setting player 4 freeze to 0
[13:42:09.627] [SEVERE ] setting player 4 freeze to 0
[13:42:09.628] [SEVERE ] setting player 4 freeze to 0
[13:42:09.628] [SEVERE ] setting player 4 freeze to 0
[13:42:09.629] [SEVERE ] removing player 4 token from slot 8
[13:42:09.629] [SEVERE ] player 4 placing token on slot 2
[13:42:09.637] [SEVERE ] setting player 1 freeze to 0
[13:42:09.638] [SEVERE ] setting player 1 freeze to 0
[13:42:09.638] [SEVERE ] setting player 1 freeze to 0
[13:42:09.638] [SEVERE ] setting player 1 freeze to 0
[13:42:09.639] [SEVERE ] removing player 1 token from slot 9
[13:42:09.639] [SEVERE ] player 1 placing token on slot 6
[13:42:09.648] [SEVERE ] setting player 3 freeze to 0
[13:42:09.648] [SEVERE ] setting player 3 freeze to 0
[13:42:09.648] [SEVERE ] setting player 3 freeze to 0
[13:42:09.648] [SEVERE ] setting player 3 freeze to 0
[13:42:09.649] [SEVERE ] removing player 3 token from slot 7
[13:42:09.649] [SEVERE ] player 3 placing token on slot 9
[13:42:09.658] [SEVERE ] setting player 2 freeze to 0
[13:42:09.658] [SEVERE ] setting player 2 freeze to 0
[13:42:09.659] [SEVERE ] setting player 2 freeze to 0
[13:42:09.659] [SEVERE ] setting player 2 freeze to 0
[13:42:09.660] [SEVERE ] removing player 2 token from slot 11
[13:42:09.660] [SEVERE ] player 2 placing token on slot 8
[13:42:09.668] [SEVERE ] setting player 4 freeze to 0
[13:42:09.668] [SEVERE ] setting player 4 freeze to 0
[13:42:09.668] [SEVERE ] setting player 4 freeze to 0
[13:42:09.669] [SEVERE ] setting player 4 freeze to 0
[13:42:09.669] [SEVERE ] removing player 4 token from slot 11
[13:42:09.670] [SEVERE ] player 4 placing token on slot 10
[13:42:09.678] [SEVERE ] setting player 1 freeze to 0
[13:42:09.679] [SEVERE ] setting player 1 freeze to 0
[13:42:09.679] [SEVERE ] setting player 1 freeze to 0
[13:42:09.679] [SEVERE ] setting player 1 freeze to 0
[13:42:09.680] [SEVERE ] removing player 1 token from slot 11
[13:42:09.680] [SEVERE ] player 1 placing token on slot 5
[13:42:09.689] [SEVERE ] setting player 3 freeze to 0
[13:42:09.689] [SEVERE ] setting player 3 freeze to 0
[13:42:09.689] [SEVERE ] setting player 3 freeze to 0
[13:42:09.690] [SEVERE ] setting player 3 freeze to 0
[13:42:09.690] [SEVERE ] removing player 3 token from slot 1
[13:42:09.691] [SEVERE ] player 3 placing token on slot 2
[13:42:09.699] [SEVERE ] setting player 2 freeze to 0
[13:42:09.699] [SEVERE ] setting player 2 freeze to 0
[13:42:09.699] [SEVERE ] setting player 2 freeze to 0
[13:42:09.700] [SEVERE ] setting player 2 freeze to 0
[13:42:09.700] [SEVERE ] removing player 2 token from slot 0
[13:42:09.701] [SEVERE ] player 2 placing token on slot 5
[13:42:09.709] [SEVERE ] setting player 4 freeze to 0
[13:42:09.709] [SEVERE ] setting player 4 freeze to 0
[13:42:09.710] [SEVERE ] setting player 4 freeze to 0
[13:42:09.710] [SEVERE ] setting player 4 freeze to 0
[13:42:09.710] [SEVERE ] removing player 4 token from slot 10
[13:42:09.711] [SEVERE ] player 4 placing token on slot 1
[13:42:09.719] [SEVERE ] setting player 1 freeze to 0
[13:42:09.719] [SEVERE ] setting player 1 freeze to 0
[13:42:09.720] [SEVERE ] setting player 1 freeze to 0
[13:42:09.720] [SEVERE ] setting player 1 freeze to 0
[13:42:09.721] [SEVERE ] removing player 1 token from slot 2
[13:42:09.721] [SEVERE ] player 1 placing token on slot 0
[13:42:09.729] [SEVERE ] setting player 3 freeze to 0
[13:42:09.730] [SEVERE ] setting player 3 freeze to 0
[13:42:09.730] [SEVERE ] setting player 3 freeze to 0
[13:42:09.730] [SEVERE ] setting player 3 freeze to 0
[13:42:09.731] [SEVERE ] removing player 3 token from slot 9
[13:42:09.731] [SEVERE ] player 3 placing token on slot 10
[13:42:09.740] [SEVERE ] setting player 2 freeze to 0
[13:42:09.740] [SEVERE ] setting player 2 freeze to 0
[13:42:09.740] [SEVERE ] setting player 2 freeze to 0
[13:42:09.740] [SEVERE ] setting player 2 freeze to 0
[13:42:09.741] [SEVERE ] removing player 2 token from slot 5
[13:42:09.741] [SEVERE ] player 2 placing token on slot 4
[13:42:09.750] [SEVERE ] setting player 4 freeze to 0
[13:42:09.750] [SEVERE ] setting player 4 freeze to 0
[13:42:09.750] [SEVERE ] setting player 4 freeze to 0
[13:42:09.751] [SEVERE ] setting player 4 freeze to 0
[13:42:09.751] [SEVERE ] removing player 4 token from slot 1
[13:42:09.752] [SEVERE ] player 4 placing token on slot 11
[13:42:09.760] [SEVERE ] setting player 1 freeze to 0
[13:42:09.760] [SEVERE ] setting player 1 freeze to 0
[13:42:09.761] [SEVERE ] setting player 1 freeze to 0
[13:42:09.761] [SEVERE ] setting player 1 freeze to 0
[13:42:09.762] [SEVERE ] removing player 1 token from slot 0
[13:42:09.762] [SEVERE ] player 1 placing token on slot 3
[13:42:09.770] [SEVERE ] setting player 3 freeze to 0
[13:42:09.770] [SEVERE ] setting player 3 freeze to 0
[13:42:09.771] [SEVERE ] setting player 3 freeze to 0
[13:42:09.771] [SEVERE ] setting player 3 freeze to 0
[13:42:09.772] [SEVERE ] removing player 3 token from slot 2
[13:42:09.772] [SEVERE ] player 3 placing token on slot 7
[13:42:09.780] [SEVERE ] setting player 2 freeze to 0
[13:42:09.781] [SEVERE ] setting player 2 freeze to 0
[13:42:09.781] [SEVERE ] setting player 2 freeze to 0
[13:42:09.781] [SEVERE ] setting player 2 freeze to 0
[13:42:09.782] [SEVERE ] removing player 2 token from slot 8
[13:42:09.782] [SEVERE ] removing player 2 token from slot 9
[13:42:09.782] [SEVERE ] player 2 placing token on slot 1
[13:42:09.783] [SEVERE ] player 2 placing token on slot 8
[13:42:09.791] [SEVERE ] setting player 4 freeze to 0
[13:42:09.791] [SEVERE ] setting player 4 freeze to 0
[13:42:09.791] [SEVERE ] setting player 4 freeze to 0
[13:42:09.792] [SEVERE ] setting player 4 freeze to 0
[13:42:09.792] [SEVERE ] removing player 4 token from slot 3
[13:42:09.793] [SEVERE ] player 4 placing token on slot 1
[13:42:09.801] [SEVERE ] setting player 1 freeze to 0
[13:42:09.801] [SEVERE ] setting player 1 freeze to 0
[13:42:09.802] [SEVERE ] setting player 1 freeze to 0
[13:42:09.802] [SEVERE ] setting player 1 freeze to 0
[13:42:09.802] [SEVERE ] removing player 1 token from slot 5
[13:42:09.803] [SEVERE ] player 1 placing token on slot 10
[13:42:09.811] [SEVERE ] setting player 3 freeze to 0
[13:42:09.811] [SEVERE ] setting player 3 freeze to 0
[13:42:09.812] [SEVERE ] setting player 3 freeze to 0
[13:42:09.812] [SEVERE ] setting player 3 freeze to 0
[13:42:09.813] [SEVERE ] removing player 3 token from slot 10
[13:42:09.813] [SEVERE ] player 3 placing token on slot 1
[13:42:09.821] [SEVERE ] setting player 2 freeze to 0
[13:42:09.822] [SEVERE ] setting player 2 freeze to 0
[13:42:09.822] [SEVERE ] setting player 2 freeze to 0
[13:42:09.822] [SEVERE ] setting player 2 freeze to 0
[13:42:09.823] [SEVERE ] removing player 2 token from slot 4
[13:42:09.823] [SEVERE ] player 2 placing token on slot 11
[13:42:09.832] [SEVERE ] setting player 4 freeze to 0
[13:42:09.832] [SEVERE ] setting player 4 freeze to 0
[13:42:09.832] [SEVERE ] setting player 4 freeze to 0
[13:42:09.832] [SEVERE ] setting player 4 freeze to 0
[13:42:09.833] [SEVERE ] removing player 4 token from slot 11
[13:42:09.833] [SEVERE ] player 4 placing token on slot 9
[13:42:09.842] [SEVERE ] setting player 1 freeze to 0
[13:42:09.842] [SEVERE ] setting player 1 freeze to 0
[13:42:09.843] [SEVERE ] setting player 1 freeze to 0
[13:42:09.843] [SEVERE ] setting player 1 freeze to 0
[13:42:09.843] [SEVERE ] removing player 1 token from slot 10
[13:42:09.844] [SEVERE ] player 1 placing token on slot 4
[13:42:09.852] [SEVERE ] setting player 3 freeze to 0
[13:42:09.852] [SEVERE ] setting player 3 freeze to 0
[13:42:09.853] [SEVERE ] setting player 3 freeze to 0
[13:42:09.853] [SEVERE ] setting player 3 freeze to 0
[13:42:09.854] [SEVERE ] removing player 3 token from slot 7
[13:42:09.854] [SEVERE ] player 3 placing token on slot 8
[13:42:09.862] [SEVERE ] setting player 2 freeze to 0
[13:42:09.863] [SEVERE ] setting player 2 freeze to 0
[13:42:09.863] [SEVERE ] setting player 2 freeze to 0
[13:42:09.864] [SEVERE ] setting player 2 freeze to 0
[13:42:09.864] [SEVERE ] removing player 2 token from slot 8
[13:42:09.865] [SEVERE ] player 2 placing token on slot 4
[13:42:09.873] [SEVERE ] setting player 4 freeze to 0
[13:42:09.873] [SEVERE ] setting player 4 freeze to 0
[13:42:09.873] [SEVERE ] setting player 4 freeze to 0
[13:42:09.874] [SEVERE ] setting player 4 freeze to 0
[13:42:09.874] [SEVERE ] removing player 4 token from slot 9
[13:42:09.875] [SEVERE ] player 4 placing token on slot 8
[13:42:09.883] [SEVERE ] setting player 1 freeze to 0
[13:42:09.883] [SEVERE ] setting player 1 freeze to 0
[13:42:09.883] [SEVERE ] setting player 1 freeze to 0
[13:42:09.884] [SEVERE ] setting player 1 freeze to 0
[13:42:09.884] [SEVERE ] removing player 1 token from slot 6
[13:42:09.885] [SEVERE ] player 1 placing token on slot 0
[13:42:09.893] [SEVERE ] setting player 3 freeze to 0
[13:42:09.893] [SEVERE ] setting player 3 freeze to 0
[13:42:09.894] [SEVERE ] setting player 3 freeze to 0
[13:42:09.894] [SEVERE ] setting player 3 freeze to 0
[13:42:09.895] [SEVERE ] removing player 3 token from slot 3
[13:42:09.895] [SEVERE ] player 3 placing token on slot 0
[13:42:09.903] [SEVERE ] setting player 2 freeze to 0
[13:42:09.904] [SEVERE ] setting player 2 freeze to 0
[13:42:09.904] [SEVERE ] setting player 2 freeze to 0
[13:42:09.905] [SEVERE ] setting player 2 freeze to 0
[13:42:09.905] [SEVERE ] removing player 2 token from slot 11
[13:42:09.906] [SEVERE ] removing player 2 token from slot 4
[13:42:09.906] [SEVERE ] player 2 placing token on slot 2
[13:42:09.907] [SEVERE ] player 2 placing token on slot 0
[13:42:09.914] [SEVERE ] setting player 4 freeze to 0
[13:42:09.914] [SEVERE ] setting player 4 freeze to 0
[13:42:09.914] [SEVERE ] setting player 4 freeze to 0
[13:42:09.915] [SEVERE ] setting player 4 freeze to 0
[13:42:09.915] [SEVERE ] removing player 4 token from slot 2
[13:42:09.916] [SEVERE ] player 4 placing token on slot 3
[13:42:09.924] [SEVERE ] setting player 1 freeze to 0
[13:42:09.924] [SEVERE ] setting player 1 freeze to 0
[13:42:09.924] [SEVERE ] setting player 1 freeze to 0
[13:42:09.925] [SEVERE ] setting player 1 freeze to 0
[13:42:09.925] [SEVERE ] removing player 1 token from slot 3
[13:42:09.926] [SEVERE ] player 1 placing token on slot 8
[13:42:09.934] [SEVERE ] setting player 3 freeze to 0
[13:42:09.934] [SEVERE ] setting player 3 freeze to 0
[13:42:09.935] [SEVERE ] setting player 3 freeze to 0
[13:42:09.935] [SEVERE ] setting player 3 freeze to 0
[13:42:09.936] [SEVERE ] removing player 3 token from slot 1
[13:42:09.936] [SEVERE ] removing player 3 token from slot 8
[13:42:09.937] [SEVERE ] player 3 placing token on slot 11
[13:42:09.937] [SEVERE ] player 3 placing token on slot 6
[13:42:09.944] [SEVERE ] setting player 2 freeze to 0
[13:42:09.944] [SEVERE ] setting player 2 freeze to 0
[13:42:09.945] [SEVERE ] setting player 2 freeze to 0
[13:42:09.945] [SEVERE ] setting player 2 freeze to 0
[13:42:09.946] [SEVERE ] removing player 2 token from slot 1
[13:42:09.946] [SEVERE ] player 2 placing token on slot 7
[13:42:09.955] [SEVERE ] setting player 4 freeze to 0
[13:42:09.955] [SEVERE ] setting player 4 freeze to 0
[13:42:09.955] [SEVERE ] setting player 4 freeze to 0
[13:42:09.955] [SEVERE ] setting player 4 freeze to 0
[13:42:09.956] [SEVERE ] removing player 4 token from slot 3
[13:42:09.956] [SEVERE ] player 4 placing token on slot 9
[13:42:09.965] [SEVERE ] setting player 1 freeze to 0
[13:42:09.965] [SEVERE ] setting player 1 freeze to 0
[13:42:09.965] [SEVERE ] setting player 1 freeze to 0
[13:42:09.966] [SEVERE ] setting player 1 freeze to 0
[13:42:09.966] [SEVERE ] removing player 1 token from slot 8
[13:42:09.967] [SEVERE ] player 1 placing token on slot 6
[13:42:09.975] [SEVERE ] setting player 3 freeze to 0
[13:42:09.975] [SEVERE ] setting player 3 freeze to 0
[13:42:09.975] [SEVERE ] setting player 3 freeze to 0
[13:42:09.976] [SEVERE ] setting player 3 freeze to 0
[13:42:09.976] [SEVERE ] removing player 3 token from slot 11
[13:42:09.977] [SEVERE ] player 3 placing token on slot 11
[13:42:09.985] [SEVERE ] setting player 2 freeze to 0
[13:42:09.985] [SEVERE ] setting player 2 freeze to 0
[13:42:09.985] [SEVERE ] setting player 2 freeze to 0
[13:42:09.985] [SEVERE ] setting player 2 freeze to 0
[13:42:09.986] [SEVERE ] removing player 2 token from slot 7
[13:42:09.986] [SEVERE ] removing player 2 token from slot 0
[13:42:09.987] [SEVERE ] player 2 placing token on slot 8
[13:42:09.987] [SEVERE ] player 2 placing token on slot 1
[13:42:09.995] [SEVERE ] setting player 4 freeze to 0
[13:42:09.995] [SEVERE ] setting player 4 freeze to 0
[13:42:09.995] [SEVERE ] setting player 4 freeze to 0
[13:42:09.996] [SEVERE ] setting player 4 freeze to 0
[13:42:09.996] [SEVERE ] removing player 4 token from slot 8
[13:42:09.997] [SEVERE ] player 4 placing token on slot 0
[13:42:10.006] [SEVERE ] setting player 1 freeze to 0
[13:42:10.006] [SEVERE ] setting player 1 freeze to 0
[13:42:10.012] [SEVERE ] setting player 1 freeze to 0
[13:42:10.012] [SEVERE ] setting player 1 freeze to 0
[13:42:10.012] [SEVERE ] removing player 1 token from slot 0
[13:42:10.013] [SEVERE ] player 1 placing token on slot 0
[13:42:10.016] [SEVERE ] setting player 3 freeze to 0
[13:42:10.016] [SEVERE ] setting player 3 freeze to 0
[13:42:10.016] [SEVERE ] setting player 3 freeze to 0
[13:42:10.017] [SEVERE ] setting player 3 freeze to 0
[13:42:10.047] [SEVERE ] setting player 1 freeze to 0
[13:42:10.036] [SEVERE ] setting player 4 freeze to 0
[13:42:10.026] [SEVERE ] setting player 2 freeze to 0
[13:42:10.066] [SEVERE ] setting player 4 freeze to 0
[13:42:10.066] [SEVERE ] setting player 1 freeze to 0
[13:42:10.067] [SEVERE ] setting player 1 freeze to 0
[13:42:10.065] [SEVERE ] removing player 3 token from slot 6
[13:42:10.068] [SEVERE ] setting player 1 freeze to 0
[13:42:10.067] [SEVERE ] setting player 4 freeze to 0
[13:42:10.067] [SEVERE ] setting player 2 freeze to 0
[13:42:10.070] [SEVERE ] setting player 2 freeze to 0
[13:42:10.069] [SEVERE ] setting player 4 freeze to 0
[13:42:10.068] [SEVERE ] player 3 placing token on slot 10
[13:42:10.070] [SEVERE ] setting player 2 freeze to 0
[13:42:10.071] [SEVERE ] removing player 4 token from slot 9
[13:42:10.072] [SEVERE ] removing player 2 token from slot 8
[13:42:10.073] [SEVERE ] player 4 placing token on slot 3
[13:42:10.073] [SEVERE ] player 2 placing token on slot 8
[13:42:10.079] [SEVERE ] setting player 3 freeze to 0
[13:42:10.079] [SEVERE ] setting player 3 freeze to 0
[13:42:10.079] [SEVERE ] setting player 3 freeze to 0
[13:42:10.080] [SEVERE ] setting player 3 freeze to 0
[13:42:10.080] [SEVERE ] removing player 3 token from slot 10
[13:42:10.081] [SEVERE ] player 3 placing token on slot 8
[13:42:10.089] [SEVERE ] setting player 4 freeze to 0
[13:42:10.089] [SEVERE ] setting player 4 freeze to 0
[13:42:10.089] [SEVERE ] setting player 4 freeze to 0
[13:42:10.090] [SEVERE ] setting player 4 freeze to 0
[13:42:10.090] [SEVERE ] removing player 4 token from slot 3
[13:42:10.091] [SEVERE ] player 4 placing token on slot 4
[13:42:10.099] [SEVERE ] setting player 2 freeze to 0
[13:42:10.100] [SEVERE ] setting player 2 freeze to 0
[13:42:10.100] [SEVERE ] setting player 2 freeze to 0
[13:42:10.100] [SEVERE ] setting player 2 freeze to 0
[13:42:10.100] [SEVERE ] removing player 2 token from slot 1
[13:42:10.101] [SEVERE ] player 2 placing token on slot 0
[13:42:10.110] [SEVERE ] setting player 3 freeze to 0
[13:42:10.110] [SEVERE ] setting player 3 freeze to 0
[13:42:10.110] [SEVERE ] setting player 3 freeze to 0
[13:42:10.111] [SEVERE ] setting player 3 freeze to 0
[13:42:10.111] [SEVERE ] removing player 3 token from slot 11
[13:42:10.112] [SEVERE ] player 3 placing token on slot 6
[13:42:10.120] [SEVERE ] setting player 4 freeze to 0
[13:42:10.120] [SEVERE ] setting player 4 freeze to 0
[13:42:10.120] [SEVERE ] setting player 4 freeze to 0
[13:42:10.121] [SEVERE ] setting player 4 freeze to 0
[13:42:10.121] [SEVERE ] removing player 4 token from slot 1
[13:42:10.122] [SEVERE ] player 4 placing token on slot 8
[13:42:10.130] [SEVERE ] setting player 2 freeze to 0
[13:42:10.130] [SEVERE ] setting player 2 freeze to 0
[13:42:10.131] [SEVERE ] setting player 2 freeze to 0
[13:42:10.131] [SEVERE ] setting player 2 freeze to 0
[13:42:10.131] [SEVERE ] removing player 2 token from slot 0
[13:42:10.132] [SEVERE ] player 2 placing token on slot 7
[13:42:10.141] [SEVERE ] setting player 3 freeze to 0
[13:42:10.141] [SEVERE ] setting player 3 freeze to 0
[13:42:10.141] [SEVERE ] setting player 3 freeze to 0
[13:42:10.142] [SEVERE ] setting player 3 freeze to 0
[13:42:10.142] [SEVERE ] removing player 3 token from slot 6
[13:42:10.143] [SEVERE ] player 3 placing token on slot 7
[13:42:10.151] [SEVERE ] setting player 4 freeze to 0
[13:42:10.151] [SEVERE ] setting player 4 freeze to 0
[13:42:10.151] [SEVERE ] setting player 4 freeze to 0
[13:42:10.151] [SEVERE ] setting player 4 freeze to 0
[13:42:10.152] [SEVERE ] removing player 4 token from slot 4
[13:42:10.152] [SEVERE ] player 4 placing token on slot 3
[13:42:10.161] [SEVERE ] setting player 2 freeze to 0
[13:42:10.161] [SEVERE ] setting player 2 freeze to 0
[13:42:10.161] [SEVERE ] setting player 2 freeze to 0
[13:42:10.162] [SEVERE ] setting player 2 freeze to 0
[13:42:10.162] [SEVERE ] removing player 2 token from slot 2
[13:42:10.163] [SEVERE ] player 2 placing token on slot 9
[13:42:10.171] [SEVERE ] setting player 3 freeze to 0
[13:42:10.171] [SEVERE ] setting player 3 freeze to 0
[13:42:10.171] [SEVERE ] setting player 3 freeze to 0
[13:42:10.172] [SEVERE ] setting player 3 freeze to 0
[13:42:10.172] [SEVERE ] removing player 3 token from slot 0
[13:42:10.173] [SEVERE ] player 3 placing token on slot 4
[13:42:10.181] [SEVERE ] setting player 4 freeze to 0
[13:42:10.182] [SEVERE ] setting player 4 freeze to 0
[13:42:10.182] [SEVERE ] setting player 4 freeze to 0
[13:42:10.182] [SEVERE ] setting player 4 freeze to 0
[13:42:10.183] [SEVERE ] removing player 4 token from slot 3
[13:42:10.183] [SEVERE ] player 4 placing token on slot 4
[13:42:10.192] [SEVERE ] setting player 2 freeze to 0
[13:42:10.192] [SEVERE ] setting player 2 freeze to 0
[13:42:10.192] [SEVERE ] setting player 2 freeze to 0
[13:42:10.193] [SEVERE ] setting player 2 freeze to 0
[13:42:10.193] [SEVERE ] removing player 2 token from slot 8
[13:42:10.194] [SEVERE ] removing player 2 token from slot 7
[13:42:10.194] [SEVERE ] removing player 2 token from slot 9
[13:42:10.195] [SEVERE ] player 2 placing token on slot 1
[13:42:10.195] [SEVERE ] player 2 placing token on slot 7
[13:42:10.196] [SEVERE ] player 2 placing token on slot 4
[13:42:10.202] [SEVERE ] setting player 3 freeze to 0
[13:42:10.202] [SEVERE ] setting player 3 freeze to 0
[13:42:10.203] [SEVERE ] setting player 3 freeze to 0
[13:42:10.203] [SEVERE ] setting player 3 freeze to 0
[13:42:10.203] [SEVERE ] removing player 3 token from slot 7
[13:42:10.204] [SEVERE ] removing player 3 token from slot 8
[13:42:10.204] [SEVERE ] removing player 3 token from slot 4
[13:42:10.205] [SEVERE ] player 3 placing token on slot 6
[13:42:10.205] [SEVERE ] player 3 placing token on slot 8
[13:42:10.205] [SEVERE ] player 3 placing token on slot 3
[13:42:10.212] [SEVERE ] setting player 4 freeze to 0
[13:42:10.212] [SEVERE ] setting player 4 freeze to 0
[13:42:10.213] [SEVERE ] setting player 4 freeze to 0
[13:42:10.213] [SEVERE ] setting player 4 freeze to 0
[13:42:10.214] [SEVERE ] removing player 4 token from slot 8
[13:42:10.214] [SEVERE ] removing player 4 token from slot 0
[13:42:10.215] [SEVERE ] player 4 placing token on slot 11
[13:42:10.215] [SEVERE ] player 4 placing token on slot 8
[13:42:10.222] [SEVERE ] setting player 2 freeze to 0
[13:42:10.223] [SEVERE ] setting player 2 freeze to 0
[13:42:10.223] [SEVERE ] setting player 2 freeze to 0
[13:42:10.223] [SEVERE ] setting player 2 freeze to 0
[13:42:10.223] [SEVERE ] removing player 2 token from slot 7
[13:42:10.224] [SEVERE ] player 2 placing token on slot 6
[13:42:10.233] [SEVERE ] setting player 3 freeze to 0
[13:42:10.233] [SEVERE ] setting player 3 freeze to 0
[13:42:10.233] [SEVERE ] setting player 3 freeze to 0
[13:42:10.234] [SEVERE ] setting player 3 freeze to 0
[13:42:10.234] [SEVERE ] removing player 3 token from slot 8
[13:42:10.235] [SEVERE ] player 3 placing token on slot 4
[13:42:10.243] [SEVERE ] updating countdown to 5000
[13:42:10.243] [SEVERE ] setting player 4 score to 1
[13:42:10.243] [SEVERE ] removing player 4 token from slot 4
[13:42:10.244] [SEVERE ] setting player 4 freeze to 0
[13:42:10.244] [SEVERE ] setting player 4 freeze to 0
[13:42:10.245] [SEVERE ] removing player 4 token from slot 4
[13:42:10.245] [SEVERE ] player 4 placing token on slot 7
[13:42:10.344] [SEVERE ] removing card from slot 4
[13:42:10.344] [SEVERE ] removing player 4 token from slot 7
[13:42:10.445] [SEVERE ] removing card from slot 7
[13:42:10.445] [SEVERE ] removing player 4 token from slot 8
[13:42:10.546] [SEVERE ] removing card from slot 8
[13:42:10.546] [SEVERE ] removing player 4 token from slot 11
[13:42:10.646] [SEVERE ] removing card from slot 11
[13:42:10.647] [SEVERE ] removing player 1 token from slot 4
[13:42:10.647] [SEVERE ] removing player 2 token from slot 4
[13:42:10.648] [SEVERE ] removing player 3 token from slot 4
[13:42:10.648] [SEVERE ] removing player 4 token from slot 8
[13:42:10.649] [SEVERE ] removing player 4 token from slot 7
[13:42:10.650] [INFO   ] thread dealer terminated.
