[18:30:23.484] [INFO   ] thread main starting.
[18:30:23.504] [SEVERE ] cannot read configuration file config.properties trying from resources.
[18:30:23.505] [SEVERE ] configuration file was loaded from resources directory.
[18:30:23.892] [INFO   ] thread dealer starting.
[18:30:23.893] [INFO   ] Thread dealer starting.
[18:30:23.997] [SEVERE ] placing card 60 in slot 0
[18:30:24.098] [SEVERE ] placing card 74 in slot 1
[18:30:24.199] [SEVERE ] placing card 59 in slot 2
[18:30:24.300] [SEVERE ] placing card 47 in slot 3
[18:30:24.401] [SEVERE ] placing card 62 in slot 4
[18:30:24.502] [SEVERE ] placing card 49 in slot 5
[18:30:24.603] [SEVERE ] placing card 78 in slot 6
[18:30:24.704] [SEVERE ] placing card 67 in slot 7
[18:30:24.805] [SEVERE ] placing card 13 in slot 8
[18:30:24.907] [SEVERE ] placing card 54 in slot 9
[18:30:25.008] [SEVERE ] placing card 24 in slot 10
[18:30:25.109] [SEVERE ] placing card 6 in slot 11
[18:30:25.111] [INFO   ] Thread Thread-1starting.
[18:30:25.111] [INFO   ] Thread Thread-2starting.
[18:30:25.111] [SEVERE ] updating countdown to 60000
[18:30:26.114] [SEVERE ] updating countdown to 58997
[18:30:26.206] [SEVERE ] key 75 was pressed by player 2
[18:30:26.214] [SEVERE ] player 2 placing token on slot 5
[18:30:27.115] [SEVERE ] updating countdown to 57996
[18:30:27.354] [SEVERE ] key 74 was pressed by player 2
[18:30:27.358] [SEVERE ] player 2 placing token on slot 4
[18:30:28.035] [SEVERE ] key 76 was pressed by player 2
[18:30:28.037] [SEVERE ] player 2 placing token on slot 6
[18:30:28.116] [SEVERE ] updating countdown to 56995
[18:30:28.116] [SEVERE ] setting player 2 freeze to 3000
[18:30:29.116] [SEVERE ] updating countdown to 55995
[18:30:29.117] [SEVERE ] setting player 2 freeze to 2000
[18:30:29.315] [SEVERE ] key 68 was pressed by player 1
[18:30:29.317] [SEVERE ] player 1 placing token on slot 6
[18:30:30.117] [SEVERE ] updating countdown to 54994
[18:30:30.117] [SEVERE ] setting player 2 freeze to 1000
[18:30:30.419] [SEVERE ] key 68 was pressed by player 1
[18:30:30.420] [SEVERE ] removing player 1 token from slot 6
[18:30:31.117] [SEVERE ] updating countdown to 53994
[18:30:31.118] [SEVERE ] setting player 2 freeze to 0
[18:30:31.547] [SEVERE ] key 75 was pressed by player 2
[18:30:31.548] [SEVERE ] removing player 2 token from slot 5
[18:30:32.118] [SEVERE ] updating countdown to 52993
[18:30:32.155] [SEVERE ] key 70 was pressed by player 1
[18:30:32.157] [SEVERE ] player 1 placing token on slot 7
[18:30:33.118] [SEVERE ] updating countdown to 51993
[18:30:33.499] [SEVERE ] key 76 was pressed by player 2
[18:30:33.500] [SEVERE ] removing player 2 token from slot 6
[18:30:33.755] [SEVERE ] key 65 was pressed by player 1
[18:30:33.756] [SEVERE ] player 1 placing token on slot 4
[18:30:33.891] [SEVERE ] key 83 was pressed by player 1
[18:30:33.892] [SEVERE ] player 1 placing token on slot 5
[18:30:34.106] [SEVERE ] key 74 was pressed by player 2
[18:30:34.107] [SEVERE ] removing player 2 token from slot 4
[18:30:34.119] [SEVERE ] updating countdown to 50992
[18:30:34.119] [SEVERE ] setting player 1 freeze to 3000
[18:30:34.250] [SEVERE ] key 87 was pressed by player 1
[18:30:34.730] [SEVERE ] key 75 was pressed by player 2
[18:30:34.731] [SEVERE ] player 2 placing token on slot 5
[18:30:35.120] [SEVERE ] updating countdown to 49991
[18:30:35.120] [SEVERE ] setting player 1 freeze to 2000
[18:30:35.499] [SEVERE ] key 76 was pressed by player 2
[18:30:35.500] [SEVERE ] player 2 placing token on slot 6
[18:30:36.120] [SEVERE ] updating countdown to 48991
[18:30:36.121] [SEVERE ] setting player 1 freeze to 1000
[18:30:37.121] [SEVERE ] updating countdown to 47990
[18:30:37.121] [SEVERE ] setting player 1 freeze to 0
[18:30:37.530] [SEVERE ] key 65 was pressed by player 1
[18:30:37.531] [SEVERE ] removing player 1 token from slot 4
[18:30:38.121] [SEVERE ] updating countdown to 46990
[18:30:39.121] [SEVERE ] updating countdown to 45990
[18:30:39.147] [SEVERE ] key 83 was pressed by player 1
[18:30:39.148] [SEVERE ] removing player 1 token from slot 5
[18:30:40.122] [SEVERE ] updating countdown to 44989
[18:30:40.459] [SEVERE ] key 70 was pressed by player 1
[18:30:40.460] [SEVERE ] removing player 1 token from slot 7
[18:30:41.122] [SEVERE ] updating countdown to 43989
[18:30:42.123] [SEVERE ] updating countdown to 42988
[18:30:42.459] [SEVERE ] key 81 was pressed by player 1
[18:30:42.459] [SEVERE ] player 1 placing token on slot 0
[18:30:43.123] [SEVERE ] updating countdown to 41988
[18:30:43.147] [SEVERE ] key 82 was pressed by player 1
[18:30:43.148] [SEVERE ] player 1 placing token on slot 3
[18:30:44.124] [SEVERE ] updating countdown to 40987
[18:30:44.811] [SEVERE ] key 90 was pressed by player 1
[18:30:44.811] [SEVERE ] player 1 placing token on slot 8
[18:30:45.124] [SEVERE ] updating countdown to 60000
[18:30:45.125] [SEVERE ] removing player 1 token from slot 0
[18:30:45.125] [SEVERE ] removing player 1 token from slot 3
[18:30:45.126] [SEVERE ] removing player 1 token from slot 8
[18:30:45.247] [SEVERE ] removing card from slot 0
[18:30:45.347] [SEVERE ] removing card from slot 3
[18:30:45.448] [SEVERE ] removing card from slot 8
[18:30:45.448] [SEVERE ] removing player 1 token from slot 0
[18:30:45.449] [SEVERE ] removing player 1 token from slot 3
[18:30:45.449] [SEVERE ] removing player 1 token from slot 8
[18:30:45.550] [SEVERE ] placing card 51 in slot 0
[18:30:45.650] [SEVERE ] placing card 79 in slot 3
[18:30:45.751] [SEVERE ] placing card 53 in slot 8
[18:30:46.124] [SEVERE ] setting player 1 score to 1
[18:30:46.125] [SEVERE ] setting player 1 freeze to 1000
[18:30:46.125] [SEVERE ] setting player 1 freeze to 0
[18:30:46.739] [SEVERE ] key 76 was pressed by player 2
[18:30:46.739] [SEVERE ] removing player 2 token from slot 6
[18:30:46.751] [SEVERE ] updating countdown to 58373
[18:30:47.394] [SEVERE ] key 74 was pressed by player 2
[18:30:47.395] [SEVERE ] player 2 placing token on slot 4
[18:30:47.751] [SEVERE ] updating countdown to 57373
[18:30:48.323] [SEVERE ] key 44 was pressed by player 2
[18:30:48.324] [SEVERE ] player 2 placing token on slot 9
[18:30:48.752] [SEVERE ] updating countdown to 56372
[18:30:48.752] [SEVERE ] setting player 2 freeze to 3000
[18:30:49.171] [SEVERE ] key 46 was pressed by player 2
[18:30:49.752] [SEVERE ] updating countdown to 55372
[18:30:49.753] [SEVERE ] setting player 2 freeze to 2000
[18:30:49.811] [SEVERE ] key 76 was pressed by player 2
[18:30:50.290] [SEVERE ] key 75 was pressed by player 2
[18:30:50.595] [SEVERE ] key 90 was pressed by player 1
[18:30:50.596] [SEVERE ] player 1 placing token on slot 8
[18:30:50.635] [SEVERE ] key 88 was pressed by player 1
[18:30:50.636] [SEVERE ] player 1 placing token on slot 9
[18:30:50.715] [SEVERE ] key 67 was pressed by player 1
[18:30:50.715] [SEVERE ] player 1 placing token on slot 10
[18:30:50.753] [SEVERE ] updating countdown to 54371
[18:30:50.753] [SEVERE ] setting player 2 freeze to 1000
[18:30:50.753] [SEVERE ] setting player 1 freeze to 3000
[18:30:51.022] [SEVERE ] key 44 was pressed by player 2
[18:30:51.754] [SEVERE ] updating countdown to 53370
[18:30:51.754] [SEVERE ] setting player 2 freeze to 0
[18:30:51.755] [SEVERE ] setting player 1 freeze to 2000
[18:30:51.931] [SEVERE ] key 46 was pressed by player 2
[18:30:52.282] [SEVERE ] key 67 was pressed by player 1
[18:30:52.506] [SEVERE ] key 88 was pressed by player 1
[18:30:52.642] [SEVERE ] key 75 was pressed by player 2
[18:30:52.643] [SEVERE ] removing player 2 token from slot 5
[18:30:52.755] [SEVERE ] updating countdown to 52369
[18:30:52.757] [SEVERE ] setting player 1 freeze to 1000
[18:30:52.762] [SEVERE ] key 67 was pressed by player 1
[18:30:53.170] [SEVERE ] key 76 was pressed by player 2
[18:30:53.171] [SEVERE ] player 2 placing token on slot 6
[18:30:53.211] [SEVERE ] key 67 was pressed by player 1
[18:30:53.546] [SEVERE ] key 67 was pressed by player 1
[18:30:53.755] [SEVERE ] updating countdown to 51369
[18:30:53.755] [SEVERE ] setting player 2 freeze to 3000
[18:30:53.757] [SEVERE ] setting player 1 freeze to 0
[18:30:54.235] [SEVERE ] key 67 was pressed by player 1
[18:30:54.235] [SEVERE ] removing player 1 token from slot 10
[18:30:54.426] [SEVERE ] key 46 was pressed by player 2
[18:30:54.658] [SEVERE ] key 88 was pressed by player 1
[18:30:54.659] [SEVERE ] removing player 1 token from slot 9
[18:30:54.756] [SEVERE ] updating countdown to 50368
[18:30:54.756] [SEVERE ] setting player 2 freeze to 2000
[18:30:54.826] [SEVERE ] key 90 was pressed by player 1
[18:30:54.827] [SEVERE ] removing player 1 token from slot 8
[18:30:55.723] [SEVERE ] key 76 was pressed by player 2
[18:30:55.756] [SEVERE ] updating countdown to 49368
[18:30:55.757] [SEVERE ] setting player 2 freeze to 1000
[18:30:56.403] [SEVERE ] key 75 was pressed by player 2
[18:30:56.757] [SEVERE ] updating countdown to 48367
[18:30:56.757] [SEVERE ] setting player 2 freeze to 0
[18:30:57.757] [SEVERE ] updating countdown to 47367
[18:30:58.757] [SEVERE ] updating countdown to 46367
[18:30:59.758] [SEVERE ] updating countdown to 45366
[18:31:00.758] [SEVERE ] updating countdown to 44366
[18:31:01.347] [SEVERE ] key 67 was pressed by player 1
[18:31:01.347] [SEVERE ] player 1 placing token on slot 10
[18:31:01.759] [SEVERE ] updating countdown to 43365
[18:31:02.699] [SEVERE ] key 68 was pressed by player 1
[18:31:02.699] [SEVERE ] player 1 placing token on slot 6
[18:31:02.759] [SEVERE ] updating countdown to 42365
[18:31:03.587] [SEVERE ] key 81 was pressed by player 1
[18:31:03.587] [SEVERE ] player 1 placing token on slot 0
[18:31:03.759] [SEVERE ] updating countdown to 60000
[18:31:03.760] [SEVERE ] removing player 1 token from slot 0
[18:31:03.760] [SEVERE ] removing player 1 token from slot 6
[18:31:03.778] [SEVERE ] removing player 1 token from slot 10
[18:31:03.899] [SEVERE ] removing card from slot 0
[18:31:04.000] [SEVERE ] removing card from slot 6
[18:31:04.100] [SEVERE ] removing card from slot 10
[18:31:04.100] [SEVERE ] removing player 1 token from slot 10
[18:31:04.101] [SEVERE ] removing player 1 token from slot 6
[18:31:04.101] [SEVERE ] removing player 1 token from slot 0
[18:31:04.102] [SEVERE ] removing player 2 token from slot 6
[18:31:04.203] [SEVERE ] placing card 43 in slot 0
[18:31:04.303] [SEVERE ] placing card 61 in slot 6
[18:31:04.403] [SEVERE ] placing card 26 in slot 10
[18:31:04.760] [SEVERE ] setting player 1 score to 2
[18:31:04.760] [SEVERE ] setting player 1 freeze to 1000
[18:31:04.761] [SEVERE ] setting player 1 freeze to 0
[18:31:05.123] [SEVERE ] key 76 was pressed by player 2
[18:31:05.123] [SEVERE ] player 2 placing token on slot 6
[18:31:05.404] [SEVERE ] updating countdown to 58355
[18:31:05.404] [SEVERE ] setting player 2 freeze to 3000
[18:31:06.251] [SEVERE ] key 75 was pressed by player 2
[18:31:06.404] [SEVERE ] updating countdown to 57355
[18:31:06.405] [SEVERE ] setting player 2 freeze to 2000
[18:31:07.404] [SEVERE ] updating countdown to 56355
[18:31:07.405] [SEVERE ] setting player 2 freeze to 1000
[18:31:08.405] [SEVERE ] updating countdown to 55354
[18:31:08.406] [SEVERE ] setting player 2 freeze to 0
[18:31:09.405] [SEVERE ] updating countdown to 54354
[18:31:09.427] [SEVERE ] key 77 was pressed by player 2
[18:31:10.406] [SEVERE ] updating countdown to 53353
[18:31:11.406] [SEVERE ] updating countdown to 52353
[18:31:12.130] [SEVERE ] exit button pressed
[18:31:12.230] [SEVERE ] removing card from slot 0
[18:31:12.331] [SEVERE ] removing card from slot 1
[18:31:12.406] [SEVERE ] updating countdown to 51353
[18:31:12.431] [SEVERE ] removing card from slot 2
[18:31:12.531] [SEVERE ] removing card from slot 3
[18:31:12.631] [SEVERE ] removing card from slot 4
[18:31:12.732] [SEVERE ] removing card from slot 5
[18:31:12.832] [SEVERE ] removing card from slot 6
[18:31:12.932] [SEVERE ] removing card from slot 7
[18:31:13.032] [SEVERE ] removing card from slot 8
[18:31:13.133] [SEVERE ] removing card from slot 9
[18:31:13.233] [SEVERE ] removing card from slot 10
[18:31:13.333] [SEVERE ] removing card from slot 11
[18:31:13.333] [SEVERE ] removing all tokens
[18:31:13.407] [SEVERE ] updating countdown to 50352
[18:31:14.407] [SEVERE ] updating countdown to 49352
[18:31:15.407] [SEVERE ] updating countdown to 48352
[18:31:16.408] [SEVERE ] updating countdown to 47351
[18:31:17.408] [SEVERE ] updating countdown to 46351
[18:31:18.408] [SEVERE ] updating countdown to 45351
