[17:36:23.099] [INFO   ] thread main starting.
[17:36:23.106] [SEVERE ] cannot read configuration file config.properties trying from resources.
[17:36:23.108] [SEVERE ] configuration file was loaded from resources directory.
[17:36:23.567] [INFO   ] thread dealer starting.
[17:36:23.569] [INFO   ] Thread dealer starting.
[17:36:23.674] [SEVERE ] placing card 27 in slot 0
[17:36:23.775] [SEVERE ] placing card 70 in slot 1
[17:36:23.875] [SEVERE ] placing card 22 in slot 2
[17:36:23.977] [SEVERE ] placing card 46 in slot 3
[17:36:24.077] [SEVERE ] placing card 7 in slot 4
[17:36:24.178] [SEVERE ] placing card 44 in slot 5
[17:36:24.279] [SEVERE ] placing card 63 in slot 6
[17:36:24.380] [SEVERE ] placing card 33 in slot 7
[17:36:24.482] [SEVERE ] placing card 18 in slot 8
[17:36:24.583] [SEVERE ] placing card 39 in slot 9
[17:36:24.684] [SEVERE ] placing card 72 in slot 10
[17:36:24.785] [SEVERE ] placing card 42 in slot 11
[17:36:24.787] [INFO   ] Thread Thread-1starting.
[17:36:24.788] [INFO   ] Thread Thread-2starting.
[17:36:24.790] [SEVERE ] updating countdown to 15000
[17:36:24.791] [INFO   ] Thread Thread-3starting.
[17:36:24.792] [INFO   ] Thread Thread-4starting.
[17:36:24.793] [INFO   ] Thread computer-1 starting.
[17:36:24.796] [INFO   ] Thread computer-0 starting.
[17:36:24.799] [SEVERE ] player 2 placing token on slot 2
[17:36:24.800] [SEVERE ] player 2 placing token on slot 11
[17:36:24.800] [SEVERE ] player 2 placing token on slot 10
[17:36:24.801] [SEVERE ] player 1 placing token on slot 9
[17:36:24.803] [SEVERE ] player 1 placing token on slot 11
[17:36:24.803] [SEVERE ] player 1 placing token on slot 6
[17:36:24.802] [INFO   ] Thread computer-2 starting.
[17:36:24.805] [SEVERE ] player 3 placing token on slot 9
[17:36:24.806] [SEVERE ] player 3 placing token on slot 10
[17:36:24.807] [SEVERE ] player 3 placing token on slot 3
[17:36:24.808] [INFO   ] Thread computer-3 starting.
[17:36:24.808] [SEVERE ] player 4 placing token on slot 1
[17:36:24.808] [SEVERE ] player 4 placing token on slot 5
[17:36:24.808] [SEVERE ] player 4 placing token on slot 6
[17:36:25.792] [SEVERE ] updating countdown to 13997
[17:36:25.792] [SEVERE ] setting player 2 freeze to 3000
[17:36:26.792] [SEVERE ] updating countdown to 12997
[17:36:26.792] [SEVERE ] setting player 1 freeze to 3000
[17:36:26.794] [SEVERE ] setting player 2 freeze to 2000
[17:36:27.793] [SEVERE ] updating countdown to 11996
[17:36:27.793] [SEVERE ] setting player 3 freeze to 3000
[17:36:27.794] [SEVERE ] setting player 1 freeze to 2000
[17:36:27.795] [SEVERE ] setting player 2 freeze to 1000
[17:36:28.793] [SEVERE ] updating countdown to 10996
[17:36:28.793] [SEVERE ] setting player 4 freeze to 3000
[17:36:28.796] [SEVERE ] setting player 2 freeze to 0
[17:36:28.795] [SEVERE ] setting player 1 freeze to 1000
[17:36:28.797] [SEVERE ] removing player 2 token from slot 11
[17:36:28.798] [SEVERE ] player 2 placing token on slot 7
[17:36:28.798] [SEVERE ] setting player 3 freeze to 2000
[17:36:29.794] [SEVERE ] updating countdown to 9995
[17:36:29.794] [SEVERE ] setting player 2 freeze to 3000
[17:36:29.798] [SEVERE ] setting player 1 freeze to 0
[17:36:29.798] [SEVERE ] removing player 1 token from slot 9
[17:36:29.798] [SEVERE ] player 1 placing token on slot 5
[17:36:29.798] [SEVERE ] setting player 3 freeze to 1000
[17:36:29.798] [SEVERE ] setting player 4 freeze to 2000
[17:36:30.794] [SEVERE ] updating countdown to 8995
[17:36:30.794] [SEVERE ] setting player 1 freeze to 3000
[17:36:30.795] [SEVERE ] setting player 2 freeze to 2000
[17:36:30.799] [SEVERE ] setting player 3 freeze to 0
[17:36:30.799] [SEVERE ] removing player 3 token from slot 3
[17:36:30.800] [SEVERE ] player 3 placing token on slot 5
[17:36:30.801] [SEVERE ] setting player 4 freeze to 1000
[17:36:31.796] [SEVERE ] setting player 3 freeze to 3000
[17:36:31.796] [SEVERE ] updating countdown to 7993
[17:36:31.797] [SEVERE ] setting player 1 freeze to 2000
[17:36:31.801] [SEVERE ] setting player 2 freeze to 1000
[17:36:31.802] [SEVERE ] setting player 4 freeze to 0
[17:36:31.803] [SEVERE ] removing player 4 token from slot 5
[17:36:31.803] [SEVERE ] player 4 placing token on slot 5
[17:36:32.797] [SEVERE ] setting player 3 freeze to 2000
[17:36:32.799] [SEVERE ] setting player 1 freeze to 1000
[17:36:32.799] [SEVERE ] setting player 4 freeze to 3000
[17:36:32.799] [SEVERE ] updating countdown to 6990
[17:36:32.801] [SEVERE ] setting player 2 freeze to 0
[17:36:32.801] [SEVERE ] removing player 2 token from slot 2
[17:36:32.802] [SEVERE ] removing player 2 token from slot 10
[17:36:32.803] [SEVERE ] player 2 placing token on slot 4
[17:36:32.804] [SEVERE ] player 2 placing token on slot 3
[17:36:33.797] [SEVERE ] setting player 3 freeze to 1000
[17:36:33.799] [SEVERE ] setting player 1 freeze to 0
[17:36:33.800] [SEVERE ] removing player 1 token from slot 6
[17:36:33.800] [SEVERE ] player 1 placing token on slot 1
[17:36:33.800] [SEVERE ] setting player 4 freeze to 2000
[17:36:33.801] [SEVERE ] setting player 2 freeze to 3000
[17:36:33.801] [SEVERE ] updating countdown to 5988
[17:36:34.798] [SEVERE ] setting player 3 freeze to 0
[17:36:34.798] [SEVERE ] removing player 3 token from slot 9
[17:36:34.799] [SEVERE ] removing player 3 token from slot 5
[17:36:34.799] [SEVERE ] player 3 placing token on slot 7
[17:36:34.800] [SEVERE ] removing player 3 token from slot 10
[17:36:34.800] [SEVERE ] player 3 placing token on slot 3
[17:36:34.801] [SEVERE ] setting player 4 freeze to 1000
[17:36:34.801] [SEVERE ] setting player 2 freeze to 2000
[17:36:34.801] [SEVERE ] removing player 3 token from slot 3
[17:36:34.801] [SEVERE ] setting player 1 freeze to 3000
[17:36:34.802] [SEVERE ] player 3 placing token on slot 9
[17:36:34.803] [SEVERE ] player 3 placing token on slot 5
[17:36:34.812] [SEVERE ] setting player 3 freeze to 3000
[17:36:35.801] [SEVERE ] setting player 4 freeze to 0
[17:36:35.802] [SEVERE ] removing player 4 token from slot 5
[17:36:35.802] [SEVERE ] setting player 2 freeze to 1000
[17:36:35.803] [SEVERE ] setting player 1 freeze to 2000
[17:36:35.802] [SEVERE ] removing player 4 token from slot 1
[17:36:35.804] [SEVERE ] player 4 placing token on slot 1
[17:36:35.804] [SEVERE ] removing player 4 token from slot 6
[17:36:35.806] [SEVERE ] player 4 placing token on slot 9
[17:36:35.806] [SEVERE ] player 4 placing token on slot 10
[17:36:35.812] [SEVERE ] setting player 4 freeze to 3000
[17:36:35.817] [SEVERE ] setting player 3 freeze to 2000
[17:36:36.803] [SEVERE ] setting player 2 freeze to 0
[17:36:36.803] [SEVERE ] removing player 2 token from slot 7
[17:36:36.803] [SEVERE ] setting player 1 freeze to 1000
[17:36:36.803] [SEVERE ] player 2 placing token on slot 5
[17:36:36.811] [SEVERE ] setting player 2 freeze to 3000
[17:36:36.813] [SEVERE ] setting player 4 freeze to 2000
[17:36:36.817] [SEVERE ] setting player 3 freeze to 1000
[17:36:37.804] [SEVERE ] setting player 1 freeze to 0
[17:36:37.805] [SEVERE ] removing player 1 token from slot 1
[17:36:37.805] [SEVERE ] player 1 placing token on slot 9
[17:36:37.807] [SEVERE ] setting player 1 freeze to 3000
[17:36:37.811] [SEVERE ] setting player 2 freeze to 2000
[17:36:37.813] [SEVERE ] setting player 4 freeze to 1000
[17:36:37.817] [SEVERE ] setting player 3 freeze to 0
[17:36:37.818] [SEVERE ] removing player 3 token from slot 7
[17:36:37.818] [SEVERE ] player 3 placing token on slot 4
[17:36:37.828] [SEVERE ] setting player 3 freeze to 3000
[17:36:38.807] [SEVERE ] setting player 1 freeze to 2000
[17:36:38.812] [SEVERE ] setting player 2 freeze to 1000
[17:36:38.813] [SEVERE ] setting player 4 freeze to 0
[17:36:38.814] [SEVERE ] removing player 4 token from slot 9
[17:36:38.814] [SEVERE ] removing player 4 token from slot 10
[17:36:38.815] [SEVERE ] player 4 placing token on slot 3
[17:36:38.815] [SEVERE ] player 4 placing token on slot 6
[17:36:38.821] [SEVERE ] setting player 4 freeze to 3000
[17:36:38.829] [SEVERE ] setting player 3 freeze to 2000
[17:36:39.792] [SEVERE ] updating countdown to 15000
[17:36:39.793] [SEVERE ] updating countdown to 15000
[17:36:39.807] [SEVERE ] setting player 1 freeze to 1000
[17:36:39.812] [SEVERE ] setting player 2 freeze to 0
[17:36:39.812] [SEVERE ] removing player 2 token from slot 4
[17:36:39.813] [SEVERE ] player 2 placing token on slot 1
[17:36:39.822] [SEVERE ] setting player 4 freeze to 2000
[17:36:39.830] [SEVERE ] setting player 3 freeze to 1000
[17:36:39.894] [SEVERE ] removing card from slot 0
[17:36:39.994] [SEVERE ] removing card from slot 1
[17:36:40.094] [SEVERE ] removing card from slot 2
[17:36:40.195] [SEVERE ] removing card from slot 3
[17:36:40.295] [SEVERE ] removing card from slot 4
[17:36:40.395] [SEVERE ] removing card from slot 5
[17:36:40.496] [SEVERE ] removing card from slot 6
[17:36:40.596] [SEVERE ] removing card from slot 7
[17:36:40.696] [SEVERE ] removing card from slot 8
[17:36:40.796] [SEVERE ] removing card from slot 9
[17:36:40.808] [SEVERE ] setting player 1 freeze to 0
[17:36:40.808] [SEVERE ] removing player 1 token from slot 11
[17:36:40.809] [SEVERE ] removing player 1 token from slot 9
[17:36:40.810] [SEVERE ] player 1 placing token on slot 3
[17:36:40.810] [SEVERE ] player 1 placing token on slot 7
[17:36:40.822] [SEVERE ] setting player 4 freeze to 1000
[17:36:40.830] [SEVERE ] setting player 3 freeze to 0
[17:36:40.830] [SEVERE ] removing player 3 token from slot 9
[17:36:40.831] [SEVERE ] player 3 placing token on slot 2
[17:36:40.897] [SEVERE ] removing card from slot 10
[17:36:40.997] [SEVERE ] removing card from slot 11
[17:36:40.997] [SEVERE ] removing all tokens
[17:36:41.098] [SEVERE ] placing card 60 in slot 0
[17:36:41.198] [SEVERE ] placing card 38 in slot 1
[17:36:41.298] [SEVERE ] placing card 6 in slot 2
[17:36:41.398] [SEVERE ] placing card 55 in slot 3
[17:36:41.499] [SEVERE ] placing card 78 in slot 4
[17:36:41.599] [SEVERE ] placing card 47 in slot 5
[17:36:41.699] [SEVERE ] placing card 19 in slot 6
[17:36:41.800] [SEVERE ] placing card 8 in slot 7
[17:36:41.822] [SEVERE ] setting player 4 freeze to 0
[17:36:41.823] [SEVERE ] player 4 placing token on slot 7
[17:36:41.823] [SEVERE ] player 4 placing token on slot 9
[17:36:41.824] [SEVERE ] player 4 placing token on slot 2
[17:36:41.900] [SEVERE ] placing card 30 in slot 8
[17:36:42.000] [SEVERE ] placing card 26 in slot 9
[17:36:42.100] [SEVERE ] placing card 4 in slot 10
[17:36:42.201] [SEVERE ] placing card 14 in slot 11
[17:36:42.201] [INFO   ] Thread Thread-5starting.
[17:36:42.201] [INFO   ] Thread Thread-8starting.
[17:36:42.201] [SEVERE ] updating countdown to 15000
[17:36:42.201] [INFO   ] Thread Thread-7starting.
[17:36:42.201] [INFO   ] Thread Thread-6starting.
[17:36:42.213] [INFO   ] Thread computer-0 starting.
[17:36:42.213] [SEVERE ] player 1 placing token on slot 11
[17:36:42.213] [SEVERE ] player 1 placing token on slot 5
[17:36:42.214] [SEVERE ] removing player 1 token from slot 5
[17:36:42.214] [SEVERE ] player 1 placing token on slot 2
[17:36:42.215] [SEVERE ] player 1 placing token on slot 3
[17:36:42.221] [INFO   ] Thread computer-1 starting.
[17:36:42.221] [SEVERE ] player 2 placing token on slot 5
[17:36:42.221] [SEVERE ] player 2 placing token on slot 4
[17:36:42.222] [SEVERE ] removing player 2 token from slot 5
[17:36:42.222] [SEVERE ] player 2 placing token on slot 7
[17:36:42.223] [SEVERE ] player 2 placing token on slot 6
[17:36:42.237] [INFO   ] Thread computer-3 starting.
[17:36:42.237] [SEVERE ] removing player 4 token from slot 2
[17:36:42.237] [SEVERE ] removing player 4 token from slot 7
[17:36:42.238] [SEVERE ] player 4 placing token on slot 11
[17:36:42.238] [SEVERE ] player 4 placing token on slot 5
[17:36:42.245] [INFO   ] Thread computer-2 starting.
[17:36:42.245] [SEVERE ] player 3 placing token on slot 5
[17:36:42.246] [SEVERE ] player 3 placing token on slot 7
[17:36:42.246] [SEVERE ] player 3 placing token on slot 6
[17:36:43.202] [SEVERE ] setting player 2 freeze to 3000
[17:36:43.202] [SEVERE ] updating countdown to 13999
[17:36:43.217] [SEVERE ] setting player 2 freeze to 3000
