[22:00:41.519] [INFO   ] thread main starting.
[22:00:41.524] [SEVERE ] cannot read configuration file config.properties trying from resources.
[22:00:41.525] [SEVERE ] configuration file was loaded from resources directory.
[22:00:41.886] [INFO   ] thread dealer starting.
[22:00:41.886] [INFO   ] Thread dealer starting.
[22:00:41.992] [SEVERE ] placing card 17 in slot 0
[22:00:42.093] [SEVERE ] placing card 75 in slot 1
[22:00:42.194] [SEVERE ] placing card 21 in slot 2
[22:00:42.295] [SEVERE ] placing card 61 in slot 3
[22:00:42.397] [SEVERE ] placing card 41 in slot 4
[22:00:42.498] [SEVERE ] placing card 28 in slot 5
[22:00:42.599] [SEVERE ] placing card 44 in slot 6
[22:00:42.700] [SEVERE ] placing card 38 in slot 7
[22:00:42.801] [SEVERE ] placing card 23 in slot 8
[22:00:42.902] [SEVERE ] placing card 76 in slot 9
[22:00:43.003] [SEVERE ] placing card 71 in slot 10
[22:00:43.104] [SEVERE ] placing card 32 in slot 11
[22:00:43.106] [INFO   ] Thread Thread-1starting.
[22:00:43.107] [INFO   ] Thread Thread-2starting.
[22:00:43.107] [INFO   ] Thread Thread-3starting.
[22:00:43.108] [SEVERE ] updating countdown to 5000
[22:00:43.108] [INFO   ] Thread Thread-4starting.
[22:00:43.111] [INFO   ] Thread computer-0 starting.
[22:00:43.113] [SEVERE ] player 1 placing token on slot 4
[22:00:43.122] [SEVERE ] player 1 placing token on slot 3
[22:00:43.123] [INFO   ] Thread computer-3 starting.
[22:00:43.126] [SEVERE ] player 4 placing token on slot 10
[22:00:43.128] [SEVERE ] player 4 placing token on slot 7
[22:00:43.128] [SEVERE ] player 4 placing token on slot 9
[22:00:43.126] [INFO   ] Thread computer-2 starting.
[22:00:43.126] [SEVERE ] player 1 placing token on slot 6
[22:00:43.133] [SEVERE ] player 3 placing token on slot 4
[22:00:43.135] [SEVERE ] player 3 placing token on slot 6
[22:00:43.135] [SEVERE ] player 3 placing token on slot 7
[22:00:43.141] [INFO   ] Thread computer-1 starting.
[22:00:43.141] [SEVERE ] player 2 placing token on slot 3
[22:00:43.142] [SEVERE ] player 2 placing token on slot 2
[22:00:43.142] [SEVERE ] removing player 2 token from slot 3
[22:00:43.143] [SEVERE ] player 2 placing token on slot 9
[22:00:43.143] [SEVERE ] player 2 placing token on slot 5
[22:00:43.147] [SEVERE ] setting player 4 freeze to 0
[22:00:43.148] [SEVERE ] setting player 4 freeze to 0
[22:00:43.148] [SEVERE ] setting player 4 freeze to 0
[22:00:43.149] [SEVERE ] setting player 4 freeze to 0
[22:00:43.149] [SEVERE ] removing player 4 token from slot 9
[22:00:43.150] [SEVERE ] player 4 placing token on slot 6
[22:00:43.157] [SEVERE ] setting player 1 freeze to 0
[22:00:43.158] [SEVERE ] setting player 1 freeze to 0
[22:00:43.158] [SEVERE ] setting player 1 freeze to 0
[22:00:43.159] [SEVERE ] setting player 1 freeze to 0
[22:00:43.159] [SEVERE ] removing player 1 token from slot 6
[22:00:43.160] [SEVERE ] player 1 placing token on slot 8
[22:00:43.168] [SEVERE ] updating countdown to 5000
[22:00:43.168] [SEVERE ] setting player 3 score to 1
[22:00:43.169] [SEVERE ] setting player 3 freeze to 0
[22:00:43.169] [SEVERE ] setting player 3 freeze to 0
[22:00:43.170] [SEVERE ] removing player 3 token from slot 6
[22:00:43.170] [SEVERE ] player 3 placing token on slot 2
