[13:20:15.909] [INFO   ] thread main starting.
[13:20:15.915] [SEVERE ] cannot read configuration file config.properties trying from resources.
[13:20:15.917] [SEVERE ] configuration file was loaded from resources directory.
[13:20:16.282] [INFO   ] thread dealer starting.
[13:20:16.283] [INFO   ] Thread dealer starting.
[13:20:16.390] [SEVERE ] placing card 52 in slot 0
[13:20:16.491] [SEVERE ] placing card 74 in slot 1
[13:20:16.592] [SEVERE ] placing card 70 in slot 2
[13:20:16.692] [SEVERE ] placing card 56 in slot 3
[13:20:16.793] [SEVERE ] placing card 9 in slot 4
[13:20:16.895] [SEVERE ] placing card 70 in slot 5
[13:20:16.996] [SEVERE ] placing card 25 in slot 6
[13:20:17.097] [SEVERE ] placing card 69 in slot 7
[13:20:17.198] [SEVERE ] placing card 52 in slot 8
[13:20:17.300] [SEVERE ] placing card 4 in slot 9
[13:20:17.401] [SEVERE ] placing card 78 in slot 10
[13:20:17.502] [SEVERE ] placing card 42 in slot 11
[13:20:17.503] [INFO   ] Thread Thread-1starting.
[13:20:17.503] [SEVERE ] updating countdown to 10000
[13:20:17.503] [INFO   ] Thread Thread-2starting.
[13:20:17.503] [INFO   ] Thread Thread-3starting.
[13:20:17.507] [INFO   ] Thread computer-1 starting.
[13:20:17.506] [INFO   ] Thread computer-0 starting.
[13:20:17.509] [SEVERE ] player 2 placing token on slot 9
[13:20:17.508] [INFO   ] Thread computer-2 starting.
[13:20:17.509] [SEVERE ] player 1 placing token on slot 7
[13:20:17.510] [SEVERE ] player 2 placing token on slot 1
[13:20:17.510] [SEVERE ] player 3 placing token on slot 8
[13:20:17.511] [SEVERE ] player 2 placing token on slot 3
[13:20:17.510] [SEVERE ] removing player 1 token from slot 7
[13:20:17.512] [SEVERE ] player 3 placing token on slot 11
[13:20:17.513] [SEVERE ] player 1 placing token on slot 9
[13:20:17.514] [SEVERE ] player 1 placing token on slot 8
[13:20:17.514] [SEVERE ] player 3 placing token on slot 1
[13:20:17.516] [SEVERE ] removing player 1 token from slot 8
[13:20:17.517] [SEVERE ] removing player 1 token from slot 9
[13:20:17.518] [SEVERE ] player 1 placing token on slot 3
[13:20:17.519] [SEVERE ] player 1 placing token on slot 1
[13:20:17.519] [SEVERE ] player 1 placing token on slot 2
[13:20:18.508] [SEVERE ] updating countdown to 8996
[13:20:19.509] [SEVERE ] updating countdown to 7994
