[16:50:44.480] [INFO   ] thread main starting.
[16:50:44.490] [SEVERE ] cannot read configuration file config.properties trying from resources.
[16:50:44.492] [SEVERE ] configuration file was loaded from resources directory.
[16:50:44.914] [INFO   ] thread dealer starting.
[16:50:44.915] [INFO   ] Thread dealer starting.
[16:50:45.021] [SEVERE ] placing card 52 in slot 0
[16:50:45.122] [SEVERE ] placing card 65 in slot 1
[16:50:45.222] [SEVERE ] placing card 80 in slot 2
[16:50:45.324] [SEVERE ] placing card 5 in slot 3
[16:50:45.425] [SEVERE ] placing card 2 in slot 4
[16:50:45.526] [SEVERE ] placing card 29 in slot 5
[16:50:45.626] [SEVERE ] placing card 47 in slot 6
[16:50:45.727] [SEVERE ] placing card 44 in slot 7
[16:50:45.828] [SEVERE ] placing card 69 in slot 8
[16:50:45.928] [SEVERE ] placing card 78 in slot 9
[16:50:46.029] [SEVERE ] placing card 37 in slot 10
[16:50:46.129] [SEVERE ] placing card 68 in slot 11
[16:50:46.130] [INFO   ] Thread Thread-1starting.
[16:50:46.130] [SEVERE ] updating countdown to 5000
[16:50:46.130] [INFO   ] Thread Thread-4starting.
[16:50:46.130] [INFO   ] Thread Thread-3starting.
[16:50:46.130] [INFO   ] Thread Thread-2starting.
[16:50:46.132] [INFO   ] Thread computer-2 starting.
[16:50:46.132] [INFO   ] Thread computer-3 starting.
[16:50:46.131] [INFO   ] Thread computer-0 starting.
[16:50:46.134] [SEVERE ] player 3 placing token on slot 3
[16:50:46.134] [INFO   ] Thread computer-1 starting.
[16:50:46.135] [SEVERE ] player 1 placing token on slot 10
[16:50:46.136] [SEVERE ] player 4 placing token on slot 8
[16:50:46.136] [SEVERE ] player 1 placing token on slot 8
[16:50:46.137] [SEVERE ] player 2 placing token on slot 5
[16:50:46.137] [SEVERE ] player 3 placing token on slot 4
[16:50:46.137] [SEVERE ] player 2 placing token on slot 6
[16:50:46.138] [SEVERE ] player 1 placing token on slot 2
[16:50:46.138] [SEVERE ] player 4 placing token on slot 3
[16:50:46.139] [SEVERE ] player 2 placing token on slot 11
[16:50:46.139] [SEVERE ] player 3 placing token on slot 9
[16:50:46.140] [SEVERE ] player 4 placing token on slot 10
[16:50:46.142] [SEVERE ] setting player 1 freeze to 0
[16:50:46.143] [SEVERE ] setting player 1 freeze to 0
[16:50:46.143] [SEVERE ] setting player 1 freeze to 0
[16:50:46.144] [SEVERE ] setting player 1 freeze to 0
[16:50:46.154] [SEVERE ] setting player 2 freeze to 0
[16:50:46.154] [SEVERE ] setting player 2 freeze to 0
[16:50:46.155] [SEVERE ] setting player 2 freeze to 0
[16:50:46.156] [SEVERE ] setting player 2 freeze to 0
[16:50:46.164] [SEVERE ] setting player 3 freeze to 0
[16:50:46.165] [SEVERE ] setting player 3 freeze to 0
[16:50:46.165] [SEVERE ] setting player 3 freeze to 0
[16:50:46.166] [SEVERE ] setting player 3 freeze to 0
[16:50:46.175] [SEVERE ] setting player 4 freeze to 0
[16:50:46.175] [SEVERE ] setting player 4 freeze to 0
[16:50:46.176] [SEVERE ] setting player 4 freeze to 0
[16:50:46.176] [SEVERE ] setting player 4 freeze to 0
[16:50:51.135] [SEVERE ] updating countdown to 5000
[16:50:51.136] [SEVERE ] updating countdown to 5000
[16:50:51.236] [SEVERE ] removing card from slot 0
[16:50:51.337] [SEVERE ] removing card from slot 1
[16:50:51.437] [SEVERE ] removing card from slot 2
[16:50:51.538] [SEVERE ] removing card from slot 3
[16:50:51.639] [SEVERE ] removing card from slot 4
[16:50:51.739] [SEVERE ] removing card from slot 5
[16:50:51.840] [SEVERE ] removing card from slot 6
[16:50:51.941] [SEVERE ] removing card from slot 7
[16:50:52.041] [SEVERE ] removing card from slot 8
[16:50:52.141] [SEVERE ] removing card from slot 9
[16:50:52.242] [SEVERE ] removing card from slot 10
[16:50:52.342] [SEVERE ] removing card from slot 11
[16:50:52.342] [SEVERE ] removing all tokens
[16:50:52.443] [SEVERE ] placing card 4 in slot 0
[16:50:52.543] [SEVERE ] placing card 61 in slot 1
[16:50:52.644] [SEVERE ] placing card 36 in slot 2
[16:50:52.744] [SEVERE ] placing card 25 in slot 3
[16:50:52.844] [SEVERE ] placing card 59 in slot 4
[16:50:52.945] [SEVERE ] placing card 46 in slot 5
[16:50:53.045] [SEVERE ] placing card 21 in slot 6
[16:50:53.145] [SEVERE ] placing card 35 in slot 7
[16:50:53.246] [SEVERE ] placing card 40 in slot 8
[16:50:53.347] [SEVERE ] placing card 16 in slot 9
[16:50:53.447] [SEVERE ] placing card 11 in slot 10
[16:50:53.547] [SEVERE ] placing card 75 in slot 11
[16:50:53.548] [INFO   ] Thread Thread-5starting.
[16:50:53.548] [SEVERE ] updating countdown to 5000
[16:50:53.548] [INFO   ] Thread Thread-7starting.
[16:50:53.548] [INFO   ] Thread Thread-6starting.
[16:50:53.554] [INFO   ] Thread computer-0 starting.
[16:50:53.549] [INFO   ] Thread Thread-8starting.
[16:50:53.563] [INFO   ] Thread computer-2 starting.
[16:50:53.602] [INFO   ] Thread computer-3 starting.
[16:50:53.578] [INFO   ] Thread computer-1 starting.
