[19:32:26.204] [INFO   ] thread main starting.
[19:32:26.210] [SEVERE ] cannot read configuration file config.properties trying from resources.
[19:32:26.212] [SEVERE ] configuration file was loaded from resources directory.
[19:32:26.619] [INFO   ] thread dealer starting.
[19:32:26.620] [INFO   ] Thread dealer starting.
[19:32:26.728] [SEVERE ] placing card 45 in slot 0
[19:32:26.829] [SEVERE ] placing card 77 in slot 1
[19:32:26.930] [SEVERE ] placing card 64 in slot 2
[19:32:27.031] [SEVERE ] placing card 62 in slot 3
[19:32:27.132] [SEVERE ] placing card 10 in slot 4
[19:32:27.232] [SEVERE ] placing card 32 in slot 5
[19:32:27.334] [SEVERE ] placing card 27 in slot 6
[19:32:27.434] [SEVERE ] placing card 66 in slot 7
[19:32:27.534] [SEVERE ] placing card 14 in slot 8
[19:32:27.635] [SEVERE ] placing card 26 in slot 9
[19:32:27.736] [SEVERE ] placing card 51 in slot 10
[19:32:27.837] [SEVERE ] placing card 12 in slot 11
[19:32:27.839] [INFO   ] Thread Thread-2starting.
[19:32:27.840] [INFO   ] Thread Thread-4starting.
[19:32:27.840] [SEVERE ] updating countdown to 5000
[19:32:27.843] [INFO   ] Thread Thread-3starting.
[19:32:27.839] [INFO   ] Thread Thread-1starting.
[19:32:27.866] [INFO   ] Thread computer-2 starting.
[19:32:27.867] [SEVERE ] player 3 placing token on slot 4
[19:32:27.871] [INFO   ] Thread computer-0 starting.
[19:32:27.871] [SEVERE ] player 1 placing token on slot 11
[19:32:27.873] [INFO   ] Thread computer-1 starting.
[19:32:27.876] [SEVERE ] player 2 placing token on slot 2
[19:32:27.877] [INFO   ] Thread computer-3 starting.
[19:32:27.878] [SEVERE ] player 4 placing token on slot 2
[19:32:32.847] [SEVERE ] updating countdown to 5000
[19:32:32.847] [SEVERE ] updating countdown to 5000
[19:32:32.948] [SEVERE ] removing card from slot 0
[19:32:33.048] [SEVERE ] removing card from slot 1
[19:32:33.149] [SEVERE ] removing card from slot 2
[19:32:33.249] [SEVERE ] removing card from slot 3
[19:32:33.350] [SEVERE ] removing card from slot 4
[19:32:33.450] [SEVERE ] removing card from slot 5
[19:32:33.550] [SEVERE ] removing card from slot 6
[19:32:33.651] [SEVERE ] removing card from slot 7
[19:32:33.751] [SEVERE ] removing card from slot 8
[19:32:33.851] [SEVERE ] removing card from slot 9
[19:32:33.952] [SEVERE ] removing card from slot 10
[19:32:34.053] [SEVERE ] removing card from slot 11
[19:32:34.053] [SEVERE ] removing all tokens
[19:32:34.153] [SEVERE ] placing card 40 in slot 0
[19:32:34.253] [SEVERE ] placing card 69 in slot 1
[19:32:34.357] [SEVERE ] placing card 80 in slot 2
[19:32:34.457] [SEVERE ] placing card 20 in slot 3
[19:32:34.557] [SEVERE ] placing card 11 in slot 4
[19:32:34.659] [SEVERE ] placing card 16 in slot 5
[19:32:34.761] [SEVERE ] placing card 52 in slot 6
[19:32:34.861] [SEVERE ] placing card 22 in slot 7
[19:32:34.966] [SEVERE ] placing card 48 in slot 8
[19:32:35.066] [SEVERE ] placing card 73 in slot 9
[19:32:35.167] [SEVERE ] placing card 50 in slot 10
[19:32:35.267] [SEVERE ] placing card 9 in slot 11
[19:32:35.268] [INFO   ] Thread Thread-5starting.
[19:32:35.268] [INFO   ] Thread Thread-6starting.
[19:32:35.273] [SEVERE ] updating countdown to 5000
[19:32:35.273] [INFO   ] Thread Thread-7starting.
[19:32:35.276] [INFO   ] Thread Thread-8starting.
[19:32:35.277] [INFO   ] Thread computer-1 starting.
[19:32:35.285] [INFO   ] Thread computer-0 starting.
[19:32:35.297] [INFO   ] Thread computer-3 starting.
[19:32:35.313] [INFO   ] Thread computer-2 starting.
[19:32:36.273] [SEVERE ] updating countdown to 4000
[19:32:40.282] [SEVERE ] updating countdown to 5000
[19:32:40.282] [SEVERE ] updating countdown to 5000
[19:32:40.383] [SEVERE ] removing card from slot 0
[19:32:40.484] [SEVERE ] removing card from slot 1
[19:32:40.584] [SEVERE ] removing card from slot 2
[19:32:40.685] [SEVERE ] removing card from slot 3
[19:32:40.785] [SEVERE ] removing card from slot 4
[19:32:40.886] [SEVERE ] removing card from slot 5
[19:32:40.987] [SEVERE ] removing card from slot 6
[19:32:41.087] [SEVERE ] removing card from slot 7
[19:32:41.187] [SEVERE ] removing card from slot 8
[19:32:41.288] [SEVERE ] removing card from slot 9
[19:32:41.391] [SEVERE ] removing card from slot 10
