[13:49:27.934] [INFO   ] thread main starting.
[13:49:27.941] [SEVERE ] cannot read configuration file config.properties trying from resources.
[13:49:27.942] [SEVERE ] configuration file was loaded from resources directory.
[13:49:28.424] [INFO   ] thread dealer starting.
[13:49:28.424] [INFO   ] Thread dealer starting.
[13:49:28.530] [SEVERE ] placing card 25 in slot 0
[13:49:28.630] [SEVERE ] placing card 63 in slot 1
[13:49:28.732] [SEVERE ] placing card 55 in slot 2
[13:49:28.833] [SEVERE ] placing card 7 in slot 3
[13:49:28.935] [SEVERE ] placing card 40 in slot 4
[13:49:29.036] [SEVERE ] placing card 11 in slot 5
[13:49:29.137] [SEVERE ] placing card 77 in slot 6
[13:49:29.238] [SEVERE ] placing card 5 in slot 7
[13:49:29.339] [SEVERE ] placing card 8 in slot 8
[13:49:29.441] [SEVERE ] placing card 49 in slot 9
[13:49:29.542] [SEVERE ] placing card 60 in slot 10
[13:49:29.643] [SEVERE ] placing card 15 in slot 11
[13:49:29.645] [INFO   ] Thread Thread-1starting.
[13:49:29.646] [INFO   ] Thread Thread-3starting.
[13:49:29.645] [INFO   ] Thread Thread-2starting.
[13:49:29.646] [INFO   ] Thread Thread-4starting.
[13:49:29.646] [SEVERE ] updating countdown to 30000
[13:49:29.651] [INFO   ] Thread computer-3 starting.
[13:49:29.650] [INFO   ] Thread computer-1 starting.
[13:49:29.649] [INFO   ] Thread computer-2 starting.
[13:49:29.648] [INFO   ] Thread computer-0 starting.
[13:49:29.653] [SEVERE ] player 4 placing token on slot 9
[13:49:29.658] [SEVERE ] player 1 placing token on slot 4
[13:49:29.659] [SEVERE ] player 3 placing token on slot 2
[13:49:29.660] [SEVERE ] player 2 placing token on slot 6
[13:49:29.661] [SEVERE ] removing player 3 token from slot 2
[13:49:29.663] [SEVERE ] player 1 placing token on slot 6
[13:49:29.664] [SEVERE ] player 4 placing token on slot 8
[13:49:29.665] [SEVERE ] removing player 1 token from slot 6
[13:49:29.667] [SEVERE ] player 3 placing token on slot 1
[13:49:29.668] [SEVERE ] player 2 placing token on slot 2
[13:49:29.669] [SEVERE ] player 3 placing token on slot 9
[13:49:29.670] [SEVERE ] player 1 placing token on slot 6
[13:49:29.671] [SEVERE ] player 4 placing token on slot 3
[13:49:29.672] [SEVERE ] player 1 placing token on slot 11
[13:49:29.672] [SEVERE ] player 3 placing token on slot 10
[13:49:29.673] [SEVERE ] removing player 2 token from slot 6
[13:49:29.674] [SEVERE ] player 2 placing token on slot 7
[13:49:29.675] [SEVERE ] removing player 2 token from slot 7
[13:49:29.675] [SEVERE ] player 2 placing token on slot 4
[13:49:29.676] [SEVERE ] player 2 placing token on slot 0
[13:49:30.656] [SEVERE ] updating countdown to 28990
[13:49:30.656] [SEVERE ] setting player 4 freeze to 0
[13:49:30.657] [SEVERE ] setting player 4 freeze to 0
[13:49:30.658] [SEVERE ] setting player 4 freeze to 0
[13:49:30.658] [SEVERE ] setting player 4 freeze to 0
[13:49:30.659] [SEVERE ] removing player 4 token from slot 3
[13:49:30.659] [SEVERE ] player 4 placing token on slot 10
[13:49:31.657] [SEVERE ] updating countdown to 27989
[13:49:31.657] [SEVERE ] setting player 1 freeze to 0
[13:49:31.659] [SEVERE ] setting player 1 freeze to 0
[13:49:31.660] [SEVERE ] setting player 1 freeze to 0
[13:49:31.662] [SEVERE ] setting player 1 freeze to 0
[13:49:31.664] [SEVERE ] removing player 1 token from slot 6
[13:49:31.664] [SEVERE ] player 1 placing token on slot 1
[13:49:32.658] [SEVERE ] updating countdown to 26988
[13:49:32.658] [SEVERE ] setting player 3 freeze to 0
[13:49:32.659] [SEVERE ] setting player 3 freeze to 0
[13:49:32.659] [SEVERE ] setting player 3 freeze to 0
[13:49:32.660] [SEVERE ] setting player 3 freeze to 0
[13:49:32.660] [SEVERE ] removing player 3 token from slot 9
[13:49:32.661] [SEVERE ] player 3 placing token on slot 2
[13:49:33.658] [SEVERE ] updating countdown to 30000
[13:49:33.658] [SEVERE ] setting player 2 score to 1
[13:49:33.659] [SEVERE ] removing player 2 token from slot 0
[13:49:33.659] [SEVERE ] setting player 2 freeze to 0
[13:49:33.660] [SEVERE ] setting player 2 freeze to 0
[13:49:33.661] [SEVERE ] removing player 2 token from slot 0
[13:49:33.661] [SEVERE ] player 2 placing token on slot 3
