[19:18:35.076] [INFO   ] thread main starting.
[19:18:35.085] [SEVERE ] cannot read configuration file config.properties trying from resources.
[19:18:35.086] [SEVERE ] configuration file was loaded from resources directory.
[19:18:35.474] [INFO   ] thread dealer starting.
[19:18:35.475] [INFO   ] Thread dealer starting.
[19:18:35.586] [SEVERE ] placing card 22 in slot 0
[19:18:35.687] [SEVERE ] placing card 7 in slot 1
[19:18:35.788] [SEVERE ] placing card 64 in slot 2
[19:18:35.889] [SEVERE ] placing card 36 in slot 3
[19:18:35.989] [SEVERE ] placing card 75 in slot 4
[19:18:36.090] [SEVERE ] placing card 66 in slot 5
[19:18:36.191] [SEVERE ] placing card 47 in slot 6
[19:18:36.292] [SEVERE ] placing card 27 in slot 7
[19:18:36.393] [SEVERE ] placing card 17 in slot 8
[19:18:36.494] [SEVERE ] placing card 25 in slot 9
[19:18:36.594] [SEVERE ] placing card 56 in slot 10
[19:18:36.696] [SEVERE ] placing card 1 in slot 11
[19:18:36.696] [INFO   ] Thread Thread-1starting.
[19:18:36.696] [INFO   ] Thread Thread-2starting.
[19:18:36.698] [INFO   ] Thread Thread-4starting.
[19:18:36.701] [INFO   ] Thread computer-1 starting.
[19:18:36.699] [INFO   ] Thread computer-0 starting.
[19:18:36.706] [SEVERE ] player 1 placing token on slot 1
[19:18:36.698] [SEVERE ] updating countdown to 5000
[19:18:36.707] [SEVERE ] removing player 1 token from slot 1
[19:18:36.696] [INFO   ] Thread Thread-3starting.
[19:18:36.708] [SEVERE ] player 1 placing token on slot 2
[19:18:36.710] [SEVERE ] player 1 placing token on slot 7
[19:18:36.711] [SEVERE ] player 1 placing token on slot 11
[19:18:36.706] [SEVERE ] player 2 placing token on slot 4
[19:18:36.714] [SEVERE ] player 2 placing token on slot 10
[19:18:36.714] [SEVERE ] removing player 2 token from slot 10
[19:18:36.715] [SEVERE ] player 2 placing token on slot 8
[19:18:36.715] [SEVERE ] player 2 placing token on slot 6
[19:18:36.717] [SEVERE ] setting player 1 freeze to 0
[19:18:36.718] [SEVERE ] setting player 1 freeze to 0
[19:18:36.720] [SEVERE ] setting player 1 freeze to 0
[19:18:36.720] [SEVERE ] setting player 1 freeze to 0
[19:18:36.721] [SEVERE ] removing player 1 token from slot 2
[19:18:36.721] [INFO   ] Thread computer-2 starting.
[19:18:36.722] [SEVERE ] player 3 placing token on slot 8
[19:18:36.722] [SEVERE ] player 3 placing token on slot 3
[19:18:36.722] [SEVERE ] player 1 placing token on slot 2
[19:18:36.723] [SEVERE ] player 3 placing token on slot 9
[19:18:36.725] [INFO   ] Thread computer-3 starting.
[19:18:36.726] [SEVERE ] player 4 placing token on slot 2
[19:18:36.726] [SEVERE ] player 4 placing token on slot 7
[19:18:36.727] [SEVERE ] player 4 placing token on slot 8
[19:18:36.729] [SEVERE ] setting player 2 freeze to 0
[19:18:36.736] [SEVERE ] setting player 2 freeze to 0
[19:18:36.736] [SEVERE ] setting player 2 freeze to 0
[19:18:36.737] [SEVERE ] setting player 2 freeze to 0
[19:18:36.737] [SEVERE ] removing player 2 token from slot 6
[19:18:36.739] [SEVERE ] setting player 1 freeze to 0
[19:18:36.739] [SEVERE ] removing player 2 token from slot 8
[19:18:36.740] [SEVERE ] setting player 1 freeze to 0
[19:18:36.740] [SEVERE ] player 2 placing token on slot 1
[19:18:36.741] [SEVERE ] player 2 placing token on slot 8
[19:18:36.745] [SEVERE ] setting player 1 freeze to 0
[19:18:36.745] [SEVERE ] setting player 1 freeze to 0
[19:18:36.749] [SEVERE ] setting player 3 freeze to 0
[19:18:36.749] [SEVERE ] setting player 3 freeze to 0
[19:18:36.750] [SEVERE ] setting player 3 freeze to 0
[19:18:36.750] [SEVERE ] setting player 3 freeze to 0
[19:18:36.751] [SEVERE ] removing player 3 token from slot 8
[19:18:36.751] [SEVERE ] removing player 1 token from slot 11
[19:18:36.752] [SEVERE ] player 3 placing token on slot 4
[19:18:36.752] [SEVERE ] player 1 placing token on slot 9
[19:18:36.759] [SEVERE ] setting player 4 freeze to 0
[19:18:36.760] [SEVERE ] setting player 4 freeze to 0
[19:18:36.761] [SEVERE ] setting player 4 freeze to 0
[19:18:36.761] [SEVERE ] setting player 4 freeze to 0
[19:18:36.762] [SEVERE ] removing player 4 token from slot 8
[19:18:36.762] [SEVERE ] player 4 placing token on slot 8
[19:18:36.770] [SEVERE ] setting player 2 freeze to 0
[19:18:36.770] [SEVERE ] setting player 2 freeze to 0
[19:18:36.771] [SEVERE ] setting player 2 freeze to 0
[19:18:36.773] [SEVERE ] setting player 2 freeze to 0
[19:18:36.774] [SEVERE ] removing player 2 token from slot 8
[19:18:36.774] [SEVERE ] player 2 placing token on slot 5
[19:18:36.780] [SEVERE ] setting player 3 freeze to 0
[19:18:36.781] [SEVERE ] setting player 3 freeze to 0
[19:18:36.781] [SEVERE ] setting player 3 freeze to 0
[19:18:36.782] [SEVERE ] setting player 3 freeze to 0
[19:18:36.782] [SEVERE ] removing player 3 token from slot 3
[19:18:36.783] [SEVERE ] player 3 placing token on slot 1
[19:18:36.791] [SEVERE ] setting player 1 freeze to 0
[19:18:36.791] [SEVERE ] setting player 1 freeze to 0
[19:18:36.791] [SEVERE ] setting player 1 freeze to 0
[19:18:36.793] [SEVERE ] setting player 1 freeze to 0
[19:18:36.793] [SEVERE ] removing player 1 token from slot 2
[19:18:36.794] [SEVERE ] removing player 1 token from slot 9
[19:18:36.794] [SEVERE ] player 1 placing token on slot 5
[19:18:36.795] [SEVERE ] player 1 placing token on slot 11
[19:18:36.801] [SEVERE ] setting player 4 freeze to 0
[19:18:36.801] [SEVERE ] setting player 4 freeze to 0
[19:18:36.802] [SEVERE ] setting player 4 freeze to 0
[19:18:36.802] [SEVERE ] setting player 4 freeze to 0
[19:18:36.803] [SEVERE ] removing player 4 token from slot 2
[19:18:36.803] [SEVERE ] removing player 4 token from slot 8
[19:18:36.804] [SEVERE ] player 4 placing token on slot 10
[19:18:36.805] [SEVERE ] player 4 placing token on slot 6
[19:18:36.811] [SEVERE ] setting player 2 freeze to 0
[19:18:36.812] [SEVERE ] setting player 2 freeze to 0
[19:18:36.812] [SEVERE ] setting player 2 freeze to 0
[19:18:36.812] [SEVERE ] setting player 2 freeze to 0
[19:18:36.814] [SEVERE ] removing player 2 token from slot 1
[19:18:36.815] [SEVERE ] player 2 placing token on slot 10
[19:18:36.822] [SEVERE ] setting player 3 freeze to 0
[19:18:36.822] [SEVERE ] setting player 3 freeze to 0
[19:18:36.823] [SEVERE ] setting player 3 freeze to 0
[19:18:36.823] [SEVERE ] setting player 3 freeze to 0
[19:18:36.824] [SEVERE ] removing player 3 token from slot 1
[19:18:36.824] [SEVERE ] player 3 placing token on slot 10
[19:18:36.832] [SEVERE ] setting player 1 freeze to 0
[19:18:36.832] [SEVERE ] setting player 1 freeze to 0
[19:18:36.833] [SEVERE ] setting player 1 freeze to 0
[19:18:36.833] [SEVERE ] setting player 1 freeze to 0
[19:18:36.834] [SEVERE ] removing player 1 token from slot 7
[19:18:36.834] [SEVERE ] player 1 placing token on slot 10
[19:18:36.842] [SEVERE ] setting player 4 freeze to 0
[19:18:36.843] [SEVERE ] setting player 4 freeze to 0
[19:18:36.846] [SEVERE ] setting player 4 freeze to 0
[19:18:36.846] [SEVERE ] setting player 4 freeze to 0
[19:18:36.847] [SEVERE ] removing player 4 token from slot 7
[19:18:36.847] [SEVERE ] removing player 4 token from slot 6
[19:18:36.847] [SEVERE ] player 4 placing token on slot 11
[19:18:36.848] [SEVERE ] player 4 placing token on slot 8
[19:18:36.853] [SEVERE ] setting player 2 freeze to 0
[19:18:36.853] [SEVERE ] setting player 2 freeze to 0
[19:18:36.853] [SEVERE ] setting player 2 freeze to 0
[19:18:36.854] [SEVERE ] setting player 2 freeze to 0
[19:18:36.855] [SEVERE ] removing player 2 token from slot 4
[19:18:36.856] [SEVERE ] player 2 placing token on slot 1
[19:18:36.863] [SEVERE ] setting player 3 freeze to 0
[19:18:36.863] [SEVERE ] setting player 3 freeze to 0
[19:18:36.873] [SEVERE ] setting player 3 freeze to 0
[19:18:36.873] [SEVERE ] setting player 3 freeze to 0
[19:18:36.874] [SEVERE ] removing player 3 token from slot 9
[19:18:36.874] [SEVERE ] removing player 3 token from slot 4
[19:18:36.875] [SEVERE ] setting player 1 freeze to 0
[19:18:36.875] [SEVERE ] setting player 1 freeze to 0
[19:18:36.875] [SEVERE ] setting player 1 freeze to 0
[19:18:36.875] [SEVERE ] setting player 1 freeze to 0
[19:18:36.876] [SEVERE ] player 3 placing token on slot 5
[19:18:36.880] [SEVERE ] removing player 1 token from slot 5
[19:18:36.881] [SEVERE ] player 3 placing token on slot 8
[19:18:36.881] [SEVERE ] removing player 1 token from slot 10
[19:18:36.881] [SEVERE ] removing player 1 token from slot 11
[19:18:36.882] [SEVERE ] player 1 placing token on slot 6
[19:18:36.882] [SEVERE ] player 1 placing token on slot 5
[19:18:36.883] [SEVERE ] player 1 placing token on slot 3
[19:18:36.885] [SEVERE ] setting player 4 freeze to 0
[19:18:36.886] [SEVERE ] setting player 4 freeze to 0
[19:18:36.886] [SEVERE ] setting player 4 freeze to 0
[19:18:36.887] [SEVERE ] setting player 4 freeze to 0
[19:18:36.888] [SEVERE ] removing player 4 token from slot 8
[19:18:36.888] [SEVERE ] player 4 placing token on slot 2
[19:18:36.896] [SEVERE ] setting player 2 freeze to 0
[19:18:36.897] [SEVERE ] setting player 2 freeze to 0
[19:18:36.898] [SEVERE ] setting player 2 freeze to 0
[19:18:36.899] [SEVERE ] setting player 2 freeze to 0
[19:18:36.899] [SEVERE ] removing player 2 token from slot 10
[19:18:36.900] [SEVERE ] player 2 placing token on slot 8
[19:18:36.907] [SEVERE ] setting player 3 freeze to 0
[19:18:36.907] [SEVERE ] setting player 3 freeze to 0
[19:18:36.910] [SEVERE ] setting player 3 freeze to 0
[19:18:36.911] [SEVERE ] setting player 3 freeze to 0
[19:18:36.916] [SEVERE ] removing player 3 token from slot 8
[19:18:36.917] [SEVERE ] player 3 placing token on slot 4
[19:18:36.917] [SEVERE ] setting player 1 freeze to 0
[19:18:36.930] [SEVERE ] setting player 1 freeze to 0
[19:18:36.930] [SEVERE ] setting player 1 freeze to 0
[19:18:36.931] [SEVERE ] setting player 1 freeze to 0
[19:18:36.933] [SEVERE ] setting player 4 freeze to 0
[19:18:36.933] [SEVERE ] setting player 4 freeze to 0
[19:18:36.933] [SEVERE ] removing player 1 token from slot 3
[19:18:36.938] [SEVERE ] player 1 placing token on slot 1
[19:18:36.934] [SEVERE ] setting player 4 freeze to 0
[19:18:36.943] [SEVERE ] setting player 4 freeze to 0
[19:18:36.945] [SEVERE ] removing player 4 token from slot 11
[19:18:36.950] [SEVERE ] player 4 placing token on slot 6
[19:18:36.951] [SEVERE ] setting player 2 freeze to 0
[19:18:36.951] [SEVERE ] setting player 2 freeze to 0
[19:18:36.952] [SEVERE ] setting player 2 freeze to 0
[19:18:36.952] [SEVERE ] setting player 2 freeze to 0
[19:18:36.953] [SEVERE ] removing player 2 token from slot 5
[19:18:36.953] [SEVERE ] player 2 placing token on slot 10
[19:18:36.969] [SEVERE ] setting player 3 freeze to 0
[19:18:36.973] [SEVERE ] setting player 3 freeze to 0
[19:18:36.973] [SEVERE ] setting player 3 freeze to 0
[19:18:36.974] [SEVERE ] setting player 3 freeze to 0
[19:18:36.974] [SEVERE ] removing player 3 token from slot 4
[19:18:36.975] [SEVERE ] removing player 1 token from slot 6
[19:18:36.975] [SEVERE ] updating countdown to 5000
[19:18:36.986] [SEVERE ] removing player 1 token from slot 6
[19:18:36.987] [SEVERE ] removing player 1 token from slot 6
[19:18:36.987] [SEVERE ] removing player 1 token from slot 1
[19:18:36.987] [SEVERE ] setting player 1 score to 1
[19:18:36.987] [SEVERE ] setting player 1 freeze to 0
[19:18:36.987] [SEVERE ] setting player 1 freeze to 0
[19:18:36.988] [SEVERE ] removing player 1 token from slot 5
[19:18:36.987] [SEVERE ] player 3 placing token on slot 11
[19:18:36.988] [SEVERE ] player 1 placing token on slot 7
[19:18:37.087] [SEVERE ] removing card from slot 1
[19:18:37.087] [SEVERE ] removing player 1 token from slot 6
[19:18:37.188] [SEVERE ] removing card from slot 6
[19:18:37.188] [SEVERE ] removing player 1 token from slot 7
[19:18:37.289] [SEVERE ] removing card from slot 7
[19:18:37.289] [SEVERE ] removing player 1 token from slot 1
[19:18:37.290] [SEVERE ] removing player 2 token from slot 1
[19:18:37.290] [SEVERE ] removing player 1 token from slot 6
[19:18:37.290] [SEVERE ] removing player 4 token from slot 6
[19:18:37.290] [SEVERE ] removing player 1 token from slot 7
[19:18:37.390] [SEVERE ] placing card 50 in slot 1
[19:18:37.491] [SEVERE ] placing card 34 in slot 6
[19:18:37.591] [SEVERE ] placing card 60 in slot 7
[19:18:37.601] [SEVERE ] setting player 4 freeze to 0
[19:18:37.602] [SEVERE ] setting player 4 freeze to 0
[19:18:37.602] [SEVERE ] setting player 4 freeze to 0
[19:18:37.603] [SEVERE ] setting player 4 freeze to 0
[19:18:37.603] [SEVERE ] removing player 4 token from slot 10
[19:18:37.604] [SEVERE ] player 4 placing token on slot 10
[19:18:37.612] [SEVERE ] setting player 2 freeze to 0
[19:18:37.612] [SEVERE ] setting player 2 freeze to 0
[19:18:37.612] [SEVERE ] setting player 2 freeze to 0
[19:18:37.612] [SEVERE ] setting player 2 freeze to 0
[19:18:37.612] [SEVERE ] removing player 2 token from slot 8
[19:18:37.613] [SEVERE ] player 2 placing token on slot 11
[19:18:37.623] [SEVERE ] setting player 3 freeze to 0
[19:18:37.623] [SEVERE ] setting player 3 freeze to 0
[19:18:37.624] [SEVERE ] setting player 3 freeze to 0
[19:18:37.624] [SEVERE ] setting player 3 freeze to 0
[19:18:37.624] [SEVERE ] removing player 3 token from slot 5
[19:18:37.625] [SEVERE ] removing player 3 token from slot 10
[19:18:37.626] [SEVERE ] player 3 placing token on slot 4
[19:18:37.627] [SEVERE ] player 3 placing token on slot 3
[19:18:37.633] [SEVERE ] updating countdown to 5000
[19:18:37.734] [SEVERE ] placing card 78 in slot 0
[19:18:37.834] [SEVERE ] placing card 49 in slot 0
[19:18:37.935] [SEVERE ] placing card 2 in slot 0
[19:18:37.947] [SEVERE ] setting player 4 freeze to 0
[19:18:37.947] [SEVERE ] setting player 4 freeze to 0
[19:18:37.948] [SEVERE ] setting player 4 freeze to 0
[19:18:37.948] [SEVERE ] setting player 4 freeze to 0
[19:18:37.948] [SEVERE ] removing player 4 token from slot 6
[19:18:37.949] [SEVERE ] player 4 placing token on slot 7
[19:18:37.957] [SEVERE ] setting player 2 freeze to 0
[19:18:37.957] [SEVERE ] setting player 2 freeze to 0
[19:18:37.958] [SEVERE ] setting player 2 freeze to 0
[19:18:37.958] [SEVERE ] setting player 2 freeze to 0
[19:18:37.958] [SEVERE ] removing player 2 token from slot 1
[19:18:37.958] [SEVERE ] player 2 placing token on slot 7
[19:18:37.968] [SEVERE ] setting player 3 freeze to 0
[19:18:37.968] [SEVERE ] setting player 3 freeze to 0
[19:18:37.968] [SEVERE ] setting player 3 freeze to 0
[19:18:37.969] [SEVERE ] setting player 3 freeze to 0
[19:18:37.969] [SEVERE ] removing player 3 token from slot 4
[19:18:37.970] [SEVERE ] removing player 3 token from slot 11
[19:18:37.970] [SEVERE ] player 3 placing token on slot 8
[19:18:37.970] [SEVERE ] player 3 placing token on slot 5
[19:18:37.978] [SEVERE ] setting player 4 freeze to 0
[19:18:37.979] [SEVERE ] setting player 4 freeze to 0
[19:18:37.979] [SEVERE ] setting player 4 freeze to 0
[19:18:37.980] [SEVERE ] setting player 4 freeze to 0
[19:18:37.981] [SEVERE ] removing player 4 token from slot 10
[19:18:37.982] [SEVERE ] player 4 placing token on slot 1
[19:18:37.989] [SEVERE ] setting player 2 freeze to 0
[19:18:37.989] [SEVERE ] setting player 2 freeze to 0
[19:18:37.989] [SEVERE ] setting player 2 freeze to 0
[19:18:37.989] [SEVERE ] setting player 2 freeze to 0
[19:18:37.989] [SEVERE ] removing player 2 token from slot 10
[19:18:37.989] [SEVERE ] player 2 placing token on slot 4
[19:18:37.999] [SEVERE ] setting player 3 freeze to 0
[19:18:37.999] [SEVERE ] setting player 3 freeze to 0
[19:18:37.999] [SEVERE ] setting player 3 freeze to 0
[19:18:37.999] [SEVERE ] setting player 3 freeze to 0
[19:18:37.999] [SEVERE ] removing player 3 token from slot 3
[19:18:37.999] [SEVERE ] player 3 placing token on slot 3
[19:18:38.009] [SEVERE ] setting player 4 freeze to 0
[19:18:38.009] [SEVERE ] setting player 4 freeze to 0
[19:18:38.009] [SEVERE ] setting player 4 freeze to 0
[19:18:38.009] [SEVERE ] setting player 4 freeze to 0
[19:18:38.009] [SEVERE ] removing player 4 token from slot 7
[19:18:38.009] [SEVERE ] player 4 placing token on slot 3
[19:18:38.019] [SEVERE ] setting player 2 freeze to 0
[19:18:38.019] [SEVERE ] setting player 2 freeze to 0
[19:18:38.019] [SEVERE ] setting player 2 freeze to 0
[19:18:38.019] [SEVERE ] setting player 2 freeze to 0
[19:18:38.020] [SEVERE ] removing player 2 token from slot 4
[19:18:38.020] [SEVERE ] player 2 placing token on slot 10
[19:18:38.030] [SEVERE ] setting player 3 freeze to 0
[19:18:38.030] [SEVERE ] setting player 3 freeze to 0
[19:18:38.030] [SEVERE ] setting player 3 freeze to 0
[19:18:38.030] [SEVERE ] setting player 3 freeze to 0
[19:18:38.030] [SEVERE ] removing player 3 token from slot 8
[19:18:38.030] [SEVERE ] removing player 3 token from slot 5
[19:18:38.030] [SEVERE ] player 3 placing token on slot 11
[19:18:38.030] [SEVERE ] player 3 placing token on slot 8
[19:18:38.040] [SEVERE ] setting player 4 freeze to 0
[19:18:38.040] [SEVERE ] setting player 4 freeze to 0
[19:18:38.040] [SEVERE ] setting player 4 freeze to 0
[19:18:38.040] [SEVERE ] setting player 4 freeze to 0
[19:18:38.041] [SEVERE ] removing player 4 token from slot 2
[19:18:38.042] [SEVERE ] player 4 placing token on slot 5
[19:18:38.050] [SEVERE ] setting player 2 freeze to 0
[19:18:38.050] [SEVERE ] setting player 2 freeze to 0
[19:18:38.050] [SEVERE ] setting player 2 freeze to 0
[19:18:38.050] [SEVERE ] setting player 2 freeze to 0
[19:18:38.050] [SEVERE ] removing player 2 token from slot 11
[19:18:38.050] [SEVERE ] player 2 placing token on slot 5
[19:18:38.060] [SEVERE ] setting player 3 freeze to 0
[19:18:38.061] [SEVERE ] setting player 3 freeze to 0
[19:18:38.061] [SEVERE ] setting player 3 freeze to 0
[19:18:38.062] [SEVERE ] setting player 3 freeze to 0
[19:18:38.062] [SEVERE ] removing player 3 token from slot 3
[19:18:38.063] [SEVERE ] player 3 placing token on slot 6
[19:18:38.074] [SEVERE ] setting player 4 freeze to 0
[19:18:38.074] [SEVERE ] setting player 4 freeze to 0
[19:18:38.074] [SEVERE ] setting player 4 freeze to 0
[19:18:38.074] [SEVERE ] setting player 4 freeze to 0
[19:18:38.074] [SEVERE ] removing player 4 token from slot 1
[19:18:38.074] [SEVERE ] player 4 placing token on slot 10
[19:18:38.085] [SEVERE ] setting player 2 freeze to 0
[19:18:38.085] [SEVERE ] setting player 2 freeze to 0
[19:18:38.085] [SEVERE ] setting player 2 freeze to 0
[19:18:38.086] [SEVERE ] setting player 2 freeze to 0
[19:18:38.087] [SEVERE ] removing player 2 token from slot 10
[19:18:38.094] [SEVERE ] removing player 2 token from slot 5
[19:18:38.095] [SEVERE ] player 2 placing token on slot 8
[19:18:38.095] [SEVERE ] player 2 placing token on slot 5
[19:18:38.096] [SEVERE ] setting player 3 freeze to 0
[19:18:38.101] [SEVERE ] setting player 3 freeze to 0
[19:18:38.101] [SEVERE ] setting player 3 freeze to 0
[19:18:38.102] [SEVERE ] setting player 3 freeze to 0
[19:18:38.106] [SEVERE ] setting player 4 freeze to 0
[19:18:38.107] [SEVERE ] setting player 4 freeze to 0
[19:18:38.107] [SEVERE ] setting player 4 freeze to 0
[19:18:38.108] [SEVERE ] setting player 4 freeze to 0
[19:18:38.108] [SEVERE ] removing player 4 token from slot 3
[19:18:38.108] [SEVERE ] removing player 3 token from slot 11
[19:18:38.109] [SEVERE ] player 3 placing token on slot 11
[19:18:38.111] [SEVERE ] player 4 placing token on slot 3
[19:18:38.117] [SEVERE ] setting player 2 freeze to 0
[19:18:38.118] [SEVERE ] setting player 2 freeze to 0
[19:18:38.118] [SEVERE ] setting player 2 freeze to 0
[19:18:38.124] [SEVERE ] setting player 2 freeze to 0
[19:18:38.124] [SEVERE ] removing player 2 token from slot 5
[19:18:38.125] [SEVERE ] player 2 placing token on slot 1
[19:18:38.127] [SEVERE ] setting player 3 freeze to 0
[19:18:38.127] [SEVERE ] setting player 3 freeze to 0
[19:18:38.127] [SEVERE ] setting player 3 freeze to 0
[19:18:38.128] [SEVERE ] setting player 3 freeze to 0
[19:18:38.128] [SEVERE ] removing player 3 token from slot 8
[19:18:38.128] [SEVERE ] player 3 placing token on slot 8
[19:18:38.137] [SEVERE ] setting player 4 freeze to 0
[19:18:38.137] [SEVERE ] setting player 4 freeze to 0
[19:18:38.138] [SEVERE ] setting player 4 freeze to 0
[19:18:38.138] [SEVERE ] setting player 4 freeze to 0
[19:18:38.139] [SEVERE ] removing player 4 token from slot 5
[19:18:38.140] [SEVERE ] player 4 placing token on slot 9
[19:18:38.148] [SEVERE ] setting player 3 freeze to 0
[19:18:38.148] [SEVERE ] setting player 3 freeze to 0
[19:18:38.148] [SEVERE ] setting player 3 freeze to 0
[19:18:38.149] [SEVERE ] setting player 3 freeze to 0
[19:18:38.149] [SEVERE ] removing player 3 token from slot 11
[19:18:38.152] [SEVERE ] removing player 3 token from slot 8
[19:18:38.152] [SEVERE ] player 3 placing token on slot 7
[19:18:38.152] [SEVERE ] removing player 3 token from slot 7
[19:18:38.153] [SEVERE ] player 3 placing token on slot 11
[19:18:38.153] [SEVERE ] player 3 placing token on slot 2
[19:18:38.158] [SEVERE ] setting player 2 freeze to 0
[19:18:38.159] [SEVERE ] setting player 2 freeze to 0
[19:18:38.166] [SEVERE ] setting player 2 freeze to 0
[19:18:38.166] [SEVERE ] setting player 2 freeze to 0
[19:18:38.167] [SEVERE ] removing player 2 token from slot 7
[19:18:38.167] [SEVERE ] player 2 placing token on slot 9
[19:18:38.169] [SEVERE ] setting player 4 freeze to 0
[19:18:38.169] [SEVERE ] setting player 4 freeze to 0
[19:18:38.170] [SEVERE ] setting player 4 freeze to 0
[19:18:38.170] [SEVERE ] setting player 4 freeze to 0
[19:18:38.170] [SEVERE ] removing player 4 token from slot 10
[19:18:38.172] [SEVERE ] player 4 placing token on slot 2
[19:18:38.179] [SEVERE ] setting player 3 freeze to 0
[19:18:38.180] [SEVERE ] setting player 3 freeze to 0
[19:18:38.180] [SEVERE ] setting player 3 freeze to 0
[19:18:38.180] [SEVERE ] setting player 3 freeze to 0
[19:18:38.182] [SEVERE ] removing player 3 token from slot 11
[19:18:38.182] [SEVERE ] player 3 placing token on slot 11
[19:18:38.190] [SEVERE ] setting player 2 freeze to 0
[19:18:38.190] [SEVERE ] setting player 2 freeze to 0
[19:18:38.190] [SEVERE ] setting player 2 freeze to 0
[19:18:38.191] [SEVERE ] setting player 2 freeze to 0
[19:18:38.192] [SEVERE ] removing player 2 token from slot 9
[19:18:38.196] [SEVERE ] player 2 placing token on slot 11
[19:18:38.200] [SEVERE ] setting player 4 freeze to 0
[19:18:38.200] [SEVERE ] setting player 4 freeze to 0
[19:18:38.200] [SEVERE ] setting player 4 freeze to 0
[19:18:38.201] [SEVERE ] setting player 4 freeze to 0
[19:18:38.201] [SEVERE ] removing player 4 token from slot 3
[19:18:38.202] [SEVERE ] removing player 4 token from slot 9
[19:18:38.203] [SEVERE ] player 4 placing token on slot 3
[19:18:38.203] [SEVERE ] player 4 placing token on slot 10
[19:18:38.211] [SEVERE ] setting player 3 freeze to 0
[19:18:38.211] [SEVERE ] setting player 3 freeze to 0
[19:18:38.211] [SEVERE ] setting player 3 freeze to 0
[19:18:38.211] [SEVERE ] setting player 3 freeze to 0
[19:18:38.211] [SEVERE ] removing player 3 token from slot 2
[19:18:38.211] [SEVERE ] removing player 3 token from slot 6
[19:18:38.211] [SEVERE ] player 3 placing token on slot 6
[19:18:38.211] [SEVERE ] player 3 placing token on slot 10
[19:18:38.221] [SEVERE ] setting player 2 freeze to 0
[19:18:38.221] [SEVERE ] setting player 2 freeze to 0
[19:18:38.222] [SEVERE ] setting player 2 freeze to 0
[19:18:38.222] [SEVERE ] setting player 2 freeze to 0
[19:18:38.223] [SEVERE ] removing player 2 token from slot 11
[19:18:38.223] [SEVERE ] player 2 placing token on slot 9
[19:18:38.231] [SEVERE ] setting player 4 freeze to 0
[19:18:38.231] [SEVERE ] setting player 4 freeze to 0
[19:18:38.232] [SEVERE ] setting player 4 freeze to 0
[19:18:38.232] [SEVERE ] setting player 4 freeze to 0
[19:18:38.233] [SEVERE ] removing player 4 token from slot 10
[19:18:38.233] [SEVERE ] player 4 placing token on slot 10
[19:18:38.242] [SEVERE ] setting player 3 freeze to 0
[19:18:38.242] [SEVERE ] setting player 3 freeze to 0
[19:18:38.243] [SEVERE ] setting player 3 freeze to 0
[19:18:38.244] [SEVERE ] setting player 3 freeze to 0
[19:18:38.244] [SEVERE ] removing player 3 token from slot 6
[19:18:38.245] [SEVERE ] player 3 placing token on slot 3
[19:18:38.253] [SEVERE ] setting player 2 freeze to 0
[19:18:38.253] [SEVERE ] setting player 2 freeze to 0
[19:18:38.253] [SEVERE ] setting player 2 freeze to 0
[19:18:38.253] [SEVERE ] setting player 2 freeze to 0
[19:18:38.253] [SEVERE ] removing player 2 token from slot 9
[19:18:38.253] [SEVERE ] player 2 placing token on slot 10
[19:18:38.263] [SEVERE ] setting player 4 freeze to 0
[19:18:38.263] [SEVERE ] setting player 4 freeze to 0
[19:18:38.263] [SEVERE ] setting player 4 freeze to 0
[19:18:38.264] [SEVERE ] setting player 4 freeze to 0
[19:18:38.264] [SEVERE ] removing player 4 token from slot 2
[19:18:38.265] [SEVERE ] removing player 4 token from slot 10
[19:18:38.265] [SEVERE ] player 4 placing token on slot 7
[19:18:38.266] [SEVERE ] player 4 placing token on slot 5
[19:18:38.273] [SEVERE ] setting player 3 freeze to 0
[19:18:38.273] [SEVERE ] setting player 3 freeze to 0
[19:18:38.277] [SEVERE ] setting player 3 freeze to 0
[19:18:38.278] [SEVERE ] setting player 3 freeze to 0
[19:18:38.283] [SEVERE ] removing player 2 token from slot 8
[19:18:38.285] [SEVERE ] removing player 2 token from slot 8
[19:18:38.285] [SEVERE ] removing player 2 token from slot 8
[19:18:38.285] [SEVERE ] setting player 2 score to 1
[19:18:38.286] [SEVERE ] setting player 2 freeze to 0
[19:18:38.283] [SEVERE ] updating countdown to 5000
[19:18:38.289] [SEVERE ] setting player 2 freeze to 0
[19:18:38.289] [SEVERE ] removing player 2 token from slot 1
[19:18:38.291] [SEVERE ] removing player 2 token from slot 1
[19:18:38.291] [SEVERE ] player 2 placing token on slot 7
[19:18:38.293] [SEVERE ] removing player 3 token from slot 10
[19:18:38.293] [SEVERE ] player 3 placing token on slot 9
[19:18:38.390] [SEVERE ] removing card from slot 1
[19:18:38.390] [SEVERE ] removing player 2 token from slot 7
[19:18:38.491] [SEVERE ] removing card from slot 7
[19:18:38.492] [SEVERE ] removing player 2 token from slot 8
[19:18:38.593] [SEVERE ] removing card from slot 8
[19:18:38.593] [SEVERE ] removing player 2 token from slot 10
[19:18:38.695] [SEVERE ] removing card from slot 10
