[16:55:11.654] [INFO   ] thread main starting.
[16:55:11.660] [SEVERE ] cannot read configuration file config.properties trying from resources.
[16:55:11.662] [SEVERE ] configuration file was loaded from resources directory.
[16:55:12.122] [INFO   ] thread dealer starting.
[16:55:12.122] [INFO   ] Thread dealer starting.
[16:55:12.228] [SEVERE ] placing card 9 in slot 0
[16:55:12.329] [SEVERE ] placing card 68 in slot 1
[16:55:12.430] [SEVERE ] placing card 8 in slot 2
[16:55:12.531] [SEVERE ] placing card 45 in slot 3
[16:55:12.632] [SEVERE ] placing card 23 in slot 4
[16:55:12.734] [SEVERE ] placing card 38 in slot 5
[16:55:12.835] [SEVERE ] placing card 62 in slot 6
[16:55:12.936] [SEVERE ] placing card 27 in slot 7
[16:55:13.037] [SEVERE ] placing card 53 in slot 8
[16:55:13.138] [SEVERE ] placing card 54 in slot 9
[16:55:13.240] [SEVERE ] placing card 75 in slot 10
[16:55:13.341] [SEVERE ] placing card 31 in slot 11
[16:55:13.343] [INFO   ] Thread Thread-1starting.
[16:55:13.344] [SEVERE ] updating countdown to 5000
[16:55:13.344] [INFO   ] Thread Thread-4starting.
[16:55:13.343] [INFO   ] Thread Thread-3starting.
[16:55:13.347] [INFO   ] Thread computer-3 starting.
[16:55:13.343] [INFO   ] Thread Thread-2starting.
[16:55:13.347] [INFO   ] Thread computer-2 starting.
[16:55:13.346] [INFO   ] Thread computer-0 starting.
[16:55:13.349] [SEVERE ] player 4 placing token on slot 11
[16:55:13.351] [INFO   ] Thread computer-1 starting.
[16:55:13.351] [SEVERE ] player 1 placing token on slot 8
[16:55:13.353] [SEVERE ] player 3 placing token on slot 4
[16:55:13.354] [SEVERE ] player 1 placing token on slot 3
[16:55:13.355] [SEVERE ] player 4 placing token on slot 1
[16:55:13.355] [SEVERE ] player 2 placing token on slot 1
[16:55:13.357] [SEVERE ] player 4 placing token on slot 8
[16:55:13.358] [SEVERE ] player 1 placing token on slot 2
[16:55:13.361] [SEVERE ] player 3 placing token on slot 10
[16:55:13.363] [SEVERE ] player 3 placing token on slot 2
[16:55:13.364] [SEVERE ] removing player 2 token from slot 1
[16:55:13.365] [SEVERE ] player 2 placing token on slot 11
[16:55:13.366] [SEVERE ] player 2 placing token on slot 1
[16:55:13.367] [SEVERE ] player 2 placing token on slot 7
