[21:21:07.375] [INFO   ] thread main starting.
[21:21:07.381] [SEVERE ] cannot read configuration file config.properties trying from resources.
[21:21:07.383] [SEVERE ] configuration file was loaded from resources directory.
[21:21:07.878] [INFO   ] thread dealer starting.
[21:21:07.879] [INFO   ] Thread dealer starting.
[21:21:07.984] [SEVERE ] placing card 39 in slot 0
[21:21:08.085] [SEVERE ] placing card 44 in slot 1
[21:21:08.185] [SEVERE ] placing card 32 in slot 2
[21:21:08.286] [SEVERE ] placing card 57 in slot 3
[21:21:08.387] [SEVERE ] placing card 22 in slot 4
[21:21:08.489] [SEVERE ] placing card 79 in slot 5
[21:21:08.590] [SEVERE ] placing card 65 in slot 6
[21:21:08.691] [SEVERE ] placing card 0 in slot 7
[21:21:08.791] [SEVERE ] placing card 2 in slot 8
[21:21:08.892] [SEVERE ] placing card 37 in slot 9
[21:21:08.993] [SEVERE ] placing card 48 in slot 10
[21:21:09.094] [SEVERE ] placing card 4 in slot 11
[21:21:09.095] [INFO   ] Thread Thread-1starting.
[21:21:09.096] [INFO   ] Thread Thread-3starting.
[21:21:09.095] [INFO   ] Thread Thread-2starting.
[21:21:09.096] [INFO   ] Thread Thread-4starting.
[21:21:09.096] [SEVERE ] updating countdown to 5000
[21:21:09.099] [INFO   ] Thread computer-3 starting.
[21:21:09.099] [INFO   ] Thread computer-1 starting.
[21:21:09.098] [INFO   ] Thread computer-0 starting.
[21:21:09.102] [INFO   ] Thread computer-2 starting.
[21:21:09.126] [SEVERE ] player 4 placing token on slot 4
[21:21:09.127] [SEVERE ] player 3 placing token on slot 8
[21:21:09.128] [SEVERE ] player 2 placing token on slot 6
[21:21:09.134] [SEVERE ] player 3 placing token on slot 9
[21:21:09.134] [SEVERE ] player 4 placing token on slot 7
[21:21:09.135] [SEVERE ] player 2 placing token on slot 5
[21:21:09.137] [SEVERE ] player 1 placing token on slot 6
[21:21:09.138] [SEVERE ] player 3 placing token on slot 2
[21:21:09.142] [SEVERE ] player 4 placing token on slot 2
[21:21:09.143] [SEVERE ] player 2 placing token on slot 7
[21:21:09.145] [SEVERE ] player 1 placing token on slot 0
[21:21:09.148] [SEVERE ] setting player 3 freeze to 3000
[21:21:09.149] [SEVERE ] removing player 3 token from slot 9
[21:21:09.153] [SEVERE ] removing player 4 token from slot 2
[21:21:09.156] [SEVERE ] removing player 2 token from slot 6
[21:21:09.156] [SEVERE ] player 1 placing token on slot 1
[21:21:09.158] [SEVERE ] setting player 4 freeze to 3000
[21:21:09.158] [SEVERE ] player 4 placing token on slot 9
[21:21:09.160] [SEVERE ] removing player 1 token from slot 1
[21:21:09.160] [SEVERE ] player 2 placing token on slot 6
[21:21:09.161] [SEVERE ] removing player 1 token from slot 0
[21:21:09.163] [SEVERE ] player 1 placing token on slot 2
[21:21:09.164] [SEVERE ] removing player 2 token from slot 7
[21:21:09.166] [SEVERE ] player 1 placing token on slot 9
[21:21:09.168] [SEVERE ] player 2 placing token on slot 1
[21:21:09.169] [SEVERE ] setting player 2 freeze to 3000
[21:21:09.174] [SEVERE ] removing player 1 token from slot 6
[21:21:09.176] [SEVERE ] player 1 placing token on slot 6
[21:21:09.179] [SEVERE ] setting player 1 freeze to 3000
[21:21:10.149] [SEVERE ] setting player 3 freeze to 2000
[21:21:10.159] [SEVERE ] setting player 4 freeze to 2000
[21:21:10.169] [SEVERE ] setting player 2 freeze to 2000
[21:21:10.179] [SEVERE ] setting player 1 freeze to 2000
[21:21:11.149] [SEVERE ] setting player 3 freeze to 1000
[21:21:11.159] [SEVERE ] setting player 4 freeze to 1000
[21:21:11.171] [SEVERE ] setting player 2 freeze to 1000
[21:21:11.181] [SEVERE ] setting player 1 freeze to 1000
[21:21:12.150] [SEVERE ] setting player 3 freeze to 0
[21:21:12.160] [SEVERE ] setting player 4 freeze to 0
[21:21:12.172] [SEVERE ] setting player 2 freeze to 0
[21:21:12.181] [SEVERE ] setting player 1 freeze to 0
[21:21:12.210] [SEVERE ] removing player 1 token from slot 2
[21:21:12.211] [SEVERE ] player 3 placing token on slot 11
[21:21:12.211] [SEVERE ] removing player 3 token from slot 2
[21:21:12.212] [SEVERE ] removing player 4 token from slot 4
[21:21:12.212] [SEVERE ] player 3 placing token on slot 9
[21:21:12.213] [SEVERE ] removing player 3 token from slot 8
[21:21:12.213] [SEVERE ] player 1 placing token on slot 5
[21:21:12.214] [SEVERE ] removing player 2 token from slot 6
[21:21:12.214] [SEVERE ] removing player 1 token from slot 9
[21:21:12.215] [SEVERE ] removing player 1 token from slot 6
[21:21:12.215] [SEVERE ] player 3 placing token on slot 3
[21:21:12.215] [SEVERE ] player 4 placing token on slot 5
[21:21:12.216] [SEVERE ] removing player 3 token from slot 3
[21:21:12.217] [SEVERE ] player 3 placing token on slot 4
[21:21:12.217] [SEVERE ] removing player 4 token from slot 7
[21:21:12.217] [SEVERE ] player 1 placing token on slot 3
[21:21:12.218] [SEVERE ] removing player 2 token from slot 1
[21:21:12.218] [SEVERE ] player 1 placing token on slot 1
[21:21:12.219] [SEVERE ] removing player 1 token from slot 1
[21:21:12.219] [SEVERE ] removing player 4 token from slot 5
[21:21:12.220] [SEVERE ] removing player 4 token from slot 9
[21:21:12.222] [SEVERE ] setting player 3 freeze to 3000
[21:21:12.222] [SEVERE ] player 4 placing token on slot 8
[21:21:12.223] [SEVERE ] removing player 3 token from slot 11
[21:21:12.226] [SEVERE ] player 4 placing token on slot 10
[21:21:12.228] [SEVERE ] player 1 placing token on slot 11
[21:21:12.228] [SEVERE ] player 2 placing token on slot 11
[21:21:12.228] [SEVERE ] player 2 placing token on slot 8
[21:21:12.229] [SEVERE ] removing player 1 token from slot 3
[21:21:12.229] [SEVERE ] player 4 placing token on slot 9
[21:21:12.230] [SEVERE ] player 1 placing token on slot 4
[21:21:12.230] [SEVERE ] removing player 2 token from slot 8
[21:21:12.231] [SEVERE ] removing player 4 token from slot 10
[21:21:12.231] [SEVERE ] player 2 placing token on slot 8
[21:21:12.231] [SEVERE ] player 4 placing token on slot 6
[21:21:12.232] [SEVERE ] removing player 2 token from slot 5
[21:21:12.232] [SEVERE ] removing player 2 token from slot 8
[21:21:12.233] [SEVERE ] removing player 2 token from slot 11
[21:21:12.233] [SEVERE ] player 2 placing token on slot 11
[21:21:12.233] [SEVERE ] player 2 placing token on slot 3
[21:21:12.234] [SEVERE ] removing player 2 token from slot 3
[21:21:12.234] [SEVERE ] removing player 4 token from slot 8
[21:21:12.235] [SEVERE ] player 2 placing token on slot 9
[21:21:12.235] [SEVERE ] player 2 placing token on slot 1
[21:21:12.236] [SEVERE ] removing player 2 token from slot 1
[21:21:12.236] [SEVERE ] player 2 placing token on slot 6
[21:21:12.236] [SEVERE ] removing player 1 token from slot 5
[21:21:12.237] [SEVERE ] removing player 1 token from slot 4
[21:21:12.237] [SEVERE ] player 4 placing token on slot 7
[21:21:12.239] [SEVERE ] player 1 placing token on slot 2
[21:21:12.240] [SEVERE ] removing player 2 token from slot 11
[21:21:12.240] [SEVERE ] removing player 4 token from slot 9
[21:21:12.241] [SEVERE ] player 1 placing token on slot 5
[21:21:12.241] [SEVERE ] player 2 placing token on slot 4
[21:21:12.242] [SEVERE ] removing player 1 token from slot 5
[21:21:12.242] [SEVERE ] player 4 placing token on slot 8
[21:21:12.243] [SEVERE ] setting player 1 freeze to 3000
[21:21:12.246] [SEVERE ] removing player 2 token from slot 9
[21:21:12.247] [SEVERE ] player 2 placing token on slot 5
[21:21:12.248] [SEVERE ] removing player 2 token from slot 5
[21:21:12.248] [SEVERE ] player 2 placing token on slot 7
[21:21:12.249] [SEVERE ] removing player 2 token from slot 6
[21:21:12.249] [SEVERE ] removing player 4 token from slot 8
[21:21:12.249] [SEVERE ] removing player 2 token from slot 4
[21:21:12.250] [SEVERE ] removing player 2 token from slot 7
[21:21:12.250] [SEVERE ] player 4 placing token on slot 3
[21:21:12.255] [SEVERE ] removing player 4 token from slot 7
[21:21:12.256] [SEVERE ] player 4 placing token on slot 5
[21:21:12.257] [SEVERE ] removing player 4 token from slot 6
[21:21:12.257] [SEVERE ] removing player 4 token from slot 3
[21:21:12.258] [SEVERE ] removing player 4 token from slot 5
[21:21:12.258] [SEVERE ] player 4 placing token on slot 9
[21:21:12.259] [SEVERE ] player 4 placing token on slot 3
[21:21:12.259] [SEVERE ] player 4 placing token on slot 7
[21:21:12.261] [SEVERE ] removing player 4 token from slot 7
[21:21:12.261] [SEVERE ] player 4 placing token on slot 6
[21:21:12.264] [SEVERE ] removing player 4 token from slot 6
[21:21:12.265] [SEVERE ] removing player 4 token from slot 3
[21:21:12.265] [SEVERE ] player 4 placing token on slot 4
[21:21:12.266] [SEVERE ] setting player 4 freeze to 3000
[21:21:12.266] [SEVERE ] player 2 placing token on slot 8
[21:21:12.299] [SEVERE ] removing player 2 token from slot 8
[21:21:12.300] [SEVERE ] player 2 placing token on slot 8
[21:21:12.300] [SEVERE ] player 2 placing token on slot 11
[21:21:12.305] [SEVERE ] player 2 placing token on slot 10
[21:21:12.307] [SEVERE ] removing player 2 token from slot 8
[21:21:12.308] [SEVERE ] player 2 placing token on slot 6
[21:21:12.308] [SEVERE ] setting player 2 freeze to 3000
[21:21:13.096] [SEVERE ] updating countdown to 1000
[21:21:13.223] [SEVERE ] setting player 3 freeze to 2000
[21:21:13.243] [SEVERE ] setting player 1 freeze to 2000
[21:21:13.267] [SEVERE ] setting player 4 freeze to 2000
[21:21:13.309] [SEVERE ] setting player 2 freeze to 2000
[21:21:14.100] [SEVERE ] updating countdown to 5000
[21:21:14.101] [SEVERE ] updating countdown to 5000
[21:21:14.201] [SEVERE ] removing card from slot 0
[21:21:14.224] [SEVERE ] setting player 3 freeze to 1000
[21:21:14.244] [SEVERE ] setting player 1 freeze to 1000
[21:21:14.267] [SEVERE ] setting player 4 freeze to 1000
[21:21:14.302] [SEVERE ] removing card from slot 1
[21:21:14.310] [SEVERE ] setting player 2 freeze to 1000
[21:21:14.402] [SEVERE ] removing card from slot 2
[21:21:14.503] [SEVERE ] removing card from slot 3
[21:21:14.603] [SEVERE ] removing card from slot 4
[21:21:14.704] [SEVERE ] removing card from slot 5
[21:21:14.804] [SEVERE ] removing card from slot 6
[21:21:14.905] [SEVERE ] removing card from slot 7
[21:21:15.005] [SEVERE ] removing card from slot 8
[21:21:15.106] [SEVERE ] removing card from slot 9
[21:21:15.207] [SEVERE ] removing card from slot 10
[21:21:15.225] [SEVERE ] setting player 3 freeze to 0
[21:21:15.245] [SEVERE ] setting player 1 freeze to 0
[21:21:15.268] [SEVERE ] setting player 4 freeze to 0
[21:21:15.307] [SEVERE ] removing card from slot 11
[21:21:15.307] [SEVERE ] removing all tokens
[21:21:15.310] [SEVERE ] setting player 2 freeze to 0
[21:21:15.408] [SEVERE ] placing card 1 in slot 0
[21:21:15.508] [SEVERE ] placing card 12 in slot 1
[21:21:15.609] [SEVERE ] placing card 47 in slot 2
[21:21:15.709] [SEVERE ] placing card 17 in slot 3
[21:21:15.809] [SEVERE ] placing card 25 in slot 4
[21:21:15.910] [SEVERE ] placing card 43 in slot 5
[21:21:16.010] [SEVERE ] placing card 29 in slot 6
[21:21:16.110] [SEVERE ] placing card 66 in slot 7
[21:21:16.211] [SEVERE ] placing card 42 in slot 8
[21:21:16.311] [SEVERE ] placing card 76 in slot 9
[21:21:16.411] [SEVERE ] placing card 10 in slot 10
[21:21:16.512] [SEVERE ] placing card 26 in slot 11
[21:21:16.512] [INFO   ] Thread Thread-5starting.
[21:21:16.513] [INFO   ] Thread Thread-8starting.
[21:21:16.513] [SEVERE ] updating countdown to 5000
[21:21:16.512] [INFO   ] Thread Thread-7starting.
[21:21:16.512] [INFO   ] Thread Thread-6starting.
[21:21:16.514] [INFO   ] Thread computer-2 starting.
[21:21:16.515] [SEVERE ] player 3 placing token on slot 5
[21:21:16.516] [SEVERE ] player 3 placing token on slot 10
[21:21:16.516] [SEVERE ] player 3 placing token on slot 11
[21:21:16.517] [SEVERE ] removing player 3 token from slot 5
[21:21:16.518] [SEVERE ] player 3 placing token on slot 2
[21:21:16.519] [SEVERE ] removing player 3 token from slot 10
[21:21:16.519] [SEVERE ] player 3 placing token on slot 8
[21:21:16.524] [SEVERE ] setting player 3 freeze to 3000
[21:21:16.513] [INFO   ] Thread computer-3 starting.
[21:21:16.527] [SEVERE ] player 4 placing token on slot 8
[21:21:16.528] [SEVERE ] player 4 placing token on slot 7
[21:21:16.529] [SEVERE ] player 4 placing token on slot 0
[21:21:16.529] [SEVERE ] removing player 4 token from slot 8
[21:21:16.530] [SEVERE ] removing player 4 token from slot 0
[21:21:16.531] [SEVERE ] player 4 placing token on slot 6
[21:21:16.513] [INFO   ] Thread computer-0 starting.
[21:21:16.524] [SEVERE ] setting player 3 freeze to 3000
[21:21:16.515] [INFO   ] Thread computer-1 starting.
[21:21:16.538] [SEVERE ] player 2 placing token on slot 9
[21:21:16.544] [SEVERE ] player 4 placing token on slot 4
[21:21:16.545] [SEVERE ] player 1 placing token on slot 0
[21:21:16.545] [SEVERE ] player 2 placing token on slot 5
[21:21:16.547] [SEVERE ] player 1 placing token on slot 7
[21:21:16.548] [SEVERE ] player 1 placing token on slot 2
[21:21:16.548] [SEVERE ] player 2 placing token on slot 1
[21:21:16.549] [SEVERE ] removing player 2 token from slot 5
[21:21:16.549] [SEVERE ] removing player 1 token from slot 0
[21:21:16.550] [SEVERE ] player 2 placing token on slot 10
[21:21:16.552] [SEVERE ] removing player 4 token from slot 6
[21:21:16.554] [SEVERE ] removing player 1 token from slot 7
[21:21:16.556] [SEVERE ] setting player 4 freeze to 3000
[21:21:16.556] [SEVERE ] setting player 4 freeze to 3000
[21:21:16.556] [SEVERE ] player 1 placing token on slot 3
[21:21:16.562] [SEVERE ] player 1 placing token on slot 11
[21:21:16.563] [SEVERE ] removing player 1 token from slot 2
[21:21:16.563] [SEVERE ] removing player 1 token from slot 3
[21:21:16.564] [SEVERE ] player 1 placing token on slot 10
[21:21:16.577] [SEVERE ] setting player 1 freeze to 3000
[21:21:16.577] [SEVERE ] setting player 1 freeze to 3000
[21:21:16.581] [SEVERE ] removing player 2 token from slot 9
[21:21:16.582] [SEVERE ] removing player 2 token from slot 10
[21:21:16.582] [SEVERE ] player 2 placing token on slot 5
[21:21:16.583] [SEVERE ] player 2 placing token on slot 8
[21:21:16.585] [SEVERE ] removing player 2 token from slot 5
[21:21:16.587] [SEVERE ] setting player 2 freeze to 3000
[21:21:16.587] [SEVERE ] setting player 2 freeze to 3000
[21:21:17.524] [SEVERE ] setting player 3 freeze to 2000
[21:21:17.534] [SEVERE ] setting player 3 freeze to 2000
[21:21:17.556] [SEVERE ] setting player 4 freeze to 2000
[21:21:17.557] [SEVERE ] setting player 4 freeze to 2000
[21:21:17.577] [SEVERE ] setting player 1 freeze to 2000
[21:21:17.577] [SEVERE ] setting player 1 freeze to 2000
[21:21:17.588] [SEVERE ] setting player 2 freeze to 2000
[21:21:17.590] [SEVERE ] setting player 2 freeze to 2000
[21:21:18.525] [SEVERE ] setting player 3 freeze to 1000
[21:21:18.534] [SEVERE ] setting player 3 freeze to 1000
[21:21:18.557] [SEVERE ] setting player 4 freeze to 1000
[21:21:18.557] [SEVERE ] setting player 4 freeze to 1000
[21:21:18.578] [SEVERE ] setting player 1 freeze to 1000
[21:21:18.579] [SEVERE ] setting player 1 freeze to 1000
[21:21:18.588] [SEVERE ] setting player 2 freeze to 1000
[21:21:18.590] [SEVERE ] setting player 2 freeze to 1000
[21:21:19.525] [SEVERE ] setting player 3 freeze to 0
[21:21:19.534] [SEVERE ] setting player 3 freeze to 0
[21:21:19.541] [SEVERE ] removing player 3 token from slot 2
[21:21:19.542] [SEVERE ] player 3 placing token on slot 10
[21:21:19.545] [SEVERE ] setting player 3 freeze to 3000
[21:21:19.545] [SEVERE ] setting player 3 freeze to 3000
[21:21:19.545] [SEVERE ] removing player 3 token from slot 11
[21:21:19.557] [SEVERE ] setting player 4 freeze to 0
[21:21:19.558] [SEVERE ] setting player 4 freeze to 0
[21:21:19.572] [SEVERE ] removing player 4 token from slot 4
[21:21:19.572] [SEVERE ] player 4 placing token on slot 8
[21:21:19.573] [SEVERE ] player 4 placing token on slot 10
[21:21:19.573] [SEVERE ] removing player 4 token from slot 10
[21:21:19.574] [SEVERE ] player 4 placing token on slot 9
[21:21:19.576] [SEVERE ] setting player 4 freeze to 3000
[21:21:19.576] [SEVERE ] setting player 4 freeze to 3000
[21:21:19.576] [SEVERE ] removing player 4 token from slot 8
[21:21:19.579] [SEVERE ] setting player 1 freeze to 0
[21:21:19.579] [SEVERE ] player 1 placing token on slot 8
[21:21:19.582] [SEVERE ] setting player 1 freeze to 0
[21:21:19.582] [SEVERE ] removing player 1 token from slot 10
[21:21:19.590] [SEVERE ] setting player 2 freeze to 0
[21:21:19.589] [SEVERE ] setting player 2 freeze to 0
[21:21:19.596] [SEVERE ] setting player 1 freeze to 3000
[21:21:19.596] [SEVERE ] setting player 1 freeze to 3000
[21:21:19.615] [SEVERE ] player 2 placing token on slot 7
[21:21:19.616] [SEVERE ] removing player 2 token from slot 7
[21:21:19.616] [SEVERE ] player 2 placing token on slot 9
[21:21:19.617] [SEVERE ] setting player 2 freeze to 3000
[21:21:19.617] [SEVERE ] setting player 2 freeze to 3000
[21:21:20.545] [SEVERE ] setting player 3 freeze to 2000
[21:21:20.546] [SEVERE ] setting player 3 freeze to 2000
[21:21:20.576] [SEVERE ] setting player 4 freeze to 2000
[21:21:20.577] [SEVERE ] setting player 4 freeze to 2000
[21:21:20.597] [SEVERE ] setting player 1 freeze to 2000
[21:21:20.597] [SEVERE ] setting player 1 freeze to 2000
[21:21:20.617] [SEVERE ] setting player 2 freeze to 2000
[21:21:20.618] [SEVERE ] setting player 2 freeze to 2000
[21:21:21.518] [SEVERE ] updating countdown to 5000
[21:21:21.519] [SEVERE ] updating countdown to 5000
[21:21:21.545] [SEVERE ] setting player 3 freeze to 1000
[21:21:21.546] [SEVERE ] setting player 3 freeze to 1000
[21:21:21.577] [SEVERE ] setting player 4 freeze to 1000
[21:21:21.577] [SEVERE ] setting player 4 freeze to 1000
[21:21:21.597] [SEVERE ] setting player 1 freeze to 1000
[21:21:21.597] [SEVERE ] setting player 1 freeze to 1000
[21:21:21.618] [SEVERE ] setting player 2 freeze to 1000
[21:21:21.618] [SEVERE ] setting player 2 freeze to 1000
[21:21:21.619] [SEVERE ] removing card from slot 0
[21:21:21.720] [SEVERE ] removing card from slot 1
[21:21:21.820] [SEVERE ] removing card from slot 2
[21:21:21.920] [SEVERE ] removing card from slot 3
[21:21:22.021] [SEVERE ] removing card from slot 4
[21:21:22.122] [SEVERE ] removing card from slot 5
[21:21:22.222] [SEVERE ] removing card from slot 6
[21:21:22.322] [SEVERE ] removing card from slot 7
[21:21:22.423] [SEVERE ] removing card from slot 8
[21:21:22.523] [SEVERE ] removing card from slot 9
[21:21:22.546] [SEVERE ] setting player 3 freeze to 0
[21:21:22.547] [SEVERE ] setting player 3 freeze to 0
[21:21:22.577] [SEVERE ] setting player 4 freeze to 0
[21:21:22.578] [SEVERE ] setting player 4 freeze to 0
[21:21:22.598] [SEVERE ] setting player 1 freeze to 0
[21:21:22.599] [SEVERE ] setting player 1 freeze to 0
[21:21:22.618] [SEVERE ] setting player 2 freeze to 0
[21:21:22.618] [SEVERE ] setting player 2 freeze to 0
[21:21:22.624] [SEVERE ] removing card from slot 10
[21:21:22.724] [SEVERE ] removing card from slot 11
[21:21:22.724] [SEVERE ] removing all tokens
[21:21:22.824] [SEVERE ] placing card 55 in slot 0
[21:21:22.925] [SEVERE ] placing card 3 in slot 1
[21:21:23.025] [SEVERE ] placing card 16 in slot 2
[21:21:23.126] [SEVERE ] placing card 41 in slot 3
[21:21:23.226] [SEVERE ] placing card 73 in slot 4
[21:21:23.326] [SEVERE ] placing card 38 in slot 5
[21:21:23.426] [SEVERE ] placing card 46 in slot 6
[21:21:23.527] [SEVERE ] placing card 64 in slot 7
[21:21:23.627] [SEVERE ] placing card 70 in slot 8
[21:21:23.727] [SEVERE ] placing card 77 in slot 9
[21:21:23.827] [SEVERE ] placing card 49 in slot 10
[21:21:23.928] [SEVERE ] placing card 36 in slot 11
[21:21:23.928] [INFO   ] Thread Thread-9starting.
[21:21:23.928] [INFO   ] Thread Thread-10starting.
[21:21:23.928] [INFO   ] Thread Thread-11starting.
[21:21:23.929] [INFO   ] Thread computer-1 starting.
[21:21:23.929] [INFO   ] Thread computer-0 starting.
[21:21:23.929] [SEVERE ] player 1 placing token on slot 6
[21:21:23.930] [SEVERE ] player 1 placing token on slot 8
[21:21:23.931] [SEVERE ] player 1 placing token on slot 2
[21:21:23.932] [SEVERE ] removing player 1 token from slot 8
[21:21:23.929] [INFO   ] Thread Thread-12starting.
[21:21:23.928] [SEVERE ] updating countdown to 5000
[21:21:23.932] [SEVERE ] player 1 placing token on slot 1
[21:21:23.936] [SEVERE ] removing player 1 token from slot 6
[21:21:23.937] [SEVERE ] player 1 placing token on slot 5
[21:21:23.937] [SEVERE ] removing player 1 token from slot 1
[21:21:23.938] [SEVERE ] player 1 placing token on slot 3
[21:21:23.938] [SEVERE ] removing player 1 token from slot 2
[21:21:23.939] [SEVERE ] player 1 placing token on slot 8
[21:21:23.939] [SEVERE ] removing player 1 token from slot 3
[21:21:23.940] [SEVERE ] player 1 placing token on slot 11
[21:21:23.941] [SEVERE ] removing player 1 token from slot 5
[21:21:23.941] [SEVERE ] player 1 placing token on slot 2
[21:21:23.942] [SEVERE ] removing player 1 token from slot 2
[21:21:23.942] [SEVERE ] removing player 1 token from slot 11
[21:21:23.943] [SEVERE ] player 1 placing token on slot 11
[21:21:23.943] [SEVERE ] player 1 placing token on slot 5
[21:21:23.944] [SEVERE ] removing player 1 token from slot 5
[21:21:23.944] [SEVERE ] player 1 placing token on slot 2
[21:21:23.946] [SEVERE ] removing player 1 token from slot 11
[21:21:23.946] [SEVERE ] player 1 placing token on slot 6
[21:21:23.947] [SEVERE ] removing player 1 token from slot 6
[21:21:23.937] [INFO   ] Thread computer-2 starting.
[21:21:24.159] [SEVERE ] player 2 placing token on slot 5
[21:21:23.950] [INFO   ] Thread computer-3 starting.
[21:21:23.948] [SEVERE ] setting player 1 freeze to 3000
[21:21:23.948] [SEVERE ] setting player 1 freeze to 3000
[21:21:23.948] [SEVERE ] setting player 1 freeze to 3000
[21:21:24.160] [SEVERE ] player 3 placing token on slot 10
[21:21:24.163] [SEVERE ] player 4 placing token on slot 2
[21:21:24.163] [SEVERE ] player 2 placing token on slot 11
[21:21:24.164] [SEVERE ] player 3 placing token on slot 5
[21:21:24.165] [SEVERE ] player 2 placing token on slot 0
[21:21:24.166] [SEVERE ] player 3 placing token on slot 0
[21:21:24.167] [SEVERE ] player 4 placing token on slot 1
[21:21:24.168] [SEVERE ] removing player 4 token from slot 1
[21:21:24.169] [SEVERE ] player 4 placing token on slot 6
[21:21:24.171] [SEVERE ] removing player 3 token from slot 10
[21:21:24.172] [SEVERE ] removing player 4 token from slot 6
[21:21:24.172] [SEVERE ] removing player 2 token from slot 5
[21:21:24.173] [SEVERE ] setting player 2 freeze to 3000
[21:21:24.173] [SEVERE ] player 3 placing token on slot 8
[21:21:24.174] [SEVERE ] removing player 4 token from slot 2
[21:21:24.177] [SEVERE ] player 4 placing token on slot 4
[21:21:24.177] [SEVERE ] removing player 3 token from slot 8
[21:21:24.173] [SEVERE ] setting player 2 freeze to 3000
[21:21:24.173] [SEVERE ] setting player 2 freeze to 3000
[21:21:24.178] [SEVERE ] player 3 placing token on slot 10
[21:21:24.181] [SEVERE ] player 4 placing token on slot 8
[21:21:24.182] [SEVERE ] removing player 3 token from slot 10
[21:21:24.182] [SEVERE ] player 4 placing token on slot 3
[21:21:24.182] [SEVERE ] player 3 placing token on slot 3
[21:21:24.184] [SEVERE ] setting player 3 freeze to 3000
[21:21:24.184] [SEVERE ] setting player 3 freeze to 3000
[21:21:24.184] [SEVERE ] setting player 3 freeze to 3000
[21:21:24.186] [SEVERE ] removing player 4 token from slot 8
[21:21:24.186] [SEVERE ] player 4 placing token on slot 1
[21:21:24.191] [SEVERE ] removing player 4 token from slot 4
[21:21:24.191] [SEVERE ] player 4 placing token on slot 8
[21:21:24.192] [SEVERE ] removing player 4 token from slot 3
[21:21:24.193] [SEVERE ] removing player 4 token from slot 8
[21:21:24.194] [SEVERE ] player 4 placing token on slot 9
[21:21:24.194] [SEVERE ] removing player 4 token from slot 9
[21:21:24.195] [SEVERE ] player 4 placing token on slot 10
[21:21:24.196] [SEVERE ] player 4 placing token on slot 6
[21:21:24.198] [SEVERE ] removing player 4 token from slot 6
[21:21:24.199] [SEVERE ] player 4 placing token on slot 2
[21:21:24.200] [SEVERE ] removing player 4 token from slot 10
[21:21:24.200] [SEVERE ] player 4 placing token on slot 11
[21:21:24.201] [SEVERE ] removing player 4 token from slot 2
[21:21:24.206] [SEVERE ] player 4 placing token on slot 6
[21:21:24.207] [SEVERE ] removing player 4 token from slot 6
[21:21:24.207] [SEVERE ] player 4 placing token on slot 9
[21:21:24.208] [SEVERE ] removing player 4 token from slot 1
[21:21:24.209] [SEVERE ] player 4 placing token on slot 10
[21:21:24.209] [SEVERE ] removing player 4 token from slot 11
[21:21:24.213] [SEVERE ] removing player 4 token from slot 9
[21:21:24.213] [SEVERE ] player 4 placing token on slot 7
[21:21:24.213] [SEVERE ] player 4 placing token on slot 0
[21:21:24.215] [SEVERE ] removing player 4 token from slot 0
[21:21:24.215] [SEVERE ] player 4 placing token on slot 8
[21:21:24.218] [SEVERE ] removing player 4 token from slot 10
[21:21:24.218] [SEVERE ] removing player 4 token from slot 8
[21:21:24.219] [SEVERE ] player 4 placing token on slot 11
[21:21:24.220] [SEVERE ] player 4 placing token on slot 9
[21:21:24.221] [SEVERE ] removing player 4 token from slot 11
[21:21:24.221] [SEVERE ] removing player 4 token from slot 7
[21:21:24.221] [SEVERE ] player 4 placing token on slot 2
[21:21:24.222] [SEVERE ] player 4 placing token on slot 0
[21:21:24.222] [SEVERE ] setting player 4 freeze to 3000
[21:21:24.222] [SEVERE ] setting player 4 freeze to 3000
[21:21:24.222] [SEVERE ] setting player 4 freeze to 3000
[21:21:25.161] [SEVERE ] setting player 1 freeze to 2000
[21:21:25.162] [SEVERE ] setting player 1 freeze to 2000
[21:21:25.162] [SEVERE ] setting player 1 freeze to 2000
[21:21:25.174] [SEVERE ] setting player 2 freeze to 2000
[21:21:25.178] [SEVERE ] setting player 2 freeze to 2000
[21:21:25.180] [SEVERE ] setting player 2 freeze to 2000
[21:21:25.184] [SEVERE ] setting player 3 freeze to 2000
[21:21:25.185] [SEVERE ] setting player 3 freeze to 2000
[21:21:25.185] [SEVERE ] setting player 3 freeze to 2000
[21:21:25.224] [SEVERE ] setting player 4 freeze to 2000
[21:21:25.225] [SEVERE ] setting player 4 freeze to 2000
[21:21:25.225] [SEVERE ] setting player 4 freeze to 2000
[21:21:26.162] [SEVERE ] setting player 1 freeze to 1000
[21:21:26.162] [SEVERE ] setting player 1 freeze to 1000
[21:21:26.163] [SEVERE ] setting player 1 freeze to 1000
[21:21:26.174] [SEVERE ] setting player 2 freeze to 1000
[21:21:26.178] [SEVERE ] setting player 2 freeze to 1000
[21:21:26.181] [SEVERE ] setting player 2 freeze to 1000
[21:21:26.184] [SEVERE ] setting player 3 freeze to 1000
[21:21:26.185] [SEVERE ] setting player 3 freeze to 1000
[21:21:26.185] [SEVERE ] setting player 3 freeze to 1000
[21:21:26.224] [SEVERE ] setting player 4 freeze to 1000
[21:21:26.225] [SEVERE ] setting player 4 freeze to 1000
[21:21:26.225] [SEVERE ] setting player 4 freeze to 1000
[21:21:27.162] [SEVERE ] setting player 1 freeze to 0
[21:21:27.162] [SEVERE ] setting player 1 freeze to 0
[21:21:27.163] [SEVERE ] setting player 1 freeze to 0
[21:21:27.175] [SEVERE ] setting player 2 freeze to 0
[21:21:27.176] [SEVERE ] player 1 placing token on slot 5
[21:21:27.176] [SEVERE ] player 2 placing token on slot 1
[21:21:27.177] [SEVERE ] removing player 1 token from slot 5
[21:21:27.179] [SEVERE ] setting player 2 freeze to 0
[21:21:27.179] [SEVERE ] removing player 2 token from slot 11
[21:21:27.180] [SEVERE ] player 1 placing token on slot 1
[21:21:27.180] [SEVERE ] player 2 placing token on slot 10
[21:21:27.180] [SEVERE ] setting player 1 freeze to 3000
[21:21:27.180] [SEVERE ] setting player 1 freeze to 3000
[21:21:27.180] [SEVERE ] setting player 1 freeze to 3000
[21:21:27.181] [SEVERE ] setting player 2 freeze to 0
[21:21:27.181] [SEVERE ] removing player 2 token from slot 10
[21:21:27.182] [SEVERE ] player 2 placing token on slot 7
[21:21:27.184] [SEVERE ] removing player 2 token from slot 1
[21:21:27.185] [SEVERE ] player 2 placing token on slot 2
[21:21:27.185] [SEVERE ] setting player 3 freeze to 0
[21:21:27.186] [SEVERE ] removing player 2 token from slot 0
[21:21:27.186] [SEVERE ] removing player 3 token from slot 5
[21:21:27.186] [SEVERE ] player 2 placing token on slot 6
[21:21:27.185] [SEVERE ] setting player 3 freeze to 0
[21:21:27.186] [SEVERE ] player 3 placing token on slot 4
[21:21:27.186] [SEVERE ] setting player 3 freeze to 0
[21:21:27.187] [SEVERE ] removing player 3 token from slot 3
[21:21:27.187] [SEVERE ] player 3 placing token on slot 6
[21:21:27.189] [SEVERE ] removing player 3 token from slot 6
[21:21:27.189] [SEVERE ] player 3 placing token on slot 1
[21:21:27.190] [SEVERE ] setting player 2 freeze to 3000
[21:21:27.190] [SEVERE ] removing player 3 token from slot 0
[21:21:27.190] [SEVERE ] setting player 2 freeze to 3000
[21:21:27.190] [SEVERE ] setting player 2 freeze to 3000
[21:21:27.191] [SEVERE ] removing player 3 token from slot 4
[21:21:27.222] [SEVERE ] player 3 placing token on slot 10
[21:21:27.222] [SEVERE ] player 3 placing token on slot 3
[21:21:27.224] [SEVERE ] removing player 3 token from slot 3
[21:21:27.225] [SEVERE ] player 3 placing token on slot 9
[21:21:27.225] [SEVERE ] removing player 3 token from slot 10
[21:21:27.226] [SEVERE ] removing player 3 token from slot 1
[21:21:27.226] [SEVERE ] setting player 4 freeze to 0
[21:21:27.226] [SEVERE ] setting player 4 freeze to 0
[21:21:27.226] [SEVERE ] setting player 4 freeze to 0
[21:21:27.230] [SEVERE ] player 3 placing token on slot 7
[21:21:27.244] [SEVERE ] removing player 4 token from slot 2
[21:21:27.245] [SEVERE ] player 3 placing token on slot 8
[21:21:27.245] [SEVERE ] player 4 placing token on slot 11
[21:21:27.246] [SEVERE ] removing player 3 token from slot 9
[21:21:27.248] [SEVERE ] removing player 3 token from slot 7
[21:21:27.249] [SEVERE ] player 3 placing token on slot 6
[21:21:27.249] [SEVERE ] player 3 placing token on slot 4
[21:21:27.252] [SEVERE ] setting player 3 freeze to 3000
[21:21:27.252] [SEVERE ] setting player 3 freeze to 3000
[21:21:27.252] [SEVERE ] setting player 3 freeze to 3000
[21:21:27.252] [SEVERE ] removing player 4 token from slot 9
[21:21:27.272] [SEVERE ] player 4 placing token on slot 6
[21:21:27.272] [SEVERE ] removing player 4 token from slot 11
[21:21:27.274] [SEVERE ] player 4 placing token on slot 5
[21:21:27.276] [SEVERE ] removing player 4 token from slot 0
[21:21:27.276] [SEVERE ] player 4 placing token on slot 0
[21:21:27.281] [SEVERE ] removing player 4 token from slot 0
[21:21:27.281] [SEVERE ] player 4 placing token on slot 11
[21:21:27.282] [SEVERE ] removing player 4 token from slot 6
[21:21:27.282] [SEVERE ] player 4 placing token on slot 2
[21:21:27.283] [SEVERE ] removing player 4 token from slot 2
[21:21:27.284] [SEVERE ] player 4 placing token on slot 2
[21:21:27.284] [SEVERE ] removing player 4 token from slot 5
[21:21:27.285] [SEVERE ] player 4 placing token on slot 8
[21:21:27.289] [SEVERE ] removing player 4 token from slot 11
[21:21:27.289] [SEVERE ] player 4 placing token on slot 3
[21:21:27.290] [SEVERE ] removing player 4 token from slot 8
[21:21:27.291] [SEVERE ] player 4 placing token on slot 0
[21:21:27.294] [SEVERE ] removing player 4 token from slot 2
[21:21:27.295] [SEVERE ] player 4 placing token on slot 4
[21:21:27.295] [SEVERE ] removing player 4 token from slot 0
[21:21:27.296] [SEVERE ] player 4 placing token on slot 7
[21:21:27.298] [SEVERE ] removing player 4 token from slot 3
[21:21:27.298] [SEVERE ] removing player 4 token from slot 4
[21:21:27.299] [SEVERE ] player 4 placing token on slot 2
[21:21:27.299] [SEVERE ] player 4 placing token on slot 9
[21:21:27.299] [SEVERE ] removing player 4 token from slot 2
[21:21:27.300] [SEVERE ] player 4 placing token on slot 2
[21:21:27.301] [SEVERE ] removing player 4 token from slot 9
[21:21:27.301] [SEVERE ] removing player 4 token from slot 7
[21:21:27.302] [SEVERE ] player 4 placing token on slot 10
[21:21:27.302] [SEVERE ] player 4 placing token on slot 8
[21:21:27.303] [SEVERE ] removing player 4 token from slot 2
[21:21:27.311] [SEVERE ] player 4 placing token on slot 1
[21:21:27.311] [SEVERE ] removing player 4 token from slot 1
[21:21:27.311] [SEVERE ] player 4 placing token on slot 0
[21:21:27.314] [SEVERE ] setting player 4 freeze to 3000
[21:21:27.314] [SEVERE ] setting player 4 freeze to 3000
[21:21:27.314] [SEVERE ] setting player 4 freeze to 3000
[21:21:28.180] [SEVERE ] setting player 1 freeze to 2000
[21:21:28.180] [SEVERE ] setting player 1 freeze to 2000
[21:21:28.181] [SEVERE ] setting player 1 freeze to 2000
[21:21:28.191] [SEVERE ] setting player 2 freeze to 2000
[21:21:28.192] [SEVERE ] setting player 2 freeze to 2000
[21:21:28.193] [SEVERE ] setting player 2 freeze to 2000
[21:21:28.253] [SEVERE ] setting player 3 freeze to 2000
[21:21:28.255] [SEVERE ] setting player 3 freeze to 2000
[21:21:28.259] [SEVERE ] setting player 3 freeze to 2000
[21:21:28.315] [SEVERE ] setting player 4 freeze to 2000
[21:21:28.316] [SEVERE ] setting player 4 freeze to 2000
[21:21:28.316] [SEVERE ] setting player 4 freeze to 2000
[21:21:28.936] [SEVERE ] updating countdown to 5000
[21:21:28.937] [SEVERE ] updating countdown to 5000
[21:21:29.037] [SEVERE ] removing card from slot 0
[21:21:29.138] [SEVERE ] removing card from slot 1
[21:21:29.181] [SEVERE ] setting player 1 freeze to 1000
[21:21:29.181] [SEVERE ] setting player 1 freeze to 1000
[21:21:29.181] [SEVERE ] setting player 1 freeze to 1000
[21:21:29.192] [SEVERE ] setting player 2 freeze to 1000
[21:21:29.192] [SEVERE ] setting player 2 freeze to 1000
[21:21:29.193] [SEVERE ] setting player 2 freeze to 1000
[21:21:29.238] [SEVERE ] removing card from slot 2
[21:21:29.253] [SEVERE ] setting player 3 freeze to 1000
[21:21:29.256] [SEVERE ] setting player 3 freeze to 1000
[21:21:29.259] [SEVERE ] setting player 3 freeze to 1000
[21:21:29.316] [SEVERE ] setting player 4 freeze to 1000
[21:21:29.316] [SEVERE ] setting player 4 freeze to 1000
[21:21:29.317] [SEVERE ] setting player 4 freeze to 1000
[21:21:29.339] [SEVERE ] removing card from slot 3
[21:21:29.439] [SEVERE ] removing card from slot 4
[21:21:29.540] [SEVERE ] removing card from slot 5
[21:21:29.640] [SEVERE ] removing card from slot 6
[21:21:29.741] [SEVERE ] removing card from slot 7
[21:21:29.841] [SEVERE ] removing card from slot 8
[21:21:29.942] [SEVERE ] removing card from slot 9
[21:21:30.042] [SEVERE ] removing card from slot 10
[21:21:30.143] [SEVERE ] removing card from slot 11
[21:21:30.143] [SEVERE ] removing all tokens
[21:21:30.181] [SEVERE ] setting player 1 freeze to 0
[21:21:30.182] [SEVERE ] setting player 1 freeze to 0
[21:21:30.183] [SEVERE ] setting player 1 freeze to 0
[21:21:30.192] [SEVERE ] setting player 2 freeze to 0
[21:21:30.193] [SEVERE ] setting player 2 freeze to 0
[21:21:30.194] [SEVERE ] setting player 2 freeze to 0
[21:21:30.244] [SEVERE ] placing card 34 in slot 0
[21:21:30.254] [SEVERE ] setting player 3 freeze to 0
[21:21:30.256] [SEVERE ] setting player 3 freeze to 0
[21:21:30.259] [SEVERE ] setting player 3 freeze to 0
[21:21:30.316] [SEVERE ] setting player 4 freeze to 0
[21:21:30.317] [SEVERE ] setting player 4 freeze to 0
[21:21:30.318] [SEVERE ] setting player 4 freeze to 0
[21:21:30.344] [SEVERE ] placing card 14 in slot 1
[21:21:30.445] [SEVERE ] placing card 8 in slot 2
[21:21:30.545] [SEVERE ] placing card 45 in slot 3
[21:21:30.645] [SEVERE ] placing card 15 in slot 4
[21:21:30.745] [SEVERE ] placing card 72 in slot 5
[21:21:30.845] [SEVERE ] placing card 9 in slot 6
[21:21:30.946] [SEVERE ] placing card 27 in slot 7
[21:21:31.046] [SEVERE ] placing card 35 in slot 8
[21:21:31.150] [SEVERE ] placing card 33 in slot 9
[21:21:31.250] [SEVERE ] placing card 69 in slot 10
[21:21:31.350] [SEVERE ] placing card 58 in slot 11
[21:21:31.353] [INFO   ] Thread Thread-13starting.
[21:21:31.374] [INFO   ] Thread Thread-14starting.
[21:21:31.382] [INFO   ] Thread Thread-15starting.
[21:21:31.386] [SEVERE ] updating countdown to 5000
[21:21:31.386] [INFO   ] Thread Thread-16starting.
[21:21:31.402] [INFO   ] Thread computer-0 starting.
[21:21:31.402] [SEVERE ] player 1 placing token on slot 11
[21:21:31.403] [SEVERE ] player 1 placing token on slot 5
[21:21:31.404] [SEVERE ] player 1 placing token on slot 10
[21:21:31.405] [INFO   ] Thread computer-1 starting.
[21:21:31.406] [SEVERE ] player 2 placing token on slot 11
[21:21:31.407] [SEVERE ] player 2 placing token on slot 6
[21:21:31.408] [SEVERE ] player 2 placing token on slot 4
[21:21:31.410] [SEVERE ] removing player 2 token from slot 6
[21:21:31.410] [SEVERE ] removing player 1 token from slot 5
[21:21:31.411] [SEVERE ] player 2 placing token on slot 0
[21:21:31.411] [SEVERE ] player 1 placing token on slot 7
[21:21:31.412] [SEVERE ] removing player 2 token from slot 4
[21:21:31.413] [SEVERE ] player 2 placing token on slot 5
[21:21:31.414] [SEVERE ] removing player 2 token from slot 0
[21:21:31.415] [SEVERE ] player 2 placing token on slot 8
[21:21:31.416] [SEVERE ] removing player 2 token from slot 8
[21:21:31.417] [SEVERE ] player 2 placing token on slot 2
[21:21:31.417] [SEVERE ] removing player 1 token from slot 10
[21:21:31.418] [SEVERE ] player 1 placing token on slot 10
[21:21:31.419] [SEVERE ] removing player 2 token from slot 2
[21:21:31.419] [SEVERE ] player 2 placing token on slot 6
[21:21:31.421] [SEVERE ] removing player 2 token from slot 11
[21:21:31.421] [SEVERE ] removing player 1 token from slot 10
[21:21:31.421] [SEVERE ] player 2 placing token on slot 7
[21:21:31.422] [SEVERE ] player 1 placing token on slot 9
[21:21:31.424] [SEVERE ] removing player 2 token from slot 6
[21:21:31.424] [SEVERE ] player 2 placing token on slot 9
[21:21:31.425] [SEVERE ] removing player 1 token from slot 9
[21:21:31.426] [SEVERE ] player 1 placing token on slot 6
[21:21:31.427] [SEVERE ] removing player 1 token from slot 6
[21:21:31.427] [SEVERE ] removing player 2 token from slot 9
[21:21:31.428] [SEVERE ] player 2 placing token on slot 0
[21:21:31.428] [SEVERE ] removing player 1 token from slot 11
[21:21:31.429] [SEVERE ] removing player 2 token from slot 0
[21:21:31.429] [SEVERE ] player 2 placing token on slot 6
[21:21:31.430] [SEVERE ] player 1 placing token on slot 5
[21:21:31.430] [SEVERE ] removing player 2 token from slot 7
[21:21:31.431] [SEVERE ] removing player 1 token from slot 7
[21:21:31.431] [SEVERE ] player 1 placing token on slot 9
[21:21:31.431] [SEVERE ] player 1 placing token on slot 0
[21:21:31.432] [SEVERE ] removing player 1 token from slot 0
[21:21:31.433] [SEVERE ] player 1 placing token on slot 8
[21:21:31.434] [SEVERE ] removing player 2 token from slot 6
[21:21:31.434] [SEVERE ] removing player 1 token from slot 9
[21:21:31.435] [SEVERE ] player 2 placing token on slot 8
[21:21:31.436] [SEVERE ] player 1 placing token on slot 3
[21:21:31.436] [SEVERE ] player 2 placing token on slot 6
[21:21:31.438] [SEVERE ] removing player 1 token from slot 5
[21:21:31.441] [SEVERE ] removing player 2 token from slot 5
[21:21:31.441] [SEVERE ] player 1 placing token on slot 7
[21:21:31.442] [SEVERE ] player 2 placing token on slot 1
[21:21:31.443] [SEVERE ] removing player 1 token from slot 3
[21:21:31.444] [SEVERE ] player 1 placing token on slot 5
[21:21:31.444] [INFO   ] Thread computer-3 starting.
[21:21:31.445] [SEVERE ] player 4 placing token on slot 11
[21:21:31.445] [SEVERE ] removing player 2 token from slot 1
[21:21:31.445] [SEVERE ] player 2 placing token on slot 9
[21:21:31.446] [SEVERE ] removing player 1 token from slot 5
[21:21:31.447] [SEVERE ] player 4 placing token on slot 7
[21:21:31.447] [SEVERE ] removing player 4 token from slot 7
[21:21:31.448] [SEVERE ] player 4 placing token on slot 10
[21:21:31.449] [SEVERE ] removing player 2 token from slot 8
[21:21:31.449] [SEVERE ] player 1 placing token on slot 6
[21:21:31.450] [SEVERE ] removing player 1 token from slot 7
[21:21:31.450] [SEVERE ] player 1 placing token on slot 0
[21:21:31.453] [SEVERE ] removing player 1 token from slot 8
[21:21:31.453] [SEVERE ] player 1 placing token on slot 3
[21:21:31.446] [INFO   ] Thread computer-2 starting.
[21:21:31.459] [SEVERE ] removing player 1 token from slot 6
[21:21:31.460] [SEVERE ] player 1 placing token on slot 9
[21:21:31.460] [SEVERE ] removing player 1 token from slot 9
[21:21:31.461] [SEVERE ] player 1 placing token on slot 8
[21:21:31.461] [SEVERE ] removing player 1 token from slot 3
[21:21:31.462] [SEVERE ] player 1 placing token on slot 7
[21:21:31.462] [SEVERE ] player 2 placing token on slot 3
[21:21:31.463] [SEVERE ] removing player 2 token from slot 3
[21:21:31.464] [SEVERE ] player 2 placing token on slot 1
[21:21:31.465] [SEVERE ] player 4 placing token on slot 7
[21:21:31.465] [SEVERE ] removing player 2 token from slot 6
[21:21:31.466] [SEVERE ] player 2 placing token on slot 11
[21:21:31.466] [SEVERE ] removing player 2 token from slot 1
[21:21:31.466] [SEVERE ] player 2 placing token on slot 2
[21:21:31.466] [SEVERE ] removing player 4 token from slot 10
[21:21:31.467] [SEVERE ] player 4 placing token on slot 8
[21:21:31.467] [SEVERE ] removing player 4 token from slot 8
[21:21:31.467] [SEVERE ] player 4 placing token on slot 4
[21:21:31.468] [SEVERE ] removing player 4 token from slot 11
[21:21:31.468] [SEVERE ] player 4 placing token on slot 5
[21:21:31.468] [SEVERE ] removing player 1 token from slot 0
[21:21:31.468] [SEVERE ] player 3 placing token on slot 8
[21:21:31.471] [SEVERE ] player 1 placing token on slot 3
[21:21:31.473] [SEVERE ] player 3 placing token on slot 6
[21:21:31.478] [SEVERE ] removing player 3 token from slot 8
[21:21:31.478] [SEVERE ] player 3 placing token on slot 9
[21:21:31.480] [SEVERE ] player 3 placing token on slot 10
[21:21:31.481] [SEVERE ] removing player 2 token from slot 11
[21:21:31.481] [SEVERE ] removing player 1 token from slot 8
[21:21:31.482] [SEVERE ] player 2 placing token on slot 10
[21:21:31.482] [SEVERE ] removing player 4 token from slot 5
[21:21:31.483] [SEVERE ] removing player 2 token from slot 2
[21:21:31.483] [SEVERE ] player 2 placing token on slot 7
[21:21:31.484] [SEVERE ] player 1 placing token on slot 6
[21:21:31.486] [SEVERE ] removing player 3 token from slot 9
[21:21:31.486] [SEVERE ] removing player 3 token from slot 10
[21:21:31.487] [SEVERE ] player 4 placing token on slot 5
[21:21:31.488] [SEVERE ] removing player 1 token from slot 7
[21:21:31.489] [SEVERE ] removing player 2 token from slot 10
[21:21:31.489] [SEVERE ] removing player 4 token from slot 4
[21:21:31.490] [SEVERE ] player 1 placing token on slot 11
[21:21:31.491] [SEVERE ] player 3 placing token on slot 8
[21:21:31.491] [SEVERE ] player 4 placing token on slot 3
[21:21:31.491] [SEVERE ] player 2 placing token on slot 6
[21:21:31.492] [SEVERE ] player 3 placing token on slot 9
[21:21:31.492] [SEVERE ] removing player 3 token from slot 8
[21:21:31.493] [SEVERE ] player 3 placing token on slot 8
[21:21:31.495] [SEVERE ] removing player 3 token from slot 8
[21:21:31.495] [SEVERE ] player 3 placing token on slot 7
[21:21:31.496] [SEVERE ] removing player 1 token from slot 11
[21:21:31.498] [SEVERE ] player 1 placing token on slot 7
[21:21:31.499] [SEVERE ] removing player 1 token from slot 7
[21:21:31.499] [SEVERE ] player 1 placing token on slot 0
[21:21:31.500] [SEVERE ] removing player 2 token from slot 6
[21:21:31.500] [SEVERE ] removing player 3 token from slot 7
[21:21:31.501] [SEVERE ] player 2 placing token on slot 8
[21:21:31.501] [SEVERE ] removing player 4 token from slot 5
[21:21:31.502] [SEVERE ] removing player 3 token from slot 6
[21:21:31.503] [SEVERE ] removing player 3 token from slot 9
[21:21:31.504] [SEVERE ] player 4 placing token on slot 10
[21:21:31.505] [SEVERE ] player 3 placing token on slot 9
[21:21:31.506] [SEVERE ] removing player 1 token from slot 3
[21:21:31.508] [SEVERE ] player 3 placing token on slot 5
[21:21:31.509] [SEVERE ] player 3 placing token on slot 2
[21:21:31.510] [SEVERE ] player 1 placing token on slot 11
[21:21:31.510] [SEVERE ] removing player 4 token from slot 10
[21:21:31.512] [SEVERE ] removing player 4 token from slot 7
[21:21:31.513] [SEVERE ] player 4 placing token on slot 5
[21:21:31.513] [SEVERE ] player 4 placing token on slot 1
[21:21:31.514] [SEVERE ] removing player 4 token from slot 3
[21:21:31.515] [SEVERE ] removing player 4 token from slot 5
[21:21:31.515] [SEVERE ] removing player 1 token from slot 11
[21:21:31.516] [SEVERE ] player 1 placing token on slot 3
[21:21:31.516] [SEVERE ] removing player 3 token from slot 9
[21:21:31.517] [SEVERE ] removing player 2 token from slot 7
[21:21:31.518] [SEVERE ] player 4 placing token on slot 7
[21:21:31.518] [SEVERE ] removing player 2 token from slot 8
[21:21:31.519] [SEVERE ] player 2 placing token on slot 2
[21:21:31.519] [SEVERE ] player 2 placing token on slot 6
[21:21:31.520] [SEVERE ] removing player 1 token from slot 0
[21:21:31.521] [SEVERE ] player 3 placing token on slot 6
[21:21:31.522] [SEVERE ] player 4 placing token on slot 3
[21:21:31.525] [SEVERE ] removing player 3 token from slot 5
[21:21:31.525] [SEVERE ] removing player 3 token from slot 2
[21:21:31.526] [SEVERE ] player 3 placing token on slot 7
[21:21:31.527] [SEVERE ] player 3 placing token on slot 9
[21:21:31.527] [SEVERE ] removing player 3 token from slot 7
[21:21:31.528] [SEVERE ] player 3 placing token on slot 0
[21:21:31.528] [SEVERE ] removing player 3 token from slot 9
[21:21:31.529] [SEVERE ] removing player 3 token from slot 6
[21:21:31.529] [SEVERE ] player 3 placing token on slot 3
[21:21:31.529] [SEVERE ] player 3 placing token on slot 10
[21:21:31.529] [SEVERE ] removing player 3 token from slot 10
[21:21:31.530] [SEVERE ] player 3 placing token on slot 7
[21:21:31.530] [SEVERE ] removing player 3 token from slot 7
[21:21:31.531] [SEVERE ] player 1 placing token on slot 7
[21:21:31.531] [SEVERE ] removing player 4 token from slot 1
[21:21:31.531] [SEVERE ] removing player 2 token from slot 6
[21:21:31.532] [SEVERE ] player 2 placing token on slot 11
[21:21:31.533] [SEVERE ] removing player 2 token from slot 2
[21:21:31.533] [SEVERE ] removing player 2 token from slot 9
[21:21:31.534] [SEVERE ] removing player 2 token from slot 11
[21:21:31.534] [SEVERE ] player 2 placing token on slot 5
[21:21:31.535] [SEVERE ] player 2 placing token on slot 7
[21:21:31.535] [SEVERE ] player 2 placing token on slot 6
[21:21:31.535] [SEVERE ] removing player 2 token from slot 5
[21:21:31.535] [SEVERE ] player 2 placing token on slot 4
[21:21:31.536] [SEVERE ] removing player 2 token from slot 6
[21:21:31.537] [SEVERE ] player 2 placing token on slot 5
[21:21:31.540] [SEVERE ] player 4 placing token on slot 5
[21:21:31.540] [SEVERE ] removing player 1 token from slot 7
[21:21:31.541] [SEVERE ] player 1 placing token on slot 11
[21:21:31.542] [SEVERE ] removing player 4 token from slot 3
[21:21:31.542] [SEVERE ] removing player 1 token from slot 6
[21:21:31.543] [SEVERE ] player 1 placing token on slot 2
[21:21:31.543] [SEVERE ] removing player 1 token from slot 11
[21:21:31.544] [SEVERE ] player 1 placing token on slot 1
[21:21:31.546] [SEVERE ] removing player 1 token from slot 1
[21:21:31.546] [SEVERE ] player 1 placing token on slot 6
[21:21:31.547] [SEVERE ] removing player 1 token from slot 2
[21:21:31.547] [SEVERE ] player 1 placing token on slot 8
[21:21:31.549] [SEVERE ] removing player 1 token from slot 8
[21:21:31.549] [SEVERE ] player 3 placing token on slot 11
[21:21:31.550] [SEVERE ] removing player 2 token from slot 4
[21:21:31.550] [SEVERE ] player 1 placing token on slot 5
[21:21:31.551] [SEVERE ] removing player 4 token from slot 7
[21:21:31.551] [SEVERE ] player 4 placing token on slot 2
[21:21:31.551] [SEVERE ] player 2 placing token on slot 8
[21:21:31.552] [SEVERE ] removing player 1 token from slot 3
[21:21:31.552] [SEVERE ] removing player 3 token from slot 0
[21:21:31.553] [SEVERE ] player 3 placing token on slot 8
[21:21:31.553] [SEVERE ] player 4 placing token on slot 8
[21:21:31.554] [SEVERE ] removing player 4 token from slot 5
[21:21:31.555] [SEVERE ] player 1 placing token on slot 4
[21:21:31.555] [SEVERE ] removing player 4 token from slot 2
[21:21:31.557] [SEVERE ] player 4 placing token on slot 0
[21:21:31.557] [SEVERE ] player 4 placing token on slot 3
[21:21:31.558] [SEVERE ] removing player 2 token from slot 7
[21:21:31.559] [SEVERE ] removing player 1 token from slot 4
[21:21:31.848] [SEVERE ] removing player 1 token from slot 5
[21:21:31.848] [SEVERE ] removing player 4 token from slot 3
[21:21:31.848] [SEVERE ] player 1 placing token on slot 3
[21:21:31.849] [SEVERE ] player 4 placing token on slot 1
[21:21:31.849] [SEVERE ] removing player 2 token from slot 8
[21:21:31.858] [SEVERE ] removing player 3 token from slot 8
[21:21:31.858] [SEVERE ] player 3 placing token on slot 8
[21:21:31.865] [SEVERE ] removing player 4 token from slot 8
[21:21:31.865] [SEVERE ] player 2 placing token on slot 6
[21:21:31.865] [SEVERE ] removing player 1 token from slot 3
[21:21:31.866] [SEVERE ] player 4 placing token on slot 2
[21:21:31.867] [SEVERE ] removing player 4 token from slot 2
[21:21:31.867] [SEVERE ] player 4 placing token on slot 11
[21:21:31.868] [SEVERE ] removing player 3 token from slot 11
[21:21:31.868] [SEVERE ] player 1 placing token on slot 8
[21:21:31.869] [SEVERE ] player 3 placing token on slot 1
[21:21:31.870] [SEVERE ] player 2 placing token on slot 9
[21:21:31.870] [SEVERE ] player 1 placing token on slot 2
[21:21:31.871] [SEVERE ] removing player 4 token from slot 0
[21:21:31.873] [SEVERE ] removing player 2 token from slot 9
[21:21:31.874] [SEVERE ] removing player 1 token from slot 8
[21:21:31.876] [SEVERE ] removing player 3 token from slot 3
[21:21:31.877] [SEVERE ] player 3 placing token on slot 9
[21:21:31.878] [SEVERE ] player 1 placing token on slot 4
[21:21:31.879] [SEVERE ] removing player 1 token from slot 6
[21:21:31.879] [SEVERE ] player 2 placing token on slot 3
[21:21:31.880] [SEVERE ] player 4 placing token on slot 5
[21:21:31.880] [SEVERE ] player 1 placing token on slot 10
[21:21:31.881] [SEVERE ] removing player 3 token from slot 8
[21:21:31.881] [SEVERE ] player 3 placing token on slot 3
[21:21:31.882] [SEVERE ] removing player 1 token from slot 2
[21:21:31.882] [SEVERE ] player 1 placing token on slot 6
[21:21:31.884] [SEVERE ] removing player 2 token from slot 6
[21:21:31.884] [SEVERE ] player 2 placing token on slot 2
[21:21:31.885] [SEVERE ] removing player 1 token from slot 4
[21:21:31.886] [SEVERE ] removing player 1 token from slot 6
[21:21:31.887] [SEVERE ] player 1 placing token on slot 6
[21:21:31.887] [SEVERE ] player 1 placing token on slot 3
[21:21:31.888] [SEVERE ] removing player 1 token from slot 10
[21:21:31.888] [SEVERE ] removing player 4 token from slot 1
[21:21:31.888] [SEVERE ] removing player 2 token from slot 2
[21:21:31.889] [SEVERE ] player 1 placing token on slot 10
[21:21:31.889] [SEVERE ] player 2 placing token on slot 4
[21:21:31.889] [SEVERE ] removing player 2 token from slot 3
[21:21:31.889] [SEVERE ] player 2 placing token on slot 0
[21:21:31.891] [SEVERE ] removing player 2 token from slot 4
[21:21:31.892] [SEVERE ] removing player 3 token from slot 1
[21:21:31.893] [SEVERE ] player 3 placing token on slot 11
[21:21:31.895] [SEVERE ] removing player 3 token from slot 3
[21:21:31.896] [SEVERE ] player 3 placing token on slot 0
[21:21:31.897] [SEVERE ] removing player 3 token from slot 0
[21:21:31.898] [SEVERE ] removing player 3 token from slot 11
[21:21:31.899] [SEVERE ] player 2 placing token on slot 7
[21:21:31.899] [SEVERE ] player 3 placing token on slot 11
[21:21:31.900] [SEVERE ] removing player 1 token from slot 10
[21:21:31.900] [SEVERE ] player 4 placing token on slot 2
[21:21:31.901] [SEVERE ] removing player 1 token from slot 3
[21:21:31.902] [SEVERE ] player 1 placing token on slot 0
[21:21:31.902] [SEVERE ] removing player 1 token from slot 0
[21:21:31.903] [SEVERE ] player 1 placing token on slot 2
[21:21:31.904] [SEVERE ] player 1 placing token on slot 3
[21:21:31.905] [SEVERE ] removing player 1 token from slot 2
[21:21:31.905] [SEVERE ] removing player 1 token from slot 6
[21:21:31.906] [SEVERE ] player 1 placing token on slot 2
[21:21:31.907] [SEVERE ] player 1 placing token on slot 1
[21:21:31.909] [SEVERE ] removing player 1 token from slot 2
[21:21:31.910] [SEVERE ] player 1 placing token on slot 9
[21:21:31.913] [SEVERE ] player 3 placing token on slot 0
[21:21:31.913] [SEVERE ] removing player 2 token from slot 0
[21:21:31.914] [SEVERE ] player 2 placing token on slot 4
[21:21:31.915] [SEVERE ] removing player 4 token from slot 11
[21:21:31.916] [SEVERE ] removing player 1 token from slot 3
[21:21:31.917] [SEVERE ] removing player 2 token from slot 7
[21:21:31.917] [SEVERE ] player 1 placing token on slot 5
[21:21:31.918] [SEVERE ] removing player 3 token from slot 0
[21:21:31.918] [SEVERE ] player 2 placing token on slot 8
[21:21:31.918] [SEVERE ] player 4 placing token on slot 1
[21:21:31.921] [SEVERE ] removing player 2 token from slot 5
[21:21:31.922] [SEVERE ] removing player 1 token from slot 1
[21:21:31.923] [SEVERE ] removing player 4 token from slot 5
[21:21:31.923] [SEVERE ] player 2 placing token on slot 5
[21:21:31.924] [SEVERE ] player 1 placing token on slot 11
[21:21:31.925] [SEVERE ] removing player 2 token from slot 5
[21:21:31.925] [SEVERE ] player 2 placing token on slot 7
[21:21:31.926] [SEVERE ] player 4 placing token on slot 6
[21:21:31.927] [SEVERE ] removing player 2 token from slot 8
[21:21:31.927] [SEVERE ] player 3 placing token on slot 2
[21:21:31.927] [SEVERE ] player 2 placing token on slot 5
[21:21:31.928] [SEVERE ] removing player 4 token from slot 6
[21:21:31.928] [SEVERE ] player 4 placing token on slot 5
[21:21:31.929] [SEVERE ] removing player 3 token from slot 2
[21:21:31.929] [SEVERE ] removing player 3 token from slot 9
[21:21:31.929] [SEVERE ] removing player 4 token from slot 2
[21:21:31.929] [SEVERE ] player 3 placing token on slot 8
[21:21:31.929] [SEVERE ] player 4 placing token on slot 7
[21:21:31.929] [SEVERE ] player 3 placing token on slot 3
[21:21:31.930] [SEVERE ] removing player 3 token from slot 3
[21:21:31.930] [SEVERE ] removing player 3 token from slot 8
[21:21:31.932] [SEVERE ] removing player 2 token from slot 7
[21:21:31.932] [SEVERE ] player 3 placing token on slot 6
[21:21:31.933] [SEVERE ] player 3 placing token on slot 10
[21:21:31.934] [SEVERE ] removing player 3 token from slot 10
[21:21:31.935] [SEVERE ] player 3 placing token on slot 4
[21:21:31.936] [SEVERE ] removing player 4 token from slot 1
[21:21:31.937] [SEVERE ] removing player 3 token from slot 11
[21:21:31.938] [SEVERE ] player 3 placing token on slot 10
[21:21:31.940] [SEVERE ] removing player 3 token from slot 10
[21:21:31.941] [SEVERE ] player 3 placing token on slot 3
[21:21:31.941] [SEVERE ] removing player 1 token from slot 9
[21:21:31.942] [SEVERE ] player 2 placing token on slot 1
[21:21:31.942] [SEVERE ] player 1 placing token on slot 2
[21:21:31.943] [SEVERE ] removing player 2 token from slot 5
[21:21:31.943] [SEVERE ] removing player 3 token from slot 4
[21:21:31.944] [SEVERE ] player 3 placing token on slot 9
[21:21:31.946] [SEVERE ] removing player 3 token from slot 3
[21:21:31.947] [SEVERE ] player 3 placing token on slot 11
[21:21:31.953] [SEVERE ] player 4 placing token on slot 1
[21:21:31.953] [SEVERE ] player 2 placing token on slot 6
[21:21:31.953] [SEVERE ] removing player 1 token from slot 5
[21:21:31.954] [SEVERE ] removing player 4 token from slot 5
[21:21:32.013] [SEVERE ] removing player 2 token from slot 4
[21:21:32.014] [SEVERE ] removing player 2 token from slot 1
[21:21:32.015] [SEVERE ] removing player 3 token from slot 6
[21:21:32.015] [SEVERE ] player 1 placing token on slot 6
[21:21:32.016] [SEVERE ] player 4 placing token on slot 10
[21:21:32.016] [SEVERE ] player 3 placing token on slot 8
[21:21:32.018] [SEVERE ] removing player 4 token from slot 1
[21:21:32.019] [SEVERE ] removing player 1 token from slot 2
[21:21:32.021] [SEVERE ] player 2 placing token on slot 11
[21:21:32.022] [SEVERE ] removing player 4 token from slot 10
[21:21:32.023] [SEVERE ] player 1 placing token on slot 10
[21:21:32.023] [SEVERE ] player 4 placing token on slot 3
[21:21:32.024] [SEVERE ] removing player 3 token from slot 8
[21:21:32.025] [SEVERE ] player 3 placing token on slot 0
[21:21:32.026] [SEVERE ] removing player 3 token from slot 9
[21:21:32.026] [SEVERE ] player 3 placing token on slot 2
[21:21:32.027] [SEVERE ] removing player 3 token from slot 11
[21:21:32.027] [SEVERE ] removing player 1 token from slot 11
[21:21:32.028] [SEVERE ] player 4 placing token on slot 2
[21:21:32.030] [SEVERE ] removing player 4 token from slot 7
[21:21:32.030] [SEVERE ] player 1 placing token on slot 5
[21:21:32.031] [SEVERE ] player 3 placing token on slot 10
[21:21:32.031] [SEVERE ] player 2 placing token on slot 2
[21:21:32.033] [SEVERE ] removing player 3 token from slot 0
[21:21:32.033] [SEVERE ] removing player 4 token from slot 3
[21:21:32.035] [SEVERE ] removing player 2 token from slot 6
[21:21:32.035] [SEVERE ] player 2 placing token on slot 8
[21:21:32.037] [SEVERE ] player 4 placing token on slot 9
[21:21:32.038] [SEVERE ] player 3 placing token on slot 3
[21:21:32.039] [SEVERE ] player 4 placing token on slot 3
[21:21:32.040] [SEVERE ] removing player 1 token from slot 10
[21:21:32.042] [SEVERE ] removing player 3 token from slot 10
[21:21:32.043] [SEVERE ] removing player 4 token from slot 9
[21:21:32.043] [SEVERE ] player 4 placing token on slot 4
[21:21:32.044] [SEVERE ] removing player 2 token from slot 2
[21:21:32.044] [SEVERE ] player 3 placing token on slot 6
[21:21:32.045] [SEVERE ] removing player 3 token from slot 6
[21:21:32.045] [SEVERE ] player 3 placing token on slot 7
[21:21:32.046] [SEVERE ] player 1 placing token on slot 4
[21:21:32.047] [SEVERE ] removing player 3 token from slot 7
[21:21:32.047] [SEVERE ] player 2 placing token on slot 3
[21:21:32.047] [SEVERE ] removing player 4 token from slot 3
[21:21:32.048] [SEVERE ] removing player 2 token from slot 11
[21:21:32.049] [SEVERE ] player 3 placing token on slot 9
[21:21:32.049] [SEVERE ] player 4 placing token on slot 8
[21:21:32.049] [SEVERE ] removing player 2 token from slot 3
[21:21:32.050] [SEVERE ] removing player 1 token from slot 4
[21:21:32.050] [SEVERE ] player 2 placing token on slot 0
[21:21:32.051] [SEVERE ] removing player 4 token from slot 4
[21:21:32.052] [SEVERE ] removing player 4 token from slot 2
[21:21:32.053] [SEVERE ] removing player 3 token from slot 3
[21:21:32.053] [SEVERE ] removing player 3 token from slot 9
[21:21:32.054] [SEVERE ] player 3 placing token on slot 8
[21:21:32.078] [SEVERE ] removing player 2 token from slot 8
[21:21:32.079] [SEVERE ] player 3 placing token on slot 5
[21:21:32.079] [SEVERE ] player 2 placing token on slot 8
[21:21:32.079] [SEVERE ] player 4 placing token on slot 5
[21:21:32.080] [SEVERE ] player 4 placing token on slot 1
[21:21:32.080] [SEVERE ] removing player 4 token from slot 5
[21:21:32.080] [SEVERE ] player 4 placing token on slot 3
[21:21:32.082] [SEVERE ] removing player 4 token from slot 3
[21:21:32.082] [SEVERE ] player 4 placing token on slot 0
[21:21:32.083] [SEVERE ] removing player 4 token from slot 1
[21:21:32.084] [SEVERE ] player 4 placing token on slot 4
[21:21:32.085] [SEVERE ] removing player 4 token from slot 4
[21:21:32.085] [SEVERE ] player 4 placing token on slot 11
[21:21:32.086] [SEVERE ] player 1 placing token on slot 3
[21:21:32.086] [SEVERE ] player 2 placing token on slot 4
[21:21:32.086] [SEVERE ] removing player 3 token from slot 8
[21:21:32.087] [SEVERE ] removing player 2 token from slot 8
[21:21:32.087] [SEVERE ] player 2 placing token on slot 9
[21:21:32.088] [SEVERE ] removing player 4 token from slot 11
[21:21:32.089] [SEVERE ] player 3 placing token on slot 6
[21:21:32.090] [SEVERE ] removing player 3 token from slot 2
[21:21:32.091] [SEVERE ] player 3 placing token on slot 8
[21:21:32.092] [SEVERE ] removing player 3 token from slot 5
[21:21:32.092] [SEVERE ] player 3 placing token on slot 0
[21:21:32.094] [SEVERE ] removing player 3 token from slot 6
[21:21:32.094] [SEVERE ] player 3 placing token on slot 3
[21:21:32.094] [SEVERE ] removing player 1 token from slot 6
[21:21:32.095] [SEVERE ] player 1 placing token on slot 0
[21:21:32.095] [SEVERE ] removing player 1 token from slot 3
[21:21:32.096] [SEVERE ] player 1 placing token on slot 10
[21:21:32.097] [SEVERE ] removing player 1 token from slot 0
[21:21:32.097] [SEVERE ] player 1 placing token on slot 7
[21:21:32.097] [SEVERE ] removing player 1 token from slot 10
[21:21:32.098] [SEVERE ] removing player 1 token from slot 5
[21:21:32.098] [SEVERE ] player 1 placing token on slot 11
[21:21:32.099] [SEVERE ] player 1 placing token on slot 2
[21:21:32.100] [SEVERE ] removing player 1 token from slot 7
[21:21:32.100] [SEVERE ] player 1 placing token on slot 8
[21:21:32.101] [SEVERE ] removing player 1 token from slot 11
[21:21:32.101] [SEVERE ] player 1 placing token on slot 11
[21:21:32.101] [SEVERE ] removing player 1 token from slot 11
[21:21:32.101] [SEVERE ] removing player 1 token from slot 2
[21:21:32.101] [SEVERE ] player 1 placing token on slot 4
[21:21:32.102] [SEVERE ] player 1 placing token on slot 9
[21:21:32.104] [SEVERE ] removing player 1 token from slot 9
[21:21:32.104] [SEVERE ] player 1 placing token on slot 5
[21:21:32.105] [SEVERE ] removing player 1 token from slot 5
[21:21:32.106] [SEVERE ] player 1 placing token on slot 0
[21:21:32.107] [SEVERE ] removing player 2 token from slot 0
[21:21:32.107] [SEVERE ] removing player 2 token from slot 9
[21:21:32.107] [SEVERE ] player 2 placing token on slot 7
[21:21:32.108] [SEVERE ] player 2 placing token on slot 11
[21:21:32.109] [SEVERE ] removing player 2 token from slot 4
[21:21:32.109] [SEVERE ] player 2 placing token on slot 6
[21:21:32.110] [SEVERE ] removing player 2 token from slot 6
[21:21:32.111] [SEVERE ] removing player 3 token from slot 3
[21:21:32.111] [SEVERE ] player 3 placing token on slot 2
[21:21:32.112] [SEVERE ] removing player 3 token from slot 2
[21:21:32.112] [SEVERE ] player 3 placing token on slot 2
[21:21:32.113] [SEVERE ] player 4 placing token on slot 3
[21:21:32.114] [SEVERE ] removing player 4 token from slot 8
[21:21:32.115] [SEVERE ] player 4 placing token on slot 6
[21:21:32.117] [SEVERE ] removing player 3 token from slot 2
[21:21:32.117] [SEVERE ] removing player 3 token from slot 8
[21:21:32.118] [SEVERE ] removing player 4 token from slot 6
[21:21:32.119] [SEVERE ] player 4 placing token on slot 5
[21:21:32.121] [SEVERE ] removing player 4 token from slot 0
[21:21:32.122] [SEVERE ] player 4 placing token on slot 2
[21:21:32.123] [SEVERE ] removing player 1 token from slot 8
[21:21:32.124] [SEVERE ] player 2 placing token on slot 3
[21:21:32.125] [SEVERE ] removing player 2 token from slot 11
[21:21:32.125] [SEVERE ] player 2 placing token on slot 4
[21:21:32.126] [SEVERE ] removing player 2 token from slot 3
[21:21:32.126] [SEVERE ] player 2 placing token on slot 8
[21:21:32.128] [SEVERE ] removing player 2 token from slot 4
[21:21:32.129] [SEVERE ] player 2 placing token on slot 9
[21:21:32.130] [SEVERE ] removing player 2 token from slot 8
[21:21:32.130] [SEVERE ] player 2 placing token on slot 10
[21:21:32.131] [SEVERE ] removing player 2 token from slot 9
[21:21:32.132] [SEVERE ] removing player 2 token from slot 10
[21:21:32.133] [SEVERE ] player 2 placing token on slot 4
[21:21:32.134] [SEVERE ] removing player 2 token from slot 7
[21:21:32.134] [SEVERE ] player 2 placing token on slot 7
[21:21:32.135] [SEVERE ] player 2 placing token on slot 3
[21:21:32.135] [SEVERE ] removing player 4 token from slot 5
[21:21:32.135] [SEVERE ] player 3 placing token on slot 9
[21:21:32.136] [SEVERE ] player 1 placing token on slot 1
[21:21:32.136] [SEVERE ] removing player 2 token from slot 4
[21:21:32.137] [SEVERE ] player 4 placing token on slot 4
[21:21:32.138] [SEVERE ] removing player 3 token from slot 9
[21:21:32.142] [SEVERE ] player 3 placing token on slot 8
[21:21:32.142] [SEVERE ] player 3 placing token on slot 2
[21:21:32.143] [SEVERE ] removing player 3 token from slot 8
[21:21:32.144] [SEVERE ] player 3 placing token on slot 9
[21:21:32.144] [SEVERE ] removing player 3 token from slot 9
[21:21:32.145] [SEVERE ] player 3 placing token on slot 6
[21:21:32.145] [SEVERE ] removing player 1 token from slot 1
[21:21:32.146] [SEVERE ] removing player 3 token from slot 0
[21:21:32.147] [SEVERE ] removing player 4 token from slot 2
[21:21:32.147] [SEVERE ] player 2 placing token on slot 11
[21:21:32.147] [SEVERE ] player 3 placing token on slot 5
[21:21:32.147] [SEVERE ] removing player 3 token from slot 5
[21:21:32.148] [SEVERE ] removing player 3 token from slot 2
[21:21:32.148] [SEVERE ] player 3 placing token on slot 11
[21:21:32.149] [SEVERE ] player 1 placing token on slot 1
[21:21:32.150] [SEVERE ] removing player 1 token from slot 0
[21:21:32.150] [SEVERE ] player 1 placing token on slot 3
[21:21:32.151] [SEVERE ] removing player 1 token from slot 4
[21:21:32.152] [SEVERE ] player 1 placing token on slot 0
[21:21:32.153] [SEVERE ] removing player 1 token from slot 3
[21:21:32.153] [SEVERE ] player 1 placing token on slot 6
[21:21:32.154] [SEVERE ] removing player 2 token from slot 3
[21:21:32.155] [SEVERE ] player 4 placing token on slot 1
[21:21:32.156] [SEVERE ] player 3 placing token on slot 2
[21:21:32.157] [SEVERE ] removing player 1 token from slot 6
[21:21:32.163] [SEVERE ] removing player 1 token from slot 1
[21:21:32.163] [SEVERE ] player 2 placing token on slot 6
[21:21:32.164] [SEVERE ] removing player 2 token from slot 11
[21:21:32.164] [SEVERE ] player 2 placing token on slot 10
[21:21:32.164] [SEVERE ] removing player 4 token from slot 3
[21:21:32.164] [SEVERE ] removing player 3 token from slot 6
[21:21:32.165] [SEVERE ] removing player 3 token from slot 2
[21:21:32.165] [SEVERE ] player 3 placing token on slot 8
[21:21:32.166] [SEVERE ] player 3 placing token on slot 9
[21:21:32.168] [SEVERE ] removing player 3 token from slot 11
[21:21:32.168] [SEVERE ] player 3 placing token on slot 3
[21:21:32.176] [SEVERE ] player 4 placing token on slot 3
[21:21:32.176] [SEVERE ] removing player 2 token from slot 10
[21:21:32.177] [SEVERE ] player 1 placing token on slot 1
[21:21:32.177] [SEVERE ] player 2 placing token on slot 0
[21:21:32.178] [SEVERE ] removing player 2 token from slot 0
[21:21:32.178] [SEVERE ] player 1 placing token on slot 9
[21:21:32.179] [SEVERE ] removing player 1 token from slot 1
[21:21:32.180] [SEVERE ] player 1 placing token on slot 3
[21:21:32.180] [SEVERE ] removing player 4 token from slot 1
[21:21:32.180] [SEVERE ] removing player 2 token from slot 6
[21:21:32.181] [SEVERE ] removing player 4 token from slot 4
[21:21:32.182] [SEVERE ] removing player 1 token from slot 0
[21:21:32.182] [SEVERE ] player 1 placing token on slot 6
[21:21:32.183] [SEVERE ] removing player 1 token from slot 6
[21:21:32.183] [SEVERE ] player 1 placing token on slot 0
[21:21:32.183] [SEVERE ] removing player 3 token from slot 9
[21:21:32.184] [SEVERE ] player 4 placing token on slot 7
[21:21:32.184] [SEVERE ] player 2 placing token on slot 10
[21:21:32.184] [SEVERE ] removing player 2 token from slot 10
[21:21:32.185] [SEVERE ] player 4 placing token on slot 1
[21:21:32.185] [SEVERE ] removing player 2 token from slot 7
[21:21:32.186] [SEVERE ] player 2 placing token on slot 4
[21:21:32.186] [SEVERE ] removing player 1 token from slot 3
[21:21:32.186] [SEVERE ] player 2 placing token on slot 7
[21:21:32.187] [SEVERE ] removing player 2 token from slot 7
[21:21:32.189] [SEVERE ] player 3 placing token on slot 11
[21:21:32.190] [SEVERE ] player 2 placing token on slot 9
[21:21:32.191] [SEVERE ] player 1 placing token on slot 8
[21:21:32.191] [SEVERE ] removing player 4 token from slot 7
[21:21:32.191] [SEVERE ] player 2 placing token on slot 8
[21:21:32.192] [SEVERE ] player 4 placing token on slot 2
[21:21:32.193] [SEVERE ] removing player 1 token from slot 0
[21:21:32.193] [SEVERE ] removing player 1 token from slot 9
[21:21:32.194] [SEVERE ] removing player 4 token from slot 1
[21:21:32.194] [SEVERE ] removing player 2 token from slot 9
[21:21:32.194] [SEVERE ] player 2 placing token on slot 9
[21:21:32.195] [SEVERE ] player 1 placing token on slot 1
[21:21:32.195] [SEVERE ] player 1 placing token on slot 11
[21:21:32.195] [SEVERE ] removing player 2 token from slot 9
[21:21:32.196] [SEVERE ] removing player 1 token from slot 8
[21:21:32.196] [SEVERE ] removing player 2 token from slot 4
[21:21:32.196] [SEVERE ] player 1 placing token on slot 6
[21:21:32.196] [SEVERE ] player 2 placing token on slot 4
[21:21:32.196] [SEVERE ] removing player 1 token from slot 6
[21:21:32.196] [SEVERE ] player 2 placing token on slot 7
[21:21:32.196] [SEVERE ] player 1 placing token on slot 3
[21:21:32.197] [SEVERE ] removing player 2 token from slot 8
[21:21:32.197] [SEVERE ] player 4 placing token on slot 0
[21:21:32.197] [SEVERE ] removing player 2 token from slot 4
[21:21:32.197] [SEVERE ] player 2 placing token on slot 5
[21:21:32.197] [SEVERE ] removing player 4 token from slot 3
[21:21:32.197] [SEVERE ] player 2 placing token on slot 2
[21:21:32.197] [SEVERE ] player 4 placing token on slot 4
[21:21:32.198] [SEVERE ] removing player 2 token from slot 5
[21:21:32.198] [SEVERE ] removing player 2 token from slot 7
[21:21:32.198] [SEVERE ] removing player 2 token from slot 2
[21:21:32.200] [SEVERE ] removing player 3 token from slot 8
[21:21:32.201] [SEVERE ] player 2 placing token on slot 8
[21:21:32.201] [SEVERE ] removing player 4 token from slot 4
[21:21:32.202] [SEVERE ] player 4 placing token on slot 10
[21:21:32.202] [SEVERE ] removing player 4 token from slot 10
[21:21:32.203] [SEVERE ] player 4 placing token on slot 9
[21:21:32.204] [SEVERE ] removing player 4 token from slot 2
[21:21:32.204] [SEVERE ] player 4 placing token on slot 6
[21:21:32.205] [SEVERE ] removing player 1 token from slot 1
[21:21:32.206] [SEVERE ] player 3 placing token on slot 6
[21:21:32.206] [SEVERE ] player 1 placing token on slot 6
[21:21:32.206] [SEVERE ] player 2 placing token on slot 5
[21:21:32.207] [SEVERE ] removing player 4 token from slot 6
[21:21:32.207] [SEVERE ] removing player 3 token from slot 6
[21:21:32.210] [SEVERE ] removing player 1 token from slot 11
[21:21:32.211] [SEVERE ] player 2 placing token on slot 10
[21:21:32.212] [SEVERE ] player 4 placing token on slot 4
[21:21:32.212] [SEVERE ] removing player 2 token from slot 5
[21:21:32.213] [SEVERE ] player 1 placing token on slot 4
[21:21:32.213] [SEVERE ] player 3 placing token on slot 8
[21:21:32.213] [SEVERE ] player 2 placing token on slot 4
[21:21:32.215] [SEVERE ] removing player 2 token from slot 8
[21:21:32.215] [SEVERE ] player 2 placing token on slot 3
[21:21:32.217] [SEVERE ] removing player 4 token from slot 4
[21:21:32.218] [SEVERE ] player 4 placing token on slot 2
[21:21:32.218] [SEVERE ] removing player 4 token from slot 2
[21:21:32.218] [SEVERE ] removing player 4 token from slot 9
[21:21:32.218] [SEVERE ] player 4 placing token on slot 1
[21:21:32.219] [SEVERE ] player 4 placing token on slot 6
[21:21:32.219] [SEVERE ] removing player 1 token from slot 6
[21:21:32.220] [SEVERE ] player 1 placing token on slot 5
[21:21:32.220] [SEVERE ] removing player 4 token from slot 6
[21:21:32.221] [SEVERE ] removing player 1 token from slot 3
[21:21:32.223] [SEVERE ] player 1 placing token on slot 11
[21:21:32.223] [SEVERE ] removing player 1 token from slot 11
[21:21:32.223] [SEVERE ] removing player 1 token from slot 5
[21:21:32.223] [SEVERE ] player 1 placing token on slot 8
[21:21:32.224] [SEVERE ] removing player 3 token from slot 3
[21:21:32.225] [SEVERE ] player 3 placing token on slot 0
[21:21:32.225] [SEVERE ] removing player 2 token from slot 4
[21:21:32.225] [SEVERE ] removing player 4 token from slot 1
[21:21:32.226] [SEVERE ] player 1 placing token on slot 3
[21:21:32.227] [SEVERE ] player 2 placing token on slot 8
[21:21:32.228] [SEVERE ] removing player 1 token from slot 4
[21:21:32.228] [SEVERE ] player 4 placing token on slot 5
[21:21:32.229] [SEVERE ] removing player 2 token from slot 3
[21:21:32.229] [SEVERE ] player 2 placing token on slot 6
[21:21:32.231] [SEVERE ] removing player 3 token from slot 11
[21:21:32.232] [SEVERE ] player 3 placing token on slot 6
[21:21:32.232] [SEVERE ] removing player 3 token from slot 6
[21:21:32.233] [SEVERE ] player 3 placing token on slot 9
[21:21:32.234] [SEVERE ] player 4 placing token on slot 8
[21:21:32.235] [SEVERE ] player 1 placing token on slot 5
[21:21:32.235] [SEVERE ] removing player 4 token from slot 5
[21:21:32.236] [SEVERE ] player 4 placing token on slot 11
[21:21:32.237] [SEVERE ] removing player 4 token from slot 11
[21:21:32.238] [SEVERE ] player 4 placing token on slot 5
[21:21:32.239] [SEVERE ] removing player 1 token from slot 8
[21:21:32.240] [SEVERE ] player 1 placing token on slot 0
[21:21:32.241] [SEVERE ] removing player 1 token from slot 5
[21:21:32.241] [SEVERE ] player 1 placing token on slot 11
[21:21:32.242] [SEVERE ] removing player 1 token from slot 3
[21:21:32.242] [SEVERE ] player 1 placing token on slot 3
[21:21:32.242] [SEVERE ] removing player 1 token from slot 0
[21:21:32.243] [SEVERE ] removing player 4 token from slot 8
[21:21:32.243] [SEVERE ] removing player 2 token from slot 6
[21:21:32.244] [SEVERE ] player 4 placing token on slot 11
[21:21:32.244] [SEVERE ] removing player 4 token from slot 11
[21:21:32.244] [SEVERE ] player 1 placing token on slot 7
[21:21:32.245] [SEVERE ] removing player 1 token from slot 3
[21:21:32.247] [SEVERE ] player 4 placing token on slot 8
[21:21:32.248] [SEVERE ] player 2 placing token on slot 7
[21:21:32.398] [SEVERE ] setting player 1 freeze to 3000
[21:21:32.397] [SEVERE ] setting player 2 freeze to 3000
[21:21:32.397] [SEVERE ] setting player 2 freeze to 3000
[21:21:32.397] [SEVERE ] setting player 2 freeze to 3000
[21:21:32.397] [SEVERE ] setting player 2 freeze to 3000
[21:21:32.387] [SEVERE ] setting player 1 freeze to 3000
[21:21:32.387] [SEVERE ] setting player 1 freeze to 3000
[21:21:32.387] [SEVERE ] setting player 1 freeze to 3000
[21:21:32.454] [SEVERE ] removing player 3 token from slot 8
[21:21:32.457] [SEVERE ] player 3 placing token on slot 3
[21:21:32.457] [SEVERE ] removing player 4 token from slot 5
[21:21:32.457] [SEVERE ] player 1 placing token on slot 9
[21:21:32.458] [SEVERE ] removing player 4 token from slot 8
[21:21:32.459] [SEVERE ] removing player 3 token from slot 9
[21:21:32.459] [SEVERE ] player 4 placing token on slot 7
[21:21:32.460] [SEVERE ] player 3 placing token on slot 8
[21:21:32.462] [SEVERE ] removing player 3 token from slot 3
[21:21:32.467] [SEVERE ] player 4 placing token on slot 8
[21:21:32.471] [SEVERE ] removing player 4 token from slot 7
[21:21:32.472] [SEVERE ] player 4 placing token on slot 2
[21:21:32.473] [SEVERE ] removing player 4 token from slot 8
[21:21:32.473] [SEVERE ] removing player 4 token from slot 2
[21:21:32.473] [SEVERE ] removing player 3 token from slot 8
[21:21:32.478] [SEVERE ] player 3 placing token on slot 4
[21:21:32.479] [SEVERE ] removing player 4 token from slot 0
[21:21:32.479] [SEVERE ] player 4 placing token on slot 2
[21:21:32.480] [SEVERE ] player 4 placing token on slot 11
[21:21:32.480] [SEVERE ] player 3 placing token on slot 7
[21:21:32.481] [SEVERE ] player 4 placing token on slot 3
[21:21:32.483] [SEVERE ] removing player 3 token from slot 0
[21:21:32.484] [SEVERE ] removing player 4 token from slot 2
[21:21:32.484] [SEVERE ] player 4 placing token on slot 2
[21:21:32.485] [SEVERE ] player 3 placing token on slot 11
[21:21:32.491] [SEVERE ] removing player 3 token from slot 7
[21:21:32.492] [SEVERE ] removing player 4 token from slot 2
[21:21:32.492] [SEVERE ] player 4 placing token on slot 7
[21:21:32.493] [SEVERE ] player 3 placing token on slot 6
[21:21:32.510] [SEVERE ] removing player 3 token from slot 4
[21:21:32.511] [SEVERE ] player 3 placing token on slot 4
[21:21:32.511] [SEVERE ] removing player 3 token from slot 11
[21:21:32.511] [SEVERE ] removing player 3 token from slot 4
[21:21:32.511] [SEVERE ] player 3 placing token on slot 11
[21:21:32.511] [SEVERE ] player 3 placing token on slot 2
[21:21:32.512] [SEVERE ] removing player 3 token from slot 6
[21:21:32.512] [SEVERE ] removing player 3 token from slot 11
[21:21:32.512] [SEVERE ] player 3 placing token on slot 0
[21:21:32.512] [SEVERE ] player 3 placing token on slot 9
[21:21:32.512] [SEVERE ] removing player 3 token from slot 2
[21:21:32.512] [SEVERE ] player 3 placing token on slot 4
[21:21:32.513] [SEVERE ] removing player 3 token from slot 0
[21:21:32.513] [SEVERE ] player 3 placing token on slot 6
[21:21:32.517] [SEVERE ] removing player 4 token from slot 11
[21:21:32.518] [SEVERE ] player 4 placing token on slot 10
[21:21:32.519] [SEVERE ] removing player 4 token from slot 10
[21:21:32.519] [SEVERE ] player 4 placing token on slot 8
[21:21:32.520] [SEVERE ] removing player 4 token from slot 3
[21:21:32.520] [SEVERE ] removing player 4 token from slot 8
[21:21:32.524] [SEVERE ] player 4 placing token on slot 5
[21:21:32.526] [SEVERE ] removing player 4 token from slot 5
[21:21:32.526] [SEVERE ] player 4 placing token on slot 4
[21:21:32.527] [SEVERE ] player 4 placing token on slot 11
[21:21:32.528] [SEVERE ] removing player 4 token from slot 4
[21:21:32.528] [SEVERE ] removing player 4 token from slot 7
[21:21:32.529] [SEVERE ] removing player 4 token from slot 11
[21:21:32.529] [SEVERE ] removing player 3 token from slot 4
[21:21:32.530] [SEVERE ] player 4 placing token on slot 9
[21:21:32.530] [SEVERE ] player 4 placing token on slot 0
[21:21:32.531] [SEVERE ] removing player 4 token from slot 9
[21:21:32.531] [SEVERE ] removing player 4 token from slot 0
[21:21:32.531] [SEVERE ] player 4 placing token on slot 4
[21:21:32.531] [SEVERE ] player 4 placing token on slot 0
[21:21:32.532] [SEVERE ] player 3 placing token on slot 11
[21:21:32.533] [SEVERE ] player 4 placing token on slot 8
[21:21:32.533] [SEVERE ] removing player 4 token from slot 4
[21:21:32.534] [SEVERE ] player 4 placing token on slot 6
[21:21:32.534] [SEVERE ] removing player 4 token from slot 8
[21:21:32.535] [SEVERE ] player 4 placing token on slot 10
[21:21:32.562] [SEVERE ] removing player 4 token from slot 6
[21:21:32.580] [SEVERE ] removing player 3 token from slot 11
[21:21:32.589] [SEVERE ] player 4 placing token on slot 7
[21:21:32.590] [SEVERE ] player 3 placing token on slot 11
[21:21:32.591] [SEVERE ] removing player 4 token from slot 10
[21:21:32.599] [SEVERE ] player 4 placing token on slot 1
[21:21:32.599] [SEVERE ] removing player 4 token from slot 7
[21:21:32.600] [SEVERE ] removing player 4 token from slot 1
[21:21:32.603] [SEVERE ] removing player 3 token from slot 6
[21:21:32.604] [SEVERE ] player 4 placing token on slot 11
[21:21:32.605] [SEVERE ] player 4 placing token on slot 4
[21:21:32.606] [SEVERE ] removing player 4 token from slot 0
[21:21:32.607] [SEVERE ] player 4 placing token on slot 1
[21:21:32.607] [SEVERE ] removing player 4 token from slot 1
[21:21:32.608] [SEVERE ] removing player 4 token from slot 11
[21:21:32.608] [SEVERE ] player 4 placing token on slot 8
[21:21:32.608] [SEVERE ] removing player 4 token from slot 8
[21:21:32.608] [SEVERE ] player 4 placing token on slot 8
[21:21:32.609] [SEVERE ] player 4 placing token on slot 6
[21:21:32.613] [SEVERE ] removing player 4 token from slot 8
[21:21:32.616] [SEVERE ] player 3 placing token on slot 1
[21:21:32.617] [SEVERE ] removing player 3 token from slot 11
[21:21:32.617] [SEVERE ] removing player 4 token from slot 4
[21:21:32.617] [SEVERE ] player 3 placing token on slot 8
[21:21:32.618] [SEVERE ] removing player 3 token from slot 9
[21:21:32.618] [SEVERE ] player 4 placing token on slot 2
[21:21:32.622] [SEVERE ] player 3 placing token on slot 2
[21:21:32.624] [SEVERE ] player 4 placing token on slot 5
[21:21:32.627] [SEVERE ] removing player 3 token from slot 2
[21:21:32.627] [SEVERE ] player 3 placing token on slot 4
[21:21:32.628] [SEVERE ] removing player 4 token from slot 5
[21:21:32.628] [SEVERE ] player 4 placing token on slot 5
[21:21:32.629] [SEVERE ] removing player 4 token from slot 6
[21:21:32.630] [SEVERE ] removing player 3 token from slot 8
[21:21:32.630] [SEVERE ] player 3 placing token on slot 5
[21:21:32.631] [SEVERE ] player 4 placing token on slot 11
[21:21:32.633] [SEVERE ] removing player 4 token from slot 5
[21:21:32.633] [SEVERE ] player 4 placing token on slot 8
[21:21:32.634] [SEVERE ] removing player 4 token from slot 8
[21:21:32.634] [SEVERE ] player 4 placing token on slot 10
[21:21:32.634] [SEVERE ] removing player 4 token from slot 2
[21:21:32.634] [SEVERE ] player 4 placing token on slot 3
[21:21:32.635] [SEVERE ] removing player 4 token from slot 3
[21:21:32.635] [SEVERE ] player 4 placing token on slot 4
[21:21:32.636] [SEVERE ] removing player 4 token from slot 4
[21:21:32.636] [SEVERE ] removing player 4 token from slot 10
[21:21:32.636] [SEVERE ] player 4 placing token on slot 10
[21:21:32.637] [SEVERE ] player 4 placing token on slot 3
[21:21:32.637] [SEVERE ] removing player 4 token from slot 3
[21:21:32.637] [SEVERE ] player 4 placing token on slot 3
[21:21:32.639] [SEVERE ] removing player 3 token from slot 4
[21:21:32.640] [SEVERE ] player 3 placing token on slot 0
[21:21:32.642] [SEVERE ] removing player 3 token from slot 5
[21:21:32.642] [SEVERE ] player 3 placing token on slot 7
[21:21:32.644] [SEVERE ] removing player 3 token from slot 7
[21:21:32.645] [SEVERE ] player 3 placing token on slot 9
[21:21:32.645] [SEVERE ] removing player 4 token from slot 3
[21:21:32.646] [SEVERE ] player 4 placing token on slot 5
[21:21:32.651] [SEVERE ] removing player 3 token from slot 9
[21:21:32.652] [SEVERE ] player 3 placing token on slot 10
[21:21:32.653] [SEVERE ] removing player 3 token from slot 10
[21:21:32.653] [SEVERE ] removing player 3 token from slot 1
[21:21:32.653] [SEVERE ] player 3 placing token on slot 6
[21:21:32.653] [SEVERE ] player 3 placing token on slot 9
[21:21:32.655] [SEVERE ] removing player 4 token from slot 5
[21:21:32.655] [SEVERE ] removing player 4 token from slot 11
[21:21:32.655] [SEVERE ] player 4 placing token on slot 11
[21:21:32.656] [SEVERE ] player 4 placing token on slot 6
[21:21:32.656] [SEVERE ] removing player 4 token from slot 11
[21:21:32.656] [SEVERE ] player 4 placing token on slot 0
[21:21:32.657] [SEVERE ] removing player 4 token from slot 6
[21:21:32.657] [SEVERE ] player 4 placing token on slot 2
[21:21:32.657] [SEVERE ] removing player 4 token from slot 0
[21:21:32.657] [SEVERE ] player 4 placing token on slot 6
[21:21:32.660] [SEVERE ] removing player 3 token from slot 6
[21:21:32.665] [SEVERE ] player 3 placing token on slot 10
[21:21:32.665] [SEVERE ] removing player 4 token from slot 6
[21:21:32.671] [SEVERE ] player 4 placing token on slot 4
[21:21:32.672] [SEVERE ] removing player 4 token from slot 10
[21:21:32.672] [SEVERE ] player 4 placing token on slot 1
[21:21:32.674] [SEVERE ] removing player 4 token from slot 4
[21:21:32.674] [SEVERE ] removing player 3 token from slot 0
[21:21:32.678] [SEVERE ] player 3 placing token on slot 0
[21:21:32.679] [SEVERE ] removing player 3 token from slot 0
[21:21:32.679] [SEVERE ] player 3 placing token on slot 7
[21:21:32.680] [SEVERE ] removing player 3 token from slot 10
[21:21:32.681] [SEVERE ] player 3 placing token on slot 8
[21:21:32.686] [SEVERE ] removing player 4 token from slot 1
[21:21:32.687] [SEVERE ] removing player 3 token from slot 8
[21:21:32.687] [SEVERE ] player 3 placing token on slot 4
[21:21:32.688] [SEVERE ] removing player 3 token from slot 9
[21:21:32.688] [SEVERE ] player 3 placing token on slot 9
[21:21:32.689] [SEVERE ] player 4 placing token on slot 10
[21:21:32.690] [SEVERE ] removing player 4 token from slot 2
[21:21:32.690] [SEVERE ] removing player 4 token from slot 10
[21:21:32.691] [SEVERE ] player 4 placing token on slot 2
[21:21:32.691] [SEVERE ] player 4 placing token on slot 3
[21:21:32.691] [SEVERE ] player 4 placing token on slot 4
[21:21:32.692] [SEVERE ] removing player 3 token from slot 7
[21:21:32.695] [SEVERE ] removing player 4 token from slot 2
[21:21:32.695] [SEVERE ] removing player 4 token from slot 4
[21:21:32.695] [SEVERE ] player 4 placing token on slot 7
[21:21:32.695] [SEVERE ] player 4 placing token on slot 5
[21:21:32.695] [SEVERE ] removing player 4 token from slot 5
[21:21:32.696] [SEVERE ] player 4 placing token on slot 2
[21:21:32.696] [SEVERE ] removing player 4 token from slot 2
[21:21:32.696] [SEVERE ] player 4 placing token on slot 8
[21:21:32.698] [SEVERE ] removing player 4 token from slot 3
[21:21:32.699] [SEVERE ] removing player 4 token from slot 7
[21:21:32.699] [SEVERE ] player 3 placing token on slot 2
[21:21:32.701] [SEVERE ] removing player 3 token from slot 9
[21:21:32.701] [SEVERE ] player 3 placing token on slot 3
[21:21:32.702] [SEVERE ] removing player 3 token from slot 4
[21:21:32.702] [SEVERE ] player 4 placing token on slot 6
[21:21:32.719] [SEVERE ] setting player 4 freeze to 3000
[21:21:32.719] [SEVERE ] setting player 4 freeze to 3000
[21:21:32.719] [SEVERE ] setting player 4 freeze to 3000
[21:21:32.719] [SEVERE ] setting player 4 freeze to 3000
[21:21:32.734] [SEVERE ] player 3 placing token on slot 9
[21:21:32.734] [SEVERE ] removing player 3 token from slot 3
[21:21:32.736] [SEVERE ] player 3 placing token on slot 1
[21:21:32.750] [SEVERE ] removing player 3 token from slot 1
[21:21:32.751] [SEVERE ] player 3 placing token on slot 6
[21:21:32.752] [SEVERE ] removing player 3 token from slot 6
[21:21:32.752] [SEVERE ] player 3 placing token on slot 10
[21:21:32.753] [SEVERE ] removing player 3 token from slot 9
[21:21:32.753] [SEVERE ] player 3 placing token on slot 9
[21:21:32.755] [SEVERE ] removing player 3 token from slot 10
[21:21:32.756] [SEVERE ] removing player 3 token from slot 2
[21:21:32.757] [SEVERE ] player 3 placing token on slot 7
[21:21:32.757] [SEVERE ] player 3 placing token on slot 10
[21:21:32.758] [SEVERE ] removing player 3 token from slot 9
[21:21:32.762] [SEVERE ] removing player 3 token from slot 10
[21:21:32.763] [SEVERE ] player 3 placing token on slot 6
[21:21:32.763] [SEVERE ] player 3 placing token on slot 2
[21:21:32.764] [SEVERE ] removing player 3 token from slot 6
[21:21:32.792] [SEVERE ] setting player 3 freeze to 3000
[21:21:32.792] [SEVERE ] setting player 3 freeze to 3000
[21:21:32.792] [SEVERE ] setting player 3 freeze to 3000
[21:21:32.792] [SEVERE ] setting player 3 freeze to 3000
[21:21:33.455] [SEVERE ] setting player 1 freeze to 2000
[21:21:33.455] [SEVERE ] setting player 2 freeze to 2000
[21:21:33.455] [SEVERE ] setting player 2 freeze to 2000
[21:21:33.456] [SEVERE ] setting player 2 freeze to 2000
[21:21:33.456] [SEVERE ] setting player 1 freeze to 2000
[21:21:33.456] [SEVERE ] setting player 2 freeze to 2000
[21:21:33.456] [SEVERE ] setting player 1 freeze to 2000
[21:21:33.456] [SEVERE ] setting player 1 freeze to 2000
[21:21:33.720] [SEVERE ] setting player 4 freeze to 2000
[21:21:33.720] [SEVERE ] setting player 4 freeze to 2000
[21:21:33.720] [SEVERE ] setting player 4 freeze to 2000
[21:21:33.721] [SEVERE ] setting player 4 freeze to 2000
[21:21:33.792] [SEVERE ] setting player 3 freeze to 2000
[21:21:33.793] [SEVERE ] setting player 3 freeze to 2000
[21:21:33.793] [SEVERE ] setting player 3 freeze to 2000
[21:21:33.793] [SEVERE ] setting player 3 freeze to 2000
[21:21:34.455] [SEVERE ] setting player 1 freeze to 1000
[21:21:34.455] [SEVERE ] setting player 2 freeze to 1000
[21:21:34.456] [SEVERE ] setting player 2 freeze to 1000
[21:21:34.456] [SEVERE ] setting player 2 freeze to 1000
[21:21:34.457] [SEVERE ] setting player 1 freeze to 1000
[21:21:34.457] [SEVERE ] setting player 2 freeze to 1000
[21:21:34.458] [SEVERE ] setting player 1 freeze to 1000
[21:21:34.458] [SEVERE ] setting player 1 freeze to 1000
