[18:01:02.806] [INFO   ] thread main starting.
[18:01:02.812] [SEVERE ] cannot read configuration file config.properties trying from resources.
[18:01:02.814] [SEVERE ] configuration file was loaded from resources directory.
[18:01:03.255] [INFO   ] thread dealer starting.
[18:01:03.256] [INFO   ] Thread dealer starting.
[18:01:03.361] [SEVERE ] placing card 70 in slot 0
[18:01:03.462] [SEVERE ] placing card 69 in slot 1
[18:01:03.563] [SEVERE ] placing card 11 in slot 2
[18:01:03.663] [SEVERE ] placing card 44 in slot 3
[18:01:03.765] [SEVERE ] placing card 74 in slot 4
[18:01:03.865] [SEVERE ] placing card 68 in slot 5
[18:01:03.966] [SEVERE ] placing card 61 in slot 6
[18:01:04.067] [SEVERE ] placing card 22 in slot 7
[18:01:04.168] [SEVERE ] placing card 55 in slot 8
[18:01:04.268] [SEVERE ] placing card 72 in slot 9
[18:01:04.369] [SEVERE ] placing card 64 in slot 10
[18:01:04.469] [SEVERE ] placing card 79 in slot 11
[18:01:04.470] [INFO   ] Thread Thread-1starting.
[18:01:04.471] [INFO   ] Thread Thread-2starting.
[18:01:04.471] [INFO   ] Thread Thread-4starting.
[18:01:04.471] [SEVERE ] updating countdown to 15000
[18:01:04.472] [INFO   ] Thread computer-0 starting.
[18:01:04.473] [SEVERE ] player 1 placing token on slot 1
[18:01:04.474] [SEVERE ] player 1 placing token on slot 4
[18:01:04.475] [SEVERE ] player 1 placing token on slot 8
[18:01:04.471] [INFO   ] Thread Thread-3starting.
[18:01:04.485] [INFO   ] Thread computer-2 starting.
[18:01:04.486] [SEVERE ] player 3 placing token on slot 4
[18:01:04.486] [SEVERE ] player 3 placing token on slot 5
[18:01:04.487] [SEVERE ] removing player 3 token from slot 5
[18:01:04.488] [SEVERE ] removing player 3 token from slot 4
[18:01:04.480] [INFO   ] Thread computer-1 starting.
[18:01:04.479] [INFO   ] Thread computer-3 starting.
[18:01:04.495] [SEVERE ] player 4 placing token on slot 4
[18:01:04.496] [SEVERE ] player 4 placing token on slot 3
[18:01:04.496] [SEVERE ] player 4 placing token on slot 2
[18:01:04.495] [SEVERE ] player 2 placing token on slot 11
[18:01:04.502] [SEVERE ] player 2 placing token on slot 10
[18:01:04.495] [SEVERE ] player 3 placing token on slot 9
[18:01:04.503] [SEVERE ] player 3 placing token on slot 8
[18:01:04.504] [SEVERE ] player 3 placing token on slot 7
[18:01:04.503] [SEVERE ] player 2 placing token on slot 1
[18:01:05.474] [SEVERE ] updating countdown to 13997
[18:01:05.474] [SEVERE ] setting player 1 freeze to 0
[18:01:05.476] [SEVERE ] setting player 1 freeze to 0
[18:01:05.477] [SEVERE ] setting player 1 freeze to 0
[18:01:05.477] [SEVERE ] setting player 1 freeze to 0
[18:01:05.477] [SEVERE ] removing player 1 token from slot 8
[18:01:05.478] [SEVERE ] player 1 placing token on slot 11
[18:01:06.474] [SEVERE ] updating countdown to 12997
[18:01:06.476] [SEVERE ] setting player 4 freeze to 0
[18:01:06.478] [SEVERE ] setting player 4 freeze to 0
[18:01:06.478] [SEVERE ] setting player 4 freeze to 0
[18:01:06.478] [SEVERE ] setting player 4 freeze to 0
[18:01:06.479] [SEVERE ] removing player 4 token from slot 2
[18:01:06.485] [SEVERE ] player 4 placing token on slot 1
[18:01:07.475] [SEVERE ] updating countdown to 11996
[18:01:07.475] [SEVERE ] setting player 3 freeze to 0
[18:01:07.477] [SEVERE ] setting player 3 freeze to 0
[18:01:07.478] [SEVERE ] setting player 3 freeze to 0
[18:01:07.478] [SEVERE ] setting player 3 freeze to 0
[18:01:07.480] [SEVERE ] removing player 3 token from slot 7
[18:01:07.480] [SEVERE ] player 3 placing token on slot 10
[18:01:08.475] [SEVERE ] updating countdown to 10996
[18:01:08.475] [SEVERE ] setting player 2 freeze to 0
[18:01:08.477] [SEVERE ] setting player 2 freeze to 0
[18:01:08.478] [SEVERE ] setting player 2 freeze to 0
[18:01:08.478] [SEVERE ] setting player 2 freeze to 0
[18:01:08.479] [SEVERE ] removing player 2 token from slot 1
[18:01:08.479] [SEVERE ] player 2 placing token on slot 3
[18:01:09.476] [SEVERE ] setting player 1 freeze to 0
[18:01:09.476] [SEVERE ] setting player 1 freeze to 0
[18:01:09.476] [SEVERE ] setting player 1 freeze to 0
[18:01:09.477] [SEVERE ] setting player 1 freeze to 0
[18:01:09.476] [SEVERE ] updating countdown to 9995
[18:01:09.477] [SEVERE ] removing player 1 token from slot 4
[18:01:09.478] [SEVERE ] player 1 placing token on slot 9
[18:01:10.478] [SEVERE ] setting player 4 freeze to 0
[18:01:10.478] [SEVERE ] setting player 4 freeze to 0
[18:01:10.479] [SEVERE ] setting player 4 freeze to 0
[18:01:10.478] [SEVERE ] updating countdown to 8993
[18:01:10.479] [SEVERE ] setting player 4 freeze to 0
[18:01:10.480] [SEVERE ] removing player 4 token from slot 3
[18:01:10.480] [SEVERE ] removing player 4 token from slot 1
[18:01:10.480] [SEVERE ] player 4 placing token on slot 2
[18:01:10.480] [SEVERE ] player 4 placing token on slot 1
[18:01:11.480] [SEVERE ] updating countdown to 7991
[18:01:11.480] [SEVERE ] setting player 3 freeze to 0
[18:01:11.485] [SEVERE ] setting player 3 freeze to 0
[18:01:11.486] [SEVERE ] setting player 3 freeze to 0
[18:01:11.486] [SEVERE ] setting player 3 freeze to 0
[18:01:11.487] [SEVERE ] removing player 3 token from slot 8
[18:01:11.488] [SEVERE ] removing player 3 token from slot 9
[18:01:11.488] [SEVERE ] player 3 placing token on slot 1
[18:01:11.488] [SEVERE ] player 3 placing token on slot 5
[18:01:12.480] [SEVERE ] updating countdown to 6991
[18:01:12.480] [SEVERE ] setting player 2 freeze to 0
[18:01:12.482] [SEVERE ] setting player 2 freeze to 0
[18:01:12.482] [SEVERE ] setting player 2 freeze to 0
[18:01:12.482] [SEVERE ] setting player 2 freeze to 0
[18:01:12.482] [SEVERE ] removing player 2 token from slot 11
[18:01:12.482] [SEVERE ] player 2 placing token on slot 1
[18:01:13.481] [SEVERE ] updating countdown to 5990
[18:01:13.481] [SEVERE ] setting player 1 freeze to 0
[18:01:13.482] [SEVERE ] setting player 1 freeze to 0
[18:01:13.482] [SEVERE ] setting player 1 freeze to 0
[18:01:13.483] [SEVERE ] setting player 1 freeze to 0
[18:01:13.483] [SEVERE ] removing player 1 token from slot 1
[18:01:13.484] [SEVERE ] player 1 placing token on slot 8
[18:01:14.481] [SEVERE ] setting player 4 freeze to 0
[18:01:14.481] [SEVERE ] setting player 4 freeze to 0
[18:01:14.481] [SEVERE ] setting player 4 freeze to 0
[18:01:14.482] [SEVERE ] setting player 4 freeze to 0
[18:01:14.482] [SEVERE ] removing player 4 token from slot 4
[18:01:14.482] [SEVERE ] player 4 placing token on slot 7
[18:01:14.492] [SEVERE ] updating countdown to 15000
[18:01:14.493] [SEVERE ] removing player 3 token from slot 1
[18:01:14.492] [SEVERE ] removing player 3 token from slot 10
[18:01:14.495] [SEVERE ] removing player 3 token from slot 10
[18:01:14.496] [SEVERE ] removing player 3 token from slot 10
[18:01:14.496] [SEVERE ] setting player 3 score to 1
[18:01:14.496] [SEVERE ] setting player 3 freeze to 0
[18:01:14.497] [SEVERE ] setting player 3 freeze to 0
[18:01:14.498] [SEVERE ] removing player 3 token from slot 1
[18:01:14.498] [SEVERE ] player 3 placing token on slot 8
[18:01:14.593] [SEVERE ] removing card from slot 1
[18:01:14.593] [SEVERE ] removing player 3 token from slot 5
[18:01:14.694] [SEVERE ] removing card from slot 5
[18:01:14.694] [SEVERE ] removing player 3 token from slot 8
[18:01:14.795] [SEVERE ] removing card from slot 8
[18:01:14.795] [SEVERE ] removing player 3 token from slot 10
[18:01:14.896] [SEVERE ] removing card from slot 10
[18:01:14.896] [SEVERE ] removing player 2 token from slot 1
[18:01:14.896] [SEVERE ] removing player 4 token from slot 1
[18:01:14.896] [SEVERE ] removing player 3 token from slot 5
[18:01:14.896] [SEVERE ] removing player 1 token from slot 8
[18:01:14.896] [SEVERE ] removing player 3 token from slot 8
[18:01:14.897] [INFO   ] thread dealer terminated.
[18:01:19.897] [SEVERE ] thanks for playing... it was fun!
[18:01:19.897] [INFO   ] thread main terminated.
[18:01:19.898] [SEVERE ] disposing of user interface elements
