[14:44:07.631] [INFO   ] thread main starting.
[14:44:07.638] [SEVERE ] cannot read configuration file config.properties trying from resources.
[14:44:07.639] [SEVERE ] configuration file was loaded from resources directory.
[14:44:08.055] [INFO   ] thread dealer starting.
[14:44:08.056] [INFO   ] Thread dealer starting.
[14:44:08.163] [SEVERE ] placing card 5 in slot 0
[14:44:08.264] [SEVERE ] placing card 40 in slot 1
[14:44:08.365] [SEVERE ] placing card 26 in slot 2
[14:44:08.466] [SEVERE ] placing card 49 in slot 3
[14:44:08.566] [SEVERE ] placing card 45 in slot 4
[14:44:08.667] [SEVERE ] placing card 77 in slot 5
[14:44:08.768] [SEVERE ] placing card 10 in slot 6
[14:44:08.869] [SEVERE ] placing card 76 in slot 7
[14:44:08.971] [SEVERE ] placing card 21 in slot 8
[14:44:09.072] [SEVERE ] placing card 69 in slot 9
[14:44:09.173] [SEVERE ] placing card 18 in slot 10
[14:44:09.275] [SEVERE ] placing card 8 in slot 11
[14:44:09.276] [INFO   ] Thread Thread-1starting.
[14:44:09.277] [INFO   ] Thread Thread-3starting.
[14:44:09.276] [INFO   ] Thread Thread-2starting.
[14:44:09.278] [INFO   ] Thread computer-0 starting.
[14:44:09.277] [SEVERE ] updating countdown to 5000
[14:44:09.277] [INFO   ] Thread Thread-4starting.
[14:44:09.279] [SEVERE ] player 1 placing token on slot 2
[14:44:09.279] [INFO   ] Thread computer-1 starting.
[14:44:09.278] [INFO   ] Thread computer-2 starting.
[14:44:09.281] [SEVERE ] player 2 placing token on slot 3
[14:44:09.282] [SEVERE ] player 3 placing token on slot 3
[14:44:09.283] [SEVERE ] player 1 placing token on slot 3
[14:44:09.283] [SEVERE ] player 3 placing token on slot 8
[14:44:09.284] [SEVERE ] removing player 2 token from slot 3
[14:44:09.284] [SEVERE ] player 3 placing token on slot 10
[14:44:09.285] [SEVERE ] player 1 placing token on slot 11
[14:44:09.286] [SEVERE ] player 2 placing token on slot 2
[14:44:09.286] [SEVERE ] player 2 placing token on slot 8
[14:44:09.286] [INFO   ] Thread computer-3 starting.
[14:44:09.287] [SEVERE ] player 2 placing token on slot 10
[14:44:09.288] [SEVERE ] player 4 placing token on slot 2
[14:44:09.289] [SEVERE ] player 4 placing token on slot 5
[14:44:09.290] [SEVERE ] player 4 placing token on slot 9
[14:44:09.291] [SEVERE ] setting player 3 freeze to 0
[14:44:09.292] [SEVERE ] setting player 3 freeze to 0
[14:44:09.292] [SEVERE ] setting player 3 freeze to 0
[14:44:09.293] [SEVERE ] setting player 3 freeze to 0
[14:44:09.305] [SEVERE ] setting player 1 freeze to 0
[14:44:09.306] [SEVERE ] setting player 1 freeze to 0
[14:44:09.306] [SEVERE ] setting player 1 freeze to 0
[14:44:09.307] [SEVERE ] setting player 1 freeze to 0
[14:44:09.316] [SEVERE ] setting player 2 freeze to 0
[14:44:09.316] [SEVERE ] setting player 2 freeze to 0
[14:44:09.316] [SEVERE ] setting player 2 freeze to 0
[14:44:09.317] [SEVERE ] setting player 2 freeze to 0
[14:44:09.326] [SEVERE ] setting player 4 freeze to 0
[14:44:09.326] [SEVERE ] setting player 4 freeze to 0
[14:44:09.327] [SEVERE ] setting player 4 freeze to 0
[14:44:09.327] [SEVERE ] setting player 4 freeze to 0
[14:44:14.277] [SEVERE ] updating countdown to 5000
[14:44:14.278] [SEVERE ] updating countdown to 5000
[14:44:14.378] [SEVERE ] removing card from slot 0
[14:44:14.478] [SEVERE ] removing card from slot 1
[14:44:14.579] [SEVERE ] removing card from slot 2
[14:44:14.679] [SEVERE ] removing card from slot 3
[14:44:14.779] [SEVERE ] removing card from slot 4
[14:44:14.879] [SEVERE ] removing card from slot 5
[14:44:14.980] [SEVERE ] removing card from slot 6
[14:44:15.080] [SEVERE ] removing card from slot 7
[14:44:15.181] [SEVERE ] removing card from slot 8
[14:44:15.281] [SEVERE ] removing card from slot 9
[14:44:15.381] [SEVERE ] removing card from slot 10
[14:44:15.481] [SEVERE ] removing card from slot 11
[14:44:15.482] [SEVERE ] removing all tokens
[14:44:15.582] [SEVERE ] placing card 16 in slot 0
[14:44:15.683] [SEVERE ] placing card 57 in slot 1
[14:44:15.783] [SEVERE ] placing card 37 in slot 2
[14:44:15.883] [SEVERE ] placing card 6 in slot 3
[14:44:15.984] [SEVERE ] placing card 58 in slot 4
[14:44:16.084] [SEVERE ] placing card 27 in slot 5
[14:44:16.184] [SEVERE ] placing card 0 in slot 6
[14:44:16.285] [SEVERE ] placing card 71 in slot 7
[14:44:16.385] [SEVERE ] placing card 51 in slot 8
[14:44:16.485] [SEVERE ] placing card 25 in slot 9
[14:44:16.586] [SEVERE ] placing card 38 in slot 10
[14:44:16.686] [SEVERE ] placing card 62 in slot 11
[14:44:16.686] [INFO   ] Thread Thread-5starting.
[14:44:16.687] [INFO   ] Thread Thread-8starting.
[14:44:16.687] [INFO   ] Thread Thread-7starting.
[14:44:16.687] [SEVERE ] updating countdown to 5000
[14:44:16.686] [INFO   ] Thread Thread-6starting.
[14:44:16.693] [INFO   ] Thread computer-3 starting.
[14:44:16.692] [INFO   ] Thread computer-0 starting.
[14:44:16.693] [INFO   ] Thread computer-2 starting.
[14:44:16.694] [INFO   ] Thread computer-1 starting.
