[21:57:56.132] [INFO   ] thread main starting.
[21:57:56.138] [SEVERE ] cannot read configuration file config.properties trying from resources.
[21:57:56.139] [SEVERE ] configuration file was loaded from resources directory.
[21:57:56.764] [INFO   ] thread dealer starting.
[21:57:56.778] [INFO   ] Thread dealer starting.
[21:57:56.883] [SEVERE ] placing card 71 in slot 0
[21:57:56.985] [SEVERE ] placing card 44 in slot 1
[21:57:57.086] [SEVERE ] placing card 20 in slot 2
[21:57:57.186] [SEVERE ] placing card 18 in slot 3
[21:57:57.288] [SEVERE ] placing card 51 in slot 4
[21:57:57.389] [SEVERE ] placing card 63 in slot 5
[21:57:57.490] [SEVERE ] placing card 9 in slot 6
[21:57:57.591] [SEVERE ] placing card 13 in slot 7
[21:57:57.692] [SEVERE ] placing card 64 in slot 8
[21:57:57.793] [SEVERE ] placing card 16 in slot 9
[21:57:57.894] [SEVERE ] placing card 29 in slot 10
[21:57:57.995] [SEVERE ] placing card 21 in slot 11
[21:57:57.997] [INFO   ] Thread Thread-1starting.
[21:57:57.997] [INFO   ] Thread Thread-3starting.
[21:57:57.997] [INFO   ] Thread Thread-2starting.
[21:57:57.999] [SEVERE ] updating countdown to 5000
[21:57:58.000] [INFO   ] Thread Thread-4starting.
[21:57:58.004] [INFO   ] Thread computer-1 starting.
[21:57:58.004] [SEVERE ] player 2 placing token on slot 10
[21:57:58.000] [INFO   ] Thread computer-2 starting.
[21:57:58.005] [SEVERE ] player 3 placing token on slot 3
[21:57:58.009] [SEVERE ] player 3 placing token on slot 2
[21:57:58.005] [SEVERE ] player 2 placing token on slot 11
[21:57:58.010] [SEVERE ] player 2 placing token on slot 7
[21:57:58.004] [INFO   ] Thread computer-0 starting.
[21:57:58.009] [SEVERE ] player 3 placing token on slot 5
[21:57:58.005] [INFO   ] Thread computer-3 starting.
[21:57:58.012] [SEVERE ] player 4 placing token on slot 9
[21:57:58.014] [SEVERE ] player 4 placing token on slot 11
[21:57:58.016] [SEVERE ] player 4 placing token on slot 8
[21:57:58.010] [SEVERE ] player 1 placing token on slot 10
[21:57:58.018] [SEVERE ] player 1 placing token on slot 7
[21:57:58.018] [SEVERE ] player 1 placing token on slot 5
[21:57:58.012] [SEVERE ] setting player 2 freeze to 0
[21:57:58.019] [SEVERE ] setting player 2 freeze to 0
[21:57:58.019] [SEVERE ] setting player 2 freeze to 0
[21:57:58.020] [SEVERE ] setting player 2 freeze to 0
[21:57:58.020] [SEVERE ] removing player 2 token from slot 11
[21:57:58.021] [SEVERE ] player 2 placing token on slot 2
[21:57:58.023] [SEVERE ] setting player 3 freeze to 0
[21:57:58.023] [SEVERE ] setting player 3 freeze to 0
[21:57:58.024] [SEVERE ] setting player 3 freeze to 0
[21:57:58.024] [SEVERE ] setting player 3 freeze to 0
[21:57:58.025] [SEVERE ] removing player 3 token from slot 5
[21:57:58.025] [SEVERE ] player 3 placing token on slot 8
[21:57:58.033] [SEVERE ] setting player 4 freeze to 0
[21:57:58.034] [SEVERE ] setting player 4 freeze to 0
[21:57:58.035] [SEVERE ] setting player 4 freeze to 0
[21:57:58.035] [SEVERE ] setting player 4 freeze to 0
[21:57:58.035] [SEVERE ] removing player 4 token from slot 8
[21:57:58.036] [SEVERE ] player 4 placing token on slot 3
[21:57:58.044] [SEVERE ] setting player 1 freeze to 0
[21:57:58.044] [SEVERE ] setting player 1 freeze to 0
[21:57:58.044] [SEVERE ] setting player 1 freeze to 0
[21:57:58.045] [SEVERE ] setting player 1 freeze to 0
[21:57:58.046] [SEVERE ] removing player 1 token from slot 10
[21:57:58.046] [SEVERE ] player 1 placing token on slot 2
[21:57:58.054] [SEVERE ] setting player 2 freeze to 0
[21:57:58.054] [SEVERE ] setting player 2 freeze to 0
[21:57:58.055] [SEVERE ] setting player 2 freeze to 0
[21:57:58.055] [SEVERE ] setting player 2 freeze to 0
[21:57:58.056] [SEVERE ] removing player 2 token from slot 2
[21:57:58.056] [SEVERE ] player 2 placing token on slot 1
[21:57:58.064] [SEVERE ] setting player 3 freeze to 0
[21:57:58.064] [SEVERE ] setting player 3 freeze to 0
[21:57:58.065] [SEVERE ] setting player 3 freeze to 0
[21:57:58.065] [SEVERE ] setting player 3 freeze to 0
[21:57:58.066] [SEVERE ] removing player 3 token from slot 3
[21:57:58.066] [SEVERE ] player 3 placing token on slot 9
[21:57:58.074] [SEVERE ] setting player 4 freeze to 0
[21:57:58.075] [SEVERE ] setting player 4 freeze to 0
[21:57:58.076] [SEVERE ] setting player 4 freeze to 0
[21:57:58.076] [SEVERE ] setting player 4 freeze to 0
[21:57:58.076] [SEVERE ] removing player 4 token from slot 3
[21:57:58.077] [SEVERE ] player 4 placing token on slot 1
[21:57:58.085] [SEVERE ] setting player 1 freeze to 0
[21:57:58.085] [SEVERE ] setting player 1 freeze to 0
[21:57:58.086] [SEVERE ] setting player 1 freeze to 0
[21:57:58.086] [SEVERE ] setting player 1 freeze to 0
[21:57:58.087] [SEVERE ] removing player 1 token from slot 5
[21:57:58.087] [SEVERE ] player 1 placing token on slot 4
[21:57:58.095] [SEVERE ] setting player 2 freeze to 0
[21:57:58.095] [SEVERE ] setting player 2 freeze to 0
[21:57:58.096] [SEVERE ] setting player 2 freeze to 0
[21:57:58.096] [SEVERE ] setting player 2 freeze to 0
[21:57:58.097] [SEVERE ] removing player 2 token from slot 10
[21:57:58.097] [SEVERE ] player 2 placing token on slot 10
[21:57:58.106] [SEVERE ] setting player 3 freeze to 0
[21:57:58.106] [SEVERE ] setting player 3 freeze to 0
[21:57:58.106] [SEVERE ] setting player 3 freeze to 0
[21:57:58.107] [SEVERE ] setting player 3 freeze to 0
[21:57:58.107] [SEVERE ] removing player 3 token from slot 9
[21:57:58.108] [SEVERE ] player 3 placing token on slot 5
[21:57:58.116] [SEVERE ] setting player 4 freeze to 0
[21:57:58.116] [SEVERE ] setting player 4 freeze to 0
[21:57:58.117] [SEVERE ] setting player 4 freeze to 0
[21:57:58.117] [SEVERE ] setting player 4 freeze to 0
[21:57:58.117] [SEVERE ] removing player 4 token from slot 1
[21:57:58.118] [SEVERE ] player 4 placing token on slot 1
[21:57:58.126] [SEVERE ] setting player 1 freeze to 0
[21:57:58.126] [SEVERE ] setting player 1 freeze to 0
[21:57:58.127] [SEVERE ] setting player 1 freeze to 0
[21:57:58.127] [SEVERE ] setting player 1 freeze to 0
[21:57:58.128] [SEVERE ] removing player 1 token from slot 7
[21:57:58.129] [SEVERE ] player 1 placing token on slot 3
[21:57:58.137] [SEVERE ] setting player 2 freeze to 0
[21:57:58.137] [SEVERE ] setting player 2 freeze to 0
[21:57:58.138] [SEVERE ] setting player 2 freeze to 0
[21:57:58.138] [SEVERE ] setting player 2 freeze to 0
[21:57:58.138] [SEVERE ] removing player 2 token from slot 7
[21:57:58.139] [SEVERE ] player 2 placing token on slot 2
[21:57:58.147] [SEVERE ] setting player 3 freeze to 0
[21:57:58.147] [SEVERE ] setting player 3 freeze to 0
[21:57:58.148] [SEVERE ] setting player 3 freeze to 0
[21:57:58.148] [SEVERE ] setting player 3 freeze to 0
[21:57:58.149] [SEVERE ] removing player 3 token from slot 5
[21:57:58.149] [SEVERE ] player 3 placing token on slot 7
[21:57:58.157] [SEVERE ] setting player 4 freeze to 0
[21:57:58.158] [SEVERE ] setting player 4 freeze to 0
[21:57:58.158] [SEVERE ] setting player 4 freeze to 0
[21:57:58.159] [SEVERE ] setting player 4 freeze to 0
[21:57:58.159] [SEVERE ] removing player 4 token from slot 11
[21:57:58.159] [SEVERE ] player 4 placing token on slot 10
[21:57:58.168] [SEVERE ] setting player 1 freeze to 0
[21:57:58.168] [SEVERE ] setting player 1 freeze to 0
[21:57:58.168] [SEVERE ] setting player 1 freeze to 0
[21:57:58.170] [SEVERE ] setting player 1 freeze to 0
[21:57:58.170] [SEVERE ] removing player 1 token from slot 4
[21:57:58.170] [SEVERE ] player 1 placing token on slot 11
[21:57:58.178] [SEVERE ] setting player 2 freeze to 0
[21:57:58.179] [SEVERE ] setting player 2 freeze to 0
[21:57:58.179] [SEVERE ] setting player 2 freeze to 0
[21:57:58.179] [SEVERE ] setting player 2 freeze to 0
[21:57:58.180] [SEVERE ] removing player 2 token from slot 2
[21:57:58.180] [SEVERE ] player 2 placing token on slot 4
[21:57:58.188] [SEVERE ] setting player 3 freeze to 0
[21:57:58.188] [SEVERE ] setting player 3 freeze to 0
[21:57:58.189] [SEVERE ] setting player 3 freeze to 0
[21:57:58.189] [SEVERE ] setting player 3 freeze to 0
[21:57:58.190] [SEVERE ] removing player 3 token from slot 7
[21:57:58.190] [SEVERE ] player 3 placing token on slot 5
[21:57:58.199] [SEVERE ] setting player 4 freeze to 0
[21:57:58.199] [SEVERE ] setting player 4 freeze to 0
[21:57:58.199] [SEVERE ] setting player 4 freeze to 0
[21:57:58.200] [SEVERE ] setting player 4 freeze to 0
[21:57:58.200] [SEVERE ] removing player 4 token from slot 10
[21:57:58.201] [SEVERE ] removing player 4 token from slot 9
[21:57:58.201] [SEVERE ] player 4 placing token on slot 7
[21:57:58.202] [SEVERE ] player 4 placing token on slot 10
[21:57:58.209] [SEVERE ] setting player 1 freeze to 0
[21:57:58.209] [SEVERE ] setting player 1 freeze to 0
[21:57:58.209] [SEVERE ] setting player 1 freeze to 0
[21:57:58.211] [SEVERE ] setting player 1 freeze to 0
[21:57:58.211] [SEVERE ] removing player 1 token from slot 11
[21:57:58.211] [SEVERE ] player 1 placing token on slot 5
[21:57:58.219] [SEVERE ] setting player 2 freeze to 0
[21:57:58.219] [SEVERE ] setting player 2 freeze to 0
[21:57:58.220] [SEVERE ] setting player 2 freeze to 0
[21:57:58.220] [SEVERE ] setting player 2 freeze to 0
[21:57:58.220] [SEVERE ] removing player 2 token from slot 10
[21:57:58.221] [SEVERE ] player 2 placing token on slot 11
[21:57:58.229] [SEVERE ] setting player 3 freeze to 0
[21:57:58.229] [SEVERE ] setting player 3 freeze to 0
[21:57:58.230] [SEVERE ] setting player 3 freeze to 0
[21:57:58.231] [SEVERE ] setting player 3 freeze to 0
[21:57:58.231] [SEVERE ] removing player 3 token from slot 2
[21:57:58.232] [SEVERE ] player 3 placing token on slot 3
[21:57:58.240] [SEVERE ] setting player 4 freeze to 0
[21:57:58.240] [SEVERE ] setting player 4 freeze to 0
[21:57:58.240] [SEVERE ] setting player 4 freeze to 0
[21:57:58.241] [SEVERE ] setting player 4 freeze to 0
[21:57:58.241] [SEVERE ] removing player 4 token from slot 1
[21:57:58.242] [SEVERE ] player 4 placing token on slot 8
[21:57:58.250] [SEVERE ] setting player 1 freeze to 0
[21:57:58.250] [SEVERE ] setting player 1 freeze to 0
[21:57:58.251] [SEVERE ] setting player 1 freeze to 0
[21:57:58.251] [SEVERE ] setting player 1 freeze to 0
[21:57:58.252] [SEVERE ] removing player 1 token from slot 5
[21:57:58.252] [SEVERE ] player 1 placing token on slot 11
[21:57:58.260] [SEVERE ] setting player 2 freeze to 0
[21:57:58.260] [SEVERE ] setting player 2 freeze to 0
[21:57:58.261] [SEVERE ] setting player 2 freeze to 0
[21:57:58.261] [SEVERE ] setting player 2 freeze to 0
[21:57:58.262] [SEVERE ] removing player 2 token from slot 11
[21:57:58.262] [SEVERE ] player 2 placing token on slot 6
[21:57:58.271] [SEVERE ] setting player 3 freeze to 0
[21:57:58.271] [SEVERE ] setting player 3 freeze to 0
[21:57:58.271] [SEVERE ] setting player 3 freeze to 0
[21:57:58.272] [SEVERE ] setting player 3 freeze to 0
[21:57:58.272] [SEVERE ] removing player 3 token from slot 5
[21:57:58.273] [SEVERE ] player 3 placing token on slot 4
[21:57:58.281] [SEVERE ] setting player 4 freeze to 0
[21:57:58.281] [SEVERE ] setting player 4 freeze to 0
[21:57:58.282] [SEVERE ] setting player 4 freeze to 0
[21:57:58.282] [SEVERE ] setting player 4 freeze to 0
[21:57:58.283] [SEVERE ] removing player 4 token from slot 8
[21:57:58.283] [SEVERE ] player 4 placing token on slot 2
[21:57:58.291] [SEVERE ] setting player 1 freeze to 0
[21:57:58.291] [SEVERE ] setting player 1 freeze to 0
[21:57:58.292] [SEVERE ] setting player 1 freeze to 0
[21:57:58.292] [SEVERE ] setting player 1 freeze to 0
[21:57:58.293] [SEVERE ] removing player 1 token from slot 11
[21:57:58.293] [SEVERE ] player 1 placing token on slot 10
[21:57:58.302] [SEVERE ] setting player 2 freeze to 0
[21:57:58.302] [SEVERE ] setting player 2 freeze to 0
[21:57:58.302] [SEVERE ] setting player 2 freeze to 0
[21:57:58.303] [SEVERE ] setting player 2 freeze to 0
[21:57:58.303] [SEVERE ] removing player 2 token from slot 6
[21:57:58.304] [SEVERE ] player 2 placing token on slot 2
[21:57:58.312] [SEVERE ] setting player 3 freeze to 0
[21:57:58.312] [SEVERE ] setting player 3 freeze to 0
[21:57:58.312] [SEVERE ] setting player 3 freeze to 0
[21:57:58.313] [SEVERE ] setting player 3 freeze to 0
[21:57:58.313] [SEVERE ] removing player 3 token from slot 4
[21:57:58.314] [SEVERE ] player 3 placing token on slot 1
[21:57:58.322] [SEVERE ] setting player 4 freeze to 0
[21:57:58.322] [SEVERE ] setting player 4 freeze to 0
[21:57:58.323] [SEVERE ] setting player 4 freeze to 0
[21:57:58.323] [SEVERE ] setting player 4 freeze to 0
[21:57:58.324] [SEVERE ] removing player 4 token from slot 2
[21:57:58.324] [SEVERE ] removing player 4 token from slot 7
[21:57:58.325] [SEVERE ] player 4 placing token on slot 8
[21:57:58.325] [SEVERE ] player 4 placing token on slot 2
[21:57:58.332] [SEVERE ] setting player 1 freeze to 0
[21:57:58.332] [SEVERE ] setting player 1 freeze to 0
[21:57:58.333] [SEVERE ] setting player 1 freeze to 0
[21:57:58.333] [SEVERE ] setting player 1 freeze to 0
[21:57:58.334] [SEVERE ] removing player 1 token from slot 3
[21:57:58.334] [SEVERE ] player 1 placing token on slot 1
[21:57:58.342] [SEVERE ] setting player 2 freeze to 0
[21:57:58.343] [SEVERE ] setting player 2 freeze to 0
[21:57:58.343] [SEVERE ] setting player 2 freeze to 0
[21:57:58.344] [SEVERE ] setting player 2 freeze to 0
[21:57:58.344] [SEVERE ] removing player 2 token from slot 1
[21:57:58.344] [SEVERE ] player 2 placing token on slot 3
[21:57:58.353] [SEVERE ] setting player 3 freeze to 0
[21:57:58.353] [SEVERE ] setting player 3 freeze to 0
[21:57:58.353] [SEVERE ] setting player 3 freeze to 0
[21:57:58.353] [SEVERE ] setting player 3 freeze to 0
[21:57:58.353] [SEVERE ] removing player 3 token from slot 1
[21:57:58.353] [SEVERE ] player 3 placing token on slot 6
[21:57:58.363] [SEVERE ] setting player 4 freeze to 0
[21:57:58.364] [SEVERE ] setting player 4 freeze to 0
[21:57:58.364] [SEVERE ] setting player 4 freeze to 0
[21:57:58.365] [SEVERE ] setting player 4 freeze to 0
[21:57:58.365] [SEVERE ] removing player 4 token from slot 10
[21:57:58.366] [SEVERE ] player 4 placing token on slot 6
[21:57:58.373] [SEVERE ] setting player 1 freeze to 0
[21:57:58.374] [SEVERE ] setting player 1 freeze to 0
[21:57:58.374] [SEVERE ] setting player 1 freeze to 0
[21:57:58.375] [SEVERE ] setting player 1 freeze to 0
[21:57:58.375] [SEVERE ] removing player 1 token from slot 1
[21:57:58.376] [SEVERE ] player 1 placing token on slot 1
[21:57:58.384] [SEVERE ] setting player 2 freeze to 0
[21:57:58.384] [SEVERE ] setting player 2 freeze to 0
[21:57:58.384] [SEVERE ] setting player 2 freeze to 0
[21:57:58.385] [SEVERE ] setting player 2 freeze to 0
[21:57:58.385] [SEVERE ] removing player 2 token from slot 3
[21:57:58.386] [SEVERE ] player 2 placing token on slot 1
[21:57:58.394] [SEVERE ] setting player 3 freeze to 0
[21:57:58.394] [SEVERE ] setting player 3 freeze to 0
[21:57:58.394] [SEVERE ] setting player 3 freeze to 0
[21:57:58.395] [SEVERE ] setting player 3 freeze to 0
[21:57:58.395] [SEVERE ] removing player 3 token from slot 3
[21:57:58.396] [SEVERE ] player 3 placing token on slot 10
[21:57:58.404] [SEVERE ] setting player 4 freeze to 0
[21:57:58.404] [SEVERE ] setting player 4 freeze to 0
[21:57:58.405] [SEVERE ] setting player 4 freeze to 0
[21:57:58.405] [SEVERE ] setting player 4 freeze to 0
[21:57:58.405] [SEVERE ] removing player 4 token from slot 2
[21:57:58.406] [SEVERE ] player 4 placing token on slot 5
[21:57:58.414] [SEVERE ] setting player 1 freeze to 0
[21:57:58.415] [SEVERE ] setting player 1 freeze to 0
[21:57:58.415] [SEVERE ] setting player 1 freeze to 0
[21:57:58.416] [SEVERE ] setting player 1 freeze to 0
[21:57:58.416] [SEVERE ] removing player 1 token from slot 1
[21:57:58.417] [SEVERE ] player 1 placing token on slot 4
[21:57:58.425] [SEVERE ] setting player 2 freeze to 0
[21:57:58.425] [SEVERE ] setting player 2 freeze to 0
[21:57:58.425] [SEVERE ] setting player 2 freeze to 0
[21:57:58.426] [SEVERE ] setting player 2 freeze to 0
[21:57:58.426] [SEVERE ] removing player 2 token from slot 4
[21:57:58.426] [SEVERE ] player 2 placing token on slot 7
[21:57:58.435] [SEVERE ] setting player 3 freeze to 0
[21:57:58.435] [SEVERE ] setting player 3 freeze to 0
[21:57:58.435] [SEVERE ] setting player 3 freeze to 0
[21:57:58.436] [SEVERE ] setting player 3 freeze to 0
[21:57:58.436] [SEVERE ] removing player 3 token from slot 10
[21:57:58.437] [SEVERE ] player 3 placing token on slot 3
[21:57:58.445] [SEVERE ] setting player 4 freeze to 0
[21:57:58.445] [SEVERE ] setting player 4 freeze to 0
[21:57:58.446] [SEVERE ] setting player 4 freeze to 0
[21:57:58.446] [SEVERE ] setting player 4 freeze to 0
[21:57:58.446] [SEVERE ] removing player 4 token from slot 8
[21:57:58.447] [SEVERE ] player 4 placing token on slot 9
[21:57:58.455] [SEVERE ] setting player 1 freeze to 0
[21:57:58.455] [SEVERE ] setting player 1 freeze to 0
[21:57:58.456] [SEVERE ] setting player 1 freeze to 0
[21:57:58.456] [SEVERE ] setting player 1 freeze to 0
[21:57:58.457] [SEVERE ] removing player 1 token from slot 2
[21:57:58.457] [SEVERE ] player 1 placing token on slot 9
[21:57:58.465] [SEVERE ] setting player 2 freeze to 0
[21:57:58.466] [SEVERE ] setting player 2 freeze to 0
[21:57:58.466] [SEVERE ] setting player 2 freeze to 0
[21:57:58.467] [SEVERE ] setting player 2 freeze to 0
[21:57:58.467] [SEVERE ] removing player 2 token from slot 7
[21:57:58.467] [SEVERE ] player 2 placing token on slot 3
[21:57:58.476] [SEVERE ] setting player 3 freeze to 0
[21:57:58.476] [SEVERE ] setting player 3 freeze to 0
[21:57:58.476] [SEVERE ] setting player 3 freeze to 0
[21:57:58.477] [SEVERE ] setting player 3 freeze to 0
[21:57:58.477] [SEVERE ] removing player 3 token from slot 6
[21:57:58.478] [SEVERE ] player 3 placing token on slot 4
[21:57:58.486] [SEVERE ] setting player 4 freeze to 0
[21:57:58.486] [SEVERE ] setting player 4 freeze to 0
[21:57:58.487] [SEVERE ] setting player 4 freeze to 0
[21:57:58.487] [SEVERE ] setting player 4 freeze to 0
[21:57:58.487] [SEVERE ] removing player 4 token from slot 6
[21:57:58.488] [SEVERE ] player 4 placing token on slot 11
[21:57:58.496] [SEVERE ] setting player 1 freeze to 0
[21:57:58.496] [SEVERE ] setting player 1 freeze to 0
[21:57:58.497] [SEVERE ] setting player 1 freeze to 0
[21:57:58.497] [SEVERE ] setting player 1 freeze to 0
[21:57:58.498] [SEVERE ] removing player 1 token from slot 9
[21:57:58.498] [SEVERE ] player 1 placing token on slot 11
[21:57:58.507] [SEVERE ] setting player 2 freeze to 0
[21:57:58.507] [SEVERE ] setting player 2 freeze to 0
[21:57:58.507] [SEVERE ] setting player 2 freeze to 0
[21:57:58.508] [SEVERE ] setting player 2 freeze to 0
[21:57:58.508] [SEVERE ] removing player 2 token from slot 3
[21:57:58.509] [SEVERE ] player 2 placing token on slot 4
[21:57:58.517] [SEVERE ] setting player 3 freeze to 0
[21:57:58.517] [SEVERE ] setting player 3 freeze to 0
[21:57:58.517] [SEVERE ] setting player 3 freeze to 0
[21:57:58.518] [SEVERE ] setting player 3 freeze to 0
[21:57:58.518] [SEVERE ] removing player 3 token from slot 3
[21:57:58.519] [SEVERE ] player 3 placing token on slot 1
[21:57:58.527] [SEVERE ] setting player 4 freeze to 0
[21:57:58.527] [SEVERE ] setting player 4 freeze to 0
[21:57:58.527] [SEVERE ] setting player 4 freeze to 0
[21:57:58.528] [SEVERE ] setting player 4 freeze to 0
[21:57:58.528] [SEVERE ] removing player 4 token from slot 9
[21:57:58.529] [SEVERE ] player 4 placing token on slot 8
[21:57:58.537] [SEVERE ] setting player 1 freeze to 0
[21:57:58.537] [SEVERE ] setting player 1 freeze to 0
[21:57:58.538] [SEVERE ] setting player 1 freeze to 0
[21:57:58.538] [SEVERE ] setting player 1 freeze to 0
[21:57:58.539] [SEVERE ] removing player 1 token from slot 11
[21:57:58.539] [SEVERE ] player 1 placing token on slot 2
[21:57:58.548] [SEVERE ] setting player 2 freeze to 0
[21:57:58.548] [SEVERE ] setting player 2 freeze to 0
[21:57:58.548] [SEVERE ] setting player 2 freeze to 0
[21:57:58.549] [SEVERE ] setting player 2 freeze to 0
[21:57:58.549] [SEVERE ] removing player 2 token from slot 4
[21:57:58.552] [SEVERE ] removing player 2 token from slot 2
[21:57:58.552] [SEVERE ] player 2 placing token on slot 2
[21:57:58.553] [SEVERE ] removing player 2 token from slot 1
[21:57:58.553] [SEVERE ] player 2 placing token on slot 6
[21:57:58.554] [SEVERE ] player 2 placing token on slot 8
[21:57:58.558] [SEVERE ] setting player 3 freeze to 0
[21:57:58.558] [SEVERE ] setting player 3 freeze to 0
[21:57:58.558] [SEVERE ] setting player 3 freeze to 0
[21:57:58.559] [SEVERE ] setting player 3 freeze to 0
[21:57:58.560] [SEVERE ] removing player 3 token from slot 4
[21:57:58.560] [SEVERE ] removing player 3 token from slot 1
[21:57:58.561] [SEVERE ] removing player 3 token from slot 8
[21:57:58.561] [SEVERE ] player 3 placing token on slot 10
[21:57:58.562] [SEVERE ] player 3 placing token on slot 4
[21:57:58.562] [SEVERE ] player 3 placing token on slot 2
[21:57:58.568] [SEVERE ] setting player 4 freeze to 0
[21:57:58.568] [SEVERE ] setting player 4 freeze to 0
[21:57:58.569] [SEVERE ] setting player 4 freeze to 0
[21:57:58.569] [SEVERE ] setting player 4 freeze to 0
[21:57:58.570] [SEVERE ] removing player 4 token from slot 5
[21:57:58.570] [SEVERE ] player 4 placing token on slot 4
[21:57:58.579] [SEVERE ] setting player 1 freeze to 0
[21:57:58.579] [SEVERE ] setting player 1 freeze to 0
[21:57:58.579] [SEVERE ] setting player 1 freeze to 0
[21:57:58.580] [SEVERE ] setting player 1 freeze to 0
[21:57:58.580] [SEVERE ] removing player 1 token from slot 2
[21:57:58.581] [SEVERE ] removing player 1 token from slot 4
[21:57:58.581] [SEVERE ] removing player 1 token from slot 10
[21:57:58.582] [SEVERE ] player 1 placing token on slot 7
[21:57:58.582] [SEVERE ] removing player 1 token from slot 7
[21:57:58.582] [SEVERE ] player 1 placing token on slot 6
[21:57:58.582] [SEVERE ] player 1 placing token on slot 1
[21:57:58.582] [SEVERE ] player 1 placing token on slot 3
[21:57:58.589] [SEVERE ] setting player 2 freeze to 0
[21:57:58.589] [SEVERE ] setting player 2 freeze to 0
[21:57:58.589] [SEVERE ] setting player 2 freeze to 0
[21:57:58.590] [SEVERE ] setting player 2 freeze to 0
[21:57:58.590] [SEVERE ] removing player 2 token from slot 2
[21:57:58.591] [SEVERE ] player 2 placing token on slot 7
[21:57:58.599] [SEVERE ] setting player 3 freeze to 0
[21:57:58.599] [SEVERE ] setting player 3 freeze to 0
[21:57:58.600] [SEVERE ] setting player 3 freeze to 0
[21:57:58.600] [SEVERE ] setting player 3 freeze to 0
[21:57:58.601] [SEVERE ] removing player 3 token from slot 10
[21:57:58.601] [SEVERE ] player 3 placing token on slot 9
[21:57:58.609] [SEVERE ] setting player 4 freeze to 0
[21:57:58.609] [SEVERE ] setting player 4 freeze to 0
[21:57:58.609] [SEVERE ] setting player 4 freeze to 0
[21:57:58.610] [SEVERE ] setting player 4 freeze to 0
[21:57:58.610] [SEVERE ] removing player 4 token from slot 8
[21:57:58.611] [SEVERE ] removing player 4 token from slot 11
[21:57:58.614] [SEVERE ] player 4 placing token on slot 3
[21:57:58.614] [SEVERE ] player 4 placing token on slot 9
[21:57:58.619] [SEVERE ] setting player 1 freeze to 0
[21:57:58.619] [SEVERE ] setting player 1 freeze to 0
[21:57:58.620] [SEVERE ] setting player 1 freeze to 0
[21:57:58.620] [SEVERE ] setting player 1 freeze to 0
[21:57:58.621] [SEVERE ] removing player 1 token from slot 6
[21:57:58.621] [SEVERE ] player 1 placing token on slot 7
[21:57:58.630] [SEVERE ] setting player 2 freeze to 0
[21:57:58.630] [SEVERE ] setting player 2 freeze to 0
[21:57:58.630] [SEVERE ] setting player 2 freeze to 0
[21:57:58.631] [SEVERE ] setting player 2 freeze to 0
[21:57:58.631] [SEVERE ] removing player 2 token from slot 8
[21:57:58.632] [SEVERE ] player 2 placing token on slot 1
[21:57:58.640] [SEVERE ] setting player 3 freeze to 0
[21:57:58.640] [SEVERE ] setting player 3 freeze to 0
[21:57:58.641] [SEVERE ] setting player 3 freeze to 0
[21:57:58.641] [SEVERE ] setting player 3 freeze to 0
[21:57:58.642] [SEVERE ] removing player 3 token from slot 2
[21:57:58.642] [SEVERE ] player 3 placing token on slot 1
[21:57:58.650] [SEVERE ] setting player 4 freeze to 0
[21:57:58.650] [SEVERE ] setting player 4 freeze to 0
[21:57:58.651] [SEVERE ] setting player 4 freeze to 0
[21:57:58.651] [SEVERE ] setting player 4 freeze to 0
[21:57:58.652] [SEVERE ] removing player 4 token from slot 9
[21:57:58.652] [SEVERE ] player 4 placing token on slot 7
[21:57:58.660] [SEVERE ] setting player 1 freeze to 0
[21:57:58.660] [SEVERE ] setting player 1 freeze to 0
[21:57:58.661] [SEVERE ] setting player 1 freeze to 0
[21:57:58.661] [SEVERE ] setting player 1 freeze to 0
[21:57:58.662] [SEVERE ] removing player 1 token from slot 3
[21:57:58.662] [SEVERE ] player 1 placing token on slot 6
[21:57:58.671] [SEVERE ] setting player 2 freeze to 0
[21:57:58.671] [SEVERE ] setting player 2 freeze to 0
[21:57:58.671] [SEVERE ] setting player 2 freeze to 0
[21:57:58.672] [SEVERE ] setting player 2 freeze to 0
[21:57:58.672] [SEVERE ] removing player 2 token from slot 1
[21:57:58.673] [SEVERE ] player 2 placing token on slot 11
[21:57:58.681] [SEVERE ] setting player 3 freeze to 0
[21:57:58.681] [SEVERE ] setting player 3 freeze to 0
[21:57:58.681] [SEVERE ] setting player 3 freeze to 0
[21:57:58.682] [SEVERE ] setting player 3 freeze to 0
[21:57:58.682] [SEVERE ] removing player 3 token from slot 9
[21:57:58.683] [SEVERE ] player 3 placing token on slot 11
[21:57:58.691] [SEVERE ] setting player 4 freeze to 0
[21:57:58.691] [SEVERE ] setting player 4 freeze to 0
[21:57:58.692] [SEVERE ] setting player 4 freeze to 0
[21:57:58.692] [SEVERE ] setting player 4 freeze to 0
[21:57:58.693] [SEVERE ] removing player 4 token from slot 7
[21:57:58.693] [SEVERE ] player 4 placing token on slot 7
[21:57:58.701] [SEVERE ] setting player 1 freeze to 0
[21:57:58.701] [SEVERE ] setting player 1 freeze to 0
[21:57:58.702] [SEVERE ] setting player 1 freeze to 0
[21:57:58.702] [SEVERE ] setting player 1 freeze to 0
[21:57:58.703] [SEVERE ] removing player 1 token from slot 1
[21:57:58.703] [SEVERE ] player 1 placing token on slot 5
[21:57:58.711] [SEVERE ] setting player 2 freeze to 0
[21:57:58.712] [SEVERE ] setting player 2 freeze to 0
[21:57:58.712] [SEVERE ] setting player 2 freeze to 0
[21:57:58.712] [SEVERE ] setting player 2 freeze to 0
[21:57:58.713] [SEVERE ] removing player 2 token from slot 7
[21:57:58.714] [SEVERE ] player 2 placing token on slot 5
[21:57:58.722] [SEVERE ] setting player 3 freeze to 0
[21:57:58.722] [SEVERE ] setting player 3 freeze to 0
[21:57:58.722] [SEVERE ] setting player 3 freeze to 0
[21:57:58.723] [SEVERE ] setting player 3 freeze to 0
[21:57:58.723] [SEVERE ] removing player 3 token from slot 1
[21:57:58.724] [SEVERE ] player 3 placing token on slot 5
[21:57:58.732] [SEVERE ] setting player 4 freeze to 0
[21:57:58.732] [SEVERE ] setting player 4 freeze to 0
[21:57:58.732] [SEVERE ] setting player 4 freeze to 0
[21:57:58.733] [SEVERE ] setting player 4 freeze to 0
[21:57:58.733] [SEVERE ] removing player 4 token from slot 3
[21:57:58.734] [SEVERE ] removing player 4 token from slot 4
[21:57:58.735] [SEVERE ] player 4 placing token on slot 10
[21:57:58.735] [SEVERE ] player 4 placing token on slot 9
[21:57:58.742] [SEVERE ] setting player 1 freeze to 0
[21:57:58.742] [SEVERE ] setting player 1 freeze to 0
[21:57:58.743] [SEVERE ] setting player 1 freeze to 0
[21:57:58.743] [SEVERE ] setting player 1 freeze to 0
[21:57:58.744] [SEVERE ] removing player 1 token from slot 5
[21:57:58.744] [SEVERE ] player 1 placing token on slot 3
[21:57:58.752] [SEVERE ] setting player 2 freeze to 0
[21:57:58.753] [SEVERE ] setting player 2 freeze to 0
[21:57:58.753] [SEVERE ] setting player 2 freeze to 0
[21:57:58.753] [SEVERE ] setting player 2 freeze to 0
[21:57:58.754] [SEVERE ] removing player 2 token from slot 6
[21:57:58.754] [SEVERE ] player 2 placing token on slot 10
[21:57:58.763] [SEVERE ] setting player 3 freeze to 0
[21:57:58.763] [SEVERE ] setting player 3 freeze to 0
[21:57:58.763] [SEVERE ] setting player 3 freeze to 0
[21:57:58.764] [SEVERE ] setting player 3 freeze to 0
[21:57:58.764] [SEVERE ] removing player 3 token from slot 4
[21:57:58.765] [SEVERE ] player 3 placing token on slot 1
[21:57:58.773] [SEVERE ] setting player 4 freeze to 0
[21:57:58.773] [SEVERE ] setting player 4 freeze to 0
[21:57:58.773] [SEVERE ] setting player 4 freeze to 0
[21:57:58.773] [SEVERE ] setting player 4 freeze to 0
[21:57:58.774] [SEVERE ] removing player 4 token from slot 7
[21:57:58.774] [SEVERE ] player 4 placing token on slot 2
[21:57:58.783] [SEVERE ] setting player 1 freeze to 0
[21:57:58.783] [SEVERE ] setting player 1 freeze to 0
[21:57:58.785] [SEVERE ] setting player 1 freeze to 0
[21:57:58.785] [SEVERE ] setting player 1 freeze to 0
[21:57:58.785] [SEVERE ] removing player 1 token from slot 7
[21:57:58.785] [SEVERE ] removing player 1 token from slot 6
[21:57:58.785] [SEVERE ] player 1 placing token on slot 6
[21:57:58.785] [SEVERE ] player 1 placing token on slot 2
[21:57:58.793] [SEVERE ] setting player 2 freeze to 0
[21:57:58.793] [SEVERE ] setting player 2 freeze to 0
[21:57:58.794] [SEVERE ] setting player 2 freeze to 0
[21:57:58.794] [SEVERE ] setting player 2 freeze to 0
[21:57:58.794] [SEVERE ] removing player 2 token from slot 5
[21:57:58.794] [SEVERE ] player 2 placing token on slot 4
[21:57:58.804] [SEVERE ] setting player 3 freeze to 0
[21:57:58.804] [SEVERE ] setting player 3 freeze to 0
[21:57:58.804] [SEVERE ] setting player 3 freeze to 0
[21:57:58.805] [SEVERE ] setting player 3 freeze to 0
[21:57:58.805] [SEVERE ] removing player 3 token from slot 11
[21:57:58.805] [SEVERE ] player 3 placing token on slot 11
[21:57:58.814] [SEVERE ] setting player 4 freeze to 0
[21:57:58.814] [SEVERE ] setting player 4 freeze to 0
[21:57:58.814] [SEVERE ] setting player 4 freeze to 0
[21:57:58.815] [SEVERE ] setting player 4 freeze to 0
[21:57:58.815] [SEVERE ] removing player 4 token from slot 10
[21:57:58.816] [SEVERE ] player 4 placing token on slot 7
[21:57:58.824] [SEVERE ] setting player 1 freeze to 0
[21:57:58.824] [SEVERE ] setting player 1 freeze to 0
[21:57:58.825] [SEVERE ] setting player 1 freeze to 0
[21:57:58.825] [SEVERE ] setting player 1 freeze to 0
[21:57:58.825] [SEVERE ] removing player 1 token from slot 3
[21:57:58.826] [SEVERE ] player 1 placing token on slot 1
[21:57:58.834] [SEVERE ] setting player 2 freeze to 0
[21:57:58.834] [SEVERE ] setting player 2 freeze to 0
[21:57:58.835] [SEVERE ] setting player 2 freeze to 0
[21:57:58.835] [SEVERE ] setting player 2 freeze to 0
[21:57:58.836] [SEVERE ] removing player 2 token from slot 11
[21:57:58.836] [SEVERE ] removing player 2 token from slot 4
[21:57:58.837] [SEVERE ] player 2 placing token on slot 7
[21:57:58.837] [SEVERE ] player 2 placing token on slot 5
[21:57:58.844] [SEVERE ] setting player 3 freeze to 0
[21:57:58.844] [SEVERE ] setting player 3 freeze to 0
[21:57:58.845] [SEVERE ] setting player 3 freeze to 0
[21:57:58.845] [SEVERE ] setting player 3 freeze to 0
[21:57:58.845] [SEVERE ] removing player 3 token from slot 11
[21:57:58.846] [SEVERE ] player 3 placing token on slot 10
[21:57:58.855] [SEVERE ] setting player 4 freeze to 0
[21:57:58.855] [SEVERE ] setting player 4 freeze to 0
[21:57:58.855] [SEVERE ] setting player 4 freeze to 0
[21:57:58.856] [SEVERE ] setting player 4 freeze to 0
[21:57:58.856] [SEVERE ] removing player 4 token from slot 7
[21:57:58.857] [SEVERE ] player 4 placing token on slot 1
[21:57:58.865] [SEVERE ] setting player 1 freeze to 0
[21:57:58.865] [SEVERE ] setting player 1 freeze to 0
[21:57:58.865] [SEVERE ] setting player 1 freeze to 0
[21:57:58.866] [SEVERE ] setting player 1 freeze to 0
[21:57:58.867] [SEVERE ] removing player 1 token from slot 1
[21:57:58.867] [SEVERE ] removing player 1 token from slot 6
[21:57:58.867] [SEVERE ] player 1 placing token on slot 4
[21:57:58.868] [SEVERE ] player 1 placing token on slot 11
[21:57:58.875] [SEVERE ] setting player 2 freeze to 0
[21:57:58.875] [SEVERE ] setting player 2 freeze to 0
[21:57:58.876] [SEVERE ] setting player 2 freeze to 0
[21:57:58.876] [SEVERE ] setting player 2 freeze to 0
[21:57:58.877] [SEVERE ] removing player 2 token from slot 7
[21:57:58.877] [SEVERE ] player 2 placing token on slot 2
[21:57:58.885] [SEVERE ] setting player 3 freeze to 0
[21:57:58.886] [SEVERE ] setting player 3 freeze to 0
[21:57:58.886] [SEVERE ] setting player 3 freeze to 0
[21:57:58.886] [SEVERE ] setting player 3 freeze to 0
[21:57:58.887] [SEVERE ] removing player 3 token from slot 1
[21:57:58.887] [SEVERE ] player 3 placing token on slot 2
[21:57:58.896] [SEVERE ] setting player 4 freeze to 0
[21:57:58.896] [SEVERE ] setting player 4 freeze to 0
[21:57:58.896] [SEVERE ] setting player 4 freeze to 0
[21:57:58.897] [SEVERE ] setting player 4 freeze to 0
[21:57:58.897] [SEVERE ] removing player 4 token from slot 2
[21:57:58.898] [SEVERE ] player 4 placing token on slot 8
[21:57:58.906] [SEVERE ] setting player 1 freeze to 0
[21:57:58.906] [SEVERE ] setting player 1 freeze to 0
[21:57:58.907] [SEVERE ] setting player 1 freeze to 0
[21:57:58.907] [SEVERE ] setting player 1 freeze to 0
[21:57:58.908] [SEVERE ] removing player 1 token from slot 11
[21:57:58.908] [SEVERE ] player 1 placing token on slot 6
[21:57:58.916] [SEVERE ] setting player 2 freeze to 0
[21:57:58.916] [SEVERE ] setting player 2 freeze to 0
[21:57:58.917] [SEVERE ] setting player 2 freeze to 0
[21:57:58.917] [SEVERE ] setting player 2 freeze to 0
[21:57:58.918] [SEVERE ] removing player 2 token from slot 5
[21:57:58.918] [SEVERE ] removing player 2 token from slot 10
[21:57:58.919] [SEVERE ] player 2 placing token on slot 4
[21:57:58.919] [SEVERE ] removing player 2 token from slot 2
[21:57:58.919] [SEVERE ] player 2 placing token on slot 5
[21:57:58.920] [SEVERE ] player 2 placing token on slot 9
[21:57:58.926] [SEVERE ] setting player 3 freeze to 0
[21:57:58.927] [SEVERE ] setting player 3 freeze to 0
[21:57:58.927] [SEVERE ] setting player 3 freeze to 0
[21:57:58.927] [SEVERE ] setting player 3 freeze to 0
[21:57:58.928] [SEVERE ] removing player 3 token from slot 2
[21:57:58.928] [SEVERE ] player 3 placing token on slot 6
[21:57:58.937] [SEVERE ] setting player 4 freeze to 0
[21:57:58.937] [SEVERE ] setting player 4 freeze to 0
[21:57:58.937] [SEVERE ] setting player 4 freeze to 0
[21:57:58.938] [SEVERE ] setting player 4 freeze to 0
[21:57:58.938] [SEVERE ] removing player 4 token from slot 8
[21:57:58.939] [SEVERE ] player 4 placing token on slot 2
[21:57:58.947] [SEVERE ] setting player 1 freeze to 0
[21:57:58.947] [SEVERE ] setting player 1 freeze to 0
[21:57:58.948] [SEVERE ] setting player 1 freeze to 0
[21:57:58.948] [SEVERE ] setting player 1 freeze to 0
[21:57:58.949] [SEVERE ] removing player 1 token from slot 6
[21:57:58.949] [SEVERE ] player 1 placing token on slot 11
[21:57:58.957] [SEVERE ] setting player 2 freeze to 0
[21:57:58.957] [SEVERE ] setting player 2 freeze to 0
[21:57:58.960] [SEVERE ] setting player 2 freeze to 0
[21:57:58.960] [SEVERE ] setting player 2 freeze to 0
[21:57:58.960] [SEVERE ] removing player 2 token from slot 4
[21:57:58.961] [SEVERE ] player 2 placing token on slot 10
[21:57:58.968] [SEVERE ] setting player 3 freeze to 0
[21:57:58.968] [SEVERE ] setting player 3 freeze to 0
[21:57:58.968] [SEVERE ] setting player 3 freeze to 0
[21:57:58.969] [SEVERE ] setting player 3 freeze to 0
[21:57:58.969] [SEVERE ] removing player 3 token from slot 10
[21:57:58.969] [SEVERE ] player 3 placing token on slot 1
[21:57:58.978] [SEVERE ] setting player 4 freeze to 0
[21:57:58.978] [SEVERE ] setting player 4 freeze to 0
[21:57:58.978] [SEVERE ] setting player 4 freeze to 0
[21:57:58.979] [SEVERE ] setting player 4 freeze to 0
[21:57:58.979] [SEVERE ] removing player 4 token from slot 1
[21:57:58.980] [SEVERE ] player 4 placing token on slot 8
[21:57:58.988] [SEVERE ] setting player 1 freeze to 0
[21:57:58.988] [SEVERE ] setting player 1 freeze to 0
[21:57:58.989] [SEVERE ] setting player 1 freeze to 0
[21:57:58.989] [SEVERE ] setting player 1 freeze to 0
[21:57:58.990] [SEVERE ] removing player 1 token from slot 2
[21:57:58.990] [SEVERE ] player 1 placing token on slot 3
[21:57:58.998] [SEVERE ] setting player 2 freeze to 0
[21:57:58.999] [SEVERE ] setting player 2 freeze to 0
[21:57:58.999] [SEVERE ] setting player 2 freeze to 0
[21:57:58.999] [SEVERE ] setting player 2 freeze to 0
[21:57:59.000] [SEVERE ] removing player 2 token from slot 10
[21:57:59.000] [SEVERE ] player 2 placing token on slot 11
[21:57:59.009] [SEVERE ] setting player 3 freeze to 0
[21:57:59.009] [SEVERE ] setting player 3 freeze to 0
[21:57:59.009] [SEVERE ] setting player 3 freeze to 0
[21:57:59.010] [SEVERE ] setting player 3 freeze to 0
[21:57:59.010] [SEVERE ] removing player 3 token from slot 1
[21:57:59.011] [SEVERE ] player 3 placing token on slot 7
[21:57:59.019] [SEVERE ] setting player 4 freeze to 0
[21:57:59.019] [SEVERE ] setting player 4 freeze to 0
[21:57:59.019] [SEVERE ] setting player 4 freeze to 0
[21:57:59.020] [SEVERE ] setting player 4 freeze to 0
[21:57:59.020] [SEVERE ] removing player 4 token from slot 8
[21:57:59.021] [SEVERE ] removing player 4 token from slot 9
[21:57:59.022] [SEVERE ] player 4 placing token on slot 4
[21:57:59.022] [SEVERE ] player 4 placing token on slot 8
[21:57:59.029] [SEVERE ] setting player 1 freeze to 0
[21:57:59.031] [SEVERE ] setting player 1 freeze to 0
[21:57:59.031] [SEVERE ] setting player 1 freeze to 0
[21:57:59.031] [SEVERE ] setting player 1 freeze to 0
[21:57:59.032] [SEVERE ] removing player 1 token from slot 4
[21:57:59.032] [SEVERE ] player 1 placing token on slot 8
[21:57:59.039] [SEVERE ] setting player 2 freeze to 0
[21:57:59.039] [SEVERE ] setting player 2 freeze to 0
[21:57:59.040] [SEVERE ] setting player 2 freeze to 0
[21:57:59.041] [SEVERE ] setting player 2 freeze to 0
[21:57:59.041] [SEVERE ] removing player 2 token from slot 9
[21:57:59.041] [SEVERE ] player 2 placing token on slot 4
[21:57:59.050] [SEVERE ] setting player 3 freeze to 0
[21:57:59.050] [SEVERE ] setting player 3 freeze to 0
[21:57:59.050] [SEVERE ] setting player 3 freeze to 0
[21:57:59.051] [SEVERE ] setting player 3 freeze to 0
[21:57:59.051] [SEVERE ] removing player 3 token from slot 6
[21:57:59.051] [SEVERE ] player 3 placing token on slot 4
[21:57:59.060] [SEVERE ] setting player 4 freeze to 0
[21:57:59.060] [SEVERE ] setting player 4 freeze to 0
[21:57:59.061] [SEVERE ] setting player 4 freeze to 0
[21:57:59.061] [SEVERE ] setting player 4 freeze to 0
[21:57:59.061] [SEVERE ] removing player 4 token from slot 4
[21:57:59.062] [SEVERE ] player 4 placing token on slot 9
[21:57:59.070] [SEVERE ] setting player 1 freeze to 0
[21:57:59.070] [SEVERE ] setting player 1 freeze to 0
[21:57:59.071] [SEVERE ] setting player 1 freeze to 0
[21:57:59.071] [SEVERE ] setting player 1 freeze to 0
[21:57:59.072] [SEVERE ] removing player 1 token from slot 11
[21:57:59.072] [SEVERE ] player 1 placing token on slot 11
[21:57:59.080] [SEVERE ] setting player 2 freeze to 0
[21:57:59.080] [SEVERE ] setting player 2 freeze to 0
[21:57:59.081] [SEVERE ] setting player 2 freeze to 0
[21:57:59.081] [SEVERE ] setting player 2 freeze to 0
[21:57:59.082] [SEVERE ] removing player 2 token from slot 5
[21:57:59.082] [SEVERE ] player 2 placing token on slot 6
[21:57:59.091] [SEVERE ] setting player 3 freeze to 0
[21:57:59.091] [SEVERE ] setting player 3 freeze to 0
[21:57:59.091] [SEVERE ] setting player 3 freeze to 0
[21:57:59.093] [SEVERE ] setting player 3 freeze to 0
[21:57:59.093] [SEVERE ] removing player 3 token from slot 7
[21:57:59.094] [SEVERE ] player 3 placing token on slot 2
[21:57:59.101] [SEVERE ] setting player 4 freeze to 0
[21:57:59.101] [SEVERE ] setting player 4 freeze to 0
[21:57:59.101] [SEVERE ] setting player 4 freeze to 0
[21:57:59.102] [SEVERE ] setting player 4 freeze to 0
[21:57:59.102] [SEVERE ] removing player 4 token from slot 2
[21:57:59.103] [SEVERE ] player 4 placing token on slot 5
[21:57:59.111] [SEVERE ] setting player 1 freeze to 0
[21:57:59.111] [SEVERE ] setting player 1 freeze to 0
[21:57:59.112] [SEVERE ] setting player 1 freeze to 0
[21:57:59.112] [SEVERE ] setting player 1 freeze to 0
[21:57:59.112] [SEVERE ] removing player 1 token from slot 11
[21:57:59.113] [SEVERE ] removing player 1 token from slot 3
[21:57:59.113] [SEVERE ] player 1 placing token on slot 3
[21:57:59.114] [SEVERE ] player 1 placing token on slot 2
[21:57:59.121] [SEVERE ] setting player 2 freeze to 0
[21:57:59.121] [SEVERE ] setting player 2 freeze to 0
[21:57:59.122] [SEVERE ] setting player 2 freeze to 0
[21:57:59.123] [SEVERE ] setting player 2 freeze to 0
[21:57:59.123] [SEVERE ] removing player 2 token from slot 4
[21:57:59.124] [SEVERE ] player 2 placing token on slot 9
[21:57:59.131] [SEVERE ] setting player 3 freeze to 0
[21:57:59.131] [SEVERE ] setting player 3 freeze to 0
[21:57:59.132] [SEVERE ] setting player 3 freeze to 0
[21:57:59.132] [SEVERE ] setting player 3 freeze to 0
[21:57:59.133] [SEVERE ] removing player 3 token from slot 5
[21:57:59.133] [SEVERE ] player 3 placing token on slot 8
[21:57:59.142] [SEVERE ] setting player 4 freeze to 0
[21:57:59.142] [SEVERE ] setting player 4 freeze to 0
[21:57:59.142] [SEVERE ] setting player 4 freeze to 0
[21:57:59.143] [SEVERE ] setting player 4 freeze to 0
[21:57:59.143] [SEVERE ] removing player 4 token from slot 5
[21:57:59.144] [SEVERE ] player 4 placing token on slot 6
[21:57:59.152] [SEVERE ] setting player 1 freeze to 0
[21:57:59.152] [SEVERE ] setting player 1 freeze to 0
[21:57:59.153] [SEVERE ] setting player 1 freeze to 0
[21:57:59.153] [SEVERE ] setting player 1 freeze to 0
[21:57:59.153] [SEVERE ] removing player 1 token from slot 2
[21:57:59.157] [SEVERE ] player 1 placing token on slot 9
[21:57:59.162] [SEVERE ] setting player 2 freeze to 0
[21:57:59.162] [SEVERE ] setting player 2 freeze to 0
[21:57:59.163] [SEVERE ] setting player 2 freeze to 0
[21:57:59.163] [SEVERE ] setting player 2 freeze to 0
[21:57:59.164] [SEVERE ] removing player 2 token from slot 6
[21:57:59.164] [SEVERE ] removing player 2 token from slot 9
[21:57:59.164] [SEVERE ] player 2 placing token on slot 7
[21:57:59.165] [SEVERE ] player 2 placing token on slot 1
[21:57:59.173] [SEVERE ] setting player 3 freeze to 0
[21:57:59.173] [SEVERE ] setting player 3 freeze to 0
[21:57:59.173] [SEVERE ] setting player 3 freeze to 0
[21:57:59.174] [SEVERE ] setting player 3 freeze to 0
[21:57:59.174] [SEVERE ] removing player 3 token from slot 8
[21:57:59.174] [SEVERE ] player 3 placing token on slot 8
[21:57:59.183] [SEVERE ] setting player 4 freeze to 0
[21:57:59.183] [SEVERE ] setting player 4 freeze to 0
[21:57:59.183] [SEVERE ] setting player 4 freeze to 0
[21:57:59.184] [SEVERE ] setting player 4 freeze to 0
[21:57:59.184] [SEVERE ] removing player 4 token from slot 6
[21:57:59.185] [SEVERE ] removing player 4 token from slot 9
[21:57:59.185] [SEVERE ] removing player 4 token from slot 8
[21:57:59.186] [SEVERE ] player 4 placing token on slot 2
[21:57:59.186] [SEVERE ] player 4 placing token on slot 11
[21:57:59.187] [SEVERE ] player 4 placing token on slot 7
[21:57:59.193] [SEVERE ] setting player 1 freeze to 0
[21:57:59.193] [SEVERE ] setting player 1 freeze to 0
[21:57:59.193] [SEVERE ] setting player 1 freeze to 0
[21:57:59.194] [SEVERE ] setting player 1 freeze to 0
[21:57:59.194] [SEVERE ] removing player 1 token from slot 3
[21:57:59.195] [SEVERE ] player 1 placing token on slot 1
[21:57:59.203] [SEVERE ] setting player 2 freeze to 0
[21:57:59.203] [SEVERE ] setting player 2 freeze to 0
[21:57:59.204] [SEVERE ] setting player 2 freeze to 0
[21:57:59.204] [SEVERE ] setting player 2 freeze to 0
[21:57:59.205] [SEVERE ] removing player 2 token from slot 1
[21:57:59.205] [SEVERE ] player 2 placing token on slot 6
[21:57:59.213] [SEVERE ] setting player 3 freeze to 0
[21:57:59.213] [SEVERE ] setting player 3 freeze to 0
[21:57:59.214] [SEVERE ] setting player 3 freeze to 0
[21:57:59.215] [SEVERE ] setting player 3 freeze to 0
[21:57:59.215] [SEVERE ] removing player 3 token from slot 8
[21:57:59.216] [SEVERE ] player 3 placing token on slot 7
[21:57:59.224] [SEVERE ] setting player 4 freeze to 0
[21:57:59.224] [SEVERE ] setting player 4 freeze to 0
[21:57:59.224] [SEVERE ] setting player 4 freeze to 0
[21:57:59.224] [SEVERE ] setting player 4 freeze to 0
[21:57:59.225] [SEVERE ] removing player 4 token from slot 7
[21:57:59.225] [SEVERE ] player 4 placing token on slot 5
[21:57:59.234] [SEVERE ] setting player 1 freeze to 0
[21:57:59.234] [SEVERE ] setting player 1 freeze to 0
[21:57:59.234] [SEVERE ] setting player 1 freeze to 0
[21:57:59.235] [SEVERE ] setting player 1 freeze to 0
[21:57:59.235] [SEVERE ] removing player 1 token from slot 9
[21:57:59.236] [SEVERE ] player 1 placing token on slot 11
[21:57:59.244] [SEVERE ] setting player 2 freeze to 0
[21:57:59.244] [SEVERE ] setting player 2 freeze to 0
[21:57:59.245] [SEVERE ] setting player 2 freeze to 0
[21:57:59.245] [SEVERE ] setting player 2 freeze to 0
[21:57:59.246] [SEVERE ] removing player 2 token from slot 11
[21:57:59.247] [SEVERE ] player 2 placing token on slot 11
[21:57:59.254] [SEVERE ] setting player 3 freeze to 0
[21:57:59.255] [SEVERE ] setting player 3 freeze to 0
[21:57:59.255] [SEVERE ] setting player 3 freeze to 0
[21:57:59.256] [SEVERE ] setting player 3 freeze to 0
[21:57:59.256] [SEVERE ] removing player 3 token from slot 2
[21:57:59.256] [SEVERE ] player 3 placing token on slot 11
[21:57:59.265] [SEVERE ] setting player 4 freeze to 0
[21:57:59.265] [SEVERE ] setting player 4 freeze to 0
[21:57:59.265] [SEVERE ] setting player 4 freeze to 0
[21:57:59.266] [SEVERE ] setting player 4 freeze to 0
[21:57:59.266] [SEVERE ] removing player 4 token from slot 11
[21:57:59.267] [SEVERE ] player 4 placing token on slot 10
[21:57:59.275] [SEVERE ] setting player 1 freeze to 0
[21:57:59.276] [SEVERE ] setting player 1 freeze to 0
[21:57:59.276] [SEVERE ] setting player 1 freeze to 0
[21:57:59.276] [SEVERE ] setting player 1 freeze to 0
[21:57:59.277] [SEVERE ] removing player 1 token from slot 1
[21:57:59.277] [SEVERE ] player 1 placing token on slot 2
[21:57:59.286] [SEVERE ] setting player 2 freeze to 0
[21:57:59.286] [SEVERE ] setting player 2 freeze to 0
[21:57:59.286] [SEVERE ] setting player 2 freeze to 0
[21:57:59.287] [SEVERE ] setting player 2 freeze to 0
[21:57:59.293] [SEVERE ] removing player 2 token from slot 6
[21:57:59.294] [SEVERE ] player 2 placing token on slot 1
[21:57:59.296] [SEVERE ] setting player 3 freeze to 0
[21:57:59.296] [SEVERE ] setting player 3 freeze to 0
[21:57:59.296] [SEVERE ] setting player 3 freeze to 0
[21:57:59.297] [SEVERE ] setting player 3 freeze to 0
[21:57:59.297] [SEVERE ] removing player 3 token from slot 11
[21:57:59.298] [SEVERE ] player 3 placing token on slot 10
[21:57:59.306] [SEVERE ] setting player 4 freeze to 0
[21:57:59.307] [SEVERE ] setting player 4 freeze to 0
[21:57:59.307] [SEVERE ] setting player 4 freeze to 0
[21:57:59.307] [SEVERE ] setting player 4 freeze to 0
[21:57:59.308] [SEVERE ] removing player 4 token from slot 5
[21:57:59.308] [SEVERE ] player 4 placing token on slot 9
[21:57:59.316] [SEVERE ] setting player 1 freeze to 0
[21:57:59.317] [SEVERE ] setting player 1 freeze to 0
[21:57:59.317] [SEVERE ] setting player 1 freeze to 0
[21:57:59.317] [SEVERE ] setting player 1 freeze to 0
[21:57:59.318] [SEVERE ] removing player 1 token from slot 11
[21:57:59.318] [SEVERE ] player 1 placing token on slot 11
[21:57:59.327] [SEVERE ] setting player 2 freeze to 0
[21:57:59.327] [SEVERE ] setting player 2 freeze to 0
[21:57:59.328] [SEVERE ] setting player 2 freeze to 0
[21:57:59.328] [SEVERE ] setting player 2 freeze to 0
[21:57:59.328] [SEVERE ] removing player 2 token from slot 1
[21:57:59.329] [SEVERE ] player 2 placing token on slot 10
[21:57:59.337] [SEVERE ] setting player 3 freeze to 0
[21:57:59.337] [SEVERE ] setting player 3 freeze to 0
[21:57:59.337] [SEVERE ] setting player 3 freeze to 0
[21:57:59.338] [SEVERE ] setting player 3 freeze to 0
[21:57:59.338] [SEVERE ] removing player 3 token from slot 10
[21:57:59.339] [SEVERE ] removing player 3 token from slot 7
[21:57:59.339] [SEVERE ] removing player 3 token from slot 4
[21:57:59.340] [SEVERE ] player 3 placing token on slot 8
[21:57:59.340] [SEVERE ] player 3 placing token on slot 6
[21:57:59.341] [SEVERE ] player 3 placing token on slot 1
[21:57:59.347] [SEVERE ] setting player 4 freeze to 0
[21:57:59.347] [SEVERE ] setting player 4 freeze to 0
[21:57:59.347] [SEVERE ] setting player 4 freeze to 0
[21:57:59.348] [SEVERE ] setting player 4 freeze to 0
[21:57:59.348] [SEVERE ] removing player 4 token from slot 10
[21:57:59.349] [SEVERE ] player 4 placing token on slot 3
[21:57:59.357] [SEVERE ] setting player 1 freeze to 0
[21:57:59.357] [SEVERE ] setting player 1 freeze to 0
[21:57:59.358] [SEVERE ] setting player 1 freeze to 0
[21:57:59.358] [SEVERE ] setting player 1 freeze to 0
[21:57:59.359] [SEVERE ] removing player 1 token from slot 2
[21:57:59.359] [SEVERE ] removing player 1 token from slot 8
[21:57:59.360] [SEVERE ] player 1 placing token on slot 10
[21:57:59.360] [SEVERE ] player 1 placing token on slot 3
[21:57:59.368] [SEVERE ] setting player 2 freeze to 0
[21:57:59.368] [SEVERE ] setting player 2 freeze to 0
[21:57:59.368] [SEVERE ] setting player 2 freeze to 0
[21:57:59.369] [SEVERE ] setting player 2 freeze to 0
[21:57:59.369] [SEVERE ] removing player 2 token from slot 10
[21:57:59.369] [SEVERE ] removing player 2 token from slot 11
[21:57:59.370] [SEVERE ] player 2 placing token on slot 10
[21:57:59.370] [SEVERE ] player 2 placing token on slot 4
[21:57:59.378] [SEVERE ] setting player 3 freeze to 0
[21:57:59.378] [SEVERE ] setting player 3 freeze to 0
[21:57:59.378] [SEVERE ] setting player 3 freeze to 0
[21:57:59.379] [SEVERE ] setting player 3 freeze to 0
[21:57:59.379] [SEVERE ] removing player 3 token from slot 1
[21:57:59.380] [SEVERE ] player 3 placing token on slot 2
[21:57:59.388] [SEVERE ] setting player 4 freeze to 0
[21:57:59.388] [SEVERE ] setting player 4 freeze to 0
[21:57:59.389] [SEVERE ] setting player 4 freeze to 0
[21:57:59.389] [SEVERE ] setting player 4 freeze to 0
[21:57:59.389] [SEVERE ] removing player 4 token from slot 9
[21:57:59.390] [SEVERE ] player 4 placing token on slot 5
[21:57:59.398] [SEVERE ] setting player 1 freeze to 0
[21:57:59.398] [SEVERE ] setting player 1 freeze to 0
[21:57:59.399] [SEVERE ] setting player 1 freeze to 0
[21:57:59.399] [SEVERE ] setting player 1 freeze to 0
[21:57:59.400] [SEVERE ] removing player 1 token from slot 11
[21:57:59.400] [SEVERE ] removing player 1 token from slot 10
[21:57:59.401] [SEVERE ] player 1 placing token on slot 2
[21:57:59.401] [SEVERE ] player 1 placing token on slot 7
[21:57:59.408] [SEVERE ] setting player 2 freeze to 0
[21:57:59.409] [SEVERE ] setting player 2 freeze to 0
[21:57:59.409] [SEVERE ] setting player 2 freeze to 0
[21:57:59.409] [SEVERE ] setting player 2 freeze to 0
[21:57:59.409] [SEVERE ] removing player 2 token from slot 7
[21:57:59.409] [SEVERE ] player 2 placing token on slot 6
[21:57:59.419] [SEVERE ] setting player 3 freeze to 0
[21:57:59.419] [SEVERE ] setting player 3 freeze to 0
[21:57:59.419] [SEVERE ] setting player 3 freeze to 0
[21:57:59.420] [SEVERE ] setting player 3 freeze to 0
[21:57:59.420] [SEVERE ] removing player 3 token from slot 6
[21:57:59.421] [SEVERE ] player 3 placing token on slot 3
[21:57:59.429] [SEVERE ] setting player 4 freeze to 0
[21:57:59.429] [SEVERE ] setting player 4 freeze to 0
[21:57:59.430] [SEVERE ] setting player 4 freeze to 0
[21:57:59.430] [SEVERE ] setting player 4 freeze to 0
[21:57:59.430] [SEVERE ] removing player 4 token from slot 3
[21:57:59.431] [SEVERE ] player 4 placing token on slot 8
[21:57:59.439] [SEVERE ] setting player 1 freeze to 0
[21:57:59.439] [SEVERE ] setting player 1 freeze to 0
[21:57:59.440] [SEVERE ] setting player 1 freeze to 0
[21:57:59.440] [SEVERE ] setting player 1 freeze to 0
[21:57:59.440] [SEVERE ] removing player 1 token from slot 2
[21:57:59.441] [SEVERE ] player 1 placing token on slot 1
[21:57:59.449] [SEVERE ] setting player 2 freeze to 0
[21:57:59.449] [SEVERE ] setting player 2 freeze to 0
[21:57:59.450] [SEVERE ] setting player 2 freeze to 0
[21:57:59.450] [SEVERE ] setting player 2 freeze to 0
[21:57:59.451] [SEVERE ] removing player 2 token from slot 6
[21:57:59.451] [SEVERE ] player 2 placing token on slot 2
[21:57:59.460] [SEVERE ] setting player 3 freeze to 0
[21:57:59.460] [SEVERE ] setting player 3 freeze to 0
[21:57:59.460] [SEVERE ] setting player 3 freeze to 0
[21:57:59.461] [SEVERE ] setting player 3 freeze to 0
[21:57:59.461] [SEVERE ] removing player 3 token from slot 2
[21:57:59.462] [SEVERE ] player 3 placing token on slot 2
[21:57:59.470] [SEVERE ] setting player 4 freeze to 0
[21:57:59.470] [SEVERE ] setting player 4 freeze to 0
[21:57:59.470] [SEVERE ] setting player 4 freeze to 0
[21:57:59.471] [SEVERE ] setting player 4 freeze to 0
[21:57:59.471] [SEVERE ] removing player 4 token from slot 8
[21:57:59.472] [SEVERE ] player 4 placing token on slot 10
[21:57:59.480] [SEVERE ] setting player 1 freeze to 0
[21:57:59.480] [SEVERE ] setting player 1 freeze to 0
[21:57:59.480] [SEVERE ] setting player 1 freeze to 0
[21:57:59.481] [SEVERE ] setting player 1 freeze to 0
[21:57:59.481] [SEVERE ] removing player 1 token from slot 7
[21:57:59.482] [SEVERE ] player 1 placing token on slot 10
[21:57:59.490] [SEVERE ] setting player 2 freeze to 0
[21:57:59.490] [SEVERE ] setting player 2 freeze to 0
[21:57:59.491] [SEVERE ] setting player 2 freeze to 0
[21:57:59.491] [SEVERE ] setting player 2 freeze to 0
[21:57:59.492] [SEVERE ] removing player 2 token from slot 10
[21:57:59.492] [SEVERE ] removing player 2 token from slot 2
[21:57:59.493] [SEVERE ] player 2 placing token on slot 9
[21:57:59.493] [SEVERE ] player 2 placing token on slot 3
[21:57:59.501] [SEVERE ] setting player 3 freeze to 0
[21:57:59.501] [SEVERE ] setting player 3 freeze to 0
[21:57:59.501] [SEVERE ] setting player 3 freeze to 0
[21:57:59.502] [SEVERE ] setting player 3 freeze to 0
[21:57:59.502] [SEVERE ] removing player 3 token from slot 8
[21:57:59.503] [SEVERE ] player 3 placing token on slot 11
[21:57:59.511] [SEVERE ] setting player 4 freeze to 0
[21:57:59.511] [SEVERE ] setting player 4 freeze to 0
[21:57:59.511] [SEVERE ] setting player 4 freeze to 0
[21:57:59.511] [SEVERE ] setting player 4 freeze to 0
[21:57:59.512] [SEVERE ] removing player 4 token from slot 10
[21:57:59.512] [SEVERE ] player 4 placing token on slot 4
[21:57:59.521] [SEVERE ] setting player 1 freeze to 0
[21:57:59.521] [SEVERE ] setting player 1 freeze to 0
[21:57:59.521] [SEVERE ] setting player 1 freeze to 0
[21:57:59.522] [SEVERE ] setting player 1 freeze to 0
[21:57:59.522] [SEVERE ] removing player 1 token from slot 3
[21:57:59.523] [SEVERE ] player 1 placing token on slot 3
[21:57:59.531] [SEVERE ] setting player 2 freeze to 0
[21:57:59.531] [SEVERE ] setting player 2 freeze to 0
[21:57:59.532] [SEVERE ] setting player 2 freeze to 0
[21:57:59.532] [SEVERE ] setting player 2 freeze to 0
[21:57:59.533] [SEVERE ] removing player 2 token from slot 3
[21:57:59.533] [SEVERE ] removing player 2 token from slot 4
[21:57:59.534] [SEVERE ] player 2 placing token on slot 5
[21:57:59.534] [SEVERE ] player 2 placing token on slot 1
[21:57:59.542] [SEVERE ] setting player 3 freeze to 0
[21:57:59.542] [SEVERE ] setting player 3 freeze to 0
[21:57:59.542] [SEVERE ] setting player 3 freeze to 0
[21:57:59.543] [SEVERE ] setting player 3 freeze to 0
[21:57:59.543] [SEVERE ] removing player 3 token from slot 11
[21:57:59.543] [SEVERE ] player 3 placing token on slot 10
[21:57:59.552] [SEVERE ] setting player 4 freeze to 0
[21:57:59.552] [SEVERE ] setting player 4 freeze to 0
[21:57:59.553] [SEVERE ] setting player 4 freeze to 0
[21:57:59.553] [SEVERE ] setting player 4 freeze to 0
[21:57:59.554] [SEVERE ] removing player 4 token from slot 5
[21:57:59.554] [SEVERE ] removing player 4 token from slot 4
[21:57:59.555] [SEVERE ] removing player 4 token from slot 2
[21:57:59.556] [SEVERE ] player 4 placing token on slot 4
[21:57:59.556] [SEVERE ] player 4 placing token on slot 8
[21:57:59.557] [SEVERE ] player 4 placing token on slot 2
[21:57:59.562] [SEVERE ] setting player 1 freeze to 0
[21:57:59.562] [SEVERE ] setting player 1 freeze to 0
[21:57:59.562] [SEVERE ] setting player 1 freeze to 0
[21:57:59.563] [SEVERE ] setting player 1 freeze to 0
[21:57:59.563] [SEVERE ] removing player 1 token from slot 3
[21:57:59.564] [SEVERE ] player 1 placing token on slot 2
[21:57:59.572] [SEVERE ] setting player 2 freeze to 0
[21:57:59.572] [SEVERE ] setting player 2 freeze to 0
[21:57:59.573] [SEVERE ] setting player 2 freeze to 0
[21:57:59.573] [SEVERE ] setting player 2 freeze to 0
[21:57:59.573] [SEVERE ] removing player 2 token from slot 1
[21:57:59.574] [SEVERE ] player 2 placing token on slot 2
[21:57:59.582] [SEVERE ] setting player 3 freeze to 0
[21:57:59.583] [SEVERE ] setting player 3 freeze to 0
[21:57:59.583] [SEVERE ] setting player 3 freeze to 0
[21:57:59.583] [SEVERE ] setting player 3 freeze to 0
[21:57:59.583] [SEVERE ] removing player 3 token from slot 3
[21:57:59.584] [SEVERE ] player 3 placing token on slot 6
[21:57:59.593] [SEVERE ] setting player 4 freeze to 0
[21:57:59.593] [SEVERE ] setting player 4 freeze to 0
[21:57:59.593] [SEVERE ] setting player 4 freeze to 0
[21:57:59.594] [SEVERE ] setting player 4 freeze to 0
[21:57:59.594] [SEVERE ] removing player 4 token from slot 2
[21:57:59.594] [SEVERE ] player 4 placing token on slot 1
[21:57:59.603] [SEVERE ] setting player 1 freeze to 0
[21:57:59.603] [SEVERE ] setting player 1 freeze to 0
[21:57:59.604] [SEVERE ] setting player 1 freeze to 0
[21:57:59.604] [SEVERE ] setting player 1 freeze to 0
[21:57:59.604] [SEVERE ] removing player 1 token from slot 1
[21:57:59.605] [SEVERE ] player 1 placing token on slot 5
[21:57:59.613] [SEVERE ] setting player 2 freeze to 0
[21:57:59.613] [SEVERE ] setting player 2 freeze to 0
[21:57:59.614] [SEVERE ] setting player 2 freeze to 0
[21:57:59.614] [SEVERE ] setting player 2 freeze to 0
[21:57:59.615] [SEVERE ] removing player 2 token from slot 5
[21:57:59.615] [SEVERE ] player 2 placing token on slot 4
[21:57:59.624] [SEVERE ] setting player 3 freeze to 0
[21:57:59.624] [SEVERE ] setting player 3 freeze to 0
[21:57:59.624] [SEVERE ] setting player 3 freeze to 0
[21:57:59.624] [SEVERE ] setting player 3 freeze to 0
[21:57:59.625] [SEVERE ] removing player 3 token from slot 6
[21:57:59.625] [SEVERE ] player 3 placing token on slot 3
[21:57:59.634] [SEVERE ] setting player 4 freeze to 0
[21:57:59.634] [SEVERE ] setting player 4 freeze to 0
[21:57:59.634] [SEVERE ] setting player 4 freeze to 0
[21:57:59.635] [SEVERE ] setting player 4 freeze to 0
[21:57:59.635] [SEVERE ] removing player 4 token from slot 4
[21:57:59.636] [SEVERE ] player 4 placing token on slot 11
[21:57:59.644] [SEVERE ] setting player 1 freeze to 0
[21:57:59.644] [SEVERE ] setting player 1 freeze to 0
[21:57:59.645] [SEVERE ] setting player 1 freeze to 0
[21:57:59.645] [SEVERE ] setting player 1 freeze to 0
[21:57:59.646] [SEVERE ] removing player 1 token from slot 5
[21:57:59.646] [SEVERE ] player 1 placing token on slot 4
[21:57:59.654] [SEVERE ] setting player 2 freeze to 0
[21:57:59.654] [SEVERE ] setting player 2 freeze to 0
[21:57:59.655] [SEVERE ] setting player 2 freeze to 0
[21:57:59.655] [SEVERE ] setting player 2 freeze to 0
[21:57:59.656] [SEVERE ] removing player 2 token from slot 2
[21:57:59.656] [SEVERE ] removing player 2 token from slot 4
[21:57:59.656] [SEVERE ] player 2 placing token on slot 10
[21:57:59.657] [SEVERE ] player 2 placing token on slot 8
[21:57:59.664] [SEVERE ] setting player 3 freeze to 0
[21:57:59.665] [SEVERE ] setting player 3 freeze to 0
[21:57:59.665] [SEVERE ] setting player 3 freeze to 0
[21:57:59.665] [SEVERE ] setting player 3 freeze to 0
[21:57:59.666] [SEVERE ] removing player 3 token from slot 10
[21:57:59.666] [SEVERE ] player 3 placing token on slot 11
[21:57:59.675] [SEVERE ] setting player 4 freeze to 0
[21:57:59.675] [SEVERE ] setting player 4 freeze to 0
[21:57:59.675] [SEVERE ] setting player 4 freeze to 0
[21:57:59.676] [SEVERE ] setting player 4 freeze to 0
[21:57:59.676] [SEVERE ] removing player 4 token from slot 8
[21:57:59.676] [SEVERE ] player 4 placing token on slot 3
[21:57:59.685] [SEVERE ] setting player 1 freeze to 0
[21:57:59.685] [SEVERE ] setting player 1 freeze to 0
[21:57:59.686] [SEVERE ] setting player 1 freeze to 0
[21:57:59.686] [SEVERE ] setting player 1 freeze to 0
[21:57:59.687] [SEVERE ] removing player 1 token from slot 2
[21:57:59.687] [SEVERE ] player 1 placing token on slot 5
[21:57:59.695] [SEVERE ] setting player 2 freeze to 0
[21:57:59.695] [SEVERE ] setting player 2 freeze to 0
[21:57:59.696] [SEVERE ] setting player 2 freeze to 0
[21:57:59.696] [SEVERE ] setting player 2 freeze to 0
[21:57:59.697] [SEVERE ] removing player 2 token from slot 8
[21:57:59.697] [SEVERE ] player 2 placing token on slot 3
[21:57:59.705] [SEVERE ] setting player 3 freeze to 0
[21:57:59.706] [SEVERE ] setting player 3 freeze to 0
[21:57:59.706] [SEVERE ] setting player 3 freeze to 0
[21:57:59.706] [SEVERE ] setting player 3 freeze to 0
[21:57:59.707] [SEVERE ] removing player 3 token from slot 11
[21:57:59.707] [SEVERE ] player 3 placing token on slot 11
[21:57:59.716] [SEVERE ] setting player 4 freeze to 0
[21:57:59.716] [SEVERE ] setting player 4 freeze to 0
[21:57:59.716] [SEVERE ] setting player 4 freeze to 0
[21:57:59.717] [SEVERE ] setting player 4 freeze to 0
[21:57:59.717] [SEVERE ] removing player 4 token from slot 1
[21:57:59.718] [SEVERE ] player 4 placing token on slot 10
[21:57:59.726] [SEVERE ] setting player 1 freeze to 0
[21:57:59.726] [SEVERE ] setting player 1 freeze to 0
[21:57:59.726] [SEVERE ] setting player 1 freeze to 0
[21:57:59.727] [SEVERE ] setting player 1 freeze to 0
[21:57:59.727] [SEVERE ] removing player 1 token from slot 10
[21:57:59.728] [SEVERE ] player 1 placing token on slot 7
[21:57:59.745] [SEVERE ] setting player 2 freeze to 0
[21:57:59.757] [SEVERE ] setting player 3 freeze to 0
[21:57:59.757] [SEVERE ] setting player 2 freeze to 0
[21:57:59.757] [SEVERE ] setting player 3 freeze to 0
[21:57:59.757] [SEVERE ] setting player 2 freeze to 0
[21:57:59.758] [SEVERE ] setting player 3 freeze to 0
[21:57:59.758] [SEVERE ] setting player 2 freeze to 0
[21:57:59.759] [SEVERE ] removing player 2 token from slot 10
[21:57:59.760] [SEVERE ] player 2 placing token on slot 1
[21:57:59.759] [SEVERE ] setting player 3 freeze to 0
[21:57:59.760] [SEVERE ] removing player 3 token from slot 2
[21:57:59.761] [SEVERE ] player 3 placing token on slot 5
[21:57:59.767] [SEVERE ] setting player 4 freeze to 0
[21:57:59.767] [SEVERE ] setting player 4 freeze to 0
[21:57:59.767] [SEVERE ] setting player 4 freeze to 0
[21:57:59.768] [SEVERE ] setting player 4 freeze to 0
[21:57:59.768] [SEVERE ] removing player 4 token from slot 11
[21:57:59.769] [SEVERE ] removing player 4 token from slot 10
[21:57:59.770] [SEVERE ] removing player 4 token from slot 3
[21:57:59.770] [SEVERE ] player 4 placing token on slot 9
[21:57:59.771] [SEVERE ] player 4 placing token on slot 10
[21:57:59.771] [SEVERE ] player 4 placing token on slot 2
[21:57:59.777] [SEVERE ] setting player 1 freeze to 0
[21:57:59.778] [SEVERE ] setting player 1 freeze to 0
[21:57:59.778] [SEVERE ] setting player 1 freeze to 0
[21:57:59.779] [SEVERE ] setting player 1 freeze to 0
[21:57:59.779] [SEVERE ] removing player 1 token from slot 4
[21:57:59.780] [SEVERE ] player 1 placing token on slot 10
[21:57:59.788] [SEVERE ] setting player 2 freeze to 0
[21:57:59.788] [SEVERE ] setting player 2 freeze to 0
[21:57:59.788] [SEVERE ] setting player 2 freeze to 0
[21:57:59.789] [SEVERE ] setting player 2 freeze to 0
[21:57:59.789] [SEVERE ] removing player 2 token from slot 9
[21:57:59.790] [SEVERE ] player 2 placing token on slot 6
[21:57:59.798] [SEVERE ] setting player 3 freeze to 0
[21:57:59.798] [SEVERE ] setting player 3 freeze to 0
[21:57:59.798] [SEVERE ] setting player 3 freeze to 0
[21:57:59.799] [SEVERE ] setting player 3 freeze to 0
[21:57:59.799] [SEVERE ] removing player 3 token from slot 5
[21:57:59.800] [SEVERE ] removing player 3 token from slot 3
[21:57:59.801] [SEVERE ] player 3 placing token on slot 1
[21:57:59.801] [SEVERE ] player 3 placing token on slot 3
[21:57:59.808] [SEVERE ] setting player 4 freeze to 0
[21:57:59.808] [SEVERE ] setting player 4 freeze to 0
[21:57:59.809] [SEVERE ] setting player 4 freeze to 0
[21:57:59.809] [SEVERE ] setting player 4 freeze to 0
[21:57:59.810] [SEVERE ] removing player 4 token from slot 10
[21:57:59.811] [SEVERE ] player 4 placing token on slot 5
[21:57:59.818] [SEVERE ] setting player 1 freeze to 0
[21:57:59.818] [SEVERE ] setting player 1 freeze to 0
[21:57:59.819] [SEVERE ] setting player 1 freeze to 0
[21:57:59.819] [SEVERE ] setting player 1 freeze to 0
[21:57:59.820] [SEVERE ] removing player 1 token from slot 5
[21:57:59.820] [SEVERE ] player 1 placing token on slot 1
[21:57:59.829] [SEVERE ] setting player 2 freeze to 0
[21:57:59.829] [SEVERE ] setting player 2 freeze to 0
[21:57:59.829] [SEVERE ] setting player 2 freeze to 0
[21:57:59.830] [SEVERE ] setting player 2 freeze to 0
[21:57:59.830] [SEVERE ] removing player 2 token from slot 6
[21:57:59.831] [SEVERE ] player 2 placing token on slot 9
[21:57:59.839] [SEVERE ] setting player 3 freeze to 0
[21:57:59.839] [SEVERE ] setting player 3 freeze to 0
[21:57:59.839] [SEVERE ] setting player 3 freeze to 0
[21:57:59.840] [SEVERE ] setting player 3 freeze to 0
[21:57:59.840] [SEVERE ] removing player 3 token from slot 1
[21:57:59.841] [SEVERE ] player 3 placing token on slot 10
[21:57:59.849] [SEVERE ] setting player 4 freeze to 0
[21:57:59.850] [SEVERE ] setting player 4 freeze to 0
[21:57:59.850] [SEVERE ] setting player 4 freeze to 0
[21:57:59.850] [SEVERE ] setting player 4 freeze to 0
[21:57:59.851] [SEVERE ] removing player 4 token from slot 5
[21:57:59.852] [SEVERE ] removing player 4 token from slot 2
[21:57:59.852] [SEVERE ] player 4 placing token on slot 5
[21:57:59.853] [SEVERE ] player 4 placing token on slot 4
[21:57:59.859] [SEVERE ] setting player 1 freeze to 0
[21:57:59.860] [SEVERE ] setting player 1 freeze to 0
[21:57:59.860] [SEVERE ] setting player 1 freeze to 0
[21:57:59.861] [SEVERE ] setting player 1 freeze to 0
[21:57:59.861] [SEVERE ] removing player 1 token from slot 7
[21:57:59.861] [SEVERE ] player 1 placing token on slot 8
[21:57:59.870] [SEVERE ] setting player 2 freeze to 0
[21:57:59.870] [SEVERE ] setting player 2 freeze to 0
[21:57:59.870] [SEVERE ] setting player 2 freeze to 0
[21:57:59.871] [SEVERE ] setting player 2 freeze to 0
[21:57:59.871] [SEVERE ] removing player 2 token from slot 1
[21:57:59.872] [SEVERE ] player 2 placing token on slot 1
[21:57:59.880] [SEVERE ] setting player 3 freeze to 0
[21:57:59.880] [SEVERE ] setting player 3 freeze to 0
[21:57:59.880] [SEVERE ] setting player 3 freeze to 0
[21:57:59.881] [SEVERE ] setting player 3 freeze to 0
[21:57:59.881] [SEVERE ] removing player 3 token from slot 3
[21:57:59.882] [SEVERE ] player 3 placing token on slot 4
[21:57:59.890] [SEVERE ] setting player 4 freeze to 0
[21:57:59.891] [SEVERE ] setting player 4 freeze to 0
[21:57:59.891] [SEVERE ] setting player 4 freeze to 0
[21:57:59.891] [SEVERE ] setting player 4 freeze to 0
[21:57:59.892] [SEVERE ] removing player 4 token from slot 5
[21:57:59.892] [SEVERE ] player 4 placing token on slot 5
[21:57:59.901] [SEVERE ] setting player 1 freeze to 0
[21:57:59.901] [SEVERE ] setting player 1 freeze to 0
[21:57:59.901] [SEVERE ] setting player 1 freeze to 0
[21:57:59.902] [SEVERE ] setting player 1 freeze to 0
[21:57:59.902] [SEVERE ] removing player 1 token from slot 10
[21:57:59.903] [SEVERE ] player 1 placing token on slot 7
[21:57:59.911] [SEVERE ] setting player 2 freeze to 0
[21:57:59.911] [SEVERE ] setting player 2 freeze to 0
[21:57:59.911] [SEVERE ] setting player 2 freeze to 0
[21:57:59.912] [SEVERE ] setting player 2 freeze to 0
[21:57:59.912] [SEVERE ] removing player 2 token from slot 1
[21:57:59.913] [SEVERE ] player 2 placing token on slot 5
[21:57:59.921] [SEVERE ] setting player 3 freeze to 0
[21:57:59.921] [SEVERE ] setting player 3 freeze to 0
[21:57:59.922] [SEVERE ] setting player 3 freeze to 0
[21:57:59.922] [SEVERE ] setting player 3 freeze to 0
[21:57:59.923] [SEVERE ] removing player 3 token from slot 11
[21:57:59.923] [SEVERE ] removing player 3 token from slot 4
[21:57:59.923] [SEVERE ] player 3 placing token on slot 3
[21:57:59.924] [SEVERE ] removing player 3 token from slot 3
[21:57:59.924] [SEVERE ] player 3 placing token on slot 4
[21:57:59.925] [SEVERE ] removing player 3 token from slot 10
[21:57:59.925] [SEVERE ] player 3 placing token on slot 2
[21:57:59.925] [SEVERE ] player 3 placing token on slot 11
[21:57:59.931] [SEVERE ] setting player 4 freeze to 0
[21:57:59.931] [SEVERE ] setting player 4 freeze to 0
[21:57:59.932] [SEVERE ] setting player 4 freeze to 0
[21:57:59.932] [SEVERE ] setting player 4 freeze to 0
[21:57:59.933] [SEVERE ] removing player 4 token from slot 4
[21:57:59.933] [SEVERE ] player 4 placing token on slot 8
[21:57:59.942] [SEVERE ] setting player 1 freeze to 0
[21:57:59.942] [SEVERE ] setting player 1 freeze to 0
[21:57:59.942] [SEVERE ] setting player 1 freeze to 0
[21:57:59.942] [SEVERE ] setting player 1 freeze to 0
[21:57:59.943] [SEVERE ] removing player 1 token from slot 8
[21:57:59.943] [SEVERE ] player 1 placing token on slot 5
[21:57:59.952] [SEVERE ] setting player 2 freeze to 0
[21:57:59.952] [SEVERE ] setting player 2 freeze to 0
[21:57:59.952] [SEVERE ] setting player 2 freeze to 0
[21:57:59.953] [SEVERE ] setting player 2 freeze to 0
[21:57:59.953] [SEVERE ] removing player 2 token from slot 3
[21:57:59.954] [SEVERE ] player 2 placing token on slot 3
[21:57:59.962] [SEVERE ] setting player 3 freeze to 0
[21:57:59.962] [SEVERE ] setting player 3 freeze to 0
[21:57:59.963] [SEVERE ] setting player 3 freeze to 0
[21:57:59.963] [SEVERE ] setting player 3 freeze to 0
[21:57:59.963] [SEVERE ] removing player 3 token from slot 2
[21:57:59.963] [SEVERE ] removing player 3 token from slot 11
[21:57:59.964] [SEVERE ] player 3 placing token on slot 3
[21:57:59.964] [SEVERE ] player 3 placing token on slot 5
[21:57:59.972] [SEVERE ] setting player 4 freeze to 0
[21:57:59.972] [SEVERE ] setting player 4 freeze to 0
[21:57:59.973] [SEVERE ] setting player 4 freeze to 0
[21:57:59.973] [SEVERE ] setting player 4 freeze to 0
[21:57:59.974] [SEVERE ] removing player 4 token from slot 9
[21:57:59.974] [SEVERE ] player 4 placing token on slot 6
[21:57:59.983] [SEVERE ] updating countdown to 5000
[21:57:59.983] [SEVERE ] setting player 1 score to 1
[21:57:59.983] [SEVERE ] setting player 1 freeze to 0
[21:57:59.984] [SEVERE ] setting player 1 freeze to 0
[21:57:59.983] [SEVERE ] removing player 1 token from slot 1
[21:57:59.984] [SEVERE ] removing player 1 token from slot 1
[21:57:59.985] [SEVERE ] player 1 placing token on slot 1
[21:58:00.085] [SEVERE ] removing card from slot 1
[21:58:00.085] [SEVERE ] removing player 1 token from slot 5
[21:58:00.186] [SEVERE ] removing card from slot 5
[21:58:00.186] [SEVERE ] removing player 1 token from slot 7
[21:58:00.288] [SEVERE ] removing card from slot 7
[21:58:00.288] [SEVERE ] removing player 1 token from slot 1
[21:58:00.288] [SEVERE ] removing player 1 token from slot 5
[21:58:00.288] [SEVERE ] removing player 2 token from slot 5
[21:58:00.288] [SEVERE ] removing player 3 token from slot 5
[21:58:00.288] [SEVERE ] removing player 4 token from slot 5
[21:58:00.288] [SEVERE ] removing player 1 token from slot 7
[21:58:00.388] [SEVERE ] placing card 6 in slot 1
[21:58:00.488] [SEVERE ] placing card 74 in slot 5
[21:58:00.588] [SEVERE ] placing card 28 in slot 7
[21:58:00.599] [SEVERE ] setting player 2 freeze to 0
[21:58:00.599] [SEVERE ] setting player 2 freeze to 0
[21:58:00.599] [SEVERE ] setting player 2 freeze to 0
[21:58:00.599] [SEVERE ] setting player 2 freeze to 0
[21:58:00.599] [SEVERE ] removing player 2 token from slot 3
[21:58:00.599] [SEVERE ] removing player 2 token from slot 9
[21:58:00.599] [SEVERE ] player 2 placing token on slot 2
[21:58:00.599] [SEVERE ] player 2 placing token on slot 9
[21:58:00.609] [SEVERE ] setting player 3 freeze to 0
[21:58:00.609] [SEVERE ] setting player 3 freeze to 0
[21:58:00.610] [SEVERE ] setting player 3 freeze to 0
[21:58:00.610] [SEVERE ] setting player 3 freeze to 0
[21:58:00.611] [SEVERE ] removing player 3 token from slot 5
[21:58:00.611] [SEVERE ] removing player 3 token from slot 3
[21:58:00.611] [SEVERE ] player 3 placing token on slot 2
[21:58:00.612] [SEVERE ] removing player 3 token from slot 4
[21:58:00.613] [SEVERE ] player 3 placing token on slot 1
[21:58:00.613] [SEVERE ] removing player 3 token from slot 2
[21:58:00.614] [SEVERE ] player 3 placing token on slot 11
[21:58:00.614] [SEVERE ] player 3 placing token on slot 4
[21:58:00.619] [SEVERE ] setting player 4 freeze to 0
[21:58:00.619] [SEVERE ] setting player 4 freeze to 0
[21:58:00.620] [SEVERE ] setting player 4 freeze to 0
[21:58:00.620] [SEVERE ] setting player 4 freeze to 0
[21:58:00.621] [SEVERE ] removing player 4 token from slot 8
[21:58:00.621] [SEVERE ] player 4 placing token on slot 10
[21:58:00.630] [SEVERE ] updating countdown to 5000
[21:58:00.630] [SEVERE ] setting player 1 score to 2
[21:58:00.630] [SEVERE ] setting player 1 freeze to 0
[21:58:00.631] [SEVERE ] setting player 1 freeze to 0
[21:58:00.631] [SEVERE ] player 1 placing token on slot 10
[21:58:00.632] [SEVERE ] player 1 placing token on slot 6
[21:58:00.632] [SEVERE ] player 1 placing token on slot 5
[21:58:00.730] [SEVERE ] placing card 68 in slot 0
[21:58:00.830] [SEVERE ] placing card 56 in slot 0
[21:58:00.930] [SEVERE ] placing card 70 in slot 0
[21:58:00.941] [SEVERE ] setting player 2 freeze to 0
[21:58:00.941] [SEVERE ] setting player 2 freeze to 0
[21:58:00.941] [SEVERE ] setting player 2 freeze to 0
[21:58:00.942] [SEVERE ] setting player 2 freeze to 0
[21:58:00.942] [SEVERE ] removing player 2 token from slot 5
[21:58:00.943] [SEVERE ] removing player 2 token from slot 2
[21:58:00.943] [SEVERE ] player 2 placing token on slot 7
[21:58:00.944] [SEVERE ] player 2 placing token on slot 11
[21:58:00.951] [SEVERE ] setting player 3 freeze to 0
[21:58:00.951] [SEVERE ] setting player 3 freeze to 0
[21:58:00.952] [SEVERE ] setting player 3 freeze to 0
[21:58:00.952] [SEVERE ] setting player 3 freeze to 0
[21:58:00.952] [SEVERE ] removing player 3 token from slot 4
[21:58:00.953] [SEVERE ] player 3 placing token on slot 10
[21:58:00.961] [SEVERE ] setting player 4 freeze to 0
[21:58:00.962] [SEVERE ] setting player 4 freeze to 0
[21:58:00.962] [SEVERE ] setting player 4 freeze to 0
[21:58:00.962] [SEVERE ] setting player 4 freeze to 0
[21:58:00.963] [SEVERE ] removing player 4 token from slot 6
[21:58:00.963] [SEVERE ] player 4 placing token on slot 3
[21:58:00.972] [SEVERE ] setting player 1 freeze to 0
[21:58:00.972] [SEVERE ] setting player 1 freeze to 0
[21:58:00.973] [SEVERE ] setting player 1 freeze to 0
[21:58:00.973] [SEVERE ] setting player 1 freeze to 0
[21:58:00.973] [SEVERE ] removing player 1 token from slot 5
[21:58:00.974] [SEVERE ] player 1 placing token on slot 4
[21:58:00.982] [SEVERE ] setting player 2 freeze to 0
[21:58:00.982] [SEVERE ] setting player 2 freeze to 0
[21:58:00.982] [SEVERE ] setting player 2 freeze to 0
[21:58:00.983] [SEVERE ] setting player 2 freeze to 0
[21:58:00.983] [SEVERE ] removing player 2 token from slot 11
[21:58:00.984] [SEVERE ] player 2 placing token on slot 8
[21:58:00.992] [SEVERE ] setting player 3 freeze to 0
[21:58:00.992] [SEVERE ] setting player 3 freeze to 0
[21:58:00.993] [SEVERE ] setting player 3 freeze to 0
[21:58:00.993] [SEVERE ] setting player 3 freeze to 0
[21:58:00.997] [SEVERE ] removing player 3 token from slot 10
[21:58:00.997] [SEVERE ] player 3 placing token on slot 6
[21:58:01.002] [SEVERE ] setting player 4 freeze to 0
[21:58:01.002] [SEVERE ] setting player 4 freeze to 0
[21:58:01.003] [SEVERE ] setting player 4 freeze to 0
[21:58:01.003] [SEVERE ] setting player 4 freeze to 0
[21:58:01.004] [SEVERE ] removing player 4 token from slot 10
[21:58:01.004] [SEVERE ] removing player 4 token from slot 5
[21:58:01.005] [SEVERE ] player 4 placing token on slot 5
[21:58:01.005] [SEVERE ] player 4 placing token on slot 6
[21:58:01.013] [SEVERE ] setting player 1 freeze to 0
[21:58:01.013] [SEVERE ] setting player 1 freeze to 0
[21:58:01.013] [SEVERE ] setting player 1 freeze to 0
[21:58:01.013] [SEVERE ] setting player 1 freeze to 0
[21:58:01.014] [SEVERE ] removing player 1 token from slot 6
[21:58:01.014] [SEVERE ] player 1 placing token on slot 8
[21:58:01.023] [SEVERE ] setting player 2 freeze to 0
[21:58:01.023] [SEVERE ] setting player 2 freeze to 0
[21:58:01.023] [SEVERE ] setting player 2 freeze to 0
[21:58:01.024] [SEVERE ] setting player 2 freeze to 0
[21:58:01.024] [SEVERE ] removing player 2 token from slot 7
[21:58:01.025] [SEVERE ] removing player 2 token from slot 8
[21:58:01.025] [SEVERE ] player 2 placing token on slot 4
[21:58:01.026] [SEVERE ] player 2 placing token on slot 2
[21:58:01.033] [SEVERE ] updating countdown to 5000
[21:58:01.033] [SEVERE ] setting player 3 score to 1
[21:58:01.034] [SEVERE ] setting player 3 freeze to 0
[21:58:01.034] [SEVERE ] setting player 3 freeze to 0
[21:58:01.035] [SEVERE ] removing player 3 token from slot 1
[21:58:01.035] [SEVERE ] player 3 placing token on slot 7
[21:58:01.033] [SEVERE ] removing player 3 token from slot 1
[21:58:01.136] [SEVERE ] removing card from slot 1
[21:58:01.136] [SEVERE ] removing player 3 token from slot 6
[21:58:01.237] [SEVERE ] removing card from slot 6
[21:58:01.237] [SEVERE ] removing player 3 token from slot 7
[21:58:01.338] [SEVERE ] removing card from slot 7
[21:58:01.338] [SEVERE ] removing player 3 token from slot 11
[21:58:01.438] [SEVERE ] removing card from slot 11
[21:58:01.439] [SEVERE ] removing player 3 token from slot 6
[21:58:01.440] [SEVERE ] removing player 4 token from slot 6
[21:58:01.440] [SEVERE ] removing player 3 token from slot 7
[21:58:01.443] [INFO   ] thread dealer terminated.
