[15:00:25.806] [INFO   ] thread main starting.
[15:00:25.815] [SEVERE ] cannot read configuration file config.properties trying from resources.
[15:00:25.817] [SEVERE ] configuration file was loaded from resources directory.
[15:00:26.312] [INFO   ] thread dealer starting.
[15:00:26.313] [INFO   ] Thread dealer starting.
[15:00:26.420] [SEVERE ] placing card 1 in slot 0
[15:00:26.521] [SEVERE ] placing card 5 in slot 1
[15:00:26.621] [SEVERE ] placing card 55 in slot 2
[15:00:26.723] [SEVERE ] placing card 38 in slot 3
[15:00:26.824] [SEVERE ] placing card 22 in slot 4
[15:00:26.926] [SEVERE ] placing card 40 in slot 5
[15:00:27.027] [SEVERE ] placing card 48 in slot 6
[15:00:27.128] [SEVERE ] placing card 73 in slot 7
[15:00:27.229] [SEVERE ] placing card 36 in slot 8
[15:00:27.331] [SEVERE ] placing card 9 in slot 9
[15:00:27.432] [SEVERE ] placing card 42 in slot 10
[15:00:27.534] [SEVERE ] placing card 75 in slot 11
[15:00:27.534] [INFO   ] Thread Thread-2starting.
[15:00:27.535] [SEVERE ] updating countdown to 5000
[15:00:27.534] [INFO   ] Thread Thread-4starting.
[15:00:27.534] [INFO   ] Thread Thread-3starting.
[15:00:27.534] [INFO   ] Thread Thread-1starting.
[15:00:27.536] [INFO   ] Thread computer-2 starting.
[15:00:27.536] [INFO   ] Thread computer-3 starting.
[15:00:27.538] [SEVERE ] player 3 placing token on slot 6
[15:00:27.535] [INFO   ] Thread computer-1 starting.
[15:00:27.538] [SEVERE ] player 4 placing token on slot 2
[15:00:27.537] [INFO   ] Thread computer-0 starting.
[15:00:27.539] [SEVERE ] player 2 placing token on slot 10
[15:00:27.540] [SEVERE ] removing player 3 token from slot 6
[15:00:27.541] [SEVERE ] player 2 placing token on slot 3
[15:00:27.541] [SEVERE ] player 1 placing token on slot 7
[15:00:27.541] [SEVERE ] player 4 placing token on slot 0
[15:00:27.542] [SEVERE ] player 1 placing token on slot 4
[15:00:27.542] [SEVERE ] player 2 placing token on slot 9
[15:00:27.543] [SEVERE ] player 3 placing token on slot 4
[15:00:27.543] [SEVERE ] player 1 placing token on slot 3
[15:00:27.544] [SEVERE ] player 4 placing token on slot 8
[15:00:27.544] [SEVERE ] player 3 placing token on slot 10
[15:00:27.545] [SEVERE ] player 3 placing token on slot 2
[15:00:27.546] [SEVERE ] setting player 2 freeze to 0
[15:00:27.547] [SEVERE ] setting player 2 freeze to 0
[15:00:27.547] [SEVERE ] setting player 2 freeze to 0
[15:00:27.548] [SEVERE ] setting player 2 freeze to 0
[15:00:27.559] [SEVERE ] setting player 1 freeze to 0
[15:00:27.560] [SEVERE ] setting player 1 freeze to 0
[15:00:27.560] [SEVERE ] setting player 1 freeze to 0
[15:00:27.561] [SEVERE ] setting player 1 freeze to 0
[15:00:27.570] [SEVERE ] setting player 4 freeze to 0
[15:00:27.570] [SEVERE ] setting player 4 freeze to 0
[15:00:27.571] [SEVERE ] setting player 4 freeze to 0
[15:00:27.571] [SEVERE ] setting player 4 freeze to 0
[15:00:27.580] [SEVERE ] setting player 3 freeze to 0
[15:00:27.581] [SEVERE ] setting player 3 freeze to 0
[15:00:27.581] [SEVERE ] setting player 3 freeze to 0
[15:00:27.582] [SEVERE ] setting player 3 freeze to 0
[15:00:32.536] [SEVERE ] updating countdown to 5000
[15:00:32.537] [SEVERE ] updating countdown to 5000
[15:00:32.637] [SEVERE ] removing card from slot 0
[15:00:32.738] [SEVERE ] removing card from slot 1
[15:00:32.838] [SEVERE ] removing card from slot 2
[15:00:32.939] [SEVERE ] removing card from slot 3
[15:00:33.039] [SEVERE ] removing card from slot 4
[15:00:33.140] [SEVERE ] removing card from slot 5
[15:00:33.240] [SEVERE ] removing card from slot 6
[15:00:33.340] [SEVERE ] removing card from slot 7
[15:00:33.441] [SEVERE ] removing card from slot 8
[15:00:33.541] [SEVERE ] removing card from slot 9
[15:00:33.641] [SEVERE ] removing card from slot 10
[15:00:33.742] [SEVERE ] removing card from slot 11
[15:00:33.742] [SEVERE ] removing all tokens
[15:00:33.843] [SEVERE ] placing card 21 in slot 0
[15:00:33.944] [SEVERE ] placing card 35 in slot 1
[15:00:34.044] [SEVERE ] placing card 12 in slot 2
[15:00:34.144] [SEVERE ] placing card 18 in slot 3
[15:00:34.245] [SEVERE ] placing card 80 in slot 4
[15:00:34.345] [SEVERE ] placing card 6 in slot 5
[15:00:34.445] [SEVERE ] placing card 39 in slot 6
[15:00:34.546] [SEVERE ] placing card 34 in slot 7
[15:00:34.646] [SEVERE ] placing card 54 in slot 8
[15:00:34.746] [SEVERE ] placing card 28 in slot 9
[15:00:34.847] [SEVERE ] placing card 19 in slot 10
[15:00:34.947] [SEVERE ] placing card 47 in slot 11
[15:00:34.947] [INFO   ] Thread Thread-5starting.
[15:00:34.948] [INFO   ] Thread Thread-7starting.
[15:00:34.948] [SEVERE ] updating countdown to 5000
[15:00:34.947] [INFO   ] Thread Thread-6starting.
[15:00:34.955] [INFO   ] Thread computer-2 starting.
[15:00:34.954] [INFO   ] Thread computer-0 starting.
[15:00:34.953] [INFO   ] Thread Thread-8starting.
[15:00:34.955] [INFO   ] Thread computer-1 starting.
[15:00:34.960] [INFO   ] Thread computer-3 starting.
[15:00:38.948] [SEVERE ] updating countdown to 1000
[15:00:39.948] [SEVERE ] updating countdown to 5000
[15:00:39.948] [SEVERE ] updating countdown to 5000
[15:00:40.049] [SEVERE ] removing card from slot 0
[15:00:40.149] [SEVERE ] removing card from slot 1
[15:00:40.249] [SEVERE ] removing card from slot 2
[15:00:40.350] [SEVERE ] removing card from slot 3
[15:00:40.450] [SEVERE ] removing card from slot 4
[15:00:40.550] [SEVERE ] removing card from slot 5
[15:00:40.651] [SEVERE ] removing card from slot 6
[15:00:40.751] [SEVERE ] removing card from slot 7
[15:00:40.851] [SEVERE ] removing card from slot 8
[15:00:40.951] [SEVERE ] removing card from slot 9
[15:00:41.052] [SEVERE ] removing card from slot 10
[15:00:41.152] [SEVERE ] removing card from slot 11
[15:00:41.152] [SEVERE ] removing all tokens
[15:00:41.253] [SEVERE ] placing card 45 in slot 0
[15:00:41.353] [SEVERE ] placing card 56 in slot 1
[15:00:41.453] [SEVERE ] placing card 65 in slot 2
[15:00:41.554] [SEVERE ] placing card 74 in slot 3
[15:00:41.654] [SEVERE ] placing card 60 in slot 4
[15:00:41.754] [SEVERE ] placing card 52 in slot 5
[15:00:41.854] [SEVERE ] placing card 16 in slot 6
[15:00:41.955] [SEVERE ] placing card 26 in slot 7
[15:00:42.055] [SEVERE ] placing card 20 in slot 8
[15:00:42.155] [SEVERE ] placing card 79 in slot 9
[15:00:42.256] [SEVERE ] placing card 32 in slot 10
[15:00:42.356] [SEVERE ] placing card 30 in slot 11
[15:00:42.356] [INFO   ] Thread Thread-9starting.
[15:00:42.359] [INFO   ] Thread Thread-10starting.
[15:00:42.360] [INFO   ] Thread computer-0 starting.
[15:00:42.362] [INFO   ] Thread Thread-11starting.
[15:00:42.362] [INFO   ] Thread Thread-12starting.
[15:00:42.362] [SEVERE ] updating countdown to 5000
[15:00:42.362] [INFO   ] Thread computer-2 starting.
[15:00:42.364] [INFO   ] Thread computer-1 starting.
[15:00:42.366] [INFO   ] Thread computer-3 starting.
