[15:49:26.289] [INFO   ] thread main starting.
[15:49:26.294] [SEVERE ] cannot read configuration file config.properties trying from resources.
[15:49:26.296] [SEVERE ] configuration file was loaded from resources directory.
[15:49:26.661] [INFO   ] thread dealer starting.
[15:49:26.661] [INFO   ] Thread dealer starting.
[15:49:26.767] [SEVERE ] placing card 37 in slot 0
[15:49:26.868] [SEVERE ] placing card 57 in slot 1
[15:49:26.969] [SEVERE ] placing card 43 in slot 2
[15:49:27.071] [SEVERE ] placing card 29 in slot 3
[15:49:27.172] [SEVERE ] placing card 14 in slot 4
[15:49:27.273] [SEVERE ] placing card 8 in slot 5
[15:49:27.374] [SEVERE ] placing card 48 in slot 6
[15:49:27.476] [SEVERE ] placing card 21 in slot 7
[15:49:27.577] [SEVERE ] placing card 34 in slot 8
[15:49:27.678] [SEVERE ] placing card 19 in slot 9
[15:49:27.779] [SEVERE ] placing card 14 in slot 10
[15:49:27.880] [SEVERE ] placing card 13 in slot 11
[15:49:27.882] [INFO   ] Thread Thread-1starting.
[15:49:27.882] [SEVERE ] updating countdown to 10000
[15:49:27.882] [INFO   ] Thread Thread-2starting.
[15:49:27.884] [INFO   ] Thread computer-0 starting.
[15:49:27.886] [INFO   ] Thread computer-1 starting.
[15:49:27.886] [SEVERE ] player 2 placing token on slot 9
[15:49:27.882] [INFO   ] Thread Thread-3starting.
[15:49:27.891] [SEVERE ] player 2 placing token on slot 5
[15:49:27.892] [SEVERE ] player 2 placing token on slot 6
[15:49:27.886] [SEVERE ] player 1 placing token on slot 5
[15:49:27.896] [SEVERE ] player 1 placing token on slot 7
[15:49:27.898] [SEVERE ] player 1 placing token on slot 4
[15:49:27.902] [INFO   ] Thread computer-2 starting.
[15:49:27.903] [SEVERE ] player 3 placing token on slot 5
[15:49:27.904] [SEVERE ] player 3 placing token on slot 3
[15:49:27.905] [SEVERE ] player 3 placing token on slot 11
[15:49:28.889] [SEVERE ] setting player 2 freeze to 3000
[15:49:28.889] [INFO   ] thread dealer terminated.
[15:49:29.890] [SEVERE ] setting player 2 freeze to 2000
[15:49:30.890] [SEVERE ] setting player 2 freeze to 1000
[15:49:31.891] [SEVERE ] setting player 2 freeze to 0
[15:49:33.891] [SEVERE ] thanks for playing... it was fun!
[15:49:33.891] [INFO   ] thread main terminated.
[15:49:33.891] [SEVERE ] disposing of user interface elements
