[21:30:54.989] [INFO   ] thread main starting.
[21:30:54.995] [SEVERE ] cannot read configuration file config.properties trying from resources.
[21:30:54.996] [SEVERE ] configuration file was loaded from resources directory.
[21:30:55.384] [INFO   ] thread dealer starting.
[21:30:55.389] [INFO   ] Thread dealer starting.
[21:30:55.494] [SEVERE ] placing card 13 in slot 0
[21:30:55.594] [SEVERE ] placing card 46 in slot 1
[21:30:55.695] [SEVERE ] placing card 19 in slot 2
[21:30:55.796] [SEVERE ] placing card 65 in slot 3
[21:30:55.898] [SEVERE ] placing card 50 in slot 4
[21:30:55.999] [SEVERE ] placing card 64 in slot 5
[21:30:56.100] [SEVERE ] placing card 7 in slot 6
[21:30:56.201] [SEVERE ] placing card 51 in slot 7
[21:30:56.302] [SEVERE ] placing card 53 in slot 8
[21:30:56.403] [SEVERE ] placing card 34 in slot 9
[21:30:56.504] [SEVERE ] placing card 44 in slot 10
[21:30:56.606] [SEVERE ] placing card 31 in slot 11
[21:30:56.607] [INFO   ] Thread Thread-1starting.
[21:30:56.607] [SEVERE ] updating countdown to 5000
[21:30:56.610] [INFO   ] Thread computer-0 starting.
[21:30:56.612] [SEVERE ] player 1 placing token on slot 6
[21:30:56.607] [INFO   ] Thread Thread-2starting.
[21:30:56.611] [INFO   ] Thread Thread-3starting.
[21:30:56.616] [SEVERE ] player 1 placing token on slot 11
[21:30:56.608] [INFO   ] Thread Thread-4starting.
[21:30:56.618] [INFO   ] Thread computer-2 starting.
[21:30:56.619] [SEVERE ] player 3 placing token on slot 3
[21:30:56.619] [SEVERE ] player 3 placing token on slot 4
[21:30:56.616] [INFO   ] Thread computer-1 starting.
[21:30:56.626] [SEVERE ] player 2 placing token on slot 9
[21:30:56.626] [SEVERE ] player 2 placing token on slot 5
[21:30:56.627] [SEVERE ] removing player 2 token from slot 9
[21:30:56.628] [SEVERE ] player 2 placing token on slot 3
[21:30:56.628] [SEVERE ] player 2 placing token on slot 10
[21:30:56.624] [SEVERE ] player 3 placing token on slot 7
[21:30:56.620] [INFO   ] Thread computer-3 starting.
[21:30:56.626] [SEVERE ] player 1 placing token on slot 9
[21:30:56.631] [SEVERE ] player 4 placing token on slot 4
[21:30:56.633] [SEVERE ] player 4 placing token on slot 9
[21:30:56.636] [SEVERE ] player 4 placing token on slot 2
[21:30:56.636] [SEVERE ] setting player 2 freeze to 0
[21:30:56.637] [SEVERE ] setting player 2 freeze to 0
[21:30:56.640] [SEVERE ] setting player 2 freeze to 0
[21:30:56.641] [SEVERE ] setting player 2 freeze to 0
[21:30:56.641] [SEVERE ] removing player 2 token from slot 3
[21:30:56.642] [SEVERE ] player 2 placing token on slot 7
[21:30:56.646] [SEVERE ] setting player 3 freeze to 0
[21:30:56.646] [SEVERE ] setting player 3 freeze to 0
[21:30:56.647] [SEVERE ] setting player 3 freeze to 0
[21:30:56.647] [SEVERE ] setting player 3 freeze to 0
[21:30:56.648] [SEVERE ] removing player 3 token from slot 3
[21:30:56.649] [SEVERE ] player 3 placing token on slot 6
[21:30:56.657] [SEVERE ] setting player 1 freeze to 0
[21:30:56.658] [SEVERE ] setting player 1 freeze to 0
[21:30:56.658] [SEVERE ] setting player 1 freeze to 0
[21:30:56.659] [SEVERE ] setting player 1 freeze to 0
[21:30:56.659] [SEVERE ] removing player 1 token from slot 6
[21:30:56.660] [SEVERE ] removing player 1 token from slot 9
[21:30:56.660] [SEVERE ] player 1 placing token on slot 9
[21:30:56.661] [SEVERE ] player 1 placing token on slot 5
[21:30:56.667] [SEVERE ] setting player 4 freeze to 0
[21:30:56.667] [SEVERE ] setting player 4 freeze to 0
[21:30:56.667] [SEVERE ] setting player 4 freeze to 0
[21:30:56.668] [SEVERE ] setting player 4 freeze to 0
[21:30:56.669] [SEVERE ] removing player 4 token from slot 9
[21:30:56.669] [SEVERE ] player 4 placing token on slot 7
[21:30:56.677] [SEVERE ] setting player 2 freeze to 0
[21:30:56.677] [SEVERE ] setting player 2 freeze to 0
[21:30:56.678] [SEVERE ] setting player 2 freeze to 0
[21:30:56.678] [SEVERE ] setting player 2 freeze to 0
[21:30:56.679] [SEVERE ] removing player 2 token from slot 10
[21:30:56.679] [SEVERE ] player 2 placing token on slot 4
[21:30:56.688] [SEVERE ] setting player 3 freeze to 0
[21:30:56.688] [SEVERE ] setting player 3 freeze to 0
[21:30:56.688] [SEVERE ] setting player 3 freeze to 0
[21:30:56.689] [SEVERE ] setting player 3 freeze to 0
[21:30:56.689] [SEVERE ] removing player 3 token from slot 7
[21:30:56.690] [SEVERE ] player 3 placing token on slot 2
[21:30:56.698] [SEVERE ] setting player 1 freeze to 0
[21:30:56.698] [SEVERE ] setting player 1 freeze to 0
[21:30:56.698] [SEVERE ] setting player 1 freeze to 0
[21:30:56.699] [SEVERE ] setting player 1 freeze to 0
[21:30:56.699] [SEVERE ] removing player 1 token from slot 9
[21:30:56.700] [SEVERE ] player 1 placing token on slot 7
[21:30:56.709] [SEVERE ] setting player 4 freeze to 0
[21:30:56.709] [SEVERE ] setting player 4 freeze to 0
[21:30:56.709] [SEVERE ] setting player 4 freeze to 0
[21:30:56.710] [SEVERE ] setting player 4 freeze to 0
[21:30:56.710] [SEVERE ] removing player 4 token from slot 4
[21:30:56.711] [SEVERE ] player 4 placing token on slot 10
[21:30:56.720] [SEVERE ] setting player 2 freeze to 0
[21:30:56.720] [SEVERE ] setting player 2 freeze to 0
[21:30:56.720] [SEVERE ] setting player 2 freeze to 0
[21:30:56.721] [SEVERE ] setting player 2 freeze to 0
[21:30:56.721] [SEVERE ] removing player 2 token from slot 4
[21:30:56.723] [SEVERE ] player 2 placing token on slot 2
[21:30:56.730] [SEVERE ] setting player 3 freeze to 0
[21:30:56.730] [SEVERE ] setting player 3 freeze to 0
[21:30:56.731] [SEVERE ] setting player 3 freeze to 0
[21:30:56.731] [SEVERE ] setting player 3 freeze to 0
[21:30:56.732] [SEVERE ] removing player 3 token from slot 2
[21:30:56.733] [SEVERE ] removing player 3 token from slot 6
[21:30:56.733] [SEVERE ] player 3 placing token on slot 2
[21:30:56.733] [SEVERE ] removing player 3 token from slot 2
[21:30:56.734] [SEVERE ] player 3 placing token on slot 11
[21:30:56.735] [SEVERE ] player 3 placing token on slot 8
[21:30:56.740] [SEVERE ] setting player 1 freeze to 0
[21:30:56.740] [SEVERE ] setting player 1 freeze to 0
[21:30:56.741] [SEVERE ] setting player 1 freeze to 0
[21:30:56.741] [SEVERE ] setting player 1 freeze to 0
[21:30:56.742] [SEVERE ] removing player 1 token from slot 11
[21:30:56.743] [SEVERE ] player 1 placing token on slot 11
[21:30:56.750] [SEVERE ] setting player 4 freeze to 0
[21:30:56.751] [SEVERE ] setting player 4 freeze to 0
[21:30:56.751] [SEVERE ] setting player 4 freeze to 0
[21:30:56.751] [SEVERE ] setting player 4 freeze to 0
[21:30:56.752] [SEVERE ] removing player 4 token from slot 10
[21:30:56.752] [SEVERE ] player 4 placing token on slot 5
[21:30:56.761] [SEVERE ] setting player 2 freeze to 0
[21:30:56.762] [SEVERE ] setting player 2 freeze to 0
[21:30:56.762] [SEVERE ] setting player 2 freeze to 0
[21:30:56.763] [SEVERE ] setting player 2 freeze to 0
[21:30:56.763] [SEVERE ] removing player 2 token from slot 5
[21:30:56.764] [SEVERE ] player 2 placing token on slot 10
[21:30:56.776] [SEVERE ] setting player 3 freeze to 0
[21:30:56.776] [SEVERE ] setting player 3 freeze to 0
[21:30:56.776] [SEVERE ] setting player 3 freeze to 0
[21:30:56.777] [SEVERE ] setting player 3 freeze to 0
[21:30:56.778] [SEVERE ] removing player 3 token from slot 11
[21:30:56.778] [SEVERE ] player 3 placing token on slot 1
[21:30:56.786] [SEVERE ] setting player 1 freeze to 0
[21:30:56.786] [SEVERE ] setting player 1 freeze to 0
[21:30:56.787] [SEVERE ] setting player 1 freeze to 0
[21:30:56.787] [SEVERE ] setting player 1 freeze to 0
[21:30:56.788] [SEVERE ] removing player 1 token from slot 11
[21:30:56.788] [SEVERE ] removing player 1 token from slot 7
[21:30:56.788] [SEVERE ] player 1 placing token on slot 7
[21:30:56.789] [SEVERE ] player 1 placing token on slot 3
[21:30:56.796] [SEVERE ] setting player 4 freeze to 0
[21:30:56.797] [SEVERE ] setting player 4 freeze to 0
[21:30:56.797] [SEVERE ] setting player 4 freeze to 0
[21:30:56.798] [SEVERE ] setting player 4 freeze to 0
[21:30:56.799] [SEVERE ] removing player 4 token from slot 7
[21:30:56.801] [SEVERE ] player 4 placing token on slot 11
[21:30:56.806] [SEVERE ] setting player 2 freeze to 0
[21:30:56.807] [SEVERE ] setting player 2 freeze to 0
[21:30:56.807] [SEVERE ] setting player 2 freeze to 0
[21:30:56.808] [SEVERE ] setting player 2 freeze to 0
[21:30:56.808] [SEVERE ] removing player 2 token from slot 7
[21:30:56.808] [SEVERE ] player 2 placing token on slot 9
[21:30:56.817] [SEVERE ] setting player 3 freeze to 0
[21:30:56.818] [SEVERE ] setting player 3 freeze to 0
[21:30:56.818] [SEVERE ] setting player 3 freeze to 0
[21:30:56.819] [SEVERE ] setting player 3 freeze to 0
[21:30:56.819] [SEVERE ] removing player 3 token from slot 4
[21:30:56.820] [SEVERE ] player 3 placing token on slot 4
[21:30:56.828] [SEVERE ] setting player 1 freeze to 0
[21:30:56.829] [SEVERE ] setting player 1 freeze to 0
[21:30:56.829] [SEVERE ] setting player 1 freeze to 0
[21:30:56.829] [SEVERE ] setting player 1 freeze to 0
[21:30:56.830] [SEVERE ] removing player 1 token from slot 5
[21:30:56.831] [SEVERE ] player 1 placing token on slot 5
[21:30:56.838] [SEVERE ] setting player 4 freeze to 0
[21:30:56.838] [SEVERE ] setting player 4 freeze to 0
[21:30:56.839] [SEVERE ] setting player 4 freeze to 0
[21:30:56.839] [SEVERE ] setting player 4 freeze to 0
[21:30:56.840] [SEVERE ] removing player 4 token from slot 11
[21:30:56.840] [SEVERE ] player 4 placing token on slot 6
[21:30:56.849] [SEVERE ] setting player 2 freeze to 0
[21:30:56.850] [SEVERE ] setting player 2 freeze to 0
[21:30:56.850] [SEVERE ] setting player 2 freeze to 0
[21:30:56.851] [SEVERE ] setting player 2 freeze to 0
[21:30:56.851] [SEVERE ] removing player 2 token from slot 2
[21:30:56.852] [SEVERE ] player 2 placing token on slot 5
[21:30:56.860] [SEVERE ] setting player 3 freeze to 0
[21:30:56.860] [SEVERE ] setting player 3 freeze to 0
[21:30:56.861] [SEVERE ] setting player 3 freeze to 0
[21:30:56.861] [SEVERE ] setting player 3 freeze to 0
[21:30:56.862] [SEVERE ] removing player 3 token from slot 8
[21:30:56.862] [SEVERE ] player 3 placing token on slot 2
[21:30:56.870] [SEVERE ] setting player 1 freeze to 0
[21:30:56.871] [SEVERE ] setting player 1 freeze to 0
[21:30:56.871] [SEVERE ] setting player 1 freeze to 0
[21:30:56.872] [SEVERE ] setting player 1 freeze to 0
[21:30:56.872] [SEVERE ] removing player 1 token from slot 7
[21:30:56.873] [SEVERE ] player 1 placing token on slot 1
[21:30:56.882] [SEVERE ] setting player 4 freeze to 0
[21:30:56.882] [SEVERE ] setting player 4 freeze to 0
[21:30:56.885] [SEVERE ] setting player 4 freeze to 0
[21:30:56.892] [SEVERE ] setting player 2 freeze to 0
[21:30:56.900] [SEVERE ] setting player 2 freeze to 0
[21:30:56.900] [SEVERE ] setting player 4 freeze to 0
[21:30:56.901] [SEVERE ] removing player 4 token from slot 6
[21:30:56.901] [SEVERE ] player 4 placing token on slot 6
[21:30:56.902] [SEVERE ] setting player 3 freeze to 0
[21:30:56.903] [SEVERE ] setting player 2 freeze to 0
[21:30:56.903] [SEVERE ] setting player 3 freeze to 0
[21:30:56.909] [SEVERE ] setting player 2 freeze to 0
[21:30:56.909] [SEVERE ] removing player 2 token from slot 5
[21:30:56.909] [SEVERE ] player 2 placing token on slot 11
[21:30:56.909] [SEVERE ] setting player 3 freeze to 0
[21:30:56.912] [SEVERE ] setting player 3 freeze to 0
[21:30:56.912] [SEVERE ] removing player 3 token from slot 1
[21:30:56.912] [SEVERE ] player 3 placing token on slot 1
[21:30:56.913] [SEVERE ] setting player 1 freeze to 0
[21:30:56.913] [SEVERE ] setting player 1 freeze to 0
[21:30:56.922] [SEVERE ] setting player 1 freeze to 0
[21:30:56.922] [SEVERE ] setting player 1 freeze to 0
[21:30:56.922] [SEVERE ] removing player 1 token from slot 3
[21:30:56.923] [SEVERE ] player 1 placing token on slot 6
[21:30:56.926] [SEVERE ] setting player 4 freeze to 0
[21:30:56.927] [SEVERE ] setting player 4 freeze to 0
[21:30:56.927] [SEVERE ] setting player 4 freeze to 0
[21:30:56.927] [SEVERE ] setting player 4 freeze to 0
[21:30:56.928] [SEVERE ] removing player 4 token from slot 2
[21:30:56.928] [SEVERE ] player 4 placing token on slot 10
[21:30:56.936] [SEVERE ] setting player 2 freeze to 0
[21:30:56.936] [SEVERE ] setting player 2 freeze to 0
[21:30:56.937] [SEVERE ] setting player 2 freeze to 0
[21:30:56.937] [SEVERE ] setting player 2 freeze to 0
[21:30:56.938] [SEVERE ] removing player 2 token from slot 11
[21:30:56.938] [SEVERE ] player 2 placing token on slot 3
[21:30:56.947] [SEVERE ] setting player 3 freeze to 0
[21:30:56.947] [SEVERE ] setting player 3 freeze to 0
[21:30:56.947] [SEVERE ] setting player 3 freeze to 0
[21:30:56.948] [SEVERE ] setting player 3 freeze to 0
[21:30:56.948] [SEVERE ] removing player 3 token from slot 2
[21:30:56.949] [SEVERE ] player 3 placing token on slot 10
[21:30:56.957] [SEVERE ] setting player 1 freeze to 0
[21:30:56.957] [SEVERE ] setting player 1 freeze to 0
[21:30:56.957] [SEVERE ] setting player 1 freeze to 0
[21:30:56.958] [SEVERE ] setting player 1 freeze to 0
[21:30:56.958] [SEVERE ] removing player 1 token from slot 5
[21:30:56.959] [SEVERE ] player 1 placing token on slot 9
[21:30:56.967] [SEVERE ] setting player 4 freeze to 0
[21:30:56.967] [SEVERE ] setting player 4 freeze to 0
[21:30:56.968] [SEVERE ] setting player 4 freeze to 0
[21:30:56.968] [SEVERE ] setting player 4 freeze to 0
[21:30:56.969] [SEVERE ] removing player 4 token from slot 5
[21:30:56.969] [SEVERE ] removing player 4 token from slot 6
[21:30:56.970] [SEVERE ] player 4 placing token on slot 7
[21:30:56.970] [SEVERE ] player 4 placing token on slot 2
[21:30:56.977] [SEVERE ] setting player 2 freeze to 0
[21:30:56.978] [SEVERE ] setting player 2 freeze to 0
[21:30:56.978] [SEVERE ] setting player 2 freeze to 0
[21:30:56.979] [SEVERE ] setting player 2 freeze to 0
[21:30:56.979] [SEVERE ] removing player 2 token from slot 3
[21:30:56.979] [SEVERE ] removing player 2 token from slot 9
[21:30:56.980] [SEVERE ] player 2 placing token on slot 5
[21:30:56.981] [SEVERE ] player 2 placing token on slot 1
[21:30:56.988] [SEVERE ] setting player 3 freeze to 0
[21:30:56.989] [SEVERE ] setting player 3 freeze to 0
[21:30:56.989] [SEVERE ] setting player 3 freeze to 0
[21:30:56.989] [SEVERE ] setting player 3 freeze to 0
[21:30:56.990] [SEVERE ] removing player 3 token from slot 4
[21:30:56.990] [SEVERE ] player 3 placing token on slot 7
[21:30:56.998] [SEVERE ] setting player 1 freeze to 0
[21:30:56.999] [SEVERE ] setting player 1 freeze to 0
[21:30:56.999] [SEVERE ] setting player 1 freeze to 0
[21:30:56.999] [SEVERE ] setting player 1 freeze to 0
[21:30:57.000] [SEVERE ] removing player 1 token from slot 6
[21:30:57.000] [SEVERE ] player 1 placing token on slot 10
[21:30:57.013] [SEVERE ] setting player 4 freeze to 0
[21:30:57.014] [SEVERE ] setting player 4 freeze to 0
[21:30:57.015] [SEVERE ] setting player 4 freeze to 0
[21:30:57.015] [SEVERE ] setting player 4 freeze to 0
[21:30:57.016] [SEVERE ] removing player 4 token from slot 10
[21:30:57.016] [SEVERE ] player 4 placing token on slot 1
[21:30:57.019] [SEVERE ] setting player 2 freeze to 0
[21:30:57.019] [SEVERE ] setting player 2 freeze to 0
[21:30:57.019] [SEVERE ] setting player 2 freeze to 0
[21:30:57.020] [SEVERE ] setting player 2 freeze to 0
[21:30:57.020] [SEVERE ] removing player 2 token from slot 1
[21:30:57.021] [SEVERE ] player 2 placing token on slot 6
[21:30:57.029] [SEVERE ] setting player 3 freeze to 0
[21:30:57.029] [SEVERE ] setting player 3 freeze to 0
[21:30:57.029] [SEVERE ] setting player 3 freeze to 0
[21:30:57.030] [SEVERE ] setting player 3 freeze to 0
[21:30:57.031] [SEVERE ] removing player 3 token from slot 10
[21:30:57.031] [SEVERE ] player 3 placing token on slot 3
[21:30:57.039] [SEVERE ] setting player 1 freeze to 0
[21:30:57.040] [SEVERE ] setting player 1 freeze to 0
[21:30:57.040] [SEVERE ] setting player 1 freeze to 0
[21:30:57.041] [SEVERE ] setting player 1 freeze to 0
[21:30:57.041] [SEVERE ] removing player 1 token from slot 10
[21:30:57.042] [SEVERE ] player 1 placing token on slot 3
[21:30:57.049] [SEVERE ] setting player 4 freeze to 0
[21:30:57.049] [SEVERE ] setting player 4 freeze to 0
[21:30:57.050] [SEVERE ] setting player 4 freeze to 0
[21:30:57.050] [SEVERE ] setting player 4 freeze to 0
[21:30:57.051] [SEVERE ] removing player 4 token from slot 7
[21:30:57.051] [SEVERE ] player 4 placing token on slot 5
[21:30:57.060] [SEVERE ] setting player 2 freeze to 0
[21:30:57.060] [SEVERE ] setting player 2 freeze to 0
[21:30:57.060] [SEVERE ] setting player 2 freeze to 0
[21:30:57.061] [SEVERE ] setting player 2 freeze to 0
[21:30:57.061] [SEVERE ] removing player 2 token from slot 10
[21:30:57.062] [SEVERE ] player 2 placing token on slot 1
[21:30:57.070] [SEVERE ] setting player 3 freeze to 0
[21:30:57.070] [SEVERE ] setting player 3 freeze to 0
[21:30:57.071] [SEVERE ] setting player 3 freeze to 0
[21:30:57.071] [SEVERE ] setting player 3 freeze to 0
[21:30:57.072] [SEVERE ] removing player 3 token from slot 1
[21:30:57.072] [SEVERE ] player 3 placing token on slot 9
[21:30:57.080] [SEVERE ] setting player 1 freeze to 0
[21:30:57.080] [SEVERE ] setting player 1 freeze to 0
[21:30:57.081] [SEVERE ] setting player 1 freeze to 0
[21:30:57.081] [SEVERE ] setting player 1 freeze to 0
[21:30:57.082] [SEVERE ] removing player 1 token from slot 1
[21:30:57.082] [SEVERE ] player 1 placing token on slot 2
[21:30:57.093] [SEVERE ] setting player 4 freeze to 0
[21:30:57.093] [SEVERE ] setting player 4 freeze to 0
[21:30:57.094] [SEVERE ] setting player 4 freeze to 0
[21:30:57.094] [SEVERE ] setting player 4 freeze to 0
[21:30:57.095] [SEVERE ] removing player 4 token from slot 2
[21:30:57.095] [SEVERE ] player 4 placing token on slot 7
[21:30:57.103] [SEVERE ] setting player 2 freeze to 0
[21:30:57.104] [SEVERE ] setting player 2 freeze to 0
[21:30:57.104] [SEVERE ] setting player 2 freeze to 0
[21:30:57.104] [SEVERE ] setting player 2 freeze to 0
[21:30:57.105] [SEVERE ] removing player 2 token from slot 1
[21:30:57.105] [SEVERE ] player 2 placing token on slot 7
[21:30:57.114] [SEVERE ] setting player 3 freeze to 0
[21:30:57.114] [SEVERE ] setting player 3 freeze to 0
[21:30:57.114] [SEVERE ] setting player 3 freeze to 0
[21:30:57.115] [SEVERE ] setting player 3 freeze to 0
[21:30:57.115] [SEVERE ] removing player 3 token from slot 9
[21:30:57.116] [SEVERE ] player 3 placing token on slot 4
[21:30:57.124] [SEVERE ] setting player 1 freeze to 0
[21:30:57.125] [SEVERE ] setting player 1 freeze to 0
[21:30:57.131] [SEVERE ] setting player 1 freeze to 0
[21:30:57.131] [SEVERE ] setting player 1 freeze to 0
[21:30:57.132] [SEVERE ] removing player 1 token from slot 3
[21:30:57.132] [SEVERE ] player 1 placing token on slot 8
[21:30:57.134] [SEVERE ] setting player 4 freeze to 0
[21:30:57.135] [SEVERE ] setting player 4 freeze to 0
[21:30:57.135] [SEVERE ] setting player 4 freeze to 0
[21:30:57.135] [SEVERE ] setting player 4 freeze to 0
[21:30:57.136] [SEVERE ] removing player 4 token from slot 5
[21:30:57.136] [SEVERE ] player 4 placing token on slot 2
[21:30:57.145] [SEVERE ] setting player 2 freeze to 0
[21:30:57.145] [SEVERE ] setting player 2 freeze to 0
[21:30:57.146] [SEVERE ] setting player 2 freeze to 0
[21:30:57.146] [SEVERE ] setting player 2 freeze to 0
[21:30:57.147] [SEVERE ] removing player 2 token from slot 6
[21:30:57.147] [SEVERE ] player 2 placing token on slot 11
[21:30:57.155] [SEVERE ] setting player 3 freeze to 0
[21:30:57.155] [SEVERE ] setting player 3 freeze to 0
[21:30:57.155] [SEVERE ] setting player 3 freeze to 0
[21:30:57.156] [SEVERE ] setting player 3 freeze to 0
[21:30:57.156] [SEVERE ] removing player 3 token from slot 3
[21:30:57.157] [SEVERE ] player 3 placing token on slot 10
[21:30:57.166] [SEVERE ] setting player 1 freeze to 0
[21:30:57.167] [SEVERE ] setting player 1 freeze to 0
[21:30:57.167] [SEVERE ] setting player 1 freeze to 0
[21:30:57.167] [SEVERE ] setting player 1 freeze to 0
[21:30:57.168] [SEVERE ] removing player 1 token from slot 2
[21:30:57.168] [SEVERE ] player 1 placing token on slot 7
[21:30:57.175] [SEVERE ] setting player 4 freeze to 0
[21:30:57.176] [SEVERE ] setting player 4 freeze to 0
[21:30:57.176] [SEVERE ] setting player 4 freeze to 0
[21:30:57.176] [SEVERE ] setting player 4 freeze to 0
[21:30:57.177] [SEVERE ] removing player 4 token from slot 2
[21:30:57.177] [SEVERE ] player 4 placing token on slot 8
[21:30:57.186] [SEVERE ] setting player 2 freeze to 0
[21:30:57.186] [SEVERE ] setting player 2 freeze to 0
[21:30:57.186] [SEVERE ] setting player 2 freeze to 0
[21:30:57.187] [SEVERE ] setting player 2 freeze to 0
[21:30:57.187] [SEVERE ] removing player 2 token from slot 7
[21:30:57.188] [SEVERE ] player 2 placing token on slot 6
[21:30:57.196] [SEVERE ] setting player 3 freeze to 0
[21:30:57.196] [SEVERE ] setting player 3 freeze to 0
[21:30:57.197] [SEVERE ] setting player 3 freeze to 0
[21:30:57.197] [SEVERE ] setting player 3 freeze to 0
[21:30:57.197] [SEVERE ] removing player 3 token from slot 10
[21:30:57.198] [SEVERE ] player 3 placing token on slot 10
[21:30:57.206] [SEVERE ] setting player 1 freeze to 0
[21:30:57.206] [SEVERE ] setting player 1 freeze to 0
[21:30:57.207] [SEVERE ] setting player 1 freeze to 0
[21:30:57.207] [SEVERE ] setting player 1 freeze to 0
[21:30:57.207] [SEVERE ] removing player 1 token from slot 7
[21:30:57.208] [SEVERE ] player 1 placing token on slot 1
[21:30:57.216] [SEVERE ] setting player 4 freeze to 0
[21:30:57.217] [SEVERE ] setting player 4 freeze to 0
[21:30:57.217] [SEVERE ] setting player 4 freeze to 0
[21:30:57.218] [SEVERE ] setting player 4 freeze to 0
[21:30:57.218] [SEVERE ] removing player 4 token from slot 8
[21:30:57.219] [SEVERE ] player 4 placing token on slot 11
[21:30:57.227] [SEVERE ] setting player 2 freeze to 0
[21:30:57.227] [SEVERE ] setting player 2 freeze to 0
[21:30:57.227] [SEVERE ] setting player 2 freeze to 0
[21:30:57.228] [SEVERE ] setting player 2 freeze to 0
[21:30:57.228] [SEVERE ] removing player 2 token from slot 11
[21:30:57.229] [SEVERE ] removing player 2 token from slot 6
[21:30:57.229] [SEVERE ] player 2 placing token on slot 4
[21:30:57.230] [SEVERE ] player 2 placing token on slot 3
[21:30:57.237] [SEVERE ] setting player 3 freeze to 0
[21:30:57.237] [SEVERE ] setting player 3 freeze to 0
[21:30:57.238] [SEVERE ] setting player 3 freeze to 0
[21:30:57.238] [SEVERE ] setting player 3 freeze to 0
[21:30:57.239] [SEVERE ] removing player 3 token from slot 10
[21:30:57.240] [SEVERE ] player 3 placing token on slot 3
[21:30:57.247] [SEVERE ] setting player 1 freeze to 0
[21:30:57.247] [SEVERE ] setting player 1 freeze to 0
[21:30:57.248] [SEVERE ] setting player 1 freeze to 0
[21:30:57.248] [SEVERE ] setting player 1 freeze to 0
[21:30:57.249] [SEVERE ] removing player 1 token from slot 8
[21:30:57.250] [SEVERE ] player 1 placing token on slot 7
[21:30:57.257] [SEVERE ] setting player 4 freeze to 0
[21:30:57.258] [SEVERE ] setting player 4 freeze to 0
[21:30:57.258] [SEVERE ] setting player 4 freeze to 0
[21:30:57.259] [SEVERE ] setting player 4 freeze to 0
[21:30:57.259] [SEVERE ] removing player 4 token from slot 11
[21:30:57.260] [SEVERE ] player 4 placing token on slot 8
[21:30:57.268] [SEVERE ] setting player 2 freeze to 0
[21:30:57.270] [SEVERE ] setting player 2 freeze to 0
[21:30:57.270] [SEVERE ] setting player 2 freeze to 0
[21:30:57.270] [SEVERE ] setting player 2 freeze to 0
[21:30:57.271] [SEVERE ] removing player 2 token from slot 5
[21:30:57.271] [SEVERE ] player 2 placing token on slot 5
[21:30:57.279] [SEVERE ] setting player 3 freeze to 0
[21:30:57.279] [SEVERE ] setting player 3 freeze to 0
[21:30:57.279] [SEVERE ] setting player 3 freeze to 0
[21:30:57.280] [SEVERE ] setting player 3 freeze to 0
[21:30:57.280] [SEVERE ] removing player 3 token from slot 4
[21:30:57.281] [SEVERE ] removing player 3 token from slot 3
[21:30:57.281] [SEVERE ] player 3 placing token on slot 1
[21:30:57.282] [SEVERE ] player 3 placing token on slot 6
[21:30:57.289] [SEVERE ] setting player 1 freeze to 0
[21:30:57.290] [SEVERE ] setting player 1 freeze to 0
[21:30:57.290] [SEVERE ] setting player 1 freeze to 0
[21:30:57.290] [SEVERE ] setting player 1 freeze to 0
[21:30:57.291] [SEVERE ] removing player 1 token from slot 7
[21:30:57.291] [SEVERE ] player 1 placing token on slot 10
[21:30:57.302] [SEVERE ] setting player 4 freeze to 0
[21:30:57.306] [SEVERE ] setting player 4 freeze to 0
[21:30:57.306] [SEVERE ] setting player 4 freeze to 0
[21:30:57.306] [SEVERE ] setting player 4 freeze to 0
[21:30:57.307] [SEVERE ] removing player 4 token from slot 8
[21:30:57.307] [SEVERE ] player 4 placing token on slot 4
[21:30:57.312] [SEVERE ] setting player 2 freeze to 0
[21:30:57.312] [SEVERE ] setting player 2 freeze to 0
[21:30:57.313] [SEVERE ] setting player 2 freeze to 0
[21:30:57.313] [SEVERE ] setting player 2 freeze to 0
[21:30:57.314] [SEVERE ] removing player 2 token from slot 5
[21:30:57.315] [SEVERE ] player 2 placing token on slot 10
[21:30:57.323] [SEVERE ] setting player 3 freeze to 0
[21:30:57.323] [SEVERE ] setting player 3 freeze to 0
[21:30:57.323] [SEVERE ] setting player 3 freeze to 0
[21:30:57.324] [SEVERE ] setting player 3 freeze to 0
[21:30:57.324] [SEVERE ] removing player 3 token from slot 7
[21:30:57.324] [SEVERE ] player 3 placing token on slot 5
[21:30:57.333] [SEVERE ] setting player 1 freeze to 0
[21:30:57.333] [SEVERE ] setting player 1 freeze to 0
[21:30:57.334] [SEVERE ] setting player 1 freeze to 0
[21:30:57.334] [SEVERE ] setting player 1 freeze to 0
[21:30:57.335] [SEVERE ] removing player 1 token from slot 10
[21:30:57.335] [SEVERE ] player 1 placing token on slot 3
[21:30:57.343] [SEVERE ] updating countdown to 5000
[21:30:57.343] [SEVERE ] setting player 4 score to 1
[21:30:57.344] [SEVERE ] setting player 4 freeze to 0
[21:30:57.344] [SEVERE ] setting player 4 freeze to 0
[21:30:57.344] [SEVERE ] removing player 4 token from slot 1
[21:30:57.344] [SEVERE ] player 4 placing token on slot 9
