[16:27:42.925] [INFO   ] thread main starting.
[16:27:42.935] [SEVERE ] cannot read configuration file config.properties trying from resources.
[16:27:42.938] [SEVERE ] configuration file was loaded from resources directory.
[16:27:43.930] [INFO   ] thread dealer starting.
[16:27:43.946] [INFO   ] Thread dealer starting.
[16:27:44.059] [SEVERE ] placing card 53 in slot 0
[16:27:44.159] [SEVERE ] placing card 38 in slot 1
[16:27:44.264] [SEVERE ] placing card 74 in slot 2
[16:27:44.365] [SEVERE ] placing card 37 in slot 3
[16:27:44.466] [SEVERE ] placing card 28 in slot 4
[16:27:44.566] [SEVERE ] placing card 39 in slot 5
[16:27:44.667] [SEVERE ] placing card 48 in slot 6
[16:27:44.767] [SEVERE ] placing card 65 in slot 7
[16:27:44.868] [SEVERE ] placing card 57 in slot 8
[16:27:44.968] [SEVERE ] placing card 75 in slot 9
[16:27:45.070] [SEVERE ] placing card 63 in slot 10
[16:27:45.170] [SEVERE ] placing card 13 in slot 11
[16:27:45.171] [INFO   ] Thread Thread-1starting.
[16:27:45.171] [INFO   ] Thread Thread-2starting.
[16:27:45.182] [INFO   ] Thread Thread-4starting.
[16:27:45.182] [SEVERE ] updating countdown to 5000
[16:27:45.182] [INFO   ] Thread Thread-3starting.
[16:27:45.198] [INFO   ] Thread computer-0 starting.
[16:27:45.199] [SEVERE ] player 1 placing token on slot 4
[16:27:45.199] [SEVERE ] player 1 placing token on slot 9
[16:27:45.199] [SEVERE ] player 1 placing token on slot 10
[16:27:45.202] [INFO   ] Thread computer-3 starting.
[16:27:45.206] [SEVERE ] player 4 placing token on slot 1
[16:27:45.210] [SEVERE ] player 4 placing token on slot 2
[16:27:45.214] [SEVERE ] player 4 placing token on slot 6
[16:27:45.218] [INFO   ] Thread computer-2 starting.
[16:27:45.218] [SEVERE ] player 3 placing token on slot 3
[16:27:45.219] [SEVERE ] player 3 placing token on slot 5
[16:27:45.219] [SEVERE ] player 3 placing token on slot 9
[16:27:45.207] [INFO   ] thread dealer terminated.
[16:27:45.214] [INFO   ] Thread computer-1 starting.
[16:27:45.234] [SEVERE ] player 2 placing token on slot 8
[16:27:45.234] [SEVERE ] player 2 placing token on slot 0
[16:27:45.235] [SEVERE ] player 2 placing token on slot 2
[16:27:50.226] [SEVERE ] thanks for playing... it was fun!
[16:27:50.226] [INFO   ] thread main terminated.
[16:27:50.227] [SEVERE ] disposing of user interface elements
