[22:35:50.442] [INFO   ] thread main starting.
[22:35:50.449] [SEVERE ] cannot read configuration file config.properties trying from resources.
[22:35:50.450] [SEVERE ] configuration file was loaded from resources directory.
[22:35:51.036] [INFO   ] thread dealer starting.
[22:35:51.037] [INFO   ] Thread dealer starting.
[22:35:51.144] [SEVERE ] placing card 33 in slot 0
[22:35:51.244] [SEVERE ] placing card 40 in slot 1
[22:35:51.346] [SEVERE ] placing card 76 in slot 2
[22:35:51.447] [SEVERE ] placing card 34 in slot 3
[22:35:51.548] [SEVERE ] placing card 67 in slot 4
[22:35:51.649] [SEVERE ] placing card 29 in slot 5
[22:35:51.750] [SEVERE ] placing card 27 in slot 6
[22:35:51.851] [SEVERE ] placing card 74 in slot 7
[22:35:51.952] [SEVERE ] placing card 64 in slot 8
[22:35:52.053] [SEVERE ] placing card 37 in slot 9
[22:35:52.155] [SEVERE ] placing card 16 in slot 10
[22:35:52.256] [SEVERE ] placing card 28 in slot 11
[22:35:52.258] [INFO   ] Thread Thread-1starting.
[22:35:52.258] [INFO   ] Thread Thread-2starting.
[22:35:52.260] [SEVERE ] updating countdown to 5000
[22:35:52.262] [INFO   ] Thread Thread-4starting.
[22:35:52.266] [INFO   ] Thread computer-3 starting.
[22:35:52.266] [SEVERE ] player 4 placing token on slot 6
[22:35:52.259] [INFO   ] Thread Thread-3starting.
[22:35:52.267] [SEVERE ] player 4 placing token on slot 11
[22:35:52.261] [INFO   ] Thread computer-0 starting.
[22:35:52.271] [SEVERE ] player 1 placing token on slot 7
[22:35:52.271] [SEVERE ] player 1 placing token on slot 1
[22:35:52.272] [SEVERE ] player 1 placing token on slot 4
[22:35:52.272] [INFO   ] Thread computer-1 starting.
[22:35:52.272] [SEVERE ] player 2 placing token on slot 10
[22:35:52.274] [SEVERE ] setting player 1 freeze to 0
[22:35:52.275] [SEVERE ] setting player 1 freeze to 0
[22:35:52.275] [SEVERE ] setting player 1 freeze to 0
[22:35:52.276] [SEVERE ] setting player 1 freeze to 0
[22:35:52.276] [SEVERE ] removing player 1 token from slot 4
[22:35:52.277] [SEVERE ] player 1 placing token on slot 8
[22:35:52.277] [INFO   ] Thread computer-2 starting.
[22:35:52.278] [SEVERE ] player 3 placing token on slot 4
[22:35:52.278] [SEVERE ] player 3 placing token on slot 1
[22:35:52.279] [SEVERE ] player 3 placing token on slot 8
[22:35:52.271] [SEVERE ] player 4 placing token on slot 5
[22:35:52.289] [SEVERE ] setting player 1 freeze to 0
[22:35:52.290] [SEVERE ] setting player 1 freeze to 0
[22:35:52.290] [SEVERE ] setting player 1 freeze to 0
[22:35:52.291] [SEVERE ] setting player 1 freeze to 0
[22:35:52.291] [SEVERE ] removing player 1 token from slot 7
[22:35:52.292] [SEVERE ] player 1 placing token on slot 2
[22:35:52.293] [SEVERE ] player 2 placing token on slot 2
[22:35:52.293] [SEVERE ] player 2 placing token on slot 5
[22:35:52.301] [SEVERE ] setting player 3 freeze to 0
[22:35:52.301] [SEVERE ] setting player 3 freeze to 0
[22:35:52.301] [SEVERE ] setting player 3 freeze to 0
[22:35:52.301] [SEVERE ] setting player 3 freeze to 0
[22:35:52.302] [SEVERE ] removing player 3 token from slot 4
[22:35:52.302] [SEVERE ] player 3 placing token on slot 11
[22:35:52.311] [SEVERE ] updating countdown to 5000
[22:35:52.311] [SEVERE ] setting player 4 score to 1
[22:35:52.311] [SEVERE ] setting player 4 freeze to 0
[22:35:52.311] [SEVERE ] setting player 4 freeze to 0
[22:35:52.311] [SEVERE ] removing player 4 token from slot 11
[22:35:52.312] [SEVERE ] player 4 placing token on slot 9
[22:36:12.705] [SEVERE ] removing player 4 token from slot 6
[22:36:13.349] [SEVERE ] removing card from slot 6
[22:36:22.062] [SEVERE ] removing player 4 token from slot 11
[22:36:22.162] [SEVERE ] removing card from slot 11
[22:36:23.646] [SEVERE ] removing player 4 token from slot 5
[22:36:23.746] [SEVERE ] removing card from slot 5
[22:36:26.087] [SEVERE ] removing player 4 token from slot 9
[22:36:26.188] [SEVERE ] removing card from slot 9
[22:36:26.189] [INFO   ] thread dealer terminated.
[22:36:31.189] [SEVERE ] thanks for playing... it was fun!
[22:36:31.189] [INFO   ] thread main terminated.
[22:36:31.190] [SEVERE ] disposing of user interface elements
