[21:44:31.271] [INFO   ] thread main starting.
[21:44:31.277] [SEVERE ] cannot read configuration file config.properties trying from resources.
[21:44:31.278] [SEVERE ] configuration file was loaded from resources directory.
[21:44:31.754] [INFO   ] thread dealer starting.
[21:44:31.754] [INFO   ] Thread dealer starting.
[21:44:31.860] [SEVERE ] placing card 63 in slot 0
[21:44:31.962] [SEVERE ] placing card 58 in slot 1
[21:44:32.063] [SEVERE ] placing card 41 in slot 2
[21:44:32.163] [SEVERE ] placing card 73 in slot 3
[21:44:32.264] [SEVERE ] placing card 78 in slot 4
[21:44:32.365] [SEVERE ] placing card 29 in slot 5
[21:44:32.466] [SEVERE ] placing card 24 in slot 6
[21:44:32.566] [SEVERE ] placing card 8 in slot 7
[21:44:32.667] [SEVERE ] placing card 4 in slot 8
[21:44:32.768] [SEVERE ] placing card 23 in slot 9
[21:44:32.870] [SEVERE ] placing card 5 in slot 10
[21:44:32.970] [SEVERE ] placing card 38 in slot 11
[21:44:32.971] [INFO   ] Thread Thread-1starting.
[21:44:32.971] [INFO   ] Thread Thread-2starting.
[21:44:32.972] [INFO   ] Thread Thread-4starting.
[21:44:32.972] [SEVERE ] updating countdown to 5000
[21:44:32.972] [INFO   ] Thread Thread-3starting.
[21:44:32.974] [INFO   ] Thread computer-3 starting.
[21:44:32.973] [INFO   ] Thread computer-0 starting.
[21:44:32.978] [SEVERE ] player 4 placing token on slot 2
[21:44:32.980] [SEVERE ] player 4 placing token on slot 6
[21:44:32.980] [SEVERE ] player 4 placing token on slot 4
[21:44:32.977] [INFO   ] Thread computer-2 starting.
[21:44:32.981] [SEVERE ] player 3 placing token on slot 11
[21:44:32.981] [SEVERE ] player 3 placing token on slot 5
[21:44:32.982] [SEVERE ] player 3 placing token on slot 1
[21:44:32.981] [INFO   ] Thread computer-1 starting.
[21:44:32.984] [SEVERE ] player 2 placing token on slot 6
[21:44:32.985] [SEVERE ] player 2 placing token on slot 11
[21:44:32.986] [SEVERE ] player 2 placing token on slot 4
[21:44:32.978] [SEVERE ] player 1 placing token on slot 8
[21:44:32.989] [SEVERE ] player 1 placing token on slot 7
[21:44:32.985] [SEVERE ] setting player 4 freeze to 0
[21:44:32.991] [SEVERE ] setting player 4 freeze to 0
[21:44:32.991] [SEVERE ] setting player 4 freeze to 0
[21:44:32.990] [SEVERE ] player 1 placing token on slot 6
[21:44:32.992] [SEVERE ] setting player 4 freeze to 0
[21:44:32.993] [SEVERE ] removing player 4 token from slot 6
[21:44:32.993] [SEVERE ] player 4 placing token on slot 7
[21:44:32.998] [SEVERE ] setting player 3 freeze to 0
[21:44:32.998] [SEVERE ] setting player 3 freeze to 0
[21:44:32.998] [SEVERE ] setting player 3 freeze to 0
[21:44:32.999] [SEVERE ] setting player 3 freeze to 0
[21:44:32.999] [SEVERE ] removing player 3 token from slot 1
[21:44:33.000] [SEVERE ] player 3 placing token on slot 8
[21:44:33.008] [SEVERE ] setting player 2 freeze to 0
[21:44:33.008] [SEVERE ] setting player 2 freeze to 0
[21:44:33.009] [SEVERE ] setting player 2 freeze to 0
[21:44:33.009] [SEVERE ] setting player 2 freeze to 0
[21:44:33.010] [SEVERE ] removing player 2 token from slot 4
[21:44:33.010] [SEVERE ] player 2 placing token on slot 2
[21:44:33.021] [SEVERE ] setting player 1 freeze to 0
[21:44:33.022] [SEVERE ] setting player 1 freeze to 0
[21:44:33.022] [SEVERE ] setting player 1 freeze to 0
[21:44:33.022] [SEVERE ] setting player 1 freeze to 0
[21:44:33.025] [SEVERE ] removing player 1 token from slot 7
[21:44:33.025] [SEVERE ] removing player 1 token from slot 8
[21:44:33.026] [SEVERE ] player 1 placing token on slot 1
[21:44:33.026] [SEVERE ] player 1 placing token on slot 11
[21:44:33.030] [SEVERE ] setting player 4 freeze to 0
[21:44:33.030] [SEVERE ] setting player 4 freeze to 0
[21:44:33.030] [SEVERE ] setting player 4 freeze to 0
[21:44:33.031] [SEVERE ] setting player 4 freeze to 0
[21:44:33.031] [SEVERE ] removing player 4 token from slot 2
[21:44:33.032] [SEVERE ] player 4 placing token on slot 2
[21:44:33.040] [SEVERE ] setting player 3 freeze to 0
[21:44:33.040] [SEVERE ] setting player 3 freeze to 0
[21:44:33.041] [SEVERE ] setting player 3 freeze to 0
[21:44:33.042] [SEVERE ] setting player 3 freeze to 0
[21:44:33.042] [SEVERE ] removing player 3 token from slot 8
[21:44:33.043] [SEVERE ] player 3 placing token on slot 2
[21:44:33.065] [SEVERE ] setting player 2 freeze to 0
[21:44:33.065] [SEVERE ] setting player 2 freeze to 0
[21:44:33.065] [SEVERE ] setting player 2 freeze to 0
[21:44:33.066] [SEVERE ] setting player 2 freeze to 0
[21:44:33.067] [SEVERE ] removing player 2 token from slot 2
[21:44:33.067] [SEVERE ] player 2 placing token on slot 7
[21:44:33.081] [SEVERE ] updating countdown to 5000
[21:44:33.081] [SEVERE ] setting player 1 score to 1
[21:44:33.082] [SEVERE ] setting player 1 freeze to 0
[21:44:33.082] [SEVERE ] setting player 1 freeze to 0
[21:44:33.083] [SEVERE ] removing player 1 token from slot 1
[21:44:33.083] [SEVERE ] removing player 1 token from slot 11
[21:44:33.084] [SEVERE ] player 1 placing token on slot 3
[21:44:33.085] [SEVERE ] player 1 placing token on slot 2
[21:45:20.367] [SEVERE ] removing player 1 token from slot 1
[21:45:32.897] [SEVERE ] removing card from slot 1
[21:45:52.585] [SEVERE ] removing player 1 token from slot 2
