[16:41:59.545] [INFO   ] thread main starting.
[16:41:59.553] [SEVERE ] cannot read configuration file config.properties trying from resources.
[16:41:59.556] [SEVERE ] configuration file was loaded from resources directory.
[16:41:59.918] [INFO   ] thread dealer starting.
[16:41:59.918] [INFO   ] Thread dealer starting.
[16:42:00.024] [SEVERE ] placing card 32 in slot 0
[16:42:00.125] [SEVERE ] placing card 24 in slot 1
[16:42:00.226] [SEVERE ] placing card 62 in slot 2
[16:42:00.327] [SEVERE ] placing card 46 in slot 3
[16:42:00.428] [SEVERE ] placing card 13 in slot 4
[16:42:00.529] [SEVERE ] placing card 8 in slot 5
[16:42:00.631] [SEVERE ] placing card 57 in slot 6
[16:42:00.732] [SEVERE ] placing card 40 in slot 7
[16:42:00.833] [SEVERE ] placing card 63 in slot 8
[16:42:00.934] [SEVERE ] placing card 0 in slot 9
[16:42:01.036] [SEVERE ] placing card 65 in slot 10
[16:42:01.137] [SEVERE ] placing card 18 in slot 11
[16:42:01.137] [INFO   ] Thread Thread-1starting.
[16:42:01.138] [SEVERE ] updating countdown to 15000
[16:42:01.138] [INFO   ] Thread computer-0 starting.
[16:42:01.138] [INFO   ] Thread Thread-2starting.
[16:42:01.139] [SEVERE ] player 1 placing token on slot 11
[16:42:01.139] [SEVERE ] player 1 placing token on slot 7
[16:42:01.140] [SEVERE ] player 1 placing token on slot 9
[16:42:01.138] [INFO   ] Thread Thread-4starting.
[16:42:01.139] [INFO   ] Thread computer-1 starting.
[16:42:01.142] [SEVERE ] player 2 placing token on slot 3
[16:42:01.142] [SEVERE ] player 2 placing token on slot 1
[16:42:01.143] [SEVERE ] player 2 placing token on slot 8
[16:42:01.139] [INFO   ] Thread Thread-3starting.
[16:42:01.143] [INFO   ] Thread computer-3 starting.
[16:42:01.149] [SEVERE ] player 4 placing token on slot 2
[16:42:01.150] [SEVERE ] player 4 placing token on slot 6
[16:42:01.150] [SEVERE ] removing player 4 token from slot 2
[16:42:01.152] [SEVERE ] player 4 placing token on slot 1
[16:42:01.152] [SEVERE ] player 4 placing token on slot 9
[16:42:01.154] [INFO   ] Thread computer-2 starting.
[16:42:01.154] [SEVERE ] player 3 placing token on slot 11
[16:42:01.155] [SEVERE ] removing player 3 token from slot 11
[16:42:01.156] [SEVERE ] player 3 placing token on slot 3
[16:42:01.157] [SEVERE ] player 3 placing token on slot 2
[16:42:01.159] [SEVERE ] removing player 3 token from slot 2
[16:42:01.160] [SEVERE ] player 3 placing token on slot 11
[16:42:01.160] [SEVERE ] player 3 placing token on slot 10
[16:42:02.139] [SEVERE ] updating countdown to 13999
[16:42:02.139] [SEVERE ] setting player 1 freeze to 3000
[16:42:03.139] [SEVERE ] updating countdown to 12999
[16:42:03.139] [SEVERE ] setting player 2 freeze to 3000
[16:42:03.140] [SEVERE ] setting player 1 freeze to 2000
[16:42:04.140] [SEVERE ] updating countdown to 11998
[16:42:04.140] [SEVERE ] setting player 1 freeze to 1000
[16:42:04.140] [SEVERE ] setting player 2 freeze to 2000
[16:42:04.140] [SEVERE ] setting player 4 freeze to 3000
[16:42:05.140] [SEVERE ] setting player 1 freeze to 0
[16:42:05.140] [SEVERE ] setting player 3 freeze to 3000
[16:42:05.140] [SEVERE ] updating countdown to 10998
[16:42:05.145] [SEVERE ] setting player 2 freeze to 1000
[16:42:05.145] [SEVERE ] setting player 4 freeze to 2000
[16:42:06.142] [SEVERE ] setting player 3 freeze to 2000
[16:42:06.142] [SEVERE ] updating countdown to 9996
[16:42:06.145] [SEVERE ] setting player 2 freeze to 0
[16:42:06.146] [SEVERE ] setting player 4 freeze to 1000
