[17:41:01.893] [INFO   ] thread main starting.
[17:41:01.900] [SEVERE ] cannot read configuration file config.properties trying from resources.
[17:41:01.901] [SEVERE ] configuration file was loaded from resources directory.
[17:41:02.292] [INFO   ] thread dealer starting.
[17:41:02.292] [INFO   ] Thread dealer starting.
[17:41:02.399] [SEVERE ] placing card 35 in slot 0
[17:41:02.499] [SEVERE ] placing card 52 in slot 1
[17:41:02.601] [SEVERE ] placing card 80 in slot 2
[17:41:02.701] [SEVERE ] placing card 62 in slot 3
[17:41:02.802] [SEVERE ] placing card 21 in slot 4
[17:41:02.903] [SEVERE ] placing card 16 in slot 5
[17:41:03.004] [SEVERE ] placing card 61 in slot 6
[17:41:03.105] [SEVERE ] placing card 32 in slot 7
[17:41:03.206] [SEVERE ] placing card 71 in slot 8
[17:41:03.307] [SEVERE ] placing card 30 in slot 9
[17:41:03.408] [SEVERE ] placing card 18 in slot 10
[17:41:03.510] [SEVERE ] placing card 4 in slot 11
[17:41:03.510] [INFO   ] Thread Thread-1starting.
[17:41:03.510] [INFO   ] Thread Thread-2starting.
[17:41:03.510] [SEVERE ] updating countdown to 60000
[17:41:04.513] [SEVERE ] updating countdown to 58997
[17:41:05.514] [SEVERE ] updating countdown to 57996
[17:41:06.514] [SEVERE ] updating countdown to 56996
[17:41:07.515] [SEVERE ] updating countdown to 55995
[17:41:07.724] [SEVERE ] key 65 was pressed by player 1
[17:41:08.009] [SEVERE ] key 76 was pressed by player 2
[17:41:08.014] [SEVERE ] player 2 placing token on slot 6
[17:41:08.516] [SEVERE ] updating countdown to 54994
[17:41:09.233] [SEVERE ] key 81 was pressed by player 1
[17:41:09.516] [SEVERE ] updating countdown to 53994
[17:41:09.953] [SEVERE ] key 75 was pressed by player 2
[17:41:09.956] [SEVERE ] player 2 placing token on slot 5
[17:41:10.516] [SEVERE ] updating countdown to 52994
[17:41:10.945] [SEVERE ] key 81 was pressed by player 1
[17:41:11.265] [SEVERE ] key 79 was pressed by player 2
[17:41:11.267] [SEVERE ] player 2 placing token on slot 2
[17:41:11.517] [SEVERE ] updating countdown to 51993
[17:41:11.517] [SEVERE ] setting player 2 freeze to 3000
[17:41:12.518] [SEVERE ] setting player 2 freeze to 2000
[17:41:13.519] [SEVERE ] setting player 2 freeze to 1000
[17:41:14.519] [SEVERE ] setting player 2 freeze to 0
[17:41:14.519] [SEVERE ] updating countdown to 48991
[17:41:14.521] [SEVERE ] key 81 was pressed by player 1
[17:41:14.522] [SEVERE ] key 81 was pressed by player 1
[17:41:14.523] [SEVERE ] key 88 was pressed by player 1
[17:41:14.524] [SEVERE ] key 90 was pressed by player 1
[17:41:14.525] [SEVERE ] key 88 was pressed by player 1
[17:41:14.665] [SEVERE ] key 88 was pressed by player 1
[17:41:14.865] [SEVERE ] key 67 was pressed by player 1
[17:41:15.489] [SEVERE ] key 90 was pressed by player 1
[17:41:15.520] [SEVERE ] updating countdown to 47990
[17:41:15.697] [SEVERE ] key 90 was pressed by player 1
[17:41:15.873] [SEVERE ] key 65 was pressed by player 1
[17:41:15.985] [SEVERE ] key 79 was pressed by player 2
[17:41:16.033] [SEVERE ] key 68 was pressed by player 1
[17:41:16.233] [SEVERE ] key 70 was pressed by player 1
[17:41:16.425] [SEVERE ] key 75 was pressed by player 2
[17:41:16.441] [SEVERE ] key 70 was pressed by player 1
[17:41:16.458] [SEVERE ] key 68 was pressed by player 1
[17:41:16.521] [SEVERE ] updating countdown to 46989
[17:41:16.577] [SEVERE ] key 70 was pressed by player 1
[17:41:16.609] [SEVERE ] key 68 was pressed by player 1
[17:41:16.785] [SEVERE ] key 70 was pressed by player 1
[17:41:16.793] [SEVERE ] key 68 was pressed by player 1
[17:41:16.945] [SEVERE ] key 74 was pressed by player 2
[17:41:16.962] [SEVERE ] key 70 was pressed by player 1
[17:41:16.969] [SEVERE ] key 68 was pressed by player 1
[17:41:17.521] [SEVERE ] updating countdown to 45989
[17:41:18.522] [SEVERE ] updating countdown to 44988
[17:41:18.713] [SEVERE ] key 76 was pressed by player 2
[17:41:18.969] [SEVERE ] key 76 was pressed by player 2
[17:41:19.225] [SEVERE ] key 75 was pressed by player 2
[17:41:19.417] [SEVERE ] key 74 was pressed by player 2
[17:41:19.522] [SEVERE ] updating countdown to 43988
[17:41:19.665] [SEVERE ] key 75 was pressed by player 2
[17:41:19.833] [SEVERE ] key 79 was pressed by player 2
[17:41:20.523] [SEVERE ] updating countdown to 42987
[17:41:20.657] [SEVERE ] key 65 was pressed by player 1
[17:41:20.745] [SEVERE ] key 83 was pressed by player 1
[17:41:20.849] [SEVERE ] key 68 was pressed by player 1
[17:41:21.121] [SEVERE ] key 65 was pressed by player 1
[17:41:21.201] [SEVERE ] key 68 was pressed by player 1
[17:41:21.417] [SEVERE ] key 83 was pressed by player 1
[17:41:21.523] [SEVERE ] updating countdown to 41987
[17:41:21.577] [SEVERE ] key 65 was pressed by player 1
[17:41:22.524] [SEVERE ] updating countdown to 40986
[17:41:23.524] [SEVERE ] updating countdown to 39986
[17:41:24.525] [SEVERE ] updating countdown to 38985
[17:41:25.525] [SEVERE ] updating countdown to 37985
[17:41:26.526] [SEVERE ] updating countdown to 36984
[17:41:27.526] [SEVERE ] updating countdown to 35984
[17:41:28.527] [SEVERE ] updating countdown to 34983
[17:41:29.528] [SEVERE ] updating countdown to 33982
[17:41:30.528] [SEVERE ] updating countdown to 32982
[17:41:31.528] [SEVERE ] updating countdown to 31982
[17:41:32.529] [SEVERE ] updating countdown to 30981
[17:41:33.529] [SEVERE ] updating countdown to 29981
[17:41:34.530] [SEVERE ] updating countdown to 28980
[17:41:35.530] [SEVERE ] updating countdown to 27980
[17:41:36.305] [SEVERE ] key 68 was pressed by player 1
[17:41:36.531] [SEVERE ] updating countdown to 26979
[17:41:36.553] [SEVERE ] key 83 was pressed by player 1
[17:41:37.531] [SEVERE ] updating countdown to 25979
[17:41:38.532] [SEVERE ] updating countdown to 24978
[17:41:39.532] [SEVERE ] updating countdown to 23978
[17:41:40.533] [SEVERE ] updating countdown to 22977
[17:41:41.533] [SEVERE ] updating countdown to 21977
[17:41:42.533] [SEVERE ] updating countdown to 20977
[17:41:43.534] [SEVERE ] updating countdown to 19976
[17:41:44.534] [SEVERE ] updating countdown to 18976
[17:41:45.535] [SEVERE ] updating countdown to 17975
[17:41:46.535] [SEVERE ] updating countdown to 16975
[17:41:47.536] [SEVERE ] updating countdown to 15974
[17:41:48.536] [SEVERE ] updating countdown to 14974
[17:41:49.201] [SEVERE ] exit button pressed
[17:41:49.301] [SEVERE ] removing card from slot 0
[17:41:49.401] [SEVERE ] removing card from slot 1
[17:41:49.502] [SEVERE ] removing card from slot 2
[17:41:49.536] [SEVERE ] updating countdown to 13974
[17:41:49.602] [SEVERE ] removing card from slot 3
[17:41:49.702] [SEVERE ] removing card from slot 4
[17:41:49.802] [SEVERE ] removing card from slot 5
[17:41:49.902] [SEVERE ] removing card from slot 6
[17:41:50.003] [SEVERE ] removing card from slot 7
[17:41:50.103] [SEVERE ] removing card from slot 8
[17:41:50.203] [SEVERE ] removing card from slot 9
[17:41:50.303] [SEVERE ] removing card from slot 10
[17:41:50.404] [SEVERE ] removing card from slot 11
[17:41:50.404] [SEVERE ] removing all tokens
[17:41:50.537] [SEVERE ] updating countdown to 12973
[17:41:51.537] [SEVERE ] updating countdown to 11973
