[16:42:56.635] [INFO   ] thread main starting.
[16:42:56.641] [SEVERE ] cannot read configuration file config.properties trying from resources.
[16:42:56.643] [SEVERE ] configuration file was loaded from resources directory.
[16:42:57.003] [INFO   ] thread dealer starting.
[16:42:57.004] [INFO   ] Thread dealer starting.
[16:42:57.108] [SEVERE ] placing card 25 in slot 0
[16:42:57.209] [SEVERE ] placing card 72 in slot 1
[16:42:57.311] [SEVERE ] placing card 0 in slot 2
[16:42:57.412] [SEVERE ] placing card 53 in slot 3
[16:42:57.513] [SEVERE ] placing card 22 in slot 4
[16:42:57.614] [SEVERE ] placing card 80 in slot 5
[16:42:57.715] [SEVERE ] placing card 62 in slot 6
[16:42:57.817] [SEVERE ] placing card 2 in slot 7
[16:42:57.917] [SEVERE ] placing card 8 in slot 8
[16:42:58.018] [SEVERE ] placing card 65 in slot 9
[16:42:58.119] [SEVERE ] placing card 4 in slot 10
[16:42:58.220] [SEVERE ] placing card 39 in slot 11
[16:42:58.220] [INFO   ] Thread Thread-1starting.
[16:42:58.221] [SEVERE ] updating countdown to 15000
[16:42:58.221] [INFO   ] Thread computer-0 starting.
[16:42:58.221] [INFO   ] Thread Thread-4starting.
[16:42:58.221] [INFO   ] Thread Thread-3starting.
[16:42:58.220] [INFO   ] Thread Thread-2starting.
[16:42:58.223] [INFO   ] Thread computer-2 starting.
[16:42:58.225] [SEVERE ] player 3 placing token on slot 7
[16:42:58.226] [SEVERE ] player 3 placing token on slot 1
[16:42:58.226] [SEVERE ] player 3 placing token on slot 6
[16:42:58.223] [INFO   ] Thread computer-3 starting.
[16:42:58.222] [SEVERE ] player 1 placing token on slot 5
[16:42:58.227] [SEVERE ] player 1 placing token on slot 9
[16:42:58.228] [SEVERE ] player 1 placing token on slot 6
[16:42:58.227] [SEVERE ] player 4 placing token on slot 9
[16:42:58.229] [SEVERE ] player 4 placing token on slot 11
[16:42:58.229] [SEVERE ] player 4 placing token on slot 3
[16:42:58.234] [INFO   ] Thread computer-1 starting.
[16:42:58.241] [SEVERE ] player 2 placing token on slot 6
[16:42:58.241] [SEVERE ] player 2 placing token on slot 3
[16:42:58.242] [SEVERE ] player 2 placing token on slot 2
[16:42:59.222] [SEVERE ] updating countdown to 13999
[16:42:59.222] [SEVERE ] setting player 3 freeze to 3000
[16:43:00.223] [SEVERE ] updating countdown to 12998
[16:43:00.223] [SEVERE ] setting player 1 freeze to 3000
[16:43:00.223] [SEVERE ] setting player 3 freeze to 2000
[16:43:01.223] [SEVERE ] updating countdown to 11998
[16:43:01.223] [SEVERE ] setting player 1 freeze to 2000
[16:43:01.223] [SEVERE ] setting player 4 freeze to 3000
[16:43:01.224] [SEVERE ] setting player 3 freeze to 1000
[16:43:02.224] [SEVERE ] updating countdown to 10997
[16:43:02.224] [SEVERE ] setting player 2 freeze to 3000
[16:43:02.224] [SEVERE ] setting player 1 freeze to 1000
[16:43:02.225] [SEVERE ] setting player 4 freeze to 2000
[16:43:02.225] [SEVERE ] setting player 3 freeze to 0
[16:43:03.224] [SEVERE ] updating countdown to 9997
[16:43:03.225] [SEVERE ] setting player 2 freeze to 2000
[16:43:03.225] [SEVERE ] setting player 1 freeze to 0
[16:43:03.226] [SEVERE ] setting player 4 freeze to 1000
[16:43:04.225] [SEVERE ] updating countdown to 8996
[16:43:04.225] [SEVERE ] setting player 2 freeze to 1000
[16:43:04.226] [SEVERE ] setting player 4 freeze to 0
