[13:21:35.172] [INFO   ] thread main starting.
[13:21:35.180] [SEVERE ] cannot read configuration file config.properties trying from resources.
[13:21:35.181] [SEVERE ] configuration file was loaded from resources directory.
[13:21:35.595] [INFO   ] thread dealer starting.
[13:21:35.595] [INFO   ] Thread dealer starting.
[13:21:35.702] [SEVERE ] placing card 22 in slot 0
[13:21:35.803] [SEVERE ] placing card 34 in slot 1
[13:21:35.905] [SEVERE ] placing card 71 in slot 2
[13:21:36.006] [SEVERE ] placing card 9 in slot 3
[13:21:36.107] [SEVERE ] placing card 68 in slot 4
[13:21:36.208] [SEVERE ] placing card 67 in slot 5
[13:21:36.310] [SEVERE ] placing card 0 in slot 6
[13:21:36.411] [SEVERE ] placing card 47 in slot 7
[13:21:36.512] [SEVERE ] placing card 55 in slot 8
[13:21:36.613] [SEVERE ] placing card 1 in slot 9
[13:21:36.714] [SEVERE ] placing card 78 in slot 10
[13:21:36.815] [SEVERE ] placing card 48 in slot 11
[13:21:36.816] [INFO   ] Thread Thread-1starting.
[13:21:36.816] [INFO   ] Thread Thread-4starting.
[13:21:36.816] [SEVERE ] updating countdown to 5000
[13:21:36.816] [INFO   ] Thread Thread-3starting.
[13:21:36.816] [INFO   ] Thread Thread-2starting.
[13:21:36.818] [INFO   ] Thread computer-2 starting.
[13:21:36.817] [INFO   ] Thread computer-3 starting.
[13:21:36.817] [INFO   ] Thread computer-0 starting.
[13:21:36.820] [SEVERE ] player 3 placing token on slot 3
[13:21:36.821] [SEVERE ] player 1 placing token on slot 8
[13:21:36.819] [INFO   ] Thread computer-1 starting.
[13:21:36.821] [SEVERE ] player 3 placing token on slot 8
[13:21:36.823] [SEVERE ] player 4 placing token on slot 4
[13:21:36.824] [SEVERE ] player 3 placing token on slot 5
[13:21:36.824] [SEVERE ] player 2 placing token on slot 9
[13:21:36.824] [SEVERE ] player 1 placing token on slot 4
[13:21:36.825] [SEVERE ] player 2 placing token on slot 5
[13:21:36.825] [SEVERE ] player 4 placing token on slot 7
[13:21:36.826] [SEVERE ] removing player 2 token from slot 9
[13:21:36.826] [SEVERE ] player 1 placing token on slot 7
[13:21:36.827] [SEVERE ] player 2 placing token on slot 2
[13:21:36.827] [SEVERE ] player 4 placing token on slot 9
[13:21:36.828] [SEVERE ] player 2 placing token on slot 10
[13:21:36.829] [SEVERE ] setting player 3 freeze to 0
[13:21:36.829] [SEVERE ] setting player 3 freeze to 0
[13:21:36.829] [SEVERE ] setting player 3 freeze to 0
[13:21:36.830] [SEVERE ] setting player 3 freeze to 0
[13:21:36.830] [SEVERE ] removing player 3 token from slot 8
[13:21:36.830] [SEVERE ] player 3 placing token on slot 11
[13:21:36.841] [SEVERE ] setting player 1 freeze to 0
[13:21:36.841] [SEVERE ] setting player 1 freeze to 0
[13:21:36.851] [SEVERE ] setting player 4 freeze to 0
[13:21:36.859] [SEVERE ] setting player 1 freeze to 0
[13:21:36.860] [SEVERE ] setting player 4 freeze to 0
[13:21:36.860] [SEVERE ] setting player 1 freeze to 0
[13:21:36.861] [SEVERE ] setting player 2 freeze to 0
[13:21:36.861] [SEVERE ] setting player 4 freeze to 0
[13:21:36.862] [SEVERE ] setting player 2 freeze to 0
[13:21:36.861] [SEVERE ] removing player 1 token from slot 7
[13:21:36.863] [SEVERE ] setting player 2 freeze to 0
[13:21:36.863] [SEVERE ] setting player 4 freeze to 0
[13:21:36.864] [SEVERE ] setting player 2 freeze to 0
[13:21:36.864] [SEVERE ] player 1 placing token on slot 11
[13:21:36.865] [SEVERE ] removing player 2 token from slot 5
[13:21:36.866] [SEVERE ] removing player 4 token from slot 4
[13:21:36.866] [SEVERE ] player 2 placing token on slot 9
[13:21:36.867] [SEVERE ] player 4 placing token on slot 10
[13:21:36.872] [SEVERE ] setting player 3 freeze to 0
[13:21:36.872] [SEVERE ] setting player 3 freeze to 0
[13:21:36.872] [SEVERE ] setting player 3 freeze to 0
[13:21:36.873] [SEVERE ] setting player 3 freeze to 0
[13:21:36.903] [SEVERE ] setting player 4 freeze to 0
[13:21:36.893] [SEVERE ] setting player 2 freeze to 0
[13:21:36.882] [SEVERE ] setting player 1 freeze to 0
[13:21:37.079] [SEVERE ] setting player 2 freeze to 0
[13:21:37.079] [SEVERE ] setting player 4 freeze to 0
[13:21:37.079] [SEVERE ] removing player 3 token from slot 5
[13:21:37.081] [SEVERE ] setting player 4 freeze to 0
[13:21:37.080] [SEVERE ] setting player 2 freeze to 0
[13:21:37.080] [SEVERE ] setting player 1 freeze to 0
[13:21:37.082] [SEVERE ] setting player 2 freeze to 0
[13:21:37.082] [SEVERE ] setting player 4 freeze to 0
[13:21:37.081] [SEVERE ] player 3 placing token on slot 1
[13:21:37.082] [SEVERE ] setting player 1 freeze to 0
[13:21:37.083] [SEVERE ] removing player 2 token from slot 2
[13:21:37.084] [SEVERE ] setting player 1 freeze to 0
[13:21:37.084] [SEVERE ] player 2 placing token on slot 8
[13:21:37.085] [SEVERE ] removing player 1 token from slot 8
[13:21:37.087] [SEVERE ] player 1 placing token on slot 6
[13:21:37.094] [SEVERE ] setting player 3 freeze to 0
[13:21:37.094] [SEVERE ] setting player 3 freeze to 0
[13:21:37.095] [SEVERE ] setting player 3 freeze to 0
[13:21:37.095] [SEVERE ] setting player 3 freeze to 0
[13:21:37.095] [SEVERE ] removing player 3 token from slot 3
[13:21:37.096] [SEVERE ] player 3 placing token on slot 3
[13:21:37.104] [SEVERE ] setting player 2 freeze to 0
[13:21:37.105] [SEVERE ] setting player 2 freeze to 0
[13:21:37.105] [SEVERE ] setting player 2 freeze to 0
[13:21:37.106] [SEVERE ] setting player 2 freeze to 0
[13:21:37.106] [SEVERE ] removing player 2 token from slot 8
[13:21:37.107] [SEVERE ] player 2 placing token on slot 3
[13:21:37.115] [SEVERE ] setting player 1 freeze to 0
[13:21:37.115] [SEVERE ] setting player 1 freeze to 0
[13:21:37.115] [SEVERE ] setting player 1 freeze to 0
[13:21:37.116] [SEVERE ] setting player 1 freeze to 0
[13:21:37.116] [SEVERE ] removing player 1 token from slot 11
[13:21:37.117] [SEVERE ] player 1 placing token on slot 7
[13:21:37.125] [SEVERE ] setting player 3 freeze to 0
[13:21:37.125] [SEVERE ] setting player 3 freeze to 0
[13:21:37.126] [SEVERE ] setting player 3 freeze to 0
[13:21:37.126] [SEVERE ] setting player 3 freeze to 0
[13:21:37.127] [SEVERE ] removing player 3 token from slot 3
[13:21:37.127] [SEVERE ] player 3 placing token on slot 2
[13:21:37.136] [SEVERE ] setting player 2 freeze to 0
[13:21:37.136] [SEVERE ] setting player 2 freeze to 0
[13:21:37.137] [SEVERE ] setting player 2 freeze to 0
[13:21:37.137] [SEVERE ] setting player 2 freeze to 0
[13:21:37.138] [SEVERE ] removing player 2 token from slot 10
[13:21:37.138] [SEVERE ] player 2 placing token on slot 8
[13:21:37.146] [SEVERE ] setting player 1 freeze to 0
[13:21:37.146] [SEVERE ] setting player 1 freeze to 0
[13:21:37.147] [SEVERE ] setting player 1 freeze to 0
[13:21:37.148] [SEVERE ] setting player 1 freeze to 0
[13:21:37.148] [SEVERE ] removing player 1 token from slot 7
[13:21:37.148] [SEVERE ] player 1 placing token on slot 7
[13:21:37.157] [SEVERE ] setting player 3 freeze to 0
[13:21:37.157] [SEVERE ] setting player 3 freeze to 0
[13:21:37.157] [SEVERE ] setting player 3 freeze to 0
[13:21:37.158] [SEVERE ] setting player 3 freeze to 0
[13:21:37.158] [SEVERE ] removing player 3 token from slot 2
[13:21:37.159] [SEVERE ] removing player 3 token from slot 11
[13:21:37.159] [SEVERE ] player 3 placing token on slot 10
[13:21:37.160] [SEVERE ] player 3 placing token on slot 9
[13:21:37.167] [SEVERE ] setting player 2 freeze to 0
[13:21:37.167] [SEVERE ] setting player 2 freeze to 0
[13:21:37.168] [SEVERE ] setting player 2 freeze to 0
[13:21:37.168] [SEVERE ] setting player 2 freeze to 0
[13:21:37.168] [SEVERE ] removing player 2 token from slot 9
[13:21:37.169] [SEVERE ] removing player 2 token from slot 3
[13:21:37.169] [SEVERE ] removing player 2 token from slot 8
[13:21:37.170] [SEVERE ] player 2 placing token on slot 2
[13:21:37.170] [SEVERE ] player 2 placing token on slot 1
[13:21:37.170] [SEVERE ] player 2 placing token on slot 7
[13:21:37.177] [SEVERE ] setting player 1 freeze to 0
[13:21:37.177] [SEVERE ] setting player 1 freeze to 0
[13:21:37.178] [SEVERE ] setting player 1 freeze to 0
[13:21:37.178] [SEVERE ] setting player 1 freeze to 0
[13:21:37.179] [SEVERE ] removing player 1 token from slot 4
[13:21:37.180] [SEVERE ] player 1 placing token on slot 3
[13:21:37.188] [SEVERE ] setting player 3 freeze to 0
[13:21:37.188] [SEVERE ] setting player 3 freeze to 0
[13:21:37.188] [SEVERE ] setting player 3 freeze to 0
[13:21:37.189] [SEVERE ] setting player 3 freeze to 0
[13:21:37.189] [SEVERE ] removing player 3 token from slot 10
[13:21:37.189] [SEVERE ] player 3 placing token on slot 10
[13:21:37.198] [SEVERE ] setting player 2 freeze to 0
[13:21:37.198] [SEVERE ] setting player 2 freeze to 0
[13:21:37.199] [SEVERE ] setting player 2 freeze to 0
[13:21:37.199] [SEVERE ] setting player 2 freeze to 0
[13:21:37.199] [SEVERE ] removing player 2 token from slot 7
[13:21:37.200] [SEVERE ] player 2 placing token on slot 9
[13:21:37.208] [SEVERE ] setting player 1 freeze to 0
[13:21:37.208] [SEVERE ] setting player 1 freeze to 0
[13:21:37.209] [SEVERE ] setting player 1 freeze to 0
[13:21:37.209] [SEVERE ] setting player 1 freeze to 0
[13:21:37.210] [SEVERE ] removing player 1 token from slot 3
[13:21:37.210] [SEVERE ] removing player 1 token from slot 7
[13:21:37.211] [SEVERE ] player 1 placing token on slot 11
[13:21:37.211] [SEVERE ] player 1 placing token on slot 8
[13:21:37.219] [SEVERE ] setting player 3 freeze to 0
[13:21:37.219] [SEVERE ] setting player 3 freeze to 0
[13:21:37.219] [SEVERE ] setting player 3 freeze to 0
[13:21:37.220] [SEVERE ] setting player 3 freeze to 0
[13:21:37.220] [SEVERE ] removing player 3 token from slot 1
[13:21:37.220] [SEVERE ] player 3 placing token on slot 4
[13:21:37.229] [SEVERE ] setting player 2 freeze to 0
[13:21:37.231] [SEVERE ] setting player 2 freeze to 0
[13:21:37.232] [SEVERE ] setting player 2 freeze to 0
[13:21:37.232] [SEVERE ] setting player 2 freeze to 0
[13:21:37.233] [SEVERE ] removing player 2 token from slot 1
[13:21:37.233] [SEVERE ] player 2 placing token on slot 1
[13:21:37.242] [SEVERE ] setting player 1 freeze to 0
[13:21:37.242] [SEVERE ] setting player 1 freeze to 0
[13:21:37.243] [SEVERE ] setting player 1 freeze to 0
[13:21:37.243] [SEVERE ] setting player 1 freeze to 0
[13:21:37.243] [SEVERE ] removing player 1 token from slot 11
[13:21:37.244] [SEVERE ] removing player 1 token from slot 6
[13:21:37.244] [SEVERE ] player 1 placing token on slot 5
[13:21:37.244] [SEVERE ] removing player 1 token from slot 8
[13:21:37.244] [SEVERE ] removing player 1 token from slot 5
[13:21:37.245] [SEVERE ] player 1 placing token on slot 7
[13:21:37.245] [SEVERE ] player 1 placing token on slot 1
[13:21:37.245] [SEVERE ] player 1 placing token on slot 10
[13:21:37.251] [SEVERE ] setting player 3 freeze to 0
[13:21:37.251] [SEVERE ] setting player 3 freeze to 0
[13:21:37.252] [SEVERE ] setting player 3 freeze to 0
[13:21:37.252] [SEVERE ] setting player 3 freeze to 0
[13:21:37.252] [SEVERE ] removing player 3 token from slot 9
[13:21:37.253] [SEVERE ] player 3 placing token on slot 3
[13:21:37.261] [SEVERE ] setting player 2 freeze to 0
[13:21:37.261] [SEVERE ] setting player 2 freeze to 0
[13:21:37.262] [SEVERE ] setting player 2 freeze to 0
[13:21:37.262] [SEVERE ] setting player 2 freeze to 0
[13:21:37.263] [SEVERE ] removing player 2 token from slot 2
[13:21:37.263] [SEVERE ] player 2 placing token on slot 10
[13:21:37.272] [SEVERE ] setting player 1 freeze to 0
[13:21:37.272] [SEVERE ] setting player 1 freeze to 0
[13:21:37.272] [SEVERE ] setting player 1 freeze to 0
[13:21:37.273] [SEVERE ] setting player 1 freeze to 0
[13:21:37.273] [SEVERE ] removing player 1 token from slot 1
[13:21:37.273] [SEVERE ] player 1 placing token on slot 3
[13:21:37.282] [SEVERE ] setting player 3 freeze to 0
[13:21:37.282] [SEVERE ] setting player 3 freeze to 0
[13:21:37.282] [SEVERE ] setting player 3 freeze to 0
[13:21:37.283] [SEVERE ] setting player 3 freeze to 0
[13:21:37.283] [SEVERE ] removing player 3 token from slot 10
[13:21:37.284] [SEVERE ] player 3 placing token on slot 2
[13:21:37.292] [SEVERE ] setting player 2 freeze to 0
[13:21:37.292] [SEVERE ] setting player 2 freeze to 0
[13:21:37.293] [SEVERE ] setting player 2 freeze to 0
[13:21:37.293] [SEVERE ] setting player 2 freeze to 0
[13:21:37.294] [SEVERE ] removing player 2 token from slot 1
[13:21:37.294] [SEVERE ] player 2 placing token on slot 8
[13:21:37.302] [SEVERE ] setting player 1 freeze to 0
[13:21:37.302] [SEVERE ] setting player 1 freeze to 0
[13:21:37.303] [SEVERE ] setting player 1 freeze to 0
[13:21:37.303] [SEVERE ] setting player 1 freeze to 0
[13:21:37.304] [SEVERE ] removing player 1 token from slot 7
[13:21:37.304] [SEVERE ] player 1 placing token on slot 7
[13:21:37.313] [SEVERE ] setting player 3 freeze to 0
[13:21:37.313] [SEVERE ] setting player 3 freeze to 0
[13:21:37.313] [SEVERE ] setting player 3 freeze to 0
[13:21:37.314] [SEVERE ] setting player 3 freeze to 0
[13:21:37.314] [SEVERE ] removing player 3 token from slot 4
[13:21:37.316] [SEVERE ] player 3 placing token on slot 9
[13:21:37.323] [SEVERE ] setting player 2 freeze to 0
[13:21:37.323] [SEVERE ] setting player 2 freeze to 0
[13:21:37.323] [SEVERE ] setting player 2 freeze to 0
[13:21:37.324] [SEVERE ] setting player 2 freeze to 0
[13:21:37.324] [SEVERE ] removing player 2 token from slot 9
[13:21:37.325] [SEVERE ] player 2 placing token on slot 6
[13:21:37.333] [SEVERE ] setting player 1 freeze to 0
[13:21:37.333] [SEVERE ] setting player 1 freeze to 0
[13:21:37.334] [SEVERE ] setting player 1 freeze to 0
[13:21:37.334] [SEVERE ] setting player 1 freeze to 0
[13:21:37.334] [SEVERE ] removing player 1 token from slot 7
[13:21:37.335] [SEVERE ] player 1 placing token on slot 7
[13:21:37.343] [SEVERE ] setting player 3 freeze to 0
[13:21:37.343] [SEVERE ] setting player 3 freeze to 0
[13:21:37.344] [SEVERE ] setting player 3 freeze to 0
[13:21:37.344] [SEVERE ] setting player 3 freeze to 0
[13:21:37.345] [SEVERE ] removing player 3 token from slot 2
[13:21:37.345] [SEVERE ] player 3 placing token on slot 8
[13:21:37.354] [SEVERE ] setting player 2 freeze to 0
[13:21:37.354] [SEVERE ] setting player 2 freeze to 0
[13:21:37.354] [SEVERE ] setting player 2 freeze to 0
[13:21:37.354] [SEVERE ] setting player 2 freeze to 0
[13:21:37.355] [SEVERE ] removing player 2 token from slot 8
[13:21:37.355] [SEVERE ] player 2 placing token on slot 5
[13:21:37.364] [SEVERE ] setting player 1 freeze to 0
[13:21:37.364] [SEVERE ] setting player 1 freeze to 0
[13:21:37.364] [SEVERE ] setting player 1 freeze to 0
[13:21:37.365] [SEVERE ] setting player 1 freeze to 0
[13:21:37.365] [SEVERE ] removing player 1 token from slot 3
[13:21:37.366] [SEVERE ] player 1 placing token on slot 1
[13:21:37.374] [SEVERE ] setting player 3 freeze to 0
[13:21:37.374] [SEVERE ] setting player 3 freeze to 0
[13:21:37.375] [SEVERE ] setting player 3 freeze to 0
[13:21:37.375] [SEVERE ] setting player 3 freeze to 0
[13:21:37.375] [SEVERE ] removing player 3 token from slot 8
[13:21:37.376] [SEVERE ] player 3 placing token on slot 11
[13:21:37.384] [SEVERE ] setting player 2 freeze to 0
[13:21:37.384] [SEVERE ] setting player 2 freeze to 0
[13:21:37.385] [SEVERE ] setting player 2 freeze to 0
[13:21:37.385] [SEVERE ] setting player 2 freeze to 0
[13:21:37.386] [SEVERE ] removing player 2 token from slot 5
[13:21:37.386] [SEVERE ] removing player 2 token from slot 6
[13:21:37.387] [SEVERE ] player 2 placing token on slot 6
[13:21:37.387] [SEVERE ] player 2 placing token on slot 9
[13:21:37.395] [SEVERE ] setting player 1 freeze to 0
[13:21:37.395] [SEVERE ] setting player 1 freeze to 0
[13:21:37.395] [SEVERE ] setting player 1 freeze to 0
[13:21:37.396] [SEVERE ] setting player 1 freeze to 0
[13:21:37.396] [SEVERE ] removing player 1 token from slot 1
[13:21:37.397] [SEVERE ] player 1 placing token on slot 6
[13:21:37.405] [SEVERE ] setting player 3 freeze to 0
[13:21:37.405] [SEVERE ] setting player 3 freeze to 0
[13:21:37.406] [SEVERE ] setting player 3 freeze to 0
[13:21:37.406] [SEVERE ] setting player 3 freeze to 0
[13:21:37.407] [SEVERE ] removing player 3 token from slot 9
[13:21:37.407] [SEVERE ] removing player 3 token from slot 11
[13:21:37.407] [SEVERE ] player 3 placing token on slot 10
[13:21:37.408] [SEVERE ] player 3 placing token on slot 9
[13:21:37.415] [SEVERE ] setting player 2 freeze to 0
[13:21:37.416] [SEVERE ] setting player 2 freeze to 0
[13:21:37.416] [SEVERE ] setting player 2 freeze to 0
[13:21:37.417] [SEVERE ] setting player 2 freeze to 0
[13:21:37.417] [SEVERE ] removing player 2 token from slot 10
[13:21:37.417] [SEVERE ] player 2 placing token on slot 11
[13:21:37.427] [SEVERE ] setting player 1 freeze to 0
[13:21:37.428] [SEVERE ] setting player 1 freeze to 0
[13:21:37.429] [SEVERE ] setting player 1 freeze to 0
[13:21:37.429] [SEVERE ] setting player 1 freeze to 0
[13:21:37.430] [SEVERE ] removing player 1 token from slot 7
[13:21:37.430] [SEVERE ] player 1 placing token on slot 1
[13:21:37.438] [SEVERE ] setting player 3 freeze to 0
[13:21:37.438] [SEVERE ] setting player 3 freeze to 0
[13:21:37.438] [SEVERE ] setting player 3 freeze to 0
[13:21:37.439] [SEVERE ] setting player 3 freeze to 0
[13:21:37.439] [SEVERE ] removing player 3 token from slot 3
[13:21:37.440] [SEVERE ] player 3 placing token on slot 3
[13:21:37.448] [SEVERE ] setting player 2 freeze to 0
[13:21:37.448] [SEVERE ] setting player 2 freeze to 0
[13:21:37.449] [SEVERE ] setting player 2 freeze to 0
[13:21:37.449] [SEVERE ] setting player 2 freeze to 0
[13:21:37.449] [SEVERE ] removing player 2 token from slot 6
[13:21:37.450] [SEVERE ] player 2 placing token on slot 7
[13:21:37.458] [SEVERE ] setting player 1 freeze to 0
[13:21:37.458] [SEVERE ] setting player 1 freeze to 0
[13:21:37.459] [SEVERE ] setting player 1 freeze to 0
[13:21:37.459] [SEVERE ] setting player 1 freeze to 0
[13:21:37.460] [SEVERE ] removing player 1 token from slot 1
[13:21:37.460] [SEVERE ] player 1 placing token on slot 8
[13:21:37.468] [SEVERE ] setting player 3 freeze to 0
[13:21:37.469] [SEVERE ] setting player 3 freeze to 0
[13:21:37.469] [SEVERE ] setting player 3 freeze to 0
[13:21:37.470] [SEVERE ] setting player 3 freeze to 0
[13:21:37.470] [SEVERE ] removing player 3 token from slot 10
[13:21:37.471] [SEVERE ] player 3 placing token on slot 4
[13:21:37.479] [SEVERE ] setting player 2 freeze to 0
[13:21:37.479] [SEVERE ] setting player 2 freeze to 0
[13:21:37.479] [SEVERE ] setting player 2 freeze to 0
[13:21:37.480] [SEVERE ] setting player 2 freeze to 0
[13:21:37.480] [SEVERE ] removing player 2 token from slot 7
[13:21:37.481] [SEVERE ] player 2 placing token on slot 1
[13:21:37.489] [SEVERE ] setting player 1 freeze to 0
[13:21:37.489] [SEVERE ] setting player 1 freeze to 0
[13:21:37.491] [SEVERE ] setting player 1 freeze to 0
[13:21:37.491] [SEVERE ] setting player 1 freeze to 0
[13:21:37.492] [SEVERE ] removing player 1 token from slot 6
[13:21:37.492] [SEVERE ] removing player 1 token from slot 8
[13:21:37.493] [SEVERE ] player 1 placing token on slot 2
[13:21:37.493] [SEVERE ] removing player 1 token from slot 2
[13:21:37.494] [SEVERE ] player 1 placing token on slot 3
[13:21:37.495] [SEVERE ] player 1 placing token on slot 2
[13:21:37.500] [SEVERE ] setting player 3 freeze to 0
[13:21:37.501] [SEVERE ] setting player 3 freeze to 0
[13:21:37.502] [SEVERE ] setting player 3 freeze to 0
[13:21:37.502] [SEVERE ] setting player 3 freeze to 0
[13:21:37.503] [SEVERE ] removing player 3 token from slot 3
[13:21:37.504] [SEVERE ] player 3 placing token on slot 3
[13:21:37.511] [SEVERE ] setting player 2 freeze to 0
[13:21:37.511] [SEVERE ] setting player 2 freeze to 0
[13:21:37.512] [SEVERE ] setting player 2 freeze to 0
[13:21:37.512] [SEVERE ] setting player 2 freeze to 0
[13:21:37.513] [SEVERE ] removing player 2 token from slot 9
[13:21:37.513] [SEVERE ] player 2 placing token on slot 2
[13:21:37.521] [SEVERE ] setting player 1 freeze to 0
[13:21:37.521] [SEVERE ] setting player 1 freeze to 0
[13:21:37.522] [SEVERE ] setting player 1 freeze to 0
[13:21:37.523] [SEVERE ] setting player 1 freeze to 0
[13:21:37.523] [SEVERE ] removing player 1 token from slot 10
[13:21:37.524] [SEVERE ] player 1 placing token on slot 7
[13:21:37.532] [SEVERE ] setting player 3 freeze to 0
[13:21:37.532] [SEVERE ] setting player 3 freeze to 0
[13:21:37.533] [SEVERE ] setting player 3 freeze to 0
[13:21:37.533] [SEVERE ] setting player 3 freeze to 0
[13:21:37.534] [SEVERE ] removing player 3 token from slot 4
[13:21:37.535] [SEVERE ] player 3 placing token on slot 6
[13:21:37.542] [SEVERE ] setting player 2 freeze to 0
[13:21:37.543] [SEVERE ] setting player 2 freeze to 0
[13:21:37.544] [SEVERE ] setting player 2 freeze to 0
[13:21:37.545] [SEVERE ] setting player 2 freeze to 0
[13:21:37.545] [SEVERE ] removing player 2 token from slot 2
[13:21:37.545] [SEVERE ] player 2 placing token on slot 10
[13:21:37.553] [SEVERE ] setting player 1 freeze to 0
[13:21:37.553] [SEVERE ] setting player 1 freeze to 0
[13:21:37.554] [SEVERE ] setting player 1 freeze to 0
[13:21:37.554] [SEVERE ] setting player 1 freeze to 0
[13:21:37.555] [SEVERE ] removing player 1 token from slot 7
[13:21:37.555] [SEVERE ] player 1 placing token on slot 1
[13:21:37.563] [SEVERE ] setting player 3 freeze to 0
[13:21:37.563] [SEVERE ] setting player 3 freeze to 0
[13:21:37.564] [SEVERE ] setting player 3 freeze to 0
[13:21:37.564] [SEVERE ] setting player 3 freeze to 0
[13:21:37.565] [SEVERE ] removing player 3 token from slot 3
[13:21:37.565] [SEVERE ] removing player 3 token from slot 9
[13:21:37.565] [SEVERE ] player 3 placing token on slot 7
[13:21:37.566] [SEVERE ] player 3 placing token on slot 3
[13:21:37.574] [SEVERE ] setting player 2 freeze to 0
[13:21:37.574] [SEVERE ] setting player 2 freeze to 0
[13:21:37.575] [SEVERE ] setting player 2 freeze to 0
[13:21:37.576] [SEVERE ] setting player 2 freeze to 0
[13:21:37.577] [SEVERE ] removing player 2 token from slot 10
[13:21:37.578] [SEVERE ] player 2 placing token on slot 5
[13:21:37.585] [SEVERE ] setting player 1 freeze to 0
[13:21:37.585] [SEVERE ] setting player 1 freeze to 0
[13:21:37.587] [SEVERE ] setting player 1 freeze to 0
[13:21:37.587] [SEVERE ] setting player 1 freeze to 0
[13:21:37.588] [SEVERE ] removing player 1 token from slot 3
[13:21:37.589] [SEVERE ] player 1 placing token on slot 7
[13:21:37.596] [SEVERE ] setting player 3 freeze to 0
[13:21:37.596] [SEVERE ] setting player 3 freeze to 0
[13:21:37.596] [SEVERE ] setting player 3 freeze to 0
[13:21:37.597] [SEVERE ] setting player 3 freeze to 0
[13:21:37.598] [SEVERE ] removing player 3 token from slot 3
[13:21:37.598] [SEVERE ] player 3 placing token on slot 2
[13:21:37.607] [SEVERE ] setting player 2 freeze to 0
[13:21:37.607] [SEVERE ] setting player 2 freeze to 0
[13:21:37.607] [SEVERE ] setting player 2 freeze to 0
[13:21:37.607] [SEVERE ] setting player 2 freeze to 0
[13:21:37.607] [SEVERE ] removing player 2 token from slot 5
[13:21:37.608] [SEVERE ] removing player 2 token from slot 11
[13:21:37.609] [SEVERE ] player 2 placing token on slot 8
[13:21:37.609] [SEVERE ] player 2 placing token on slot 11
[13:21:37.617] [SEVERE ] setting player 1 freeze to 0
[13:21:37.618] [SEVERE ] setting player 1 freeze to 0
[13:21:37.619] [SEVERE ] setting player 1 freeze to 0
[13:21:37.620] [SEVERE ] setting player 1 freeze to 0
[13:21:37.620] [SEVERE ] removing player 1 token from slot 7
[13:21:37.621] [SEVERE ] player 1 placing token on slot 6
[13:21:37.628] [SEVERE ] setting player 3 freeze to 0
[13:21:37.629] [SEVERE ] setting player 3 freeze to 0
[13:21:37.629] [SEVERE ] setting player 3 freeze to 0
[13:21:37.633] [SEVERE ] setting player 3 freeze to 0
[13:21:37.633] [SEVERE ] removing player 3 token from slot 2
[13:21:37.634] [SEVERE ] player 3 placing token on slot 1
[13:21:37.639] [SEVERE ] setting player 2 freeze to 0
[13:21:37.642] [SEVERE ] setting player 2 freeze to 0
[13:21:37.642] [SEVERE ] setting player 2 freeze to 0
[13:21:37.642] [SEVERE ] setting player 2 freeze to 0
[13:21:37.643] [SEVERE ] removing player 2 token from slot 1
[13:21:37.643] [SEVERE ] removing player 2 token from slot 8
[13:21:37.643] [SEVERE ] player 2 placing token on slot 7
[13:21:37.644] [SEVERE ] player 2 placing token on slot 4
[13:21:37.657] [SEVERE ] setting player 1 freeze to 0
[13:21:37.657] [SEVERE ] setting player 1 freeze to 0
[13:21:37.658] [SEVERE ] setting player 1 freeze to 0
[13:21:37.659] [SEVERE ] setting player 1 freeze to 0
[13:21:37.660] [SEVERE ] removing player 1 token from slot 1
[13:21:37.660] [SEVERE ] player 1 placing token on slot 3
[13:21:37.667] [SEVERE ] setting player 3 freeze to 0
[13:21:37.667] [SEVERE ] setting player 3 freeze to 0
[13:21:37.668] [SEVERE ] setting player 3 freeze to 0
[13:21:37.669] [SEVERE ] setting player 3 freeze to 0
[13:21:37.669] [SEVERE ] removing player 3 token from slot 6
[13:21:37.670] [SEVERE ] player 3 placing token on slot 6
[13:21:37.678] [SEVERE ] setting player 2 freeze to 0
[13:21:37.678] [SEVERE ] setting player 2 freeze to 0
[13:21:37.679] [SEVERE ] setting player 2 freeze to 0
[13:21:37.680] [SEVERE ] setting player 2 freeze to 0
[13:21:37.680] [SEVERE ] removing player 2 token from slot 4
[13:21:37.681] [SEVERE ] player 2 placing token on slot 8
[13:21:37.689] [SEVERE ] setting player 1 freeze to 0
[13:21:37.689] [SEVERE ] setting player 1 freeze to 0
[13:21:37.689] [SEVERE ] setting player 1 freeze to 0
[13:21:37.690] [SEVERE ] setting player 1 freeze to 0
[13:21:37.691] [SEVERE ] removing player 1 token from slot 6
[13:21:37.691] [SEVERE ] player 1 placing token on slot 5
[13:21:37.699] [SEVERE ] setting player 3 freeze to 0
[13:21:37.699] [SEVERE ] setting player 3 freeze to 0
[13:21:37.699] [SEVERE ] setting player 3 freeze to 0
[13:21:37.700] [SEVERE ] setting player 3 freeze to 0
[13:21:37.700] [SEVERE ] removing player 3 token from slot 1
[13:21:37.701] [SEVERE ] player 3 placing token on slot 1
[13:21:37.709] [SEVERE ] setting player 2 freeze to 0
[13:21:37.709] [SEVERE ] setting player 2 freeze to 0
[13:21:37.710] [SEVERE ] setting player 2 freeze to 0
[13:21:37.710] [SEVERE ] setting player 2 freeze to 0
[13:21:37.711] [SEVERE ] removing player 2 token from slot 7
[13:21:37.711] [SEVERE ] player 2 placing token on slot 2
[13:21:37.720] [SEVERE ] setting player 1 freeze to 0
[13:21:37.721] [SEVERE ] setting player 1 freeze to 0
[13:21:37.722] [SEVERE ] setting player 1 freeze to 0
[13:21:37.722] [SEVERE ] setting player 1 freeze to 0
[13:21:37.723] [SEVERE ] removing player 1 token from slot 3
[13:21:37.723] [SEVERE ] player 1 placing token on slot 10
[13:21:37.730] [SEVERE ] setting player 3 freeze to 0
[13:21:37.730] [SEVERE ] setting player 3 freeze to 0
[13:21:37.731] [SEVERE ] setting player 3 freeze to 0
[13:21:37.732] [SEVERE ] setting player 3 freeze to 0
[13:21:37.732] [SEVERE ] removing player 3 token from slot 7
[13:21:37.733] [SEVERE ] player 3 placing token on slot 2
[13:21:37.741] [SEVERE ] setting player 2 freeze to 0
[13:21:37.741] [SEVERE ] setting player 2 freeze to 0
[13:21:37.742] [SEVERE ] setting player 2 freeze to 0
[13:21:37.742] [SEVERE ] setting player 2 freeze to 0
[13:21:37.743] [SEVERE ] removing player 2 token from slot 2
[13:21:37.744] [SEVERE ] player 2 placing token on slot 6
[13:21:37.751] [SEVERE ] setting player 1 freeze to 0
[13:21:37.752] [SEVERE ] setting player 1 freeze to 0
[13:21:37.753] [SEVERE ] setting player 1 freeze to 0
[13:21:37.753] [SEVERE ] setting player 1 freeze to 0
[13:21:37.755] [SEVERE ] removing player 1 token from slot 2
[13:21:37.756] [SEVERE ] player 1 placing token on slot 2
[13:21:37.762] [SEVERE ] setting player 3 freeze to 0
[13:21:37.762] [SEVERE ] setting player 3 freeze to 0
[13:21:37.762] [SEVERE ] setting player 3 freeze to 0
[13:21:37.763] [SEVERE ] setting player 3 freeze to 0
[13:21:37.763] [SEVERE ] removing player 3 token from slot 6
[13:21:37.764] [SEVERE ] player 3 placing token on slot 8
[13:21:37.772] [SEVERE ] setting player 2 freeze to 0
[13:21:37.772] [SEVERE ] setting player 2 freeze to 0
[13:21:37.773] [SEVERE ] setting player 2 freeze to 0
[13:21:37.773] [SEVERE ] setting player 2 freeze to 0
[13:21:37.774] [SEVERE ] removing player 2 token from slot 11
[13:21:37.776] [SEVERE ] player 2 placing token on slot 4
[13:21:37.782] [SEVERE ] setting player 1 freeze to 0
[13:21:37.782] [SEVERE ] setting player 1 freeze to 0
[13:21:37.783] [SEVERE ] setting player 1 freeze to 0
[13:21:37.783] [SEVERE ] setting player 1 freeze to 0
[13:21:37.784] [SEVERE ] removing player 1 token from slot 2
[13:21:37.785] [SEVERE ] player 1 placing token on slot 8
[13:21:37.793] [SEVERE ] setting player 3 freeze to 0
[13:21:37.793] [SEVERE ] setting player 3 freeze to 0
[13:21:37.793] [SEVERE ] setting player 3 freeze to 0
[13:21:37.794] [SEVERE ] setting player 3 freeze to 0
[13:21:37.795] [SEVERE ] removing player 3 token from slot 2
[13:21:37.798] [SEVERE ] player 3 placing token on slot 10
[13:21:37.803] [SEVERE ] setting player 2 freeze to 0
[13:21:37.804] [SEVERE ] setting player 2 freeze to 0
[13:21:37.804] [SEVERE ] setting player 2 freeze to 0
[13:21:37.804] [SEVERE ] setting player 2 freeze to 0
[13:21:37.805] [SEVERE ] removing player 2 token from slot 6
[13:21:37.805] [SEVERE ] player 2 placing token on slot 2
[13:21:37.813] [SEVERE ] setting player 1 freeze to 0
[13:21:37.814] [SEVERE ] setting player 1 freeze to 0
[13:21:37.814] [SEVERE ] setting player 1 freeze to 0
[13:21:37.815] [SEVERE ] setting player 1 freeze to 0
[13:21:37.815] [SEVERE ] removing player 1 token from slot 10
[13:21:37.816] [SEVERE ] player 1 placing token on slot 2
[13:21:37.824] [SEVERE ] setting player 3 freeze to 0
[13:21:37.824] [SEVERE ] setting player 3 freeze to 0
[13:21:37.824] [SEVERE ] setting player 3 freeze to 0
[13:21:37.825] [SEVERE ] setting player 3 freeze to 0
[13:21:37.825] [SEVERE ] removing player 3 token from slot 10
[13:21:37.826] [SEVERE ] removing player 3 token from slot 8
[13:21:37.827] [SEVERE ] player 3 placing token on slot 7
[13:21:37.828] [SEVERE ] player 3 placing token on slot 11
[13:21:37.834] [SEVERE ] setting player 2 freeze to 0
[13:21:37.835] [SEVERE ] setting player 2 freeze to 0
[13:21:37.835] [SEVERE ] setting player 2 freeze to 0
[13:21:37.835] [SEVERE ] setting player 2 freeze to 0
[13:21:37.836] [SEVERE ] removing player 2 token from slot 8
[13:21:37.837] [SEVERE ] player 2 placing token on slot 7
[13:21:37.844] [SEVERE ] setting player 1 freeze to 0
[13:21:37.845] [SEVERE ] setting player 1 freeze to 0
[13:21:37.845] [SEVERE ] setting player 1 freeze to 0
[13:21:37.846] [SEVERE ] setting player 1 freeze to 0
[13:21:37.846] [SEVERE ] removing player 1 token from slot 2
[13:21:37.847] [SEVERE ] player 1 placing token on slot 7
[13:21:37.855] [SEVERE ] setting player 3 freeze to 0
[13:21:37.855] [SEVERE ] setting player 3 freeze to 0
[13:21:37.855] [SEVERE ] setting player 3 freeze to 0
[13:21:37.856] [SEVERE ] setting player 3 freeze to 0
[13:21:37.856] [SEVERE ] removing player 3 token from slot 1
[13:21:37.857] [SEVERE ] removing player 3 token from slot 7
[13:21:37.857] [SEVERE ] player 3 placing token on slot 5
[13:21:37.858] [SEVERE ] removing player 3 token from slot 11
[13:21:37.858] [SEVERE ] player 3 placing token on slot 10
[13:21:37.859] [SEVERE ] removing player 3 token from slot 10
[13:21:37.860] [SEVERE ] player 3 placing token on slot 6
[13:21:37.860] [SEVERE ] player 3 placing token on slot 10
[13:21:37.865] [SEVERE ] setting player 2 freeze to 0
[13:21:37.865] [SEVERE ] setting player 2 freeze to 0
[13:21:37.866] [SEVERE ] setting player 2 freeze to 0
[13:21:37.867] [SEVERE ] setting player 2 freeze to 0
[13:21:37.867] [SEVERE ] removing player 2 token from slot 7
[13:21:37.868] [SEVERE ] player 2 placing token on slot 3
[13:21:37.875] [SEVERE ] setting player 1 freeze to 0
[13:21:37.875] [SEVERE ] setting player 1 freeze to 0
[13:21:37.876] [SEVERE ] setting player 1 freeze to 0
[13:21:37.876] [SEVERE ] setting player 1 freeze to 0
[13:21:37.877] [SEVERE ] removing player 1 token from slot 7
[13:21:37.877] [SEVERE ] player 1 placing token on slot 2
[13:21:37.886] [SEVERE ] setting player 3 freeze to 0
[13:21:37.886] [SEVERE ] setting player 3 freeze to 0
[13:21:37.887] [SEVERE ] setting player 3 freeze to 0
[13:21:37.888] [SEVERE ] setting player 3 freeze to 0
[13:21:37.889] [SEVERE ] removing player 3 token from slot 10
[13:21:37.890] [SEVERE ] player 3 placing token on slot 11
[13:21:37.897] [SEVERE ] setting player 2 freeze to 0
[13:21:37.897] [SEVERE ] setting player 2 freeze to 0
[13:21:37.897] [SEVERE ] setting player 2 freeze to 0
[13:21:37.897] [SEVERE ] setting player 2 freeze to 0
[13:21:37.898] [SEVERE ] removing player 2 token from slot 3
[13:21:37.899] [SEVERE ] player 2 placing token on slot 3
[13:21:37.907] [SEVERE ] setting player 1 freeze to 0
[13:21:37.907] [SEVERE ] setting player 1 freeze to 0
[13:21:37.908] [SEVERE ] setting player 1 freeze to 0
[13:21:37.908] [SEVERE ] setting player 1 freeze to 0
[13:21:37.908] [SEVERE ] removing player 1 token from slot 5
[13:21:37.908] [SEVERE ] player 1 placing token on slot 6
[13:21:37.917] [SEVERE ] setting player 3 freeze to 0
[13:21:37.917] [SEVERE ] setting player 3 freeze to 0
[13:21:37.918] [SEVERE ] setting player 3 freeze to 0
[13:21:37.920] [SEVERE ] setting player 3 freeze to 0
[13:21:37.921] [SEVERE ] removing player 3 token from slot 11
[13:21:37.922] [SEVERE ] player 3 placing token on slot 4
[13:21:37.928] [SEVERE ] setting player 2 freeze to 0
[13:21:37.928] [SEVERE ] setting player 2 freeze to 0
[13:21:37.929] [SEVERE ] setting player 2 freeze to 0
[13:21:37.930] [SEVERE ] setting player 2 freeze to 0
[13:21:37.932] [SEVERE ] removing player 2 token from slot 3
[13:21:37.933] [SEVERE ] player 2 placing token on slot 1
[13:21:37.938] [SEVERE ] setting player 1 freeze to 0
[13:21:37.938] [SEVERE ] setting player 1 freeze to 0
[13:21:37.938] [SEVERE ] setting player 1 freeze to 0
[13:21:37.938] [SEVERE ] setting player 1 freeze to 0
[13:21:37.939] [SEVERE ] removing player 1 token from slot 2
[13:21:37.941] [SEVERE ] player 1 placing token on slot 4
[13:21:37.948] [SEVERE ] setting player 3 freeze to 0
[13:21:37.948] [SEVERE ] setting player 3 freeze to 0
[13:21:37.950] [SEVERE ] setting player 3 freeze to 0
[13:21:37.951] [SEVERE ] setting player 3 freeze to 0
[13:21:37.953] [SEVERE ] removing player 3 token from slot 4
[13:21:37.954] [SEVERE ] removing player 3 token from slot 5
[13:21:37.956] [SEVERE ] player 3 placing token on slot 3
[13:21:37.958] [SEVERE ] player 3 placing token on slot 8
[13:21:37.959] [SEVERE ] setting player 2 freeze to 0
[13:21:37.964] [SEVERE ] setting player 2 freeze to 0
[13:21:37.966] [SEVERE ] setting player 2 freeze to 0
[13:21:37.969] [SEVERE ] setting player 2 freeze to 0
[13:21:37.971] [SEVERE ] removing player 2 token from slot 4
[13:21:37.969] [SEVERE ] setting player 1 freeze to 0
[13:21:37.975] [SEVERE ] setting player 1 freeze to 0
[13:21:37.973] [SEVERE ] player 2 placing token on slot 3
[13:21:37.978] [SEVERE ] setting player 1 freeze to 0
[13:21:37.980] [SEVERE ] setting player 3 freeze to 0
[13:21:37.981] [SEVERE ] setting player 1 freeze to 0
[13:21:37.984] [SEVERE ] removing player 1 token from slot 4
[13:21:37.990] [SEVERE ] player 1 placing token on slot 9
[13:21:37.983] [SEVERE ] setting player 3 freeze to 0
[13:21:37.990] [SEVERE ] setting player 2 freeze to 0
[13:21:37.993] [SEVERE ] setting player 3 freeze to 0
[13:21:37.993] [SEVERE ] setting player 2 freeze to 0
[13:21:37.994] [SEVERE ] setting player 3 freeze to 0
[13:21:37.995] [SEVERE ] removing player 3 token from slot 8
[13:21:37.995] [SEVERE ] removing player 3 token from slot 3
[13:21:37.996] [SEVERE ] removing player 3 token from slot 6
[13:21:37.994] [SEVERE ] setting player 2 freeze to 0
[13:21:37.997] [SEVERE ] setting player 2 freeze to 0
[13:21:38.011] [SEVERE ] setting player 1 freeze to 0
[13:21:37.996] [SEVERE ] player 3 placing token on slot 5
[13:21:38.012] [SEVERE ] removing player 2 token from slot 1
[13:21:38.012] [SEVERE ] setting player 1 freeze to 0
[13:21:38.013] [SEVERE ] player 3 placing token on slot 11
[13:21:38.014] [SEVERE ] removing player 2 token from slot 2
[13:21:38.014] [SEVERE ] player 2 placing token on slot 10
[13:21:38.015] [SEVERE ] player 2 placing token on slot 8
[13:21:38.013] [SEVERE ] setting player 1 freeze to 0
[13:21:38.016] [SEVERE ] setting player 1 freeze to 0
[13:21:38.015] [SEVERE ] player 3 placing token on slot 10
[13:21:38.019] [SEVERE ] removing player 1 token from slot 6
[13:21:38.019] [SEVERE ] player 1 placing token on slot 1
[13:21:38.023] [SEVERE ] setting player 2 freeze to 0
[13:21:38.023] [SEVERE ] setting player 2 freeze to 0
[13:21:38.024] [SEVERE ] setting player 2 freeze to 0
[13:21:38.024] [SEVERE ] setting player 2 freeze to 0
[13:21:38.025] [SEVERE ] removing player 2 token from slot 8
[13:21:38.025] [SEVERE ] player 2 placing token on slot 11
[13:21:38.033] [SEVERE ] setting player 3 freeze to 0
[13:21:38.033] [SEVERE ] setting player 3 freeze to 0
[13:21:38.034] [SEVERE ] setting player 3 freeze to 0
[13:21:38.034] [SEVERE ] setting player 3 freeze to 0
[13:21:38.035] [SEVERE ] removing player 3 token from slot 10
[13:21:38.036] [SEVERE ] removing player 3 token from slot 11
[13:21:38.036] [SEVERE ] player 3 placing token on slot 3
[13:21:38.037] [SEVERE ] player 3 placing token on slot 2
[13:21:38.044] [SEVERE ] setting player 1 freeze to 0
[13:21:38.044] [SEVERE ] setting player 1 freeze to 0
[13:21:38.045] [SEVERE ] setting player 1 freeze to 0
[13:21:38.046] [SEVERE ] setting player 1 freeze to 0
[13:21:38.046] [SEVERE ] removing player 1 token from slot 8
[13:21:38.047] [SEVERE ] player 1 placing token on slot 3
[13:21:38.055] [SEVERE ] setting player 2 freeze to 0
[13:21:38.055] [SEVERE ] setting player 2 freeze to 0
[13:21:38.057] [SEVERE ] setting player 2 freeze to 0
[13:21:38.057] [SEVERE ] setting player 2 freeze to 0
[13:21:38.058] [SEVERE ] removing player 2 token from slot 3
[13:21:38.058] [SEVERE ] player 2 placing token on slot 9
[13:21:38.066] [SEVERE ] setting player 3 freeze to 0
[13:21:38.066] [SEVERE ] setting player 3 freeze to 0
[13:21:38.066] [SEVERE ] setting player 3 freeze to 0
[13:21:38.067] [SEVERE ] setting player 3 freeze to 0
[13:21:38.068] [SEVERE ] removing player 3 token from slot 3
[13:21:38.070] [SEVERE ] removing player 3 token from slot 2
[13:21:38.071] [SEVERE ] removing player 3 token from slot 5
[13:21:38.072] [SEVERE ] player 3 placing token on slot 8
[13:21:38.072] [SEVERE ] player 3 placing token on slot 1
[13:21:38.072] [SEVERE ] player 3 placing token on slot 6
[13:21:38.077] [SEVERE ] setting player 1 freeze to 0
[13:21:38.077] [SEVERE ] setting player 1 freeze to 0
[13:21:38.078] [SEVERE ] setting player 1 freeze to 0
[13:21:38.079] [SEVERE ] setting player 1 freeze to 0
[13:21:38.079] [SEVERE ] removing player 1 token from slot 3
[13:21:38.080] [SEVERE ] player 1 placing token on slot 7
[13:21:38.088] [SEVERE ] setting player 2 freeze to 0
[13:21:38.088] [SEVERE ] setting player 2 freeze to 0
[13:21:38.089] [SEVERE ] setting player 2 freeze to 0
[13:21:38.090] [SEVERE ] setting player 2 freeze to 0
[13:21:38.091] [SEVERE ] removing player 2 token from slot 11
[13:21:38.092] [SEVERE ] player 2 placing token on slot 6
[13:21:38.098] [SEVERE ] setting player 3 freeze to 0
[13:21:38.098] [SEVERE ] setting player 3 freeze to 0
[13:21:38.099] [SEVERE ] setting player 3 freeze to 0
[13:21:38.099] [SEVERE ] setting player 3 freeze to 0
[13:21:38.100] [SEVERE ] removing player 3 token from slot 1
[13:21:38.101] [SEVERE ] removing player 3 token from slot 8
[13:21:38.103] [SEVERE ] player 3 placing token on slot 8
[13:21:38.105] [SEVERE ] player 3 placing token on slot 4
[13:21:38.108] [SEVERE ] setting player 1 freeze to 0
[13:21:38.108] [SEVERE ] setting player 1 freeze to 0
[13:21:38.108] [SEVERE ] setting player 1 freeze to 0
[13:21:38.109] [SEVERE ] setting player 1 freeze to 0
[13:21:38.110] [SEVERE ] removing player 1 token from slot 9
[13:21:38.111] [SEVERE ] player 1 placing token on slot 3
[13:21:38.119] [SEVERE ] setting player 2 freeze to 0
[13:21:38.119] [SEVERE ] setting player 2 freeze to 0
[13:21:38.120] [SEVERE ] setting player 2 freeze to 0
[13:21:38.121] [SEVERE ] setting player 2 freeze to 0
[13:21:38.123] [SEVERE ] removing player 2 token from slot 10
[13:21:38.124] [SEVERE ] player 2 placing token on slot 7
[13:21:38.129] [SEVERE ] setting player 3 freeze to 0
[13:21:38.130] [SEVERE ] setting player 3 freeze to 0
[13:21:38.131] [SEVERE ] setting player 3 freeze to 0
[13:21:38.131] [SEVERE ] setting player 3 freeze to 0
[13:21:38.131] [SEVERE ] removing player 3 token from slot 4
[13:21:38.132] [SEVERE ] player 3 placing token on slot 3
[13:21:38.140] [SEVERE ] setting player 1 freeze to 0
[13:21:38.140] [SEVERE ] setting player 1 freeze to 0
[13:21:38.141] [SEVERE ] setting player 1 freeze to 0
[13:21:38.142] [SEVERE ] setting player 1 freeze to 0
[13:21:38.142] [SEVERE ] removing player 1 token from slot 7
[13:21:38.143] [SEVERE ] removing player 1 token from slot 1
[13:21:38.143] [SEVERE ] player 1 placing token on slot 8
[13:21:38.144] [SEVERE ] player 1 placing token on slot 11
[13:21:38.150] [SEVERE ] setting player 2 freeze to 0
[13:21:38.150] [SEVERE ] setting player 2 freeze to 0
[13:21:38.153] [SEVERE ] setting player 2 freeze to 0
[13:21:38.154] [SEVERE ] setting player 2 freeze to 0
[13:21:38.155] [SEVERE ] removing player 2 token from slot 9
[13:21:38.156] [SEVERE ] player 2 placing token on slot 1
[13:21:38.161] [SEVERE ] setting player 3 freeze to 0
[13:21:38.162] [SEVERE ] setting player 3 freeze to 0
[13:21:38.162] [SEVERE ] setting player 3 freeze to 0
[13:21:38.162] [SEVERE ] setting player 3 freeze to 0
[13:21:38.163] [SEVERE ] removing player 3 token from slot 3
[13:21:38.165] [SEVERE ] player 3 placing token on slot 7
[13:21:38.172] [SEVERE ] setting player 1 freeze to 0
[13:21:38.172] [SEVERE ] setting player 1 freeze to 0
[13:21:38.173] [SEVERE ] setting player 1 freeze to 0
[13:21:38.174] [SEVERE ] setting player 1 freeze to 0
[13:21:38.179] [SEVERE ] removing player 1 token from slot 3
[13:21:38.180] [SEVERE ] removing player 1 token from slot 11
[13:21:38.181] [SEVERE ] player 1 placing token on slot 9
[13:21:38.182] [SEVERE ] player 1 placing token on slot 6
[13:21:38.183] [SEVERE ] setting player 2 freeze to 0
[13:21:38.184] [SEVERE ] setting player 2 freeze to 0
[13:21:38.190] [SEVERE ] setting player 2 freeze to 0
[13:21:38.191] [SEVERE ] setting player 2 freeze to 0
[13:21:38.193] [SEVERE ] removing player 2 token from slot 1
[13:21:38.193] [SEVERE ] setting player 3 freeze to 0
[13:21:38.195] [SEVERE ] player 2 placing token on slot 10
[13:21:38.196] [SEVERE ] setting player 3 freeze to 0
[13:21:38.197] [SEVERE ] setting player 3 freeze to 0
[13:21:38.198] [SEVERE ] setting player 3 freeze to 0
[13:21:38.199] [SEVERE ] removing player 3 token from slot 6
[13:21:38.199] [SEVERE ] player 3 placing token on slot 6
[13:21:38.204] [SEVERE ] setting player 1 freeze to 0
[13:21:38.204] [SEVERE ] setting player 1 freeze to 0
[13:21:38.204] [SEVERE ] setting player 1 freeze to 0
[13:21:38.204] [SEVERE ] setting player 1 freeze to 0
[13:21:38.205] [SEVERE ] removing player 1 token from slot 6
[13:21:38.205] [SEVERE ] player 1 placing token on slot 1
[13:21:38.214] [SEVERE ] setting player 2 freeze to 0
[13:21:38.214] [SEVERE ] setting player 2 freeze to 0
[13:21:38.215] [SEVERE ] setting player 2 freeze to 0
[13:21:38.216] [SEVERE ] setting player 2 freeze to 0
[13:21:38.217] [SEVERE ] removing player 2 token from slot 7
[13:21:38.218] [SEVERE ] player 2 placing token on slot 5
[13:21:38.224] [SEVERE ] setting player 3 freeze to 0
[13:21:38.226] [SEVERE ] setting player 3 freeze to 0
[13:21:38.226] [SEVERE ] setting player 3 freeze to 0
[13:21:38.227] [SEVERE ] setting player 3 freeze to 0
[13:21:38.228] [SEVERE ] removing player 3 token from slot 8
[13:21:38.228] [SEVERE ] player 3 placing token on slot 5
[13:21:38.237] [SEVERE ] setting player 1 freeze to 0
[13:21:38.239] [SEVERE ] setting player 1 freeze to 0
[13:21:38.239] [SEVERE ] setting player 1 freeze to 0
[13:21:38.240] [SEVERE ] setting player 1 freeze to 0
[13:21:38.240] [SEVERE ] removing player 1 token from slot 8
[13:21:38.241] [SEVERE ] player 1 placing token on slot 7
[13:21:38.247] [SEVERE ] setting player 2 freeze to 0
[13:21:38.247] [SEVERE ] setting player 2 freeze to 0
[13:21:38.248] [SEVERE ] setting player 2 freeze to 0
[13:21:38.248] [SEVERE ] setting player 2 freeze to 0
[13:21:38.249] [SEVERE ] removing player 2 token from slot 5
[13:21:38.250] [SEVERE ] player 2 placing token on slot 7
[13:21:38.257] [SEVERE ] setting player 3 freeze to 0
[13:21:38.258] [SEVERE ] setting player 3 freeze to 0
[13:21:38.258] [SEVERE ] setting player 3 freeze to 0
[13:21:38.259] [SEVERE ] setting player 3 freeze to 0
[13:21:38.259] [SEVERE ] removing player 3 token from slot 6
[13:21:38.260] [SEVERE ] player 3 placing token on slot 9
[13:21:38.268] [SEVERE ] setting player 1 freeze to 0
[13:21:38.268] [SEVERE ] setting player 1 freeze to 0
[13:21:38.269] [SEVERE ] setting player 1 freeze to 0
[13:21:38.270] [SEVERE ] setting player 1 freeze to 0
[13:21:38.271] [SEVERE ] removing player 1 token from slot 7
[13:21:38.273] [SEVERE ] player 1 placing token on slot 10
[13:21:38.278] [SEVERE ] setting player 2 freeze to 0
[13:21:38.279] [SEVERE ] setting player 2 freeze to 0
[13:21:38.279] [SEVERE ] setting player 2 freeze to 0
[13:21:38.280] [SEVERE ] setting player 2 freeze to 0
[13:21:38.280] [SEVERE ] removing player 2 token from slot 10
[13:21:38.281] [SEVERE ] player 2 placing token on slot 3
[13:21:38.289] [SEVERE ] setting player 3 freeze to 0
[13:21:38.289] [SEVERE ] setting player 3 freeze to 0
[13:21:38.290] [SEVERE ] setting player 3 freeze to 0
[13:21:38.291] [SEVERE ] setting player 3 freeze to 0
[13:21:38.291] [SEVERE ] removing player 3 token from slot 5
[13:21:38.292] [SEVERE ] player 3 placing token on slot 3
[13:21:38.299] [SEVERE ] setting player 1 freeze to 0
[13:21:38.300] [SEVERE ] setting player 1 freeze to 0
[13:21:38.300] [SEVERE ] setting player 1 freeze to 0
[13:21:38.301] [SEVERE ] setting player 1 freeze to 0
[13:21:38.303] [SEVERE ] removing player 1 token from slot 10
[13:21:38.304] [SEVERE ] player 1 placing token on slot 7
[13:21:38.310] [SEVERE ] setting player 2 freeze to 0
[13:21:38.310] [SEVERE ] setting player 2 freeze to 0
[13:21:38.311] [SEVERE ] setting player 2 freeze to 0
[13:21:38.314] [SEVERE ] setting player 2 freeze to 0
[13:21:38.314] [SEVERE ] removing player 2 token from slot 3
[13:21:38.315] [SEVERE ] player 2 placing token on slot 1
[13:21:38.320] [SEVERE ] setting player 3 freeze to 0
[13:21:38.320] [SEVERE ] setting player 3 freeze to 0
[13:21:38.321] [SEVERE ] setting player 3 freeze to 0
[13:21:38.322] [SEVERE ] setting player 3 freeze to 0
[13:21:38.322] [SEVERE ] removing player 3 token from slot 3
[13:21:38.323] [SEVERE ] player 3 placing token on slot 4
[13:21:38.330] [SEVERE ] setting player 1 freeze to 0
[13:21:38.331] [SEVERE ] setting player 1 freeze to 0
[13:21:38.332] [SEVERE ] setting player 1 freeze to 0
[13:21:38.333] [SEVERE ] setting player 1 freeze to 0
[13:21:38.334] [SEVERE ] removing player 1 token from slot 7
[13:21:38.334] [SEVERE ] player 1 placing token on slot 11
[13:21:38.341] [SEVERE ] setting player 2 freeze to 0
[13:21:38.341] [SEVERE ] setting player 2 freeze to 0
[13:21:38.342] [SEVERE ] setting player 2 freeze to 0
[13:21:38.343] [SEVERE ] setting player 2 freeze to 0
[13:21:38.344] [SEVERE ] removing player 2 token from slot 7
[13:21:38.345] [SEVERE ] player 2 placing token on slot 4
[13:21:38.351] [SEVERE ] setting player 3 freeze to 0
[13:21:38.351] [SEVERE ] setting player 3 freeze to 0
[13:21:38.352] [SEVERE ] setting player 3 freeze to 0
[13:21:38.352] [SEVERE ] setting player 3 freeze to 0
[13:21:38.353] [SEVERE ] removing player 3 token from slot 7
[13:21:38.353] [SEVERE ] removing player 3 token from slot 4
[13:21:38.354] [SEVERE ] player 3 placing token on slot 2
[13:21:38.355] [SEVERE ] player 3 placing token on slot 11
[13:21:38.361] [SEVERE ] setting player 1 freeze to 0
[13:21:38.362] [SEVERE ] setting player 1 freeze to 0
[13:21:38.362] [SEVERE ] setting player 1 freeze to 0
[13:21:38.363] [SEVERE ] setting player 1 freeze to 0
[13:21:38.364] [SEVERE ] removing player 1 token from slot 1
[13:21:38.365] [SEVERE ] player 1 placing token on slot 4
[13:21:38.372] [SEVERE ] setting player 2 freeze to 0
[13:21:38.373] [SEVERE ] setting player 2 freeze to 0
[13:21:38.373] [SEVERE ] setting player 2 freeze to 0
[13:21:38.374] [SEVERE ] setting player 2 freeze to 0
[13:21:38.375] [SEVERE ] removing player 2 token from slot 4
[13:21:38.375] [SEVERE ] removing player 2 token from slot 6
[13:21:38.376] [SEVERE ] player 2 placing token on slot 7
[13:21:38.376] [SEVERE ] player 2 placing token on slot 10
[13:21:38.382] [SEVERE ] updating countdown to 5000
[13:21:38.382] [SEVERE ] setting player 3 score to 1
[13:21:38.384] [SEVERE ] setting player 3 freeze to 0
[13:21:38.384] [SEVERE ] setting player 3 freeze to 0
[13:21:38.385] [SEVERE ] removing player 3 token from slot 11
[13:21:38.386] [SEVERE ] player 3 placing token on slot 1
