[21:12:38.615] [INFO   ] thread main starting.
[21:12:38.622] [SEVERE ] cannot read configuration file config.properties trying from resources.
[21:12:38.624] [SEVERE ] configuration file was loaded from resources directory.
[21:12:38.996] [INFO   ] thread dealer starting.
[21:12:38.997] [INFO   ] Thread dealer starting.
[21:12:39.105] [SEVERE ] placing card 64 in slot 0
[21:12:39.206] [SEVERE ] placing card 53 in slot 1
[21:12:39.307] [SEVERE ] placing card 40 in slot 2
[21:12:39.408] [SEVERE ] placing card 75 in slot 3
[21:12:39.508] [SEVERE ] placing card 74 in slot 4
[21:12:39.609] [SEVERE ] placing card 1 in slot 5
[21:12:39.710] [SEVERE ] placing card 26 in slot 6
[21:12:39.811] [SEVERE ] placing card 60 in slot 7
[21:12:39.912] [SEVERE ] placing card 7 in slot 8
[21:12:40.013] [SEVERE ] placing card 23 in slot 9
[21:12:40.115] [SEVERE ] placing card 77 in slot 10
[21:12:40.215] [SEVERE ] placing card 31 in slot 11
[21:12:40.216] [INFO   ] Thread Thread-1starting.
[21:12:40.216] [SEVERE ] updating countdown to 5000
[21:12:40.216] [INFO   ] Thread Thread-2starting.
[21:12:40.216] [INFO   ] Thread Thread-4starting.
[21:12:40.222] [INFO   ] Thread computer-0 starting.
[21:12:40.222] [SEVERE ] player 1 placing token on slot 8
[21:12:40.224] [SEVERE ] player 1 placing token on slot 11
[21:12:40.225] [SEVERE ] player 1 placing token on slot 3
[21:12:40.216] [INFO   ] Thread Thread-3starting.
[21:12:40.225] [INFO   ] Thread computer-3 starting.
[21:12:40.229] [SEVERE ] player 4 placing token on slot 6
[21:12:40.230] [SEVERE ] player 4 placing token on slot 7
[21:12:40.230] [SEVERE ] player 4 placing token on slot 10
[21:12:40.232] [INFO   ] Thread computer-2 starting.
[21:12:40.232] [SEVERE ] player 3 placing token on slot 8
[21:12:40.232] [SEVERE ] player 3 placing token on slot 5
[21:12:40.232] [SEVERE ] player 3 placing token on slot 11
[21:12:40.232] [SEVERE ] setting player 1 freeze to 0
[21:12:40.237] [SEVERE ] setting player 1 freeze to 0
[21:12:40.237] [SEVERE ] setting player 1 freeze to 0
[21:12:40.238] [SEVERE ] setting player 1 freeze to 0
[21:12:40.239] [SEVERE ] removing player 1 token from slot 8
[21:12:40.241] [INFO   ] Thread computer-1 starting.
[21:12:40.242] [SEVERE ] player 2 placing token on slot 8
[21:12:40.242] [SEVERE ] setting player 4 freeze to 0
[21:12:40.243] [SEVERE ] setting player 4 freeze to 0
[21:12:40.244] [SEVERE ] setting player 4 freeze to 0
[21:12:40.244] [SEVERE ] setting player 4 freeze to 0
[21:12:40.245] [SEVERE ] removing player 4 token from slot 6
[21:12:40.243] [SEVERE ] player 2 placing token on slot 11
[21:12:40.246] [SEVERE ] removing player 2 token from slot 8
[21:12:40.252] [SEVERE ] setting player 3 freeze to 0
[21:12:40.253] [SEVERE ] setting player 3 freeze to 0
[21:12:40.253] [SEVERE ] setting player 3 freeze to 0
[21:12:40.254] [SEVERE ] setting player 3 freeze to 0
[21:12:40.254] [SEVERE ] removing player 3 token from slot 8
[21:12:43.216] [SEVERE ] updating countdown to 2000
[21:12:44.216] [SEVERE ] updating countdown to 1000
[21:12:45.224] [SEVERE ] updating countdown to 5000
[21:12:45.224] [SEVERE ] updating countdown to 5000
[21:12:45.325] [SEVERE ] removing card from slot 0
[21:12:45.425] [SEVERE ] removing card from slot 1
[21:12:45.526] [SEVERE ] removing card from slot 2
[21:12:45.626] [SEVERE ] removing card from slot 3
[21:12:45.726] [SEVERE ] removing card from slot 4
[21:12:45.827] [SEVERE ] removing card from slot 5
[21:12:45.927] [SEVERE ] removing card from slot 6
[21:12:46.027] [SEVERE ] removing card from slot 7
[21:12:46.128] [SEVERE ] removing card from slot 8
[21:12:46.228] [SEVERE ] removing card from slot 9
[21:12:46.328] [SEVERE ] removing card from slot 10
[21:12:46.429] [SEVERE ] removing card from slot 11
[21:12:46.429] [SEVERE ] removing all tokens
[21:12:46.529] [SEVERE ] placing card 41 in slot 0
[21:12:46.629] [SEVERE ] placing card 39 in slot 1
[21:12:46.730] [SEVERE ] placing card 59 in slot 2
[21:12:46.830] [SEVERE ] placing card 19 in slot 3
[21:12:46.930] [SEVERE ] placing card 12 in slot 4
[21:12:47.031] [SEVERE ] placing card 27 in slot 5
[21:12:47.131] [SEVERE ] placing card 9 in slot 6
[21:12:47.231] [SEVERE ] placing card 6 in slot 7
[21:12:47.332] [SEVERE ] placing card 15 in slot 8
[21:12:47.432] [SEVERE ] placing card 56 in slot 9
[21:12:47.532] [SEVERE ] placing card 67 in slot 10
[21:12:47.632] [SEVERE ] placing card 34 in slot 11
[21:12:47.633] [INFO   ] Thread Thread-5starting.
[21:12:47.634] [INFO   ] Thread Thread-7starting.
[21:12:47.634] [INFO   ] Thread Thread-6starting.
[21:12:47.637] [SEVERE ] updating countdown to 5000
[21:12:47.637] [INFO   ] Thread Thread-8starting.
[21:12:47.648] [INFO   ] Thread computer-1 starting.
[21:12:47.653] [INFO   ] Thread computer-2 starting.
[21:12:47.654] [SEVERE ] player 3 placing token on slot 11
[21:12:47.655] [SEVERE ] player 3 placing token on slot 10
[21:12:47.656] [SEVERE ] player 3 placing token on slot 1
[21:12:47.661] [INFO   ] Thread computer-0 starting.
[21:12:47.677] [INFO   ] Thread computer-3 starting.
[21:12:48.637] [SEVERE ] updating countdown to 4000
[21:12:48.639] [SEVERE ] setting player 3 freeze to 0
[21:12:48.640] [SEVERE ] setting player 3 freeze to 0
[21:12:48.641] [SEVERE ] setting player 3 freeze to 0
[21:12:48.647] [SEVERE ] setting player 3 freeze to 0
[21:12:48.647] [SEVERE ] removing player 3 token from slot 10
[21:12:52.644] [SEVERE ] updating countdown to 5000
[21:12:52.644] [SEVERE ] updating countdown to 5000
[21:12:52.745] [SEVERE ] removing card from slot 0
[21:12:52.845] [SEVERE ] removing card from slot 1
[21:12:52.945] [SEVERE ] removing card from slot 2
[21:12:53.046] [SEVERE ] removing card from slot 3
[21:12:53.146] [SEVERE ] removing card from slot 4
[21:12:53.247] [SEVERE ] removing card from slot 5
[21:12:53.347] [SEVERE ] removing card from slot 6
[21:12:53.447] [SEVERE ] removing card from slot 7
[21:12:53.548] [SEVERE ] removing card from slot 8
[21:12:53.648] [SEVERE ] removing card from slot 9
[21:12:53.751] [SEVERE ] removing card from slot 10
[21:12:53.852] [SEVERE ] removing card from slot 11
[21:12:53.852] [SEVERE ] removing all tokens
[21:12:53.956] [SEVERE ] placing card 12 in slot 0
[21:12:54.056] [SEVERE ] placing card 8 in slot 1
[21:12:54.157] [SEVERE ] placing card 10 in slot 2
[21:12:54.257] [SEVERE ] placing card 42 in slot 3
[21:12:54.357] [SEVERE ] placing card 47 in slot 4
[21:12:54.458] [SEVERE ] placing card 78 in slot 5
[21:12:54.558] [SEVERE ] placing card 58 in slot 6
[21:12:54.658] [SEVERE ] placing card 25 in slot 7
[21:12:54.759] [SEVERE ] placing card 22 in slot 8
[21:12:54.859] [SEVERE ] placing card 21 in slot 9
[21:12:54.960] [SEVERE ] placing card 11 in slot 10
[21:12:55.060] [SEVERE ] placing card 48 in slot 11
[21:12:55.065] [INFO   ] Thread Thread-9starting.
[21:12:55.073] [INFO   ] Thread Thread-10starting.
[21:12:55.085] [INFO   ] Thread Thread-11starting.
[21:12:55.105] [SEVERE ] updating countdown to 5000
[21:12:55.113] [INFO   ] Thread Thread-12starting.
[21:12:55.129] [INFO   ] Thread computer-0 starting.
[21:12:55.138] [INFO   ] Thread computer-1 starting.
[21:12:55.165] [INFO   ] Thread computer-2 starting.
[21:12:55.173] [INFO   ] Thread computer-3 starting.
[21:12:56.105] [SEVERE ] updating countdown to 4000
[21:13:00.109] [SEVERE ] updating countdown to 5000
[21:13:00.109] [SEVERE ] updating countdown to 5000
[21:13:00.209] [SEVERE ] removing card from slot 0
[21:13:00.309] [SEVERE ] removing card from slot 1
[21:13:00.410] [SEVERE ] removing card from slot 2
[21:13:00.510] [SEVERE ] removing card from slot 3
[21:13:00.610] [SEVERE ] removing card from slot 4
[21:13:00.711] [SEVERE ] removing card from slot 5
[21:13:00.811] [SEVERE ] removing card from slot 6
[21:13:00.911] [SEVERE ] removing card from slot 7
[21:13:01.012] [SEVERE ] removing card from slot 8
[21:13:01.112] [SEVERE ] removing card from slot 9
[21:13:01.213] [SEVERE ] removing card from slot 10
[21:13:01.314] [SEVERE ] removing card from slot 11
[21:13:01.314] [SEVERE ] removing all tokens
[21:13:01.415] [SEVERE ] placing card 0 in slot 0
[21:13:01.515] [SEVERE ] placing card 69 in slot 1
[21:13:01.619] [SEVERE ] placing card 43 in slot 2
[21:13:01.719] [SEVERE ] placing card 46 in slot 3
[21:13:01.819] [SEVERE ] placing card 3 in slot 4
[21:13:01.920] [SEVERE ] placing card 71 in slot 5
[21:13:02.024] [SEVERE ] placing card 33 in slot 6
[21:13:02.124] [SEVERE ] placing card 73 in slot 7
[21:13:02.224] [SEVERE ] placing card 51 in slot 8
[21:13:02.325] [SEVERE ] placing card 80 in slot 9
[21:13:02.425] [SEVERE ] placing card 57 in slot 10
[21:13:02.525] [SEVERE ] placing card 17 in slot 11
[21:13:02.530] [INFO   ] Thread Thread-13starting.
[21:13:02.537] [INFO   ] Thread Thread-14starting.
[21:13:02.552] [INFO   ] Thread Thread-15starting.
[21:13:02.569] [SEVERE ] updating countdown to 5000
[21:13:02.569] [INFO   ] Thread Thread-16starting.
[21:13:02.587] [INFO   ] Thread computer-0 starting.
[21:13:02.602] [INFO   ] Thread computer-2 starting.
[21:13:02.617] [INFO   ] Thread computer-1 starting.
[21:13:02.627] [INFO   ] Thread computer-3 starting.
[21:13:06.569] [SEVERE ] updating countdown to 1000
