[19:09:15.787] [INFO   ] thread main starting.
[19:09:15.794] [SEVERE ] cannot read configuration file config.properties trying from resources.
[19:09:15.796] [SEVERE ] configuration file was loaded from resources directory.
[19:09:16.270] [INFO   ] thread dealer starting.
[19:09:16.270] [INFO   ] Thread dealer starting.
[19:09:16.378] [SEVERE ] placing card 40 in slot 0
[19:09:16.479] [SEVERE ] placing card 5 in slot 1
[19:09:16.579] [SEVERE ] placing card 24 in slot 2
[19:09:16.681] [SEVERE ] placing card 13 in slot 3
[19:09:16.782] [SEVERE ] placing card 42 in slot 4
[19:09:16.883] [SEVERE ] placing card 76 in slot 5
[19:09:16.984] [SEVERE ] placing card 16 in slot 6
[19:09:17.084] [SEVERE ] placing card 28 in slot 7
[19:09:17.186] [SEVERE ] placing card 78 in slot 8
[19:09:17.286] [SEVERE ] placing card 7 in slot 9
[19:09:17.387] [SEVERE ] placing card 79 in slot 10
[19:09:17.488] [SEVERE ] placing card 75 in slot 11
[19:09:17.489] [INFO   ] Thread Thread-1starting.
[19:09:17.490] [INFO   ] Thread Thread-2starting.
[19:09:17.490] [INFO   ] Thread Thread-3starting.
[19:09:17.496] [INFO   ] Thread Thread-4starting.
[19:09:17.495] [SEVERE ] updating countdown to 5000
[19:09:17.501] [INFO   ] Thread computer-1 starting.
[19:09:17.505] [SEVERE ] player 2 placing token on slot 3
[19:09:17.507] [SEVERE ] player 2 placing token on slot 8
[19:09:17.508] [SEVERE ] player 2 placing token on slot 10
[19:09:17.513] [INFO   ] Thread computer-2 starting.
[19:09:17.514] [SEVERE ] player 3 placing token on slot 5
[19:09:17.515] [SEVERE ] player 3 placing token on slot 2
[19:09:17.516] [SEVERE ] setting player 2 freeze to 0
[19:09:17.522] [SEVERE ] player 3 placing token on slot 6
[19:09:17.523] [SEVERE ] setting player 2 freeze to 0
[19:09:17.524] [SEVERE ] setting player 2 freeze to 0
[19:09:17.524] [SEVERE ] setting player 2 freeze to 0
[19:09:17.525] [SEVERE ] removing player 2 token from slot 8
[19:09:17.526] [SEVERE ] player 2 placing token on slot 6
[19:09:17.529] [INFO   ] Thread computer-0 starting.
[19:09:17.529] [SEVERE ] player 1 placing token on slot 10
[19:09:17.530] [SEVERE ] removing player 1 token from slot 10
[19:09:17.531] [SEVERE ] player 1 placing token on slot 11
[19:09:17.533] [SEVERE ] player 1 placing token on slot 6
[19:09:17.533] [SEVERE ] player 1 placing token on slot 4
[19:09:17.531] [SEVERE ] setting player 3 freeze to 0
[19:09:17.541] [SEVERE ] setting player 3 freeze to 0
[19:09:17.542] [SEVERE ] setting player 3 freeze to 0
[19:09:17.542] [SEVERE ] setting player 3 freeze to 0
[19:09:17.543] [SEVERE ] removing player 3 token from slot 6
[19:09:17.543] [SEVERE ] player 3 placing token on slot 9
[19:09:17.542] [INFO   ] Thread computer-3 starting.
[19:09:17.553] [SEVERE ] setting player 1 freeze to 0
[19:09:17.561] [SEVERE ] setting player 1 freeze to 0
[19:09:17.543] [SEVERE ] setting player 2 freeze to 0
[19:09:17.562] [SEVERE ] setting player 2 freeze to 0
[19:09:17.563] [SEVERE ] setting player 2 freeze to 0
[19:09:17.562] [SEVERE ] setting player 1 freeze to 0
[19:09:17.564] [SEVERE ] setting player 1 freeze to 0
[19:09:17.568] [SEVERE ] removing player 1 token from slot 4
[19:09:17.569] [SEVERE ] player 1 placing token on slot 9
[19:09:17.572] [SEVERE ] setting player 1 freeze to 0
[19:09:17.561] [SEVERE ] setting player 3 freeze to 0
[19:09:17.561] [SEVERE ] player 4 placing token on slot 10
[19:09:17.573] [SEVERE ] player 4 placing token on slot 3
[19:09:17.574] [SEVERE ] removing player 4 token from slot 10
[19:09:17.574] [SEVERE ] player 4 placing token on slot 4
[19:09:17.575] [SEVERE ] player 4 placing token on slot 5
[19:09:17.573] [SEVERE ] setting player 3 freeze to 0
[19:09:17.572] [SEVERE ] setting player 1 freeze to 0
[19:09:17.563] [SEVERE ] setting player 2 freeze to 0
[19:09:17.577] [SEVERE ] setting player 1 freeze to 0
[19:09:17.577] [SEVERE ] setting player 3 freeze to 0
[19:09:17.579] [SEVERE ] setting player 1 freeze to 0
[19:09:17.578] [SEVERE ] removing player 2 token from slot 6
[19:09:17.582] [SEVERE ] player 2 placing token on slot 2
[19:09:17.579] [SEVERE ] setting player 3 freeze to 0
[19:09:17.584] [SEVERE ] removing player 3 token from slot 9
[19:09:17.584] [SEVERE ] player 3 placing token on slot 4
[19:09:17.589] [SEVERE ] removing player 1 token from slot 11
[19:09:17.589] [SEVERE ] player 1 placing token on slot 10
[19:09:17.592] [SEVERE ] setting player 2 freeze to 0
[19:09:17.592] [SEVERE ] setting player 2 freeze to 0
[19:09:17.595] [SEVERE ] setting player 2 freeze to 0
[19:09:17.596] [SEVERE ] setting player 2 freeze to 0
[19:09:17.596] [SEVERE ] removing player 2 token from slot 2
[19:09:17.593] [SEVERE ] setting player 4 freeze to 0
[19:09:17.597] [SEVERE ] setting player 4 freeze to 0
[19:09:17.597] [SEVERE ] setting player 4 freeze to 0
[19:09:17.598] [SEVERE ] setting player 4 freeze to 0
[19:09:17.603] [SEVERE ] setting player 3 freeze to 0
[19:09:17.603] [SEVERE ] setting player 3 freeze to 0
[19:09:17.603] [SEVERE ] setting player 3 freeze to 0
[19:09:17.604] [SEVERE ] setting player 3 freeze to 0
[19:09:17.605] [SEVERE ] removing player 3 token from slot 2
[19:09:17.605] [SEVERE ] player 3 placing token on slot 1
[19:09:17.597] [SEVERE ] player 2 placing token on slot 6
[19:09:17.619] [SEVERE ] setting player 1 freeze to 0
[19:09:17.620] [SEVERE ] setting player 1 freeze to 0
[19:09:17.620] [SEVERE ] setting player 1 freeze to 0
[19:09:17.609] [SEVERE ] removing player 4 token from slot 3
[19:09:17.621] [SEVERE ] setting player 1 freeze to 0
[19:09:17.622] [SEVERE ] removing player 4 token from slot 5
[19:09:17.623] [SEVERE ] player 4 placing token on slot 1
[19:09:17.622] [SEVERE ] removing player 1 token from slot 10
[19:09:17.625] [SEVERE ] player 1 placing token on slot 8
[19:09:17.623] [SEVERE ] setting player 3 freeze to 0
[19:09:17.623] [SEVERE ] player 4 placing token on slot 3
[19:09:17.626] [SEVERE ] setting player 3 freeze to 0
[19:09:17.627] [SEVERE ] setting player 3 freeze to 0
[19:09:17.628] [SEVERE ] setting player 3 freeze to 0
[19:09:17.628] [SEVERE ] removing player 3 token from slot 1
[19:09:17.629] [SEVERE ] removing player 3 token from slot 5
[19:09:17.631] [SEVERE ] removing player 3 token from slot 4
[19:09:17.632] [SEVERE ] player 3 placing token on slot 10
[19:09:17.632] [SEVERE ] player 3 placing token on slot 3
[19:09:17.634] [SEVERE ] setting player 2 freeze to 0
[19:09:17.634] [SEVERE ] setting player 2 freeze to 0
[19:09:17.635] [SEVERE ] setting player 2 freeze to 0
[19:09:17.635] [SEVERE ] setting player 2 freeze to 0
[19:09:17.635] [SEVERE ] player 3 placing token on slot 2
[19:09:17.636] [SEVERE ] removing player 2 token from slot 10
[19:09:17.638] [SEVERE ] player 2 placing token on slot 2
[19:09:17.644] [SEVERE ] setting player 1 freeze to 0
[19:09:17.644] [SEVERE ] setting player 1 freeze to 0
[19:09:17.645] [SEVERE ] setting player 1 freeze to 0
[19:09:17.645] [SEVERE ] setting player 1 freeze to 0
[19:09:17.646] [SEVERE ] removing player 1 token from slot 6
[19:09:17.646] [SEVERE ] player 1 placing token on slot 11
[19:09:17.654] [SEVERE ] setting player 4 freeze to 0
[19:09:17.655] [SEVERE ] setting player 4 freeze to 0
[19:09:17.655] [SEVERE ] setting player 4 freeze to 0
[19:09:17.656] [SEVERE ] setting player 4 freeze to 0
[19:09:17.658] [SEVERE ] removing player 4 token from slot 1
[19:09:17.659] [SEVERE ] player 4 placing token on slot 11
[19:09:17.665] [SEVERE ] setting player 3 freeze to 0
[19:09:17.665] [SEVERE ] setting player 3 freeze to 0
[19:09:17.666] [SEVERE ] setting player 3 freeze to 0
[19:09:17.666] [SEVERE ] setting player 3 freeze to 0
[19:09:17.667] [SEVERE ] removing player 3 token from slot 10
[19:09:17.675] [SEVERE ] player 3 placing token on slot 8
[19:09:17.676] [SEVERE ] setting player 2 freeze to 0
[19:09:17.676] [SEVERE ] setting player 2 freeze to 0
[19:09:17.678] [SEVERE ] setting player 2 freeze to 0
[19:09:17.679] [SEVERE ] setting player 2 freeze to 0
[19:09:17.679] [SEVERE ] removing player 2 token from slot 3
[19:09:17.680] [SEVERE ] removing player 2 token from slot 6
[19:09:17.680] [SEVERE ] player 2 placing token on slot 9
[19:09:17.681] [SEVERE ] player 2 placing token on slot 8
[19:09:17.686] [SEVERE ] setting player 1 freeze to 0
[19:09:17.687] [SEVERE ] setting player 1 freeze to 0
[19:09:17.687] [SEVERE ] setting player 1 freeze to 0
[19:09:17.688] [SEVERE ] setting player 1 freeze to 0
[19:09:17.688] [SEVERE ] removing player 1 token from slot 11
[19:09:17.689] [SEVERE ] player 1 placing token on slot 2
[19:09:17.697] [SEVERE ] setting player 4 freeze to 0
[19:09:17.697] [SEVERE ] setting player 4 freeze to 0
[19:09:17.699] [SEVERE ] setting player 4 freeze to 0
[19:09:17.699] [SEVERE ] setting player 4 freeze to 0
[19:09:17.700] [SEVERE ] removing player 4 token from slot 3
[19:09:17.701] [SEVERE ] player 4 placing token on slot 1
[19:09:17.707] [SEVERE ] setting player 3 freeze to 0
[19:09:17.707] [SEVERE ] setting player 3 freeze to 0
[19:09:17.708] [SEVERE ] setting player 3 freeze to 0
[19:09:17.708] [SEVERE ] setting player 3 freeze to 0
[19:09:17.709] [SEVERE ] removing player 3 token from slot 3
[19:09:17.713] [SEVERE ] removing player 3 token from slot 2
[19:09:17.716] [SEVERE ] player 3 placing token on slot 5
[19:09:17.717] [SEVERE ] setting player 2 freeze to 0
[19:09:17.718] [SEVERE ] setting player 2 freeze to 0
[19:09:17.718] [SEVERE ] setting player 2 freeze to 0
[19:09:17.719] [SEVERE ] setting player 2 freeze to 0
[19:09:17.719] [SEVERE ] removing player 2 token from slot 9
[19:09:17.720] [SEVERE ] player 2 placing token on slot 5
[19:09:17.718] [SEVERE ] player 3 placing token on slot 3
[19:09:17.728] [SEVERE ] setting player 1 freeze to 0
[19:09:17.728] [SEVERE ] setting player 1 freeze to 0
[19:09:17.728] [SEVERE ] setting player 1 freeze to 0
[19:09:17.729] [SEVERE ] setting player 1 freeze to 0
[19:09:17.729] [SEVERE ] removing player 1 token from slot 8
[19:09:17.730] [SEVERE ] player 1 placing token on slot 3
[19:09:17.738] [SEVERE ] setting player 4 freeze to 0
[19:09:17.738] [SEVERE ] setting player 4 freeze to 0
[19:09:17.739] [SEVERE ] setting player 4 freeze to 0
[19:09:17.739] [SEVERE ] setting player 4 freeze to 0
[19:09:17.740] [SEVERE ] removing player 4 token from slot 11
[19:09:17.740] [SEVERE ] player 4 placing token on slot 8
[19:09:17.751] [SEVERE ] setting player 2 freeze to 0
[19:09:17.751] [SEVERE ] setting player 2 freeze to 0
[19:09:17.752] [SEVERE ] setting player 2 freeze to 0
[19:09:17.753] [SEVERE ] setting player 2 freeze to 0
[19:09:17.754] [SEVERE ] removing player 2 token from slot 8
[19:09:17.755] [SEVERE ] player 2 placing token on slot 8
[19:09:17.761] [SEVERE ] setting player 3 freeze to 0
[19:09:17.761] [SEVERE ] setting player 3 freeze to 0
[19:09:17.761] [SEVERE ] setting player 3 freeze to 0
[19:09:17.761] [SEVERE ] setting player 3 freeze to 0
[19:09:17.762] [SEVERE ] removing player 3 token from slot 5
[19:09:17.762] [SEVERE ] removing player 3 token from slot 8
[19:09:17.762] [SEVERE ] player 3 placing token on slot 6
[19:09:17.762] [SEVERE ] removing player 3 token from slot 6
[19:09:17.762] [SEVERE ] player 3 placing token on slot 11
[19:09:17.762] [SEVERE ] player 3 placing token on slot 10
[19:09:17.785] [SEVERE ] setting player 1 freeze to 0
[19:09:17.795] [SEVERE ] setting player 2 freeze to 0
[19:09:17.795] [SEVERE ] setting player 1 freeze to 0
[19:09:17.795] [SEVERE ] setting player 1 freeze to 0
[19:09:17.795] [SEVERE ] setting player 2 freeze to 0
[19:09:17.795] [SEVERE ] setting player 4 freeze to 0
[19:09:17.795] [SEVERE ] setting player 1 freeze to 0
[19:09:17.795] [SEVERE ] setting player 2 freeze to 0
[19:09:17.795] [SEVERE ] setting player 4 freeze to 0
[19:09:17.795] [SEVERE ] setting player 4 freeze to 0
[19:09:17.795] [SEVERE ] setting player 4 freeze to 0
[19:09:17.795] [SEVERE ] removing player 4 token from slot 4
[19:09:17.795] [SEVERE ] player 4 placing token on slot 3
[19:09:17.805] [SEVERE ] setting player 3 freeze to 0
[19:09:17.806] [SEVERE ] setting player 3 freeze to 0
[19:09:17.806] [SEVERE ] setting player 3 freeze to 0
[19:09:17.807] [SEVERE ] setting player 3 freeze to 0
[19:09:17.807] [SEVERE ] removing player 3 token from slot 3
[19:09:17.807] [SEVERE ] player 3 placing token on slot 8
[19:09:17.808] [SEVERE ] removing player 1 token from slot 9
[19:09:17.808] [SEVERE ] player 1 placing token on slot 10
[19:09:17.816] [SEVERE ] setting player 4 freeze to 0
[19:09:17.816] [SEVERE ] setting player 2 freeze to 0
[19:09:17.816] [SEVERE ] removing player 2 token from slot 2
[19:09:17.816] [SEVERE ] player 2 placing token on slot 11
[19:09:17.816] [SEVERE ] setting player 4 freeze to 0
[19:09:17.817] [SEVERE ] setting player 4 freeze to 0
[19:09:17.817] [SEVERE ] setting player 4 freeze to 0
[19:09:17.817] [SEVERE ] removing player 4 token from slot 1
[19:09:17.817] [SEVERE ] removing player 4 token from slot 3
[19:09:17.817] [SEVERE ] player 4 placing token on slot 11
[19:09:17.817] [SEVERE ] player 4 placing token on slot 3
[19:09:17.826] [SEVERE ] setting player 3 freeze to 0
[19:09:17.826] [SEVERE ] setting player 3 freeze to 0
[19:09:17.827] [SEVERE ] setting player 3 freeze to 0
[19:09:17.828] [SEVERE ] setting player 3 freeze to 0
[19:09:17.828] [SEVERE ] removing player 3 token from slot 8
[19:09:17.828] [SEVERE ] removing player 3 token from slot 10
[19:09:17.828] [SEVERE ] player 3 placing token on slot 9
[19:09:17.829] [SEVERE ] player 3 placing token on slot 5
[19:09:17.836] [SEVERE ] setting player 1 freeze to 0
[19:09:17.837] [SEVERE ] setting player 1 freeze to 0
[19:09:17.846] [SEVERE ] setting player 2 freeze to 0
[19:09:17.848] [SEVERE ] setting player 2 freeze to 0
[19:09:17.848] [SEVERE ] setting player 2 freeze to 0
[19:09:17.848] [SEVERE ] setting player 2 freeze to 0
[19:09:17.847] [SEVERE ] setting player 1 freeze to 0
[19:09:17.849] [SEVERE ] removing player 2 token from slot 11
[19:09:17.849] [SEVERE ] setting player 1 freeze to 0
[19:09:17.850] [SEVERE ] player 2 placing token on slot 10
[19:09:17.850] [SEVERE ] removing player 1 token from slot 3
[19:09:17.851] [SEVERE ] player 1 placing token on slot 7
[19:09:17.857] [SEVERE ] setting player 4 freeze to 0
[19:09:17.857] [SEVERE ] setting player 4 freeze to 0
[19:09:17.857] [SEVERE ] setting player 4 freeze to 0
[19:09:17.857] [SEVERE ] setting player 4 freeze to 0
[19:09:17.857] [SEVERE ] removing player 4 token from slot 3
[19:09:17.857] [SEVERE ] player 4 placing token on slot 5
[19:09:17.867] [SEVERE ] setting player 3 freeze to 0
[19:09:17.867] [SEVERE ] setting player 3 freeze to 0
[19:09:17.867] [SEVERE ] setting player 3 freeze to 0
[19:09:17.867] [SEVERE ] setting player 3 freeze to 0
[19:09:17.867] [SEVERE ] removing player 3 token from slot 5
[19:09:17.869] [SEVERE ] removing player 3 token from slot 9
[19:09:17.869] [SEVERE ] player 3 placing token on slot 3
[19:09:17.869] [SEVERE ] player 3 placing token on slot 7
[19:09:17.877] [SEVERE ] setting player 2 freeze to 0
[19:09:17.877] [SEVERE ] setting player 2 freeze to 0
[19:09:17.878] [SEVERE ] setting player 2 freeze to 0
[19:09:17.878] [SEVERE ] setting player 2 freeze to 0
[19:09:17.878] [SEVERE ] removing player 2 token from slot 10
[19:09:17.878] [SEVERE ] player 2 placing token on slot 6
[19:09:17.888] [SEVERE ] setting player 1 freeze to 0
[19:09:17.888] [SEVERE ] setting player 1 freeze to 0
[19:09:17.888] [SEVERE ] setting player 1 freeze to 0
[19:09:17.889] [SEVERE ] setting player 1 freeze to 0
[19:09:17.889] [SEVERE ] removing player 1 token from slot 2
[19:09:17.890] [SEVERE ] player 1 placing token on slot 4
[19:09:17.898] [SEVERE ] setting player 4 freeze to 0
[19:09:17.898] [SEVERE ] setting player 4 freeze to 0
[19:09:17.899] [SEVERE ] setting player 4 freeze to 0
[19:09:17.899] [SEVERE ] setting player 4 freeze to 0
[19:09:17.900] [SEVERE ] removing player 4 token from slot 5
[19:09:17.900] [SEVERE ] player 4 placing token on slot 6
[19:09:17.908] [SEVERE ] setting player 3 freeze to 0
[19:09:17.909] [SEVERE ] setting player 3 freeze to 0
[19:09:17.909] [SEVERE ] setting player 3 freeze to 0
[19:09:17.909] [SEVERE ] setting player 3 freeze to 0
[19:09:17.909] [SEVERE ] removing player 3 token from slot 11
[19:09:17.910] [SEVERE ] player 3 placing token on slot 2
[19:09:17.919] [SEVERE ] setting player 2 freeze to 0
[19:09:17.919] [SEVERE ] setting player 2 freeze to 0
[19:09:17.919] [SEVERE ] setting player 2 freeze to 0
[19:09:17.920] [SEVERE ] setting player 2 freeze to 0
[19:09:17.920] [SEVERE ] removing player 2 token from slot 5
[19:09:17.921] [SEVERE ] player 2 placing token on slot 10
[19:09:17.929] [SEVERE ] setting player 1 freeze to 0
[19:09:17.929] [SEVERE ] setting player 1 freeze to 0
[19:09:17.930] [SEVERE ] setting player 1 freeze to 0
[19:09:17.930] [SEVERE ] setting player 1 freeze to 0
[19:09:17.931] [SEVERE ] removing player 1 token from slot 10
[19:09:17.932] [SEVERE ] player 1 placing token on slot 3
[19:09:17.941] [SEVERE ] setting player 4 freeze to 0
[19:09:17.941] [SEVERE ] setting player 4 freeze to 0
[19:09:17.941] [SEVERE ] setting player 4 freeze to 0
[19:09:17.942] [SEVERE ] setting player 4 freeze to 0
[19:09:17.943] [SEVERE ] removing player 4 token from slot 6
[19:09:17.943] [SEVERE ] removing player 4 token from slot 11
[19:09:17.944] [SEVERE ] player 4 placing token on slot 5
[19:09:17.944] [SEVERE ] removing player 4 token from slot 8
[19:09:17.945] [SEVERE ] player 4 placing token on slot 2
[19:09:17.945] [SEVERE ] removing player 4 token from slot 2
[19:09:17.946] [SEVERE ] player 4 placing token on slot 7
[19:09:17.946] [SEVERE ] removing player 4 token from slot 7
[19:09:17.947] [SEVERE ] player 4 placing token on slot 6
[19:09:17.947] [SEVERE ] removing player 4 token from slot 6
[19:09:17.948] [SEVERE ] player 4 placing token on slot 11
[19:09:17.949] [SEVERE ] removing player 4 token from slot 11
[19:09:17.949] [SEVERE ] player 4 placing token on slot 7
[19:09:17.950] [SEVERE ] player 4 placing token on slot 8
[19:09:17.957] [SEVERE ] setting player 3 freeze to 0
[19:09:17.957] [SEVERE ] setting player 3 freeze to 0
[19:09:17.958] [SEVERE ] setting player 3 freeze to 0
[19:09:17.959] [SEVERE ] setting player 3 freeze to 0
[19:09:17.960] [SEVERE ] removing player 3 token from slot 2
[19:09:17.961] [SEVERE ] removing player 3 token from slot 7
[19:09:17.961] [SEVERE ] player 3 placing token on slot 8
[19:09:17.962] [SEVERE ] removing player 3 token from slot 8
[19:09:17.962] [SEVERE ] removing player 3 token from slot 3
[19:09:17.963] [SEVERE ] player 3 placing token on slot 11
[19:09:17.963] [SEVERE ] player 3 placing token on slot 8
[19:09:17.964] [SEVERE ] removing player 3 token from slot 11
[19:09:17.965] [SEVERE ] player 3 placing token on slot 11
[19:09:17.965] [SEVERE ] player 3 placing token on slot 1
[19:09:17.963] [SEVERE ] setting player 2 freeze to 0
[19:09:17.972] [SEVERE ] setting player 2 freeze to 0
[19:09:17.973] [SEVERE ] setting player 1 freeze to 0
[19:09:17.974] [SEVERE ] setting player 1 freeze to 0
[19:09:17.975] [SEVERE ] setting player 1 freeze to 0
[19:09:17.976] [SEVERE ] setting player 1 freeze to 0
[19:09:17.976] [SEVERE ] removing player 1 token from slot 4
[19:09:17.977] [SEVERE ] player 1 placing token on slot 10
[19:09:17.979] [SEVERE ] setting player 2 freeze to 0
[19:09:17.979] [SEVERE ] setting player 2 freeze to 0
[19:09:17.980] [SEVERE ] removing player 2 token from slot 8
[19:09:17.980] [SEVERE ] player 2 placing token on slot 11
[19:09:17.984] [SEVERE ] setting player 4 freeze to 0
[19:09:17.984] [SEVERE ] setting player 4 freeze to 0
[19:09:17.985] [SEVERE ] setting player 4 freeze to 0
[19:09:17.985] [SEVERE ] setting player 4 freeze to 0
[19:09:17.986] [SEVERE ] removing player 4 token from slot 7
[19:09:17.986] [SEVERE ] player 4 placing token on slot 3
[19:09:17.994] [SEVERE ] setting player 3 freeze to 0
[19:09:17.995] [SEVERE ] setting player 3 freeze to 0
[19:09:17.995] [SEVERE ] setting player 3 freeze to 0
[19:09:17.996] [SEVERE ] setting player 3 freeze to 0
[19:09:17.996] [SEVERE ] removing player 3 token from slot 1
[19:09:17.997] [SEVERE ] player 3 placing token on slot 10
[19:09:18.006] [SEVERE ] updating countdown to 5000
[19:09:18.006] [SEVERE ] removing player 1 token from slot 7
[19:09:18.010] [SEVERE ] removing player 1 token from slot 7
[19:09:18.011] [SEVERE ] removing player 1 token from slot 7
[19:09:18.012] [SEVERE ] setting player 1 score to 1
[19:09:18.013] [SEVERE ] setting player 1 freeze to 0
[19:09:18.007] [SEVERE ] removing player 1 token from slot 3
[19:09:18.014] [SEVERE ] setting player 1 freeze to 0
[19:09:18.015] [SEVERE ] removing player 1 token from slot 10
[19:09:18.017] [SEVERE ] player 1 placing token on slot 4
[19:09:18.115] [SEVERE ] removing card from slot 3
[19:09:18.115] [SEVERE ] removing player 1 token from slot 4
[19:09:18.215] [SEVERE ] removing card from slot 4
[19:09:18.216] [SEVERE ] removing player 1 token from slot 7
[19:09:18.316] [SEVERE ] removing card from slot 7
[19:09:18.316] [SEVERE ] removing player 1 token from slot 3
[19:09:18.316] [SEVERE ] removing player 4 token from slot 3
[19:09:18.316] [SEVERE ] removing player 1 token from slot 4
[19:09:18.316] [SEVERE ] removing player 1 token from slot 7
[19:09:18.416] [SEVERE ] placing card 25 in slot 3
[19:09:18.517] [SEVERE ] placing card 47 in slot 4
[19:09:18.617] [SEVERE ] placing card 22 in slot 7
[19:09:18.627] [SEVERE ] setting player 2 freeze to 0
[19:09:18.628] [SEVERE ] setting player 2 freeze to 0
[19:09:18.628] [SEVERE ] setting player 2 freeze to 0
[19:09:18.628] [SEVERE ] setting player 2 freeze to 0
[19:09:18.628] [SEVERE ] removing player 2 token from slot 11
[19:09:18.628] [SEVERE ] player 2 placing token on slot 4
[19:09:18.638] [SEVERE ] setting player 4 freeze to 0
[19:09:18.638] [SEVERE ] setting player 4 freeze to 0
[19:09:18.638] [SEVERE ] setting player 4 freeze to 0
[19:09:18.638] [SEVERE ] setting player 4 freeze to 0
[19:09:18.638] [SEVERE ] removing player 4 token from slot 5
[19:09:18.638] [SEVERE ] player 4 placing token on slot 10
[19:09:18.648] [SEVERE ] setting player 3 freeze to 0
[19:09:18.649] [SEVERE ] setting player 3 freeze to 0
[19:09:18.649] [SEVERE ] setting player 3 freeze to 0
[19:09:18.650] [SEVERE ] setting player 3 freeze to 0
[19:09:18.650] [SEVERE ] removing player 3 token from slot 11
[19:09:18.650] [SEVERE ] player 3 placing token on slot 3
[19:09:18.659] [SEVERE ] updating countdown to 5000
[19:09:18.765] [SEVERE ] placing card 45 in slot 0
[19:09:18.866] [SEVERE ] placing card 26 in slot 0
[19:09:18.966] [SEVERE ] placing card 59 in slot 0
[19:09:18.976] [SEVERE ] setting player 2 freeze to 0
[19:09:18.976] [SEVERE ] setting player 2 freeze to 0
[19:09:18.977] [SEVERE ] setting player 2 freeze to 0
[19:09:18.978] [SEVERE ] setting player 2 freeze to 0
[19:09:18.978] [SEVERE ] removing player 2 token from slot 6
[19:09:18.979] [SEVERE ] player 2 placing token on slot 7
[19:09:18.993] [SEVERE ] setting player 4 freeze to 0
[19:09:18.993] [SEVERE ] setting player 4 freeze to 0
[19:09:18.994] [SEVERE ] setting player 4 freeze to 0
[19:09:18.994] [SEVERE ] setting player 4 freeze to 0
[19:09:18.994] [SEVERE ] removing player 4 token from slot 10
[19:09:18.996] [SEVERE ] player 4 placing token on slot 9
[19:09:18.997] [SEVERE ] setting player 3 freeze to 0
[19:09:18.997] [SEVERE ] setting player 3 freeze to 0
[19:09:18.999] [SEVERE ] setting player 3 freeze to 0
[19:09:19.000] [SEVERE ] setting player 3 freeze to 0
[19:09:19.000] [SEVERE ] removing player 3 token from slot 10
[19:09:19.001] [SEVERE ] player 3 placing token on slot 10
[19:09:19.007] [SEVERE ] setting player 2 freeze to 0
[19:09:19.008] [SEVERE ] setting player 2 freeze to 0
[19:09:19.008] [SEVERE ] setting player 2 freeze to 0
[19:09:19.008] [SEVERE ] setting player 2 freeze to 0
[19:09:19.008] [SEVERE ] removing player 2 token from slot 4
[19:09:19.008] [SEVERE ] player 2 placing token on slot 6
[19:09:19.018] [SEVERE ] setting player 4 freeze to 0
[19:09:19.018] [SEVERE ] setting player 4 freeze to 0
[19:09:19.018] [SEVERE ] setting player 4 freeze to 0
[19:09:19.018] [SEVERE ] setting player 4 freeze to 0
[19:09:19.018] [SEVERE ] removing player 4 token from slot 8
[19:09:19.018] [SEVERE ] player 4 placing token on slot 2
[19:09:19.028] [SEVERE ] setting player 3 freeze to 0
[19:09:19.028] [SEVERE ] setting player 3 freeze to 0
[19:09:19.029] [SEVERE ] setting player 3 freeze to 0
[19:09:19.029] [SEVERE ] setting player 3 freeze to 0
[19:09:19.030] [SEVERE ] removing player 3 token from slot 10
[19:09:19.032] [SEVERE ] player 3 placing token on slot 10
[19:09:19.038] [SEVERE ] setting player 2 freeze to 0
[19:09:19.039] [SEVERE ] setting player 2 freeze to 0
[19:09:19.039] [SEVERE ] setting player 2 freeze to 0
[19:09:19.039] [SEVERE ] setting player 2 freeze to 0
[19:09:19.040] [SEVERE ] removing player 2 token from slot 6
[19:09:19.040] [SEVERE ] removing player 2 token from slot 7
[19:09:19.041] [SEVERE ] player 2 placing token on slot 5
[19:09:19.042] [SEVERE ] removing player 2 token from slot 5
[19:09:19.042] [SEVERE ] player 2 placing token on slot 2
[19:09:19.042] [SEVERE ] player 2 placing token on slot 9
[19:09:19.049] [SEVERE ] setting player 4 freeze to 0
[19:09:19.049] [SEVERE ] setting player 4 freeze to 0
[19:09:19.049] [SEVERE ] setting player 4 freeze to 0
[19:09:19.049] [SEVERE ] setting player 4 freeze to 0
[19:09:19.050] [SEVERE ] removing player 4 token from slot 9
[19:09:19.051] [SEVERE ] player 4 placing token on slot 7
[19:09:19.059] [SEVERE ] setting player 3 freeze to 0
[19:09:19.060] [SEVERE ] setting player 3 freeze to 0
[19:09:19.060] [SEVERE ] setting player 3 freeze to 0
[19:09:19.060] [SEVERE ] setting player 3 freeze to 0
[19:09:19.061] [SEVERE ] removing player 3 token from slot 3
[19:09:19.062] [SEVERE ] removing player 3 token from slot 10
[19:09:19.062] [SEVERE ] player 3 placing token on slot 5
[19:09:19.063] [SEVERE ] player 3 placing token on slot 2
[19:09:19.070] [SEVERE ] setting player 2 freeze to 0
[19:09:19.070] [SEVERE ] setting player 2 freeze to 0
[19:09:19.071] [SEVERE ] setting player 2 freeze to 0
[19:09:19.071] [SEVERE ] setting player 2 freeze to 0
[19:09:19.072] [SEVERE ] removing player 2 token from slot 9
[19:09:19.072] [SEVERE ] player 2 placing token on slot 9
[19:09:19.080] [SEVERE ] setting player 4 freeze to 0
[19:09:19.081] [SEVERE ] setting player 4 freeze to 0
[19:09:19.081] [SEVERE ] setting player 4 freeze to 0
[19:09:19.081] [SEVERE ] setting player 4 freeze to 0
[19:09:19.082] [SEVERE ] removing player 4 token from slot 3
[19:09:19.085] [SEVERE ] removing player 4 token from slot 7
[19:09:19.085] [SEVERE ] removing player 4 token from slot 2
[19:09:19.086] [SEVERE ] player 4 placing token on slot 2
[19:09:19.087] [SEVERE ] removing player 4 token from slot 2
[19:09:19.087] [SEVERE ] player 4 placing token on slot 6
[19:09:19.088] [SEVERE ] player 4 placing token on slot 2
[19:09:19.088] [SEVERE ] player 4 placing token on slot 7
[19:09:19.091] [SEVERE ] setting player 3 freeze to 0
[19:09:19.091] [SEVERE ] setting player 3 freeze to 0
[19:09:19.091] [SEVERE ] setting player 3 freeze to 0
[19:09:19.091] [SEVERE ] setting player 3 freeze to 0
[19:09:19.091] [SEVERE ] removing player 3 token from slot 8
[19:09:19.091] [SEVERE ] player 3 placing token on slot 1
[19:09:19.103] [SEVERE ] setting player 2 freeze to 0
[19:09:19.103] [SEVERE ] setting player 2 freeze to 0
[19:09:19.105] [SEVERE ] setting player 2 freeze to 0
[19:09:19.105] [SEVERE ] setting player 2 freeze to 0
[19:09:19.107] [SEVERE ] removing player 2 token from slot 10
[19:09:19.107] [SEVERE ] player 2 placing token on slot 6
[19:09:19.113] [SEVERE ] setting player 4 freeze to 0
[19:09:19.113] [SEVERE ] setting player 4 freeze to 0
[19:09:19.114] [SEVERE ] setting player 4 freeze to 0
[19:09:19.114] [SEVERE ] setting player 4 freeze to 0
[19:09:19.114] [SEVERE ] removing player 4 token from slot 6
[19:09:19.114] [SEVERE ] player 4 placing token on slot 9
[19:09:19.124] [SEVERE ] setting player 3 freeze to 0
[19:09:19.124] [SEVERE ] setting player 3 freeze to 0
[19:09:19.124] [SEVERE ] setting player 3 freeze to 0
[19:09:19.125] [SEVERE ] setting player 3 freeze to 0
[19:09:19.125] [SEVERE ] removing player 3 token from slot 2
[19:09:19.126] [SEVERE ] player 3 placing token on slot 3
[19:09:19.134] [SEVERE ] setting player 2 freeze to 0
[19:09:19.134] [SEVERE ] setting player 2 freeze to 0
[19:09:19.135] [SEVERE ] setting player 2 freeze to 0
[19:09:19.135] [SEVERE ] setting player 2 freeze to 0
[19:09:19.136] [SEVERE ] removing player 2 token from slot 9
[19:09:19.137] [SEVERE ] removing player 2 token from slot 6
[19:09:19.137] [SEVERE ] player 2 placing token on slot 11
[19:09:19.138] [SEVERE ] player 2 placing token on slot 8
[19:09:19.144] [SEVERE ] setting player 4 freeze to 0
[19:09:19.144] [SEVERE ] setting player 4 freeze to 0
[19:09:19.145] [SEVERE ] setting player 4 freeze to 0
[19:09:19.145] [SEVERE ] setting player 4 freeze to 0
[19:09:19.146] [SEVERE ] removing player 4 token from slot 2
[19:09:19.148] [SEVERE ] player 4 placing token on slot 4
[19:09:19.155] [SEVERE ] setting player 3 freeze to 0
[19:09:19.155] [SEVERE ] setting player 3 freeze to 0
[19:09:19.155] [SEVERE ] setting player 3 freeze to 0
[19:09:19.155] [SEVERE ] setting player 3 freeze to 0
[19:09:19.156] [SEVERE ] removing player 3 token from slot 1
[19:09:19.156] [SEVERE ] removing player 3 token from slot 3
[19:09:19.157] [SEVERE ] player 3 placing token on slot 7
[19:09:19.157] [SEVERE ] player 3 placing token on slot 9
[19:09:19.166] [SEVERE ] setting player 2 freeze to 0
[19:09:19.166] [SEVERE ] setting player 2 freeze to 0
[19:09:19.166] [SEVERE ] setting player 2 freeze to 0
[19:09:19.166] [SEVERE ] setting player 2 freeze to 0
[19:09:19.167] [SEVERE ] removing player 2 token from slot 2
[19:09:19.167] [SEVERE ] player 2 placing token on slot 5
[19:09:19.176] [SEVERE ] setting player 4 freeze to 0
[19:09:19.176] [SEVERE ] setting player 4 freeze to 0
[19:09:19.178] [SEVERE ] setting player 4 freeze to 0
[19:09:19.178] [SEVERE ] setting player 4 freeze to 0
[19:09:19.179] [SEVERE ] removing player 4 token from slot 7
[19:09:19.179] [SEVERE ] player 4 placing token on slot 1
[19:09:19.186] [SEVERE ] setting player 3 freeze to 0
[19:09:19.186] [SEVERE ] setting player 3 freeze to 0
[19:09:19.188] [SEVERE ] setting player 3 freeze to 0
[19:09:19.188] [SEVERE ] setting player 3 freeze to 0
[19:09:19.188] [SEVERE ] removing player 3 token from slot 5
[19:09:19.189] [SEVERE ] player 3 placing token on slot 10
[19:09:19.197] [SEVERE ] setting player 2 freeze to 0
[19:09:19.197] [SEVERE ] setting player 2 freeze to 0
[19:09:19.197] [SEVERE ] setting player 2 freeze to 0
[19:09:19.198] [SEVERE ] setting player 2 freeze to 0
[19:09:19.198] [SEVERE ] removing player 2 token from slot 5
[19:09:19.199] [SEVERE ] player 2 placing token on slot 5
[19:09:19.207] [SEVERE ] setting player 4 freeze to 0
[19:09:19.207] [SEVERE ] setting player 4 freeze to 0
[19:09:19.207] [SEVERE ] setting player 4 freeze to 0
[19:09:19.207] [SEVERE ] setting player 4 freeze to 0
[19:09:19.207] [SEVERE ] removing player 4 token from slot 4
[19:09:19.208] [SEVERE ] player 4 placing token on slot 6
[19:09:19.217] [SEVERE ] setting player 3 freeze to 0
[19:09:19.217] [SEVERE ] setting player 3 freeze to 0
[19:09:19.218] [SEVERE ] setting player 3 freeze to 0
[19:09:19.218] [SEVERE ] setting player 3 freeze to 0
[19:09:19.219] [SEVERE ] removing player 3 token from slot 9
[19:09:19.220] [SEVERE ] player 3 placing token on slot 2
[19:09:19.227] [SEVERE ] setting player 2 freeze to 0
[19:09:19.227] [SEVERE ] setting player 2 freeze to 0
[19:09:19.227] [SEVERE ] setting player 2 freeze to 0
[19:09:19.227] [SEVERE ] setting player 2 freeze to 0
[19:09:19.228] [SEVERE ] removing player 2 token from slot 11
[19:09:19.228] [SEVERE ] player 2 placing token on slot 2
[19:09:19.238] [SEVERE ] setting player 4 freeze to 0
[19:09:19.238] [SEVERE ] setting player 4 freeze to 0
[19:09:19.238] [SEVERE ] setting player 4 freeze to 0
[19:09:19.239] [SEVERE ] setting player 4 freeze to 0
[19:09:19.239] [SEVERE ] removing player 4 token from slot 1
[19:09:19.240] [SEVERE ] player 4 placing token on slot 5
[19:09:19.248] [SEVERE ] setting player 3 freeze to 0
[19:09:19.248] [SEVERE ] setting player 3 freeze to 0
[19:09:19.248] [SEVERE ] setting player 3 freeze to 0
[19:09:19.248] [SEVERE ] setting player 3 freeze to 0
[19:09:19.249] [SEVERE ] removing player 3 token from slot 2
[19:09:19.249] [SEVERE ] player 3 placing token on slot 3
[19:09:19.259] [SEVERE ] setting player 2 freeze to 0
[19:09:19.259] [SEVERE ] setting player 2 freeze to 0
[19:09:19.259] [SEVERE ] setting player 2 freeze to 0
[19:09:19.260] [SEVERE ] setting player 2 freeze to 0
[19:09:19.260] [SEVERE ] removing player 2 token from slot 5
[19:09:19.261] [SEVERE ] player 2 placing token on slot 11
[19:09:19.269] [SEVERE ] setting player 4 freeze to 0
[19:09:19.269] [SEVERE ] setting player 4 freeze to 0
[19:09:19.269] [SEVERE ] setting player 4 freeze to 0
[19:09:19.270] [SEVERE ] setting player 4 freeze to 0
[19:09:19.270] [SEVERE ] removing player 4 token from slot 6
[19:09:19.271] [SEVERE ] player 4 placing token on slot 7
[19:09:19.279] [SEVERE ] setting player 3 freeze to 0
[19:09:19.279] [SEVERE ] setting player 3 freeze to 0
[19:09:19.280] [SEVERE ] setting player 3 freeze to 0
[19:09:19.281] [SEVERE ] setting player 3 freeze to 0
[19:09:19.281] [SEVERE ] removing player 3 token from slot 3
[19:09:19.282] [SEVERE ] player 3 placing token on slot 11
[19:09:19.289] [SEVERE ] setting player 2 freeze to 0
[19:09:19.290] [SEVERE ] setting player 2 freeze to 0
[19:09:19.290] [SEVERE ] setting player 2 freeze to 0
[19:09:19.290] [SEVERE ] setting player 2 freeze to 0
[19:09:19.291] [SEVERE ] removing player 2 token from slot 11
[19:09:19.291] [SEVERE ] player 2 placing token on slot 11
[19:09:19.303] [SEVERE ] setting player 4 freeze to 0
[19:09:19.303] [SEVERE ] setting player 4 freeze to 0
[19:09:19.303] [SEVERE ] setting player 4 freeze to 0
[19:09:19.304] [SEVERE ] setting player 4 freeze to 0
[19:09:19.305] [SEVERE ] removing player 4 token from slot 5
[19:09:19.305] [SEVERE ] player 4 placing token on slot 2
[19:09:19.315] [SEVERE ] setting player 3 freeze to 0
[19:09:19.315] [SEVERE ] setting player 3 freeze to 0
[19:09:19.316] [SEVERE ] setting player 3 freeze to 0
[19:09:19.317] [SEVERE ] setting player 3 freeze to 0
[19:09:19.317] [SEVERE ] removing player 3 token from slot 10
[19:09:19.318] [SEVERE ] player 3 placing token on slot 4
[19:09:19.325] [SEVERE ] setting player 2 freeze to 0
[19:09:19.325] [SEVERE ] setting player 2 freeze to 0
[19:09:19.325] [SEVERE ] setting player 2 freeze to 0
[19:09:19.326] [SEVERE ] setting player 2 freeze to 0
[19:09:19.326] [SEVERE ] removing player 2 token from slot 2
[19:09:19.327] [SEVERE ] player 2 placing token on slot 7
[19:09:19.336] [SEVERE ] setting player 4 freeze to 0
[19:09:19.336] [SEVERE ] setting player 4 freeze to 0
[19:09:19.336] [SEVERE ] setting player 4 freeze to 0
[19:09:19.337] [SEVERE ] setting player 4 freeze to 0
[19:09:19.337] [SEVERE ] removing player 4 token from slot 7
[19:09:19.338] [SEVERE ] player 4 placing token on slot 4
[19:09:19.355] [SEVERE ] setting player 3 freeze to 0
[19:09:19.356] [SEVERE ] setting player 3 freeze to 0
[19:09:19.356] [SEVERE ] setting player 3 freeze to 0
[19:09:19.357] [SEVERE ] setting player 3 freeze to 0
[19:09:19.357] [SEVERE ] removing player 3 token from slot 11
[19:09:19.358] [SEVERE ] removing player 3 token from slot 7
[19:09:19.359] [SEVERE ] player 3 placing token on slot 5
[19:09:19.360] [SEVERE ] player 3 placing token on slot 11
[19:09:19.376] [SEVERE ] setting player 4 freeze to 0
[19:09:19.376] [SEVERE ] setting player 4 freeze to 0
[19:09:19.377] [SEVERE ] setting player 2 freeze to 0
[19:09:19.377] [SEVERE ] setting player 4 freeze to 0
[19:09:19.377] [SEVERE ] setting player 2 freeze to 0
[19:09:19.377] [SEVERE ] setting player 4 freeze to 0
[19:09:19.377] [SEVERE ] removing player 4 token from slot 9
[19:09:19.377] [SEVERE ] player 4 placing token on slot 6
[19:09:19.381] [SEVERE ] setting player 2 freeze to 0
[19:09:19.381] [SEVERE ] setting player 2 freeze to 0
[19:09:19.382] [SEVERE ] removing player 2 token from slot 11
[19:09:19.383] [SEVERE ] player 2 placing token on slot 2
[19:09:19.387] [SEVERE ] setting player 3 freeze to 0
[19:09:19.387] [SEVERE ] setting player 3 freeze to 0
[19:09:19.387] [SEVERE ] setting player 3 freeze to 0
[19:09:19.388] [SEVERE ] setting player 3 freeze to 0
[19:09:19.389] [SEVERE ] removing player 3 token from slot 4
[19:09:19.389] [SEVERE ] player 3 placing token on slot 2
[19:09:19.397] [SEVERE ] setting player 4 freeze to 0
[19:09:19.397] [SEVERE ] setting player 4 freeze to 0
[19:09:19.399] [SEVERE ] setting player 4 freeze to 0
[19:09:19.410] [SEVERE ] setting player 2 freeze to 0
[19:09:19.410] [SEVERE ] setting player 2 freeze to 0
[19:09:19.412] [SEVERE ] setting player 2 freeze to 0
[19:09:19.412] [SEVERE ] setting player 2 freeze to 0
[19:09:19.412] [SEVERE ] removing player 2 token from slot 7
[19:09:19.412] [SEVERE ] removing player 2 token from slot 2
[19:09:19.413] [SEVERE ] setting player 4 freeze to 0
[19:09:19.415] [SEVERE ] removing player 4 token from slot 2
[19:09:19.416] [SEVERE ] player 4 placing token on slot 1
[19:09:19.415] [SEVERE ] player 2 placing token on slot 2
[19:09:19.419] [SEVERE ] player 2 placing token on slot 10
[19:09:19.420] [SEVERE ] setting player 3 freeze to 0
[19:09:19.426] [SEVERE ] setting player 3 freeze to 0
[19:09:19.426] [SEVERE ] setting player 3 freeze to 0
[19:09:19.426] [SEVERE ] setting player 3 freeze to 0
[19:09:19.426] [SEVERE ] removing player 3 token from slot 2
[19:09:19.428] [SEVERE ] player 3 placing token on slot 2
[19:09:19.430] [SEVERE ] setting player 4 freeze to 0
[19:09:19.432] [SEVERE ] setting player 4 freeze to 0
[19:09:19.432] [SEVERE ] setting player 4 freeze to 0
[19:09:19.438] [SEVERE ] setting player 4 freeze to 0
[19:09:19.438] [SEVERE ] removing player 4 token from slot 6
[19:09:19.439] [SEVERE ] removing player 4 token from slot 4
[19:09:19.441] [SEVERE ] setting player 2 freeze to 0
[19:09:19.441] [SEVERE ] setting player 2 freeze to 0
[19:09:19.443] [SEVERE ] setting player 2 freeze to 0
[19:09:19.444] [SEVERE ] setting player 2 freeze to 0
[19:09:19.447] [SEVERE ] removing player 2 token from slot 10
[19:09:19.449] [SEVERE ] removing player 2 token from slot 2
[19:09:19.449] [SEVERE ] player 2 placing token on slot 3
[19:09:19.450] [SEVERE ] removing player 2 token from slot 3
[19:09:19.450] [SEVERE ] player 2 placing token on slot 2
[19:09:19.453] [SEVERE ] player 2 placing token on slot 9
[19:09:19.447] [SEVERE ] player 4 placing token on slot 8
[19:09:19.453] [SEVERE ] player 4 placing token on slot 3
[19:09:19.461] [SEVERE ] setting player 3 freeze to 0
[19:09:19.461] [SEVERE ] setting player 2 freeze to 0
[19:09:19.467] [SEVERE ] setting player 3 freeze to 0
[19:09:19.467] [SEVERE ] setting player 3 freeze to 0
[19:09:19.469] [SEVERE ] setting player 2 freeze to 0
[19:09:19.473] [SEVERE ] setting player 4 freeze to 0
[19:09:19.473] [SEVERE ] setting player 3 freeze to 0
[19:09:19.477] [SEVERE ] removing player 3 token from slot 5
[19:09:19.477] [SEVERE ] player 3 placing token on slot 9
[19:09:19.485] [SEVERE ] setting player 3 freeze to 0
[19:09:19.473] [SEVERE ] setting player 4 freeze to 0
[19:09:19.473] [SEVERE ] setting player 2 freeze to 0
[19:09:19.487] [SEVERE ] setting player 2 freeze to 0
[19:09:19.487] [SEVERE ] removing player 2 token from slot 9
[19:09:19.486] [SEVERE ] setting player 4 freeze to 0
[19:09:19.485] [SEVERE ] setting player 3 freeze to 0
[19:09:19.494] [SEVERE ] setting player 4 freeze to 0
[19:09:19.494] [SEVERE ] removing player 4 token from slot 3
[19:09:19.494] [SEVERE ] player 4 placing token on slot 4
[19:09:19.499] [SEVERE ] setting player 3 freeze to 0
[19:09:19.499] [SEVERE ] player 2 placing token on slot 3
[19:09:19.500] [SEVERE ] setting player 3 freeze to 0
[19:09:19.500] [SEVERE ] removing player 3 token from slot 2
[19:09:19.501] [SEVERE ] player 3 placing token on slot 4
[19:09:19.509] [SEVERE ] setting player 4 freeze to 0
[19:09:19.513] [SEVERE ] setting player 4 freeze to 0
[19:09:19.514] [SEVERE ] setting player 4 freeze to 0
[19:09:19.514] [SEVERE ] setting player 4 freeze to 0
[19:09:19.515] [SEVERE ] removing player 4 token from slot 4
[19:09:19.516] [SEVERE ] player 4 placing token on slot 3
[19:09:19.522] [SEVERE ] setting player 2 freeze to 0
[19:09:19.526] [SEVERE ] setting player 2 freeze to 0
[19:09:19.526] [SEVERE ] setting player 2 freeze to 0
[19:09:19.526] [SEVERE ] setting player 2 freeze to 0
[19:09:19.526] [SEVERE ] removing player 2 token from slot 2
[19:09:19.531] [SEVERE ] player 2 placing token on slot 10
[19:09:19.540] [SEVERE ] setting player 4 freeze to 0
[19:09:19.541] [SEVERE ] setting player 4 freeze to 0
[19:09:19.542] [SEVERE ] setting player 4 freeze to 0
[19:09:19.542] [SEVERE ] setting player 4 freeze to 0
[19:09:19.543] [SEVERE ] removing player 4 token from slot 1
[19:09:19.543] [SEVERE ] player 4 placing token on slot 11
[19:09:19.543] [SEVERE ] setting player 3 freeze to 0
[19:09:19.546] [SEVERE ] setting player 3 freeze to 0
[19:09:19.547] [SEVERE ] setting player 3 freeze to 0
[19:09:19.547] [SEVERE ] setting player 3 freeze to 0
[19:09:19.553] [SEVERE ] setting player 2 freeze to 0
[19:09:19.557] [SEVERE ] setting player 2 freeze to 0
[19:09:19.557] [SEVERE ] setting player 2 freeze to 0
[19:09:19.557] [SEVERE ] setting player 2 freeze to 0
[19:09:19.560] [SEVERE ] removing player 2 token from slot 8
[19:09:19.560] [SEVERE ] player 2 placing token on slot 9
[19:09:19.562] [SEVERE ] removing player 3 token from slot 4
[19:09:19.563] [SEVERE ] player 3 placing token on slot 2
[19:09:19.576] [SEVERE ] setting player 2 freeze to 0
[19:09:19.579] [SEVERE ] setting player 2 freeze to 0
[19:09:19.579] [SEVERE ] setting player 2 freeze to 0
[19:09:19.579] [SEVERE ] setting player 2 freeze to 0
[19:09:19.581] [SEVERE ] removing player 2 token from slot 3
[19:09:19.582] [SEVERE ] player 2 placing token on slot 8
[19:09:19.562] [SEVERE ] setting player 4 freeze to 0
[19:09:19.583] [SEVERE ] setting player 3 freeze to 0
[19:09:19.584] [SEVERE ] setting player 3 freeze to 0
[19:09:19.584] [SEVERE ] setting player 3 freeze to 0
[19:09:19.585] [SEVERE ] setting player 4 freeze to 0
[19:09:19.596] [SEVERE ] setting player 4 freeze to 0
[19:09:19.597] [SEVERE ] setting player 4 freeze to 0
[19:09:19.592] [SEVERE ] setting player 2 freeze to 0
[19:09:19.596] [SEVERE ] setting player 3 freeze to 0
[19:09:19.614] [SEVERE ] setting player 2 freeze to 0
[19:09:19.614] [SEVERE ] setting player 2 freeze to 0
[19:09:19.615] [SEVERE ] removing player 4 token from slot 3
[19:09:19.618] [SEVERE ] setting player 2 freeze to 0
[19:09:19.618] [SEVERE ] player 4 placing token on slot 2
[19:09:19.620] [SEVERE ] removing player 2 token from slot 8
[19:09:19.620] [SEVERE ] player 2 placing token on slot 7
[19:09:19.622] [SEVERE ] removing player 3 token from slot 11
[19:09:19.622] [SEVERE ] player 3 placing token on slot 3
[19:09:19.625] [SEVERE ] setting player 4 freeze to 0
[19:09:19.633] [SEVERE ] setting player 4 freeze to 0
[19:09:19.633] [SEVERE ] setting player 4 freeze to 0
[19:09:19.634] [SEVERE ] setting player 4 freeze to 0
[19:09:19.634] [SEVERE ] removing player 4 token from slot 11
[19:09:19.641] [SEVERE ] player 4 placing token on slot 11
[19:09:19.652] [SEVERE ] setting player 2 freeze to 0
[19:09:19.653] [SEVERE ] setting player 2 freeze to 0
[19:09:19.653] [SEVERE ] setting player 2 freeze to 0
[19:09:19.653] [SEVERE ] setting player 2 freeze to 0
[19:09:19.655] [SEVERE ] removing player 2 token from slot 10
[19:09:19.655] [SEVERE ] player 2 placing token on slot 6
[19:09:19.660] [SEVERE ] setting player 3 freeze to 0
[19:09:19.661] [SEVERE ] setting player 3 freeze to 0
[19:09:19.661] [SEVERE ] setting player 3 freeze to 0
[19:09:19.661] [SEVERE ] setting player 3 freeze to 0
[19:09:19.665] [SEVERE ] setting player 4 freeze to 0
[19:09:19.670] [SEVERE ] setting player 4 freeze to 0
[19:09:19.670] [SEVERE ] setting player 4 freeze to 0
[19:09:19.671] [SEVERE ] setting player 4 freeze to 0
[19:09:19.671] [SEVERE ] removing player 4 token from slot 11
[19:09:19.679] [SEVERE ] removing player 3 token from slot 3
[19:09:19.680] [SEVERE ] removing player 3 token from slot 2
[19:09:19.680] [SEVERE ] player 3 placing token on slot 6
[19:09:19.680] [SEVERE ] setting player 2 freeze to 0
[19:09:19.680] [SEVERE ] removing player 3 token from slot 6
[19:09:19.681] [SEVERE ] player 3 placing token on slot 5
[19:09:19.682] [SEVERE ] player 3 placing token on slot 10
[19:09:19.684] [SEVERE ] removing player 4 token from slot 8
[19:09:19.685] [SEVERE ] player 4 placing token on slot 9
[19:09:19.685] [SEVERE ] setting player 2 freeze to 0
[19:09:19.687] [SEVERE ] setting player 2 freeze to 0
[19:09:19.687] [SEVERE ] setting player 2 freeze to 0
[19:09:19.687] [SEVERE ] player 4 placing token on slot 4
[19:09:19.693] [SEVERE ] removing player 2 token from slot 7
[19:09:19.694] [SEVERE ] player 2 placing token on slot 11
[19:09:19.701] [SEVERE ] setting player 4 freeze to 0
[19:09:19.701] [SEVERE ] setting player 3 freeze to 0
[19:09:19.737] [SEVERE ] setting player 4 freeze to 0
[19:09:19.738] [SEVERE ] setting player 4 freeze to 0
[19:09:19.738] [SEVERE ] setting player 4 freeze to 0
[19:09:19.738] [SEVERE ] setting player 3 freeze to 0
[19:09:19.745] [SEVERE ] setting player 2 freeze to 0
[19:09:19.745] [SEVERE ] setting player 2 freeze to 0
[19:09:19.745] [SEVERE ] setting player 2 freeze to 0
[19:09:19.746] [SEVERE ] setting player 2 freeze to 0
[19:09:19.746] [SEVERE ] setting player 3 freeze to 0
[19:09:19.747] [SEVERE ] removing player 2 token from slot 9
[19:09:19.747] [SEVERE ] setting player 3 freeze to 0
[19:09:19.747] [SEVERE ] removing player 3 token from slot 9
[19:09:19.747] [SEVERE ] removing player 2 token from slot 11
[19:09:19.747] [SEVERE ] player 2 placing token on slot 9
[19:09:19.747] [SEVERE ] player 2 placing token on slot 11
[19:09:19.750] [SEVERE ] player 3 placing token on slot 8
[19:09:19.756] [SEVERE ] setting player 2 freeze to 0
[19:09:19.756] [SEVERE ] setting player 2 freeze to 0
[19:09:19.757] [SEVERE ] setting player 2 freeze to 0
[19:09:19.758] [SEVERE ] setting player 2 freeze to 0
[19:09:19.758] [SEVERE ] removing player 2 token from slot 11
[19:09:19.758] [SEVERE ] player 2 placing token on slot 5
[19:09:19.761] [SEVERE ] removing player 4 token from slot 2
[19:09:19.761] [SEVERE ] player 4 placing token on slot 1
[19:09:19.777] [SEVERE ] setting player 3 freeze to 0
[19:09:19.777] [SEVERE ] setting player 3 freeze to 0
[19:09:19.777] [SEVERE ] setting player 3 freeze to 0
[19:09:19.778] [SEVERE ] setting player 3 freeze to 0
[19:09:19.785] [SEVERE ] setting player 2 freeze to 0
[19:09:19.785] [SEVERE ] setting player 2 freeze to 0
[19:09:19.786] [SEVERE ] setting player 2 freeze to 0
[19:09:19.787] [SEVERE ] setting player 2 freeze to 0
[19:09:19.787] [SEVERE ] removing player 2 token from slot 5
[19:09:19.787] [SEVERE ] player 2 placing token on slot 3
[19:09:19.786] [SEVERE ] removing player 3 token from slot 5
[19:09:19.790] [SEVERE ] player 3 placing token on slot 4
[19:09:19.804] [SEVERE ] setting player 4 freeze to 0
[19:09:19.805] [SEVERE ] updating countdown to 5000
[19:09:19.805] [SEVERE ] removing player 2 token from slot 6
[19:09:19.805] [SEVERE ] removing player 2 token from slot 3
[19:09:19.807] [SEVERE ] removing player 2 token from slot 6
[19:09:19.807] [SEVERE ] removing player 2 token from slot 6
[19:09:19.808] [SEVERE ] setting player 2 score to 1
[19:09:19.810] [SEVERE ] setting player 2 freeze to 0
[19:09:19.810] [SEVERE ] setting player 2 freeze to 0
[19:09:19.811] [SEVERE ] removing player 2 token from slot 9
[19:09:19.812] [SEVERE ] setting player 4 freeze to 0
[19:09:19.813] [SEVERE ] setting player 4 freeze to 0
[19:09:19.814] [SEVERE ] setting player 4 freeze to 0
[19:09:19.813] [SEVERE ] removing player 2 token from slot 6
[19:09:19.820] [SEVERE ] player 2 placing token on slot 7
[19:09:19.822] [SEVERE ] player 2 placing token on slot 1
[19:09:19.829] [SEVERE ] removing player 4 token from slot 9
[19:09:19.829] [SEVERE ] removing player 4 token from slot 4
[19:09:19.830] [SEVERE ] player 4 placing token on slot 10
[19:09:19.830] [SEVERE ] player 4 placing token on slot 6
[19:09:19.906] [SEVERE ] removing card from slot 3
[19:09:19.907] [SEVERE ] removing player 2 token from slot 7
[19:09:20.008] [SEVERE ] removing card from slot 7
[19:09:20.008] [SEVERE ] removing player 2 token from slot 3
[19:09:20.009] [SEVERE ] removing player 2 token from slot 7
[19:09:20.110] [SEVERE ] placing card 4 in slot 3
[19:09:20.210] [SEVERE ] placing card 31 in slot 7
[19:09:20.310] [SEVERE ] placing card 57 in slot 0
[19:09:20.321] [SEVERE ] setting player 3 freeze to 0
[19:09:20.321] [SEVERE ] setting player 3 freeze to 0
[19:09:20.321] [SEVERE ] setting player 3 freeze to 0
[19:09:20.321] [SEVERE ] setting player 3 freeze to 0
[19:09:20.321] [SEVERE ] removing player 3 token from slot 10
[19:09:20.321] [SEVERE ] player 3 placing token on slot 5
[19:09:20.331] [SEVERE ] setting player 2 freeze to 0
[19:09:20.331] [SEVERE ] setting player 2 freeze to 0
[19:09:20.332] [SEVERE ] setting player 2 freeze to 0
[19:09:20.333] [SEVERE ] setting player 2 freeze to 0
[19:09:20.333] [SEVERE ] player 2 placing token on slot 4
[19:09:20.334] [SEVERE ] removing player 2 token from slot 4
[19:09:20.334] [SEVERE ] player 2 placing token on slot 11
[19:09:20.335] [SEVERE ] removing player 2 token from slot 11
[19:09:20.335] [SEVERE ] player 2 placing token on slot 2
[19:09:20.336] [SEVERE ] player 2 placing token on slot 10
[19:09:20.336] [SEVERE ] player 2 placing token on slot 8
[19:09:20.341] [SEVERE ] setting player 4 freeze to 0
[19:09:20.341] [SEVERE ] setting player 4 freeze to 0
[19:09:20.341] [SEVERE ] setting player 4 freeze to 0
[19:09:20.342] [SEVERE ] setting player 4 freeze to 0
[19:09:20.342] [SEVERE ] removing player 4 token from slot 10
[19:09:20.344] [SEVERE ] removing player 4 token from slot 6
[19:09:20.345] [SEVERE ] player 4 placing token on slot 9
[19:09:20.346] [SEVERE ] removing player 4 token from slot 1
[19:09:20.346] [SEVERE ] player 4 placing token on slot 7
[19:09:20.347] [SEVERE ] player 4 placing token on slot 1
[19:09:20.352] [SEVERE ] setting player 3 freeze to 0
[19:09:20.352] [SEVERE ] setting player 3 freeze to 0
[19:09:20.352] [SEVERE ] setting player 3 freeze to 0
[19:09:20.353] [SEVERE ] setting player 3 freeze to 0
[19:09:20.361] [SEVERE ] removing player 3 token from slot 4
[19:09:20.361] [SEVERE ] player 3 placing token on slot 10
