[21:13:38.416] [INFO   ] thread main starting.
[21:13:38.423] [SEVERE ] cannot read configuration file config.properties trying from resources.
[21:13:38.424] [SEVERE ] configuration file was loaded from resources directory.
[21:13:38.806] [INFO   ] thread dealer starting.
[21:13:38.808] [INFO   ] Thread dealer starting.
[21:13:38.914] [SEVERE ] placing card 74 in slot 0
[21:13:39.014] [SEVERE ] placing card 37 in slot 1
[21:13:39.115] [SEVERE ] placing card 47 in slot 2
[21:13:39.216] [SEVERE ] placing card 69 in slot 3
[21:13:39.316] [SEVERE ] placing card 33 in slot 4
[21:13:39.417] [SEVERE ] placing card 80 in slot 5
[21:13:39.518] [SEVERE ] placing card 48 in slot 6
[21:13:39.619] [SEVERE ] placing card 16 in slot 7
[21:13:39.719] [SEVERE ] placing card 4 in slot 8
[21:13:39.821] [SEVERE ] placing card 29 in slot 9
[21:13:39.922] [SEVERE ] placing card 53 in slot 10
[21:13:40.023] [SEVERE ] placing card 10 in slot 11
[21:13:40.024] [INFO   ] Thread Thread-1starting.
[21:13:40.024] [INFO   ] Thread Thread-4starting.
[21:13:40.024] [SEVERE ] updating countdown to 5000
[21:13:40.024] [INFO   ] Thread Thread-3starting.
[21:13:40.024] [INFO   ] Thread Thread-2starting.
[21:13:40.032] [INFO   ] Thread computer-1 starting.
[21:13:40.032] [SEVERE ] player 2 placing token on slot 11
[21:13:40.033] [INFO   ] Thread computer-0 starting.
[21:13:40.033] [SEVERE ] player 1 placing token on slot 11
[21:13:40.033] [SEVERE ] player 1 placing token on slot 6
[21:13:40.034] [SEVERE ] player 1 placing token on slot 10
[21:13:40.033] [INFO   ] Thread computer-2 starting.
[21:13:40.037] [SEVERE ] player 3 placing token on slot 8
[21:13:40.037] [SEVERE ] player 3 placing token on slot 7
[21:13:40.037] [SEVERE ] removing player 3 token from slot 8
[21:13:40.039] [SEVERE ] setting player 1 freeze to 0
[21:13:40.040] [SEVERE ] setting player 1 freeze to 0
[21:13:40.040] [SEVERE ] setting player 1 freeze to 0
[21:13:40.040] [SEVERE ] setting player 1 freeze to 0
[21:13:40.040] [SEVERE ] removing player 1 token from slot 11
[21:13:40.034] [INFO   ] Thread computer-3 starting.
[21:13:40.057] [SEVERE ] player 4 placing token on slot 8
[21:13:40.033] [SEVERE ] player 2 placing token on slot 8
[21:13:40.057] [SEVERE ] removing player 2 token from slot 8
[21:13:40.057] [SEVERE ] player 4 placing token on slot 10
[21:13:40.059] [SEVERE ] player 4 placing token on slot 6
[21:13:40.061] [SEVERE ] setting player 4 freeze to 0
[21:13:40.065] [SEVERE ] setting player 4 freeze to 0
[21:13:40.065] [SEVERE ] setting player 4 freeze to 0
[21:13:40.065] [SEVERE ] setting player 4 freeze to 0
[21:13:40.065] [SEVERE ] removing player 4 token from slot 6
[21:13:41.024] [SEVERE ] updating countdown to 4000
[21:13:45.032] [SEVERE ] updating countdown to 5000
[21:13:45.033] [SEVERE ] updating countdown to 5000
[21:13:45.134] [SEVERE ] removing card from slot 0
[21:13:45.240] [SEVERE ] removing card from slot 1
[21:13:45.341] [SEVERE ] removing card from slot 2
[21:13:45.444] [SEVERE ] removing card from slot 3
[21:13:45.544] [SEVERE ] removing card from slot 4
[21:13:45.646] [SEVERE ] removing card from slot 5
[21:13:45.746] [SEVERE ] removing card from slot 6
[21:13:45.846] [SEVERE ] removing card from slot 7
[21:13:45.947] [SEVERE ] removing card from slot 8
[21:13:46.047] [SEVERE ] removing card from slot 9
[21:13:46.147] [SEVERE ] removing card from slot 10
[21:13:46.248] [SEVERE ] removing card from slot 11
[21:13:46.248] [SEVERE ] removing all tokens
[21:13:46.350] [SEVERE ] placing card 54 in slot 0
[21:13:46.452] [SEVERE ] placing card 50 in slot 1
[21:13:46.552] [SEVERE ] placing card 49 in slot 2
[21:13:46.653] [SEVERE ] placing card 20 in slot 3
[21:13:46.753] [SEVERE ] placing card 61 in slot 4
[21:13:46.853] [SEVERE ] placing card 2 in slot 5
[21:13:46.957] [SEVERE ] placing card 60 in slot 6
[21:13:47.061] [SEVERE ] placing card 36 in slot 7
[21:13:47.169] [SEVERE ] placing card 46 in slot 8
[21:13:47.269] [SEVERE ] placing card 6 in slot 9
[21:13:47.369] [SEVERE ] placing card 51 in slot 10
[21:13:47.470] [SEVERE ] placing card 62 in slot 11
[21:13:47.473] [INFO   ] Thread Thread-5starting.
[21:13:47.475] [INFO   ] Thread Thread-6starting.
[21:13:47.475] [INFO   ] Thread Thread-7starting.
[21:13:47.476] [SEVERE ] updating countdown to 5000
[21:13:47.476] [INFO   ] Thread Thread-8starting.
[21:13:47.493] [INFO   ] Thread computer-2 starting.
[21:13:47.503] [INFO   ] Thread computer-3 starting.
[21:13:47.504] [SEVERE ] player 4 placing token on slot 6
[21:13:47.505] [INFO   ] Thread computer-0 starting.
[21:13:47.506] [SEVERE ] player 4 placing token on slot 5
[21:13:47.507] [SEVERE ] player 4 placing token on slot 3
[21:13:47.509] [INFO   ] Thread computer-1 starting.
[21:13:48.485] [SEVERE ] setting player 4 freeze to 0
[21:13:48.485] [SEVERE ] setting player 4 freeze to 0
[21:13:48.485] [SEVERE ] setting player 4 freeze to 0
[21:13:48.485] [SEVERE ] setting player 4 freeze to 0
[21:13:48.485] [SEVERE ] removing player 4 token from slot 6
[21:13:52.485] [SEVERE ] updating countdown to 5000
[21:13:52.486] [SEVERE ] updating countdown to 5000
[21:13:52.586] [SEVERE ] removing card from slot 0
[21:13:52.687] [SEVERE ] removing card from slot 1
[21:13:52.787] [SEVERE ] removing card from slot 2
[21:13:52.887] [SEVERE ] removing card from slot 3
[21:13:52.988] [SEVERE ] removing card from slot 4
[21:13:53.088] [SEVERE ] removing card from slot 5
[21:13:53.189] [SEVERE ] removing card from slot 6
[21:13:53.289] [SEVERE ] removing card from slot 7
[21:13:53.390] [SEVERE ] removing card from slot 8
[21:13:53.490] [SEVERE ] removing card from slot 9
[21:13:53.590] [SEVERE ] removing card from slot 10
[21:13:53.691] [SEVERE ] removing card from slot 11
[21:13:53.691] [SEVERE ] removing all tokens
[21:13:53.791] [SEVERE ] placing card 33 in slot 0
[21:13:53.892] [SEVERE ] placing card 35 in slot 1
[21:13:53.992] [SEVERE ] placing card 40 in slot 2
[21:13:54.093] [SEVERE ] placing card 75 in slot 3
[21:13:54.193] [SEVERE ] placing card 79 in slot 4
[21:13:54.293] [SEVERE ] placing card 25 in slot 5
[21:13:54.394] [SEVERE ] placing card 52 in slot 6
[21:13:54.494] [SEVERE ] placing card 22 in slot 7
[21:13:54.594] [SEVERE ] placing card 78 in slot 8
[21:13:54.697] [SEVERE ] placing card 12 in slot 9
[21:13:54.797] [SEVERE ] placing card 3 in slot 10
[21:13:54.897] [SEVERE ] placing card 71 in slot 11
[21:13:54.903] [INFO   ] Thread Thread-9starting.
[21:13:54.917] [INFO   ] Thread Thread-10starting.
[21:13:54.917] [INFO   ] Thread computer-0 starting.
[21:13:54.937] [INFO   ] Thread Thread-11starting.
[21:13:54.946] [INFO   ] Thread computer-1 starting.
[21:13:54.959] [INFO   ] Thread computer-2 starting.
[21:13:54.985] [SEVERE ] updating countdown to 5000
[21:13:54.989] [INFO   ] Thread Thread-12starting.
[21:13:55.016] [INFO   ] Thread computer-3 starting.
[21:13:56.882] [SEVERE ] player 4 placing token on slot 9
[21:13:56.882] [SEVERE ] player 4 placing token on slot 8
[21:13:56.883] [SEVERE ] player 4 placing token on slot 5
[21:13:56.897] [SEVERE ] setting player 4 freeze to 0
[21:13:56.898] [SEVERE ] setting player 4 freeze to 0
[21:13:56.898] [SEVERE ] setting player 4 freeze to 0
[21:13:56.898] [SEVERE ] setting player 4 freeze to 0
[21:13:56.899] [SEVERE ] removing player 4 token from slot 8
[21:13:56.985] [SEVERE ] updating countdown to 3000
[21:13:59.190] [SEVERE ] player 4 placing token on slot 4
[21:13:59.199] [SEVERE ] setting player 4 freeze to 0
[21:13:59.200] [SEVERE ] setting player 4 freeze to 0
[21:13:59.200] [SEVERE ] setting player 4 freeze to 0
[21:13:59.201] [SEVERE ] setting player 4 freeze to 0
[21:13:59.201] [SEVERE ] removing player 4 token from slot 4
[21:13:59.987] [SEVERE ] updating countdown to 5000
[21:13:59.987] [SEVERE ] updating countdown to 5000
[21:14:00.088] [SEVERE ] removing card from slot 0
[21:14:00.189] [SEVERE ] removing card from slot 1
[21:14:00.289] [SEVERE ] removing card from slot 2
[21:14:00.313] [SEVERE ] player 4 placing token on slot 2
[21:14:00.390] [SEVERE ] removing card from slot 3
[21:14:00.490] [SEVERE ] removing card from slot 4
[21:14:00.590] [SEVERE ] removing card from slot 5
[21:14:00.691] [SEVERE ] removing card from slot 6
[21:14:00.791] [SEVERE ] removing card from slot 7
[21:14:00.891] [SEVERE ] removing card from slot 8
[21:14:00.992] [SEVERE ] removing card from slot 9
[21:14:01.092] [SEVERE ] removing card from slot 10
[21:14:01.192] [SEVERE ] removing card from slot 11
[21:14:01.193] [SEVERE ] removing all tokens
[21:14:01.294] [SEVERE ] placing card 20 in slot 0
[21:14:01.396] [SEVERE ] placing card 59 in slot 1
[21:14:01.497] [SEVERE ] placing card 66 in slot 2
[21:14:01.597] [SEVERE ] placing card 65 in slot 3
[21:14:01.697] [SEVERE ] placing card 68 in slot 4
[21:14:01.798] [SEVERE ] placing card 5 in slot 5
[21:14:01.898] [SEVERE ] placing card 31 in slot 6
[21:14:01.998] [SEVERE ] placing card 15 in slot 7
[21:14:02.099] [SEVERE ] placing card 43 in slot 8
[21:14:02.199] [SEVERE ] placing card 24 in slot 9
[21:14:02.300] [SEVERE ] placing card 17 in slot 10
[21:14:02.400] [SEVERE ] placing card 63 in slot 11
[21:14:02.405] [INFO   ] Thread Thread-13starting.
[21:14:02.417] [INFO   ] Thread Thread-14starting.
[21:14:02.429] [INFO   ] Thread Thread-15starting.
[21:14:02.439] [SEVERE ] updating countdown to 5000
[21:14:02.439] [INFO   ] Thread Thread-16starting.
[21:14:02.457] [INFO   ] Thread computer-0 starting.
[21:14:02.467] [INFO   ] Thread computer-1 starting.
[21:14:02.495] [INFO   ] Thread computer-2 starting.
[21:14:02.509] [INFO   ] Thread computer-3 starting.
[21:14:03.448] [SEVERE ] updating countdown to 5000
