[16:21:42.436] [INFO   ] thread main starting.
[16:21:42.443] [SEVERE ] cannot read configuration file config.properties trying from resources.
[16:21:42.446] [SEVERE ] configuration file was loaded from resources directory.
[16:21:42.897] [INFO   ] thread dealer starting.
[16:21:42.897] [INFO   ] Thread dealer starting.
[16:21:43.003] [SEVERE ] placing card 54 in slot 0
[16:21:43.104] [SEVERE ] placing card 16 in slot 1
[16:21:43.205] [SEVERE ] placing card 13 in slot 2
[16:21:43.305] [SEVERE ] placing card 62 in slot 3
[16:21:43.406] [SEVERE ] placing card 36 in slot 4
[16:21:43.507] [SEVERE ] placing card 5 in slot 5
[16:21:43.608] [SEVERE ] placing card 46 in slot 6
[16:21:43.709] [SEVERE ] placing card 11 in slot 7
[16:21:43.810] [SEVERE ] placing card 75 in slot 8
[16:21:43.912] [SEVERE ] placing card 71 in slot 9
[16:21:44.012] [SEVERE ] placing card 53 in slot 10
[16:21:44.114] [SEVERE ] placing card 6 in slot 11
[16:21:44.116] [INFO   ] Thread Thread-1starting.
[16:21:44.117] [INFO   ] Thread Thread-2starting.
[16:21:44.117] [INFO   ] Thread Thread-4starting.
[16:21:44.121] [INFO   ] Thread computer-0 starting.
[16:21:44.117] [INFO   ] Thread Thread-3starting.
[16:21:44.117] [SEVERE ] updating countdown to 15000
[16:21:44.130] [SEVERE ] player 1 placing token on slot 1
[16:21:44.131] [INFO   ] Thread computer-1 starting.
[16:21:44.133] [SEVERE ] player 2 placing token on slot 4
[16:21:44.135] [SEVERE ] player 2 placing token on slot 3
[16:21:44.138] [SEVERE ] player 2 placing token on slot 5
[16:21:44.133] [INFO   ] Thread computer-3 starting.
[16:21:44.137] [INFO   ] Thread computer-2 starting.
[16:21:44.132] [SEVERE ] player 1 placing token on slot 7
[16:21:44.148] [SEVERE ] player 3 placing token on slot 8
[16:21:44.150] [SEVERE ] player 3 placing token on slot 3
[16:21:44.151] [SEVERE ] player 3 placing token on slot 2
[16:21:44.147] [SEVERE ] player 4 placing token on slot 3
[16:21:44.149] [SEVERE ] player 1 placing token on slot 11
[16:21:44.153] [SEVERE ] player 4 placing token on slot 2
[16:21:44.155] [SEVERE ] player 4 placing token on slot 8
[16:21:45.129] [SEVERE ] updating countdown to 13988
[16:21:45.129] [SEVERE ] setting player 2 freeze to 3000
[16:21:46.129] [SEVERE ] updating countdown to 12988
[16:21:46.129] [SEVERE ] setting player 3 freeze to 3000
[16:21:46.132] [SEVERE ] setting player 2 freeze to 2000
[16:21:47.130] [SEVERE ] updating countdown to 11987
[16:21:47.130] [SEVERE ] setting player 1 freeze to 3000
[16:21:47.131] [SEVERE ] setting player 3 freeze to 2000
[16:21:47.132] [SEVERE ] setting player 2 freeze to 1000
[16:21:48.131] [SEVERE ] updating countdown to 10986
[16:21:48.131] [SEVERE ] setting player 4 freeze to 3000
[16:21:48.133] [SEVERE ] setting player 3 freeze to 1000
[16:21:48.132] [SEVERE ] setting player 1 freeze to 2000
[16:21:48.134] [SEVERE ] setting player 2 freeze to 0
[16:21:48.135] [SEVERE ] removing player 2 token from slot 4
[16:21:48.135] [SEVERE ] player 2 placing token on slot 8
[16:21:49.131] [SEVERE ] setting player 2 freeze to 3000
[16:21:49.131] [SEVERE ] updating countdown to 9986
[16:21:49.135] [SEVERE ] setting player 1 freeze to 1000
[16:21:49.135] [SEVERE ] setting player 3 freeze to 0
[16:21:49.135] [SEVERE ] removing player 3 token from slot 3
[16:21:49.136] [SEVERE ] player 3 placing token on slot 1
[16:21:49.136] [SEVERE ] setting player 4 freeze to 2000
[16:21:50.132] [SEVERE ] updating countdown to 8985
[16:21:50.132] [SEVERE ] setting player 3 freeze to 3000
[16:21:50.132] [SEVERE ] setting player 2 freeze to 2000
[16:21:50.135] [SEVERE ] setting player 1 freeze to 0
[16:21:50.135] [SEVERE ] removing player 1 token from slot 11
[16:21:50.136] [SEVERE ] player 1 placing token on slot 5
[16:21:50.136] [SEVERE ] setting player 4 freeze to 1000
[16:21:51.132] [SEVERE ] setting player 1 freeze to 3000
[16:21:51.132] [SEVERE ] updating countdown to 7985
[16:21:51.133] [SEVERE ] setting player 3 freeze to 2000
[16:21:51.134] [SEVERE ] setting player 2 freeze to 1000
[16:21:51.137] [SEVERE ] setting player 4 freeze to 0
[16:21:51.137] [SEVERE ] removing player 4 token from slot 2
[16:21:51.138] [SEVERE ] removing player 4 token from slot 8
[16:21:51.138] [SEVERE ] removing player 4 token from slot 3
[16:21:51.138] [SEVERE ] player 4 placing token on slot 6
[16:21:51.138] [SEVERE ] player 4 placing token on slot 3
[16:21:51.138] [SEVERE ] removing player 4 token from slot 3
[16:21:51.138] [SEVERE ] removing player 4 token from slot 6
[16:21:51.138] [SEVERE ] player 4 placing token on slot 7
[16:21:51.138] [SEVERE ] player 4 placing token on slot 4
[16:21:51.138] [SEVERE ] player 4 placing token on slot 3
[16:21:52.133] [SEVERE ] setting player 1 freeze to 2000
[16:21:52.133] [SEVERE ] updating countdown to 6984
[16:21:52.134] [SEVERE ] setting player 3 freeze to 1000
[16:21:52.133] [SEVERE ] setting player 4 freeze to 3000
[16:21:52.134] [SEVERE ] setting player 2 freeze to 0
[16:21:52.135] [SEVERE ] removing player 2 token from slot 8
[16:21:52.135] [SEVERE ] player 2 placing token on slot 11
[16:21:53.133] [SEVERE ] setting player 1 freeze to 1000
[16:21:53.134] [SEVERE ] setting player 2 freeze to 3000
[16:21:53.134] [SEVERE ] updating countdown to 5983
[16:21:53.135] [SEVERE ] setting player 4 freeze to 2000
[16:21:53.134] [SEVERE ] setting player 3 freeze to 0
[16:21:53.135] [SEVERE ] removing player 3 token from slot 2
[16:21:53.139] [SEVERE ] player 3 placing token on slot 3
[16:21:54.134] [SEVERE ] setting player 1 freeze to 0
[16:21:54.134] [SEVERE ] removing player 1 token from slot 5
[16:21:54.134] [SEVERE ] setting player 2 freeze to 2000
[16:21:54.135] [SEVERE ] setting player 4 freeze to 1000
[16:21:54.134] [SEVERE ] player 1 placing token on slot 11
[16:21:54.136] [SEVERE ] setting player 3 freeze to 3000
[16:21:54.146] [SEVERE ] setting player 1 freeze to 3000
[16:21:55.136] [SEVERE ] setting player 4 freeze to 0
[16:21:55.136] [SEVERE ] removing player 4 token from slot 4
[16:21:55.137] [SEVERE ] player 4 placing token on slot 5
[16:21:55.138] [SEVERE ] setting player 2 freeze to 1000
[16:21:55.140] [SEVERE ] setting player 4 freeze to 3000
[16:21:55.140] [SEVERE ] setting player 3 freeze to 2000
[16:21:55.146] [SEVERE ] setting player 1 freeze to 2000
[16:21:56.138] [SEVERE ] setting player 2 freeze to 0
[16:21:56.139] [SEVERE ] removing player 2 token from slot 3
[16:21:56.140] [SEVERE ] player 2 placing token on slot 3
[16:21:56.141] [SEVERE ] setting player 4 freeze to 2000
[16:21:56.141] [SEVERE ] setting player 3 freeze to 1000
[16:21:56.143] [SEVERE ] setting player 2 freeze to 3000
[16:21:56.147] [SEVERE ] setting player 1 freeze to 1000
[16:21:57.141] [SEVERE ] setting player 4 freeze to 1000
[16:21:57.141] [SEVERE ] setting player 3 freeze to 0
[16:21:57.142] [SEVERE ] removing player 3 token from slot 8
[16:21:57.142] [SEVERE ] player 3 placing token on slot 11
[16:21:57.144] [SEVERE ] setting player 2 freeze to 2000
[16:21:57.147] [SEVERE ] setting player 1 freeze to 0
[16:21:57.150] [SEVERE ] removing player 1 token from slot 11
[16:21:57.150] [SEVERE ] removing player 1 token from slot 1
[16:21:57.150] [SEVERE ] player 1 placing token on slot 1
[16:21:57.150] [SEVERE ] player 1 placing token on slot 3
[16:21:57.161] [SEVERE ] setting player 3 freeze to 3000
[16:21:57.165] [SEVERE ] setting player 1 freeze to 3000
[16:21:58.141] [SEVERE ] setting player 4 freeze to 0
[16:21:58.142] [SEVERE ] removing player 4 token from slot 3
[16:21:58.143] [SEVERE ] player 4 placing token on slot 2
[16:21:58.150] [SEVERE ] setting player 2 freeze to 1000
[16:21:58.152] [SEVERE ] setting player 4 freeze to 3000
[16:21:58.161] [SEVERE ] setting player 3 freeze to 2000
[16:21:58.165] [SEVERE ] setting player 1 freeze to 2000
[16:21:59.121] [SEVERE ] updating countdown to 15000
[16:21:59.121] [SEVERE ] updating countdown to 15000
[16:21:59.150] [SEVERE ] setting player 2 freeze to 0
[16:21:59.150] [SEVERE ] removing player 2 token from slot 11
[16:21:59.151] [SEVERE ] player 2 placing token on slot 1
[16:21:59.152] [SEVERE ] setting player 4 freeze to 2000
[16:21:59.161] [SEVERE ] setting player 3 freeze to 1000
[16:21:59.165] [SEVERE ] setting player 1 freeze to 1000
[16:21:59.222] [SEVERE ] removing card from slot 0
[16:21:59.322] [SEVERE ] removing card from slot 1
[16:21:59.423] [SEVERE ] removing card from slot 2
[16:21:59.523] [SEVERE ] removing card from slot 3
[16:21:59.623] [SEVERE ] removing card from slot 4
[16:21:59.724] [SEVERE ] removing card from slot 5
[16:21:59.824] [SEVERE ] removing card from slot 6
[16:21:59.924] [SEVERE ] removing card from slot 7
[16:22:00.025] [SEVERE ] removing card from slot 8
[16:22:00.125] [SEVERE ] removing card from slot 9
[16:22:00.153] [SEVERE ] setting player 4 freeze to 1000
[16:22:00.162] [SEVERE ] setting player 3 freeze to 0
[16:22:00.162] [SEVERE ] removing player 3 token from slot 1
[16:22:00.163] [SEVERE ] player 3 placing token on slot 2
[16:22:00.166] [SEVERE ] setting player 1 freeze to 0
[16:22:00.166] [SEVERE ] removing player 1 token from slot 3
[16:22:00.166] [SEVERE ] player 1 placing token on slot 6
[16:22:00.225] [SEVERE ] removing card from slot 10
[16:22:00.326] [SEVERE ] removing card from slot 11
[16:22:00.326] [SEVERE ] removing all tokens
[16:22:00.427] [SEVERE ] placing card 45 in slot 0
[16:22:00.527] [SEVERE ] placing card 2 in slot 1
[16:22:00.628] [SEVERE ] placing card 65 in slot 2
[16:22:00.728] [SEVERE ] placing card 52 in slot 3
[16:22:00.828] [SEVERE ] placing card 56 in slot 4
[16:22:00.929] [SEVERE ] placing card 3 in slot 5
[16:22:01.029] [SEVERE ] placing card 66 in slot 6
[16:22:01.129] [SEVERE ] placing card 18 in slot 7
[16:22:01.154] [SEVERE ] setting player 4 freeze to 0
[16:22:01.154] [SEVERE ] player 4 placing token on slot 6
[16:22:01.155] [SEVERE ] removing player 4 token from slot 6
[16:22:01.158] [SEVERE ] player 4 placing token on slot 11
[16:22:01.159] [SEVERE ] player 4 placing token on slot 4
[16:22:01.160] [SEVERE ] player 4 placing token on slot 3
[16:22:01.230] [SEVERE ] placing card 51 in slot 8
[16:22:01.330] [SEVERE ] placing card 21 in slot 9
[16:22:01.430] [SEVERE ] placing card 28 in slot 10
[16:22:01.531] [SEVERE ] placing card 9 in slot 11
[16:22:01.531] [INFO   ] Thread Thread-5starting.
[16:22:01.533] [INFO   ] Thread Thread-6starting.
[16:22:01.533] [SEVERE ] updating countdown to 15000
[16:22:01.533] [INFO   ] Thread Thread-7starting.
[16:22:01.537] [INFO   ] Thread computer-1 starting.
[16:22:01.545] [SEVERE ] player 2 placing token on slot 8
[16:22:01.546] [SEVERE ] player 2 placing token on slot 6
[16:22:01.547] [SEVERE ] player 2 placing token on slot 2
[16:22:01.533] [INFO   ] Thread Thread-8starting.
[16:22:01.548] [INFO   ] Thread computer-0 starting.
[16:22:01.550] [SEVERE ] player 1 placing token on slot 11
[16:22:01.553] [INFO   ] Thread computer-2 starting.
[16:22:01.553] [SEVERE ] player 1 placing token on slot 6
[16:22:01.554] [SEVERE ] player 3 placing token on slot 3
[16:22:01.555] [SEVERE ] player 3 placing token on slot 4
[16:22:01.555] [SEVERE ] player 3 placing token on slot 8
[16:22:01.554] [SEVERE ] removing player 1 token from slot 11
[16:22:01.556] [SEVERE ] player 1 placing token on slot 5
[16:22:01.557] [SEVERE ] removing player 1 token from slot 6
[16:22:01.557] [INFO   ] Thread computer-3 starting.
[16:22:01.557] [SEVERE ] player 1 placing token on slot 10
[16:22:01.557] [SEVERE ] removing player 4 token from slot 4
[16:22:01.558] [SEVERE ] player 1 placing token on slot 6
[16:22:01.558] [SEVERE ] player 4 placing token on slot 10
[16:22:02.535] [SEVERE ] updating countdown to 13998
[16:22:02.535] [SEVERE ] setting player 2 freeze to 3000
[16:22:02.549] [SEVERE ] setting player 2 freeze to 3000
[16:22:03.535] [SEVERE ] updating countdown to 12998
[16:22:03.535] [SEVERE ] setting player 3 freeze to 3000
[16:22:03.541] [SEVERE ] setting player 2 freeze to 2000
[16:22:03.535] [SEVERE ] setting player 3 freeze to 3000
[16:22:03.549] [SEVERE ] setting player 2 freeze to 2000
[16:22:04.535] [SEVERE ] updating countdown to 11998
[16:22:04.536] [SEVERE ] setting player 1 freeze to 3000
[16:22:04.535] [SEVERE ] setting player 1 freeze to 3000
[16:22:04.541] [SEVERE ] setting player 3 freeze to 2000
[16:22:04.542] [SEVERE ] setting player 2 freeze to 1000
[16:22:04.543] [SEVERE ] setting player 3 freeze to 2000
[16:22:04.549] [SEVERE ] setting player 2 freeze to 1000
[16:22:05.536] [SEVERE ] updating countdown to 10997
[16:22:05.536] [SEVERE ] setting player 4 freeze to 3000
[16:22:05.536] [SEVERE ] setting player 4 freeze to 3000
[16:22:05.540] [SEVERE ] setting player 1 freeze to 2000
[16:22:05.540] [SEVERE ] setting player 1 freeze to 2000
[16:22:05.542] [SEVERE ] setting player 3 freeze to 1000
[16:22:05.543] [SEVERE ] setting player 2 freeze to 0
[16:22:05.543] [SEVERE ] removing player 2 token from slot 2
[16:22:05.543] [SEVERE ] player 2 placing token on slot 3
[16:22:05.544] [SEVERE ] setting player 3 freeze to 1000
[16:22:05.550] [SEVERE ] setting player 2 freeze to 0
[16:22:06.536] [SEVERE ] setting player 2 freeze to 3000
[16:22:06.536] [SEVERE ] updating countdown to 9997
[16:22:06.536] [SEVERE ] setting player 2 freeze to 3000
[16:22:06.537] [SEVERE ] setting player 4 freeze to 2000
[16:22:06.537] [SEVERE ] setting player 4 freeze to 2000
[16:22:06.542] [SEVERE ] setting player 3 freeze to 0
[16:22:06.541] [SEVERE ] setting player 1 freeze to 1000
[16:22:06.541] [SEVERE ] setting player 1 freeze to 1000
[16:22:06.544] [SEVERE ] setting player 3 freeze to 0
[16:22:06.542] [SEVERE ] removing player 3 token from slot 8
[16:22:06.552] [SEVERE ] player 3 placing token on slot 6
[16:22:07.538] [SEVERE ] updating countdown to 8995
[16:22:07.538] [SEVERE ] setting player 3 freeze to 3000
[16:22:07.539] [SEVERE ] setting player 3 freeze to 3000
[16:22:07.539] [SEVERE ] setting player 2 freeze to 2000
[16:22:07.540] [SEVERE ] setting player 4 freeze to 1000
[16:22:07.541] [SEVERE ] setting player 2 freeze to 2000
[16:22:07.542] [SEVERE ] setting player 4 freeze to 1000
[16:22:07.544] [SEVERE ] setting player 1 freeze to 0
[16:22:07.544] [SEVERE ] removing player 1 token from slot 6
[16:22:07.545] [SEVERE ] removing player 1 token from slot 5
[16:22:07.545] [SEVERE ] setting player 1 freeze to 0
[16:22:07.546] [SEVERE ] removing player 1 token from slot 10
[16:22:07.551] [SEVERE ] player 1 placing token on slot 3
[16:22:07.552] [SEVERE ] player 1 placing token on slot 1
[16:22:07.553] [SEVERE ] player 1 placing token on slot 4
[16:22:08.538] [SEVERE ] updating countdown to 7995
[16:22:08.538] [SEVERE ] setting player 3 freeze to 2000
[16:22:08.538] [SEVERE ] setting player 1 freeze to 3000
[16:22:08.538] [SEVERE ] setting player 1 freeze to 3000
[16:22:08.540] [SEVERE ] setting player 2 freeze to 1000
[16:22:08.539] [SEVERE ] setting player 3 freeze to 2000
[16:22:08.540] [SEVERE ] setting player 4 freeze to 0
[16:22:08.541] [SEVERE ] removing player 4 token from slot 11
[16:22:08.542] [SEVERE ] setting player 2 freeze to 1000
[16:22:08.542] [SEVERE ] player 4 placing token on slot 11
[16:22:08.542] [SEVERE ] setting player 4 freeze to 0
[16:22:09.541] [SEVERE ] setting player 1 freeze to 2000
[16:22:09.541] [SEVERE ] setting player 1 freeze to 2000
[16:22:09.541] [SEVERE ] updating countdown to 6992
[16:22:09.542] [SEVERE ] setting player 2 freeze to 0
[16:22:09.543] [SEVERE ] removing player 2 token from slot 3
[16:22:09.543] [SEVERE ] player 2 placing token on slot 5
[16:22:09.545] [SEVERE ] setting player 2 freeze to 0
[16:22:09.541] [SEVERE ] setting player 3 freeze to 1000
[16:22:09.541] [SEVERE ] setting player 4 freeze to 3000
[16:22:09.541] [SEVERE ] setting player 3 freeze to 1000
[16:22:09.541] [SEVERE ] setting player 4 freeze to 3000
[16:22:10.542] [SEVERE ] setting player 1 freeze to 1000
[16:22:10.542] [SEVERE ] setting player 2 freeze to 3000
[16:22:10.542] [SEVERE ] setting player 2 freeze to 3000
[16:22:10.542] [SEVERE ] updating countdown to 5991
[16:22:10.549] [SEVERE ] setting player 1 freeze to 1000
[16:22:10.553] [SEVERE ] setting player 3 freeze to 0
[16:22:10.553] [SEVERE ] removing player 3 token from slot 6
[16:22:10.554] [SEVERE ] setting player 4 freeze to 2000
[16:22:10.555] [SEVERE ] setting player 3 freeze to 0
[16:22:10.561] [SEVERE ] setting player 4 freeze to 2000
[16:22:10.554] [SEVERE ] player 3 placing token on slot 9
[16:22:11.542] [SEVERE ] setting player 1 freeze to 0
[16:22:11.542] [SEVERE ] removing player 1 token from slot 3
[16:22:11.542] [SEVERE ] player 1 placing token on slot 3
[16:22:11.543] [SEVERE ] setting player 2 freeze to 2000
[16:22:11.543] [SEVERE ] setting player 2 freeze to 2000
[16:22:11.544] [SEVERE ] setting player 3 freeze to 3000
[16:22:11.544] [SEVERE ] setting player 3 freeze to 3000
[16:22:11.549] [SEVERE ] setting player 1 freeze to 0
[16:22:11.554] [SEVERE ] setting player 1 freeze to 3000
[16:22:11.555] [SEVERE ] setting player 4 freeze to 1000
[16:22:11.554] [SEVERE ] setting player 1 freeze to 3000
[16:22:11.561] [SEVERE ] setting player 4 freeze to 1000
[16:22:12.543] [SEVERE ] setting player 2 freeze to 1000
[16:22:12.544] [SEVERE ] setting player 2 freeze to 1000
[16:22:12.544] [SEVERE ] setting player 3 freeze to 2000
[16:22:12.544] [SEVERE ] setting player 3 freeze to 2000
[16:22:12.554] [SEVERE ] setting player 1 freeze to 2000
[16:22:12.555] [SEVERE ] setting player 4 freeze to 0
[16:22:12.556] [SEVERE ] removing player 4 token from slot 10
[16:22:12.556] [SEVERE ] player 4 placing token on slot 1
[16:22:12.556] [SEVERE ] setting player 1 freeze to 2000
[16:22:12.561] [SEVERE ] setting player 4 freeze to 0
[16:22:12.557] [SEVERE ] removing player 4 token from slot 3
[16:22:12.564] [SEVERE ] player 4 placing token on slot 6
[16:22:12.565] [SEVERE ] setting player 4 freeze to 3000
[16:22:12.565] [SEVERE ] setting player 4 freeze to 3000
[16:22:13.543] [SEVERE ] setting player 2 freeze to 0
[16:22:13.544] [SEVERE ] setting player 2 freeze to 0
[16:22:13.546] [SEVERE ] setting player 3 freeze to 1000
[16:22:13.549] [SEVERE ] setting player 3 freeze to 1000
[16:22:13.554] [SEVERE ] setting player 1 freeze to 1000
[16:22:13.557] [SEVERE ] setting player 1 freeze to 1000
[16:22:13.559] [SEVERE ] removing player 2 token from slot 5
[16:22:13.559] [SEVERE ] removing player 2 token from slot 6
[16:22:13.560] [SEVERE ] removing player 2 token from slot 8
[16:22:13.561] [SEVERE ] player 2 placing token on slot 1
[16:22:13.562] [SEVERE ] player 2 placing token on slot 10
[16:22:13.562] [SEVERE ] player 2 placing token on slot 2
[16:22:13.562] [SEVERE ] removing player 2 token from slot 10
[16:22:13.563] [SEVERE ] player 2 placing token on slot 7
[16:22:13.565] [SEVERE ] setting player 4 freeze to 2000
[16:22:13.565] [SEVERE ] setting player 4 freeze to 2000
[16:22:13.570] [SEVERE ] setting player 2 freeze to 3000
[16:22:13.577] [SEVERE ] setting player 2 freeze to 3000
[16:22:14.547] [SEVERE ] setting player 3 freeze to 0
[16:22:14.547] [SEVERE ] removing player 3 token from slot 4
[16:22:14.548] [SEVERE ] removing player 3 token from slot 9
[16:22:14.549] [SEVERE ] setting player 3 freeze to 0
[16:22:14.555] [SEVERE ] setting player 1 freeze to 0
[16:22:14.555] [SEVERE ] removing player 1 token from slot 3
[16:22:14.555] [SEVERE ] player 1 placing token on slot 2
[16:22:14.556] [SEVERE ] removing player 1 token from slot 1
[16:22:14.556] [SEVERE ] player 1 placing token on slot 6
[16:22:14.557] [SEVERE ] setting player 1 freeze to 0
[16:22:14.549] [SEVERE ] player 3 placing token on slot 4
[16:22:14.561] [SEVERE ] player 3 placing token on slot 9
[16:22:14.565] [SEVERE ] setting player 4 freeze to 1000
[16:22:14.565] [SEVERE ] setting player 4 freeze to 1000
[16:22:14.564] [SEVERE ] setting player 1 freeze to 3000
[16:22:14.564] [SEVERE ] setting player 1 freeze to 3000
[16:22:14.565] [SEVERE ] removing player 3 token from slot 9
[16:22:14.570] [SEVERE ] player 3 placing token on slot 1
[16:22:14.570] [SEVERE ] setting player 2 freeze to 2000
[16:22:14.585] [SEVERE ] setting player 2 freeze to 2000
[16:22:14.585] [SEVERE ] setting player 3 freeze to 3000
[16:22:14.585] [SEVERE ] setting player 3 freeze to 3000
[16:22:15.566] [SEVERE ] setting player 4 freeze to 0
[16:22:15.569] [SEVERE ] setting player 4 freeze to 0
[16:22:15.569] [SEVERE ] setting player 1 freeze to 2000
[16:22:15.572] [SEVERE ] setting player 1 freeze to 2000
[16:22:15.572] [SEVERE ] setting player 2 freeze to 1000
[16:22:15.573] [SEVERE ] removing player 4 token from slot 11
[16:22:15.574] [SEVERE ] player 4 placing token on slot 2
[16:22:15.575] [SEVERE ] removing player 4 token from slot 2
[16:22:15.577] [SEVERE ] player 4 placing token on slot 4
[16:22:15.581] [SEVERE ] setting player 4 freeze to 3000
[16:22:15.582] [SEVERE ] setting player 4 freeze to 3000
[16:22:15.585] [SEVERE ] setting player 2 freeze to 1000
[16:22:15.596] [SEVERE ] setting player 3 freeze to 2000
[16:22:15.597] [SEVERE ] setting player 3 freeze to 2000
[16:22:16.534] [SEVERE ] updating countdown to 15000
[16:22:16.534] [SEVERE ] updating countdown to 15000
[16:22:16.570] [SEVERE ] setting player 1 freeze to 1000
[16:22:16.572] [SEVERE ] setting player 1 freeze to 1000
[16:22:16.573] [SEVERE ] setting player 2 freeze to 0
[16:22:16.582] [SEVERE ] setting player 4 freeze to 2000
[16:22:16.582] [SEVERE ] setting player 4 freeze to 2000
[16:22:16.582] [SEVERE ] removing player 2 token from slot 2
[16:22:16.584] [SEVERE ] player 2 placing token on slot 3
[16:22:16.585] [SEVERE ] setting player 2 freeze to 0
[16:22:16.585] [SEVERE ] removing player 2 token from slot 1
[16:22:16.587] [SEVERE ] player 2 placing token on slot 1
[16:22:16.596] [SEVERE ] setting player 3 freeze to 1000
[16:22:16.597] [SEVERE ] setting player 3 freeze to 1000
[16:22:16.636] [SEVERE ] removing card from slot 0
[16:22:16.736] [SEVERE ] removing card from slot 1
[16:22:16.836] [SEVERE ] removing card from slot 2
[16:22:16.936] [SEVERE ] removing card from slot 3
[16:22:17.037] [SEVERE ] removing card from slot 4
[16:22:17.137] [SEVERE ] removing card from slot 5
[16:22:17.237] [SEVERE ] removing card from slot 6
[16:22:17.337] [SEVERE ] removing card from slot 7
[16:22:17.438] [SEVERE ] removing card from slot 8
[16:22:17.538] [SEVERE ] removing card from slot 9
[16:22:17.570] [SEVERE ] setting player 1 freeze to 0
[16:22:17.570] [SEVERE ] removing player 1 token from slot 6
[16:22:17.571] [SEVERE ] player 1 placing token on slot 7
[16:22:17.571] [SEVERE ] removing player 1 token from slot 2
[16:22:17.572] [SEVERE ] player 1 placing token on slot 8
[16:22:17.573] [SEVERE ] setting player 1 freeze to 0
[16:22:17.582] [SEVERE ] setting player 4 freeze to 1000
[16:22:17.583] [SEVERE ] setting player 4 freeze to 1000
[16:22:17.596] [SEVERE ] setting player 3 freeze to 0
[16:22:17.598] [SEVERE ] setting player 3 freeze to 0
[16:22:17.609] [SEVERE ] removing player 3 token from slot 3
[16:22:17.609] [SEVERE ] player 3 placing token on slot 2
[16:22:17.612] [SEVERE ] removing player 3 token from slot 1
[16:22:17.613] [SEVERE ] player 3 placing token on slot 10
[16:22:17.638] [SEVERE ] removing card from slot 10
[16:22:17.738] [SEVERE ] removing card from slot 11
[16:22:17.738] [SEVERE ] removing all tokens
[16:22:17.840] [SEVERE ] placing card 22 in slot 0
[16:22:17.940] [SEVERE ] placing card 35 in slot 1
[16:22:18.040] [SEVERE ] placing card 14 in slot 2
[16:22:18.140] [SEVERE ] placing card 58 in slot 3
[16:22:18.241] [SEVERE ] placing card 10 in slot 4
[16:22:18.341] [SEVERE ] placing card 8 in slot 5
[16:22:18.441] [SEVERE ] placing card 64 in slot 6
[16:22:18.541] [SEVERE ] placing card 78 in slot 7
[16:22:18.582] [SEVERE ] setting player 4 freeze to 0
[16:22:18.582] [SEVERE ] player 4 placing token on slot 11
[16:22:18.589] [SEVERE ] setting player 4 freeze to 0
[16:22:18.589] [SEVERE ] player 4 placing token on slot 5
[16:22:18.590] [SEVERE ] player 4 placing token on slot 6
[16:22:18.590] [SEVERE ] removing player 4 token from slot 6
[16:22:18.590] [SEVERE ] player 4 placing token on slot 9
[16:22:18.642] [SEVERE ] placing card 49 in slot 8
[16:22:18.742] [SEVERE ] placing card 57 in slot 9
[16:22:18.843] [SEVERE ] placing card 76 in slot 10
[16:22:18.943] [SEVERE ] placing card 60 in slot 11
[16:22:18.949] [INFO   ] Thread Thread-9starting.
[16:22:18.969] [INFO   ] Thread Thread-11starting.
[16:22:18.973] [INFO   ] Thread Thread-10starting.
[16:22:18.985] [INFO   ] Thread computer-0 starting.
[16:22:18.985] [SEVERE ] player 1 placing token on slot 4
[16:22:18.985] [SEVERE ] player 1 placing token on slot 10
[16:22:18.986] [SEVERE ] player 1 placing token on slot 5
[16:22:19.025] [INFO   ] Thread computer-1 starting.
[16:22:19.025] [SEVERE ] player 2 placing token on slot 2
[16:22:19.025] [SEVERE ] player 2 placing token on slot 7
[16:22:19.026] [SEVERE ] player 2 placing token on slot 11
[16:22:19.049] [INFO   ] Thread computer-2 starting.
[16:22:19.050] [SEVERE ] player 3 placing token on slot 3
[16:22:19.050] [SEVERE ] player 3 placing token on slot 10
[16:22:19.051] [SEVERE ] player 3 placing token on slot 4
[16:22:19.059] [SEVERE ] updating countdown to 15000
[16:22:19.059] [INFO   ] Thread Thread-12starting.
[16:22:19.090] [INFO   ] Thread computer-3 starting.
[16:22:19.090] [SEVERE ] removing player 4 token from slot 5
[16:22:19.091] [SEVERE ] player 4 placing token on slot 1
[16:22:20.059] [SEVERE ] updating countdown to 14000
[16:22:20.060] [SEVERE ] setting player 2 freeze to 3000
[16:22:20.060] [SEVERE ] setting player 2 freeze to 3000
[16:22:20.068] [SEVERE ] setting player 2 freeze to 3000
[16:22:21.059] [SEVERE ] updating countdown to 13000
[16:22:21.061] [SEVERE ] setting player 2 freeze to 2000
[16:22:21.062] [SEVERE ] setting player 2 freeze to 2000
[16:22:21.068] [SEVERE ] setting player 2 freeze to 2000
[16:22:22.060] [SEVERE ] setting player 1 freeze to 3000
[16:22:22.062] [SEVERE ] setting player 2 freeze to 1000
[16:22:22.062] [SEVERE ] setting player 2 freeze to 1000
[16:22:22.068] [SEVERE ] setting player 2 freeze to 1000
[16:22:22.068] [SEVERE ] setting player 1 freeze to 3000
[16:22:22.060] [SEVERE ] updating countdown to 11999
[16:22:22.081] [SEVERE ] setting player 1 freeze to 3000
[16:22:23.062] [SEVERE ] setting player 2 freeze to 0
[16:22:23.062] [SEVERE ] removing player 2 token from slot 11
[16:22:23.069] [SEVERE ] setting player 1 freeze to 2000
[16:22:23.068] [SEVERE ] setting player 2 freeze to 0
[16:22:23.063] [SEVERE ] setting player 2 freeze to 0
[16:22:23.073] [SEVERE ] setting player 1 freeze to 2000
[16:22:23.073] [SEVERE ] updating countdown to 10986
[16:22:23.073] [SEVERE ] removing player 2 token from slot 7
[16:22:23.077] [SEVERE ] player 2 placing token on slot 8
[16:22:23.078] [SEVERE ] player 2 placing token on slot 9
[16:22:23.078] [SEVERE ] removing player 2 token from slot 9
[16:22:23.078] [SEVERE ] removing player 2 token from slot 2
[16:22:23.079] [SEVERE ] player 2 placing token on slot 2
[16:22:23.079] [SEVERE ] player 2 placing token on slot 6
[16:22:23.081] [SEVERE ] setting player 1 freeze to 2000
[16:22:24.074] [SEVERE ] setting player 1 freeze to 1000
[16:22:24.076] [SEVERE ] setting player 1 freeze to 1000
[16:22:24.077] [SEVERE ] updating countdown to 9982
[16:22:24.081] [SEVERE ] setting player 1 freeze to 1000
[16:22:24.081] [SEVERE ] setting player 3 freeze to 3000
[16:22:24.085] [SEVERE ] setting player 3 freeze to 3000
[16:22:24.085] [SEVERE ] setting player 3 freeze to 3000
[16:22:25.074] [SEVERE ] setting player 1 freeze to 0
[16:22:25.074] [SEVERE ] removing player 1 token from slot 4
[16:22:25.075] [SEVERE ] player 1 placing token on slot 3
[16:22:25.076] [SEVERE ] removing player 1 token from slot 3
[16:22:25.077] [SEVERE ] setting player 1 freeze to 0
[16:22:25.078] [SEVERE ] updating countdown to 8981
[16:22:25.078] [SEVERE ] player 1 placing token on slot 11
[16:22:25.081] [SEVERE ] setting player 1 freeze to 0
[16:22:25.086] [SEVERE ] setting player 3 freeze to 2000
[16:22:25.086] [SEVERE ] setting player 3 freeze to 2000
[16:22:25.090] [SEVERE ] setting player 3 freeze to 2000
[16:22:26.080] [SEVERE ] updating countdown to 7979
[16:22:26.081] [SEVERE ] setting player 4 freeze to 3000
[16:22:26.080] [SEVERE ] setting player 4 freeze to 3000
[16:22:26.080] [SEVERE ] setting player 4 freeze to 3000
[16:22:26.091] [SEVERE ] setting player 3 freeze to 1000
[16:22:26.088] [SEVERE ] setting player 3 freeze to 1000
[16:22:26.086] [SEVERE ] setting player 3 freeze to 1000
[16:22:27.081] [SEVERE ] updating countdown to 6978
[16:22:27.081] [SEVERE ] setting player 4 freeze to 2000
[16:22:27.093] [SEVERE ] setting player 4 freeze to 2000
[16:22:27.094] [SEVERE ] setting player 4 freeze to 2000
[16:22:27.095] [SEVERE ] setting player 3 freeze to 0
[16:22:27.096] [SEVERE ] setting player 3 freeze to 0
[16:22:27.097] [SEVERE ] setting player 3 freeze to 0
[16:22:27.105] [SEVERE ] removing player 3 token from slot 3
[16:22:27.105] [SEVERE ] removing player 3 token from slot 4
[16:22:27.105] [SEVERE ] player 3 placing token on slot 11
[16:22:27.105] [SEVERE ] player 3 placing token on slot 6
[16:22:27.106] [SEVERE ] removing player 3 token from slot 10
[16:22:27.106] [SEVERE ] removing player 3 token from slot 6
[16:22:27.107] [SEVERE ] player 3 placing token on slot 10
[16:22:27.107] [SEVERE ] removing player 3 token from slot 11
[16:22:27.108] [SEVERE ] player 3 placing token on slot 4
[16:22:27.108] [SEVERE ] player 3 placing token on slot 2
[16:22:28.081] [SEVERE ] setting player 1 freeze to 3000
[16:22:28.081] [SEVERE ] setting player 1 freeze to 3000
[16:22:28.081] [SEVERE ] setting player 1 freeze to 3000
[16:22:28.081] [SEVERE ] updating countdown to 5978
[16:22:28.094] [SEVERE ] setting player 4 freeze to 1000
[16:22:28.093] [SEVERE ] setting player 4 freeze to 1000
[16:22:28.082] [SEVERE ] setting player 4 freeze to 1000
[16:22:29.081] [SEVERE ] setting player 1 freeze to 2000
[16:22:29.093] [SEVERE ] setting player 1 freeze to 2000
[16:22:29.094] [SEVERE ] setting player 1 freeze to 2000
[16:22:29.096] [SEVERE ] setting player 2 freeze to 3000
[16:22:29.096] [SEVERE ] setting player 2 freeze to 3000
[16:22:29.096] [SEVERE ] setting player 4 freeze to 0
[16:22:29.097] [SEVERE ] removing player 4 token from slot 1
[16:22:29.097] [SEVERE ] player 4 placing token on slot 4
[16:22:29.097] [SEVERE ] setting player 4 freeze to 0
[16:22:29.099] [SEVERE ] setting player 4 freeze to 0
[16:22:29.105] [SEVERE ] setting player 3 freeze to 3000
[16:22:29.098] [SEVERE ] removing player 4 token from slot 9
[16:22:29.109] [SEVERE ] player 4 placing token on slot 6
[16:22:29.095] [SEVERE ] setting player 2 freeze to 3000
[16:22:29.105] [SEVERE ] setting player 3 freeze to 3000
[16:22:29.105] [SEVERE ] setting player 3 freeze to 3000
[16:22:29.116] [SEVERE ] setting player 4 freeze to 3000
[16:22:29.116] [SEVERE ] setting player 4 freeze to 3000
[16:22:29.116] [SEVERE ] setting player 4 freeze to 3000
[16:22:30.082] [SEVERE ] setting player 1 freeze to 1000
[16:22:30.093] [SEVERE ] setting player 1 freeze to 1000
[16:22:30.094] [SEVERE ] setting player 1 freeze to 1000
[16:22:30.096] [SEVERE ] setting player 2 freeze to 2000
[16:22:30.097] [SEVERE ] setting player 2 freeze to 2000
[16:22:30.106] [SEVERE ] setting player 3 freeze to 2000
[16:22:30.113] [SEVERE ] setting player 2 freeze to 2000
[16:22:30.114] [SEVERE ] setting player 3 freeze to 2000
[16:22:30.115] [SEVERE ] setting player 3 freeze to 2000
[16:22:30.116] [SEVERE ] setting player 4 freeze to 2000
[16:22:30.118] [SEVERE ] setting player 4 freeze to 2000
[16:22:30.119] [SEVERE ] setting player 4 freeze to 2000
[16:22:31.082] [SEVERE ] setting player 1 freeze to 0
[16:22:31.083] [SEVERE ] removing player 1 token from slot 10
[16:22:31.083] [SEVERE ] player 1 placing token on slot 9
[16:22:31.084] [SEVERE ] removing player 1 token from slot 9
[16:22:31.084] [SEVERE ] removing player 1 token from slot 11
[16:22:31.085] [SEVERE ] player 1 placing token on slot 6
[16:22:31.085] [SEVERE ] player 1 placing token on slot 7
[16:22:31.089] [SEVERE ] removing player 1 token from slot 7
[16:22:31.089] [SEVERE ] player 1 placing token on slot 10
[16:22:31.091] [SEVERE ] setting player 1 freeze to 3000
[16:22:31.093] [SEVERE ] setting player 1 freeze to 0
[16:22:31.093] [SEVERE ] removing player 1 token from slot 10
[16:22:31.094] [SEVERE ] player 1 placing token on slot 4
[16:22:31.094] [SEVERE ] setting player 1 freeze to 0
[16:22:31.096] [SEVERE ] setting player 2 freeze to 1000
[16:22:31.097] [SEVERE ] setting player 2 freeze to 1000
[16:22:31.101] [SEVERE ] setting player 1 freeze to 3000
[16:22:31.101] [SEVERE ] setting player 1 freeze to 3000
[16:22:31.106] [SEVERE ] setting player 3 freeze to 1000
[16:22:31.113] [SEVERE ] setting player 2 freeze to 1000
[16:22:31.114] [SEVERE ] setting player 3 freeze to 1000
[16:22:31.115] [SEVERE ] setting player 3 freeze to 1000
[16:22:31.117] [SEVERE ] setting player 4 freeze to 1000
[16:22:31.118] [SEVERE ] setting player 4 freeze to 1000
[16:22:31.121] [SEVERE ] setting player 4 freeze to 1000
[16:22:32.091] [SEVERE ] setting player 1 freeze to 2000
[16:22:32.096] [SEVERE ] setting player 2 freeze to 0
[16:22:32.097] [SEVERE ] removing player 2 token from slot 8
[16:22:32.097] [SEVERE ] setting player 2 freeze to 0
[16:22:32.097] [SEVERE ] player 2 placing token on slot 4
[16:22:32.101] [SEVERE ] setting player 1 freeze to 2000
[16:22:32.101] [SEVERE ] removing player 2 token from slot 2
[16:22:32.102] [SEVERE ] setting player 1 freeze to 2000
[16:22:32.102] [SEVERE ] player 2 placing token on slot 8
[16:22:32.105] [SEVERE ] setting player 2 freeze to 3000
[16:22:32.105] [SEVERE ] setting player 2 freeze to 3000
[16:22:32.106] [SEVERE ] setting player 3 freeze to 0
[16:22:32.107] [SEVERE ] removing player 3 token from slot 4
[16:22:32.115] [SEVERE ] setting player 3 freeze to 0
[16:22:32.113] [SEVERE ] setting player 2 freeze to 0
[16:22:32.117] [SEVERE ] setting player 4 freeze to 0
[16:22:32.118] [SEVERE ] removing player 4 token from slot 4
[16:22:32.115] [SEVERE ] setting player 3 freeze to 0
[16:22:32.121] [SEVERE ] setting player 4 freeze to 0
[16:22:32.115] [SEVERE ] player 3 placing token on slot 1
[16:22:32.121] [SEVERE ] setting player 4 freeze to 0
[16:22:32.120] [SEVERE ] player 4 placing token on slot 5
[16:22:32.117] [SEVERE ] removing player 2 token from slot 4
[16:22:32.134] [SEVERE ] removing player 4 token from slot 5
[16:22:32.133] [SEVERE ] removing player 3 token from slot 10
[16:22:32.136] [SEVERE ] player 4 placing token on slot 8
[16:22:32.135] [SEVERE ] player 2 placing token on slot 11
[16:22:32.136] [SEVERE ] player 3 placing token on slot 11
[16:22:32.137] [SEVERE ] removing player 2 token from slot 8
[16:22:32.141] [SEVERE ] player 2 placing token on slot 2
[16:22:32.141] [SEVERE ] removing player 2 token from slot 6
[16:22:32.139] [SEVERE ] setting player 3 freeze to 3000
[16:22:32.138] [SEVERE ] setting player 3 freeze to 3000
[16:22:32.148] [SEVERE ] setting player 4 freeze to 3000
[16:22:32.148] [SEVERE ] setting player 4 freeze to 3000
[16:22:32.145] [SEVERE ] setting player 3 freeze to 3000
[16:22:32.142] [SEVERE ] player 2 placing token on slot 1
[16:22:32.151] [SEVERE ] setting player 4 freeze to 3000
[16:22:32.168] [SEVERE ] setting player 2 freeze to 3000
[16:22:33.059] [SEVERE ] updating countdown to 1000
[16:22:33.091] [SEVERE ] setting player 1 freeze to 1000
[16:22:33.101] [SEVERE ] setting player 1 freeze to 1000
[16:22:33.103] [SEVERE ] setting player 1 freeze to 1000
[16:22:33.105] [SEVERE ] setting player 2 freeze to 2000
[16:22:33.106] [SEVERE ] setting player 2 freeze to 2000
[16:22:33.148] [SEVERE ] setting player 3 freeze to 2000
[16:22:33.148] [SEVERE ] setting player 3 freeze to 2000
[16:22:33.151] [SEVERE ] setting player 4 freeze to 2000
[16:22:33.152] [SEVERE ] setting player 4 freeze to 2000
[16:22:33.153] [SEVERE ] setting player 3 freeze to 2000
[16:22:33.154] [SEVERE ] setting player 4 freeze to 2000
[16:22:33.169] [SEVERE ] setting player 2 freeze to 2000
[16:22:34.065] [SEVERE ] updating countdown to 15000
[16:22:34.066] [SEVERE ] updating countdown to 15000
[16:22:34.092] [SEVERE ] setting player 1 freeze to 0
[16:22:34.092] [SEVERE ] removing player 1 token from slot 5
[16:22:34.093] [SEVERE ] removing player 1 token from slot 4
[16:22:34.093] [SEVERE ] player 1 placing token on slot 1
[16:22:34.096] [SEVERE ] player 1 placing token on slot 11
[16:22:34.101] [SEVERE ] removing player 1 token from slot 1
[16:22:34.101] [SEVERE ] setting player 1 freeze to 0
[16:22:34.103] [SEVERE ] setting player 1 freeze to 0
[16:22:34.106] [SEVERE ] setting player 2 freeze to 1000
[16:22:34.109] [SEVERE ] setting player 2 freeze to 1000
[16:22:34.113] [SEVERE ] player 1 placing token on slot 3
[16:22:34.113] [SEVERE ] removing player 1 token from slot 6
[16:22:34.113] [SEVERE ] player 1 placing token on slot 2
[16:22:34.148] [SEVERE ] setting player 3 freeze to 1000
[16:22:34.149] [SEVERE ] setting player 3 freeze to 1000
[16:22:34.151] [SEVERE ] setting player 4 freeze to 1000
[16:22:34.152] [SEVERE ] setting player 4 freeze to 1000
[16:22:34.153] [SEVERE ] setting player 3 freeze to 1000
[16:22:34.155] [SEVERE ] setting player 4 freeze to 1000
[16:22:34.166] [SEVERE ] removing card from slot 0
[16:22:34.169] [SEVERE ] setting player 2 freeze to 1000
[16:22:34.267] [SEVERE ] removing card from slot 1
[16:22:34.373] [SEVERE ] removing card from slot 2
[16:22:34.473] [SEVERE ] removing card from slot 3
[16:22:34.573] [SEVERE ] removing card from slot 4
[16:22:34.673] [SEVERE ] removing card from slot 5
[16:22:34.773] [SEVERE ] removing card from slot 6
[16:22:34.874] [SEVERE ] removing card from slot 7
[16:22:34.974] [SEVERE ] removing card from slot 8
[16:22:35.074] [SEVERE ] removing card from slot 9
[16:22:35.107] [SEVERE ] setting player 2 freeze to 0
[16:22:35.107] [SEVERE ] removing player 2 token from slot 11
[16:22:35.109] [SEVERE ] setting player 2 freeze to 0
[16:22:35.117] [SEVERE ] player 2 placing token on slot 3
[16:22:35.118] [SEVERE ] removing player 2 token from slot 3
[16:22:35.120] [SEVERE ] player 2 placing token on slot 4
[16:22:35.133] [SEVERE ] removing player 2 token from slot 2
[16:22:35.133] [SEVERE ] player 2 placing token on slot 3
[16:22:35.148] [SEVERE ] setting player 3 freeze to 0
[16:22:35.148] [SEVERE ] removing player 3 token from slot 2
[16:22:35.149] [SEVERE ] player 3 placing token on slot 3
[16:22:35.149] [SEVERE ] setting player 3 freeze to 0
[16:22:35.152] [SEVERE ] setting player 4 freeze to 0
[16:22:35.152] [SEVERE ] removing player 4 token from slot 11
[16:22:35.152] [SEVERE ] player 4 placing token on slot 4
[16:22:35.153] [SEVERE ] removing player 4 token from slot 8
[16:22:35.153] [SEVERE ] player 4 placing token on slot 8
[16:22:35.150] [SEVERE ] removing player 3 token from slot 1
[16:22:35.154] [SEVERE ] player 3 placing token on slot 9
[16:22:35.153] [SEVERE ] setting player 3 freeze to 0
[16:22:35.152] [SEVERE ] setting player 4 freeze to 0
[16:22:35.155] [SEVERE ] removing player 3 token from slot 11
[16:22:35.155] [SEVERE ] setting player 4 freeze to 0
[16:22:35.157] [SEVERE ] removing player 3 token from slot 9
[16:22:35.158] [SEVERE ] player 3 placing token on slot 9
[16:22:35.159] [SEVERE ] player 3 placing token on slot 8
[16:22:35.172] [SEVERE ] setting player 2 freeze to 0
[16:22:35.172] [SEVERE ] removing player 4 token from slot 8
[16:22:35.173] [SEVERE ] player 4 placing token on slot 3
[16:22:35.175] [SEVERE ] removing card from slot 10
[16:22:35.276] [SEVERE ] removing card from slot 11
[16:22:35.276] [SEVERE ] removing all tokens
[16:22:35.376] [SEVERE ] placing card 4 in slot 0
[16:22:35.477] [SEVERE ] placing card 12 in slot 1
[16:22:35.577] [SEVERE ] placing card 0 in slot 2
[16:22:35.677] [SEVERE ] placing card 61 in slot 3
[16:22:35.777] [SEVERE ] placing card 72 in slot 4
[16:22:35.877] [SEVERE ] placing card 70 in slot 5
[16:22:35.978] [SEVERE ] placing card 42 in slot 6
[16:22:36.078] [SEVERE ] placing card 31 in slot 7
[16:22:36.178] [SEVERE ] placing card 67 in slot 8
[16:22:36.278] [SEVERE ] placing card 43 in slot 9
[16:22:36.378] [SEVERE ] placing card 33 in slot 10
[16:22:36.479] [SEVERE ] placing card 27 in slot 11
[16:22:36.487] [INFO   ] Thread Thread-14starting.
[16:22:36.489] [INFO   ] Thread Thread-13starting.
[16:22:36.505] [INFO   ] Thread Thread-15starting.
[16:22:36.517] [INFO   ] Thread computer-0 starting.
[16:22:36.517] [SEVERE ] player 1 placing token on slot 4
[16:22:36.517] [SEVERE ] player 1 placing token on slot 2
[16:22:36.518] [SEVERE ] removing player 1 token from slot 2
[16:22:36.518] [SEVERE ] player 1 placing token on slot 5
[16:22:36.519] [SEVERE ] removing player 1 token from slot 5
[16:22:36.519] [SEVERE ] player 1 placing token on slot 5
[16:22:36.520] [SEVERE ] player 1 placing token on slot 11
[16:22:36.525] [INFO   ] Thread computer-1 starting.
[16:22:36.525] [SEVERE ] player 2 placing token on slot 10
[16:22:36.527] [SEVERE ] player 2 placing token on slot 9
[16:22:36.527] [SEVERE ] player 2 placing token on slot 3
[16:22:36.537] [INFO   ] Thread computer-2 starting.
[16:22:36.537] [SEVERE ] player 3 placing token on slot 9
[16:22:36.538] [SEVERE ] player 3 placing token on slot 3
[16:22:36.539] [SEVERE ] player 3 placing token on slot 4
[16:22:36.553] [SEVERE ] updating countdown to 15000
[16:22:36.557] [INFO   ] Thread Thread-16starting.
[16:22:36.573] [INFO   ] Thread computer-3 starting.
[16:22:36.573] [SEVERE ] player 4 placing token on slot 5
[16:22:36.573] [SEVERE ] player 4 placing token on slot 6
[16:22:36.573] [SEVERE ] removing player 4 token from slot 6
[16:22:36.574] [SEVERE ] player 4 placing token on slot 11
[16:22:36.575] [SEVERE ] player 4 placing token on slot 4
[16:22:37.553] [SEVERE ] setting player 1 freeze to 3000
[16:22:37.553] [SEVERE ] setting player 1 freeze to 3000
[16:22:37.553] [SEVERE ] updating countdown to 14000
[16:22:37.553] [SEVERE ] setting player 1 freeze to 3000
[16:22:37.581] [SEVERE ] setting player 1 freeze to 3000
[16:22:38.561] [SEVERE ] setting player 1 freeze to 2000
[16:22:38.561] [SEVERE ] updating countdown to 12992
[16:22:38.565] [SEVERE ] setting player 1 freeze to 2000
[16:22:38.569] [SEVERE ] setting player 1 freeze to 2000
[16:22:38.581] [SEVERE ] setting player 1 freeze to 2000
[16:22:39.561] [SEVERE ] setting player 1 freeze to 1000
[16:22:39.561] [SEVERE ] updating countdown to 11992
[16:22:39.565] [SEVERE ] setting player 1 freeze to 1000
[16:22:39.569] [SEVERE ] setting player 1 freeze to 1000
[16:22:39.581] [SEVERE ] setting player 1 freeze to 1000
[16:22:40.561] [SEVERE ] setting player 1 freeze to 0
[16:22:40.561] [SEVERE ] removing player 1 token from slot 11
[16:22:40.562] [SEVERE ] player 1 placing token on slot 1
[16:22:40.562] [SEVERE ] setting player 2 freeze to 3000
[16:22:40.562] [SEVERE ] setting player 2 freeze to 3000
[16:22:40.562] [SEVERE ] updating countdown to 10991
[16:22:40.569] [SEVERE ] setting player 1 freeze to 0
[16:22:40.565] [SEVERE ] setting player 1 freeze to 0
[16:22:40.565] [SEVERE ] setting player 2 freeze to 3000
[16:22:40.562] [SEVERE ] removing player 1 token from slot 4
[16:22:40.570] [SEVERE ] player 1 placing token on slot 9
[16:22:40.571] [SEVERE ] removing player 1 token from slot 5
[16:22:40.571] [SEVERE ] player 1 placing token on slot 2
[16:22:40.573] [SEVERE ] setting player 2 freeze to 3000
[16:22:40.581] [SEVERE ] setting player 1 freeze to 0
[16:22:41.563] [SEVERE ] setting player 2 freeze to 2000
[16:22:41.566] [SEVERE ] setting player 2 freeze to 2000
[16:22:41.570] [SEVERE ] setting player 2 freeze to 2000
[16:22:41.573] [SEVERE ] setting player 2 freeze to 2000
[16:22:41.577] [SEVERE ] updating countdown to 9976
[16:22:42.563] [SEVERE ] setting player 2 freeze to 1000
[16:22:42.566] [SEVERE ] setting player 2 freeze to 1000
[16:22:42.570] [SEVERE ] setting player 2 freeze to 1000
[16:22:42.573] [SEVERE ] setting player 2 freeze to 1000
[16:22:42.586] [SEVERE ] updating countdown to 8967
[16:22:43.563] [SEVERE ] setting player 2 freeze to 0
[16:22:43.563] [SEVERE ] removing player 2 token from slot 9
[16:22:43.563] [SEVERE ] player 2 placing token on slot 1
[16:22:43.566] [SEVERE ] setting player 2 freeze to 0
[16:22:43.569] [SEVERE ] removing player 2 token from slot 10
[16:22:43.569] [SEVERE ] player 2 placing token on slot 6
[16:22:43.570] [SEVERE ] removing player 2 token from slot 3
[16:22:43.570] [SEVERE ] setting player 2 freeze to 0
[16:22:43.573] [SEVERE ] setting player 2 freeze to 0
[16:22:43.571] [SEVERE ] player 2 placing token on slot 3
[16:22:43.586] [SEVERE ] updating countdown to 7967
[16:22:43.587] [SEVERE ] setting player 3 freeze to 3000
[16:22:43.587] [SEVERE ] setting player 3 freeze to 3000
[16:22:43.588] [SEVERE ] setting player 3 freeze to 3000
[16:22:43.613] [SEVERE ] setting player 3 freeze to 3000
[16:22:44.586] [SEVERE ] setting player 4 freeze to 3000
[16:22:44.586] [SEVERE ] setting player 4 freeze to 3000
[16:22:44.586] [SEVERE ] setting player 4 freeze to 3000
[16:22:44.586] [SEVERE ] updating countdown to 6967
[16:22:44.589] [SEVERE ] setting player 3 freeze to 2000
[16:22:44.589] [SEVERE ] setting player 3 freeze to 2000
[16:22:44.586] [SEVERE ] setting player 4 freeze to 3000
[16:22:44.588] [SEVERE ] setting player 3 freeze to 2000
[16:22:44.613] [SEVERE ] setting player 3 freeze to 2000
[16:22:45.587] [SEVERE ] setting player 4 freeze to 2000
[16:22:45.587] [SEVERE ] setting player 4 freeze to 2000
[16:22:45.588] [SEVERE ] updating countdown to 5965
[16:22:45.587] [SEVERE ] setting player 4 freeze to 2000
[16:22:45.589] [SEVERE ] setting player 3 freeze to 1000
[16:22:45.589] [SEVERE ] setting player 3 freeze to 1000
[16:22:45.605] [SEVERE ] setting player 4 freeze to 2000
[16:22:45.605] [SEVERE ] setting player 3 freeze to 1000
[16:22:45.613] [SEVERE ] setting player 3 freeze to 1000
[16:22:46.587] [SEVERE ] setting player 4 freeze to 1000
[16:22:46.588] [SEVERE ] setting player 4 freeze to 1000
[16:22:46.590] [SEVERE ] setting player 4 freeze to 1000
[16:22:46.592] [SEVERE ] setting player 3 freeze to 0
[16:22:46.592] [SEVERE ] removing player 3 token from slot 3
[16:22:46.593] [SEVERE ] setting player 3 freeze to 0
[16:22:46.593] [SEVERE ] player 3 placing token on slot 11
[16:22:46.599] [SEVERE ] setting player 3 freeze to 3000
[16:22:46.599] [SEVERE ] setting player 3 freeze to 3000
[16:22:46.605] [SEVERE ] setting player 4 freeze to 1000
[16:22:46.606] [SEVERE ] setting player 3 freeze to 0
[16:22:46.606] [SEVERE ] removing player 3 token from slot 4
[16:22:46.607] [SEVERE ] player 3 placing token on slot 6
[16:22:46.609] [SEVERE ] removing player 3 token from slot 9
[16:22:46.609] [SEVERE ] player 3 placing token on slot 2
[16:22:46.617] [SEVERE ] setting player 3 freeze to 0
[16:22:46.620] [SEVERE ] setting player 1 freeze to 3000
[16:22:46.621] [SEVERE ] setting player 1 freeze to 3000
[16:22:46.629] [SEVERE ] setting player 1 freeze to 3000
[16:22:46.630] [SEVERE ] setting player 2 freeze to 3000
[16:22:46.629] [SEVERE ] setting player 1 freeze to 3000
[16:22:46.640] [SEVERE ] setting player 3 freeze to 3000
[16:22:46.630] [SEVERE ] setting player 2 freeze to 3000
[16:22:46.630] [SEVERE ] setting player 2 freeze to 3000
[16:22:46.630] [SEVERE ] setting player 2 freeze to 3000
[16:22:46.640] [SEVERE ] setting player 3 freeze to 3000
[16:22:47.587] [SEVERE ] setting player 4 freeze to 0
[16:22:47.587] [SEVERE ] removing player 4 token from slot 5
[16:22:47.588] [SEVERE ] setting player 4 freeze to 0
[16:22:47.590] [SEVERE ] setting player 4 freeze to 0
[16:22:47.599] [SEVERE ] setting player 3 freeze to 2000
[16:22:47.589] [SEVERE ] player 4 placing token on slot 5
[16:22:47.600] [SEVERE ] removing player 4 token from slot 5
[16:22:47.600] [SEVERE ] setting player 3 freeze to 2000
[16:22:47.601] [SEVERE ] player 4 placing token on slot 2
[16:22:47.602] [SEVERE ] removing player 4 token from slot 11
[16:22:47.603] [SEVERE ] player 4 placing token on slot 10
[16:22:47.603] [SEVERE ] removing player 4 token from slot 2
[16:22:47.604] [SEVERE ] player 4 placing token on slot 6
[16:22:47.604] [SEVERE ] setting player 4 freeze to 3000
[16:22:47.605] [SEVERE ] setting player 4 freeze to 3000
[16:22:47.605] [SEVERE ] setting player 4 freeze to 0
[16:22:47.608] [SEVERE ] removing player 4 token from slot 6
[16:22:47.608] [SEVERE ] player 4 placing token on slot 6
[16:22:47.615] [SEVERE ] setting player 4 freeze to 3000
[16:22:47.615] [SEVERE ] setting player 4 freeze to 3000
[16:22:47.621] [SEVERE ] setting player 1 freeze to 2000
[16:22:47.621] [SEVERE ] setting player 1 freeze to 2000
[16:22:47.629] [SEVERE ] setting player 1 freeze to 2000
[16:22:47.631] [SEVERE ] setting player 1 freeze to 2000
[16:22:47.631] [SEVERE ] setting player 2 freeze to 2000
[16:22:47.640] [SEVERE ] setting player 3 freeze to 2000
[16:22:47.641] [SEVERE ] setting player 2 freeze to 2000
[16:22:47.644] [SEVERE ] setting player 2 freeze to 2000
[16:22:47.645] [SEVERE ] setting player 2 freeze to 2000
[16:22:47.647] [SEVERE ] setting player 3 freeze to 2000
[16:22:48.599] [SEVERE ] setting player 3 freeze to 1000
[16:22:48.601] [SEVERE ] setting player 3 freeze to 1000
[16:22:48.605] [SEVERE ] setting player 4 freeze to 2000
[16:22:48.606] [SEVERE ] setting player 4 freeze to 2000
[16:22:48.615] [SEVERE ] setting player 4 freeze to 2000
[16:22:48.628] [SEVERE ] setting player 4 freeze to 2000
[16:22:48.629] [SEVERE ] setting player 1 freeze to 1000
[16:22:48.631] [SEVERE ] setting player 1 freeze to 1000
[16:22:48.631] [SEVERE ] setting player 1 freeze to 1000
[16:22:48.632] [SEVERE ] setting player 1 freeze to 1000
[16:22:48.633] [SEVERE ] setting player 2 freeze to 1000
[16:22:48.641] [SEVERE ] setting player 3 freeze to 1000
[16:22:48.641] [SEVERE ] setting player 2 freeze to 1000
[16:22:48.645] [SEVERE ] setting player 2 freeze to 1000
[16:22:48.646] [SEVERE ] setting player 2 freeze to 1000
[16:22:48.648] [SEVERE ] setting player 3 freeze to 1000
[16:22:49.600] [SEVERE ] setting player 3 freeze to 0
[16:22:49.600] [SEVERE ] removing player 3 token from slot 11
[16:22:49.601] [SEVERE ] player 3 placing token on slot 3
[16:22:49.602] [SEVERE ] setting player 3 freeze to 0
[16:22:49.605] [SEVERE ] removing player 3 token from slot 3
[16:22:49.605] [SEVERE ] player 3 placing token on slot 7
[16:22:49.606] [SEVERE ] setting player 4 freeze to 1000
[16:22:49.605] [SEVERE ] setting player 4 freeze to 1000
[16:22:49.608] [SEVERE ] removing player 3 token from slot 6
[16:22:49.612] [SEVERE ] player 3 placing token on slot 11
[16:22:49.615] [SEVERE ] setting player 4 freeze to 1000
[16:22:49.621] [SEVERE ] removing player 3 token from slot 7
[16:22:49.622] [SEVERE ] player 3 placing token on slot 5
[16:22:49.625] [SEVERE ] setting player 3 freeze to 3000
[16:22:49.628] [SEVERE ] setting player 4 freeze to 1000
[16:22:49.624] [SEVERE ] setting player 3 freeze to 3000
[16:22:49.630] [SEVERE ] setting player 1 freeze to 0
[16:22:49.630] [SEVERE ] removing player 1 token from slot 1
[16:22:49.633] [SEVERE ] setting player 2 freeze to 0
[16:22:49.632] [SEVERE ] setting player 1 freeze to 0
[16:22:49.632] [SEVERE ] setting player 1 freeze to 0
[16:22:49.631] [SEVERE ] setting player 1 freeze to 0
[16:22:49.641] [SEVERE ] setting player 3 freeze to 0
[16:22:49.641] [SEVERE ] removing player 3 token from slot 2
[16:22:49.642] [SEVERE ] player 3 placing token on slot 9
[16:22:49.642] [SEVERE ] removing player 3 token from slot 9
[16:22:49.643] [SEVERE ] player 3 placing token on slot 7
[16:22:49.644] [SEVERE ] setting player 3 freeze to 3000
[16:22:49.644] [SEVERE ] setting player 2 freeze to 0
[16:22:49.645] [SEVERE ] setting player 2 freeze to 0
[16:22:49.646] [SEVERE ] setting player 2 freeze to 0
[16:22:49.648] [SEVERE ] setting player 3 freeze to 0
[16:22:49.648] [SEVERE ] removing player 3 token from slot 11
[16:22:49.648] [SEVERE ] player 3 placing token on slot 2
[16:22:49.659] [SEVERE ] setting player 3 freeze to 3000
[16:22:49.634] [SEVERE ] player 1 placing token on slot 4
[16:22:49.641] [SEVERE ] removing player 2 token from slot 6
[16:22:49.661] [SEVERE ] removing player 1 token from slot 2
[16:22:49.662] [SEVERE ] removing player 2 token from slot 3
[16:22:49.663] [SEVERE ] player 1 placing token on slot 10
[16:22:49.664] [SEVERE ] player 2 placing token on slot 9
[16:22:49.665] [SEVERE ] removing player 1 token from slot 10
[16:22:49.666] [SEVERE ] player 2 placing token on slot 4
[16:22:49.667] [SEVERE ] player 1 placing token on slot 3
[16:22:49.669] [SEVERE ] removing player 2 token from slot 9
[16:22:49.672] [SEVERE ] removing player 1 token from slot 9
[16:22:49.674] [SEVERE ] player 1 placing token on slot 8
[16:22:49.673] [SEVERE ] player 2 placing token on slot 2
[16:22:49.676] [SEVERE ] removing player 2 token from slot 2
[16:22:49.677] [SEVERE ] player 2 placing token on slot 2
[16:22:49.679] [SEVERE ] removing player 2 token from slot 1
[16:22:49.680] [SEVERE ] player 2 placing token on slot 11
[16:22:49.729] [SEVERE ] setting player 1 freeze to 3000
[16:22:49.729] [SEVERE ] setting player 1 freeze to 3000
[16:22:49.731] [SEVERE ] setting player 1 freeze to 3000
[16:22:49.733] [SEVERE ] setting player 1 freeze to 3000
[16:22:49.752] [SEVERE ] setting player 2 freeze to 3000
[16:22:49.752] [SEVERE ] setting player 2 freeze to 3000
[16:22:49.752] [SEVERE ] setting player 2 freeze to 3000
[16:22:49.759] [SEVERE ] setting player 2 freeze to 3000
[16:22:50.608] [SEVERE ] setting player 4 freeze to 0
[16:22:50.608] [SEVERE ] removing player 4 token from slot 10
[16:22:50.609] [SEVERE ] player 4 placing token on slot 11
[16:22:50.610] [SEVERE ] removing player 4 token from slot 11
[16:22:50.610] [SEVERE ] setting player 4 freeze to 0
[16:22:50.617] [SEVERE ] player 4 placing token on slot 3
[16:22:50.621] [SEVERE ] removing player 4 token from slot 6
[16:22:50.622] [SEVERE ] removing player 4 token from slot 3
[16:22:50.623] [SEVERE ] player 4 placing token on slot 1
[16:22:50.624] [SEVERE ] removing player 4 token from slot 4
[16:22:50.622] [SEVERE ] setting player 4 freeze to 0
[16:22:50.625] [SEVERE ] player 4 placing token on slot 4
[16:22:50.626] [SEVERE ] setting player 3 freeze to 2000
[16:22:50.627] [SEVERE ] player 4 placing token on slot 3
[16:22:50.629] [SEVERE ] removing player 4 token from slot 4
[16:22:50.630] [SEVERE ] player 4 placing token on slot 6
[16:22:50.629] [SEVERE ] setting player 4 freeze to 0
[16:22:50.631] [SEVERE ] setting player 4 freeze to 3000
[16:22:50.631] [SEVERE ] setting player 4 freeze to 3000
[16:22:50.631] [SEVERE ] setting player 4 freeze to 3000
[16:22:50.630] [SEVERE ] setting player 3 freeze to 2000
[16:22:50.644] [SEVERE ] setting player 3 freeze to 2000
[16:22:50.641] [SEVERE ] removing player 4 token from slot 6
[16:22:50.645] [SEVERE ] player 4 placing token on slot 7
[16:22:50.653] [SEVERE ] setting player 4 freeze to 3000
[16:22:50.659] [SEVERE ] setting player 3 freeze to 2000
[16:22:50.729] [SEVERE ] setting player 1 freeze to 2000
[16:22:50.729] [SEVERE ] setting player 1 freeze to 2000
[16:22:50.731] [SEVERE ] setting player 1 freeze to 2000
[16:22:50.733] [SEVERE ] setting player 1 freeze to 2000
[16:22:50.752] [SEVERE ] setting player 2 freeze to 2000
[16:22:50.757] [SEVERE ] setting player 2 freeze to 2000
[16:22:50.758] [SEVERE ] setting player 2 freeze to 2000
[16:22:50.761] [SEVERE ] setting player 2 freeze to 2000
[16:22:51.559] [SEVERE ] updating countdown to 15000
[16:22:51.559] [SEVERE ] updating countdown to 15000
[16:22:51.628] [SEVERE ] setting player 3 freeze to 1000
[16:22:51.638] [SEVERE ] setting player 4 freeze to 2000
[16:22:51.639] [SEVERE ] setting player 4 freeze to 2000
[16:22:51.640] [SEVERE ] setting player 4 freeze to 2000
[16:22:51.642] [SEVERE ] setting player 3 freeze to 1000
[16:22:51.644] [SEVERE ] setting player 3 freeze to 1000
[16:22:51.660] [SEVERE ] removing card from slot 0
[16:22:51.663] [SEVERE ] setting player 4 freeze to 2000
[16:22:51.664] [SEVERE ] setting player 3 freeze to 1000
[16:22:51.729] [SEVERE ] setting player 1 freeze to 1000
[16:22:51.730] [SEVERE ] setting player 1 freeze to 1000
[16:22:51.731] [SEVERE ] setting player 1 freeze to 1000
[16:22:51.733] [SEVERE ] setting player 1 freeze to 1000
[16:22:51.752] [SEVERE ] setting player 2 freeze to 1000
[16:22:51.757] [SEVERE ] setting player 2 freeze to 1000
[16:22:51.758] [SEVERE ] setting player 2 freeze to 1000
[16:22:51.760] [SEVERE ] removing card from slot 1
[16:22:51.761] [SEVERE ] setting player 2 freeze to 1000
[16:22:51.861] [SEVERE ] removing card from slot 2
[16:22:51.961] [SEVERE ] removing card from slot 3
[16:22:52.061] [SEVERE ] removing card from slot 4
[16:22:52.161] [SEVERE ] removing card from slot 5
[16:22:52.262] [SEVERE ] removing card from slot 6
[16:22:52.362] [SEVERE ] removing card from slot 7
[16:22:52.462] [SEVERE ] removing card from slot 8
[16:22:52.562] [SEVERE ] removing card from slot 9
[16:22:52.628] [SEVERE ] setting player 3 freeze to 0
[16:22:52.639] [SEVERE ] removing player 3 token from slot 5
[16:22:52.639] [SEVERE ] setting player 4 freeze to 1000
[16:22:52.639] [SEVERE ] setting player 4 freeze to 1000
[16:22:52.639] [SEVERE ] player 3 placing token on slot 10
[16:22:52.642] [SEVERE ] setting player 3 freeze to 0
[16:22:52.644] [SEVERE ] setting player 3 freeze to 0
[16:22:52.640] [SEVERE ] setting player 4 freeze to 1000
[16:22:52.642] [SEVERE ] removing player 3 token from slot 7
[16:22:52.654] [SEVERE ] player 3 placing token on slot 1
[16:22:52.655] [SEVERE ] removing player 3 token from slot 1
[16:22:52.656] [SEVERE ] player 3 placing token on slot 7
[16:22:52.657] [SEVERE ] removing player 3 token from slot 7
[16:22:52.657] [SEVERE ] player 3 placing token on slot 6
[16:22:52.662] [SEVERE ] removing card from slot 10
[16:22:52.663] [SEVERE ] setting player 4 freeze to 1000
[16:22:52.664] [SEVERE ] setting player 3 freeze to 0
[16:22:52.729] [SEVERE ] setting player 1 freeze to 0
[16:22:52.729] [SEVERE ] removing player 1 token from slot 8
[16:22:52.731] [SEVERE ] player 1 placing token on slot 8
[16:22:52.731] [SEVERE ] setting player 1 freeze to 0
[16:22:52.733] [SEVERE ] removing player 1 token from slot 4
[16:22:52.734] [SEVERE ] removing player 1 token from slot 3
[16:22:52.734] [SEVERE ] player 1 placing token on slot 2
[16:22:52.735] [SEVERE ] player 1 placing token on slot 6
[16:22:52.732] [SEVERE ] setting player 1 freeze to 0
[16:22:52.737] [SEVERE ] setting player 1 freeze to 0
[16:22:52.737] [SEVERE ] removing player 1 token from slot 6
[16:22:52.741] [SEVERE ] player 1 placing token on slot 7
[16:22:52.741] [SEVERE ] removing player 1 token from slot 7
[16:22:52.742] [SEVERE ] player 1 placing token on slot 7
[16:22:52.752] [SEVERE ] setting player 2 freeze to 0
[16:22:52.752] [SEVERE ] removing player 2 token from slot 4
[16:22:52.758] [SEVERE ] setting player 2 freeze to 0
[16:22:52.765] [SEVERE ] removing card from slot 11
[16:22:52.765] [SEVERE ] removing all tokens
[16:22:52.757] [SEVERE ] setting player 2 freeze to 0
[16:22:52.761] [SEVERE ] setting player 2 freeze to 0
[16:22:52.761] [SEVERE ] player 2 placing token on slot 4
[16:22:52.777] [SEVERE ] player 2 placing token on slot 11
[16:22:52.777] [SEVERE ] removing player 2 token from slot 11
[16:22:52.779] [SEVERE ] player 2 placing token on slot 6
[16:22:52.780] [SEVERE ] player 2 placing token on slot 1
[16:22:52.781] [SEVERE ] player 2 placing token on slot 3
[16:22:52.782] [SEVERE ] removing player 2 token from slot 6
[16:22:52.782] [SEVERE ] player 2 placing token on slot 9
[16:22:52.783] [SEVERE ] removing player 2 token from slot 9
[16:22:52.784] [SEVERE ] player 2 placing token on slot 5
[16:22:52.785] [SEVERE ] removing player 2 token from slot 1
[16:22:52.786] [SEVERE ] player 2 placing token on slot 7
[16:22:52.865] [SEVERE ] placing card 42 in slot 0
[16:22:52.966] [SEVERE ] placing card 63 in slot 1
[16:22:53.066] [SEVERE ] placing card 68 in slot 2
[16:22:53.166] [SEVERE ] placing card 7 in slot 3
[16:22:53.266] [SEVERE ] placing card 40 in slot 4
[16:22:53.366] [SEVERE ] placing card 26 in slot 5
[16:22:53.467] [SEVERE ] placing card 74 in slot 6
[16:22:53.567] [SEVERE ] placing card 34 in slot 7
[16:22:53.640] [SEVERE ] setting player 4 freeze to 0
[16:22:53.640] [SEVERE ] player 4 placing token on slot 4
[16:22:53.641] [SEVERE ] setting player 4 freeze to 0
[16:22:53.641] [SEVERE ] player 4 placing token on slot 7
[16:22:53.645] [SEVERE ] player 4 placing token on slot 8
[16:22:53.653] [SEVERE ] setting player 4 freeze to 0
[16:22:53.653] [SEVERE ] removing player 4 token from slot 8
[16:22:53.658] [SEVERE ] player 4 placing token on slot 9
[16:22:53.658] [SEVERE ] removing player 4 token from slot 7
[16:22:53.664] [SEVERE ] setting player 4 freeze to 0
[16:22:53.665] [SEVERE ] player 4 placing token on slot 8
[16:22:53.667] [SEVERE ] placing card 38 in slot 8
[16:22:53.675] [SEVERE ] removing player 4 token from slot 4
[16:22:53.675] [SEVERE ] player 4 placing token on slot 6
[16:22:53.769] [SEVERE ] placing card 15 in slot 9
[16:22:53.869] [SEVERE ] placing card 23 in slot 10
[16:22:53.971] [SEVERE ] placing card 32 in slot 11
[16:22:53.983] [INFO   ] Thread Thread-17starting.
[16:22:53.993] [INFO   ] Thread Thread-18starting.
[16:22:54.001] [INFO   ] Thread Thread-19starting.
[16:22:54.009] [SEVERE ] updating countdown to 15000
[16:22:54.013] [INFO   ] Thread Thread-20starting.
[16:22:54.021] [INFO   ] Thread computer-0 starting.
[16:22:54.021] [SEVERE ] player 1 placing token on slot 7
[16:22:54.025] [SEVERE ] player 1 placing token on slot 1
[16:22:54.026] [SEVERE ] player 1 placing token on slot 4
[16:22:54.049] [INFO   ] Thread computer-2 starting.
[16:22:54.049] [SEVERE ] player 3 placing token on slot 8
[16:22:54.049] [SEVERE ] player 3 placing token on slot 3
[16:22:54.050] [SEVERE ] player 3 placing token on slot 4
[16:22:54.065] [INFO   ] Thread computer-1 starting.
[16:22:54.065] [SEVERE ] removing player 2 token from slot 3
[16:22:54.069] [SEVERE ] player 2 placing token on slot 2
[16:22:54.077] [INFO   ] Thread computer-3 starting.
[16:22:54.077] [SEVERE ] removing player 4 token from slot 8
[16:22:54.085] [SEVERE ] player 4 placing token on slot 3
[16:22:55.009] [SEVERE ] updating countdown to 14000
[16:22:55.013] [SEVERE ] setting player 3 freeze to 3000
[16:22:55.021] [SEVERE ] setting player 3 freeze to 3000
[16:22:55.021] [SEVERE ] setting player 3 freeze to 3000
[16:22:55.021] [SEVERE ] setting player 3 freeze to 3000
[16:22:55.037] [SEVERE ] setting player 3 freeze to 3000
[16:22:56.009] [SEVERE ] updating countdown to 13000
[16:22:56.013] [SEVERE ] setting player 3 freeze to 2000
[16:22:56.021] [SEVERE ] setting player 3 freeze to 2000
[16:22:56.022] [SEVERE ] setting player 3 freeze to 2000
[16:22:56.022] [SEVERE ] setting player 3 freeze to 2000
[16:22:56.037] [SEVERE ] setting player 3 freeze to 2000
[16:22:57.009] [SEVERE ] updating countdown to 12000
[16:22:57.013] [SEVERE ] setting player 3 freeze to 1000
[16:22:57.021] [SEVERE ] setting player 3 freeze to 1000
[16:22:57.023] [SEVERE ] setting player 3 freeze to 1000
[16:22:57.024] [SEVERE ] setting player 3 freeze to 1000
[16:22:57.037] [SEVERE ] setting player 3 freeze to 1000
[16:22:58.010] [SEVERE ] updating countdown to 10999
[16:22:58.013] [SEVERE ] setting player 3 freeze to 0
[16:22:58.013] [SEVERE ] removing player 3 token from slot 3
[16:22:58.015] [SEVERE ] player 3 placing token on slot 11
[16:22:58.015] [SEVERE ] removing player 3 token from slot 11
[16:22:58.016] [SEVERE ] player 3 placing token on slot 3
[16:22:58.016] [SEVERE ] removing player 3 token from slot 4
[16:22:58.017] [SEVERE ] player 3 placing token on slot 7
[16:22:58.017] [SEVERE ] removing player 3 token from slot 3
[16:22:58.018] [SEVERE ] player 3 placing token on slot 11
[16:22:58.021] [SEVERE ] setting player 3 freeze to 0
[16:22:58.023] [SEVERE ] setting player 3 freeze to 0
[16:22:58.024] [SEVERE ] setting player 3 freeze to 0
[16:22:58.037] [SEVERE ] setting player 3 freeze to 0
[16:22:59.010] [SEVERE ] setting player 1 freeze to 3000
[16:22:59.010] [SEVERE ] updating countdown to 9999
[16:22:59.017] [SEVERE ] setting player 1 freeze to 3000
[16:22:59.021] [SEVERE ] setting player 1 freeze to 3000
[16:22:59.010] [SEVERE ] setting player 1 freeze to 3000
[16:22:59.021] [SEVERE ] setting player 1 freeze to 3000
[16:23:00.010] [SEVERE ] setting player 1 freeze to 2000
[16:23:00.017] [SEVERE ] updating countdown to 8992
[16:23:00.018] [SEVERE ] setting player 1 freeze to 2000
[16:23:00.029] [SEVERE ] setting player 1 freeze to 2000
[16:23:00.029] [SEVERE ] setting player 1 freeze to 2000
[16:23:00.029] [SEVERE ] setting player 1 freeze to 2000
[16:23:01.010] [SEVERE ] setting player 1 freeze to 1000
[16:23:01.019] [SEVERE ] setting player 1 freeze to 1000
[16:23:01.021] [SEVERE ] updating countdown to 7988
[16:23:01.029] [SEVERE ] setting player 1 freeze to 1000
[16:23:01.030] [SEVERE ] setting player 1 freeze to 1000
[16:23:01.032] [SEVERE ] setting player 1 freeze to 1000
[16:23:02.011] [SEVERE ] setting player 1 freeze to 0
[16:23:02.011] [SEVERE ] removing player 1 token from slot 7
[16:23:02.019] [SEVERE ] setting player 1 freeze to 0
[16:23:02.021] [SEVERE ] removing player 1 token from slot 1
[16:23:02.023] [SEVERE ] player 1 placing token on slot 1
[16:23:02.024] [SEVERE ] player 1 placing token on slot 10
[16:23:02.025] [SEVERE ] removing player 1 token from slot 10
[16:23:02.026] [SEVERE ] player 1 placing token on slot 2
[16:23:02.028] [SEVERE ] updating countdown to 6981
[16:23:02.029] [SEVERE ] setting player 1 freeze to 3000
[16:23:02.030] [SEVERE ] setting player 1 freeze to 0
[16:23:02.032] [SEVERE ] setting player 1 freeze to 0
[16:23:02.028] [SEVERE ] setting player 1 freeze to 3000
[16:23:02.032] [SEVERE ] setting player 1 freeze to 0
[16:23:02.032] [SEVERE ] removing player 1 token from slot 2
[16:23:02.041] [SEVERE ] player 1 placing token on slot 7
[16:23:02.042] [SEVERE ] removing player 1 token from slot 7
[16:23:02.043] [SEVERE ] player 1 placing token on slot 7
[16:23:03.030] [SEVERE ] setting player 2 freeze to 3000
[16:23:03.030] [SEVERE ] updating countdown to 5979
[16:23:03.031] [SEVERE ] setting player 1 freeze to 2000
[16:23:03.031] [SEVERE ] setting player 2 freeze to 3000
[16:23:03.035] [SEVERE ] setting player 1 freeze to 2000
[16:23:03.030] [SEVERE ] setting player 2 freeze to 3000
[16:23:03.045] [SEVERE ] setting player 2 freeze to 3000
[16:23:03.057] [SEVERE ] setting player 2 freeze to 3000
[16:23:04.030] [SEVERE ] setting player 2 freeze to 2000
[16:23:04.033] [SEVERE ] setting player 1 freeze to 1000
[16:23:04.035] [SEVERE ] setting player 2 freeze to 2000
[16:23:04.036] [SEVERE ] setting player 1 freeze to 1000
[16:23:04.041] [SEVERE ] setting player 2 freeze to 2000
[16:23:04.045] [SEVERE ] setting player 2 freeze to 2000
[16:23:04.057] [SEVERE ] setting player 2 freeze to 2000
[16:23:04.063] [SEVERE ] setting player 4 freeze to 3000
[16:23:04.065] [SEVERE ] setting player 4 freeze to 3000
[16:23:04.066] [SEVERE ] setting player 4 freeze to 3000
[16:23:04.067] [SEVERE ] setting player 4 freeze to 3000
[16:23:04.073] [SEVERE ] setting player 4 freeze to 3000
[16:23:04.104] [SEVERE ] setting player 1 freeze to 3000
[16:23:04.105] [SEVERE ] setting player 1 freeze to 3000
[16:23:04.114] [SEVERE ] setting player 3 freeze to 3000
[16:23:04.114] [SEVERE ] setting player 3 freeze to 3000
[16:23:04.114] [SEVERE ] setting player 3 freeze to 3000
[16:23:04.114] [SEVERE ] setting player 3 freeze to 3000
[16:23:04.114] [SEVERE ] setting player 1 freeze to 3000
[16:23:04.114] [SEVERE ] setting player 3 freeze to 3000
[16:23:05.030] [SEVERE ] setting player 2 freeze to 1000
[16:23:05.033] [SEVERE ] setting player 1 freeze to 0
[16:23:05.033] [SEVERE ] removing player 1 token from slot 1
[16:23:05.041] [SEVERE ] setting player 2 freeze to 1000
[16:23:05.036] [SEVERE ] setting player 1 freeze to 0
[16:23:05.035] [SEVERE ] setting player 2 freeze to 1000
[16:23:05.041] [SEVERE ] player 1 placing token on slot 11
[16:23:05.046] [SEVERE ] setting player 2 freeze to 1000
[16:23:05.046] [SEVERE ] removing player 1 token from slot 11
[16:23:05.048] [SEVERE ] player 1 placing token on slot 9
[16:23:05.049] [SEVERE ] removing player 1 token from slot 9
[16:23:05.050] [SEVERE ] player 1 placing token on slot 1
[16:23:05.050] [SEVERE ] removing player 1 token from slot 4
[16:23:05.050] [SEVERE ] player 1 placing token on slot 3
[16:23:05.053] [SEVERE ] removing player 1 token from slot 1
[16:23:05.053] [SEVERE ] player 1 placing token on slot 6
[16:23:05.054] [SEVERE ] setting player 1 freeze to 3000
[16:23:05.054] [SEVERE ] setting player 1 freeze to 3000
[16:23:05.057] [SEVERE ] setting player 2 freeze to 1000
[16:23:05.063] [SEVERE ] setting player 4 freeze to 2000
[16:23:05.066] [SEVERE ] setting player 4 freeze to 2000
[16:23:05.066] [SEVERE ] setting player 4 freeze to 2000
[16:23:05.067] [SEVERE ] setting player 4 freeze to 2000
[16:23:05.073] [SEVERE ] setting player 4 freeze to 2000
[16:23:05.105] [SEVERE ] setting player 1 freeze to 2000
[16:23:05.113] [SEVERE ] setting player 1 freeze to 2000
[16:23:05.114] [SEVERE ] setting player 3 freeze to 2000
[16:23:05.115] [SEVERE ] setting player 3 freeze to 2000
[16:23:05.116] [SEVERE ] setting player 1 freeze to 2000
[16:23:05.115] [SEVERE ] setting player 3 freeze to 2000
[16:23:05.115] [SEVERE ] setting player 3 freeze to 2000
[16:23:05.116] [SEVERE ] setting player 3 freeze to 2000
[16:23:06.037] [SEVERE ] setting player 2 freeze to 0
[16:23:06.037] [SEVERE ] removing player 2 token from slot 7
[16:23:06.038] [SEVERE ] removing player 2 token from slot 2
[16:23:06.040] [SEVERE ] player 2 placing token on slot 7
[16:23:06.044] [SEVERE ] player 2 placing token on slot 9
[16:23:06.043] [SEVERE ] setting player 2 freeze to 0
[16:23:06.049] [SEVERE ] removing player 2 token from slot 7
[16:23:06.050] [SEVERE ] player 2 placing token on slot 1
[16:23:06.050] [SEVERE ] removing player 2 token from slot 1
[16:23:06.047] [SEVERE ] setting player 2 freeze to 0
[16:23:06.045] [SEVERE ] setting player 2 freeze to 0
[16:23:06.051] [SEVERE ] player 2 placing token on slot 7
[16:23:06.056] [SEVERE ] setting player 2 freeze to 3000
[16:23:06.056] [SEVERE ] setting player 2 freeze to 3000
[16:23:06.057] [SEVERE ] setting player 1 freeze to 2000
[16:23:06.056] [SEVERE ] setting player 1 freeze to 2000
[16:23:06.056] [SEVERE ] setting player 2 freeze to 3000
[16:23:06.056] [SEVERE ] setting player 2 freeze to 3000
[16:23:06.057] [SEVERE ] setting player 2 freeze to 0
[16:23:06.061] [SEVERE ] removing player 2 token from slot 5
[16:23:06.061] [SEVERE ] player 2 placing token on slot 5
[16:23:06.063] [SEVERE ] setting player 4 freeze to 1000
[16:23:06.065] [SEVERE ] removing player 2 token from slot 5
[16:23:06.066] [SEVERE ] player 2 placing token on slot 6
[16:23:06.066] [SEVERE ] setting player 4 freeze to 1000
[16:23:06.067] [SEVERE ] setting player 4 freeze to 1000
[16:23:06.066] [SEVERE ] setting player 2 freeze to 3000
[16:23:06.073] [SEVERE ] setting player 4 freeze to 1000
[16:23:06.074] [SEVERE ] setting player 4 freeze to 1000
[16:23:06.105] [SEVERE ] setting player 1 freeze to 1000
[16:23:06.113] [SEVERE ] setting player 1 freeze to 1000
[16:23:06.114] [SEVERE ] setting player 3 freeze to 1000
[16:23:06.116] [SEVERE ] setting player 3 freeze to 1000
[16:23:06.117] [SEVERE ] setting player 1 freeze to 1000
[16:23:06.118] [SEVERE ] setting player 3 freeze to 1000
[16:23:06.127] [SEVERE ] setting player 3 freeze to 1000
[16:23:06.127] [SEVERE ] setting player 3 freeze to 1000
[16:23:07.056] [SEVERE ] setting player 2 freeze to 2000
[16:23:07.057] [SEVERE ] setting player 2 freeze to 2000
[16:23:07.057] [SEVERE ] setting player 1 freeze to 1000
[16:23:07.058] [SEVERE ] setting player 1 freeze to 1000
[16:23:07.058] [SEVERE ] setting player 2 freeze to 2000
[16:23:07.059] [SEVERE ] setting player 2 freeze to 2000
[16:23:07.065] [SEVERE ] setting player 4 freeze to 0
[16:23:07.065] [SEVERE ] removing player 4 token from slot 9
[16:23:07.067] [SEVERE ] removing player 4 token from slot 3
[16:23:07.067] [SEVERE ] setting player 4 freeze to 0
[16:23:07.074] [SEVERE ] setting player 4 freeze to 0
[16:23:07.073] [SEVERE ] player 4 placing token on slot 3
[16:23:07.073] [SEVERE ] setting player 4 freeze to 0
[16:23:07.070] [SEVERE ] setting player 2 freeze to 2000
[16:23:07.068] [SEVERE ] setting player 4 freeze to 0
[16:23:07.081] [SEVERE ] player 4 placing token on slot 4
[16:23:07.093] [SEVERE ] removing player 4 token from slot 4
[16:23:07.097] [SEVERE ] player 4 placing token on slot 1
[16:23:07.097] [SEVERE ] removing player 4 token from slot 1
[16:23:07.098] [SEVERE ] player 4 placing token on slot 8
[16:23:07.100] [SEVERE ] setting player 4 freeze to 3000
[16:23:07.100] [SEVERE ] setting player 4 freeze to 3000
[16:23:07.105] [SEVERE ] setting player 4 freeze to 3000
[16:23:07.106] [SEVERE ] setting player 1 freeze to 0
[16:23:07.106] [SEVERE ] removing player 1 token from slot 7
[16:23:07.108] [SEVERE ] player 1 placing token on slot 10
[16:23:07.109] [SEVERE ] setting player 4 freeze to 3000
[16:23:07.109] [SEVERE ] setting player 4 freeze to 3000
[16:23:07.110] [SEVERE ] removing player 1 token from slot 6
[16:23:07.112] [SEVERE ] removing player 1 token from slot 3
[16:23:07.112] [SEVERE ] player 1 placing token on slot 3
[16:23:07.113] [SEVERE ] player 1 placing token on slot 6
[16:23:07.113] [SEVERE ] setting player 1 freeze to 0
[16:23:07.115] [SEVERE ] setting player 3 freeze to 0
[16:23:07.117] [SEVERE ] setting player 3 freeze to 0
[16:23:07.113] [SEVERE ] removing player 1 token from slot 10
[16:23:07.117] [SEVERE ] removing player 1 token from slot 3
[16:23:07.118] [SEVERE ] player 1 placing token on slot 10
[16:23:07.118] [SEVERE ] setting player 1 freeze to 0
[16:23:07.118] [SEVERE ] removing player 1 token from slot 6
[16:23:07.119] [SEVERE ] player 1 placing token on slot 8
[16:23:07.119] [SEVERE ] player 1 placing token on slot 7
[16:23:07.119] [SEVERE ] setting player 3 freeze to 0
[16:23:07.120] [SEVERE ] removing player 1 token from slot 10
[16:23:07.121] [SEVERE ] player 1 placing token on slot 10
[16:23:07.121] [SEVERE ] removing player 1 token from slot 10
[16:23:07.121] [SEVERE ] player 1 placing token on slot 3
[16:23:07.130] [SEVERE ] setting player 1 freeze to 3000
[16:23:07.130] [SEVERE ] setting player 3 freeze to 0
[16:23:07.130] [SEVERE ] setting player 3 freeze to 0
[16:23:07.130] [SEVERE ] setting player 1 freeze to 3000
[16:23:07.130] [SEVERE ] setting player 1 freeze to 3000
[16:23:07.141] [SEVERE ] removing player 3 token from slot 8
[16:23:07.141] [SEVERE ] removing player 3 token from slot 11
[16:23:07.142] [SEVERE ] player 3 placing token on slot 8
[16:23:07.142] [SEVERE ] player 3 placing token on slot 10
[16:23:07.157] [SEVERE ] removing player 3 token from slot 10
[16:23:07.157] [SEVERE ] removing player 3 token from slot 8
[16:23:07.158] [SEVERE ] player 3 placing token on slot 1
[16:23:07.171] [SEVERE ] player 3 placing token on slot 8
[16:23:07.171] [SEVERE ] removing player 3 token from slot 7
[16:23:07.173] [SEVERE ] player 3 placing token on slot 7
[16:23:07.173] [SEVERE ] removing player 3 token from slot 7
[16:23:07.173] [SEVERE ] player 3 placing token on slot 2
[16:23:07.174] [SEVERE ] removing player 3 token from slot 1
[16:23:07.174] [SEVERE ] player 3 placing token on slot 3
[16:23:07.180] [SEVERE ] setting player 3 freeze to 3000
[16:23:07.180] [SEVERE ] setting player 3 freeze to 3000
[16:23:07.185] [SEVERE ] setting player 3 freeze to 3000
[16:23:07.185] [SEVERE ] setting player 3 freeze to 3000
[16:23:07.189] [SEVERE ] setting player 3 freeze to 3000
[16:23:08.056] [SEVERE ] setting player 2 freeze to 1000
[16:23:08.057] [SEVERE ] setting player 2 freeze to 1000
[16:23:08.058] [SEVERE ] setting player 1 freeze to 0
[16:23:08.058] [SEVERE ] removing player 1 token from slot 7
[16:23:08.058] [SEVERE ] setting player 1 freeze to 0
[16:23:08.059] [SEVERE ] setting player 2 freeze to 1000
[16:23:08.059] [SEVERE ] player 1 placing token on slot 10
[16:23:08.059] [SEVERE ] setting player 2 freeze to 1000
[16:23:08.060] [SEVERE ] removing player 1 token from slot 3
[16:23:08.061] [SEVERE ] player 1 placing token on slot 7
[16:23:08.062] [SEVERE ] removing player 1 token from slot 7
[16:23:08.063] [SEVERE ] player 1 placing token on slot 2
[16:23:08.069] [SEVERE ] removing player 1 token from slot 10
[16:23:08.069] [SEVERE ] player 1 placing token on slot 6
[16:23:08.070] [SEVERE ] removing player 1 token from slot 6
[16:23:08.071] [SEVERE ] removing player 1 token from slot 8
[16:23:08.072] [SEVERE ] player 1 placing token on slot 11
[16:23:08.073] [SEVERE ] player 1 placing token on slot 10
[16:23:08.075] [SEVERE ] setting player 1 freeze to 3000
[16:23:08.075] [SEVERE ] setting player 1 freeze to 3000
[16:23:08.085] [SEVERE ] setting player 2 freeze to 1000
[16:23:08.101] [SEVERE ] setting player 4 freeze to 2000
[16:23:08.102] [SEVERE ] setting player 4 freeze to 2000
[16:23:08.110] [SEVERE ] setting player 4 freeze to 2000
[16:23:08.111] [SEVERE ] setting player 4 freeze to 2000
[16:23:08.117] [SEVERE ] setting player 4 freeze to 2000
[16:23:08.130] [SEVERE ] setting player 1 freeze to 2000
[16:23:08.131] [SEVERE ] setting player 1 freeze to 2000
[16:23:08.135] [SEVERE ] setting player 1 freeze to 2000
[16:23:08.181] [SEVERE ] setting player 3 freeze to 2000
[16:23:08.181] [SEVERE ] setting player 3 freeze to 2000
[16:23:08.185] [SEVERE ] setting player 3 freeze to 2000
[16:23:08.186] [SEVERE ] setting player 3 freeze to 2000
[16:23:08.189] [SEVERE ] setting player 3 freeze to 2000
[16:23:09.056] [SEVERE ] setting player 2 freeze to 0
[16:23:09.057] [SEVERE ] removing player 2 token from slot 6
[16:23:09.057] [SEVERE ] removing player 2 token from slot 9
[16:23:09.057] [SEVERE ] setting player 2 freeze to 0
[16:23:09.058] [SEVERE ] player 2 placing token on slot 3
[16:23:09.059] [SEVERE ] player 2 placing token on slot 5
[16:23:09.060] [SEVERE ] setting player 2 freeze to 0
[16:23:09.061] [SEVERE ] removing player 2 token from slot 3
[16:23:09.062] [SEVERE ] player 2 placing token on slot 4
[16:23:09.065] [SEVERE ] removing player 2 token from slot 5
[16:23:09.065] [SEVERE ] player 2 placing token on slot 1
[16:23:09.061] [SEVERE ] setting player 2 freeze to 0
[16:23:09.071] [SEVERE ] removing player 2 token from slot 4
[16:23:09.072] [SEVERE ] player 2 placing token on slot 8
[16:23:09.072] [SEVERE ] removing player 2 token from slot 7
[16:23:09.073] [SEVERE ] player 2 placing token on slot 2
[16:23:09.076] [SEVERE ] setting player 1 freeze to 2000
[16:23:09.077] [SEVERE ] setting player 1 freeze to 2000
[16:23:09.085] [SEVERE ] setting player 2 freeze to 0
[16:23:09.101] [SEVERE ] setting player 4 freeze to 1000
[16:23:09.102] [SEVERE ] setting player 4 freeze to 1000
[16:23:09.110] [SEVERE ] setting player 4 freeze to 1000
[16:23:09.111] [SEVERE ] setting player 4 freeze to 1000
[16:23:09.118] [SEVERE ] setting player 4 freeze to 1000
[16:23:09.130] [SEVERE ] setting player 1 freeze to 1000
[16:23:09.132] [SEVERE ] setting player 1 freeze to 1000
[16:23:09.136] [SEVERE ] setting player 1 freeze to 1000
[16:23:09.181] [SEVERE ] setting player 3 freeze to 1000
[16:23:09.182] [SEVERE ] setting player 3 freeze to 1000
[16:23:09.186] [SEVERE ] setting player 3 freeze to 1000
[16:23:09.187] [SEVERE ] setting player 3 freeze to 1000
[16:23:09.189] [SEVERE ] setting player 3 freeze to 1000
[16:23:10.076] [SEVERE ] setting player 1 freeze to 1000
[16:23:10.077] [SEVERE ] setting player 1 freeze to 1000
[16:23:10.101] [SEVERE ] setting player 4 freeze to 0
[16:23:10.101] [SEVERE ] removing player 4 token from slot 8
[16:23:10.102] [SEVERE ] player 4 placing token on slot 8
[16:23:10.104] [SEVERE ] setting player 4 freeze to 0
[16:23:10.108] [SEVERE ] removing player 4 token from slot 6
[16:23:10.108] [SEVERE ] player 4 placing token on slot 1
[16:23:10.109] [SEVERE ] removing player 4 token from slot 3
[16:23:10.109] [SEVERE ] removing player 4 token from slot 8
[16:23:10.110] [SEVERE ] player 4 placing token on slot 10
[16:23:10.110] [SEVERE ] player 4 placing token on slot 2
[16:23:10.110] [SEVERE ] setting player 4 freeze to 0
[16:23:10.111] [SEVERE ] removing player 4 token from slot 2
[16:23:10.112] [SEVERE ] setting player 4 freeze to 0
[16:23:10.118] [SEVERE ] setting player 4 freeze to 0
[16:23:10.112] [SEVERE ] player 4 placing token on slot 2
[16:23:10.125] [SEVERE ] removing player 4 token from slot 10
[16:23:10.126] [SEVERE ] player 4 placing token on slot 10
[16:23:10.130] [SEVERE ] setting player 1 freeze to 0
[16:23:10.132] [SEVERE ] setting player 1 freeze to 0
[16:23:10.136] [SEVERE ] setting player 1 freeze to 0
[16:23:10.181] [SEVERE ] setting player 3 freeze to 0
[16:23:10.181] [SEVERE ] removing player 3 token from slot 3
[16:23:10.182] [SEVERE ] player 3 placing token on slot 10
[16:23:10.182] [SEVERE ] removing player 3 token from slot 10
[16:23:10.182] [SEVERE ] player 3 placing token on slot 10
[16:23:10.182] [SEVERE ] setting player 3 freeze to 0
[16:23:10.183] [SEVERE ] removing player 3 token from slot 10
[16:23:10.184] [SEVERE ] removing player 3 token from slot 8
[16:23:10.184] [SEVERE ] player 3 placing token on slot 7
[16:23:10.185] [SEVERE ] removing player 3 token from slot 7
[16:23:10.186] [SEVERE ] removing player 3 token from slot 2
[16:23:10.187] [SEVERE ] setting player 3 freeze to 0
[16:23:10.189] [SEVERE ] setting player 3 freeze to 0
[16:23:10.188] [SEVERE ] setting player 3 freeze to 0
[16:23:10.187] [SEVERE ] player 3 placing token on slot 11
[16:23:10.194] [SEVERE ] player 3 placing token on slot 5
[16:23:10.195] [SEVERE ] player 3 placing token on slot 7
[16:23:10.197] [SEVERE ] removing player 3 token from slot 11
[16:23:10.198] [SEVERE ] removing player 3 token from slot 7
[16:23:10.199] [SEVERE ] player 3 placing token on slot 3
[16:23:10.201] [SEVERE ] player 3 placing token on slot 4
[16:23:10.207] [SEVERE ] removing player 3 token from slot 3
[16:23:10.208] [SEVERE ] player 3 placing token on slot 11
[16:23:11.076] [SEVERE ] setting player 1 freeze to 0
[16:23:11.077] [SEVERE ] setting player 1 freeze to 0
[16:23:26.334] [SEVERE ] removing player 1 token from slot 2
[16:23:26.334] [SEVERE ] removing player 1 token from slot 2
[16:23:26.336] [SEVERE ] removing player 1 token from slot 2
[16:23:26.334] [SEVERE ] removing player 1 token from slot 2
[16:23:26.336] [SEVERE ] removing player 1 token from slot 2
[16:23:26.336] [SEVERE ] removing player 1 token from slot 2
[16:23:26.335] [SEVERE ] removing player 1 token from slot 2
[16:23:26.334] [SEVERE ] removing player 1 token from slot 2
[16:23:26.341] [SEVERE ] removing player 1 token from slot 2
[16:23:26.341] [SEVERE ] removing player 1 token from slot 2
[16:23:26.341] [SEVERE ] removing player 1 token from slot 2
[16:23:26.341] [SEVERE ] removing player 1 token from slot 2
[16:23:26.377] [SEVERE ] removing player 1 token from slot 2
[16:23:26.377] [SEVERE ] removing player 1 token from slot 2
[16:23:26.377] [SEVERE ] removing player 1 token from slot 2
[16:23:27.336] [SEVERE ] setting player 1 score to 5
[16:23:27.336] [SEVERE ] setting player 1 freeze to 1000
[16:23:27.336] [SEVERE ] setting player 1 score to 5
[16:23:27.337] [SEVERE ] setting player 1 freeze to 0
[16:23:27.341] [SEVERE ] setting player 1 score to 5
[16:23:27.341] [SEVERE ] setting player 1 score to 5
[16:23:27.342] [SEVERE ] setting player 1 freeze to 1000
[16:23:27.343] [SEVERE ] setting player 1 freeze to 0
[16:23:27.338] [SEVERE ] setting player 1 freeze to 1000
[16:23:27.345] [SEVERE ] setting player 1 freeze to 0
[16:23:27.341] [SEVERE ] setting player 1 freeze to 1000
[16:23:27.349] [SEVERE ] setting player 1 freeze to 0
[16:23:27.377] [SEVERE ] setting player 1 score to 5
[16:23:27.377] [SEVERE ] setting player 1 freeze to 1000
[16:23:27.379] [SEVERE ] setting player 1 freeze to 0
[16:23:32.593] [SEVERE ] removing player 1 token from slot 11
[16:23:32.593] [SEVERE ] player 1 placing token on slot 8
[16:23:32.595] [SEVERE ] removing player 1 token from slot 2
[16:23:32.597] [SEVERE ] player 1 placing token on slot 1
[16:23:34.514] [SEVERE ] updating countdown to 15000
[16:23:34.993] [SEVERE ] removing player 1 token from slot 1
[16:23:35.102] [SEVERE ] removing card from slot 1
[16:23:35.111] [SEVERE ] removing player 1 token from slot 8
[16:23:35.219] [SEVERE ] removing card from slot 8
[16:23:35.225] [SEVERE ] removing player 1 token from slot 10
[16:23:35.333] [SEVERE ] removing card from slot 10
[16:23:35.339] [SEVERE ] removing player 1 token from slot 1
[16:23:35.343] [SEVERE ] removing player 2 token from slot 1
[16:23:35.360] [SEVERE ] removing player 4 token from slot 1
[16:23:35.392] [SEVERE ] removing player 1 token from slot 8
[16:23:35.405] [SEVERE ] removing player 2 token from slot 8
[16:23:35.423] [SEVERE ] removing player 1 token from slot 10
[16:23:35.438] [SEVERE ] removing player 4 token from slot 10
[16:23:36.156] [SEVERE ] placing card 73 in slot 1
[16:23:36.261] [SEVERE ] placing card 29 in slot 8
[16:23:36.367] [SEVERE ] placing card 80 in slot 10
[16:23:37.915] [SEVERE ] updating countdown to 15000
[16:23:38.476] [SEVERE ] removing card from slot 0
[16:23:38.582] [SEVERE ] removing card from slot 1
[16:23:38.690] [SEVERE ] removing card from slot 2
[16:23:38.797] [SEVERE ] removing card from slot 3
[16:23:38.905] [SEVERE ] removing card from slot 4
[16:23:39.010] [SEVERE ] removing card from slot 5
[16:23:39.116] [SEVERE ] removing card from slot 6
[16:23:39.224] [SEVERE ] removing card from slot 7
[16:23:39.329] [SEVERE ] removing card from slot 8
[16:23:39.434] [SEVERE ] removing card from slot 9
[16:23:39.540] [SEVERE ] removing card from slot 10
[16:23:39.645] [SEVERE ] removing card from slot 11
[16:23:39.650] [SEVERE ] removing all tokens
[16:24:13.986] [SEVERE ] placing card 3 in slot 0
[16:24:14.086] [SEVERE ] placing card 19 in slot 1
[16:24:14.187] [SEVERE ] placing card 69 in slot 2
[16:24:14.287] [SEVERE ] placing card 17 in slot 3
[16:24:14.387] [SEVERE ] placing card 39 in slot 4
[16:24:14.488] [SEVERE ] placing card 59 in slot 5
[16:24:14.588] [SEVERE ] placing card 24 in slot 6
[16:24:14.688] [SEVERE ] placing card 48 in slot 7
[16:24:14.789] [SEVERE ] placing card 50 in slot 8
[16:24:14.889] [SEVERE ] placing card 79 in slot 9
[16:24:14.989] [SEVERE ] placing card 44 in slot 10
[16:24:15.090] [SEVERE ] placing card 30 in slot 11
[16:24:15.097] [INFO   ] Thread Thread-21starting.
[16:24:15.106] [INFO   ] Thread Thread-22starting.
[16:24:15.133] [INFO   ] Thread computer-0 starting.
[16:24:15.133] [SEVERE ] player 1 placing token on slot 2
[16:24:15.137] [SEVERE ] player 1 placing token on slot 8
[16:24:15.137] [SEVERE ] removing player 1 token from slot 8
[16:24:15.139] [SEVERE ] player 1 placing token on slot 4
[16:24:15.140] [SEVERE ] player 1 placing token on slot 8
[16:24:15.166] [INFO   ] Thread computer-1 starting.
[16:24:15.166] [SEVERE ] player 2 placing token on slot 6
[16:24:15.167] [SEVERE ] player 2 placing token on slot 8
[16:24:15.168] [SEVERE ] player 2 placing token on slot 10
[16:24:15.172] [INFO   ] Thread Thread-23starting.
[16:24:15.185] [SEVERE ] updating countdown to 15000
[16:24:15.185] [INFO   ] Thread Thread-24starting.
[16:24:15.193] [INFO   ] Thread computer-2 starting.
[16:24:15.193] [SEVERE ] player 3 placing token on slot 1
[16:24:15.196] [SEVERE ] removing player 3 token from slot 1
[16:24:15.202] [SEVERE ] player 3 placing token on slot 9
[16:24:15.203] [SEVERE ] player 3 placing token on slot 1
[16:24:15.205] [SEVERE ] player 3 placing token on slot 6
[16:24:15.205] [INFO   ] Thread computer-3 starting.
[16:24:15.207] [SEVERE ] player 4 placing token on slot 6
[16:24:15.208] [SEVERE ] player 4 placing token on slot 2
[16:24:15.208] [SEVERE ] player 4 placing token on slot 1
[16:24:16.185] [SEVERE ] updating countdown to 14000
[16:24:16.203] [SEVERE ] setting player 1 freeze to 3000
[16:24:16.245] [SEVERE ] setting player 1 freeze to 3000
[16:24:16.245] [SEVERE ] setting player 1 freeze to 3000
[16:24:16.245] [SEVERE ] setting player 1 freeze to 3000
[16:24:16.252] [SEVERE ] setting player 1 freeze to 3000
[16:24:16.253] [SEVERE ] setting player 1 freeze to 3000
[16:24:17.185] [SEVERE ] updating countdown to 13000
[16:24:17.203] [SEVERE ] setting player 1 freeze to 2000
[16:24:17.245] [SEVERE ] setting player 1 freeze to 2000
[16:24:17.246] [SEVERE ] setting player 1 freeze to 2000
[16:24:17.247] [SEVERE ] setting player 1 freeze to 2000
[16:24:17.252] [SEVERE ] setting player 1 freeze to 2000
[16:24:17.254] [SEVERE ] setting player 1 freeze to 2000
[16:24:18.241] [SEVERE ] setting player 1 freeze to 1000
[16:24:18.241] [SEVERE ] updating countdown to 11944
[16:24:18.245] [SEVERE ] setting player 1 freeze to 1000
[16:24:18.247] [SEVERE ] setting player 1 freeze to 1000
[16:24:18.248] [SEVERE ] setting player 1 freeze to 1000
[16:24:18.252] [SEVERE ] setting player 1 freeze to 1000
[16:24:18.254] [SEVERE ] setting player 1 freeze to 1000
[16:24:19.241] [SEVERE ] setting player 1 freeze to 0
[16:24:19.241] [SEVERE ] removing player 1 token from slot 8
[16:24:19.242] [SEVERE ] removing player 1 token from slot 2
[16:24:19.242] [SEVERE ] player 1 placing token on slot 8
[16:24:19.243] [SEVERE ] player 1 placing token on slot 9
[16:24:19.244] [SEVERE ] removing player 1 token from slot 4
[16:24:19.244] [SEVERE ] player 1 placing token on slot 5
[16:24:19.244] [SEVERE ] setting player 2 freeze to 3000
[16:24:19.245] [SEVERE ] setting player 1 freeze to 0
[16:24:19.246] [SEVERE ] setting player 2 freeze to 3000
[16:24:19.247] [SEVERE ] setting player 1 freeze to 0
[16:24:19.243] [SEVERE ] updating countdown to 10942
[16:24:19.249] [SEVERE ] setting player 1 freeze to 0
[16:24:19.252] [SEVERE ] setting player 1 freeze to 0
[16:24:19.254] [SEVERE ] setting player 1 freeze to 0
[16:24:19.243] [SEVERE ] setting player 2 freeze to 3000
[16:24:19.245] [SEVERE ] setting player 2 freeze to 3000
[16:24:19.245] [SEVERE ] removing player 1 token from slot 9
[16:24:19.270] [SEVERE ] player 1 placing token on slot 7
[16:24:19.243] [SEVERE ] setting player 2 freeze to 3000
[16:24:19.277] [SEVERE ] setting player 2 freeze to 3000
[16:24:20.245] [SEVERE ] setting player 2 freeze to 2000
[16:24:20.246] [SEVERE ] setting player 2 freeze to 2000
[16:24:20.248] [SEVERE ] updating countdown to 9937
[16:24:20.265] [SEVERE ] setting player 2 freeze to 2000
[16:24:20.269] [SEVERE ] setting player 2 freeze to 2000
[16:24:20.271] [SEVERE ] setting player 2 freeze to 2000
[16:24:20.277] [SEVERE ] setting player 2 freeze to 2000
[16:24:21.245] [SEVERE ] setting player 2 freeze to 1000
[16:24:21.246] [SEVERE ] setting player 2 freeze to 1000
[16:24:21.262] [SEVERE ] updating countdown to 8923
[16:24:21.265] [SEVERE ] setting player 2 freeze to 1000
[16:24:21.269] [SEVERE ] setting player 2 freeze to 1000
[16:24:21.271] [SEVERE ] setting player 2 freeze to 1000
[16:24:21.277] [SEVERE ] setting player 2 freeze to 1000
[16:24:22.245] [SEVERE ] setting player 2 freeze to 0
[16:24:22.246] [SEVERE ] removing player 2 token from slot 10
[16:24:22.247] [SEVERE ] setting player 2 freeze to 0
[16:24:22.249] [SEVERE ] player 2 placing token on slot 10
[16:24:22.250] [SEVERE ] removing player 2 token from slot 6
[16:24:22.251] [SEVERE ] player 2 placing token on slot 9
[16:24:22.253] [SEVERE ] removing player 2 token from slot 8
[16:24:22.265] [SEVERE ] setting player 2 freeze to 0
[16:24:22.269] [SEVERE ] setting player 2 freeze to 0
[16:24:22.271] [SEVERE ] setting player 2 freeze to 0
[16:24:22.277] [SEVERE ] removing player 2 token from slot 9
[16:24:22.277] [SEVERE ] setting player 2 freeze to 0
[16:24:22.277] [SEVERE ] player 2 placing token on slot 6
[16:24:22.281] [SEVERE ] player 2 placing token on slot 8
[16:24:22.285] [SEVERE ] setting player 2 freeze to 3000
[16:24:22.285] [SEVERE ] setting player 2 freeze to 3000
[16:24:22.285] [SEVERE ] updating countdown to 7900
[16:24:22.293] [SEVERE ] setting player 2 freeze to 3000
[16:24:22.293] [SEVERE ] setting player 2 freeze to 3000
[16:24:22.285] [SEVERE ] setting player 2 freeze to 3000
[16:24:22.301] [SEVERE ] setting player 2 freeze to 3000
