[19:43:20.364] [INFO   ] thread main starting.
[19:43:20.370] [SEVERE ] cannot read configuration file config.properties trying from resources.
[19:43:20.372] [SEVERE ] configuration file was loaded from resources directory.
[19:43:20.759] [INFO   ] thread dealer starting.
[19:43:20.760] [INFO   ] Thread dealer starting.
[19:43:20.866] [SEVERE ] placing card 15 in slot 0
[19:43:20.966] [SEVERE ] placing card 38 in slot 1
[19:43:21.067] [SEVERE ] placing card 46 in slot 2
[19:43:21.168] [SEVERE ] placing card 23 in slot 3
[19:43:21.269] [SEVERE ] placing card 52 in slot 4
[19:43:21.370] [SEVERE ] placing card 9 in slot 5
[19:43:21.471] [SEVERE ] placing card 24 in slot 6
[19:43:21.571] [SEVERE ] placing card 80 in slot 7
[19:43:21.672] [SEVERE ] placing card 32 in slot 8
[19:43:21.773] [SEVERE ] placing card 60 in slot 9
[19:43:21.874] [SEVERE ] placing card 48 in slot 10
[19:43:21.975] [SEVERE ] placing card 20 in slot 11
[19:43:21.975] [INFO   ] Thread Thread-1starting.
[19:43:21.976] [INFO   ] Thread Thread-4starting.
[19:43:21.976] [SEVERE ] updating countdown to 5000
[19:43:21.977] [INFO   ] Thread computer-0 starting.
[19:43:21.975] [INFO   ] Thread Thread-3starting.
[19:43:21.975] [INFO   ] Thread Thread-2starting.
[19:43:21.978] [INFO   ] Thread computer-2 starting.
[19:43:21.978] [SEVERE ] player 1 placing token on slot 5
[19:43:21.979] [INFO   ] Thread computer-1 starting.
[19:43:21.980] [SEVERE ] player 2 placing token on slot 8
[19:43:21.980] [SEVERE ] player 3 placing token on slot 5
[19:43:21.981] [SEVERE ] player 2 placing token on slot 1
[19:43:21.980] [SEVERE ] player 1 placing token on slot 4
[19:43:21.980] [INFO   ] Thread computer-3 starting.
[19:43:21.982] [SEVERE ] player 1 placing token on slot 11
[19:43:21.982] [SEVERE ] player 2 placing token on slot 7
[19:43:21.981] [SEVERE ] player 3 placing token on slot 4
[19:43:21.984] [SEVERE ] removing player 3 token from slot 4
[19:43:21.984] [SEVERE ] player 3 placing token on slot 10
[19:43:21.985] [SEVERE ] player 3 placing token on slot 11
[19:43:21.983] [SEVERE ] player 4 placing token on slot 6
[19:43:21.986] [SEVERE ] player 4 placing token on slot 4
[19:43:21.986] [SEVERE ] removing player 4 token from slot 4
[19:43:21.987] [SEVERE ] removing player 4 token from slot 6
[19:43:21.987] [SEVERE ] player 4 placing token on slot 2
[19:43:21.987] [SEVERE ] player 4 placing token on slot 1
[19:43:21.987] [SEVERE ] player 4 placing token on slot 3
[19:43:21.988] [SEVERE ] setting player 1 freeze to 0
[19:43:21.989] [SEVERE ] setting player 1 freeze to 0
[19:43:21.989] [SEVERE ] setting player 1 freeze to 0
[19:43:21.990] [SEVERE ] setting player 1 freeze to 0
[19:43:21.990] [SEVERE ] removing player 1 token from slot 4
[19:43:21.991] [SEVERE ] player 1 placing token on slot 1
[19:43:21.999] [SEVERE ] setting player 2 freeze to 0
[19:43:22.000] [SEVERE ] setting player 2 freeze to 0
[19:43:22.001] [SEVERE ] setting player 2 freeze to 0
[19:43:22.002] [SEVERE ] setting player 2 freeze to 0
[19:43:22.002] [SEVERE ] removing player 2 token from slot 8
[19:43:22.002] [SEVERE ] player 2 placing token on slot 9
[19:43:22.009] [SEVERE ] setting player 3 freeze to 0
[19:43:22.010] [SEVERE ] setting player 3 freeze to 0
[19:43:22.010] [SEVERE ] setting player 3 freeze to 0
[19:43:22.011] [SEVERE ] setting player 3 freeze to 0
[19:43:22.011] [SEVERE ] removing player 3 token from slot 5
[19:43:22.012] [SEVERE ] player 3 placing token on slot 2
[19:43:22.020] [SEVERE ] setting player 4 freeze to 0
[19:43:22.020] [SEVERE ] setting player 4 freeze to 0
[19:43:22.021] [SEVERE ] setting player 4 freeze to 0
[19:43:22.021] [SEVERE ] setting player 4 freeze to 0
[19:43:22.022] [SEVERE ] removing player 4 token from slot 3
[19:43:22.022] [SEVERE ] player 4 placing token on slot 8
[19:43:22.030] [SEVERE ] setting player 1 freeze to 0
[19:43:22.030] [SEVERE ] setting player 1 freeze to 0
[19:43:22.031] [SEVERE ] setting player 1 freeze to 0
[19:43:22.031] [SEVERE ] setting player 1 freeze to 0
[19:43:22.032] [SEVERE ] removing player 1 token from slot 1
[19:43:22.033] [SEVERE ] player 1 placing token on slot 8
[19:43:22.040] [SEVERE ] setting player 2 freeze to 0
[19:43:22.041] [SEVERE ] setting player 2 freeze to 0
[19:43:22.041] [SEVERE ] setting player 2 freeze to 0
[19:43:22.041] [SEVERE ] setting player 2 freeze to 0
[19:43:22.042] [SEVERE ] removing player 2 token from slot 9
[19:43:22.042] [SEVERE ] player 2 placing token on slot 5
[19:43:22.051] [SEVERE ] setting player 3 freeze to 0
[19:43:22.051] [SEVERE ] setting player 3 freeze to 0
[19:43:22.051] [SEVERE ] setting player 3 freeze to 0
[19:43:22.052] [SEVERE ] setting player 3 freeze to 0
[19:43:22.052] [SEVERE ] removing player 3 token from slot 10
[19:43:22.053] [SEVERE ] removing player 3 token from slot 2
[19:43:22.053] [SEVERE ] removing player 3 token from slot 11
[19:43:22.054] [SEVERE ] player 3 placing token on slot 1
[19:43:22.054] [SEVERE ] player 3 placing token on slot 7
[19:43:22.055] [SEVERE ] player 3 placing token on slot 9
[19:43:22.061] [SEVERE ] setting player 4 freeze to 0
[19:43:22.061] [SEVERE ] setting player 4 freeze to 0
[19:43:22.062] [SEVERE ] setting player 4 freeze to 0
[19:43:22.062] [SEVERE ] setting player 4 freeze to 0
[19:43:22.063] [SEVERE ] removing player 4 token from slot 8
[19:43:22.063] [SEVERE ] removing player 4 token from slot 1
[19:43:22.064] [SEVERE ] player 4 placing token on slot 4
[19:43:22.064] [SEVERE ] player 4 placing token on slot 6
[19:43:22.071] [SEVERE ] setting player 1 freeze to 0
[19:43:22.072] [SEVERE ] setting player 1 freeze to 0
[19:43:22.072] [SEVERE ] setting player 1 freeze to 0
[19:43:22.072] [SEVERE ] setting player 1 freeze to 0
[19:43:22.073] [SEVERE ] removing player 1 token from slot 11
[19:43:22.073] [SEVERE ] removing player 1 token from slot 8
[19:43:22.074] [SEVERE ] player 1 placing token on slot 4
[19:43:22.074] [SEVERE ] player 1 placing token on slot 11
[19:43:22.082] [SEVERE ] setting player 2 freeze to 0
[19:43:22.082] [SEVERE ] setting player 2 freeze to 0
[19:43:22.082] [SEVERE ] setting player 2 freeze to 0
[19:43:22.083] [SEVERE ] setting player 2 freeze to 0
[19:43:22.083] [SEVERE ] removing player 2 token from slot 1
[19:43:22.084] [SEVERE ] player 2 placing token on slot 10
[19:43:22.092] [SEVERE ] setting player 3 freeze to 0
[19:43:22.092] [SEVERE ] setting player 3 freeze to 0
[19:43:22.093] [SEVERE ] setting player 3 freeze to 0
[19:43:22.093] [SEVERE ] setting player 3 freeze to 0
[19:43:22.094] [SEVERE ] removing player 3 token from slot 7
[19:43:22.094] [SEVERE ] player 3 placing token on slot 10
[19:43:22.102] [SEVERE ] setting player 4 freeze to 0
[19:43:22.103] [SEVERE ] setting player 4 freeze to 0
[19:43:22.104] [SEVERE ] setting player 4 freeze to 0
[19:43:22.105] [SEVERE ] setting player 4 freeze to 0
[19:43:22.105] [SEVERE ] removing player 4 token from slot 6
[19:43:22.106] [SEVERE ] removing player 4 token from slot 2
[19:43:22.106] [SEVERE ] player 4 placing token on slot 11
[19:43:22.107] [SEVERE ] player 4 placing token on slot 5
[19:43:22.113] [SEVERE ] setting player 1 freeze to 0
[19:43:22.114] [SEVERE ] setting player 1 freeze to 0
[19:43:22.114] [SEVERE ] setting player 1 freeze to 0
[19:43:22.115] [SEVERE ] setting player 1 freeze to 0
[19:43:22.115] [SEVERE ] removing player 1 token from slot 11
[19:43:22.116] [SEVERE ] removing player 1 token from slot 4
[19:43:22.116] [SEVERE ] player 1 placing token on slot 4
[19:43:22.116] [SEVERE ] player 1 placing token on slot 8
[19:43:22.124] [SEVERE ] setting player 2 freeze to 0
[19:43:22.124] [SEVERE ] setting player 2 freeze to 0
[19:43:22.124] [SEVERE ] setting player 2 freeze to 0
[19:43:22.125] [SEVERE ] setting player 2 freeze to 0
[19:43:22.125] [SEVERE ] removing player 2 token from slot 7
[19:43:22.126] [SEVERE ] removing player 2 token from slot 10
[19:43:22.126] [SEVERE ] player 2 placing token on slot 3
[19:43:22.127] [SEVERE ] removing player 2 token from slot 3
[19:43:22.127] [SEVERE ] removing player 2 token from slot 5
[19:43:22.128] [SEVERE ] player 2 placing token on slot 11
[19:43:22.128] [SEVERE ] player 2 placing token on slot 5
[19:43:22.129] [SEVERE ] player 2 placing token on slot 2
[19:43:22.134] [SEVERE ] setting player 3 freeze to 0
[19:43:22.134] [SEVERE ] setting player 3 freeze to 0
[19:43:22.135] [SEVERE ] setting player 3 freeze to 0
[19:43:22.135] [SEVERE ] setting player 3 freeze to 0
[19:43:22.136] [SEVERE ] removing player 3 token from slot 9
[19:43:22.136] [SEVERE ] player 3 placing token on slot 5
[19:43:22.144] [SEVERE ] setting player 4 freeze to 0
[19:43:22.144] [SEVERE ] setting player 4 freeze to 0
[19:43:22.145] [SEVERE ] setting player 4 freeze to 0
[19:43:22.145] [SEVERE ] setting player 4 freeze to 0
[19:43:22.146] [SEVERE ] removing player 4 token from slot 4
[19:43:22.146] [SEVERE ] player 4 placing token on slot 2
[19:43:22.155] [SEVERE ] setting player 1 freeze to 0
[19:43:22.156] [SEVERE ] setting player 1 freeze to 0
[19:43:22.156] [SEVERE ] setting player 1 freeze to 0
[19:43:22.156] [SEVERE ] setting player 1 freeze to 0
[19:43:22.157] [SEVERE ] removing player 1 token from slot 4
[19:43:22.157] [SEVERE ] player 1 placing token on slot 4
[19:43:22.165] [SEVERE ] setting player 2 freeze to 0
[19:43:22.165] [SEVERE ] setting player 2 freeze to 0
[19:43:22.166] [SEVERE ] setting player 2 freeze to 0
[19:43:22.167] [SEVERE ] setting player 2 freeze to 0
[19:43:22.167] [SEVERE ] removing player 2 token from slot 2
[19:43:22.167] [SEVERE ] player 2 placing token on slot 4
[19:43:22.176] [SEVERE ] setting player 3 freeze to 0
[19:43:22.176] [SEVERE ] setting player 3 freeze to 0
[19:43:22.176] [SEVERE ] setting player 3 freeze to 0
[19:43:22.176] [SEVERE ] setting player 3 freeze to 0
[19:43:22.176] [SEVERE ] removing player 3 token from slot 5
[19:43:22.176] [SEVERE ] player 3 placing token on slot 3
[19:43:22.186] [SEVERE ] setting player 4 freeze to 0
[19:43:22.191] [SEVERE ] setting player 4 freeze to 0
[19:43:22.191] [SEVERE ] setting player 4 freeze to 0
[19:43:22.192] [SEVERE ] setting player 4 freeze to 0
[19:43:22.192] [SEVERE ] removing player 4 token from slot 5
[19:43:22.193] [SEVERE ] player 4 placing token on slot 6
[19:43:22.197] [SEVERE ] setting player 1 freeze to 0
[19:43:22.197] [SEVERE ] setting player 1 freeze to 0
[19:43:22.198] [SEVERE ] setting player 1 freeze to 0
[19:43:22.198] [SEVERE ] setting player 1 freeze to 0
[19:43:22.199] [SEVERE ] removing player 1 token from slot 4
[19:43:22.199] [SEVERE ] player 1 placing token on slot 7
[19:43:22.207] [SEVERE ] setting player 2 freeze to 0
[19:43:22.208] [SEVERE ] setting player 2 freeze to 0
[19:43:22.208] [SEVERE ] setting player 2 freeze to 0
[19:43:22.208] [SEVERE ] setting player 2 freeze to 0
[19:43:22.209] [SEVERE ] removing player 2 token from slot 5
[19:43:22.209] [SEVERE ] player 2 placing token on slot 10
[19:43:22.217] [SEVERE ] setting player 3 freeze to 0
[19:43:22.218] [SEVERE ] setting player 3 freeze to 0
[19:43:22.218] [SEVERE ] setting player 3 freeze to 0
[19:43:22.219] [SEVERE ] setting player 3 freeze to 0
[19:43:22.219] [SEVERE ] removing player 3 token from slot 1
[19:43:22.220] [SEVERE ] removing player 3 token from slot 10
[19:43:22.223] [SEVERE ] player 3 placing token on slot 2
[19:43:22.224] [SEVERE ] player 3 placing token on slot 6
[19:43:22.228] [SEVERE ] setting player 4 freeze to 0
[19:43:22.228] [SEVERE ] setting player 4 freeze to 0
[19:43:22.229] [SEVERE ] setting player 4 freeze to 0
[19:43:22.229] [SEVERE ] setting player 4 freeze to 0
[19:43:22.230] [SEVERE ] removing player 4 token from slot 11
[19:43:22.230] [SEVERE ] player 4 placing token on slot 8
[19:43:22.239] [SEVERE ] setting player 1 freeze to 0
[19:43:22.240] [SEVERE ] setting player 1 freeze to 0
[19:43:22.240] [SEVERE ] setting player 1 freeze to 0
[19:43:22.240] [SEVERE ] setting player 1 freeze to 0
[19:43:22.241] [SEVERE ] removing player 1 token from slot 8
[19:43:22.241] [SEVERE ] player 1 placing token on slot 4
[19:43:22.249] [SEVERE ] setting player 2 freeze to 0
[19:43:22.249] [SEVERE ] setting player 2 freeze to 0
[19:43:22.249] [SEVERE ] setting player 2 freeze to 0
[19:43:22.250] [SEVERE ] setting player 2 freeze to 0
[19:43:22.250] [SEVERE ] removing player 2 token from slot 4
[19:43:22.251] [SEVERE ] player 2 placing token on slot 7
[19:43:22.259] [SEVERE ] setting player 3 freeze to 0
[19:43:22.260] [SEVERE ] setting player 3 freeze to 0
[19:43:22.261] [SEVERE ] setting player 3 freeze to 0
[19:43:22.261] [SEVERE ] setting player 3 freeze to 0
[19:43:22.261] [SEVERE ] removing player 3 token from slot 3
[19:43:22.262] [SEVERE ] player 3 placing token on slot 9
[19:43:22.270] [SEVERE ] setting player 4 freeze to 0
[19:43:22.272] [SEVERE ] setting player 4 freeze to 0
[19:43:22.272] [SEVERE ] setting player 4 freeze to 0
[19:43:22.273] [SEVERE ] setting player 4 freeze to 0
[19:43:22.273] [SEVERE ] removing player 4 token from slot 2
[19:43:22.274] [SEVERE ] player 4 placing token on slot 9
[19:43:22.281] [SEVERE ] setting player 1 freeze to 0
[19:43:22.281] [SEVERE ] setting player 1 freeze to 0
[19:43:22.281] [SEVERE ] setting player 1 freeze to 0
[19:43:22.282] [SEVERE ] setting player 1 freeze to 0
[19:43:22.282] [SEVERE ] removing player 1 token from slot 7
[19:43:22.282] [SEVERE ] player 1 placing token on slot 7
[19:43:22.291] [SEVERE ] setting player 2 freeze to 0
[19:43:22.291] [SEVERE ] setting player 2 freeze to 0
[19:43:22.292] [SEVERE ] setting player 2 freeze to 0
[19:43:22.293] [SEVERE ] setting player 2 freeze to 0
[19:43:22.293] [SEVERE ] removing player 2 token from slot 10
[19:43:22.293] [SEVERE ] player 2 placing token on slot 2
[19:43:22.301] [SEVERE ] setting player 3 freeze to 0
[19:43:22.302] [SEVERE ] setting player 3 freeze to 0
[19:43:22.302] [SEVERE ] setting player 3 freeze to 0
[19:43:22.303] [SEVERE ] setting player 3 freeze to 0
[19:43:22.303] [SEVERE ] removing player 3 token from slot 6
[19:43:22.304] [SEVERE ] player 3 placing token on slot 10
[19:43:22.312] [SEVERE ] setting player 4 freeze to 0
[19:43:22.312] [SEVERE ] setting player 4 freeze to 0
[19:43:22.312] [SEVERE ] setting player 4 freeze to 0
[19:43:22.313] [SEVERE ] setting player 4 freeze to 0
[19:43:22.313] [SEVERE ] removing player 4 token from slot 6
[19:43:22.314] [SEVERE ] player 4 placing token on slot 3
[19:43:22.322] [SEVERE ] setting player 1 freeze to 0
[19:43:22.323] [SEVERE ] setting player 1 freeze to 0
[19:43:22.324] [SEVERE ] setting player 1 freeze to 0
[19:43:22.324] [SEVERE ] setting player 1 freeze to 0
[19:43:22.324] [SEVERE ] removing player 1 token from slot 5
[19:43:22.325] [SEVERE ] player 1 placing token on slot 3
[19:43:22.333] [SEVERE ] setting player 2 freeze to 0
[19:43:22.334] [SEVERE ] setting player 2 freeze to 0
[19:43:22.334] [SEVERE ] setting player 2 freeze to 0
[19:43:22.334] [SEVERE ] setting player 2 freeze to 0
[19:43:22.335] [SEVERE ] removing player 2 token from slot 2
[19:43:22.335] [SEVERE ] removing player 2 token from slot 11
[19:43:22.336] [SEVERE ] player 2 placing token on slot 4
[19:43:22.336] [SEVERE ] player 2 placing token on slot 1
[19:43:22.343] [SEVERE ] setting player 3 freeze to 0
[19:43:22.343] [SEVERE ] setting player 3 freeze to 0
[19:43:22.344] [SEVERE ] setting player 3 freeze to 0
[19:43:22.344] [SEVERE ] setting player 3 freeze to 0
[19:43:22.345] [SEVERE ] removing player 3 token from slot 10
[19:43:22.346] [SEVERE ] player 3 placing token on slot 10
[19:43:22.354] [SEVERE ] setting player 4 freeze to 0
[19:43:22.354] [SEVERE ] setting player 4 freeze to 0
[19:43:22.354] [SEVERE ] setting player 4 freeze to 0
[19:43:22.355] [SEVERE ] setting player 4 freeze to 0
[19:43:22.355] [SEVERE ] removing player 4 token from slot 9
[19:43:22.356] [SEVERE ] removing player 4 token from slot 3
[19:43:22.356] [SEVERE ] player 4 placing token on slot 11
[19:43:22.357] [SEVERE ] removing player 4 token from slot 11
[19:43:22.358] [SEVERE ] player 4 placing token on slot 5
[19:43:22.358] [SEVERE ] removing player 4 token from slot 5
[19:43:22.358] [SEVERE ] player 4 placing token on slot 5
[19:43:22.359] [SEVERE ] player 4 placing token on slot 9
[19:43:22.363] [SEVERE ] setting player 1 freeze to 0
[19:43:22.364] [SEVERE ] setting player 1 freeze to 0
[19:43:22.364] [SEVERE ] setting player 1 freeze to 0
[19:43:22.365] [SEVERE ] setting player 1 freeze to 0
[19:43:22.365] [SEVERE ] removing player 1 token from slot 3
[19:43:22.366] [SEVERE ] player 1 placing token on slot 6
[19:43:22.374] [SEVERE ] setting player 2 freeze to 0
[19:43:22.374] [SEVERE ] setting player 2 freeze to 0
[19:43:22.375] [SEVERE ] setting player 2 freeze to 0
[19:43:22.375] [SEVERE ] setting player 2 freeze to 0
[19:43:22.376] [SEVERE ] removing player 2 token from slot 1
[19:43:22.377] [SEVERE ] removing player 2 token from slot 7
[19:43:22.377] [SEVERE ] player 2 placing token on slot 8
[19:43:22.378] [SEVERE ] player 2 placing token on slot 11
[19:43:22.385] [SEVERE ] setting player 3 freeze to 0
[19:43:22.385] [SEVERE ] setting player 3 freeze to 0
[19:43:22.386] [SEVERE ] setting player 3 freeze to 0
[19:43:22.387] [SEVERE ] setting player 3 freeze to 0
[19:43:22.387] [SEVERE ] removing player 3 token from slot 10
[19:43:22.387] [SEVERE ] player 3 placing token on slot 8
[19:43:22.395] [SEVERE ] setting player 4 freeze to 0
[19:43:22.395] [SEVERE ] setting player 4 freeze to 0
[19:43:22.396] [SEVERE ] setting player 4 freeze to 0
[19:43:22.396] [SEVERE ] setting player 4 freeze to 0
[19:43:22.396] [SEVERE ] removing player 4 token from slot 9
[19:43:22.397] [SEVERE ] removing player 4 token from slot 5
[19:43:22.397] [SEVERE ] player 4 placing token on slot 11
[19:43:22.398] [SEVERE ] player 4 placing token on slot 3
[19:43:22.405] [SEVERE ] updating countdown to 5000
[19:43:22.405] [SEVERE ] removing player 1 token from slot 4
[19:43:22.406] [SEVERE ] removing player 1 token from slot 4
[19:43:22.406] [SEVERE ] removing player 1 token from slot 4
[19:43:22.406] [SEVERE ] removing player 1 token from slot 4
[19:43:22.408] [SEVERE ] setting player 1 score to 1
[19:43:22.410] [SEVERE ] setting player 1 freeze to 0
[19:43:22.411] [SEVERE ] setting player 1 freeze to 0
[19:43:22.411] [SEVERE ] removing player 1 token from slot 7
[19:43:22.412] [SEVERE ] removing player 1 token from slot 4
[19:43:22.413] [SEVERE ] player 1 placing token on slot 7
[19:43:22.414] [SEVERE ] player 1 placing token on slot 10
[19:43:22.507] [SEVERE ] removing card from slot 4
[19:43:22.507] [SEVERE ] removing player 1 token from slot 6
[19:43:22.608] [SEVERE ] removing card from slot 6
[19:43:22.608] [SEVERE ] removing player 1 token from slot 7
[19:43:22.709] [SEVERE ] removing card from slot 7
[19:43:22.709] [SEVERE ] removing player 1 token from slot 10
[19:43:22.810] [SEVERE ] removing card from slot 10
[19:43:36.429] [SEVERE ] removing player 2 token from slot 4
[19:43:36.429] [SEVERE ] removing player 1 token from slot 6
[19:43:36.430] [SEVERE ] removing player 1 token from slot 7
[19:43:36.431] [INFO   ] thread dealer terminated.
[19:43:41.431] [SEVERE ] thanks for playing... it was fun!
[19:43:41.431] [INFO   ] thread main terminated.
[19:43:41.432] [SEVERE ] disposing of user interface elements
