[14:41:04.210] [INFO   ] thread main starting.
[14:41:04.217] [SEVERE ] cannot read configuration file config.properties trying from resources.
[14:41:04.218] [SEVERE ] configuration file was loaded from resources directory.
[14:41:04.676] [INFO   ] thread dealer starting.
[14:41:04.677] [INFO   ] Thread dealer starting.
[14:41:04.784] [SEVERE ] placing card 74 in slot 0
[14:41:04.885] [SEVERE ] placing card 35 in slot 1
[14:41:04.986] [SEVERE ] placing card 75 in slot 2
[14:41:05.087] [SEVERE ] placing card 59 in slot 3
[14:41:05.188] [SEVERE ] placing card 36 in slot 4
[14:41:05.290] [SEVERE ] placing card 3 in slot 5
[14:41:05.391] [SEVERE ] placing card 16 in slot 6
[14:41:05.492] [SEVERE ] placing card 7 in slot 7
[14:41:05.593] [SEVERE ] placing card 27 in slot 8
[14:41:05.694] [SEVERE ] placing card 32 in slot 9
[14:41:05.795] [SEVERE ] placing card 14 in slot 10
[14:41:05.895] [SEVERE ] placing card 26 in slot 11
[14:41:05.897] [INFO   ] Thread Thread-1starting.
[14:41:05.898] [SEVERE ] updating countdown to 5000
[14:41:05.898] [INFO   ] Thread Thread-3starting.
[14:41:05.897] [INFO   ] Thread Thread-2starting.
[14:41:05.900] [INFO   ] Thread computer-2 starting.
[14:41:05.900] [INFO   ] Thread computer-0 starting.
[14:41:05.898] [INFO   ] Thread Thread-4starting.
[14:41:05.901] [SEVERE ] player 3 placing token on slot 4
[14:41:05.900] [INFO   ] Thread computer-1 starting.
[14:41:05.902] [SEVERE ] player 1 placing token on slot 0
[14:41:05.903] [INFO   ] Thread computer-3 starting.
[14:41:05.903] [SEVERE ] player 2 placing token on slot 8
[14:41:05.904] [SEVERE ] player 3 placing token on slot 3
[14:41:05.904] [SEVERE ] player 2 placing token on slot 1
[14:41:05.905] [SEVERE ] player 4 placing token on slot 0
[14:41:05.905] [SEVERE ] player 1 placing token on slot 6
[14:41:05.906] [SEVERE ] player 4 placing token on slot 10
[14:41:05.906] [SEVERE ] player 2 placing token on slot 0
[14:41:05.907] [SEVERE ] player 3 placing token on slot 5
[14:41:05.907] [SEVERE ] player 4 placing token on slot 6
[14:41:05.908] [SEVERE ] removing player 1 token from slot 6
[14:41:05.908] [SEVERE ] player 1 placing token on slot 1
[14:41:05.909] [SEVERE ] player 1 placing token on slot 2
[14:41:05.910] [SEVERE ] setting player 2 freeze to 0
[14:41:05.911] [SEVERE ] setting player 2 freeze to 0
[14:41:05.911] [SEVERE ] setting player 2 freeze to 0
[14:41:05.911] [SEVERE ] setting player 2 freeze to 0
[14:41:05.922] [SEVERE ] setting player 3 freeze to 0
[14:41:05.922] [SEVERE ] setting player 3 freeze to 0
[14:41:05.923] [SEVERE ] setting player 3 freeze to 0
[14:41:05.923] [SEVERE ] setting player 3 freeze to 0
[14:41:05.932] [SEVERE ] setting player 4 freeze to 0
[14:41:05.933] [SEVERE ] setting player 4 freeze to 0
[14:41:05.933] [SEVERE ] setting player 4 freeze to 0
[14:41:05.934] [SEVERE ] setting player 4 freeze to 0
[14:41:05.943] [SEVERE ] setting player 1 freeze to 0
[14:41:05.943] [SEVERE ] setting player 1 freeze to 0
[14:41:05.945] [SEVERE ] setting player 1 freeze to 0
[14:41:05.945] [SEVERE ] setting player 1 freeze to 0
[14:41:08.898] [SEVERE ] updating countdown to 2000
