[20:53:58.921] [INFO   ] thread main starting.
[20:53:58.927] [SEVERE ] cannot read configuration file config.properties trying from resources.
[20:53:58.928] [SEVERE ] configuration file was loaded from resources directory.
[20:53:59.399] [INFO   ] thread dealer starting.
[20:53:59.400] [INFO   ] Thread dealer starting.
[20:53:59.507] [SEVERE ] placing card 54 in slot 0
[20:53:59.607] [SEVERE ] placing card 36 in slot 1
[20:53:59.708] [SEVERE ] placing card 24 in slot 2
[20:53:59.809] [SEVERE ] placing card 53 in slot 3
[20:53:59.910] [SEVERE ] placing card 32 in slot 4
[20:54:00.011] [SEVERE ] placing card 11 in slot 5
[20:54:00.111] [SEVERE ] placing card 8 in slot 6
[20:54:00.212] [SEVERE ] placing card 35 in slot 7
[20:54:00.312] [SEVERE ] placing card 3 in slot 8
[20:54:00.413] [SEVERE ] placing card 72 in slot 9
[20:54:00.514] [SEVERE ] placing card 6 in slot 10
[20:54:00.615] [SEVERE ] placing card 39 in slot 11
[20:54:00.616] [INFO   ] Thread Thread-1starting.
[20:54:00.616] [INFO   ] Thread Thread-2starting.
[20:54:00.616] [INFO   ] Thread Thread-4starting.
[20:54:00.616] [SEVERE ] updating countdown to 5000
[20:54:00.616] [INFO   ] Thread Thread-3starting.
[20:54:00.622] [INFO   ] Thread computer-3 starting.
[20:54:00.622] [INFO   ] Thread computer-0 starting.
[20:54:00.622] [SEVERE ] player 1 placing token on slot 5
[20:54:00.623] [INFO   ] Thread computer-2 starting.
[20:54:00.623] [SEVERE ] player 3 placing token on slot 2
[20:54:00.623] [SEVERE ] player 3 placing token on slot 4
[20:54:00.623] [SEVERE ] player 3 placing token on slot 9
[20:54:00.623] [SEVERE ] player 1 placing token on slot 10
[20:54:00.623] [SEVERE ] player 1 placing token on slot 4
[20:54:00.625] [INFO   ] Thread computer-1 starting.
[20:54:00.626] [SEVERE ] player 2 placing token on slot 6
[20:54:00.626] [SEVERE ] player 2 placing token on slot 4
[20:54:00.622] [SEVERE ] player 4 placing token on slot 11
[20:54:00.629] [SEVERE ] player 4 placing token on slot 3
[20:54:00.630] [SEVERE ] player 4 placing token on slot 9
[20:54:00.629] [SEVERE ] player 2 placing token on slot 10
[20:54:00.633] [SEVERE ] setting player 3 freeze to 0
[20:54:00.633] [SEVERE ] setting player 3 freeze to 0
[20:54:00.634] [SEVERE ] setting player 3 freeze to 0
[20:54:00.635] [SEVERE ] setting player 3 freeze to 0
[20:54:00.635] [SEVERE ] removing player 3 token from slot 4
[20:54:00.641] [SEVERE ] player 3 placing token on slot 7
[20:54:00.643] [SEVERE ] setting player 1 freeze to 0
[20:54:00.644] [SEVERE ] setting player 1 freeze to 0
[20:54:00.644] [SEVERE ] setting player 1 freeze to 0
[20:54:00.645] [SEVERE ] setting player 1 freeze to 0
[20:54:00.645] [SEVERE ] removing player 1 token from slot 4
[20:54:00.645] [SEVERE ] player 1 placing token on slot 6
[20:54:00.654] [SEVERE ] setting player 4 freeze to 0
[20:54:00.654] [SEVERE ] setting player 4 freeze to 0
[20:54:00.654] [SEVERE ] setting player 4 freeze to 0
[20:54:00.655] [SEVERE ] setting player 4 freeze to 0
[20:54:00.655] [SEVERE ] removing player 4 token from slot 11
[20:54:00.656] [SEVERE ] player 4 placing token on slot 5
[20:54:00.664] [SEVERE ] setting player 2 freeze to 0
[20:54:00.665] [SEVERE ] setting player 2 freeze to 0
[20:54:00.665] [SEVERE ] setting player 2 freeze to 0
[20:54:00.666] [SEVERE ] setting player 2 freeze to 0
[20:54:00.666] [SEVERE ] removing player 2 token from slot 6
[20:54:00.667] [SEVERE ] player 2 placing token on slot 8
[20:54:00.675] [SEVERE ] setting player 3 freeze to 0
[20:54:00.675] [SEVERE ] setting player 3 freeze to 0
[20:54:00.676] [SEVERE ] setting player 3 freeze to 0
[20:54:00.676] [SEVERE ] setting player 3 freeze to 0
[20:54:00.677] [SEVERE ] removing player 3 token from slot 2
[20:54:00.677] [SEVERE ] player 3 placing token on slot 1
[20:54:00.685] [SEVERE ] setting player 1 freeze to 0
[20:54:00.685] [SEVERE ] setting player 1 freeze to 0
[20:54:00.686] [SEVERE ] setting player 1 freeze to 0
[20:54:00.686] [SEVERE ] setting player 1 freeze to 0
[20:54:00.687] [SEVERE ] removing player 1 token from slot 10
[20:54:00.687] [SEVERE ] player 1 placing token on slot 11
[20:54:00.696] [SEVERE ] setting player 4 freeze to 0
[20:54:00.696] [SEVERE ] setting player 4 freeze to 0
[20:54:00.696] [SEVERE ] setting player 4 freeze to 0
[20:54:00.697] [SEVERE ] setting player 4 freeze to 0
[20:54:00.697] [SEVERE ] removing player 4 token from slot 5
[20:54:00.697] [SEVERE ] player 4 placing token on slot 7
[20:54:00.706] [SEVERE ] setting player 2 freeze to 0
[20:54:00.706] [SEVERE ] setting player 2 freeze to 0
[20:54:00.706] [SEVERE ] setting player 2 freeze to 0
[20:54:00.707] [SEVERE ] setting player 2 freeze to 0
[20:54:00.707] [SEVERE ] removing player 2 token from slot 8
[20:54:00.708] [SEVERE ] player 2 placing token on slot 3
[20:54:00.716] [SEVERE ] setting player 3 freeze to 0
[20:54:00.717] [SEVERE ] setting player 3 freeze to 0
[20:54:00.718] [SEVERE ] setting player 3 freeze to 0
[20:54:00.718] [SEVERE ] setting player 3 freeze to 0
[20:54:00.718] [SEVERE ] removing player 3 token from slot 9
[20:54:00.719] [SEVERE ] player 3 placing token on slot 6
[20:54:00.727] [SEVERE ] setting player 1 freeze to 0
[20:54:00.728] [SEVERE ] setting player 1 freeze to 0
[20:54:00.728] [SEVERE ] setting player 1 freeze to 0
[20:54:00.728] [SEVERE ] setting player 1 freeze to 0
[20:54:00.729] [SEVERE ] removing player 1 token from slot 5
[20:54:00.729] [SEVERE ] player 1 placing token on slot 5
[20:54:00.737] [SEVERE ] setting player 4 freeze to 0
[20:54:00.737] [SEVERE ] setting player 4 freeze to 0
[20:54:00.738] [SEVERE ] setting player 4 freeze to 0
[20:54:00.738] [SEVERE ] setting player 4 freeze to 0
[20:54:00.739] [SEVERE ] removing player 4 token from slot 7
[20:54:00.739] [SEVERE ] player 4 placing token on slot 11
[20:54:00.747] [SEVERE ] setting player 2 freeze to 0
[20:54:00.748] [SEVERE ] setting player 2 freeze to 0
[20:54:00.748] [SEVERE ] setting player 2 freeze to 0
[20:54:00.749] [SEVERE ] setting player 2 freeze to 0
[20:54:00.749] [SEVERE ] removing player 2 token from slot 4
[20:54:00.750] [SEVERE ] removing player 2 token from slot 10
[20:54:00.750] [SEVERE ] player 2 placing token on slot 7
[20:54:00.751] [SEVERE ] player 2 placing token on slot 11
[20:54:00.758] [SEVERE ] setting player 3 freeze to 0
[20:54:00.758] [SEVERE ] setting player 3 freeze to 0
[20:54:00.759] [SEVERE ] setting player 3 freeze to 0
[20:54:00.759] [SEVERE ] setting player 3 freeze to 0
[20:54:00.760] [SEVERE ] removing player 3 token from slot 7
[20:54:00.760] [SEVERE ] player 3 placing token on slot 11
[20:54:00.769] [SEVERE ] setting player 1 freeze to 0
[20:54:00.770] [SEVERE ] setting player 1 freeze to 0
[20:54:00.770] [SEVERE ] setting player 1 freeze to 0
[20:54:00.771] [SEVERE ] setting player 1 freeze to 0
[20:54:00.771] [SEVERE ] removing player 1 token from slot 6
[20:54:00.772] [SEVERE ] player 1 placing token on slot 1
[20:54:00.792] [SEVERE ] setting player 4 freeze to 0
[20:54:00.792] [SEVERE ] setting player 4 freeze to 0
[20:54:00.792] [SEVERE ] setting player 4 freeze to 0
[20:54:00.793] [SEVERE ] setting player 4 freeze to 0
[20:54:00.794] [SEVERE ] removing player 4 token from slot 11
[20:54:00.794] [SEVERE ] player 4 placing token on slot 4
[20:54:00.807] [SEVERE ] setting player 2 freeze to 0
[20:54:00.808] [SEVERE ] setting player 2 freeze to 0
[20:54:00.808] [SEVERE ] setting player 2 freeze to 0
[20:54:00.808] [SEVERE ] setting player 2 freeze to 0
[20:54:00.808] [SEVERE ] removing player 2 token from slot 11
[20:54:00.809] [SEVERE ] player 2 placing token on slot 5
[20:54:00.818] [SEVERE ] setting player 3 freeze to 0
[20:54:00.818] [SEVERE ] setting player 3 freeze to 0
[20:54:00.818] [SEVERE ] setting player 3 freeze to 0
[20:54:00.819] [SEVERE ] setting player 3 freeze to 0
[20:54:00.821] [SEVERE ] removing player 3 token from slot 6
[20:54:00.822] [SEVERE ] player 3 placing token on slot 5
[20:54:00.828] [SEVERE ] setting player 1 freeze to 0
[20:54:00.828] [SEVERE ] setting player 1 freeze to 0
[20:54:00.829] [SEVERE ] setting player 1 freeze to 0
[20:54:00.829] [SEVERE ] setting player 1 freeze to 0
[20:54:00.830] [SEVERE ] removing player 1 token from slot 5
[20:54:00.830] [SEVERE ] player 1 placing token on slot 10
[20:54:00.838] [SEVERE ] setting player 4 freeze to 0
[20:54:00.839] [SEVERE ] setting player 4 freeze to 0
[20:54:00.839] [SEVERE ] setting player 4 freeze to 0
[20:54:00.840] [SEVERE ] setting player 4 freeze to 0
[20:54:00.840] [SEVERE ] removing player 4 token from slot 4
[20:54:00.841] [SEVERE ] player 4 placing token on slot 11
[20:54:00.848] [SEVERE ] setting player 2 freeze to 0
[20:54:00.849] [SEVERE ] setting player 2 freeze to 0
[20:54:00.849] [SEVERE ] setting player 2 freeze to 0
[20:54:00.850] [SEVERE ] setting player 2 freeze to 0
[20:54:00.851] [SEVERE ] removing player 2 token from slot 5
[20:54:00.853] [SEVERE ] player 2 placing token on slot 9
[20:54:00.863] [SEVERE ] setting player 3 freeze to 0
[20:54:00.865] [SEVERE ] setting player 3 freeze to 0
[20:54:00.865] [SEVERE ] setting player 3 freeze to 0
[20:54:00.865] [SEVERE ] setting player 3 freeze to 0
[20:54:00.866] [SEVERE ] removing player 3 token from slot 11
[20:54:00.870] [SEVERE ] removing player 3 token from slot 5
[20:54:00.871] [SEVERE ] player 3 placing token on slot 8
[20:54:00.871] [SEVERE ] removing player 3 token from slot 1
[20:54:00.871] [SEVERE ] removing player 3 token from slot 8
[20:54:00.872] [SEVERE ] player 3 placing token on slot 10
[20:54:00.872] [SEVERE ] player 3 placing token on slot 5
[20:54:00.873] [SEVERE ] player 3 placing token on slot 1
[20:54:00.874] [SEVERE ] setting player 1 freeze to 0
[20:54:00.874] [SEVERE ] setting player 1 freeze to 0
[20:54:00.875] [SEVERE ] setting player 1 freeze to 0
[20:54:00.877] [SEVERE ] setting player 1 freeze to 0
[20:54:00.878] [SEVERE ] removing player 1 token from slot 11
[20:54:00.879] [SEVERE ] player 1 placing token on slot 11
[20:54:00.884] [SEVERE ] setting player 4 freeze to 0
[20:54:00.885] [SEVERE ] setting player 4 freeze to 0
[20:54:00.885] [SEVERE ] setting player 4 freeze to 0
[20:54:00.886] [SEVERE ] setting player 4 freeze to 0
[20:54:00.886] [SEVERE ] removing player 4 token from slot 11
[20:54:00.887] [SEVERE ] player 4 placing token on slot 4
[20:54:00.899] [SEVERE ] setting player 2 freeze to 0
[20:54:00.899] [SEVERE ] setting player 2 freeze to 0
[20:54:00.900] [SEVERE ] setting player 2 freeze to 0
[20:54:00.900] [SEVERE ] setting player 2 freeze to 0
[20:54:00.901] [SEVERE ] removing player 2 token from slot 9
[20:54:00.901] [SEVERE ] player 2 placing token on slot 8
[20:54:00.905] [SEVERE ] key 81 was pressed by player 1
[20:54:00.907] [SEVERE ] setting player 3 freeze to 0
[20:54:00.907] [SEVERE ] setting player 3 freeze to 0
[20:54:00.908] [SEVERE ] setting player 3 freeze to 0
[20:54:00.908] [SEVERE ] setting player 3 freeze to 0
[20:54:00.909] [SEVERE ] removing player 3 token from slot 5
[20:54:00.910] [SEVERE ] removing player 3 token from slot 10
[20:54:00.911] [SEVERE ] player 3 placing token on slot 11
[20:54:00.911] [SEVERE ] player 3 placing token on slot 2
[20:54:00.917] [SEVERE ] setting player 1 freeze to 0
[20:54:00.917] [SEVERE ] setting player 1 freeze to 0
[20:54:00.918] [SEVERE ] setting player 1 freeze to 0
[20:54:00.919] [SEVERE ] setting player 1 freeze to 0
[20:54:00.919] [SEVERE ] removing player 1 token from slot 10
[20:54:00.920] [SEVERE ] removing player 1 token from slot 11
[20:54:00.920] [SEVERE ] player 1 placing token on slot 2
[20:54:00.921] [SEVERE ] player 1 placing token on slot 7
[20:54:00.927] [SEVERE ] setting player 4 freeze to 0
[20:54:00.927] [SEVERE ] setting player 4 freeze to 0
[20:54:00.928] [SEVERE ] setting player 4 freeze to 0
[20:54:00.928] [SEVERE ] setting player 4 freeze to 0
[20:54:00.929] [SEVERE ] removing player 4 token from slot 3
[20:54:00.930] [SEVERE ] player 4 placing token on slot 11
[20:54:00.938] [SEVERE ] setting player 2 freeze to 0
[20:54:00.938] [SEVERE ] setting player 2 freeze to 0
[20:54:00.938] [SEVERE ] setting player 2 freeze to 0
[20:54:00.939] [SEVERE ] setting player 2 freeze to 0
[20:54:00.939] [SEVERE ] removing player 2 token from slot 3
[20:54:00.940] [SEVERE ] removing player 2 token from slot 7
[20:54:00.940] [SEVERE ] player 2 placing token on slot 1
[20:54:00.941] [SEVERE ] player 2 placing token on slot 5
[20:54:00.948] [SEVERE ] setting player 3 freeze to 0
[20:54:00.948] [SEVERE ] setting player 3 freeze to 0
[20:54:00.948] [SEVERE ] setting player 3 freeze to 0
[20:54:00.949] [SEVERE ] setting player 3 freeze to 0
[20:54:00.950] [SEVERE ] removing player 3 token from slot 1
[20:54:00.950] [SEVERE ] player 3 placing token on slot 9
[20:54:00.958] [SEVERE ] setting player 1 freeze to 0
[20:54:00.959] [SEVERE ] setting player 1 freeze to 0
[20:54:00.959] [SEVERE ] setting player 1 freeze to 0
[20:54:00.960] [SEVERE ] setting player 1 freeze to 0
[20:54:00.960] [SEVERE ] removing player 1 token from slot 2
[20:54:00.961] [SEVERE ] player 1 placing token on slot 2
[20:54:00.969] [SEVERE ] setting player 4 freeze to 0
[20:54:00.970] [SEVERE ] setting player 4 freeze to 0
[20:54:00.975] [SEVERE ] setting player 4 freeze to 0
[20:54:00.975] [SEVERE ] setting player 4 freeze to 0
[20:54:00.975] [SEVERE ] removing player 4 token from slot 11
[20:54:00.983] [SEVERE ] setting player 2 freeze to 0
[20:54:00.983] [SEVERE ] player 4 placing token on slot 7
[20:54:00.983] [SEVERE ] setting player 2 freeze to 0
[20:54:00.983] [SEVERE ] setting player 2 freeze to 0
[20:54:00.983] [SEVERE ] setting player 2 freeze to 0
[20:54:00.983] [SEVERE ] removing player 2 token from slot 1
[20:54:00.983] [SEVERE ] player 2 placing token on slot 4
[20:54:00.993] [SEVERE ] setting player 3 freeze to 0
[20:54:00.993] [SEVERE ] setting player 3 freeze to 0
[20:54:00.994] [SEVERE ] setting player 3 freeze to 0
[20:54:00.994] [SEVERE ] setting player 3 freeze to 0
[20:54:00.995] [SEVERE ] removing player 3 token from slot 11
[20:54:00.995] [SEVERE ] player 3 placing token on slot 1
[20:54:01.003] [SEVERE ] setting player 1 freeze to 0
[20:54:01.003] [SEVERE ] setting player 1 freeze to 0
[20:54:01.004] [SEVERE ] setting player 1 freeze to 0
[20:54:01.004] [SEVERE ] setting player 1 freeze to 0
[20:54:01.005] [SEVERE ] removing player 1 token from slot 7
[20:54:01.006] [SEVERE ] player 1 placing token on slot 9
[20:54:01.014] [SEVERE ] setting player 4 freeze to 0
[20:54:01.014] [SEVERE ] setting player 4 freeze to 0
[20:54:01.014] [SEVERE ] setting player 4 freeze to 0
[20:54:01.014] [SEVERE ] setting player 4 freeze to 0
[20:54:01.014] [SEVERE ] removing player 4 token from slot 4
[20:54:01.015] [SEVERE ] player 4 placing token on slot 8
[20:54:01.024] [SEVERE ] setting player 2 freeze to 0
[20:54:01.025] [SEVERE ] setting player 2 freeze to 0
[20:54:01.025] [SEVERE ] setting player 2 freeze to 0
[20:54:01.026] [SEVERE ] setting player 2 freeze to 0
[20:54:01.026] [SEVERE ] removing player 2 token from slot 4
[20:54:01.027] [SEVERE ] player 2 placing token on slot 4
[20:54:01.034] [SEVERE ] setting player 3 freeze to 0
[20:54:01.035] [SEVERE ] setting player 3 freeze to 0
[20:54:01.035] [SEVERE ] setting player 3 freeze to 0
[20:54:01.035] [SEVERE ] setting player 3 freeze to 0
[20:54:01.036] [SEVERE ] removing player 3 token from slot 9
[20:54:01.036] [SEVERE ] player 3 placing token on slot 10
[20:54:01.045] [SEVERE ] setting player 1 freeze to 0
[20:54:01.045] [SEVERE ] setting player 1 freeze to 0
[20:54:01.046] [SEVERE ] setting player 1 freeze to 0
[20:54:01.047] [SEVERE ] setting player 1 freeze to 0
[20:54:01.047] [SEVERE ] removing player 1 token from slot 9
[20:54:01.048] [SEVERE ] player 1 placing token on slot 11
[20:54:01.055] [SEVERE ] setting player 4 freeze to 0
[20:54:01.055] [SEVERE ] setting player 4 freeze to 0
[20:54:01.056] [SEVERE ] setting player 4 freeze to 0
[20:54:01.056] [SEVERE ] setting player 4 freeze to 0
[20:54:01.057] [SEVERE ] removing player 4 token from slot 8
[20:54:01.057] [SEVERE ] player 4 placing token on slot 10
[20:54:01.065] [SEVERE ] setting player 2 freeze to 0
[20:54:01.065] [SEVERE ] setting player 2 freeze to 0
[20:54:01.066] [SEVERE ] setting player 2 freeze to 0
[20:54:01.066] [SEVERE ] setting player 2 freeze to 0
[20:54:01.067] [SEVERE ] removing player 2 token from slot 4
[20:54:01.067] [SEVERE ] player 2 placing token on slot 3
[20:54:01.076] [SEVERE ] setting player 3 freeze to 0
[20:54:01.076] [SEVERE ] setting player 3 freeze to 0
[20:54:01.076] [SEVERE ] setting player 3 freeze to 0
[20:54:01.077] [SEVERE ] setting player 3 freeze to 0
[20:54:01.077] [SEVERE ] removing player 3 token from slot 10
[20:54:01.078] [SEVERE ] player 3 placing token on slot 11
[20:54:01.086] [SEVERE ] setting player 1 freeze to 0
[20:54:01.086] [SEVERE ] setting player 1 freeze to 0
[20:54:01.087] [SEVERE ] setting player 1 freeze to 0
[20:54:01.087] [SEVERE ] setting player 1 freeze to 0
[20:54:01.087] [SEVERE ] removing player 1 token from slot 11
[20:54:01.088] [SEVERE ] removing player 1 token from slot 1
[20:54:01.088] [SEVERE ] player 1 placing token on slot 4
[20:54:01.089] [SEVERE ] player 1 placing token on slot 9
[20:54:01.097] [SEVERE ] setting player 4 freeze to 0
[20:54:01.097] [SEVERE ] setting player 4 freeze to 0
[20:54:01.097] [SEVERE ] setting player 4 freeze to 0
[20:54:01.098] [SEVERE ] setting player 4 freeze to 0
[20:54:01.098] [SEVERE ] removing player 4 token from slot 7
[20:54:01.098] [SEVERE ] player 4 placing token on slot 7
[20:54:01.107] [SEVERE ] setting player 2 freeze to 0
[20:54:01.107] [SEVERE ] setting player 2 freeze to 0
[20:54:01.108] [SEVERE ] setting player 2 freeze to 0
[20:54:01.108] [SEVERE ] setting player 2 freeze to 0
[20:54:01.109] [SEVERE ] removing player 2 token from slot 5
[20:54:01.109] [SEVERE ] player 2 placing token on slot 5
[20:54:01.117] [SEVERE ] setting player 3 freeze to 0
[20:54:01.117] [SEVERE ] setting player 3 freeze to 0
[20:54:01.118] [SEVERE ] setting player 3 freeze to 0
[20:54:01.118] [SEVERE ] setting player 3 freeze to 0
[20:54:01.119] [SEVERE ] removing player 3 token from slot 1
[20:54:01.119] [SEVERE ] removing player 3 token from slot 11
[20:54:01.120] [SEVERE ] player 3 placing token on slot 7
[20:54:01.120] [SEVERE ] player 3 placing token on slot 3
[20:54:01.127] [SEVERE ] setting player 1 freeze to 0
[20:54:01.128] [SEVERE ] setting player 1 freeze to 0
[20:54:01.128] [SEVERE ] setting player 1 freeze to 0
[20:54:01.129] [SEVERE ] setting player 1 freeze to 0
[20:54:01.129] [SEVERE ] removing player 1 token from slot 4
[20:54:01.130] [SEVERE ] player 1 placing token on slot 11
[20:54:01.138] [SEVERE ] setting player 4 freeze to 0
[20:54:01.138] [SEVERE ] setting player 4 freeze to 0
[20:54:01.139] [SEVERE ] setting player 4 freeze to 0
[20:54:01.139] [SEVERE ] setting player 4 freeze to 0
[20:54:01.139] [SEVERE ] removing player 4 token from slot 7
[20:54:01.140] [SEVERE ] player 4 placing token on slot 4
[20:54:01.148] [SEVERE ] setting player 2 freeze to 0
[20:54:01.149] [SEVERE ] setting player 2 freeze to 0
[20:54:01.149] [SEVERE ] setting player 2 freeze to 0
[20:54:01.149] [SEVERE ] setting player 2 freeze to 0
[20:54:01.150] [SEVERE ] removing player 2 token from slot 5
[20:54:01.150] [SEVERE ] player 2 placing token on slot 2
[20:54:01.159] [SEVERE ] setting player 3 freeze to 0
[20:54:01.160] [SEVERE ] setting player 3 freeze to 0
[20:54:01.160] [SEVERE ] setting player 3 freeze to 0
[20:54:01.160] [SEVERE ] setting player 3 freeze to 0
[20:54:01.161] [SEVERE ] removing player 3 token from slot 2
[20:54:01.161] [SEVERE ] removing player 3 token from slot 7
[20:54:01.162] [SEVERE ] player 3 placing token on slot 1
[20:54:01.162] [SEVERE ] removing player 3 token from slot 1
[20:54:01.163] [SEVERE ] player 3 placing token on slot 11
[20:54:01.163] [SEVERE ] player 3 placing token on slot 4
[20:54:01.169] [SEVERE ] setting player 1 freeze to 0
[20:54:01.174] [SEVERE ] setting player 1 freeze to 0
[20:54:01.175] [SEVERE ] setting player 1 freeze to 0
[20:54:01.175] [SEVERE ] setting player 1 freeze to 0
[20:54:01.176] [SEVERE ] removing player 1 token from slot 2
[20:54:01.176] [SEVERE ] player 1 placing token on slot 4
[20:54:01.179] [SEVERE ] setting player 4 freeze to 0
[20:54:01.180] [SEVERE ] setting player 4 freeze to 0
[20:54:01.180] [SEVERE ] setting player 4 freeze to 0
[20:54:01.181] [SEVERE ] setting player 4 freeze to 0
[20:54:01.181] [SEVERE ] removing player 4 token from slot 10
[20:54:01.182] [SEVERE ] player 4 placing token on slot 3
[20:54:01.190] [SEVERE ] setting player 2 freeze to 0
[20:54:01.190] [SEVERE ] setting player 2 freeze to 0
[20:54:01.190] [SEVERE ] setting player 2 freeze to 0
[20:54:01.192] [SEVERE ] setting player 2 freeze to 0
[20:54:01.192] [SEVERE ] removing player 2 token from slot 8
[20:54:01.193] [SEVERE ] player 2 placing token on slot 7
[20:54:01.200] [SEVERE ] setting player 3 freeze to 0
[20:54:01.201] [SEVERE ] setting player 3 freeze to 0
[20:54:01.201] [SEVERE ] setting player 3 freeze to 0
[20:54:01.201] [SEVERE ] setting player 3 freeze to 0
[20:54:01.202] [SEVERE ] removing player 3 token from slot 3
[20:54:01.202] [SEVERE ] player 3 placing token on slot 2
[20:54:01.210] [SEVERE ] setting player 1 freeze to 0
[20:54:01.210] [SEVERE ] setting player 1 freeze to 0
[20:54:01.211] [SEVERE ] setting player 1 freeze to 0
[20:54:01.211] [SEVERE ] setting player 1 freeze to 0
[20:54:01.212] [SEVERE ] removing player 1 token from slot 11
[20:54:01.212] [SEVERE ] removing player 1 token from slot 9
[20:54:01.213] [SEVERE ] removing player 1 token from slot 4
[20:54:01.213] [SEVERE ] player 1 placing token on slot 9
[20:54:01.214] [SEVERE ] player 1 placing token on slot 1
[20:54:01.214] [SEVERE ] player 1 placing token on slot 7
[20:54:01.220] [SEVERE ] setting player 4 freeze to 0
[20:54:01.221] [SEVERE ] setting player 4 freeze to 0
[20:54:01.221] [SEVERE ] setting player 4 freeze to 0
[20:54:01.221] [SEVERE ] setting player 4 freeze to 0
[20:54:01.222] [SEVERE ] removing player 4 token from slot 4
[20:54:01.222] [SEVERE ] player 4 placing token on slot 5
[20:54:01.231] [SEVERE ] setting player 2 freeze to 0
[20:54:01.232] [SEVERE ] setting player 2 freeze to 0
[20:54:01.232] [SEVERE ] setting player 2 freeze to 0
[20:54:01.232] [SEVERE ] setting player 2 freeze to 0
[20:54:01.233] [SEVERE ] removing player 2 token from slot 2
[20:54:01.233] [SEVERE ] player 2 placing token on slot 10
[20:54:01.241] [SEVERE ] setting player 3 freeze to 0
[20:54:01.241] [SEVERE ] setting player 3 freeze to 0
[20:54:01.241] [SEVERE ] setting player 3 freeze to 0
[20:54:01.242] [SEVERE ] setting player 3 freeze to 0
[20:54:01.242] [SEVERE ] removing player 3 token from slot 11
[20:54:01.243] [SEVERE ] player 3 placing token on slot 6
[20:54:01.251] [SEVERE ] setting player 1 freeze to 0
[20:54:01.251] [SEVERE ] setting player 1 freeze to 0
[20:54:01.252] [SEVERE ] setting player 1 freeze to 0
[20:54:01.252] [SEVERE ] setting player 1 freeze to 0
[20:54:01.253] [SEVERE ] removing player 1 token from slot 9
[20:54:01.253] [SEVERE ] player 1 placing token on slot 6
[20:54:01.261] [SEVERE ] setting player 4 freeze to 0
[20:54:01.262] [SEVERE ] setting player 4 freeze to 0
[20:54:01.263] [SEVERE ] setting player 4 freeze to 0
[20:54:01.263] [SEVERE ] setting player 4 freeze to 0
[20:54:01.263] [SEVERE ] removing player 4 token from slot 5
[20:54:01.264] [SEVERE ] player 4 placing token on slot 5
[20:54:01.272] [SEVERE ] setting player 2 freeze to 0
[20:54:01.272] [SEVERE ] setting player 2 freeze to 0
[20:54:01.272] [SEVERE ] setting player 2 freeze to 0
[20:54:01.273] [SEVERE ] setting player 2 freeze to 0
[20:54:01.273] [SEVERE ] removing player 2 token from slot 7
[20:54:01.274] [SEVERE ] player 2 placing token on slot 1
[20:54:01.282] [SEVERE ] setting player 3 freeze to 0
[20:54:01.282] [SEVERE ] setting player 3 freeze to 0
[20:54:01.285] [SEVERE ] setting player 3 freeze to 0
[20:54:01.285] [SEVERE ] setting player 3 freeze to 0
[20:54:01.285] [SEVERE ] removing player 3 token from slot 4
[20:54:01.286] [SEVERE ] player 3 placing token on slot 5
[20:54:01.293] [SEVERE ] setting player 1 freeze to 0
[20:54:01.293] [SEVERE ] setting player 1 freeze to 0
[20:54:01.293] [SEVERE ] setting player 1 freeze to 0
[20:54:01.294] [SEVERE ] setting player 1 freeze to 0
[20:54:01.295] [SEVERE ] removing player 1 token from slot 6
[20:54:01.295] [SEVERE ] player 1 placing token on slot 8
[20:54:01.303] [SEVERE ] setting player 4 freeze to 0
[20:54:01.303] [SEVERE ] setting player 4 freeze to 0
[20:54:01.305] [SEVERE ] setting player 4 freeze to 0
[20:54:01.305] [SEVERE ] setting player 4 freeze to 0
[20:54:01.305] [SEVERE ] removing player 4 token from slot 3
[20:54:01.305] [SEVERE ] player 4 placing token on slot 2
[20:54:01.313] [SEVERE ] setting player 2 freeze to 0
[20:54:01.313] [SEVERE ] setting player 2 freeze to 0
[20:54:01.314] [SEVERE ] setting player 2 freeze to 0
[20:54:01.314] [SEVERE ] setting player 2 freeze to 0
[20:54:01.315] [SEVERE ] removing player 2 token from slot 3
[20:54:01.316] [SEVERE ] player 2 placing token on slot 5
[20:54:01.323] [SEVERE ] setting player 3 freeze to 0
[20:54:01.324] [SEVERE ] setting player 3 freeze to 0
[20:54:01.324] [SEVERE ] setting player 3 freeze to 0
[20:54:01.324] [SEVERE ] setting player 3 freeze to 0
[20:54:01.325] [SEVERE ] removing player 3 token from slot 5
[20:54:01.327] [SEVERE ] player 3 placing token on slot 4
[20:54:01.334] [SEVERE ] setting player 1 freeze to 0
[20:54:01.334] [SEVERE ] setting player 1 freeze to 0
[20:54:01.334] [SEVERE ] setting player 1 freeze to 0
[20:54:01.335] [SEVERE ] setting player 1 freeze to 0
[20:54:01.335] [SEVERE ] removing player 1 token from slot 7
[20:54:01.336] [SEVERE ] player 1 placing token on slot 2
[20:54:01.344] [SEVERE ] setting player 4 freeze to 0
[20:54:01.345] [SEVERE ] setting player 4 freeze to 0
[20:54:01.345] [SEVERE ] setting player 4 freeze to 0
[20:54:01.345] [SEVERE ] setting player 4 freeze to 0
[20:54:01.346] [SEVERE ] removing player 4 token from slot 2
[20:54:01.347] [SEVERE ] player 4 placing token on slot 8
[20:54:01.354] [SEVERE ] setting player 2 freeze to 0
[20:54:01.355] [SEVERE ] setting player 2 freeze to 0
[20:54:01.355] [SEVERE ] setting player 2 freeze to 0
[20:54:01.356] [SEVERE ] setting player 2 freeze to 0
[20:54:01.356] [SEVERE ] removing player 2 token from slot 1
[20:54:01.356] [SEVERE ] player 2 placing token on slot 6
[20:54:01.365] [SEVERE ] setting player 3 freeze to 0
[20:54:01.365] [SEVERE ] setting player 3 freeze to 0
[20:54:01.366] [SEVERE ] setting player 3 freeze to 0
[20:54:01.366] [SEVERE ] setting player 3 freeze to 0
[20:54:01.366] [SEVERE ] removing player 3 token from slot 2
[20:54:01.367] [SEVERE ] player 3 placing token on slot 3
[20:54:01.376] [SEVERE ] setting player 1 freeze to 0
[20:54:01.377] [SEVERE ] setting player 1 freeze to 0
[20:54:01.378] [SEVERE ] setting player 1 freeze to 0
[20:54:01.379] [SEVERE ] setting player 1 freeze to 0
[20:54:01.380] [SEVERE ] removing player 1 token from slot 1
[20:54:01.385] [SEVERE ] player 1 placing token on slot 3
[20:54:01.389] [SEVERE ] setting player 4 freeze to 0
[20:54:01.389] [SEVERE ] setting player 4 freeze to 0
[20:54:01.390] [SEVERE ] setting player 4 freeze to 0
[20:54:01.391] [SEVERE ] setting player 4 freeze to 0
[20:54:01.391] [SEVERE ] removing player 4 token from slot 5
[20:54:01.392] [SEVERE ] player 4 placing token on slot 3
[20:54:01.399] [SEVERE ] setting player 2 freeze to 0
[20:54:01.399] [SEVERE ] setting player 2 freeze to 0
[20:54:01.403] [SEVERE ] setting player 2 freeze to 0
[20:54:01.403] [SEVERE ] setting player 2 freeze to 0
[20:54:01.404] [SEVERE ] removing player 2 token from slot 10
[20:54:01.404] [SEVERE ] player 2 placing token on slot 3
[20:54:01.410] [SEVERE ] setting player 3 freeze to 0
[20:54:01.410] [SEVERE ] setting player 3 freeze to 0
[20:54:01.411] [SEVERE ] setting player 3 freeze to 0
[20:54:01.412] [SEVERE ] setting player 3 freeze to 0
[20:54:01.413] [SEVERE ] removing player 3 token from slot 3
[20:54:01.413] [SEVERE ] player 3 placing token on slot 8
[20:54:01.420] [SEVERE ] setting player 1 freeze to 0
[20:54:01.420] [SEVERE ] setting player 1 freeze to 0
[20:54:01.421] [SEVERE ] setting player 1 freeze to 0
[20:54:01.421] [SEVERE ] setting player 1 freeze to 0
[20:54:01.422] [SEVERE ] removing player 1 token from slot 3
[20:54:01.422] [SEVERE ] player 1 placing token on slot 4
[20:54:01.430] [SEVERE ] setting player 4 freeze to 0
[20:54:01.431] [SEVERE ] setting player 4 freeze to 0
[20:54:01.431] [SEVERE ] setting player 4 freeze to 0
[20:54:01.432] [SEVERE ] setting player 4 freeze to 0
[20:54:01.432] [SEVERE ] removing player 4 token from slot 3
[20:54:01.433] [SEVERE ] removing player 4 token from slot 8
[20:54:01.433] [SEVERE ] player 4 placing token on slot 2
[20:54:01.434] [SEVERE ] player 4 placing token on slot 6
[20:54:01.441] [SEVERE ] setting player 2 freeze to 0
[20:54:01.441] [SEVERE ] setting player 2 freeze to 0
[20:54:01.442] [SEVERE ] setting player 2 freeze to 0
[20:54:01.443] [SEVERE ] setting player 2 freeze to 0
[20:54:01.444] [SEVERE ] removing player 2 token from slot 6
[20:54:01.446] [SEVERE ] player 2 placing token on slot 10
[20:54:01.451] [SEVERE ] setting player 3 freeze to 0
[20:54:01.451] [SEVERE ] setting player 3 freeze to 0
[20:54:01.452] [SEVERE ] setting player 3 freeze to 0
[20:54:01.452] [SEVERE ] setting player 3 freeze to 0
[20:54:01.452] [SEVERE ] removing player 3 token from slot 8
[20:54:01.453] [SEVERE ] player 3 placing token on slot 10
[20:54:01.461] [SEVERE ] setting player 1 freeze to 0
[20:54:01.462] [SEVERE ] setting player 1 freeze to 0
[20:54:01.462] [SEVERE ] setting player 1 freeze to 0
[20:54:01.462] [SEVERE ] setting player 1 freeze to 0
[20:54:01.463] [SEVERE ] removing player 1 token from slot 8
[20:54:01.463] [SEVERE ] removing player 1 token from slot 4
[20:54:01.464] [SEVERE ] player 1 placing token on slot 5
[20:54:01.464] [SEVERE ] player 1 placing token on slot 11
[20:54:01.472] [SEVERE ] setting player 4 freeze to 0
[20:54:01.472] [SEVERE ] setting player 4 freeze to 0
[20:54:01.472] [SEVERE ] setting player 4 freeze to 0
[20:54:01.473] [SEVERE ] setting player 4 freeze to 0
[20:54:01.473] [SEVERE ] removing player 4 token from slot 6
[20:54:01.474] [SEVERE ] player 4 placing token on slot 7
[20:54:01.482] [SEVERE ] setting player 2 freeze to 0
[20:54:01.482] [SEVERE ] setting player 2 freeze to 0
[20:54:01.483] [SEVERE ] setting player 2 freeze to 0
[20:54:01.483] [SEVERE ] setting player 2 freeze to 0
[20:54:01.484] [SEVERE ] removing player 2 token from slot 5
[20:54:01.484] [SEVERE ] player 2 placing token on slot 9
[20:54:01.492] [SEVERE ] setting player 3 freeze to 0
[20:54:01.494] [SEVERE ] setting player 3 freeze to 0
[20:54:01.494] [SEVERE ] setting player 3 freeze to 0
[20:54:01.495] [SEVERE ] setting player 3 freeze to 0
[20:54:01.495] [SEVERE ] removing player 3 token from slot 4
[20:54:01.495] [SEVERE ] player 3 placing token on slot 5
[20:54:01.503] [SEVERE ] setting player 1 freeze to 0
[20:54:01.503] [SEVERE ] setting player 1 freeze to 0
[20:54:01.503] [SEVERE ] setting player 1 freeze to 0
[20:54:01.503] [SEVERE ] setting player 1 freeze to 0
[20:54:01.503] [SEVERE ] removing player 1 token from slot 2
[20:54:01.503] [SEVERE ] player 1 placing token on slot 2
[20:54:01.513] [SEVERE ] setting player 4 freeze to 0
[20:54:01.513] [SEVERE ] setting player 4 freeze to 0
[20:54:01.514] [SEVERE ] setting player 4 freeze to 0
[20:54:01.515] [SEVERE ] setting player 4 freeze to 0
[20:54:01.515] [SEVERE ] removing player 4 token from slot 7
[20:54:01.516] [SEVERE ] player 4 placing token on slot 10
[20:54:01.523] [SEVERE ] setting player 2 freeze to 0
[20:54:01.523] [SEVERE ] setting player 2 freeze to 0
[20:54:01.524] [SEVERE ] setting player 2 freeze to 0
[20:54:01.524] [SEVERE ] setting player 2 freeze to 0
[20:54:01.525] [SEVERE ] removing player 2 token from slot 3
[20:54:01.525] [SEVERE ] player 2 placing token on slot 5
[20:54:01.534] [SEVERE ] setting player 3 freeze to 0
[20:54:01.534] [SEVERE ] setting player 3 freeze to 0
[20:54:01.534] [SEVERE ] setting player 3 freeze to 0
[20:54:01.535] [SEVERE ] setting player 3 freeze to 0
[20:54:01.535] [SEVERE ] removing player 3 token from slot 5
[20:54:01.536] [SEVERE ] player 3 placing token on slot 11
[20:54:01.544] [SEVERE ] setting player 1 freeze to 0
[20:54:01.544] [SEVERE ] setting player 1 freeze to 0
[20:54:01.545] [SEVERE ] setting player 1 freeze to 0
[20:54:01.545] [SEVERE ] setting player 1 freeze to 0
[20:54:01.546] [SEVERE ] removing player 1 token from slot 2
[20:54:01.546] [SEVERE ] player 1 placing token on slot 4
[20:54:01.554] [SEVERE ] setting player 4 freeze to 0
[20:54:01.555] [SEVERE ] setting player 4 freeze to 0
[20:54:01.555] [SEVERE ] setting player 4 freeze to 0
[20:54:01.555] [SEVERE ] setting player 4 freeze to 0
[20:54:01.556] [SEVERE ] removing player 4 token from slot 2
[20:54:01.556] [SEVERE ] player 4 placing token on slot 6
[20:54:01.565] [SEVERE ] setting player 2 freeze to 0
[20:54:01.565] [SEVERE ] setting player 2 freeze to 0
[20:54:01.566] [SEVERE ] setting player 2 freeze to 0
[20:54:01.566] [SEVERE ] setting player 2 freeze to 0
[20:54:01.567] [SEVERE ] removing player 2 token from slot 5
[20:54:01.567] [SEVERE ] player 2 placing token on slot 6
[20:54:01.576] [SEVERE ] setting player 3 freeze to 0
[20:54:01.576] [SEVERE ] setting player 3 freeze to 0
[20:54:01.576] [SEVERE ] setting player 3 freeze to 0
[20:54:01.576] [SEVERE ] setting player 3 freeze to 0
[20:54:01.576] [SEVERE ] removing player 3 token from slot 10
[20:54:01.576] [SEVERE ] removing player 3 token from slot 11
[20:54:01.576] [SEVERE ] player 3 placing token on slot 11
[20:54:01.577] [SEVERE ] player 3 placing token on slot 7
[20:54:01.586] [SEVERE ] setting player 1 freeze to 0
[20:54:01.586] [SEVERE ] setting player 1 freeze to 0
[20:54:01.586] [SEVERE ] setting player 1 freeze to 0
[20:54:01.587] [SEVERE ] setting player 1 freeze to 0
[20:54:01.587] [SEVERE ] removing player 1 token from slot 4
[20:54:01.588] [SEVERE ] player 1 placing token on slot 7
[20:54:01.596] [SEVERE ] setting player 4 freeze to 0
[20:54:01.596] [SEVERE ] setting player 4 freeze to 0
[20:54:01.597] [SEVERE ] setting player 4 freeze to 0
[20:54:01.597] [SEVERE ] setting player 4 freeze to 0
[20:54:01.598] [SEVERE ] removing player 4 token from slot 9
[20:54:01.598] [SEVERE ] player 4 placing token on slot 2
[20:54:01.606] [SEVERE ] setting player 2 freeze to 0
[20:54:01.606] [SEVERE ] setting player 2 freeze to 0
[20:54:01.607] [SEVERE ] setting player 2 freeze to 0
[20:54:01.607] [SEVERE ] setting player 2 freeze to 0
[20:54:01.608] [SEVERE ] removing player 2 token from slot 6
[20:54:01.609] [SEVERE ] player 2 placing token on slot 6
[20:54:01.616] [SEVERE ] updating countdown to 4000
[20:54:01.617] [SEVERE ] setting player 3 freeze to 0
[20:54:01.617] [SEVERE ] setting player 3 freeze to 0
[20:54:01.617] [SEVERE ] setting player 3 freeze to 0
[20:54:01.618] [SEVERE ] setting player 3 freeze to 0
[20:54:01.618] [SEVERE ] removing player 3 token from slot 7
[20:54:01.618] [SEVERE ] player 3 placing token on slot 7
[20:54:01.629] [SEVERE ] setting player 1 freeze to 0
[20:54:01.631] [SEVERE ] setting player 1 freeze to 0
[20:54:01.632] [SEVERE ] setting player 1 freeze to 0
[20:54:01.632] [SEVERE ] setting player 1 freeze to 0
[20:54:01.633] [SEVERE ] removing player 1 token from slot 5
[20:54:01.633] [SEVERE ] player 1 placing token on slot 8
[20:54:01.639] [SEVERE ] setting player 4 freeze to 0
[20:54:01.639] [SEVERE ] setting player 4 freeze to 0
[20:54:01.641] [SEVERE ] setting player 4 freeze to 0
[20:54:01.641] [SEVERE ] setting player 4 freeze to 0
[20:54:01.641] [SEVERE ] removing player 4 token from slot 10
[20:54:01.642] [SEVERE ] player 4 placing token on slot 8
[20:54:01.650] [SEVERE ] setting player 2 freeze to 0
[20:54:01.650] [SEVERE ] setting player 2 freeze to 0
[20:54:01.650] [SEVERE ] setting player 2 freeze to 0
[20:54:01.651] [SEVERE ] setting player 2 freeze to 0
[20:54:01.651] [SEVERE ] removing player 2 token from slot 6
[20:54:01.652] [SEVERE ] player 2 placing token on slot 2
[20:54:01.661] [SEVERE ] setting player 3 freeze to 0
[20:54:01.662] [SEVERE ] setting player 3 freeze to 0
[20:54:01.662] [SEVERE ] setting player 3 freeze to 0
[20:54:01.663] [SEVERE ] setting player 3 freeze to 0
[20:54:01.663] [SEVERE ] removing player 3 token from slot 7
[20:54:01.664] [SEVERE ] player 3 placing token on slot 2
[20:54:01.671] [SEVERE ] setting player 1 freeze to 0
[20:54:01.671] [SEVERE ] setting player 1 freeze to 0
[20:54:01.672] [SEVERE ] setting player 1 freeze to 0
[20:54:01.672] [SEVERE ] setting player 1 freeze to 0
[20:54:01.673] [SEVERE ] removing player 1 token from slot 7
[20:54:01.673] [SEVERE ] removing player 1 token from slot 11
[20:54:01.674] [SEVERE ] player 1 placing token on slot 5
[20:54:01.674] [SEVERE ] player 1 placing token on slot 6
[20:54:01.681] [SEVERE ] setting player 4 freeze to 0
[20:54:01.683] [SEVERE ] setting player 4 freeze to 0
[20:54:01.683] [SEVERE ] setting player 4 freeze to 0
[20:54:01.683] [SEVERE ] setting player 4 freeze to 0
[20:54:01.683] [SEVERE ] removing player 4 token from slot 8
[20:54:01.683] [SEVERE ] player 4 placing token on slot 1
[20:54:01.692] [SEVERE ] setting player 2 freeze to 0
[20:54:01.692] [SEVERE ] setting player 2 freeze to 0
[20:54:01.692] [SEVERE ] setting player 2 freeze to 0
[20:54:01.693] [SEVERE ] setting player 2 freeze to 0
[20:54:01.693] [SEVERE ] removing player 2 token from slot 10
[20:54:01.694] [SEVERE ] player 2 placing token on slot 8
[20:54:01.704] [SEVERE ] setting player 3 freeze to 0
[20:54:01.704] [SEVERE ] setting player 3 freeze to 0
[20:54:01.705] [SEVERE ] setting player 3 freeze to 0
[20:54:01.705] [SEVERE ] setting player 3 freeze to 0
[20:54:01.705] [SEVERE ] removing player 3 token from slot 11
[20:54:01.705] [SEVERE ] player 3 placing token on slot 7
[20:54:01.715] [SEVERE ] setting player 1 freeze to 0
[20:54:01.716] [SEVERE ] setting player 1 freeze to 0
[20:54:01.716] [SEVERE ] setting player 1 freeze to 0
[20:54:01.717] [SEVERE ] setting player 1 freeze to 0
[20:54:01.718] [SEVERE ] removing player 1 token from slot 5
[20:54:01.718] [SEVERE ] player 1 placing token on slot 3
[20:54:01.729] [SEVERE ] setting player 4 freeze to 0
[20:54:01.730] [SEVERE ] setting player 4 freeze to 0
[20:54:01.730] [SEVERE ] setting player 4 freeze to 0
[20:54:01.730] [SEVERE ] setting player 4 freeze to 0
[20:54:01.730] [SEVERE ] removing player 4 token from slot 6
[20:54:01.731] [SEVERE ] player 4 placing token on slot 3
[20:54:01.739] [SEVERE ] setting player 2 freeze to 0
[20:54:01.740] [SEVERE ] setting player 2 freeze to 0
[20:54:01.740] [SEVERE ] setting player 2 freeze to 0
[20:54:01.740] [SEVERE ] setting player 2 freeze to 0
[20:54:01.740] [SEVERE ] removing player 2 token from slot 8
[20:54:01.740] [SEVERE ] removing player 2 token from slot 9
[20:54:01.740] [SEVERE ] player 2 placing token on slot 4
[20:54:01.740] [SEVERE ] player 2 placing token on slot 3
[20:54:01.750] [SEVERE ] setting player 3 freeze to 0
[20:54:01.750] [SEVERE ] setting player 3 freeze to 0
[20:54:01.751] [SEVERE ] setting player 3 freeze to 0
[20:54:01.752] [SEVERE ] setting player 3 freeze to 0
[20:54:01.752] [SEVERE ] removing player 3 token from slot 6
[20:54:01.752] [SEVERE ] player 3 placing token on slot 8
[20:54:01.761] [SEVERE ] setting player 1 freeze to 0
[20:54:01.761] [SEVERE ] setting player 1 freeze to 0
[20:54:01.762] [SEVERE ] setting player 1 freeze to 0
[20:54:01.762] [SEVERE ] setting player 1 freeze to 0
[20:54:01.763] [SEVERE ] removing player 1 token from slot 3
[20:54:01.763] [SEVERE ] player 1 placing token on slot 2
[20:54:01.772] [SEVERE ] setting player 4 freeze to 0
[20:54:01.772] [SEVERE ] setting player 4 freeze to 0
[20:54:01.773] [SEVERE ] setting player 4 freeze to 0
[20:54:01.773] [SEVERE ] setting player 4 freeze to 0
[20:54:01.774] [SEVERE ] removing player 4 token from slot 1
[20:54:01.774] [SEVERE ] player 4 placing token on slot 10
[20:54:01.782] [SEVERE ] setting player 2 freeze to 0
[20:54:01.784] [SEVERE ] setting player 2 freeze to 0
[20:54:01.785] [SEVERE ] setting player 2 freeze to 0
[20:54:01.785] [SEVERE ] setting player 2 freeze to 0
[20:54:01.786] [SEVERE ] removing player 2 token from slot 4
[20:54:01.786] [SEVERE ] player 2 placing token on slot 6
[20:54:01.795] [SEVERE ] setting player 3 freeze to 0
[20:54:01.796] [SEVERE ] setting player 3 freeze to 0
[20:54:01.796] [SEVERE ] setting player 3 freeze to 0
[20:54:01.796] [SEVERE ] setting player 3 freeze to 0
[20:54:01.796] [SEVERE ] removing player 3 token from slot 7
[20:54:01.796] [SEVERE ] player 3 placing token on slot 1
[20:54:01.805] [SEVERE ] setting player 1 freeze to 0
[20:54:01.805] [SEVERE ] setting player 1 freeze to 0
[20:54:01.806] [SEVERE ] setting player 1 freeze to 0
[20:54:01.806] [SEVERE ] setting player 1 freeze to 0
[20:54:01.806] [SEVERE ] removing player 1 token from slot 8
[20:54:01.807] [SEVERE ] removing player 1 token from slot 2
[20:54:01.807] [SEVERE ] player 1 placing token on slot 5
[20:54:01.807] [SEVERE ] removing player 1 token from slot 5
[20:54:01.807] [SEVERE ] player 1 placing token on slot 5
[20:54:01.807] [SEVERE ] player 1 placing token on slot 2
[20:54:01.815] [SEVERE ] setting player 4 freeze to 0
[20:54:01.816] [SEVERE ] setting player 4 freeze to 0
[20:54:01.816] [SEVERE ] setting player 4 freeze to 0
[20:54:01.816] [SEVERE ] setting player 4 freeze to 0
[20:54:01.816] [SEVERE ] removing player 4 token from slot 10
[20:54:01.816] [SEVERE ] player 4 placing token on slot 11
[20:54:01.828] [SEVERE ] setting player 2 freeze to 0
[20:54:01.831] [SEVERE ] setting player 2 freeze to 0
[20:54:01.831] [SEVERE ] setting player 2 freeze to 0
[20:54:01.831] [SEVERE ] setting player 2 freeze to 0
[20:54:01.831] [SEVERE ] removing player 2 token from slot 3
[20:54:01.831] [SEVERE ] player 2 placing token on slot 4
[20:54:01.838] [SEVERE ] setting player 3 freeze to 0
[20:54:01.839] [SEVERE ] setting player 3 freeze to 0
[20:54:01.839] [SEVERE ] setting player 3 freeze to 0
[20:54:01.839] [SEVERE ] setting player 3 freeze to 0
[20:54:01.839] [SEVERE ] removing player 3 token from slot 2
[20:54:01.839] [SEVERE ] player 3 placing token on slot 7
[20:54:01.848] [SEVERE ] setting player 1 freeze to 0
[20:54:01.848] [SEVERE ] setting player 1 freeze to 0
[20:54:01.849] [SEVERE ] setting player 1 freeze to 0
[20:54:01.849] [SEVERE ] setting player 1 freeze to 0
[20:54:01.850] [SEVERE ] removing player 1 token from slot 5
[20:54:01.850] [SEVERE ] player 1 placing token on slot 11
[20:54:01.859] [SEVERE ] setting player 4 freeze to 0
[20:54:01.861] [SEVERE ] setting player 4 freeze to 0
[20:54:01.861] [SEVERE ] setting player 4 freeze to 0
[20:54:01.861] [SEVERE ] setting player 4 freeze to 0
[20:54:01.861] [SEVERE ] removing player 4 token from slot 3
[20:54:01.861] [SEVERE ] removing player 4 token from slot 2
[20:54:01.861] [SEVERE ] player 4 placing token on slot 6
[20:54:01.861] [SEVERE ] player 4 placing token on slot 1
[20:54:01.869] [SEVERE ] setting player 2 freeze to 0
[20:54:01.869] [SEVERE ] setting player 2 freeze to 0
[20:54:01.869] [SEVERE ] setting player 2 freeze to 0
[20:54:01.870] [SEVERE ] setting player 2 freeze to 0
[20:54:01.871] [SEVERE ] removing player 2 token from slot 6
[20:54:01.871] [SEVERE ] player 2 placing token on slot 6
[20:54:01.879] [SEVERE ] setting player 3 freeze to 0
[20:54:01.880] [SEVERE ] setting player 3 freeze to 0
[20:54:01.880] [SEVERE ] setting player 3 freeze to 0
[20:54:01.880] [SEVERE ] setting player 3 freeze to 0
[20:54:01.881] [SEVERE ] removing player 3 token from slot 1
[20:54:01.881] [SEVERE ] player 3 placing token on slot 4
[20:54:01.889] [SEVERE ] setting player 1 freeze to 0
[20:54:01.891] [SEVERE ] setting player 1 freeze to 0
[20:54:01.891] [SEVERE ] setting player 1 freeze to 0
[20:54:01.892] [SEVERE ] setting player 1 freeze to 0
[20:54:01.892] [SEVERE ] removing player 1 token from slot 11
[20:54:01.893] [SEVERE ] player 1 placing token on slot 3
[20:54:01.900] [SEVERE ] setting player 4 freeze to 0
[20:54:01.900] [SEVERE ] setting player 4 freeze to 0
[20:54:01.900] [SEVERE ] setting player 4 freeze to 0
[20:54:01.901] [SEVERE ] setting player 4 freeze to 0
[20:54:01.901] [SEVERE ] removing player 4 token from slot 11
[20:54:01.902] [SEVERE ] player 4 placing token on slot 5
[20:54:01.910] [SEVERE ] setting player 2 freeze to 0
[20:54:01.910] [SEVERE ] setting player 2 freeze to 0
[20:54:01.911] [SEVERE ] setting player 2 freeze to 0
[20:54:01.911] [SEVERE ] setting player 2 freeze to 0
[20:54:01.912] [SEVERE ] removing player 2 token from slot 2
[20:54:01.912] [SEVERE ] removing player 2 token from slot 4
[20:54:01.913] [SEVERE ] player 2 placing token on slot 1
[20:54:01.913] [SEVERE ] player 2 placing token on slot 9
[20:54:01.920] [SEVERE ] setting player 3 freeze to 0
[20:54:01.921] [SEVERE ] setting player 3 freeze to 0
[20:54:01.921] [SEVERE ] setting player 3 freeze to 0
[20:54:01.921] [SEVERE ] setting player 3 freeze to 0
[20:54:01.922] [SEVERE ] removing player 3 token from slot 8
[20:54:01.922] [SEVERE ] player 3 placing token on slot 5
[20:54:01.930] [SEVERE ] setting player 1 freeze to 0
[20:54:01.931] [SEVERE ] setting player 1 freeze to 0
[20:54:01.931] [SEVERE ] setting player 1 freeze to 0
[20:54:01.932] [SEVERE ] setting player 1 freeze to 0
[20:54:01.932] [SEVERE ] removing player 1 token from slot 2
[20:54:01.932] [SEVERE ] player 1 placing token on slot 11
[20:54:01.941] [SEVERE ] setting player 4 freeze to 0
[20:54:01.942] [SEVERE ] setting player 4 freeze to 0
[20:54:01.942] [SEVERE ] setting player 4 freeze to 0
[20:54:01.942] [SEVERE ] setting player 4 freeze to 0
[20:54:01.943] [SEVERE ] removing player 4 token from slot 1
[20:54:01.943] [SEVERE ] player 4 placing token on slot 11
[20:54:01.951] [SEVERE ] setting player 2 freeze to 0
[20:54:01.951] [SEVERE ] setting player 2 freeze to 0
[20:54:01.952] [SEVERE ] setting player 2 freeze to 0
[20:54:01.952] [SEVERE ] setting player 2 freeze to 0
[20:54:01.953] [SEVERE ] removing player 2 token from slot 6
[20:54:01.953] [SEVERE ] player 2 placing token on slot 3
[20:54:01.962] [SEVERE ] setting player 3 freeze to 0
[20:54:01.962] [SEVERE ] setting player 3 freeze to 0
[20:54:01.962] [SEVERE ] setting player 3 freeze to 0
[20:54:01.963] [SEVERE ] setting player 3 freeze to 0
[20:54:01.963] [SEVERE ] removing player 3 token from slot 4
[20:54:01.964] [SEVERE ] player 3 placing token on slot 3
[20:54:01.973] [SEVERE ] setting player 1 freeze to 0
[20:54:01.975] [SEVERE ] setting player 1 freeze to 0
[20:54:01.975] [SEVERE ] setting player 1 freeze to 0
[20:54:01.975] [SEVERE ] setting player 1 freeze to 0
[20:54:01.979] [SEVERE ] removing player 1 token from slot 6
[20:54:01.979] [SEVERE ] player 1 placing token on slot 7
[20:54:01.983] [SEVERE ] setting player 4 freeze to 0
[20:54:01.985] [SEVERE ] setting player 4 freeze to 0
[20:54:01.985] [SEVERE ] setting player 4 freeze to 0
[20:54:01.986] [SEVERE ] setting player 4 freeze to 0
[20:54:01.986] [SEVERE ] removing player 4 token from slot 5
[20:54:01.987] [SEVERE ] player 4 placing token on slot 10
[20:54:01.994] [SEVERE ] setting player 2 freeze to 0
[20:54:01.994] [SEVERE ] setting player 2 freeze to 0
[20:54:01.995] [SEVERE ] setting player 2 freeze to 0
[20:54:01.995] [SEVERE ] setting player 2 freeze to 0
[20:54:01.996] [SEVERE ] removing player 2 token from slot 1
[20:54:01.997] [SEVERE ] player 2 placing token on slot 4
[20:54:02.005] [SEVERE ] setting player 3 freeze to 0
[20:54:02.005] [SEVERE ] setting player 3 freeze to 0
[20:54:02.006] [SEVERE ] setting player 3 freeze to 0
[20:54:02.006] [SEVERE ] setting player 3 freeze to 0
[20:54:02.007] [SEVERE ] removing player 3 token from slot 3
[20:54:02.008] [SEVERE ] player 3 placing token on slot 2
[20:54:02.015] [SEVERE ] setting player 1 freeze to 0
[20:54:02.016] [SEVERE ] setting player 1 freeze to 0
[20:54:02.016] [SEVERE ] setting player 1 freeze to 0
[20:54:02.017] [SEVERE ] setting player 1 freeze to 0
[20:54:02.017] [SEVERE ] removing player 1 token from slot 11
[20:54:02.018] [SEVERE ] player 1 placing token on slot 1
[20:54:02.029] [SEVERE ] setting player 4 freeze to 0
[20:54:02.031] [SEVERE ] setting player 4 freeze to 0
[20:54:02.031] [SEVERE ] setting player 4 freeze to 0
[20:54:02.032] [SEVERE ] setting player 4 freeze to 0
[20:54:02.032] [SEVERE ] removing player 4 token from slot 6
[20:54:02.033] [SEVERE ] player 4 placing token on slot 3
[20:54:02.039] [SEVERE ] setting player 2 freeze to 0
[20:54:02.040] [SEVERE ] setting player 2 freeze to 0
[20:54:02.040] [SEVERE ] setting player 2 freeze to 0
[20:54:02.042] [SEVERE ] setting player 2 freeze to 0
[20:54:02.042] [SEVERE ] removing player 2 token from slot 4
[20:54:02.043] [SEVERE ] player 2 placing token on slot 5
[20:54:02.050] [SEVERE ] setting player 3 freeze to 0
[20:54:02.050] [SEVERE ] setting player 3 freeze to 0
[20:54:02.050] [SEVERE ] setting player 3 freeze to 0
[20:54:02.051] [SEVERE ] setting player 3 freeze to 0
[20:54:02.051] [SEVERE ] removing player 3 token from slot 2
[20:54:02.052] [SEVERE ] player 3 placing token on slot 11
[20:54:02.062] [SEVERE ] setting player 1 freeze to 0
[20:54:02.062] [SEVERE ] setting player 1 freeze to 0
[20:54:02.063] [SEVERE ] setting player 1 freeze to 0
[20:54:02.063] [SEVERE ] setting player 1 freeze to 0
[20:54:02.064] [SEVERE ] removing player 1 token from slot 1
[20:54:02.064] [SEVERE ] player 1 placing token on slot 4
[20:54:02.072] [SEVERE ] setting player 4 freeze to 0
[20:54:02.073] [SEVERE ] setting player 4 freeze to 0
[20:54:02.073] [SEVERE ] setting player 4 freeze to 0
[20:54:02.074] [SEVERE ] setting player 4 freeze to 0
[20:54:02.075] [SEVERE ] removing player 4 token from slot 3
[20:54:02.076] [SEVERE ] player 4 placing token on slot 5
[20:54:02.083] [SEVERE ] setting player 2 freeze to 0
[20:54:02.083] [SEVERE ] setting player 2 freeze to 0
[20:54:02.083] [SEVERE ] setting player 2 freeze to 0
[20:54:02.084] [SEVERE ] setting player 2 freeze to 0
[20:54:02.084] [SEVERE ] removing player 2 token from slot 3
[20:54:02.085] [SEVERE ] player 2 placing token on slot 2
[20:54:02.097] [SEVERE ] setting player 3 freeze to 0
[20:54:02.097] [SEVERE ] setting player 3 freeze to 0
[20:54:02.098] [SEVERE ] setting player 3 freeze to 0
[20:54:02.098] [SEVERE ] setting player 3 freeze to 0
[20:54:02.099] [SEVERE ] removing player 3 token from slot 5
[20:54:02.099] [SEVERE ] player 3 placing token on slot 10
[20:54:02.107] [SEVERE ] setting player 1 freeze to 0
[20:54:02.108] [SEVERE ] setting player 1 freeze to 0
[20:54:02.108] [SEVERE ] setting player 1 freeze to 0
[20:54:02.109] [SEVERE ] setting player 1 freeze to 0
[20:54:02.109] [SEVERE ] removing player 1 token from slot 4
[20:54:02.110] [SEVERE ] player 1 placing token on slot 8
[20:54:02.118] [SEVERE ] setting player 4 freeze to 0
[20:54:02.118] [SEVERE ] setting player 4 freeze to 0
[20:54:02.119] [SEVERE ] setting player 4 freeze to 0
[20:54:02.119] [SEVERE ] setting player 4 freeze to 0
[20:54:02.120] [SEVERE ] removing player 4 token from slot 11
[20:54:02.120] [SEVERE ] player 4 placing token on slot 2
[20:54:02.128] [SEVERE ] setting player 2 freeze to 0
[20:54:02.128] [SEVERE ] setting player 2 freeze to 0
[20:54:02.129] [SEVERE ] setting player 2 freeze to 0
[20:54:02.129] [SEVERE ] setting player 2 freeze to 0
[20:54:02.130] [SEVERE ] removing player 2 token from slot 5
[20:54:02.130] [SEVERE ] removing player 2 token from slot 9
[20:54:02.131] [SEVERE ] player 2 placing token on slot 7
[20:54:02.131] [SEVERE ] removing player 2 token from slot 2
[20:54:02.132] [SEVERE ] player 2 placing token on slot 1
[20:54:02.132] [SEVERE ] player 2 placing token on slot 6
[20:54:02.139] [SEVERE ] setting player 3 freeze to 0
[20:54:02.139] [SEVERE ] setting player 3 freeze to 0
[20:54:02.140] [SEVERE ] setting player 3 freeze to 0
[20:54:02.141] [SEVERE ] setting player 3 freeze to 0
[20:54:02.141] [SEVERE ] removing player 3 token from slot 7
[20:54:02.142] [SEVERE ] player 3 placing token on slot 9
[20:54:02.152] [SEVERE ] setting player 1 freeze to 0
[20:54:02.152] [SEVERE ] setting player 1 freeze to 0
[20:54:02.153] [SEVERE ] setting player 1 freeze to 0
[20:54:02.154] [SEVERE ] setting player 1 freeze to 0
[20:54:02.154] [SEVERE ] removing player 1 token from slot 8
[20:54:02.154] [SEVERE ] removing player 1 token from slot 7
[20:54:02.155] [SEVERE ] removing player 1 token from slot 3
[20:54:02.155] [SEVERE ] player 1 placing token on slot 1
[20:54:02.156] [SEVERE ] player 1 placing token on slot 7
[20:54:02.156] [SEVERE ] removing player 1 token from slot 1
[20:54:02.157] [SEVERE ] player 1 placing token on slot 11
[20:54:02.158] [SEVERE ] player 1 placing token on slot 10
[20:54:02.162] [SEVERE ] setting player 4 freeze to 0
[20:54:02.162] [SEVERE ] setting player 4 freeze to 0
[20:54:02.163] [SEVERE ] setting player 4 freeze to 0
[20:54:02.163] [SEVERE ] setting player 4 freeze to 0
[20:54:02.164] [SEVERE ] removing player 4 token from slot 10
[20:54:02.164] [SEVERE ] player 4 placing token on slot 9
[20:54:02.172] [SEVERE ] setting player 2 freeze to 0
[20:54:02.172] [SEVERE ] setting player 2 freeze to 0
[20:54:02.173] [SEVERE ] setting player 2 freeze to 0
[20:54:02.174] [SEVERE ] setting player 2 freeze to 0
[20:54:02.174] [SEVERE ] removing player 2 token from slot 7
[20:54:02.174] [SEVERE ] removing player 2 token from slot 6
[20:54:02.175] [SEVERE ] player 2 placing token on slot 5
[20:54:02.175] [SEVERE ] player 2 placing token on slot 3
[20:54:02.183] [SEVERE ] updating countdown to 5000
[20:54:02.183] [SEVERE ] removing player 3 token from slot 11
[20:54:02.183] [SEVERE ] removing player 3 token from slot 11
[20:54:02.184] [SEVERE ] removing player 3 token from slot 11
[20:54:02.183] [SEVERE ] removing player 3 token from slot 9
[20:54:02.184] [SEVERE ] setting player 3 score to 1
[20:54:02.185] [SEVERE ] setting player 3 freeze to 0
[20:54:02.185] [SEVERE ] setting player 3 freeze to 0
[20:54:02.186] [SEVERE ] removing player 3 token from slot 11
[20:54:02.186] [SEVERE ] player 3 placing token on slot 8
[20:54:02.285] [SEVERE ] removing card from slot 9
[20:54:02.285] [SEVERE ] removing player 3 token from slot 10
[20:54:02.385] [SEVERE ] removing card from slot 10
[20:54:02.385] [SEVERE ] removing player 3 token from slot 9
[20:54:02.386] [SEVERE ] removing player 4 token from slot 9
[20:54:02.386] [SEVERE ] removing player 1 token from slot 10
[20:54:02.387] [SEVERE ] removing player 3 token from slot 10
[20:54:02.487] [SEVERE ] placing card 16 in slot 9
[20:54:02.587] [SEVERE ] placing card 58 in slot 10
[20:54:02.687] [SEVERE ] placing card 47 in slot 0
[20:54:02.698] [SEVERE ] setting player 1 freeze to 0
[20:54:02.698] [SEVERE ] setting player 1 freeze to 0
[20:54:02.699] [SEVERE ] setting player 1 freeze to 0
[20:54:02.699] [SEVERE ] setting player 1 freeze to 0
[20:54:02.700] [SEVERE ] removing player 1 token from slot 11
[20:54:02.700] [SEVERE ] player 1 placing token on slot 8
[20:54:02.708] [SEVERE ] setting player 4 freeze to 0
[20:54:02.709] [SEVERE ] setting player 4 freeze to 0
[20:54:02.709] [SEVERE ] setting player 4 freeze to 0
[20:54:02.710] [SEVERE ] setting player 4 freeze to 0
[20:54:02.710] [SEVERE ] removing player 4 token from slot 2
[20:54:02.710] [SEVERE ] removing player 4 token from slot 5
[20:54:02.710] [SEVERE ] player 4 placing token on slot 10
[20:54:02.710] [SEVERE ] player 4 placing token on slot 4
[20:54:02.719] [SEVERE ] setting player 2 freeze to 0
[20:54:02.719] [SEVERE ] setting player 2 freeze to 0
[20:54:02.720] [SEVERE ] setting player 2 freeze to 0
[20:54:02.720] [SEVERE ] setting player 2 freeze to 0
[20:54:02.721] [SEVERE ] removing player 2 token from slot 5
[20:54:02.722] [SEVERE ] player 2 placing token on slot 6
[20:54:02.729] [SEVERE ] setting player 3 freeze to 0
[20:54:02.729] [SEVERE ] setting player 3 freeze to 0
[20:54:02.730] [SEVERE ] setting player 3 freeze to 0
[20:54:02.730] [SEVERE ] setting player 3 freeze to 0
[20:54:02.731] [SEVERE ] player 3 placing token on slot 1
[20:54:02.731] [SEVERE ] player 3 placing token on slot 11
[20:54:02.732] [SEVERE ] player 3 placing token on slot 10
[20:54:02.740] [SEVERE ] setting player 1 freeze to 0
[20:54:02.740] [SEVERE ] setting player 1 freeze to 0
[20:54:02.741] [SEVERE ] setting player 1 freeze to 0
[20:54:02.742] [SEVERE ] setting player 1 freeze to 0
[20:54:02.742] [SEVERE ] removing player 1 token from slot 7
[20:54:02.743] [SEVERE ] player 1 placing token on slot 3
[20:54:02.750] [SEVERE ] setting player 4 freeze to 0
[20:54:02.750] [SEVERE ] setting player 4 freeze to 0
[20:54:02.750] [SEVERE ] setting player 4 freeze to 0
[20:54:02.751] [SEVERE ] setting player 4 freeze to 0
[20:54:02.751] [SEVERE ] removing player 4 token from slot 4
[20:54:02.752] [SEVERE ] player 4 placing token on slot 7
[20:54:02.760] [SEVERE ] setting player 2 freeze to 0
[20:54:02.761] [SEVERE ] setting player 2 freeze to 0
[20:54:02.761] [SEVERE ] setting player 2 freeze to 0
[20:54:02.761] [SEVERE ] setting player 2 freeze to 0
[20:54:02.762] [SEVERE ] removing player 2 token from slot 6
[20:54:02.762] [SEVERE ] player 2 placing token on slot 9
