[13:06:12.361] [INFO   ] thread main starting.
[13:06:12.370] [SEVERE ] cannot read configuration file config.properties trying from resources.
[13:06:12.371] [SEVERE ] configuration file was loaded from resources directory.
[13:06:12.778] [INFO   ] thread dealer starting.
[13:06:12.779] [INFO   ] Thread dealer starting.
[13:06:12.884] [SEVERE ] placing card 45 in slot 0
[13:06:12.985] [SEVERE ] placing card 50 in slot 1
[13:06:13.087] [SEVERE ] placing card 38 in slot 2
[13:06:13.188] [SEVERE ] placing card 19 in slot 3
[13:06:13.289] [SEVERE ] placing card 68 in slot 4
[13:06:13.391] [SEVERE ] placing card 51 in slot 5
[13:06:13.492] [SEVERE ] placing card 47 in slot 6
[13:06:13.593] [SEVERE ] placing card 73 in slot 7
[13:06:13.694] [SEVERE ] placing card 16 in slot 8
[13:06:13.795] [SEVERE ] placing card 1 in slot 9
[13:06:13.896] [SEVERE ] placing card 79 in slot 10
[13:06:13.997] [SEVERE ] placing card 4 in slot 11
[13:06:13.998] [INFO   ] Thread Thread-1starting.
[13:06:13.999] [INFO   ] Thread Thread-4starting.
[13:06:13.999] [SEVERE ] updating countdown to 5000
[13:06:13.998] [INFO   ] Thread Thread-3starting.
[13:06:13.998] [INFO   ] Thread Thread-2starting.
[13:06:14.000] [INFO   ] Thread computer-3 starting.
[13:06:14.000] [INFO   ] Thread computer-0 starting.
[13:06:14.002] [SEVERE ] player 4 placing token on slot 5
[13:06:14.002] [INFO   ] Thread computer-1 starting.
[13:06:14.001] [INFO   ] Thread computer-2 starting.
[13:06:14.002] [SEVERE ] player 1 placing token on slot 5
[13:06:14.004] [SEVERE ] player 3 placing token on slot 1
[13:06:14.004] [SEVERE ] player 3 placing token on slot 6
[13:06:14.005] [SEVERE ] player 2 placing token on slot 6
[13:06:14.005] [SEVERE ] player 4 placing token on slot 8
[13:06:14.006] [SEVERE ] player 2 placing token on slot 4
[13:06:14.006] [SEVERE ] player 3 placing token on slot 10
[13:06:14.007] [SEVERE ] player 1 placing token on slot 2
[13:06:14.007] [SEVERE ] player 2 placing token on slot 8
[13:06:14.008] [SEVERE ] player 4 placing token on slot 10
[13:06:14.008] [SEVERE ] player 1 placing token on slot 7
[13:06:14.011] [SEVERE ] setting player 3 freeze to 0
[13:06:14.011] [SEVERE ] setting player 3 freeze to 0
[13:06:14.012] [SEVERE ] setting player 3 freeze to 0
[13:06:14.012] [SEVERE ] setting player 3 freeze to 0
[13:06:14.013] [SEVERE ] removing player 3 token from slot 1
[13:06:14.014] [SEVERE ] player 3 placing token on slot 9
[13:06:14.023] [SEVERE ] setting player 2 freeze to 0
[13:06:14.023] [SEVERE ] setting player 2 freeze to 0
[13:06:14.024] [SEVERE ] setting player 2 freeze to 0
[13:06:14.024] [SEVERE ] setting player 2 freeze to 0
[13:06:14.025] [SEVERE ] removing player 2 token from slot 6
[13:06:14.026] [SEVERE ] removing player 2 token from slot 4
[13:06:14.026] [SEVERE ] player 2 placing token on slot 4
[13:06:14.027] [SEVERE ] player 2 placing token on slot 9
[13:06:14.034] [SEVERE ] setting player 4 freeze to 0
[13:06:14.034] [SEVERE ] setting player 4 freeze to 0
[13:06:14.035] [SEVERE ] setting player 4 freeze to 0
[13:06:14.035] [SEVERE ] setting player 4 freeze to 0
[13:06:14.036] [SEVERE ] removing player 4 token from slot 8
[13:06:14.036] [SEVERE ] player 4 placing token on slot 8
[13:06:14.044] [SEVERE ] setting player 1 freeze to 0
[13:06:14.044] [SEVERE ] setting player 1 freeze to 0
[13:06:14.045] [SEVERE ] setting player 1 freeze to 0
[13:06:14.046] [SEVERE ] setting player 1 freeze to 0
[13:06:14.047] [SEVERE ] removing player 1 token from slot 2
[13:06:14.047] [SEVERE ] player 1 placing token on slot 8
[13:06:14.055] [SEVERE ] setting player 3 freeze to 0
[13:06:14.055] [SEVERE ] setting player 3 freeze to 0
[13:06:14.056] [SEVERE ] setting player 3 freeze to 0
[13:06:14.056] [SEVERE ] setting player 3 freeze to 0
[13:06:14.057] [SEVERE ] removing player 3 token from slot 6
[13:06:14.057] [SEVERE ] removing player 3 token from slot 10
[13:06:14.058] [SEVERE ] player 3 placing token on slot 2
[13:06:14.058] [SEVERE ] player 3 placing token on slot 1
[13:06:14.065] [SEVERE ] setting player 2 freeze to 0
[13:06:14.065] [SEVERE ] setting player 2 freeze to 0
[13:06:14.066] [SEVERE ] setting player 2 freeze to 0
[13:06:14.068] [SEVERE ] setting player 2 freeze to 0
[13:06:14.071] [SEVERE ] removing player 2 token from slot 4
[13:06:14.072] [SEVERE ] player 2 placing token on slot 6
[13:06:14.075] [SEVERE ] setting player 4 freeze to 0
[13:06:14.076] [SEVERE ] setting player 4 freeze to 0
[13:06:14.076] [SEVERE ] setting player 4 freeze to 0
[13:06:14.076] [SEVERE ] setting player 4 freeze to 0
[13:06:14.077] [SEVERE ] removing player 4 token from slot 10
[13:06:14.077] [SEVERE ] player 4 placing token on slot 7
[13:06:14.086] [SEVERE ] setting player 1 freeze to 0
[13:06:14.086] [SEVERE ] setting player 1 freeze to 0
[13:06:14.087] [SEVERE ] setting player 1 freeze to 0
[13:06:14.117] [SEVERE ] setting player 4 freeze to 0
[13:06:14.107] [SEVERE ] setting player 2 freeze to 0
[13:06:14.096] [SEVERE ] setting player 3 freeze to 0
[13:06:14.295] [SEVERE ] setting player 2 freeze to 0
[13:06:14.295] [SEVERE ] setting player 4 freeze to 0
[13:06:14.294] [SEVERE ] setting player 1 freeze to 0
[13:06:14.297] [SEVERE ] setting player 4 freeze to 0
[13:06:14.298] [SEVERE ] setting player 4 freeze to 0
[13:06:14.296] [SEVERE ] setting player 2 freeze to 0
[13:06:14.296] [SEVERE ] setting player 3 freeze to 0
[13:06:14.299] [SEVERE ] setting player 2 freeze to 0
[13:06:14.298] [SEVERE ] removing player 1 token from slot 5
[13:06:14.299] [SEVERE ] setting player 3 freeze to 0
[13:06:14.301] [SEVERE ] removing player 2 token from slot 6
[13:06:14.301] [SEVERE ] setting player 3 freeze to 0
[13:06:14.301] [SEVERE ] removing player 4 token from slot 8
[13:06:14.302] [SEVERE ] removing player 3 token from slot 1
[13:06:14.303] [SEVERE ] player 2 placing token on slot 4
[13:06:14.303] [SEVERE ] removing player 1 token from slot 8
[13:06:14.304] [SEVERE ] player 3 placing token on slot 7
[13:06:14.304] [SEVERE ] player 1 placing token on slot 1
[13:06:14.305] [SEVERE ] player 1 placing token on slot 4
[13:06:14.313] [SEVERE ] setting player 2 freeze to 0
[13:06:14.313] [SEVERE ] setting player 2 freeze to 0
[13:06:14.318] [SEVERE ] setting player 2 freeze to 0
[13:06:14.320] [SEVERE ] setting player 2 freeze to 0
[13:06:14.321] [SEVERE ] removing player 2 token from slot 4
[13:06:14.322] [SEVERE ] player 2 placing token on slot 4
[13:06:14.323] [SEVERE ] setting player 3 freeze to 0
[13:06:14.324] [SEVERE ] setting player 3 freeze to 0
[13:06:14.324] [SEVERE ] setting player 3 freeze to 0
[13:06:14.324] [SEVERE ] setting player 3 freeze to 0
[13:06:14.325] [SEVERE ] removing player 3 token from slot 2
[13:06:14.325] [SEVERE ] removing player 3 token from slot 7
[13:06:14.326] [SEVERE ] player 3 placing token on slot 2
[13:06:14.326] [SEVERE ] player 3 placing token on slot 4
[13:06:14.334] [SEVERE ] setting player 1 freeze to 0
[13:06:14.334] [SEVERE ] setting player 1 freeze to 0
[13:06:14.335] [SEVERE ] setting player 1 freeze to 0
[13:06:14.335] [SEVERE ] setting player 1 freeze to 0
[13:06:14.336] [SEVERE ] removing player 1 token from slot 7
[13:06:14.337] [SEVERE ] player 1 placing token on slot 2
[13:06:14.344] [SEVERE ] setting player 2 freeze to 0
[13:06:14.344] [SEVERE ] setting player 2 freeze to 0
[13:06:14.345] [SEVERE ] setting player 2 freeze to 0
[13:06:14.346] [SEVERE ] setting player 2 freeze to 0
[13:06:14.347] [SEVERE ] removing player 2 token from slot 4
[13:06:14.347] [SEVERE ] player 2 placing token on slot 6
[13:06:14.355] [SEVERE ] setting player 3 freeze to 0
[13:06:14.355] [SEVERE ] setting player 3 freeze to 0
[13:06:14.356] [SEVERE ] setting player 3 freeze to 0
[13:06:14.356] [SEVERE ] setting player 3 freeze to 0
[13:06:14.357] [SEVERE ] removing player 3 token from slot 9
[13:06:14.357] [SEVERE ] removing player 3 token from slot 2
[13:06:14.358] [SEVERE ] player 3 placing token on slot 2
[13:06:14.358] [SEVERE ] player 3 placing token on slot 9
[13:06:14.365] [SEVERE ] setting player 1 freeze to 0
[13:06:14.366] [SEVERE ] setting player 1 freeze to 0
[13:06:14.366] [SEVERE ] setting player 1 freeze to 0
[13:06:14.367] [SEVERE ] setting player 1 freeze to 0
[13:06:14.367] [SEVERE ] removing player 1 token from slot 2
[13:06:14.368] [SEVERE ] player 1 placing token on slot 3
[13:06:14.376] [SEVERE ] setting player 2 freeze to 0
[13:06:14.376] [SEVERE ] setting player 2 freeze to 0
[13:06:14.377] [SEVERE ] setting player 2 freeze to 0
[13:06:14.377] [SEVERE ] setting player 2 freeze to 0
[13:06:14.377] [SEVERE ] removing player 2 token from slot 6
[13:06:14.378] [SEVERE ] player 2 placing token on slot 1
[13:06:14.386] [SEVERE ] setting player 3 freeze to 0
[13:06:14.387] [SEVERE ] setting player 3 freeze to 0
[13:06:14.387] [SEVERE ] setting player 3 freeze to 0
[13:06:14.387] [SEVERE ] setting player 3 freeze to 0
[13:06:14.388] [SEVERE ] removing player 3 token from slot 4
[13:06:14.389] [SEVERE ] player 3 placing token on slot 11
[13:06:14.397] [SEVERE ] setting player 1 freeze to 0
[13:06:14.397] [SEVERE ] setting player 1 freeze to 0
[13:06:14.398] [SEVERE ] setting player 1 freeze to 0
[13:06:14.398] [SEVERE ] setting player 1 freeze to 0
[13:06:14.398] [SEVERE ] removing player 1 token from slot 3
[13:06:14.399] [SEVERE ] player 1 placing token on slot 9
[13:06:14.407] [SEVERE ] setting player 2 freeze to 0
[13:06:14.407] [SEVERE ] setting player 2 freeze to 0
[13:06:14.408] [SEVERE ] setting player 2 freeze to 0
[13:06:14.408] [SEVERE ] setting player 2 freeze to 0
[13:06:14.409] [SEVERE ] removing player 2 token from slot 8
[13:06:14.409] [SEVERE ] player 2 placing token on slot 6
[13:06:14.417] [SEVERE ] setting player 3 freeze to 0
[13:06:14.418] [SEVERE ] setting player 3 freeze to 0
[13:06:14.418] [SEVERE ] setting player 3 freeze to 0
[13:06:14.419] [SEVERE ] setting player 3 freeze to 0
[13:06:14.419] [SEVERE ] removing player 3 token from slot 9
[13:06:14.420] [SEVERE ] player 3 placing token on slot 10
[13:06:14.428] [SEVERE ] setting player 1 freeze to 0
[13:06:14.428] [SEVERE ] setting player 1 freeze to 0
[13:06:14.429] [SEVERE ] setting player 1 freeze to 0
[13:06:14.430] [SEVERE ] setting player 1 freeze to 0
[13:06:14.430] [SEVERE ] removing player 1 token from slot 1
[13:06:14.431] [SEVERE ] player 1 placing token on slot 2
[13:06:14.438] [SEVERE ] setting player 2 freeze to 0
[13:06:14.439] [SEVERE ] setting player 2 freeze to 0
[13:06:14.440] [SEVERE ] setting player 2 freeze to 0
[13:06:14.440] [SEVERE ] setting player 2 freeze to 0
[13:06:14.441] [SEVERE ] removing player 2 token from slot 1
[13:06:14.449] [SEVERE ] setting player 3 freeze to 0
[13:06:14.455] [SEVERE ] player 2 placing token on slot 3
[13:06:14.455] [SEVERE ] setting player 3 freeze to 0
[13:06:14.456] [SEVERE ] setting player 3 freeze to 0
[13:06:14.457] [SEVERE ] setting player 3 freeze to 0
[13:06:14.457] [SEVERE ] removing player 3 token from slot 11
[13:06:14.458] [SEVERE ] player 3 placing token on slot 4
[13:06:14.459] [SEVERE ] setting player 1 freeze to 0
[13:06:14.460] [SEVERE ] setting player 1 freeze to 0
[13:06:14.460] [SEVERE ] setting player 1 freeze to 0
[13:06:14.461] [SEVERE ] setting player 1 freeze to 0
[13:06:14.461] [SEVERE ] removing player 1 token from slot 9
[13:06:14.462] [SEVERE ] player 1 placing token on slot 8
[13:06:14.470] [SEVERE ] setting player 2 freeze to 0
[13:06:14.470] [SEVERE ] setting player 2 freeze to 0
[13:06:14.471] [SEVERE ] setting player 2 freeze to 0
[13:06:14.471] [SEVERE ] setting player 2 freeze to 0
[13:06:14.472] [SEVERE ] removing player 2 token from slot 6
[13:06:14.473] [SEVERE ] removing player 2 token from slot 3
[13:06:14.473] [SEVERE ] player 2 placing token on slot 6
[13:06:14.474] [SEVERE ] player 2 placing token on slot 8
[13:06:14.480] [SEVERE ] setting player 3 freeze to 0
[13:06:14.482] [SEVERE ] setting player 3 freeze to 0
[13:06:14.482] [SEVERE ] setting player 3 freeze to 0
[13:06:14.482] [SEVERE ] setting player 3 freeze to 0
[13:06:14.483] [SEVERE ] removing player 3 token from slot 10
[13:06:14.483] [SEVERE ] player 3 placing token on slot 6
[13:06:14.491] [SEVERE ] setting player 1 freeze to 0
[13:06:14.491] [SEVERE ] setting player 1 freeze to 0
[13:06:14.491] [SEVERE ] setting player 1 freeze to 0
[13:06:14.492] [SEVERE ] setting player 1 freeze to 0
[13:06:14.492] [SEVERE ] removing player 1 token from slot 4
[13:06:14.493] [SEVERE ] player 1 placing token on slot 4
[13:06:14.501] [SEVERE ] setting player 2 freeze to 0
[13:06:14.501] [SEVERE ] setting player 2 freeze to 0
[13:06:14.502] [SEVERE ] setting player 2 freeze to 0
[13:06:14.502] [SEVERE ] setting player 2 freeze to 0
[13:06:14.503] [SEVERE ] removing player 2 token from slot 9
[13:06:14.503] [SEVERE ] player 2 placing token on slot 4
[13:06:14.511] [SEVERE ] setting player 3 freeze to 0
[13:06:14.512] [SEVERE ] setting player 3 freeze to 0
[13:06:14.512] [SEVERE ] setting player 3 freeze to 0
[13:06:14.513] [SEVERE ] setting player 3 freeze to 0
[13:06:14.513] [SEVERE ] removing player 3 token from slot 4
[13:06:14.514] [SEVERE ] removing player 3 token from slot 6
[13:06:14.514] [SEVERE ] player 3 placing token on slot 3
[13:06:14.515] [SEVERE ] player 3 placing token on slot 10
[13:06:14.522] [SEVERE ] setting player 1 freeze to 0
[13:06:14.523] [SEVERE ] setting player 1 freeze to 0
[13:06:14.523] [SEVERE ] setting player 1 freeze to 0
[13:06:14.524] [SEVERE ] setting player 1 freeze to 0
[13:06:14.524] [SEVERE ] removing player 1 token from slot 4
[13:06:14.525] [SEVERE ] player 1 placing token on slot 9
[13:06:14.533] [SEVERE ] setting player 2 freeze to 0
[13:06:14.533] [SEVERE ] setting player 2 freeze to 0
[13:06:14.534] [SEVERE ] setting player 2 freeze to 0
[13:06:14.534] [SEVERE ] setting player 2 freeze to 0
[13:06:14.535] [SEVERE ] removing player 2 token from slot 4
[13:06:14.535] [SEVERE ] removing player 2 token from slot 6
[13:06:14.536] [SEVERE ] player 2 placing token on slot 11
[13:06:14.536] [SEVERE ] player 2 placing token on slot 10
[13:06:14.544] [SEVERE ] setting player 3 freeze to 0
[13:06:14.544] [SEVERE ] setting player 3 freeze to 0
[13:06:14.544] [SEVERE ] setting player 3 freeze to 0
[13:06:14.545] [SEVERE ] setting player 3 freeze to 0
[13:06:14.545] [SEVERE ] removing player 3 token from slot 10
[13:06:14.546] [SEVERE ] player 3 placing token on slot 6
[13:06:14.554] [SEVERE ] setting player 1 freeze to 0
[13:06:14.554] [SEVERE ] setting player 1 freeze to 0
[13:06:14.555] [SEVERE ] setting player 1 freeze to 0
[13:06:14.555] [SEVERE ] setting player 1 freeze to 0
[13:06:14.555] [SEVERE ] removing player 1 token from slot 9
[13:06:14.556] [SEVERE ] player 1 placing token on slot 4
[13:06:14.564] [SEVERE ] setting player 2 freeze to 0
[13:06:14.564] [SEVERE ] setting player 2 freeze to 0
[13:06:14.565] [SEVERE ] setting player 2 freeze to 0
[13:06:14.566] [SEVERE ] setting player 2 freeze to 0
[13:06:14.566] [SEVERE ] removing player 2 token from slot 8
[13:06:14.567] [SEVERE ] player 2 placing token on slot 8
[13:06:14.575] [SEVERE ] setting player 3 freeze to 0
[13:06:14.575] [SEVERE ] setting player 3 freeze to 0
[13:06:14.576] [SEVERE ] setting player 3 freeze to 0
[13:06:14.576] [SEVERE ] setting player 3 freeze to 0
[13:06:14.577] [SEVERE ] removing player 3 token from slot 2
[13:06:14.577] [SEVERE ] player 3 placing token on slot 2
[13:06:14.585] [SEVERE ] setting player 1 freeze to 0
[13:06:14.586] [SEVERE ] setting player 1 freeze to 0
[13:06:14.586] [SEVERE ] setting player 1 freeze to 0
[13:06:14.587] [SEVERE ] setting player 1 freeze to 0
[13:06:14.587] [SEVERE ] removing player 1 token from slot 2
[13:06:14.588] [SEVERE ] player 1 placing token on slot 10
[13:06:14.596] [SEVERE ] setting player 2 freeze to 0
[13:06:14.596] [SEVERE ] setting player 2 freeze to 0
[13:06:14.596] [SEVERE ] setting player 2 freeze to 0
[13:06:14.597] [SEVERE ] setting player 2 freeze to 0
[13:06:14.597] [SEVERE ] removing player 2 token from slot 8
[13:06:14.598] [SEVERE ] player 2 placing token on slot 2
[13:06:14.606] [SEVERE ] setting player 3 freeze to 0
[13:06:14.606] [SEVERE ] setting player 3 freeze to 0
[13:06:14.606] [SEVERE ] setting player 3 freeze to 0
[13:06:14.607] [SEVERE ] setting player 3 freeze to 0
[13:06:14.607] [SEVERE ] removing player 3 token from slot 2
[13:06:14.608] [SEVERE ] player 3 placing token on slot 4
[13:06:14.616] [SEVERE ] setting player 1 freeze to 0
[13:06:14.616] [SEVERE ] setting player 1 freeze to 0
[13:06:14.617] [SEVERE ] setting player 1 freeze to 0
[13:06:14.617] [SEVERE ] setting player 1 freeze to 0
[13:06:14.617] [SEVERE ] removing player 1 token from slot 8
[13:06:14.618] [SEVERE ] player 1 placing token on slot 5
[13:06:14.626] [SEVERE ] setting player 2 freeze to 0
[13:06:14.626] [SEVERE ] setting player 2 freeze to 0
[13:06:14.627] [SEVERE ] setting player 2 freeze to 0
[13:06:14.627] [SEVERE ] setting player 2 freeze to 0
[13:06:14.628] [SEVERE ] removing player 2 token from slot 10
[13:06:14.628] [SEVERE ] removing player 2 token from slot 11
[13:06:14.628] [SEVERE ] player 2 placing token on slot 10
[13:06:14.629] [SEVERE ] removing player 2 token from slot 2
[13:06:14.629] [SEVERE ] removing player 2 token from slot 10
[13:06:14.630] [SEVERE ] player 2 placing token on slot 3
[13:06:14.630] [SEVERE ] player 2 placing token on slot 6
[13:06:14.630] [SEVERE ] removing player 2 token from slot 3
[13:06:14.631] [SEVERE ] player 2 placing token on slot 4
[13:06:14.631] [SEVERE ] player 2 placing token on slot 1
[13:06:14.637] [SEVERE ] setting player 3 freeze to 0
[13:06:14.637] [SEVERE ] setting player 3 freeze to 0
[13:06:14.637] [SEVERE ] setting player 3 freeze to 0
[13:06:14.638] [SEVERE ] setting player 3 freeze to 0
[13:06:14.638] [SEVERE ] removing player 3 token from slot 3
[13:06:14.639] [SEVERE ] player 3 placing token on slot 1
[13:06:14.647] [SEVERE ] setting player 1 freeze to 0
[13:06:14.647] [SEVERE ] setting player 1 freeze to 0
[13:06:14.647] [SEVERE ] setting player 1 freeze to 0
[13:06:14.648] [SEVERE ] setting player 1 freeze to 0
[13:06:14.649] [SEVERE ] removing player 1 token from slot 4
[13:06:14.649] [SEVERE ] player 1 placing token on slot 7
[13:06:14.657] [SEVERE ] setting player 2 freeze to 0
[13:06:14.657] [SEVERE ] setting player 2 freeze to 0
[13:06:14.657] [SEVERE ] setting player 2 freeze to 0
[13:06:14.658] [SEVERE ] setting player 2 freeze to 0
[13:06:14.658] [SEVERE ] removing player 2 token from slot 4
[13:06:14.659] [SEVERE ] player 2 placing token on slot 5
[13:06:14.667] [SEVERE ] setting player 3 freeze to 0
[13:06:14.667] [SEVERE ] setting player 3 freeze to 0
[13:06:14.669] [SEVERE ] setting player 3 freeze to 0
[13:06:14.671] [SEVERE ] setting player 3 freeze to 0
[13:06:14.673] [SEVERE ] removing player 3 token from slot 1
[13:06:14.673] [SEVERE ] player 3 placing token on slot 5
[13:06:14.678] [SEVERE ] setting player 1 freeze to 0
[13:06:14.678] [SEVERE ] setting player 1 freeze to 0
[13:06:14.678] [SEVERE ] setting player 1 freeze to 0
[13:06:14.679] [SEVERE ] setting player 1 freeze to 0
[13:06:14.680] [SEVERE ] removing player 1 token from slot 5
[13:06:14.680] [SEVERE ] player 1 placing token on slot 1
[13:06:14.688] [SEVERE ] setting player 2 freeze to 0
[13:06:14.688] [SEVERE ] setting player 2 freeze to 0
[13:06:14.689] [SEVERE ] setting player 2 freeze to 0
[13:06:14.689] [SEVERE ] setting player 2 freeze to 0
[13:06:14.690] [SEVERE ] removing player 2 token from slot 6
[13:06:14.690] [SEVERE ] player 2 placing token on slot 4
[13:06:14.698] [SEVERE ] setting player 3 freeze to 0
[13:06:14.698] [SEVERE ] setting player 3 freeze to 0
[13:06:14.699] [SEVERE ] setting player 3 freeze to 0
[13:06:14.699] [SEVERE ] setting player 3 freeze to 0
[13:06:14.700] [SEVERE ] removing player 3 token from slot 6
[13:06:14.701] [SEVERE ] player 3 placing token on slot 1
[13:06:14.709] [SEVERE ] setting player 1 freeze to 0
[13:06:14.709] [SEVERE ] setting player 1 freeze to 0
[13:06:14.709] [SEVERE ] setting player 1 freeze to 0
[13:06:14.710] [SEVERE ] setting player 1 freeze to 0
[13:06:14.711] [SEVERE ] removing player 1 token from slot 7
[13:06:14.711] [SEVERE ] player 1 placing token on slot 4
[13:06:14.719] [SEVERE ] setting player 2 freeze to 0
[13:06:14.719] [SEVERE ] setting player 2 freeze to 0
[13:06:14.720] [SEVERE ] setting player 2 freeze to 0
[13:06:14.720] [SEVERE ] setting player 2 freeze to 0
[13:06:14.721] [SEVERE ] removing player 2 token from slot 1
[13:06:14.722] [SEVERE ] player 2 placing token on slot 8
[13:06:14.730] [SEVERE ] setting player 3 freeze to 0
[13:06:14.730] [SEVERE ] setting player 3 freeze to 0
[13:06:14.730] [SEVERE ] setting player 3 freeze to 0
[13:06:14.731] [SEVERE ] setting player 3 freeze to 0
[13:06:14.731] [SEVERE ] removing player 3 token from slot 1
[13:06:14.732] [SEVERE ] player 3 placing token on slot 2
[13:06:14.740] [SEVERE ] setting player 1 freeze to 0
[13:06:14.740] [SEVERE ] setting player 1 freeze to 0
[13:06:14.741] [SEVERE ] setting player 1 freeze to 0
[13:06:14.741] [SEVERE ] setting player 1 freeze to 0
[13:06:14.741] [SEVERE ] removing player 1 token from slot 10
[13:06:14.742] [SEVERE ] player 1 placing token on slot 11
[13:06:14.750] [SEVERE ] setting player 2 freeze to 0
[13:06:14.750] [SEVERE ] setting player 2 freeze to 0
[13:06:14.751] [SEVERE ] setting player 2 freeze to 0
[13:06:14.751] [SEVERE ] setting player 2 freeze to 0
[13:06:14.752] [SEVERE ] removing player 2 token from slot 5
[13:06:14.752] [SEVERE ] player 2 placing token on slot 11
[13:06:14.761] [SEVERE ] setting player 3 freeze to 0
[13:06:14.761] [SEVERE ] setting player 3 freeze to 0
[13:06:14.761] [SEVERE ] setting player 3 freeze to 0
[13:06:14.762] [SEVERE ] setting player 3 freeze to 0
[13:06:14.763] [SEVERE ] removing player 3 token from slot 2
[13:06:14.763] [SEVERE ] player 3 placing token on slot 2
[13:06:14.771] [SEVERE ] setting player 1 freeze to 0
[13:06:14.771] [SEVERE ] setting player 1 freeze to 0
[13:06:14.772] [SEVERE ] setting player 1 freeze to 0
[13:06:14.773] [SEVERE ] setting player 1 freeze to 0
[13:06:14.773] [SEVERE ] removing player 1 token from slot 1
[13:06:14.774] [SEVERE ] removing player 1 token from slot 4
[13:06:14.774] [SEVERE ] player 1 placing token on slot 6
[13:06:14.774] [SEVERE ] player 1 placing token on slot 1
[13:06:14.782] [SEVERE ] setting player 2 freeze to 0
[13:06:14.782] [SEVERE ] setting player 2 freeze to 0
[13:06:14.783] [SEVERE ] setting player 2 freeze to 0
[13:06:14.783] [SEVERE ] setting player 2 freeze to 0
[13:06:14.783] [SEVERE ] removing player 2 token from slot 8
[13:06:14.784] [SEVERE ] player 2 placing token on slot 6
[13:06:14.792] [SEVERE ] setting player 3 freeze to 0
[13:06:14.792] [SEVERE ] setting player 3 freeze to 0
[13:06:14.793] [SEVERE ] setting player 3 freeze to 0
[13:06:14.793] [SEVERE ] setting player 3 freeze to 0
[13:06:14.794] [SEVERE ] removing player 3 token from slot 4
[13:06:14.794] [SEVERE ] player 3 placing token on slot 10
[13:06:14.802] [SEVERE ] setting player 1 freeze to 0
[13:06:14.802] [SEVERE ] setting player 1 freeze to 0
[13:06:14.803] [SEVERE ] setting player 1 freeze to 0
[13:06:14.803] [SEVERE ] setting player 1 freeze to 0
[13:06:14.804] [SEVERE ] removing player 1 token from slot 1
[13:06:14.804] [SEVERE ] player 1 placing token on slot 8
[13:06:14.813] [SEVERE ] setting player 2 freeze to 0
[13:06:14.813] [SEVERE ] setting player 2 freeze to 0
[13:06:14.813] [SEVERE ] setting player 2 freeze to 0
[13:06:14.813] [SEVERE ] setting player 2 freeze to 0
[13:06:14.813] [SEVERE ] removing player 2 token from slot 6
[13:06:14.814] [SEVERE ] player 2 placing token on slot 10
[13:06:14.823] [SEVERE ] setting player 3 freeze to 0
[13:06:14.823] [SEVERE ] setting player 3 freeze to 0
[13:06:14.824] [SEVERE ] setting player 3 freeze to 0
[13:06:14.824] [SEVERE ] setting player 3 freeze to 0
[13:06:14.825] [SEVERE ] removing player 3 token from slot 2
[13:06:14.825] [SEVERE ] removing player 3 token from slot 5
[13:06:14.826] [SEVERE ] player 3 placing token on slot 5
[13:06:14.826] [SEVERE ] player 3 placing token on slot 11
[13:06:14.836] [SEVERE ] setting player 1 freeze to 0
[13:06:14.836] [SEVERE ] setting player 1 freeze to 0
[13:06:14.836] [SEVERE ] setting player 1 freeze to 0
[13:06:14.837] [SEVERE ] setting player 1 freeze to 0
[13:06:14.838] [SEVERE ] removing player 1 token from slot 11
[13:06:14.838] [SEVERE ] player 1 placing token on slot 10
[13:06:14.846] [SEVERE ] setting player 2 freeze to 0
[13:06:14.846] [SEVERE ] setting player 2 freeze to 0
[13:06:14.846] [SEVERE ] setting player 2 freeze to 0
[13:06:14.847] [SEVERE ] setting player 2 freeze to 0
[13:06:14.847] [SEVERE ] removing player 2 token from slot 4
[13:06:14.847] [SEVERE ] player 2 placing token on slot 3
[13:06:14.856] [SEVERE ] setting player 3 freeze to 0
[13:06:14.857] [SEVERE ] setting player 3 freeze to 0
[13:06:14.857] [SEVERE ] setting player 3 freeze to 0
[13:06:14.857] [SEVERE ] setting player 3 freeze to 0
[13:06:14.858] [SEVERE ] removing player 3 token from slot 11
[13:06:14.858] [SEVERE ] player 3 placing token on slot 2
[13:06:14.867] [SEVERE ] setting player 1 freeze to 0
[13:06:14.867] [SEVERE ] setting player 1 freeze to 0
[13:06:14.868] [SEVERE ] setting player 1 freeze to 0
[13:06:14.868] [SEVERE ] setting player 1 freeze to 0
[13:06:14.868] [SEVERE ] removing player 1 token from slot 10
[13:06:14.869] [SEVERE ] player 1 placing token on slot 2
[13:06:14.877] [SEVERE ] setting player 2 freeze to 0
[13:06:14.877] [SEVERE ] setting player 2 freeze to 0
[13:06:14.878] [SEVERE ] setting player 2 freeze to 0
[13:06:14.878] [SEVERE ] setting player 2 freeze to 0
[13:06:14.879] [SEVERE ] removing player 2 token from slot 10
[13:06:14.880] [SEVERE ] removing player 2 token from slot 3
[13:06:14.880] [SEVERE ] player 2 placing token on slot 3
[13:06:14.881] [SEVERE ] player 2 placing token on slot 10
[13:06:14.887] [SEVERE ] setting player 3 freeze to 0
[13:06:14.888] [SEVERE ] setting player 3 freeze to 0
[13:06:14.888] [SEVERE ] setting player 3 freeze to 0
[13:06:14.889] [SEVERE ] setting player 3 freeze to 0
[13:06:14.889] [SEVERE ] removing player 3 token from slot 10
[13:06:14.890] [SEVERE ] player 3 placing token on slot 10
[13:06:14.898] [SEVERE ] setting player 1 freeze to 0
[13:06:14.898] [SEVERE ] setting player 1 freeze to 0
[13:06:14.898] [SEVERE ] setting player 1 freeze to 0
[13:06:14.899] [SEVERE ] setting player 1 freeze to 0
[13:06:14.899] [SEVERE ] removing player 1 token from slot 8
[13:06:14.900] [SEVERE ] player 1 placing token on slot 8
[13:06:14.908] [SEVERE ] setting player 2 freeze to 0
[13:06:14.908] [SEVERE ] setting player 2 freeze to 0
[13:06:14.909] [SEVERE ] setting player 2 freeze to 0
[13:06:14.909] [SEVERE ] setting player 2 freeze to 0
[13:06:14.909] [SEVERE ] removing player 2 token from slot 3
[13:06:14.910] [SEVERE ] removing player 2 token from slot 11
[13:06:14.910] [SEVERE ] player 2 placing token on slot 7
[13:06:14.911] [SEVERE ] removing player 2 token from slot 7
[13:06:14.911] [SEVERE ] player 2 placing token on slot 6
[13:06:14.912] [SEVERE ] player 2 placing token on slot 3
[13:06:14.918] [SEVERE ] setting player 3 freeze to 0
[13:06:14.919] [SEVERE ] setting player 3 freeze to 0
[13:06:14.919] [SEVERE ] setting player 3 freeze to 0
[13:06:14.919] [SEVERE ] setting player 3 freeze to 0
[13:06:14.920] [SEVERE ] removing player 3 token from slot 5
[13:06:14.920] [SEVERE ] player 3 placing token on slot 4
[13:06:14.929] [SEVERE ] setting player 1 freeze to 0
[13:06:14.929] [SEVERE ] setting player 1 freeze to 0
[13:06:14.929] [SEVERE ] setting player 1 freeze to 0
[13:06:14.930] [SEVERE ] setting player 1 freeze to 0
[13:06:14.930] [SEVERE ] removing player 1 token from slot 8
[13:06:14.931] [SEVERE ] player 1 placing token on slot 7
[13:06:14.939] [SEVERE ] setting player 2 freeze to 0
[13:06:14.939] [SEVERE ] setting player 2 freeze to 0
[13:06:14.940] [SEVERE ] setting player 2 freeze to 0
[13:06:14.940] [SEVERE ] setting player 2 freeze to 0
[13:06:14.941] [SEVERE ] removing player 2 token from slot 10
[13:06:14.941] [SEVERE ] player 2 placing token on slot 9
[13:06:14.949] [SEVERE ] setting player 3 freeze to 0
[13:06:14.950] [SEVERE ] setting player 3 freeze to 0
[13:06:14.950] [SEVERE ] setting player 3 freeze to 0
[13:06:14.950] [SEVERE ] setting player 3 freeze to 0
[13:06:14.951] [SEVERE ] removing player 3 token from slot 4
[13:06:14.951] [SEVERE ] player 3 placing token on slot 8
[13:06:14.960] [SEVERE ] setting player 1 freeze to 0
[13:06:14.960] [SEVERE ] setting player 1 freeze to 0
[13:06:14.960] [SEVERE ] setting player 1 freeze to 0
[13:06:14.961] [SEVERE ] setting player 1 freeze to 0
[13:06:14.962] [SEVERE ] removing player 1 token from slot 7
[13:06:14.962] [SEVERE ] removing player 1 token from slot 2
[13:06:14.963] [SEVERE ] player 1 placing token on slot 7
[13:06:14.964] [SEVERE ] player 1 placing token on slot 4
[13:06:14.970] [SEVERE ] setting player 2 freeze to 0
[13:06:14.970] [SEVERE ] setting player 2 freeze to 0
[13:06:14.970] [SEVERE ] setting player 2 freeze to 0
[13:06:14.971] [SEVERE ] setting player 2 freeze to 0
[13:06:14.971] [SEVERE ] removing player 2 token from slot 9
[13:06:14.971] [SEVERE ] player 2 placing token on slot 5
[13:06:14.980] [SEVERE ] setting player 3 freeze to 0
[13:06:14.981] [SEVERE ] setting player 3 freeze to 0
[13:06:14.981] [SEVERE ] setting player 3 freeze to 0
[13:06:14.981] [SEVERE ] setting player 3 freeze to 0
[13:06:14.982] [SEVERE ] removing player 3 token from slot 2
[13:06:14.982] [SEVERE ] player 3 placing token on slot 5
[13:06:14.991] [SEVERE ] setting player 1 freeze to 0
[13:06:14.991] [SEVERE ] setting player 1 freeze to 0
[13:06:14.991] [SEVERE ] setting player 1 freeze to 0
[13:06:14.991] [SEVERE ] setting player 1 freeze to 0
[13:06:14.992] [SEVERE ] removing player 1 token from slot 7
[13:06:14.992] [SEVERE ] player 1 placing token on slot 7
[13:06:15.001] [SEVERE ] setting player 2 freeze to 0
[13:06:15.001] [SEVERE ] setting player 2 freeze to 0
[13:06:15.001] [SEVERE ] setting player 2 freeze to 0
[13:06:15.002] [SEVERE ] setting player 2 freeze to 0
[13:06:15.002] [SEVERE ] removing player 2 token from slot 3
[13:06:15.003] [SEVERE ] removing player 2 token from slot 6
[13:06:15.003] [SEVERE ] player 2 placing token on slot 1
[13:06:15.004] [SEVERE ] player 2 placing token on slot 7
[13:06:15.011] [SEVERE ] setting player 3 freeze to 0
[13:06:15.012] [SEVERE ] setting player 3 freeze to 0
[13:06:15.012] [SEVERE ] setting player 3 freeze to 0
[13:06:15.012] [SEVERE ] setting player 3 freeze to 0
[13:06:15.012] [SEVERE ] removing player 3 token from slot 5
[13:06:15.013] [SEVERE ] player 3 placing token on slot 11
[13:06:15.022] [SEVERE ] setting player 1 freeze to 0
[13:06:15.022] [SEVERE ] setting player 1 freeze to 0
[13:06:15.022] [SEVERE ] setting player 1 freeze to 0
[13:06:15.023] [SEVERE ] setting player 1 freeze to 0
[13:06:15.023] [SEVERE ] removing player 1 token from slot 4
[13:06:15.024] [SEVERE ] player 1 placing token on slot 10
[13:06:15.032] [SEVERE ] setting player 2 freeze to 0
[13:06:15.033] [SEVERE ] setting player 2 freeze to 0
[13:06:15.033] [SEVERE ] setting player 2 freeze to 0
[13:06:15.033] [SEVERE ] setting player 2 freeze to 0
[13:06:15.043] [SEVERE ] setting player 3 freeze to 0
[13:06:15.047] [SEVERE ] removing player 2 token from slot 1
[13:06:15.047] [SEVERE ] setting player 3 freeze to 0
[13:06:15.047] [SEVERE ] player 2 placing token on slot 3
[13:06:15.048] [SEVERE ] setting player 3 freeze to 0
[13:06:15.049] [SEVERE ] setting player 3 freeze to 0
[13:06:15.049] [SEVERE ] removing player 3 token from slot 11
[13:06:15.050] [SEVERE ] player 3 placing token on slot 2
[13:06:15.053] [SEVERE ] setting player 1 freeze to 0
[13:06:15.053] [SEVERE ] setting player 1 freeze to 0
[13:06:15.053] [SEVERE ] setting player 1 freeze to 0
[13:06:15.054] [SEVERE ] setting player 1 freeze to 0
[13:06:15.054] [SEVERE ] removing player 1 token from slot 7
[13:06:15.055] [SEVERE ] player 1 placing token on slot 3
[13:06:15.063] [SEVERE ] setting player 2 freeze to 0
[13:06:15.064] [SEVERE ] setting player 2 freeze to 0
[13:06:15.064] [SEVERE ] setting player 2 freeze to 0
[13:06:15.064] [SEVERE ] setting player 2 freeze to 0
[13:06:15.065] [SEVERE ] removing player 2 token from slot 5
[13:06:15.065] [SEVERE ] player 2 placing token on slot 10
[13:06:15.074] [SEVERE ] setting player 3 freeze to 0
[13:06:15.074] [SEVERE ] setting player 3 freeze to 0
[13:06:15.075] [SEVERE ] setting player 3 freeze to 0
[13:06:15.075] [SEVERE ] setting player 3 freeze to 0
[13:06:15.075] [SEVERE ] removing player 3 token from slot 8
[13:06:15.076] [SEVERE ] player 3 placing token on slot 3
[13:06:15.084] [SEVERE ] setting player 1 freeze to 0
[13:06:15.084] [SEVERE ] setting player 1 freeze to 0
[13:06:15.084] [SEVERE ] setting player 1 freeze to 0
[13:06:15.085] [SEVERE ] setting player 1 freeze to 0
[13:06:15.085] [SEVERE ] removing player 1 token from slot 3
[13:06:15.086] [SEVERE ] player 1 placing token on slot 5
[13:06:15.095] [SEVERE ] setting player 2 freeze to 0
[13:06:15.095] [SEVERE ] setting player 2 freeze to 0
[13:06:15.095] [SEVERE ] setting player 2 freeze to 0
[13:06:15.096] [SEVERE ] setting player 2 freeze to 0
[13:06:15.096] [SEVERE ] removing player 2 token from slot 3
[13:06:15.097] [SEVERE ] player 2 placing token on slot 8
[13:06:15.105] [SEVERE ] setting player 3 freeze to 0
[13:06:15.105] [SEVERE ] setting player 3 freeze to 0
[13:06:15.106] [SEVERE ] setting player 3 freeze to 0
[13:06:15.106] [SEVERE ] setting player 3 freeze to 0
[13:06:15.107] [SEVERE ] removing player 3 token from slot 2
[13:06:15.107] [SEVERE ] player 3 placing token on slot 6
[13:06:15.115] [SEVERE ] setting player 1 freeze to 0
[13:06:15.116] [SEVERE ] setting player 1 freeze to 0
[13:06:15.116] [SEVERE ] setting player 1 freeze to 0
[13:06:15.116] [SEVERE ] setting player 1 freeze to 0
[13:06:15.117] [SEVERE ] removing player 1 token from slot 5
[13:06:15.117] [SEVERE ] player 1 placing token on slot 7
[13:06:15.126] [SEVERE ] setting player 2 freeze to 0
[13:06:15.126] [SEVERE ] setting player 2 freeze to 0
[13:06:15.126] [SEVERE ] setting player 2 freeze to 0
[13:06:15.127] [SEVERE ] setting player 2 freeze to 0
[13:06:15.127] [SEVERE ] removing player 2 token from slot 10
[13:06:15.128] [SEVERE ] player 2 placing token on slot 11
[13:06:15.136] [SEVERE ] setting player 3 freeze to 0
[13:06:15.136] [SEVERE ] setting player 3 freeze to 0
[13:06:15.136] [SEVERE ] setting player 3 freeze to 0
[13:06:15.137] [SEVERE ] setting player 3 freeze to 0
[13:06:15.137] [SEVERE ] removing player 3 token from slot 3
[13:06:15.138] [SEVERE ] removing player 3 token from slot 10
[13:06:15.138] [SEVERE ] player 3 placing token on slot 1
[13:06:15.139] [SEVERE ] removing player 3 token from slot 1
[13:06:15.139] [SEVERE ] player 3 placing token on slot 7
[13:06:15.139] [SEVERE ] player 3 placing token on slot 1
[13:06:15.146] [SEVERE ] setting player 1 freeze to 0
[13:06:15.147] [SEVERE ] setting player 1 freeze to 0
[13:06:15.147] [SEVERE ] setting player 1 freeze to 0
[13:06:15.147] [SEVERE ] setting player 1 freeze to 0
[13:06:15.148] [SEVERE ] removing player 1 token from slot 7
[13:06:15.148] [SEVERE ] player 1 placing token on slot 1
[13:06:15.157] [SEVERE ] setting player 2 freeze to 0
[13:06:15.157] [SEVERE ] setting player 2 freeze to 0
[13:06:15.157] [SEVERE ] setting player 2 freeze to 0
[13:06:15.158] [SEVERE ] setting player 2 freeze to 0
[13:06:15.158] [SEVERE ] removing player 2 token from slot 8
[13:06:15.159] [SEVERE ] player 2 placing token on slot 5
[13:06:15.167] [SEVERE ] setting player 3 freeze to 0
[13:06:15.167] [SEVERE ] setting player 3 freeze to 0
[13:06:15.167] [SEVERE ] setting player 3 freeze to 0
[13:06:15.168] [SEVERE ] setting player 3 freeze to 0
[13:06:15.168] [SEVERE ] removing player 3 token from slot 7
[13:06:15.169] [SEVERE ] player 3 placing token on slot 8
[13:06:15.177] [SEVERE ] setting player 1 freeze to 0
[13:06:15.178] [SEVERE ] setting player 1 freeze to 0
[13:06:15.178] [SEVERE ] setting player 1 freeze to 0
[13:06:15.179] [SEVERE ] setting player 1 freeze to 0
[13:06:15.180] [SEVERE ] removing player 1 token from slot 1
[13:06:15.180] [SEVERE ] player 1 placing token on slot 7
[13:06:15.188] [SEVERE ] setting player 2 freeze to 0
[13:06:15.188] [SEVERE ] setting player 2 freeze to 0
[13:06:15.188] [SEVERE ] setting player 2 freeze to 0
[13:06:15.188] [SEVERE ] setting player 2 freeze to 0
[13:06:15.189] [SEVERE ] removing player 2 token from slot 7
[13:06:15.189] [SEVERE ] player 2 placing token on slot 2
[13:06:15.198] [SEVERE ] setting player 3 freeze to 0
[13:06:15.198] [SEVERE ] setting player 3 freeze to 0
[13:06:15.199] [SEVERE ] setting player 3 freeze to 0
[13:06:15.199] [SEVERE ] setting player 3 freeze to 0
[13:06:15.200] [SEVERE ] removing player 3 token from slot 6
[13:06:15.200] [SEVERE ] player 3 placing token on slot 5
[13:06:15.208] [SEVERE ] setting player 1 freeze to 0
[13:06:15.208] [SEVERE ] setting player 1 freeze to 0
[13:06:15.209] [SEVERE ] setting player 1 freeze to 0
[13:06:15.209] [SEVERE ] setting player 1 freeze to 0
[13:06:15.209] [SEVERE ] removing player 1 token from slot 6
[13:06:15.210] [SEVERE ] player 1 placing token on slot 2
[13:06:15.219] [SEVERE ] setting player 2 freeze to 0
[13:06:15.219] [SEVERE ] setting player 2 freeze to 0
[13:06:15.219] [SEVERE ] setting player 2 freeze to 0
[13:06:15.220] [SEVERE ] setting player 2 freeze to 0
[13:06:15.220] [SEVERE ] removing player 2 token from slot 2
[13:06:15.221] [SEVERE ] player 2 placing token on slot 4
[13:06:15.229] [SEVERE ] setting player 3 freeze to 0
[13:06:15.229] [SEVERE ] setting player 3 freeze to 0
[13:06:15.230] [SEVERE ] setting player 3 freeze to 0
[13:06:15.231] [SEVERE ] setting player 3 freeze to 0
[13:06:15.231] [SEVERE ] removing player 3 token from slot 8
[13:06:15.232] [SEVERE ] player 3 placing token on slot 10
[13:06:15.239] [SEVERE ] setting player 1 freeze to 0
[13:06:15.240] [SEVERE ] setting player 1 freeze to 0
[13:06:15.240] [SEVERE ] setting player 1 freeze to 0
[13:06:15.241] [SEVERE ] setting player 1 freeze to 0
[13:06:15.241] [SEVERE ] removing player 1 token from slot 7
[13:06:15.242] [SEVERE ] removing player 1 token from slot 10
[13:06:15.242] [SEVERE ] removing player 1 token from slot 2
[13:06:15.243] [SEVERE ] player 1 placing token on slot 9
[13:06:15.243] [SEVERE ] player 1 placing token on slot 10
[13:06:15.244] [SEVERE ] player 1 placing token on slot 6
[13:06:15.250] [SEVERE ] setting player 2 freeze to 0
[13:06:15.250] [SEVERE ] setting player 2 freeze to 0
[13:06:15.250] [SEVERE ] setting player 2 freeze to 0
[13:06:15.250] [SEVERE ] setting player 2 freeze to 0
[13:06:15.251] [SEVERE ] removing player 2 token from slot 4
[13:06:15.251] [SEVERE ] removing player 2 token from slot 5
[13:06:15.252] [SEVERE ] removing player 2 token from slot 11
[13:06:15.252] [SEVERE ] player 2 placing token on slot 4
[13:06:15.253] [SEVERE ] removing player 2 token from slot 4
[13:06:15.253] [SEVERE ] player 2 placing token on slot 8
[13:06:15.254] [SEVERE ] player 2 placing token on slot 7
[13:06:15.254] [SEVERE ] removing player 2 token from slot 8
[13:06:15.255] [SEVERE ] player 2 placing token on slot 4
[13:06:15.255] [SEVERE ] player 2 placing token on slot 3
[13:06:15.260] [SEVERE ] setting player 3 freeze to 0
[13:06:15.260] [SEVERE ] setting player 3 freeze to 0
[13:06:15.261] [SEVERE ] setting player 3 freeze to 0
[13:06:15.261] [SEVERE ] setting player 3 freeze to 0
[13:06:15.262] [SEVERE ] removing player 3 token from slot 1
[13:06:15.262] [SEVERE ] removing player 3 token from slot 10
[13:06:15.263] [SEVERE ] player 3 placing token on slot 3
[13:06:15.263] [SEVERE ] player 3 placing token on slot 6
[13:06:15.270] [SEVERE ] setting player 1 freeze to 0
[13:06:15.271] [SEVERE ] setting player 1 freeze to 0
[13:06:15.271] [SEVERE ] setting player 1 freeze to 0
[13:06:15.271] [SEVERE ] setting player 1 freeze to 0
[13:06:15.271] [SEVERE ] removing player 1 token from slot 6
[13:06:15.272] [SEVERE ] player 1 placing token on slot 5
[13:06:15.281] [SEVERE ] setting player 2 freeze to 0
[13:06:15.281] [SEVERE ] setting player 2 freeze to 0
[13:06:15.281] [SEVERE ] setting player 2 freeze to 0
[13:06:15.282] [SEVERE ] setting player 2 freeze to 0
[13:06:15.282] [SEVERE ] removing player 2 token from slot 3
[13:06:15.283] [SEVERE ] player 2 placing token on slot 1
[13:06:15.291] [SEVERE ] setting player 3 freeze to 0
[13:06:15.291] [SEVERE ] setting player 3 freeze to 0
[13:06:15.291] [SEVERE ] setting player 3 freeze to 0
[13:06:15.292] [SEVERE ] setting player 3 freeze to 0
[13:06:15.292] [SEVERE ] removing player 3 token from slot 5
[13:06:15.293] [SEVERE ] player 3 placing token on slot 1
[13:06:15.302] [SEVERE ] setting player 1 freeze to 0
[13:06:15.302] [SEVERE ] setting player 1 freeze to 0
[13:06:15.302] [SEVERE ] setting player 1 freeze to 0
[13:06:15.303] [SEVERE ] setting player 1 freeze to 0
[13:06:15.303] [SEVERE ] removing player 1 token from slot 9
[13:06:15.304] [SEVERE ] player 1 placing token on slot 4
[13:06:15.312] [SEVERE ] setting player 2 freeze to 0
[13:06:15.313] [SEVERE ] setting player 2 freeze to 0
[13:06:15.313] [SEVERE ] setting player 2 freeze to 0
[13:06:15.314] [SEVERE ] setting player 2 freeze to 0
[13:06:15.316] [SEVERE ] removing player 2 token from slot 1
[13:06:15.317] [SEVERE ] player 2 placing token on slot 11
[13:06:15.323] [SEVERE ] setting player 3 freeze to 0
[13:06:15.323] [SEVERE ] setting player 3 freeze to 0
[13:06:15.323] [SEVERE ] setting player 3 freeze to 0
[13:06:15.323] [SEVERE ] setting player 3 freeze to 0
[13:06:15.324] [SEVERE ] removing player 3 token from slot 3
[13:06:15.324] [SEVERE ] player 3 placing token on slot 8
[13:06:15.333] [SEVERE ] setting player 1 freeze to 0
[13:06:15.333] [SEVERE ] setting player 1 freeze to 0
[13:06:15.333] [SEVERE ] setting player 1 freeze to 0
[13:06:15.333] [SEVERE ] setting player 1 freeze to 0
[13:06:15.334] [SEVERE ] removing player 1 token from slot 5
[13:06:15.334] [SEVERE ] player 1 placing token on slot 7
[13:06:15.343] [SEVERE ] setting player 2 freeze to 0
[13:06:15.343] [SEVERE ] setting player 2 freeze to 0
[13:06:15.343] [SEVERE ] setting player 2 freeze to 0
[13:06:15.344] [SEVERE ] setting player 2 freeze to 0
[13:06:15.344] [SEVERE ] removing player 2 token from slot 4
[13:06:15.345] [SEVERE ] player 2 placing token on slot 2
[13:06:15.354] [SEVERE ] setting player 3 freeze to 0
[13:06:15.354] [SEVERE ] setting player 3 freeze to 0
[13:06:15.354] [SEVERE ] setting player 3 freeze to 0
[13:06:15.354] [SEVERE ] setting player 3 freeze to 0
[13:06:15.355] [SEVERE ] removing player 3 token from slot 6
[13:06:15.355] [SEVERE ] removing player 3 token from slot 8
[13:06:15.356] [SEVERE ] player 3 placing token on slot 5
[13:06:15.356] [SEVERE ] player 3 placing token on slot 3
[13:06:15.364] [SEVERE ] setting player 1 freeze to 0
[13:06:15.364] [SEVERE ] setting player 1 freeze to 0
[13:06:15.364] [SEVERE ] setting player 1 freeze to 0
[13:06:15.364] [SEVERE ] setting player 1 freeze to 0
[13:06:15.364] [SEVERE ] removing player 1 token from slot 4
[13:06:15.365] [SEVERE ] player 1 placing token on slot 1
[13:06:15.374] [SEVERE ] setting player 2 freeze to 0
[13:06:15.375] [SEVERE ] setting player 2 freeze to 0
[13:06:15.375] [SEVERE ] setting player 2 freeze to 0
[13:06:15.375] [SEVERE ] setting player 2 freeze to 0
[13:06:15.377] [SEVERE ] removing player 2 token from slot 2
[13:06:15.377] [SEVERE ] player 2 placing token on slot 3
[13:06:15.385] [SEVERE ] setting player 3 freeze to 0
[13:06:15.385] [SEVERE ] setting player 3 freeze to 0
[13:06:15.385] [SEVERE ] setting player 3 freeze to 0
[13:06:15.385] [SEVERE ] setting player 3 freeze to 0
[13:06:15.386] [SEVERE ] removing player 3 token from slot 1
[13:06:15.386] [SEVERE ] player 3 placing token on slot 11
[13:06:15.396] [SEVERE ] setting player 1 freeze to 0
[13:06:15.396] [SEVERE ] setting player 1 freeze to 0
[13:06:15.396] [SEVERE ] setting player 1 freeze to 0
[13:06:15.397] [SEVERE ] setting player 1 freeze to 0
[13:06:15.397] [SEVERE ] removing player 1 token from slot 7
[13:06:15.398] [SEVERE ] removing player 1 token from slot 10
[13:06:15.398] [SEVERE ] player 1 placing token on slot 10
[13:06:15.399] [SEVERE ] player 1 placing token on slot 5
[13:06:15.406] [SEVERE ] setting player 2 freeze to 0
[13:06:15.406] [SEVERE ] setting player 2 freeze to 0
[13:06:15.406] [SEVERE ] setting player 2 freeze to 0
[13:06:15.407] [SEVERE ] setting player 2 freeze to 0
[13:06:15.407] [SEVERE ] removing player 2 token from slot 11
[13:06:15.408] [SEVERE ] removing player 2 token from slot 7
[13:06:15.408] [SEVERE ] player 2 placing token on slot 6
[13:06:15.408] [SEVERE ] player 2 placing token on slot 4
[13:06:15.416] [SEVERE ] setting player 3 freeze to 0
[13:06:15.416] [SEVERE ] setting player 3 freeze to 0
[13:06:15.416] [SEVERE ] setting player 3 freeze to 0
[13:06:15.417] [SEVERE ] setting player 3 freeze to 0
[13:06:15.417] [SEVERE ] removing player 3 token from slot 5
[13:06:15.418] [SEVERE ] player 3 placing token on slot 9
[13:06:15.427] [SEVERE ] setting player 1 freeze to 0
[13:06:15.427] [SEVERE ] setting player 1 freeze to 0
[13:06:15.427] [SEVERE ] setting player 1 freeze to 0
[13:06:15.427] [SEVERE ] setting player 1 freeze to 0
[13:06:15.428] [SEVERE ] removing player 1 token from slot 1
[13:06:15.428] [SEVERE ] player 1 placing token on slot 8
[13:06:15.437] [SEVERE ] setting player 2 freeze to 0
[13:06:15.437] [SEVERE ] setting player 2 freeze to 0
[13:06:15.437] [SEVERE ] setting player 2 freeze to 0
[13:06:15.438] [SEVERE ] setting player 2 freeze to 0
[13:06:15.438] [SEVERE ] removing player 2 token from slot 6
[13:06:15.439] [SEVERE ] removing player 2 token from slot 4
[13:06:15.439] [SEVERE ] player 2 placing token on slot 1
[13:06:15.439] [SEVERE ] player 2 placing token on slot 9
[13:06:15.447] [SEVERE ] setting player 3 freeze to 0
[13:06:15.448] [SEVERE ] setting player 3 freeze to 0
[13:06:15.449] [SEVERE ] setting player 3 freeze to 0
[13:06:15.449] [SEVERE ] setting player 3 freeze to 0
[13:06:15.449] [SEVERE ] removing player 3 token from slot 3
[13:06:15.450] [SEVERE ] removing player 3 token from slot 9
[13:06:15.450] [SEVERE ] player 3 placing token on slot 5
[13:06:15.451] [SEVERE ] player 3 placing token on slot 1
[13:06:15.458] [SEVERE ] setting player 1 freeze to 0
[13:06:15.458] [SEVERE ] setting player 1 freeze to 0
[13:06:15.458] [SEVERE ] setting player 1 freeze to 0
[13:06:15.458] [SEVERE ] setting player 1 freeze to 0
[13:06:15.459] [SEVERE ] removing player 1 token from slot 10
[13:06:15.459] [SEVERE ] player 1 placing token on slot 6
[13:06:15.468] [SEVERE ] setting player 2 freeze to 0
[13:06:15.468] [SEVERE ] setting player 2 freeze to 0
[13:06:15.469] [SEVERE ] setting player 2 freeze to 0
[13:06:15.469] [SEVERE ] setting player 2 freeze to 0
[13:06:15.470] [SEVERE ] removing player 2 token from slot 3
[13:06:15.470] [SEVERE ] player 2 placing token on slot 4
[13:06:15.478] [SEVERE ] setting player 3 freeze to 0
[13:06:15.479] [SEVERE ] setting player 3 freeze to 0
[13:06:15.479] [SEVERE ] setting player 3 freeze to 0
[13:06:15.479] [SEVERE ] setting player 3 freeze to 0
[13:06:15.480] [SEVERE ] removing player 3 token from slot 5
[13:06:15.480] [SEVERE ] player 3 placing token on slot 3
[13:06:15.489] [SEVERE ] setting player 1 freeze to 0
[13:06:15.489] [SEVERE ] setting player 1 freeze to 0
[13:06:15.490] [SEVERE ] setting player 1 freeze to 0
[13:06:15.490] [SEVERE ] setting player 1 freeze to 0
[13:06:15.491] [SEVERE ] removing player 1 token from slot 5
[13:06:15.491] [SEVERE ] player 1 placing token on slot 11
[13:06:15.499] [SEVERE ] setting player 2 freeze to 0
[13:06:15.500] [SEVERE ] setting player 2 freeze to 0
[13:06:15.500] [SEVERE ] setting player 2 freeze to 0
[13:06:15.501] [SEVERE ] setting player 2 freeze to 0
[13:06:15.501] [SEVERE ] removing player 2 token from slot 9
[13:06:15.501] [SEVERE ] player 2 placing token on slot 2
[13:06:15.510] [SEVERE ] setting player 3 freeze to 0
[13:06:15.510] [SEVERE ] setting player 3 freeze to 0
[13:06:15.511] [SEVERE ] setting player 3 freeze to 0
[13:06:15.511] [SEVERE ] setting player 3 freeze to 0
[13:06:15.512] [SEVERE ] removing player 3 token from slot 11
[13:06:15.512] [SEVERE ] player 3 placing token on slot 7
[13:06:15.520] [SEVERE ] setting player 1 freeze to 0
[13:06:15.520] [SEVERE ] setting player 1 freeze to 0
[13:06:15.521] [SEVERE ] setting player 1 freeze to 0
[13:06:15.526] [SEVERE ] setting player 1 freeze to 0
[13:06:15.526] [SEVERE ] removing player 1 token from slot 8
[13:06:15.527] [SEVERE ] player 1 placing token on slot 8
[13:06:15.531] [SEVERE ] setting player 2 freeze to 0
[13:06:15.531] [SEVERE ] setting player 2 freeze to 0
[13:06:15.531] [SEVERE ] setting player 2 freeze to 0
[13:06:15.532] [SEVERE ] setting player 2 freeze to 0
[13:06:15.532] [SEVERE ] removing player 2 token from slot 2
[13:06:15.533] [SEVERE ] player 2 placing token on slot 7
[13:06:15.541] [SEVERE ] setting player 3 freeze to 0
[13:06:15.541] [SEVERE ] setting player 3 freeze to 0
[13:06:15.542] [SEVERE ] setting player 3 freeze to 0
[13:06:15.542] [SEVERE ] setting player 3 freeze to 0
[13:06:15.542] [SEVERE ] removing player 3 token from slot 7
[13:06:15.543] [SEVERE ] player 3 placing token on slot 5
[13:06:15.551] [SEVERE ] setting player 1 freeze to 0
[13:06:15.551] [SEVERE ] setting player 1 freeze to 0
[13:06:15.551] [SEVERE ] setting player 1 freeze to 0
[13:06:15.552] [SEVERE ] setting player 1 freeze to 0
[13:06:15.552] [SEVERE ] removing player 1 token from slot 11
[13:06:15.553] [SEVERE ] player 1 placing token on slot 11
[13:06:15.561] [SEVERE ] setting player 2 freeze to 0
[13:06:15.562] [SEVERE ] setting player 2 freeze to 0
[13:06:15.562] [SEVERE ] setting player 2 freeze to 0
[13:06:15.562] [SEVERE ] setting player 2 freeze to 0
[13:06:15.562] [SEVERE ] removing player 2 token from slot 4
[13:06:15.563] [SEVERE ] removing player 2 token from slot 7
[13:06:15.563] [SEVERE ] player 2 placing token on slot 2
[13:06:15.564] [SEVERE ] player 2 placing token on slot 5
[13:06:15.572] [SEVERE ] setting player 3 freeze to 0
[13:06:15.572] [SEVERE ] setting player 3 freeze to 0
[13:06:15.572] [SEVERE ] setting player 3 freeze to 0
[13:06:15.572] [SEVERE ] setting player 3 freeze to 0
[13:06:15.572] [SEVERE ] removing player 3 token from slot 1
[13:06:15.573] [SEVERE ] player 3 placing token on slot 6
[13:06:15.582] [SEVERE ] setting player 1 freeze to 0
[13:06:15.582] [SEVERE ] setting player 1 freeze to 0
[13:06:15.582] [SEVERE ] setting player 1 freeze to 0
[13:06:15.583] [SEVERE ] setting player 1 freeze to 0
[13:06:15.583] [SEVERE ] removing player 1 token from slot 8
[13:06:15.583] [SEVERE ] player 1 placing token on slot 8
[13:06:15.592] [SEVERE ] setting player 2 freeze to 0
[13:06:15.592] [SEVERE ] setting player 2 freeze to 0
[13:06:15.593] [SEVERE ] setting player 2 freeze to 0
[13:06:15.593] [SEVERE ] setting player 2 freeze to 0
[13:06:15.594] [SEVERE ] removing player 2 token from slot 5
[13:06:15.594] [SEVERE ] player 2 placing token on slot 8
[13:06:15.602] [SEVERE ] setting player 3 freeze to 0
[13:06:15.602] [SEVERE ] setting player 3 freeze to 0
[13:06:15.603] [SEVERE ] setting player 3 freeze to 0
[13:06:15.603] [SEVERE ] setting player 3 freeze to 0
[13:06:15.603] [SEVERE ] removing player 3 token from slot 3
[13:06:15.604] [SEVERE ] removing player 3 token from slot 5
[13:06:15.604] [SEVERE ] player 3 placing token on slot 1
[13:06:15.605] [SEVERE ] player 3 placing token on slot 7
[13:06:15.613] [SEVERE ] setting player 1 freeze to 0
[13:06:15.613] [SEVERE ] setting player 1 freeze to 0
[13:06:15.613] [SEVERE ] setting player 1 freeze to 0
[13:06:15.613] [SEVERE ] setting player 1 freeze to 0
[13:06:15.614] [SEVERE ] removing player 1 token from slot 8
[13:06:15.614] [SEVERE ] player 1 placing token on slot 5
[13:06:15.623] [SEVERE ] setting player 2 freeze to 0
[13:06:15.623] [SEVERE ] setting player 2 freeze to 0
[13:06:15.623] [SEVERE ] setting player 2 freeze to 0
[13:06:15.623] [SEVERE ] setting player 2 freeze to 0
[13:06:15.624] [SEVERE ] removing player 2 token from slot 8
[13:06:15.624] [SEVERE ] player 2 placing token on slot 5
[13:06:15.633] [SEVERE ] setting player 3 freeze to 0
[13:06:15.633] [SEVERE ] setting player 3 freeze to 0
[13:06:15.634] [SEVERE ] setting player 3 freeze to 0
[13:06:15.634] [SEVERE ] setting player 3 freeze to 0
[13:06:15.635] [SEVERE ] removing player 3 token from slot 7
[13:06:15.635] [SEVERE ] removing player 3 token from slot 1
[13:06:15.636] [SEVERE ] player 3 placing token on slot 11
[13:06:15.636] [SEVERE ] removing player 3 token from slot 11
[13:06:15.637] [SEVERE ] removing player 3 token from slot 6
[13:06:15.637] [SEVERE ] player 3 placing token on slot 2
[13:06:15.638] [SEVERE ] player 3 placing token on slot 6
[13:06:15.638] [SEVERE ] player 3 placing token on slot 7
[13:06:15.643] [SEVERE ] setting player 1 freeze to 0
[13:06:15.643] [SEVERE ] setting player 1 freeze to 0
[13:06:15.644] [SEVERE ] setting player 1 freeze to 0
[13:06:15.644] [SEVERE ] setting player 1 freeze to 0
[13:06:15.645] [SEVERE ] removing player 1 token from slot 6
[13:06:15.645] [SEVERE ] removing player 1 token from slot 11
[13:06:15.646] [SEVERE ] player 1 placing token on slot 2
[13:06:15.646] [SEVERE ] player 1 placing token on slot 10
[13:06:15.654] [SEVERE ] setting player 2 freeze to 0
[13:06:15.654] [SEVERE ] setting player 2 freeze to 0
[13:06:15.654] [SEVERE ] setting player 2 freeze to 0
[13:06:15.654] [SEVERE ] setting player 2 freeze to 0
[13:06:15.655] [SEVERE ] removing player 2 token from slot 5
[13:06:15.655] [SEVERE ] player 2 placing token on slot 4
[13:06:15.664] [SEVERE ] setting player 3 freeze to 0
[13:06:15.664] [SEVERE ] setting player 3 freeze to 0
[13:06:15.664] [SEVERE ] setting player 3 freeze to 0
[13:06:15.664] [SEVERE ] setting player 3 freeze to 0
[13:06:15.665] [SEVERE ] removing player 3 token from slot 6
[13:06:15.666] [SEVERE ] player 3 placing token on slot 9
[13:06:15.674] [SEVERE ] setting player 1 freeze to 0
[13:06:15.674] [SEVERE ] setting player 1 freeze to 0
[13:06:15.674] [SEVERE ] setting player 1 freeze to 0
[13:06:15.677] [SEVERE ] setting player 1 freeze to 0
[13:06:15.679] [SEVERE ] removing player 1 token from slot 5
[13:06:15.680] [SEVERE ] removing player 1 token from slot 10
[13:06:15.681] [SEVERE ] player 1 placing token on slot 10
[13:06:15.681] [SEVERE ] player 1 placing token on slot 4
[13:06:15.684] [SEVERE ] setting player 2 freeze to 0
[13:06:15.684] [SEVERE ] setting player 2 freeze to 0
[13:06:15.685] [SEVERE ] setting player 2 freeze to 0
[13:06:15.685] [SEVERE ] setting player 2 freeze to 0
[13:06:15.686] [SEVERE ] removing player 2 token from slot 4
[13:06:15.686] [SEVERE ] player 2 placing token on slot 8
[13:06:15.694] [SEVERE ] setting player 3 freeze to 0
[13:06:15.695] [SEVERE ] setting player 3 freeze to 0
[13:06:15.695] [SEVERE ] setting player 3 freeze to 0
[13:06:15.696] [SEVERE ] setting player 3 freeze to 0
[13:06:15.696] [SEVERE ] removing player 3 token from slot 9
[13:06:15.696] [SEVERE ] player 3 placing token on slot 5
[13:06:15.705] [SEVERE ] setting player 1 freeze to 0
[13:06:15.705] [SEVERE ] setting player 1 freeze to 0
[13:06:15.705] [SEVERE ] setting player 1 freeze to 0
[13:06:15.706] [SEVERE ] setting player 1 freeze to 0
[13:06:15.707] [SEVERE ] removing player 1 token from slot 4
[13:06:15.707] [SEVERE ] removing player 1 token from slot 2
[13:06:15.708] [SEVERE ] player 1 placing token on slot 11
[13:06:15.709] [SEVERE ] player 1 placing token on slot 5
[13:06:15.715] [SEVERE ] setting player 2 freeze to 0
[13:06:15.715] [SEVERE ] setting player 2 freeze to 0
[13:06:15.715] [SEVERE ] setting player 2 freeze to 0
[13:06:15.716] [SEVERE ] setting player 2 freeze to 0
[13:06:15.716] [SEVERE ] removing player 2 token from slot 8
[13:06:15.717] [SEVERE ] player 2 placing token on slot 4
[13:06:15.725] [SEVERE ] setting player 3 freeze to 0
[13:06:15.725] [SEVERE ] setting player 3 freeze to 0
[13:06:15.726] [SEVERE ] setting player 3 freeze to 0
[13:06:15.726] [SEVERE ] setting player 3 freeze to 0
[13:06:15.727] [SEVERE ] removing player 3 token from slot 2
[13:06:15.727] [SEVERE ] player 3 placing token on slot 8
[13:06:15.735] [SEVERE ] setting player 1 freeze to 0
[13:06:15.735] [SEVERE ] setting player 1 freeze to 0
[13:06:15.736] [SEVERE ] setting player 1 freeze to 0
[13:06:15.737] [SEVERE ] setting player 1 freeze to 0
[13:06:15.737] [SEVERE ] removing player 1 token from slot 10
[13:06:15.738] [SEVERE ] player 1 placing token on slot 3
[13:06:15.746] [SEVERE ] setting player 2 freeze to 0
[13:06:15.746] [SEVERE ] setting player 2 freeze to 0
[13:06:15.746] [SEVERE ] setting player 2 freeze to 0
[13:06:15.747] [SEVERE ] setting player 2 freeze to 0
[13:06:15.747] [SEVERE ] removing player 2 token from slot 4
[13:06:15.748] [SEVERE ] removing player 2 token from slot 1
[13:06:15.748] [SEVERE ] player 2 placing token on slot 9
[13:06:15.749] [SEVERE ] removing player 2 token from slot 2
[13:06:15.749] [SEVERE ] player 2 placing token on slot 3
[13:06:15.750] [SEVERE ] player 2 placing token on slot 8
[13:06:15.756] [SEVERE ] setting player 3 freeze to 0
[13:06:15.756] [SEVERE ] setting player 3 freeze to 0
[13:06:15.756] [SEVERE ] setting player 3 freeze to 0
[13:06:15.756] [SEVERE ] setting player 3 freeze to 0
[13:06:15.757] [SEVERE ] removing player 3 token from slot 8
[13:06:15.757] [SEVERE ] removing player 3 token from slot 7
[13:06:15.758] [SEVERE ] player 3 placing token on slot 2
[13:06:15.758] [SEVERE ] player 3 placing token on slot 7
[13:06:15.766] [SEVERE ] setting player 1 freeze to 0
[13:06:15.766] [SEVERE ] setting player 1 freeze to 0
[13:06:15.766] [SEVERE ] setting player 1 freeze to 0
[13:06:15.766] [SEVERE ] setting player 1 freeze to 0
[13:06:15.767] [SEVERE ] removing player 1 token from slot 11
[13:06:15.767] [SEVERE ] player 1 placing token on slot 7
[13:06:15.776] [SEVERE ] setting player 2 freeze to 0
[13:06:15.777] [SEVERE ] setting player 2 freeze to 0
[13:06:15.777] [SEVERE ] setting player 2 freeze to 0
[13:06:15.777] [SEVERE ] setting player 2 freeze to 0
[13:06:15.778] [SEVERE ] removing player 2 token from slot 3
[13:06:15.778] [SEVERE ] removing player 2 token from slot 9
[13:06:15.779] [SEVERE ] player 2 placing token on slot 6
[13:06:15.779] [SEVERE ] player 2 placing token on slot 10
[13:06:15.787] [SEVERE ] setting player 3 freeze to 0
[13:06:15.787] [SEVERE ] setting player 3 freeze to 0
[13:06:15.787] [SEVERE ] setting player 3 freeze to 0
[13:06:15.787] [SEVERE ] setting player 3 freeze to 0
[13:06:15.788] [SEVERE ] removing player 3 token from slot 2
[13:06:15.788] [SEVERE ] removing player 3 token from slot 5
[13:06:15.789] [SEVERE ] player 3 placing token on slot 10
[13:06:15.789] [SEVERE ] removing player 3 token from slot 10
[13:06:15.789] [SEVERE ] player 3 placing token on slot 2
[13:06:15.790] [SEVERE ] player 3 placing token on slot 6
[13:06:15.797] [SEVERE ] setting player 1 freeze to 0
[13:06:15.797] [SEVERE ] setting player 1 freeze to 0
[13:06:15.798] [SEVERE ] setting player 1 freeze to 0
[13:06:15.798] [SEVERE ] setting player 1 freeze to 0
[13:06:15.798] [SEVERE ] removing player 1 token from slot 7
[13:06:15.799] [SEVERE ] player 1 placing token on slot 4
[13:06:15.807] [SEVERE ] setting player 2 freeze to 0
[13:06:15.807] [SEVERE ] setting player 2 freeze to 0
[13:06:15.808] [SEVERE ] setting player 2 freeze to 0
[13:06:15.808] [SEVERE ] setting player 2 freeze to 0
[13:06:15.809] [SEVERE ] removing player 2 token from slot 8
[13:06:15.809] [SEVERE ] player 2 placing token on slot 8
[13:06:15.817] [SEVERE ] setting player 3 freeze to 0
[13:06:15.818] [SEVERE ] setting player 3 freeze to 0
[13:06:15.818] [SEVERE ] setting player 3 freeze to 0
[13:06:15.818] [SEVERE ] setting player 3 freeze to 0
[13:06:15.819] [SEVERE ] removing player 3 token from slot 2
[13:06:15.819] [SEVERE ] removing player 3 token from slot 6
[13:06:15.820] [SEVERE ] player 3 placing token on slot 5
[13:06:15.820] [SEVERE ] player 3 placing token on slot 8
[13:06:15.828] [SEVERE ] setting player 1 freeze to 0
[13:06:15.828] [SEVERE ] setting player 1 freeze to 0
[13:06:15.828] [SEVERE ] setting player 1 freeze to 0
[13:06:15.828] [SEVERE ] setting player 1 freeze to 0
[13:06:15.829] [SEVERE ] removing player 1 token from slot 5
[13:06:15.829] [SEVERE ] player 1 placing token on slot 9
[13:06:15.838] [SEVERE ] setting player 2 freeze to 0
[13:06:15.838] [SEVERE ] setting player 2 freeze to 0
[13:06:15.839] [SEVERE ] setting player 2 freeze to 0
[13:06:15.839] [SEVERE ] setting player 2 freeze to 0
[13:06:15.840] [SEVERE ] removing player 2 token from slot 6
[13:06:15.840] [SEVERE ] player 2 placing token on slot 7
[13:06:15.848] [SEVERE ] setting player 3 freeze to 0
[13:06:15.849] [SEVERE ] setting player 3 freeze to 0
[13:06:15.849] [SEVERE ] setting player 3 freeze to 0
[13:06:15.850] [SEVERE ] setting player 3 freeze to 0
[13:06:15.850] [SEVERE ] removing player 3 token from slot 5
[13:06:15.851] [SEVERE ] player 3 placing token on slot 5
[13:06:15.859] [SEVERE ] setting player 1 freeze to 0
[13:06:15.859] [SEVERE ] setting player 1 freeze to 0
[13:06:15.859] [SEVERE ] setting player 1 freeze to 0
[13:06:15.859] [SEVERE ] setting player 1 freeze to 0
[13:06:15.860] [SEVERE ] removing player 1 token from slot 3
[13:06:15.860] [SEVERE ] player 1 placing token on slot 8
[13:06:15.869] [SEVERE ] setting player 2 freeze to 0
[13:06:15.869] [SEVERE ] setting player 2 freeze to 0
[13:06:15.870] [SEVERE ] setting player 2 freeze to 0
[13:06:15.870] [SEVERE ] setting player 2 freeze to 0
[13:06:15.871] [SEVERE ] removing player 2 token from slot 10
[13:06:15.871] [SEVERE ] player 2 placing token on slot 1
[13:06:15.879] [SEVERE ] setting player 3 freeze to 0
[13:06:15.879] [SEVERE ] setting player 3 freeze to 0
[13:06:15.879] [SEVERE ] setting player 3 freeze to 0
[13:06:15.880] [SEVERE ] setting player 3 freeze to 0
[13:06:15.880] [SEVERE ] removing player 3 token from slot 8
[13:06:15.881] [SEVERE ] player 3 placing token on slot 9
[13:06:15.890] [SEVERE ] setting player 1 freeze to 0
[13:06:15.890] [SEVERE ] setting player 1 freeze to 0
[13:06:15.890] [SEVERE ] setting player 1 freeze to 0
[13:06:15.891] [SEVERE ] setting player 1 freeze to 0
[13:06:15.891] [SEVERE ] removing player 1 token from slot 8
[13:06:15.891] [SEVERE ] player 1 placing token on slot 10
[13:06:15.900] [SEVERE ] setting player 2 freeze to 0
[13:06:15.900] [SEVERE ] setting player 2 freeze to 0
[13:06:15.900] [SEVERE ] setting player 2 freeze to 0
[13:06:15.900] [SEVERE ] setting player 2 freeze to 0
[13:06:15.901] [SEVERE ] removing player 2 token from slot 1
[13:06:15.901] [SEVERE ] player 2 placing token on slot 2
[13:06:15.910] [SEVERE ] setting player 3 freeze to 0
[13:06:15.910] [SEVERE ] setting player 3 freeze to 0
[13:06:15.910] [SEVERE ] setting player 3 freeze to 0
[13:06:15.911] [SEVERE ] setting player 3 freeze to 0
[13:06:15.911] [SEVERE ] removing player 3 token from slot 9
[13:06:15.912] [SEVERE ] player 3 placing token on slot 2
[13:06:15.920] [SEVERE ] setting player 1 freeze to 0
[13:06:15.920] [SEVERE ] setting player 1 freeze to 0
[13:06:15.921] [SEVERE ] setting player 1 freeze to 0
[13:06:15.921] [SEVERE ] setting player 1 freeze to 0
[13:06:15.922] [SEVERE ] removing player 1 token from slot 9
[13:06:15.922] [SEVERE ] player 1 placing token on slot 3
[13:06:15.931] [SEVERE ] setting player 2 freeze to 0
[13:06:15.931] [SEVERE ] setting player 2 freeze to 0
[13:06:15.931] [SEVERE ] setting player 2 freeze to 0
[13:06:15.932] [SEVERE ] setting player 2 freeze to 0
[13:06:15.932] [SEVERE ] removing player 2 token from slot 7
[13:06:15.932] [SEVERE ] removing player 2 token from slot 2
[13:06:15.933] [SEVERE ] player 2 placing token on slot 11
[13:06:15.933] [SEVERE ] player 2 placing token on slot 2
[13:06:15.941] [SEVERE ] setting player 3 freeze to 0
[13:06:15.941] [SEVERE ] setting player 3 freeze to 0
[13:06:15.941] [SEVERE ] setting player 3 freeze to 0
[13:06:15.942] [SEVERE ] setting player 3 freeze to 0
[13:06:15.942] [SEVERE ] removing player 3 token from slot 2
[13:06:15.943] [SEVERE ] player 3 placing token on slot 10
[13:06:15.951] [SEVERE ] setting player 1 freeze to 0
[13:06:15.951] [SEVERE ] setting player 1 freeze to 0
[13:06:15.952] [SEVERE ] setting player 1 freeze to 0
[13:06:15.952] [SEVERE ] setting player 1 freeze to 0
[13:06:15.952] [SEVERE ] removing player 1 token from slot 4
[13:06:15.953] [SEVERE ] player 1 placing token on slot 7
[13:06:15.961] [SEVERE ] setting player 2 freeze to 0
[13:06:15.961] [SEVERE ] setting player 2 freeze to 0
[13:06:15.962] [SEVERE ] setting player 2 freeze to 0
[13:06:15.962] [SEVERE ] setting player 2 freeze to 0
[13:06:15.963] [SEVERE ] removing player 2 token from slot 2
[13:06:15.963] [SEVERE ] player 2 placing token on slot 6
[13:06:15.971] [SEVERE ] setting player 3 freeze to 0
[13:06:15.971] [SEVERE ] setting player 3 freeze to 0
[13:06:15.972] [SEVERE ] setting player 3 freeze to 0
[13:06:15.972] [SEVERE ] setting player 3 freeze to 0
[13:06:15.973] [SEVERE ] removing player 3 token from slot 10
[13:06:15.973] [SEVERE ] player 3 placing token on slot 1
[13:06:15.982] [SEVERE ] setting player 1 freeze to 0
[13:06:15.982] [SEVERE ] setting player 1 freeze to 0
[13:06:15.982] [SEVERE ] setting player 1 freeze to 0
[13:06:15.982] [SEVERE ] setting player 1 freeze to 0
[13:06:15.982] [SEVERE ] removing player 1 token from slot 3
[13:06:15.982] [SEVERE ] player 1 placing token on slot 8
[13:06:15.992] [SEVERE ] setting player 2 freeze to 0
[13:06:15.992] [SEVERE ] setting player 2 freeze to 0
[13:06:15.992] [SEVERE ] setting player 2 freeze to 0
[13:06:15.993] [SEVERE ] setting player 2 freeze to 0
[13:06:15.993] [SEVERE ] removing player 2 token from slot 8
[13:06:15.994] [SEVERE ] player 2 placing token on slot 1
[13:06:16.002] [SEVERE ] setting player 3 freeze to 0
[13:06:16.002] [SEVERE ] setting player 3 freeze to 0
[13:06:16.003] [SEVERE ] setting player 3 freeze to 0
[13:06:16.003] [SEVERE ] setting player 3 freeze to 0
[13:06:16.003] [SEVERE ] removing player 3 token from slot 5
[13:06:16.004] [SEVERE ] removing player 3 token from slot 1
[13:06:16.004] [SEVERE ] player 3 placing token on slot 5
[13:06:16.005] [SEVERE ] player 3 placing token on slot 8
[13:06:16.012] [SEVERE ] setting player 1 freeze to 0
[13:06:16.012] [SEVERE ] setting player 1 freeze to 0
[13:06:16.013] [SEVERE ] setting player 1 freeze to 0
[13:06:16.013] [SEVERE ] setting player 1 freeze to 0
[13:06:16.014] [SEVERE ] removing player 1 token from slot 7
[13:06:16.014] [SEVERE ] removing player 1 token from slot 8
[13:06:16.015] [SEVERE ] player 1 placing token on slot 4
[13:06:16.015] [SEVERE ] player 1 placing token on slot 7
[13:06:16.022] [SEVERE ] setting player 2 freeze to 0
[13:06:16.022] [SEVERE ] setting player 2 freeze to 0
[13:06:16.023] [SEVERE ] setting player 2 freeze to 0
[13:06:16.023] [SEVERE ] setting player 2 freeze to 0
[13:06:16.024] [SEVERE ] removing player 2 token from slot 6
[13:06:16.024] [SEVERE ] player 2 placing token on slot 4
[13:06:16.033] [SEVERE ] setting player 3 freeze to 0
[13:06:16.033] [SEVERE ] setting player 3 freeze to 0
[13:06:16.033] [SEVERE ] setting player 3 freeze to 0
[13:06:16.034] [SEVERE ] setting player 3 freeze to 0
[13:06:16.034] [SEVERE ] removing player 3 token from slot 5
[13:06:16.034] [SEVERE ] player 3 placing token on slot 10
[13:06:16.043] [SEVERE ] setting player 1 freeze to 0
[13:06:16.043] [SEVERE ] setting player 1 freeze to 0
[13:06:16.043] [SEVERE ] setting player 1 freeze to 0
[13:06:16.044] [SEVERE ] setting player 1 freeze to 0
[13:06:16.044] [SEVERE ] removing player 1 token from slot 10
[13:06:16.045] [SEVERE ] player 1 placing token on slot 6
[13:06:16.053] [SEVERE ] setting player 2 freeze to 0
[13:06:16.053] [SEVERE ] setting player 2 freeze to 0
[13:06:16.053] [SEVERE ] setting player 2 freeze to 0
[13:06:16.054] [SEVERE ] setting player 2 freeze to 0
[13:06:16.054] [SEVERE ] removing player 2 token from slot 1
[13:06:16.055] [SEVERE ] removing player 2 token from slot 11
[13:06:16.055] [SEVERE ] player 2 placing token on slot 7
[13:06:16.055] [SEVERE ] player 2 placing token on slot 6
[13:06:16.063] [SEVERE ] setting player 3 freeze to 0
[13:06:16.063] [SEVERE ] setting player 3 freeze to 0
[13:06:16.064] [SEVERE ] setting player 3 freeze to 0
[13:06:16.064] [SEVERE ] setting player 3 freeze to 0
[13:06:16.065] [SEVERE ] removing player 3 token from slot 8
[13:06:16.065] [SEVERE ] player 3 placing token on slot 8
[13:06:16.073] [SEVERE ] setting player 1 freeze to 0
[13:06:16.073] [SEVERE ] setting player 1 freeze to 0
[13:06:16.074] [SEVERE ] setting player 1 freeze to 0
[13:06:16.074] [SEVERE ] setting player 1 freeze to 0
[13:06:16.075] [SEVERE ] removing player 1 token from slot 6
[13:06:16.075] [SEVERE ] removing player 1 token from slot 7
[13:06:16.076] [SEVERE ] player 1 placing token on slot 2
[13:06:16.076] [SEVERE ] removing player 1 token from slot 2
[13:06:16.077] [SEVERE ] player 1 placing token on slot 10
[13:06:16.077] [SEVERE ] removing player 1 token from slot 4
[13:06:16.077] [SEVERE ] player 1 placing token on slot 11
[13:06:16.078] [SEVERE ] player 1 placing token on slot 5
[13:06:16.083] [SEVERE ] setting player 2 freeze to 0
[13:06:16.083] [SEVERE ] setting player 2 freeze to 0
[13:06:16.084] [SEVERE ] setting player 2 freeze to 0
[13:06:16.084] [SEVERE ] setting player 2 freeze to 0
[13:06:16.085] [SEVERE ] removing player 2 token from slot 7
[13:06:16.085] [SEVERE ] player 2 placing token on slot 7
[13:06:16.094] [SEVERE ] setting player 3 freeze to 0
[13:06:16.094] [SEVERE ] setting player 3 freeze to 0
[13:06:16.094] [SEVERE ] setting player 3 freeze to 0
[13:06:16.094] [SEVERE ] setting player 3 freeze to 0
[13:06:16.095] [SEVERE ] removing player 3 token from slot 10
[13:06:16.095] [SEVERE ] removing player 3 token from slot 8
[13:06:16.096] [SEVERE ] player 3 placing token on slot 5
[13:06:16.096] [SEVERE ] player 3 placing token on slot 2
[13:06:16.104] [SEVERE ] setting player 1 freeze to 0
[13:06:16.104] [SEVERE ] setting player 1 freeze to 0
[13:06:16.104] [SEVERE ] setting player 1 freeze to 0
[13:06:16.105] [SEVERE ] setting player 1 freeze to 0
[13:06:16.105] [SEVERE ] removing player 1 token from slot 5
[13:06:16.105] [SEVERE ] removing player 1 token from slot 10
[13:06:16.106] [SEVERE ] player 1 placing token on slot 6
[13:06:16.106] [SEVERE ] player 1 placing token on slot 7
[13:06:16.114] [SEVERE ] setting player 2 freeze to 0
[13:06:16.114] [SEVERE ] setting player 2 freeze to 0
[13:06:16.115] [SEVERE ] setting player 2 freeze to 0
[13:06:16.115] [SEVERE ] setting player 2 freeze to 0
[13:06:16.115] [SEVERE ] removing player 2 token from slot 6
[13:06:16.116] [SEVERE ] player 2 placing token on slot 8
[13:06:16.124] [SEVERE ] setting player 3 freeze to 0
[13:06:16.124] [SEVERE ] setting player 3 freeze to 0
[13:06:16.125] [SEVERE ] setting player 3 freeze to 0
[13:06:16.125] [SEVERE ] setting player 3 freeze to 0
[13:06:16.126] [SEVERE ] removing player 3 token from slot 5
[13:06:16.126] [SEVERE ] player 3 placing token on slot 1
[13:06:16.134] [SEVERE ] setting player 1 freeze to 0
[13:06:16.134] [SEVERE ] setting player 1 freeze to 0
[13:06:16.135] [SEVERE ] setting player 1 freeze to 0
[13:06:16.135] [SEVERE ] setting player 1 freeze to 0
[13:06:16.136] [SEVERE ] removing player 1 token from slot 6
[13:06:16.136] [SEVERE ] removing player 1 token from slot 7
[13:06:16.137] [SEVERE ] player 1 placing token on slot 10
[13:06:16.137] [SEVERE ] player 1 placing token on slot 6
[13:06:16.144] [SEVERE ] setting player 2 freeze to 0
[13:06:16.144] [SEVERE ] setting player 2 freeze to 0
[13:06:16.145] [SEVERE ] setting player 2 freeze to 0
[13:06:16.146] [SEVERE ] setting player 2 freeze to 0
[13:06:16.146] [SEVERE ] removing player 2 token from slot 4
[13:06:16.147] [SEVERE ] player 2 placing token on slot 1
[13:06:16.155] [SEVERE ] setting player 3 freeze to 0
[13:06:16.155] [SEVERE ] setting player 3 freeze to 0
[13:06:16.155] [SEVERE ] setting player 3 freeze to 0
[13:06:16.156] [SEVERE ] setting player 3 freeze to 0
[13:06:16.156] [SEVERE ] removing player 3 token from slot 1
[13:06:16.157] [SEVERE ] removing player 3 token from slot 2
[13:06:16.157] [SEVERE ] player 3 placing token on slot 9
[13:06:16.158] [SEVERE ] player 3 placing token on slot 4
[13:06:16.165] [SEVERE ] setting player 1 freeze to 0
[13:06:16.165] [SEVERE ] setting player 1 freeze to 0
[13:06:16.166] [SEVERE ] setting player 1 freeze to 0
[13:06:16.166] [SEVERE ] setting player 1 freeze to 0
[13:06:16.167] [SEVERE ] removing player 1 token from slot 10
[13:06:16.167] [SEVERE ] player 1 placing token on slot 4
[13:06:16.175] [SEVERE ] setting player 2 freeze to 0
[13:06:16.175] [SEVERE ] setting player 2 freeze to 0
[13:06:16.175] [SEVERE ] setting player 2 freeze to 0
[13:06:16.176] [SEVERE ] setting player 2 freeze to 0
[13:06:16.176] [SEVERE ] removing player 2 token from slot 7
[13:06:16.177] [SEVERE ] player 2 placing token on slot 11
[13:06:16.185] [SEVERE ] setting player 3 freeze to 0
[13:06:16.185] [SEVERE ] setting player 3 freeze to 0
[13:06:16.185] [SEVERE ] setting player 3 freeze to 0
[13:06:16.186] [SEVERE ] setting player 3 freeze to 0
[13:06:16.186] [SEVERE ] removing player 3 token from slot 4
[13:06:16.196] [SEVERE ] setting player 1 freeze to 0
[13:06:16.203] [SEVERE ] player 3 placing token on slot 2
[13:06:16.203] [SEVERE ] setting player 1 freeze to 0
[13:06:16.204] [SEVERE ] setting player 1 freeze to 0
[13:06:16.204] [SEVERE ] setting player 1 freeze to 0
[13:06:16.205] [SEVERE ] removing player 1 token from slot 11
[13:06:16.205] [SEVERE ] player 1 placing token on slot 11
[13:06:16.206] [SEVERE ] setting player 2 freeze to 0
[13:06:16.206] [SEVERE ] setting player 2 freeze to 0
[13:06:16.206] [SEVERE ] setting player 2 freeze to 0
[13:06:16.207] [SEVERE ] setting player 2 freeze to 0
[13:06:16.207] [SEVERE ] removing player 2 token from slot 8
[13:06:16.208] [SEVERE ] player 2 placing token on slot 3
[13:06:16.216] [SEVERE ] setting player 3 freeze to 0
[13:06:16.216] [SEVERE ] setting player 3 freeze to 0
[13:06:16.216] [SEVERE ] setting player 3 freeze to 0
[13:06:16.217] [SEVERE ] setting player 3 freeze to 0
[13:06:16.217] [SEVERE ] removing player 3 token from slot 7
[13:06:16.217] [SEVERE ] removing player 3 token from slot 2
[13:06:16.218] [SEVERE ] player 3 placing token on slot 1
[13:06:16.218] [SEVERE ] player 3 placing token on slot 10
[13:06:16.226] [SEVERE ] setting player 1 freeze to 0
[13:06:16.226] [SEVERE ] setting player 1 freeze to 0
[13:06:16.227] [SEVERE ] setting player 1 freeze to 0
[13:06:16.227] [SEVERE ] setting player 1 freeze to 0
[13:06:16.228] [SEVERE ] removing player 1 token from slot 4
[13:06:16.228] [SEVERE ] player 1 placing token on slot 4
[13:06:16.237] [SEVERE ] setting player 2 freeze to 0
[13:06:16.237] [SEVERE ] setting player 2 freeze to 0
[13:06:16.237] [SEVERE ] setting player 2 freeze to 0
[13:06:16.237] [SEVERE ] setting player 2 freeze to 0
[13:06:16.238] [SEVERE ] removing player 2 token from slot 1
[13:06:16.238] [SEVERE ] player 2 placing token on slot 9
[13:06:16.247] [SEVERE ] setting player 3 freeze to 0
[13:06:16.247] [SEVERE ] setting player 3 freeze to 0
[13:06:16.247] [SEVERE ] setting player 3 freeze to 0
[13:06:16.248] [SEVERE ] setting player 3 freeze to 0
[13:06:16.248] [SEVERE ] removing player 3 token from slot 1
[13:06:16.249] [SEVERE ] player 3 placing token on slot 1
[13:06:16.257] [SEVERE ] setting player 1 freeze to 0
[13:06:16.257] [SEVERE ] setting player 1 freeze to 0
[13:06:16.257] [SEVERE ] setting player 1 freeze to 0
[13:06:16.258] [SEVERE ] setting player 1 freeze to 0
[13:06:16.258] [SEVERE ] removing player 1 token from slot 4
[13:06:16.259] [SEVERE ] player 1 placing token on slot 5
[13:06:16.267] [SEVERE ] setting player 2 freeze to 0
[13:06:16.267] [SEVERE ] setting player 2 freeze to 0
[13:06:16.267] [SEVERE ] setting player 2 freeze to 0
[13:06:16.268] [SEVERE ] setting player 2 freeze to 0
[13:06:16.269] [SEVERE ] removing player 2 token from slot 11
[13:06:16.269] [SEVERE ] removing player 2 token from slot 9
[13:06:16.269] [SEVERE ] player 2 placing token on slot 10
[13:06:16.270] [SEVERE ] player 2 placing token on slot 6
[13:06:16.277] [SEVERE ] setting player 3 freeze to 0
[13:06:16.278] [SEVERE ] setting player 3 freeze to 0
[13:06:16.281] [SEVERE ] setting player 3 freeze to 0
[13:06:16.283] [SEVERE ] setting player 3 freeze to 0
[13:06:16.284] [SEVERE ] removing player 3 token from slot 10
[13:06:16.285] [SEVERE ] removing player 3 token from slot 9
[13:06:16.285] [SEVERE ] player 3 placing token on slot 6
[13:06:16.286] [SEVERE ] player 3 placing token on slot 2
[13:06:16.288] [SEVERE ] setting player 1 freeze to 0
[13:06:16.298] [SEVERE ] setting player 2 freeze to 0
[13:06:16.306] [SEVERE ] setting player 1 freeze to 0
[13:06:16.308] [SEVERE ] setting player 1 freeze to 0
[13:06:16.309] [SEVERE ] setting player 1 freeze to 0
[13:06:16.307] [SEVERE ] setting player 2 freeze to 0
[13:06:16.309] [SEVERE ] removing player 1 token from slot 5
[13:06:16.308] [SEVERE ] setting player 3 freeze to 0
[13:06:16.312] [SEVERE ] setting player 3 freeze to 0
[13:06:16.311] [SEVERE ] player 1 placing token on slot 4
[13:06:16.310] [SEVERE ] setting player 2 freeze to 0
[13:06:16.313] [SEVERE ] setting player 3 freeze to 0
[13:06:16.314] [SEVERE ] setting player 2 freeze to 0
[13:06:16.315] [SEVERE ] setting player 3 freeze to 0
[13:06:16.316] [SEVERE ] removing player 2 token from slot 6
[13:06:16.317] [SEVERE ] removing player 3 token from slot 2
[13:06:16.317] [SEVERE ] player 2 placing token on slot 2
[13:06:16.318] [SEVERE ] player 3 placing token on slot 8
[13:06:16.318] [SEVERE ] setting player 1 freeze to 0
[13:06:16.319] [SEVERE ] setting player 1 freeze to 0
[13:06:16.319] [SEVERE ] setting player 1 freeze to 0
[13:06:16.320] [SEVERE ] setting player 1 freeze to 0
[13:06:16.320] [SEVERE ] removing player 1 token from slot 4
[13:06:16.321] [SEVERE ] player 1 placing token on slot 9
[13:06:16.328] [SEVERE ] setting player 2 freeze to 0
[13:06:16.328] [SEVERE ] setting player 2 freeze to 0
[13:06:16.329] [SEVERE ] setting player 2 freeze to 0
[13:06:16.329] [SEVERE ] setting player 2 freeze to 0
[13:06:16.330] [SEVERE ] removing player 2 token from slot 2
[13:06:16.330] [SEVERE ] player 2 placing token on slot 8
[13:06:16.338] [SEVERE ] setting player 3 freeze to 0
[13:06:16.338] [SEVERE ] setting player 3 freeze to 0
[13:06:16.341] [SEVERE ] setting player 3 freeze to 0
[13:06:16.341] [SEVERE ] setting player 3 freeze to 0
[13:06:16.342] [SEVERE ] removing player 3 token from slot 8
[13:06:16.342] [SEVERE ] player 3 placing token on slot 11
[13:06:16.349] [SEVERE ] setting player 1 freeze to 0
[13:06:16.349] [SEVERE ] setting player 1 freeze to 0
[13:06:16.350] [SEVERE ] setting player 1 freeze to 0
[13:06:16.351] [SEVERE ] setting player 1 freeze to 0
[13:06:16.352] [SEVERE ] removing player 1 token from slot 6
[13:06:16.352] [SEVERE ] player 1 placing token on slot 7
[13:06:16.359] [SEVERE ] setting player 2 freeze to 0
[13:06:16.359] [SEVERE ] setting player 2 freeze to 0
[13:06:16.359] [SEVERE ] setting player 2 freeze to 0
[13:06:16.360] [SEVERE ] setting player 2 freeze to 0
[13:06:16.360] [SEVERE ] removing player 2 token from slot 10
[13:06:16.361] [SEVERE ] player 2 placing token on slot 4
[13:06:16.369] [SEVERE ] setting player 3 freeze to 0
[13:06:16.369] [SEVERE ] setting player 3 freeze to 0
[13:06:16.369] [SEVERE ] setting player 3 freeze to 0
[13:06:16.370] [SEVERE ] setting player 3 freeze to 0
[13:06:16.370] [SEVERE ] removing player 3 token from slot 11
[13:06:16.371] [SEVERE ] player 3 placing token on slot 9
[13:06:16.379] [SEVERE ] setting player 1 freeze to 0
[13:06:16.379] [SEVERE ] setting player 1 freeze to 0
[13:06:16.380] [SEVERE ] setting player 1 freeze to 0
[13:06:16.380] [SEVERE ] setting player 1 freeze to 0
[13:06:16.380] [SEVERE ] removing player 1 token from slot 9
[13:06:16.381] [SEVERE ] player 1 placing token on slot 9
[13:06:16.389] [SEVERE ] setting player 2 freeze to 0
[13:06:16.395] [SEVERE ] setting player 2 freeze to 0
[13:06:16.396] [SEVERE ] setting player 2 freeze to 0
[13:06:16.396] [SEVERE ] setting player 2 freeze to 0
[13:06:16.397] [SEVERE ] removing player 2 token from slot 3
[13:06:16.397] [SEVERE ] player 2 placing token on slot 2
[13:06:16.399] [SEVERE ] setting player 3 freeze to 0
[13:06:16.399] [SEVERE ] setting player 3 freeze to 0
[13:06:16.400] [SEVERE ] setting player 3 freeze to 0
[13:06:16.401] [SEVERE ] setting player 3 freeze to 0
[13:06:16.401] [SEVERE ] removing player 3 token from slot 1
[13:06:16.402] [SEVERE ] removing player 3 token from slot 6
[13:06:16.402] [SEVERE ] removing player 3 token from slot 9
[13:06:16.403] [SEVERE ] player 3 placing token on slot 10
[13:06:16.403] [SEVERE ] player 3 placing token on slot 9
[13:06:16.404] [SEVERE ] player 3 placing token on slot 3
[13:06:16.409] [SEVERE ] setting player 1 freeze to 0
[13:06:16.410] [SEVERE ] setting player 1 freeze to 0
[13:06:16.410] [SEVERE ] setting player 1 freeze to 0
[13:06:16.411] [SEVERE ] setting player 1 freeze to 0
[13:06:16.411] [SEVERE ] removing player 1 token from slot 11
[13:06:16.412] [SEVERE ] player 1 placing token on slot 4
[13:06:16.420] [SEVERE ] setting player 2 freeze to 0
[13:06:16.420] [SEVERE ] setting player 2 freeze to 0
[13:06:16.420] [SEVERE ] setting player 2 freeze to 0
[13:06:16.421] [SEVERE ] setting player 2 freeze to 0
[13:06:16.421] [SEVERE ] removing player 2 token from slot 4
[13:06:16.422] [SEVERE ] player 2 placing token on slot 4
[13:06:16.430] [SEVERE ] setting player 3 freeze to 0
[13:06:16.430] [SEVERE ] setting player 3 freeze to 0
[13:06:16.430] [SEVERE ] setting player 3 freeze to 0
[13:06:16.431] [SEVERE ] setting player 3 freeze to 0
[13:06:16.431] [SEVERE ] removing player 3 token from slot 3
[13:06:16.432] [SEVERE ] player 3 placing token on slot 11
[13:06:16.440] [SEVERE ] setting player 1 freeze to 0
[13:06:16.440] [SEVERE ] setting player 1 freeze to 0
[13:06:16.440] [SEVERE ] setting player 1 freeze to 0
[13:06:16.441] [SEVERE ] setting player 1 freeze to 0
[13:06:16.442] [SEVERE ] removing player 1 token from slot 4
[13:06:16.442] [SEVERE ] player 1 placing token on slot 5
[13:06:16.450] [SEVERE ] setting player 2 freeze to 0
[13:06:16.450] [SEVERE ] setting player 2 freeze to 0
[13:06:16.451] [SEVERE ] setting player 2 freeze to 0
[13:06:16.451] [SEVERE ] setting player 2 freeze to 0
[13:06:16.452] [SEVERE ] removing player 2 token from slot 2
[13:06:16.452] [SEVERE ] player 2 placing token on slot 3
[13:06:16.460] [SEVERE ] setting player 3 freeze to 0
[13:06:16.460] [SEVERE ] setting player 3 freeze to 0
[13:06:16.461] [SEVERE ] setting player 3 freeze to 0
[13:06:16.461] [SEVERE ] setting player 3 freeze to 0
[13:06:16.462] [SEVERE ] removing player 3 token from slot 10
[13:06:16.462] [SEVERE ] removing player 3 token from slot 11
[13:06:16.463] [SEVERE ] player 3 placing token on slot 2
[13:06:16.463] [SEVERE ] player 3 placing token on slot 8
[13:06:16.470] [SEVERE ] setting player 1 freeze to 0
[13:06:16.470] [SEVERE ] setting player 1 freeze to 0
[13:06:16.481] [SEVERE ] setting player 2 freeze to 0
[13:06:16.491] [SEVERE ] setting player 3 freeze to 0
[13:06:16.490] [SEVERE ] setting player 1 freeze to 0
[13:06:16.491] [SEVERE ] setting player 3 freeze to 0
[13:06:16.491] [SEVERE ] setting player 2 freeze to 0
[13:06:16.492] [SEVERE ] setting player 3 freeze to 0
[13:06:16.492] [SEVERE ] setting player 1 freeze to 0
[13:06:16.493] [SEVERE ] setting player 3 freeze to 0
[13:06:16.493] [SEVERE ] setting player 2 freeze to 0
[13:06:16.494] [SEVERE ] removing player 1 token from slot 5
[13:06:16.495] [SEVERE ] setting player 2 freeze to 0
[13:06:16.496] [SEVERE ] removing player 3 token from slot 8
[13:06:16.497] [SEVERE ] removing player 2 token from slot 8
[13:06:16.497] [SEVERE ] player 1 placing token on slot 11
[13:06:16.498] [SEVERE ] removing player 2 token from slot 4
[13:06:16.498] [SEVERE ] player 3 placing token on slot 1
[13:06:16.499] [SEVERE ] player 2 placing token on slot 8
[13:06:16.499] [SEVERE ] removing player 2 token from slot 8
[13:06:16.500] [SEVERE ] removing player 2 token from slot 3
[13:06:16.500] [SEVERE ] player 2 placing token on slot 1
[13:06:16.501] [SEVERE ] player 2 placing token on slot 2
[13:06:16.501] [SEVERE ] setting player 1 freeze to 0
[13:06:16.501] [SEVERE ] removing player 2 token from slot 2
[13:06:16.502] [SEVERE ] setting player 1 freeze to 0
[13:06:16.502] [SEVERE ] player 2 placing token on slot 5
[13:06:16.502] [SEVERE ] setting player 1 freeze to 0
[13:06:16.503] [SEVERE ] removing player 2 token from slot 1
[13:06:16.504] [SEVERE ] setting player 1 freeze to 0
[13:06:16.504] [SEVERE ] player 2 placing token on slot 4
[13:06:16.505] [SEVERE ] player 2 placing token on slot 3
[13:06:16.505] [SEVERE ] removing player 1 token from slot 9
[13:06:16.506] [SEVERE ] player 1 placing token on slot 3
[13:06:16.511] [SEVERE ] setting player 3 freeze to 0
[13:06:16.511] [SEVERE ] setting player 3 freeze to 0
[13:06:16.511] [SEVERE ] setting player 3 freeze to 0
[13:06:16.512] [SEVERE ] setting player 3 freeze to 0
[13:06:16.512] [SEVERE ] removing player 3 token from slot 2
[13:06:16.513] [SEVERE ] player 3 placing token on slot 11
[13:06:16.521] [SEVERE ] setting player 2 freeze to 0
[13:06:16.521] [SEVERE ] setting player 2 freeze to 0
[13:06:16.522] [SEVERE ] setting player 2 freeze to 0
[13:06:16.522] [SEVERE ] setting player 2 freeze to 0
[13:06:16.523] [SEVERE ] removing player 2 token from slot 4
[13:06:16.523] [SEVERE ] player 2 placing token on slot 11
[13:06:16.531] [SEVERE ] setting player 1 freeze to 0
[13:06:16.531] [SEVERE ] setting player 1 freeze to 0
[13:06:16.532] [SEVERE ] setting player 1 freeze to 0
[13:06:16.532] [SEVERE ] setting player 1 freeze to 0
[13:06:16.533] [SEVERE ] removing player 1 token from slot 11
[13:06:16.533] [SEVERE ] removing player 1 token from slot 3
[13:06:16.534] [SEVERE ] player 1 placing token on slot 8
[13:06:16.534] [SEVERE ] player 1 placing token on slot 6
[13:06:16.542] [SEVERE ] setting player 3 freeze to 0
[13:06:16.542] [SEVERE ] setting player 3 freeze to 0
[13:06:16.545] [SEVERE ] setting player 3 freeze to 0
[13:06:16.545] [SEVERE ] setting player 3 freeze to 0
[13:06:16.545] [SEVERE ] removing player 3 token from slot 9
[13:06:16.546] [SEVERE ] player 3 placing token on slot 2
[13:06:16.552] [SEVERE ] setting player 2 freeze to 0
[13:06:16.552] [SEVERE ] setting player 2 freeze to 0
[13:06:16.552] [SEVERE ] setting player 2 freeze to 0
[13:06:16.553] [SEVERE ] setting player 2 freeze to 0
[13:06:16.553] [SEVERE ] removing player 2 token from slot 5
[13:06:16.554] [SEVERE ] player 2 placing token on slot 8
[13:06:16.562] [SEVERE ] setting player 1 freeze to 0
[13:06:16.562] [SEVERE ] setting player 1 freeze to 0
[13:06:16.562] [SEVERE ] setting player 1 freeze to 0
[13:06:16.563] [SEVERE ] setting player 1 freeze to 0
[13:06:16.564] [SEVERE ] removing player 1 token from slot 7
[13:06:16.564] [SEVERE ] removing player 1 token from slot 6
[13:06:16.565] [SEVERE ] player 1 placing token on slot 5
[13:06:16.565] [SEVERE ] player 1 placing token on slot 2
[13:06:16.572] [SEVERE ] setting player 3 freeze to 0
[13:06:16.572] [SEVERE ] setting player 3 freeze to 0
[13:06:16.573] [SEVERE ] setting player 3 freeze to 0
[13:06:16.573] [SEVERE ] setting player 3 freeze to 0
[13:06:16.574] [SEVERE ] removing player 3 token from slot 11
[13:06:16.574] [SEVERE ] player 3 placing token on slot 4
[13:06:16.582] [SEVERE ] updating countdown to 5000
[13:06:16.582] [SEVERE ] setting player 2 score to 1
[13:06:16.583] [SEVERE ] removing player 2 token from slot 3
[13:06:16.583] [SEVERE ] setting player 2 freeze to 0
[13:06:16.584] [SEVERE ] setting player 2 freeze to 0
[13:06:16.584] [SEVERE ] removing player 2 token from slot 3
[13:06:16.585] [SEVERE ] player 2 placing token on slot 4
[13:06:16.683] [SEVERE ] removing card from slot 3
[13:06:16.684] [SEVERE ] removing player 2 token from slot 4
[13:06:16.784] [SEVERE ] removing card from slot 4
[13:06:16.784] [SEVERE ] removing player 2 token from slot 8
[13:06:16.885] [SEVERE ] removing card from slot 8
[13:06:16.885] [SEVERE ] removing player 2 token from slot 11
[13:06:16.986] [SEVERE ] removing card from slot 11
