[22:26:43.608] [INFO   ] thread main starting.
[22:26:43.613] [SEVERE ] cannot read configuration file config.properties trying from resources.
[22:26:43.615] [SEVERE ] configuration file was loaded from resources directory.
[22:26:44.000] [INFO   ] thread dealer starting.
[22:26:44.000] [INFO   ] Thread dealer starting.
[22:26:44.110] [SEVERE ] placing card 37 in slot 0
[22:26:44.211] [SEVERE ] placing card 77 in slot 1
[22:26:44.312] [SEVERE ] placing card 79 in slot 2
[22:26:44.413] [SEVERE ] placing card 36 in slot 3
[22:26:44.514] [SEVERE ] placing card 20 in slot 4
[22:26:44.615] [SEVERE ] placing card 69 in slot 5
[22:26:44.716] [SEVERE ] placing card 23 in slot 6
[22:26:44.817] [SEVERE ] placing card 19 in slot 7
[22:26:44.918] [SEVERE ] placing card 33 in slot 8
[22:26:45.019] [SEVERE ] placing card 78 in slot 9
[22:26:45.120] [SEVERE ] placing card 62 in slot 10
[22:26:45.222] [SEVERE ] placing card 59 in slot 11
[22:26:45.224] [INFO   ] Thread Thread-1starting.
[22:26:45.224] [SEVERE ] updating countdown to 5000
[22:26:45.226] [INFO   ] Thread Thread-4starting.
[22:26:45.224] [INFO   ] Thread Thread-2starting.
[22:26:45.224] [INFO   ] Thread Thread-3starting.
[22:26:45.230] [INFO   ] Thread computer-0 starting.
[22:26:45.232] [SEVERE ] player 1 placing token on slot 6
[22:26:45.234] [SEVERE ] player 1 placing token on slot 11
[22:26:45.235] [SEVERE ] player 1 placing token on slot 7
[22:26:45.238] [SEVERE ] setting player 1 freeze to 0
[22:26:45.240] [SEVERE ] setting player 1 freeze to 0
[22:26:45.241] [SEVERE ] setting player 1 freeze to 0
[22:26:45.242] [SEVERE ] setting player 1 freeze to 0
[22:26:45.243] [SEVERE ] removing player 1 token from slot 7
[22:26:45.245] [SEVERE ] player 1 placing token on slot 1
[22:26:45.245] [INFO   ] Thread computer-2 starting.
[22:26:45.246] [SEVERE ] player 3 placing token on slot 7
[22:26:45.247] [SEVERE ] player 3 placing token on slot 1
[22:26:45.248] [SEVERE ] player 3 placing token on slot 11
[22:26:45.256] [SEVERE ] setting player 1 freeze to 0
[22:26:45.257] [SEVERE ] setting player 1 freeze to 0
[22:26:45.258] [SEVERE ] setting player 1 freeze to 0
[22:26:45.258] [SEVERE ] setting player 1 freeze to 0
[22:26:45.258] [INFO   ] Thread computer-1 starting.
[22:26:45.259] [SEVERE ] removing player 1 token from slot 11
[22:26:45.259] [SEVERE ] player 2 placing token on slot 5
[22:26:45.260] [SEVERE ] player 1 placing token on slot 11
[22:26:45.261] [SEVERE ] player 2 placing token on slot 1
[22:26:45.262] [SEVERE ] player 2 placing token on slot 11
[22:26:45.267] [SEVERE ] setting player 3 freeze to 0
[22:26:45.267] [SEVERE ] setting player 3 freeze to 0
[22:26:45.268] [SEVERE ] setting player 3 freeze to 0
[22:26:45.268] [SEVERE ] setting player 3 freeze to 0
[22:26:45.269] [SEVERE ] removing player 3 token from slot 11
[22:26:45.270] [SEVERE ] player 3 placing token on slot 8
[22:26:45.277] [INFO   ] Thread computer-3 starting.
[22:26:45.277] [SEVERE ] setting player 1 freeze to 0
[22:26:45.278] [SEVERE ] setting player 1 freeze to 0
[22:26:45.278] [SEVERE ] setting player 1 freeze to 0
[22:26:45.279] [SEVERE ] setting player 1 freeze to 0
[22:26:45.279] [SEVERE ] removing player 1 token from slot 11
[22:26:45.280] [SEVERE ] player 1 placing token on slot 4
[22:26:45.277] [SEVERE ] player 4 placing token on slot 10
[22:26:45.287] [SEVERE ] setting player 2 freeze to 0
[22:26:45.288] [SEVERE ] setting player 2 freeze to 0
[22:26:45.288] [SEVERE ] setting player 2 freeze to 0
[22:26:45.289] [SEVERE ] setting player 2 freeze to 0
[22:26:45.289] [SEVERE ] removing player 2 token from slot 1
[22:26:45.290] [SEVERE ] player 2 placing token on slot 4
[22:26:45.288] [SEVERE ] player 4 placing token on slot 4
[22:26:45.293] [SEVERE ] player 4 placing token on slot 5
[22:26:45.298] [SEVERE ] setting player 3 freeze to 0
[22:26:45.298] [SEVERE ] setting player 3 freeze to 0
[22:26:45.298] [SEVERE ] setting player 3 freeze to 0
[22:26:45.299] [SEVERE ] setting player 3 freeze to 0
[22:26:45.299] [SEVERE ] removing player 3 token from slot 8
[22:26:45.300] [SEVERE ] removing player 3 token from slot 7
[22:26:45.300] [SEVERE ] player 3 placing token on slot 5
[22:26:45.301] [SEVERE ] player 3 placing token on slot 8
[22:26:45.308] [SEVERE ] setting player 1 freeze to 0
[22:26:45.309] [SEVERE ] setting player 1 freeze to 0
[22:26:45.309] [SEVERE ] setting player 1 freeze to 0
[22:26:45.309] [SEVERE ] setting player 1 freeze to 0
[22:26:45.309] [SEVERE ] removing player 1 token from slot 6
[22:26:45.310] [SEVERE ] removing player 1 token from slot 1
[22:26:45.310] [SEVERE ] player 1 placing token on slot 6
[22:26:45.310] [SEVERE ] player 1 placing token on slot 3
[22:26:45.318] [SEVERE ] setting player 2 freeze to 0
[22:26:45.319] [SEVERE ] setting player 2 freeze to 0
[22:26:45.319] [SEVERE ] setting player 2 freeze to 0
[22:26:45.320] [SEVERE ] setting player 2 freeze to 0
[22:26:45.320] [SEVERE ] removing player 2 token from slot 4
[22:26:45.321] [SEVERE ] player 2 placing token on slot 10
[22:26:45.329] [SEVERE ] setting player 4 freeze to 0
[22:26:45.332] [SEVERE ] setting player 4 freeze to 0
[22:26:45.332] [SEVERE ] setting player 4 freeze to 0
[22:26:45.333] [SEVERE ] setting player 4 freeze to 0
[22:26:45.333] [SEVERE ] removing player 4 token from slot 5
[22:26:45.334] [SEVERE ] player 4 placing token on slot 1
[22:26:45.339] [SEVERE ] setting player 3 freeze to 0
[22:26:45.341] [SEVERE ] setting player 3 freeze to 0
[22:26:45.342] [SEVERE ] setting player 3 freeze to 0
[22:26:45.342] [SEVERE ] setting player 3 freeze to 0
[22:26:45.342] [SEVERE ] removing player 3 token from slot 5
[22:26:45.343] [SEVERE ] player 3 placing token on slot 5
[22:26:45.357] [SEVERE ] setting player 1 freeze to 0
[22:26:45.357] [SEVERE ] setting player 1 freeze to 0
[22:26:45.358] [SEVERE ] setting player 1 freeze to 0
[22:26:45.358] [SEVERE ] setting player 1 freeze to 0
[22:26:45.358] [SEVERE ] removing player 1 token from slot 3
[22:26:45.358] [SEVERE ] player 1 placing token on slot 1
[22:26:45.368] [SEVERE ] setting player 2 freeze to 0
[22:26:45.368] [SEVERE ] setting player 2 freeze to 0
[22:26:45.369] [SEVERE ] setting player 2 freeze to 0
[22:26:45.370] [SEVERE ] setting player 2 freeze to 0
[22:26:45.370] [SEVERE ] removing player 2 token from slot 11
[22:26:45.370] [SEVERE ] removing player 2 token from slot 5
[22:26:45.370] [SEVERE ] player 2 placing token on slot 8
[22:26:45.370] [SEVERE ] player 2 placing token on slot 4
[22:26:45.378] [SEVERE ] setting player 4 freeze to 0
[22:26:45.379] [SEVERE ] setting player 4 freeze to 0
[22:26:45.379] [SEVERE ] setting player 4 freeze to 0
[22:26:45.380] [SEVERE ] setting player 4 freeze to 0
[22:26:45.381] [SEVERE ] removing player 4 token from slot 4
[22:26:45.381] [SEVERE ] player 4 placing token on slot 9
[22:26:45.388] [SEVERE ] setting player 3 freeze to 0
[22:26:45.389] [SEVERE ] setting player 3 freeze to 0
[22:26:45.390] [SEVERE ] setting player 3 freeze to 0
[22:26:45.390] [SEVERE ] setting player 3 freeze to 0
[22:26:45.391] [SEVERE ] removing player 3 token from slot 8
[22:26:45.391] [SEVERE ] player 3 placing token on slot 7
[22:26:45.399] [SEVERE ] setting player 1 freeze to 0
[22:26:45.399] [SEVERE ] setting player 1 freeze to 0
[22:26:45.399] [SEVERE ] setting player 1 freeze to 0
[22:26:45.399] [SEVERE ] setting player 1 freeze to 0
[22:26:45.399] [SEVERE ] removing player 1 token from slot 1
[22:26:45.399] [SEVERE ] player 1 placing token on slot 9
[22:26:45.410] [SEVERE ] setting player 2 freeze to 0
[22:26:45.410] [SEVERE ] setting player 2 freeze to 0
[22:26:45.411] [SEVERE ] setting player 2 freeze to 0
[22:26:45.411] [SEVERE ] setting player 2 freeze to 0
[22:26:45.412] [SEVERE ] removing player 2 token from slot 8
[22:26:45.412] [SEVERE ] player 2 placing token on slot 5
[22:26:45.420] [SEVERE ] setting player 4 freeze to 0
[22:26:45.425] [SEVERE ] setting player 4 freeze to 0
[22:26:45.427] [SEVERE ] setting player 4 freeze to 0
[22:26:45.427] [SEVERE ] setting player 4 freeze to 0
[22:26:45.428] [SEVERE ] removing player 4 token from slot 9
[22:26:45.428] [SEVERE ] player 4 placing token on slot 3
[22:26:45.430] [SEVERE ] setting player 3 freeze to 0
[22:26:45.430] [SEVERE ] setting player 3 freeze to 0
[22:26:45.430] [SEVERE ] setting player 3 freeze to 0
[22:26:45.430] [SEVERE ] setting player 3 freeze to 0
[22:26:45.430] [SEVERE ] removing player 3 token from slot 5
[22:26:45.430] [SEVERE ] player 3 placing token on slot 2
[22:26:45.443] [SEVERE ] setting player 1 freeze to 0
[22:26:45.444] [SEVERE ] setting player 1 freeze to 0
[22:26:45.445] [SEVERE ] setting player 1 freeze to 0
[22:26:45.445] [SEVERE ] setting player 1 freeze to 0
[22:26:45.445] [SEVERE ] removing player 1 token from slot 6
[22:26:45.445] [SEVERE ] player 1 placing token on slot 6
[22:26:45.466] [SEVERE ] setting player 4 freeze to 0
[22:26:45.467] [SEVERE ] setting player 2 freeze to 0
[22:26:45.469] [SEVERE ] setting player 4 freeze to 0
[22:26:45.469] [SEVERE ] setting player 4 freeze to 0
[22:26:45.469] [SEVERE ] setting player 4 freeze to 0
[22:26:45.469] [SEVERE ] removing player 4 token from slot 3
[22:26:45.470] [SEVERE ] player 4 placing token on slot 6
[22:26:45.472] [SEVERE ] setting player 2 freeze to 0
[22:26:45.477] [SEVERE ] setting player 3 freeze to 0
[22:26:45.481] [SEVERE ] setting player 2 freeze to 0
[22:26:45.482] [SEVERE ] setting player 2 freeze to 0
[22:26:45.483] [SEVERE ] setting player 3 freeze to 0
[22:26:45.484] [SEVERE ] removing player 2 token from slot 10
[22:26:45.485] [SEVERE ] player 2 placing token on slot 11
[22:26:45.486] [SEVERE ] setting player 3 freeze to 0
[22:26:45.487] [SEVERE ] setting player 1 freeze to 0
[22:26:45.487] [SEVERE ] setting player 3 freeze to 0
[22:26:45.488] [SEVERE ] removing player 3 token from slot 2
[22:26:45.488] [SEVERE ] player 3 placing token on slot 9
[22:26:45.489] [SEVERE ] setting player 1 freeze to 0
[22:26:45.490] [SEVERE ] setting player 1 freeze to 0
[22:26:45.494] [SEVERE ] setting player 1 freeze to 0
[22:26:45.494] [SEVERE ] removing player 1 token from slot 6
[22:26:45.495] [SEVERE ] player 1 placing token on slot 8
[22:26:45.498] [SEVERE ] setting player 4 freeze to 0
[22:26:45.498] [SEVERE ] setting player 4 freeze to 0
[22:26:45.498] [SEVERE ] setting player 4 freeze to 0
[22:26:45.499] [SEVERE ] setting player 4 freeze to 0
[22:26:45.499] [SEVERE ] removing player 4 token from slot 10
[22:26:45.499] [SEVERE ] player 4 placing token on slot 10
[22:26:45.508] [SEVERE ] setting player 2 freeze to 0
[22:26:45.508] [SEVERE ] setting player 2 freeze to 0
[22:26:45.511] [SEVERE ] setting player 2 freeze to 0
[22:26:45.512] [SEVERE ] setting player 2 freeze to 0
[22:26:45.512] [SEVERE ] removing player 2 token from slot 5
[22:26:45.513] [SEVERE ] player 2 placing token on slot 9
[22:26:45.521] [SEVERE ] setting player 3 freeze to 0
[22:26:45.527] [SEVERE ] setting player 3 freeze to 0
[22:26:45.527] [SEVERE ] setting player 3 freeze to 0
[22:26:45.527] [SEVERE ] setting player 3 freeze to 0
[22:26:45.527] [SEVERE ] removing player 3 token from slot 9
[22:26:45.527] [SEVERE ] player 3 placing token on slot 4
[22:26:45.531] [SEVERE ] setting player 1 freeze to 0
[22:26:45.532] [SEVERE ] setting player 1 freeze to 0
[22:26:45.532] [SEVERE ] setting player 1 freeze to 0
[22:26:45.533] [SEVERE ] setting player 1 freeze to 0
[22:26:45.533] [SEVERE ] removing player 1 token from slot 4
[22:26:45.534] [SEVERE ] player 1 placing token on slot 11
[22:26:45.542] [SEVERE ] setting player 4 freeze to 0
[22:26:45.543] [SEVERE ] setting player 4 freeze to 0
[22:26:45.543] [SEVERE ] setting player 4 freeze to 0
[22:26:45.543] [SEVERE ] setting player 4 freeze to 0
[22:26:45.544] [SEVERE ] removing player 4 token from slot 10
[22:26:45.544] [SEVERE ] player 4 placing token on slot 11
[22:26:45.553] [SEVERE ] setting player 2 freeze to 0
[22:26:45.554] [SEVERE ] setting player 2 freeze to 0
[22:26:45.554] [SEVERE ] setting player 2 freeze to 0
[22:26:45.554] [SEVERE ] setting player 2 freeze to 0
[22:26:45.554] [SEVERE ] removing player 2 token from slot 9
[22:26:45.555] [SEVERE ] player 2 placing token on slot 7
[22:26:45.565] [SEVERE ] setting player 3 freeze to 0
[22:26:45.565] [SEVERE ] setting player 3 freeze to 0
[22:26:45.565] [SEVERE ] setting player 3 freeze to 0
[22:26:45.565] [SEVERE ] setting player 3 freeze to 0
[22:26:45.565] [SEVERE ] removing player 3 token from slot 7
[22:26:45.565] [SEVERE ] player 3 placing token on slot 9
[22:26:45.575] [SEVERE ] setting player 1 freeze to 0
[22:26:45.575] [SEVERE ] setting player 1 freeze to 0
[22:26:45.575] [SEVERE ] setting player 1 freeze to 0
[22:26:45.575] [SEVERE ] setting player 1 freeze to 0
[22:26:45.576] [SEVERE ] removing player 1 token from slot 8
[22:26:45.576] [SEVERE ] player 1 placing token on slot 10
[22:26:45.585] [SEVERE ] setting player 4 freeze to 0
[22:26:45.588] [SEVERE ] setting player 4 freeze to 0
[22:26:45.589] [SEVERE ] setting player 4 freeze to 0
[22:26:45.589] [SEVERE ] setting player 4 freeze to 0
[22:26:45.589] [SEVERE ] removing player 4 token from slot 1
[22:26:45.589] [SEVERE ] player 4 placing token on slot 1
[22:26:45.596] [SEVERE ] setting player 2 freeze to 0
[22:26:45.596] [SEVERE ] setting player 2 freeze to 0
[22:26:45.596] [SEVERE ] setting player 2 freeze to 0
[22:26:45.596] [SEVERE ] setting player 2 freeze to 0
[22:26:45.597] [SEVERE ] removing player 2 token from slot 11
[22:26:45.597] [SEVERE ] player 2 placing token on slot 10
[22:26:45.606] [SEVERE ] setting player 3 freeze to 0
[22:26:45.607] [SEVERE ] setting player 3 freeze to 0
[22:26:45.607] [SEVERE ] setting player 3 freeze to 0
[22:26:45.608] [SEVERE ] setting player 3 freeze to 0
[22:26:45.608] [SEVERE ] removing player 3 token from slot 9
[22:26:45.609] [SEVERE ] player 3 placing token on slot 9
[22:26:45.617] [SEVERE ] setting player 1 freeze to 0
[22:26:45.617] [SEVERE ] setting player 1 freeze to 0
[22:26:45.617] [SEVERE ] setting player 1 freeze to 0
[22:26:45.617] [SEVERE ] setting player 1 freeze to 0
[22:26:45.617] [SEVERE ] removing player 1 token from slot 10
[22:26:45.617] [SEVERE ] player 1 placing token on slot 7
[22:26:45.627] [SEVERE ] setting player 4 freeze to 0
[22:26:45.627] [SEVERE ] setting player 4 freeze to 0
[22:26:45.628] [SEVERE ] setting player 4 freeze to 0
[22:26:45.628] [SEVERE ] setting player 4 freeze to 0
[22:26:45.630] [SEVERE ] removing player 4 token from slot 1
[22:26:45.630] [SEVERE ] player 4 placing token on slot 5
[22:26:45.637] [SEVERE ] setting player 2 freeze to 0
[22:26:45.638] [SEVERE ] setting player 2 freeze to 0
[22:26:45.638] [SEVERE ] setting player 2 freeze to 0
[22:26:45.638] [SEVERE ] setting player 2 freeze to 0
[22:26:45.639] [SEVERE ] removing player 2 token from slot 7
[22:26:45.640] [SEVERE ] player 2 placing token on slot 8
[22:26:45.648] [SEVERE ] setting player 3 freeze to 0
[22:26:45.648] [SEVERE ] setting player 3 freeze to 0
[22:26:45.648] [SEVERE ] setting player 3 freeze to 0
[22:26:45.649] [SEVERE ] setting player 3 freeze to 0
[22:26:45.650] [SEVERE ] removing player 3 token from slot 9
[22:26:45.650] [SEVERE ] removing player 3 token from slot 1
[22:26:45.651] [SEVERE ] player 3 placing token on slot 1
[22:26:45.651] [SEVERE ] removing player 3 token from slot 4
[22:26:45.652] [SEVERE ] player 3 placing token on slot 11
[22:26:45.653] [SEVERE ] player 3 placing token on slot 5
[22:26:45.658] [SEVERE ] setting player 1 freeze to 0
[22:26:45.658] [SEVERE ] setting player 1 freeze to 0
[22:26:45.659] [SEVERE ] setting player 1 freeze to 0
[22:26:45.659] [SEVERE ] setting player 1 freeze to 0
[22:26:45.660] [SEVERE ] removing player 1 token from slot 11
[22:26:45.660] [SEVERE ] player 1 placing token on slot 1
[22:26:45.668] [SEVERE ] setting player 4 freeze to 0
[22:26:45.669] [SEVERE ] setting player 4 freeze to 0
[22:26:45.669] [SEVERE ] setting player 4 freeze to 0
[22:26:45.670] [SEVERE ] setting player 4 freeze to 0
[22:26:45.670] [SEVERE ] removing player 4 token from slot 11
[22:26:45.670] [SEVERE ] player 4 placing token on slot 2
[22:26:45.679] [SEVERE ] setting player 2 freeze to 0
[22:26:45.679] [SEVERE ] setting player 2 freeze to 0
[22:26:45.679] [SEVERE ] setting player 2 freeze to 0
[22:26:45.680] [SEVERE ] setting player 2 freeze to 0
[22:26:45.680] [SEVERE ] removing player 2 token from slot 4
[22:26:45.681] [SEVERE ] player 2 placing token on slot 9
[22:26:45.689] [SEVERE ] setting player 3 freeze to 0
[22:26:45.689] [SEVERE ] setting player 3 freeze to 0
[22:26:45.690] [SEVERE ] setting player 3 freeze to 0
[22:26:45.690] [SEVERE ] setting player 3 freeze to 0
[22:26:45.691] [SEVERE ] removing player 3 token from slot 1
[22:26:45.691] [SEVERE ] removing player 3 token from slot 5
[22:26:45.691] [SEVERE ] player 3 placing token on slot 9
[22:26:45.692] [SEVERE ] player 3 placing token on slot 10
[22:26:45.699] [SEVERE ] setting player 1 freeze to 0
[22:26:45.700] [SEVERE ] setting player 1 freeze to 0
[22:26:45.700] [SEVERE ] setting player 1 freeze to 0
[22:26:45.701] [SEVERE ] setting player 1 freeze to 0
[22:26:45.701] [SEVERE ] removing player 1 token from slot 1
[22:26:45.702] [SEVERE ] player 1 placing token on slot 6
[22:26:45.710] [SEVERE ] setting player 4 freeze to 0
[22:26:45.710] [SEVERE ] setting player 4 freeze to 0
[22:26:45.710] [SEVERE ] setting player 4 freeze to 0
[22:26:45.711] [SEVERE ] setting player 4 freeze to 0
[22:26:45.711] [SEVERE ] removing player 4 token from slot 2
[22:26:45.712] [SEVERE ] player 4 placing token on slot 1
[22:26:45.720] [SEVERE ] setting player 2 freeze to 0
[22:26:45.720] [SEVERE ] setting player 2 freeze to 0
[22:26:45.721] [SEVERE ] setting player 2 freeze to 0
[22:26:45.721] [SEVERE ] setting player 2 freeze to 0
[22:26:45.721] [SEVERE ] removing player 2 token from slot 9
[22:26:45.722] [SEVERE ] player 2 placing token on slot 11
[22:26:45.730] [SEVERE ] setting player 3 freeze to 0
[22:26:45.730] [SEVERE ] setting player 3 freeze to 0
[22:26:45.731] [SEVERE ] setting player 3 freeze to 0
[22:26:45.731] [SEVERE ] setting player 3 freeze to 0
[22:26:45.732] [SEVERE ] removing player 3 token from slot 10
[22:26:45.732] [SEVERE ] player 3 placing token on slot 5
[22:26:45.740] [SEVERE ] setting player 1 freeze to 0
[22:26:45.741] [SEVERE ] setting player 1 freeze to 0
[22:26:45.741] [SEVERE ] setting player 1 freeze to 0
[22:26:45.741] [SEVERE ] setting player 1 freeze to 0
[22:26:45.742] [SEVERE ] removing player 1 token from slot 9
[22:26:45.743] [SEVERE ] removing player 1 token from slot 6
[22:26:45.744] [SEVERE ] player 1 placing token on slot 2
[22:26:45.744] [SEVERE ] player 1 placing token on slot 9
[22:26:45.751] [SEVERE ] setting player 4 freeze to 0
[22:26:45.751] [SEVERE ] setting player 4 freeze to 0
[22:26:45.751] [SEVERE ] setting player 4 freeze to 0
[22:26:45.752] [SEVERE ] setting player 4 freeze to 0
[22:26:45.752] [SEVERE ] removing player 4 token from slot 5
[22:26:45.753] [SEVERE ] player 4 placing token on slot 7
[22:26:45.761] [SEVERE ] setting player 2 freeze to 0
[22:26:45.761] [SEVERE ] setting player 2 freeze to 0
[22:26:45.762] [SEVERE ] setting player 2 freeze to 0
[22:26:45.762] [SEVERE ] setting player 2 freeze to 0
[22:26:45.763] [SEVERE ] removing player 2 token from slot 8
[22:26:45.763] [SEVERE ] player 2 placing token on slot 1
[22:26:45.772] [SEVERE ] setting player 3 freeze to 0
[22:26:45.772] [SEVERE ] setting player 3 freeze to 0
[22:26:45.772] [SEVERE ] setting player 3 freeze to 0
[22:26:45.773] [SEVERE ] setting player 3 freeze to 0
[22:26:45.773] [SEVERE ] removing player 3 token from slot 9
[22:26:45.774] [SEVERE ] removing player 3 token from slot 11
[22:26:45.774] [SEVERE ] player 3 placing token on slot 9
[22:26:45.775] [SEVERE ] player 3 placing token on slot 6
[22:26:45.782] [SEVERE ] setting player 1 freeze to 0
[22:26:45.782] [SEVERE ] setting player 1 freeze to 0
[22:26:45.783] [SEVERE ] setting player 1 freeze to 0
[22:26:45.783] [SEVERE ] setting player 1 freeze to 0
[22:26:45.784] [SEVERE ] removing player 1 token from slot 7
[22:26:45.784] [SEVERE ] player 1 placing token on slot 1
[22:26:45.792] [SEVERE ] setting player 4 freeze to 0
[22:26:45.793] [SEVERE ] setting player 4 freeze to 0
[22:26:45.793] [SEVERE ] setting player 4 freeze to 0
[22:26:45.794] [SEVERE ] setting player 4 freeze to 0
[22:26:45.794] [SEVERE ] removing player 4 token from slot 1
[22:26:45.795] [SEVERE ] removing player 4 token from slot 6
[22:26:45.795] [SEVERE ] player 4 placing token on slot 11
[22:26:45.796] [SEVERE ] player 4 placing token on slot 5
[22:26:45.803] [SEVERE ] setting player 2 freeze to 0
[22:26:45.803] [SEVERE ] setting player 2 freeze to 0
[22:26:45.803] [SEVERE ] setting player 2 freeze to 0
[22:26:45.803] [SEVERE ] setting player 2 freeze to 0
[22:26:45.803] [SEVERE ] removing player 2 token from slot 11
[22:26:45.804] [SEVERE ] player 2 placing token on slot 4
[22:26:45.813] [SEVERE ] setting player 3 freeze to 0
[22:26:45.813] [SEVERE ] setting player 3 freeze to 0
[22:26:45.814] [SEVERE ] setting player 3 freeze to 0
[22:26:45.814] [SEVERE ] setting player 3 freeze to 0
[22:26:45.815] [SEVERE ] removing player 3 token from slot 9
[22:26:45.815] [SEVERE ] player 3 placing token on slot 4
[22:26:45.823] [SEVERE ] setting player 1 freeze to 0
[22:26:45.823] [SEVERE ] setting player 1 freeze to 0
[22:26:45.824] [SEVERE ] setting player 1 freeze to 0
[22:26:45.825] [SEVERE ] setting player 1 freeze to 0
[22:26:45.825] [SEVERE ] removing player 1 token from slot 1
[22:26:45.826] [SEVERE ] player 1 placing token on slot 8
[22:26:45.834] [SEVERE ] setting player 4 freeze to 0
[22:26:45.834] [SEVERE ] setting player 4 freeze to 0
[22:26:45.834] [SEVERE ] setting player 4 freeze to 0
[22:26:45.834] [SEVERE ] setting player 4 freeze to 0
[22:26:45.834] [SEVERE ] removing player 4 token from slot 5
[22:26:45.834] [SEVERE ] player 4 placing token on slot 8
[22:26:45.844] [SEVERE ] setting player 2 freeze to 0
[22:26:45.844] [SEVERE ] setting player 2 freeze to 0
[22:26:45.845] [SEVERE ] setting player 2 freeze to 0
[22:26:45.845] [SEVERE ] setting player 2 freeze to 0
[22:26:45.845] [SEVERE ] removing player 2 token from slot 4
[22:26:45.846] [SEVERE ] player 2 placing token on slot 7
[22:26:45.854] [SEVERE ] setting player 3 freeze to 0
[22:26:45.855] [SEVERE ] setting player 3 freeze to 0
[22:26:45.855] [SEVERE ] setting player 3 freeze to 0
[22:26:45.855] [SEVERE ] setting player 3 freeze to 0
[22:26:45.856] [SEVERE ] removing player 3 token from slot 5
[22:26:45.856] [SEVERE ] player 3 placing token on slot 2
[22:26:45.864] [SEVERE ] setting player 1 freeze to 0
[22:26:45.864] [SEVERE ] setting player 1 freeze to 0
[22:26:45.865] [SEVERE ] setting player 1 freeze to 0
[22:26:45.865] [SEVERE ] setting player 1 freeze to 0
[22:26:45.866] [SEVERE ] removing player 1 token from slot 8
[22:26:45.866] [SEVERE ] player 1 placing token on slot 5
[22:26:45.874] [SEVERE ] setting player 4 freeze to 0
[22:26:45.875] [SEVERE ] setting player 4 freeze to 0
[22:26:45.875] [SEVERE ] setting player 4 freeze to 0
[22:26:45.876] [SEVERE ] setting player 4 freeze to 0
[22:26:45.876] [SEVERE ] removing player 4 token from slot 8
[22:26:45.876] [SEVERE ] player 4 placing token on slot 3
[22:26:45.885] [SEVERE ] setting player 2 freeze to 0
[22:26:45.885] [SEVERE ] setting player 2 freeze to 0
[22:26:45.886] [SEVERE ] setting player 2 freeze to 0
[22:26:45.886] [SEVERE ] setting player 2 freeze to 0
[22:26:45.887] [SEVERE ] removing player 2 token from slot 10
[22:26:45.887] [SEVERE ] player 2 placing token on slot 4
[22:26:45.895] [SEVERE ] setting player 3 freeze to 0
[22:26:45.895] [SEVERE ] setting player 3 freeze to 0
[22:26:45.896] [SEVERE ] setting player 3 freeze to 0
[22:26:45.896] [SEVERE ] setting player 3 freeze to 0
[22:26:45.897] [SEVERE ] removing player 3 token from slot 2
[22:26:45.897] [SEVERE ] player 3 placing token on slot 11
[22:26:45.907] [SEVERE ] setting player 1 freeze to 0
[22:26:45.908] [SEVERE ] setting player 1 freeze to 0
[22:26:45.909] [SEVERE ] setting player 1 freeze to 0
[22:26:45.909] [SEVERE ] setting player 1 freeze to 0
[22:26:45.909] [SEVERE ] removing player 1 token from slot 5
[22:26:45.909] [SEVERE ] player 1 placing token on slot 7
[22:26:45.916] [SEVERE ] setting player 4 freeze to 0
[22:26:45.916] [SEVERE ] setting player 4 freeze to 0
[22:26:45.917] [SEVERE ] setting player 4 freeze to 0
[22:26:45.917] [SEVERE ] setting player 4 freeze to 0
[22:26:45.918] [SEVERE ] removing player 4 token from slot 3
[22:26:45.918] [SEVERE ] player 4 placing token on slot 8
[22:26:45.926] [SEVERE ] setting player 2 freeze to 0
[22:26:45.926] [SEVERE ] setting player 2 freeze to 0
[22:26:45.927] [SEVERE ] setting player 2 freeze to 0
[22:26:45.927] [SEVERE ] setting player 2 freeze to 0
[22:26:45.928] [SEVERE ] removing player 2 token from slot 1
[22:26:45.928] [SEVERE ] player 2 placing token on slot 8
[22:26:45.937] [SEVERE ] setting player 3 freeze to 0
[22:26:45.937] [SEVERE ] setting player 3 freeze to 0
[22:26:45.937] [SEVERE ] setting player 3 freeze to 0
[22:26:45.938] [SEVERE ] setting player 3 freeze to 0
[22:26:45.938] [SEVERE ] removing player 3 token from slot 6
[22:26:45.939] [SEVERE ] player 3 placing token on slot 2
[22:26:45.947] [SEVERE ] setting player 1 freeze to 0
[22:26:45.947] [SEVERE ] setting player 1 freeze to 0
[22:26:45.947] [SEVERE ] setting player 1 freeze to 0
[22:26:45.947] [SEVERE ] setting player 1 freeze to 0
[22:26:45.947] [SEVERE ] removing player 1 token from slot 7
[22:26:45.947] [SEVERE ] player 1 placing token on slot 5
[22:26:45.958] [SEVERE ] setting player 4 freeze to 0
[22:26:45.959] [SEVERE ] setting player 4 freeze to 0
[22:26:45.959] [SEVERE ] setting player 4 freeze to 0
[22:26:45.959] [SEVERE ] setting player 4 freeze to 0
[22:26:45.960] [SEVERE ] removing player 4 token from slot 7
[22:26:45.960] [SEVERE ] player 4 placing token on slot 9
[22:26:45.969] [SEVERE ] setting player 2 freeze to 0
[22:26:45.969] [SEVERE ] setting player 2 freeze to 0
[22:26:45.970] [SEVERE ] setting player 2 freeze to 0
[22:26:45.971] [SEVERE ] setting player 2 freeze to 0
[22:26:45.971] [SEVERE ] removing player 2 token from slot 7
[22:26:45.972] [SEVERE ] player 2 placing token on slot 9
[22:26:45.980] [SEVERE ] setting player 3 freeze to 0
[22:26:45.980] [SEVERE ] setting player 3 freeze to 0
[22:26:45.980] [SEVERE ] setting player 3 freeze to 0
[22:26:45.981] [SEVERE ] setting player 3 freeze to 0
[22:26:45.981] [SEVERE ] removing player 3 token from slot 2
[22:26:45.982] [SEVERE ] player 3 placing token on slot 3
[22:26:45.990] [SEVERE ] setting player 1 freeze to 0
[22:26:45.990] [SEVERE ] setting player 1 freeze to 0
[22:26:45.991] [SEVERE ] setting player 1 freeze to 0
[22:26:45.991] [SEVERE ] setting player 1 freeze to 0
[22:26:45.992] [SEVERE ] removing player 1 token from slot 5
[22:26:45.992] [SEVERE ] player 1 placing token on slot 4
[22:26:46.000] [SEVERE ] setting player 4 freeze to 0
[22:26:46.001] [SEVERE ] setting player 4 freeze to 0
[22:26:46.001] [SEVERE ] setting player 4 freeze to 0
[22:26:46.002] [SEVERE ] setting player 4 freeze to 0
[22:26:46.002] [SEVERE ] removing player 4 token from slot 11
[22:26:46.003] [SEVERE ] player 4 placing token on slot 3
[22:26:46.010] [SEVERE ] setting player 2 freeze to 0
[22:26:46.011] [SEVERE ] setting player 2 freeze to 0
[22:26:46.011] [SEVERE ] setting player 2 freeze to 0
[22:26:46.012] [SEVERE ] setting player 2 freeze to 0
[22:26:46.012] [SEVERE ] removing player 2 token from slot 8
[22:26:46.013] [SEVERE ] player 2 placing token on slot 10
[22:26:46.021] [SEVERE ] setting player 3 freeze to 0
[22:26:46.021] [SEVERE ] setting player 3 freeze to 0
[22:26:46.022] [SEVERE ] setting player 3 freeze to 0
[22:26:46.022] [SEVERE ] setting player 3 freeze to 0
[22:26:46.023] [SEVERE ] removing player 3 token from slot 11
[22:26:46.023] [SEVERE ] player 3 placing token on slot 5
[22:26:46.031] [SEVERE ] setting player 1 freeze to 0
[22:26:46.032] [SEVERE ] setting player 1 freeze to 0
[22:26:46.032] [SEVERE ] setting player 1 freeze to 0
[22:26:46.032] [SEVERE ] setting player 1 freeze to 0
[22:26:46.033] [SEVERE ] removing player 1 token from slot 9
[22:26:46.033] [SEVERE ] player 1 placing token on slot 9
[22:26:46.042] [SEVERE ] setting player 4 freeze to 0
[22:26:46.044] [SEVERE ] setting player 4 freeze to 0
[22:26:46.044] [SEVERE ] setting player 4 freeze to 0
[22:26:46.045] [SEVERE ] setting player 4 freeze to 0
[22:26:46.045] [SEVERE ] removing player 4 token from slot 3
[22:26:46.046] [SEVERE ] removing player 4 token from slot 8
[22:26:46.046] [SEVERE ] player 4 placing token on slot 5
[22:26:46.046] [SEVERE ] player 4 placing token on slot 4
[22:26:46.052] [SEVERE ] setting player 2 freeze to 0
[22:26:46.053] [SEVERE ] setting player 2 freeze to 0
[22:26:46.054] [SEVERE ] setting player 2 freeze to 0
[22:26:46.054] [SEVERE ] setting player 2 freeze to 0
[22:26:46.054] [SEVERE ] removing player 2 token from slot 10
[22:26:46.054] [SEVERE ] removing player 2 token from slot 9
[22:26:46.055] [SEVERE ] player 2 placing token on slot 8
[22:26:46.055] [SEVERE ] removing player 2 token from slot 8
[22:26:46.056] [SEVERE ] player 2 placing token on slot 7
[22:26:46.056] [SEVERE ] player 2 placing token on slot 11
[22:26:46.062] [SEVERE ] setting player 3 freeze to 0
[22:26:46.062] [SEVERE ] setting player 3 freeze to 0
[22:26:46.063] [SEVERE ] setting player 3 freeze to 0
[22:26:46.063] [SEVERE ] setting player 3 freeze to 0
[22:26:46.064] [SEVERE ] removing player 3 token from slot 5
[22:26:46.064] [SEVERE ] removing player 3 token from slot 4
[22:26:46.065] [SEVERE ] player 3 placing token on slot 7
[22:26:46.065] [SEVERE ] player 3 placing token on slot 1
[22:26:46.073] [SEVERE ] setting player 1 freeze to 0
[22:26:46.073] [SEVERE ] setting player 1 freeze to 0
[22:26:46.073] [SEVERE ] setting player 1 freeze to 0
[22:26:46.074] [SEVERE ] setting player 1 freeze to 0
[22:26:46.074] [SEVERE ] removing player 1 token from slot 9
[22:26:46.075] [SEVERE ] removing player 1 token from slot 2
[22:26:46.075] [SEVERE ] player 1 placing token on slot 8
[22:26:46.075] [SEVERE ] player 1 placing token on slot 7
[22:26:46.083] [SEVERE ] setting player 4 freeze to 0
[22:26:46.083] [SEVERE ] setting player 4 freeze to 0
[22:26:46.083] [SEVERE ] setting player 4 freeze to 0
[22:26:46.084] [SEVERE ] setting player 4 freeze to 0
[22:26:46.084] [SEVERE ] removing player 4 token from slot 5
[22:26:46.085] [SEVERE ] player 4 placing token on slot 10
[22:26:46.093] [SEVERE ] setting player 2 freeze to 0
[22:26:46.093] [SEVERE ] setting player 2 freeze to 0
[22:26:46.094] [SEVERE ] setting player 2 freeze to 0
[22:26:46.094] [SEVERE ] setting player 2 freeze to 0
[22:26:46.095] [SEVERE ] removing player 2 token from slot 7
[22:26:46.095] [SEVERE ] removing player 2 token from slot 11
[22:26:46.096] [SEVERE ] player 2 placing token on slot 8
[22:26:46.096] [SEVERE ] removing player 2 token from slot 8
[22:26:46.096] [SEVERE ] player 2 placing token on slot 1
[22:26:46.097] [SEVERE ] player 2 placing token on slot 2
[22:26:46.104] [SEVERE ] setting player 3 freeze to 0
[22:26:46.104] [SEVERE ] setting player 3 freeze to 0
[22:26:46.104] [SEVERE ] setting player 3 freeze to 0
[22:26:46.104] [SEVERE ] setting player 3 freeze to 0
[22:26:46.105] [SEVERE ] removing player 3 token from slot 1
[22:26:46.105] [SEVERE ] player 3 placing token on slot 10
[22:26:46.114] [SEVERE ] setting player 1 freeze to 0
[22:26:46.114] [SEVERE ] setting player 1 freeze to 0
[22:26:46.115] [SEVERE ] setting player 1 freeze to 0
[22:26:46.115] [SEVERE ] setting player 1 freeze to 0
[22:26:46.115] [SEVERE ] removing player 1 token from slot 8
[22:26:46.116] [SEVERE ] player 1 placing token on slot 9
[22:26:46.124] [SEVERE ] setting player 4 freeze to 0
[22:26:46.124] [SEVERE ] setting player 4 freeze to 0
[22:26:46.125] [SEVERE ] setting player 4 freeze to 0
[22:26:46.125] [SEVERE ] setting player 4 freeze to 0
[22:26:46.126] [SEVERE ] removing player 4 token from slot 9
[22:26:46.126] [SEVERE ] player 4 placing token on slot 1
[22:26:46.135] [SEVERE ] setting player 2 freeze to 0
[22:26:46.136] [SEVERE ] setting player 2 freeze to 0
[22:26:46.137] [SEVERE ] setting player 2 freeze to 0
[22:26:46.137] [SEVERE ] setting player 2 freeze to 0
[22:26:46.138] [SEVERE ] removing player 2 token from slot 2
[22:26:46.138] [SEVERE ] player 2 placing token on slot 3
[22:26:46.145] [SEVERE ] setting player 3 freeze to 0
[22:26:46.145] [SEVERE ] setting player 3 freeze to 0
[22:26:46.146] [SEVERE ] setting player 3 freeze to 0
[22:26:46.146] [SEVERE ] setting player 3 freeze to 0
[22:26:46.147] [SEVERE ] removing player 3 token from slot 3
[22:26:46.147] [SEVERE ] removing player 3 token from slot 10
[22:26:46.148] [SEVERE ] player 3 placing token on slot 1
[22:26:46.148] [SEVERE ] player 3 placing token on slot 9
[22:26:46.156] [SEVERE ] setting player 1 freeze to 0
[22:26:46.156] [SEVERE ] setting player 1 freeze to 0
[22:26:46.156] [SEVERE ] setting player 1 freeze to 0
[22:26:46.157] [SEVERE ] setting player 1 freeze to 0
[22:26:46.157] [SEVERE ] removing player 1 token from slot 9
[22:26:46.158] [SEVERE ] player 1 placing token on slot 3
[22:26:46.166] [SEVERE ] setting player 4 freeze to 0
[22:26:46.166] [SEVERE ] setting player 4 freeze to 0
[22:26:46.166] [SEVERE ] setting player 4 freeze to 0
[22:26:46.167] [SEVERE ] setting player 4 freeze to 0
[22:26:46.167] [SEVERE ] removing player 4 token from slot 10
[22:26:46.168] [SEVERE ] player 4 placing token on slot 9
[22:26:46.176] [SEVERE ] setting player 2 freeze to 0
[22:26:46.176] [SEVERE ] setting player 2 freeze to 0
[22:26:46.177] [SEVERE ] setting player 2 freeze to 0
[22:26:46.177] [SEVERE ] setting player 2 freeze to 0
[22:26:46.178] [SEVERE ] removing player 2 token from slot 1
[22:26:46.178] [SEVERE ] removing player 2 token from slot 3
[22:26:46.179] [SEVERE ] player 2 placing token on slot 8
[22:26:46.180] [SEVERE ] player 2 placing token on slot 5
[22:26:46.188] [SEVERE ] setting player 3 freeze to 0
[22:26:46.189] [SEVERE ] setting player 3 freeze to 0
[22:26:46.189] [SEVERE ] setting player 3 freeze to 0
[22:26:46.190] [SEVERE ] setting player 3 freeze to 0
[22:26:46.190] [SEVERE ] removing player 3 token from slot 7
[22:26:46.191] [SEVERE ] player 3 placing token on slot 10
[22:26:46.199] [SEVERE ] setting player 1 freeze to 0
[22:26:46.199] [SEVERE ] setting player 1 freeze to 0
[22:26:46.199] [SEVERE ] setting player 1 freeze to 0
[22:26:46.200] [SEVERE ] setting player 1 freeze to 0
[22:26:46.201] [SEVERE ] removing player 1 token from slot 3
[22:26:46.201] [SEVERE ] player 1 placing token on slot 10
[22:26:46.209] [SEVERE ] setting player 4 freeze to 0
[22:26:46.209] [SEVERE ] setting player 4 freeze to 0
[22:26:46.210] [SEVERE ] setting player 4 freeze to 0
[22:26:46.210] [SEVERE ] setting player 4 freeze to 0
[22:26:46.211] [SEVERE ] removing player 4 token from slot 1
[22:26:46.212] [SEVERE ] player 4 placing token on slot 8
[22:26:46.220] [SEVERE ] setting player 2 freeze to 0
[22:26:46.220] [SEVERE ] setting player 2 freeze to 0
[22:26:46.227] [SEVERE ] setting player 2 freeze to 0
[22:26:46.228] [SEVERE ] setting player 2 freeze to 0
[22:26:46.228] [SEVERE ] removing player 2 token from slot 5
[22:26:46.229] [SEVERE ] player 2 placing token on slot 5
[22:26:46.230] [SEVERE ] setting player 3 freeze to 0
[22:26:46.231] [SEVERE ] setting player 3 freeze to 0
[22:26:46.231] [SEVERE ] setting player 3 freeze to 0
[22:26:46.232] [SEVERE ] setting player 3 freeze to 0
[22:26:46.232] [SEVERE ] removing player 3 token from slot 1
[22:26:46.233] [SEVERE ] player 3 placing token on slot 5
[22:26:46.241] [SEVERE ] setting player 1 freeze to 0
[22:26:46.241] [SEVERE ] setting player 1 freeze to 0
[22:26:46.241] [SEVERE ] setting player 1 freeze to 0
[22:26:46.242] [SEVERE ] setting player 1 freeze to 0
[22:26:46.249] [SEVERE ] removing player 1 token from slot 10
[22:26:46.249] [SEVERE ] player 1 placing token on slot 11
[22:26:46.259] [SEVERE ] setting player 4 freeze to 0
[22:26:46.259] [SEVERE ] setting player 4 freeze to 0
[22:26:46.260] [SEVERE ] setting player 4 freeze to 0
[22:26:46.260] [SEVERE ] setting player 4 freeze to 0
[22:26:46.261] [SEVERE ] removing player 4 token from slot 9
[22:26:46.261] [SEVERE ] player 4 placing token on slot 2
[22:26:46.269] [SEVERE ] setting player 2 freeze to 0
[22:26:46.270] [SEVERE ] setting player 2 freeze to 0
[22:26:46.270] [SEVERE ] setting player 2 freeze to 0
[22:26:46.271] [SEVERE ] setting player 2 freeze to 0
[22:26:46.271] [SEVERE ] removing player 2 token from slot 8
[22:26:46.272] [SEVERE ] player 2 placing token on slot 7
[22:26:46.280] [SEVERE ] setting player 3 freeze to 0
[22:26:46.280] [SEVERE ] setting player 3 freeze to 0
[22:26:46.280] [SEVERE ] setting player 3 freeze to 0
[22:26:46.281] [SEVERE ] setting player 3 freeze to 0
[22:26:46.281] [SEVERE ] removing player 3 token from slot 5
[22:26:46.282] [SEVERE ] player 3 placing token on slot 1
[22:26:46.290] [SEVERE ] setting player 1 freeze to 0
[22:26:46.290] [SEVERE ] setting player 1 freeze to 0
[22:26:46.290] [SEVERE ] setting player 1 freeze to 0
[22:26:46.291] [SEVERE ] setting player 1 freeze to 0
[22:26:46.291] [SEVERE ] removing player 1 token from slot 11
[22:26:46.292] [SEVERE ] player 1 placing token on slot 1
[22:26:46.300] [SEVERE ] setting player 4 freeze to 0
[22:26:46.300] [SEVERE ] setting player 4 freeze to 0
[22:26:46.300] [SEVERE ] setting player 4 freeze to 0
[22:26:46.301] [SEVERE ] setting player 4 freeze to 0
[22:26:46.302] [SEVERE ] removing player 4 token from slot 2
[22:26:46.303] [SEVERE ] removing player 4 token from slot 4
[22:26:46.303] [SEVERE ] player 4 placing token on slot 3
[22:26:46.304] [SEVERE ] removing player 4 token from slot 3
[22:26:46.305] [SEVERE ] player 4 placing token on slot 6
[22:26:46.305] [SEVERE ] player 4 placing token on slot 10
[22:26:46.311] [SEVERE ] setting player 2 freeze to 0
[22:26:46.311] [SEVERE ] setting player 2 freeze to 0
[22:26:46.311] [SEVERE ] setting player 2 freeze to 0
[22:26:46.312] [SEVERE ] setting player 2 freeze to 0
[22:26:46.312] [SEVERE ] removing player 2 token from slot 7
[22:26:46.313] [SEVERE ] player 2 placing token on slot 6
[22:26:46.321] [SEVERE ] setting player 3 freeze to 0
[22:26:46.322] [SEVERE ] setting player 3 freeze to 0
[22:26:46.322] [SEVERE ] setting player 3 freeze to 0
[22:26:46.322] [SEVERE ] setting player 3 freeze to 0
[22:26:46.323] [SEVERE ] removing player 3 token from slot 9
[22:26:46.323] [SEVERE ] player 3 placing token on slot 3
[22:26:46.331] [SEVERE ] setting player 1 freeze to 0
[22:26:46.332] [SEVERE ] setting player 1 freeze to 0
[22:26:46.332] [SEVERE ] setting player 1 freeze to 0
[22:26:46.333] [SEVERE ] setting player 1 freeze to 0
[22:26:46.333] [SEVERE ] removing player 1 token from slot 7
[22:26:46.334] [SEVERE ] player 1 placing token on slot 9
[22:26:46.342] [SEVERE ] setting player 4 freeze to 0
[22:26:46.342] [SEVERE ] setting player 4 freeze to 0
[22:26:46.342] [SEVERE ] setting player 4 freeze to 0
[22:26:46.343] [SEVERE ] setting player 4 freeze to 0
[22:26:46.343] [SEVERE ] removing player 4 token from slot 8
[22:26:46.343] [SEVERE ] player 4 placing token on slot 2
[22:26:46.353] [SEVERE ] setting player 2 freeze to 0
[22:26:46.353] [SEVERE ] setting player 2 freeze to 0
[22:26:46.353] [SEVERE ] setting player 2 freeze to 0
[22:26:46.354] [SEVERE ] setting player 2 freeze to 0
[22:26:46.354] [SEVERE ] removing player 2 token from slot 4
[22:26:46.355] [SEVERE ] player 2 placing token on slot 1
[22:26:46.363] [SEVERE ] setting player 3 freeze to 0
[22:26:46.364] [SEVERE ] setting player 3 freeze to 0
[22:26:46.364] [SEVERE ] setting player 3 freeze to 0
[22:26:46.365] [SEVERE ] setting player 3 freeze to 0
[22:26:46.365] [SEVERE ] removing player 3 token from slot 3
[22:26:46.366] [SEVERE ] removing player 3 token from slot 10
[22:26:46.366] [SEVERE ] removing player 3 token from slot 1
[22:26:46.367] [SEVERE ] player 3 placing token on slot 7
[22:26:46.367] [SEVERE ] player 3 placing token on slot 1
[22:26:46.368] [SEVERE ] player 3 placing token on slot 10
[22:26:46.373] [SEVERE ] setting player 1 freeze to 0
[22:26:46.373] [SEVERE ] setting player 1 freeze to 0
[22:26:46.374] [SEVERE ] setting player 1 freeze to 0
[22:26:46.374] [SEVERE ] setting player 1 freeze to 0
[22:26:46.375] [SEVERE ] removing player 1 token from slot 4
[22:26:46.375] [SEVERE ] player 1 placing token on slot 4
[22:26:46.383] [SEVERE ] setting player 4 freeze to 0
[22:26:46.387] [SEVERE ] setting player 4 freeze to 0
[22:26:46.388] [SEVERE ] setting player 4 freeze to 0
[22:26:46.388] [SEVERE ] setting player 4 freeze to 0
[22:26:46.388] [SEVERE ] removing player 4 token from slot 2
[22:26:46.389] [SEVERE ] player 4 placing token on slot 8
[22:26:46.394] [SEVERE ] setting player 2 freeze to 0
[22:26:46.394] [SEVERE ] setting player 2 freeze to 0
[22:26:46.394] [SEVERE ] setting player 2 freeze to 0
[22:26:46.395] [SEVERE ] setting player 2 freeze to 0
[22:26:46.395] [SEVERE ] removing player 2 token from slot 1
[22:26:46.395] [SEVERE ] player 2 placing token on slot 9
[22:26:46.404] [SEVERE ] setting player 3 freeze to 0
[22:26:46.405] [SEVERE ] setting player 3 freeze to 0
[22:26:46.405] [SEVERE ] setting player 3 freeze to 0
[22:26:46.405] [SEVERE ] setting player 3 freeze to 0
[22:26:46.406] [SEVERE ] removing player 3 token from slot 1
[22:26:46.406] [SEVERE ] player 3 placing token on slot 5
[22:26:46.414] [SEVERE ] setting player 1 freeze to 0
[22:26:46.414] [SEVERE ] setting player 1 freeze to 0
[22:26:46.414] [SEVERE ] setting player 1 freeze to 0
[22:26:46.415] [SEVERE ] setting player 1 freeze to 0
[22:26:46.415] [SEVERE ] removing player 1 token from slot 1
[22:26:46.415] [SEVERE ] player 1 placing token on slot 6
[22:26:46.425] [SEVERE ] setting player 4 freeze to 0
[22:26:46.425] [SEVERE ] setting player 4 freeze to 0
[22:26:46.425] [SEVERE ] setting player 4 freeze to 0
[22:26:46.426] [SEVERE ] setting player 4 freeze to 0
[22:26:46.426] [SEVERE ] removing player 4 token from slot 10
[22:26:46.427] [SEVERE ] player 4 placing token on slot 11
[22:26:46.436] [SEVERE ] setting player 2 freeze to 0
[22:26:46.437] [SEVERE ] setting player 2 freeze to 0
[22:26:46.437] [SEVERE ] setting player 2 freeze to 0
[22:26:46.437] [SEVERE ] setting player 2 freeze to 0
[22:26:46.438] [SEVERE ] removing player 2 token from slot 5
[22:26:46.438] [SEVERE ] removing player 2 token from slot 9
[22:26:46.439] [SEVERE ] player 2 placing token on slot 9
[22:26:46.440] [SEVERE ] player 2 placing token on slot 11
[22:26:46.447] [SEVERE ] setting player 3 freeze to 0
[22:26:46.447] [SEVERE ] setting player 3 freeze to 0
[22:26:46.447] [SEVERE ] setting player 3 freeze to 0
[22:26:46.448] [SEVERE ] setting player 3 freeze to 0
[22:26:46.448] [SEVERE ] removing player 3 token from slot 10
[22:26:46.449] [SEVERE ] removing player 3 token from slot 5
[22:26:46.450] [SEVERE ] player 3 placing token on slot 2
[22:26:46.450] [SEVERE ] player 3 placing token on slot 1
[22:26:46.457] [SEVERE ] setting player 1 freeze to 0
[22:26:46.457] [SEVERE ] setting player 1 freeze to 0
[22:26:46.457] [SEVERE ] setting player 1 freeze to 0
[22:26:46.458] [SEVERE ] setting player 1 freeze to 0
[22:26:46.458] [SEVERE ] removing player 1 token from slot 6
[22:26:46.459] [SEVERE ] removing player 1 token from slot 9
[22:26:46.459] [SEVERE ] player 1 placing token on slot 10
[22:26:46.460] [SEVERE ] player 1 placing token on slot 3
[22:26:46.467] [SEVERE ] setting player 4 freeze to 0
[22:26:46.469] [SEVERE ] setting player 4 freeze to 0
[22:26:46.470] [SEVERE ] setting player 4 freeze to 0
[22:26:46.470] [SEVERE ] setting player 4 freeze to 0
[22:26:46.471] [SEVERE ] removing player 4 token from slot 6
[22:26:46.471] [SEVERE ] removing player 4 token from slot 11
[22:26:46.472] [SEVERE ] player 4 placing token on slot 1
[22:26:46.473] [SEVERE ] player 4 placing token on slot 9
[22:26:46.477] [SEVERE ] setting player 2 freeze to 0
[22:26:46.478] [SEVERE ] setting player 2 freeze to 0
[22:26:46.478] [SEVERE ] setting player 2 freeze to 0
[22:26:46.478] [SEVERE ] setting player 2 freeze to 0
[22:26:46.479] [SEVERE ] removing player 2 token from slot 6
[22:26:46.479] [SEVERE ] player 2 placing token on slot 10
[22:26:46.488] [SEVERE ] setting player 3 freeze to 0
[22:26:46.489] [SEVERE ] setting player 3 freeze to 0
[22:26:46.489] [SEVERE ] setting player 3 freeze to 0
[22:26:46.490] [SEVERE ] setting player 3 freeze to 0
[22:26:46.490] [SEVERE ] removing player 3 token from slot 1
[22:26:46.491] [SEVERE ] player 3 placing token on slot 4
[22:26:46.498] [SEVERE ] setting player 1 freeze to 0
[22:26:46.498] [SEVERE ] setting player 1 freeze to 0
[22:26:46.499] [SEVERE ] setting player 1 freeze to 0
[22:26:46.499] [SEVERE ] setting player 1 freeze to 0
[22:26:46.500] [SEVERE ] removing player 1 token from slot 3
[22:26:46.500] [SEVERE ] player 1 placing token on slot 8
[22:26:46.508] [SEVERE ] setting player 4 freeze to 0
[22:26:46.509] [SEVERE ] setting player 4 freeze to 0
[22:26:46.509] [SEVERE ] setting player 4 freeze to 0
[22:26:46.509] [SEVERE ] setting player 4 freeze to 0
[22:26:46.510] [SEVERE ] removing player 4 token from slot 8
[22:26:46.510] [SEVERE ] player 4 placing token on slot 4
[22:26:46.518] [SEVERE ] setting player 2 freeze to 0
[22:26:46.521] [SEVERE ] setting player 2 freeze to 0
[22:26:46.522] [SEVERE ] setting player 2 freeze to 0
[22:26:46.522] [SEVERE ] setting player 2 freeze to 0
[22:26:46.523] [SEVERE ] removing player 2 token from slot 10
[22:26:46.523] [SEVERE ] player 2 placing token on slot 10
[22:26:46.529] [SEVERE ] setting player 3 freeze to 0
[22:26:46.530] [SEVERE ] setting player 3 freeze to 0
[22:26:46.530] [SEVERE ] setting player 3 freeze to 0
[22:26:46.531] [SEVERE ] setting player 3 freeze to 0
[22:26:46.531] [SEVERE ] removing player 3 token from slot 2
[22:26:46.531] [SEVERE ] player 3 placing token on slot 9
[22:26:46.539] [SEVERE ] setting player 1 freeze to 0
[22:26:46.541] [SEVERE ] setting player 1 freeze to 0
[22:26:46.541] [SEVERE ] setting player 1 freeze to 0
[22:26:46.541] [SEVERE ] setting player 1 freeze to 0
[22:26:46.542] [SEVERE ] removing player 1 token from slot 4
[22:26:46.542] [SEVERE ] player 1 placing token on slot 3
[22:26:46.549] [SEVERE ] setting player 4 freeze to 0
[22:26:46.550] [SEVERE ] setting player 4 freeze to 0
[22:26:46.550] [SEVERE ] setting player 4 freeze to 0
[22:26:46.550] [SEVERE ] setting player 4 freeze to 0
[22:26:46.551] [SEVERE ] removing player 4 token from slot 4
[22:26:46.551] [SEVERE ] player 4 placing token on slot 3
[22:26:46.560] [SEVERE ] setting player 2 freeze to 0
[22:26:46.563] [SEVERE ] setting player 2 freeze to 0
[22:26:46.563] [SEVERE ] setting player 2 freeze to 0
[22:26:46.563] [SEVERE ] setting player 2 freeze to 0
[22:26:46.564] [SEVERE ] removing player 2 token from slot 10
[22:26:46.564] [SEVERE ] player 2 placing token on slot 7
[22:26:46.572] [SEVERE ] setting player 3 freeze to 0
[22:26:46.573] [SEVERE ] setting player 3 freeze to 0
[22:26:46.573] [SEVERE ] setting player 3 freeze to 0
[22:26:46.573] [SEVERE ] setting player 3 freeze to 0
[22:26:46.574] [SEVERE ] removing player 3 token from slot 4
[22:26:46.574] [SEVERE ] player 3 placing token on slot 10
[22:26:46.583] [SEVERE ] setting player 1 freeze to 0
[22:26:46.583] [SEVERE ] setting player 1 freeze to 0
[22:26:46.583] [SEVERE ] setting player 1 freeze to 0
[22:26:46.584] [SEVERE ] setting player 1 freeze to 0
[22:26:46.584] [SEVERE ] removing player 1 token from slot 8
[22:26:46.585] [SEVERE ] removing player 1 token from slot 3
[22:26:46.585] [SEVERE ] player 1 placing token on slot 1
[22:26:46.585] [SEVERE ] player 1 placing token on slot 7
[22:26:46.594] [SEVERE ] setting player 4 freeze to 0
[22:26:46.594] [SEVERE ] setting player 4 freeze to 0
[22:26:46.594] [SEVERE ] setting player 4 freeze to 0
[22:26:46.595] [SEVERE ] setting player 4 freeze to 0
[22:26:46.595] [SEVERE ] removing player 4 token from slot 9
[22:26:46.596] [SEVERE ] player 4 placing token on slot 8
[22:26:46.604] [SEVERE ] setting player 2 freeze to 0
[22:26:46.605] [SEVERE ] setting player 2 freeze to 0
[22:26:46.607] [SEVERE ] setting player 2 freeze to 0
[22:26:46.607] [SEVERE ] setting player 2 freeze to 0
[22:26:46.608] [SEVERE ] removing player 2 token from slot 9
[22:26:46.608] [SEVERE ] player 2 placing token on slot 3
[22:26:46.615] [SEVERE ] setting player 3 freeze to 0
[22:26:46.616] [SEVERE ] setting player 3 freeze to 0
[22:26:46.616] [SEVERE ] setting player 3 freeze to 0
[22:26:46.617] [SEVERE ] setting player 3 freeze to 0
[22:26:46.617] [SEVERE ] removing player 3 token from slot 10
[22:26:46.618] [SEVERE ] player 3 placing token on slot 5
[22:26:46.626] [SEVERE ] setting player 1 freeze to 0
[22:26:46.626] [SEVERE ] setting player 1 freeze to 0
[22:26:46.626] [SEVERE ] setting player 1 freeze to 0
[22:26:46.626] [SEVERE ] setting player 1 freeze to 0
[22:26:46.626] [SEVERE ] removing player 1 token from slot 7
[22:26:46.627] [SEVERE ] player 1 placing token on slot 11
[22:26:46.637] [SEVERE ] setting player 4 freeze to 0
[22:26:46.638] [SEVERE ] setting player 4 freeze to 0
[22:26:46.638] [SEVERE ] setting player 4 freeze to 0
[22:26:46.639] [SEVERE ] setting player 4 freeze to 0
[22:26:46.639] [SEVERE ] removing player 4 token from slot 8
[22:26:46.640] [SEVERE ] removing player 4 token from slot 1
[22:26:46.640] [SEVERE ] player 4 placing token on slot 9
[22:26:46.640] [SEVERE ] player 4 placing token on slot 7
[22:26:46.648] [SEVERE ] setting player 2 freeze to 0
[22:26:46.648] [SEVERE ] setting player 2 freeze to 0
[22:26:46.649] [SEVERE ] setting player 2 freeze to 0
[22:26:46.649] [SEVERE ] setting player 2 freeze to 0
[22:26:46.650] [SEVERE ] removing player 2 token from slot 7
[22:26:46.651] [SEVERE ] player 2 placing token on slot 6
[22:26:46.658] [SEVERE ] setting player 3 freeze to 0
[22:26:46.659] [SEVERE ] setting player 3 freeze to 0
[22:26:46.659] [SEVERE ] setting player 3 freeze to 0
[22:26:46.659] [SEVERE ] setting player 3 freeze to 0
[22:26:46.661] [SEVERE ] removing player 3 token from slot 9
[22:26:46.661] [SEVERE ] player 3 placing token on slot 8
[22:26:46.669] [SEVERE ] setting player 1 freeze to 0
[22:26:46.669] [SEVERE ] setting player 1 freeze to 0
[22:26:46.670] [SEVERE ] setting player 1 freeze to 0
[22:26:46.670] [SEVERE ] setting player 1 freeze to 0
[22:26:46.671] [SEVERE ] removing player 1 token from slot 10
[22:26:46.671] [SEVERE ] player 1 placing token on slot 8
[22:26:46.680] [SEVERE ] setting player 4 freeze to 0
[22:26:46.680] [SEVERE ] setting player 4 freeze to 0
[22:26:46.680] [SEVERE ] setting player 4 freeze to 0
[22:26:46.681] [SEVERE ] setting player 4 freeze to 0
[22:26:46.681] [SEVERE ] removing player 4 token from slot 3
[22:26:46.682] [SEVERE ] player 4 placing token on slot 3
[22:26:46.690] [SEVERE ] setting player 2 freeze to 0
[22:26:46.690] [SEVERE ] setting player 2 freeze to 0
[22:26:46.690] [SEVERE ] setting player 2 freeze to 0
[22:26:46.691] [SEVERE ] setting player 2 freeze to 0
[22:26:46.691] [SEVERE ] removing player 2 token from slot 11
[22:26:46.692] [SEVERE ] player 2 placing token on slot 9
[22:26:46.701] [SEVERE ] setting player 3 freeze to 0
[22:26:46.701] [SEVERE ] setting player 3 freeze to 0
[22:26:46.702] [SEVERE ] setting player 3 freeze to 0
[22:26:46.702] [SEVERE ] setting player 3 freeze to 0
[22:26:46.703] [SEVERE ] removing player 3 token from slot 8
[22:26:46.703] [SEVERE ] player 3 placing token on slot 6
[22:26:46.711] [SEVERE ] setting player 1 freeze to 0
[22:26:46.712] [SEVERE ] setting player 1 freeze to 0
[22:26:46.712] [SEVERE ] setting player 1 freeze to 0
[22:26:46.712] [SEVERE ] setting player 1 freeze to 0
[22:26:46.713] [SEVERE ] removing player 1 token from slot 1
[22:26:46.713] [SEVERE ] removing player 1 token from slot 8
[22:26:46.714] [SEVERE ] player 1 placing token on slot 5
[22:26:46.714] [SEVERE ] player 1 placing token on slot 9
[22:26:46.722] [SEVERE ] setting player 4 freeze to 0
[22:26:46.722] [SEVERE ] setting player 4 freeze to 0
[22:26:46.722] [SEVERE ] setting player 4 freeze to 0
[22:26:46.723] [SEVERE ] setting player 4 freeze to 0
[22:26:46.723] [SEVERE ] removing player 4 token from slot 3
[22:26:46.724] [SEVERE ] player 4 placing token on slot 10
[22:26:46.732] [SEVERE ] setting player 2 freeze to 0
[22:26:46.732] [SEVERE ] setting player 2 freeze to 0
[22:26:46.733] [SEVERE ] setting player 2 freeze to 0
[22:26:46.733] [SEVERE ] setting player 2 freeze to 0
[22:26:46.733] [SEVERE ] removing player 2 token from slot 3
[22:26:46.734] [SEVERE ] player 2 placing token on slot 1
[22:26:46.742] [SEVERE ] setting player 3 freeze to 0
[22:26:46.742] [SEVERE ] setting player 3 freeze to 0
[22:26:46.743] [SEVERE ] setting player 3 freeze to 0
[22:26:46.743] [SEVERE ] setting player 3 freeze to 0
[22:26:46.744] [SEVERE ] removing player 3 token from slot 7
[22:26:46.744] [SEVERE ] player 3 placing token on slot 7
[22:26:46.753] [SEVERE ] setting player 1 freeze to 0
[22:26:46.753] [SEVERE ] setting player 1 freeze to 0
[22:26:46.753] [SEVERE ] setting player 1 freeze to 0
[22:26:46.754] [SEVERE ] setting player 1 freeze to 0
[22:26:46.754] [SEVERE ] removing player 1 token from slot 5
[22:26:46.755] [SEVERE ] removing player 1 token from slot 9
[22:26:46.755] [SEVERE ] player 1 placing token on slot 7
[22:26:46.756] [SEVERE ] removing player 1 token from slot 11
[22:26:46.756] [SEVERE ] player 1 placing token on slot 1
[22:26:46.756] [SEVERE ] removing player 1 token from slot 7
[22:26:46.757] [SEVERE ] player 1 placing token on slot 6
[22:26:46.757] [SEVERE ] player 1 placing token on slot 7
[22:26:46.763] [SEVERE ] setting player 4 freeze to 0
[22:26:46.763] [SEVERE ] setting player 4 freeze to 0
[22:26:46.763] [SEVERE ] setting player 4 freeze to 0
[22:26:46.764] [SEVERE ] setting player 4 freeze to 0
[22:26:46.764] [SEVERE ] removing player 4 token from slot 10
[22:26:46.765] [SEVERE ] player 4 placing token on slot 10
[22:26:46.773] [SEVERE ] setting player 2 freeze to 0
[22:26:46.773] [SEVERE ] setting player 2 freeze to 0
[22:26:46.774] [SEVERE ] setting player 2 freeze to 0
[22:26:46.774] [SEVERE ] setting player 2 freeze to 0
[22:26:46.775] [SEVERE ] removing player 2 token from slot 9
[22:26:46.775] [SEVERE ] player 2 placing token on slot 3
[22:26:46.784] [SEVERE ] setting player 3 freeze to 0
[22:26:46.784] [SEVERE ] setting player 3 freeze to 0
[22:26:46.784] [SEVERE ] setting player 3 freeze to 0
[22:26:46.785] [SEVERE ] setting player 3 freeze to 0
[22:26:46.785] [SEVERE ] removing player 3 token from slot 5
[22:26:46.786] [SEVERE ] player 3 placing token on slot 2
[22:26:46.794] [SEVERE ] setting player 1 freeze to 0
[22:26:46.794] [SEVERE ] setting player 1 freeze to 0
[22:26:46.795] [SEVERE ] setting player 1 freeze to 0
[22:26:46.795] [SEVERE ] setting player 1 freeze to 0
[22:26:46.795] [SEVERE ] removing player 1 token from slot 6
[22:26:46.796] [SEVERE ] removing player 1 token from slot 7
[22:26:46.796] [SEVERE ] player 1 placing token on slot 8
[22:26:46.797] [SEVERE ] player 1 placing token on slot 2
[22:26:46.804] [SEVERE ] setting player 4 freeze to 0
[22:26:46.805] [SEVERE ] setting player 4 freeze to 0
[22:26:46.805] [SEVERE ] setting player 4 freeze to 0
[22:26:46.806] [SEVERE ] setting player 4 freeze to 0
[22:26:46.806] [SEVERE ] removing player 4 token from slot 9
[22:26:46.807] [SEVERE ] player 4 placing token on slot 8
[22:26:46.815] [SEVERE ] setting player 2 freeze to 0
[22:26:46.815] [SEVERE ] setting player 2 freeze to 0
[22:26:46.815] [SEVERE ] setting player 2 freeze to 0
[22:26:46.816] [SEVERE ] setting player 2 freeze to 0
[22:26:46.816] [SEVERE ] removing player 2 token from slot 6
[22:26:46.817] [SEVERE ] player 2 placing token on slot 5
[22:26:46.825] [SEVERE ] setting player 3 freeze to 0
[22:26:46.825] [SEVERE ] setting player 3 freeze to 0
[22:26:46.826] [SEVERE ] setting player 3 freeze to 0
[22:26:46.826] [SEVERE ] setting player 3 freeze to 0
[22:26:46.827] [SEVERE ] removing player 3 token from slot 7
[22:26:46.827] [SEVERE ] player 3 placing token on slot 11
[22:26:46.835] [SEVERE ] setting player 1 freeze to 0
[22:26:46.836] [SEVERE ] setting player 1 freeze to 0
[22:26:46.836] [SEVERE ] setting player 1 freeze to 0
[22:26:46.836] [SEVERE ] setting player 1 freeze to 0
[22:26:46.837] [SEVERE ] removing player 1 token from slot 8
[22:26:46.837] [SEVERE ] player 1 placing token on slot 3
[22:26:46.846] [SEVERE ] setting player 4 freeze to 0
[22:26:46.846] [SEVERE ] setting player 4 freeze to 0
[22:26:46.846] [SEVERE ] setting player 4 freeze to 0
[22:26:46.847] [SEVERE ] setting player 4 freeze to 0
[22:26:46.848] [SEVERE ] removing player 4 token from slot 10
[22:26:46.848] [SEVERE ] player 4 placing token on slot 10
[22:26:46.856] [SEVERE ] setting player 2 freeze to 0
[22:26:46.856] [SEVERE ] setting player 2 freeze to 0
[22:26:46.857] [SEVERE ] setting player 2 freeze to 0
[22:26:46.857] [SEVERE ] setting player 2 freeze to 0
[22:26:46.858] [SEVERE ] removing player 2 token from slot 3
[22:26:46.858] [SEVERE ] removing player 2 token from slot 5
[22:26:46.858] [SEVERE ] player 2 placing token on slot 6
[22:26:46.859] [SEVERE ] player 2 placing token on slot 2
[22:26:46.866] [SEVERE ] setting player 3 freeze to 0
[22:26:46.866] [SEVERE ] setting player 3 freeze to 0
[22:26:46.867] [SEVERE ] setting player 3 freeze to 0
[22:26:46.867] [SEVERE ] setting player 3 freeze to 0
[22:26:46.868] [SEVERE ] removing player 3 token from slot 2
[22:26:46.868] [SEVERE ] player 3 placing token on slot 5
[22:26:46.876] [SEVERE ] setting player 1 freeze to 0
[22:26:46.877] [SEVERE ] setting player 1 freeze to 0
[22:26:46.877] [SEVERE ] setting player 1 freeze to 0
[22:26:46.877] [SEVERE ] setting player 1 freeze to 0
[22:26:46.878] [SEVERE ] removing player 1 token from slot 1
[22:26:46.878] [SEVERE ] player 1 placing token on slot 8
[22:26:46.887] [SEVERE ] setting player 4 freeze to 0
[22:26:46.887] [SEVERE ] setting player 4 freeze to 0
[22:26:46.888] [SEVERE ] setting player 4 freeze to 0
[22:26:46.888] [SEVERE ] setting player 4 freeze to 0
[22:26:46.888] [SEVERE ] removing player 4 token from slot 10
[22:26:46.889] [SEVERE ] player 4 placing token on slot 3
[22:26:46.897] [SEVERE ] setting player 2 freeze to 0
[22:26:46.897] [SEVERE ] setting player 2 freeze to 0
[22:26:46.898] [SEVERE ] setting player 2 freeze to 0
[22:26:46.898] [SEVERE ] setting player 2 freeze to 0
[22:26:46.899] [SEVERE ] removing player 2 token from slot 2
[22:26:46.899] [SEVERE ] player 2 placing token on slot 3
[22:26:46.907] [SEVERE ] setting player 3 freeze to 0
[22:26:46.907] [SEVERE ] setting player 3 freeze to 0
[22:26:46.908] [SEVERE ] setting player 3 freeze to 0
[22:26:46.908] [SEVERE ] setting player 3 freeze to 0
[22:26:46.909] [SEVERE ] removing player 3 token from slot 11
[22:26:46.909] [SEVERE ] player 3 placing token on slot 10
[22:26:46.917] [SEVERE ] setting player 1 freeze to 0
[22:26:46.918] [SEVERE ] setting player 1 freeze to 0
[22:26:46.918] [SEVERE ] setting player 1 freeze to 0
[22:26:46.918] [SEVERE ] setting player 1 freeze to 0
[22:26:46.919] [SEVERE ] removing player 1 token from slot 3
[22:26:46.919] [SEVERE ] player 1 placing token on slot 5
[22:26:46.928] [SEVERE ] setting player 4 freeze to 0
[22:26:46.928] [SEVERE ] setting player 4 freeze to 0
[22:26:46.928] [SEVERE ] setting player 4 freeze to 0
[22:26:46.929] [SEVERE ] setting player 4 freeze to 0
[22:26:46.929] [SEVERE ] removing player 4 token from slot 3
[22:26:46.930] [SEVERE ] player 4 placing token on slot 6
[22:26:46.938] [SEVERE ] setting player 2 freeze to 0
[22:26:46.938] [SEVERE ] setting player 2 freeze to 0
[22:26:46.938] [SEVERE ] setting player 2 freeze to 0
[22:26:46.939] [SEVERE ] setting player 2 freeze to 0
[22:26:46.939] [SEVERE ] removing player 2 token from slot 6
[22:26:46.940] [SEVERE ] player 2 placing token on slot 2
[22:26:46.948] [SEVERE ] setting player 3 freeze to 0
[22:26:46.948] [SEVERE ] setting player 3 freeze to 0
[22:26:46.949] [SEVERE ] setting player 3 freeze to 0
[22:26:46.949] [SEVERE ] setting player 3 freeze to 0
[22:26:46.950] [SEVERE ] removing player 3 token from slot 10
[22:26:46.951] [SEVERE ] player 3 placing token on slot 2
[22:26:46.958] [SEVERE ] setting player 1 freeze to 0
[22:26:46.959] [SEVERE ] setting player 1 freeze to 0
[22:26:46.959] [SEVERE ] setting player 1 freeze to 0
[22:26:46.959] [SEVERE ] setting player 1 freeze to 0
[22:26:46.960] [SEVERE ] removing player 1 token from slot 5
[22:26:46.960] [SEVERE ] player 1 placing token on slot 11
[22:26:46.969] [SEVERE ] setting player 4 freeze to 0
[22:26:46.969] [SEVERE ] setting player 4 freeze to 0
[22:26:46.972] [SEVERE ] setting player 4 freeze to 0
[22:26:46.972] [SEVERE ] setting player 4 freeze to 0
[22:26:46.972] [SEVERE ] removing player 4 token from slot 6
[22:26:46.973] [SEVERE ] removing player 4 token from slot 8
[22:26:46.973] [SEVERE ] player 4 placing token on slot 6
[22:26:46.974] [SEVERE ] player 4 placing token on slot 11
[22:26:46.979] [SEVERE ] setting player 2 freeze to 0
[22:26:46.979] [SEVERE ] setting player 2 freeze to 0
[22:26:46.979] [SEVERE ] setting player 2 freeze to 0
[22:26:46.980] [SEVERE ] setting player 2 freeze to 0
[22:26:46.980] [SEVERE ] removing player 2 token from slot 2
[22:26:46.981] [SEVERE ] player 2 placing token on slot 9
[22:26:46.989] [SEVERE ] setting player 3 freeze to 0
[22:26:46.989] [SEVERE ] setting player 3 freeze to 0
[22:26:46.990] [SEVERE ] setting player 3 freeze to 0
[22:26:46.990] [SEVERE ] setting player 3 freeze to 0
[22:26:46.991] [SEVERE ] removing player 3 token from slot 5
[22:26:46.991] [SEVERE ] player 3 placing token on slot 4
[22:26:46.999] [SEVERE ] setting player 1 freeze to 0
[22:26:47.000] [SEVERE ] setting player 1 freeze to 0
[22:26:47.000] [SEVERE ] setting player 1 freeze to 0
[22:26:47.000] [SEVERE ] setting player 1 freeze to 0
[22:26:47.001] [SEVERE ] removing player 1 token from slot 11
[22:26:47.001] [SEVERE ] player 1 placing token on slot 1
[22:26:47.010] [SEVERE ] setting player 4 freeze to 0
[22:26:47.010] [SEVERE ] setting player 4 freeze to 0
[22:26:47.011] [SEVERE ] setting player 4 freeze to 0
[22:26:47.012] [SEVERE ] setting player 4 freeze to 0
[22:26:47.012] [SEVERE ] removing player 4 token from slot 11
[22:26:47.014] [SEVERE ] removing player 4 token from slot 7
[22:26:47.014] [SEVERE ] removing player 4 token from slot 6
[22:26:47.015] [SEVERE ] player 4 placing token on slot 4
[22:26:47.016] [SEVERE ] player 4 placing token on slot 6
[22:26:47.017] [SEVERE ] player 4 placing token on slot 11
[22:26:47.020] [SEVERE ] setting player 2 freeze to 0
[22:26:47.020] [SEVERE ] setting player 2 freeze to 0
[22:26:47.021] [SEVERE ] setting player 2 freeze to 0
[22:26:47.022] [SEVERE ] setting player 2 freeze to 0
[22:26:47.023] [SEVERE ] removing player 2 token from slot 3
[22:26:47.024] [SEVERE ] removing player 2 token from slot 1
[22:26:47.025] [SEVERE ] player 2 placing token on slot 11
[22:26:47.026] [SEVERE ] player 2 placing token on slot 8
[22:26:47.030] [SEVERE ] setting player 3 freeze to 0
[22:26:47.030] [SEVERE ] setting player 3 freeze to 0
[22:26:47.031] [SEVERE ] setting player 3 freeze to 0
[22:26:47.032] [SEVERE ] setting player 3 freeze to 0
[22:26:47.033] [SEVERE ] removing player 3 token from slot 2
[22:26:47.034] [SEVERE ] player 3 placing token on slot 10
[22:26:47.040] [SEVERE ] setting player 1 freeze to 0
[22:26:47.041] [SEVERE ] setting player 1 freeze to 0
[22:26:47.041] [SEVERE ] setting player 1 freeze to 0
[22:26:47.042] [SEVERE ] setting player 1 freeze to 0
[22:26:47.042] [SEVERE ] removing player 1 token from slot 2
[22:26:47.042] [SEVERE ] removing player 1 token from slot 1
[22:26:47.043] [SEVERE ] player 1 placing token on slot 4
[22:26:47.043] [SEVERE ] player 1 placing token on slot 6
[22:26:47.050] [SEVERE ] setting player 4 freeze to 0
[22:26:47.051] [SEVERE ] setting player 4 freeze to 0
[22:26:47.051] [SEVERE ] setting player 4 freeze to 0
[22:26:47.052] [SEVERE ] setting player 4 freeze to 0
[22:26:47.052] [SEVERE ] removing player 4 token from slot 4
[22:26:47.053] [SEVERE ] player 4 placing token on slot 5
[22:26:47.061] [SEVERE ] setting player 2 freeze to 0
[22:26:47.061] [SEVERE ] setting player 2 freeze to 0
[22:26:47.061] [SEVERE ] setting player 2 freeze to 0
[22:26:47.062] [SEVERE ] setting player 2 freeze to 0
[22:26:47.062] [SEVERE ] removing player 2 token from slot 11
[22:26:47.063] [SEVERE ] player 2 placing token on slot 4
[22:26:47.071] [SEVERE ] setting player 3 freeze to 0
[22:26:47.071] [SEVERE ] setting player 3 freeze to 0
[22:26:47.072] [SEVERE ] setting player 3 freeze to 0
[22:26:47.073] [SEVERE ] setting player 3 freeze to 0
[22:26:47.074] [SEVERE ] removing player 3 token from slot 4
[22:26:47.075] [SEVERE ] player 3 placing token on slot 8
[22:26:47.081] [SEVERE ] setting player 1 freeze to 0
[22:26:47.081] [SEVERE ] setting player 1 freeze to 0
[22:26:47.082] [SEVERE ] setting player 1 freeze to 0
[22:26:47.083] [SEVERE ] setting player 1 freeze to 0
[22:26:47.083] [SEVERE ] removing player 1 token from slot 8
[22:26:47.084] [SEVERE ] player 1 placing token on slot 7
[22:26:47.091] [SEVERE ] setting player 4 freeze to 0
[22:26:47.092] [SEVERE ] setting player 4 freeze to 0
[22:26:47.092] [SEVERE ] setting player 4 freeze to 0
[22:26:47.092] [SEVERE ] setting player 4 freeze to 0
[22:26:47.093] [SEVERE ] removing player 4 token from slot 6
[22:26:47.093] [SEVERE ] player 4 placing token on slot 9
[22:26:47.102] [SEVERE ] setting player 2 freeze to 0
[22:26:47.102] [SEVERE ] setting player 2 freeze to 0
[22:26:47.102] [SEVERE ] setting player 2 freeze to 0
[22:26:47.103] [SEVERE ] setting player 2 freeze to 0
[22:26:47.103] [SEVERE ] removing player 2 token from slot 4
[22:26:47.104] [SEVERE ] player 2 placing token on slot 10
[22:26:47.112] [SEVERE ] setting player 3 freeze to 0
[22:26:47.112] [SEVERE ] setting player 3 freeze to 0
[22:26:47.113] [SEVERE ] setting player 3 freeze to 0
[22:26:47.114] [SEVERE ] setting player 3 freeze to 0
[22:26:47.115] [SEVERE ] removing player 3 token from slot 6
[22:26:47.116] [SEVERE ] player 3 placing token on slot 7
[22:26:47.122] [SEVERE ] setting player 1 freeze to 0
[22:26:47.122] [SEVERE ] setting player 1 freeze to 0
[22:26:47.124] [SEVERE ] setting player 1 freeze to 0
[22:26:47.125] [SEVERE ] setting player 1 freeze to 0
[22:26:47.127] [SEVERE ] removing player 1 token from slot 4
[22:26:47.128] [SEVERE ] player 1 placing token on slot 3
[22:26:47.132] [SEVERE ] setting player 4 freeze to 0
[22:26:47.133] [SEVERE ] setting player 4 freeze to 0
[22:26:47.134] [SEVERE ] setting player 4 freeze to 0
[22:26:47.135] [SEVERE ] setting player 4 freeze to 0
[22:26:47.137] [SEVERE ] removing player 4 token from slot 9
[22:26:47.137] [SEVERE ] player 4 placing token on slot 7
[22:26:47.143] [SEVERE ] setting player 2 freeze to 0
[22:26:47.143] [SEVERE ] setting player 2 freeze to 0
[22:26:47.143] [SEVERE ] setting player 2 freeze to 0
[22:26:47.144] [SEVERE ] setting player 2 freeze to 0
[22:26:47.144] [SEVERE ] removing player 2 token from slot 8
[22:26:47.145] [SEVERE ] removing player 2 token from slot 10
[22:26:47.145] [SEVERE ] player 2 placing token on slot 2
[22:26:47.145] [SEVERE ] player 2 placing token on slot 4
[22:26:47.153] [SEVERE ] setting player 3 freeze to 0
[22:26:47.153] [SEVERE ] setting player 3 freeze to 0
[22:26:47.154] [SEVERE ] setting player 3 freeze to 0
[22:26:47.154] [SEVERE ] setting player 3 freeze to 0
[22:26:47.155] [SEVERE ] removing player 3 token from slot 7
[22:26:47.155] [SEVERE ] player 3 placing token on slot 1
[22:26:47.163] [SEVERE ] setting player 1 freeze to 0
[22:26:47.163] [SEVERE ] setting player 1 freeze to 0
[22:26:47.164] [SEVERE ] setting player 1 freeze to 0
[22:26:47.164] [SEVERE ] setting player 1 freeze to 0
[22:26:47.165] [SEVERE ] removing player 1 token from slot 6
[22:26:47.165] [SEVERE ] removing player 1 token from slot 7
[22:26:47.165] [SEVERE ] player 1 placing token on slot 1
[22:26:47.166] [SEVERE ] player 1 placing token on slot 8
[22:26:47.173] [SEVERE ] setting player 4 freeze to 0
[22:26:47.174] [SEVERE ] setting player 4 freeze to 0
[22:26:47.174] [SEVERE ] setting player 4 freeze to 0
[22:26:47.174] [SEVERE ] setting player 4 freeze to 0
[22:26:47.175] [SEVERE ] removing player 4 token from slot 5
[22:26:47.175] [SEVERE ] removing player 4 token from slot 11
[22:26:47.176] [SEVERE ] player 4 placing token on slot 5
[22:26:47.177] [SEVERE ] player 4 placing token on slot 1
[22:26:47.184] [SEVERE ] setting player 2 freeze to 0
[22:26:47.184] [SEVERE ] setting player 2 freeze to 0
[22:26:47.184] [SEVERE ] setting player 2 freeze to 0
[22:26:47.185] [SEVERE ] setting player 2 freeze to 0
[22:26:47.186] [SEVERE ] removing player 2 token from slot 2
[22:26:47.186] [SEVERE ] removing player 2 token from slot 9
[22:26:47.187] [SEVERE ] player 2 placing token on slot 1
[22:26:47.188] [SEVERE ] player 2 placing token on slot 2
[22:26:47.194] [SEVERE ] setting player 3 freeze to 0
[22:26:47.194] [SEVERE ] setting player 3 freeze to 0
[22:26:47.194] [SEVERE ] setting player 3 freeze to 0
[22:26:47.195] [SEVERE ] setting player 3 freeze to 0
[22:26:47.195] [SEVERE ] removing player 3 token from slot 1
[22:26:47.196] [SEVERE ] removing player 3 token from slot 10
[22:26:47.196] [SEVERE ] player 3 placing token on slot 10
[22:26:47.197] [SEVERE ] player 3 placing token on slot 3
[22:26:47.204] [SEVERE ] setting player 1 freeze to 0
[22:26:47.205] [SEVERE ] setting player 1 freeze to 0
[22:26:47.205] [SEVERE ] setting player 1 freeze to 0
[22:26:47.205] [SEVERE ] setting player 1 freeze to 0
[22:26:47.206] [SEVERE ] removing player 1 token from slot 3
[22:26:47.206] [SEVERE ] player 1 placing token on slot 3
[22:26:47.214] [SEVERE ] setting player 4 freeze to 0
[22:26:47.215] [SEVERE ] setting player 4 freeze to 0
[22:26:47.215] [SEVERE ] setting player 4 freeze to 0
[22:26:47.215] [SEVERE ] setting player 4 freeze to 0
[22:26:47.216] [SEVERE ] removing player 4 token from slot 5
[22:26:47.216] [SEVERE ] player 4 placing token on slot 4
[22:26:47.224] [SEVERE ] updating countdown to 3000
[22:26:47.225] [SEVERE ] setting player 2 freeze to 0
[22:26:47.225] [SEVERE ] setting player 2 freeze to 0
[22:26:47.226] [SEVERE ] setting player 2 freeze to 0
[22:26:47.226] [SEVERE ] setting player 2 freeze to 0
[22:26:47.227] [SEVERE ] removing player 2 token from slot 2
[22:26:47.227] [SEVERE ] player 2 placing token on slot 2
[22:26:47.241] [SEVERE ] setting player 3 freeze to 0
[22:26:47.241] [SEVERE ] setting player 3 freeze to 0
[22:26:47.241] [SEVERE ] setting player 3 freeze to 0
[22:26:47.242] [SEVERE ] setting player 3 freeze to 0
[22:26:47.242] [SEVERE ] removing player 3 token from slot 10
[22:26:47.243] [SEVERE ] player 3 placing token on slot 2
[22:26:47.251] [SEVERE ] setting player 1 freeze to 0
[22:26:47.251] [SEVERE ] setting player 1 freeze to 0
[22:26:47.252] [SEVERE ] setting player 1 freeze to 0
[22:26:47.252] [SEVERE ] setting player 1 freeze to 0
[22:26:47.253] [SEVERE ] removing player 1 token from slot 1
[22:26:47.253] [SEVERE ] player 1 placing token on slot 9
[22:26:47.261] [SEVERE ] setting player 4 freeze to 0
[22:26:47.262] [SEVERE ] setting player 4 freeze to 0
[22:26:47.262] [SEVERE ] setting player 4 freeze to 0
[22:26:47.263] [SEVERE ] setting player 4 freeze to 0
[22:26:47.263] [SEVERE ] removing player 4 token from slot 4
[22:26:47.264] [SEVERE ] player 4 placing token on slot 6
[22:26:47.272] [SEVERE ] setting player 2 freeze to 0
[22:26:47.272] [SEVERE ] setting player 2 freeze to 0
[22:26:47.272] [SEVERE ] setting player 2 freeze to 0
[22:26:47.273] [SEVERE ] setting player 2 freeze to 0
[22:26:47.273] [SEVERE ] removing player 2 token from slot 2
[22:26:47.274] [SEVERE ] player 2 placing token on slot 3
[22:26:47.282] [SEVERE ] setting player 3 freeze to 0
[22:26:47.282] [SEVERE ] setting player 3 freeze to 0
[22:26:47.282] [SEVERE ] setting player 3 freeze to 0
[22:26:47.283] [SEVERE ] setting player 3 freeze to 0
[22:26:47.283] [SEVERE ] removing player 3 token from slot 3
[22:26:47.284] [SEVERE ] player 3 placing token on slot 11
[22:26:47.292] [SEVERE ] setting player 1 freeze to 0
[22:26:47.292] [SEVERE ] setting player 1 freeze to 0
[22:26:47.293] [SEVERE ] setting player 1 freeze to 0
[22:26:47.293] [SEVERE ] setting player 1 freeze to 0
[22:26:47.294] [SEVERE ] removing player 1 token from slot 8
[22:26:47.294] [SEVERE ] player 1 placing token on slot 6
[22:26:47.302] [SEVERE ] setting player 4 freeze to 0
[22:26:47.302] [SEVERE ] setting player 4 freeze to 0
[22:26:47.303] [SEVERE ] setting player 4 freeze to 0
[22:26:47.303] [SEVERE ] setting player 4 freeze to 0
[22:26:47.304] [SEVERE ] removing player 4 token from slot 6
[22:26:47.304] [SEVERE ] player 4 placing token on slot 9
[22:26:47.313] [SEVERE ] setting player 2 freeze to 0
[22:26:47.313] [SEVERE ] setting player 2 freeze to 0
[22:26:47.314] [SEVERE ] setting player 2 freeze to 0
[22:26:47.314] [SEVERE ] setting player 2 freeze to 0
[22:26:47.315] [SEVERE ] removing player 2 token from slot 3
[22:26:47.315] [SEVERE ] player 2 placing token on slot 11
[22:26:47.323] [SEVERE ] setting player 3 freeze to 0
[22:26:47.323] [SEVERE ] setting player 3 freeze to 0
[22:26:47.323] [SEVERE ] setting player 3 freeze to 0
[22:26:47.324] [SEVERE ] setting player 3 freeze to 0
[22:26:47.324] [SEVERE ] removing player 3 token from slot 8
[22:26:47.325] [SEVERE ] player 3 placing token on slot 7
[22:26:47.333] [SEVERE ] setting player 1 freeze to 0
[22:26:47.333] [SEVERE ] setting player 1 freeze to 0
[22:26:47.334] [SEVERE ] setting player 1 freeze to 0
[22:26:47.334] [SEVERE ] setting player 1 freeze to 0
[22:26:47.335] [SEVERE ] removing player 1 token from slot 3
[22:26:47.335] [SEVERE ] player 1 placing token on slot 7
[22:26:47.343] [SEVERE ] setting player 4 freeze to 0
[22:26:47.343] [SEVERE ] setting player 4 freeze to 0
[22:26:47.344] [SEVERE ] setting player 4 freeze to 0
[22:26:47.344] [SEVERE ] setting player 4 freeze to 0
[22:26:47.345] [SEVERE ] removing player 4 token from slot 7
[22:26:47.345] [SEVERE ] player 4 placing token on slot 4
[22:26:47.354] [SEVERE ] setting player 2 freeze to 0
[22:26:47.354] [SEVERE ] setting player 2 freeze to 0
[22:26:47.354] [SEVERE ] setting player 2 freeze to 0
[22:26:47.355] [SEVERE ] setting player 2 freeze to 0
[22:26:47.355] [SEVERE ] removing player 2 token from slot 11
[22:26:47.356] [SEVERE ] player 2 placing token on slot 7
[22:26:47.364] [SEVERE ] setting player 3 freeze to 0
[22:26:47.364] [SEVERE ] setting player 3 freeze to 0
[22:26:47.365] [SEVERE ] setting player 3 freeze to 0
[22:26:47.365] [SEVERE ] setting player 3 freeze to 0
[22:26:47.366] [SEVERE ] removing player 3 token from slot 2
[22:26:47.366] [SEVERE ] player 3 placing token on slot 5
[22:26:47.374] [SEVERE ] setting player 1 freeze to 0
[22:26:47.374] [SEVERE ] setting player 1 freeze to 0
[22:26:47.375] [SEVERE ] setting player 1 freeze to 0
[22:26:47.375] [SEVERE ] setting player 1 freeze to 0
[22:26:47.376] [SEVERE ] removing player 1 token from slot 7
[22:26:47.376] [SEVERE ] player 1 placing token on slot 11
[22:26:47.384] [SEVERE ] setting player 4 freeze to 0
[22:26:47.385] [SEVERE ] setting player 4 freeze to 0
[22:26:47.385] [SEVERE ] setting player 4 freeze to 0
[22:26:47.386] [SEVERE ] setting player 4 freeze to 0
[22:26:47.386] [SEVERE ] removing player 4 token from slot 4
[22:26:47.387] [SEVERE ] player 4 placing token on slot 5
[22:26:47.395] [SEVERE ] setting player 2 freeze to 0
[22:26:47.395] [SEVERE ] setting player 2 freeze to 0
[22:26:47.395] [SEVERE ] setting player 2 freeze to 0
[22:26:47.396] [SEVERE ] setting player 2 freeze to 0
[22:26:47.396] [SEVERE ] removing player 2 token from slot 4
[22:26:47.397] [SEVERE ] removing player 2 token from slot 1
[22:26:47.397] [SEVERE ] player 2 placing token on slot 4
[22:26:47.397] [SEVERE ] player 2 placing token on slot 5
[22:26:47.405] [SEVERE ] setting player 3 freeze to 0
[22:26:47.405] [SEVERE ] setting player 3 freeze to 0
[22:26:47.406] [SEVERE ] setting player 3 freeze to 0
[22:26:47.406] [SEVERE ] setting player 3 freeze to 0
[22:26:47.407] [SEVERE ] removing player 3 token from slot 5
[22:26:47.407] [SEVERE ] removing player 3 token from slot 11
[22:26:47.408] [SEVERE ] removing player 3 token from slot 7
[22:26:47.408] [SEVERE ] player 3 placing token on slot 2
[22:26:47.408] [SEVERE ] removing player 3 token from slot 2
[22:26:47.409] [SEVERE ] player 3 placing token on slot 6
[22:26:47.409] [SEVERE ] player 3 placing token on slot 11
[22:26:47.410] [SEVERE ] player 3 placing token on slot 4
[22:26:47.415] [SEVERE ] setting player 1 freeze to 0
[22:26:47.415] [SEVERE ] setting player 1 freeze to 0
[22:26:47.416] [SEVERE ] setting player 1 freeze to 0
[22:26:47.416] [SEVERE ] setting player 1 freeze to 0
[22:26:47.417] [SEVERE ] removing player 1 token from slot 9
[22:26:47.417] [SEVERE ] player 1 placing token on slot 1
[22:26:47.426] [SEVERE ] setting player 4 freeze to 0
[22:26:47.426] [SEVERE ] setting player 4 freeze to 0
[22:26:47.427] [SEVERE ] setting player 4 freeze to 0
[22:26:47.427] [SEVERE ] setting player 4 freeze to 0
[22:26:47.428] [SEVERE ] removing player 4 token from slot 5
[22:26:47.428] [SEVERE ] removing player 4 token from slot 1
[22:26:47.429] [SEVERE ] player 4 placing token on slot 8
[22:26:47.429] [SEVERE ] player 4 placing token on slot 10
[22:26:47.436] [SEVERE ] setting player 2 freeze to 0
[22:26:47.436] [SEVERE ] setting player 2 freeze to 0
[22:26:47.436] [SEVERE ] setting player 2 freeze to 0
[22:26:47.437] [SEVERE ] setting player 2 freeze to 0
[22:26:47.437] [SEVERE ] removing player 2 token from slot 5
[22:26:47.438] [SEVERE ] removing player 2 token from slot 7
[22:26:47.438] [SEVERE ] player 2 placing token on slot 7
[22:26:47.439] [SEVERE ] player 2 placing token on slot 3
[22:26:47.446] [SEVERE ] setting player 3 freeze to 0
[22:26:47.446] [SEVERE ] setting player 3 freeze to 0
[22:26:47.447] [SEVERE ] setting player 3 freeze to 0
[22:26:47.447] [SEVERE ] setting player 3 freeze to 0
[22:26:47.447] [SEVERE ] removing player 3 token from slot 4
[22:26:47.448] [SEVERE ] player 3 placing token on slot 1
[22:26:47.456] [SEVERE ] setting player 1 freeze to 0
[22:26:47.457] [SEVERE ] setting player 1 freeze to 0
[22:26:47.457] [SEVERE ] setting player 1 freeze to 0
[22:26:47.457] [SEVERE ] setting player 1 freeze to 0
[22:26:47.458] [SEVERE ] removing player 1 token from slot 1
[22:26:47.458] [SEVERE ] player 1 placing token on slot 4
[22:26:47.467] [SEVERE ] setting player 4 freeze to 0
[22:26:47.468] [SEVERE ] setting player 4 freeze to 0
[22:26:47.468] [SEVERE ] setting player 4 freeze to 0
[22:26:47.468] [SEVERE ] setting player 4 freeze to 0
[22:26:47.468] [SEVERE ] removing player 4 token from slot 10
[22:26:47.468] [SEVERE ] player 4 placing token on slot 10
[22:26:47.478] [SEVERE ] setting player 2 freeze to 0
[22:26:47.479] [SEVERE ] setting player 2 freeze to 0
[22:26:47.479] [SEVERE ] setting player 2 freeze to 0
[22:26:47.480] [SEVERE ] setting player 2 freeze to 0
[22:26:47.480] [SEVERE ] removing player 2 token from slot 4
[22:26:47.481] [SEVERE ] player 2 placing token on slot 8
[22:26:47.488] [SEVERE ] setting player 3 freeze to 0
[22:26:47.488] [SEVERE ] setting player 3 freeze to 0
[22:26:47.489] [SEVERE ] setting player 3 freeze to 0
[22:26:47.489] [SEVERE ] setting player 3 freeze to 0
[22:26:47.490] [SEVERE ] removing player 3 token from slot 11
[22:26:47.490] [SEVERE ] player 3 placing token on slot 2
[22:26:47.498] [SEVERE ] setting player 1 freeze to 0
[22:26:47.498] [SEVERE ] setting player 1 freeze to 0
[22:26:47.499] [SEVERE ] setting player 1 freeze to 0
[22:26:47.499] [SEVERE ] setting player 1 freeze to 0
[22:26:47.500] [SEVERE ] removing player 1 token from slot 6
[22:26:47.500] [SEVERE ] player 1 placing token on slot 1
[22:26:47.509] [SEVERE ] setting player 4 freeze to 0
[22:26:47.509] [SEVERE ] setting player 4 freeze to 0
[22:26:47.509] [SEVERE ] setting player 4 freeze to 0
[22:26:47.510] [SEVERE ] setting player 4 freeze to 0
[22:26:47.510] [SEVERE ] removing player 4 token from slot 8
[22:26:47.511] [SEVERE ] player 4 placing token on slot 1
