[17:57:31.754] [INFO   ] thread main starting.
[17:57:31.761] [SEVERE ] cannot read configuration file config.properties trying from resources.
[17:57:31.762] [SEVERE ] configuration file was loaded from resources directory.
[17:57:32.195] [INFO   ] thread dealer starting.
[17:57:32.195] [INFO   ] Thread dealer starting.
[17:57:32.301] [SEVERE ] placing card 15 in slot 0
[17:57:32.402] [SEVERE ] placing card 35 in slot 1
[17:57:32.503] [SEVERE ] placing card 77 in slot 2
[17:57:32.604] [SEVERE ] placing card 44 in slot 3
[17:57:32.705] [SEVERE ] placing card 36 in slot 4
[17:57:32.806] [SEVERE ] placing card 79 in slot 5
[17:57:32.906] [SEVERE ] placing card 59 in slot 6
[17:57:33.007] [SEVERE ] placing card 13 in slot 7
[17:57:33.108] [SEVERE ] placing card 29 in slot 8
[17:57:33.209] [SEVERE ] placing card 25 in slot 9
[17:57:33.311] [SEVERE ] placing card 75 in slot 10
[17:57:33.411] [SEVERE ] placing card 7 in slot 11
[17:57:33.412] [INFO   ] Thread Thread-1starting.
[17:57:33.413] [INFO   ] Thread Thread-2starting.
[17:57:33.415] [INFO   ] Thread computer-0 starting.
[17:57:33.414] [SEVERE ] updating countdown to 15000
[17:57:33.414] [INFO   ] Thread Thread-4starting.
[17:57:33.414] [INFO   ] Thread Thread-3starting.
[17:57:33.419] [SEVERE ] player 1 placing token on slot 3
[17:57:33.422] [INFO   ] Thread computer-1 starting.
[17:57:33.424] [SEVERE ] player 2 placing token on slot 1
[17:57:33.423] [SEVERE ] player 1 placing token on slot 6
[17:57:33.425] [SEVERE ] player 2 placing token on slot 2
[17:57:33.426] [SEVERE ] removing player 1 token from slot 6
[17:57:33.428] [SEVERE ] removing player 1 token from slot 3
[17:57:33.429] [SEVERE ] player 1 placing token on slot 6
[17:57:33.427] [SEVERE ] player 2 placing token on slot 10
[17:57:33.430] [INFO   ] Thread computer-2 starting.
[17:57:33.434] [SEVERE ] player 3 placing token on slot 2
[17:57:33.435] [SEVERE ] player 3 placing token on slot 7
[17:57:33.436] [SEVERE ] player 3 placing token on slot 8
[17:57:33.441] [SEVERE ] player 1 placing token on slot 3
[17:57:33.437] [INFO   ] Thread computer-3 starting.
[17:57:33.449] [SEVERE ] player 1 placing token on slot 7
[17:57:33.450] [SEVERE ] player 4 placing token on slot 6
[17:57:33.452] [SEVERE ] player 4 placing token on slot 11
[17:57:33.452] [SEVERE ] removing player 4 token from slot 6
[17:57:33.452] [SEVERE ] removing player 4 token from slot 11
[17:57:33.452] [SEVERE ] player 4 placing token on slot 2
[17:57:33.452] [SEVERE ] player 4 placing token on slot 9
[17:57:33.452] [SEVERE ] removing player 4 token from slot 9
[17:57:33.453] [SEVERE ] player 4 placing token on slot 7
[17:57:33.453] [SEVERE ] removing player 4 token from slot 2
[17:57:33.454] [SEVERE ] player 4 placing token on slot 6
[17:57:33.454] [SEVERE ] player 4 placing token on slot 1
[17:57:34.419] [SEVERE ] updating countdown to 13995
[17:57:34.419] [SEVERE ] setting player 2 freeze to 3000
[17:57:35.419] [SEVERE ] updating countdown to 12995
[17:57:35.419] [SEVERE ] setting player 3 freeze to 3000
[17:57:35.422] [SEVERE ] setting player 2 freeze to 2000
[17:57:36.420] [SEVERE ] updating countdown to 11994
[17:57:36.420] [SEVERE ] setting player 1 freeze to 3000
[17:57:36.421] [SEVERE ] setting player 3 freeze to 2000
[17:57:36.423] [SEVERE ] setting player 2 freeze to 1000
[17:57:37.420] [SEVERE ] updating countdown to 10994
[17:57:37.420] [SEVERE ] setting player 4 freeze to 3000
[17:57:37.421] [SEVERE ] setting player 1 freeze to 2000
[17:57:37.422] [SEVERE ] setting player 3 freeze to 1000
[17:57:37.423] [SEVERE ] setting player 2 freeze to 0
[17:57:37.423] [SEVERE ] removing player 2 token from slot 10
[17:57:37.429] [SEVERE ] player 2 placing token on slot 3
[17:57:38.421] [SEVERE ] setting player 2 freeze to 3000
[17:57:38.421] [SEVERE ] updating countdown to 9993
[17:57:38.421] [SEVERE ] setting player 4 freeze to 2000
[17:57:38.422] [SEVERE ] setting player 1 freeze to 1000
[17:57:38.422] [SEVERE ] setting player 3 freeze to 0
[17:57:38.423] [SEVERE ] removing player 3 token from slot 8
[17:57:38.423] [SEVERE ] player 3 placing token on slot 6
[17:57:39.421] [SEVERE ] setting player 2 freeze to 2000
[17:57:39.421] [SEVERE ] setting player 4 freeze to 1000
[17:57:39.421] [SEVERE ] updating countdown to 8993
[17:57:39.421] [SEVERE ] setting player 3 freeze to 3000
[17:57:39.422] [SEVERE ] setting player 1 freeze to 0
[17:57:39.422] [SEVERE ] removing player 1 token from slot 6
[17:57:39.422] [SEVERE ] removing player 1 token from slot 7
[17:57:39.422] [SEVERE ] player 1 placing token on slot 6
[17:57:39.422] [SEVERE ] player 1 placing token on slot 11
