[16:44:06.973] [INFO   ] thread main starting.
[16:44:06.981] [SEVERE ] cannot read configuration file config.properties trying from resources.
[16:44:06.982] [SEVERE ] configuration file was loaded from resources directory.
[16:44:07.387] [INFO   ] thread dealer starting.
[16:44:07.388] [INFO   ] Thread dealer starting.
[16:44:07.492] [SEVERE ] placing card 12 in slot 0
[16:44:07.593] [SEVERE ] placing card 23 in slot 1
[16:44:07.694] [SEVERE ] placing card 2 in slot 2
[16:44:07.795] [SEVERE ] placing card 43 in slot 3
[16:44:07.896] [SEVERE ] placing card 74 in slot 4
[16:44:07.998] [SEVERE ] placing card 59 in slot 5
[16:44:08.098] [SEVERE ] placing card 28 in slot 6
[16:44:08.199] [SEVERE ] placing card 1 in slot 7
[16:44:08.300] [SEVERE ] placing card 76 in slot 8
[16:44:08.401] [SEVERE ] placing card 40 in slot 9
[16:44:08.502] [SEVERE ] placing card 25 in slot 10
[16:44:08.603] [SEVERE ] placing card 61 in slot 11
[16:44:08.604] [INFO   ] Thread Thread-1starting.
[16:44:08.604] [SEVERE ] updating countdown to 15000
[16:44:08.604] [INFO   ] Thread Thread-3starting.
[16:44:08.604] [INFO   ] Thread Thread-2starting.
[16:44:08.606] [INFO   ] Thread computer-2 starting.
[16:44:08.605] [INFO   ] Thread computer-0 starting.
[16:44:08.607] [SEVERE ] player 1 placing token on slot 2
[16:44:08.607] [SEVERE ] player 1 placing token on slot 1
[16:44:08.608] [SEVERE ] player 1 placing token on slot 10
[16:44:08.612] [INFO   ] Thread computer-1 starting.
[16:44:08.613] [SEVERE ] player 2 placing token on slot 4
[16:44:08.605] [INFO   ] Thread Thread-4starting.
[16:44:08.613] [SEVERE ] player 2 placing token on slot 8
[16:44:08.614] [SEVERE ] removing player 2 token from slot 8
[16:44:08.614] [SEVERE ] removing player 2 token from slot 4
[16:44:08.615] [SEVERE ] player 2 placing token on slot 8
[16:44:08.615] [SEVERE ] player 2 placing token on slot 11
[16:44:08.616] [SEVERE ] player 2 placing token on slot 1
[16:44:08.607] [SEVERE ] player 3 placing token on slot 7
[16:44:08.624] [SEVERE ] player 3 placing token on slot 6
[16:44:08.625] [SEVERE ] player 3 placing token on slot 2
[16:44:08.636] [INFO   ] Thread computer-3 starting.
[16:44:08.636] [SEVERE ] player 4 placing token on slot 8
[16:44:08.637] [SEVERE ] player 4 placing token on slot 10
[16:44:08.637] [SEVERE ] player 4 placing token on slot 9
[16:44:09.605] [SEVERE ] updating countdown to 13999
[16:44:09.605] [SEVERE ] setting player 1 freeze to 3000
[16:44:10.605] [SEVERE ] updating countdown to 12999
[16:44:10.605] [SEVERE ] setting player 2 freeze to 3000
[16:44:10.606] [SEVERE ] setting player 1 freeze to 2000
[16:44:11.606] [SEVERE ] updating countdown to 11998
[16:44:11.606] [SEVERE ] setting player 3 freeze to 3000
[16:44:11.606] [SEVERE ] setting player 2 freeze to 2000
[16:44:11.607] [SEVERE ] setting player 1 freeze to 1000
[16:44:12.606] [SEVERE ] updating countdown to 10998
[16:44:12.606] [SEVERE ] setting player 4 freeze to 3000
[16:44:12.607] [SEVERE ] setting player 2 freeze to 1000
[16:44:12.607] [SEVERE ] setting player 3 freeze to 2000
[16:44:12.608] [SEVERE ] setting player 1 freeze to 0
