[22:28:40.093] [INFO   ] thread main starting.
[22:28:40.099] [SEVERE ] cannot read configuration file config.properties trying from resources.
[22:28:40.101] [SEVERE ] configuration file was loaded from resources directory.
[22:28:40.506] [INFO   ] thread dealer starting.
[22:28:40.506] [INFO   ] Thread dealer starting.
[22:28:40.613] [SEVERE ] placing card 37 in slot 0
[22:28:40.714] [SEVERE ] placing card 75 in slot 1
[22:28:40.815] [SEVERE ] placing card 43 in slot 2
[22:28:40.916] [SEVERE ] placing card 39 in slot 3
[22:28:41.017] [SEVERE ] placing card 34 in slot 4
[22:28:41.118] [SEVERE ] placing card 21 in slot 5
[22:28:41.219] [SEVERE ] placing card 7 in slot 6
[22:28:41.319] [SEVERE ] placing card 42 in slot 7
[22:28:41.421] [SEVERE ] placing card 65 in slot 8
[22:28:41.522] [SEVERE ] placing card 32 in slot 9
[22:28:41.623] [SEVERE ] placing card 4 in slot 10
[22:28:41.724] [SEVERE ] placing card 55 in slot 11
[22:28:41.726] [INFO   ] Thread Thread-1starting.
[22:28:41.727] [SEVERE ] updating countdown to 5000
[22:28:41.726] [INFO   ] Thread Thread-3starting.
[22:28:41.731] [INFO   ] Thread computer-0 starting.
[22:28:41.732] [SEVERE ] player 1 placing token on slot 7
[22:28:41.726] [INFO   ] Thread Thread-2starting.
[22:28:41.736] [INFO   ] Thread computer-2 starting.
[22:28:41.739] [SEVERE ] player 3 placing token on slot 10
[22:28:41.739] [SEVERE ] player 3 placing token on slot 6
[22:28:41.733] [INFO   ] Thread Thread-4starting.
[22:28:41.739] [SEVERE ] player 1 placing token on slot 3
[22:28:41.747] [SEVERE ] removing player 1 token from slot 7
[22:28:41.748] [SEVERE ] player 1 placing token on slot 1
[22:28:41.748] [SEVERE ] removing player 1 token from slot 1
[22:28:41.749] [INFO   ] Thread computer-1 starting.
[22:28:41.753] [INFO   ] Thread computer-3 starting.
[22:28:41.759] [SEVERE ] player 4 placing token on slot 11
[22:28:41.760] [SEVERE ] player 2 placing token on slot 2
[22:28:41.763] [SEVERE ] player 2 placing token on slot 3
[22:28:41.764] [SEVERE ] player 3 placing token on slot 1
[22:28:41.763] [SEVERE ] player 4 placing token on slot 2
[22:28:41.764] [SEVERE ] player 4 placing token on slot 8
[22:28:41.764] [SEVERE ] player 2 placing token on slot 7
[22:28:41.764] [SEVERE ] player 1 placing token on slot 6
[22:28:41.769] [SEVERE ] player 1 placing token on slot 4
[22:28:41.776] [SEVERE ] setting player 3 freeze to 0
[22:28:41.776] [SEVERE ] setting player 3 freeze to 0
[22:28:41.776] [SEVERE ] setting player 3 freeze to 0
[22:28:41.776] [SEVERE ] setting player 3 freeze to 0
[22:28:41.776] [SEVERE ] removing player 3 token from slot 1
[22:28:41.777] [SEVERE ] player 3 placing token on slot 4
[22:28:41.786] [SEVERE ] setting player 4 freeze to 0
[22:28:41.786] [SEVERE ] setting player 4 freeze to 0
[22:28:41.786] [SEVERE ] setting player 4 freeze to 0
[22:28:41.787] [SEVERE ] setting player 4 freeze to 0
[22:28:41.787] [SEVERE ] removing player 4 token from slot 8
[22:28:41.787] [SEVERE ] player 4 placing token on slot 6
[22:28:41.798] [SEVERE ] setting player 2 freeze to 0
[22:28:41.798] [SEVERE ] setting player 2 freeze to 0
[22:28:41.798] [SEVERE ] setting player 2 freeze to 0
[22:28:41.799] [SEVERE ] setting player 2 freeze to 0
[22:28:41.799] [SEVERE ] removing player 2 token from slot 3
[22:28:41.800] [SEVERE ] player 2 placing token on slot 3
[22:28:41.808] [SEVERE ] setting player 1 freeze to 0
[22:28:41.808] [SEVERE ] setting player 1 freeze to 0
[22:28:41.809] [SEVERE ] setting player 1 freeze to 0
[22:28:41.809] [SEVERE ] setting player 1 freeze to 0
[22:28:41.810] [SEVERE ] removing player 1 token from slot 3
[22:28:41.810] [SEVERE ] player 1 placing token on slot 10
[22:28:41.819] [SEVERE ] setting player 3 freeze to 0
[22:28:41.819] [SEVERE ] setting player 3 freeze to 0
[22:28:41.820] [SEVERE ] setting player 3 freeze to 0
[22:28:41.820] [SEVERE ] setting player 3 freeze to 0
[22:28:41.821] [SEVERE ] removing player 3 token from slot 10
[22:28:41.821] [SEVERE ] player 3 placing token on slot 9
[22:28:41.829] [SEVERE ] setting player 4 freeze to 0
[22:28:41.829] [SEVERE ] setting player 4 freeze to 0
[22:28:41.830] [SEVERE ] setting player 4 freeze to 0
[22:28:41.832] [SEVERE ] setting player 4 freeze to 0
[22:28:41.832] [SEVERE ] removing player 4 token from slot 2
[22:28:41.833] [SEVERE ] player 4 placing token on slot 8
[22:28:41.839] [SEVERE ] setting player 2 freeze to 0
[22:28:41.840] [SEVERE ] setting player 2 freeze to 0
[22:28:41.840] [SEVERE ] setting player 2 freeze to 0
[22:28:41.842] [SEVERE ] setting player 2 freeze to 0
[22:28:41.842] [SEVERE ] removing player 2 token from slot 2
[22:28:41.843] [SEVERE ] player 2 placing token on slot 10
[22:28:41.850] [SEVERE ] setting player 1 freeze to 0
[22:28:41.850] [SEVERE ] setting player 1 freeze to 0
[22:28:41.850] [SEVERE ] setting player 1 freeze to 0
[22:28:41.850] [SEVERE ] setting player 1 freeze to 0
[22:28:41.850] [SEVERE ] removing player 1 token from slot 10
[22:28:41.851] [SEVERE ] player 1 placing token on slot 9
[22:28:41.860] [SEVERE ] setting player 3 freeze to 0
[22:28:41.861] [SEVERE ] setting player 3 freeze to 0
[22:28:41.861] [SEVERE ] setting player 3 freeze to 0
[22:28:41.862] [SEVERE ] setting player 3 freeze to 0
[22:28:41.863] [SEVERE ] removing player 3 token from slot 4
[22:28:41.864] [SEVERE ] player 3 placing token on slot 11
[22:28:41.871] [SEVERE ] setting player 4 freeze to 0
[22:28:41.871] [SEVERE ] setting player 4 freeze to 0
[22:28:41.872] [SEVERE ] setting player 4 freeze to 0
[22:28:41.872] [SEVERE ] setting player 4 freeze to 0
[22:28:41.873] [SEVERE ] removing player 4 token from slot 6
[22:28:41.873] [SEVERE ] player 4 placing token on slot 2
[22:28:41.882] [SEVERE ] setting player 2 freeze to 0
[22:28:41.882] [SEVERE ] setting player 2 freeze to 0
[22:28:41.882] [SEVERE ] setting player 2 freeze to 0
[22:28:41.883] [SEVERE ] setting player 2 freeze to 0
[22:28:41.883] [SEVERE ] removing player 2 token from slot 10
[22:28:41.884] [SEVERE ] removing player 2 token from slot 3
[22:28:41.884] [SEVERE ] player 2 placing token on slot 11
[22:28:41.885] [SEVERE ] player 2 placing token on slot 5
[22:28:41.892] [SEVERE ] setting player 1 freeze to 0
[22:28:41.893] [SEVERE ] setting player 1 freeze to 0
[22:28:41.893] [SEVERE ] setting player 1 freeze to 0
[22:28:41.894] [SEVERE ] setting player 1 freeze to 0
[22:28:41.894] [SEVERE ] removing player 1 token from slot 4
[22:28:41.900] [SEVERE ] player 1 placing token on slot 1
[22:28:41.903] [SEVERE ] setting player 3 freeze to 0
[22:28:41.903] [SEVERE ] setting player 3 freeze to 0
[22:28:41.903] [SEVERE ] setting player 3 freeze to 0
[22:28:41.904] [SEVERE ] setting player 3 freeze to 0
[22:28:41.904] [SEVERE ] removing player 3 token from slot 6
[22:28:41.905] [SEVERE ] player 3 placing token on slot 4
[22:28:41.913] [SEVERE ] setting player 4 freeze to 0
[22:28:41.914] [SEVERE ] setting player 4 freeze to 0
[22:28:41.914] [SEVERE ] setting player 4 freeze to 0
[22:28:41.915] [SEVERE ] setting player 4 freeze to 0
[22:28:41.915] [SEVERE ] removing player 4 token from slot 2
[22:28:41.916] [SEVERE ] player 4 placing token on slot 3
[22:28:41.924] [SEVERE ] setting player 2 freeze to 0
[22:28:41.924] [SEVERE ] setting player 2 freeze to 0
[22:28:41.926] [SEVERE ] setting player 2 freeze to 0
[22:28:41.927] [SEVERE ] setting player 2 freeze to 0
[22:28:41.928] [SEVERE ] removing player 2 token from slot 5
[22:28:41.928] [SEVERE ] player 2 placing token on slot 1
[22:28:41.935] [SEVERE ] setting player 1 freeze to 0
[22:28:41.936] [SEVERE ] setting player 1 freeze to 0
[22:28:41.936] [SEVERE ] setting player 1 freeze to 0
[22:28:41.936] [SEVERE ] setting player 1 freeze to 0
[22:28:41.937] [SEVERE ] removing player 1 token from slot 6
[22:28:41.937] [SEVERE ] removing player 1 token from slot 9
[22:28:41.938] [SEVERE ] player 1 placing token on slot 10
[22:28:41.938] [SEVERE ] removing player 1 token from slot 1
[22:28:41.941] [SEVERE ] player 1 placing token on slot 6
[22:28:41.942] [SEVERE ] player 1 placing token on slot 9
[22:28:41.947] [SEVERE ] setting player 3 freeze to 0
[22:28:41.948] [SEVERE ] setting player 3 freeze to 0
[22:28:41.948] [SEVERE ] setting player 3 freeze to 0
[22:28:41.949] [SEVERE ] setting player 3 freeze to 0
[22:28:41.949] [SEVERE ] removing player 3 token from slot 9
[22:28:41.950] [SEVERE ] player 3 placing token on slot 10
[22:28:41.958] [SEVERE ] setting player 4 freeze to 0
[22:28:41.958] [SEVERE ] setting player 4 freeze to 0
[22:28:41.958] [SEVERE ] setting player 4 freeze to 0
[22:28:41.959] [SEVERE ] setting player 4 freeze to 0
[22:28:41.960] [SEVERE ] removing player 4 token from slot 8
[22:28:41.960] [SEVERE ] player 4 placing token on slot 5
[22:28:41.968] [SEVERE ] setting player 2 freeze to 0
[22:28:41.969] [SEVERE ] setting player 2 freeze to 0
[22:28:41.969] [SEVERE ] setting player 2 freeze to 0
[22:28:41.970] [SEVERE ] setting player 2 freeze to 0
[22:28:41.970] [SEVERE ] removing player 2 token from slot 1
[22:28:41.971] [SEVERE ] removing player 2 token from slot 7
[22:28:41.972] [SEVERE ] player 2 placing token on slot 1
[22:28:41.972] [SEVERE ] player 2 placing token on slot 9
[22:28:41.979] [SEVERE ] setting player 1 freeze to 0
[22:28:41.980] [SEVERE ] setting player 1 freeze to 0
[22:28:41.980] [SEVERE ] setting player 1 freeze to 0
[22:28:41.981] [SEVERE ] setting player 1 freeze to 0
[22:28:41.981] [SEVERE ] removing player 1 token from slot 10
[22:28:41.982] [SEVERE ] player 1 placing token on slot 10
[22:28:41.989] [SEVERE ] updating countdown to 5000
[22:28:41.989] [SEVERE ] setting player 3 score to 1
[22:28:41.990] [SEVERE ] setting player 3 freeze to 0
[22:28:41.991] [SEVERE ] setting player 3 freeze to 0
[22:28:41.991] [SEVERE ] removing player 3 token from slot 11
[22:28:41.992] [SEVERE ] player 3 placing token on slot 2
