[21:13:28.365] [INFO   ] thread main starting.
[21:13:28.373] [SEVERE ] cannot read configuration file config.properties trying from resources.
[21:13:28.378] [SEVERE ] configuration file was loaded from resources directory.
[21:13:28.874] [INFO   ] thread dealer starting.
[21:13:28.875] [INFO   ] Thread dealer starting.
[21:13:28.984] [SEVERE ] placing card 28 in slot 0
[21:13:29.085] [SEVERE ] placing card 59 in slot 1
[21:13:29.186] [SEVERE ] placing card 58 in slot 2
[21:13:29.287] [SEVERE ] placing card 32 in slot 3
[21:13:29.388] [SEVERE ] placing card 38 in slot 4
[21:13:29.489] [SEVERE ] placing card 55 in slot 5
[21:13:29.589] [SEVERE ] placing card 1 in slot 6
[21:13:29.690] [SEVERE ] placing card 16 in slot 7
[21:13:29.791] [SEVERE ] placing card 22 in slot 8
[21:13:29.892] [SEVERE ] placing card 36 in slot 9
[21:13:29.992] [SEVERE ] placing card 33 in slot 10
[21:13:30.093] [SEVERE ] placing card 46 in slot 11
[21:13:30.094] [INFO   ] Thread Thread-1starting.
[21:13:30.094] [INFO   ] Thread Thread-2starting.
[21:13:30.094] [INFO   ] Thread Thread-4starting.
[21:13:30.094] [SEVERE ] updating countdown to 5000
[21:13:30.094] [INFO   ] Thread Thread-3starting.
[21:13:30.100] [INFO   ] Thread computer-1 starting.
[21:13:30.100] [SEVERE ] player 2 placing token on slot 1
[21:13:30.101] [SEVERE ] removing player 2 token from slot 1
[21:13:30.101] [SEVERE ] player 2 placing token on slot 11
[21:13:30.102] [SEVERE ] player 2 placing token on slot 1
[21:13:30.102] [SEVERE ] player 2 placing token on slot 7
[21:13:30.101] [INFO   ] Thread computer-2 starting.
[21:13:30.102] [SEVERE ] player 3 placing token on slot 6
[21:13:30.101] [INFO   ] Thread computer-0 starting.
[21:13:30.102] [SEVERE ] player 1 placing token on slot 8
[21:13:30.101] [INFO   ] Thread computer-3 starting.
[21:13:30.103] [SEVERE ] player 4 placing token on slot 6
[21:13:30.103] [SEVERE ] player 4 placing token on slot 4
[21:13:30.103] [SEVERE ] player 4 placing token on slot 10
[21:13:30.103] [SEVERE ] player 1 placing token on slot 1
[21:13:30.102] [SEVERE ] player 3 placing token on slot 8
[21:13:30.104] [SEVERE ] player 3 placing token on slot 10
[21:13:30.104] [SEVERE ] removing player 1 token from slot 8
[21:13:30.104] [SEVERE ] player 1 placing token on slot 3
[21:13:30.104] [SEVERE ] player 1 placing token on slot 9
[21:13:30.109] [SEVERE ] setting player 2 freeze to 0
[21:13:30.109] [SEVERE ] setting player 2 freeze to 0
[21:13:30.109] [SEVERE ] setting player 2 freeze to 0
[21:13:30.109] [SEVERE ] setting player 2 freeze to 0
[21:13:30.109] [SEVERE ] removing player 2 token from slot 1
[21:13:30.110] [SEVERE ] player 2 placing token on slot 2
[21:13:30.118] [SEVERE ] setting player 4 freeze to 0
[21:13:30.119] [SEVERE ] setting player 4 freeze to 0
[21:13:30.120] [SEVERE ] setting player 4 freeze to 0
[21:13:30.120] [SEVERE ] setting player 4 freeze to 0
[21:13:30.120] [SEVERE ] removing player 4 token from slot 10
[21:13:30.120] [SEVERE ] removing player 4 token from slot 4
[21:13:30.121] [SEVERE ] player 4 placing token on slot 1
[21:13:30.121] [SEVERE ] player 4 placing token on slot 4
[21:13:30.129] [SEVERE ] setting player 3 freeze to 0
[21:13:30.130] [SEVERE ] setting player 3 freeze to 0
[21:13:30.130] [SEVERE ] setting player 3 freeze to 0
[21:13:30.131] [SEVERE ] setting player 3 freeze to 0
[21:13:30.131] [SEVERE ] removing player 3 token from slot 6
[21:13:30.136] [SEVERE ] removing player 3 token from slot 10
[21:13:30.136] [SEVERE ] player 3 placing token on slot 1
[21:13:30.137] [SEVERE ] player 3 placing token on slot 10
[21:13:30.140] [SEVERE ] setting player 1 freeze to 0
[21:13:30.140] [SEVERE ] setting player 1 freeze to 0
[21:13:30.140] [SEVERE ] setting player 1 freeze to 0
[21:13:30.140] [SEVERE ] setting player 1 freeze to 0
[21:13:30.140] [SEVERE ] removing player 1 token from slot 1
[21:13:30.140] [SEVERE ] player 1 placing token on slot 8
[21:13:30.149] [SEVERE ] updating countdown to 5000
[21:13:30.150] [SEVERE ] removing player 2 token from slot 2
[21:13:30.150] [SEVERE ] removing player 2 token from slot 11
[21:13:30.150] [SEVERE ] removing player 2 token from slot 11
[21:13:30.150] [SEVERE ] removing player 2 token from slot 11
[21:13:30.154] [SEVERE ] setting player 2 score to 1
[21:13:30.154] [SEVERE ] setting player 2 freeze to 0
[21:13:30.154] [SEVERE ] setting player 2 freeze to 0
[21:13:30.154] [SEVERE ] removing player 2 token from slot 11
[21:13:30.154] [SEVERE ] player 2 placing token on slot 6
[21:13:30.250] [SEVERE ] removing card from slot 2
[21:13:30.251] [SEVERE ] removing player 2 token from slot 6
[21:13:30.351] [SEVERE ] removing card from slot 6
[21:13:30.351] [SEVERE ] removing player 2 token from slot 7
[21:13:30.451] [SEVERE ] removing card from slot 7
[21:13:30.452] [SEVERE ] removing player 2 token from slot 2
[21:13:30.452] [SEVERE ] removing player 2 token from slot 6
[21:13:30.452] [SEVERE ] removing player 4 token from slot 6
[21:13:30.452] [SEVERE ] removing player 2 token from slot 7
[21:13:30.552] [SEVERE ] placing card 39 in slot 2
[21:13:30.657] [SEVERE ] placing card 73 in slot 6
[21:13:30.757] [SEVERE ] placing card 14 in slot 7
[21:13:30.767] [SEVERE ] setting player 4 freeze to 0
[21:13:30.768] [SEVERE ] setting player 4 freeze to 0
[21:13:30.768] [SEVERE ] setting player 4 freeze to 0
[21:13:30.768] [SEVERE ] setting player 4 freeze to 0
[21:13:30.768] [SEVERE ] removing player 4 token from slot 6
[21:13:30.768] [SEVERE ] player 4 placing token on slot 6
[21:13:30.778] [SEVERE ] setting player 3 freeze to 0
[21:13:30.778] [SEVERE ] setting player 3 freeze to 0
[21:13:30.779] [SEVERE ] setting player 3 freeze to 0
[21:13:30.779] [SEVERE ] setting player 3 freeze to 0
[21:13:30.780] [SEVERE ] removing player 3 token from slot 1
[21:13:30.780] [SEVERE ] removing player 3 token from slot 8
[21:13:30.780] [SEVERE ] player 3 placing token on slot 6
[21:13:30.781] [SEVERE ] player 3 placing token on slot 2
[21:13:30.788] [SEVERE ] setting player 1 freeze to 0
[21:13:30.788] [SEVERE ] setting player 1 freeze to 0
[21:13:30.789] [SEVERE ] setting player 1 freeze to 0
[21:13:30.789] [SEVERE ] setting player 1 freeze to 0
[21:13:30.789] [SEVERE ] removing player 1 token from slot 9
[21:13:30.789] [SEVERE ] player 1 placing token on slot 1
[21:13:30.798] [SEVERE ] updating countdown to 5000
[21:13:30.799] [SEVERE ] setting player 2 score to 2
[21:13:30.800] [SEVERE ] setting player 2 freeze to 0
[21:13:30.801] [SEVERE ] setting player 2 freeze to 0
[21:13:30.801] [SEVERE ] player 2 placing token on slot 9
[21:13:30.802] [SEVERE ] player 2 placing token on slot 5
[21:13:30.802] [SEVERE ] player 2 placing token on slot 6
[21:13:30.900] [SEVERE ] placing card 9 in slot 0
[21:13:31.000] [SEVERE ] placing card 18 in slot 0
[21:13:31.101] [SEVERE ] placing card 23 in slot 0
[21:13:31.111] [SEVERE ] setting player 4 freeze to 0
[21:13:31.111] [SEVERE ] setting player 4 freeze to 0
[21:13:31.111] [SEVERE ] setting player 4 freeze to 0
[21:13:31.111] [SEVERE ] setting player 4 freeze to 0
[21:13:31.112] [SEVERE ] removing player 4 token from slot 4
[21:13:31.112] [SEVERE ] removing player 4 token from slot 1
[21:13:31.112] [SEVERE ] player 4 placing token on slot 10
[21:13:31.112] [SEVERE ] removing player 4 token from slot 6
[21:13:31.112] [SEVERE ] player 4 placing token on slot 9
[21:13:31.112] [SEVERE ] player 4 placing token on slot 6
[21:13:31.121] [SEVERE ] setting player 3 freeze to 0
[21:13:31.122] [SEVERE ] setting player 3 freeze to 0
[21:13:31.122] [SEVERE ] setting player 3 freeze to 0
[21:13:31.123] [SEVERE ] setting player 3 freeze to 0
[21:13:31.123] [SEVERE ] removing player 3 token from slot 2
[21:13:31.124] [SEVERE ] player 3 placing token on slot 3
[21:13:31.132] [SEVERE ] setting player 1 freeze to 0
[21:13:31.132] [SEVERE ] setting player 1 freeze to 0
[21:13:31.133] [SEVERE ] setting player 1 freeze to 0
[21:13:31.133] [SEVERE ] setting player 1 freeze to 0
[21:13:31.133] [SEVERE ] removing player 1 token from slot 8
[21:13:31.134] [SEVERE ] player 1 placing token on slot 10
[21:13:31.142] [SEVERE ] setting player 2 freeze to 0
[21:13:31.142] [SEVERE ] setting player 2 freeze to 0
[21:13:31.143] [SEVERE ] setting player 2 freeze to 0
[21:13:31.144] [SEVERE ] setting player 2 freeze to 0
[21:13:31.145] [SEVERE ] removing player 2 token from slot 5
[21:13:31.145] [SEVERE ] player 2 placing token on slot 5
[21:13:31.152] [SEVERE ] setting player 4 freeze to 0
[21:13:31.152] [SEVERE ] setting player 4 freeze to 0
[21:13:31.153] [SEVERE ] setting player 4 freeze to 0
[21:13:31.154] [SEVERE ] setting player 4 freeze to 0
[21:13:31.154] [SEVERE ] removing player 4 token from slot 9
[21:13:31.155] [SEVERE ] removing player 4 token from slot 6
[21:13:31.155] [SEVERE ] player 4 placing token on slot 8
[21:13:31.155] [SEVERE ] player 4 placing token on slot 4
[21:13:31.163] [SEVERE ] setting player 3 freeze to 0
[21:13:31.163] [SEVERE ] setting player 3 freeze to 0
[21:13:31.163] [SEVERE ] setting player 3 freeze to 0
[21:13:31.164] [SEVERE ] setting player 3 freeze to 0
[21:13:31.164] [SEVERE ] removing player 3 token from slot 3
[21:13:31.164] [SEVERE ] removing player 3 token from slot 6
[21:13:31.165] [SEVERE ] player 3 placing token on slot 11
[21:13:31.165] [SEVERE ] player 3 placing token on slot 1
[21:13:31.173] [SEVERE ] setting player 1 freeze to 0
[21:13:31.173] [SEVERE ] setting player 1 freeze to 0
[21:13:31.174] [SEVERE ] setting player 1 freeze to 0
[21:13:31.174] [SEVERE ] setting player 1 freeze to 0
[21:13:31.175] [SEVERE ] removing player 1 token from slot 10
[21:13:31.175] [SEVERE ] player 1 placing token on slot 9
[21:13:31.184] [SEVERE ] setting player 2 freeze to 0
[21:13:31.184] [SEVERE ] setting player 2 freeze to 0
[21:13:31.184] [SEVERE ] setting player 2 freeze to 0
[21:13:31.185] [SEVERE ] setting player 2 freeze to 0
[21:13:31.185] [SEVERE ] removing player 2 token from slot 5
[21:13:31.186] [SEVERE ] player 2 placing token on slot 1
[21:13:31.194] [SEVERE ] setting player 4 freeze to 0
[21:13:31.194] [SEVERE ] setting player 4 freeze to 0
[21:13:31.195] [SEVERE ] setting player 4 freeze to 0
[21:13:31.195] [SEVERE ] setting player 4 freeze to 0
[21:13:31.196] [SEVERE ] removing player 4 token from slot 10
[21:13:31.196] [SEVERE ] player 4 placing token on slot 9
[21:13:31.204] [SEVERE ] setting player 3 freeze to 0
[21:13:31.205] [SEVERE ] setting player 3 freeze to 0
[21:13:31.205] [SEVERE ] setting player 3 freeze to 0
[21:13:31.206] [SEVERE ] setting player 3 freeze to 0
[21:13:31.206] [SEVERE ] removing player 3 token from slot 1
[21:13:31.207] [SEVERE ] removing player 3 token from slot 10
[21:13:31.207] [SEVERE ] player 3 placing token on slot 2
[21:13:31.208] [SEVERE ] player 3 placing token on slot 4
[21:13:31.214] [SEVERE ] setting player 1 freeze to 0
[21:13:31.215] [SEVERE ] setting player 1 freeze to 0
[21:13:31.215] [SEVERE ] setting player 1 freeze to 0
[21:13:31.216] [SEVERE ] setting player 1 freeze to 0
[21:13:31.216] [SEVERE ] removing player 1 token from slot 3
[21:13:31.217] [SEVERE ] player 1 placing token on slot 10
[21:13:31.225] [SEVERE ] setting player 2 freeze to 0
[21:13:31.225] [SEVERE ] setting player 2 freeze to 0
[21:13:31.226] [SEVERE ] setting player 2 freeze to 0
[21:13:31.226] [SEVERE ] setting player 2 freeze to 0
[21:13:31.227] [SEVERE ] removing player 2 token from slot 6
[21:13:31.227] [SEVERE ] player 2 placing token on slot 4
[21:13:31.235] [SEVERE ] setting player 4 freeze to 0
[21:13:31.235] [SEVERE ] setting player 4 freeze to 0
[21:13:31.236] [SEVERE ] setting player 4 freeze to 0
[21:13:31.236] [SEVERE ] setting player 4 freeze to 0
[21:13:31.237] [SEVERE ] removing player 4 token from slot 9
[21:13:31.237] [SEVERE ] removing player 4 token from slot 8
[21:13:31.238] [SEVERE ] player 4 placing token on slot 6
[21:13:31.239] [SEVERE ] player 4 placing token on slot 7
[21:13:31.245] [SEVERE ] setting player 3 freeze to 0
[21:13:31.245] [SEVERE ] setting player 3 freeze to 0
[21:13:31.246] [SEVERE ] setting player 3 freeze to 0
[21:13:31.246] [SEVERE ] setting player 3 freeze to 0
[21:13:31.247] [SEVERE ] removing player 3 token from slot 11
[21:13:31.247] [SEVERE ] player 3 placing token on slot 3
[21:13:31.257] [SEVERE ] setting player 1 freeze to 0
[21:13:31.257] [SEVERE ] setting player 1 freeze to 0
[21:13:31.257] [SEVERE ] setting player 1 freeze to 0
[21:13:31.258] [SEVERE ] setting player 1 freeze to 0
[21:13:31.258] [SEVERE ] removing player 1 token from slot 9
[21:13:31.259] [SEVERE ] player 1 placing token on slot 5
[21:13:31.267] [SEVERE ] setting player 2 freeze to 0
[21:13:31.267] [SEVERE ] setting player 2 freeze to 0
[21:13:31.268] [SEVERE ] setting player 2 freeze to 0
[21:13:31.268] [SEVERE ] setting player 2 freeze to 0
[21:13:31.268] [SEVERE ] removing player 2 token from slot 4
[21:13:31.269] [SEVERE ] player 2 placing token on slot 8
[21:13:31.277] [SEVERE ] setting player 4 freeze to 0
[21:13:31.277] [SEVERE ] setting player 4 freeze to 0
[21:13:31.278] [SEVERE ] setting player 4 freeze to 0
[21:13:31.278] [SEVERE ] setting player 4 freeze to 0
[21:13:31.279] [SEVERE ] removing player 4 token from slot 7
[21:13:31.279] [SEVERE ] player 4 placing token on slot 11
[21:13:31.287] [SEVERE ] setting player 3 freeze to 0
[21:13:31.288] [SEVERE ] setting player 3 freeze to 0
[21:13:31.288] [SEVERE ] setting player 3 freeze to 0
[21:13:31.289] [SEVERE ] setting player 3 freeze to 0
[21:13:31.290] [SEVERE ] removing player 3 token from slot 2
[21:13:31.290] [SEVERE ] player 3 placing token on slot 1
[21:13:31.298] [SEVERE ] setting player 1 freeze to 0
[21:13:31.298] [SEVERE ] setting player 1 freeze to 0
[21:13:31.299] [SEVERE ] setting player 1 freeze to 0
[21:13:31.299] [SEVERE ] setting player 1 freeze to 0
[21:13:31.300] [SEVERE ] removing player 1 token from slot 10
[21:13:31.300] [SEVERE ] player 1 placing token on slot 4
[21:13:31.308] [SEVERE ] setting player 2 freeze to 0
[21:13:31.308] [SEVERE ] setting player 2 freeze to 0
[21:13:31.309] [SEVERE ] setting player 2 freeze to 0
[21:13:31.309] [SEVERE ] setting player 2 freeze to 0
[21:13:31.310] [SEVERE ] removing player 2 token from slot 9
[21:13:31.310] [SEVERE ] removing player 2 token from slot 1
[21:13:31.311] [SEVERE ] player 2 placing token on slot 1
[21:13:31.311] [SEVERE ] removing player 2 token from slot 8
[21:13:31.311] [SEVERE ] player 2 placing token on slot 2
[21:13:31.312] [SEVERE ] player 2 placing token on slot 9
[21:13:31.318] [SEVERE ] setting player 4 freeze to 0
[21:13:31.319] [SEVERE ] setting player 4 freeze to 0
[21:13:31.319] [SEVERE ] setting player 4 freeze to 0
[21:13:31.320] [SEVERE ] setting player 4 freeze to 0
[21:13:31.321] [SEVERE ] removing player 4 token from slot 11
[21:13:31.321] [SEVERE ] player 4 placing token on slot 2
[21:13:31.330] [SEVERE ] setting player 3 freeze to 0
[21:13:31.330] [SEVERE ] setting player 3 freeze to 0
[21:13:31.330] [SEVERE ] setting player 3 freeze to 0
[21:13:31.331] [SEVERE ] setting player 3 freeze to 0
[21:13:31.331] [SEVERE ] removing player 3 token from slot 3
[21:13:31.332] [SEVERE ] player 3 placing token on slot 10
[21:13:31.340] [SEVERE ] setting player 1 freeze to 0
[21:13:31.340] [SEVERE ] setting player 1 freeze to 0
[21:13:31.340] [SEVERE ] setting player 1 freeze to 0
[21:13:31.341] [SEVERE ] setting player 1 freeze to 0
[21:13:31.341] [SEVERE ] removing player 1 token from slot 5
[21:13:31.342] [SEVERE ] player 1 placing token on slot 9
[21:13:31.350] [SEVERE ] setting player 2 freeze to 0
[21:13:31.350] [SEVERE ] setting player 2 freeze to 0
[21:13:31.351] [SEVERE ] setting player 2 freeze to 0
[21:13:31.351] [SEVERE ] setting player 2 freeze to 0
[21:13:31.352] [SEVERE ] removing player 2 token from slot 9
[21:13:31.352] [SEVERE ] player 2 placing token on slot 4
[21:13:31.360] [SEVERE ] setting player 4 freeze to 0
[21:13:31.361] [SEVERE ] setting player 4 freeze to 0
[21:13:31.361] [SEVERE ] setting player 4 freeze to 0
[21:13:31.362] [SEVERE ] setting player 4 freeze to 0
[21:13:31.362] [SEVERE ] removing player 4 token from slot 4
[21:13:31.363] [SEVERE ] player 4 placing token on slot 5
[21:13:31.371] [SEVERE ] setting player 3 freeze to 0
[21:13:31.371] [SEVERE ] setting player 3 freeze to 0
[21:13:31.371] [SEVERE ] setting player 3 freeze to 0
[21:13:31.372] [SEVERE ] setting player 3 freeze to 0
[21:13:31.372] [SEVERE ] removing player 3 token from slot 10
[21:13:31.373] [SEVERE ] player 3 placing token on slot 7
[21:13:31.381] [SEVERE ] setting player 1 freeze to 0
[21:13:31.381] [SEVERE ] setting player 1 freeze to 0
[21:13:31.382] [SEVERE ] setting player 1 freeze to 0
[21:13:31.382] [SEVERE ] setting player 1 freeze to 0
[21:13:31.383] [SEVERE ] removing player 1 token from slot 9
[21:13:31.383] [SEVERE ] player 1 placing token on slot 3
[21:13:31.392] [SEVERE ] setting player 2 freeze to 0
[21:13:31.392] [SEVERE ] setting player 2 freeze to 0
[21:13:31.392] [SEVERE ] setting player 2 freeze to 0
[21:13:31.393] [SEVERE ] setting player 2 freeze to 0
[21:13:31.393] [SEVERE ] removing player 2 token from slot 1
[21:13:31.394] [SEVERE ] player 2 placing token on slot 7
[21:13:31.402] [SEVERE ] setting player 4 freeze to 0
[21:13:31.402] [SEVERE ] setting player 4 freeze to 0
[21:13:31.402] [SEVERE ] setting player 4 freeze to 0
[21:13:31.403] [SEVERE ] setting player 4 freeze to 0
[21:13:31.403] [SEVERE ] removing player 4 token from slot 2
[21:13:31.404] [SEVERE ] player 4 placing token on slot 9
[21:13:31.412] [SEVERE ] setting player 3 freeze to 0
[21:13:31.412] [SEVERE ] setting player 3 freeze to 0
[21:13:31.413] [SEVERE ] setting player 3 freeze to 0
[21:13:31.413] [SEVERE ] setting player 3 freeze to 0
[21:13:31.414] [SEVERE ] removing player 3 token from slot 1
[21:13:31.414] [SEVERE ] removing player 3 token from slot 4
[21:13:31.414] [SEVERE ] player 3 placing token on slot 9
[21:13:31.415] [SEVERE ] player 3 placing token on slot 2
[21:13:31.423] [SEVERE ] setting player 1 freeze to 0
[21:13:31.423] [SEVERE ] setting player 1 freeze to 0
[21:13:31.424] [SEVERE ] setting player 1 freeze to 0
[21:13:31.424] [SEVERE ] setting player 1 freeze to 0
[21:13:31.425] [SEVERE ] removing player 1 token from slot 4
[21:13:31.425] [SEVERE ] player 1 placing token on slot 11
[21:13:31.434] [SEVERE ] setting player 2 freeze to 0
[21:13:31.434] [SEVERE ] setting player 2 freeze to 0
[21:13:31.434] [SEVERE ] setting player 2 freeze to 0
[21:13:31.435] [SEVERE ] setting player 2 freeze to 0
[21:13:31.435] [SEVERE ] removing player 2 token from slot 4
[21:13:31.436] [SEVERE ] removing player 2 token from slot 2
[21:13:31.436] [SEVERE ] player 2 placing token on slot 3
[21:13:31.436] [SEVERE ] player 2 placing token on slot 8
[21:13:31.444] [SEVERE ] setting player 4 freeze to 0
[21:13:31.444] [SEVERE ] setting player 4 freeze to 0
[21:13:31.449] [SEVERE ] setting player 4 freeze to 0
[21:13:31.449] [SEVERE ] setting player 4 freeze to 0
[21:13:31.449] [SEVERE ] removing player 4 token from slot 9
[21:13:31.450] [SEVERE ] player 4 placing token on slot 11
[21:13:31.454] [SEVERE ] setting player 3 freeze to 0
[21:13:31.454] [SEVERE ] setting player 3 freeze to 0
[21:13:31.455] [SEVERE ] setting player 3 freeze to 0
[21:13:31.455] [SEVERE ] setting player 3 freeze to 0
[21:13:31.456] [SEVERE ] removing player 3 token from slot 7
[21:13:31.456] [SEVERE ] player 3 placing token on slot 6
[21:13:31.464] [SEVERE ] setting player 1 freeze to 0
[21:13:31.465] [SEVERE ] setting player 1 freeze to 0
[21:13:31.465] [SEVERE ] setting player 1 freeze to 0
[21:13:31.466] [SEVERE ] setting player 1 freeze to 0
[21:13:31.466] [SEVERE ] removing player 1 token from slot 11
[21:13:31.466] [SEVERE ] player 1 placing token on slot 7
[21:13:31.475] [SEVERE ] setting player 2 freeze to 0
[21:13:31.477] [SEVERE ] setting player 2 freeze to 0
[21:13:31.477] [SEVERE ] setting player 2 freeze to 0
[21:13:31.477] [SEVERE ] setting player 2 freeze to 0
[21:13:31.478] [SEVERE ] removing player 2 token from slot 7
[21:13:31.478] [SEVERE ] player 2 placing token on slot 1
[21:13:31.485] [SEVERE ] setting player 4 freeze to 0
[21:13:31.485] [SEVERE ] setting player 4 freeze to 0
[21:13:31.486] [SEVERE ] setting player 4 freeze to 0
[21:13:31.486] [SEVERE ] setting player 4 freeze to 0
[21:13:31.487] [SEVERE ] removing player 4 token from slot 5
[21:13:31.487] [SEVERE ] player 4 placing token on slot 2
[21:13:31.495] [SEVERE ] setting player 3 freeze to 0
[21:13:31.496] [SEVERE ] setting player 3 freeze to 0
[21:13:31.496] [SEVERE ] setting player 3 freeze to 0
[21:13:31.497] [SEVERE ] setting player 3 freeze to 0
[21:13:31.497] [SEVERE ] removing player 3 token from slot 2
[21:13:31.498] [SEVERE ] player 3 placing token on slot 8
[21:13:31.506] [SEVERE ] setting player 1 freeze to 0
[21:13:31.506] [SEVERE ] setting player 1 freeze to 0
[21:13:31.507] [SEVERE ] setting player 1 freeze to 0
[21:13:31.507] [SEVERE ] setting player 1 freeze to 0
[21:13:31.507] [SEVERE ] removing player 1 token from slot 1
[21:13:31.508] [SEVERE ] removing player 1 token from slot 7
[21:13:31.508] [SEVERE ] player 1 placing token on slot 5
[21:13:31.509] [SEVERE ] player 1 placing token on slot 7
[21:13:31.516] [SEVERE ] setting player 2 freeze to 0
[21:13:31.516] [SEVERE ] setting player 2 freeze to 0
[21:13:31.517] [SEVERE ] setting player 2 freeze to 0
[21:13:31.517] [SEVERE ] setting player 2 freeze to 0
[21:13:31.518] [SEVERE ] removing player 2 token from slot 8
[21:13:31.518] [SEVERE ] player 2 placing token on slot 6
[21:13:31.527] [SEVERE ] setting player 4 freeze to 0
[21:13:31.527] [SEVERE ] setting player 4 freeze to 0
[21:13:31.528] [SEVERE ] setting player 4 freeze to 0
[21:13:31.528] [SEVERE ] setting player 4 freeze to 0
[21:13:31.529] [SEVERE ] removing player 4 token from slot 11
[21:13:31.529] [SEVERE ] player 4 placing token on slot 1
[21:13:31.537] [SEVERE ] setting player 3 freeze to 0
[21:13:31.537] [SEVERE ] setting player 3 freeze to 0
[21:13:31.537] [SEVERE ] setting player 3 freeze to 0
[21:13:31.538] [SEVERE ] setting player 3 freeze to 0
[21:13:31.538] [SEVERE ] removing player 3 token from slot 6
[21:13:31.539] [SEVERE ] player 3 placing token on slot 3
[21:13:31.547] [SEVERE ] setting player 1 freeze to 0
[21:13:31.547] [SEVERE ] setting player 1 freeze to 0
[21:13:31.548] [SEVERE ] setting player 1 freeze to 0
[21:13:31.548] [SEVERE ] setting player 1 freeze to 0
[21:13:31.548] [SEVERE ] removing player 1 token from slot 5
[21:13:31.549] [SEVERE ] player 1 placing token on slot 6
[21:13:31.558] [SEVERE ] setting player 2 freeze to 0
[21:13:31.558] [SEVERE ] setting player 2 freeze to 0
[21:13:31.558] [SEVERE ] setting player 2 freeze to 0
[21:13:31.558] [SEVERE ] setting player 2 freeze to 0
[21:13:31.559] [SEVERE ] removing player 2 token from slot 1
[21:13:31.559] [SEVERE ] player 2 placing token on slot 7
[21:13:31.568] [SEVERE ] setting player 4 freeze to 0
[21:13:31.568] [SEVERE ] setting player 4 freeze to 0
[21:13:31.568] [SEVERE ] setting player 4 freeze to 0
[21:13:31.569] [SEVERE ] setting player 4 freeze to 0
[21:13:31.569] [SEVERE ] removing player 4 token from slot 6
[21:13:31.570] [SEVERE ] player 4 placing token on slot 3
[21:13:31.578] [SEVERE ] setting player 3 freeze to 0
[21:13:31.578] [SEVERE ] setting player 3 freeze to 0
[21:13:31.579] [SEVERE ] setting player 3 freeze to 0
[21:13:31.579] [SEVERE ] setting player 3 freeze to 0
[21:13:31.580] [SEVERE ] removing player 3 token from slot 9
[21:13:31.580] [SEVERE ] player 3 placing token on slot 7
[21:13:31.588] [SEVERE ] setting player 1 freeze to 0
[21:13:31.588] [SEVERE ] setting player 1 freeze to 0
[21:13:31.590] [SEVERE ] setting player 1 freeze to 0
[21:13:31.590] [SEVERE ] setting player 1 freeze to 0
[21:13:31.591] [SEVERE ] removing player 1 token from slot 7
[21:13:31.591] [SEVERE ] player 1 placing token on slot 7
[21:13:31.599] [SEVERE ] setting player 2 freeze to 0
[21:13:31.599] [SEVERE ] setting player 2 freeze to 0
[21:13:31.600] [SEVERE ] setting player 2 freeze to 0
[21:13:31.600] [SEVERE ] setting player 2 freeze to 0
[21:13:31.601] [SEVERE ] removing player 2 token from slot 3
[21:13:31.602] [SEVERE ] player 2 placing token on slot 2
[21:13:31.610] [SEVERE ] setting player 4 freeze to 0
[21:13:31.610] [SEVERE ] setting player 4 freeze to 0
[21:13:31.610] [SEVERE ] setting player 4 freeze to 0
[21:13:31.611] [SEVERE ] setting player 4 freeze to 0
[21:13:31.612] [SEVERE ] removing player 4 token from slot 2
[21:13:31.613] [SEVERE ] player 4 placing token on slot 10
[21:13:31.620] [SEVERE ] setting player 3 freeze to 0
[21:13:31.620] [SEVERE ] setting player 3 freeze to 0
[21:13:31.621] [SEVERE ] setting player 3 freeze to 0
[21:13:31.621] [SEVERE ] setting player 3 freeze to 0
[21:13:31.621] [SEVERE ] removing player 3 token from slot 8
[21:13:31.622] [SEVERE ] player 3 placing token on slot 10
[21:13:31.630] [SEVERE ] setting player 1 freeze to 0
[21:13:31.634] [SEVERE ] setting player 1 freeze to 0
[21:13:31.634] [SEVERE ] setting player 1 freeze to 0
[21:13:31.634] [SEVERE ] setting player 1 freeze to 0
[21:13:31.635] [SEVERE ] removing player 1 token from slot 6
[21:13:31.635] [SEVERE ] player 1 placing token on slot 1
[21:13:31.640] [SEVERE ] setting player 2 freeze to 0
[21:13:31.641] [SEVERE ] setting player 2 freeze to 0
[21:13:31.641] [SEVERE ] setting player 2 freeze to 0
[21:13:31.641] [SEVERE ] setting player 2 freeze to 0
[21:13:31.642] [SEVERE ] removing player 2 token from slot 6
[21:13:31.642] [SEVERE ] player 2 placing token on slot 6
[21:13:31.651] [SEVERE ] setting player 4 freeze to 0
[21:13:31.651] [SEVERE ] setting player 4 freeze to 0
[21:13:31.651] [SEVERE ] setting player 4 freeze to 0
[21:13:31.652] [SEVERE ] setting player 4 freeze to 0
[21:13:31.652] [SEVERE ] removing player 4 token from slot 1
[21:13:31.653] [SEVERE ] player 4 placing token on slot 4
[21:13:31.661] [SEVERE ] setting player 3 freeze to 0
[21:13:31.661] [SEVERE ] setting player 3 freeze to 0
[21:13:31.661] [SEVERE ] setting player 3 freeze to 0
[21:13:31.662] [SEVERE ] setting player 3 freeze to 0
[21:13:31.662] [SEVERE ] removing player 3 token from slot 3
[21:13:31.663] [SEVERE ] player 3 placing token on slot 6
[21:13:31.671] [SEVERE ] setting player 1 freeze to 0
[21:13:31.671] [SEVERE ] setting player 1 freeze to 0
[21:13:31.672] [SEVERE ] setting player 1 freeze to 0
[21:13:31.673] [SEVERE ] setting player 1 freeze to 0
[21:13:31.673] [SEVERE ] removing player 1 token from slot 1
[21:13:31.674] [SEVERE ] player 1 placing token on slot 10
[21:13:31.682] [SEVERE ] setting player 2 freeze to 0
[21:13:31.682] [SEVERE ] setting player 2 freeze to 0
[21:13:31.683] [SEVERE ] setting player 2 freeze to 0
[21:13:31.683] [SEVERE ] setting player 2 freeze to 0
[21:13:31.684] [SEVERE ] removing player 2 token from slot 6
[21:13:31.685] [SEVERE ] removing player 2 token from slot 7
[21:13:31.685] [SEVERE ] player 2 placing token on slot 1
[21:13:31.685] [SEVERE ] removing player 2 token from slot 1
[21:13:31.686] [SEVERE ] player 2 placing token on slot 8
[21:13:31.686] [SEVERE ] player 2 placing token on slot 10
[21:13:31.692] [SEVERE ] setting player 4 freeze to 0
[21:13:31.692] [SEVERE ] setting player 4 freeze to 0
[21:13:31.692] [SEVERE ] setting player 4 freeze to 0
[21:13:31.693] [SEVERE ] setting player 4 freeze to 0
[21:13:31.693] [SEVERE ] removing player 4 token from slot 4
[21:13:31.694] [SEVERE ] player 4 placing token on slot 7
[21:13:31.702] [SEVERE ] updating countdown to 5000
[21:13:31.702] [SEVERE ] removing player 3 token from slot 6
[21:13:31.702] [SEVERE ] removing player 3 token from slot 7
[21:13:31.703] [SEVERE ] removing player 3 token from slot 7
[21:13:31.704] [SEVERE ] removing player 3 token from slot 7
[21:13:31.704] [SEVERE ] setting player 3 score to 1
[21:13:31.705] [SEVERE ] setting player 3 freeze to 0
[21:13:31.705] [SEVERE ] setting player 3 freeze to 0
[21:13:31.706] [SEVERE ] removing player 3 token from slot 6
[21:13:31.706] [SEVERE ] player 3 placing token on slot 11
[21:13:31.803] [SEVERE ] removing card from slot 6
[21:13:31.803] [SEVERE ] removing player 3 token from slot 7
[21:13:31.903] [SEVERE ] removing card from slot 7
[21:13:31.903] [SEVERE ] removing player 3 token from slot 10
[21:13:32.004] [SEVERE ] removing card from slot 10
[21:13:32.004] [SEVERE ] removing player 3 token from slot 11
[21:13:32.104] [SEVERE ] removing card from slot 11
[21:13:32.105] [SEVERE ] removing player 1 token from slot 7
[21:13:32.106] [SEVERE ] removing player 3 token from slot 7
[21:13:32.106] [SEVERE ] removing player 4 token from slot 7
[21:13:32.106] [SEVERE ] removing player 1 token from slot 10
[21:13:32.106] [SEVERE ] removing player 2 token from slot 10
[21:13:32.106] [SEVERE ] removing player 3 token from slot 10
[21:13:32.106] [SEVERE ] removing player 4 token from slot 10
[21:13:32.107] [INFO   ] thread dealer terminated.
