[17:58:35.042] [INFO   ] thread main starting.
[17:58:35.048] [SEVERE ] cannot read configuration file config.properties trying from resources.
[17:58:35.050] [SEVERE ] configuration file was loaded from resources directory.
[17:58:35.437] [INFO   ] thread dealer starting.
[17:58:35.438] [INFO   ] Thread dealer starting.
[17:58:35.544] [SEVERE ] placing card 51 in slot 0
[17:58:35.645] [SEVERE ] placing card 36 in slot 1
[17:58:35.746] [SEVERE ] placing card 21 in slot 2
[17:58:35.846] [SEVERE ] placing card 9 in slot 3
[17:58:35.947] [SEVERE ] placing card 67 in slot 4
[17:58:36.048] [SEVERE ] placing card 42 in slot 5
[17:58:36.149] [SEVERE ] placing card 0 in slot 6
[17:58:36.250] [SEVERE ] placing card 46 in slot 7
[17:58:36.351] [SEVERE ] placing card 29 in slot 8
[17:58:36.452] [SEVERE ] placing card 41 in slot 9
[17:58:36.553] [SEVERE ] placing card 54 in slot 10
[17:58:36.654] [SEVERE ] placing card 72 in slot 11
[17:58:36.656] [INFO   ] Thread Thread-1starting.
[17:58:36.656] [INFO   ] Thread Thread-3starting.
[17:58:36.656] [INFO   ] Thread Thread-2starting.
[17:58:36.658] [INFO   ] Thread computer-2 starting.
[17:58:36.657] [INFO   ] Thread computer-0 starting.
[17:58:36.656] [INFO   ] Thread Thread-4starting.
[17:58:36.656] [SEVERE ] updating countdown to 15000
[17:58:36.660] [SEVERE ] player 3 placing token on slot 9
[17:58:36.660] [SEVERE ] player 1 placing token on slot 11
[17:58:36.664] [INFO   ] Thread computer-1 starting.
[17:58:36.667] [SEVERE ] player 2 placing token on slot 7
[17:58:36.668] [SEVERE ] player 1 placing token on slot 1
[17:58:36.668] [SEVERE ] player 2 placing token on slot 11
[17:58:36.667] [SEVERE ] player 3 placing token on slot 4
[17:58:36.669] [SEVERE ] player 2 placing token on slot 8
[17:58:36.669] [SEVERE ] removing player 1 token from slot 11
[17:58:36.671] [SEVERE ] player 1 placing token on slot 6
[17:58:36.672] [SEVERE ] removing player 1 token from slot 1
[17:58:36.673] [SEVERE ] player 1 placing token on slot 4
[17:58:36.674] [SEVERE ] player 1 placing token on slot 8
[17:58:36.670] [SEVERE ] player 3 placing token on slot 3
[17:58:36.681] [INFO   ] Thread computer-3 starting.
[17:58:36.681] [SEVERE ] player 4 placing token on slot 7
[17:58:36.681] [SEVERE ] removing player 4 token from slot 7
[17:58:36.682] [SEVERE ] player 4 placing token on slot 11
[17:58:36.682] [SEVERE ] player 4 placing token on slot 3
[17:58:36.682] [SEVERE ] player 4 placing token on slot 5
[17:58:37.664] [SEVERE ] updating countdown to 13992
[17:58:37.664] [SEVERE ] setting player 2 freeze to 3000
[17:58:38.665] [SEVERE ] updating countdown to 12991
[17:58:38.665] [SEVERE ] setting player 1 freeze to 3000
[17:58:38.667] [SEVERE ] setting player 2 freeze to 2000
[17:58:39.665] [SEVERE ] updating countdown to 11991
[17:58:39.665] [SEVERE ] setting player 3 freeze to 3000
[17:58:39.666] [SEVERE ] setting player 1 freeze to 2000
[17:58:39.667] [SEVERE ] setting player 2 freeze to 1000
[17:58:40.666] [SEVERE ] updating countdown to 10990
[17:58:40.666] [SEVERE ] setting player 3 freeze to 2000
[17:58:40.668] [SEVERE ] setting player 2 freeze to 0
[17:58:40.667] [SEVERE ] setting player 4 freeze to 3000
[17:58:40.667] [SEVERE ] setting player 1 freeze to 1000
[17:58:40.670] [SEVERE ] removing player 2 token from slot 7
[17:58:40.672] [SEVERE ] player 2 placing token on slot 2
[17:58:41.666] [SEVERE ] updating countdown to 9990
[17:58:41.670] [SEVERE ] setting player 3 freeze to 1000
[17:58:41.671] [SEVERE ] setting player 4 freeze to 2000
[17:58:41.671] [SEVERE ] setting player 1 freeze to 0
[17:58:41.672] [SEVERE ] removing player 1 token from slot 4
[17:58:41.673] [SEVERE ] player 1 placing token on slot 9
[17:58:41.666] [SEVERE ] setting player 2 freeze to 3000
[17:58:42.667] [SEVERE ] updating countdown to 8989
[17:58:42.667] [SEVERE ] setting player 1 freeze to 3000
[17:58:42.670] [SEVERE ] setting player 3 freeze to 0
[17:58:42.670] [SEVERE ] removing player 3 token from slot 4
[17:58:42.671] [SEVERE ] player 3 placing token on slot 2
[17:58:42.671] [SEVERE ] setting player 4 freeze to 1000
[17:58:42.676] [SEVERE ] setting player 2 freeze to 2000
[17:58:43.667] [SEVERE ] setting player 3 freeze to 3000
[17:58:43.667] [SEVERE ] updating countdown to 7989
[17:58:43.670] [SEVERE ] setting player 1 freeze to 2000
[17:58:43.672] [SEVERE ] setting player 4 freeze to 0
[17:58:43.672] [SEVERE ] removing player 4 token from slot 5
[17:58:43.672] [SEVERE ] removing player 4 token from slot 11
[17:58:43.673] [SEVERE ] player 4 placing token on slot 8
[17:58:43.673] [SEVERE ] player 4 placing token on slot 11
[17:58:43.678] [SEVERE ] setting player 2 freeze to 1000
[17:58:44.668] [SEVERE ] setting player 3 freeze to 2000
[17:58:44.668] [SEVERE ] setting player 4 freeze to 3000
[17:58:44.668] [SEVERE ] updating countdown to 6988
[17:58:44.671] [SEVERE ] setting player 1 freeze to 1000
[17:58:44.678] [SEVERE ] setting player 2 freeze to 0
[17:58:44.678] [SEVERE ] removing player 2 token from slot 2
[17:58:44.679] [SEVERE ] player 2 placing token on slot 7
[17:58:45.668] [SEVERE ] setting player 3 freeze to 1000
[17:58:45.669] [SEVERE ] setting player 4 freeze to 2000
[17:58:45.670] [SEVERE ] setting player 2 freeze to 3000
[17:58:45.670] [SEVERE ] updating countdown to 5986
[17:58:45.671] [SEVERE ] setting player 1 freeze to 0
[17:58:45.671] [SEVERE ] removing player 1 token from slot 9
[17:58:45.671] [SEVERE ] player 1 placing token on slot 5
[17:58:46.669] [SEVERE ] setting player 3 freeze to 0
[17:58:46.669] [SEVERE ] removing player 3 token from slot 3
[17:58:46.669] [SEVERE ] player 3 placing token on slot 7
[17:58:46.670] [SEVERE ] setting player 4 freeze to 1000
[17:58:46.670] [SEVERE ] setting player 2 freeze to 2000
[17:58:46.671] [SEVERE ] setting player 1 freeze to 3000
[17:58:46.682] [SEVERE ] setting player 3 freeze to 3000
[17:58:47.670] [SEVERE ] setting player 4 freeze to 0
[17:58:47.670] [SEVERE ] removing player 4 token from slot 8
[17:58:47.671] [SEVERE ] setting player 2 freeze to 1000
[17:58:47.671] [SEVERE ] setting player 1 freeze to 2000
[17:58:47.671] [SEVERE ] player 4 placing token on slot 8
[17:58:47.676] [SEVERE ] setting player 4 freeze to 3000
[17:58:47.683] [SEVERE ] setting player 3 freeze to 2000
[17:58:48.671] [SEVERE ] setting player 2 freeze to 0
[17:58:48.672] [SEVERE ] removing player 2 token from slot 8
[17:58:48.672] [SEVERE ] removing player 2 token from slot 7
[17:58:48.672] [SEVERE ] player 2 placing token on slot 5
[17:58:48.672] [SEVERE ] player 2 placing token on slot 6
[17:58:48.672] [SEVERE ] setting player 2 freeze to 3000
[17:58:48.673] [SEVERE ] setting player 1 freeze to 1000
[17:58:48.676] [SEVERE ] setting player 4 freeze to 2000
[17:58:48.683] [SEVERE ] setting player 3 freeze to 1000
[17:58:49.673] [SEVERE ] setting player 2 freeze to 2000
[17:58:49.674] [SEVERE ] setting player 1 freeze to 0
[17:58:49.674] [SEVERE ] removing player 1 token from slot 5
[17:58:49.674] [SEVERE ] player 1 placing token on slot 7
[17:58:49.676] [SEVERE ] setting player 1 freeze to 3000
[17:58:49.677] [SEVERE ] setting player 4 freeze to 1000
[17:58:49.684] [SEVERE ] setting player 3 freeze to 0
[17:58:49.684] [SEVERE ] removing player 3 token from slot 9
[17:58:49.684] [SEVERE ] player 3 placing token on slot 9
[17:58:49.686] [SEVERE ] setting player 3 freeze to 3000
[17:58:50.673] [SEVERE ] setting player 2 freeze to 1000
[17:58:50.676] [SEVERE ] setting player 1 freeze to 2000
[17:58:50.677] [SEVERE ] setting player 4 freeze to 0
[17:58:50.678] [SEVERE ] removing player 4 token from slot 8
[17:58:50.678] [SEVERE ] player 4 placing token on slot 5
[17:58:50.687] [SEVERE ] setting player 3 freeze to 2000
[17:58:50.688] [SEVERE ] setting player 4 freeze to 3000
[17:58:51.662] [SEVERE ] updating countdown to 15000
[17:58:51.662] [SEVERE ] updating countdown to 15000
[17:58:51.673] [SEVERE ] setting player 2 freeze to 0
[17:58:51.674] [SEVERE ] removing player 2 token from slot 5
[17:58:51.674] [SEVERE ] player 2 placing token on slot 2
[17:58:51.676] [SEVERE ] setting player 1 freeze to 1000
[17:58:51.687] [SEVERE ] setting player 3 freeze to 1000
[17:58:51.688] [SEVERE ] setting player 4 freeze to 2000
[17:58:51.763] [SEVERE ] removing card from slot 0
[17:58:51.863] [SEVERE ] removing card from slot 1
[17:58:51.963] [SEVERE ] removing card from slot 2
[17:58:52.063] [SEVERE ] removing card from slot 3
[17:58:52.164] [SEVERE ] removing card from slot 4
[17:58:52.264] [SEVERE ] removing card from slot 5
[17:58:52.364] [SEVERE ] removing card from slot 6
[17:58:52.465] [SEVERE ] removing card from slot 7
[17:58:52.565] [SEVERE ] removing card from slot 8
[17:58:52.665] [SEVERE ] removing card from slot 9
[17:58:52.676] [SEVERE ] setting player 1 freeze to 0
[17:58:52.677] [SEVERE ] removing player 1 token from slot 8
[17:58:52.677] [SEVERE ] player 1 placing token on slot 4
[17:58:52.688] [SEVERE ] setting player 3 freeze to 0
[17:58:52.688] [SEVERE ] removing player 3 token from slot 9
[17:58:52.688] [SEVERE ] player 3 placing token on slot 10
[17:58:52.689] [SEVERE ] setting player 4 freeze to 1000
[17:58:52.765] [SEVERE ] removing card from slot 10
[17:58:52.866] [SEVERE ] removing card from slot 11
[17:58:52.866] [SEVERE ] removing all tokens
[17:58:52.966] [SEVERE ] placing card 47 in slot 0
[17:58:53.066] [SEVERE ] placing card 77 in slot 1
[17:58:53.167] [SEVERE ] placing card 17 in slot 2
[17:58:53.267] [SEVERE ] placing card 16 in slot 3
[17:58:53.368] [SEVERE ] placing card 49 in slot 4
[17:58:53.468] [SEVERE ] placing card 68 in slot 5
[17:58:53.568] [SEVERE ] placing card 11 in slot 6
[17:58:53.669] [SEVERE ] placing card 3 in slot 7
[17:58:53.689] [SEVERE ] setting player 4 freeze to 0
[17:58:53.689] [SEVERE ] player 4 placing token on slot 10
[17:58:53.689] [SEVERE ] player 4 placing token on slot 9
[17:58:53.689] [SEVERE ] removing player 4 token from slot 9
[17:58:53.689] [SEVERE ] player 4 placing token on slot 5
[17:58:53.689] [SEVERE ] player 4 placing token on slot 3
[17:58:53.769] [SEVERE ] placing card 63 in slot 8
[17:58:53.869] [SEVERE ] placing card 40 in slot 9
[17:58:53.969] [SEVERE ] placing card 71 in slot 10
[17:58:54.070] [SEVERE ] placing card 25 in slot 11
[17:58:54.070] [INFO   ] Thread Thread-5starting.
[17:58:54.071] [INFO   ] Thread Thread-6starting.
[17:58:54.081] [SEVERE ] updating countdown to 15000
[17:58:54.081] [INFO   ] Thread Thread-8starting.
[17:58:54.082] [INFO   ] Thread Thread-7starting.
[17:58:54.098] [INFO   ] Thread computer-2 starting.
[17:58:54.099] [SEVERE ] player 3 placing token on slot 6
[17:58:54.099] [SEVERE ] player 3 placing token on slot 7
[17:58:54.099] [SEVERE ] removing player 3 token from slot 6
[17:58:54.099] [SEVERE ] player 3 placing token on slot 2
[17:58:54.099] [SEVERE ] player 3 placing token on slot 10
[17:58:54.100] [INFO   ] Thread computer-0 starting.
[17:58:54.100] [SEVERE ] player 1 placing token on slot 8
[17:58:54.100] [SEVERE ] player 1 placing token on slot 10
[17:58:54.100] [SEVERE ] player 1 placing token on slot 2
[17:58:54.101] [INFO   ] Thread computer-3 starting.
[17:58:54.101] [SEVERE ] removing player 4 token from slot 3
[17:58:54.102] [SEVERE ] player 4 placing token on slot 3
[17:58:54.117] [INFO   ] Thread computer-1 starting.
[17:58:54.117] [SEVERE ] player 2 placing token on slot 2
[17:58:54.117] [SEVERE ] player 2 placing token on slot 8
[17:58:54.117] [SEVERE ] player 2 placing token on slot 10
[17:58:55.081] [SEVERE ] setting player 2 freeze to 3000
[17:58:55.085] [SEVERE ] setting player 2 freeze to 3000
[17:58:55.081] [SEVERE ] updating countdown to 14000
[17:58:56.085] [SEVERE ] setting player 2 freeze to 2000
[17:58:56.101] [SEVERE ] updating countdown to 12980
[17:58:56.101] [SEVERE ] setting player 2 freeze to 2000
[17:58:56.101] [SEVERE ] setting player 1 freeze to 3000
[17:58:56.101] [SEVERE ] setting player 1 freeze to 3000
[17:58:57.086] [SEVERE ] setting player 2 freeze to 1000
[17:58:57.101] [SEVERE ] updating countdown to 11980
[17:58:57.103] [SEVERE ] setting player 1 freeze to 2000
[17:58:57.104] [SEVERE ] setting player 2 freeze to 1000
[17:58:57.105] [SEVERE ] setting player 3 freeze to 3000
[17:58:57.106] [SEVERE ] setting player 1 freeze to 2000
[17:58:57.114] [SEVERE ] setting player 3 freeze to 3000
[17:58:58.086] [SEVERE ] setting player 2 freeze to 0
[17:58:58.087] [SEVERE ] removing player 2 token from slot 2
[17:58:58.087] [SEVERE ] player 2 placing token on slot 9
[17:58:58.102] [SEVERE ] updating countdown to 10979
[17:58:58.102] [SEVERE ] setting player 4 freeze to 3000
[17:58:58.102] [SEVERE ] setting player 4 freeze to 3000
[17:58:58.104] [SEVERE ] setting player 1 freeze to 1000
[17:58:58.104] [SEVERE ] setting player 2 freeze to 0
[17:58:58.106] [SEVERE ] setting player 3 freeze to 2000
[17:58:58.106] [SEVERE ] setting player 1 freeze to 1000
[17:58:58.114] [SEVERE ] setting player 3 freeze to 2000
[17:58:59.102] [SEVERE ] updating countdown to 9979
[17:58:59.102] [SEVERE ] setting player 4 freeze to 2000
[17:58:59.104] [SEVERE ] setting player 1 freeze to 0
[17:58:59.106] [SEVERE ] setting player 4 freeze to 2000
[17:58:59.107] [SEVERE ] setting player 3 freeze to 1000
[17:58:59.107] [SEVERE ] setting player 1 freeze to 0
[17:58:59.114] [SEVERE ] setting player 3 freeze to 1000
[17:58:59.121] [SEVERE ] removing player 1 token from slot 8
[17:58:59.121] [SEVERE ] player 1 placing token on slot 6
[17:59:00.102] [SEVERE ] updating countdown to 8979
[17:59:00.102] [SEVERE ] setting player 1 freeze to 3000
[17:59:00.102] [SEVERE ] setting player 4 freeze to 1000
[17:59:00.102] [SEVERE ] setting player 1 freeze to 3000
[17:59:00.106] [SEVERE ] setting player 4 freeze to 1000
[17:59:00.107] [SEVERE ] setting player 3 freeze to 0
[17:59:00.107] [SEVERE ] removing player 3 token from slot 7
[17:59:00.108] [SEVERE ] player 3 placing token on slot 8
[17:59:00.110] [SEVERE ] removing player 3 token from slot 2
[17:59:00.111] [SEVERE ] removing player 3 token from slot 10
[17:59:00.111] [SEVERE ] player 3 placing token on slot 1
[17:59:00.112] [SEVERE ] player 3 placing token on slot 6
[17:59:00.115] [SEVERE ] setting player 3 freeze to 0
[17:59:01.102] [SEVERE ] updating countdown to 7979
[17:59:01.106] [SEVERE ] setting player 1 freeze to 2000
[17:59:01.106] [SEVERE ] setting player 1 freeze to 2000
[17:59:01.107] [SEVERE ] setting player 4 freeze to 0
[17:59:01.107] [SEVERE ] removing player 4 token from slot 5
[17:59:01.106] [SEVERE ] setting player 4 freeze to 0
[17:59:01.111] [SEVERE ] player 4 placing token on slot 1
[17:59:01.125] [SEVERE ] removing player 4 token from slot 1
[17:59:01.126] [SEVERE ] player 4 placing token on slot 5
[17:59:02.103] [SEVERE ] updating countdown to 6978
[17:59:02.103] [SEVERE ] setting player 2 freeze to 3000
[17:59:02.106] [SEVERE ] setting player 1 freeze to 1000
[17:59:02.107] [SEVERE ] setting player 1 freeze to 1000
[17:59:02.113] [SEVERE ] setting player 2 freeze to 3000
[17:59:03.103] [SEVERE ] updating countdown to 5978
[17:59:03.105] [SEVERE ] setting player 2 freeze to 2000
[17:59:03.106] [SEVERE ] setting player 1 freeze to 0
[17:59:03.107] [SEVERE ] removing player 1 token from slot 2
[17:59:03.107] [SEVERE ] setting player 1 freeze to 0
[17:59:03.107] [SEVERE ] removing player 1 token from slot 10
[17:59:03.110] [SEVERE ] player 1 placing token on slot 10
[17:59:03.111] [SEVERE ] removing player 1 token from slot 6
[17:59:03.113] [SEVERE ] setting player 2 freeze to 2000
[17:59:03.119] [SEVERE ] player 1 placing token on slot 11
[17:59:03.120] [SEVERE ] removing player 1 token from slot 10
[17:59:03.120] [SEVERE ] removing player 1 token from slot 11
[17:59:03.121] [SEVERE ] player 1 placing token on slot 6
[17:59:03.121] [SEVERE ] removing player 1 token from slot 6
[17:59:03.122] [SEVERE ] player 1 placing token on slot 7
[17:59:03.122] [SEVERE ] player 1 placing token on slot 9
[17:59:03.123] [SEVERE ] removing player 1 token from slot 9
[17:59:03.123] [SEVERE ] player 1 placing token on slot 11
[17:59:03.124] [SEVERE ] player 1 placing token on slot 4
[17:59:04.103] [SEVERE ] setting player 1 freeze to 3000
[17:59:04.105] [SEVERE ] setting player 2 freeze to 1000
[17:59:04.103] [SEVERE ] setting player 1 freeze to 3000
[17:59:04.114] [SEVERE ] setting player 3 freeze to 3000
[17:59:04.115] [SEVERE ] setting player 2 freeze to 1000
[17:59:04.114] [SEVERE ] setting player 3 freeze to 3000
[17:59:04.134] [SEVERE ] setting player 4 freeze to 3000
[17:59:04.134] [SEVERE ] setting player 4 freeze to 3000
