[18:20:16.821] [INFO   ] thread main starting.
[18:20:16.827] [SEVERE ] cannot read configuration file config.properties trying from resources.
[18:20:16.828] [SEVERE ] configuration file was loaded from resources directory.
[18:20:17.246] [INFO   ] thread dealer starting.
[18:20:17.246] [INFO   ] Thread dealer starting.
[18:20:17.354] [SEVERE ] placing card 16 in slot 0
[18:20:17.455] [SEVERE ] placing card 47 in slot 1
[18:20:17.556] [SEVERE ] placing card 20 in slot 2
[18:20:17.657] [SEVERE ] placing card 15 in slot 3
[18:20:17.758] [SEVERE ] placing card 0 in slot 4
[18:20:17.859] [SEVERE ] placing card 67 in slot 5
[18:20:17.961] [SEVERE ] placing card 68 in slot 6
[18:20:18.061] [SEVERE ] placing card 10 in slot 7
[18:20:18.162] [SEVERE ] placing card 44 in slot 8
[18:20:18.263] [SEVERE ] placing card 49 in slot 9
[18:20:18.364] [SEVERE ] placing card 11 in slot 10
[18:20:18.465] [SEVERE ] placing card 60 in slot 11
[18:20:18.467] [INFO   ] Thread Thread-1starting.
[18:20:18.468] [INFO   ] Thread Thread-3starting.
[18:20:18.468] [INFO   ] Thread Thread-2starting.
[18:20:18.471] [SEVERE ] updating countdown to 5000
[18:20:18.480] [INFO   ] Thread Thread-4starting.
[18:20:18.490] [INFO   ] Thread computer-0 starting.
[18:20:18.500] [INFO   ] Thread computer-1 starting.
[18:20:18.501] [SEVERE ] player 1 placing token on slot 5
[18:20:18.502] [SEVERE ] player 1 placing token on slot 2
[18:20:18.502] [SEVERE ] player 1 placing token on slot 8
[18:20:18.503] [SEVERE ] player 2 placing token on slot 5
[18:20:18.503] [SEVERE ] player 2 placing token on slot 4
[18:20:18.509] [SEVERE ] player 2 placing token on slot 7
[18:20:18.513] [INFO   ] Thread computer-3 starting.
[18:20:18.513] [SEVERE ] player 4 placing token on slot 3
[18:20:18.521] [SEVERE ] player 4 placing token on slot 8
[18:20:18.521] [INFO   ] Thread computer-2 starting.
[18:20:18.522] [SEVERE ] player 3 placing token on slot 7
[18:20:18.531] [SEVERE ] player 3 placing token on slot 9
[18:20:18.531] [SEVERE ] removing player 3 token from slot 7
[18:20:18.531] [SEVERE ] removing player 3 token from slot 9
[18:20:18.531] [SEVERE ] player 3 placing token on slot 9
[18:20:18.531] [SEVERE ] player 3 placing token on slot 10
[18:20:18.531] [SEVERE ] removing player 3 token from slot 10
[18:20:18.532] [SEVERE ] player 3 placing token on slot 1
[18:20:18.532] [SEVERE ] player 3 placing token on slot 4
[18:20:18.521] [SEVERE ] setting player 1 freeze to 0
[18:20:18.521] [SEVERE ] player 4 placing token on slot 10
[18:20:18.533] [SEVERE ] setting player 2 freeze to 0
[18:20:18.533] [SEVERE ] setting player 1 freeze to 0
[18:20:18.534] [SEVERE ] setting player 2 freeze to 0
[18:20:18.534] [SEVERE ] setting player 1 freeze to 0
[18:20:18.535] [SEVERE ] setting player 2 freeze to 0
[18:20:18.536] [SEVERE ] setting player 2 freeze to 0
[18:20:18.536] [SEVERE ] removing player 2 token from slot 4
[18:20:18.535] [SEVERE ] setting player 1 freeze to 0
[18:20:18.537] [SEVERE ] player 2 placing token on slot 4
[18:20:18.546] [SEVERE ] setting player 3 freeze to 0
[18:20:18.552] [SEVERE ] setting player 3 freeze to 0
[18:20:18.553] [SEVERE ] setting player 3 freeze to 0
[18:20:18.553] [SEVERE ] setting player 4 freeze to 0
[18:20:18.554] [SEVERE ] setting player 3 freeze to 0
[18:20:18.557] [SEVERE ] removing player 3 token from slot 4
[18:20:18.557] [SEVERE ] player 3 placing token on slot 8
[18:20:18.561] [SEVERE ] setting player 2 freeze to 0
[18:20:18.563] [SEVERE ] setting player 2 freeze to 0
[18:20:18.563] [SEVERE ] setting player 2 freeze to 0
[18:20:18.567] [SEVERE ] setting player 2 freeze to 0
[18:20:18.568] [SEVERE ] removing player 2 token from slot 4
[18:20:18.554] [SEVERE ] setting player 4 freeze to 0
[18:20:18.569] [SEVERE ] player 2 placing token on slot 11
[18:20:18.557] [SEVERE ] removing player 1 token from slot 5
[18:20:18.570] [SEVERE ] player 1 placing token on slot 10
[18:20:18.572] [SEVERE ] setting player 4 freeze to 0
[18:20:18.572] [SEVERE ] setting player 4 freeze to 0
[18:20:18.573] [SEVERE ] removing player 4 token from slot 10
[18:20:18.577] [SEVERE ] setting player 3 freeze to 0
[18:20:18.577] [SEVERE ] setting player 3 freeze to 0
[18:20:18.580] [SEVERE ] setting player 3 freeze to 0
[18:20:18.580] [SEVERE ] setting player 3 freeze to 0
[18:20:18.583] [SEVERE ] removing player 3 token from slot 8
[18:20:18.583] [SEVERE ] player 3 placing token on slot 7
[18:20:18.585] [SEVERE ] setting player 2 freeze to 0
[18:20:18.585] [SEVERE ] setting player 2 freeze to 0
[18:20:18.585] [SEVERE ] setting player 2 freeze to 0
[18:20:18.588] [SEVERE ] setting player 2 freeze to 0
[18:20:18.588] [SEVERE ] removing player 2 token from slot 7
[18:20:18.588] [SEVERE ] removing player 2 token from slot 5
[18:20:18.588] [SEVERE ] player 2 placing token on slot 3
[18:20:18.588] [SEVERE ] removing player 2 token from slot 3
[18:20:18.588] [SEVERE ] player 2 placing token on slot 1
[18:20:18.588] [SEVERE ] player 2 placing token on slot 4
[18:20:18.589] [SEVERE ] player 4 placing token on slot 7
[18:20:18.606] [SEVERE ] setting player 3 freeze to 0
[18:20:18.606] [SEVERE ] setting player 3 freeze to 0
[18:20:18.607] [SEVERE ] setting player 1 freeze to 0
[18:20:18.607] [SEVERE ] setting player 3 freeze to 0
[18:20:18.609] [SEVERE ] setting player 3 freeze to 0
[18:20:18.609] [SEVERE ] setting player 1 freeze to 0
[18:20:18.611] [SEVERE ] removing player 3 token from slot 7
[18:20:18.611] [SEVERE ] setting player 1 freeze to 0
[18:20:18.612] [SEVERE ] setting player 1 freeze to 0
[18:20:18.612] [SEVERE ] player 3 placing token on slot 11
[18:20:18.616] [SEVERE ] setting player 2 freeze to 0
[18:20:18.616] [SEVERE ] setting player 2 freeze to 0
[18:20:18.618] [SEVERE ] removing player 1 token from slot 8
[18:20:18.625] [SEVERE ] setting player 2 freeze to 0
[18:20:18.626] [SEVERE ] setting player 2 freeze to 0
[18:20:18.627] [SEVERE ] setting player 4 freeze to 0
[18:20:18.627] [SEVERE ] removing player 2 token from slot 11
[18:20:18.627] [SEVERE ] player 2 placing token on slot 6
[18:20:18.627] [SEVERE ] setting player 4 freeze to 0
[18:20:18.627] [SEVERE ] setting player 4 freeze to 0
[18:20:18.627] [SEVERE ] setting player 4 freeze to 0
[18:20:18.627] [SEVERE ] removing player 4 token from slot 8
[18:20:18.627] [SEVERE ] player 4 placing token on slot 5
[18:20:18.626] [SEVERE ] player 1 placing token on slot 4
[18:20:18.637] [SEVERE ] setting player 3 freeze to 0
[18:20:18.637] [SEVERE ] setting player 3 freeze to 0
[18:20:18.640] [SEVERE ] setting player 3 freeze to 0
[18:20:18.640] [SEVERE ] setting player 3 freeze to 0
[18:20:18.645] [SEVERE ] removing player 3 token from slot 9
[18:20:18.647] [SEVERE ] removing player 3 token from slot 11
[18:20:18.647] [SEVERE ] setting player 2 freeze to 0
[18:20:18.657] [SEVERE ] setting player 2 freeze to 0
[18:20:18.658] [SEVERE ] player 3 placing token on slot 4
[18:20:18.661] [SEVERE ] player 3 placing token on slot 6
[18:20:18.658] [SEVERE ] setting player 4 freeze to 0
[18:20:18.661] [SEVERE ] setting player 2 freeze to 0
[18:20:18.663] [SEVERE ] setting player 4 freeze to 0
[18:20:18.664] [SEVERE ] setting player 2 freeze to 0
[18:20:18.664] [SEVERE ] removing player 2 token from slot 1
[18:20:18.665] [SEVERE ] player 2 placing token on slot 9
[18:20:18.668] [SEVERE ] setting player 1 freeze to 0
[18:20:18.668] [SEVERE ] setting player 1 freeze to 0
[18:20:18.668] [SEVERE ] setting player 1 freeze to 0
[18:20:18.668] [SEVERE ] setting player 1 freeze to 0
[18:20:18.668] [SEVERE ] removing player 1 token from slot 2
[18:20:18.668] [SEVERE ] player 1 placing token on slot 7
[18:20:18.664] [SEVERE ] setting player 4 freeze to 0
[18:20:18.669] [SEVERE ] setting player 4 freeze to 0
[18:20:18.669] [SEVERE ] removing player 4 token from slot 5
[18:20:18.669] [SEVERE ] player 4 placing token on slot 9
[18:20:18.682] [SEVERE ] setting player 3 freeze to 0
[18:20:18.682] [SEVERE ] setting player 3 freeze to 0
[18:20:18.683] [SEVERE ] setting player 3 freeze to 0
[18:20:18.683] [SEVERE ] setting player 3 freeze to 0
[18:20:18.684] [SEVERE ] removing player 3 token from slot 1
[18:20:18.684] [SEVERE ] player 3 placing token on slot 8
[18:20:18.692] [SEVERE ] setting player 2 freeze to 0
[18:20:18.696] [SEVERE ] setting player 2 freeze to 0
[18:20:18.697] [SEVERE ] setting player 2 freeze to 0
[18:20:18.697] [SEVERE ] setting player 2 freeze to 0
[18:20:18.698] [SEVERE ] removing player 2 token from slot 6
[18:20:18.699] [SEVERE ] player 2 placing token on slot 10
[18:20:18.702] [SEVERE ] setting player 1 freeze to 0
[18:20:18.703] [SEVERE ] setting player 1 freeze to 0
[18:20:18.715] [SEVERE ] setting player 4 freeze to 0
[18:20:18.715] [SEVERE ] setting player 4 freeze to 0
[18:20:18.721] [SEVERE ] setting player 4 freeze to 0
[18:20:18.721] [SEVERE ] setting player 4 freeze to 0
[18:20:18.722] [SEVERE ] removing player 4 token from slot 7
[18:20:18.723] [SEVERE ] player 4 placing token on slot 10
[18:20:18.723] [SEVERE ] setting player 1 freeze to 0
[18:20:18.733] [SEVERE ] setting player 1 freeze to 0
[18:20:18.725] [SEVERE ] setting player 3 freeze to 0
[18:20:18.734] [SEVERE ] setting player 3 freeze to 0
[18:20:18.735] [SEVERE ] setting player 3 freeze to 0
[18:20:18.735] [SEVERE ] setting player 3 freeze to 0
[18:20:18.736] [SEVERE ] removing player 3 token from slot 8
[18:20:18.736] [SEVERE ] setting player 2 freeze to 0
[18:20:18.741] [SEVERE ] setting player 2 freeze to 0
[18:20:18.741] [SEVERE ] setting player 2 freeze to 0
[18:20:18.741] [SEVERE ] setting player 2 freeze to 0
[18:20:18.742] [SEVERE ] removing player 2 token from slot 4
[18:20:18.739] [SEVERE ] player 3 placing token on slot 3
[18:20:18.743] [SEVERE ] player 2 placing token on slot 5
[18:20:18.745] [SEVERE ] removing player 1 token from slot 10
[18:20:18.745] [SEVERE ] player 1 placing token on slot 1
[18:20:18.747] [SEVERE ] setting player 4 freeze to 0
[18:20:18.747] [SEVERE ] setting player 4 freeze to 0
[18:20:18.747] [SEVERE ] setting player 4 freeze to 0
[18:20:18.747] [SEVERE ] setting player 4 freeze to 0
[18:20:18.747] [SEVERE ] removing player 4 token from slot 3
[18:20:18.747] [SEVERE ] removing player 4 token from slot 9
[18:20:18.748] [SEVERE ] removing player 4 token from slot 10
[18:20:18.748] [SEVERE ] player 4 placing token on slot 5
[18:20:18.748] [SEVERE ] player 4 placing token on slot 9
[18:20:18.748] [SEVERE ] player 4 placing token on slot 10
[18:20:18.758] [SEVERE ] setting player 3 freeze to 0
[18:20:18.758] [SEVERE ] setting player 3 freeze to 0
[18:20:18.758] [SEVERE ] setting player 3 freeze to 0
[18:20:18.758] [SEVERE ] setting player 3 freeze to 0
[18:20:18.758] [SEVERE ] removing player 3 token from slot 6
[18:20:18.759] [SEVERE ] removing player 3 token from slot 4
[18:20:18.759] [SEVERE ] player 3 placing token on slot 7
[18:20:18.759] [SEVERE ] player 3 placing token on slot 6
[18:20:18.768] [SEVERE ] setting player 2 freeze to 0
[18:20:18.768] [SEVERE ] setting player 2 freeze to 0
[18:20:18.768] [SEVERE ] setting player 2 freeze to 0
[18:20:18.768] [SEVERE ] setting player 2 freeze to 0
[18:20:18.768] [SEVERE ] removing player 2 token from slot 9
[18:20:18.768] [SEVERE ] player 2 placing token on slot 9
[18:20:18.788] [SEVERE ] setting player 1 freeze to 0
[18:20:18.788] [SEVERE ] setting player 4 freeze to 0
[18:20:18.788] [SEVERE ] setting player 1 freeze to 0
[18:20:18.789] [SEVERE ] setting player 1 freeze to 0
[18:20:18.789] [SEVERE ] setting player 4 freeze to 0
[18:20:18.790] [SEVERE ] setting player 1 freeze to 0
[18:20:18.793] [SEVERE ] removing player 1 token from slot 1
[18:20:18.793] [SEVERE ] setting player 4 freeze to 0
[18:20:18.794] [SEVERE ] player 1 placing token on slot 6
[18:20:18.794] [SEVERE ] setting player 4 freeze to 0
[18:20:18.797] [SEVERE ] removing player 4 token from slot 5
[18:20:18.798] [SEVERE ] removing player 4 token from slot 9
[18:20:18.799] [SEVERE ] player 4 placing token on slot 4
[18:20:18.799] [SEVERE ] player 4 placing token on slot 6
[18:20:18.804] [SEVERE ] setting player 3 freeze to 0
[18:20:18.805] [SEVERE ] setting player 3 freeze to 0
[18:20:18.805] [SEVERE ] setting player 3 freeze to 0
[18:20:18.806] [SEVERE ] setting player 3 freeze to 0
[18:20:18.806] [SEVERE ] removing player 3 token from slot 7
[18:20:18.807] [SEVERE ] player 3 placing token on slot 9
[18:20:18.811] [SEVERE ] setting player 2 freeze to 0
[18:20:18.811] [SEVERE ] setting player 2 freeze to 0
[18:20:18.812] [SEVERE ] setting player 2 freeze to 0
[18:20:18.812] [SEVERE ] setting player 2 freeze to 0
[18:20:18.812] [SEVERE ] removing player 2 token from slot 9
[18:20:18.813] [SEVERE ] player 2 placing token on slot 8
[18:20:18.821] [SEVERE ] setting player 1 freeze to 0
[18:20:18.821] [SEVERE ] setting player 1 freeze to 0
[18:20:18.822] [SEVERE ] setting player 1 freeze to 0
[18:20:18.822] [SEVERE ] setting player 1 freeze to 0
[18:20:18.823] [SEVERE ] removing player 1 token from slot 7
[18:20:18.824] [SEVERE ] player 1 placing token on slot 3
[18:20:18.831] [SEVERE ] setting player 4 freeze to 0
[18:20:18.832] [SEVERE ] setting player 4 freeze to 0
[18:20:18.832] [SEVERE ] setting player 4 freeze to 0
[18:20:18.832] [SEVERE ] setting player 4 freeze to 0
[18:20:18.832] [SEVERE ] removing player 4 token from slot 10
[18:20:18.832] [SEVERE ] player 4 placing token on slot 8
[18:20:18.842] [SEVERE ] setting player 3 freeze to 0
[18:20:18.842] [SEVERE ] setting player 3 freeze to 0
[18:20:18.843] [SEVERE ] setting player 3 freeze to 0
[18:20:18.843] [SEVERE ] setting player 3 freeze to 0
[18:20:18.843] [SEVERE ] removing player 3 token from slot 9
[18:20:18.844] [SEVERE ] player 3 placing token on slot 4
[18:20:18.852] [SEVERE ] setting player 2 freeze to 0
[18:20:18.852] [SEVERE ] setting player 2 freeze to 0
[18:20:18.853] [SEVERE ] setting player 2 freeze to 0
[18:20:18.854] [SEVERE ] setting player 2 freeze to 0
[18:20:18.854] [SEVERE ] removing player 2 token from slot 5
[18:20:18.855] [SEVERE ] removing player 2 token from slot 10
[18:20:18.855] [SEVERE ] player 2 placing token on slot 2
[18:20:18.856] [SEVERE ] player 2 placing token on slot 11
[18:20:18.863] [SEVERE ] setting player 1 freeze to 0
[18:20:18.864] [SEVERE ] setting player 1 freeze to 0
[18:20:18.864] [SEVERE ] setting player 1 freeze to 0
[18:20:18.865] [SEVERE ] setting player 1 freeze to 0
[18:20:18.865] [SEVERE ] removing player 1 token from slot 4
[18:20:18.866] [SEVERE ] removing player 1 token from slot 6
[18:20:18.866] [SEVERE ] removing player 1 token from slot 3
[18:20:18.867] [SEVERE ] player 1 placing token on slot 9
[18:20:18.867] [SEVERE ] player 1 placing token on slot 2
[18:20:18.868] [SEVERE ] player 1 placing token on slot 7
[18:20:18.874] [SEVERE ] setting player 4 freeze to 0
[18:20:18.874] [SEVERE ] setting player 4 freeze to 0
[18:20:18.875] [SEVERE ] setting player 4 freeze to 0
[18:20:18.875] [SEVERE ] setting player 4 freeze to 0
[18:20:18.875] [SEVERE ] removing player 4 token from slot 8
[18:20:18.876] [SEVERE ] removing player 4 token from slot 6
[18:20:18.876] [SEVERE ] player 4 placing token on slot 7
[18:20:18.877] [SEVERE ] player 4 placing token on slot 2
[18:20:18.884] [SEVERE ] setting player 3 freeze to 0
[18:20:18.884] [SEVERE ] setting player 3 freeze to 0
[18:20:18.885] [SEVERE ] setting player 3 freeze to 0
[18:20:18.887] [SEVERE ] setting player 3 freeze to 0
[18:20:18.888] [SEVERE ] removing player 3 token from slot 4
[18:20:18.889] [SEVERE ] player 3 placing token on slot 5
[18:20:18.894] [SEVERE ] setting player 2 freeze to 0
[18:20:18.895] [SEVERE ] setting player 2 freeze to 0
[18:20:18.897] [SEVERE ] setting player 2 freeze to 0
[18:20:18.898] [SEVERE ] setting player 2 freeze to 0
[18:20:18.898] [SEVERE ] removing player 2 token from slot 2
[18:20:18.899] [SEVERE ] player 2 placing token on slot 9
[18:20:18.905] [SEVERE ] setting player 1 freeze to 0
[18:20:18.906] [SEVERE ] setting player 1 freeze to 0
[18:20:18.906] [SEVERE ] setting player 1 freeze to 0
[18:20:18.906] [SEVERE ] setting player 1 freeze to 0
[18:20:18.907] [SEVERE ] removing player 1 token from slot 7
[18:20:18.907] [SEVERE ] player 1 placing token on slot 7
[18:20:18.916] [SEVERE ] updating countdown to 5000
[18:20:18.916] [SEVERE ] removing player 4 token from slot 2
[18:20:19.023] [SEVERE ] removing card from slot 2
[18:20:19.023] [SEVERE ] removing player 4 token from slot 4
[18:20:19.123] [SEVERE ] removing card from slot 4
[18:20:19.123] [SEVERE ] removing player 4 token from slot 7
[18:20:19.225] [SEVERE ] removing card from slot 7
[18:20:19.225] [SEVERE ] removing player 1 token from slot 2
[18:20:19.227] [SEVERE ] removing player 4 token from slot 2
[18:20:19.227] [SEVERE ] removing player 4 token from slot 4
[18:20:19.227] [SEVERE ] removing player 1 token from slot 7
[18:20:19.227] [SEVERE ] removing player 4 token from slot 7
