[21:14:21.748] [INFO   ] thread main starting.
[21:14:21.755] [SEVERE ] cannot read configuration file config.properties trying from resources.
[21:14:21.756] [SEVERE ] configuration file was loaded from resources directory.
[21:14:22.144] [INFO   ] thread dealer starting.
[21:14:22.145] [INFO   ] Thread dealer starting.
[21:14:22.251] [SEVERE ] placing card 31 in slot 0
[21:14:22.352] [SEVERE ] placing card 23 in slot 1
[21:14:22.452] [SEVERE ] placing card 3 in slot 2
[21:14:22.554] [SEVERE ] placing card 39 in slot 3
[21:14:22.655] [SEVERE ] placing card 73 in slot 4
[21:14:22.756] [SEVERE ] placing card 9 in slot 5
[21:14:22.857] [SEVERE ] placing card 43 in slot 6
[21:14:22.958] [SEVERE ] placing card 37 in slot 7
[21:14:23.058] [SEVERE ] placing card 54 in slot 8
[21:14:23.160] [SEVERE ] placing card 1 in slot 9
[21:14:23.261] [SEVERE ] placing card 62 in slot 10
[21:14:23.362] [SEVERE ] placing card 79 in slot 11
[21:14:23.363] [INFO   ] Thread Thread-1starting.
[21:14:23.364] [INFO   ] Thread Thread-3starting.
[21:14:23.364] [SEVERE ] updating countdown to 5000
[21:14:23.373] [INFO   ] Thread computer-0 starting.
[21:14:23.374] [SEVERE ] player 1 placing token on slot 2
[21:14:23.363] [INFO   ] Thread Thread-2starting.
[21:14:23.376] [SEVERE ] removing player 1 token from slot 2
[21:14:23.377] [SEVERE ] player 1 placing token on slot 5
[21:14:23.378] [SEVERE ] player 1 placing token on slot 9
[21:14:23.379] [SEVERE ] removing player 1 token from slot 5
[21:14:23.379] [SEVERE ] player 1 placing token on slot 1
[21:14:23.380] [SEVERE ] player 1 placing token on slot 3
[21:14:23.375] [INFO   ] Thread computer-2 starting.
[21:14:23.364] [INFO   ] Thread Thread-4starting.
[21:14:23.381] [SEVERE ] player 3 placing token on slot 4
[21:14:23.383] [SEVERE ] player 3 placing token on slot 11
[21:14:23.394] [SEVERE ] player 3 placing token on slot 6
[21:14:23.382] [INFO   ] Thread computer-1 starting.
[21:14:23.400] [SEVERE ] player 2 placing token on slot 6
[21:14:23.396] [SEVERE ] setting player 1 freeze to 0
[21:14:23.387] [INFO   ] Thread computer-3 starting.
[21:14:23.401] [SEVERE ] setting player 1 freeze to 0
[21:14:23.400] [SEVERE ] removing player 2 token from slot 6
[21:14:23.402] [SEVERE ] setting player 1 freeze to 0
[21:14:23.403] [SEVERE ] setting player 1 freeze to 0
[21:14:23.401] [SEVERE ] player 4 placing token on slot 7
[21:14:23.403] [SEVERE ] removing player 1 token from slot 1
[21:14:23.402] [SEVERE ] player 2 placing token on slot 5
[21:14:23.404] [SEVERE ] player 1 placing token on slot 2
[21:14:23.404] [SEVERE ] player 4 placing token on slot 3
[21:14:23.405] [SEVERE ] player 2 placing token on slot 6
[21:14:23.406] [SEVERE ] player 4 placing token on slot 1
[21:14:23.406] [SEVERE ] player 2 placing token on slot 1
[21:14:23.410] [SEVERE ] setting player 3 freeze to 0
[21:14:23.410] [SEVERE ] setting player 3 freeze to 0
[21:14:23.410] [SEVERE ] setting player 3 freeze to 0
[21:14:23.411] [SEVERE ] setting player 3 freeze to 0
[21:14:23.411] [SEVERE ] removing player 3 token from slot 4
[21:14:23.412] [SEVERE ] player 3 placing token on slot 5
[21:14:23.420] [SEVERE ] setting player 1 freeze to 0
[21:14:23.420] [SEVERE ] setting player 1 freeze to 0
[21:14:23.420] [SEVERE ] setting player 1 freeze to 0
[21:14:23.421] [SEVERE ] setting player 1 freeze to 0
[21:14:23.421] [SEVERE ] removing player 1 token from slot 3
[21:14:23.422] [SEVERE ] player 1 placing token on slot 6
[21:14:23.430] [SEVERE ] setting player 4 freeze to 0
[21:14:23.431] [SEVERE ] setting player 4 freeze to 0
[21:14:23.431] [SEVERE ] setting player 4 freeze to 0
[21:14:23.432] [SEVERE ] setting player 4 freeze to 0
[21:14:23.432] [SEVERE ] removing player 4 token from slot 1
[21:14:23.433] [SEVERE ] player 4 placing token on slot 8
[21:14:23.440] [SEVERE ] setting player 2 freeze to 0
[21:14:23.441] [SEVERE ] setting player 2 freeze to 0
[21:14:23.441] [SEVERE ] setting player 2 freeze to 0
[21:14:23.442] [SEVERE ] setting player 2 freeze to 0
[21:14:23.442] [SEVERE ] removing player 2 token from slot 5
[21:14:23.443] [SEVERE ] player 2 placing token on slot 11
[21:14:23.451] [SEVERE ] setting player 3 freeze to 0
[21:14:23.451] [SEVERE ] setting player 3 freeze to 0
[21:14:23.451] [SEVERE ] setting player 3 freeze to 0
[21:14:23.452] [SEVERE ] setting player 3 freeze to 0
[21:14:23.452] [SEVERE ] removing player 3 token from slot 11
[21:14:23.453] [SEVERE ] player 3 placing token on slot 3
[21:14:23.461] [SEVERE ] setting player 1 freeze to 0
[21:14:23.461] [SEVERE ] setting player 1 freeze to 0
[21:14:23.462] [SEVERE ] setting player 1 freeze to 0
[21:14:23.462] [SEVERE ] setting player 1 freeze to 0
[21:14:23.463] [SEVERE ] removing player 1 token from slot 6
[21:14:23.463] [SEVERE ] player 1 placing token on slot 10
[21:14:23.472] [SEVERE ] setting player 4 freeze to 0
[21:14:23.472] [SEVERE ] setting player 4 freeze to 0
[21:14:23.473] [SEVERE ] setting player 4 freeze to 0
[21:14:23.473] [SEVERE ] setting player 4 freeze to 0
[21:14:23.474] [SEVERE ] removing player 4 token from slot 7
[21:14:23.474] [SEVERE ] player 4 placing token on slot 5
[21:14:23.485] [SEVERE ] setting player 2 freeze to 0
[21:14:23.485] [SEVERE ] setting player 2 freeze to 0
[21:14:23.485] [SEVERE ] setting player 2 freeze to 0
[21:14:23.486] [SEVERE ] setting player 2 freeze to 0
[21:14:23.486] [SEVERE ] removing player 2 token from slot 11
[21:14:23.487] [SEVERE ] player 2 placing token on slot 5
[21:14:23.495] [SEVERE ] setting player 3 freeze to 0
[21:14:23.495] [SEVERE ] setting player 3 freeze to 0
[21:14:23.496] [SEVERE ] setting player 3 freeze to 0
[21:14:23.496] [SEVERE ] setting player 3 freeze to 0
[21:14:23.497] [SEVERE ] removing player 3 token from slot 6
[21:14:23.497] [SEVERE ] player 3 placing token on slot 10
[21:14:23.505] [SEVERE ] setting player 1 freeze to 0
[21:14:23.505] [SEVERE ] setting player 1 freeze to 0
[21:14:23.506] [SEVERE ] setting player 1 freeze to 0
[21:14:23.506] [SEVERE ] setting player 1 freeze to 0
[21:14:23.507] [SEVERE ] removing player 1 token from slot 2
[21:14:23.507] [SEVERE ] removing player 1 token from slot 10
[21:14:23.508] [SEVERE ] player 1 placing token on slot 4
[21:14:23.509] [SEVERE ] player 1 placing token on slot 6
[21:14:23.516] [SEVERE ] setting player 4 freeze to 0
[21:14:23.518] [SEVERE ] setting player 4 freeze to 0
[21:14:23.518] [SEVERE ] setting player 4 freeze to 0
[21:14:23.519] [SEVERE ] setting player 4 freeze to 0
[21:14:23.519] [SEVERE ] removing player 4 token from slot 8
[21:14:23.519] [SEVERE ] player 4 placing token on slot 7
[21:14:23.526] [SEVERE ] setting player 2 freeze to 0
[21:14:23.526] [SEVERE ] setting player 2 freeze to 0
[21:14:23.527] [SEVERE ] setting player 2 freeze to 0
[21:14:23.527] [SEVERE ] setting player 2 freeze to 0
[21:14:23.527] [SEVERE ] removing player 2 token from slot 5
[21:14:23.528] [SEVERE ] player 2 placing token on slot 8
[21:14:23.536] [SEVERE ] setting player 3 freeze to 0
[21:14:23.536] [SEVERE ] setting player 3 freeze to 0
[21:14:23.537] [SEVERE ] setting player 3 freeze to 0
[21:14:23.537] [SEVERE ] setting player 3 freeze to 0
[21:14:23.538] [SEVERE ] removing player 3 token from slot 10
[21:14:23.539] [SEVERE ] player 3 placing token on slot 9
[21:14:23.546] [SEVERE ] setting player 1 freeze to 0
[21:14:23.547] [SEVERE ] setting player 1 freeze to 0
[21:14:23.547] [SEVERE ] setting player 1 freeze to 0
[21:14:23.548] [SEVERE ] setting player 1 freeze to 0
[21:14:23.549] [SEVERE ] removing player 1 token from slot 4
[21:14:23.549] [SEVERE ] player 1 placing token on slot 3
[21:14:23.557] [SEVERE ] setting player 4 freeze to 0
[21:14:23.558] [SEVERE ] setting player 4 freeze to 0
[21:14:23.558] [SEVERE ] setting player 4 freeze to 0
[21:14:23.559] [SEVERE ] setting player 4 freeze to 0
[21:14:23.559] [SEVERE ] removing player 4 token from slot 7
[21:14:23.560] [SEVERE ] player 4 placing token on slot 11
[21:14:23.568] [SEVERE ] updating countdown to 5000
[21:14:23.568] [SEVERE ] removing player 2 token from slot 6
[21:14:23.569] [SEVERE ] removing player 2 token from slot 6
[21:14:23.569] [SEVERE ] removing player 2 token from slot 6
[21:14:23.570] [SEVERE ] setting player 2 score to 1
[21:14:23.570] [SEVERE ] setting player 2 freeze to 0
[21:14:23.571] [SEVERE ] setting player 2 freeze to 0
[21:14:23.571] [SEVERE ] removing player 2 token from slot 6
[21:14:23.572] [SEVERE ] player 2 placing token on slot 6
[21:14:34.625] [SEVERE ] removing player 2 token from slot 1
[21:14:35.047] [SEVERE ] removing card from slot 1
[21:14:43.893] [SEVERE ] removing player 2 token from slot 6
[21:14:44.441] [SEVERE ] removing card from slot 6
