[13:49:38.065] [INFO   ] thread main starting.
[13:49:38.071] [SEVERE ] cannot read configuration file config.properties trying from resources.
[13:49:38.073] [SEVERE ] configuration file was loaded from resources directory.
[13:49:38.500] [INFO   ] thread dealer starting.
[13:49:38.501] [INFO   ] Thread dealer starting.
[13:49:38.606] [SEVERE ] placing card 52 in slot 0
[13:49:38.707] [SEVERE ] placing card 64 in slot 1
[13:49:38.808] [SEVERE ] placing card 49 in slot 2
[13:49:38.909] [SEVERE ] placing card 30 in slot 3
[13:49:39.010] [SEVERE ] placing card 71 in slot 4
[13:49:39.111] [SEVERE ] placing card 55 in slot 5
[13:49:39.212] [SEVERE ] placing card 42 in slot 6
[13:49:39.313] [SEVERE ] placing card 35 in slot 7
[13:49:39.415] [SEVERE ] placing card 78 in slot 8
[13:49:39.516] [SEVERE ] placing card 7 in slot 9
[13:49:39.617] [SEVERE ] placing card 47 in slot 10
[13:49:39.718] [SEVERE ] placing card 59 in slot 11
[13:49:39.719] [INFO   ] Thread Thread-1starting.
[13:49:39.719] [INFO   ] Thread Thread-3starting.
[13:49:39.719] [INFO   ] Thread Thread-2starting.
[13:49:39.720] [INFO   ] Thread computer-0 starting.
[13:49:39.720] [INFO   ] Thread Thread-4starting.
[13:49:39.720] [SEVERE ] updating countdown to 30000
[13:49:39.722] [INFO   ] Thread computer-3 starting.
[13:49:39.722] [SEVERE ] player 1 placing token on slot 6
[13:49:39.721] [INFO   ] Thread computer-1 starting.
[13:49:39.721] [INFO   ] Thread computer-2 starting.
[13:49:39.723] [SEVERE ] player 4 placing token on slot 10
[13:49:39.725] [SEVERE ] player 3 placing token on slot 11
[13:49:39.725] [SEVERE ] player 1 placing token on slot 8
[13:49:39.725] [SEVERE ] player 2 placing token on slot 4
[13:49:39.726] [SEVERE ] player 1 placing token on slot 7
[13:49:39.726] [SEVERE ] player 3 placing token on slot 5
[13:49:39.727] [SEVERE ] player 4 placing token on slot 7
[13:49:39.727] [SEVERE ] player 3 placing token on slot 7
[13:49:39.728] [SEVERE ] player 2 placing token on slot 0
[13:49:39.728] [SEVERE ] removing player 4 token from slot 7
[13:49:39.729] [SEVERE ] player 2 placing token on slot 8
[13:49:39.730] [SEVERE ] player 4 placing token on slot 9
[13:49:39.730] [SEVERE ] player 4 placing token on slot 1
[13:49:40.723] [SEVERE ] updating countdown to 28997
[13:49:40.723] [SEVERE ] setting player 1 freeze to 0
[13:49:40.724] [SEVERE ] setting player 1 freeze to 0
[13:49:40.725] [SEVERE ] setting player 1 freeze to 0
[13:49:40.725] [SEVERE ] setting player 1 freeze to 0
[13:49:40.725] [SEVERE ] removing player 1 token from slot 6
[13:49:40.726] [SEVERE ] removing player 1 token from slot 7
[13:49:40.726] [SEVERE ] player 1 placing token on slot 6
[13:49:40.727] [SEVERE ] removing player 1 token from slot 6
[13:49:40.727] [SEVERE ] player 1 placing token on slot 7
[13:49:40.727] [SEVERE ] player 1 placing token on slot 0
[13:49:41.724] [SEVERE ] setting player 3 freeze to 0
[13:49:41.724] [SEVERE ] updating countdown to 27996
[13:49:41.724] [SEVERE ] setting player 3 freeze to 0
[13:49:41.725] [SEVERE ] setting player 3 freeze to 0
[13:49:41.726] [SEVERE ] setting player 3 freeze to 0
[13:49:41.726] [SEVERE ] removing player 3 token from slot 11
[13:49:41.727] [SEVERE ] player 3 placing token on slot 2
[13:49:42.725] [SEVERE ] updating countdown to 26995
[13:49:42.725] [SEVERE ] setting player 2 freeze to 0
[13:49:42.726] [SEVERE ] setting player 2 freeze to 0
[13:49:42.726] [SEVERE ] setting player 2 freeze to 0
[13:49:42.727] [SEVERE ] setting player 2 freeze to 0
[13:49:42.727] [SEVERE ] removing player 2 token from slot 4
[13:49:42.728] [SEVERE ] removing player 2 token from slot 0
[13:49:42.728] [SEVERE ] player 2 placing token on slot 3
[13:49:42.729] [SEVERE ] player 2 placing token on slot 1
[13:49:43.726] [SEVERE ] updating countdown to 25994
[13:49:43.726] [SEVERE ] setting player 4 freeze to 0
[13:49:43.726] [SEVERE ] setting player 4 freeze to 0
[13:49:43.727] [SEVERE ] setting player 4 freeze to 0
[13:49:43.727] [SEVERE ] setting player 4 freeze to 0
[13:49:43.728] [SEVERE ] removing player 4 token from slot 1
[13:49:43.728] [SEVERE ] removing player 4 token from slot 9
[13:49:43.729] [SEVERE ] player 4 placing token on slot 5
[13:49:43.729] [SEVERE ] player 4 placing token on slot 4
[13:49:44.726] [SEVERE ] updating countdown to 24994
[13:49:44.726] [SEVERE ] setting player 1 freeze to 0
[13:49:44.727] [SEVERE ] setting player 1 freeze to 0
[13:49:44.727] [SEVERE ] setting player 1 freeze to 0
[13:49:44.728] [SEVERE ] setting player 1 freeze to 0
[13:49:44.728] [SEVERE ] removing player 1 token from slot 7
[13:49:44.729] [SEVERE ] player 1 placing token on slot 5
[13:49:45.727] [SEVERE ] updating countdown to 23993
[13:49:45.727] [SEVERE ] setting player 3 freeze to 0
[13:49:45.728] [SEVERE ] setting player 3 freeze to 0
[13:49:45.728] [SEVERE ] setting player 3 freeze to 0
[13:49:45.728] [SEVERE ] setting player 3 freeze to 0
[13:49:45.729] [SEVERE ] removing player 3 token from slot 7
[13:49:45.729] [SEVERE ] player 3 placing token on slot 10
[13:49:46.727] [SEVERE ] updating countdown to 22993
[13:49:46.727] [SEVERE ] setting player 2 freeze to 0
[13:49:46.728] [SEVERE ] setting player 2 freeze to 0
[13:49:46.729] [SEVERE ] setting player 2 freeze to 0
[13:49:46.729] [SEVERE ] setting player 2 freeze to 0
[13:49:46.730] [SEVERE ] removing player 2 token from slot 8
[13:49:46.730] [SEVERE ] player 2 placing token on slot 6
[13:49:47.728] [SEVERE ] updating countdown to 21992
[13:49:47.728] [SEVERE ] setting player 4 freeze to 0
[13:49:47.729] [SEVERE ] setting player 4 freeze to 0
[13:49:47.729] [SEVERE ] setting player 4 freeze to 0
[13:49:47.730] [SEVERE ] setting player 4 freeze to 0
[13:49:47.730] [SEVERE ] removing player 4 token from slot 4
[13:49:47.731] [SEVERE ] player 4 placing token on slot 2
[13:49:48.729] [SEVERE ] updating countdown to 20991
[13:49:48.729] [SEVERE ] setting player 1 freeze to 0
[13:49:48.729] [SEVERE ] setting player 1 freeze to 0
[13:49:48.730] [SEVERE ] setting player 1 freeze to 0
[13:49:48.730] [SEVERE ] setting player 1 freeze to 0
[13:49:48.731] [SEVERE ] removing player 1 token from slot 0
[13:49:48.731] [SEVERE ] player 1 placing token on slot 10
[13:49:49.729] [SEVERE ] updating countdown to 19991
[13:49:49.729] [SEVERE ] setting player 3 freeze to 0
[13:49:49.730] [SEVERE ] setting player 3 freeze to 0
[13:49:49.730] [SEVERE ] setting player 3 freeze to 0
[13:49:49.731] [SEVERE ] setting player 3 freeze to 0
[13:49:49.731] [SEVERE ] removing player 3 token from slot 5
[13:49:49.732] [SEVERE ] removing player 3 token from slot 2
[13:49:49.732] [SEVERE ] player 3 placing token on slot 3
[13:49:49.733] [SEVERE ] player 3 placing token on slot 8
[13:49:50.730] [SEVERE ] updating countdown to 18990
[13:49:50.730] [SEVERE ] setting player 2 freeze to 0
[13:49:50.730] [SEVERE ] setting player 2 freeze to 0
[13:49:50.731] [SEVERE ] setting player 2 freeze to 0
[13:49:50.732] [SEVERE ] setting player 2 freeze to 0
[13:49:50.732] [SEVERE ] removing player 2 token from slot 6
[13:49:50.733] [SEVERE ] player 2 placing token on slot 10
[13:49:51.730] [SEVERE ] setting player 4 freeze to 0
[13:49:51.730] [SEVERE ] updating countdown to 17990
[13:49:51.731] [SEVERE ] setting player 4 freeze to 0
[13:49:51.732] [SEVERE ] setting player 4 freeze to 0
[13:49:51.732] [SEVERE ] setting player 4 freeze to 0
[13:49:51.733] [SEVERE ] removing player 4 token from slot 5
[13:49:51.733] [SEVERE ] player 4 placing token on slot 4
[13:49:52.731] [SEVERE ] updating countdown to 16989
[13:49:52.731] [SEVERE ] setting player 1 freeze to 0
[13:49:52.732] [SEVERE ] setting player 1 freeze to 0
[13:49:52.733] [SEVERE ] setting player 1 freeze to 0
[13:49:52.733] [SEVERE ] setting player 1 freeze to 0
[13:49:52.734] [SEVERE ] removing player 1 token from slot 5
[13:49:52.734] [SEVERE ] player 1 placing token on slot 1
[13:49:53.732] [SEVERE ] updating countdown to 15988
[13:49:53.732] [SEVERE ] setting player 3 freeze to 0
[13:49:53.733] [SEVERE ] setting player 3 freeze to 0
[13:49:53.733] [SEVERE ] setting player 3 freeze to 0
[13:49:53.734] [SEVERE ] setting player 3 freeze to 0
[13:49:53.734] [SEVERE ] removing player 3 token from slot 8
[13:49:53.735] [SEVERE ] removing player 3 token from slot 10
[13:49:53.735] [SEVERE ] player 3 placing token on slot 1
[13:49:53.736] [SEVERE ] player 3 placing token on slot 8
[13:49:54.732] [SEVERE ] updating countdown to 14988
[13:49:54.732] [SEVERE ] setting player 2 freeze to 0
[13:49:54.733] [SEVERE ] setting player 2 freeze to 0
[13:49:54.734] [SEVERE ] setting player 2 freeze to 0
[13:49:54.734] [SEVERE ] setting player 2 freeze to 0
[13:49:54.735] [SEVERE ] removing player 2 token from slot 3
[13:49:54.735] [SEVERE ] removing player 2 token from slot 10
[13:49:54.736] [SEVERE ] player 2 placing token on slot 2
[13:49:54.736] [SEVERE ] player 2 placing token on slot 11
[13:49:55.733] [SEVERE ] updating countdown to 13987
[13:49:55.733] [SEVERE ] setting player 4 freeze to 0
[13:49:55.734] [SEVERE ] setting player 4 freeze to 0
[13:49:55.734] [SEVERE ] setting player 4 freeze to 0
[13:49:55.734] [SEVERE ] setting player 4 freeze to 0
[13:49:55.735] [SEVERE ] removing player 4 token from slot 2
[13:49:55.735] [SEVERE ] removing player 4 token from slot 10
[13:49:55.736] [SEVERE ] player 4 placing token on slot 11
[13:49:55.736] [SEVERE ] player 4 placing token on slot 2
[13:49:56.734] [SEVERE ] updating countdown to 12987
[13:49:56.734] [SEVERE ] setting player 1 freeze to 0
[13:49:56.734] [SEVERE ] setting player 1 freeze to 0
[13:49:56.735] [SEVERE ] setting player 1 freeze to 0
[13:49:56.735] [SEVERE ] setting player 1 freeze to 0
[13:49:56.736] [SEVERE ] removing player 1 token from slot 8
[13:49:56.736] [SEVERE ] player 1 placing token on slot 0
[13:49:57.734] [SEVERE ] updating countdown to 11986
[13:49:57.734] [SEVERE ] setting player 3 freeze to 0
[13:49:57.735] [SEVERE ] setting player 3 freeze to 0
[13:49:57.735] [SEVERE ] setting player 3 freeze to 0
[13:49:57.736] [SEVERE ] setting player 3 freeze to 0
[13:49:57.736] [SEVERE ] removing player 3 token from slot 1
[13:49:57.737] [SEVERE ] player 3 placing token on slot 4
[13:49:58.734] [SEVERE ] updating countdown to 10986
[13:49:58.734] [SEVERE ] setting player 2 freeze to 0
[13:49:58.735] [SEVERE ] setting player 2 freeze to 0
[13:49:58.736] [SEVERE ] setting player 2 freeze to 0
[13:49:58.736] [SEVERE ] setting player 2 freeze to 0
[13:49:58.737] [SEVERE ] removing player 2 token from slot 11
[13:49:58.737] [SEVERE ] player 2 placing token on slot 3
[13:49:59.735] [SEVERE ] updating countdown to 9985
[13:49:59.735] [SEVERE ] setting player 4 freeze to 0
[13:49:59.736] [SEVERE ] setting player 4 freeze to 0
[13:49:59.736] [SEVERE ] setting player 4 freeze to 0
[13:49:59.737] [SEVERE ] setting player 4 freeze to 0
[13:49:59.737] [SEVERE ] removing player 4 token from slot 4
[13:49:59.738] [SEVERE ] player 4 placing token on slot 4
[13:50:00.735] [SEVERE ] updating countdown to 8985
[13:50:00.735] [SEVERE ] setting player 1 freeze to 0
[13:50:00.736] [SEVERE ] setting player 1 freeze to 0
[13:50:00.737] [SEVERE ] setting player 1 freeze to 0
[13:50:00.737] [SEVERE ] setting player 1 freeze to 0
[13:50:00.738] [SEVERE ] removing player 1 token from slot 1
[13:50:00.738] [SEVERE ] player 1 placing token on slot 7
[13:50:01.736] [SEVERE ] updating countdown to 7984
[13:50:01.736] [SEVERE ] setting player 3 freeze to 0
[13:50:01.737] [SEVERE ] setting player 3 freeze to 0
[13:50:01.737] [SEVERE ] setting player 3 freeze to 0
[13:50:01.738] [SEVERE ] setting player 3 freeze to 0
[13:50:01.738] [SEVERE ] removing player 3 token from slot 4
[13:50:01.739] [SEVERE ] removing player 3 token from slot 8
[13:50:01.739] [SEVERE ] player 3 placing token on slot 6
[13:50:01.740] [SEVERE ] player 3 placing token on slot 9
[13:50:02.736] [SEVERE ] updating countdown to 6984
[13:50:02.736] [SEVERE ] setting player 2 freeze to 0
[13:50:02.737] [SEVERE ] setting player 2 freeze to 0
[13:50:02.738] [SEVERE ] setting player 2 freeze to 0
[13:50:02.738] [SEVERE ] setting player 2 freeze to 0
[13:50:02.739] [SEVERE ] removing player 2 token from slot 2
[13:50:02.739] [SEVERE ] player 2 placing token on slot 6
[13:50:03.737] [SEVERE ] setting player 4 freeze to 0
[13:50:03.737] [SEVERE ] updating countdown to 5983
[13:50:03.737] [SEVERE ] setting player 4 freeze to 0
[13:50:03.738] [SEVERE ] setting player 4 freeze to 0
[13:50:03.739] [SEVERE ] setting player 4 freeze to 0
[13:50:03.739] [SEVERE ] removing player 4 token from slot 2
[13:50:03.740] [SEVERE ] player 4 placing token on slot 8
[13:50:04.738] [SEVERE ] setting player 1 freeze to 0
[13:50:04.738] [SEVERE ] setting player 1 freeze to 0
[13:50:04.739] [SEVERE ] setting player 1 freeze to 0
[13:50:04.739] [SEVERE ] setting player 1 freeze to 0
[13:50:04.740] [SEVERE ] removing player 1 token from slot 10
[13:50:04.740] [SEVERE ] removing player 1 token from slot 0
[13:50:04.741] [SEVERE ] player 1 placing token on slot 8
[13:50:04.741] [SEVERE ] player 1 placing token on slot 10
[13:50:04.750] [SEVERE ] setting player 3 freeze to 0
[13:50:04.750] [SEVERE ] setting player 3 freeze to 0
[13:50:04.751] [SEVERE ] setting player 3 freeze to 0
[13:50:04.751] [SEVERE ] setting player 3 freeze to 0
[13:50:04.752] [SEVERE ] removing player 3 token from slot 9
[13:50:04.752] [SEVERE ] player 3 placing token on slot 7
[13:50:04.760] [SEVERE ] setting player 2 freeze to 0
[13:50:04.761] [SEVERE ] setting player 2 freeze to 0
[13:50:04.761] [SEVERE ] setting player 2 freeze to 0
[13:50:04.762] [SEVERE ] setting player 2 freeze to 0
[13:50:04.762] [SEVERE ] removing player 2 token from slot 6
[13:50:04.763] [SEVERE ] player 2 placing token on slot 0
[13:50:04.771] [SEVERE ] setting player 4 freeze to 0
[13:50:04.771] [SEVERE ] setting player 4 freeze to 0
[13:50:04.771] [SEVERE ] setting player 4 freeze to 0
[13:50:04.772] [SEVERE ] setting player 4 freeze to 0
[13:50:04.772] [SEVERE ] removing player 4 token from slot 4
[13:50:04.773] [SEVERE ] player 4 placing token on slot 6
[13:50:04.781] [SEVERE ] setting player 1 freeze to 0
[13:50:04.781] [SEVERE ] setting player 1 freeze to 0
[13:50:04.782] [SEVERE ] setting player 1 freeze to 0
[13:50:04.782] [SEVERE ] setting player 1 freeze to 0
[13:50:04.783] [SEVERE ] removing player 1 token from slot 8
[13:50:04.783] [SEVERE ] player 1 placing token on slot 9
[13:50:04.791] [SEVERE ] setting player 3 freeze to 0
[13:50:04.791] [SEVERE ] setting player 3 freeze to 0
[13:50:04.792] [SEVERE ] setting player 3 freeze to 0
[13:50:04.792] [SEVERE ] setting player 3 freeze to 0
[13:50:04.793] [SEVERE ] removing player 3 token from slot 6
[13:50:04.793] [SEVERE ] player 3 placing token on slot 1
[13:50:04.801] [SEVERE ] setting player 2 freeze to 0
[13:50:04.802] [SEVERE ] setting player 2 freeze to 0
[13:50:04.802] [SEVERE ] setting player 2 freeze to 0
[13:50:04.803] [SEVERE ] setting player 2 freeze to 0
[13:50:04.803] [SEVERE ] removing player 2 token from slot 0
[13:50:04.804] [SEVERE ] removing player 2 token from slot 3
[13:50:04.804] [SEVERE ] player 2 placing token on slot 8
[13:50:04.804] [SEVERE ] removing player 2 token from slot 8
[13:50:04.805] [SEVERE ] player 2 placing token on slot 9
[13:50:04.805] [SEVERE ] player 2 placing token on slot 5
[13:50:04.812] [SEVERE ] setting player 4 freeze to 0
[13:50:04.812] [SEVERE ] setting player 4 freeze to 0
[13:50:04.812] [SEVERE ] setting player 4 freeze to 0
[13:50:04.813] [SEVERE ] setting player 4 freeze to 0
[13:50:04.814] [SEVERE ] removing player 4 token from slot 6
[13:50:04.814] [SEVERE ] player 4 placing token on slot 7
[13:50:04.822] [SEVERE ] setting player 1 freeze to 0
[13:50:04.822] [SEVERE ] setting player 1 freeze to 0
[13:50:04.823] [SEVERE ] setting player 1 freeze to 0
[13:50:04.823] [SEVERE ] setting player 1 freeze to 0
[13:50:04.824] [SEVERE ] removing player 1 token from slot 7
[13:50:04.824] [SEVERE ] player 1 placing token on slot 5
[13:50:04.832] [SEVERE ] setting player 3 freeze to 0
[13:50:04.832] [SEVERE ] setting player 3 freeze to 0
[13:50:04.833] [SEVERE ] setting player 3 freeze to 0
[13:50:04.833] [SEVERE ] setting player 3 freeze to 0
[13:50:04.834] [SEVERE ] removing player 3 token from slot 1
[13:50:04.835] [SEVERE ] player 3 placing token on slot 1
[13:50:04.842] [SEVERE ] setting player 2 freeze to 0
[13:50:04.843] [SEVERE ] setting player 2 freeze to 0
[13:50:04.843] [SEVERE ] setting player 2 freeze to 0
[13:50:04.844] [SEVERE ] setting player 2 freeze to 0
[13:50:04.844] [SEVERE ] removing player 2 token from slot 9
[13:50:04.845] [SEVERE ] removing player 2 token from slot 1
[13:50:04.845] [SEVERE ] player 2 placing token on slot 0
[13:50:04.845] [SEVERE ] player 2 placing token on slot 10
[13:50:04.853] [SEVERE ] setting player 4 freeze to 0
[13:50:04.853] [SEVERE ] setting player 4 freeze to 0
[13:50:04.853] [SEVERE ] setting player 4 freeze to 0
[13:50:04.854] [SEVERE ] setting player 4 freeze to 0
[13:50:04.854] [SEVERE ] removing player 4 token from slot 7
[13:50:04.855] [SEVERE ] player 4 placing token on slot 4
[13:50:04.863] [SEVERE ] setting player 1 freeze to 0
[13:50:04.863] [SEVERE ] setting player 1 freeze to 0
[13:50:04.864] [SEVERE ] setting player 1 freeze to 0
[13:50:04.864] [SEVERE ] setting player 1 freeze to 0
[13:50:04.864] [SEVERE ] removing player 1 token from slot 10
[13:50:04.865] [SEVERE ] player 1 placing token on slot 10
[13:50:04.873] [SEVERE ] setting player 3 freeze to 0
[13:50:04.873] [SEVERE ] setting player 3 freeze to 0
[13:50:04.874] [SEVERE ] setting player 3 freeze to 0
[13:50:04.874] [SEVERE ] setting player 3 freeze to 0
[13:50:04.875] [SEVERE ] removing player 3 token from slot 3
[13:50:04.875] [SEVERE ] removing player 3 token from slot 7
[13:50:04.876] [SEVERE ] player 3 placing token on slot 11
[13:50:04.876] [SEVERE ] player 3 placing token on slot 2
[13:50:04.884] [SEVERE ] setting player 2 freeze to 0
[13:50:04.884] [SEVERE ] setting player 2 freeze to 0
[13:50:04.884] [SEVERE ] setting player 2 freeze to 0
[13:50:04.885] [SEVERE ] setting player 2 freeze to 0
[13:50:04.885] [SEVERE ] removing player 2 token from slot 10
[13:50:04.885] [SEVERE ] player 2 placing token on slot 11
[13:50:04.894] [SEVERE ] setting player 4 freeze to 0
[13:50:04.894] [SEVERE ] setting player 4 freeze to 0
[13:50:04.894] [SEVERE ] setting player 4 freeze to 0
[13:50:04.895] [SEVERE ] setting player 4 freeze to 0
[13:50:04.895] [SEVERE ] removing player 4 token from slot 11
[13:50:04.896] [SEVERE ] player 4 placing token on slot 5
[13:50:04.904] [SEVERE ] setting player 1 freeze to 0
[13:50:04.904] [SEVERE ] setting player 1 freeze to 0
[13:50:04.905] [SEVERE ] setting player 1 freeze to 0
[13:50:04.905] [SEVERE ] setting player 1 freeze to 0
[13:50:04.906] [SEVERE ] removing player 1 token from slot 10
[13:50:04.906] [SEVERE ] player 1 placing token on slot 1
[13:50:04.914] [SEVERE ] setting player 3 freeze to 0
[13:50:04.914] [SEVERE ] setting player 3 freeze to 0
[13:50:04.915] [SEVERE ] setting player 3 freeze to 0
[13:50:04.915] [SEVERE ] setting player 3 freeze to 0
[13:50:04.916] [SEVERE ] removing player 3 token from slot 1
[13:50:04.916] [SEVERE ] player 3 placing token on slot 9
[13:50:04.925] [SEVERE ] setting player 2 freeze to 0
[13:50:04.925] [SEVERE ] setting player 2 freeze to 0
[13:50:04.925] [SEVERE ] setting player 2 freeze to 0
[13:50:04.926] [SEVERE ] setting player 2 freeze to 0
[13:50:04.926] [SEVERE ] removing player 2 token from slot 5
[13:50:04.927] [SEVERE ] removing player 2 token from slot 0
[13:50:04.927] [SEVERE ] player 2 placing token on slot 1
[13:50:04.927] [SEVERE ] player 2 placing token on slot 4
[13:50:04.935] [SEVERE ] setting player 4 freeze to 0
[13:50:04.935] [SEVERE ] setting player 4 freeze to 0
[13:50:04.936] [SEVERE ] setting player 4 freeze to 0
[13:50:04.936] [SEVERE ] setting player 4 freeze to 0
[13:50:04.936] [SEVERE ] removing player 4 token from slot 8
[13:50:04.937] [SEVERE ] removing player 4 token from slot 4
[13:50:04.937] [SEVERE ] player 4 placing token on slot 11
[13:50:04.938] [SEVERE ] player 4 placing token on slot 0
[13:50:04.945] [SEVERE ] setting player 1 freeze to 0
[13:50:04.945] [SEVERE ] setting player 1 freeze to 0
[13:50:04.946] [SEVERE ] setting player 1 freeze to 0
[13:50:04.946] [SEVERE ] setting player 1 freeze to 0
[13:50:04.947] [SEVERE ] removing player 1 token from slot 1
[13:50:04.947] [SEVERE ] player 1 placing token on slot 1
[13:50:04.955] [SEVERE ] setting player 3 freeze to 0
[13:50:04.986] [SEVERE ] setting player 1 freeze to 0
[13:50:04.976] [SEVERE ] setting player 4 freeze to 0
[13:50:04.966] [SEVERE ] setting player 2 freeze to 0
[13:50:04.995] [SEVERE ] setting player 4 freeze to 0
[13:50:04.994] [SEVERE ] setting player 1 freeze to 0
[13:50:04.994] [SEVERE ] setting player 3 freeze to 0
[13:50:04.996] [SEVERE ] setting player 1 freeze to 0
[13:50:04.996] [SEVERE ] setting player 4 freeze to 0
[13:50:04.995] [SEVERE ] setting player 2 freeze to 0
[13:50:04.997] [SEVERE ] setting player 4 freeze to 0
[13:50:04.997] [SEVERE ] setting player 1 freeze to 0
[13:50:04.996] [SEVERE ] setting player 3 freeze to 0
[13:50:04.998] [SEVERE ] removing player 4 token from slot 11
[13:50:05.000] [SEVERE ] player 4 placing token on slot 2
[13:50:04.998] [SEVERE ] setting player 2 freeze to 0
[13:50:04.999] [SEVERE ] setting player 3 freeze to 0
[13:50:05.000] [SEVERE ] setting player 2 freeze to 0
[13:50:05.001] [SEVERE ] removing player 3 token from slot 9
[13:50:05.002] [SEVERE ] removing player 2 token from slot 1
[13:50:05.003] [SEVERE ] player 3 placing token on slot 5
[13:50:05.004] [SEVERE ] removing player 2 token from slot 11
[13:50:05.004] [SEVERE ] removing player 2 token from slot 4
[13:50:05.005] [SEVERE ] player 2 placing token on slot 10
[13:50:05.005] [SEVERE ] player 2 placing token on slot 7
[13:50:05.006] [SEVERE ] player 2 placing token on slot 5
[13:50:05.009] [SEVERE ] setting player 4 freeze to 0
[13:50:05.009] [SEVERE ] setting player 4 freeze to 0
[13:50:05.009] [SEVERE ] setting player 4 freeze to 0
[13:50:05.010] [SEVERE ] setting player 4 freeze to 0
[13:50:05.010] [SEVERE ] removing player 4 token from slot 5
[13:50:05.011] [SEVERE ] removing player 4 token from slot 0
[13:50:05.011] [SEVERE ] player 4 placing token on slot 5
[13:50:05.011] [SEVERE ] player 4 placing token on slot 1
[13:50:05.019] [SEVERE ] setting player 3 freeze to 0
[13:50:05.019] [SEVERE ] setting player 3 freeze to 0
[13:50:05.020] [SEVERE ] setting player 3 freeze to 0
[13:50:05.020] [SEVERE ] setting player 3 freeze to 0
[13:50:05.021] [SEVERE ] removing player 3 token from slot 2
[13:50:05.021] [SEVERE ] player 3 placing token on slot 9
[13:50:05.029] [SEVERE ] setting player 2 freeze to 0
[13:50:05.029] [SEVERE ] setting player 2 freeze to 0
[13:50:05.029] [SEVERE ] setting player 2 freeze to 0
[13:50:05.030] [SEVERE ] setting player 2 freeze to 0
[13:50:05.030] [SEVERE ] removing player 2 token from slot 7
[13:50:05.031] [SEVERE ] player 2 placing token on slot 4
[13:50:05.040] [SEVERE ] setting player 4 freeze to 0
[13:50:05.040] [SEVERE ] setting player 4 freeze to 0
[13:50:05.040] [SEVERE ] setting player 4 freeze to 0
[13:50:05.040] [SEVERE ] setting player 4 freeze to 0
[13:50:05.041] [SEVERE ] removing player 4 token from slot 2
[13:50:05.041] [SEVERE ] player 4 placing token on slot 6
[13:50:05.050] [SEVERE ] setting player 3 freeze to 0
[13:50:05.050] [SEVERE ] setting player 3 freeze to 0
[13:50:05.051] [SEVERE ] setting player 3 freeze to 0
[13:50:05.051] [SEVERE ] setting player 3 freeze to 0
[13:50:05.051] [SEVERE ] removing player 3 token from slot 11
[13:50:05.052] [SEVERE ] player 3 placing token on slot 8
[13:50:05.060] [SEVERE ] setting player 2 freeze to 0
[13:50:05.060] [SEVERE ] setting player 2 freeze to 0
[13:50:05.061] [SEVERE ] setting player 2 freeze to 0
[13:50:05.061] [SEVERE ] setting player 2 freeze to 0
[13:50:05.062] [SEVERE ] removing player 2 token from slot 5
[13:50:05.062] [SEVERE ] player 2 placing token on slot 11
[13:50:05.070] [SEVERE ] setting player 4 freeze to 0
[13:50:05.071] [SEVERE ] setting player 4 freeze to 0
[13:50:05.071] [SEVERE ] setting player 4 freeze to 0
[13:50:05.072] [SEVERE ] setting player 4 freeze to 0
[13:50:05.072] [SEVERE ] removing player 4 token from slot 6
[13:50:05.073] [SEVERE ] player 4 placing token on slot 9
[13:50:05.081] [SEVERE ] setting player 3 freeze to 0
[13:50:05.081] [SEVERE ] setting player 3 freeze to 0
[13:50:05.081] [SEVERE ] setting player 3 freeze to 0
[13:50:05.082] [SEVERE ] setting player 3 freeze to 0
[13:50:05.082] [SEVERE ] removing player 3 token from slot 8
[13:50:05.083] [SEVERE ] player 3 placing token on slot 7
[13:50:05.091] [SEVERE ] setting player 2 freeze to 0
[13:50:05.091] [SEVERE ] setting player 2 freeze to 0
[13:50:05.092] [SEVERE ] setting player 2 freeze to 0
[13:50:05.092] [SEVERE ] setting player 2 freeze to 0
[13:50:05.092] [SEVERE ] removing player 2 token from slot 4
[13:50:05.093] [SEVERE ] player 2 placing token on slot 9
[13:50:05.101] [SEVERE ] setting player 4 freeze to 0
[13:50:05.101] [SEVERE ] setting player 4 freeze to 0
[13:50:05.102] [SEVERE ] setting player 4 freeze to 0
[13:50:05.102] [SEVERE ] setting player 4 freeze to 0
[13:50:05.103] [SEVERE ] removing player 4 token from slot 9
[13:50:05.103] [SEVERE ] player 4 placing token on slot 2
[13:50:05.111] [SEVERE ] setting player 3 freeze to 0
[13:50:05.112] [SEVERE ] setting player 3 freeze to 0
[13:50:05.112] [SEVERE ] setting player 3 freeze to 0
[13:50:05.112] [SEVERE ] setting player 3 freeze to 0
[13:50:05.113] [SEVERE ] removing player 3 token from slot 5
[13:50:05.113] [SEVERE ] player 3 placing token on slot 6
[13:50:05.122] [SEVERE ] setting player 2 freeze to 0
[13:50:05.122] [SEVERE ] setting player 2 freeze to 0
[13:50:05.122] [SEVERE ] setting player 2 freeze to 0
[13:50:05.123] [SEVERE ] setting player 2 freeze to 0
[13:50:05.123] [SEVERE ] removing player 2 token from slot 9
[13:50:05.124] [SEVERE ] player 2 placing token on slot 0
[13:50:05.134] [SEVERE ] setting player 4 freeze to 0
[13:50:05.135] [SEVERE ] setting player 4 freeze to 0
[13:50:05.135] [SEVERE ] setting player 4 freeze to 0
[13:50:05.135] [SEVERE ] setting player 4 freeze to 0
[13:50:05.136] [SEVERE ] removing player 4 token from slot 5
[13:50:05.136] [SEVERE ] player 4 placing token on slot 11
[13:50:05.145] [SEVERE ] setting player 3 freeze to 0
[13:50:05.145] [SEVERE ] setting player 3 freeze to 0
[13:50:05.145] [SEVERE ] setting player 3 freeze to 0
[13:50:05.146] [SEVERE ] setting player 3 freeze to 0
[13:50:05.146] [SEVERE ] removing player 3 token from slot 9
[13:50:05.147] [SEVERE ] player 3 placing token on slot 10
[13:50:05.155] [SEVERE ] setting player 2 freeze to 0
[13:50:05.155] [SEVERE ] setting player 2 freeze to 0
[13:50:05.155] [SEVERE ] setting player 2 freeze to 0
[13:50:05.156] [SEVERE ] setting player 2 freeze to 0
[13:50:05.156] [SEVERE ] removing player 2 token from slot 0
[13:50:05.157] [SEVERE ] player 2 placing token on slot 1
[13:50:05.165] [SEVERE ] setting player 4 freeze to 0
[13:50:05.165] [SEVERE ] setting player 4 freeze to 0
[13:50:05.166] [SEVERE ] setting player 4 freeze to 0
[13:50:05.166] [SEVERE ] setting player 4 freeze to 0
[13:50:05.167] [SEVERE ] removing player 4 token from slot 11
[13:50:05.167] [SEVERE ] player 4 placing token on slot 10
[13:50:05.175] [SEVERE ] setting player 3 freeze to 0
[13:50:05.175] [SEVERE ] setting player 3 freeze to 0
[13:50:05.176] [SEVERE ] setting player 3 freeze to 0
[13:50:05.176] [SEVERE ] setting player 3 freeze to 0
[13:50:05.177] [SEVERE ] removing player 3 token from slot 7
[13:50:05.177] [SEVERE ] player 3 placing token on slot 8
[13:50:05.185] [SEVERE ] setting player 2 freeze to 0
[13:50:05.186] [SEVERE ] setting player 2 freeze to 0
[13:50:05.186] [SEVERE ] setting player 2 freeze to 0
[13:50:05.186] [SEVERE ] setting player 2 freeze to 0
[13:50:05.187] [SEVERE ] removing player 2 token from slot 10
[13:50:05.188] [SEVERE ] removing player 2 token from slot 1
[13:50:05.188] [SEVERE ] player 2 placing token on slot 8
[13:50:05.196] [SEVERE ] setting player 4 freeze to 0
[13:50:05.202] [SEVERE ] player 2 placing token on slot 9
[13:50:05.203] [SEVERE ] setting player 4 freeze to 0
[13:50:05.204] [SEVERE ] setting player 4 freeze to 0
[13:50:05.204] [SEVERE ] setting player 4 freeze to 0
[13:50:05.205] [SEVERE ] removing player 4 token from slot 2
[13:50:05.205] [SEVERE ] player 4 placing token on slot 0
[13:50:05.206] [SEVERE ] setting player 3 freeze to 0
[13:50:05.206] [SEVERE ] setting player 3 freeze to 0
[13:50:05.207] [SEVERE ] setting player 3 freeze to 0
[13:50:05.207] [SEVERE ] setting player 3 freeze to 0
[13:50:05.208] [SEVERE ] removing player 3 token from slot 6
[13:50:05.208] [SEVERE ] player 3 placing token on slot 1
[13:50:05.216] [SEVERE ] setting player 2 freeze to 0
[13:50:05.216] [SEVERE ] setting player 2 freeze to 0
[13:50:05.217] [SEVERE ] setting player 2 freeze to 0
[13:50:05.217] [SEVERE ] setting player 2 freeze to 0
[13:50:05.217] [SEVERE ] removing player 2 token from slot 9
[13:50:05.218] [SEVERE ] player 2 placing token on slot 10
[13:50:05.226] [SEVERE ] setting player 4 freeze to 0
[13:50:05.226] [SEVERE ] setting player 4 freeze to 0
[13:50:05.227] [SEVERE ] setting player 4 freeze to 0
[13:50:05.227] [SEVERE ] setting player 4 freeze to 0
[13:50:05.227] [SEVERE ] removing player 4 token from slot 0
[13:50:05.228] [SEVERE ] player 4 placing token on slot 5
[13:50:05.236] [SEVERE ] setting player 3 freeze to 0
[13:50:05.236] [SEVERE ] setting player 3 freeze to 0
[13:50:05.237] [SEVERE ] setting player 3 freeze to 0
[13:50:05.237] [SEVERE ] setting player 3 freeze to 0
[13:50:05.238] [SEVERE ] removing player 3 token from slot 1
[13:50:05.238] [SEVERE ] removing player 3 token from slot 8
[13:50:05.238] [SEVERE ] player 3 placing token on slot 8
[13:50:05.239] [SEVERE ] player 3 placing token on slot 1
[13:50:05.247] [SEVERE ] setting player 2 freeze to 0
[13:50:05.247] [SEVERE ] setting player 2 freeze to 0
[13:50:05.247] [SEVERE ] setting player 2 freeze to 0
[13:50:05.248] [SEVERE ] setting player 2 freeze to 0
[13:50:05.248] [SEVERE ] removing player 2 token from slot 11
[13:50:05.248] [SEVERE ] player 2 placing token on slot 2
[13:50:05.257] [SEVERE ] setting player 4 freeze to 0
[13:50:05.257] [SEVERE ] setting player 4 freeze to 0
[13:50:05.257] [SEVERE ] setting player 4 freeze to 0
[13:50:05.258] [SEVERE ] setting player 4 freeze to 0
[13:50:05.258] [SEVERE ] removing player 4 token from slot 1
[13:50:05.259] [SEVERE ] player 4 placing token on slot 2
[13:50:05.267] [SEVERE ] setting player 3 freeze to 0
[13:50:05.267] [SEVERE ] setting player 3 freeze to 0
[13:50:05.267] [SEVERE ] setting player 3 freeze to 0
[13:50:05.268] [SEVERE ] setting player 3 freeze to 0
[13:50:05.268] [SEVERE ] removing player 3 token from slot 1
[13:50:05.269] [SEVERE ] player 3 placing token on slot 9
[13:50:05.277] [SEVERE ] setting player 2 freeze to 0
[13:50:05.277] [SEVERE ] setting player 2 freeze to 0
[13:50:05.278] [SEVERE ] setting player 2 freeze to 0
[13:50:05.278] [SEVERE ] setting player 2 freeze to 0
[13:50:05.279] [SEVERE ] removing player 2 token from slot 10
[13:50:05.279] [SEVERE ] player 2 placing token on slot 5
[13:50:05.287] [SEVERE ] setting player 4 freeze to 0
[13:50:05.287] [SEVERE ] setting player 4 freeze to 0
[13:50:05.288] [SEVERE ] setting player 4 freeze to 0
[13:50:05.288] [SEVERE ] setting player 4 freeze to 0
[13:50:05.289] [SEVERE ] removing player 4 token from slot 10
[13:50:05.289] [SEVERE ] player 4 placing token on slot 4
[13:50:05.297] [SEVERE ] setting player 3 freeze to 0
[13:50:05.297] [SEVERE ] setting player 3 freeze to 0
[13:50:05.298] [SEVERE ] setting player 3 freeze to 0
[13:50:05.298] [SEVERE ] setting player 3 freeze to 0
[13:50:05.299] [SEVERE ] removing player 3 token from slot 9
[13:50:05.299] [SEVERE ] player 3 placing token on slot 6
[13:50:05.308] [SEVERE ] setting player 2 freeze to 0
[13:50:05.308] [SEVERE ] setting player 2 freeze to 0
[13:50:05.308] [SEVERE ] setting player 2 freeze to 0
[13:50:05.309] [SEVERE ] setting player 2 freeze to 0
[13:50:05.309] [SEVERE ] removing player 2 token from slot 8
[13:50:05.310] [SEVERE ] player 2 placing token on slot 0
[13:50:05.328] [SEVERE ] setting player 3 freeze to 0
[13:50:05.318] [SEVERE ] setting player 4 freeze to 0
[13:50:05.538] [SEVERE ] setting player 4 freeze to 0
[13:50:05.539] [SEVERE ] setting player 4 freeze to 0
[13:50:05.515] [SEVERE ] setting player 3 freeze to 0
[13:50:05.539] [SEVERE ] setting player 4 freeze to 0
[13:50:05.540] [SEVERE ] setting player 3 freeze to 0
[13:50:05.540] [SEVERE ] removing player 4 token from slot 2
[13:50:05.541] [SEVERE ] setting player 3 freeze to 0
[13:50:05.541] [SEVERE ] player 4 placing token on slot 2
[13:50:05.542] [SEVERE ] removing player 3 token from slot 6
[13:50:05.542] [SEVERE ] player 3 placing token on slot 11
[13:50:05.543] [SEVERE ] setting player 3 freeze to 0
[13:50:05.543] [SEVERE ] setting player 3 freeze to 0
[13:50:05.544] [SEVERE ] setting player 3 freeze to 0
[13:50:05.544] [SEVERE ] setting player 3 freeze to 0
[13:50:05.544] [SEVERE ] removing player 3 token from slot 8
[13:50:05.545] [SEVERE ] player 3 placing token on slot 0
[13:50:05.553] [SEVERE ] setting player 2 freeze to 0
[13:50:05.553] [SEVERE ] setting player 2 freeze to 0
[13:50:05.554] [SEVERE ] setting player 2 freeze to 0
[13:50:05.554] [SEVERE ] setting player 2 freeze to 0
[13:50:05.555] [SEVERE ] removing player 2 token from slot 2
[13:50:05.555] [SEVERE ] player 2 placing token on slot 2
[13:50:05.563] [SEVERE ] setting player 4 freeze to 0
[13:50:05.563] [SEVERE ] setting player 4 freeze to 0
[13:50:05.564] [SEVERE ] setting player 4 freeze to 0
[13:50:05.564] [SEVERE ] setting player 4 freeze to 0
[13:50:05.565] [SEVERE ] removing player 4 token from slot 4
[13:50:05.565] [SEVERE ] player 4 placing token on slot 8
[13:50:05.573] [SEVERE ] setting player 3 freeze to 0
[13:50:05.574] [SEVERE ] setting player 3 freeze to 0
[13:50:05.574] [SEVERE ] setting player 3 freeze to 0
[13:50:05.575] [SEVERE ] setting player 3 freeze to 0
[13:50:05.575] [SEVERE ] removing player 3 token from slot 0
[13:50:05.576] [SEVERE ] player 3 placing token on slot 9
[13:50:05.584] [SEVERE ] setting player 3 freeze to 0
[13:50:05.584] [SEVERE ] setting player 3 freeze to 0
[13:50:05.584] [SEVERE ] setting player 3 freeze to 0
[13:50:05.584] [SEVERE ] setting player 3 freeze to 0
[13:50:05.585] [SEVERE ] removing player 3 token from slot 10
[13:50:05.585] [SEVERE ] removing player 3 token from slot 9
[13:50:05.586] [SEVERE ] player 3 placing token on slot 9
[13:50:05.586] [SEVERE ] removing player 3 token from slot 11
[13:50:05.587] [SEVERE ] player 3 placing token on slot 11
[13:50:05.587] [SEVERE ] player 3 placing token on slot 7
[13:50:05.594] [SEVERE ] setting player 2 freeze to 0
[13:50:05.594] [SEVERE ] setting player 2 freeze to 0
[13:50:05.595] [SEVERE ] setting player 2 freeze to 0
[13:50:05.595] [SEVERE ] setting player 2 freeze to 0
[13:50:05.596] [SEVERE ] removing player 2 token from slot 5
[13:50:05.596] [SEVERE ] player 2 placing token on slot 8
[13:50:05.604] [SEVERE ] setting player 4 freeze to 0
[13:50:05.604] [SEVERE ] setting player 4 freeze to 0
[13:50:05.605] [SEVERE ] setting player 4 freeze to 0
[13:50:05.605] [SEVERE ] setting player 4 freeze to 0
[13:50:05.606] [SEVERE ] removing player 4 token from slot 2
[13:50:05.606] [SEVERE ] player 4 placing token on slot 11
[13:50:05.615] [SEVERE ] setting player 3 freeze to 0
[13:50:05.615] [SEVERE ] setting player 3 freeze to 0
[13:50:05.615] [SEVERE ] setting player 3 freeze to 0
[13:50:05.616] [SEVERE ] setting player 3 freeze to 0
[13:50:05.616] [SEVERE ] removing player 3 token from slot 7
[13:50:05.617] [SEVERE ] player 3 placing token on slot 4
[13:50:05.625] [SEVERE ] setting player 3 freeze to 0
[13:50:05.625] [SEVERE ] setting player 3 freeze to 0
[13:50:05.625] [SEVERE ] setting player 3 freeze to 0
[13:50:05.626] [SEVERE ] setting player 3 freeze to 0
[13:50:05.626] [SEVERE ] removing player 3 token from slot 9
[13:50:05.627] [SEVERE ] removing player 3 token from slot 11
[13:50:05.627] [SEVERE ] player 3 placing token on slot 5
[13:50:05.628] [SEVERE ] player 3 placing token on slot 6
[13:50:05.635] [SEVERE ] setting player 2 freeze to 0
[13:50:05.635] [SEVERE ] setting player 2 freeze to 0
[13:50:05.635] [SEVERE ] setting player 2 freeze to 0
[13:50:05.636] [SEVERE ] setting player 2 freeze to 0
[13:50:05.636] [SEVERE ] removing player 2 token from slot 0
[13:50:05.637] [SEVERE ] player 2 placing token on slot 9
[13:50:05.645] [SEVERE ] setting player 4 freeze to 0
[13:50:05.645] [SEVERE ] setting player 4 freeze to 0
[13:50:05.646] [SEVERE ] setting player 4 freeze to 0
[13:50:05.646] [SEVERE ] setting player 4 freeze to 0
[13:50:05.647] [SEVERE ] removing player 4 token from slot 5
[13:50:05.647] [SEVERE ] removing player 4 token from slot 8
[13:50:05.648] [SEVERE ] player 4 placing token on slot 3
[13:50:05.648] [SEVERE ] player 4 placing token on slot 6
[13:50:05.656] [SEVERE ] setting player 3 freeze to 0
[13:50:05.656] [SEVERE ] setting player 3 freeze to 0
[13:50:05.656] [SEVERE ] setting player 3 freeze to 0
[13:50:05.656] [SEVERE ] setting player 3 freeze to 0
[13:50:05.657] [SEVERE ] removing player 3 token from slot 4
[13:50:05.657] [SEVERE ] player 3 placing token on slot 11
[13:50:05.666] [SEVERE ] setting player 3 freeze to 0
[13:50:05.666] [SEVERE ] setting player 3 freeze to 0
[13:50:05.666] [SEVERE ] setting player 3 freeze to 0
[13:50:05.666] [SEVERE ] setting player 3 freeze to 0
[13:50:05.667] [SEVERE ] removing player 3 token from slot 5
[13:50:05.667] [SEVERE ] player 3 placing token on slot 9
[13:50:05.676] [SEVERE ] setting player 2 freeze to 0
[13:50:05.676] [SEVERE ] setting player 2 freeze to 0
[13:50:05.676] [SEVERE ] setting player 2 freeze to 0
[13:50:05.677] [SEVERE ] setting player 2 freeze to 0
[13:50:05.677] [SEVERE ] removing player 2 token from slot 8
[13:50:05.678] [SEVERE ] player 2 placing token on slot 0
[13:50:05.686] [SEVERE ] setting player 4 freeze to 0
[13:50:05.686] [SEVERE ] setting player 4 freeze to 0
[13:50:05.687] [SEVERE ] setting player 4 freeze to 0
[13:50:05.687] [SEVERE ] setting player 4 freeze to 0
[13:50:05.688] [SEVERE ] removing player 4 token from slot 3
[13:50:05.688] [SEVERE ] player 4 placing token on slot 9
[13:50:05.697] [SEVERE ] setting player 3 freeze to 0
[13:50:05.697] [SEVERE ] setting player 3 freeze to 0
[13:50:05.697] [SEVERE ] setting player 3 freeze to 0
[13:50:05.698] [SEVERE ] setting player 3 freeze to 0
[13:50:05.698] [SEVERE ] removing player 3 token from slot 6
[13:50:05.699] [SEVERE ] player 3 placing token on slot 8
[13:50:05.707] [SEVERE ] setting player 3 freeze to 0
[13:50:05.707] [SEVERE ] setting player 3 freeze to 0
[13:50:05.707] [SEVERE ] setting player 3 freeze to 0
[13:50:05.708] [SEVERE ] setting player 3 freeze to 0
[13:50:05.708] [SEVERE ] removing player 3 token from slot 8
[13:50:05.708] [SEVERE ] removing player 3 token from slot 11
[13:50:05.709] [SEVERE ] player 3 placing token on slot 10
[13:50:05.709] [SEVERE ] player 3 placing token on slot 5
[13:50:05.717] [SEVERE ] setting player 2 freeze to 0
[13:50:05.717] [SEVERE ] setting player 2 freeze to 0
[13:50:05.717] [SEVERE ] setting player 2 freeze to 0
[13:50:05.718] [SEVERE ] setting player 2 freeze to 0
[13:50:05.718] [SEVERE ] removing player 2 token from slot 9
[13:50:05.719] [SEVERE ] player 2 placing token on slot 4
[13:50:05.728] [SEVERE ] setting player 4 freeze to 0
[13:50:05.728] [SEVERE ] setting player 4 freeze to 0
[13:50:05.728] [SEVERE ] setting player 4 freeze to 0
[13:50:05.729] [SEVERE ] setting player 4 freeze to 0
[13:50:05.729] [SEVERE ] removing player 4 token from slot 11
[13:50:05.730] [SEVERE ] player 4 placing token on slot 1
[13:50:05.738] [SEVERE ] setting player 3 freeze to 0
[13:50:05.738] [SEVERE ] setting player 3 freeze to 0
[13:50:05.738] [SEVERE ] setting player 3 freeze to 0
[13:50:05.739] [SEVERE ] setting player 3 freeze to 0
[13:50:05.739] [SEVERE ] removing player 3 token from slot 10
[13:50:05.740] [SEVERE ] player 3 placing token on slot 1
[13:50:05.748] [SEVERE ] setting player 3 freeze to 0
[13:50:05.748] [SEVERE ] setting player 3 freeze to 0
[13:50:05.749] [SEVERE ] setting player 3 freeze to 0
[13:50:05.749] [SEVERE ] setting player 3 freeze to 0
[13:50:05.750] [SEVERE ] removing player 3 token from slot 9
[13:50:05.750] [SEVERE ] player 3 placing token on slot 11
[13:50:05.758] [SEVERE ] setting player 2 freeze to 0
[13:50:05.758] [SEVERE ] setting player 2 freeze to 0
[13:50:05.759] [SEVERE ] setting player 2 freeze to 0
[13:50:05.759] [SEVERE ] setting player 2 freeze to 0
[13:50:05.760] [SEVERE ] removing player 2 token from slot 4
[13:50:05.760] [SEVERE ] player 2 placing token on slot 5
[13:50:05.769] [SEVERE ] setting player 4 freeze to 0
[13:50:05.769] [SEVERE ] setting player 4 freeze to 0
[13:50:05.769] [SEVERE ] setting player 4 freeze to 0
[13:50:05.770] [SEVERE ] setting player 4 freeze to 0
[13:50:05.770] [SEVERE ] removing player 4 token from slot 9
[13:50:05.770] [SEVERE ] player 4 placing token on slot 10
[13:50:05.779] [SEVERE ] setting player 3 freeze to 0
[13:50:05.779] [SEVERE ] setting player 3 freeze to 0
[13:50:05.779] [SEVERE ] setting player 3 freeze to 0
[13:50:05.779] [SEVERE ] setting player 3 freeze to 0
[13:50:05.780] [SEVERE ] removing player 3 token from slot 11
[13:50:05.780] [SEVERE ] removing player 3 token from slot 5
[13:50:05.781] [SEVERE ] player 3 placing token on slot 10
[13:50:05.781] [SEVERE ] player 3 placing token on slot 8
[13:50:05.789] [SEVERE ] setting player 3 freeze to 0
[13:50:05.789] [SEVERE ] setting player 3 freeze to 0
[13:50:05.790] [SEVERE ] setting player 3 freeze to 0
[13:50:05.790] [SEVERE ] setting player 3 freeze to 0
[13:50:05.790] [SEVERE ] removing player 3 token from slot 1
[13:50:05.791] [SEVERE ] player 3 placing token on slot 6
[13:50:05.799] [SEVERE ] setting player 2 freeze to 0
[13:50:05.799] [SEVERE ] setting player 2 freeze to 0
[13:50:05.799] [SEVERE ] setting player 2 freeze to 0
[13:50:05.800] [SEVERE ] setting player 2 freeze to 0
[13:50:05.800] [SEVERE ] removing player 2 token from slot 0
[13:50:05.801] [SEVERE ] player 2 placing token on slot 3
[13:50:05.810] [SEVERE ] setting player 4 freeze to 0
[13:50:05.810] [SEVERE ] setting player 4 freeze to 0
[13:50:05.810] [SEVERE ] setting player 4 freeze to 0
[13:50:05.811] [SEVERE ] setting player 4 freeze to 0
[13:50:05.811] [SEVERE ] removing player 4 token from slot 6
[13:50:05.811] [SEVERE ] player 4 placing token on slot 8
[13:50:05.820] [SEVERE ] setting player 3 freeze to 0
[13:50:05.820] [SEVERE ] setting player 3 freeze to 0
[13:50:05.820] [SEVERE ] setting player 3 freeze to 0
[13:50:05.821] [SEVERE ] setting player 3 freeze to 0
[13:50:05.821] [SEVERE ] removing player 3 token from slot 8
[13:50:05.822] [SEVERE ] player 3 placing token on slot 7
[13:50:05.830] [SEVERE ] setting player 3 freeze to 0
[13:50:05.830] [SEVERE ] setting player 3 freeze to 0
[13:50:05.831] [SEVERE ] setting player 3 freeze to 0
[13:50:05.831] [SEVERE ] setting player 3 freeze to 0
[13:50:05.831] [SEVERE ] removing player 3 token from slot 10
[13:50:05.832] [SEVERE ] player 3 placing token on slot 1
[13:50:05.840] [SEVERE ] setting player 2 freeze to 0
[13:50:05.840] [SEVERE ] setting player 2 freeze to 0
[13:50:05.841] [SEVERE ] setting player 2 freeze to 0
[13:50:05.841] [SEVERE ] setting player 2 freeze to 0
[13:50:05.842] [SEVERE ] removing player 2 token from slot 5
[13:50:05.842] [SEVERE ] removing player 2 token from slot 2
[13:50:05.850] [SEVERE ] setting player 4 freeze to 0
[13:50:05.858] [SEVERE ] player 2 placing token on slot 9
[13:50:05.859] [SEVERE ] setting player 4 freeze to 0
[13:50:05.860] [SEVERE ] player 2 placing token on slot 4
[13:50:05.860] [SEVERE ] setting player 4 freeze to 0
[13:50:05.861] [SEVERE ] setting player 3 freeze to 0
[13:50:05.861] [SEVERE ] setting player 4 freeze to 0
[13:50:05.861] [SEVERE ] setting player 3 freeze to 0
[13:50:05.862] [SEVERE ] removing player 4 token from slot 8
[13:50:05.862] [SEVERE ] setting player 3 freeze to 0
[13:50:05.863] [SEVERE ] player 4 placing token on slot 0
[13:50:05.863] [SEVERE ] setting player 3 freeze to 0
[13:50:05.864] [SEVERE ] removing player 3 token from slot 1
[13:50:05.864] [SEVERE ] player 3 placing token on slot 0
[13:50:05.871] [SEVERE ] updating countdown to 30000
[13:50:05.871] [SEVERE ] setting player 3 score to 1
[13:50:05.871] [SEVERE ] removing player 3 token from slot 0
[13:50:05.871] [SEVERE ] setting player 3 freeze to 0
[13:50:05.872] [SEVERE ] setting player 3 freeze to 0
[13:50:05.873] [SEVERE ] removing player 3 token from slot 7
[13:50:05.873] [SEVERE ] player 3 placing token on slot 2
[13:50:05.972] [SEVERE ] removing card from slot 0
[13:50:05.972] [SEVERE ] removing player 3 token from slot 2
[13:50:06.073] [SEVERE ] removing card from slot 2
[13:50:06.073] [SEVERE ] removing player 3 token from slot 6
[13:50:06.174] [SEVERE ] removing card from slot 6
[13:50:06.174] [SEVERE ] removing player 3 token from slot 6
[13:50:06.175] [SEVERE ] removing player 3 token from slot 0
[13:50:06.175] [SEVERE ] removing player 3 token from slot 2
[13:50:06.175] [SEVERE ] removing player 4 token from slot 0
[13:50:06.276] [SEVERE ] placing card 27 in slot 0
[13:50:06.376] [SEVERE ] placing card 67 in slot 2
[13:50:06.476] [SEVERE ] placing card 0 in slot 6
[13:50:06.487] [SEVERE ] setting player 2 freeze to 0
[13:50:06.487] [SEVERE ] setting player 2 freeze to 0
[13:50:06.487] [SEVERE ] setting player 2 freeze to 0
[13:50:06.488] [SEVERE ] setting player 2 freeze to 0
[13:50:06.488] [SEVERE ] removing player 2 token from slot 4
[13:50:06.488] [SEVERE ] player 2 placing token on slot 0
[13:50:06.497] [SEVERE ] updating countdown to 30000
[13:50:06.497] [SEVERE ] setting player 4 score to 1
[13:50:06.497] [SEVERE ] removing player 4 token from slot 1
[13:50:06.497] [SEVERE ] setting player 4 freeze to 0
[13:50:06.498] [SEVERE ] setting player 4 freeze to 0
[13:50:06.499] [SEVERE ] removing player 4 token from slot 1
[13:50:06.499] [SEVERE ] player 4 placing token on slot 2
[13:50:06.499] [SEVERE ] player 4 placing token on slot 3
[13:50:06.598] [SEVERE ] removing card from slot 1
[13:50:06.598] [SEVERE ] removing player 4 token from slot 2
[13:50:06.699] [SEVERE ] removing card from slot 2
[13:50:06.699] [SEVERE ] removing player 4 token from slot 3
[13:50:06.799] [SEVERE ] removing card from slot 3
[13:50:06.799] [SEVERE ] removing player 4 token from slot 10
[13:50:06.900] [SEVERE ] removing card from slot 10
[13:50:06.900] [SEVERE ] removing player 1 token from slot 1
[13:50:06.901] [SEVERE ] removing player 2 token from slot 3
[13:50:06.901] [SEVERE ] removing player 4 token from slot 2
[13:50:06.902] [SEVERE ] removing player 4 token from slot 3
[13:50:06.903] [INFO   ] thread dealer terminated.
[13:50:11.903] [SEVERE ] thanks for playing... it was fun!
[13:50:11.903] [INFO   ] thread main terminated.
[13:50:11.903] [SEVERE ] disposing of user interface elements
