[19:34:12.889] [INFO   ] thread main starting.
[19:34:12.895] [SEVERE ] cannot read configuration file config.properties trying from resources.
[19:34:12.896] [SEVERE ] configuration file was loaded from resources directory.
[19:34:13.285] [INFO   ] thread dealer starting.
[19:34:13.286] [INFO   ] Thread dealer starting.
[19:34:13.392] [SEVERE ] placing card 49 in slot 0
[19:34:13.493] [SEVERE ] placing card 68 in slot 1
[19:34:13.594] [SEVERE ] placing card 80 in slot 2
[19:34:13.695] [SEVERE ] placing card 71 in slot 3
[19:34:13.795] [SEVERE ] placing card 50 in slot 4
[19:34:13.896] [SEVERE ] placing card 43 in slot 5
[19:34:13.997] [SEVERE ] placing card 18 in slot 6
[19:34:14.098] [SEVERE ] placing card 55 in slot 7
[19:34:14.199] [SEVERE ] placing card 34 in slot 8
[19:34:14.300] [SEVERE ] placing card 17 in slot 9
[19:34:14.400] [SEVERE ] placing card 66 in slot 10
[19:34:14.501] [SEVERE ] placing card 30 in slot 11
[19:34:14.502] [INFO   ] Thread Thread-1starting.
[19:34:14.502] [INFO   ] Thread Thread-4starting.
[19:34:14.502] [INFO   ] Thread Thread-3starting.
[19:34:14.502] [SEVERE ] updating countdown to 5000
[19:34:14.502] [INFO   ] Thread Thread-2starting.
[19:34:14.505] [INFO   ] Thread computer-0 starting.
[19:34:14.505] [SEVERE ] player 1 placing token on slot 7
[19:34:14.506] [INFO   ] Thread computer-3 starting.
[19:34:14.506] [SEVERE ] player 4 placing token on slot 3
[19:34:14.513] [INFO   ] Thread computer-1 starting.
[19:34:14.513] [SEVERE ] player 2 placing token on slot 10
[19:34:14.513] [INFO   ] Thread computer-2 starting.
[19:34:14.516] [SEVERE ] player 3 placing token on slot 9
[19:34:16.502] [SEVERE ] updating countdown to 3000
[19:34:17.502] [SEVERE ] updating countdown to 2000
[19:34:19.502] [SEVERE ] updating countdown to 5000
[19:34:19.502] [SEVERE ] updating countdown to 5000
[19:34:19.604] [SEVERE ] removing card from slot 0
[19:34:19.709] [SEVERE ] removing card from slot 1
[19:34:19.809] [SEVERE ] removing card from slot 2
[19:34:19.910] [SEVERE ] removing card from slot 3
[19:34:20.010] [SEVERE ] removing card from slot 4
[19:34:20.111] [SEVERE ] removing card from slot 5
[19:34:20.211] [SEVERE ] removing card from slot 6
[19:34:20.311] [SEVERE ] removing card from slot 7
[19:34:20.412] [SEVERE ] removing card from slot 8
[19:34:20.512] [SEVERE ] removing card from slot 9
[19:34:20.612] [SEVERE ] removing card from slot 10
[19:34:20.713] [SEVERE ] removing card from slot 11
[19:34:20.713] [SEVERE ] removing all tokens
[19:34:20.813] [SEVERE ] placing card 40 in slot 0
[19:34:20.914] [SEVERE ] placing card 78 in slot 1
[19:34:21.014] [SEVERE ] placing card 63 in slot 2
[19:34:21.114] [SEVERE ] placing card 5 in slot 3
[19:34:21.214] [SEVERE ] placing card 36 in slot 4
[19:34:21.315] [SEVERE ] placing card 74 in slot 5
[19:34:21.415] [SEVERE ] placing card 26 in slot 6
[19:34:21.516] [SEVERE ] placing card 45 in slot 7
[19:34:21.616] [SEVERE ] placing card 41 in slot 8
[19:34:21.716] [SEVERE ] placing card 77 in slot 9
[19:34:21.817] [SEVERE ] placing card 8 in slot 10
[19:34:21.917] [SEVERE ] placing card 65 in slot 11
[19:34:21.920] [INFO   ] Thread Thread-5starting.
[19:34:21.920] [INFO   ] Thread Thread-6starting.
[19:34:21.921] [INFO   ] Thread Thread-7starting.
[19:34:21.921] [SEVERE ] updating countdown to 5000
[19:34:21.922] [INFO   ] Thread Thread-8starting.
[19:34:21.930] [INFO   ] Thread computer-2 starting.
[19:34:21.930] [INFO   ] Thread computer-0 starting.
[19:34:21.940] [INFO   ] Thread computer-1 starting.
[19:34:21.953] [INFO   ] Thread computer-3 starting.
[19:34:23.921] [SEVERE ] updating countdown to 3000
[19:34:26.924] [SEVERE ] updating countdown to 5000
[19:34:26.925] [SEVERE ] updating countdown to 5000
[19:34:27.026] [SEVERE ] removing card from slot 0
[19:34:27.126] [SEVERE ] removing card from slot 1
[19:34:27.226] [SEVERE ] removing card from slot 2
[19:34:27.326] [SEVERE ] removing card from slot 3
[19:34:27.427] [SEVERE ] removing card from slot 4
[19:34:27.527] [SEVERE ] removing card from slot 5
[19:34:27.628] [SEVERE ] removing card from slot 6
[19:34:27.728] [SEVERE ] removing card from slot 7
[19:34:27.828] [SEVERE ] removing card from slot 8
[19:34:27.928] [SEVERE ] removing card from slot 9
[19:34:28.029] [SEVERE ] removing card from slot 10
[19:34:28.129] [SEVERE ] removing card from slot 11
[19:34:28.129] [SEVERE ] removing all tokens
[19:34:28.230] [SEVERE ] placing card 3 in slot 0
[19:34:28.331] [SEVERE ] placing card 67 in slot 1
[19:34:28.432] [SEVERE ] placing card 47 in slot 2
[19:34:28.532] [SEVERE ] placing card 75 in slot 3
[19:34:28.633] [SEVERE ] placing card 4 in slot 4
[19:34:28.733] [SEVERE ] placing card 0 in slot 5
[19:34:28.835] [SEVERE ] placing card 54 in slot 6
[19:34:28.935] [SEVERE ] placing card 76 in slot 7
[19:34:29.036] [SEVERE ] placing card 57 in slot 8
[19:34:29.146] [SEVERE ] placing card 72 in slot 9
[19:34:29.246] [SEVERE ] placing card 23 in slot 10
[19:34:29.347] [SEVERE ] placing card 61 in slot 11
[19:34:29.355] [INFO   ] Thread Thread-9starting.
[19:34:29.373] [INFO   ] Thread Thread-10starting.
[19:34:29.377] [INFO   ] Thread Thread-11starting.
[19:34:29.396] [SEVERE ] updating countdown to 5000
[19:34:29.396] [INFO   ] Thread Thread-12starting.
[19:34:29.405] [INFO   ] Thread computer-0 starting.
[19:34:29.437] [INFO   ] Thread computer-2 starting.
[19:34:29.453] [INFO   ] Thread computer-3 starting.
[19:34:29.469] [INFO   ] Thread computer-1 starting.
