[19:06:40.876] [INFO   ] thread main starting.
[19:06:40.882] [SEVERE ] cannot read configuration file config.properties trying from resources.
[19:06:40.884] [SEVERE ] configuration file was loaded from resources directory.
[19:06:41.330] [INFO   ] thread dealer starting.
[19:06:41.330] [INFO   ] Thread dealer starting.
[19:06:41.435] [SEVERE ] placing card 36 in slot 0
[19:06:41.536] [SEVERE ] placing card 19 in slot 1
[19:06:41.637] [SEVERE ] placing card 18 in slot 2
[19:06:41.738] [SEVERE ] placing card 61 in slot 3
[19:06:41.839] [SEVERE ] placing card 52 in slot 4
[19:06:41.940] [SEVERE ] placing card 49 in slot 5
[19:06:42.042] [SEVERE ] placing card 33 in slot 6
[19:06:42.143] [SEVERE ] placing card 73 in slot 7
[19:06:42.244] [SEVERE ] placing card 6 in slot 8
[19:06:42.345] [SEVERE ] placing card 22 in slot 9
[19:06:42.446] [SEVERE ] placing card 56 in slot 10
[19:06:42.547] [SEVERE ] placing card 12 in slot 11
[19:06:42.548] [INFO   ] Thread Thread-1starting.
[19:06:42.548] [INFO   ] Thread Thread-4starting.
[19:06:42.548] [SEVERE ] updating countdown to 5000
[19:06:42.551] [INFO   ] Thread computer-3 starting.
[19:06:42.548] [INFO   ] Thread Thread-3starting.
[19:06:42.548] [INFO   ] Thread Thread-2starting.
[19:06:42.551] [SEVERE ] player 4 placing token on slot 9
[19:06:42.552] [SEVERE ] player 4 placing token on slot 3
[19:06:42.552] [SEVERE ] player 4 placing token on slot 10
[19:06:42.558] [INFO   ] Thread computer-2 starting.
[19:06:42.564] [SEVERE ] player 3 placing token on slot 7
[19:06:42.565] [SEVERE ] player 3 placing token on slot 3
[19:06:42.570] [SEVERE ] player 3 placing token on slot 6
[19:06:42.558] [INFO   ] Thread computer-0 starting.
[19:06:42.573] [SEVERE ] player 1 placing token on slot 9
[19:06:42.573] [SEVERE ] player 1 placing token on slot 11
[19:06:42.574] [SEVERE ] removing player 1 token from slot 9
[19:06:42.574] [SEVERE ] player 1 placing token on slot 9
[19:06:42.576] [SEVERE ] player 1 placing token on slot 1
[19:06:42.552] [INFO   ] Thread computer-1 starting.
[19:06:42.576] [SEVERE ] player 2 placing token on slot 2
[19:06:42.577] [SEVERE ] player 2 placing token on slot 6
[19:06:42.577] [SEVERE ] player 2 placing token on slot 9
[19:06:42.573] [SEVERE ] setting player 4 freeze to 0
[19:06:42.580] [SEVERE ] setting player 4 freeze to 0
[19:06:42.580] [SEVERE ] setting player 4 freeze to 0
[19:06:42.581] [SEVERE ] setting player 4 freeze to 0
[19:06:42.582] [SEVERE ] removing player 4 token from slot 10
[19:06:42.582] [SEVERE ] player 4 placing token on slot 7
[19:06:42.583] [SEVERE ] setting player 3 freeze to 0
[19:06:42.583] [SEVERE ] setting player 3 freeze to 0
[19:06:42.584] [SEVERE ] setting player 3 freeze to 0
[19:06:42.584] [SEVERE ] setting player 3 freeze to 0
[19:06:42.585] [SEVERE ] removing player 3 token from slot 3
[19:06:42.591] [SEVERE ] player 3 placing token on slot 11
[19:06:42.593] [SEVERE ] setting player 1 freeze to 0
[19:06:42.594] [SEVERE ] setting player 1 freeze to 0
[19:06:42.594] [SEVERE ] setting player 1 freeze to 0
[19:06:42.595] [SEVERE ] setting player 1 freeze to 0
[19:06:42.595] [SEVERE ] removing player 1 token from slot 9
[19:06:42.595] [SEVERE ] player 1 placing token on slot 10
[19:06:42.604] [SEVERE ] setting player 2 freeze to 0
[19:06:42.604] [SEVERE ] setting player 2 freeze to 0
[19:06:42.604] [SEVERE ] setting player 2 freeze to 0
[19:06:42.605] [SEVERE ] setting player 2 freeze to 0
[19:06:42.606] [SEVERE ] removing player 2 token from slot 9
[19:06:42.606] [SEVERE ] player 2 placing token on slot 10
[19:06:42.614] [SEVERE ] setting player 4 freeze to 0
[19:06:42.614] [SEVERE ] setting player 4 freeze to 0
[19:06:42.615] [SEVERE ] setting player 4 freeze to 0
[19:06:42.615] [SEVERE ] setting player 4 freeze to 0
[19:06:42.616] [SEVERE ] removing player 4 token from slot 9
[19:06:42.616] [SEVERE ] player 4 placing token on slot 2
[19:06:42.624] [SEVERE ] setting player 3 freeze to 0
[19:06:42.624] [SEVERE ] setting player 3 freeze to 0
[19:06:42.625] [SEVERE ] setting player 3 freeze to 0
[19:06:42.626] [SEVERE ] setting player 3 freeze to 0
[19:06:42.626] [SEVERE ] removing player 3 token from slot 11
[19:06:42.627] [SEVERE ] player 3 placing token on slot 2
[19:06:42.635] [SEVERE ] setting player 1 freeze to 0
[19:06:42.635] [SEVERE ] setting player 1 freeze to 0
[19:06:42.635] [SEVERE ] setting player 1 freeze to 0
[19:06:42.636] [SEVERE ] setting player 1 freeze to 0
[19:06:42.636] [SEVERE ] removing player 1 token from slot 1
[19:06:42.637] [SEVERE ] player 1 placing token on slot 7
[19:06:42.645] [SEVERE ] setting player 2 freeze to 0
[19:06:42.645] [SEVERE ] setting player 2 freeze to 0
[19:06:42.646] [SEVERE ] setting player 2 freeze to 0
[19:06:42.647] [SEVERE ] setting player 2 freeze to 0
[19:06:42.647] [SEVERE ] removing player 2 token from slot 2
[19:06:42.648] [SEVERE ] removing player 2 token from slot 6
[19:06:42.648] [SEVERE ] player 2 placing token on slot 2
[19:06:42.648] [SEVERE ] player 2 placing token on slot 7
[19:06:42.655] [SEVERE ] setting player 4 freeze to 0
[19:06:42.655] [SEVERE ] setting player 4 freeze to 0
[19:06:42.656] [SEVERE ] setting player 4 freeze to 0
[19:06:42.657] [SEVERE ] setting player 4 freeze to 0
[19:06:42.660] [SEVERE ] removing player 4 token from slot 3
[19:06:42.661] [SEVERE ] removing player 4 token from slot 2
[19:06:42.661] [SEVERE ] player 4 placing token on slot 5
[19:06:42.662] [SEVERE ] player 4 placing token on slot 2
[19:06:42.666] [SEVERE ] setting player 3 freeze to 0
[19:06:42.666] [SEVERE ] setting player 3 freeze to 0
[19:06:42.666] [SEVERE ] setting player 3 freeze to 0
[19:06:42.667] [SEVERE ] setting player 3 freeze to 0
[19:06:42.667] [SEVERE ] removing player 3 token from slot 6
[19:06:42.668] [SEVERE ] removing player 3 token from slot 2
[19:06:42.668] [SEVERE ] player 3 placing token on slot 11
[19:06:42.668] [SEVERE ] player 3 placing token on slot 8
[19:06:42.681] [SEVERE ] setting player 1 freeze to 0
[19:06:42.682] [SEVERE ] setting player 1 freeze to 0
[19:06:42.682] [SEVERE ] setting player 1 freeze to 0
[19:06:42.684] [SEVERE ] setting player 1 freeze to 0
[19:06:42.686] [SEVERE ] removing player 1 token from slot 10
[19:06:42.686] [SEVERE ] setting player 2 freeze to 0
[19:06:42.687] [SEVERE ] setting player 2 freeze to 0
[19:06:42.687] [SEVERE ] player 1 placing token on slot 1
[19:06:42.687] [SEVERE ] setting player 2 freeze to 0
[19:06:42.689] [SEVERE ] setting player 2 freeze to 0
[19:06:42.689] [SEVERE ] removing player 2 token from slot 7
[19:06:42.690] [SEVERE ] removing player 2 token from slot 10
[19:06:42.691] [SEVERE ] player 2 placing token on slot 1
[19:06:42.691] [SEVERE ] player 2 placing token on slot 6
[19:06:42.697] [SEVERE ] setting player 4 freeze to 0
[19:06:42.697] [SEVERE ] setting player 4 freeze to 0
[19:06:42.697] [SEVERE ] setting player 4 freeze to 0
[19:06:42.697] [SEVERE ] setting player 4 freeze to 0
[19:06:42.698] [SEVERE ] removing player 4 token from slot 5
[19:06:42.698] [SEVERE ] removing player 4 token from slot 7
[19:06:42.699] [SEVERE ] player 4 placing token on slot 4
[19:06:42.699] [SEVERE ] player 4 placing token on slot 11
[19:06:42.707] [SEVERE ] setting player 3 freeze to 0
[19:06:42.707] [SEVERE ] setting player 3 freeze to 0
[19:06:42.714] [SEVERE ] setting player 3 freeze to 0
[19:06:42.714] [SEVERE ] setting player 3 freeze to 0
[19:06:42.715] [SEVERE ] removing player 3 token from slot 11
[19:06:42.715] [SEVERE ] player 3 placing token on slot 11
[19:06:42.717] [SEVERE ] setting player 1 freeze to 0
[19:06:42.717] [SEVERE ] setting player 1 freeze to 0
[19:06:42.718] [SEVERE ] setting player 1 freeze to 0
[19:06:42.719] [SEVERE ] setting player 1 freeze to 0
[19:06:42.719] [SEVERE ] removing player 1 token from slot 7
[19:06:42.720] [SEVERE ] player 1 placing token on slot 8
[19:06:42.728] [SEVERE ] setting player 2 freeze to 0
[19:06:42.728] [SEVERE ] setting player 2 freeze to 0
[19:06:42.729] [SEVERE ] setting player 2 freeze to 0
[19:06:42.729] [SEVERE ] setting player 2 freeze to 0
[19:06:42.729] [SEVERE ] removing player 2 token from slot 2
[19:06:42.730] [SEVERE ] player 2 placing token on slot 2
[19:06:42.738] [SEVERE ] setting player 4 freeze to 0
[19:06:42.738] [SEVERE ] setting player 4 freeze to 0
[19:06:42.738] [SEVERE ] setting player 4 freeze to 0
[19:06:42.739] [SEVERE ] setting player 4 freeze to 0
[19:06:42.742] [SEVERE ] removing player 4 token from slot 2
[19:06:42.743] [SEVERE ] player 4 placing token on slot 10
[19:06:42.748] [SEVERE ] setting player 3 freeze to 0
[19:06:42.748] [SEVERE ] setting player 3 freeze to 0
[19:06:42.749] [SEVERE ] setting player 3 freeze to 0
[19:06:42.750] [SEVERE ] setting player 3 freeze to 0
[19:06:42.750] [SEVERE ] removing player 3 token from slot 8
[19:06:42.751] [SEVERE ] removing player 3 token from slot 11
[19:06:42.751] [SEVERE ] player 3 placing token on slot 1
[19:06:42.751] [SEVERE ] player 3 placing token on slot 8
[19:06:42.759] [SEVERE ] setting player 1 freeze to 0
[19:06:42.759] [SEVERE ] setting player 1 freeze to 0
[19:06:42.760] [SEVERE ] setting player 1 freeze to 0
[19:06:42.760] [SEVERE ] setting player 1 freeze to 0
[19:06:42.765] [SEVERE ] removing player 1 token from slot 11
[19:06:42.765] [SEVERE ] player 1 placing token on slot 9
[19:06:42.769] [SEVERE ] setting player 2 freeze to 0
[19:06:42.769] [SEVERE ] setting player 2 freeze to 0
[19:06:42.770] [SEVERE ] setting player 2 freeze to 0
[19:06:42.770] [SEVERE ] setting player 2 freeze to 0
[19:06:42.770] [SEVERE ] removing player 2 token from slot 6
[19:06:42.771] [SEVERE ] player 2 placing token on slot 7
[19:06:42.781] [SEVERE ] updating countdown to 5000
[19:06:42.781] [SEVERE ] removing player 4 token from slot 4
[19:06:42.783] [SEVERE ] removing player 4 token from slot 4
[19:06:42.783] [SEVERE ] removing player 4 token from slot 4
[19:06:42.783] [SEVERE ] setting player 4 score to 1
[19:06:42.784] [SEVERE ] setting player 4 freeze to 0
[19:06:42.784] [SEVERE ] setting player 4 freeze to 0
[19:06:42.785] [SEVERE ] removing player 4 token from slot 10
[19:06:42.785] [SEVERE ] player 4 placing token on slot 5
[19:06:42.786] [SEVERE ] removing player 4 token from slot 4
[19:06:42.886] [SEVERE ] removing card from slot 4
[19:06:42.887] [SEVERE ] removing player 4 token from slot 5
[19:06:42.988] [SEVERE ] removing card from slot 5
[19:06:42.988] [SEVERE ] removing player 4 token from slot 11
[19:06:43.089] [SEVERE ] removing card from slot 11
[19:06:43.090] [SEVERE ] removing player 4 token from slot 4
[19:06:43.090] [SEVERE ] removing player 4 token from slot 5
[19:06:43.090] [SEVERE ] removing player 4 token from slot 11
[19:06:43.190] [SEVERE ] placing card 55 in slot 4
[19:06:43.293] [SEVERE ] placing card 80 in slot 5
[19:06:43.393] [SEVERE ] placing card 74 in slot 11
[19:06:43.403] [SEVERE ] setting player 3 freeze to 0
[19:06:43.404] [SEVERE ] setting player 3 freeze to 0
[19:06:43.404] [SEVERE ] setting player 3 freeze to 0
[19:06:43.405] [SEVERE ] setting player 3 freeze to 0
[19:06:43.405] [SEVERE ] removing player 3 token from slot 1
[19:06:43.408] [SEVERE ] player 3 placing token on slot 3
[19:06:43.416] [SEVERE ] setting player 1 freeze to 0
[19:06:43.416] [SEVERE ] setting player 1 freeze to 0
[19:06:43.417] [SEVERE ] setting player 1 freeze to 0
[19:06:43.417] [SEVERE ] setting player 1 freeze to 0
[19:06:43.418] [SEVERE ] removing player 1 token from slot 1
[19:06:43.419] [SEVERE ] player 1 placing token on slot 7
[19:06:43.426] [SEVERE ] setting player 2 freeze to 0
[19:06:43.426] [SEVERE ] setting player 2 freeze to 0
[19:06:43.427] [SEVERE ] setting player 2 freeze to 0
[19:06:43.427] [SEVERE ] setting player 2 freeze to 0
[19:06:43.428] [SEVERE ] removing player 2 token from slot 2
[19:06:43.428] [SEVERE ] removing player 2 token from slot 1
[19:06:43.429] [SEVERE ] player 2 placing token on slot 4
[19:06:43.429] [SEVERE ] removing player 2 token from slot 7
[19:06:43.430] [SEVERE ] player 2 placing token on slot 5
[19:06:43.430] [SEVERE ] removing player 2 token from slot 4
[19:06:43.431] [SEVERE ] player 2 placing token on slot 7
[19:06:43.432] [SEVERE ] player 2 placing token on slot 9
[19:06:43.437] [SEVERE ] updating countdown to 5000
