[17:07:57.357] [INFO   ] thread main starting.
[17:07:57.364] [SEVERE ] cannot read configuration file config.properties trying from resources.
[17:07:57.365] [SEVERE ] configuration file was loaded from resources directory.
[17:07:57.963] [INFO   ] thread dealer starting.
[17:07:57.964] [INFO   ] Thread dealer starting.
[17:07:58.084] [SEVERE ] placing card 28 in slot 0
[17:07:58.185] [SEVERE ] placing card 23 in slot 1
[17:07:58.286] [SEVERE ] placing card 7 in slot 2
[17:07:58.386] [SEVERE ] placing card 0 in slot 3
[17:07:58.488] [SEVERE ] placing card 78 in slot 4
[17:07:58.588] [SEVERE ] placing card 14 in slot 5
[17:07:58.690] [SEVERE ] placing card 5 in slot 6
[17:07:58.791] [SEVERE ] placing card 19 in slot 7
[17:07:58.892] [SEVERE ] placing card 74 in slot 8
[17:07:58.993] [SEVERE ] placing card 38 in slot 9
[17:07:59.093] [SEVERE ] placing card 76 in slot 10
[17:07:59.194] [SEVERE ] placing card 26 in slot 11
[17:07:59.196] [INFO   ] Thread Thread-1starting.
[17:07:59.197] [INFO   ] Thread Thread-4starting.
[17:07:59.197] [SEVERE ] updating countdown to 15000
[17:07:59.196] [INFO   ] Thread Thread-3starting.
[17:07:59.199] [INFO   ] Thread computer-0 starting.
[17:07:59.201] [SEVERE ] player 1 placing token on slot 1
[17:07:59.203] [SEVERE ] player 1 placing token on slot 4
[17:07:59.204] [SEVERE ] removing player 1 token from slot 4
[17:07:59.196] [INFO   ] Thread Thread-2starting.
[17:07:59.210] [SEVERE ] player 1 placing token on slot 5
[17:07:59.209] [INFO   ] Thread computer-2 starting.
[17:07:59.213] [SEVERE ] player 3 placing token on slot 7
[17:07:59.213] [SEVERE ] player 3 placing token on slot 2
[17:07:59.214] [SEVERE ] removing player 3 token from slot 7
[17:07:59.214] [SEVERE ] player 3 placing token on slot 9
[17:07:59.215] [SEVERE ] player 3 placing token on slot 10
[17:07:59.201] [INFO   ] Thread computer-3 starting.
[17:07:59.217] [SEVERE ] player 4 placing token on slot 11
[17:07:59.218] [SEVERE ] player 4 placing token on slot 7
[17:07:59.212] [SEVERE ] player 1 placing token on slot 10
[17:07:59.225] [SEVERE ] player 4 placing token on slot 3
[17:07:59.219] [INFO   ] Thread computer-1 starting.
[17:07:59.233] [SEVERE ] player 2 placing token on slot 10
[17:07:59.238] [SEVERE ] player 2 placing token on slot 6
[17:07:59.238] [SEVERE ] player 2 placing token on slot 7
[17:08:00.200] [SEVERE ] setting player 3 freeze to 3000
[17:08:00.201] [INFO   ] thread dealer terminated.
