[17:44:58.547] [INFO   ] thread main starting.
[17:44:58.555] [SEVERE ] cannot read configuration file config.properties trying from resources.
[17:44:58.556] [SEVERE ] configuration file was loaded from resources directory.
[17:44:58.895] [INFO   ] thread dealer starting.
[17:44:58.895] [INFO   ] Thread dealer starting.
[17:44:59.001] [SEVERE ] placing card 59 in slot 0
[17:44:59.103] [SEVERE ] placing card 12 in slot 1
[17:44:59.203] [SEVERE ] placing card 32 in slot 2
[17:44:59.304] [SEVERE ] placing card 6 in slot 3
[17:44:59.405] [SEVERE ] placing card 43 in slot 4
[17:44:59.507] [SEVERE ] placing card 56 in slot 5
[17:44:59.608] [SEVERE ] placing card 74 in slot 6
[17:44:59.709] [SEVERE ] placing card 66 in slot 7
[17:44:59.810] [SEVERE ] placing card 42 in slot 8
[17:44:59.911] [SEVERE ] placing card 10 in slot 9
[17:45:00.012] [SEVERE ] placing card 27 in slot 10
[17:45:00.113] [SEVERE ] placing card 7 in slot 11
[17:45:00.115] [INFO   ] Thread Thread-1starting.
[17:45:00.115] [INFO   ] Thread Thread-2starting.
[17:45:00.115] [SEVERE ] updating countdown to 60000
[17:45:00.509] [SEVERE ] key 65 was pressed by player 1
[17:45:00.515] [SEVERE ] player 1 placing token on slot 4
[17:45:00.891] [SEVERE ] key 83 was pressed by player 1
[17:45:00.894] [SEVERE ] player 1 placing token on slot 5
[17:45:01.119] [SEVERE ] updating countdown to 58996
[17:45:01.715] [SEVERE ] key 80 was pressed by player 2
[17:45:01.717] [SEVERE ] player 2 placing token on slot 3
[17:45:01.787] [SEVERE ] key 79 was pressed by player 2
[17:45:01.788] [SEVERE ] player 2 placing token on slot 2
[17:45:02.120] [SEVERE ] updating countdown to 57995
[17:45:02.227] [SEVERE ] key 68 was pressed by player 1
[17:45:02.490] [SEVERE ] key 68 was pressed by player 1
[17:45:02.698] [SEVERE ] key 68 was pressed by player 1
[17:45:02.890] [SEVERE ] key 68 was pressed by player 1
[17:45:03.074] [SEVERE ] key 68 was pressed by player 1
[17:45:03.121] [SEVERE ] updating countdown to 56994
[17:45:03.274] [SEVERE ] key 68 was pressed by player 1
[17:45:03.466] [SEVERE ] key 68 was pressed by player 1
[17:45:03.698] [SEVERE ] key 79 was pressed by player 2
[17:45:03.699] [SEVERE ] removing player 2 token from slot 2
[17:45:04.122] [SEVERE ] updating countdown to 55993
[17:45:04.122] [SEVERE ] key 79 was pressed by player 2
[17:45:04.124] [SEVERE ] player 2 placing token on slot 2
[17:45:04.483] [SEVERE ] key 79 was pressed by player 2
[17:45:04.484] [SEVERE ] removing player 2 token from slot 2
[17:45:04.666] [SEVERE ] key 73 was pressed by player 2
[17:45:04.667] [SEVERE ] player 2 placing token on slot 1
[17:45:04.874] [SEVERE ] key 73 was pressed by player 2
[17:45:04.875] [SEVERE ] removing player 2 token from slot 1
[17:45:05.074] [SEVERE ] key 79 was pressed by player 2
[17:45:05.075] [SEVERE ] player 2 placing token on slot 2
[17:45:05.123] [SEVERE ] updating countdown to 54992
[17:45:05.290] [SEVERE ] key 73 was pressed by player 2
[17:45:05.292] [SEVERE ] player 2 placing token on slot 1
[17:45:05.499] [SEVERE ] key 79 was pressed by player 2
[17:45:05.499] [SEVERE ] removing player 2 token from slot 2
[17:45:05.618] [SEVERE ] key 73 was pressed by player 2
[17:45:05.619] [SEVERE ] removing player 2 token from slot 1
[17:45:05.802] [SEVERE ] key 79 was pressed by player 2
[17:45:05.803] [SEVERE ] player 2 placing token on slot 2
[17:45:05.906] [SEVERE ] key 73 was pressed by player 2
[17:45:05.907] [SEVERE ] player 2 placing token on slot 1
[17:45:06.010] [SEVERE ] key 67 was pressed by player 1
[17:45:06.123] [SEVERE ] updating countdown to 53992
[17:45:06.210] [SEVERE ] key 67 was pressed by player 1
[17:45:06.378] [SEVERE ] key 67 was pressed by player 1
[17:45:06.506] [SEVERE ] key 79 was pressed by player 2
[17:45:06.578] [SEVERE ] key 67 was pressed by player 1
[17:45:06.594] [SEVERE ] key 80 was pressed by player 2
[17:45:06.778] [SEVERE ] key 67 was pressed by player 1
[17:45:06.954] [SEVERE ] key 67 was pressed by player 1
[17:45:07.124] [SEVERE ] updating countdown to 52991
[17:45:07.410] [SEVERE ] key 83 was pressed by player 1
[17:45:07.835] [SEVERE ] key 59 was pressed by player 2
[17:45:08.124] [SEVERE ] updating countdown to 51991
[17:45:08.323] [SEVERE ] key 76 was pressed by player 2
[17:45:08.666] [SEVERE ] key 76 was pressed by player 2
[17:45:08.794] [SEVERE ] key 59 was pressed by player 2
[17:45:09.124] [SEVERE ] updating countdown to 50991
[17:45:09.274] [SEVERE ] key 59 was pressed by player 2
[17:45:09.386] [SEVERE ] key 76 was pressed by player 2
[17:45:09.610] [SEVERE ] key 76 was pressed by player 2
[17:45:09.690] [SEVERE ] key 59 was pressed by player 2
[17:45:10.050] [SEVERE ] key 65 was pressed by player 1
[17:45:10.115] [SEVERE ] key 59 was pressed by player 2
[17:45:10.125] [SEVERE ] updating countdown to 49990
[17:45:10.194] [SEVERE ] key 83 was pressed by player 1
[17:45:10.219] [SEVERE ] key 76 was pressed by player 2
[17:45:10.523] [SEVERE ] key 83 was pressed by player 1
[17:45:10.834] [SEVERE ] key 83 was pressed by player 1
[17:45:11.082] [SEVERE ] key 81 was pressed by player 1
[17:45:11.126] [SEVERE ] updating countdown to 48989
[17:45:11.298] [SEVERE ] key 81 was pressed by player 1
[17:45:11.498] [SEVERE ] key 81 was pressed by player 1
[17:45:11.666] [SEVERE ] key 81 was pressed by player 1
[17:45:12.126] [SEVERE ] updating countdown to 47989
[17:45:13.127] [SEVERE ] updating countdown to 46988
[17:45:14.127] [SEVERE ] updating countdown to 45988
