[22:16:54.752] [INFO   ] thread main starting.
[22:16:54.759] [SEVERE ] cannot read configuration file config.properties trying from resources.
[22:16:54.760] [SEVERE ] configuration file was loaded from resources directory.
[22:16:55.142] [INFO   ] thread dealer starting.
[22:16:55.142] [INFO   ] Thread dealer starting.
[22:16:55.247] [SEVERE ] placing card 41 in slot 0
[22:16:55.349] [SEVERE ] placing card 65 in slot 1
[22:16:55.449] [SEVERE ] placing card 68 in slot 2
[22:16:55.550] [SEVERE ] placing card 33 in slot 3
[22:16:55.651] [SEVERE ] placing card 55 in slot 4
[22:16:55.752] [SEVERE ] placing card 38 in slot 5
[22:16:55.852] [SEVERE ] placing card 17 in slot 6
[22:16:55.954] [SEVERE ] placing card 54 in slot 7
[22:16:56.055] [SEVERE ] placing card 60 in slot 8
[22:16:56.156] [SEVERE ] placing card 1 in slot 9
[22:16:56.258] [SEVERE ] placing card 21 in slot 10
[22:16:56.359] [SEVERE ] placing card 8 in slot 11
[22:16:56.361] [INFO   ] Thread Thread-1starting.
[22:16:56.362] [SEVERE ] updating countdown to 5000
[22:16:56.361] [INFO   ] Thread Thread-2starting.
[22:16:56.362] [INFO   ] Thread Thread-4starting.
[22:16:56.362] [INFO   ] Thread Thread-3starting.
[22:16:56.373] [INFO   ] Thread computer-1 starting.
[22:16:56.376] [INFO   ] Thread computer-0 starting.
[22:16:56.377] [SEVERE ] player 1 placing token on slot 2
[22:16:56.377] [SEVERE ] player 2 placing token on slot 1
[22:16:56.380] [SEVERE ] player 2 placing token on slot 7
[22:16:56.379] [SEVERE ] player 1 placing token on slot 9
[22:16:56.383] [SEVERE ] player 1 placing token on slot 11
[22:16:56.381] [SEVERE ] player 2 placing token on slot 2
[22:16:56.388] [INFO   ] Thread computer-3 starting.
[22:16:56.390] [SEVERE ] player 4 placing token on slot 5
[22:16:56.392] [SEVERE ] player 4 placing token on slot 8
[22:16:56.391] [INFO   ] Thread computer-2 starting.
[22:16:56.403] [SEVERE ] setting player 2 freeze to 0
[22:16:56.393] [SEVERE ] removing player 4 token from slot 8
[22:16:56.393] [SEVERE ] setting player 1 freeze to 0
[22:16:56.404] [SEVERE ] setting player 2 freeze to 0
[22:16:56.403] [SEVERE ] player 3 placing token on slot 11
[22:16:56.406] [SEVERE ] setting player 2 freeze to 0
[22:16:56.405] [SEVERE ] setting player 1 freeze to 0
[22:16:56.407] [SEVERE ] setting player 2 freeze to 0
[22:16:56.406] [SEVERE ] player 3 placing token on slot 7
[22:16:56.408] [SEVERE ] removing player 2 token from slot 2
[22:16:56.408] [SEVERE ] player 4 placing token on slot 2
[22:16:56.407] [SEVERE ] setting player 1 freeze to 0
[22:16:56.409] [SEVERE ] player 4 placing token on slot 4
[22:16:56.409] [SEVERE ] player 2 placing token on slot 11
[22:16:56.408] [SEVERE ] player 3 placing token on slot 4
[22:16:56.410] [SEVERE ] setting player 1 freeze to 0
[22:16:56.412] [SEVERE ] removing player 1 token from slot 11
[22:16:56.412] [SEVERE ] player 1 placing token on slot 4
[22:16:56.413] [SEVERE ] setting player 4 freeze to 0
[22:16:56.413] [SEVERE ] setting player 4 freeze to 0
[22:16:56.414] [SEVERE ] setting player 4 freeze to 0
[22:16:56.414] [SEVERE ] setting player 4 freeze to 0
[22:16:56.415] [SEVERE ] removing player 4 token from slot 4
[22:16:56.415] [SEVERE ] player 4 placing token on slot 11
[22:16:56.424] [SEVERE ] setting player 2 freeze to 0
[22:16:56.424] [SEVERE ] setting player 2 freeze to 0
[22:16:56.424] [SEVERE ] setting player 2 freeze to 0
[22:16:56.425] [SEVERE ] setting player 2 freeze to 0
[22:16:56.425] [SEVERE ] removing player 2 token from slot 7
[22:16:56.426] [SEVERE ] player 2 placing token on slot 6
[22:16:56.434] [SEVERE ] setting player 3 freeze to 0
[22:16:56.434] [SEVERE ] setting player 3 freeze to 0
[22:16:56.435] [SEVERE ] setting player 3 freeze to 0
[22:16:56.435] [SEVERE ] setting player 3 freeze to 0
[22:16:56.436] [SEVERE ] removing player 3 token from slot 7
[22:16:56.436] [SEVERE ] player 3 placing token on slot 3
[22:16:56.445] [SEVERE ] setting player 1 freeze to 0
[22:16:56.445] [SEVERE ] setting player 1 freeze to 0
[22:16:56.445] [SEVERE ] setting player 1 freeze to 0
[22:16:56.446] [SEVERE ] setting player 1 freeze to 0
[22:16:56.446] [SEVERE ] removing player 1 token from slot 9
[22:16:56.447] [SEVERE ] removing player 1 token from slot 4
[22:16:56.448] [SEVERE ] player 1 placing token on slot 8
[22:16:56.448] [SEVERE ] removing player 1 token from slot 2
[22:16:56.448] [SEVERE ] player 1 placing token on slot 3
[22:16:56.449] [SEVERE ] player 1 placing token on slot 6
[22:16:56.455] [SEVERE ] setting player 4 freeze to 0
[22:16:56.456] [SEVERE ] setting player 4 freeze to 0
[22:16:56.456] [SEVERE ] setting player 4 freeze to 0
[22:16:56.457] [SEVERE ] setting player 4 freeze to 0
[22:16:56.457] [SEVERE ] removing player 4 token from slot 5
[22:16:56.458] [SEVERE ] player 4 placing token on slot 4
[22:16:56.466] [SEVERE ] setting player 2 freeze to 0
[22:16:56.467] [SEVERE ] setting player 2 freeze to 0
[22:16:56.467] [SEVERE ] setting player 2 freeze to 0
[22:16:56.468] [SEVERE ] setting player 2 freeze to 0
[22:16:56.468] [SEVERE ] removing player 2 token from slot 6
[22:16:56.469] [SEVERE ] player 2 placing token on slot 4
[22:16:56.477] [SEVERE ] setting player 3 freeze to 0
[22:16:56.478] [SEVERE ] setting player 3 freeze to 0
[22:16:56.478] [SEVERE ] setting player 3 freeze to 0
[22:16:56.478] [SEVERE ] setting player 3 freeze to 0
[22:16:56.479] [SEVERE ] removing player 3 token from slot 4
[22:16:56.479] [SEVERE ] player 3 placing token on slot 2
[22:16:56.487] [SEVERE ] setting player 1 freeze to 0
[22:16:56.488] [SEVERE ] setting player 1 freeze to 0
[22:16:56.488] [SEVERE ] setting player 1 freeze to 0
[22:16:56.489] [SEVERE ] setting player 1 freeze to 0
[22:16:56.490] [SEVERE ] removing player 1 token from slot 6
[22:16:56.491] [SEVERE ] player 1 placing token on slot 5
[22:16:56.497] [SEVERE ] setting player 4 freeze to 0
[22:16:56.498] [SEVERE ] setting player 4 freeze to 0
[22:16:56.498] [SEVERE ] setting player 4 freeze to 0
[22:16:56.499] [SEVERE ] setting player 4 freeze to 0
[22:16:56.499] [SEVERE ] removing player 4 token from slot 11
[22:16:56.500] [SEVERE ] player 4 placing token on slot 7
[22:16:56.508] [SEVERE ] setting player 2 freeze to 0
[22:16:56.508] [SEVERE ] setting player 2 freeze to 0
[22:16:56.509] [SEVERE ] setting player 2 freeze to 0
[22:16:56.509] [SEVERE ] setting player 2 freeze to 0
[22:16:56.510] [SEVERE ] removing player 2 token from slot 1
[22:16:56.510] [SEVERE ] player 2 placing token on slot 8
[22:16:56.518] [SEVERE ] setting player 3 freeze to 0
[22:16:56.518] [SEVERE ] setting player 3 freeze to 0
[22:16:56.519] [SEVERE ] setting player 3 freeze to 0
[22:16:56.520] [SEVERE ] setting player 3 freeze to 0
[22:16:56.520] [SEVERE ] removing player 3 token from slot 2
[22:16:56.522] [SEVERE ] removing player 3 token from slot 11
[22:16:56.522] [SEVERE ] player 3 placing token on slot 4
[22:16:56.523] [SEVERE ] player 3 placing token on slot 11
[22:16:56.529] [SEVERE ] setting player 1 freeze to 0
[22:16:56.529] [SEVERE ] setting player 1 freeze to 0
[22:16:56.529] [SEVERE ] setting player 1 freeze to 0
[22:16:56.530] [SEVERE ] setting player 1 freeze to 0
[22:16:56.530] [SEVERE ] removing player 1 token from slot 5
[22:16:56.531] [SEVERE ] player 1 placing token on slot 1
[22:16:56.540] [SEVERE ] setting player 4 freeze to 0
[22:16:56.540] [SEVERE ] setting player 4 freeze to 0
[22:16:56.541] [SEVERE ] setting player 4 freeze to 0
[22:16:56.541] [SEVERE ] setting player 4 freeze to 0
[22:16:56.542] [SEVERE ] removing player 4 token from slot 4
[22:16:56.542] [SEVERE ] player 4 placing token on slot 1
[22:16:56.550] [SEVERE ] setting player 2 freeze to 0
[22:16:56.550] [SEVERE ] setting player 2 freeze to 0
[22:16:56.551] [SEVERE ] setting player 2 freeze to 0
[22:16:56.551] [SEVERE ] setting player 2 freeze to 0
[22:16:56.552] [SEVERE ] removing player 2 token from slot 11
[22:16:56.552] [SEVERE ] player 2 placing token on slot 10
[22:16:56.560] [SEVERE ] setting player 3 freeze to 0
[22:16:56.560] [SEVERE ] setting player 3 freeze to 0
[22:16:56.561] [SEVERE ] setting player 3 freeze to 0
[22:16:56.561] [SEVERE ] setting player 3 freeze to 0
[22:16:56.562] [SEVERE ] removing player 3 token from slot 4
[22:16:56.562] [SEVERE ] removing player 3 token from slot 3
[22:16:56.566] [SEVERE ] player 3 placing token on slot 5
[22:16:56.566] [SEVERE ] removing player 3 token from slot 11
[22:16:56.567] [SEVERE ] player 3 placing token on slot 3
[22:16:56.567] [SEVERE ] removing player 3 token from slot 5
[22:16:56.568] [SEVERE ] player 3 placing token on slot 6
[22:16:56.568] [SEVERE ] player 3 placing token on slot 9
[22:16:56.572] [SEVERE ] setting player 1 freeze to 0
[22:16:56.572] [SEVERE ] setting player 1 freeze to 0
[22:16:56.573] [SEVERE ] setting player 1 freeze to 0
[22:16:56.573] [SEVERE ] setting player 1 freeze to 0
[22:16:56.574] [SEVERE ] removing player 1 token from slot 1
[22:16:56.574] [SEVERE ] player 1 placing token on slot 7
[22:16:56.582] [SEVERE ] setting player 4 freeze to 0
[22:16:56.583] [SEVERE ] setting player 4 freeze to 0
[22:16:56.583] [SEVERE ] setting player 4 freeze to 0
[22:16:56.583] [SEVERE ] setting player 4 freeze to 0
[22:16:56.583] [SEVERE ] removing player 4 token from slot 7
[22:16:56.584] [SEVERE ] player 4 placing token on slot 9
[22:16:56.592] [SEVERE ] setting player 2 freeze to 0
[22:16:56.592] [SEVERE ] setting player 2 freeze to 0
[22:16:56.593] [SEVERE ] setting player 2 freeze to 0
[22:16:56.593] [SEVERE ] setting player 2 freeze to 0
[22:16:56.594] [SEVERE ] removing player 2 token from slot 10
[22:16:56.594] [SEVERE ] player 2 placing token on slot 7
[22:16:56.603] [SEVERE ] setting player 3 freeze to 0
[22:16:56.603] [SEVERE ] setting player 3 freeze to 0
[22:16:56.603] [SEVERE ] setting player 3 freeze to 0
[22:16:56.604] [SEVERE ] setting player 3 freeze to 0
[22:16:56.605] [SEVERE ] removing player 3 token from slot 6
[22:16:56.607] [SEVERE ] removing player 3 token from slot 3
[22:16:56.608] [SEVERE ] player 3 placing token on slot 2
[22:16:56.608] [SEVERE ] player 3 placing token on slot 1
[22:16:56.613] [SEVERE ] setting player 1 freeze to 0
[22:16:56.613] [SEVERE ] setting player 1 freeze to 0
[22:16:56.614] [SEVERE ] setting player 1 freeze to 0
[22:16:56.614] [SEVERE ] setting player 1 freeze to 0
[22:16:56.615] [SEVERE ] removing player 1 token from slot 8
[22:16:56.615] [SEVERE ] removing player 1 token from slot 7
[22:16:56.616] [SEVERE ] player 1 placing token on slot 9
[22:16:56.616] [SEVERE ] player 1 placing token on slot 4
[22:16:56.624] [SEVERE ] setting player 4 freeze to 0
[22:16:56.625] [SEVERE ] setting player 4 freeze to 0
[22:16:56.625] [SEVERE ] setting player 4 freeze to 0
[22:16:56.625] [SEVERE ] setting player 4 freeze to 0
[22:16:56.626] [SEVERE ] removing player 4 token from slot 9
[22:16:56.626] [SEVERE ] player 4 placing token on slot 11
[22:16:56.634] [SEVERE ] setting player 2 freeze to 0
[22:16:56.634] [SEVERE ] setting player 2 freeze to 0
[22:16:56.635] [SEVERE ] setting player 2 freeze to 0
[22:16:56.635] [SEVERE ] setting player 2 freeze to 0
[22:16:56.636] [SEVERE ] removing player 2 token from slot 8
[22:16:56.636] [SEVERE ] player 2 placing token on slot 1
[22:16:56.644] [SEVERE ] setting player 3 freeze to 0
[22:16:56.645] [SEVERE ] setting player 3 freeze to 0
[22:16:56.645] [SEVERE ] setting player 3 freeze to 0
[22:16:56.646] [SEVERE ] setting player 3 freeze to 0
[22:16:56.646] [SEVERE ] removing player 3 token from slot 2
[22:16:56.647] [SEVERE ] player 3 placing token on slot 4
[22:16:56.655] [SEVERE ] setting player 1 freeze to 0
[22:16:56.655] [SEVERE ] setting player 1 freeze to 0
[22:16:56.656] [SEVERE ] setting player 1 freeze to 0
[22:16:56.656] [SEVERE ] setting player 1 freeze to 0
[22:16:56.657] [SEVERE ] removing player 1 token from slot 4
[22:16:56.657] [SEVERE ] player 1 placing token on slot 1
[22:16:56.665] [SEVERE ] setting player 4 freeze to 0
[22:16:56.665] [SEVERE ] setting player 4 freeze to 0
[22:16:56.666] [SEVERE ] setting player 4 freeze to 0
[22:16:56.667] [SEVERE ] setting player 4 freeze to 0
[22:16:56.667] [SEVERE ] removing player 4 token from slot 1
[22:16:56.668] [SEVERE ] player 4 placing token on slot 6
[22:16:56.675] [SEVERE ] setting player 2 freeze to 0
[22:16:56.676] [SEVERE ] setting player 2 freeze to 0
[22:16:56.676] [SEVERE ] setting player 2 freeze to 0
[22:16:56.676] [SEVERE ] setting player 2 freeze to 0
[22:16:56.677] [SEVERE ] removing player 2 token from slot 1
[22:16:56.677] [SEVERE ] player 2 placing token on slot 11
[22:16:56.686] [SEVERE ] setting player 3 freeze to 0
[22:16:56.686] [SEVERE ] setting player 3 freeze to 0
[22:16:56.686] [SEVERE ] setting player 3 freeze to 0
[22:16:56.687] [SEVERE ] setting player 3 freeze to 0
[22:16:56.687] [SEVERE ] removing player 3 token from slot 4
[22:16:56.688] [SEVERE ] removing player 3 token from slot 9
[22:16:56.688] [SEVERE ] removing player 3 token from slot 1
[22:16:56.689] [SEVERE ] player 3 placing token on slot 6
[22:16:56.689] [SEVERE ] player 3 placing token on slot 8
[22:16:56.690] [SEVERE ] player 3 placing token on slot 11
[22:16:56.696] [SEVERE ] setting player 1 freeze to 0
[22:16:56.696] [SEVERE ] setting player 1 freeze to 0
[22:16:56.696] [SEVERE ] setting player 1 freeze to 0
[22:16:56.697] [SEVERE ] setting player 1 freeze to 0
[22:16:56.697] [SEVERE ] removing player 1 token from slot 9
[22:16:56.698] [SEVERE ] player 1 placing token on slot 11
[22:16:56.706] [SEVERE ] setting player 4 freeze to 0
[22:16:56.706] [SEVERE ] setting player 4 freeze to 0
[22:16:56.707] [SEVERE ] setting player 4 freeze to 0
[22:16:56.707] [SEVERE ] setting player 4 freeze to 0
[22:16:56.708] [SEVERE ] removing player 4 token from slot 2
[22:16:56.708] [SEVERE ] player 4 placing token on slot 7
[22:16:56.716] [SEVERE ] setting player 2 freeze to 0
[22:16:56.717] [SEVERE ] setting player 2 freeze to 0
[22:16:56.717] [SEVERE ] setting player 2 freeze to 0
[22:16:56.718] [SEVERE ] setting player 2 freeze to 0
[22:16:56.718] [SEVERE ] removing player 2 token from slot 11
[22:16:56.719] [SEVERE ] player 2 placing token on slot 6
[22:16:56.727] [SEVERE ] setting player 3 freeze to 0
[22:16:56.728] [SEVERE ] setting player 3 freeze to 0
[22:16:56.728] [SEVERE ] setting player 3 freeze to 0
[22:16:56.728] [SEVERE ] setting player 3 freeze to 0
[22:16:56.729] [SEVERE ] removing player 3 token from slot 8
[22:16:56.729] [SEVERE ] player 3 placing token on slot 7
[22:16:56.737] [SEVERE ] setting player 1 freeze to 0
[22:16:56.738] [SEVERE ] setting player 1 freeze to 0
[22:16:56.738] [SEVERE ] setting player 1 freeze to 0
[22:16:56.738] [SEVERE ] setting player 1 freeze to 0
[22:16:56.739] [SEVERE ] removing player 1 token from slot 11
[22:16:56.739] [SEVERE ] removing player 1 token from slot 3
[22:16:56.740] [SEVERE ] player 1 placing token on slot 5
[22:16:56.740] [SEVERE ] player 1 placing token on slot 9
[22:16:56.747] [SEVERE ] setting player 4 freeze to 0
[22:16:56.747] [SEVERE ] setting player 4 freeze to 0
[22:16:56.748] [SEVERE ] setting player 4 freeze to 0
[22:16:56.749] [SEVERE ] setting player 4 freeze to 0
[22:16:56.749] [SEVERE ] removing player 4 token from slot 11
[22:16:56.750] [SEVERE ] player 4 placing token on slot 2
[22:16:56.757] [SEVERE ] setting player 2 freeze to 0
[22:16:56.758] [SEVERE ] setting player 2 freeze to 0
[22:16:56.758] [SEVERE ] setting player 2 freeze to 0
[22:16:56.758] [SEVERE ] setting player 2 freeze to 0
[22:16:56.759] [SEVERE ] removing player 2 token from slot 7
[22:16:56.760] [SEVERE ] player 2 placing token on slot 5
[22:16:56.768] [SEVERE ] setting player 3 freeze to 0
[22:16:56.768] [SEVERE ] setting player 3 freeze to 0
[22:16:56.768] [SEVERE ] setting player 3 freeze to 0
[22:16:56.769] [SEVERE ] setting player 3 freeze to 0
[22:16:56.769] [SEVERE ] removing player 3 token from slot 7
[22:16:56.770] [SEVERE ] player 3 placing token on slot 2
[22:16:56.778] [SEVERE ] setting player 1 freeze to 0
[22:16:56.778] [SEVERE ] setting player 1 freeze to 0
[22:16:56.779] [SEVERE ] setting player 1 freeze to 0
[22:16:56.779] [SEVERE ] setting player 1 freeze to 0
[22:16:56.780] [SEVERE ] removing player 1 token from slot 9
[22:16:56.780] [SEVERE ] player 1 placing token on slot 10
[22:16:56.788] [SEVERE ] setting player 4 freeze to 0
[22:16:56.789] [SEVERE ] setting player 4 freeze to 0
[22:16:56.789] [SEVERE ] setting player 4 freeze to 0
[22:16:56.789] [SEVERE ] setting player 4 freeze to 0
[22:16:56.790] [SEVERE ] removing player 4 token from slot 6
[22:16:56.790] [SEVERE ] player 4 placing token on slot 11
[22:16:56.798] [SEVERE ] setting player 2 freeze to 0
[22:16:56.799] [SEVERE ] setting player 2 freeze to 0
[22:16:56.799] [SEVERE ] setting player 2 freeze to 0
[22:16:56.800] [SEVERE ] setting player 2 freeze to 0
[22:16:56.800] [SEVERE ] removing player 2 token from slot 4
[22:16:56.800] [SEVERE ] player 2 placing token on slot 11
[22:16:56.809] [SEVERE ] setting player 3 freeze to 0
[22:16:56.809] [SEVERE ] setting player 3 freeze to 0
[22:16:56.809] [SEVERE ] setting player 3 freeze to 0
[22:16:56.810] [SEVERE ] setting player 3 freeze to 0
[22:16:56.810] [SEVERE ] removing player 3 token from slot 2
[22:16:56.811] [SEVERE ] player 3 placing token on slot 2
[22:16:56.819] [SEVERE ] setting player 1 freeze to 0
[22:16:56.819] [SEVERE ] setting player 1 freeze to 0
[22:16:56.820] [SEVERE ] setting player 1 freeze to 0
[22:16:56.820] [SEVERE ] setting player 1 freeze to 0
[22:16:56.821] [SEVERE ] removing player 1 token from slot 10
[22:16:56.821] [SEVERE ] player 1 placing token on slot 3
[22:16:56.830] [SEVERE ] setting player 4 freeze to 0
[22:16:56.830] [SEVERE ] setting player 4 freeze to 0
[22:16:56.830] [SEVERE ] setting player 4 freeze to 0
[22:16:56.831] [SEVERE ] setting player 4 freeze to 0
[22:16:56.831] [SEVERE ] removing player 4 token from slot 7
[22:16:56.831] [SEVERE ] player 4 placing token on slot 4
[22:16:56.840] [SEVERE ] setting player 2 freeze to 0
[22:16:56.840] [SEVERE ] setting player 2 freeze to 0
[22:16:56.840] [SEVERE ] setting player 2 freeze to 0
[22:16:56.841] [SEVERE ] setting player 2 freeze to 0
[22:16:56.841] [SEVERE ] removing player 2 token from slot 5
[22:16:56.842] [SEVERE ] player 2 placing token on slot 8
[22:16:56.850] [SEVERE ] setting player 3 freeze to 0
[22:16:56.850] [SEVERE ] setting player 3 freeze to 0
[22:16:56.851] [SEVERE ] setting player 3 freeze to 0
[22:16:56.851] [SEVERE ] setting player 3 freeze to 0
[22:16:56.851] [SEVERE ] removing player 3 token from slot 6
[22:16:56.852] [SEVERE ] player 3 placing token on slot 1
[22:16:56.860] [SEVERE ] setting player 1 freeze to 0
[22:16:56.860] [SEVERE ] setting player 1 freeze to 0
[22:16:56.861] [SEVERE ] setting player 1 freeze to 0
[22:16:56.861] [SEVERE ] setting player 1 freeze to 0
[22:16:56.862] [SEVERE ] removing player 1 token from slot 1
[22:16:56.862] [SEVERE ] player 1 placing token on slot 8
[22:16:56.871] [SEVERE ] setting player 4 freeze to 0
[22:16:56.872] [SEVERE ] setting player 4 freeze to 0
[22:16:56.872] [SEVERE ] setting player 4 freeze to 0
[22:16:56.872] [SEVERE ] setting player 4 freeze to 0
[22:16:56.873] [SEVERE ] removing player 4 token from slot 4
[22:16:56.873] [SEVERE ] player 4 placing token on slot 8
[22:16:56.881] [SEVERE ] setting player 2 freeze to 0
[22:16:56.882] [SEVERE ] setting player 2 freeze to 0
[22:16:56.882] [SEVERE ] setting player 2 freeze to 0
[22:16:56.882] [SEVERE ] setting player 2 freeze to 0
[22:16:56.883] [SEVERE ] removing player 2 token from slot 6
[22:16:56.883] [SEVERE ] player 2 placing token on slot 10
[22:16:56.891] [SEVERE ] setting player 3 freeze to 0
[22:16:56.892] [SEVERE ] setting player 3 freeze to 0
[22:16:56.892] [SEVERE ] setting player 3 freeze to 0
[22:16:56.893] [SEVERE ] setting player 3 freeze to 0
[22:16:56.893] [SEVERE ] removing player 3 token from slot 11
[22:16:56.894] [SEVERE ] player 3 placing token on slot 8
[22:16:56.902] [SEVERE ] setting player 1 freeze to 0
[22:16:56.902] [SEVERE ] setting player 1 freeze to 0
[22:16:56.902] [SEVERE ] setting player 1 freeze to 0
[22:16:56.903] [SEVERE ] setting player 1 freeze to 0
[22:16:56.903] [SEVERE ] removing player 1 token from slot 5
[22:16:56.904] [SEVERE ] player 1 placing token on slot 5
[22:16:56.912] [SEVERE ] setting player 4 freeze to 0
[22:16:56.912] [SEVERE ] setting player 4 freeze to 0
[22:16:56.913] [SEVERE ] setting player 4 freeze to 0
[22:16:56.913] [SEVERE ] setting player 4 freeze to 0
[22:16:56.914] [SEVERE ] removing player 4 token from slot 8
[22:16:56.917] [SEVERE ] player 4 placing token on slot 1
[22:16:56.922] [SEVERE ] setting player 2 freeze to 0
[22:16:56.924] [SEVERE ] setting player 2 freeze to 0
[22:16:56.924] [SEVERE ] setting player 2 freeze to 0
[22:16:56.925] [SEVERE ] setting player 2 freeze to 0
[22:16:56.925] [SEVERE ] removing player 2 token from slot 10
[22:16:56.926] [SEVERE ] player 2 placing token on slot 5
[22:16:56.933] [SEVERE ] setting player 3 freeze to 0
[22:16:56.933] [SEVERE ] setting player 3 freeze to 0
[22:16:56.933] [SEVERE ] setting player 3 freeze to 0
[22:16:56.934] [SEVERE ] setting player 3 freeze to 0
[22:16:56.934] [SEVERE ] removing player 3 token from slot 1
[22:16:56.935] [SEVERE ] player 3 placing token on slot 4
[22:16:56.943] [SEVERE ] setting player 1 freeze to 0
[22:16:56.943] [SEVERE ] setting player 1 freeze to 0
[22:16:56.943] [SEVERE ] setting player 1 freeze to 0
[22:16:56.944] [SEVERE ] setting player 1 freeze to 0
[22:16:56.944] [SEVERE ] removing player 1 token from slot 8
[22:16:56.945] [SEVERE ] player 1 placing token on slot 8
[22:16:56.953] [SEVERE ] setting player 4 freeze to 0
[22:16:56.953] [SEVERE ] setting player 4 freeze to 0
[22:16:56.954] [SEVERE ] setting player 4 freeze to 0
[22:16:56.954] [SEVERE ] setting player 4 freeze to 0
[22:16:56.955] [SEVERE ] removing player 4 token from slot 11
[22:16:56.955] [SEVERE ] player 4 placing token on slot 8
[22:16:56.963] [SEVERE ] setting player 2 freeze to 0
[22:16:56.972] [SEVERE ] setting player 2 freeze to 0
[22:16:56.972] [SEVERE ] setting player 2 freeze to 0
[22:16:56.972] [SEVERE ] setting player 2 freeze to 0
[22:16:56.973] [SEVERE ] removing player 2 token from slot 8
[22:16:56.973] [SEVERE ] player 2 placing token on slot 8
[22:16:56.974] [SEVERE ] setting player 3 freeze to 0
[22:16:56.975] [SEVERE ] setting player 3 freeze to 0
[22:16:56.975] [SEVERE ] setting player 3 freeze to 0
[22:16:56.975] [SEVERE ] setting player 3 freeze to 0
[22:16:56.976] [SEVERE ] removing player 3 token from slot 4
[22:16:56.976] [SEVERE ] player 3 placing token on slot 5
[22:16:56.984] [SEVERE ] setting player 1 freeze to 0
[22:16:56.985] [SEVERE ] setting player 1 freeze to 0
[22:16:56.985] [SEVERE ] setting player 1 freeze to 0
[22:16:56.986] [SEVERE ] setting player 1 freeze to 0
[22:16:56.986] [SEVERE ] removing player 1 token from slot 8
[22:16:56.987] [SEVERE ] player 1 placing token on slot 2
[22:16:56.995] [SEVERE ] setting player 4 freeze to 0
[22:16:56.995] [SEVERE ] setting player 4 freeze to 0
[22:16:56.995] [SEVERE ] setting player 4 freeze to 0
[22:16:56.996] [SEVERE ] setting player 4 freeze to 0
[22:16:56.996] [SEVERE ] removing player 4 token from slot 8
[22:16:56.996] [SEVERE ] player 4 placing token on slot 10
[22:16:57.005] [SEVERE ] setting player 2 freeze to 0
[22:16:57.006] [SEVERE ] setting player 2 freeze to 0
[22:16:57.006] [SEVERE ] setting player 2 freeze to 0
[22:16:57.007] [SEVERE ] setting player 2 freeze to 0
[22:16:57.007] [SEVERE ] removing player 2 token from slot 11
[22:16:57.007] [SEVERE ] player 2 placing token on slot 7
[22:16:57.016] [SEVERE ] setting player 3 freeze to 0
[22:16:57.017] [SEVERE ] setting player 3 freeze to 0
[22:16:57.017] [SEVERE ] setting player 3 freeze to 0
[22:16:57.018] [SEVERE ] setting player 3 freeze to 0
[22:16:57.018] [SEVERE ] removing player 3 token from slot 5
[22:16:57.019] [SEVERE ] player 3 placing token on slot 6
[22:16:57.028] [SEVERE ] setting player 1 freeze to 0
[22:16:57.028] [SEVERE ] setting player 1 freeze to 0
[22:16:57.028] [SEVERE ] setting player 1 freeze to 0
[22:16:57.028] [SEVERE ] setting player 1 freeze to 0
[22:16:57.029] [SEVERE ] removing player 1 token from slot 5
[22:16:57.029] [SEVERE ] removing player 1 token from slot 2
[22:16:57.030] [SEVERE ] removing player 1 token from slot 3
[22:16:57.031] [SEVERE ] player 1 placing token on slot 5
[22:16:57.032] [SEVERE ] player 1 placing token on slot 1
[22:16:57.033] [SEVERE ] player 1 placing token on slot 8
[22:16:57.037] [SEVERE ] setting player 4 freeze to 0
[22:16:57.037] [SEVERE ] setting player 4 freeze to 0
[22:16:57.038] [SEVERE ] setting player 4 freeze to 0
[22:16:57.038] [SEVERE ] setting player 4 freeze to 0
[22:16:57.039] [SEVERE ] removing player 4 token from slot 1
[22:16:57.039] [SEVERE ] player 4 placing token on slot 8
[22:16:57.048] [SEVERE ] setting player 2 freeze to 0
[22:16:57.048] [SEVERE ] setting player 2 freeze to 0
[22:16:57.048] [SEVERE ] setting player 2 freeze to 0
[22:16:57.049] [SEVERE ] setting player 2 freeze to 0
[22:16:57.049] [SEVERE ] removing player 2 token from slot 7
[22:16:57.050] [SEVERE ] removing player 2 token from slot 5
[22:16:57.050] [SEVERE ] player 2 placing token on slot 3
[22:16:57.051] [SEVERE ] removing player 2 token from slot 8
[22:16:57.052] [SEVERE ] player 2 placing token on slot 1
[22:16:57.052] [SEVERE ] player 2 placing token on slot 10
[22:16:57.059] [SEVERE ] setting player 3 freeze to 0
[22:16:57.059] [SEVERE ] setting player 3 freeze to 0
[22:16:57.060] [SEVERE ] setting player 3 freeze to 0
[22:16:57.060] [SEVERE ] setting player 3 freeze to 0
[22:16:57.062] [SEVERE ] removing player 3 token from slot 2
[22:16:57.062] [SEVERE ] player 3 placing token on slot 1
[22:16:57.070] [SEVERE ] setting player 1 freeze to 0
[22:16:57.070] [SEVERE ] setting player 1 freeze to 0
[22:16:57.070] [SEVERE ] setting player 1 freeze to 0
[22:16:57.071] [SEVERE ] setting player 1 freeze to 0
[22:16:57.071] [SEVERE ] removing player 1 token from slot 1
[22:16:57.072] [SEVERE ] player 1 placing token on slot 2
[22:16:57.080] [SEVERE ] setting player 4 freeze to 0
[22:16:57.080] [SEVERE ] setting player 4 freeze to 0
[22:16:57.080] [SEVERE ] setting player 4 freeze to 0
[22:16:57.081] [SEVERE ] setting player 4 freeze to 0
[22:16:57.081] [SEVERE ] removing player 4 token from slot 10
[22:16:57.082] [SEVERE ] player 4 placing token on slot 5
[22:16:57.091] [SEVERE ] setting player 2 freeze to 0
[22:16:57.091] [SEVERE ] setting player 2 freeze to 0
[22:16:57.091] [SEVERE ] setting player 2 freeze to 0
[22:16:57.092] [SEVERE ] setting player 2 freeze to 0
[22:16:57.092] [SEVERE ] removing player 2 token from slot 10
[22:16:57.093] [SEVERE ] player 2 placing token on slot 7
[22:16:57.101] [SEVERE ] setting player 3 freeze to 0
[22:16:57.102] [SEVERE ] setting player 3 freeze to 0
[22:16:57.102] [SEVERE ] setting player 3 freeze to 0
[22:16:57.102] [SEVERE ] setting player 3 freeze to 0
[22:16:57.103] [SEVERE ] removing player 3 token from slot 8
[22:16:57.103] [SEVERE ] player 3 placing token on slot 9
[22:16:57.111] [SEVERE ] setting player 1 freeze to 0
[22:16:57.112] [SEVERE ] setting player 1 freeze to 0
[22:16:57.112] [SEVERE ] setting player 1 freeze to 0
[22:16:57.113] [SEVERE ] setting player 1 freeze to 0
[22:16:57.113] [SEVERE ] removing player 1 token from slot 5
[22:16:57.113] [SEVERE ] player 1 placing token on slot 9
[22:16:57.124] [SEVERE ] setting player 4 freeze to 0
[22:16:57.124] [SEVERE ] setting player 4 freeze to 0
[22:16:57.124] [SEVERE ] setting player 4 freeze to 0
[22:16:57.125] [SEVERE ] setting player 4 freeze to 0
[22:16:57.125] [SEVERE ] removing player 4 token from slot 2
[22:16:57.126] [SEVERE ] player 4 placing token on slot 6
[22:16:57.134] [SEVERE ] setting player 2 freeze to 0
[22:16:57.134] [SEVERE ] setting player 2 freeze to 0
[22:16:57.135] [SEVERE ] setting player 2 freeze to 0
[22:16:57.135] [SEVERE ] setting player 2 freeze to 0
[22:16:57.136] [SEVERE ] removing player 2 token from slot 1
[22:16:57.136] [SEVERE ] player 2 placing token on slot 5
[22:16:57.144] [SEVERE ] setting player 3 freeze to 0
[22:16:57.145] [SEVERE ] setting player 3 freeze to 0
[22:16:57.145] [SEVERE ] setting player 3 freeze to 0
[22:16:57.145] [SEVERE ] setting player 3 freeze to 0
[22:16:57.146] [SEVERE ] removing player 3 token from slot 9
[22:16:57.146] [SEVERE ] removing player 3 token from slot 1
[22:16:57.147] [SEVERE ] player 3 placing token on slot 9
[22:16:57.147] [SEVERE ] player 3 placing token on slot 10
[22:16:57.155] [SEVERE ] setting player 1 freeze to 0
[22:16:57.157] [SEVERE ] setting player 1 freeze to 0
[22:16:57.158] [SEVERE ] setting player 1 freeze to 0
[22:16:57.158] [SEVERE ] setting player 1 freeze to 0
[22:16:57.159] [SEVERE ] removing player 1 token from slot 8
[22:16:57.159] [SEVERE ] player 1 placing token on slot 1
[22:16:57.165] [SEVERE ] setting player 4 freeze to 0
[22:16:57.166] [SEVERE ] setting player 4 freeze to 0
[22:16:57.166] [SEVERE ] setting player 4 freeze to 0
[22:16:57.166] [SEVERE ] setting player 4 freeze to 0
[22:16:57.167] [SEVERE ] removing player 4 token from slot 5
[22:16:57.167] [SEVERE ] removing player 4 token from slot 8
[22:16:57.168] [SEVERE ] player 4 placing token on slot 2
[22:16:57.168] [SEVERE ] player 4 placing token on slot 1
[22:16:57.175] [SEVERE ] setting player 2 freeze to 0
[22:16:57.176] [SEVERE ] setting player 2 freeze to 0
[22:16:57.176] [SEVERE ] setting player 2 freeze to 0
[22:16:57.177] [SEVERE ] setting player 2 freeze to 0
[22:16:57.177] [SEVERE ] removing player 2 token from slot 7
[22:16:57.177] [SEVERE ] player 2 placing token on slot 9
[22:16:57.190] [SEVERE ] updating countdown to 5000
[22:16:57.194] [SEVERE ] setting player 3 score to 1
[22:16:57.194] [SEVERE ] setting player 3 freeze to 0
[22:16:57.194] [SEVERE ] setting player 3 freeze to 0
[22:16:57.195] [SEVERE ] removing player 3 token from slot 6
[22:16:57.196] [SEVERE ] player 3 placing token on slot 3
