[21:39:18.668] [INFO   ] thread main starting.
[21:39:18.675] [SEVERE ] cannot read configuration file config.properties trying from resources.
[21:39:18.676] [SEVERE ] configuration file was loaded from resources directory.
[21:39:19.149] [INFO   ] thread dealer starting.
[21:39:19.150] [INFO   ] Thread dealer starting.
[21:39:19.257] [SEVERE ] placing card 7 in slot 0
[21:39:19.357] [SEVERE ] placing card 27 in slot 1
[21:39:19.459] [SEVERE ] placing card 22 in slot 2
[21:39:19.560] [SEVERE ] placing card 53 in slot 3
[21:39:19.661] [SEVERE ] placing card 57 in slot 4
[21:39:19.762] [SEVERE ] placing card 2 in slot 5
[21:39:19.863] [SEVERE ] placing card 12 in slot 6
[21:39:19.964] [SEVERE ] placing card 51 in slot 7
[21:39:20.065] [SEVERE ] placing card 17 in slot 8
[21:39:20.166] [SEVERE ] placing card 4 in slot 9
[21:39:20.267] [SEVERE ] placing card 52 in slot 10
[21:39:20.367] [SEVERE ] placing card 77 in slot 11
[21:39:20.369] [INFO   ] Thread Thread-1starting.
[21:39:20.370] [INFO   ] Thread Thread-4starting.
[21:39:20.370] [SEVERE ] updating countdown to 5000
[21:39:20.369] [INFO   ] Thread Thread-3starting.
[21:39:20.369] [INFO   ] Thread Thread-2starting.
[21:39:20.380] [INFO   ] Thread computer-0 starting.
[21:39:20.381] [INFO   ] Thread computer-1 starting.
[21:39:20.384] [SEVERE ] player 2 placing token on slot 3
[21:39:20.382] [SEVERE ] player 1 placing token on slot 7
[21:39:20.385] [INFO   ] Thread computer-3 starting.
[21:39:20.386] [SEVERE ] player 4 placing token on slot 1
[21:39:20.387] [SEVERE ] player 4 placing token on slot 4
[21:39:20.388] [SEVERE ] player 4 placing token on slot 2
[21:39:20.387] [SEVERE ] player 1 placing token on slot 9
[21:39:20.397] [SEVERE ] player 1 placing token on slot 5
[21:39:20.397] [INFO   ] Thread computer-2 starting.
[21:39:20.399] [SEVERE ] player 3 placing token on slot 6
[21:39:20.399] [SEVERE ] player 3 placing token on slot 11
[21:39:20.400] [SEVERE ] player 3 placing token on slot 3
[21:39:20.409] [SEVERE ] setting player 4 freeze to 0
[21:39:20.410] [SEVERE ] setting player 4 freeze to 0
[21:39:20.410] [SEVERE ] setting player 4 freeze to 0
[21:39:20.411] [SEVERE ] setting player 4 freeze to 0
[21:39:20.423] [SEVERE ] setting player 1 freeze to 0
[21:39:20.423] [SEVERE ] setting player 1 freeze to 0
[21:39:20.423] [SEVERE ] setting player 1 freeze to 0
[21:39:20.424] [SEVERE ] setting player 1 freeze to 0
[21:39:20.434] [SEVERE ] setting player 3 freeze to 0
[21:39:20.434] [SEVERE ] setting player 3 freeze to 0
[21:39:20.435] [SEVERE ] setting player 3 freeze to 0
[21:39:20.435] [SEVERE ] setting player 3 freeze to 0
