[14:23:33.975] [INFO   ] thread main starting.
[14:23:33.984] [SEVERE ] cannot read configuration file config.properties trying from resources.
[14:23:33.987] [SEVERE ] configuration file was loaded from resources directory.
[14:23:34.357] [INFO   ] thread dealer starting.
[14:23:34.357] [INFO   ] Thread dealer starting.
[14:23:34.463] [SEVERE ] placing card 28 in slot 0
[14:23:34.563] [SEVERE ] placing card 30 in slot 1
[14:23:34.665] [SEVERE ] placing card 74 in slot 2
[14:23:34.765] [SEVERE ] placing card 41 in slot 3
[14:23:34.866] [SEVERE ] placing card 53 in slot 4
[14:23:34.968] [SEVERE ] placing card 4 in slot 5
[14:23:35.069] [SEVERE ] placing card 20 in slot 6
[14:23:35.169] [SEVERE ] placing card 3 in slot 7
[14:23:35.270] [SEVERE ] placing card 75 in slot 8
[14:23:35.371] [SEVERE ] placing card 16 in slot 9
[14:23:35.472] [SEVERE ] placing card 8 in slot 10
[14:23:35.574] [SEVERE ] placing card 62 in slot 11
[14:23:35.574] [INFO   ] Thread Thread-2starting.
[14:23:35.575] [INFO   ] Thread Thread-4starting.
[14:23:35.575] [SEVERE ] updating countdown to 30000
[14:23:35.575] [INFO   ] Thread Thread-3starting.
[14:23:35.574] [INFO   ] Thread Thread-1starting.
[14:23:35.577] [INFO   ] Thread computer-2 starting.
[14:23:35.576] [INFO   ] Thread computer-3 starting.
[14:23:35.576] [INFO   ] Thread computer-1 starting.
[14:23:35.578] [SEVERE ] player 3 placing token on slot 0
[14:23:35.577] [INFO   ] Thread computer-0 starting.
[14:23:35.579] [SEVERE ] player 2 placing token on slot 3
[14:23:35.580] [SEVERE ] player 4 placing token on slot 10
[14:23:35.581] [SEVERE ] player 2 placing token on slot 9
[14:23:35.581] [SEVERE ] player 1 placing token on slot 8
[14:23:35.582] [SEVERE ] player 3 placing token on slot 1
[14:23:35.582] [SEVERE ] player 1 placing token on slot 9
[14:23:35.583] [SEVERE ] player 2 placing token on slot 2
[14:23:35.583] [SEVERE ] player 4 placing token on slot 4
[14:23:35.584] [SEVERE ] player 1 placing token on slot 0
[14:23:35.584] [SEVERE ] player 3 placing token on slot 10
[14:23:35.584] [SEVERE ] player 4 placing token on slot 11
[14:23:36.577] [SEVERE ] updating countdown to 28998
[14:23:36.577] [SEVERE ] setting player 2 freeze to 0
[14:23:36.578] [SEVERE ] setting player 2 freeze to 0
[14:23:36.578] [SEVERE ] setting player 2 freeze to 0
[14:23:36.579] [SEVERE ] setting player 2 freeze to 0
[14:23:36.579] [SEVERE ] removing player 2 token from slot 9
[14:23:36.580] [SEVERE ] player 2 placing token on slot 6
[14:23:37.577] [SEVERE ] updating countdown to 27998
[14:23:37.577] [SEVERE ] setting player 1 freeze to 0
[14:23:37.578] [SEVERE ] setting player 1 freeze to 0
[14:23:37.579] [SEVERE ] setting player 1 freeze to 0
[14:23:37.579] [SEVERE ] setting player 1 freeze to 0
[14:23:37.580] [SEVERE ] removing player 1 token from slot 8
[14:23:37.580] [SEVERE ] removing player 1 token from slot 0
[14:23:37.581] [SEVERE ] player 1 placing token on slot 4
[14:23:37.581] [SEVERE ] player 1 placing token on slot 6
[14:23:38.578] [SEVERE ] updating countdown to 26997
[14:23:38.578] [SEVERE ] setting player 3 freeze to 0
[14:23:38.579] [SEVERE ] setting player 3 freeze to 0
[14:23:38.579] [SEVERE ] setting player 3 freeze to 0
[14:23:38.580] [SEVERE ] setting player 3 freeze to 0
[14:23:38.580] [SEVERE ] removing player 3 token from slot 0
[14:23:38.581] [SEVERE ] player 3 placing token on slot 9
[14:23:39.579] [SEVERE ] updating countdown to 25996
[14:23:39.579] [SEVERE ] setting player 4 freeze to 0
[14:23:39.580] [SEVERE ] setting player 4 freeze to 0
[14:23:39.580] [SEVERE ] setting player 4 freeze to 0
[14:23:39.581] [SEVERE ] setting player 4 freeze to 0
[14:23:39.581] [SEVERE ] removing player 4 token from slot 4
[14:23:39.582] [SEVERE ] player 4 placing token on slot 7
[14:23:40.579] [SEVERE ] updating countdown to 24996
[14:23:40.579] [SEVERE ] setting player 2 freeze to 0
[14:23:40.580] [SEVERE ] setting player 2 freeze to 0
[14:23:40.581] [SEVERE ] setting player 2 freeze to 0
[14:23:40.581] [SEVERE ] setting player 2 freeze to 0
[14:23:40.582] [SEVERE ] removing player 2 token from slot 3
[14:23:40.582] [SEVERE ] removing player 2 token from slot 6
[14:23:40.583] [SEVERE ] player 2 placing token on slot 10
[14:23:40.583] [SEVERE ] player 2 placing token on slot 11
[14:23:41.580] [SEVERE ] updating countdown to 23995
[14:23:41.580] [SEVERE ] setting player 1 freeze to 0
[14:23:41.581] [SEVERE ] setting player 1 freeze to 0
[14:23:41.581] [SEVERE ] setting player 1 freeze to 0
[14:23:41.582] [SEVERE ] setting player 1 freeze to 0
[14:23:41.582] [SEVERE ] removing player 1 token from slot 4
[14:23:41.583] [SEVERE ] player 1 placing token on slot 5
[14:23:42.581] [SEVERE ] updating countdown to 22994
[14:23:42.581] [SEVERE ] setting player 3 freeze to 0
[14:23:42.581] [SEVERE ] setting player 3 freeze to 0
[14:23:42.582] [SEVERE ] setting player 3 freeze to 0
[14:23:42.583] [SEVERE ] setting player 3 freeze to 0
[14:23:42.583] [SEVERE ] removing player 3 token from slot 10
[14:23:42.584] [SEVERE ] player 3 placing token on slot 5
[14:23:43.581] [SEVERE ] updating countdown to 21994
[14:23:43.581] [SEVERE ] setting player 4 freeze to 0
[14:23:43.582] [SEVERE ] setting player 4 freeze to 0
[14:23:43.582] [SEVERE ] setting player 4 freeze to 0
[14:23:43.583] [SEVERE ] setting player 4 freeze to 0
[14:23:43.583] [SEVERE ] removing player 4 token from slot 10
[14:23:43.584] [SEVERE ] removing player 4 token from slot 7
[14:23:43.584] [SEVERE ] player 4 placing token on slot 5
[14:23:43.585] [SEVERE ] player 4 placing token on slot 10
[14:23:44.582] [SEVERE ] updating countdown to 20993
[14:23:44.582] [SEVERE ] setting player 2 freeze to 0
[14:23:44.583] [SEVERE ] setting player 2 freeze to 0
[14:23:44.583] [SEVERE ] setting player 2 freeze to 0
[14:23:44.584] [SEVERE ] setting player 2 freeze to 0
[14:23:44.584] [SEVERE ] removing player 2 token from slot 2
[14:23:44.585] [SEVERE ] player 2 placing token on slot 8
[14:23:45.583] [SEVERE ] updating countdown to 19992
[14:23:45.583] [SEVERE ] setting player 1 freeze to 0
[14:23:45.583] [SEVERE ] setting player 1 freeze to 0
[14:23:45.584] [SEVERE ] setting player 1 freeze to 0
[14:23:45.584] [SEVERE ] setting player 1 freeze to 0
[14:23:45.585] [SEVERE ] removing player 1 token from slot 5
[14:23:45.585] [SEVERE ] player 1 placing token on slot 10
[14:23:46.583] [SEVERE ] setting player 3 freeze to 0
[14:23:46.583] [SEVERE ] updating countdown to 18992
[14:23:46.583] [SEVERE ] setting player 3 freeze to 0
[14:23:46.584] [SEVERE ] setting player 3 freeze to 0
[14:23:46.585] [SEVERE ] setting player 3 freeze to 0
[14:23:46.585] [SEVERE ] removing player 3 token from slot 9
[14:23:46.586] [SEVERE ] removing player 3 token from slot 5
[14:23:46.586] [SEVERE ] player 3 placing token on slot 7
[14:23:46.587] [SEVERE ] removing player 3 token from slot 7
[14:23:46.587] [SEVERE ] player 3 placing token on slot 8
[14:23:46.588] [SEVERE ] player 3 placing token on slot 9
[14:23:47.584] [SEVERE ] updating countdown to 17991
[14:23:47.584] [SEVERE ] setting player 4 freeze to 0
[14:23:47.585] [SEVERE ] setting player 4 freeze to 0
[14:23:47.585] [SEVERE ] setting player 4 freeze to 0
[14:23:47.586] [SEVERE ] setting player 4 freeze to 0
[14:23:47.586] [SEVERE ] removing player 4 token from slot 5
[14:23:47.587] [SEVERE ] removing player 4 token from slot 11
[14:23:47.587] [SEVERE ] player 4 placing token on slot 6
[14:23:47.588] [SEVERE ] player 4 placing token on slot 7
[14:23:48.585] [SEVERE ] updating countdown to 16990
[14:23:48.585] [SEVERE ] setting player 2 freeze to 0
[14:23:48.585] [SEVERE ] setting player 2 freeze to 0
[14:23:48.602] [SEVERE ] setting player 2 freeze to 0
[14:23:48.603] [SEVERE ] setting player 2 freeze to 0
[14:23:48.604] [SEVERE ] removing player 2 token from slot 8
[14:23:48.604] [SEVERE ] player 2 placing token on slot 0
[14:23:49.585] [SEVERE ] updating countdown to 15990
[14:23:49.585] [SEVERE ] setting player 1 freeze to 0
[14:23:49.586] [SEVERE ] setting player 1 freeze to 0
[14:23:49.587] [SEVERE ] setting player 1 freeze to 0
[14:23:49.587] [SEVERE ] setting player 1 freeze to 0
[14:23:49.588] [SEVERE ] removing player 1 token from slot 10
[14:23:49.588] [SEVERE ] player 1 placing token on slot 1
[14:23:50.586] [SEVERE ] updating countdown to 14989
[14:23:50.586] [SEVERE ] setting player 3 freeze to 0
[14:23:50.587] [SEVERE ] setting player 3 freeze to 0
[14:23:50.588] [SEVERE ] setting player 3 freeze to 0
[14:23:50.589] [SEVERE ] setting player 3 freeze to 0
[14:23:50.590] [SEVERE ] removing player 3 token from slot 1
[14:23:50.591] [SEVERE ] player 3 placing token on slot 11
[14:23:51.586] [SEVERE ] updating countdown to 13989
[14:23:51.586] [SEVERE ] setting player 4 freeze to 0
[14:23:51.587] [SEVERE ] setting player 4 freeze to 0
[14:23:51.587] [SEVERE ] setting player 4 freeze to 0
[14:23:51.588] [SEVERE ] setting player 4 freeze to 0
[14:23:51.588] [SEVERE ] removing player 4 token from slot 10
[14:23:51.589] [SEVERE ] player 4 placing token on slot 11
[14:23:52.587] [SEVERE ] updating countdown to 12988
[14:23:52.587] [SEVERE ] setting player 2 freeze to 0
[14:23:52.588] [SEVERE ] setting player 2 freeze to 0
[14:23:52.588] [SEVERE ] setting player 2 freeze to 0
[14:23:52.588] [SEVERE ] setting player 2 freeze to 0
[14:23:52.589] [SEVERE ] removing player 2 token from slot 11
[14:23:52.590] [SEVERE ] player 2 placing token on slot 2
[14:23:53.587] [SEVERE ] updating countdown to 11988
[14:23:53.587] [SEVERE ] setting player 1 freeze to 0
[14:23:53.588] [SEVERE ] setting player 1 freeze to 0
[14:23:53.589] [SEVERE ] setting player 1 freeze to 0
[14:23:53.589] [SEVERE ] setting player 1 freeze to 0
[14:23:53.590] [SEVERE ] removing player 1 token from slot 1
[14:23:53.590] [SEVERE ] player 1 placing token on slot 0
[14:23:54.588] [SEVERE ] updating countdown to 10987
[14:23:54.588] [SEVERE ] setting player 3 freeze to 0
[14:23:54.589] [SEVERE ] setting player 3 freeze to 0
[14:23:54.589] [SEVERE ] setting player 3 freeze to 0
[14:23:54.590] [SEVERE ] setting player 3 freeze to 0
[14:23:54.590] [SEVERE ] removing player 3 token from slot 9
[14:23:54.591] [SEVERE ] player 3 placing token on slot 0
[14:23:55.589] [SEVERE ] updating countdown to 9986
[14:23:55.589] [SEVERE ] setting player 4 freeze to 0
[14:23:55.589] [SEVERE ] setting player 4 freeze to 0
[14:23:55.590] [SEVERE ] setting player 4 freeze to 0
[14:23:55.590] [SEVERE ] setting player 4 freeze to 0
[14:23:55.591] [SEVERE ] removing player 4 token from slot 6
[14:23:55.591] [SEVERE ] player 4 placing token on slot 10
[14:23:56.589] [SEVERE ] updating countdown to 8986
[14:23:56.589] [SEVERE ] setting player 2 freeze to 0
[14:23:56.590] [SEVERE ] setting player 2 freeze to 0
[14:23:56.594] [SEVERE ] setting player 2 freeze to 0
[14:23:56.595] [SEVERE ] setting player 2 freeze to 0
[14:23:56.595] [SEVERE ] removing player 2 token from slot 2
[14:23:56.596] [SEVERE ] removing player 2 token from slot 0
[14:23:56.596] [SEVERE ] removing player 2 token from slot 10
[14:23:56.597] [SEVERE ] player 2 placing token on slot 11
[14:23:56.597] [SEVERE ] player 2 placing token on slot 6
[14:23:56.598] [SEVERE ] player 2 placing token on slot 5
[14:23:57.590] [SEVERE ] updating countdown to 7985
[14:23:57.590] [SEVERE ] setting player 1 freeze to 0
[14:23:57.590] [SEVERE ] setting player 1 freeze to 0
[14:23:57.591] [SEVERE ] setting player 1 freeze to 0
[14:23:57.591] [SEVERE ] setting player 1 freeze to 0
[14:23:57.592] [SEVERE ] removing player 1 token from slot 0
[14:23:57.592] [SEVERE ] player 1 placing token on slot 7
[14:23:58.590] [SEVERE ] updating countdown to 6985
[14:23:58.590] [SEVERE ] setting player 3 freeze to 0
[14:23:58.591] [SEVERE ] setting player 3 freeze to 0
[14:23:58.591] [SEVERE ] setting player 3 freeze to 0
[14:23:58.592] [SEVERE ] setting player 3 freeze to 0
[14:23:58.593] [SEVERE ] removing player 3 token from slot 0
[14:23:58.593] [SEVERE ] removing player 3 token from slot 11
[14:23:58.594] [SEVERE ] player 3 placing token on slot 5
[14:23:58.594] [SEVERE ] removing player 3 token from slot 8
[14:23:58.595] [SEVERE ] player 3 placing token on slot 0
[14:23:58.595] [SEVERE ] removing player 3 token from slot 0
[14:23:58.595] [SEVERE ] player 3 placing token on slot 6
[14:23:58.596] [SEVERE ] player 3 placing token on slot 7
[14:23:59.591] [SEVERE ] updating countdown to 5985
[14:23:59.591] [SEVERE ] setting player 4 freeze to 0
[14:23:59.591] [SEVERE ] setting player 4 freeze to 0
[14:23:59.592] [SEVERE ] setting player 4 freeze to 0
[14:23:59.592] [SEVERE ] setting player 4 freeze to 0
[14:23:59.593] [SEVERE ] removing player 4 token from slot 11
[14:23:59.593] [SEVERE ] player 4 placing token on slot 11
[14:24:00.591] [SEVERE ] setting player 2 freeze to 0
[14:24:00.591] [SEVERE ] setting player 2 freeze to 0
[14:24:00.592] [SEVERE ] setting player 2 freeze to 0
[14:24:00.592] [SEVERE ] setting player 2 freeze to 0
[14:24:00.593] [SEVERE ] removing player 2 token from slot 5
[14:24:00.593] [SEVERE ] player 2 placing token on slot 3
[14:24:00.603] [SEVERE ] updating countdown to 30000
[14:24:00.603] [SEVERE ] setting player 1 score to 1
[14:24:00.603] [SEVERE ] removing player 1 token from slot 6
[14:24:00.603] [SEVERE ] setting player 1 freeze to 0
[14:24:00.604] [SEVERE ] setting player 1 freeze to 0
[14:24:00.605] [SEVERE ] removing player 1 token from slot 6
[14:24:00.605] [SEVERE ] removing player 1 token from slot 9
[14:24:00.605] [SEVERE ] player 1 placing token on slot 9
[14:24:00.606] [SEVERE ] player 1 placing token on slot 0
