[17:11:45.043] [INFO   ] thread main starting.
[17:11:45.048] [SEVERE ] cannot read configuration file config.properties trying from resources.
[17:11:45.050] [SEVERE ] configuration file was loaded from resources directory.
[17:11:45.444] [INFO   ] thread dealer starting.
[17:11:45.445] [INFO   ] Thread dealer starting.
[17:11:45.552] [SEVERE ] placing card 64 in slot 0
[17:11:45.654] [SEVERE ] placing card 47 in slot 1
[17:11:45.755] [SEVERE ] placing card 18 in slot 2
[17:11:45.855] [SEVERE ] placing card 77 in slot 3
[17:11:45.956] [SEVERE ] placing card 2 in slot 4
[17:11:46.058] [SEVERE ] placing card 66 in slot 5
[17:11:46.159] [SEVERE ] placing card 39 in slot 6
[17:11:46.260] [SEVERE ] placing card 43 in slot 7
[17:11:46.361] [SEVERE ] placing card 45 in slot 8
[17:11:46.462] [SEVERE ] placing card 33 in slot 9
[17:11:46.564] [SEVERE ] placing card 53 in slot 10
[17:11:46.665] [SEVERE ] placing card 9 in slot 11
[17:11:46.667] [INFO   ] Thread Thread-2starting.
[17:11:46.667] [SEVERE ] updating countdown to 15000
[17:11:46.667] [INFO   ] Thread Thread-3starting.
[17:11:46.667] [INFO   ] Thread Thread-1starting.
[17:11:46.675] [INFO   ] Thread computer-1 starting.
[17:11:46.675] [INFO   ] Thread computer-2 starting.
[17:11:46.678] [SEVERE ] player 3 placing token on slot 11
[17:11:46.668] [INFO   ] Thread Thread-4starting.
[17:11:46.680] [SEVERE ] player 3 placing token on slot 9
[17:11:46.677] [INFO   ] Thread computer-0 starting.
[17:11:46.677] [SEVERE ] player 2 placing token on slot 4
[17:11:46.693] [SEVERE ] player 2 placing token on slot 7
[17:11:46.694] [SEVERE ] removing player 2 token from slot 4
[17:11:46.695] [SEVERE ] player 2 placing token on slot 1
[17:11:46.695] [SEVERE ] player 2 placing token on slot 8
[17:11:46.685] [SEVERE ] removing player 3 token from slot 9
[17:11:46.697] [SEVERE ] player 3 placing token on slot 7
[17:11:46.698] [SEVERE ] player 3 placing token on slot 8
[17:11:46.685] [SEVERE ] player 1 placing token on slot 6
[17:11:46.696] [INFO   ] Thread computer-3 starting.
[17:11:46.699] [SEVERE ] player 1 placing token on slot 11
[17:11:46.699] [SEVERE ] player 4 placing token on slot 1
[17:11:46.702] [SEVERE ] player 4 placing token on slot 2
[17:11:46.702] [SEVERE ] player 1 placing token on slot 3
[17:11:46.703] [SEVERE ] player 4 placing token on slot 5
