[16:49:47.530] [INFO   ] thread main starting.
[16:49:47.536] [SEVERE ] cannot read configuration file config.properties trying from resources.
[16:49:47.537] [SEVERE ] configuration file was loaded from resources directory.
[16:49:47.884] [INFO   ] thread dealer starting.
[16:49:47.884] [INFO   ] Thread dealer starting.
[16:49:47.990] [SEVERE ] placing card 47 in slot 0
[16:49:48.091] [SEVERE ] placing card 76 in slot 1
[16:49:48.192] [SEVERE ] placing card 68 in slot 2
[16:49:48.293] [SEVERE ] placing card 63 in slot 3
[16:49:48.394] [SEVERE ] placing card 44 in slot 4
[16:49:48.495] [SEVERE ] placing card 39 in slot 5
[16:49:48.596] [SEVERE ] placing card 18 in slot 6
[16:49:48.698] [SEVERE ] placing card 41 in slot 7
[16:49:48.798] [SEVERE ] placing card 77 in slot 8
[16:49:48.899] [SEVERE ] placing card 12 in slot 9
[16:49:49.000] [SEVERE ] placing card 27 in slot 10
[16:49:49.101] [SEVERE ] placing card 66 in slot 11
[16:49:49.102] [INFO   ] Thread Thread-1starting.
[16:49:49.103] [SEVERE ] updating countdown to 5000
[16:49:49.103] [INFO   ] Thread Thread-3starting.
[16:49:49.103] [INFO   ] Thread Thread-2starting.
[16:49:49.105] [INFO   ] Thread computer-0 starting.
[16:49:49.106] [INFO   ] Thread computer-2 starting.
[16:49:49.103] [INFO   ] Thread Thread-4starting.
[16:49:49.107] [SEVERE ] player 3 placing token on slot 8
[16:49:49.106] [INFO   ] Thread computer-1 starting.
[16:49:49.109] [SEVERE ] player 1 placing token on slot 9
[16:49:49.109] [INFO   ] Thread computer-3 starting.
[16:49:49.110] [SEVERE ] player 2 placing token on slot 7
[16:49:49.111] [SEVERE ] player 3 placing token on slot 1
[16:49:49.112] [SEVERE ] player 2 placing token on slot 11
[16:49:49.112] [SEVERE ] player 4 placing token on slot 6
[16:49:49.112] [SEVERE ] player 1 placing token on slot 11
[16:49:49.113] [SEVERE ] player 4 placing token on slot 9
[16:49:49.114] [SEVERE ] player 2 placing token on slot 1
[16:49:49.114] [SEVERE ] player 3 placing token on slot 5
[16:49:49.115] [SEVERE ] player 4 placing token on slot 10
[16:49:49.115] [SEVERE ] player 1 placing token on slot 2
[16:49:49.116] [SEVERE ] setting player 2 freeze to 0
[16:49:49.116] [SEVERE ] setting player 2 freeze to 0
[16:49:49.116] [SEVERE ] setting player 2 freeze to 0
[16:49:49.117] [SEVERE ] setting player 2 freeze to 0
[16:49:49.127] [SEVERE ] setting player 3 freeze to 0
[16:49:49.128] [SEVERE ] setting player 3 freeze to 0
[16:49:49.128] [SEVERE ] setting player 3 freeze to 0
[16:49:49.128] [SEVERE ] setting player 3 freeze to 0
[16:49:49.138] [SEVERE ] setting player 4 freeze to 0
[16:49:49.138] [SEVERE ] setting player 4 freeze to 0
[16:49:49.138] [SEVERE ] setting player 4 freeze to 0
[16:49:49.139] [SEVERE ] setting player 4 freeze to 0
[16:49:49.148] [SEVERE ] setting player 1 freeze to 0
[16:49:49.148] [SEVERE ] setting player 1 freeze to 0
[16:49:49.149] [SEVERE ] setting player 1 freeze to 0
[16:49:49.149] [SEVERE ] setting player 1 freeze to 0
