[17:12:14.975] [INFO   ] thread main starting.
[17:12:14.982] [SEVERE ] cannot read configuration file config.properties trying from resources.
[17:12:14.983] [SEVERE ] configuration file was loaded from resources directory.
[17:12:15.459] [INFO   ] thread dealer starting.
[17:12:15.460] [INFO   ] Thread dealer starting.
[17:12:15.565] [SEVERE ] placing card 7 in slot 0
[17:12:15.667] [SEVERE ] placing card 51 in slot 1
[17:12:15.768] [SEVERE ] placing card 49 in slot 2
[17:12:15.869] [SEVERE ] placing card 1 in slot 3
[17:12:15.970] [SEVERE ] placing card 15 in slot 4
[17:12:16.071] [SEVERE ] placing card 0 in slot 5
[17:12:16.172] [SEVERE ] placing card 67 in slot 6
[17:12:16.273] [SEVERE ] placing card 23 in slot 7
[17:12:16.375] [SEVERE ] placing card 69 in slot 8
[17:12:16.476] [SEVERE ] placing card 31 in slot 9
[17:12:16.577] [SEVERE ] placing card 6 in slot 10
[17:12:16.678] [SEVERE ] placing card 48 in slot 11
[17:12:16.680] [INFO   ] Thread Thread-1starting.
[17:12:16.681] [INFO   ] Thread Thread-4starting.
[17:12:16.681] [SEVERE ] updating countdown to 15000
[17:12:16.681] [INFO   ] Thread Thread-3starting.
[17:12:16.680] [INFO   ] Thread Thread-2starting.
[17:12:16.690] [INFO   ] Thread computer-1 starting.
[17:12:16.696] [SEVERE ] player 2 placing token on slot 2
[17:12:16.698] [SEVERE ] player 2 placing token on slot 7
[17:12:16.699] [INFO   ] Thread computer-2 starting.
[17:12:16.700] [SEVERE ] player 3 placing token on slot 7
[17:12:16.701] [SEVERE ] player 3 placing token on slot 5
[17:12:16.702] [SEVERE ] player 3 placing token on slot 1
[17:12:16.701] [SEVERE ] player 2 placing token on slot 10
[17:12:16.701] [INFO   ] Thread computer-0 starting.
[17:12:16.706] [SEVERE ] player 1 placing token on slot 7
[17:12:16.708] [SEVERE ] player 1 placing token on slot 6
[17:12:16.708] [SEVERE ] player 1 placing token on slot 4
[17:12:16.713] [INFO   ] Thread computer-3 starting.
[17:12:16.714] [SEVERE ] player 4 placing token on slot 5
[17:12:16.715] [SEVERE ] player 4 placing token on slot 1
[17:12:16.716] [SEVERE ] player 4 placing token on slot 7
