[15:56:47.609] [INFO   ] thread main starting.
[15:56:47.615] [SEVERE ] cannot read configuration file config.properties trying from resources.
[15:56:47.617] [SEVERE ] configuration file was loaded from resources directory.
[15:56:47.986] [INFO   ] thread dealer starting.
[15:56:47.986] [INFO   ] Thread dealer starting.
[15:56:48.093] [SEVERE ] placing card 66 in slot 0
[15:56:48.195] [SEVERE ] placing card 32 in slot 1
[15:56:48.296] [SEVERE ] placing card 66 in slot 2
[15:56:48.396] [SEVERE ] placing card 34 in slot 3
[15:56:48.497] [SEVERE ] placing card 61 in slot 4
[15:56:48.598] [SEVERE ] placing card 76 in slot 5
[15:56:48.699] [SEVERE ] placing card 8 in slot 6
[15:56:48.799] [SEVERE ] placing card 34 in slot 7
[15:56:48.900] [SEVERE ] placing card 69 in slot 8
[15:56:49.001] [SEVERE ] placing card 41 in slot 9
[15:56:49.102] [SEVERE ] placing card 35 in slot 10
[15:56:49.204] [SEVERE ] placing card 20 in slot 11
[15:56:49.206] [INFO   ] Thread Thread-1starting.
[15:56:49.206] [INFO   ] Thread Thread-3starting.
[15:56:49.206] [SEVERE ] updating countdown to 40000
[15:56:49.206] [INFO   ] Thread Thread-2starting.
[15:56:49.210] [INFO   ] Thread computer-0 starting.
[15:56:49.212] [SEVERE ] player 1 placing token on slot 2
[15:56:49.214] [SEVERE ] player 1 placing token on slot 9
[15:56:49.215] [SEVERE ] player 1 placing token on slot 7
[15:56:49.223] [INFO   ] Thread computer-1 starting.
[15:56:49.228] [SEVERE ] player 2 placing token on slot 2
[15:56:49.211] [INFO   ] Thread computer-2 starting.
[15:56:49.230] [SEVERE ] player 3 placing token on slot 1
[15:56:49.231] [SEVERE ] player 3 placing token on slot 3
[15:56:49.231] [SEVERE ] player 3 placing token on slot 11
[15:56:49.229] [SEVERE ] player 2 placing token on slot 8
[15:56:49.236] [SEVERE ] player 2 placing token on slot 5
[15:56:50.211] [SEVERE ] updating countdown to 38995
[15:56:50.211] [SEVERE ] setting player 1 freeze to 3000
[15:56:51.211] [SEVERE ] updating countdown to 37995
[15:56:51.211] [SEVERE ] setting player 3 freeze to 3000
[15:56:51.214] [SEVERE ] setting player 1 freeze to 2000
[15:56:52.212] [SEVERE ] updating countdown to 36994
[15:56:52.212] [SEVERE ] setting player 2 freeze to 3000
[15:56:52.212] [SEVERE ] setting player 3 freeze to 2000
[15:56:52.214] [SEVERE ] setting player 1 freeze to 1000
[15:56:53.212] [SEVERE ] updating countdown to 35994
[15:56:53.213] [SEVERE ] setting player 2 freeze to 2000
[15:56:53.213] [SEVERE ] setting player 3 freeze to 1000
[15:56:53.215] [SEVERE ] setting player 1 freeze to 0
[15:56:54.214] [SEVERE ] updating countdown to 34992
[15:56:54.214] [SEVERE ] setting player 2 freeze to 1000
[15:56:54.215] [SEVERE ] setting player 3 freeze to 0
[15:56:55.214] [SEVERE ] updating countdown to 33992
[15:56:55.215] [SEVERE ] setting player 2 freeze to 0
[15:56:56.215] [SEVERE ] updating countdown to 32991
[15:56:57.215] [SEVERE ] updating countdown to 31991
[15:56:58.216] [SEVERE ] updating countdown to 30990
[15:56:59.216] [SEVERE ] updating countdown to 29990
[15:57:00.217] [SEVERE ] updating countdown to 28989
[15:57:01.217] [SEVERE ] updating countdown to 27989
[15:57:02.218] [SEVERE ] updating countdown to 26988
[15:57:03.218] [SEVERE ] updating countdown to 25988
[15:57:04.219] [SEVERE ] updating countdown to 24987
[15:57:05.219] [SEVERE ] updating countdown to 23987
[15:57:06.220] [SEVERE ] updating countdown to 22986
[15:57:07.220] [SEVERE ] updating countdown to 21986
[15:57:08.221] [SEVERE ] updating countdown to 20985
[15:57:09.221] [SEVERE ] updating countdown to 19985
[15:57:10.222] [SEVERE ] updating countdown to 18984
[15:57:11.222] [SEVERE ] updating countdown to 17984
[15:57:12.222] [SEVERE ] updating countdown to 16984
[15:57:13.223] [SEVERE ] updating countdown to 15983
[15:57:14.223] [SEVERE ] updating countdown to 14983
[15:57:15.224] [SEVERE ] updating countdown to 13982
[15:57:16.224] [SEVERE ] updating countdown to 12982
[15:57:17.225] [SEVERE ] updating countdown to 11981
[15:57:18.225] [SEVERE ] updating countdown to 10981
[15:57:19.226] [SEVERE ] updating countdown to 9980
[15:57:20.226] [SEVERE ] updating countdown to 8980
[15:57:21.227] [SEVERE ] updating countdown to 7979
[15:57:22.227] [SEVERE ] updating countdown to 6979
[15:57:23.228] [SEVERE ] updating countdown to 5978
