[12:34:16.933] [INFO   ] thread main starting.
[12:34:16.939] [SEVERE ] cannot read configuration file config.properties trying from resources.
[12:34:16.941] [SEVERE ] configuration file was loaded from resources directory.
[12:34:17.301] [INFO   ] thread dealer starting.
[12:34:17.302] [INFO   ] Thread dealer starting.
[12:34:17.408] [SEVERE ] placing card 30 in slot 0
[12:34:17.508] [SEVERE ] placing card 77 in slot 1
[12:34:17.610] [SEVERE ] placing card 45 in slot 2
[12:34:17.711] [SEVERE ] placing card 8 in slot 3
[12:34:17.811] [SEVERE ] placing card 12 in slot 4
[12:34:17.912] [SEVERE ] placing card 56 in slot 5
[12:34:18.013] [SEVERE ] placing card 15 in slot 6
[12:34:18.114] [SEVERE ] placing card 11 in slot 7
[12:34:18.215] [SEVERE ] placing card 59 in slot 8
[12:34:18.316] [SEVERE ] placing card 66 in slot 9
[12:34:18.417] [SEVERE ] placing card 13 in slot 10
[12:34:18.519] [SEVERE ] placing card 16 in slot 11
[12:34:18.520] [INFO   ] Thread Thread-1starting.
[12:34:18.520] [INFO   ] Thread Thread-3starting.
[12:34:18.520] [SEVERE ] updating countdown to 10000
[12:34:18.520] [INFO   ] Thread Thread-2starting.
[12:34:18.523] [INFO   ] Thread computer-2 starting.
[12:34:18.522] [INFO   ] Thread computer-0 starting.
[12:34:18.523] [SEVERE ] player 3 placing token on slot 7
[12:34:18.523] [INFO   ] Thread computer-1 starting.
[12:34:18.524] [SEVERE ] player 1 placing token on slot 8
[12:34:18.525] [SEVERE ] player 2 placing token on slot 2
[12:34:19.523] [SEVERE ] updating countdown to 8997
[12:34:20.525] [SEVERE ] updating countdown to 7995
