[21:06:36.787] [INFO   ] thread main starting.
[21:06:36.793] [SEVERE ] cannot read configuration file config.properties trying from resources.
[21:06:36.795] [SEVERE ] configuration file was loaded from resources directory.
[21:06:37.278] [INFO   ] thread dealer starting.
[21:06:37.281] [INFO   ] Thread dealer starting.
[21:06:37.387] [SEVERE ] placing card 41 in slot 0
[21:06:37.488] [SEVERE ] placing card 32 in slot 1
[21:06:37.589] [SEVERE ] placing card 30 in slot 2
[21:06:37.690] [SEVERE ] placing card 58 in slot 3
[21:06:37.791] [SEVERE ] placing card 1 in slot 4
[21:06:37.892] [SEVERE ] placing card 71 in slot 5
[21:06:37.994] [SEVERE ] placing card 70 in slot 6
[21:06:38.094] [SEVERE ] placing card 48 in slot 7
[21:06:38.195] [SEVERE ] placing card 49 in slot 8
[21:06:38.296] [SEVERE ] placing card 61 in slot 9
[21:06:38.397] [SEVERE ] placing card 39 in slot 10
[21:06:38.498] [SEVERE ] placing card 5 in slot 11
[21:06:38.498] [INFO   ] Thread Thread-1starting.
[21:06:38.498] [SEVERE ] updating countdown to 5000
[21:06:38.498] [INFO   ] Thread Thread-3starting.
[21:06:38.498] [INFO   ] Thread Thread-2starting.
[21:06:38.500] [INFO   ] Thread Thread-4starting.
[21:06:38.507] [INFO   ] Thread computer-2 starting.
[21:06:38.509] [SEVERE ] player 3 placing token on slot 7
[21:06:38.503] [INFO   ] Thread computer-1 starting.
[21:06:38.511] [SEVERE ] player 2 placing token on slot 8
[21:06:38.513] [SEVERE ] player 2 placing token on slot 3
[21:06:38.513] [SEVERE ] removing player 2 token from slot 3
[21:06:38.514] [SEVERE ] player 2 placing token on slot 10
[21:06:38.514] [SEVERE ] removing player 2 token from slot 8
[21:06:38.514] [SEVERE ] player 2 placing token on slot 3
[21:06:38.515] [SEVERE ] player 2 placing token on slot 2
[21:06:38.503] [INFO   ] Thread computer-0 starting.
[21:06:38.521] [SEVERE ] player 1 placing token on slot 5
[21:06:38.521] [SEVERE ] player 1 placing token on slot 7
[21:06:38.522] [SEVERE ] player 1 placing token on slot 9
[21:06:38.524] [SEVERE ] setting player 2 freeze to 0
[21:06:38.509] [SEVERE ] removing player 3 token from slot 7
[21:06:38.530] [SEVERE ] player 3 placing token on slot 2
[21:06:38.530] [SEVERE ] player 3 placing token on slot 1
[21:06:38.530] [SEVERE ] player 3 placing token on slot 7
[21:06:38.531] [INFO   ] Thread computer-3 starting.
[21:06:38.531] [SEVERE ] player 4 placing token on slot 4
[21:06:38.531] [SEVERE ] player 4 placing token on slot 7
[21:06:38.531] [SEVERE ] player 4 placing token on slot 6
[21:06:38.538] [SEVERE ] setting player 1 freeze to 0
[21:06:38.538] [SEVERE ] setting player 1 freeze to 0
[21:06:38.538] [SEVERE ] setting player 2 freeze to 0
[21:06:38.539] [SEVERE ] setting player 2 freeze to 0
[21:06:38.538] [SEVERE ] setting player 1 freeze to 0
[21:06:38.544] [SEVERE ] setting player 1 freeze to 0
[21:06:38.545] [SEVERE ] removing player 1 token from slot 7
[21:06:38.546] [SEVERE ] player 1 placing token on slot 2
[21:06:38.549] [SEVERE ] setting player 3 freeze to 0
[21:06:38.549] [SEVERE ] setting player 3 freeze to 0
[21:06:38.550] [SEVERE ] setting player 3 freeze to 0
[21:06:38.550] [SEVERE ] setting player 3 freeze to 0
[21:06:38.551] [SEVERE ] removing player 3 token from slot 7
[21:06:38.551] [SEVERE ] player 3 placing token on slot 11
[21:06:38.545] [SEVERE ] setting player 2 freeze to 0
[21:06:38.553] [SEVERE ] removing player 2 token from slot 10
[21:06:38.553] [SEVERE ] removing player 2 token from slot 2
[21:06:38.554] [SEVERE ] player 2 placing token on slot 10
[21:06:38.555] [SEVERE ] player 2 placing token on slot 1
[21:06:38.559] [SEVERE ] setting player 4 freeze to 0
[21:06:38.560] [SEVERE ] setting player 4 freeze to 0
[21:06:38.560] [SEVERE ] setting player 4 freeze to 0
[21:06:38.561] [SEVERE ] setting player 4 freeze to 0
[21:06:38.561] [SEVERE ] removing player 4 token from slot 4
[21:06:38.562] [SEVERE ] player 4 placing token on slot 3
[21:06:38.570] [SEVERE ] setting player 1 freeze to 0
[21:06:38.570] [SEVERE ] setting player 1 freeze to 0
[21:06:38.570] [SEVERE ] setting player 1 freeze to 0
[21:06:38.571] [SEVERE ] setting player 1 freeze to 0
[21:06:38.571] [SEVERE ] removing player 1 token from slot 9
[21:06:38.572] [SEVERE ] removing player 1 token from slot 2
[21:06:38.572] [SEVERE ] player 1 placing token on slot 2
[21:06:38.573] [SEVERE ] player 1 placing token on slot 11
[21:06:38.580] [SEVERE ] setting player 3 freeze to 0
[21:06:38.580] [SEVERE ] setting player 3 freeze to 0
[21:06:38.581] [SEVERE ] setting player 3 freeze to 0
[21:06:38.581] [SEVERE ] setting player 3 freeze to 0
[21:06:38.582] [SEVERE ] removing player 3 token from slot 11
[21:06:38.582] [SEVERE ] removing player 3 token from slot 2
[21:06:38.583] [SEVERE ] player 3 placing token on slot 10
[21:06:38.583] [SEVERE ] player 3 placing token on slot 5
[21:06:38.591] [SEVERE ] setting player 2 freeze to 0
[21:06:38.591] [SEVERE ] setting player 2 freeze to 0
[21:06:38.592] [SEVERE ] setting player 2 freeze to 0
[21:06:38.593] [SEVERE ] setting player 2 freeze to 0
[21:06:38.594] [SEVERE ] removing player 2 token from slot 3
[21:06:38.594] [SEVERE ] player 2 placing token on slot 2
[21:06:38.601] [SEVERE ] setting player 4 freeze to 0
[21:06:38.601] [SEVERE ] setting player 4 freeze to 0
[21:06:38.602] [SEVERE ] setting player 4 freeze to 0
[21:06:38.602] [SEVERE ] setting player 4 freeze to 0
[21:06:38.603] [SEVERE ] removing player 4 token from slot 3
[21:06:38.603] [SEVERE ] removing player 4 token from slot 6
[21:06:38.604] [SEVERE ] player 4 placing token on slot 4
[21:06:38.604] [SEVERE ] player 4 placing token on slot 3
[21:06:38.612] [SEVERE ] setting player 1 freeze to 0
[21:06:38.613] [SEVERE ] setting player 1 freeze to 0
[21:06:38.613] [SEVERE ] setting player 1 freeze to 0
[21:06:38.614] [SEVERE ] setting player 1 freeze to 0
[21:06:38.614] [SEVERE ] removing player 1 token from slot 2
[21:06:38.615] [SEVERE ] removing player 1 token from slot 5
[21:06:38.615] [SEVERE ] player 1 placing token on slot 2
[21:06:38.616] [SEVERE ] player 1 placing token on slot 4
[21:06:38.623] [SEVERE ] setting player 3 freeze to 0
[21:06:38.623] [SEVERE ] setting player 3 freeze to 0
[21:06:38.629] [SEVERE ] setting player 3 freeze to 0
[21:06:38.629] [SEVERE ] setting player 3 freeze to 0
[21:06:38.629] [SEVERE ] removing player 3 token from slot 10
[21:06:38.630] [SEVERE ] removing player 3 token from slot 5
[21:06:38.637] [SEVERE ] player 3 placing token on slot 5
[21:06:38.637] [SEVERE ] player 3 placing token on slot 4
[21:06:38.641] [SEVERE ] setting player 2 freeze to 0
[21:06:38.641] [SEVERE ] setting player 2 freeze to 0
[21:06:38.642] [SEVERE ] setting player 2 freeze to 0
[21:06:38.642] [SEVERE ] setting player 2 freeze to 0
[21:06:38.643] [SEVERE ] removing player 2 token from slot 10
[21:06:38.643] [SEVERE ] player 2 placing token on slot 9
[21:06:38.647] [SEVERE ] setting player 4 freeze to 0
[21:06:38.647] [SEVERE ] setting player 4 freeze to 0
[21:06:38.647] [SEVERE ] setting player 4 freeze to 0
[21:06:38.648] [SEVERE ] setting player 4 freeze to 0
[21:06:38.648] [SEVERE ] removing player 4 token from slot 7
[21:06:38.648] [SEVERE ] player 4 placing token on slot 7
[21:06:38.657] [SEVERE ] setting player 1 freeze to 0
[21:06:38.658] [SEVERE ] setting player 1 freeze to 0
[21:06:38.658] [SEVERE ] setting player 1 freeze to 0
[21:06:38.658] [SEVERE ] setting player 1 freeze to 0
[21:06:38.659] [SEVERE ] removing player 1 token from slot 2
[21:06:38.659] [SEVERE ] player 1 placing token on slot 3
[21:06:38.668] [SEVERE ] setting player 3 freeze to 0
[21:06:38.669] [SEVERE ] setting player 3 freeze to 0
[21:06:38.669] [SEVERE ] setting player 3 freeze to 0
[21:06:38.670] [SEVERE ] setting player 3 freeze to 0
[21:06:38.670] [SEVERE ] removing player 3 token from slot 5
[21:06:38.671] [SEVERE ] player 3 placing token on slot 2
[21:06:38.678] [SEVERE ] setting player 2 freeze to 0
[21:06:38.678] [SEVERE ] setting player 2 freeze to 0
[21:06:38.678] [SEVERE ] setting player 2 freeze to 0
[21:06:38.679] [SEVERE ] setting player 2 freeze to 0
[21:06:38.679] [SEVERE ] removing player 2 token from slot 2
[21:06:38.680] [SEVERE ] player 2 placing token on slot 10
[21:06:38.688] [SEVERE ] setting player 4 freeze to 0
[21:06:38.689] [SEVERE ] setting player 4 freeze to 0
[21:06:38.689] [SEVERE ] setting player 4 freeze to 0
[21:06:38.689] [SEVERE ] setting player 4 freeze to 0
[21:06:38.694] [SEVERE ] removing player 4 token from slot 7
[21:06:38.694] [SEVERE ] removing player 4 token from slot 3
[21:06:38.694] [SEVERE ] removing player 4 token from slot 4
[21:06:38.694] [SEVERE ] player 4 placing token on slot 11
[21:06:38.694] [SEVERE ] removing player 4 token from slot 11
[21:06:38.696] [SEVERE ] player 4 placing token on slot 7
[21:06:38.696] [SEVERE ] player 4 placing token on slot 5
[21:06:38.696] [SEVERE ] player 4 placing token on slot 8
[21:06:38.700] [SEVERE ] setting player 1 freeze to 0
[21:06:38.700] [SEVERE ] setting player 1 freeze to 0
[21:06:38.700] [SEVERE ] setting player 1 freeze to 0
[21:06:38.701] [SEVERE ] setting player 1 freeze to 0
[21:06:38.701] [SEVERE ] removing player 1 token from slot 11
[21:06:38.702] [SEVERE ] player 1 placing token on slot 11
[21:06:38.709] [SEVERE ] setting player 3 freeze to 0
[21:06:38.709] [SEVERE ] setting player 3 freeze to 0
[21:06:38.710] [SEVERE ] setting player 3 freeze to 0
[21:06:38.710] [SEVERE ] setting player 3 freeze to 0
[21:06:38.711] [SEVERE ] removing player 3 token from slot 1
[21:06:38.711] [SEVERE ] player 3 placing token on slot 11
[21:06:38.719] [SEVERE ] setting player 2 freeze to 0
[21:06:38.719] [SEVERE ] setting player 2 freeze to 0
[21:06:38.720] [SEVERE ] setting player 2 freeze to 0
[21:06:38.720] [SEVERE ] setting player 2 freeze to 0
[21:06:38.721] [SEVERE ] removing player 2 token from slot 1
[21:06:38.721] [SEVERE ] removing player 2 token from slot 10
[21:06:38.721] [SEVERE ] player 2 placing token on slot 2
[21:06:38.721] [SEVERE ] player 2 placing token on slot 6
[21:06:38.729] [SEVERE ] setting player 4 freeze to 0
[21:06:38.730] [SEVERE ] setting player 4 freeze to 0
[21:06:38.730] [SEVERE ] setting player 4 freeze to 0
[21:06:38.731] [SEVERE ] setting player 4 freeze to 0
[21:06:38.731] [SEVERE ] removing player 4 token from slot 8
[21:06:38.732] [SEVERE ] player 4 placing token on slot 11
[21:06:38.740] [SEVERE ] setting player 1 freeze to 0
[21:06:38.740] [SEVERE ] setting player 1 freeze to 0
[21:06:38.741] [SEVERE ] setting player 1 freeze to 0
[21:06:38.741] [SEVERE ] setting player 1 freeze to 0
[21:06:38.742] [SEVERE ] removing player 1 token from slot 4
[21:06:38.742] [SEVERE ] player 1 placing token on slot 4
[21:06:38.751] [SEVERE ] setting player 3 freeze to 0
[21:06:38.751] [SEVERE ] setting player 3 freeze to 0
[21:06:38.751] [SEVERE ] setting player 3 freeze to 0
[21:06:38.752] [SEVERE ] setting player 3 freeze to 0
[21:06:38.752] [SEVERE ] removing player 3 token from slot 11
[21:06:38.753] [SEVERE ] player 3 placing token on slot 1
[21:06:38.761] [SEVERE ] setting player 2 freeze to 0
[21:06:38.761] [SEVERE ] setting player 2 freeze to 0
[21:06:38.762] [SEVERE ] setting player 2 freeze to 0
[21:06:38.763] [SEVERE ] setting player 2 freeze to 0
[21:06:38.763] [SEVERE ] removing player 2 token from slot 6
[21:06:38.764] [SEVERE ] player 2 placing token on slot 11
[21:06:38.771] [SEVERE ] setting player 4 freeze to 0
[21:06:38.772] [SEVERE ] setting player 4 freeze to 0
[21:06:38.772] [SEVERE ] setting player 4 freeze to 0
[21:06:38.772] [SEVERE ] setting player 4 freeze to 0
[21:06:38.773] [SEVERE ] removing player 4 token from slot 7
[21:06:38.774] [SEVERE ] player 4 placing token on slot 10
[21:06:38.782] [SEVERE ] setting player 1 freeze to 0
[21:06:38.782] [SEVERE ] setting player 1 freeze to 0
[21:06:38.783] [SEVERE ] setting player 1 freeze to 0
[21:06:38.784] [SEVERE ] setting player 1 freeze to 0
[21:06:38.784] [SEVERE ] removing player 1 token from slot 11
[21:06:38.785] [SEVERE ] player 1 placing token on slot 2
[21:06:38.792] [SEVERE ] setting player 3 freeze to 0
[21:06:38.793] [SEVERE ] setting player 3 freeze to 0
[21:06:38.793] [SEVERE ] setting player 3 freeze to 0
[21:06:38.793] [SEVERE ] setting player 3 freeze to 0
[21:06:38.794] [SEVERE ] removing player 3 token from slot 1
[21:06:38.794] [SEVERE ] player 3 placing token on slot 3
[21:06:38.803] [SEVERE ] setting player 2 freeze to 0
[21:06:38.804] [SEVERE ] setting player 2 freeze to 0
[21:06:38.814] [SEVERE ] setting player 2 freeze to 0
[21:06:38.821] [SEVERE ] setting player 2 freeze to 0
[21:06:38.821] [SEVERE ] setting player 4 freeze to 0
[21:06:38.821] [SEVERE ] removing player 2 token from slot 9
[21:06:38.821] [SEVERE ] setting player 4 freeze to 0
[21:06:38.821] [SEVERE ] setting player 4 freeze to 0
[21:06:38.821] [SEVERE ] player 2 placing token on slot 3
[21:06:38.821] [SEVERE ] setting player 4 freeze to 0
[21:06:38.821] [SEVERE ] removing player 4 token from slot 5
[21:06:38.821] [SEVERE ] player 4 placing token on slot 2
[21:06:38.824] [SEVERE ] setting player 1 freeze to 0
[21:06:38.829] [SEVERE ] setting player 1 freeze to 0
[21:06:38.831] [SEVERE ] setting player 1 freeze to 0
[21:06:38.831] [SEVERE ] setting player 1 freeze to 0
[21:06:38.831] [SEVERE ] removing player 1 token from slot 4
[21:06:38.831] [SEVERE ] player 1 placing token on slot 5
[21:06:38.834] [SEVERE ] setting player 3 freeze to 0
[21:06:38.834] [SEVERE ] setting player 3 freeze to 0
[21:06:38.835] [SEVERE ] setting player 3 freeze to 0
[21:06:38.836] [SEVERE ] setting player 3 freeze to 0
[21:06:38.836] [SEVERE ] removing player 3 token from slot 4
[21:06:38.836] [SEVERE ] removing player 3 token from slot 2
[21:06:38.836] [SEVERE ] player 3 placing token on slot 6
[21:06:38.837] [SEVERE ] player 3 placing token on slot 5
[21:06:38.844] [SEVERE ] updating countdown to 5000
[21:06:38.844] [SEVERE ] removing player 2 token from slot 2
[21:06:38.844] [SEVERE ] removing player 2 token from slot 2
[21:06:38.844] [SEVERE ] removing player 2 token from slot 2
[21:06:38.845] [SEVERE ] setting player 2 score to 1
[21:06:38.845] [SEVERE ] setting player 2 freeze to 0
[21:06:38.845] [SEVERE ] setting player 2 freeze to 0
[21:06:38.845] [SEVERE ] removing player 2 token from slot 2
[21:06:38.845] [SEVERE ] player 2 placing token on slot 1
[21:07:53.234] [SEVERE ] removing player 2 token from slot 1
[21:07:53.924] [SEVERE ] removing card from slot 1
[21:08:57.522] [SEVERE ] removing player 2 token from slot 3
[21:08:58.250] [SEVERE ] removing card from slot 3
