[14:08:06.137] [INFO   ] thread main starting.
[14:08:06.142] [SEVERE ] cannot read configuration file config.properties trying from resources.
[14:08:06.144] [SEVERE ] configuration file was loaded from resources directory.
[14:08:06.607] [INFO   ] thread dealer starting.
[14:08:06.608] [INFO   ] Thread dealer starting.
[14:08:06.713] [SEVERE ] placing card 8 in slot 0
[14:08:06.814] [SEVERE ] placing card 17 in slot 1
[14:08:06.914] [SEVERE ] placing card 73 in slot 2
[14:08:07.015] [SEVERE ] placing card 4 in slot 3
[14:08:07.117] [SEVERE ] placing card 72 in slot 4
[14:08:07.218] [SEVERE ] placing card 10 in slot 5
[14:08:07.319] [SEVERE ] placing card 41 in slot 6
[14:08:07.420] [SEVERE ] placing card 61 in slot 7
[14:08:07.521] [SEVERE ] placing card 27 in slot 8
[14:08:07.622] [SEVERE ] placing card 79 in slot 9
[14:08:07.723] [SEVERE ] placing card 70 in slot 10
[14:08:07.824] [SEVERE ] placing card 66 in slot 11
[14:08:07.826] [INFO   ] Thread Thread-1starting.
[14:08:07.826] [INFO   ] Thread Thread-3starting.
[14:08:07.826] [INFO   ] Thread Thread-2starting.
[14:08:07.827] [SEVERE ] updating countdown to 30000
[14:08:07.827] [INFO   ] Thread Thread-4starting.
[14:08:07.829] [INFO   ] Thread computer-1 starting.
[14:08:07.829] [INFO   ] Thread computer-2 starting.
[14:08:07.832] [SEVERE ] player 2 placing token on slot 11
[14:08:07.829] [INFO   ] Thread computer-0 starting.
[14:08:07.833] [SEVERE ] player 3 placing token on slot 7
[14:08:07.834] [INFO   ] Thread computer-3 starting.
[14:08:07.834] [SEVERE ] player 2 placing token on slot 8
[14:08:07.836] [SEVERE ] player 1 placing token on slot 9
[14:08:07.837] [SEVERE ] player 2 placing token on slot 9
[14:08:07.838] [SEVERE ] player 4 placing token on slot 7
[14:08:07.839] [SEVERE ] player 3 placing token on slot 2
[14:08:07.840] [SEVERE ] player 4 placing token on slot 11
[14:08:07.842] [SEVERE ] player 1 placing token on slot 3
[14:08:07.843] [SEVERE ] player 4 placing token on slot 8
[14:08:07.843] [SEVERE ] player 3 placing token on slot 8
[14:08:07.844] [SEVERE ] player 1 placing token on slot 11
[14:08:08.832] [SEVERE ] updating countdown to 28995
[14:08:08.832] [SEVERE ] setting player 2 freeze to 0
[14:08:08.832] [SEVERE ] setting player 2 freeze to 0
[14:08:08.833] [SEVERE ] setting player 2 freeze to 0
[14:08:08.834] [SEVERE ] setting player 2 freeze to 0
[14:08:08.834] [SEVERE ] removing player 2 token from slot 9
[14:08:08.835] [SEVERE ] player 2 placing token on slot 6
[14:08:09.832] [SEVERE ] updating countdown to 27995
[14:08:09.832] [SEVERE ] setting player 4 freeze to 0
[14:08:09.834] [SEVERE ] setting player 4 freeze to 0
[14:08:09.836] [SEVERE ] setting player 4 freeze to 0
[14:08:09.838] [SEVERE ] setting player 4 freeze to 0
[14:08:09.839] [SEVERE ] removing player 4 token from slot 7
[14:08:10.031] [SEVERE ] player 4 placing token on slot 5
[14:08:10.833] [SEVERE ] updating countdown to 26994
[14:08:10.833] [SEVERE ] setting player 3 freeze to 0
[14:08:10.834] [SEVERE ] setting player 3 freeze to 0
[14:08:10.834] [SEVERE ] setting player 3 freeze to 0
[14:08:10.835] [SEVERE ] setting player 3 freeze to 0
[14:08:10.835] [SEVERE ] removing player 3 token from slot 2
[14:08:10.836] [SEVERE ] removing player 3 token from slot 8
[14:08:10.836] [SEVERE ] player 3 placing token on slot 3
[14:08:10.837] [SEVERE ] player 3 placing token on slot 8
[14:08:11.834] [SEVERE ] updating countdown to 25993
[14:08:11.834] [SEVERE ] setting player 1 freeze to 0
[14:08:11.834] [SEVERE ] setting player 1 freeze to 0
[14:08:11.835] [SEVERE ] setting player 1 freeze to 0
[14:08:11.835] [SEVERE ] setting player 1 freeze to 0
[14:08:11.836] [SEVERE ] removing player 1 token from slot 11
[14:08:11.836] [SEVERE ] player 1 placing token on slot 5
[14:08:12.834] [SEVERE ] updating countdown to 24993
[14:08:12.834] [SEVERE ] setting player 2 freeze to 0
[14:08:12.835] [SEVERE ] setting player 2 freeze to 0
[14:08:12.836] [SEVERE ] setting player 2 freeze to 0
[14:08:12.836] [SEVERE ] setting player 2 freeze to 0
[14:08:12.837] [SEVERE ] removing player 2 token from slot 6
[14:08:12.837] [SEVERE ] removing player 2 token from slot 8
[14:08:12.838] [SEVERE ] player 2 placing token on slot 3
[14:08:12.839] [SEVERE ] player 2 placing token on slot 1
[14:08:13.835] [SEVERE ] updating countdown to 23992
[14:08:13.835] [SEVERE ] setting player 4 freeze to 0
[14:08:13.835] [SEVERE ] setting player 4 freeze to 0
[14:08:13.836] [SEVERE ] setting player 4 freeze to 0
[14:08:13.836] [SEVERE ] setting player 4 freeze to 0
[14:08:13.837] [SEVERE ] removing player 4 token from slot 5
[14:08:13.837] [SEVERE ] removing player 4 token from slot 8
[14:08:13.838] [SEVERE ] player 4 placing token on slot 10
[14:08:13.838] [SEVERE ] removing player 4 token from slot 11
[14:08:13.839] [SEVERE ] player 4 placing token on slot 4
[14:08:13.839] [SEVERE ] player 4 placing token on slot 6
[14:08:14.835] [SEVERE ] updating countdown to 22992
[14:08:14.835] [SEVERE ] setting player 3 freeze to 0
[14:08:14.836] [SEVERE ] setting player 3 freeze to 0
[14:08:14.837] [SEVERE ] setting player 3 freeze to 0
[14:08:14.837] [SEVERE ] setting player 3 freeze to 0
[14:08:14.837] [SEVERE ] removing player 3 token from slot 8
[14:08:14.838] [SEVERE ] player 3 placing token on slot 8
[14:08:15.836] [SEVERE ] updating countdown to 21991
[14:08:15.836] [SEVERE ] setting player 1 freeze to 0
[14:08:15.837] [SEVERE ] setting player 1 freeze to 0
[14:08:15.837] [SEVERE ] setting player 1 freeze to 0
[14:08:15.838] [SEVERE ] setting player 1 freeze to 0
[14:08:15.838] [SEVERE ] removing player 1 token from slot 3
[14:08:15.839] [SEVERE ] removing player 1 token from slot 5
[14:08:15.839] [SEVERE ] player 1 placing token on slot 7
[14:08:15.839] [SEVERE ] player 1 placing token on slot 1
[14:08:16.837] [SEVERE ] updating countdown to 20990
[14:08:16.837] [SEVERE ] setting player 2 freeze to 0
[14:08:16.837] [SEVERE ] setting player 2 freeze to 0
[14:08:16.851] [SEVERE ] setting player 2 freeze to 0
[14:08:16.851] [SEVERE ] setting player 2 freeze to 0
[14:08:16.852] [SEVERE ] removing player 2 token from slot 3
[14:08:16.852] [SEVERE ] player 2 placing token on slot 8
[14:08:17.837] [SEVERE ] updating countdown to 19990
[14:08:17.837] [SEVERE ] setting player 4 freeze to 0
[14:08:17.838] [SEVERE ] setting player 4 freeze to 0
[14:08:17.839] [SEVERE ] setting player 4 freeze to 0
[14:08:17.839] [SEVERE ] setting player 4 freeze to 0
[14:08:17.840] [SEVERE ] removing player 4 token from slot 10
[14:08:17.840] [SEVERE ] player 4 placing token on slot 0
[14:08:18.838] [SEVERE ] updating countdown to 18989
[14:08:18.838] [SEVERE ] setting player 3 freeze to 0
[14:08:18.839] [SEVERE ] setting player 3 freeze to 0
[14:08:18.839] [SEVERE ] setting player 3 freeze to 0
[14:08:18.840] [SEVERE ] setting player 3 freeze to 0
[14:08:18.841] [SEVERE ] removing player 3 token from slot 3
[14:08:18.841] [SEVERE ] player 3 placing token on slot 5
[14:08:19.838] [SEVERE ] updating countdown to 17989
[14:08:19.838] [SEVERE ] setting player 1 freeze to 0
[14:08:19.839] [SEVERE ] setting player 1 freeze to 0
[14:08:19.839] [SEVERE ] setting player 1 freeze to 0
[14:08:19.839] [SEVERE ] setting player 1 freeze to 0
[14:08:19.839] [SEVERE ] removing player 1 token from slot 1
[14:08:19.839] [SEVERE ] player 1 placing token on slot 10
[14:08:20.839] [SEVERE ] updating countdown to 16988
[14:08:20.839] [SEVERE ] setting player 2 freeze to 0
[14:08:20.840] [SEVERE ] setting player 2 freeze to 0
[14:08:20.840] [SEVERE ] setting player 2 freeze to 0
[14:08:20.841] [SEVERE ] setting player 2 freeze to 0
[14:08:20.841] [SEVERE ] removing player 2 token from slot 11
[14:08:20.842] [SEVERE ] player 2 placing token on slot 6
[14:08:21.839] [SEVERE ] updating countdown to 15988
[14:08:21.839] [SEVERE ] setting player 4 freeze to 0
[14:08:21.840] [SEVERE ] setting player 4 freeze to 0
[14:08:21.841] [SEVERE ] setting player 4 freeze to 0
[14:08:21.841] [SEVERE ] setting player 4 freeze to 0
[14:08:21.842] [SEVERE ] removing player 4 token from slot 0
[14:08:21.843] [SEVERE ] player 4 placing token on slot 7
[14:08:22.840] [SEVERE ] updating countdown to 14987
[14:08:22.840] [SEVERE ] setting player 3 freeze to 0
[14:08:22.841] [SEVERE ] setting player 3 freeze to 0
[14:08:22.841] [SEVERE ] setting player 3 freeze to 0
[14:08:22.841] [SEVERE ] setting player 3 freeze to 0
[14:08:22.842] [SEVERE ] removing player 3 token from slot 5
[14:08:22.842] [SEVERE ] player 3 placing token on slot 10
[14:08:23.840] [SEVERE ] updating countdown to 30000
[14:08:23.840] [SEVERE ] setting player 1 score to 1
[14:08:23.841] [SEVERE ] removing player 1 token from slot 7
[14:08:23.841] [SEVERE ] setting player 1 freeze to 0
[14:08:23.842] [SEVERE ] setting player 1 freeze to 0
[14:08:23.842] [SEVERE ] removing player 1 token from slot 9
[14:08:23.843] [SEVERE ] player 1 placing token on slot 2
[14:08:23.942] [SEVERE ] removing card from slot 7
[14:08:23.942] [SEVERE ] removing player 1 token from slot 10
[14:08:24.043] [SEVERE ] removing card from slot 10
[14:08:24.043] [SEVERE ] removing player 1 token from slot 7
[14:08:24.043] [SEVERE ] removing player 1 token from slot 10
[14:08:24.044] [SEVERE ] removing player 3 token from slot 7
[14:08:24.044] [SEVERE ] removing player 3 token from slot 10
[14:08:24.045] [SEVERE ] removing player 4 token from slot 7
[14:08:24.145] [SEVERE ] placing card 29 in slot 7
[14:08:24.246] [SEVERE ] placing card 63 in slot 10
[14:08:24.346] [SEVERE ] placing card 5 in slot 0
[14:08:25.346] [SEVERE ] updating countdown to 28494
[14:08:25.346] [SEVERE ] setting player 2 freeze to 0
[14:08:25.347] [SEVERE ] setting player 2 freeze to 0
[14:08:25.348] [SEVERE ] setting player 2 freeze to 0
[14:08:25.348] [SEVERE ] setting player 2 freeze to 0
[14:08:25.349] [SEVERE ] removing player 2 token from slot 1
[14:08:25.349] [SEVERE ] player 2 placing token on slot 5
[14:08:26.347] [SEVERE ] updating countdown to 27493
[14:08:26.347] [SEVERE ] setting player 4 freeze to 0
[14:08:26.348] [SEVERE ] setting player 4 freeze to 0
[14:08:26.348] [SEVERE ] setting player 4 freeze to 0
[14:08:26.349] [SEVERE ] setting player 4 freeze to 0
[14:08:26.349] [SEVERE ] player 4 placing token on slot 8
[14:08:27.347] [SEVERE ] updating countdown to 26493
[14:08:27.347] [SEVERE ] setting player 3 freeze to 0
[14:08:27.348] [SEVERE ] setting player 3 freeze to 0
[14:08:27.349] [SEVERE ] setting player 3 freeze to 0
[14:08:27.349] [SEVERE ] setting player 3 freeze to 0
[14:08:27.349] [SEVERE ] removing player 3 token from slot 8
[14:08:27.350] [SEVERE ] player 3 placing token on slot 0
[14:08:27.350] [SEVERE ] player 3 placing token on slot 9
[14:08:27.351] [SEVERE ] player 3 placing token on slot 1
[14:08:28.348] [SEVERE ] updating countdown to 30000
[14:08:28.348] [SEVERE ] setting player 1 score to 2
[14:08:28.348] [SEVERE ] removing player 3 token from slot 0
[14:08:28.349] [SEVERE ] setting player 1 freeze to 0
[14:08:28.350] [SEVERE ] removing player 3 token from slot 0
[14:08:28.350] [SEVERE ] setting player 1 freeze to 0
[14:08:28.350] [SEVERE ] removing player 3 token from slot 0
[14:08:28.352] [SEVERE ] player 1 placing token on slot 2
[14:08:28.366] [SEVERE ] player 1 placing token on slot 7
[14:08:28.367] [SEVERE ] removing player 1 token from slot 7
[14:08:28.368] [SEVERE ] player 1 placing token on slot 11
[14:08:28.369] [SEVERE ] player 1 placing token on slot 4
[14:08:28.371] [SEVERE ] removing player 1 token from slot 11
[14:08:28.375] [SEVERE ] player 1 placing token on slot 11
[14:08:28.377] [SEVERE ] player 1 placing token on slot 7
[14:08:28.452] [SEVERE ] placing card 20 in slot 0
[14:08:28.552] [SEVERE ] placing card 56 in slot 0
[14:08:28.652] [SEVERE ] placing card 65 in slot 0
[14:08:29.653] [SEVERE ] updating countdown to 28695
[14:08:29.653] [SEVERE ] setting player 2 freeze to 0
[14:08:29.657] [SEVERE ] setting player 2 freeze to 0
[14:08:29.662] [SEVERE ] setting player 2 freeze to 0
[14:08:29.662] [SEVERE ] setting player 2 freeze to 0
[14:08:29.663] [SEVERE ] removing player 2 token from slot 6
[14:08:29.663] [SEVERE ] player 2 placing token on slot 1
[14:08:30.653] [SEVERE ] setting player 4 freeze to 0
[14:08:30.653] [SEVERE ] updating countdown to 27695
[14:08:30.653] [SEVERE ] setting player 4 freeze to 0
[14:08:30.654] [SEVERE ] setting player 4 freeze to 0
[14:08:30.655] [SEVERE ] setting player 4 freeze to 0
[14:08:30.655] [SEVERE ] removing player 4 token from slot 8
[14:08:30.656] [SEVERE ] player 4 placing token on slot 3
[14:08:31.654] [SEVERE ] updating countdown to 26694
[14:08:31.654] [SEVERE ] setting player 3 freeze to 0
[14:08:31.655] [SEVERE ] setting player 3 freeze to 0
[14:08:31.655] [SEVERE ] setting player 3 freeze to 0
[14:08:31.656] [SEVERE ] setting player 3 freeze to 0
[14:08:31.656] [SEVERE ] removing player 3 token from slot 1
[14:08:31.657] [SEVERE ] player 3 placing token on slot 0
[14:08:31.657] [SEVERE ] player 3 placing token on slot 11
[14:08:32.655] [SEVERE ] updating countdown to 25693
[14:08:32.655] [SEVERE ] setting player 1 freeze to 0
[14:08:32.655] [SEVERE ] setting player 1 freeze to 0
[14:08:32.656] [SEVERE ] setting player 1 freeze to 0
[14:08:32.656] [SEVERE ] setting player 1 freeze to 0
[14:08:32.656] [SEVERE ] removing player 1 token from slot 4
[14:08:32.657] [SEVERE ] player 1 placing token on slot 5
[14:08:33.655] [SEVERE ] updating countdown to 24693
[14:08:33.655] [SEVERE ] setting player 2 freeze to 0
[14:08:33.656] [SEVERE ] setting player 2 freeze to 0
[14:08:33.656] [SEVERE ] setting player 2 freeze to 0
[14:08:33.657] [SEVERE ] setting player 2 freeze to 0
[14:08:33.657] [SEVERE ] removing player 2 token from slot 5
[14:08:33.657] [SEVERE ] player 2 placing token on slot 7
[14:08:34.656] [SEVERE ] updating countdown to 23692
[14:08:34.656] [SEVERE ] setting player 4 freeze to 0
[14:08:34.656] [SEVERE ] setting player 4 freeze to 0
[14:08:34.657] [SEVERE ] setting player 4 freeze to 0
[14:08:34.657] [SEVERE ] setting player 4 freeze to 0
[14:08:34.657] [SEVERE ] removing player 4 token from slot 3
[14:08:34.658] [SEVERE ] player 4 placing token on slot 3
[14:08:35.656] [SEVERE ] setting player 3 freeze to 0
[14:08:35.656] [SEVERE ] updating countdown to 22692
[14:08:35.656] [SEVERE ] setting player 3 freeze to 0
[14:08:35.657] [SEVERE ] setting player 3 freeze to 0
[14:08:35.658] [SEVERE ] setting player 3 freeze to 0
[14:08:35.658] [SEVERE ] removing player 3 token from slot 9
[14:08:35.659] [SEVERE ] player 3 placing token on slot 9
[14:08:36.657] [SEVERE ] updating countdown to 21691
[14:08:36.657] [SEVERE ] setting player 1 freeze to 0
[14:08:36.658] [SEVERE ] setting player 1 freeze to 0
[14:08:36.658] [SEVERE ] setting player 1 freeze to 0
[14:08:36.659] [SEVERE ] setting player 1 freeze to 0
[14:08:36.659] [SEVERE ] removing player 1 token from slot 5
[14:08:36.660] [SEVERE ] player 1 placing token on slot 8
[14:08:37.658] [SEVERE ] updating countdown to 20690
[14:08:37.658] [SEVERE ] setting player 2 freeze to 0
[14:08:37.658] [SEVERE ] setting player 2 freeze to 0
[14:08:37.659] [SEVERE ] setting player 2 freeze to 0
[14:08:37.659] [SEVERE ] setting player 2 freeze to 0
[14:08:37.660] [SEVERE ] removing player 2 token from slot 7
[14:08:37.660] [SEVERE ] player 2 placing token on slot 5
[14:08:38.658] [SEVERE ] updating countdown to 19690
[14:08:38.658] [SEVERE ] setting player 4 freeze to 0
[14:08:38.659] [SEVERE ] setting player 4 freeze to 0
[14:08:38.659] [SEVERE ] setting player 4 freeze to 0
[14:08:38.660] [SEVERE ] setting player 4 freeze to 0
[14:08:38.660] [SEVERE ] removing player 4 token from slot 6
[14:08:38.674] [SEVERE ] player 4 placing token on slot 7
[14:08:39.658] [SEVERE ] updating countdown to 18690
[14:08:39.658] [SEVERE ] setting player 3 freeze to 0
[14:08:39.659] [SEVERE ] setting player 3 freeze to 0
[14:08:39.660] [SEVERE ] setting player 3 freeze to 0
[14:08:39.660] [SEVERE ] setting player 3 freeze to 0
[14:08:39.661] [SEVERE ] removing player 3 token from slot 11
[14:08:39.661] [SEVERE ] removing player 3 token from slot 0
[14:08:39.662] [SEVERE ] player 3 placing token on slot 2
[14:08:39.662] [SEVERE ] player 3 placing token on slot 11
[14:08:40.659] [SEVERE ] updating countdown to 17689
[14:08:40.659] [SEVERE ] setting player 1 freeze to 0
[14:08:40.660] [SEVERE ] setting player 1 freeze to 0
[14:08:40.660] [SEVERE ] setting player 1 freeze to 0
[14:08:40.661] [SEVERE ] setting player 1 freeze to 0
[14:08:40.661] [SEVERE ] removing player 1 token from slot 8
[14:08:40.662] [SEVERE ] player 1 placing token on slot 8
[14:08:41.659] [SEVERE ] updating countdown to 16689
[14:08:41.659] [SEVERE ] setting player 2 freeze to 0
[14:08:41.660] [SEVERE ] setting player 2 freeze to 0
[14:08:41.661] [SEVERE ] setting player 2 freeze to 0
[14:08:41.661] [SEVERE ] setting player 2 freeze to 0
[14:08:41.661] [SEVERE ] removing player 2 token from slot 8
[14:08:41.662] [SEVERE ] player 2 placing token on slot 7
[14:08:42.660] [SEVERE ] setting player 4 freeze to 0
[14:08:42.660] [SEVERE ] updating countdown to 15688
[14:08:42.660] [SEVERE ] setting player 4 freeze to 0
[14:08:42.661] [SEVERE ] setting player 4 freeze to 0
[14:08:42.662] [SEVERE ] setting player 4 freeze to 0
[14:08:42.662] [SEVERE ] removing player 4 token from slot 3
[14:08:42.663] [SEVERE ] removing player 4 token from slot 4
[14:08:42.663] [SEVERE ] player 4 placing token on slot 9
[14:08:42.663] [SEVERE ] player 4 placing token on slot 0
[14:08:43.661] [SEVERE ] updating countdown to 14687
[14:08:43.661] [SEVERE ] setting player 3 freeze to 0
[14:08:43.662] [SEVERE ] setting player 3 freeze to 0
[14:08:43.662] [SEVERE ] setting player 3 freeze to 0
[14:08:43.663] [SEVERE ] setting player 3 freeze to 0
[14:08:43.663] [SEVERE ] removing player 3 token from slot 2
[14:08:43.664] [SEVERE ] removing player 3 token from slot 11
[14:08:43.664] [SEVERE ] player 3 placing token on slot 1
[14:08:43.665] [SEVERE ] player 3 placing token on slot 8
[14:08:44.661] [SEVERE ] updating countdown to 13687
[14:08:44.661] [SEVERE ] setting player 1 freeze to 0
[14:08:44.662] [SEVERE ] setting player 1 freeze to 0
[14:08:44.662] [SEVERE ] setting player 1 freeze to 0
[14:08:44.663] [SEVERE ] setting player 1 freeze to 0
[14:08:44.663] [SEVERE ] removing player 1 token from slot 11
[14:08:44.664] [SEVERE ] player 1 placing token on slot 4
[14:08:45.662] [SEVERE ] updating countdown to 12686
[14:08:45.662] [SEVERE ] setting player 2 freeze to 0
[14:08:45.663] [SEVERE ] setting player 2 freeze to 0
[14:08:45.663] [SEVERE ] setting player 2 freeze to 0
[14:08:45.664] [SEVERE ] setting player 2 freeze to 0
[14:08:45.664] [SEVERE ] removing player 2 token from slot 7
[14:08:45.665] [SEVERE ] player 2 placing token on slot 10
[14:08:46.662] [SEVERE ] updating countdown to 11686
[14:08:46.662] [SEVERE ] setting player 4 freeze to 0
[14:08:46.663] [SEVERE ] setting player 4 freeze to 0
[14:08:46.664] [SEVERE ] setting player 4 freeze to 0
[14:08:46.664] [SEVERE ] setting player 4 freeze to 0
[14:08:46.665] [SEVERE ] removing player 4 token from slot 9
[14:08:46.666] [SEVERE ] player 4 placing token on slot 4
[14:08:47.663] [SEVERE ] updating countdown to 10685
[14:08:47.663] [SEVERE ] setting player 3 freeze to 0
[14:08:47.664] [SEVERE ] setting player 3 freeze to 0
[14:08:47.664] [SEVERE ] setting player 3 freeze to 0
[14:08:47.664] [SEVERE ] setting player 3 freeze to 0
[14:08:47.665] [SEVERE ] removing player 3 token from slot 1
[14:08:47.665] [SEVERE ] removing player 3 token from slot 9
[14:08:47.666] [SEVERE ] player 3 placing token on slot 7
[14:08:47.666] [SEVERE ] player 3 placing token on slot 4
[14:08:48.663] [SEVERE ] updating countdown to 9685
[14:08:48.663] [SEVERE ] setting player 1 freeze to 0
[14:08:48.664] [SEVERE ] setting player 1 freeze to 0
[14:08:48.665] [SEVERE ] setting player 1 freeze to 0
[14:08:48.665] [SEVERE ] setting player 1 freeze to 0
[14:08:48.666] [SEVERE ] removing player 1 token from slot 4
[14:08:48.666] [SEVERE ] player 1 placing token on slot 3
[14:08:49.664] [SEVERE ] updating countdown to 8684
[14:08:49.664] [SEVERE ] setting player 2 freeze to 0
[14:08:49.665] [SEVERE ] setting player 2 freeze to 0
[14:08:49.665] [SEVERE ] setting player 2 freeze to 0
[14:08:49.666] [SEVERE ] setting player 2 freeze to 0
[14:08:49.666] [SEVERE ] removing player 2 token from slot 1
[14:08:49.667] [SEVERE ] player 2 placing token on slot 11
[14:08:50.664] [SEVERE ] updating countdown to 7684
[14:08:50.664] [SEVERE ] setting player 4 freeze to 0
[14:08:50.665] [SEVERE ] setting player 4 freeze to 0
[14:08:50.665] [SEVERE ] setting player 4 freeze to 0
[14:08:50.666] [SEVERE ] setting player 4 freeze to 0
[14:08:50.666] [SEVERE ] removing player 4 token from slot 7
[14:08:50.667] [SEVERE ] player 4 placing token on slot 10
[14:08:51.665] [SEVERE ] updating countdown to 6683
[14:08:51.665] [SEVERE ] setting player 3 freeze to 0
[14:08:51.665] [SEVERE ] setting player 3 freeze to 0
[14:08:51.666] [SEVERE ] setting player 3 freeze to 0
[14:08:51.666] [SEVERE ] setting player 3 freeze to 0
[14:08:51.667] [SEVERE ] removing player 3 token from slot 8
[14:08:51.667] [SEVERE ] player 3 placing token on slot 0
[14:08:52.665] [SEVERE ] updating countdown to 5683
[14:08:52.665] [SEVERE ] setting player 1 freeze to 0
[14:08:52.666] [SEVERE ] setting player 1 freeze to 0
[14:08:52.666] [SEVERE ] setting player 1 freeze to 0
[14:08:52.667] [SEVERE ] setting player 1 freeze to 0
[14:08:52.667] [SEVERE ] removing player 1 token from slot 3
[14:08:52.668] [SEVERE ] player 1 placing token on slot 9
[14:08:53.665] [SEVERE ] setting player 2 freeze to 0
[14:08:53.666] [SEVERE ] setting player 2 freeze to 0
[14:08:53.666] [SEVERE ] setting player 2 freeze to 0
[14:08:53.666] [SEVERE ] setting player 2 freeze to 0
[14:08:53.667] [SEVERE ] removing player 2 token from slot 11
[14:08:53.667] [SEVERE ] player 2 placing token on slot 1
[14:08:53.677] [SEVERE ] setting player 4 freeze to 0
[14:08:53.677] [SEVERE ] setting player 4 freeze to 0
[14:08:53.677] [SEVERE ] setting player 4 freeze to 0
[14:08:53.678] [SEVERE ] setting player 4 freeze to 0
[14:08:53.678] [SEVERE ] removing player 4 token from slot 4
[14:08:53.679] [SEVERE ] removing player 4 token from slot 10
[14:08:53.679] [SEVERE ] player 4 placing token on slot 3
[14:08:53.679] [SEVERE ] player 4 placing token on slot 11
[14:08:53.687] [SEVERE ] setting player 3 freeze to 0
[14:08:53.687] [SEVERE ] setting player 3 freeze to 0
[14:08:53.688] [SEVERE ] setting player 3 freeze to 0
[14:08:53.688] [SEVERE ] setting player 3 freeze to 0
[14:08:53.689] [SEVERE ] removing player 3 token from slot 7
[14:08:53.689] [SEVERE ] player 3 placing token on slot 7
[14:08:53.697] [SEVERE ] setting player 1 freeze to 0
[14:08:53.697] [SEVERE ] setting player 1 freeze to 0
[14:08:53.698] [SEVERE ] setting player 1 freeze to 0
[14:08:53.698] [SEVERE ] setting player 1 freeze to 0
[14:08:53.699] [SEVERE ] removing player 1 token from slot 8
[14:08:53.699] [SEVERE ] player 1 placing token on slot 6
[14:08:53.707] [SEVERE ] setting player 2 freeze to 0
[14:08:53.707] [SEVERE ] setting player 2 freeze to 0
[14:08:53.708] [SEVERE ] setting player 2 freeze to 0
[14:08:53.708] [SEVERE ] setting player 2 freeze to 0
[14:08:53.709] [SEVERE ] removing player 2 token from slot 1
[14:08:53.709] [SEVERE ] player 2 placing token on slot 3
[14:08:53.718] [SEVERE ] setting player 4 freeze to 0
[14:08:53.718] [SEVERE ] setting player 4 freeze to 0
[14:08:53.718] [SEVERE ] setting player 4 freeze to 0
[14:08:53.719] [SEVERE ] setting player 4 freeze to 0
[14:08:53.720] [SEVERE ] removing player 4 token from slot 0
[14:08:53.720] [SEVERE ] player 4 placing token on slot 7
[14:08:53.728] [SEVERE ] setting player 3 freeze to 0
[14:08:53.728] [SEVERE ] setting player 3 freeze to 0
[14:08:53.728] [SEVERE ] setting player 3 freeze to 0
[14:08:53.729] [SEVERE ] setting player 3 freeze to 0
[14:08:53.729] [SEVERE ] removing player 3 token from slot 0
[14:08:53.730] [SEVERE ] player 3 placing token on slot 0
[14:08:53.738] [SEVERE ] setting player 1 freeze to 0
[14:08:53.738] [SEVERE ] setting player 1 freeze to 0
[14:08:53.739] [SEVERE ] setting player 1 freeze to 0
[14:08:53.739] [SEVERE ] setting player 1 freeze to 0
[14:08:53.740] [SEVERE ] removing player 1 token from slot 6
[14:08:53.741] [SEVERE ] player 1 placing token on slot 6
[14:08:53.748] [SEVERE ] setting player 2 freeze to 0
[14:08:53.748] [SEVERE ] setting player 2 freeze to 0
[14:08:53.749] [SEVERE ] setting player 2 freeze to 0
[14:08:53.750] [SEVERE ] setting player 2 freeze to 0
[14:08:53.751] [SEVERE ] removing player 2 token from slot 10
[14:08:53.752] [SEVERE ] player 2 placing token on slot 0
[14:08:53.758] [SEVERE ] setting player 4 freeze to 0
[14:08:53.759] [SEVERE ] setting player 4 freeze to 0
[14:08:53.759] [SEVERE ] setting player 4 freeze to 0
[14:08:53.760] [SEVERE ] setting player 4 freeze to 0
[14:08:53.761] [SEVERE ] removing player 4 token from slot 7
[14:08:53.763] [SEVERE ] player 4 placing token on slot 7
[14:08:53.769] [SEVERE ] setting player 3 freeze to 0
[14:08:53.769] [SEVERE ] setting player 3 freeze to 0
[14:08:53.770] [SEVERE ] setting player 3 freeze to 0
[14:08:53.771] [SEVERE ] setting player 3 freeze to 0
[14:08:53.772] [SEVERE ] removing player 3 token from slot 7
[14:08:53.773] [SEVERE ] removing player 3 token from slot 4
[14:08:53.774] [SEVERE ] player 3 placing token on slot 6
[14:08:53.775] [SEVERE ] player 3 placing token on slot 1
[14:08:53.779] [SEVERE ] setting player 1 freeze to 0
[14:08:53.779] [SEVERE ] setting player 1 freeze to 0
[14:08:53.780] [SEVERE ] setting player 1 freeze to 0
[14:08:53.781] [SEVERE ] setting player 1 freeze to 0
[14:08:53.782] [SEVERE ] removing player 1 token from slot 9
[14:08:53.783] [SEVERE ] removing player 1 token from slot 7
[14:08:53.784] [SEVERE ] player 1 placing token on slot 3
[14:08:53.785] [SEVERE ] player 1 placing token on slot 5
[14:08:53.789] [SEVERE ] setting player 2 freeze to 0
[14:08:53.789] [SEVERE ] setting player 2 freeze to 0
[14:08:53.790] [SEVERE ] setting player 2 freeze to 0
[14:08:53.792] [SEVERE ] setting player 2 freeze to 0
[14:08:53.793] [SEVERE ] removing player 2 token from slot 0
[14:08:53.795] [SEVERE ] player 2 placing token on slot 0
[14:08:53.799] [SEVERE ] setting player 4 freeze to 0
[14:08:53.799] [SEVERE ] setting player 4 freeze to 0
[14:08:53.801] [SEVERE ] setting player 4 freeze to 0
[14:08:53.803] [SEVERE ] setting player 4 freeze to 0
[14:08:53.809] [SEVERE ] setting player 3 score to 1
[14:08:53.809] [SEVERE ] updating countdown to 30000
[14:08:53.821] [SEVERE ] setting player 3 freeze to 0
[14:08:53.843] [SEVERE ] setting player 3 freeze to 0
[14:08:53.819] [SEVERE ] removing player 4 token from slot 7
[14:08:53.844] [SEVERE ] removing player 3 token from slot 0
[14:08:53.845] [SEVERE ] removing player 3 token from slot 0
[14:08:53.845] [SEVERE ] removing player 3 token from slot 6
[14:08:53.845] [SEVERE ] player 4 placing token on slot 6
[14:08:53.846] [SEVERE ] player 3 placing token on slot 0
[14:08:53.846] [SEVERE ] player 3 placing token on slot 8
[14:08:53.945] [SEVERE ] removing card from slot 0
[14:08:53.945] [SEVERE ] removing player 3 token from slot 0
[14:08:54.047] [INFO   ] thread dealer terminated.
[14:08:59.047] [SEVERE ] thanks for playing... it was fun!
[14:08:59.047] [INFO   ] thread main terminated.
[14:08:59.047] [SEVERE ] disposing of user interface elements
