[13:42:39.748] [INFO   ] thread main starting.
[13:42:39.756] [SEVERE ] cannot read configuration file config.properties trying from resources.
[13:42:39.757] [SEVERE ] configuration file was loaded from resources directory.
[13:42:40.159] [INFO   ] thread dealer starting.
[13:42:40.160] [INFO   ] Thread dealer starting.
[13:42:40.267] [SEVERE ] placing card 6 in slot 0
[13:42:40.368] [SEVERE ] placing card 30 in slot 1
[13:42:40.469] [SEVERE ] placing card 63 in slot 2
[13:42:40.571] [SEVERE ] placing card 54 in slot 3
[13:42:40.672] [SEVERE ] placing card 4 in slot 4
[13:42:40.773] [SEVERE ] placing card 31 in slot 5
[13:42:40.874] [SEVERE ] placing card 44 in slot 6
[13:42:40.976] [SEVERE ] placing card 53 in slot 7
[13:42:41.077] [SEVERE ] placing card 50 in slot 8
[13:42:41.178] [SEVERE ] placing card 60 in slot 9
[13:42:41.280] [SEVERE ] placing card 7 in slot 10
[13:42:41.381] [SEVERE ] placing card 43 in slot 11
[13:42:41.383] [INFO   ] Thread Thread-2starting.
[13:42:41.383] [SEVERE ] updating countdown to 5000
[13:42:41.383] [INFO   ] Thread Thread-4starting.
[13:42:41.383] [INFO   ] Thread Thread-3starting.
[13:42:41.386] [INFO   ] Thread computer-1 starting.
[13:42:41.383] [INFO   ] Thread Thread-1starting.
[13:42:41.387] [INFO   ] Thread computer-2 starting.
[13:42:41.386] [INFO   ] Thread computer-3 starting.
[13:42:41.388] [SEVERE ] player 2 placing token on slot 7
[13:42:41.390] [SEVERE ] player 4 placing token on slot 10
[13:42:41.391] [SEVERE ] player 3 placing token on slot 10
[13:42:41.392] [SEVERE ] removing player 4 token from slot 10
[13:42:41.393] [SEVERE ] player 2 placing token on slot 3
[13:42:41.394] [SEVERE ] player 4 placing token on slot 8
[13:42:41.395] [SEVERE ] player 3 placing token on slot 9
[13:42:41.396] [SEVERE ] player 4 placing token on slot 1
[13:42:41.397] [SEVERE ] player 2 placing token on slot 9
[13:42:41.399] [INFO   ] Thread computer-0 starting.
[13:42:41.401] [SEVERE ] player 4 placing token on slot 2
[13:42:41.403] [SEVERE ] player 3 placing token on slot 4
[13:42:41.416] [SEVERE ] setting player 2 freeze to 0
[13:42:41.416] [SEVERE ] setting player 2 freeze to 0
[13:42:41.417] [SEVERE ] setting player 2 freeze to 0
[13:42:41.417] [SEVERE ] setting player 2 freeze to 0
[13:42:41.418] [SEVERE ] removing player 2 token from slot 3
[13:42:41.418] [SEVERE ] player 2 placing token on slot 3
[13:42:41.425] [SEVERE ] setting player 4 freeze to 0
[13:42:41.425] [SEVERE ] setting player 4 freeze to 0
[13:42:41.426] [SEVERE ] setting player 4 freeze to 0
[13:42:41.426] [SEVERE ] setting player 4 freeze to 0
[13:42:41.427] [SEVERE ] removing player 4 token from slot 2
[13:42:41.428] [SEVERE ] player 4 placing token on slot 11
[13:42:41.435] [SEVERE ] setting player 3 freeze to 0
[13:42:41.436] [SEVERE ] setting player 3 freeze to 0
[13:42:41.437] [SEVERE ] setting player 3 freeze to 0
[13:42:41.437] [SEVERE ] setting player 3 freeze to 0
[13:42:41.438] [SEVERE ] removing player 3 token from slot 9
[13:42:41.438] [SEVERE ] player 3 placing token on slot 2
[13:42:41.446] [SEVERE ] setting player 2 freeze to 0
[13:42:41.447] [SEVERE ] setting player 2 freeze to 0
[13:42:41.447] [SEVERE ] setting player 2 freeze to 0
[13:42:41.448] [SEVERE ] setting player 2 freeze to 0
[13:42:41.448] [SEVERE ] removing player 2 token from slot 9
[13:42:41.449] [SEVERE ] player 2 placing token on slot 1
[13:42:41.457] [SEVERE ] setting player 4 freeze to 0
[13:42:41.457] [SEVERE ] setting player 4 freeze to 0
[13:42:41.457] [SEVERE ] setting player 4 freeze to 0
[13:42:41.458] [SEVERE ] setting player 4 freeze to 0
[13:42:41.459] [SEVERE ] removing player 4 token from slot 11
[13:42:41.459] [SEVERE ] player 4 placing token on slot 5
[13:42:41.467] [SEVERE ] setting player 3 freeze to 0
[13:42:41.467] [SEVERE ] setting player 3 freeze to 0
[13:42:41.468] [SEVERE ] setting player 3 freeze to 0
[13:42:41.478] [SEVERE ] setting player 2 freeze to 0
[13:42:41.482] [SEVERE ] setting player 3 freeze to 0
[13:42:41.483] [SEVERE ] setting player 2 freeze to 0
[13:42:41.484] [SEVERE ] removing player 3 token from slot 4
[13:42:41.484] [SEVERE ] setting player 2 freeze to 0
[13:42:41.485] [SEVERE ] removing player 3 token from slot 2
[13:42:41.485] [SEVERE ] setting player 2 freeze to 0
[13:42:41.486] [SEVERE ] player 3 placing token on slot 8
[13:42:41.486] [SEVERE ] removing player 2 token from slot 7
[13:42:41.487] [SEVERE ] player 3 placing token on slot 0
[13:42:41.487] [SEVERE ] player 2 placing token on slot 2
[13:42:41.488] [SEVERE ] setting player 4 freeze to 0
[13:42:41.488] [SEVERE ] setting player 4 freeze to 0
[13:42:41.488] [SEVERE ] setting player 4 freeze to 0
[13:42:41.489] [SEVERE ] setting player 4 freeze to 0
[13:42:41.489] [SEVERE ] removing player 4 token from slot 8
[13:42:41.490] [SEVERE ] player 4 placing token on slot 2
[13:42:41.498] [SEVERE ] setting player 3 freeze to 0
[13:42:41.499] [SEVERE ] setting player 3 freeze to 0
[13:42:41.499] [SEVERE ] setting player 3 freeze to 0
[13:42:41.499] [SEVERE ] setting player 3 freeze to 0
[13:42:41.500] [SEVERE ] removing player 3 token from slot 10
[13:42:41.500] [SEVERE ] player 3 placing token on slot 4
[13:42:41.509] [SEVERE ] setting player 2 freeze to 0
[13:42:41.509] [SEVERE ] setting player 2 freeze to 0
[13:42:41.509] [SEVERE ] setting player 2 freeze to 0
[13:42:41.510] [SEVERE ] setting player 2 freeze to 0
[13:42:41.510] [SEVERE ] removing player 2 token from slot 3
[13:42:41.511] [SEVERE ] player 2 placing token on slot 7
[13:42:41.519] [SEVERE ] setting player 4 freeze to 0
[13:42:41.519] [SEVERE ] setting player 4 freeze to 0
[13:42:41.520] [SEVERE ] setting player 4 freeze to 0
[13:42:41.520] [SEVERE ] setting player 4 freeze to 0
[13:42:41.521] [SEVERE ] removing player 4 token from slot 1
[13:42:41.521] [SEVERE ] player 4 placing token on slot 9
[13:42:41.529] [SEVERE ] setting player 3 freeze to 0
[13:42:41.530] [SEVERE ] setting player 3 freeze to 0
[13:42:41.530] [SEVERE ] setting player 3 freeze to 0
[13:42:41.531] [SEVERE ] setting player 3 freeze to 0
[13:42:41.531] [SEVERE ] removing player 3 token from slot 8
[13:42:41.532] [SEVERE ] removing player 3 token from slot 0
[13:42:41.532] [SEVERE ] player 3 placing token on slot 3
[13:42:41.532] [SEVERE ] player 3 placing token on slot 10
[13:42:41.540] [SEVERE ] setting player 2 freeze to 0
[13:42:41.540] [SEVERE ] setting player 2 freeze to 0
[13:42:41.540] [SEVERE ] setting player 2 freeze to 0
[13:42:41.541] [SEVERE ] setting player 2 freeze to 0
[13:42:41.541] [SEVERE ] removing player 2 token from slot 1
[13:42:41.542] [SEVERE ] player 2 placing token on slot 8
[13:42:41.550] [SEVERE ] setting player 4 freeze to 0
[13:42:41.550] [SEVERE ] setting player 4 freeze to 0
[13:42:41.551] [SEVERE ] setting player 4 freeze to 0
[13:42:41.551] [SEVERE ] setting player 4 freeze to 0
[13:42:41.561] [SEVERE ] setting player 3 freeze to 0
[13:42:41.567] [SEVERE ] removing player 4 token from slot 2
[13:42:41.567] [SEVERE ] setting player 3 freeze to 0
[13:42:41.568] [SEVERE ] player 4 placing token on slot 8
[13:42:41.568] [SEVERE ] setting player 3 freeze to 0
[13:42:41.569] [SEVERE ] setting player 3 freeze to 0
[13:42:41.569] [SEVERE ] removing player 3 token from slot 10
[13:42:41.570] [SEVERE ] removing player 3 token from slot 3
[13:42:41.570] [SEVERE ] player 3 placing token on slot 5
[13:42:41.571] [SEVERE ] player 3 placing token on slot 9
[13:42:41.571] [SEVERE ] setting player 2 freeze to 0
[13:42:41.572] [SEVERE ] setting player 2 freeze to 0
[13:42:41.572] [SEVERE ] setting player 2 freeze to 0
[13:42:41.573] [SEVERE ] setting player 2 freeze to 0
[13:42:41.573] [SEVERE ] removing player 2 token from slot 7
[13:42:41.573] [SEVERE ] player 2 placing token on slot 4
[13:42:41.581] [SEVERE ] setting player 4 freeze to 0
[13:42:41.581] [SEVERE ] setting player 4 freeze to 0
[13:42:41.582] [SEVERE ] setting player 4 freeze to 0
[13:42:41.582] [SEVERE ] setting player 4 freeze to 0
[13:42:41.583] [SEVERE ] removing player 4 token from slot 9
[13:42:41.584] [SEVERE ] removing player 4 token from slot 5
[13:42:41.584] [SEVERE ] player 4 placing token on slot 0
[13:42:41.585] [SEVERE ] player 4 placing token on slot 2
[13:42:41.592] [SEVERE ] setting player 3 freeze to 0
[13:42:41.592] [SEVERE ] setting player 3 freeze to 0
[13:42:41.592] [SEVERE ] setting player 3 freeze to 0
[13:42:41.593] [SEVERE ] setting player 3 freeze to 0
[13:42:41.593] [SEVERE ] removing player 3 token from slot 4
[13:42:41.594] [SEVERE ] player 3 placing token on slot 8
[13:42:41.602] [SEVERE ] setting player 2 freeze to 0
[13:42:41.603] [SEVERE ] setting player 2 freeze to 0
[13:42:41.603] [SEVERE ] setting player 2 freeze to 0
[13:42:41.604] [SEVERE ] setting player 2 freeze to 0
[13:42:41.604] [SEVERE ] removing player 2 token from slot 4
[13:42:41.604] [SEVERE ] player 2 placing token on slot 7
[13:42:41.613] [SEVERE ] setting player 4 freeze to 0
[13:42:41.613] [SEVERE ] setting player 4 freeze to 0
[13:42:41.613] [SEVERE ] setting player 4 freeze to 0
[13:42:41.614] [SEVERE ] setting player 4 freeze to 0
[13:42:41.614] [SEVERE ] removing player 4 token from slot 2
[13:42:41.615] [SEVERE ] player 4 placing token on slot 5
[13:42:41.623] [SEVERE ] setting player 3 freeze to 0
[13:42:41.623] [SEVERE ] setting player 3 freeze to 0
[13:42:41.624] [SEVERE ] setting player 3 freeze to 0
[13:42:41.624] [SEVERE ] setting player 3 freeze to 0
[13:42:41.625] [SEVERE ] removing player 3 token from slot 9
[13:42:41.625] [SEVERE ] removing player 3 token from slot 8
[13:42:41.626] [SEVERE ] player 3 placing token on slot 3
[13:42:41.626] [SEVERE ] player 3 placing token on slot 9
[13:42:41.633] [SEVERE ] setting player 2 freeze to 0
[13:42:41.634] [SEVERE ] setting player 2 freeze to 0
[13:42:41.634] [SEVERE ] setting player 2 freeze to 0
[13:42:41.635] [SEVERE ] setting player 2 freeze to 0
[13:42:41.635] [SEVERE ] removing player 2 token from slot 8
[13:42:41.636] [SEVERE ] player 2 placing token on slot 10
[13:42:41.644] [SEVERE ] setting player 4 freeze to 0
[13:42:41.644] [SEVERE ] setting player 4 freeze to 0
[13:42:41.645] [SEVERE ] setting player 4 freeze to 0
[13:42:41.646] [SEVERE ] setting player 4 freeze to 0
[13:42:41.646] [SEVERE ] removing player 4 token from slot 8
[13:42:41.647] [SEVERE ] player 4 placing token on slot 9
[13:42:41.654] [SEVERE ] setting player 3 freeze to 0
[13:42:41.654] [SEVERE ] setting player 3 freeze to 0
[13:42:41.655] [SEVERE ] setting player 3 freeze to 0
[13:42:41.655] [SEVERE ] setting player 3 freeze to 0
[13:42:41.656] [SEVERE ] removing player 3 token from slot 9
[13:42:41.656] [SEVERE ] player 3 placing token on slot 9
[13:42:41.665] [SEVERE ] setting player 2 freeze to 0
[13:42:41.665] [SEVERE ] setting player 2 freeze to 0
[13:42:41.666] [SEVERE ] setting player 2 freeze to 0
[13:42:41.666] [SEVERE ] setting player 2 freeze to 0
[13:42:41.667] [SEVERE ] removing player 2 token from slot 2
[13:42:41.667] [SEVERE ] player 2 placing token on slot 3
[13:42:41.675] [SEVERE ] setting player 4 freeze to 0
[13:42:41.675] [SEVERE ] setting player 4 freeze to 0
[13:42:41.676] [SEVERE ] setting player 4 freeze to 0
[13:42:41.676] [SEVERE ] setting player 4 freeze to 0
[13:42:41.677] [SEVERE ] removing player 4 token from slot 0
[13:42:41.677] [SEVERE ] removing player 4 token from slot 5
[13:42:41.678] [SEVERE ] player 4 placing token on slot 7
[13:42:41.679] [SEVERE ] player 4 placing token on slot 0
[13:42:41.685] [SEVERE ] setting player 3 freeze to 0
[13:42:41.686] [SEVERE ] setting player 3 freeze to 0
[13:42:41.686] [SEVERE ] setting player 3 freeze to 0
[13:42:41.687] [SEVERE ] setting player 3 freeze to 0
[13:42:41.687] [SEVERE ] removing player 3 token from slot 3
[13:42:41.688] [SEVERE ] player 3 placing token on slot 11
[13:42:41.696] [SEVERE ] setting player 2 freeze to 0
[13:42:41.696] [SEVERE ] setting player 2 freeze to 0
[13:42:41.697] [SEVERE ] setting player 2 freeze to 0
[13:42:41.697] [SEVERE ] setting player 2 freeze to 0
[13:42:41.698] [SEVERE ] removing player 2 token from slot 3
[13:42:41.698] [SEVERE ] player 2 placing token on slot 3
[13:42:41.706] [SEVERE ] setting player 4 freeze to 0
[13:42:41.706] [SEVERE ] setting player 4 freeze to 0
[13:42:41.707] [SEVERE ] setting player 4 freeze to 0
[13:42:41.707] [SEVERE ] setting player 4 freeze to 0
[13:42:41.708] [SEVERE ] removing player 4 token from slot 9
[13:42:41.708] [SEVERE ] player 4 placing token on slot 3
[13:42:41.716] [SEVERE ] setting player 3 freeze to 0
[13:42:41.716] [SEVERE ] setting player 3 freeze to 0
[13:42:41.717] [SEVERE ] setting player 3 freeze to 0
[13:42:41.717] [SEVERE ] setting player 3 freeze to 0
[13:42:41.718] [SEVERE ] removing player 3 token from slot 9
[13:42:41.718] [SEVERE ] player 3 placing token on slot 2
[13:42:41.727] [SEVERE ] setting player 2 freeze to 0
[13:42:41.727] [SEVERE ] setting player 2 freeze to 0
[13:42:41.727] [SEVERE ] setting player 2 freeze to 0
[13:42:41.727] [SEVERE ] setting player 2 freeze to 0
[13:42:41.728] [SEVERE ] removing player 2 token from slot 10
[13:42:41.728] [SEVERE ] player 2 placing token on slot 5
[13:42:41.737] [SEVERE ] setting player 4 freeze to 0
[13:42:41.737] [SEVERE ] setting player 4 freeze to 0
[13:42:41.738] [SEVERE ] setting player 4 freeze to 0
[13:42:41.738] [SEVERE ] setting player 4 freeze to 0
[13:42:41.739] [SEVERE ] removing player 4 token from slot 0
[13:42:41.739] [SEVERE ] player 4 placing token on slot 8
[13:42:41.747] [SEVERE ] setting player 3 freeze to 0
[13:42:41.747] [SEVERE ] setting player 3 freeze to 0
[13:42:41.748] [SEVERE ] setting player 3 freeze to 0
[13:42:41.749] [SEVERE ] setting player 3 freeze to 0
[13:42:41.749] [SEVERE ] removing player 3 token from slot 5
[13:42:41.750] [SEVERE ] player 3 placing token on slot 9
[13:42:41.758] [SEVERE ] setting player 2 freeze to 0
[13:42:41.758] [SEVERE ] setting player 2 freeze to 0
[13:42:41.758] [SEVERE ] setting player 2 freeze to 0
[13:42:41.759] [SEVERE ] setting player 2 freeze to 0
[13:42:41.759] [SEVERE ] removing player 2 token from slot 5
[13:42:41.760] [SEVERE ] player 2 placing token on slot 9
[13:42:41.768] [SEVERE ] setting player 4 freeze to 0
[13:42:41.768] [SEVERE ] setting player 4 freeze to 0
[13:42:41.768] [SEVERE ] setting player 4 freeze to 0
[13:42:41.769] [SEVERE ] setting player 4 freeze to 0
[13:42:41.769] [SEVERE ] removing player 4 token from slot 3
[13:42:41.770] [SEVERE ] player 4 placing token on slot 4
[13:42:41.778] [SEVERE ] setting player 3 freeze to 0
[13:42:41.778] [SEVERE ] setting player 3 freeze to 0
[13:42:41.779] [SEVERE ] setting player 3 freeze to 0
[13:42:41.779] [SEVERE ] setting player 3 freeze to 0
[13:42:41.780] [SEVERE ] removing player 3 token from slot 11
[13:42:41.780] [SEVERE ] player 3 placing token on slot 7
[13:42:41.788] [SEVERE ] setting player 2 freeze to 0
[13:42:41.788] [SEVERE ] setting player 2 freeze to 0
[13:42:41.789] [SEVERE ] setting player 2 freeze to 0
[13:42:41.789] [SEVERE ] setting player 2 freeze to 0
[13:42:41.790] [SEVERE ] removing player 2 token from slot 7
[13:42:41.790] [SEVERE ] player 2 placing token on slot 10
[13:42:41.798] [SEVERE ] setting player 4 freeze to 0
[13:42:41.799] [SEVERE ] setting player 4 freeze to 0
[13:42:41.799] [SEVERE ] setting player 4 freeze to 0
[13:42:41.800] [SEVERE ] setting player 4 freeze to 0
[13:42:41.800] [SEVERE ] removing player 4 token from slot 4
[13:42:41.800] [SEVERE ] player 4 placing token on slot 10
[13:42:41.809] [SEVERE ] setting player 3 freeze to 0
[13:42:41.809] [SEVERE ] setting player 3 freeze to 0
[13:42:41.809] [SEVERE ] setting player 3 freeze to 0
[13:42:41.810] [SEVERE ] setting player 3 freeze to 0
[13:42:41.810] [SEVERE ] removing player 3 token from slot 9
[13:42:41.811] [SEVERE ] player 3 placing token on slot 8
[13:42:41.819] [SEVERE ] setting player 2 freeze to 0
[13:42:41.819] [SEVERE ] setting player 2 freeze to 0
[13:42:41.820] [SEVERE ] setting player 2 freeze to 0
[13:42:41.820] [SEVERE ] setting player 2 freeze to 0
[13:42:41.820] [SEVERE ] removing player 2 token from slot 9
[13:42:41.821] [SEVERE ] player 2 placing token on slot 6
[13:42:41.829] [SEVERE ] setting player 4 freeze to 0
[13:42:41.829] [SEVERE ] setting player 4 freeze to 0
[13:42:41.830] [SEVERE ] setting player 4 freeze to 0
[13:42:41.838] [SEVERE ] setting player 4 freeze to 0
[13:42:41.839] [SEVERE ] removing player 4 token from slot 7
[13:42:41.839] [SEVERE ] setting player 3 freeze to 0
[13:42:41.839] [SEVERE ] player 4 placing token on slot 0
[13:42:41.840] [SEVERE ] setting player 3 freeze to 0
[13:42:41.841] [SEVERE ] setting player 3 freeze to 0
[13:42:41.841] [SEVERE ] setting player 3 freeze to 0
[13:42:41.841] [SEVERE ] removing player 3 token from slot 7
[13:42:41.842] [SEVERE ] player 3 placing token on slot 7
[13:42:41.850] [SEVERE ] setting player 2 freeze to 0
[13:42:41.850] [SEVERE ] setting player 2 freeze to 0
[13:42:41.850] [SEVERE ] setting player 2 freeze to 0
[13:42:41.851] [SEVERE ] setting player 2 freeze to 0
[13:42:41.851] [SEVERE ] removing player 2 token from slot 10
[13:42:41.852] [SEVERE ] player 2 placing token on slot 11
[13:42:41.860] [SEVERE ] setting player 4 freeze to 0
[13:42:41.860] [SEVERE ] setting player 4 freeze to 0
[13:42:41.861] [SEVERE ] setting player 4 freeze to 0
[13:42:41.861] [SEVERE ] setting player 4 freeze to 0
[13:42:41.861] [SEVERE ] removing player 4 token from slot 0
[13:42:41.862] [SEVERE ] player 4 placing token on slot 11
[13:42:41.870] [SEVERE ] setting player 3 freeze to 0
[13:42:41.870] [SEVERE ] setting player 3 freeze to 0
[13:42:41.871] [SEVERE ] setting player 3 freeze to 0
[13:42:41.871] [SEVERE ] setting player 3 freeze to 0
[13:42:41.872] [SEVERE ] removing player 3 token from slot 2
[13:42:41.872] [SEVERE ] player 3 placing token on slot 2
[13:42:41.880] [SEVERE ] setting player 2 freeze to 0
[13:42:41.881] [SEVERE ] setting player 2 freeze to 0
[13:42:41.881] [SEVERE ] setting player 2 freeze to 0
[13:42:41.881] [SEVERE ] setting player 2 freeze to 0
[13:42:41.882] [SEVERE ] removing player 2 token from slot 11
[13:42:41.882] [SEVERE ] player 2 placing token on slot 4
[13:42:41.891] [SEVERE ] setting player 4 freeze to 0
[13:42:41.891] [SEVERE ] setting player 4 freeze to 0
[13:42:41.891] [SEVERE ] setting player 4 freeze to 0
[13:42:41.892] [SEVERE ] setting player 4 freeze to 0
[13:42:41.892] [SEVERE ] removing player 4 token from slot 8
[13:42:41.892] [SEVERE ] player 4 placing token on slot 5
[13:42:41.901] [SEVERE ] setting player 3 freeze to 0
[13:42:41.901] [SEVERE ] setting player 3 freeze to 0
[13:42:41.901] [SEVERE ] setting player 3 freeze to 0
[13:42:41.902] [SEVERE ] setting player 3 freeze to 0
[13:42:41.902] [SEVERE ] removing player 3 token from slot 8
[13:42:41.903] [SEVERE ] player 3 placing token on slot 8
[13:42:41.911] [SEVERE ] setting player 2 freeze to 0
[13:42:41.911] [SEVERE ] setting player 2 freeze to 0
[13:42:41.912] [SEVERE ] setting player 2 freeze to 0
[13:42:41.912] [SEVERE ] setting player 2 freeze to 0
[13:42:41.913] [SEVERE ] removing player 2 token from slot 3
[13:42:41.913] [SEVERE ] player 2 placing token on slot 11
[13:42:41.921] [SEVERE ] setting player 4 freeze to 0
[13:42:41.921] [SEVERE ] setting player 4 freeze to 0
[13:42:41.922] [SEVERE ] setting player 4 freeze to 0
[13:42:41.922] [SEVERE ] setting player 4 freeze to 0
[13:42:41.923] [SEVERE ] removing player 4 token from slot 10
[13:42:41.923] [SEVERE ] player 4 placing token on slot 7
[13:42:41.932] [SEVERE ] setting player 3 freeze to 0
[13:42:41.932] [SEVERE ] setting player 3 freeze to 0
[13:42:41.932] [SEVERE ] setting player 3 freeze to 0
[13:42:41.933] [SEVERE ] setting player 3 freeze to 0
[13:42:41.933] [SEVERE ] removing player 3 token from slot 2
[13:42:41.934] [SEVERE ] player 3 placing token on slot 10
[13:42:41.942] [SEVERE ] setting player 2 freeze to 0
[13:42:41.942] [SEVERE ] setting player 2 freeze to 0
[13:42:41.942] [SEVERE ] setting player 2 freeze to 0
[13:42:41.943] [SEVERE ] setting player 2 freeze to 0
[13:42:41.943] [SEVERE ] removing player 2 token from slot 6
[13:42:41.944] [SEVERE ] player 2 placing token on slot 7
[13:42:41.952] [SEVERE ] setting player 4 freeze to 0
[13:42:41.952] [SEVERE ] setting player 4 freeze to 0
[13:42:41.953] [SEVERE ] setting player 4 freeze to 0
[13:42:41.953] [SEVERE ] setting player 4 freeze to 0
[13:42:41.953] [SEVERE ] removing player 4 token from slot 5
[13:42:41.954] [SEVERE ] player 4 placing token on slot 0
[13:42:41.962] [SEVERE ] setting player 3 freeze to 0
[13:42:41.962] [SEVERE ] setting player 3 freeze to 0
[13:42:41.963] [SEVERE ] setting player 3 freeze to 0
[13:42:41.963] [SEVERE ] setting player 3 freeze to 0
[13:42:41.964] [SEVERE ] removing player 3 token from slot 7
[13:42:41.964] [SEVERE ] player 3 placing token on slot 4
[13:42:41.972] [SEVERE ] setting player 2 freeze to 0
[13:42:41.972] [SEVERE ] setting player 2 freeze to 0
[13:42:41.973] [SEVERE ] setting player 2 freeze to 0
[13:42:41.973] [SEVERE ] setting player 2 freeze to 0
[13:42:41.974] [SEVERE ] removing player 2 token from slot 7
[13:42:41.974] [SEVERE ] player 2 placing token on slot 6
[13:42:41.983] [SEVERE ] setting player 4 freeze to 0
[13:42:41.983] [SEVERE ] setting player 4 freeze to 0
[13:42:41.983] [SEVERE ] setting player 4 freeze to 0
[13:42:41.984] [SEVERE ] setting player 4 freeze to 0
[13:42:41.984] [SEVERE ] removing player 4 token from slot 7
[13:42:41.985] [SEVERE ] removing player 4 token from slot 0
[13:42:41.985] [SEVERE ] removing player 4 token from slot 11
[13:42:41.985] [SEVERE ] player 4 placing token on slot 6
[13:42:41.986] [SEVERE ] player 4 placing token on slot 3
[13:42:41.986] [SEVERE ] player 4 placing token on slot 8
[13:42:41.993] [SEVERE ] setting player 3 freeze to 0
[13:42:41.993] [SEVERE ] setting player 3 freeze to 0
[13:42:41.993] [SEVERE ] setting player 3 freeze to 0
[13:42:41.994] [SEVERE ] setting player 3 freeze to 0
[13:42:41.994] [SEVERE ] removing player 3 token from slot 8
[13:42:41.995] [SEVERE ] player 3 placing token on slot 0
[13:42:42.003] [SEVERE ] setting player 2 freeze to 0
[13:42:42.003] [SEVERE ] setting player 2 freeze to 0
[13:42:42.004] [SEVERE ] setting player 2 freeze to 0
[13:42:42.004] [SEVERE ] setting player 2 freeze to 0
[13:42:42.004] [SEVERE ] removing player 2 token from slot 6
[13:42:42.005] [SEVERE ] player 2 placing token on slot 9
[13:42:42.013] [SEVERE ] setting player 4 freeze to 0
[13:42:42.013] [SEVERE ] setting player 4 freeze to 0
[13:42:42.014] [SEVERE ] setting player 4 freeze to 0
[13:42:42.014] [SEVERE ] setting player 4 freeze to 0
[13:42:42.015] [SEVERE ] removing player 4 token from slot 3
[13:42:42.015] [SEVERE ] player 4 placing token on slot 1
[13:42:42.023] [SEVERE ] setting player 3 freeze to 0
[13:42:42.023] [SEVERE ] setting player 3 freeze to 0
[13:42:42.024] [SEVERE ] setting player 3 freeze to 0
[13:42:42.024] [SEVERE ] setting player 3 freeze to 0
[13:42:42.025] [SEVERE ] removing player 3 token from slot 0
[13:42:42.025] [SEVERE ] removing player 3 token from slot 4
[13:42:42.026] [SEVERE ] player 3 placing token on slot 11
[13:42:42.026] [SEVERE ] player 3 placing token on slot 6
[13:42:42.034] [SEVERE ] setting player 2 freeze to 0
[13:42:42.034] [SEVERE ] setting player 2 freeze to 0
[13:42:42.034] [SEVERE ] setting player 2 freeze to 0
[13:42:42.035] [SEVERE ] setting player 2 freeze to 0
[13:42:42.035] [SEVERE ] removing player 2 token from slot 11
[13:42:42.035] [SEVERE ] player 2 placing token on slot 10
[13:42:42.046] [SEVERE ] setting player 4 freeze to 0
[13:42:42.046] [SEVERE ] setting player 4 freeze to 0
[13:42:42.046] [SEVERE ] setting player 4 freeze to 0
[13:42:42.047] [SEVERE ] setting player 4 freeze to 0
[13:42:42.047] [SEVERE ] removing player 4 token from slot 6
[13:42:42.048] [SEVERE ] player 4 placing token on slot 7
[13:42:42.056] [SEVERE ] setting player 3 freeze to 0
[13:42:42.056] [SEVERE ] setting player 3 freeze to 0
[13:42:42.057] [SEVERE ] setting player 3 freeze to 0
[13:42:42.057] [SEVERE ] setting player 3 freeze to 0
[13:42:42.058] [SEVERE ] removing player 3 token from slot 6
[13:42:42.059] [SEVERE ] player 3 placing token on slot 7
[13:42:42.066] [SEVERE ] setting player 2 freeze to 0
[13:42:42.067] [SEVERE ] setting player 2 freeze to 0
[13:42:42.067] [SEVERE ] setting player 2 freeze to 0
[13:42:42.068] [SEVERE ] setting player 2 freeze to 0
[13:42:42.068] [SEVERE ] removing player 2 token from slot 4
[13:42:42.069] [SEVERE ] player 2 placing token on slot 6
[13:42:42.077] [SEVERE ] setting player 4 freeze to 0
[13:42:42.077] [SEVERE ] setting player 4 freeze to 0
[13:42:42.078] [SEVERE ] setting player 4 freeze to 0
[13:42:42.079] [SEVERE ] setting player 4 freeze to 0
[13:42:42.079] [SEVERE ] removing player 4 token from slot 1
[13:42:42.080] [SEVERE ] player 4 placing token on slot 2
[13:42:42.087] [SEVERE ] setting player 3 freeze to 0
[13:42:42.088] [SEVERE ] setting player 3 freeze to 0
[13:42:42.088] [SEVERE ] setting player 3 freeze to 0
[13:42:42.089] [SEVERE ] setting player 3 freeze to 0
[13:42:42.089] [SEVERE ] removing player 3 token from slot 10
[13:42:42.089] [SEVERE ] player 3 placing token on slot 10
[13:42:42.098] [SEVERE ] setting player 2 freeze to 0
[13:42:42.098] [SEVERE ] setting player 2 freeze to 0
[13:42:42.098] [SEVERE ] setting player 2 freeze to 0
[13:42:42.099] [SEVERE ] setting player 2 freeze to 0
[13:42:42.099] [SEVERE ] removing player 2 token from slot 6
[13:42:42.100] [SEVERE ] player 2 placing token on slot 3
[13:42:42.108] [SEVERE ] setting player 4 freeze to 0
[13:42:42.108] [SEVERE ] setting player 4 freeze to 0
[13:42:42.109] [SEVERE ] setting player 4 freeze to 0
[13:42:42.109] [SEVERE ] setting player 4 freeze to 0
[13:42:42.109] [SEVERE ] removing player 4 token from slot 2
[13:42:42.110] [SEVERE ] player 4 placing token on slot 0
[13:42:42.118] [SEVERE ] setting player 3 freeze to 0
[13:42:42.119] [SEVERE ] setting player 3 freeze to 0
[13:42:42.119] [SEVERE ] setting player 3 freeze to 0
[13:42:42.119] [SEVERE ] setting player 3 freeze to 0
[13:42:42.120] [SEVERE ] removing player 3 token from slot 10
[13:42:42.120] [SEVERE ] player 3 placing token on slot 3
[13:42:42.129] [SEVERE ] setting player 2 freeze to 0
[13:42:42.129] [SEVERE ] setting player 2 freeze to 0
[13:42:42.129] [SEVERE ] setting player 2 freeze to 0
[13:42:42.130] [SEVERE ] setting player 2 freeze to 0
[13:42:42.131] [SEVERE ] removing player 2 token from slot 9
[13:42:42.131] [SEVERE ] player 2 placing token on slot 7
[13:42:42.139] [SEVERE ] setting player 4 freeze to 0
[13:42:42.139] [SEVERE ] setting player 4 freeze to 0
[13:42:42.140] [SEVERE ] setting player 4 freeze to 0
[13:42:42.141] [SEVERE ] setting player 4 freeze to 0
[13:42:42.141] [SEVERE ] removing player 4 token from slot 7
[13:42:42.142] [SEVERE ] player 4 placing token on slot 2
[13:42:42.150] [SEVERE ] setting player 3 freeze to 0
[13:42:42.150] [SEVERE ] setting player 3 freeze to 0
[13:42:42.150] [SEVERE ] setting player 3 freeze to 0
[13:42:42.151] [SEVERE ] setting player 3 freeze to 0
[13:42:42.151] [SEVERE ] removing player 3 token from slot 11
[13:42:42.152] [SEVERE ] player 3 placing token on slot 6
[13:42:42.160] [SEVERE ] setting player 2 freeze to 0
[13:42:42.160] [SEVERE ] setting player 2 freeze to 0
[13:42:42.161] [SEVERE ] setting player 2 freeze to 0
[13:42:42.161] [SEVERE ] setting player 2 freeze to 0
[13:42:42.162] [SEVERE ] removing player 2 token from slot 3
[13:42:42.162] [SEVERE ] removing player 2 token from slot 10
[13:42:42.163] [SEVERE ] player 2 placing token on slot 2
[13:42:42.163] [SEVERE ] removing player 2 token from slot 7
[13:42:42.164] [SEVERE ] player 2 placing token on slot 8
[13:42:42.164] [SEVERE ] player 2 placing token on slot 1
[13:42:42.170] [SEVERE ] setting player 4 freeze to 0
[13:42:42.170] [SEVERE ] setting player 4 freeze to 0
[13:42:42.171] [SEVERE ] setting player 4 freeze to 0
[13:42:42.171] [SEVERE ] setting player 4 freeze to 0
[13:42:42.172] [SEVERE ] removing player 4 token from slot 0
[13:42:42.172] [SEVERE ] player 4 placing token on slot 9
[13:42:42.181] [SEVERE ] setting player 3 freeze to 0
[13:42:42.181] [SEVERE ] setting player 3 freeze to 0
[13:42:42.181] [SEVERE ] setting player 3 freeze to 0
[13:42:42.182] [SEVERE ] setting player 3 freeze to 0
[13:42:42.182] [SEVERE ] removing player 3 token from slot 6
[13:42:42.183] [SEVERE ] player 3 placing token on slot 11
[13:42:42.191] [SEVERE ] setting player 2 freeze to 0
[13:42:42.191] [SEVERE ] setting player 2 freeze to 0
[13:42:42.192] [SEVERE ] setting player 2 freeze to 0
[13:42:42.192] [SEVERE ] setting player 2 freeze to 0
[13:42:42.192] [SEVERE ] removing player 2 token from slot 8
[13:42:42.193] [SEVERE ] removing player 2 token from slot 1
[13:42:42.193] [SEVERE ] player 2 placing token on slot 10
[13:42:42.194] [SEVERE ] removing player 2 token from slot 10
[13:42:42.194] [SEVERE ] player 2 placing token on slot 7
[13:42:42.195] [SEVERE ] player 2 placing token on slot 10
[13:42:42.201] [SEVERE ] setting player 4 freeze to 0
[13:42:42.201] [SEVERE ] setting player 4 freeze to 0
[13:42:42.202] [SEVERE ] setting player 4 freeze to 0
[13:42:42.202] [SEVERE ] setting player 4 freeze to 0
[13:42:42.203] [SEVERE ] removing player 4 token from slot 8
[13:42:42.203] [SEVERE ] player 4 placing token on slot 3
[13:42:42.212] [SEVERE ] setting player 3 freeze to 0
[13:42:42.212] [SEVERE ] setting player 3 freeze to 0
[13:42:42.212] [SEVERE ] setting player 3 freeze to 0
[13:42:42.212] [SEVERE ] setting player 3 freeze to 0
[13:42:42.213] [SEVERE ] removing player 3 token from slot 7
[13:42:42.213] [SEVERE ] removing player 3 token from slot 3
[13:42:42.214] [SEVERE ] player 3 placing token on slot 3
[13:42:42.214] [SEVERE ] player 3 placing token on slot 10
[13:42:42.222] [SEVERE ] setting player 2 freeze to 0
[13:42:42.222] [SEVERE ] setting player 2 freeze to 0
[13:42:42.223] [SEVERE ] setting player 2 freeze to 0
[13:42:42.223] [SEVERE ] setting player 2 freeze to 0
[13:42:42.224] [SEVERE ] removing player 2 token from slot 10
[13:42:42.224] [SEVERE ] player 2 placing token on slot 3
[13:42:42.232] [SEVERE ] setting player 4 freeze to 0
[13:42:42.232] [SEVERE ] setting player 4 freeze to 0
[13:42:42.232] [SEVERE ] setting player 4 freeze to 0
[13:42:42.233] [SEVERE ] setting player 4 freeze to 0
[13:42:42.233] [SEVERE ] removing player 4 token from slot 9
[13:42:42.234] [SEVERE ] player 4 placing token on slot 0
[13:42:42.243] [SEVERE ] setting player 3 freeze to 0
[13:42:42.243] [SEVERE ] setting player 3 freeze to 0
[13:42:42.243] [SEVERE ] setting player 3 freeze to 0
[13:42:42.244] [SEVERE ] setting player 3 freeze to 0
[13:42:42.244] [SEVERE ] removing player 3 token from slot 3
[13:42:42.245] [SEVERE ] player 3 placing token on slot 5
[13:42:42.253] [SEVERE ] setting player 2 freeze to 0
[13:42:42.253] [SEVERE ] setting player 2 freeze to 0
[13:42:42.254] [SEVERE ] setting player 2 freeze to 0
[13:42:42.254] [SEVERE ] setting player 2 freeze to 0
[13:42:42.255] [SEVERE ] removing player 2 token from slot 7
[13:42:42.255] [SEVERE ] removing player 2 token from slot 3
[13:42:42.256] [SEVERE ] player 2 placing token on slot 7
[13:42:42.256] [SEVERE ] player 2 placing token on slot 1
[13:42:42.263] [SEVERE ] setting player 4 freeze to 0
[13:42:42.263] [SEVERE ] setting player 4 freeze to 0
[13:42:42.263] [SEVERE ] setting player 4 freeze to 0
[13:42:42.264] [SEVERE ] setting player 4 freeze to 0
[13:42:42.264] [SEVERE ] removing player 4 token from slot 0
[13:42:42.265] [SEVERE ] player 4 placing token on slot 6
[13:42:42.274] [SEVERE ] setting player 3 freeze to 0
[13:42:42.274] [SEVERE ] setting player 3 freeze to 0
[13:42:42.274] [SEVERE ] setting player 3 freeze to 0
[13:42:42.275] [SEVERE ] setting player 3 freeze to 0
[13:42:42.275] [SEVERE ] removing player 3 token from slot 10
[13:42:42.276] [SEVERE ] player 3 placing token on slot 3
[13:42:42.284] [SEVERE ] setting player 2 freeze to 0
[13:42:42.284] [SEVERE ] setting player 2 freeze to 0
[13:42:42.285] [SEVERE ] setting player 2 freeze to 0
[13:42:42.285] [SEVERE ] setting player 2 freeze to 0
[13:42:42.286] [SEVERE ] removing player 2 token from slot 1
[13:42:42.287] [SEVERE ] player 2 placing token on slot 0
[13:42:42.294] [SEVERE ] setting player 4 freeze to 0
[13:42:42.295] [SEVERE ] setting player 4 freeze to 0
[13:42:42.296] [SEVERE ] setting player 4 freeze to 0
[13:42:42.296] [SEVERE ] setting player 4 freeze to 0
[13:42:42.297] [SEVERE ] removing player 4 token from slot 2
[13:42:42.299] [SEVERE ] player 4 placing token on slot 9
[13:42:42.305] [SEVERE ] setting player 3 freeze to 0
[13:42:42.305] [SEVERE ] setting player 3 freeze to 0
[13:42:42.306] [SEVERE ] setting player 3 freeze to 0
[13:42:42.307] [SEVERE ] setting player 3 freeze to 0
[13:42:42.308] [SEVERE ] removing player 3 token from slot 5
[13:42:42.310] [SEVERE ] removing player 3 token from slot 3
[13:42:42.311] [SEVERE ] removing player 3 token from slot 11
[13:42:42.312] [SEVERE ] player 3 placing token on slot 0
[13:42:42.314] [SEVERE ] player 3 placing token on slot 1
[13:42:42.315] [SEVERE ] player 3 placing token on slot 11
[13:42:42.315] [SEVERE ] setting player 2 freeze to 0
[13:42:42.318] [SEVERE ] setting player 2 freeze to 0
[13:42:42.319] [SEVERE ] setting player 2 freeze to 0
[13:42:42.320] [SEVERE ] setting player 2 freeze to 0
[13:42:42.322] [SEVERE ] removing player 2 token from slot 7
[13:42:42.323] [SEVERE ] player 2 placing token on slot 10
[13:42:42.325] [SEVERE ] setting player 4 freeze to 0
[13:42:42.326] [SEVERE ] setting player 4 freeze to 0
[13:42:42.328] [SEVERE ] setting player 4 freeze to 0
[13:42:42.330] [SEVERE ] setting player 4 freeze to 0
[13:42:42.333] [SEVERE ] removing player 4 token from slot 9
[13:42:42.335] [SEVERE ] player 4 placing token on slot 4
[13:42:42.336] [SEVERE ] setting player 3 freeze to 0
[13:42:42.341] [SEVERE ] setting player 3 freeze to 0
[13:42:42.342] [SEVERE ] setting player 3 freeze to 0
[13:42:42.344] [SEVERE ] setting player 3 freeze to 0
[13:42:42.346] [SEVERE ] removing player 3 token from slot 1
[13:42:42.356] [SEVERE ] setting player 4 freeze to 0
[13:42:42.346] [SEVERE ] setting player 2 freeze to 0
[13:42:42.363] [SEVERE ] setting player 4 freeze to 0
[13:42:42.363] [SEVERE ] player 3 placing token on slot 6
[13:42:42.364] [SEVERE ] setting player 4 freeze to 0
[13:42:42.364] [SEVERE ] setting player 2 freeze to 0
[13:42:42.366] [SEVERE ] setting player 4 freeze to 0
[13:42:42.367] [SEVERE ] setting player 3 freeze to 0
[13:42:42.366] [SEVERE ] setting player 2 freeze to 0
[13:42:42.368] [SEVERE ] setting player 3 freeze to 0
[13:42:42.367] [SEVERE ] removing player 4 token from slot 6
[13:42:42.369] [SEVERE ] setting player 3 freeze to 0
[13:42:42.368] [SEVERE ] setting player 2 freeze to 0
[13:42:42.371] [SEVERE ] setting player 3 freeze to 0
[13:42:42.370] [SEVERE ] player 4 placing token on slot 8
[13:42:42.373] [SEVERE ] removing player 3 token from slot 0
[13:42:42.374] [SEVERE ] removing player 2 token from slot 0
[13:42:42.375] [SEVERE ] player 3 placing token on slot 7
[13:42:42.376] [SEVERE ] player 2 placing token on slot 9
[13:42:42.377] [SEVERE ] setting player 4 freeze to 0
[13:42:42.378] [SEVERE ] setting player 4 freeze to 0
[13:42:42.380] [SEVERE ] setting player 4 freeze to 0
[13:42:42.381] [SEVERE ] setting player 4 freeze to 0
[13:42:42.383] [SEVERE ] removing player 4 token from slot 3
[13:42:42.385] [SEVERE ] player 4 placing token on slot 11
[13:42:42.387] [SEVERE ] setting player 3 freeze to 0
[13:42:42.388] [SEVERE ] setting player 3 freeze to 0
[13:42:42.389] [SEVERE ] setting player 3 freeze to 0
[13:42:42.391] [SEVERE ] setting player 3 freeze to 0
[13:42:42.393] [SEVERE ] removing player 3 token from slot 6
[13:42:42.395] [SEVERE ] player 3 placing token on slot 10
[13:42:42.397] [SEVERE ] setting player 2 freeze to 0
[13:42:42.398] [SEVERE ] setting player 2 freeze to 0
[13:42:42.399] [SEVERE ] setting player 2 freeze to 0
[13:42:42.401] [SEVERE ] setting player 2 freeze to 0
[13:42:42.402] [SEVERE ] removing player 2 token from slot 10
[13:42:42.404] [SEVERE ] player 2 placing token on slot 5
[13:42:42.408] [SEVERE ] setting player 4 freeze to 0
[13:42:42.408] [SEVERE ] setting player 4 freeze to 0
[13:42:42.409] [SEVERE ] setting player 4 freeze to 0
[13:42:42.411] [SEVERE ] setting player 4 freeze to 0
[13:42:42.413] [SEVERE ] removing player 4 token from slot 11
[13:42:42.414] [SEVERE ] removing player 4 token from slot 4
[13:42:42.416] [SEVERE ] player 4 placing token on slot 11
[13:42:42.418] [SEVERE ] player 4 placing token on slot 9
[13:42:42.418] [SEVERE ] setting player 3 freeze to 0
[13:42:42.421] [SEVERE ] setting player 3 freeze to 0
[13:42:42.422] [SEVERE ] setting player 3 freeze to 0
[13:42:42.424] [SEVERE ] setting player 3 freeze to 0
[13:42:42.425] [SEVERE ] removing player 3 token from slot 11
[13:42:42.427] [SEVERE ] removing player 3 token from slot 7
[13:42:42.428] [SEVERE ] setting player 2 freeze to 0
[13:42:42.429] [SEVERE ] player 3 placing token on slot 7
[13:42:42.430] [SEVERE ] setting player 2 freeze to 0
[13:42:42.432] [SEVERE ] player 3 placing token on slot 8
[13:42:42.433] [SEVERE ] setting player 2 freeze to 0
[13:42:42.437] [SEVERE ] setting player 2 freeze to 0
[13:42:42.438] [SEVERE ] setting player 4 freeze to 0
[13:42:42.439] [SEVERE ] removing player 2 token from slot 5
[13:42:42.441] [SEVERE ] setting player 4 freeze to 0
[13:42:42.444] [SEVERE ] player 2 placing token on slot 7
[13:42:42.449] [SEVERE ] setting player 3 freeze to 0
[13:42:42.446] [SEVERE ] setting player 4 freeze to 0
[13:42:42.451] [SEVERE ] setting player 3 freeze to 0
[13:42:42.453] [SEVERE ] setting player 4 freeze to 0
[13:42:42.455] [SEVERE ] setting player 3 freeze to 0
[13:42:42.456] [SEVERE ] removing player 4 token from slot 11
[13:42:42.457] [SEVERE ] setting player 3 freeze to 0
[13:42:42.459] [SEVERE ] setting player 2 freeze to 0
[13:42:42.459] [SEVERE ] player 4 placing token on slot 1
[13:42:42.462] [SEVERE ] setting player 2 freeze to 0
[13:42:42.464] [SEVERE ] removing player 3 token from slot 10
[13:42:42.465] [SEVERE ] setting player 2 freeze to 0
[13:42:42.467] [SEVERE ] player 3 placing token on slot 1
[13:42:42.468] [SEVERE ] setting player 2 freeze to 0
[13:42:42.469] [SEVERE ] removing player 2 token from slot 2
[13:42:42.469] [SEVERE ] setting player 4 freeze to 0
[13:42:42.470] [SEVERE ] setting player 4 freeze to 0
[13:42:42.470] [SEVERE ] player 2 placing token on slot 10
[13:42:42.471] [SEVERE ] setting player 4 freeze to 0
[13:42:42.472] [SEVERE ] setting player 4 freeze to 0
[13:42:42.472] [SEVERE ] removing player 4 token from slot 1
[13:42:42.472] [SEVERE ] removing player 4 token from slot 9
[13:42:42.473] [SEVERE ] player 4 placing token on slot 11
[13:42:42.473] [SEVERE ] player 4 placing token on slot 3
[13:42:42.480] [SEVERE ] setting player 3 freeze to 0
[13:42:42.480] [SEVERE ] setting player 3 freeze to 0
[13:42:42.480] [SEVERE ] setting player 3 freeze to 0
[13:42:42.480] [SEVERE ] setting player 3 freeze to 0
[13:42:42.481] [SEVERE ] removing player 3 token from slot 8
[13:42:42.481] [SEVERE ] removing player 3 token from slot 7
[13:42:42.482] [SEVERE ] player 3 placing token on slot 9
[13:42:42.482] [SEVERE ] player 3 placing token on slot 6
[13:42:42.490] [SEVERE ] setting player 2 freeze to 0
[13:42:42.490] [SEVERE ] setting player 2 freeze to 0
[13:42:42.491] [SEVERE ] setting player 2 freeze to 0
[13:42:42.491] [SEVERE ] setting player 2 freeze to 0
[13:42:42.492] [SEVERE ] removing player 2 token from slot 10
[13:42:42.493] [SEVERE ] player 2 placing token on slot 0
[13:42:42.500] [SEVERE ] setting player 4 freeze to 0
[13:42:42.500] [SEVERE ] setting player 4 freeze to 0
[13:42:42.500] [SEVERE ] setting player 4 freeze to 0
[13:42:42.501] [SEVERE ] setting player 4 freeze to 0
[13:42:42.502] [SEVERE ] removing player 4 token from slot 11
[13:42:42.503] [SEVERE ] player 4 placing token on slot 11
[13:42:42.511] [SEVERE ] setting player 3 freeze to 0
[13:42:42.511] [SEVERE ] setting player 3 freeze to 0
[13:42:42.511] [SEVERE ] setting player 3 freeze to 0
[13:42:42.511] [SEVERE ] setting player 3 freeze to 0
[13:42:42.512] [SEVERE ] removing player 3 token from slot 1
[13:42:42.514] [SEVERE ] player 3 placing token on slot 10
[13:42:42.521] [SEVERE ] setting player 2 freeze to 0
[13:42:42.521] [SEVERE ] setting player 2 freeze to 0
[13:42:42.521] [SEVERE ] setting player 2 freeze to 0
[13:42:42.522] [SEVERE ] setting player 2 freeze to 0
[13:42:42.524] [SEVERE ] removing player 2 token from slot 9
[13:42:42.525] [SEVERE ] player 2 placing token on slot 3
[13:42:42.531] [SEVERE ] setting player 4 freeze to 0
[13:42:42.531] [SEVERE ] setting player 4 freeze to 0
[13:42:42.531] [SEVERE ] setting player 4 freeze to 0
[13:42:42.533] [SEVERE ] setting player 4 freeze to 0
[13:42:42.535] [SEVERE ] removing player 4 token from slot 8
[13:42:42.536] [SEVERE ] player 4 placing token on slot 10
[13:42:42.541] [SEVERE ] setting player 3 freeze to 0
[13:42:42.542] [SEVERE ] setting player 3 freeze to 0
[13:42:42.543] [SEVERE ] setting player 3 freeze to 0
[13:42:42.544] [SEVERE ] setting player 3 freeze to 0
[13:42:42.544] [SEVERE ] removing player 3 token from slot 10
[13:42:42.545] [SEVERE ] player 3 placing token on slot 1
[13:42:42.552] [SEVERE ] setting player 2 freeze to 0
[13:42:42.552] [SEVERE ] setting player 2 freeze to 0
[13:42:42.552] [SEVERE ] setting player 2 freeze to 0
[13:42:42.553] [SEVERE ] setting player 2 freeze to 0
[13:42:42.553] [SEVERE ] removing player 2 token from slot 7
[13:42:42.554] [SEVERE ] player 2 placing token on slot 2
[13:42:42.562] [SEVERE ] setting player 4 freeze to 0
[13:42:42.562] [SEVERE ] setting player 4 freeze to 0
[13:42:42.562] [SEVERE ] setting player 4 freeze to 0
[13:42:42.563] [SEVERE ] setting player 4 freeze to 0
[13:42:42.563] [SEVERE ] removing player 4 token from slot 10
[13:42:42.564] [SEVERE ] player 4 placing token on slot 5
[13:42:42.572] [SEVERE ] setting player 3 freeze to 0
[13:42:42.572] [SEVERE ] setting player 3 freeze to 0
[13:42:42.573] [SEVERE ] setting player 3 freeze to 0
[13:42:42.573] [SEVERE ] setting player 3 freeze to 0
[13:42:42.574] [SEVERE ] removing player 3 token from slot 6
[13:42:42.574] [SEVERE ] player 3 placing token on slot 10
[13:42:42.583] [SEVERE ] setting player 2 freeze to 0
[13:42:42.583] [SEVERE ] setting player 2 freeze to 0
[13:42:42.583] [SEVERE ] setting player 2 freeze to 0
[13:42:42.583] [SEVERE ] setting player 2 freeze to 0
[13:42:42.584] [SEVERE ] removing player 2 token from slot 3
[13:42:42.584] [SEVERE ] removing player 2 token from slot 2
[13:42:42.585] [SEVERE ] player 2 placing token on slot 10
[13:42:42.585] [SEVERE ] player 2 placing token on slot 5
[13:42:42.593] [SEVERE ] setting player 4 freeze to 0
[13:42:42.593] [SEVERE ] setting player 4 freeze to 0
[13:42:42.593] [SEVERE ] setting player 4 freeze to 0
[13:42:42.593] [SEVERE ] setting player 4 freeze to 0
[13:42:42.594] [SEVERE ] removing player 4 token from slot 5
[13:42:42.595] [SEVERE ] player 4 placing token on slot 10
[13:42:42.604] [SEVERE ] setting player 3 freeze to 0
[13:42:42.604] [SEVERE ] setting player 3 freeze to 0
[13:42:42.604] [SEVERE ] setting player 3 freeze to 0
[13:42:42.604] [SEVERE ] setting player 3 freeze to 0
[13:42:42.605] [SEVERE ] removing player 3 token from slot 10
[13:42:42.605] [SEVERE ] player 3 placing token on slot 4
[13:42:42.614] [SEVERE ] setting player 2 freeze to 0
[13:42:42.614] [SEVERE ] setting player 2 freeze to 0
[13:42:42.615] [SEVERE ] setting player 2 freeze to 0
[13:42:42.615] [SEVERE ] setting player 2 freeze to 0
[13:42:42.616] [SEVERE ] removing player 2 token from slot 0
[13:42:42.616] [SEVERE ] removing player 2 token from slot 5
[13:42:42.616] [SEVERE ] player 2 placing token on slot 9
[13:42:42.617] [SEVERE ] player 2 placing token on slot 0
[13:42:42.624] [SEVERE ] setting player 4 freeze to 0
[13:42:42.624] [SEVERE ] setting player 4 freeze to 0
[13:42:42.625] [SEVERE ] setting player 4 freeze to 0
[13:42:42.625] [SEVERE ] setting player 4 freeze to 0
[13:42:42.626] [SEVERE ] removing player 4 token from slot 10
[13:42:42.626] [SEVERE ] player 4 placing token on slot 6
[13:42:42.634] [SEVERE ] setting player 3 freeze to 0
[13:42:42.635] [SEVERE ] setting player 3 freeze to 0
[13:42:42.635] [SEVERE ] setting player 3 freeze to 0
[13:42:42.635] [SEVERE ] setting player 3 freeze to 0
[13:42:42.636] [SEVERE ] removing player 3 token from slot 9
[13:42:42.637] [SEVERE ] player 3 placing token on slot 2
[13:42:42.645] [SEVERE ] setting player 2 freeze to 0
[13:42:42.645] [SEVERE ] setting player 2 freeze to 0
[13:42:42.645] [SEVERE ] setting player 2 freeze to 0
[13:42:42.646] [SEVERE ] setting player 2 freeze to 0
[13:42:42.646] [SEVERE ] removing player 2 token from slot 0
[13:42:42.647] [SEVERE ] player 2 placing token on slot 0
[13:42:42.655] [SEVERE ] setting player 4 freeze to 0
[13:42:42.655] [SEVERE ] setting player 4 freeze to 0
[13:42:42.655] [SEVERE ] setting player 4 freeze to 0
[13:42:42.656] [SEVERE ] setting player 4 freeze to 0
[13:42:42.656] [SEVERE ] removing player 4 token from slot 3
[13:42:42.657] [SEVERE ] player 4 placing token on slot 4
[13:42:42.666] [SEVERE ] setting player 3 freeze to 0
[13:42:42.666] [SEVERE ] setting player 3 freeze to 0
[13:42:42.666] [SEVERE ] setting player 3 freeze to 0
[13:42:42.666] [SEVERE ] setting player 3 freeze to 0
[13:42:42.667] [SEVERE ] removing player 3 token from slot 2
[13:42:42.667] [SEVERE ] player 3 placing token on slot 7
[13:42:42.676] [SEVERE ] setting player 2 freeze to 0
[13:42:42.676] [SEVERE ] setting player 2 freeze to 0
[13:42:42.676] [SEVERE ] setting player 2 freeze to 0
[13:42:42.677] [SEVERE ] setting player 2 freeze to 0
[13:42:42.677] [SEVERE ] removing player 2 token from slot 9
[13:42:42.678] [SEVERE ] player 2 placing token on slot 4
[13:42:42.687] [SEVERE ] setting player 4 freeze to 0
[13:42:42.687] [SEVERE ] setting player 4 freeze to 0
[13:42:42.687] [SEVERE ] setting player 4 freeze to 0
[13:42:42.687] [SEVERE ] setting player 4 freeze to 0
[13:42:42.688] [SEVERE ] removing player 4 token from slot 6
[13:42:42.689] [SEVERE ] removing player 4 token from slot 11
[13:42:42.689] [SEVERE ] player 4 placing token on slot 1
[13:42:42.690] [SEVERE ] removing player 4 token from slot 4
[13:42:42.690] [SEVERE ] player 4 placing token on slot 2
[13:42:42.690] [SEVERE ] player 4 placing token on slot 3
[13:42:42.697] [SEVERE ] setting player 3 freeze to 0
[13:42:42.698] [SEVERE ] setting player 3 freeze to 0
[13:42:42.698] [SEVERE ] setting player 3 freeze to 0
[13:42:42.699] [SEVERE ] setting player 3 freeze to 0
[13:42:42.699] [SEVERE ] removing player 3 token from slot 1
[13:42:42.700] [SEVERE ] player 3 placing token on slot 3
[13:42:42.708] [SEVERE ] setting player 2 freeze to 0
[13:42:42.708] [SEVERE ] setting player 2 freeze to 0
[13:42:42.708] [SEVERE ] setting player 2 freeze to 0
[13:42:42.709] [SEVERE ] setting player 2 freeze to 0
[13:42:42.709] [SEVERE ] removing player 2 token from slot 10
[13:42:42.710] [SEVERE ] player 2 placing token on slot 6
[13:42:42.719] [SEVERE ] setting player 4 freeze to 0
[13:42:42.726] [SEVERE ] setting player 4 freeze to 0
[13:42:42.727] [SEVERE ] setting player 4 freeze to 0
[13:42:42.728] [SEVERE ] setting player 4 freeze to 0
[13:42:42.728] [SEVERE ] removing player 4 token from slot 1
[13:42:42.729] [SEVERE ] player 4 placing token on slot 9
[13:42:42.730] [SEVERE ] setting player 3 freeze to 0
[13:42:42.730] [SEVERE ] setting player 3 freeze to 0
[13:42:42.730] [SEVERE ] setting player 3 freeze to 0
[13:42:42.731] [SEVERE ] setting player 3 freeze to 0
[13:42:42.731] [SEVERE ] removing player 3 token from slot 3
[13:42:42.732] [SEVERE ] player 3 placing token on slot 10
[13:42:42.740] [SEVERE ] setting player 2 freeze to 0
[13:42:42.740] [SEVERE ] setting player 2 freeze to 0
[13:42:42.740] [SEVERE ] setting player 2 freeze to 0
[13:42:42.741] [SEVERE ] setting player 2 freeze to 0
[13:42:42.741] [SEVERE ] removing player 2 token from slot 0
[13:42:42.742] [SEVERE ] player 2 placing token on slot 2
[13:42:42.750] [SEVERE ] setting player 4 freeze to 0
[13:42:42.750] [SEVERE ] setting player 4 freeze to 0
[13:42:42.750] [SEVERE ] setting player 4 freeze to 0
[13:42:42.751] [SEVERE ] setting player 4 freeze to 0
[13:42:42.751] [SEVERE ] removing player 4 token from slot 2
[13:42:42.752] [SEVERE ] player 4 placing token on slot 0
[13:42:42.761] [SEVERE ] setting player 3 freeze to 0
[13:42:42.761] [SEVERE ] setting player 3 freeze to 0
[13:42:42.762] [SEVERE ] setting player 3 freeze to 0
[13:42:42.762] [SEVERE ] setting player 3 freeze to 0
[13:42:42.763] [SEVERE ] removing player 3 token from slot 7
[13:42:42.763] [SEVERE ] player 3 placing token on slot 7
[13:42:42.771] [SEVERE ] setting player 2 freeze to 0
[13:42:42.792] [SEVERE ] setting player 3 freeze to 0
[13:42:42.781] [SEVERE ] setting player 4 freeze to 0
[13:42:42.971] [SEVERE ] setting player 3 freeze to 0
[13:42:42.970] [SEVERE ] setting player 2 freeze to 0
[13:42:42.972] [SEVERE ] setting player 3 freeze to 0
[13:42:42.971] [SEVERE ] setting player 4 freeze to 0
[13:42:42.973] [SEVERE ] setting player 3 freeze to 0
[13:42:42.972] [SEVERE ] setting player 2 freeze to 0
[13:42:42.974] [SEVERE ] setting player 2 freeze to 0
[13:42:42.974] [SEVERE ] removing player 2 token from slot 4
[13:42:42.973] [SEVERE ] setting player 4 freeze to 0
[13:42:42.975] [SEVERE ] setting player 4 freeze to 0
[13:42:42.975] [SEVERE ] player 2 placing token on slot 7
[13:42:42.976] [SEVERE ] removing player 4 token from slot 0
[13:42:42.976] [SEVERE ] player 4 placing token on slot 7
[13:42:42.984] [SEVERE ] setting player 2 freeze to 0
[13:42:42.984] [SEVERE ] setting player 2 freeze to 0
[13:42:42.984] [SEVERE ] setting player 2 freeze to 0
[13:42:42.985] [SEVERE ] setting player 2 freeze to 0
[13:42:42.985] [SEVERE ] removing player 2 token from slot 7
[13:42:42.986] [SEVERE ] removing player 2 token from slot 6
[13:42:42.986] [SEVERE ] player 2 placing token on slot 9
[13:42:42.986] [SEVERE ] player 2 placing token on slot 7
[13:42:42.994] [SEVERE ] setting player 4 freeze to 0
[13:42:42.994] [SEVERE ] setting player 4 freeze to 0
[13:42:42.994] [SEVERE ] setting player 4 freeze to 0
[13:42:42.994] [SEVERE ] setting player 4 freeze to 0
[13:42:42.995] [SEVERE ] removing player 4 token from slot 9
[13:42:42.995] [SEVERE ] player 4 placing token on slot 1
[13:42:43.004] [SEVERE ] setting player 2 freeze to 0
[13:42:43.004] [SEVERE ] setting player 2 freeze to 0
[13:42:43.004] [SEVERE ] setting player 2 freeze to 0
[13:42:43.005] [SEVERE ] setting player 2 freeze to 0
[13:42:43.005] [SEVERE ] removing player 2 token from slot 2
[13:42:43.006] [SEVERE ] player 2 placing token on slot 2
[13:42:43.014] [SEVERE ] setting player 4 freeze to 0
[13:42:43.015] [SEVERE ] setting player 4 freeze to 0
[13:42:43.015] [SEVERE ] setting player 4 freeze to 0
[13:42:43.015] [SEVERE ] setting player 4 freeze to 0
[13:42:43.016] [SEVERE ] removing player 4 token from slot 7
[13:42:43.016] [SEVERE ] player 4 placing token on slot 6
[13:42:43.025] [SEVERE ] setting player 2 freeze to 0
[13:42:43.025] [SEVERE ] setting player 2 freeze to 0
[13:42:43.025] [SEVERE ] setting player 2 freeze to 0
[13:42:43.025] [SEVERE ] setting player 2 freeze to 0
[13:42:43.026] [SEVERE ] removing player 2 token from slot 2
[13:42:43.026] [SEVERE ] player 2 placing token on slot 11
[13:42:43.035] [SEVERE ] setting player 4 freeze to 0
[13:42:43.035] [SEVERE ] setting player 4 freeze to 0
[13:42:43.035] [SEVERE ] setting player 4 freeze to 0
[13:42:43.036] [SEVERE ] setting player 4 freeze to 0
[13:42:43.036] [SEVERE ] removing player 4 token from slot 1
[13:42:43.037] [SEVERE ] removing player 4 token from slot 3
[13:42:43.037] [SEVERE ] player 4 placing token on slot 7
[13:42:43.038] [SEVERE ] player 4 placing token on slot 0
[13:42:43.045] [SEVERE ] setting player 2 freeze to 0
[13:42:43.045] [SEVERE ] setting player 2 freeze to 0
[13:42:43.046] [SEVERE ] setting player 2 freeze to 0
[13:42:43.046] [SEVERE ] setting player 2 freeze to 0
[13:42:43.047] [SEVERE ] removing player 2 token from slot 9
[13:42:43.047] [SEVERE ] player 2 placing token on slot 1
[13:42:43.055] [SEVERE ] setting player 4 freeze to 0
[13:42:43.055] [SEVERE ] setting player 4 freeze to 0
[13:42:43.055] [SEVERE ] setting player 4 freeze to 0
[13:42:43.056] [SEVERE ] setting player 4 freeze to 0
[13:42:43.057] [SEVERE ] removing player 4 token from slot 0
[13:42:43.057] [SEVERE ] removing player 4 token from slot 7
[13:42:43.058] [SEVERE ] player 4 placing token on slot 3
[13:42:43.058] [SEVERE ] player 4 placing token on slot 5
[13:42:43.066] [SEVERE ] setting player 2 freeze to 0
[13:42:43.066] [SEVERE ] setting player 2 freeze to 0
[13:42:43.066] [SEVERE ] setting player 2 freeze to 0
[13:42:43.067] [SEVERE ] setting player 2 freeze to 0
[13:42:43.068] [SEVERE ] removing player 2 token from slot 7
[13:42:43.068] [SEVERE ] player 2 placing token on slot 6
[13:42:43.076] [SEVERE ] setting player 4 freeze to 0
[13:42:43.076] [SEVERE ] setting player 4 freeze to 0
[13:42:43.076] [SEVERE ] setting player 4 freeze to 0
[13:42:43.077] [SEVERE ] setting player 4 freeze to 0
[13:42:43.077] [SEVERE ] removing player 4 token from slot 6
[13:42:43.078] [SEVERE ] removing player 4 token from slot 5
[13:42:43.078] [SEVERE ] player 4 placing token on slot 1
[13:42:43.078] [SEVERE ] player 4 placing token on slot 7
[13:42:43.086] [SEVERE ] setting player 2 freeze to 0
[13:42:43.086] [SEVERE ] setting player 2 freeze to 0
[13:42:43.087] [SEVERE ] setting player 2 freeze to 0
[13:42:43.087] [SEVERE ] setting player 2 freeze to 0
[13:42:43.087] [SEVERE ] removing player 2 token from slot 6
[13:42:43.088] [SEVERE ] player 2 placing token on slot 4
[13:42:43.096] [SEVERE ] setting player 4 freeze to 0
[13:42:43.096] [SEVERE ] setting player 4 freeze to 0
[13:42:43.097] [SEVERE ] setting player 4 freeze to 0
[13:42:43.097] [SEVERE ] setting player 4 freeze to 0
[13:42:43.098] [SEVERE ] removing player 4 token from slot 3
[13:42:43.098] [SEVERE ] player 4 placing token on slot 10
[13:42:43.106] [SEVERE ] setting player 2 freeze to 0
[13:42:43.107] [SEVERE ] setting player 2 freeze to 0
[13:42:43.107] [SEVERE ] setting player 2 freeze to 0
[13:42:43.107] [SEVERE ] setting player 2 freeze to 0
[13:42:43.108] [SEVERE ] removing player 2 token from slot 1
[13:42:43.108] [SEVERE ] player 2 placing token on slot 8
[13:42:43.117] [SEVERE ] setting player 4 freeze to 0
[13:42:43.117] [SEVERE ] setting player 4 freeze to 0
[13:42:43.117] [SEVERE ] setting player 4 freeze to 0
[13:42:43.118] [SEVERE ] setting player 4 freeze to 0
[13:42:43.118] [SEVERE ] removing player 4 token from slot 10
[13:42:43.119] [SEVERE ] player 4 placing token on slot 8
[13:42:43.127] [SEVERE ] setting player 2 freeze to 0
[13:42:43.127] [SEVERE ] setting player 2 freeze to 0
[13:42:43.127] [SEVERE ] setting player 2 freeze to 0
[13:42:43.128] [SEVERE ] setting player 2 freeze to 0
[13:42:43.128] [SEVERE ] removing player 2 token from slot 8
[13:42:43.129] [SEVERE ] player 2 placing token on slot 1
[13:42:43.137] [SEVERE ] setting player 4 freeze to 0
[13:42:43.137] [SEVERE ] setting player 4 freeze to 0
[13:42:43.137] [SEVERE ] setting player 4 freeze to 0
[13:42:43.138] [SEVERE ] setting player 4 freeze to 0
[13:42:43.138] [SEVERE ] removing player 4 token from slot 7
[13:42:43.139] [SEVERE ] player 4 placing token on slot 3
[13:42:43.147] [SEVERE ] setting player 2 freeze to 0
[13:42:43.147] [SEVERE ] setting player 2 freeze to 0
[13:42:43.148] [SEVERE ] setting player 2 freeze to 0
[13:42:43.148] [SEVERE ] setting player 2 freeze to 0
[13:42:43.149] [SEVERE ] removing player 2 token from slot 1
[13:42:43.149] [SEVERE ] player 2 placing token on slot 0
[13:42:43.158] [SEVERE ] setting player 4 freeze to 0
[13:42:43.158] [SEVERE ] setting player 4 freeze to 0
[13:42:43.158] [SEVERE ] setting player 4 freeze to 0
[13:42:43.158] [SEVERE ] setting player 4 freeze to 0
[13:42:43.159] [SEVERE ] removing player 4 token from slot 3
[13:42:43.159] [SEVERE ] removing player 4 token from slot 8
[13:42:43.160] [SEVERE ] player 4 placing token on slot 10
[13:42:43.160] [SEVERE ] player 4 placing token on slot 5
[13:42:43.168] [SEVERE ] setting player 2 freeze to 0
[13:42:43.168] [SEVERE ] setting player 2 freeze to 0
[13:42:43.168] [SEVERE ] setting player 2 freeze to 0
[13:42:43.169] [SEVERE ] setting player 2 freeze to 0
[13:42:43.169] [SEVERE ] removing player 2 token from slot 11
[13:42:43.170] [SEVERE ] player 2 placing token on slot 2
[13:42:43.178] [SEVERE ] setting player 4 freeze to 0
[13:42:43.178] [SEVERE ] setting player 4 freeze to 0
[13:42:43.179] [SEVERE ] setting player 4 freeze to 0
[13:42:43.179] [SEVERE ] setting player 4 freeze to 0
[13:42:43.180] [SEVERE ] removing player 4 token from slot 5
[13:42:43.180] [SEVERE ] player 4 placing token on slot 8
[13:42:43.188] [SEVERE ] setting player 2 freeze to 0
[13:42:43.188] [SEVERE ] setting player 2 freeze to 0
[13:42:43.189] [SEVERE ] setting player 2 freeze to 0
[13:42:43.189] [SEVERE ] setting player 2 freeze to 0
[13:42:43.190] [SEVERE ] removing player 2 token from slot 2
[13:42:43.190] [SEVERE ] player 2 placing token on slot 7
[13:42:43.198] [SEVERE ] setting player 4 freeze to 0
[13:42:43.198] [SEVERE ] setting player 4 freeze to 0
[13:42:43.199] [SEVERE ] setting player 4 freeze to 0
[13:42:43.199] [SEVERE ] setting player 4 freeze to 0
[13:42:43.200] [SEVERE ] removing player 4 token from slot 1
[13:42:43.200] [SEVERE ] player 4 placing token on slot 4
[13:42:43.209] [SEVERE ] setting player 2 freeze to 0
[13:42:43.209] [SEVERE ] setting player 2 freeze to 0
[13:42:43.209] [SEVERE ] setting player 2 freeze to 0
[13:42:43.209] [SEVERE ] setting player 2 freeze to 0
[13:42:43.210] [SEVERE ] removing player 2 token from slot 4
[13:42:43.210] [SEVERE ] player 2 placing token on slot 4
[13:42:43.219] [SEVERE ] setting player 4 freeze to 0
[13:42:43.219] [SEVERE ] setting player 4 freeze to 0
[13:42:43.219] [SEVERE ] setting player 4 freeze to 0
[13:42:43.220] [SEVERE ] setting player 4 freeze to 0
[13:42:43.220] [SEVERE ] removing player 4 token from slot 10
[13:42:43.221] [SEVERE ] removing player 4 token from slot 8
[13:42:43.221] [SEVERE ] player 4 placing token on slot 2
[13:42:43.222] [SEVERE ] player 4 placing token on slot 6
[13:42:43.229] [SEVERE ] setting player 2 freeze to 0
[13:42:43.229] [SEVERE ] setting player 2 freeze to 0
[13:42:43.230] [SEVERE ] setting player 2 freeze to 0
[13:42:43.230] [SEVERE ] setting player 2 freeze to 0
[13:42:43.230] [SEVERE ] removing player 2 token from slot 7
[13:42:43.231] [SEVERE ] player 2 placing token on slot 1
[13:42:43.239] [SEVERE ] setting player 4 freeze to 0
[13:42:43.239] [SEVERE ] setting player 4 freeze to 0
[13:42:43.240] [SEVERE ] setting player 4 freeze to 0
[13:42:43.240] [SEVERE ] setting player 4 freeze to 0
[13:42:43.241] [SEVERE ] removing player 4 token from slot 4
[13:42:43.241] [SEVERE ] player 4 placing token on slot 1
[13:42:43.249] [SEVERE ] setting player 2 freeze to 0
[13:42:43.250] [SEVERE ] setting player 2 freeze to 0
[13:42:43.250] [SEVERE ] setting player 2 freeze to 0
[13:42:43.251] [SEVERE ] setting player 2 freeze to 0
[13:42:43.251] [SEVERE ] removing player 2 token from slot 0
[13:42:43.252] [SEVERE ] player 2 placing token on slot 5
[13:42:43.260] [SEVERE ] setting player 4 freeze to 0
[13:42:43.260] [SEVERE ] setting player 4 freeze to 0
[13:42:43.260] [SEVERE ] setting player 4 freeze to 0
[13:42:43.261] [SEVERE ] setting player 4 freeze to 0
[13:42:43.261] [SEVERE ] removing player 4 token from slot 1
[13:42:43.262] [SEVERE ] player 4 placing token on slot 1
[13:42:43.270] [SEVERE ] setting player 2 freeze to 0
[13:42:43.270] [SEVERE ] setting player 2 freeze to 0
[13:42:43.270] [SEVERE ] setting player 2 freeze to 0
[13:42:43.271] [SEVERE ] setting player 2 freeze to 0
[13:42:43.271] [SEVERE ] removing player 2 token from slot 1
[13:42:43.272] [SEVERE ] player 2 placing token on slot 2
[13:42:43.280] [SEVERE ] setting player 4 freeze to 0
[13:42:43.280] [SEVERE ] setting player 4 freeze to 0
[13:42:43.281] [SEVERE ] setting player 4 freeze to 0
[13:42:43.281] [SEVERE ] setting player 4 freeze to 0
[13:42:43.282] [SEVERE ] removing player 4 token from slot 2
[13:42:43.282] [SEVERE ] player 4 placing token on slot 4
[13:42:43.290] [SEVERE ] setting player 2 freeze to 0
[13:42:43.291] [SEVERE ] setting player 2 freeze to 0
[13:42:43.291] [SEVERE ] setting player 2 freeze to 0
[13:42:43.291] [SEVERE ] setting player 2 freeze to 0
[13:42:43.292] [SEVERE ] removing player 2 token from slot 5
[13:42:43.292] [SEVERE ] removing player 2 token from slot 2
[13:42:43.293] [SEVERE ] player 2 placing token on slot 10
[13:42:43.293] [SEVERE ] player 2 placing token on slot 7
[13:42:43.301] [SEVERE ] setting player 4 freeze to 0
[13:42:43.301] [SEVERE ] setting player 4 freeze to 0
[13:42:43.301] [SEVERE ] setting player 4 freeze to 0
[13:42:43.302] [SEVERE ] setting player 4 freeze to 0
[13:42:43.302] [SEVERE ] removing player 4 token from slot 1
[13:42:43.303] [SEVERE ] player 4 placing token on slot 10
[13:42:43.311] [SEVERE ] setting player 2 freeze to 0
[13:42:43.311] [SEVERE ] setting player 2 freeze to 0
[13:42:43.312] [SEVERE ] setting player 2 freeze to 0
[13:42:43.312] [SEVERE ] setting player 2 freeze to 0
[13:42:43.312] [SEVERE ] removing player 2 token from slot 7
[13:42:43.313] [SEVERE ] player 2 placing token on slot 6
[13:42:43.321] [SEVERE ] setting player 4 freeze to 0
[13:42:43.321] [SEVERE ] setting player 4 freeze to 0
[13:42:43.322] [SEVERE ] setting player 4 freeze to 0
[13:42:43.322] [SEVERE ] setting player 4 freeze to 0
[13:42:43.322] [SEVERE ] removing player 4 token from slot 6
[13:42:43.323] [SEVERE ] player 4 placing token on slot 3
[13:42:43.331] [SEVERE ] setting player 2 freeze to 0
[13:42:43.331] [SEVERE ] setting player 2 freeze to 0
[13:42:43.332] [SEVERE ] setting player 2 freeze to 0
[13:42:43.332] [SEVERE ] setting player 2 freeze to 0
[13:42:43.333] [SEVERE ] removing player 2 token from slot 4
[13:42:43.333] [SEVERE ] player 2 placing token on slot 5
[13:42:43.342] [SEVERE ] setting player 4 freeze to 0
[13:42:43.342] [SEVERE ] setting player 4 freeze to 0
[13:42:43.342] [SEVERE ] setting player 4 freeze to 0
[13:42:43.343] [SEVERE ] setting player 4 freeze to 0
[13:42:43.343] [SEVERE ] removing player 4 token from slot 3
[13:42:43.343] [SEVERE ] player 4 placing token on slot 9
[13:42:43.352] [SEVERE ] setting player 2 freeze to 0
[13:42:43.352] [SEVERE ] setting player 2 freeze to 0
[13:42:43.352] [SEVERE ] setting player 2 freeze to 0
[13:42:43.352] [SEVERE ] setting player 2 freeze to 0
[13:42:43.353] [SEVERE ] removing player 2 token from slot 10
[13:42:43.353] [SEVERE ] player 2 placing token on slot 8
[13:42:43.362] [SEVERE ] setting player 4 freeze to 0
[13:42:43.362] [SEVERE ] setting player 4 freeze to 0
[13:42:43.362] [SEVERE ] setting player 4 freeze to 0
[13:42:43.363] [SEVERE ] setting player 4 freeze to 0
[13:42:43.363] [SEVERE ] removing player 4 token from slot 9
[13:42:43.364] [SEVERE ] player 4 placing token on slot 3
[13:42:43.372] [SEVERE ] setting player 2 freeze to 0
[13:42:43.372] [SEVERE ] setting player 2 freeze to 0
[13:42:43.372] [SEVERE ] setting player 2 freeze to 0
[13:42:43.373] [SEVERE ] setting player 2 freeze to 0
[13:42:43.373] [SEVERE ] removing player 2 token from slot 8
[13:42:43.374] [SEVERE ] player 2 placing token on slot 9
[13:42:43.383] [SEVERE ] updating countdown to 3000
[13:42:43.383] [SEVERE ] setting player 4 freeze to 0
[13:42:43.383] [SEVERE ] setting player 4 freeze to 0
[13:42:43.384] [SEVERE ] setting player 4 freeze to 0
[13:42:43.384] [SEVERE ] setting player 4 freeze to 0
[13:42:43.385] [SEVERE ] removing player 4 token from slot 10
[13:42:43.385] [SEVERE ] player 4 placing token on slot 1
[13:42:43.393] [SEVERE ] setting player 2 freeze to 0
[13:42:43.393] [SEVERE ] setting player 2 freeze to 0
[13:42:43.393] [SEVERE ] setting player 2 freeze to 0
[13:42:43.394] [SEVERE ] setting player 2 freeze to 0
[13:42:43.394] [SEVERE ] removing player 2 token from slot 9
[13:42:43.395] [SEVERE ] player 2 placing token on slot 10
[13:42:43.403] [SEVERE ] setting player 4 freeze to 0
[13:42:43.403] [SEVERE ] setting player 4 freeze to 0
[13:42:43.404] [SEVERE ] setting player 4 freeze to 0
[13:42:43.404] [SEVERE ] setting player 4 freeze to 0
[13:42:43.405] [SEVERE ] removing player 4 token from slot 4
[13:42:43.405] [SEVERE ] player 4 placing token on slot 9
[13:42:43.414] [SEVERE ] setting player 2 freeze to 0
[13:42:43.414] [SEVERE ] setting player 2 freeze to 0
[13:42:43.414] [SEVERE ] setting player 2 freeze to 0
[13:42:43.414] [SEVERE ] setting player 2 freeze to 0
[13:42:43.415] [SEVERE ] removing player 2 token from slot 10
[13:42:43.415] [SEVERE ] player 2 placing token on slot 0
[13:42:43.424] [SEVERE ] setting player 4 freeze to 0
[13:42:43.424] [SEVERE ] setting player 4 freeze to 0
[13:42:43.424] [SEVERE ] setting player 4 freeze to 0
[13:42:43.425] [SEVERE ] setting player 4 freeze to 0
[13:42:43.425] [SEVERE ] removing player 4 token from slot 9
[13:42:43.426] [SEVERE ] player 4 placing token on slot 11
[13:42:43.434] [SEVERE ] setting player 2 freeze to 0
[13:42:43.434] [SEVERE ] setting player 2 freeze to 0
[13:42:43.434] [SEVERE ] setting player 2 freeze to 0
[13:42:43.435] [SEVERE ] setting player 2 freeze to 0
[13:42:43.435] [SEVERE ] removing player 2 token from slot 6
[13:42:43.436] [SEVERE ] player 2 placing token on slot 7
[13:42:43.444] [SEVERE ] setting player 4 freeze to 0
[13:42:43.444] [SEVERE ] setting player 4 freeze to 0
[13:42:43.445] [SEVERE ] setting player 4 freeze to 0
[13:42:43.445] [SEVERE ] setting player 4 freeze to 0
[13:42:43.446] [SEVERE ] removing player 4 token from slot 3
[13:42:43.446] [SEVERE ] player 4 placing token on slot 2
[13:42:43.454] [SEVERE ] setting player 2 freeze to 0
[13:42:43.454] [SEVERE ] setting player 2 freeze to 0
[13:42:43.455] [SEVERE ] setting player 2 freeze to 0
[13:42:43.455] [SEVERE ] setting player 2 freeze to 0
[13:42:43.456] [SEVERE ] removing player 2 token from slot 7
[13:42:43.456] [SEVERE ] removing player 2 token from slot 0
[13:42:43.457] [SEVERE ] player 2 placing token on slot 1
[13:42:43.457] [SEVERE ] removing player 2 token from slot 1
[13:42:43.458] [SEVERE ] player 2 placing token on slot 10
[13:42:43.458] [SEVERE ] player 2 placing token on slot 11
[13:42:43.465] [SEVERE ] setting player 4 freeze to 0
[13:42:43.465] [SEVERE ] setting player 4 freeze to 0
[13:42:43.465] [SEVERE ] setting player 4 freeze to 0
[13:42:43.466] [SEVERE ] setting player 4 freeze to 0
[13:42:43.466] [SEVERE ] removing player 4 token from slot 2
[13:42:43.467] [SEVERE ] player 4 placing token on slot 7
[13:42:43.475] [SEVERE ] setting player 2 freeze to 0
[13:42:43.475] [SEVERE ] setting player 2 freeze to 0
[13:42:43.475] [SEVERE ] setting player 2 freeze to 0
[13:42:43.476] [SEVERE ] setting player 2 freeze to 0
[13:42:43.476] [SEVERE ] removing player 2 token from slot 10
[13:42:43.477] [SEVERE ] player 2 placing token on slot 4
[13:42:43.485] [SEVERE ] setting player 4 freeze to 0
[13:42:43.485] [SEVERE ] setting player 4 freeze to 0
[13:42:43.485] [SEVERE ] setting player 4 freeze to 0
[13:42:43.486] [SEVERE ] setting player 4 freeze to 0
[13:42:43.486] [SEVERE ] removing player 4 token from slot 11
[13:42:43.487] [SEVERE ] player 4 placing token on slot 3
[13:42:43.495] [SEVERE ] setting player 2 freeze to 0
[13:42:43.495] [SEVERE ] setting player 2 freeze to 0
[13:42:43.496] [SEVERE ] setting player 2 freeze to 0
[13:42:43.496] [SEVERE ] setting player 2 freeze to 0
[13:42:43.497] [SEVERE ] removing player 2 token from slot 5
[13:42:43.505] [SEVERE ] setting player 4 freeze to 0
[13:42:43.510] [SEVERE ] player 2 placing token on slot 1
[13:42:43.511] [SEVERE ] setting player 4 freeze to 0
[13:42:43.512] [SEVERE ] setting player 4 freeze to 0
[13:42:43.512] [SEVERE ] setting player 4 freeze to 0
[13:42:43.513] [SEVERE ] removing player 4 token from slot 1
[13:42:43.513] [SEVERE ] player 4 placing token on slot 9
[13:42:43.515] [SEVERE ] setting player 2 freeze to 0
[13:42:43.516] [SEVERE ] setting player 2 freeze to 0
[13:42:43.516] [SEVERE ] setting player 2 freeze to 0
[13:42:43.517] [SEVERE ] setting player 2 freeze to 0
[13:42:43.517] [SEVERE ] removing player 2 token from slot 11
[13:42:43.517] [SEVERE ] removing player 2 token from slot 1
[13:42:43.518] [SEVERE ] player 2 placing token on slot 3
[13:42:43.518] [SEVERE ] player 2 placing token on slot 9
[13:42:43.526] [SEVERE ] setting player 4 freeze to 0
[13:42:43.526] [SEVERE ] setting player 4 freeze to 0
[13:42:43.526] [SEVERE ] setting player 4 freeze to 0
[13:42:43.527] [SEVERE ] setting player 4 freeze to 0
[13:42:43.527] [SEVERE ] removing player 4 token from slot 3
[13:42:43.527] [SEVERE ] player 4 placing token on slot 4
[13:42:43.536] [SEVERE ] setting player 2 freeze to 0
[13:42:43.536] [SEVERE ] setting player 2 freeze to 0
[13:42:43.536] [SEVERE ] setting player 2 freeze to 0
[13:42:43.537] [SEVERE ] setting player 2 freeze to 0
[13:42:43.537] [SEVERE ] removing player 2 token from slot 4
[13:42:43.538] [SEVERE ] player 2 placing token on slot 6
[13:42:43.546] [SEVERE ] setting player 4 freeze to 0
[13:42:43.546] [SEVERE ] setting player 4 freeze to 0
[13:42:43.547] [SEVERE ] setting player 4 freeze to 0
[13:42:43.547] [SEVERE ] setting player 4 freeze to 0
[13:42:43.548] [SEVERE ] removing player 4 token from slot 9
[13:42:43.548] [SEVERE ] player 4 placing token on slot 1
[13:42:43.556] [SEVERE ] setting player 2 freeze to 0
[13:42:43.556] [SEVERE ] setting player 2 freeze to 0
[13:42:43.557] [SEVERE ] setting player 2 freeze to 0
[13:42:43.557] [SEVERE ] setting player 2 freeze to 0
[13:42:43.557] [SEVERE ] removing player 2 token from slot 9
[13:42:43.558] [SEVERE ] player 2 placing token on slot 2
[13:42:43.566] [SEVERE ] setting player 4 freeze to 0
[13:42:43.566] [SEVERE ] setting player 4 freeze to 0
[13:42:43.567] [SEVERE ] setting player 4 freeze to 0
[13:42:43.567] [SEVERE ] setting player 4 freeze to 0
[13:42:43.568] [SEVERE ] removing player 4 token from slot 1
[13:42:43.568] [SEVERE ] player 4 placing token on slot 9
[13:42:43.576] [SEVERE ] setting player 2 freeze to 0
[13:42:43.576] [SEVERE ] setting player 2 freeze to 0
[13:42:43.577] [SEVERE ] setting player 2 freeze to 0
[13:42:43.577] [SEVERE ] setting player 2 freeze to 0
[13:42:43.578] [SEVERE ] removing player 2 token from slot 6
[13:42:43.578] [SEVERE ] player 2 placing token on slot 0
[13:42:43.587] [SEVERE ] setting player 4 freeze to 0
[13:42:43.587] [SEVERE ] setting player 4 freeze to 0
[13:42:43.587] [SEVERE ] setting player 4 freeze to 0
[13:42:43.588] [SEVERE ] setting player 4 freeze to 0
[13:42:43.588] [SEVERE ] removing player 4 token from slot 7
[13:42:43.588] [SEVERE ] player 4 placing token on slot 5
[13:42:43.597] [SEVERE ] setting player 2 freeze to 0
[13:42:43.597] [SEVERE ] setting player 2 freeze to 0
[13:42:43.597] [SEVERE ] setting player 2 freeze to 0
[13:42:43.598] [SEVERE ] setting player 2 freeze to 0
[13:42:43.598] [SEVERE ] removing player 2 token from slot 3
[13:42:43.599] [SEVERE ] player 2 placing token on slot 6
[13:42:43.607] [SEVERE ] setting player 4 freeze to 0
[13:42:43.607] [SEVERE ] setting player 4 freeze to 0
[13:42:43.607] [SEVERE ] setting player 4 freeze to 0
[13:42:43.608] [SEVERE ] setting player 4 freeze to 0
[13:42:43.608] [SEVERE ] removing player 4 token from slot 4
[13:42:43.609] [SEVERE ] player 4 placing token on slot 6
[13:42:43.617] [SEVERE ] setting player 2 freeze to 0
[13:42:43.617] [SEVERE ] setting player 2 freeze to 0
[13:42:43.618] [SEVERE ] setting player 2 freeze to 0
[13:42:43.618] [SEVERE ] setting player 2 freeze to 0
[13:42:43.619] [SEVERE ] removing player 2 token from slot 6
[13:42:43.619] [SEVERE ] player 2 placing token on slot 7
[13:42:43.627] [SEVERE ] setting player 4 freeze to 0
[13:42:43.627] [SEVERE ] setting player 4 freeze to 0
[13:42:43.628] [SEVERE ] setting player 4 freeze to 0
[13:42:43.628] [SEVERE ] setting player 4 freeze to 0
[13:42:43.629] [SEVERE ] removing player 4 token from slot 9
[13:42:43.629] [SEVERE ] player 4 placing token on slot 8
[13:42:43.638] [SEVERE ] setting player 2 freeze to 0
[13:42:43.638] [SEVERE ] setting player 2 freeze to 0
[13:42:43.638] [SEVERE ] setting player 2 freeze to 0
[13:42:43.638] [SEVERE ] setting player 2 freeze to 0
[13:42:43.639] [SEVERE ] removing player 2 token from slot 7
[13:42:43.639] [SEVERE ] player 2 placing token on slot 6
[13:42:43.648] [SEVERE ] setting player 4 freeze to 0
[13:42:43.648] [SEVERE ] setting player 4 freeze to 0
[13:42:43.648] [SEVERE ] setting player 4 freeze to 0
[13:42:43.648] [SEVERE ] setting player 4 freeze to 0
[13:42:43.649] [SEVERE ] removing player 4 token from slot 6
[13:42:43.649] [SEVERE ] player 4 placing token on slot 0
[13:42:43.658] [SEVERE ] setting player 2 freeze to 0
[13:42:43.658] [SEVERE ] setting player 2 freeze to 0
[13:42:43.658] [SEVERE ] setting player 2 freeze to 0
[13:42:43.659] [SEVERE ] setting player 2 freeze to 0
[13:42:43.659] [SEVERE ] removing player 2 token from slot 2
[13:42:43.660] [SEVERE ] player 2 placing token on slot 10
[13:42:43.668] [SEVERE ] setting player 4 freeze to 0
[13:42:43.668] [SEVERE ] setting player 4 freeze to 0
[13:42:43.669] [SEVERE ] setting player 4 freeze to 0
[13:42:43.669] [SEVERE ] setting player 4 freeze to 0
[13:42:43.670] [SEVERE ] removing player 4 token from slot 8
[13:42:43.670] [SEVERE ] player 4 placing token on slot 11
[13:42:43.678] [SEVERE ] setting player 2 freeze to 0
[13:42:43.678] [SEVERE ] setting player 2 freeze to 0
[13:42:43.679] [SEVERE ] setting player 2 freeze to 0
[13:42:43.679] [SEVERE ] setting player 2 freeze to 0
[13:42:43.680] [SEVERE ] removing player 2 token from slot 6
[13:42:43.680] [SEVERE ] player 2 placing token on slot 2
[13:42:43.688] [SEVERE ] setting player 4 freeze to 0
[13:42:43.689] [SEVERE ] setting player 4 freeze to 0
[13:42:43.689] [SEVERE ] setting player 4 freeze to 0
[13:42:43.689] [SEVERE ] setting player 4 freeze to 0
[13:42:43.690] [SEVERE ] removing player 4 token from slot 11
[13:42:43.690] [SEVERE ] player 4 placing token on slot 3
[13:42:43.699] [SEVERE ] setting player 2 freeze to 0
[13:42:43.699] [SEVERE ] setting player 2 freeze to 0
[13:42:43.699] [SEVERE ] setting player 2 freeze to 0
[13:42:43.699] [SEVERE ] setting player 2 freeze to 0
[13:42:43.700] [SEVERE ] removing player 2 token from slot 10
[13:42:43.700] [SEVERE ] player 2 placing token on slot 7
[13:42:43.709] [SEVERE ] setting player 4 freeze to 0
[13:42:43.709] [SEVERE ] setting player 4 freeze to 0
[13:42:43.709] [SEVERE ] setting player 4 freeze to 0
[13:42:43.710] [SEVERE ] setting player 4 freeze to 0
[13:42:43.710] [SEVERE ] removing player 4 token from slot 5
[13:42:43.711] [SEVERE ] player 4 placing token on slot 6
[13:42:43.719] [SEVERE ] setting player 2 freeze to 0
[13:42:43.719] [SEVERE ] setting player 2 freeze to 0
[13:42:43.720] [SEVERE ] setting player 2 freeze to 0
[13:42:43.720] [SEVERE ] setting player 2 freeze to 0
[13:42:43.729] [SEVERE ] setting player 4 freeze to 0
[13:42:43.734] [SEVERE ] removing player 2 token from slot 0
[13:42:43.735] [SEVERE ] setting player 4 freeze to 0
[13:42:43.735] [SEVERE ] player 2 placing token on slot 0
[13:42:43.736] [SEVERE ] setting player 4 freeze to 0
[13:42:43.736] [SEVERE ] setting player 4 freeze to 0
[13:42:43.737] [SEVERE ] removing player 4 token from slot 6
[13:42:43.737] [SEVERE ] removing player 4 token from slot 3
[13:42:43.738] [SEVERE ] player 4 placing token on slot 2
[13:42:43.738] [SEVERE ] player 4 placing token on slot 4
[13:42:43.739] [SEVERE ] setting player 2 freeze to 0
[13:42:43.739] [SEVERE ] setting player 2 freeze to 0
[13:42:43.740] [SEVERE ] setting player 2 freeze to 0
[13:42:43.740] [SEVERE ] setting player 2 freeze to 0
[13:42:43.740] [SEVERE ] removing player 2 token from slot 0
[13:42:43.741] [SEVERE ] removing player 2 token from slot 2
[13:42:43.741] [SEVERE ] player 2 placing token on slot 10
[13:42:43.742] [SEVERE ] player 2 placing token on slot 11
[13:42:43.750] [SEVERE ] setting player 4 freeze to 0
[13:42:43.750] [SEVERE ] setting player 4 freeze to 0
[13:42:43.750] [SEVERE ] setting player 4 freeze to 0
[13:42:43.750] [SEVERE ] setting player 4 freeze to 0
[13:42:43.751] [SEVERE ] removing player 4 token from slot 4
[13:42:43.751] [SEVERE ] player 4 placing token on slot 7
[13:42:43.760] [SEVERE ] setting player 2 freeze to 0
[13:42:43.760] [SEVERE ] setting player 2 freeze to 0
[13:42:43.760] [SEVERE ] setting player 2 freeze to 0
[13:42:43.761] [SEVERE ] setting player 2 freeze to 0
[13:42:43.761] [SEVERE ] removing player 2 token from slot 7
[13:42:43.762] [SEVERE ] player 2 placing token on slot 4
[13:42:43.770] [SEVERE ] setting player 4 freeze to 0
[13:42:43.770] [SEVERE ] setting player 4 freeze to 0
[13:42:43.770] [SEVERE ] setting player 4 freeze to 0
[13:42:43.771] [SEVERE ] setting player 4 freeze to 0
[13:42:43.771] [SEVERE ] removing player 4 token from slot 0
[13:42:43.772] [SEVERE ] player 4 placing token on slot 3
[13:42:43.780] [SEVERE ] setting player 2 freeze to 0
[13:42:43.791] [SEVERE ] setting player 2 freeze to 0
[13:42:43.791] [SEVERE ] setting player 2 freeze to 0
[13:42:43.792] [SEVERE ] setting player 2 freeze to 0
[13:42:43.802] [SEVERE ] setting player 4 freeze to 0
[13:42:43.802] [SEVERE ] setting player 4 freeze to 0
[13:42:43.803] [SEVERE ] setting player 4 freeze to 0
[13:42:43.803] [SEVERE ] setting player 4 freeze to 0
[13:42:43.804] [SEVERE ] removing player 4 token from slot 2
[13:42:43.804] [SEVERE ] removing player 4 token from slot 7
[13:42:43.805] [SEVERE ] player 4 placing token on slot 1
[13:42:43.805] [SEVERE ] removing player 4 token from slot 1
[13:42:43.805] [SEVERE ] player 4 placing token on slot 10
[13:42:43.806] [SEVERE ] player 4 placing token on slot 9
[13:42:43.813] [SEVERE ] setting player 4 freeze to 0
[13:42:43.813] [SEVERE ] setting player 4 freeze to 0
[13:42:43.813] [SEVERE ] setting player 4 freeze to 0
[13:42:43.813] [SEVERE ] setting player 4 freeze to 0
[13:42:43.814] [SEVERE ] removing player 4 token from slot 10
[13:42:43.814] [SEVERE ] player 4 placing token on slot 0
[13:42:43.823] [SEVERE ] setting player 4 freeze to 0
[13:42:43.823] [SEVERE ] setting player 4 freeze to 0
[13:42:43.823] [SEVERE ] setting player 4 freeze to 0
[13:42:43.823] [SEVERE ] setting player 4 freeze to 0
[13:42:43.824] [SEVERE ] removing player 4 token from slot 9
[13:42:43.824] [SEVERE ] player 4 placing token on slot 1
[13:42:43.833] [SEVERE ] updating countdown to 5000
[13:42:43.833] [SEVERE ] setting player 4 score to 1
[13:42:43.833] [SEVERE ] removing player 4 token from slot 0
[13:42:43.833] [SEVERE ] setting player 4 freeze to 0
[13:42:43.834] [SEVERE ] setting player 4 freeze to 0
[13:42:43.835] [SEVERE ] removing player 4 token from slot 3
[13:42:43.835] [SEVERE ] player 4 placing token on slot 3
