[17:56:47.763] [INFO   ] thread main starting.
[17:56:47.772] [SEVERE ] cannot read configuration file config.properties trying from resources.
[17:56:47.773] [SEVERE ] configuration file was loaded from resources directory.
[17:56:48.495] [INFO   ] thread dealer starting.
[17:56:48.496] [INFO   ] Thread dealer starting.
[17:56:48.602] [SEVERE ] placing card 8 in slot 0
[17:56:48.702] [SEVERE ] placing card 66 in slot 1
[17:56:48.803] [SEVERE ] placing card 9 in slot 2
[17:56:48.904] [SEVERE ] placing card 27 in slot 3
[17:56:49.005] [SEVERE ] placing card 53 in slot 4
[17:56:49.105] [SEVERE ] placing card 72 in slot 5
[17:56:49.206] [SEVERE ] placing card 49 in slot 6
[17:56:49.306] [SEVERE ] placing card 22 in slot 7
[17:56:49.407] [SEVERE ] placing card 14 in slot 8
[17:56:49.509] [SEVERE ] placing card 71 in slot 9
[17:56:49.610] [SEVERE ] placing card 61 in slot 10
[17:56:49.710] [SEVERE ] placing card 45 in slot 11
[17:56:49.712] [INFO   ] Thread Thread-1starting.
[17:56:49.712] [SEVERE ] updating countdown to 15000
[17:56:49.712] [INFO   ] Thread Thread-2starting.
[17:56:49.714] [INFO   ] Thread computer-0 starting.
[17:56:49.712] [INFO   ] Thread Thread-3starting.
[17:56:49.716] [SEVERE ] player 1 placing token on slot 1
[17:56:49.713] [INFO   ] Thread Thread-4starting.
[17:56:49.717] [SEVERE ] player 1 placing token on slot 7
[17:56:49.718] [SEVERE ] player 1 placing token on slot 6
[17:56:49.724] [INFO   ] Thread computer-3 starting.
[17:56:49.726] [SEVERE ] player 4 placing token on slot 10
[17:56:49.726] [SEVERE ] player 4 placing token on slot 6
[17:56:49.727] [SEVERE ] player 4 placing token on slot 4
[17:56:49.725] [INFO   ] Thread computer-1 starting.
[17:56:49.728] [SEVERE ] player 2 placing token on slot 1
[17:56:49.729] [SEVERE ] removing player 2 token from slot 1
[17:56:49.729] [SEVERE ] player 2 placing token on slot 11
[17:56:49.730] [SEVERE ] player 2 placing token on slot 2
[17:56:49.730] [SEVERE ] removing player 2 token from slot 2
[17:56:49.730] [SEVERE ] removing player 2 token from slot 11
[17:56:49.731] [SEVERE ] player 2 placing token on slot 1
[17:56:49.732] [SEVERE ] removing player 2 token from slot 1
[17:56:49.733] [SEVERE ] player 2 placing token on slot 6
[17:56:49.733] [SEVERE ] player 2 placing token on slot 4
[17:56:49.733] [SEVERE ] player 2 placing token on slot 2
[17:56:49.737] [INFO   ] Thread computer-2 starting.
[17:56:49.737] [SEVERE ] player 3 placing token on slot 4
[17:56:49.737] [SEVERE ] player 3 placing token on slot 8
[17:56:49.738] [SEVERE ] player 3 placing token on slot 9
[17:56:50.715] [SEVERE ] updating countdown to 13997
[17:56:50.715] [SEVERE ] setting player 1 freeze to 3000
[17:56:51.715] [SEVERE ] updating countdown to 12997
[17:56:51.715] [SEVERE ] setting player 4 freeze to 3000
[17:56:51.717] [SEVERE ] setting player 1 freeze to 2000
[17:56:52.716] [SEVERE ] updating countdown to 11996
[17:56:52.716] [SEVERE ] setting player 2 freeze to 3000
[17:56:52.718] [SEVERE ] setting player 1 freeze to 1000
[17:56:52.717] [SEVERE ] setting player 4 freeze to 2000
[17:56:53.716] [SEVERE ] updating countdown to 10996
[17:56:53.716] [SEVERE ] setting player 3 freeze to 3000
[17:56:53.721] [SEVERE ] setting player 2 freeze to 2000
[17:56:53.722] [SEVERE ] setting player 1 freeze to 0
[17:56:53.723] [SEVERE ] removing player 1 token from slot 1
[17:56:53.723] [SEVERE ] player 1 placing token on slot 9
[17:56:53.723] [SEVERE ] setting player 4 freeze to 1000
[17:56:54.716] [SEVERE ] updating countdown to 9996
[17:56:54.716] [SEVERE ] setting player 1 freeze to 3000
[17:56:54.722] [SEVERE ] setting player 2 freeze to 1000
[17:56:54.723] [SEVERE ] setting player 3 freeze to 2000
[17:56:54.732] [SEVERE ] setting player 4 freeze to 0
[17:56:54.734] [SEVERE ] removing player 4 token from slot 10
[17:56:54.734] [SEVERE ] player 4 placing token on slot 1
[17:56:55.717] [SEVERE ] updating countdown to 8995
[17:56:55.717] [SEVERE ] setting player 4 freeze to 3000
[17:56:55.717] [SEVERE ] setting player 1 freeze to 2000
[17:56:55.723] [SEVERE ] setting player 2 freeze to 0
[17:56:55.723] [SEVERE ] removing player 2 token from slot 2
[17:56:55.723] [SEVERE ] player 2 placing token on slot 11
[17:56:55.726] [SEVERE ] setting player 3 freeze to 1000
[17:56:56.718] [SEVERE ] updating countdown to 15000
[17:56:56.718] [SEVERE ] removing player 2 token from slot 6
[17:56:56.719] [SEVERE ] setting player 1 freeze to 1000
[17:56:56.720] [SEVERE ] removing player 2 token from slot 6
[17:56:56.720] [SEVERE ] removing player 2 token from slot 6
[17:56:56.719] [SEVERE ] setting player 4 freeze to 2000
[17:56:56.718] [SEVERE ] removing player 2 token from slot 4
[17:56:56.727] [SEVERE ] setting player 3 freeze to 0
[17:56:56.728] [SEVERE ] removing player 3 token from slot 8
[17:56:56.728] [SEVERE ] player 3 placing token on slot 8
[17:56:56.820] [SEVERE ] removing card from slot 4
[17:56:56.821] [SEVERE ] removing player 2 token from slot 6
[17:56:56.921] [SEVERE ] removing card from slot 6
[17:56:56.922] [SEVERE ] removing player 2 token from slot 11
[17:56:57.022] [SEVERE ] removing card from slot 11
[17:56:57.022] [SEVERE ] removing player 2 token from slot 4
[17:56:57.024] [SEVERE ] removing player 3 token from slot 4
[17:56:57.024] [SEVERE ] removing player 4 token from slot 4
[17:56:57.024] [SEVERE ] removing player 1 token from slot 6
[17:56:57.024] [SEVERE ] removing player 2 token from slot 6
[17:56:57.024] [SEVERE ] removing player 4 token from slot 6
[17:56:57.024] [SEVERE ] removing player 2 token from slot 11
[17:56:57.125] [SEVERE ] placing card 73 in slot 4
[17:56:57.226] [SEVERE ] placing card 76 in slot 6
[17:56:57.326] [SEVERE ] placing card 62 in slot 11
[17:56:57.720] [SEVERE ] setting player 1 freeze to 0
[17:56:57.720] [SEVERE ] setting player 2 score to 1
[17:56:57.720] [SEVERE ] removing player 1 token from slot 6
[17:56:57.720] [SEVERE ] setting player 2 freeze to 1000
[17:56:57.720] [SEVERE ] setting player 2 freeze to 0
[17:56:57.722] [SEVERE ] player 2 placing token on slot 10
[17:56:57.722] [SEVERE ] player 2 placing token on slot 7
[17:56:57.722] [SEVERE ] player 2 placing token on slot 11
[17:56:57.720] [SEVERE ] player 1 placing token on slot 3
[17:56:57.720] [SEVERE ] setting player 4 freeze to 1000
[17:56:58.327] [SEVERE ] updating countdown to 6385
[17:56:58.327] [SEVERE ] setting player 3 freeze to 3000
[17:56:58.726] [SEVERE ] setting player 4 freeze to 0
[17:56:58.726] [SEVERE ] removing player 4 token from slot 1
[17:56:58.726] [SEVERE ] removing player 4 token from slot 4
[17:56:58.726] [SEVERE ] player 4 placing token on slot 11
[17:56:58.726] [SEVERE ] removing player 4 token from slot 6
[17:56:58.726] [SEVERE ] player 4 placing token on slot 9
[17:56:58.726] [SEVERE ] player 4 placing token on slot 6
[17:56:59.327] [SEVERE ] updating countdown to 5385
[17:56:59.327] [SEVERE ] setting player 2 freeze to 3000
[17:56:59.329] [SEVERE ] setting player 3 freeze to 2000
[17:57:00.328] [SEVERE ] updating countdown to 15000
[17:57:00.328] [SEVERE ] removing player 1 token from slot 3
[17:57:00.329] [SEVERE ] setting player 2 freeze to 2000
[17:57:00.328] [SEVERE ] removing player 1 token from slot 7
[17:57:00.330] [SEVERE ] setting player 3 freeze to 1000
[17:57:00.331] [SEVERE ] removing player 1 token from slot 7
[17:57:00.331] [SEVERE ] removing player 1 token from slot 7
[17:57:00.430] [SEVERE ] removing card from slot 3
[17:57:00.430] [SEVERE ] removing player 1 token from slot 7
[17:57:00.531] [SEVERE ] removing card from slot 7
[17:57:00.531] [SEVERE ] removing player 1 token from slot 9
[17:57:00.632] [SEVERE ] removing card from slot 9
[17:57:00.632] [SEVERE ] removing player 1 token from slot 3
[17:57:00.632] [SEVERE ] removing player 1 token from slot 7
[17:57:00.632] [SEVERE ] removing player 2 token from slot 7
[17:57:00.633] [SEVERE ] removing player 1 token from slot 9
[17:57:00.633] [SEVERE ] removing player 3 token from slot 9
[17:57:00.633] [SEVERE ] removing player 4 token from slot 9
[17:57:00.733] [SEVERE ] placing card 52 in slot 3
[17:57:00.833] [SEVERE ] placing card 34 in slot 7
[17:57:00.934] [SEVERE ] placing card 64 in slot 9
[17:57:00.944] [SEVERE ] setting player 4 freeze to 3000
[17:57:01.330] [SEVERE ] setting player 2 freeze to 1000
[17:57:01.331] [SEVERE ] setting player 3 freeze to 0
[17:57:01.332] [SEVERE ] removing player 3 token from slot 4
[17:57:01.332] [SEVERE ] player 3 placing token on slot 3
[17:57:01.332] [SEVERE ] setting player 1 score to 1
[17:57:01.332] [SEVERE ] setting player 1 freeze to 1000
[17:57:01.332] [SEVERE ] setting player 1 freeze to 0
[17:57:01.333] [SEVERE ] player 1 placing token on slot 3
[17:57:01.334] [SEVERE ] player 1 placing token on slot 5
[17:57:01.334] [SEVERE ] removing player 1 token from slot 3
[17:57:01.334] [SEVERE ] player 1 placing token on slot 2
[17:57:01.334] [SEVERE ] player 1 placing token on slot 6
[17:57:01.334] [SEVERE ] setting player 3 freeze to 3000
[17:57:01.344] [SEVERE ] setting player 1 freeze to 3000
[17:57:01.944] [SEVERE ] setting player 4 freeze to 2000
[17:57:02.331] [SEVERE ] setting player 2 freeze to 0
[17:57:02.331] [SEVERE ] removing player 2 token from slot 11
[17:57:02.331] [SEVERE ] player 2 placing token on slot 1
[17:57:02.334] [SEVERE ] setting player 3 freeze to 2000
[17:57:02.335] [SEVERE ] setting player 2 freeze to 3000
[17:57:02.345] [SEVERE ] setting player 1 freeze to 2000
[17:57:02.945] [SEVERE ] setting player 4 freeze to 1000
[17:57:03.334] [SEVERE ] setting player 3 freeze to 1000
[17:57:03.337] [SEVERE ] setting player 2 freeze to 2000
[17:57:03.345] [SEVERE ] setting player 1 freeze to 1000
[17:57:03.945] [SEVERE ] setting player 4 freeze to 0
[17:57:03.945] [SEVERE ] removing player 4 token from slot 11
[17:57:03.946] [SEVERE ] player 4 placing token on slot 11
[17:57:03.952] [SEVERE ] setting player 4 freeze to 3000
[17:57:04.335] [SEVERE ] setting player 3 freeze to 0
[17:57:04.335] [SEVERE ] removing player 3 token from slot 9
[17:57:04.335] [SEVERE ] player 3 placing token on slot 5
[17:57:04.337] [SEVERE ] setting player 2 freeze to 1000
[17:57:04.341] [SEVERE ] setting player 3 freeze to 3000
[17:57:04.345] [SEVERE ] setting player 1 freeze to 0
[17:57:04.346] [SEVERE ] removing player 1 token from slot 6
[17:57:04.346] [SEVERE ] player 1 placing token on slot 9
[17:57:04.352] [SEVERE ] setting player 1 freeze to 3000
[17:57:04.719] [SEVERE ] updating countdown to 15000
[17:57:04.719] [SEVERE ] updating countdown to 15000
[17:57:04.820] [SEVERE ] removing card from slot 0
[17:57:04.920] [SEVERE ] removing card from slot 1
[17:57:04.952] [SEVERE ] setting player 4 freeze to 2000
[17:57:05.021] [SEVERE ] removing card from slot 2
[17:57:05.121] [SEVERE ] removing card from slot 3
[17:57:05.221] [SEVERE ] removing card from slot 4
[17:57:05.321] [SEVERE ] removing card from slot 5
[17:57:05.338] [SEVERE ] setting player 2 freeze to 0
[17:57:05.338] [SEVERE ] removing player 2 token from slot 1
[17:57:05.338] [SEVERE ] player 2 placing token on slot 9
[17:57:05.342] [SEVERE ] setting player 3 freeze to 2000
[17:57:05.352] [SEVERE ] setting player 1 freeze to 2000
[17:57:05.422] [SEVERE ] removing card from slot 6
[17:57:05.522] [SEVERE ] removing card from slot 7
[17:57:05.622] [SEVERE ] removing card from slot 8
[17:57:05.722] [SEVERE ] removing card from slot 9
[17:57:05.823] [SEVERE ] removing card from slot 10
[17:57:05.923] [SEVERE ] removing card from slot 11
[17:57:05.923] [SEVERE ] removing all tokens
[17:57:05.953] [SEVERE ] setting player 4 freeze to 1000
[17:57:06.024] [SEVERE ] placing card 67 in slot 0
[17:57:06.124] [SEVERE ] placing card 44 in slot 1
[17:57:06.225] [SEVERE ] placing card 12 in slot 2
[17:57:06.325] [SEVERE ] placing card 5 in slot 3
[17:57:06.342] [SEVERE ] setting player 3 freeze to 1000
[17:57:06.352] [SEVERE ] setting player 1 freeze to 1000
[17:57:06.425] [SEVERE ] placing card 54 in slot 4
[17:57:06.525] [SEVERE ] placing card 19 in slot 5
[17:57:06.626] [SEVERE ] placing card 37 in slot 6
[17:57:06.726] [SEVERE ] placing card 21 in slot 7
[17:57:06.826] [SEVERE ] placing card 78 in slot 8
[17:57:06.927] [SEVERE ] placing card 77 in slot 9
[17:57:06.953] [SEVERE ] setting player 4 freeze to 0
[17:57:06.953] [SEVERE ] player 4 placing token on slot 3
[17:57:06.953] [SEVERE ] player 4 placing token on slot 10
[17:57:06.953] [SEVERE ] player 4 placing token on slot 4
[17:57:07.027] [SEVERE ] placing card 75 in slot 10
[17:57:07.127] [SEVERE ] placing card 11 in slot 11
[17:57:07.127] [SEVERE ] player 1 placing token on slot 4
[17:57:07.128] [SEVERE ] player 3 placing token on slot 1
[17:57:07.128] [SEVERE ] removing player 3 token from slot 1
[17:57:07.129] [SEVERE ] player 3 placing token on slot 11
[17:57:07.129] [SEVERE ] player 3 placing token on slot 5
[17:57:07.130] [SEVERE ] player 3 placing token on slot 3
[17:57:07.128] [INFO   ] Thread Thread-5starting.
[17:57:07.128] [INFO   ] Thread Thread-8starting.
[17:57:07.128] [INFO   ] Thread Thread-7starting.
[17:57:07.128] [SEVERE ] updating countdown to 15000
[17:57:07.128] [SEVERE ] player 1 placing token on slot 5
[17:57:07.128] [INFO   ] Thread Thread-6starting.
[17:57:07.133] [INFO   ] Thread computer-0 starting.
[17:57:07.133] [SEVERE ] player 1 placing token on slot 10
[17:57:07.134] [SEVERE ] removing player 1 token from slot 4
[17:57:07.134] [SEVERE ] player 1 placing token on slot 6
[17:57:07.141] [INFO   ] Thread computer-2 starting.
[17:57:07.141] [SEVERE ] removing player 3 token from slot 5
[17:57:07.142] [SEVERE ] player 3 placing token on slot 5
[17:57:07.151] [INFO   ] Thread computer-3 starting.
[17:57:07.151] [SEVERE ] removing player 4 token from slot 3
[17:57:07.162] [INFO   ] Thread computer-1 starting.
[17:57:07.169] [SEVERE ] player 4 placing token on slot 6
[17:57:07.169] [SEVERE ] player 2 placing token on slot 2
[17:57:07.170] [SEVERE ] player 2 placing token on slot 4
[17:57:07.171] [SEVERE ] player 2 placing token on slot 1
[17:57:07.342] [SEVERE ] setting player 3 freeze to 0
[17:57:07.352] [SEVERE ] setting player 1 freeze to 0
[17:57:08.132] [SEVERE ] updating countdown to 13996
[17:57:08.133] [SEVERE ] setting player 2 freeze to 3000
[17:57:08.137] [SEVERE ] setting player 2 freeze to 3000
[17:57:09.133] [SEVERE ] updating countdown to 12995
[17:57:09.133] [SEVERE ] setting player 4 freeze to 3000
[17:57:09.133] [SEVERE ] setting player 4 freeze to 3000
[17:57:09.137] [SEVERE ] setting player 2 freeze to 2000
[17:57:09.133] [SEVERE ] setting player 2 freeze to 2000
