[22:31:58.754] [INFO   ] thread main starting.
[22:31:58.760] [SEVERE ] cannot read configuration file config.properties trying from resources.
[22:31:58.762] [SEVERE ] configuration file was loaded from resources directory.
[22:31:59.212] [INFO   ] thread dealer starting.
[22:31:59.213] [INFO   ] Thread dealer starting.
[22:31:59.323] [SEVERE ] placing card 59 in slot 0
[22:31:59.423] [SEVERE ] placing card 0 in slot 1
[22:31:59.524] [SEVERE ] placing card 9 in slot 2
[22:31:59.625] [SEVERE ] placing card 67 in slot 3
[22:31:59.726] [SEVERE ] placing card 30 in slot 4
[22:31:59.828] [SEVERE ] placing card 28 in slot 5
[22:31:59.929] [SEVERE ] placing card 2 in slot 6
[22:32:00.029] [SEVERE ] placing card 52 in slot 7
[22:32:00.130] [SEVERE ] placing card 70 in slot 8
[22:32:00.231] [SEVERE ] placing card 41 in slot 9
[22:32:00.332] [SEVERE ] placing card 65 in slot 10
[22:32:00.434] [SEVERE ] placing card 46 in slot 11
[22:32:00.434] [INFO   ] Thread Thread-1starting.
[22:32:00.434] [INFO   ] Thread Thread-2starting.
[22:32:00.435] [INFO   ] Thread Thread-3starting.
[22:32:00.435] [INFO   ] Thread computer-0 starting.
[22:32:00.435] [INFO   ] Thread Thread-4starting.
[22:32:00.435] [SEVERE ] updating countdown to 5000
[22:32:00.441] [INFO   ] Thread computer-2 starting.
[22:32:00.441] [SEVERE ] player 3 placing token on slot 1
[22:32:00.442] [SEVERE ] player 3 placing token on slot 8
[22:32:00.442] [SEVERE ] player 3 placing token on slot 7
[22:32:00.445] [INFO   ] Thread computer-3 starting.
[22:32:00.445] [SEVERE ] player 4 placing token on slot 1
[22:32:00.445] [SEVERE ] player 4 placing token on slot 10
[22:32:00.446] [SEVERE ] player 4 placing token on slot 4
[22:32:00.440] [SEVERE ] player 1 placing token on slot 5
[22:32:00.452] [SEVERE ] setting player 3 freeze to 0
[22:32:00.449] [INFO   ] Thread computer-1 starting.
[22:32:00.457] [SEVERE ] setting player 3 freeze to 0
[22:32:00.457] [SEVERE ] player 1 placing token on slot 4
[22:32:00.458] [SEVERE ] setting player 3 freeze to 0
[22:32:00.459] [SEVERE ] setting player 3 freeze to 0
[22:32:00.458] [SEVERE ] player 2 placing token on slot 4
[22:32:00.460] [SEVERE ] removing player 3 token from slot 7
[22:32:00.459] [SEVERE ] player 1 placing token on slot 9
[22:32:00.461] [SEVERE ] player 3 placing token on slot 7
[22:32:00.460] [SEVERE ] player 2 placing token on slot 2
[22:32:00.462] [SEVERE ] player 2 placing token on slot 10
[22:32:00.469] [SEVERE ] setting player 4 freeze to 0
[22:32:00.473] [SEVERE ] setting player 1 freeze to 0
[22:32:00.473] [SEVERE ] setting player 1 freeze to 0
[22:32:00.474] [SEVERE ] setting player 1 freeze to 0
[22:32:00.474] [SEVERE ] setting player 1 freeze to 0
[22:32:00.475] [SEVERE ] removing player 1 token from slot 4
[22:32:00.475] [SEVERE ] setting player 4 freeze to 0
[22:32:00.475] [SEVERE ] removing player 1 token from slot 9
[22:32:00.476] [SEVERE ] setting player 4 freeze to 0
[22:32:00.476] [SEVERE ] player 1 placing token on slot 1
[22:32:00.477] [SEVERE ] setting player 4 freeze to 0
[22:32:00.477] [SEVERE ] player 1 placing token on slot 6
[22:32:00.477] [SEVERE ] removing player 4 token from slot 1
[22:32:00.477] [SEVERE ] player 4 placing token on slot 7
[22:32:00.483] [SEVERE ] setting player 3 freeze to 0
[22:32:00.484] [SEVERE ] setting player 3 freeze to 0
[22:32:00.485] [SEVERE ] setting player 3 freeze to 0
[22:32:00.485] [SEVERE ] setting player 3 freeze to 0
[22:32:00.486] [SEVERE ] removing player 3 token from slot 7
[22:32:00.486] [SEVERE ] player 3 placing token on slot 9
[22:32:00.493] [SEVERE ] setting player 2 freeze to 0
[22:32:00.494] [SEVERE ] setting player 2 freeze to 0
[22:32:00.494] [SEVERE ] setting player 2 freeze to 0
[22:32:00.494] [SEVERE ] setting player 2 freeze to 0
[22:32:00.494] [SEVERE ] removing player 2 token from slot 2
[22:32:00.494] [SEVERE ] player 2 placing token on slot 11
[22:32:00.504] [SEVERE ] setting player 1 freeze to 0
[22:32:00.505] [SEVERE ] setting player 1 freeze to 0
[22:32:00.505] [SEVERE ] setting player 1 freeze to 0
[22:32:00.506] [SEVERE ] setting player 1 freeze to 0
[22:32:00.506] [SEVERE ] removing player 1 token from slot 6
[22:32:00.507] [SEVERE ] player 1 placing token on slot 8
[22:32:00.515] [SEVERE ] setting player 4 freeze to 0
[22:32:00.515] [SEVERE ] setting player 4 freeze to 0
[22:32:00.518] [SEVERE ] setting player 4 freeze to 0
[22:32:00.518] [SEVERE ] setting player 4 freeze to 0
[22:32:00.518] [SEVERE ] removing player 4 token from slot 10
[22:32:00.519] [SEVERE ] player 4 placing token on slot 2
[22:32:00.525] [SEVERE ] setting player 3 freeze to 0
[22:32:00.525] [SEVERE ] setting player 3 freeze to 0
[22:32:00.526] [SEVERE ] setting player 3 freeze to 0
[22:32:00.526] [SEVERE ] setting player 3 freeze to 0
[22:32:00.527] [SEVERE ] removing player 3 token from slot 8
[22:32:00.527] [SEVERE ] player 3 placing token on slot 10
[22:32:00.536] [SEVERE ] setting player 2 freeze to 0
[22:32:00.536] [SEVERE ] setting player 2 freeze to 0
[22:32:00.536] [SEVERE ] setting player 2 freeze to 0
[22:32:00.536] [SEVERE ] setting player 2 freeze to 0
[22:32:00.536] [SEVERE ] removing player 2 token from slot 11
[22:32:00.536] [SEVERE ] removing player 2 token from slot 4
[22:32:00.537] [SEVERE ] player 2 placing token on slot 2
[22:32:00.537] [SEVERE ] removing player 2 token from slot 2
[22:32:00.538] [SEVERE ] player 2 placing token on slot 8
[22:32:00.538] [SEVERE ] removing player 2 token from slot 10
[22:32:00.538] [SEVERE ] removing player 2 token from slot 8
[22:32:00.538] [SEVERE ] player 2 placing token on slot 6
[22:32:00.538] [SEVERE ] player 2 placing token on slot 4
[22:32:00.538] [SEVERE ] player 2 placing token on slot 8
[22:32:00.547] [SEVERE ] setting player 1 freeze to 0
[22:32:00.547] [SEVERE ] setting player 1 freeze to 0
[22:32:00.548] [SEVERE ] setting player 1 freeze to 0
[22:32:00.550] [SEVERE ] setting player 1 freeze to 0
[22:32:00.551] [SEVERE ] removing player 1 token from slot 1
[22:32:00.551] [SEVERE ] player 1 placing token on slot 3
[22:32:00.557] [SEVERE ] setting player 4 freeze to 0
[22:32:00.557] [SEVERE ] setting player 4 freeze to 0
[22:32:00.557] [SEVERE ] setting player 4 freeze to 0
[22:32:00.557] [SEVERE ] setting player 4 freeze to 0
[22:32:00.558] [SEVERE ] removing player 4 token from slot 4
[22:32:00.558] [SEVERE ] removing player 4 token from slot 7
[22:32:00.558] [SEVERE ] player 4 placing token on slot 11
[22:32:00.558] [SEVERE ] player 4 placing token on slot 6
[22:32:00.569] [SEVERE ] setting player 3 freeze to 0
[22:32:00.575] [SEVERE ] setting player 3 freeze to 0
[22:32:00.575] [SEVERE ] setting player 3 freeze to 0
[22:32:00.575] [SEVERE ] setting player 3 freeze to 0
[22:32:00.575] [SEVERE ] removing player 3 token from slot 10
[22:32:00.575] [SEVERE ] player 3 placing token on slot 2
[22:32:00.579] [SEVERE ] setting player 2 freeze to 0
[22:32:00.580] [SEVERE ] setting player 2 freeze to 0
[22:32:00.580] [SEVERE ] setting player 2 freeze to 0
[22:32:00.582] [SEVERE ] setting player 2 freeze to 0
[22:32:00.585] [SEVERE ] removing player 2 token from slot 4
[22:32:00.585] [SEVERE ] removing player 2 token from slot 6
[22:32:00.585] [SEVERE ] player 2 placing token on slot 11
[22:32:00.585] [SEVERE ] player 2 placing token on slot 10
[22:32:00.590] [SEVERE ] setting player 1 freeze to 0
[22:32:00.590] [SEVERE ] setting player 1 freeze to 0
[22:32:00.591] [SEVERE ] setting player 1 freeze to 0
[22:32:00.591] [SEVERE ] setting player 1 freeze to 0
[22:32:00.592] [SEVERE ] removing player 1 token from slot 8
[22:32:00.592] [SEVERE ] removing player 1 token from slot 3
[22:32:00.593] [SEVERE ] player 1 placing token on slot 4
[22:32:00.594] [SEVERE ] player 1 placing token on slot 10
[22:32:00.600] [SEVERE ] setting player 4 freeze to 0
[22:32:00.600] [SEVERE ] setting player 4 freeze to 0
[22:32:00.601] [SEVERE ] setting player 4 freeze to 0
[22:32:00.602] [SEVERE ] setting player 4 freeze to 0
[22:32:00.603] [SEVERE ] removing player 4 token from slot 2
[22:32:00.603] [SEVERE ] player 4 placing token on slot 8
[22:32:00.610] [SEVERE ] setting player 3 freeze to 0
[22:32:00.611] [SEVERE ] setting player 3 freeze to 0
[22:32:00.611] [SEVERE ] setting player 3 freeze to 0
[22:32:00.612] [SEVERE ] setting player 3 freeze to 0
[22:32:00.612] [SEVERE ] removing player 3 token from slot 9
[22:32:00.613] [SEVERE ] player 3 placing token on slot 5
[22:32:00.621] [SEVERE ] setting player 2 freeze to 0
[22:32:00.622] [SEVERE ] setting player 2 freeze to 0
[22:32:00.623] [SEVERE ] setting player 2 freeze to 0
[22:32:00.623] [SEVERE ] setting player 2 freeze to 0
[22:32:00.624] [SEVERE ] removing player 2 token from slot 8
[22:32:00.624] [SEVERE ] player 2 placing token on slot 7
[22:32:00.635] [SEVERE ] setting player 1 freeze to 0
[22:32:00.635] [SEVERE ] setting player 1 freeze to 0
[22:32:00.636] [SEVERE ] setting player 1 freeze to 0
[22:32:00.636] [SEVERE ] setting player 1 freeze to 0
[22:32:00.637] [SEVERE ] removing player 1 token from slot 4
[22:32:00.637] [SEVERE ] player 1 placing token on slot 2
[22:32:00.643] [SEVERE ] setting player 4 freeze to 0
[22:32:00.643] [SEVERE ] setting player 4 freeze to 0
[22:32:00.643] [SEVERE ] setting player 4 freeze to 0
[22:32:00.646] [SEVERE ] setting player 4 freeze to 0
[22:32:00.647] [SEVERE ] removing player 4 token from slot 8
[22:32:00.647] [SEVERE ] player 4 placing token on slot 3
[22:32:00.653] [SEVERE ] setting player 3 freeze to 0
[22:32:00.654] [SEVERE ] setting player 3 freeze to 0
[22:32:00.654] [SEVERE ] setting player 3 freeze to 0
[22:32:00.654] [SEVERE ] setting player 3 freeze to 0
[22:32:00.654] [SEVERE ] removing player 3 token from slot 5
[22:32:00.654] [SEVERE ] player 3 placing token on slot 9
[22:32:00.665] [SEVERE ] setting player 2 freeze to 0
[22:32:00.665] [SEVERE ] setting player 2 freeze to 0
[22:32:00.666] [SEVERE ] setting player 2 freeze to 0
[22:32:00.667] [SEVERE ] setting player 2 freeze to 0
[22:32:00.667] [SEVERE ] removing player 2 token from slot 10
[22:32:00.667] [SEVERE ] player 2 placing token on slot 6
[22:32:00.675] [SEVERE ] setting player 1 freeze to 0
[22:32:00.676] [SEVERE ] setting player 1 freeze to 0
[22:32:00.676] [SEVERE ] setting player 1 freeze to 0
[22:32:00.676] [SEVERE ] setting player 1 freeze to 0
[22:32:00.676] [SEVERE ] removing player 1 token from slot 2
[22:32:00.676] [SEVERE ] player 1 placing token on slot 3
[22:32:00.690] [SEVERE ] setting player 4 freeze to 0
[22:32:00.690] [SEVERE ] setting player 4 freeze to 0
[22:32:00.690] [SEVERE ] setting player 4 freeze to 0
[22:32:00.691] [SEVERE ] setting player 4 freeze to 0
[22:32:00.691] [SEVERE ] removing player 4 token from slot 3
[22:32:00.692] [SEVERE ] player 4 placing token on slot 1
[22:32:00.701] [SEVERE ] setting player 3 freeze to 0
[22:32:00.704] [SEVERE ] setting player 3 freeze to 0
[22:32:00.705] [SEVERE ] setting player 3 freeze to 0
[22:32:00.705] [SEVERE ] setting player 3 freeze to 0
[22:32:00.706] [SEVERE ] removing player 3 token from slot 9
[22:32:00.706] [SEVERE ] player 3 placing token on slot 10
[22:32:00.711] [SEVERE ] setting player 2 freeze to 0
[22:32:00.711] [SEVERE ] setting player 2 freeze to 0
[22:32:00.711] [SEVERE ] setting player 2 freeze to 0
[22:32:00.712] [SEVERE ] setting player 2 freeze to 0
[22:32:00.712] [SEVERE ] removing player 2 token from slot 7
[22:32:00.712] [SEVERE ] player 2 placing token on slot 4
[22:32:00.721] [SEVERE ] setting player 1 freeze to 0
[22:32:00.722] [SEVERE ] setting player 1 freeze to 0
[22:32:00.722] [SEVERE ] setting player 1 freeze to 0
[22:32:00.722] [SEVERE ] setting player 1 freeze to 0
[22:32:00.725] [SEVERE ] removing player 1 token from slot 10
[22:32:00.725] [SEVERE ] player 1 placing token on slot 7
[22:32:00.737] [SEVERE ] setting player 4 freeze to 0
[22:32:00.742] [SEVERE ] setting player 4 freeze to 0
[22:32:00.742] [SEVERE ] setting player 3 freeze to 0
[22:32:00.742] [SEVERE ] setting player 4 freeze to 0
[22:32:00.743] [SEVERE ] setting player 3 freeze to 0
[22:32:00.745] [SEVERE ] setting player 4 freeze to 0
[22:32:00.745] [SEVERE ] removing player 4 token from slot 11
[22:32:00.745] [SEVERE ] player 4 placing token on slot 9
[22:32:00.748] [SEVERE ] setting player 3 freeze to 0
[22:32:00.750] [SEVERE ] setting player 3 freeze to 0
[22:32:00.750] [SEVERE ] removing player 3 token from slot 2
[22:32:00.750] [SEVERE ] player 3 placing token on slot 8
[22:32:00.757] [SEVERE ] setting player 2 freeze to 0
[22:32:00.759] [SEVERE ] setting player 2 freeze to 0
[22:32:00.759] [SEVERE ] setting player 2 freeze to 0
[22:32:00.759] [SEVERE ] setting player 2 freeze to 0
[22:32:00.759] [SEVERE ] removing player 2 token from slot 11
[22:32:00.760] [SEVERE ] player 2 placing token on slot 2
[22:32:00.763] [SEVERE ] setting player 1 freeze to 0
[22:32:00.763] [SEVERE ] setting player 1 freeze to 0
[22:32:00.763] [SEVERE ] setting player 1 freeze to 0
[22:32:00.764] [SEVERE ] setting player 1 freeze to 0
[22:32:00.764] [SEVERE ] removing player 1 token from slot 3
[22:32:00.765] [SEVERE ] player 1 placing token on slot 10
[22:32:00.774] [SEVERE ] setting player 4 freeze to 0
[22:32:00.775] [SEVERE ] setting player 4 freeze to 0
[22:32:00.775] [SEVERE ] setting player 4 freeze to 0
[22:32:00.775] [SEVERE ] setting player 4 freeze to 0
[22:32:00.776] [SEVERE ] removing player 4 token from slot 1
[22:32:00.776] [SEVERE ] player 4 placing token on slot 3
[22:32:00.784] [SEVERE ] setting player 3 freeze to 0
[22:32:00.786] [SEVERE ] setting player 3 freeze to 0
[22:32:00.789] [SEVERE ] setting player 3 freeze to 0
[22:32:00.789] [SEVERE ] setting player 3 freeze to 0
[22:32:00.790] [SEVERE ] removing player 3 token from slot 10
[22:32:00.790] [SEVERE ] player 3 placing token on slot 11
[22:32:00.795] [SEVERE ] setting player 2 freeze to 0
[22:32:00.795] [SEVERE ] setting player 2 freeze to 0
[22:32:00.795] [SEVERE ] setting player 2 freeze to 0
[22:32:00.796] [SEVERE ] setting player 2 freeze to 0
[22:32:00.796] [SEVERE ] removing player 2 token from slot 2
[22:32:00.796] [SEVERE ] removing player 2 token from slot 4
[22:32:00.797] [SEVERE ] player 2 placing token on slot 3
[22:32:00.800] [SEVERE ] removing player 2 token from slot 6
[22:32:00.800] [SEVERE ] player 2 placing token on slot 2
[22:32:00.801] [SEVERE ] player 2 placing token on slot 5
[22:32:00.805] [SEVERE ] setting player 1 freeze to 0
[22:32:00.806] [SEVERE ] setting player 1 freeze to 0
[22:32:00.806] [SEVERE ] setting player 1 freeze to 0
[22:32:00.806] [SEVERE ] setting player 1 freeze to 0
[22:32:00.807] [SEVERE ] removing player 1 token from slot 5
[22:32:00.807] [SEVERE ] player 1 placing token on slot 9
[22:32:00.815] [SEVERE ] setting player 4 freeze to 0
[22:32:00.816] [SEVERE ] setting player 4 freeze to 0
[22:32:00.816] [SEVERE ] setting player 4 freeze to 0
[22:32:00.816] [SEVERE ] setting player 4 freeze to 0
[22:32:00.817] [SEVERE ] removing player 4 token from slot 9
[22:32:00.818] [SEVERE ] player 4 placing token on slot 10
[22:32:00.826] [SEVERE ] setting player 3 freeze to 0
[22:32:00.826] [SEVERE ] setting player 3 freeze to 0
[22:32:00.827] [SEVERE ] setting player 3 freeze to 0
[22:32:00.827] [SEVERE ] setting player 3 freeze to 0
[22:32:00.827] [SEVERE ] removing player 3 token from slot 1
[22:32:00.828] [SEVERE ] removing player 3 token from slot 8
[22:32:00.828] [SEVERE ] removing player 3 token from slot 11
[22:32:00.829] [SEVERE ] player 3 placing token on slot 9
[22:32:00.829] [SEVERE ] player 3 placing token on slot 1
[22:32:00.830] [SEVERE ] player 3 placing token on slot 4
[22:32:00.836] [SEVERE ] setting player 2 freeze to 0
[22:32:00.836] [SEVERE ] setting player 2 freeze to 0
[22:32:00.839] [SEVERE ] setting player 2 freeze to 0
[22:32:00.839] [SEVERE ] setting player 2 freeze to 0
[22:32:00.840] [SEVERE ] removing player 2 token from slot 5
[22:32:00.840] [SEVERE ] player 2 placing token on slot 11
[22:32:00.846] [SEVERE ] setting player 1 freeze to 0
[22:32:00.847] [SEVERE ] setting player 1 freeze to 0
[22:32:00.847] [SEVERE ] setting player 1 freeze to 0
[22:32:00.848] [SEVERE ] setting player 1 freeze to 0
[22:32:00.848] [SEVERE ] removing player 1 token from slot 10
[22:32:00.849] [SEVERE ] player 1 placing token on slot 1
[22:32:00.857] [SEVERE ] setting player 4 freeze to 0
[22:32:00.857] [SEVERE ] setting player 4 freeze to 0
[22:32:00.857] [SEVERE ] setting player 4 freeze to 0
[22:32:00.857] [SEVERE ] setting player 4 freeze to 0
[22:32:00.857] [SEVERE ] removing player 4 token from slot 10
[22:32:00.857] [SEVERE ] player 4 placing token on slot 4
[22:32:00.867] [SEVERE ] setting player 3 freeze to 0
[22:32:00.867] [SEVERE ] setting player 3 freeze to 0
[22:32:00.868] [SEVERE ] setting player 3 freeze to 0
[22:32:00.868] [SEVERE ] setting player 3 freeze to 0
[22:32:00.868] [SEVERE ] removing player 3 token from slot 9
[22:32:00.869] [SEVERE ] player 3 placing token on slot 10
[22:32:00.877] [SEVERE ] setting player 2 freeze to 0
[22:32:00.877] [SEVERE ] setting player 2 freeze to 0
[22:32:00.878] [SEVERE ] setting player 2 freeze to 0
[22:32:00.878] [SEVERE ] setting player 2 freeze to 0
[22:32:00.879] [SEVERE ] removing player 2 token from slot 11
[22:32:00.879] [SEVERE ] player 2 placing token on slot 10
[22:32:00.888] [SEVERE ] setting player 1 freeze to 0
[22:32:00.888] [SEVERE ] setting player 1 freeze to 0
[22:32:00.888] [SEVERE ] setting player 1 freeze to 0
[22:32:00.889] [SEVERE ] setting player 1 freeze to 0
[22:32:00.889] [SEVERE ] removing player 1 token from slot 7
[22:32:00.890] [SEVERE ] player 1 placing token on slot 7
[22:32:00.898] [SEVERE ] setting player 4 freeze to 0
[22:32:00.898] [SEVERE ] setting player 4 freeze to 0
[22:32:00.899] [SEVERE ] setting player 4 freeze to 0
[22:32:00.899] [SEVERE ] setting player 4 freeze to 0
[22:32:00.900] [SEVERE ] removing player 4 token from slot 3
[22:32:00.900] [SEVERE ] player 4 placing token on slot 11
[22:32:00.908] [SEVERE ] setting player 3 freeze to 0
[22:32:00.908] [SEVERE ] setting player 3 freeze to 0
[22:32:00.909] [SEVERE ] setting player 3 freeze to 0
[22:32:00.909] [SEVERE ] setting player 3 freeze to 0
[22:32:00.910] [SEVERE ] removing player 3 token from slot 10
[22:32:00.911] [SEVERE ] player 3 placing token on slot 2
[22:32:00.919] [SEVERE ] setting player 2 freeze to 0
[22:32:00.919] [SEVERE ] setting player 2 freeze to 0
[22:32:00.919] [SEVERE ] setting player 2 freeze to 0
[22:32:00.920] [SEVERE ] setting player 2 freeze to 0
[22:32:00.920] [SEVERE ] removing player 2 token from slot 10
[22:32:00.921] [SEVERE ] player 2 placing token on slot 9
[22:32:00.929] [SEVERE ] setting player 1 freeze to 0
[22:32:00.929] [SEVERE ] setting player 1 freeze to 0
[22:32:00.930] [SEVERE ] setting player 1 freeze to 0
[22:32:00.930] [SEVERE ] setting player 1 freeze to 0
[22:32:00.932] [SEVERE ] removing player 1 token from slot 1
[22:32:00.932] [SEVERE ] player 1 placing token on slot 8
[22:32:00.939] [SEVERE ] setting player 4 freeze to 0
[22:32:00.940] [SEVERE ] setting player 4 freeze to 0
[22:32:00.940] [SEVERE ] setting player 4 freeze to 0
[22:32:00.942] [SEVERE ] setting player 4 freeze to 0
[22:32:00.942] [SEVERE ] removing player 4 token from slot 4
[22:32:00.943] [SEVERE ] player 4 placing token on slot 7
[22:32:00.950] [SEVERE ] setting player 3 freeze to 0
[22:32:00.950] [SEVERE ] setting player 3 freeze to 0
[22:32:00.950] [SEVERE ] setting player 3 freeze to 0
[22:32:00.951] [SEVERE ] setting player 3 freeze to 0
[22:32:00.951] [SEVERE ] removing player 3 token from slot 2
[22:32:00.952] [SEVERE ] player 3 placing token on slot 11
[22:32:00.960] [SEVERE ] setting player 2 freeze to 0
[22:32:00.962] [SEVERE ] setting player 2 freeze to 0
[22:32:00.962] [SEVERE ] setting player 2 freeze to 0
[22:32:00.965] [SEVERE ] setting player 2 freeze to 0
[22:32:00.965] [SEVERE ] removing player 2 token from slot 9
[22:32:00.966] [SEVERE ] player 2 placing token on slot 10
[22:32:00.970] [SEVERE ] setting player 1 freeze to 0
[22:32:00.971] [SEVERE ] setting player 1 freeze to 0
[22:32:00.971] [SEVERE ] setting player 1 freeze to 0
[22:32:00.972] [SEVERE ] setting player 1 freeze to 0
[22:32:00.972] [SEVERE ] removing player 1 token from slot 7
[22:32:00.974] [SEVERE ] player 1 placing token on slot 3
[22:32:00.981] [SEVERE ] setting player 4 freeze to 0
[22:32:00.981] [SEVERE ] setting player 4 freeze to 0
[22:32:00.982] [SEVERE ] setting player 4 freeze to 0
[22:32:00.982] [SEVERE ] setting player 4 freeze to 0
[22:32:00.983] [SEVERE ] removing player 4 token from slot 7
[22:32:00.983] [SEVERE ] player 4 placing token on slot 1
[22:32:00.991] [SEVERE ] setting player 3 freeze to 0
[22:32:00.992] [SEVERE ] setting player 3 freeze to 0
[22:32:00.992] [SEVERE ] setting player 3 freeze to 0
[22:32:00.993] [SEVERE ] setting player 3 freeze to 0
[22:32:00.993] [SEVERE ] removing player 3 token from slot 1
[22:32:00.994] [SEVERE ] player 3 placing token on slot 6
[22:32:01.002] [SEVERE ] setting player 2 freeze to 0
[22:32:01.002] [SEVERE ] setting player 2 freeze to 0
[22:32:01.002] [SEVERE ] setting player 2 freeze to 0
[22:32:01.003] [SEVERE ] setting player 2 freeze to 0
[22:32:01.003] [SEVERE ] removing player 2 token from slot 2
[22:32:01.004] [SEVERE ] player 2 placing token on slot 6
[22:32:01.012] [SEVERE ] setting player 1 freeze to 0
[22:32:01.012] [SEVERE ] setting player 1 freeze to 0
[22:32:01.013] [SEVERE ] setting player 1 freeze to 0
[22:32:01.013] [SEVERE ] setting player 1 freeze to 0
[22:32:01.014] [SEVERE ] removing player 1 token from slot 3
[22:32:01.016] [SEVERE ] player 1 placing token on slot 4
[22:32:01.022] [SEVERE ] setting player 4 freeze to 0
[22:32:01.022] [SEVERE ] setting player 4 freeze to 0
[22:32:01.023] [SEVERE ] setting player 4 freeze to 0
[22:32:01.023] [SEVERE ] setting player 4 freeze to 0
[22:32:01.025] [SEVERE ] removing player 4 token from slot 11
[22:32:01.025] [SEVERE ] player 4 placing token on slot 10
[22:32:01.033] [SEVERE ] setting player 3 freeze to 0
[22:32:01.033] [SEVERE ] setting player 3 freeze to 0
[22:32:01.033] [SEVERE ] setting player 3 freeze to 0
[22:32:01.034] [SEVERE ] setting player 3 freeze to 0
[22:32:01.034] [SEVERE ] removing player 3 token from slot 4
[22:32:01.035] [SEVERE ] player 3 placing token on slot 9
[22:32:01.043] [SEVERE ] setting player 2 freeze to 0
[22:32:01.043] [SEVERE ] setting player 2 freeze to 0
[22:32:01.044] [SEVERE ] setting player 2 freeze to 0
[22:32:01.044] [SEVERE ] setting player 2 freeze to 0
[22:32:01.045] [SEVERE ] removing player 2 token from slot 10
[22:32:01.045] [SEVERE ] player 2 placing token on slot 4
[22:32:01.053] [SEVERE ] setting player 1 freeze to 0
[22:32:01.053] [SEVERE ] setting player 1 freeze to 0
[22:32:01.054] [SEVERE ] setting player 1 freeze to 0
[22:32:01.054] [SEVERE ] setting player 1 freeze to 0
[22:32:01.055] [SEVERE ] removing player 1 token from slot 9
[22:32:01.055] [SEVERE ] player 1 placing token on slot 3
[22:32:01.063] [SEVERE ] setting player 4 freeze to 0
[22:32:01.065] [SEVERE ] setting player 4 freeze to 0
[22:32:01.065] [SEVERE ] setting player 4 freeze to 0
[22:32:01.066] [SEVERE ] setting player 4 freeze to 0
[22:32:01.066] [SEVERE ] removing player 4 token from slot 10
[22:32:01.067] [SEVERE ] player 4 placing token on slot 4
[22:32:01.074] [SEVERE ] setting player 3 freeze to 0
[22:32:01.074] [SEVERE ] setting player 3 freeze to 0
[22:32:01.074] [SEVERE ] setting player 3 freeze to 0
[22:32:01.075] [SEVERE ] setting player 3 freeze to 0
[22:32:01.075] [SEVERE ] removing player 3 token from slot 6
[22:32:01.076] [SEVERE ] player 3 placing token on slot 5
[22:32:01.084] [SEVERE ] setting player 2 freeze to 0
[22:32:01.084] [SEVERE ] setting player 2 freeze to 0
[22:32:01.085] [SEVERE ] setting player 2 freeze to 0
[22:32:01.085] [SEVERE ] setting player 2 freeze to 0
[22:32:01.086] [SEVERE ] removing player 2 token from slot 3
[22:32:01.086] [SEVERE ] player 2 placing token on slot 1
[22:32:01.094] [SEVERE ] setting player 1 freeze to 0
[22:32:01.094] [SEVERE ] setting player 1 freeze to 0
[22:32:01.095] [SEVERE ] setting player 1 freeze to 0
[22:32:01.095] [SEVERE ] setting player 1 freeze to 0
[22:32:01.096] [SEVERE ] removing player 1 token from slot 4
[22:32:01.096] [SEVERE ] player 1 placing token on slot 2
[22:32:01.105] [SEVERE ] setting player 4 freeze to 0
[22:32:01.105] [SEVERE ] setting player 4 freeze to 0
[22:32:01.105] [SEVERE ] setting player 4 freeze to 0
[22:32:01.106] [SEVERE ] setting player 4 freeze to 0
[22:32:01.106] [SEVERE ] removing player 4 token from slot 1
[22:32:01.107] [SEVERE ] player 4 placing token on slot 3
[22:32:01.115] [SEVERE ] setting player 3 freeze to 0
[22:32:01.115] [SEVERE ] setting player 3 freeze to 0
[22:32:01.116] [SEVERE ] setting player 3 freeze to 0
[22:32:01.116] [SEVERE ] setting player 3 freeze to 0
[22:32:01.116] [SEVERE ] removing player 3 token from slot 9
[22:32:01.117] [SEVERE ] player 3 placing token on slot 9
[22:32:01.126] [SEVERE ] setting player 2 freeze to 0
[22:32:01.126] [SEVERE ] setting player 2 freeze to 0
[22:32:01.126] [SEVERE ] setting player 2 freeze to 0
[22:32:01.127] [SEVERE ] setting player 2 freeze to 0
[22:32:01.127] [SEVERE ] removing player 2 token from slot 1
[22:32:01.128] [SEVERE ] player 2 placing token on slot 9
[22:32:01.135] [SEVERE ] setting player 1 freeze to 0
[22:32:01.135] [SEVERE ] setting player 1 freeze to 0
[22:32:01.136] [SEVERE ] setting player 1 freeze to 0
[22:32:01.136] [SEVERE ] setting player 1 freeze to 0
[22:32:01.137] [SEVERE ] removing player 1 token from slot 3
[22:32:01.137] [SEVERE ] player 1 placing token on slot 11
[22:32:01.149] [SEVERE ] setting player 4 freeze to 0
[22:32:01.149] [SEVERE ] setting player 4 freeze to 0
[22:32:01.150] [SEVERE ] setting player 4 freeze to 0
[22:32:01.150] [SEVERE ] setting player 4 freeze to 0
[22:32:01.151] [SEVERE ] removing player 4 token from slot 3
[22:32:01.151] [SEVERE ] player 4 placing token on slot 7
[22:32:01.159] [SEVERE ] setting player 3 freeze to 0
[22:32:01.159] [SEVERE ] setting player 3 freeze to 0
[22:32:01.160] [SEVERE ] setting player 3 freeze to 0
[22:32:01.160] [SEVERE ] setting player 3 freeze to 0
[22:32:01.161] [SEVERE ] removing player 3 token from slot 5
[22:32:01.161] [SEVERE ] player 3 placing token on slot 4
[22:32:01.170] [SEVERE ] setting player 2 freeze to 0
[22:32:01.170] [SEVERE ] setting player 2 freeze to 0
[22:32:01.170] [SEVERE ] setting player 2 freeze to 0
[22:32:01.171] [SEVERE ] setting player 2 freeze to 0
[22:32:01.171] [SEVERE ] removing player 2 token from slot 6
[22:32:01.172] [SEVERE ] player 2 placing token on slot 3
[22:32:01.180] [SEVERE ] setting player 1 freeze to 0
[22:32:01.180] [SEVERE ] setting player 1 freeze to 0
[22:32:01.184] [SEVERE ] setting player 1 freeze to 0
[22:32:01.184] [SEVERE ] setting player 1 freeze to 0
[22:32:01.185] [SEVERE ] removing player 1 token from slot 11
[22:32:01.185] [SEVERE ] player 1 placing token on slot 10
[22:32:01.190] [SEVERE ] setting player 4 freeze to 0
[22:32:01.190] [SEVERE ] setting player 4 freeze to 0
[22:32:01.191] [SEVERE ] setting player 4 freeze to 0
[22:32:01.192] [SEVERE ] setting player 4 freeze to 0
[22:32:01.192] [SEVERE ] removing player 4 token from slot 4
[22:32:01.193] [SEVERE ] player 4 placing token on slot 8
[22:32:01.201] [SEVERE ] setting player 3 freeze to 0
[22:32:01.201] [SEVERE ] setting player 3 freeze to 0
[22:32:01.201] [SEVERE ] setting player 3 freeze to 0
[22:32:01.202] [SEVERE ] setting player 3 freeze to 0
[22:32:01.202] [SEVERE ] removing player 3 token from slot 4
[22:32:01.203] [SEVERE ] player 3 placing token on slot 8
[22:32:01.211] [SEVERE ] setting player 2 freeze to 0
[22:32:01.211] [SEVERE ] setting player 2 freeze to 0
[22:32:01.212] [SEVERE ] setting player 2 freeze to 0
[22:32:01.212] [SEVERE ] setting player 2 freeze to 0
[22:32:01.213] [SEVERE ] removing player 2 token from slot 3
[22:32:01.213] [SEVERE ] player 2 placing token on slot 3
[22:32:01.221] [SEVERE ] setting player 1 freeze to 0
[22:32:01.221] [SEVERE ] setting player 1 freeze to 0
[22:32:01.222] [SEVERE ] setting player 1 freeze to 0
[22:32:01.222] [SEVERE ] setting player 1 freeze to 0
[22:32:01.223] [SEVERE ] removing player 1 token from slot 10
[22:32:01.223] [SEVERE ] player 1 placing token on slot 3
[22:32:01.233] [SEVERE ] setting player 4 freeze to 0
[22:32:01.233] [SEVERE ] setting player 4 freeze to 0
[22:32:01.233] [SEVERE ] setting player 4 freeze to 0
[22:32:01.234] [SEVERE ] setting player 4 freeze to 0
[22:32:01.234] [SEVERE ] removing player 4 token from slot 7
[22:32:01.235] [SEVERE ] player 4 placing token on slot 5
[22:32:01.243] [SEVERE ] setting player 3 freeze to 0
[22:32:01.244] [SEVERE ] setting player 3 freeze to 0
[22:32:01.244] [SEVERE ] setting player 3 freeze to 0
[22:32:01.244] [SEVERE ] setting player 3 freeze to 0
[22:32:01.245] [SEVERE ] removing player 3 token from slot 9
[22:32:01.246] [SEVERE ] removing player 3 token from slot 8
[22:32:01.246] [SEVERE ] player 3 placing token on slot 4
[22:32:01.247] [SEVERE ] player 3 placing token on slot 5
[22:32:01.254] [SEVERE ] setting player 2 freeze to 0
[22:32:01.254] [SEVERE ] setting player 2 freeze to 0
[22:32:01.254] [SEVERE ] setting player 2 freeze to 0
[22:32:01.254] [SEVERE ] setting player 2 freeze to 0
[22:32:01.255] [SEVERE ] removing player 2 token from slot 3
[22:32:01.255] [SEVERE ] player 2 placing token on slot 8
[22:32:01.267] [SEVERE ] setting player 1 freeze to 0
[22:32:01.267] [SEVERE ] setting player 1 freeze to 0
[22:32:01.268] [SEVERE ] setting player 1 freeze to 0
[22:32:01.268] [SEVERE ] setting player 1 freeze to 0
[22:32:01.269] [SEVERE ] removing player 1 token from slot 2
[22:32:01.269] [SEVERE ] player 1 placing token on slot 10
[22:32:01.278] [SEVERE ] setting player 4 freeze to 0
[22:32:01.278] [SEVERE ] setting player 4 freeze to 0
[22:32:01.278] [SEVERE ] setting player 4 freeze to 0
[22:32:01.279] [SEVERE ] setting player 4 freeze to 0
[22:32:01.279] [SEVERE ] removing player 4 token from slot 5
[22:32:01.280] [SEVERE ] player 4 placing token on slot 5
[22:32:01.288] [SEVERE ] setting player 3 freeze to 0
[22:32:01.288] [SEVERE ] setting player 3 freeze to 0
[22:32:01.288] [SEVERE ] setting player 3 freeze to 0
[22:32:01.289] [SEVERE ] setting player 3 freeze to 0
[22:32:01.289] [SEVERE ] removing player 3 token from slot 4
[22:32:01.290] [SEVERE ] removing player 3 token from slot 11
[22:32:01.290] [SEVERE ] player 3 placing token on slot 1
[22:32:01.291] [SEVERE ] player 3 placing token on slot 8
[22:32:01.302] [SEVERE ] setting player 2 freeze to 0
[22:32:01.303] [SEVERE ] setting player 2 freeze to 0
[22:32:01.303] [SEVERE ] setting player 2 freeze to 0
[22:32:01.303] [SEVERE ] setting player 2 freeze to 0
[22:32:01.304] [SEVERE ] removing player 2 token from slot 9
[22:32:01.304] [SEVERE ] player 2 placing token on slot 7
[22:32:01.312] [SEVERE ] setting player 1 freeze to 0
[22:32:01.312] [SEVERE ] setting player 1 freeze to 0
[22:32:01.313] [SEVERE ] setting player 1 freeze to 0
[22:32:01.313] [SEVERE ] setting player 1 freeze to 0
[22:32:01.317] [SEVERE ] removing player 1 token from slot 10
[22:32:01.318] [SEVERE ] removing player 1 token from slot 3
[22:32:01.318] [SEVERE ] player 1 placing token on slot 7
[22:32:01.318] [SEVERE ] player 1 placing token on slot 10
[22:32:01.323] [SEVERE ] setting player 4 freeze to 0
[22:32:01.323] [SEVERE ] setting player 4 freeze to 0
[22:32:01.323] [SEVERE ] setting player 4 freeze to 0
[22:32:01.324] [SEVERE ] setting player 4 freeze to 0
[22:32:01.324] [SEVERE ] removing player 4 token from slot 6
[22:32:01.325] [SEVERE ] player 4 placing token on slot 6
[22:32:01.334] [SEVERE ] setting player 3 freeze to 0
[22:32:01.335] [SEVERE ] setting player 3 freeze to 0
[22:32:01.335] [SEVERE ] setting player 3 freeze to 0
[22:32:01.336] [SEVERE ] setting player 3 freeze to 0
[22:32:01.336] [SEVERE ] removing player 3 token from slot 5
[22:32:01.337] [SEVERE ] player 3 placing token on slot 11
[22:32:01.345] [SEVERE ] setting player 2 freeze to 0
[22:32:01.345] [SEVERE ] setting player 2 freeze to 0
[22:32:01.346] [SEVERE ] setting player 2 freeze to 0
[22:32:01.346] [SEVERE ] setting player 2 freeze to 0
[22:32:01.347] [SEVERE ] removing player 2 token from slot 4
[22:32:01.350] [SEVERE ] removing player 2 token from slot 8
[22:32:01.350] [SEVERE ] player 2 placing token on slot 10
[22:32:01.351] [SEVERE ] player 2 placing token on slot 1
[22:32:01.355] [SEVERE ] setting player 1 freeze to 0
[22:32:01.355] [SEVERE ] setting player 1 freeze to 0
[22:32:01.356] [SEVERE ] setting player 1 freeze to 0
[22:32:01.356] [SEVERE ] setting player 1 freeze to 0
[22:32:01.357] [SEVERE ] removing player 1 token from slot 10
[22:32:01.363] [SEVERE ] player 1 placing token on slot 5
[22:32:01.373] [SEVERE ] setting player 4 freeze to 0
[22:32:01.373] [SEVERE ] setting player 4 freeze to 0
[22:32:01.374] [SEVERE ] setting player 4 freeze to 0
[22:32:01.374] [SEVERE ] setting player 4 freeze to 0
[22:32:01.375] [SEVERE ] removing player 4 token from slot 5
[22:32:01.375] [SEVERE ] player 4 placing token on slot 4
[22:32:01.387] [SEVERE ] setting player 3 freeze to 0
[22:32:01.387] [SEVERE ] setting player 3 freeze to 0
[22:32:01.388] [SEVERE ] setting player 3 freeze to 0
[22:32:01.389] [SEVERE ] setting player 3 freeze to 0
[22:32:01.389] [SEVERE ] removing player 3 token from slot 8
[22:32:01.389] [SEVERE ] player 3 placing token on slot 9
[22:32:01.401] [SEVERE ] setting player 2 freeze to 0
[22:32:01.402] [SEVERE ] setting player 2 freeze to 0
[22:32:01.402] [SEVERE ] setting player 2 freeze to 0
[22:32:01.403] [SEVERE ] setting player 2 freeze to 0
[22:32:01.404] [SEVERE ] removing player 2 token from slot 10
[22:32:01.404] [SEVERE ] player 2 placing token on slot 4
[22:32:01.411] [SEVERE ] setting player 1 freeze to 0
[22:32:01.412] [SEVERE ] setting player 1 freeze to 0
[22:32:01.412] [SEVERE ] setting player 1 freeze to 0
[22:32:01.413] [SEVERE ] setting player 1 freeze to 0
[22:32:01.413] [SEVERE ] removing player 1 token from slot 8
[22:32:01.413] [SEVERE ] player 1 placing token on slot 2
[22:32:01.422] [SEVERE ] setting player 4 freeze to 0
[22:32:01.422] [SEVERE ] setting player 4 freeze to 0
[22:32:01.423] [SEVERE ] setting player 4 freeze to 0
[22:32:01.423] [SEVERE ] setting player 4 freeze to 0
[22:32:01.424] [SEVERE ] removing player 4 token from slot 6
[22:32:01.424] [SEVERE ] player 4 placing token on slot 7
[22:32:01.432] [SEVERE ] setting player 3 freeze to 0
[22:32:01.433] [SEVERE ] setting player 3 freeze to 0
[22:32:01.433] [SEVERE ] setting player 3 freeze to 0
[22:32:01.434] [SEVERE ] setting player 3 freeze to 0
[22:32:01.434] [SEVERE ] removing player 3 token from slot 1
[22:32:01.435] [SEVERE ] player 3 placing token on slot 6
[22:32:01.442] [SEVERE ] setting player 2 freeze to 0
[22:32:01.442] [SEVERE ] setting player 2 freeze to 0
[22:32:01.445] [SEVERE ] setting player 2 freeze to 0
[22:32:01.445] [SEVERE ] setting player 2 freeze to 0
[22:32:01.446] [SEVERE ] removing player 2 token from slot 4
[22:32:01.451] [SEVERE ] player 2 placing token on slot 6
[22:32:01.453] [SEVERE ] setting player 1 freeze to 0
[22:32:01.453] [SEVERE ] setting player 1 freeze to 0
[22:32:01.453] [SEVERE ] setting player 1 freeze to 0
[22:32:01.454] [SEVERE ] setting player 1 freeze to 0
[22:32:01.455] [SEVERE ] removing player 1 token from slot 7
[22:32:01.455] [SEVERE ] player 1 placing token on slot 7
[22:32:01.464] [SEVERE ] setting player 4 freeze to 0
[22:32:01.466] [SEVERE ] setting player 4 freeze to 0
[22:32:01.467] [SEVERE ] setting player 4 freeze to 0
[22:32:01.467] [SEVERE ] setting player 4 freeze to 0
[22:32:01.468] [SEVERE ] removing player 4 token from slot 8
[22:32:01.468] [SEVERE ] player 4 placing token on slot 1
[22:32:01.475] [SEVERE ] setting player 3 freeze to 0
[22:32:01.475] [SEVERE ] setting player 3 freeze to 0
[22:32:01.476] [SEVERE ] setting player 3 freeze to 0
[22:32:01.476] [SEVERE ] setting player 3 freeze to 0
[22:32:01.477] [SEVERE ] removing player 3 token from slot 6
[22:32:01.477] [SEVERE ] removing player 3 token from slot 11
[22:32:01.478] [SEVERE ] player 3 placing token on slot 5
[22:32:01.478] [SEVERE ] player 3 placing token on slot 3
[22:32:01.486] [SEVERE ] setting player 2 freeze to 0
[22:32:01.487] [SEVERE ] setting player 2 freeze to 0
[22:32:01.487] [SEVERE ] setting player 2 freeze to 0
[22:32:01.487] [SEVERE ] setting player 2 freeze to 0
[22:32:01.487] [SEVERE ] removing player 2 token from slot 1
[22:32:01.488] [SEVERE ] player 2 placing token on slot 8
[22:32:01.496] [SEVERE ] setting player 1 freeze to 0
[22:32:01.496] [SEVERE ] setting player 1 freeze to 0
[22:32:01.497] [SEVERE ] setting player 1 freeze to 0
[22:32:01.498] [SEVERE ] setting player 1 freeze to 0
[22:32:01.501] [SEVERE ] removing player 1 token from slot 7
[22:32:01.502] [SEVERE ] player 1 placing token on slot 6
[22:32:01.506] [SEVERE ] setting player 4 freeze to 0
[22:32:01.507] [SEVERE ] setting player 4 freeze to 0
[22:32:01.507] [SEVERE ] setting player 4 freeze to 0
[22:32:01.508] [SEVERE ] setting player 4 freeze to 0
[22:32:01.508] [SEVERE ] removing player 4 token from slot 1
[22:32:01.508] [SEVERE ] player 4 placing token on slot 2
[22:32:01.517] [SEVERE ] setting player 3 freeze to 0
[22:32:01.517] [SEVERE ] setting player 3 freeze to 0
[22:32:01.517] [SEVERE ] setting player 3 freeze to 0
[22:32:01.517] [SEVERE ] setting player 3 freeze to 0
[22:32:01.517] [SEVERE ] removing player 3 token from slot 5
[22:32:01.517] [SEVERE ] removing player 3 token from slot 3
[22:32:01.517] [SEVERE ] player 3 placing token on slot 8
[22:32:01.517] [SEVERE ] player 3 placing token on slot 7
[22:32:01.527] [SEVERE ] setting player 2 freeze to 0
[22:32:01.527] [SEVERE ] setting player 2 freeze to 0
[22:32:01.528] [SEVERE ] setting player 2 freeze to 0
[22:32:01.528] [SEVERE ] setting player 2 freeze to 0
[22:32:01.529] [SEVERE ] removing player 2 token from slot 6
[22:32:01.529] [SEVERE ] player 2 placing token on slot 2
[22:32:01.537] [SEVERE ] setting player 1 freeze to 0
[22:32:01.538] [SEVERE ] setting player 1 freeze to 0
[22:32:01.538] [SEVERE ] setting player 1 freeze to 0
[22:32:01.539] [SEVERE ] setting player 1 freeze to 0
[22:32:01.539] [SEVERE ] removing player 1 token from slot 2
[22:32:01.539] [SEVERE ] player 1 placing token on slot 4
[22:32:01.548] [SEVERE ] setting player 4 freeze to 0
[22:32:01.552] [SEVERE ] setting player 4 freeze to 0
[22:32:01.553] [SEVERE ] setting player 4 freeze to 0
[22:32:01.553] [SEVERE ] setting player 4 freeze to 0
[22:32:01.553] [SEVERE ] removing player 4 token from slot 2
[22:32:01.553] [SEVERE ] player 4 placing token on slot 1
[22:32:01.558] [SEVERE ] setting player 3 freeze to 0
[22:32:01.558] [SEVERE ] setting player 3 freeze to 0
[22:32:01.559] [SEVERE ] setting player 3 freeze to 0
[22:32:01.559] [SEVERE ] setting player 3 freeze to 0
[22:32:01.560] [SEVERE ] removing player 3 token from slot 9
[22:32:01.560] [SEVERE ] player 3 placing token on slot 3
[22:32:01.568] [SEVERE ] setting player 2 freeze to 0
[22:32:01.569] [SEVERE ] setting player 2 freeze to 0
[22:32:01.569] [SEVERE ] setting player 2 freeze to 0
[22:32:01.570] [SEVERE ] setting player 2 freeze to 0
[22:32:01.570] [SEVERE ] removing player 2 token from slot 7
[22:32:01.571] [SEVERE ] removing player 2 token from slot 2
[22:32:01.572] [SEVERE ] player 2 placing token on slot 4
[22:32:01.572] [SEVERE ] removing player 2 token from slot 8
[22:32:01.574] [SEVERE ] player 2 placing token on slot 5
[22:32:01.575] [SEVERE ] player 2 placing token on slot 6
[22:32:01.579] [SEVERE ] setting player 1 freeze to 0
[22:32:01.579] [SEVERE ] setting player 1 freeze to 0
[22:32:01.579] [SEVERE ] setting player 1 freeze to 0
[22:32:01.580] [SEVERE ] setting player 1 freeze to 0
[22:32:01.581] [SEVERE ] removing player 1 token from slot 4
[22:32:01.583] [SEVERE ] player 1 placing token on slot 8
[22:32:01.589] [SEVERE ] setting player 4 freeze to 0
[22:32:01.590] [SEVERE ] setting player 4 freeze to 0
[22:32:01.591] [SEVERE ] setting player 4 freeze to 0
[22:32:01.591] [SEVERE ] setting player 4 freeze to 0
[22:32:01.591] [SEVERE ] removing player 4 token from slot 7
[22:32:01.591] [SEVERE ] player 4 placing token on slot 10
[22:32:01.600] [SEVERE ] setting player 3 freeze to 0
[22:32:01.600] [SEVERE ] setting player 3 freeze to 0
[22:32:01.601] [SEVERE ] setting player 3 freeze to 0
[22:32:01.601] [SEVERE ] setting player 3 freeze to 0
[22:32:01.602] [SEVERE ] removing player 3 token from slot 7
[22:32:01.603] [SEVERE ] player 3 placing token on slot 9
[22:32:01.610] [SEVERE ] setting player 2 freeze to 0
[22:32:01.610] [SEVERE ] setting player 2 freeze to 0
[22:32:01.610] [SEVERE ] setting player 2 freeze to 0
[22:32:01.610] [SEVERE ] setting player 2 freeze to 0
[22:32:01.610] [SEVERE ] removing player 2 token from slot 4
[22:32:01.610] [SEVERE ] player 2 placing token on slot 4
[22:32:01.621] [SEVERE ] setting player 1 freeze to 0
[22:32:01.621] [SEVERE ] setting player 1 freeze to 0
[22:32:01.621] [SEVERE ] setting player 1 freeze to 0
[22:32:01.622] [SEVERE ] setting player 1 freeze to 0
[22:32:01.622] [SEVERE ] removing player 1 token from slot 6
[22:32:01.622] [SEVERE ] player 1 placing token on slot 9
[22:32:01.634] [SEVERE ] setting player 4 freeze to 0
[22:32:01.634] [SEVERE ] setting player 4 freeze to 0
[22:32:01.634] [SEVERE ] setting player 4 freeze to 0
[22:32:01.636] [SEVERE ] setting player 4 freeze to 0
[22:32:01.636] [SEVERE ] removing player 4 token from slot 10
[22:32:01.637] [SEVERE ] player 4 placing token on slot 10
[22:32:01.644] [SEVERE ] setting player 3 freeze to 0
[22:32:01.644] [SEVERE ] setting player 3 freeze to 0
[22:32:01.645] [SEVERE ] setting player 3 freeze to 0
[22:32:01.645] [SEVERE ] setting player 3 freeze to 0
[22:32:01.645] [SEVERE ] removing player 3 token from slot 8
[22:32:01.646] [SEVERE ] player 3 placing token on slot 8
[22:32:01.654] [SEVERE ] setting player 2 freeze to 0
[22:32:01.654] [SEVERE ] setting player 2 freeze to 0
[22:32:01.655] [SEVERE ] setting player 2 freeze to 0
[22:32:01.655] [SEVERE ] setting player 2 freeze to 0
[22:32:01.656] [SEVERE ] removing player 2 token from slot 6
[22:32:01.656] [SEVERE ] player 2 placing token on slot 8
[22:32:01.666] [SEVERE ] setting player 1 freeze to 0
[22:32:01.666] [SEVERE ] setting player 1 freeze to 0
[22:32:01.667] [SEVERE ] setting player 1 freeze to 0
[22:32:01.667] [SEVERE ] setting player 1 freeze to 0
[22:32:01.668] [SEVERE ] removing player 1 token from slot 8
[22:32:01.668] [SEVERE ] player 1 placing token on slot 3
[22:32:01.677] [SEVERE ] setting player 4 freeze to 0
[22:32:01.677] [SEVERE ] setting player 4 freeze to 0
[22:32:01.677] [SEVERE ] setting player 4 freeze to 0
[22:32:01.678] [SEVERE ] setting player 4 freeze to 0
[22:32:01.678] [SEVERE ] removing player 4 token from slot 10
[22:32:01.678] [SEVERE ] removing player 4 token from slot 4
[22:32:01.678] [SEVERE ] player 4 placing token on slot 10
[22:32:01.679] [SEVERE ] player 4 placing token on slot 8
[22:32:01.687] [SEVERE ] setting player 3 freeze to 0
[22:32:01.689] [SEVERE ] setting player 3 freeze to 0
[22:32:01.689] [SEVERE ] setting player 3 freeze to 0
[22:32:01.689] [SEVERE ] setting player 3 freeze to 0
[22:32:01.690] [SEVERE ] removing player 3 token from slot 9
[22:32:01.690] [SEVERE ] removing player 3 token from slot 3
[22:32:01.690] [SEVERE ] player 3 placing token on slot 4
[22:32:01.690] [SEVERE ] removing player 3 token from slot 8
[22:32:01.690] [SEVERE ] removing player 3 token from slot 4
[22:32:01.690] [SEVERE ] player 3 placing token on slot 1
[22:32:01.690] [SEVERE ] player 3 placing token on slot 10
[22:32:01.690] [SEVERE ] player 3 placing token on slot 9
[22:32:01.698] [SEVERE ] setting player 2 freeze to 0
[22:32:01.701] [SEVERE ] setting player 2 freeze to 0
[22:32:01.701] [SEVERE ] setting player 2 freeze to 0
[22:32:01.702] [SEVERE ] setting player 2 freeze to 0
[22:32:01.702] [SEVERE ] removing player 2 token from slot 5
[22:32:01.702] [SEVERE ] player 2 placing token on slot 2
[22:32:01.708] [SEVERE ] setting player 1 freeze to 0
[22:32:01.708] [SEVERE ] setting player 1 freeze to 0
[22:32:01.709] [SEVERE ] setting player 1 freeze to 0
[22:32:01.709] [SEVERE ] setting player 1 freeze to 0
[22:32:01.709] [SEVERE ] removing player 1 token from slot 9
[22:32:01.710] [SEVERE ] player 1 placing token on slot 4
[22:32:01.718] [SEVERE ] setting player 4 freeze to 0
[22:32:01.719] [SEVERE ] setting player 4 freeze to 0
[22:32:01.719] [SEVERE ] setting player 4 freeze to 0
[22:32:01.720] [SEVERE ] setting player 4 freeze to 0
[22:32:01.720] [SEVERE ] removing player 4 token from slot 1
[22:32:01.720] [SEVERE ] player 4 placing token on slot 1
[22:32:01.729] [SEVERE ] setting player 3 freeze to 0
[22:32:01.729] [SEVERE ] setting player 3 freeze to 0
[22:32:01.729] [SEVERE ] setting player 3 freeze to 0
[22:32:01.730] [SEVERE ] setting player 3 freeze to 0
[22:32:01.730] [SEVERE ] removing player 3 token from slot 1
[22:32:01.730] [SEVERE ] player 3 placing token on slot 7
[22:32:01.739] [SEVERE ] setting player 2 freeze to 0
[22:32:01.739] [SEVERE ] setting player 2 freeze to 0
[22:32:01.740] [SEVERE ] setting player 2 freeze to 0
[22:32:01.740] [SEVERE ] setting player 2 freeze to 0
[22:32:01.740] [SEVERE ] removing player 2 token from slot 4
[22:32:01.740] [SEVERE ] player 2 placing token on slot 3
[22:32:01.750] [SEVERE ] setting player 1 freeze to 0
[22:32:01.750] [SEVERE ] setting player 1 freeze to 0
[22:32:01.750] [SEVERE ] setting player 1 freeze to 0
[22:32:01.751] [SEVERE ] setting player 1 freeze to 0
[22:32:01.751] [SEVERE ] removing player 1 token from slot 5
[22:32:01.751] [SEVERE ] removing player 1 token from slot 4
[22:32:01.751] [SEVERE ] player 1 placing token on slot 5
[22:32:01.751] [SEVERE ] removing player 1 token from slot 3
[22:32:01.751] [SEVERE ] player 1 placing token on slot 6
[22:32:01.751] [SEVERE ] player 1 placing token on slot 9
[22:32:01.760] [SEVERE ] setting player 4 freeze to 0
[22:32:01.760] [SEVERE ] setting player 4 freeze to 0
[22:32:01.761] [SEVERE ] setting player 4 freeze to 0
[22:32:01.761] [SEVERE ] setting player 4 freeze to 0
[22:32:01.762] [SEVERE ] removing player 4 token from slot 1
[22:32:01.762] [SEVERE ] player 4 placing token on slot 11
[22:32:01.771] [SEVERE ] setting player 3 freeze to 0
[22:32:01.771] [SEVERE ] setting player 3 freeze to 0
[22:32:01.771] [SEVERE ] setting player 3 freeze to 0
[22:32:01.772] [SEVERE ] setting player 3 freeze to 0
[22:32:01.772] [SEVERE ] removing player 3 token from slot 9
[22:32:01.772] [SEVERE ] player 3 placing token on slot 11
[22:32:01.783] [SEVERE ] setting player 2 freeze to 0
[22:32:01.783] [SEVERE ] setting player 2 freeze to 0
[22:32:01.784] [SEVERE ] setting player 2 freeze to 0
[22:32:01.784] [SEVERE ] setting player 2 freeze to 0
[22:32:01.785] [SEVERE ] removing player 2 token from slot 2
[22:32:01.785] [SEVERE ] removing player 2 token from slot 8
[22:32:01.786] [SEVERE ] player 2 placing token on slot 2
[22:32:01.786] [SEVERE ] player 2 placing token on slot 9
[22:32:01.791] [SEVERE ] setting player 1 freeze to 0
[22:32:01.792] [SEVERE ] setting player 1 freeze to 0
[22:32:01.797] [SEVERE ] setting player 1 freeze to 0
[22:32:01.799] [SEVERE ] setting player 1 freeze to 0
[22:32:01.799] [SEVERE ] removing player 1 token from slot 6
[22:32:01.800] [SEVERE ] removing player 1 token from slot 9
[22:32:01.800] [SEVERE ] player 1 placing token on slot 8
[22:32:01.800] [SEVERE ] removing player 1 token from slot 5
[22:32:01.800] [SEVERE ] player 1 placing token on slot 10
[22:32:01.800] [SEVERE ] player 1 placing token on slot 3
[22:32:01.802] [SEVERE ] setting player 4 freeze to 0
[22:32:01.803] [SEVERE ] setting player 4 freeze to 0
[22:32:01.803] [SEVERE ] setting player 4 freeze to 0
[22:32:01.803] [SEVERE ] setting player 4 freeze to 0
[22:32:01.803] [SEVERE ] removing player 4 token from slot 10
[22:32:01.803] [SEVERE ] player 4 placing token on slot 5
[22:32:01.813] [SEVERE ] setting player 3 freeze to 0
[22:32:01.813] [SEVERE ] setting player 3 freeze to 0
[22:32:01.813] [SEVERE ] setting player 3 freeze to 0
[22:32:01.813] [SEVERE ] setting player 3 freeze to 0
[22:32:01.813] [SEVERE ] removing player 3 token from slot 7
[22:32:01.814] [SEVERE ] removing player 3 token from slot 11
[22:32:01.815] [SEVERE ] player 3 placing token on slot 8
[22:32:01.815] [SEVERE ] removing player 3 token from slot 8
[22:32:01.815] [SEVERE ] player 3 placing token on slot 5
[22:32:01.815] [SEVERE ] player 3 placing token on slot 1
[22:32:01.823] [SEVERE ] setting player 2 freeze to 0
[22:32:01.824] [SEVERE ] setting player 2 freeze to 0
[22:32:01.825] [SEVERE ] setting player 2 freeze to 0
[22:32:01.825] [SEVERE ] setting player 2 freeze to 0
[22:32:01.825] [SEVERE ] removing player 2 token from slot 3
[22:32:01.825] [SEVERE ] player 2 placing token on slot 1
[22:32:01.833] [SEVERE ] setting player 1 freeze to 0
[22:32:01.834] [SEVERE ] setting player 1 freeze to 0
[22:32:01.834] [SEVERE ] setting player 1 freeze to 0
[22:32:01.835] [SEVERE ] setting player 1 freeze to 0
[22:32:01.836] [SEVERE ] removing player 1 token from slot 10
[22:32:01.836] [SEVERE ] player 1 placing token on slot 2
[22:32:01.844] [SEVERE ] setting player 4 freeze to 0
[22:32:01.844] [SEVERE ] setting player 4 freeze to 0
[22:32:01.844] [SEVERE ] setting player 4 freeze to 0
[22:32:01.844] [SEVERE ] setting player 4 freeze to 0
[22:32:01.845] [SEVERE ] removing player 4 token from slot 8
[22:32:01.845] [SEVERE ] player 4 placing token on slot 10
[22:32:01.854] [SEVERE ] setting player 3 freeze to 0
[22:32:01.855] [SEVERE ] setting player 3 freeze to 0
[22:32:01.855] [SEVERE ] setting player 3 freeze to 0
[22:32:01.856] [SEVERE ] setting player 3 freeze to 0
[22:32:01.856] [SEVERE ] removing player 3 token from slot 10
[22:32:01.856] [SEVERE ] player 3 placing token on slot 7
[22:32:01.865] [SEVERE ] setting player 2 freeze to 0
[22:32:01.865] [SEVERE ] setting player 2 freeze to 0
[22:32:01.866] [SEVERE ] setting player 2 freeze to 0
[22:32:01.867] [SEVERE ] setting player 2 freeze to 0
[22:32:01.867] [SEVERE ] removing player 2 token from slot 9
[22:32:01.868] [SEVERE ] player 2 placing token on slot 6
[22:32:01.875] [SEVERE ] setting player 1 freeze to 0
[22:32:01.875] [SEVERE ] setting player 1 freeze to 0
[22:32:01.876] [SEVERE ] setting player 1 freeze to 0
[22:32:01.876] [SEVERE ] setting player 1 freeze to 0
[22:32:01.877] [SEVERE ] removing player 1 token from slot 8
[22:32:01.877] [SEVERE ] player 1 placing token on slot 1
[22:32:01.886] [SEVERE ] setting player 4 freeze to 0
[22:32:01.886] [SEVERE ] setting player 4 freeze to 0
[22:32:01.887] [SEVERE ] setting player 4 freeze to 0
[22:32:01.887] [SEVERE ] setting player 4 freeze to 0
[22:32:01.887] [SEVERE ] removing player 4 token from slot 11
[22:32:01.888] [SEVERE ] removing player 4 token from slot 5
[22:32:01.888] [SEVERE ] player 4 placing token on slot 3
[22:32:01.889] [SEVERE ] removing player 4 token from slot 10
[22:32:01.889] [SEVERE ] player 4 placing token on slot 4
[22:32:01.889] [SEVERE ] player 4 placing token on slot 11
[22:32:01.896] [SEVERE ] setting player 3 freeze to 0
[22:32:01.898] [SEVERE ] setting player 3 freeze to 0
[22:32:01.898] [SEVERE ] setting player 3 freeze to 0
[22:32:01.898] [SEVERE ] setting player 3 freeze to 0
[22:32:01.899] [SEVERE ] removing player 3 token from slot 1
[22:32:01.900] [SEVERE ] removing player 3 token from slot 7
[22:32:01.900] [SEVERE ] player 3 placing token on slot 1
[22:32:01.900] [SEVERE ] player 3 placing token on slot 7
[22:32:01.907] [SEVERE ] setting player 2 freeze to 0
[22:32:01.907] [SEVERE ] setting player 2 freeze to 0
[22:32:01.908] [SEVERE ] setting player 2 freeze to 0
[22:32:01.908] [SEVERE ] setting player 2 freeze to 0
[22:32:01.909] [SEVERE ] removing player 2 token from slot 1
[22:32:01.909] [SEVERE ] player 2 placing token on slot 3
[22:32:01.917] [SEVERE ] setting player 1 freeze to 0
[22:32:01.917] [SEVERE ] setting player 1 freeze to 0
[22:32:01.918] [SEVERE ] setting player 1 freeze to 0
[22:32:01.918] [SEVERE ] setting player 1 freeze to 0
[22:32:01.919] [SEVERE ] removing player 1 token from slot 3
[22:32:01.919] [SEVERE ] player 1 placing token on slot 11
[22:32:01.927] [SEVERE ] setting player 4 freeze to 0
[22:32:01.927] [SEVERE ] setting player 4 freeze to 0
[22:32:01.928] [SEVERE ] setting player 4 freeze to 0
[22:32:01.928] [SEVERE ] setting player 4 freeze to 0
[22:32:01.929] [SEVERE ] removing player 4 token from slot 3
[22:32:01.929] [SEVERE ] player 4 placing token on slot 8
[22:32:01.937] [SEVERE ] setting player 3 freeze to 0
[22:32:01.938] [SEVERE ] setting player 3 freeze to 0
[22:32:01.938] [SEVERE ] setting player 3 freeze to 0
[22:32:01.939] [SEVERE ] setting player 3 freeze to 0
[22:32:01.939] [SEVERE ] removing player 3 token from slot 5
[22:32:01.939] [SEVERE ] player 3 placing token on slot 6
[22:32:01.948] [SEVERE ] setting player 2 freeze to 0
[22:32:01.949] [SEVERE ] setting player 2 freeze to 0
[22:32:01.949] [SEVERE ] setting player 2 freeze to 0
[22:32:01.950] [SEVERE ] setting player 2 freeze to 0
[22:32:01.950] [SEVERE ] removing player 2 token from slot 6
[22:32:01.950] [SEVERE ] removing player 2 token from slot 3
[22:32:01.950] [SEVERE ] player 2 placing token on slot 9
[22:32:01.951] [SEVERE ] player 2 placing token on slot 6
[22:32:01.958] [SEVERE ] setting player 1 freeze to 0
[22:32:01.958] [SEVERE ] setting player 1 freeze to 0
[22:32:01.959] [SEVERE ] setting player 1 freeze to 0
[22:32:01.959] [SEVERE ] setting player 1 freeze to 0
[22:32:01.959] [SEVERE ] removing player 1 token from slot 2
[22:32:01.959] [SEVERE ] player 1 placing token on slot 4
[22:32:01.968] [SEVERE ] setting player 4 freeze to 0
[22:32:01.969] [SEVERE ] setting player 4 freeze to 0
[22:32:01.969] [SEVERE ] setting player 4 freeze to 0
[22:32:01.969] [SEVERE ] setting player 4 freeze to 0
[22:32:01.970] [SEVERE ] removing player 4 token from slot 8
[22:32:01.970] [SEVERE ] player 4 placing token on slot 2
[22:32:01.978] [SEVERE ] setting player 3 freeze to 0
[22:32:01.979] [SEVERE ] setting player 3 freeze to 0
[22:32:01.979] [SEVERE ] setting player 3 freeze to 0
[22:32:01.979] [SEVERE ] setting player 3 freeze to 0
[22:32:01.980] [SEVERE ] removing player 3 token from slot 1
[22:32:01.981] [SEVERE ] removing player 3 token from slot 7
[22:32:01.982] [SEVERE ] player 3 placing token on slot 4
[22:32:01.985] [SEVERE ] player 3 placing token on slot 3
[22:32:01.989] [SEVERE ] setting player 2 freeze to 0
[22:32:01.989] [SEVERE ] setting player 2 freeze to 0
[22:32:01.990] [SEVERE ] setting player 2 freeze to 0
[22:32:01.990] [SEVERE ] setting player 2 freeze to 0
[22:32:01.990] [SEVERE ] removing player 2 token from slot 6
[22:32:01.990] [SEVERE ] player 2 placing token on slot 10
[22:32:01.999] [SEVERE ] setting player 1 freeze to 0
[22:32:02.000] [SEVERE ] setting player 1 freeze to 0
[22:32:02.001] [SEVERE ] setting player 1 freeze to 0
[22:32:02.001] [SEVERE ] setting player 1 freeze to 0
[22:32:02.002] [SEVERE ] removing player 1 token from slot 1
[22:32:02.002] [SEVERE ] player 1 placing token on slot 6
[22:32:02.009] [SEVERE ] setting player 4 freeze to 0
[22:32:02.010] [SEVERE ] setting player 4 freeze to 0
[22:32:02.010] [SEVERE ] setting player 4 freeze to 0
[22:32:02.011] [SEVERE ] setting player 4 freeze to 0
[22:32:02.011] [SEVERE ] removing player 4 token from slot 2
[22:32:02.011] [SEVERE ] player 4 placing token on slot 9
[22:32:02.020] [SEVERE ] setting player 3 freeze to 0
[22:32:02.021] [SEVERE ] setting player 3 freeze to 0
[22:32:02.021] [SEVERE ] setting player 3 freeze to 0
[22:32:02.021] [SEVERE ] setting player 3 freeze to 0
[22:32:02.022] [SEVERE ] removing player 3 token from slot 6
[22:32:02.022] [SEVERE ] player 3 placing token on slot 9
[22:32:02.030] [SEVERE ] setting player 2 freeze to 0
[22:32:02.032] [SEVERE ] setting player 2 freeze to 0
[22:32:02.032] [SEVERE ] setting player 2 freeze to 0
[22:32:02.032] [SEVERE ] setting player 2 freeze to 0
[22:32:02.033] [SEVERE ] removing player 2 token from slot 10
[22:32:02.034] [SEVERE ] player 2 placing token on slot 5
[22:32:02.040] [SEVERE ] setting player 1 freeze to 0
[22:32:02.042] [SEVERE ] setting player 1 freeze to 0
[22:32:02.043] [SEVERE ] setting player 1 freeze to 0
[22:32:02.043] [SEVERE ] setting player 1 freeze to 0
[22:32:02.043] [SEVERE ] removing player 1 token from slot 6
[22:32:02.044] [SEVERE ] player 1 placing token on slot 8
[22:32:02.052] [SEVERE ] setting player 4 freeze to 0
[22:32:02.052] [SEVERE ] setting player 4 freeze to 0
[22:32:02.052] [SEVERE ] setting player 4 freeze to 0
[22:32:02.053] [SEVERE ] setting player 4 freeze to 0
[22:32:02.053] [SEVERE ] removing player 4 token from slot 9
[22:32:02.054] [SEVERE ] player 4 placing token on slot 3
[22:32:02.062] [SEVERE ] setting player 3 freeze to 0
[22:32:02.064] [SEVERE ] setting player 3 freeze to 0
[22:32:02.065] [SEVERE ] setting player 3 freeze to 0
[22:32:02.065] [SEVERE ] setting player 3 freeze to 0
[22:32:02.066] [SEVERE ] removing player 3 token from slot 3
[22:32:02.067] [SEVERE ] player 3 placing token on slot 7
[22:32:02.073] [SEVERE ] setting player 2 freeze to 0
[22:32:02.073] [SEVERE ] setting player 2 freeze to 0
[22:32:02.073] [SEVERE ] setting player 2 freeze to 0
[22:32:02.074] [SEVERE ] setting player 2 freeze to 0
[22:32:02.074] [SEVERE ] removing player 2 token from slot 9
[22:32:02.075] [SEVERE ] player 2 placing token on slot 6
[22:32:02.083] [SEVERE ] setting player 1 freeze to 0
[22:32:02.083] [SEVERE ] setting player 1 freeze to 0
[22:32:02.083] [SEVERE ] setting player 1 freeze to 0
[22:32:02.083] [SEVERE ] setting player 1 freeze to 0
[22:32:02.084] [SEVERE ] removing player 1 token from slot 11
[22:32:02.084] [SEVERE ] player 1 placing token on slot 11
[22:32:02.093] [SEVERE ] setting player 4 freeze to 0
[22:32:02.094] [SEVERE ] setting player 4 freeze to 0
[22:32:02.094] [SEVERE ] setting player 4 freeze to 0
[22:32:02.094] [SEVERE ] setting player 4 freeze to 0
[22:32:02.095] [SEVERE ] removing player 4 token from slot 4
[22:32:02.095] [SEVERE ] player 4 placing token on slot 5
[22:32:02.104] [SEVERE ] setting player 3 freeze to 0
[22:32:02.104] [SEVERE ] setting player 3 freeze to 0
[22:32:02.104] [SEVERE ] setting player 3 freeze to 0
[22:32:02.105] [SEVERE ] setting player 3 freeze to 0
[22:32:02.105] [SEVERE ] removing player 3 token from slot 9
[22:32:02.105] [SEVERE ] player 3 placing token on slot 6
[22:32:02.115] [SEVERE ] setting player 2 freeze to 0
[22:32:02.115] [SEVERE ] setting player 2 freeze to 0
[22:32:02.115] [SEVERE ] setting player 2 freeze to 0
[22:32:02.116] [SEVERE ] setting player 2 freeze to 0
[22:32:02.116] [SEVERE ] removing player 2 token from slot 6
[22:32:02.117] [SEVERE ] player 2 placing token on slot 6
[22:32:02.125] [SEVERE ] setting player 1 freeze to 0
[22:32:02.125] [SEVERE ] setting player 1 freeze to 0
[22:32:02.125] [SEVERE ] setting player 1 freeze to 0
[22:32:02.126] [SEVERE ] setting player 1 freeze to 0
[22:32:02.126] [SEVERE ] removing player 1 token from slot 4
[22:32:02.127] [SEVERE ] removing player 1 token from slot 11
[22:32:02.127] [SEVERE ] player 1 placing token on slot 11
[22:32:02.127] [SEVERE ] player 1 placing token on slot 2
[22:32:02.135] [SEVERE ] setting player 4 freeze to 0
[22:32:02.135] [SEVERE ] setting player 4 freeze to 0
[22:32:02.136] [SEVERE ] setting player 4 freeze to 0
[22:32:02.136] [SEVERE ] setting player 4 freeze to 0
[22:32:02.137] [SEVERE ] removing player 4 token from slot 11
[22:32:02.137] [SEVERE ] player 4 placing token on slot 11
[22:32:02.146] [SEVERE ] setting player 3 freeze to 0
[22:32:02.147] [SEVERE ] setting player 3 freeze to 0
[22:32:02.150] [SEVERE ] setting player 3 freeze to 0
[22:32:02.150] [SEVERE ] setting player 3 freeze to 0
[22:32:02.151] [SEVERE ] removing player 3 token from slot 4
[22:32:02.151] [SEVERE ] player 3 placing token on slot 9
[22:32:02.157] [SEVERE ] setting player 2 freeze to 0
[22:32:02.157] [SEVERE ] setting player 2 freeze to 0
[22:32:02.157] [SEVERE ] setting player 2 freeze to 0
[22:32:02.158] [SEVERE ] setting player 2 freeze to 0
[22:32:02.158] [SEVERE ] removing player 2 token from slot 2
[22:32:02.159] [SEVERE ] player 2 placing token on slot 9
[22:32:02.167] [SEVERE ] setting player 1 freeze to 0
[22:32:02.167] [SEVERE ] setting player 1 freeze to 0
[22:32:02.168] [SEVERE ] setting player 1 freeze to 0
[22:32:02.168] [SEVERE ] setting player 1 freeze to 0
[22:32:02.169] [SEVERE ] removing player 1 token from slot 8
[22:32:02.169] [SEVERE ] player 1 placing token on slot 1
[22:32:02.177] [SEVERE ] setting player 4 freeze to 0
[22:32:02.177] [SEVERE ] setting player 4 freeze to 0
[22:32:02.178] [SEVERE ] setting player 4 freeze to 0
[22:32:02.182] [SEVERE ] setting player 4 freeze to 0
[22:32:02.182] [SEVERE ] removing player 4 token from slot 5
[22:32:02.182] [SEVERE ] player 4 placing token on slot 10
[22:32:02.187] [SEVERE ] setting player 3 freeze to 0
[22:32:02.188] [SEVERE ] setting player 3 freeze to 0
[22:32:02.188] [SEVERE ] setting player 3 freeze to 0
[22:32:02.189] [SEVERE ] setting player 3 freeze to 0
[22:32:02.189] [SEVERE ] removing player 3 token from slot 9
[22:32:02.189] [SEVERE ] player 3 placing token on slot 9
[22:32:02.198] [SEVERE ] setting player 2 freeze to 0
[22:32:02.198] [SEVERE ] setting player 2 freeze to 0
[22:32:02.200] [SEVERE ] setting player 2 freeze to 0
[22:32:02.201] [SEVERE ] setting player 2 freeze to 0
[22:32:02.201] [SEVERE ] removing player 2 token from slot 9
[22:32:02.201] [SEVERE ] player 2 placing token on slot 2
[22:32:02.208] [SEVERE ] setting player 1 freeze to 0
[22:32:02.208] [SEVERE ] setting player 1 freeze to 0
[22:32:02.209] [SEVERE ] setting player 1 freeze to 0
[22:32:02.209] [SEVERE ] setting player 1 freeze to 0
[22:32:02.210] [SEVERE ] removing player 1 token from slot 1
[22:32:02.210] [SEVERE ] player 1 placing token on slot 1
[22:32:02.219] [SEVERE ] setting player 4 freeze to 0
[22:32:02.219] [SEVERE ] setting player 4 freeze to 0
[22:32:02.221] [SEVERE ] setting player 4 freeze to 0
[22:32:02.221] [SEVERE ] setting player 4 freeze to 0
[22:32:02.222] [SEVERE ] removing player 4 token from slot 3
[22:32:02.222] [SEVERE ] player 4 placing token on slot 6
[22:32:02.229] [SEVERE ] setting player 3 freeze to 0
[22:32:02.229] [SEVERE ] setting player 3 freeze to 0
[22:32:02.230] [SEVERE ] setting player 3 freeze to 0
[22:32:02.233] [SEVERE ] setting player 3 freeze to 0
[22:32:02.233] [SEVERE ] removing player 3 token from slot 9
[22:32:02.233] [SEVERE ] player 3 placing token on slot 4
[22:32:02.239] [SEVERE ] setting player 2 freeze to 0
[22:32:02.239] [SEVERE ] setting player 2 freeze to 0
[22:32:02.240] [SEVERE ] setting player 2 freeze to 0
[22:32:02.240] [SEVERE ] setting player 2 freeze to 0
[22:32:02.240] [SEVERE ] removing player 2 token from slot 2
[22:32:02.241] [SEVERE ] player 2 placing token on slot 2
[22:32:02.250] [SEVERE ] setting player 1 freeze to 0
[22:32:02.250] [SEVERE ] setting player 1 freeze to 0
[22:32:02.250] [SEVERE ] setting player 1 freeze to 0
[22:32:02.251] [SEVERE ] setting player 1 freeze to 0
[22:32:02.251] [SEVERE ] removing player 1 token from slot 1
[22:32:02.252] [SEVERE ] player 1 placing token on slot 1
[22:32:02.260] [SEVERE ] setting player 4 freeze to 0
[22:32:02.260] [SEVERE ] setting player 4 freeze to 0
[22:32:02.261] [SEVERE ] setting player 4 freeze to 0
[22:32:02.261] [SEVERE ] setting player 4 freeze to 0
[22:32:02.261] [SEVERE ] removing player 4 token from slot 6
[22:32:02.262] [SEVERE ] player 4 placing token on slot 2
[22:32:02.270] [SEVERE ] setting player 3 freeze to 0
[22:32:02.270] [SEVERE ] setting player 3 freeze to 0
[22:32:02.271] [SEVERE ] setting player 3 freeze to 0
[22:32:02.271] [SEVERE ] setting player 3 freeze to 0
[22:32:02.272] [SEVERE ] removing player 3 token from slot 4
[22:32:02.272] [SEVERE ] player 3 placing token on slot 8
[22:32:02.283] [SEVERE ] setting player 2 freeze to 0
[22:32:02.283] [SEVERE ] setting player 2 freeze to 0
[22:32:02.284] [SEVERE ] setting player 2 freeze to 0
[22:32:02.284] [SEVERE ] setting player 2 freeze to 0
[22:32:02.285] [SEVERE ] removing player 2 token from slot 2
[22:32:02.285] [SEVERE ] player 2 placing token on slot 7
[22:32:02.291] [SEVERE ] setting player 1 freeze to 0
[22:32:02.291] [SEVERE ] setting player 1 freeze to 0
[22:32:02.292] [SEVERE ] setting player 1 freeze to 0
[22:32:02.292] [SEVERE ] setting player 1 freeze to 0
[22:32:02.292] [SEVERE ] removing player 1 token from slot 1
[22:32:02.293] [SEVERE ] removing player 1 token from slot 11
[22:32:02.293] [SEVERE ] player 1 placing token on slot 7
[22:32:02.294] [SEVERE ] player 1 placing token on slot 4
[22:32:02.301] [SEVERE ] setting player 4 freeze to 0
[22:32:02.301] [SEVERE ] setting player 4 freeze to 0
[22:32:02.302] [SEVERE ] setting player 4 freeze to 0
[22:32:02.302] [SEVERE ] setting player 4 freeze to 0
[22:32:02.303] [SEVERE ] removing player 4 token from slot 2
[22:32:02.303] [SEVERE ] player 4 placing token on slot 5
[22:32:02.312] [SEVERE ] setting player 3 freeze to 0
[22:32:02.312] [SEVERE ] setting player 3 freeze to 0
[22:32:02.312] [SEVERE ] setting player 3 freeze to 0
[22:32:02.315] [SEVERE ] setting player 3 freeze to 0
[22:32:02.315] [SEVERE ] removing player 3 token from slot 7
[22:32:02.316] [SEVERE ] removing player 3 token from slot 6
[22:32:02.316] [SEVERE ] player 3 placing token on slot 3
[22:32:02.317] [SEVERE ] player 3 placing token on slot 9
[22:32:02.322] [SEVERE ] setting player 2 freeze to 0
[22:32:02.322] [SEVERE ] setting player 2 freeze to 0
[22:32:02.323] [SEVERE ] setting player 2 freeze to 0
[22:32:02.323] [SEVERE ] setting player 2 freeze to 0
[22:32:02.323] [SEVERE ] removing player 2 token from slot 7
[22:32:02.324] [SEVERE ] removing player 2 token from slot 5
[22:32:02.324] [SEVERE ] player 2 placing token on slot 4
[22:32:02.325] [SEVERE ] player 2 placing token on slot 8
[22:32:02.332] [SEVERE ] setting player 1 freeze to 0
[22:32:02.333] [SEVERE ] setting player 1 freeze to 0
[22:32:02.333] [SEVERE ] setting player 1 freeze to 0
[22:32:02.334] [SEVERE ] setting player 1 freeze to 0
[22:32:02.334] [SEVERE ] removing player 1 token from slot 4
[22:32:02.334] [SEVERE ] player 1 placing token on slot 6
[22:32:02.343] [SEVERE ] setting player 4 freeze to 0
[22:32:02.343] [SEVERE ] setting player 4 freeze to 0
[22:32:02.343] [SEVERE ] setting player 4 freeze to 0
[22:32:02.344] [SEVERE ] setting player 4 freeze to 0
[22:32:02.344] [SEVERE ] removing player 4 token from slot 10
[22:32:02.344] [SEVERE ] removing player 4 token from slot 5
[22:32:02.345] [SEVERE ] player 4 placing token on slot 1
[22:32:02.346] [SEVERE ] player 4 placing token on slot 10
[22:32:02.353] [SEVERE ] setting player 3 freeze to 0
[22:32:02.353] [SEVERE ] setting player 3 freeze to 0
[22:32:02.353] [SEVERE ] setting player 3 freeze to 0
[22:32:02.354] [SEVERE ] setting player 3 freeze to 0
[22:32:02.354] [SEVERE ] removing player 3 token from slot 8
[22:32:02.355] [SEVERE ] player 3 placing token on slot 5
[22:32:02.363] [SEVERE ] setting player 2 freeze to 0
[22:32:02.366] [SEVERE ] setting player 2 freeze to 0
[22:32:02.367] [SEVERE ] setting player 2 freeze to 0
[22:32:02.367] [SEVERE ] setting player 2 freeze to 0
[22:32:02.368] [SEVERE ] removing player 2 token from slot 4
[22:32:02.368] [SEVERE ] removing player 2 token from slot 6
[22:32:02.369] [SEVERE ] player 2 placing token on slot 9
[22:32:02.369] [SEVERE ] player 2 placing token on slot 7
[22:32:02.373] [SEVERE ] setting player 1 freeze to 0
[22:32:02.374] [SEVERE ] setting player 1 freeze to 0
[22:32:02.374] [SEVERE ] setting player 1 freeze to 0
[22:32:02.374] [SEVERE ] setting player 1 freeze to 0
[22:32:02.375] [SEVERE ] removing player 1 token from slot 6
[22:32:02.375] [SEVERE ] player 1 placing token on slot 6
[22:32:02.384] [SEVERE ] updating countdown to 5000
[22:32:02.385] [SEVERE ] setting player 4 score to 1
[22:32:02.385] [SEVERE ] setting player 4 freeze to 0
[22:32:02.386] [SEVERE ] setting player 4 freeze to 0
[22:32:02.386] [SEVERE ] removing player 4 token from slot 10
[22:32:02.387] [SEVERE ] player 4 placing token on slot 5
[22:32:15.576] [SEVERE ] removing player 4 token from slot 1
[22:32:15.677] [SEVERE ] removing card from slot 1
[22:32:17.014] [SEVERE ] removing player 4 token from slot 5
[22:32:17.117] [SEVERE ] removing card from slot 5
