[16:26:58.577] [INFO   ] thread main starting.
[16:26:58.587] [SEVERE ] cannot read configuration file config.properties trying from resources.
[16:26:58.590] [SEVERE ] configuration file was loaded from resources directory.
[16:26:59.063] [INFO   ] thread dealer starting.
[16:26:59.069] [INFO   ] Thread dealer starting.
[16:26:59.175] [SEVERE ] placing card 29 in slot 0
[16:26:59.276] [SEVERE ] placing card 67 in slot 1
[16:26:59.377] [SEVERE ] placing card 26 in slot 2
[16:26:59.478] [SEVERE ] placing card 63 in slot 3
[16:26:59.579] [SEVERE ] placing card 61 in slot 4
[16:26:59.679] [SEVERE ] placing card 64 in slot 5
[16:26:59.781] [SEVERE ] placing card 20 in slot 6
[16:26:59.882] [SEVERE ] placing card 39 in slot 7
[16:26:59.983] [SEVERE ] placing card 65 in slot 8
[16:27:00.084] [SEVERE ] placing card 1 in slot 9
[16:27:00.185] [SEVERE ] placing card 32 in slot 10
[16:27:00.286] [SEVERE ] placing card 47 in slot 11
[16:27:00.288] [INFO   ] Thread Thread-1starting.
[16:27:00.289] [SEVERE ] updating countdown to 15000
[16:27:00.289] [INFO   ] Thread Thread-3starting.
[16:27:00.288] [INFO   ] Thread Thread-2starting.
[16:27:00.293] [INFO   ] Thread computer-2 starting.
[16:27:00.291] [INFO   ] Thread computer-0 starting.
[16:27:00.289] [INFO   ] Thread Thread-4starting.
[16:27:00.297] [SEVERE ] player 1 placing token on slot 5
[16:27:00.300] [SEVERE ] player 1 placing token on slot 3
[16:27:00.295] [INFO   ] Thread computer-1 starting.
[16:27:00.295] [SEVERE ] player 3 placing token on slot 9
[16:27:00.305] [SEVERE ] removing player 3 token from slot 9
[16:27:00.306] [SEVERE ] player 3 placing token on slot 7
[16:27:00.307] [SEVERE ] player 3 placing token on slot 10
[16:27:00.309] [SEVERE ] player 3 placing token on slot 4
[16:27:00.303] [SEVERE ] player 2 placing token on slot 11
[16:27:00.313] [SEVERE ] player 2 placing token on slot 8
[16:27:00.301] [SEVERE ] player 1 placing token on slot 11
[16:27:00.299] [INFO   ] Thread computer-3 starting.
[16:27:00.322] [SEVERE ] player 4 placing token on slot 8
[16:27:00.320] [SEVERE ] player 2 placing token on slot 9
[16:27:00.323] [SEVERE ] removing player 4 token from slot 8
[16:27:00.326] [SEVERE ] player 4 placing token on slot 10
[16:27:00.327] [SEVERE ] player 4 placing token on slot 7
[16:27:00.328] [SEVERE ] player 4 placing token on slot 1
[16:27:01.292] [SEVERE ] updating countdown to 13997
[16:27:01.292] [SEVERE ] setting player 3 freeze to 3000
[16:27:02.293] [SEVERE ] setting player 1 freeze to 3000
[16:27:02.293] [SEVERE ] updating countdown to 12996
[16:27:02.294] [SEVERE ] setting player 3 freeze to 2000
[16:27:03.293] [SEVERE ] setting player 1 freeze to 2000
[16:27:03.293] [SEVERE ] setting player 2 freeze to 3000
[16:27:03.293] [SEVERE ] updating countdown to 11996
[16:27:03.295] [SEVERE ] setting player 3 freeze to 1000
[16:27:04.293] [SEVERE ] setting player 1 freeze to 1000
[16:27:04.294] [SEVERE ] setting player 2 freeze to 2000
[16:27:04.295] [SEVERE ] updating countdown to 10994
[16:27:04.295] [SEVERE ] setting player 3 freeze to 0
[16:27:04.302] [SEVERE ] removing player 3 token from slot 7
[16:27:04.302] [SEVERE ] player 3 placing token on slot 11
[16:27:04.295] [SEVERE ] setting player 4 freeze to 3000
[16:27:05.294] [SEVERE ] setting player 1 freeze to 0
[16:27:05.294] [SEVERE ] removing player 1 token from slot 5
[16:27:05.294] [SEVERE ] setting player 2 freeze to 1000
[16:27:05.299] [SEVERE ] player 1 placing token on slot 7
[16:27:05.301] [SEVERE ] updating countdown to 9988
[16:27:05.301] [SEVERE ] setting player 3 freeze to 3000
[16:27:05.306] [SEVERE ] setting player 4 freeze to 2000
[16:27:06.299] [SEVERE ] setting player 2 freeze to 0
[16:27:06.300] [SEVERE ] removing player 2 token from slot 11
[16:27:06.300] [SEVERE ] player 2 placing token on slot 3
[16:27:06.301] [SEVERE ] setting player 1 freeze to 3000
[16:27:06.302] [SEVERE ] setting player 3 freeze to 2000
[16:27:06.301] [SEVERE ] updating countdown to 8988
[16:27:06.307] [SEVERE ] setting player 4 freeze to 1000
[16:27:07.303] [SEVERE ] setting player 1 freeze to 2000
[16:27:07.303] [SEVERE ] setting player 3 freeze to 1000
[16:27:07.304] [SEVERE ] updating countdown to 7985
[16:27:07.304] [SEVERE ] setting player 2 freeze to 3000
[16:27:07.307] [SEVERE ] setting player 4 freeze to 0
[16:27:07.307] [SEVERE ] removing player 4 token from slot 1
[16:27:07.308] [SEVERE ] player 4 placing token on slot 1
[16:27:08.303] [SEVERE ] setting player 1 freeze to 1000
[16:27:08.304] [SEVERE ] setting player 3 freeze to 0
[16:27:08.304] [SEVERE ] removing player 3 token from slot 10
[16:27:08.304] [SEVERE ] player 3 placing token on slot 5
[16:27:08.305] [SEVERE ] updating countdown to 6984
[16:27:08.305] [SEVERE ] setting player 4 freeze to 3000
[16:27:08.305] [SEVERE ] setting player 2 freeze to 2000
[16:27:09.304] [SEVERE ] setting player 1 freeze to 0
[16:27:09.304] [SEVERE ] removing player 1 token from slot 7
[16:27:09.304] [SEVERE ] player 1 placing token on slot 10
[16:27:09.305] [SEVERE ] setting player 3 freeze to 3000
[16:27:09.305] [SEVERE ] setting player 2 freeze to 1000
[16:27:09.305] [SEVERE ] setting player 4 freeze to 2000
[16:27:09.305] [SEVERE ] updating countdown to 5984
[16:27:10.306] [SEVERE ] setting player 3 freeze to 2000
[16:27:10.306] [SEVERE ] setting player 4 freeze to 1000
[16:27:10.306] [SEVERE ] setting player 2 freeze to 0
[16:27:10.309] [SEVERE ] removing player 2 token from slot 8
[16:27:10.310] [SEVERE ] player 2 placing token on slot 4
[16:27:10.307] [SEVERE ] setting player 1 freeze to 3000
[16:27:10.319] [SEVERE ] setting player 2 freeze to 3000
[16:27:11.308] [SEVERE ] setting player 3 freeze to 1000
[16:27:11.313] [SEVERE ] setting player 1 freeze to 2000
[16:27:11.314] [SEVERE ] setting player 4 freeze to 0
[16:27:11.315] [SEVERE ] removing player 4 token from slot 10
[16:27:11.316] [SEVERE ] player 4 placing token on slot 10
[16:27:11.320] [SEVERE ] setting player 2 freeze to 2000
[16:27:11.323] [SEVERE ] setting player 4 freeze to 3000
[16:27:12.309] [SEVERE ] setting player 3 freeze to 0
[16:27:12.309] [SEVERE ] removing player 3 token from slot 4
[16:27:12.310] [SEVERE ] player 3 placing token on slot 7
[16:27:12.313] [SEVERE ] setting player 1 freeze to 1000
[16:27:12.316] [SEVERE ] setting player 3 freeze to 3000
[16:27:12.320] [SEVERE ] setting player 2 freeze to 1000
[16:27:12.323] [SEVERE ] setting player 4 freeze to 2000
[16:27:13.289] [SEVERE ] updating countdown to 2000
[16:27:13.313] [SEVERE ] setting player 1 freeze to 0
[16:27:13.314] [SEVERE ] removing player 1 token from slot 3
[16:27:13.315] [SEVERE ] player 1 placing token on slot 3
[16:27:13.316] [SEVERE ] setting player 3 freeze to 2000
[16:27:13.320] [SEVERE ] setting player 1 freeze to 3000
[16:27:13.320] [SEVERE ] setting player 2 freeze to 0
[16:27:13.321] [SEVERE ] removing player 2 token from slot 3
[16:27:13.321] [SEVERE ] player 2 placing token on slot 2
[16:27:13.324] [SEVERE ] setting player 4 freeze to 1000
[16:27:13.330] [SEVERE ] setting player 2 freeze to 3000
[16:27:14.317] [SEVERE ] setting player 3 freeze to 1000
[16:27:14.320] [SEVERE ] setting player 1 freeze to 2000
[16:27:14.324] [SEVERE ] setting player 4 freeze to 0
[16:27:14.324] [SEVERE ] removing player 4 token from slot 7
[16:27:14.325] [SEVERE ] removing player 4 token from slot 10
[16:27:14.326] [SEVERE ] player 4 placing token on slot 4
[16:27:14.326] [SEVERE ] player 4 placing token on slot 7
[16:27:14.330] [SEVERE ] setting player 2 freeze to 2000
[16:27:14.331] [SEVERE ] setting player 4 freeze to 3000
[16:27:15.290] [SEVERE ] updating countdown to 15000
[16:27:15.290] [SEVERE ] updating countdown to 15000
[16:27:15.317] [SEVERE ] setting player 3 freeze to 0
[16:27:15.317] [SEVERE ] removing player 3 token from slot 7
[16:27:15.318] [SEVERE ] removing player 3 token from slot 11
[16:27:15.319] [SEVERE ] player 3 placing token on slot 4
[16:27:15.320] [SEVERE ] player 3 placing token on slot 11
[16:27:15.321] [SEVERE ] setting player 1 freeze to 1000
[16:27:15.331] [SEVERE ] setting player 2 freeze to 1000
[16:27:15.332] [SEVERE ] setting player 4 freeze to 2000
[16:27:15.391] [SEVERE ] removing card from slot 0
[16:27:15.491] [SEVERE ] removing card from slot 1
[16:27:15.592] [SEVERE ] removing card from slot 2
[16:27:15.692] [SEVERE ] removing card from slot 3
[16:27:15.792] [SEVERE ] removing card from slot 4
[16:27:15.893] [SEVERE ] removing card from slot 5
[16:27:15.993] [SEVERE ] removing card from slot 6
[16:27:16.093] [SEVERE ] removing card from slot 7
[16:27:16.194] [SEVERE ] removing card from slot 8
[16:27:16.294] [SEVERE ] removing card from slot 9
[16:27:16.322] [SEVERE ] setting player 1 freeze to 0
[16:27:16.322] [SEVERE ] removing player 1 token from slot 11
[16:27:16.323] [SEVERE ] player 1 placing token on slot 7
[16:27:16.331] [SEVERE ] setting player 2 freeze to 0
[16:27:16.331] [SEVERE ] removing player 2 token from slot 9
[16:27:16.332] [SEVERE ] player 2 placing token on slot 7
[16:27:16.332] [SEVERE ] setting player 4 freeze to 1000
[16:27:16.394] [SEVERE ] removing card from slot 10
[16:27:16.494] [SEVERE ] removing card from slot 11
[16:27:16.495] [SEVERE ] removing all tokens
[16:27:16.595] [SEVERE ] placing card 28 in slot 0
[16:27:16.695] [SEVERE ] placing card 14 in slot 1
[16:27:16.796] [SEVERE ] placing card 27 in slot 2
[16:27:16.896] [SEVERE ] placing card 31 in slot 3
[16:27:16.997] [SEVERE ] placing card 74 in slot 4
[16:27:17.097] [SEVERE ] placing card 4 in slot 5
[16:27:17.197] [SEVERE ] placing card 9 in slot 6
[16:27:17.298] [SEVERE ] placing card 42 in slot 7
[16:27:17.333] [SEVERE ] setting player 4 freeze to 0
[16:27:17.333] [SEVERE ] player 4 placing token on slot 1
[16:27:17.333] [SEVERE ] player 4 placing token on slot 3
[16:27:17.334] [SEVERE ] player 4 placing token on slot 7
[16:27:17.398] [SEVERE ] placing card 6 in slot 8
[16:27:17.499] [SEVERE ] placing card 41 in slot 9
[16:27:17.599] [SEVERE ] placing card 8 in slot 10
[16:27:17.699] [SEVERE ] placing card 51 in slot 11
[16:27:17.701] [INFO   ] Thread Thread-5starting.
[16:27:17.701] [INFO   ] Thread Thread-7starting.
[16:27:17.701] [SEVERE ] updating countdown to 15000
[16:27:17.700] [INFO   ] Thread Thread-6starting.
[16:27:17.701] [INFO   ] Thread Thread-8starting.
[16:27:17.713] [INFO   ] Thread computer-0 starting.
[16:27:17.715] [SEVERE ] player 1 placing token on slot 4
[16:27:17.716] [SEVERE ] player 1 placing token on slot 11
[16:27:17.718] [SEVERE ] removing player 1 token from slot 11
[16:27:17.719] [SEVERE ] player 1 placing token on slot 3
[16:27:17.720] [SEVERE ] player 1 placing token on slot 10
[16:27:17.717] [INFO   ] Thread computer-2 starting.
[16:27:17.722] [SEVERE ] player 3 placing token on slot 3
[16:27:17.723] [SEVERE ] player 3 placing token on slot 11
[16:27:17.725] [INFO   ] Thread computer-3 starting.
[16:27:17.733] [INFO   ] Thread computer-1 starting.
[16:27:17.733] [SEVERE ] player 3 placing token on slot 6
[16:27:17.734] [SEVERE ] player 2 placing token on slot 4
[16:27:17.733] [SEVERE ] removing player 4 token from slot 7
[16:27:17.734] [SEVERE ] player 2 placing token on slot 11
[16:27:17.735] [SEVERE ] player 4 placing token on slot 6
[16:27:17.736] [SEVERE ] player 2 placing token on slot 10
[16:27:18.705] [SEVERE ] setting player 3 freeze to 3000
[16:27:18.705] [SEVERE ] setting player 3 freeze to 3000
[16:27:18.705] [SEVERE ] updating countdown to 13996
[16:27:19.705] [SEVERE ] setting player 3 freeze to 2000
[16:27:19.705] [SEVERE ] setting player 3 freeze to 2000
[16:27:19.706] [SEVERE ] setting player 1 freeze to 3000
[16:27:19.706] [SEVERE ] updating countdown to 12995
[16:27:19.707] [SEVERE ] setting player 1 freeze to 3000
[16:27:20.706] [SEVERE ] setting player 3 freeze to 1000
[16:27:20.707] [SEVERE ] setting player 3 freeze to 1000
[16:27:20.717] [SEVERE ] setting player 1 freeze to 2000
[16:27:20.717] [SEVERE ] setting player 2 freeze to 3000
[16:27:20.717] [SEVERE ] setting player 2 freeze to 3000
[16:27:20.717] [SEVERE ] updating countdown to 11984
[16:27:20.720] [SEVERE ] setting player 1 freeze to 2000
[16:27:21.706] [SEVERE ] setting player 3 freeze to 0
[16:27:21.706] [SEVERE ] removing player 3 token from slot 3
[16:27:21.706] [SEVERE ] player 3 placing token on slot 10
[16:27:21.707] [SEVERE ] setting player 3 freeze to 0
[16:27:21.718] [SEVERE ] setting player 1 freeze to 1000
[16:27:21.721] [SEVERE ] setting player 2 freeze to 2000
[16:27:21.721] [SEVERE ] setting player 2 freeze to 2000
[16:27:21.722] [SEVERE ] setting player 4 freeze to 3000
[16:27:21.722] [SEVERE ] updating countdown to 10979
[16:27:21.722] [SEVERE ] setting player 4 freeze to 3000
[16:27:21.723] [SEVERE ] setting player 1 freeze to 1000
[16:27:22.718] [SEVERE ] setting player 1 freeze to 0
[16:27:22.721] [SEVERE ] setting player 2 freeze to 1000
[16:27:22.722] [SEVERE ] setting player 2 freeze to 1000
[16:27:22.722] [SEVERE ] setting player 4 freeze to 2000
[16:27:22.723] [SEVERE ] updating countdown to 9978
[16:27:22.726] [SEVERE ] setting player 1 freeze to 0
[16:27:22.726] [SEVERE ] removing player 1 token from slot 4
[16:27:22.729] [SEVERE ] player 1 placing token on slot 7
[16:27:22.726] [SEVERE ] setting player 4 freeze to 2000
[16:27:22.726] [SEVERE ] setting player 1 freeze to 3000
[16:27:22.732] [SEVERE ] removing player 1 token from slot 10
[16:27:22.738] [SEVERE ] player 1 placing token on slot 11
[16:27:23.723] [SEVERE ] setting player 4 freeze to 1000
[16:27:23.723] [SEVERE ] setting player 2 freeze to 0
[16:27:23.724] [SEVERE ] setting player 3 freeze to 3000
[16:27:23.724] [SEVERE ] removing player 2 token from slot 11
[16:27:23.724] [SEVERE ] player 2 placing token on slot 3
[16:27:23.724] [SEVERE ] setting player 2 freeze to 0
[16:27:23.724] [SEVERE ] setting player 3 freeze to 3000
[16:27:23.724] [SEVERE ] updating countdown to 8977
[16:27:23.733] [SEVERE ] setting player 4 freeze to 1000
[16:27:23.733] [SEVERE ] setting player 1 freeze to 2000
[16:27:24.723] [SEVERE ] setting player 4 freeze to 0
[16:27:24.724] [SEVERE ] setting player 3 freeze to 2000
[16:27:24.724] [SEVERE ] removing player 4 token from slot 6
[16:27:24.725] [SEVERE ] player 4 placing token on slot 4
[16:27:24.732] [SEVERE ] setting player 3 freeze to 2000
[16:27:24.733] [SEVERE ] setting player 4 freeze to 0
[16:27:24.734] [SEVERE ] removing player 4 token from slot 3
[16:27:24.735] [SEVERE ] player 4 placing token on slot 3
[16:27:24.733] [SEVERE ] updating countdown to 7968
[16:27:24.733] [SEVERE ] setting player 4 freeze to 3000
[16:27:24.733] [SEVERE ] setting player 1 freeze to 1000
[16:27:25.724] [SEVERE ] setting player 3 freeze to 1000
[16:27:25.733] [SEVERE ] setting player 3 freeze to 1000
[16:27:25.738] [SEVERE ] setting player 2 freeze to 3000
[16:27:25.738] [SEVERE ] setting player 2 freeze to 3000
[16:27:25.739] [SEVERE ] setting player 4 freeze to 2000
[16:27:25.738] [SEVERE ] updating countdown to 6963
[16:27:25.740] [SEVERE ] setting player 1 freeze to 0
[16:27:26.724] [SEVERE ] setting player 3 freeze to 0
[16:27:26.725] [SEVERE ] removing player 3 token from slot 11
[16:27:26.725] [SEVERE ] player 3 placing token on slot 2
[16:27:26.733] [SEVERE ] setting player 3 freeze to 0
[16:27:26.738] [SEVERE ] setting player 2 freeze to 2000
[16:27:26.739] [SEVERE ] setting player 2 freeze to 2000
[16:27:26.740] [SEVERE ] setting player 4 freeze to 1000
[16:27:26.741] [SEVERE ] setting player 3 freeze to 3000
[16:27:26.741] [SEVERE ] updating countdown to 5960
[16:27:26.741] [SEVERE ] setting player 3 freeze to 3000
[16:27:27.739] [SEVERE ] setting player 2 freeze to 1000
[16:27:27.739] [SEVERE ] setting player 2 freeze to 1000
[16:27:27.740] [SEVERE ] setting player 4 freeze to 0
[16:27:27.742] [SEVERE ] setting player 1 freeze to 3000
[16:27:27.742] [SEVERE ] setting player 3 freeze to 2000
[16:27:27.744] [SEVERE ] setting player 3 freeze to 2000
[16:27:27.742] [SEVERE ] setting player 1 freeze to 3000
[16:27:27.772] [SEVERE ] setting player 4 freeze to 3000
[16:27:27.772] [SEVERE ] setting player 4 freeze to 3000
[16:27:28.739] [SEVERE ] setting player 2 freeze to 0
[16:27:28.739] [SEVERE ] setting player 2 freeze to 0
[16:27:28.740] [SEVERE ] removing player 2 token from slot 3
[16:27:28.741] [SEVERE ] player 2 placing token on slot 7
[16:27:28.741] [SEVERE ] removing player 2 token from slot 4
[16:27:28.742] [SEVERE ] player 2 placing token on slot 5
[16:27:28.742] [SEVERE ] setting player 1 freeze to 2000
[16:27:28.742] [SEVERE ] setting player 3 freeze to 1000
[16:27:28.744] [SEVERE ] setting player 1 freeze to 2000
[16:27:28.744] [SEVERE ] setting player 3 freeze to 1000
[16:27:28.747] [SEVERE ] setting player 2 freeze to 3000
[16:27:28.750] [SEVERE ] setting player 2 freeze to 3000
[16:27:28.772] [SEVERE ] setting player 4 freeze to 2000
[16:27:28.774] [SEVERE ] setting player 4 freeze to 2000
[16:27:29.742] [SEVERE ] setting player 1 freeze to 1000
[16:27:29.742] [SEVERE ] setting player 3 freeze to 0
[16:27:29.744] [SEVERE ] setting player 3 freeze to 0
[16:27:29.744] [SEVERE ] removing player 3 token from slot 2
[16:27:29.744] [SEVERE ] setting player 1 freeze to 1000
[16:27:29.747] [SEVERE ] setting player 2 freeze to 2000
[16:27:29.747] [SEVERE ] player 3 placing token on slot 1
[16:27:29.750] [SEVERE ] removing player 3 token from slot 1
[16:27:29.751] [SEVERE ] removing player 3 token from slot 6
[16:27:29.752] [SEVERE ] player 3 placing token on slot 9
[16:27:29.751] [SEVERE ] setting player 2 freeze to 2000
[16:27:29.753] [SEVERE ] player 3 placing token on slot 11
[16:27:29.757] [SEVERE ] setting player 3 freeze to 3000
[16:27:29.757] [SEVERE ] setting player 3 freeze to 3000
[16:27:29.773] [SEVERE ] setting player 4 freeze to 1000
[16:27:29.774] [SEVERE ] setting player 4 freeze to 1000
[16:27:30.742] [SEVERE ] setting player 1 freeze to 0
[16:27:30.748] [SEVERE ] setting player 1 freeze to 0
[16:27:30.749] [SEVERE ] setting player 2 freeze to 1000
[16:27:30.753] [SEVERE ] removing player 1 token from slot 7
[16:27:30.753] [SEVERE ] setting player 2 freeze to 1000
[16:27:30.754] [SEVERE ] player 1 placing token on slot 6
[16:27:30.756] [SEVERE ] removing player 1 token from slot 11
[16:27:30.757] [SEVERE ] player 1 placing token on slot 7
[16:27:30.762] [SEVERE ] setting player 3 freeze to 2000
[16:27:30.768] [SEVERE ] setting player 3 freeze to 2000
[16:27:30.773] [SEVERE ] setting player 4 freeze to 0
[16:27:30.773] [SEVERE ] removing player 4 token from slot 4
[16:27:30.774] [SEVERE ] player 4 placing token on slot 11
[16:27:30.775] [SEVERE ] setting player 4 freeze to 0
[16:27:30.775] [SEVERE ] removing player 4 token from slot 1
[16:27:30.777] [SEVERE ] setting player 1 freeze to 3000
[16:27:30.777] [SEVERE ] setting player 1 freeze to 3000
[16:27:30.777] [SEVERE ] player 4 placing token on slot 8
[16:27:30.797] [SEVERE ] setting player 4 freeze to 3000
[16:27:30.798] [SEVERE ] setting player 4 freeze to 3000
[16:27:31.749] [SEVERE ] setting player 2 freeze to 0
[16:27:31.749] [SEVERE ] removing player 2 token from slot 10
[16:27:31.752] [SEVERE ] player 2 placing token on slot 11
[16:27:31.753] [SEVERE ] removing player 2 token from slot 5
[16:27:31.753] [SEVERE ] player 2 placing token on slot 6
[16:27:31.755] [SEVERE ] setting player 2 freeze to 0
[16:27:31.761] [SEVERE ] setting player 2 freeze to 3000
[16:27:31.762] [SEVERE ] setting player 3 freeze to 1000
[16:27:31.761] [SEVERE ] setting player 2 freeze to 3000
[16:27:31.768] [SEVERE ] setting player 3 freeze to 1000
[16:27:31.778] [SEVERE ] setting player 1 freeze to 2000
[16:27:31.779] [SEVERE ] setting player 1 freeze to 2000
[16:27:31.797] [SEVERE ] setting player 4 freeze to 2000
[16:27:31.798] [SEVERE ] setting player 4 freeze to 2000
[16:27:32.702] [SEVERE ] updating countdown to 15000
[16:27:32.702] [SEVERE ] updating countdown to 15000
[16:27:32.768] [SEVERE ] setting player 2 freeze to 2000
[16:27:32.769] [SEVERE ] setting player 3 freeze to 0
[16:27:32.769] [SEVERE ] removing player 3 token from slot 10
[16:27:32.769] [SEVERE ] player 3 placing token on slot 2
[16:27:32.770] [SEVERE ] removing player 3 token from slot 2
[16:27:32.770] [SEVERE ] player 3 placing token on slot 8
[16:27:32.771] [SEVERE ] setting player 3 freeze to 0
[16:27:32.773] [SEVERE ] setting player 2 freeze to 2000
[16:27:32.778] [SEVERE ] setting player 1 freeze to 1000
[16:27:32.779] [SEVERE ] setting player 1 freeze to 1000
[16:27:32.797] [SEVERE ] setting player 4 freeze to 1000
[16:27:32.798] [SEVERE ] setting player 4 freeze to 1000
[16:27:32.803] [SEVERE ] removing card from slot 0
[16:27:32.903] [SEVERE ] removing card from slot 1
[16:27:33.003] [SEVERE ] removing card from slot 2
[16:27:33.104] [SEVERE ] removing card from slot 3
[16:27:33.204] [SEVERE ] removing card from slot 4
[16:27:33.304] [SEVERE ] removing card from slot 5
[16:27:33.404] [SEVERE ] removing card from slot 6
[16:27:33.505] [SEVERE ] removing card from slot 7
[16:27:33.605] [SEVERE ] removing card from slot 8
[16:27:33.705] [SEVERE ] removing card from slot 9
[16:27:33.768] [SEVERE ] setting player 2 freeze to 1000
[16:27:33.773] [SEVERE ] setting player 2 freeze to 1000
[16:27:33.779] [SEVERE ] setting player 1 freeze to 0
[16:27:33.779] [SEVERE ] removing player 1 token from slot 6
[16:27:33.779] [SEVERE ] player 1 placing token on slot 8
[16:27:33.779] [SEVERE ] setting player 1 freeze to 0
[16:27:33.780] [SEVERE ] removing player 1 token from slot 3
[16:27:33.797] [SEVERE ] removing player 1 token from slot 8
[16:27:33.798] [SEVERE ] player 1 placing token on slot 5
[16:27:33.798] [SEVERE ] player 1 placing token on slot 11
[16:27:33.797] [SEVERE ] setting player 4 freeze to 0
[16:27:33.798] [SEVERE ] removing player 4 token from slot 8
[16:27:33.798] [SEVERE ] removing player 4 token from slot 11
[16:27:33.798] [SEVERE ] player 4 placing token on slot 4
[16:27:33.798] [SEVERE ] player 4 placing token on slot 6
[16:27:33.798] [SEVERE ] removing player 4 token from slot 4
[16:27:33.798] [SEVERE ] removing player 4 token from slot 6
[16:27:33.798] [SEVERE ] player 4 placing token on slot 11
[16:27:33.798] [SEVERE ] player 4 placing token on slot 10
[16:27:33.802] [SEVERE ] setting player 4 freeze to 0
[16:27:33.806] [SEVERE ] removing card from slot 10
[16:27:33.906] [SEVERE ] removing card from slot 11
[16:27:33.906] [SEVERE ] removing all tokens
[16:27:34.006] [SEVERE ] placing card 63 in slot 0
[16:27:34.106] [SEVERE ] placing card 37 in slot 1
[16:27:34.207] [SEVERE ] placing card 30 in slot 2
[16:27:34.307] [SEVERE ] placing card 77 in slot 3
[16:27:34.407] [SEVERE ] placing card 0 in slot 4
[16:27:34.507] [SEVERE ] placing card 53 in slot 5
[16:27:34.607] [SEVERE ] placing card 40 in slot 6
[16:27:34.708] [SEVERE ] placing card 79 in slot 7
[16:27:34.768] [SEVERE ] setting player 2 freeze to 0
[16:27:34.768] [SEVERE ] player 2 placing token on slot 5
[16:27:34.773] [SEVERE ] setting player 2 freeze to 0
[16:27:34.781] [SEVERE ] player 2 placing token on slot 2
[16:27:34.782] [SEVERE ] player 2 placing token on slot 3
[16:27:34.782] [SEVERE ] removing player 2 token from slot 2
[16:27:34.782] [SEVERE ] player 2 placing token on slot 7
[16:27:34.808] [SEVERE ] placing card 33 in slot 8
[16:27:34.909] [SEVERE ] placing card 58 in slot 9
[16:27:35.009] [SEVERE ] placing card 66 in slot 10
[16:27:35.109] [SEVERE ] placing card 43 in slot 11
[16:27:35.113] [INFO   ] Thread Thread-9starting.
[16:27:35.121] [INFO   ] Thread Thread-10starting.
[16:27:35.137] [INFO   ] Thread Thread-11starting.
[16:27:35.148] [SEVERE ] updating countdown to 15000
[16:27:35.148] [INFO   ] Thread Thread-12starting.
[16:27:35.157] [INFO   ] Thread computer-0 starting.
[16:27:35.157] [SEVERE ] player 1 placing token on slot 6
[16:27:35.158] [SEVERE ] player 1 placing token on slot 3
[16:27:35.158] [SEVERE ] player 1 placing token on slot 8
[16:27:35.169] [INFO   ] Thread computer-2 starting.
[16:27:35.169] [SEVERE ] player 3 placing token on slot 4
[16:27:35.170] [SEVERE ] player 3 placing token on slot 10
[16:27:35.171] [SEVERE ] player 3 placing token on slot 7
[16:27:35.181] [INFO   ] Thread computer-1 starting.
[16:27:35.181] [SEVERE ] removing player 2 token from slot 5
[16:27:35.182] [SEVERE ] player 2 placing token on slot 9
[16:27:35.201] [INFO   ] Thread computer-3 starting.
[16:27:35.201] [SEVERE ] player 4 placing token on slot 8
[16:27:35.202] [SEVERE ] player 4 placing token on slot 1
[16:27:35.203] [SEVERE ] player 4 placing token on slot 4
[16:27:36.148] [SEVERE ] updating countdown to 14000
[16:27:36.148] [SEVERE ] setting player 3 freeze to 3000
[16:27:36.148] [SEVERE ] setting player 3 freeze to 3000
[16:27:36.161] [SEVERE ] setting player 3 freeze to 3000
[16:27:37.148] [SEVERE ] updating countdown to 13000
[16:27:37.149] [SEVERE ] setting player 3 freeze to 2000
[16:27:37.149] [SEVERE ] setting player 3 freeze to 2000
[16:27:37.161] [SEVERE ] setting player 3 freeze to 2000
[16:27:38.148] [SEVERE ] setting player 1 freeze to 3000
[16:27:38.149] [SEVERE ] setting player 3 freeze to 1000
[16:27:38.150] [SEVERE ] setting player 3 freeze to 1000
[16:27:38.148] [SEVERE ] updating countdown to 12000
[16:27:38.148] [SEVERE ] setting player 1 freeze to 3000
[16:27:38.148] [SEVERE ] setting player 1 freeze to 3000
[16:27:38.161] [SEVERE ] setting player 3 freeze to 1000
[16:27:39.149] [SEVERE ] setting player 1 freeze to 2000
[16:27:39.153] [SEVERE ] setting player 3 freeze to 0
[16:27:39.157] [SEVERE ] removing player 3 token from slot 4
[16:27:39.157] [SEVERE ] player 3 placing token on slot 6
[16:27:39.157] [SEVERE ] removing player 3 token from slot 6
[16:27:39.157] [SEVERE ] updating countdown to 10991
[16:27:39.157] [SEVERE ] setting player 3 freeze to 0
[16:27:39.158] [SEVERE ] player 3 placing token on slot 11
[16:27:39.162] [SEVERE ] setting player 3 freeze to 0
[16:27:39.161] [SEVERE ] setting player 1 freeze to 2000
[16:27:39.161] [SEVERE ] setting player 1 freeze to 2000
[16:27:40.149] [SEVERE ] setting player 1 freeze to 1000
[16:27:40.159] [SEVERE ] setting player 4 freeze to 3000
[16:27:40.159] [SEVERE ] updating countdown to 9989
[16:27:40.161] [SEVERE ] setting player 4 freeze to 3000
[16:27:40.159] [SEVERE ] setting player 4 freeze to 3000
[16:27:40.169] [SEVERE ] setting player 1 freeze to 1000
[16:27:40.170] [SEVERE ] setting player 1 freeze to 1000
[16:27:41.149] [SEVERE ] setting player 1 freeze to 0
[16:27:41.150] [SEVERE ] removing player 1 token from slot 6
[16:27:41.159] [SEVERE ] player 1 placing token on slot 7
[16:27:41.160] [SEVERE ] removing player 1 token from slot 7
[16:27:41.160] [SEVERE ] updating countdown to 8988
[16:27:41.161] [SEVERE ] setting player 4 freeze to 2000
[16:27:41.161] [SEVERE ] player 1 placing token on slot 2
[16:27:41.169] [SEVERE ] setting player 4 freeze to 2000
[16:27:41.170] [SEVERE ] setting player 1 freeze to 0
[16:27:41.172] [SEVERE ] setting player 4 freeze to 2000
[16:27:41.177] [SEVERE ] setting player 1 freeze to 0
[16:27:42.163] [SEVERE ] setting player 2 freeze to 3000
[16:27:42.163] [SEVERE ] updating countdown to 7985
[16:27:42.164] [SEVERE ] setting player 4 freeze to 1000
[16:27:42.169] [SEVERE ] setting player 4 freeze to 1000
[16:27:42.172] [SEVERE ] setting player 4 freeze to 1000
[16:27:42.173] [SEVERE ] setting player 2 freeze to 3000
[16:27:42.177] [SEVERE ] setting player 2 freeze to 3000
[16:27:43.163] [SEVERE ] setting player 2 freeze to 2000
[16:27:43.164] [SEVERE ] updating countdown to 6984
[16:27:43.165] [SEVERE ] setting player 4 freeze to 0
[16:27:43.169] [SEVERE ] setting player 4 freeze to 0
[16:27:43.172] [SEVERE ] setting player 4 freeze to 0
[16:27:43.173] [SEVERE ] setting player 2 freeze to 2000
[16:27:43.177] [SEVERE ] removing player 4 token from slot 8
[16:27:43.177] [SEVERE ] setting player 2 freeze to 2000
[16:27:43.177] [SEVERE ] player 4 placing token on slot 8
[16:27:43.180] [SEVERE ] removing player 4 token from slot 8
[16:27:43.181] [SEVERE ] player 4 placing token on slot 11
[16:27:44.164] [SEVERE ] setting player 2 freeze to 1000
[16:27:44.165] [SEVERE ] setting player 1 freeze to 3000
[16:27:44.165] [SEVERE ] updating countdown to 5983
[16:27:44.165] [SEVERE ] setting player 1 freeze to 3000
[16:27:44.174] [SEVERE ] setting player 2 freeze to 1000
[16:27:44.165] [SEVERE ] setting player 1 freeze to 3000
[16:27:44.178] [SEVERE ] setting player 2 freeze to 1000
[16:27:45.164] [SEVERE ] setting player 2 freeze to 0
[16:27:45.164] [SEVERE ] removing player 2 token from slot 3
[16:27:45.165] [SEVERE ] setting player 1 freeze to 2000
[16:27:45.166] [SEVERE ] player 2 placing token on slot 11
[16:27:45.166] [SEVERE ] setting player 3 freeze to 3000
[16:27:45.177] [SEVERE ] setting player 1 freeze to 2000
[16:27:45.166] [SEVERE ] setting player 3 freeze to 3000
[16:27:45.167] [SEVERE ] setting player 1 freeze to 2000
[16:27:45.166] [SEVERE ] setting player 3 freeze to 3000
[16:27:45.167] [SEVERE ] removing player 2 token from slot 9
[16:27:45.178] [SEVERE ] setting player 2 freeze to 0
[16:27:45.174] [SEVERE ] setting player 2 freeze to 0
[16:27:45.182] [SEVERE ] player 2 placing token on slot 9
[16:27:45.184] [SEVERE ] setting player 2 freeze to 3000
[16:27:45.185] [SEVERE ] setting player 2 freeze to 3000
[16:27:45.185] [SEVERE ] setting player 2 freeze to 3000
[16:27:45.195] [SEVERE ] setting player 4 freeze to 3000
[16:27:45.195] [SEVERE ] setting player 4 freeze to 3000
[16:27:45.195] [SEVERE ] setting player 4 freeze to 3000
[16:27:46.166] [SEVERE ] setting player 1 freeze to 1000
[16:27:46.167] [SEVERE ] setting player 3 freeze to 2000
[16:27:46.179] [SEVERE ] setting player 1 freeze to 1000
[16:27:46.179] [SEVERE ] setting player 3 freeze to 2000
[16:27:46.180] [SEVERE ] setting player 1 freeze to 1000
[16:27:46.181] [SEVERE ] setting player 3 freeze to 2000
[16:27:46.185] [SEVERE ] setting player 2 freeze to 2000
[16:27:46.189] [SEVERE ] setting player 2 freeze to 2000
[16:27:46.190] [SEVERE ] setting player 2 freeze to 2000
[16:27:46.195] [SEVERE ] setting player 4 freeze to 2000
[16:27:46.196] [SEVERE ] setting player 4 freeze to 2000
[16:27:46.197] [SEVERE ] setting player 4 freeze to 2000
[16:27:47.166] [SEVERE ] setting player 1 freeze to 0
[16:27:47.166] [SEVERE ] removing player 1 token from slot 2
[16:27:47.167] [SEVERE ] removing player 1 token from slot 8
[16:27:47.167] [SEVERE ] player 1 placing token on slot 6
[16:27:47.168] [SEVERE ] setting player 3 freeze to 1000
[16:27:47.168] [SEVERE ] player 1 placing token on slot 10
[16:27:47.173] [SEVERE ] removing player 1 token from slot 3
[16:27:47.173] [SEVERE ] player 1 placing token on slot 8
[16:27:47.179] [SEVERE ] setting player 1 freeze to 0
[16:27:47.179] [SEVERE ] removing player 1 token from slot 10
[16:27:47.179] [SEVERE ] player 1 placing token on slot 4
[16:27:47.182] [SEVERE ] setting player 3 freeze to 1000
[16:27:47.181] [SEVERE ] setting player 1 freeze to 0
[16:27:47.183] [SEVERE ] removing player 1 token from slot 4
[16:27:47.184] [SEVERE ] player 1 placing token on slot 3
[16:27:47.185] [SEVERE ] setting player 2 freeze to 1000
[16:27:47.189] [SEVERE ] setting player 1 freeze to 3000
[16:27:47.180] [SEVERE ] setting player 3 freeze to 1000
[16:27:47.189] [SEVERE ] setting player 2 freeze to 1000
[16:27:47.193] [SEVERE ] setting player 2 freeze to 1000
[16:27:47.195] [SEVERE ] setting player 4 freeze to 1000
[16:27:47.189] [SEVERE ] setting player 1 freeze to 3000
[16:27:47.196] [SEVERE ] setting player 4 freeze to 1000
[16:27:47.197] [SEVERE ] setting player 4 freeze to 1000
[16:27:47.189] [SEVERE ] setting player 1 freeze to 3000
[16:27:48.168] [SEVERE ] setting player 3 freeze to 0
[16:27:48.169] [SEVERE ] removing player 3 token from slot 11
[16:27:48.169] [SEVERE ] player 3 placing token on slot 9
[16:27:48.171] [SEVERE ] removing player 3 token from slot 7
[16:27:48.173] [SEVERE ] player 3 placing token on slot 7
[16:27:48.176] [SEVERE ] setting player 3 freeze to 3000
[16:27:48.183] [SEVERE ] setting player 3 freeze to 0
[16:27:48.183] [SEVERE ] removing player 3 token from slot 10
[16:27:48.184] [SEVERE ] player 3 placing token on slot 10
[16:27:48.185] [SEVERE ] removing player 3 token from slot 9
[16:27:48.185] [SEVERE ] removing player 3 token from slot 10
[16:27:48.186] [SEVERE ] setting player 2 freeze to 0
[16:27:48.186] [SEVERE ] removing player 2 token from slot 7
[16:27:48.187] [SEVERE ] player 2 placing token on slot 1
[16:27:48.187] [SEVERE ] removing player 2 token from slot 9
[16:27:48.188] [SEVERE ] player 2 placing token on slot 8
[16:27:48.189] [SEVERE ] setting player 1 freeze to 2000
[16:27:48.189] [SEVERE ] removing player 2 token from slot 11
[16:27:48.189] [SEVERE ] setting player 3 freeze to 0
[16:27:48.191] [SEVERE ] player 3 placing token on slot 4
[16:27:48.191] [SEVERE ] player 3 placing token on slot 9
[16:27:48.191] [SEVERE ] removing player 3 token from slot 4
[16:27:48.191] [SEVERE ] removing player 3 token from slot 9
[16:27:48.191] [SEVERE ] player 3 placing token on slot 9
[16:27:48.191] [SEVERE ] player 3 placing token on slot 3
[16:27:48.189] [SEVERE ] setting player 3 freeze to 3000
[16:27:48.205] [SEVERE ] setting player 3 freeze to 3000
[16:27:48.200] [SEVERE ] setting player 1 freeze to 2000
[16:27:48.197] [SEVERE ] setting player 4 freeze to 0
[16:27:48.196] [SEVERE ] setting player 4 freeze to 0
[16:27:48.196] [SEVERE ] setting player 1 freeze to 2000
[16:27:48.195] [SEVERE ] setting player 4 freeze to 0
[16:27:48.193] [SEVERE ] setting player 2 freeze to 0
[16:27:48.190] [SEVERE ] setting player 2 freeze to 0
[16:27:48.190] [SEVERE ] player 2 placing token on slot 4
[16:27:48.228] [SEVERE ] setting player 2 freeze to 3000
[16:27:48.228] [SEVERE ] setting player 2 freeze to 3000
[16:27:48.217] [SEVERE ] removing player 4 token from slot 1
[16:27:48.237] [SEVERE ] player 4 placing token on slot 8
[16:27:48.241] [SEVERE ] setting player 2 freeze to 3000
[16:27:48.242] [SEVERE ] removing player 4 token from slot 8
[16:27:48.243] [SEVERE ] removing player 4 token from slot 11
[16:27:48.244] [SEVERE ] player 4 placing token on slot 3
[16:27:48.245] [SEVERE ] player 4 placing token on slot 1
[16:27:48.246] [SEVERE ] removing player 4 token from slot 4
[16:27:48.249] [SEVERE ] player 4 placing token on slot 10
[16:27:48.279] [SEVERE ] setting player 4 freeze to 3000
[16:27:48.279] [SEVERE ] setting player 4 freeze to 3000
[16:27:48.279] [SEVERE ] setting player 4 freeze to 3000
[16:27:49.176] [SEVERE ] setting player 3 freeze to 2000
[16:27:49.189] [SEVERE ] setting player 1 freeze to 1000
[16:27:49.205] [SEVERE ] setting player 3 freeze to 2000
[16:27:49.206] [SEVERE ] setting player 3 freeze to 2000
[16:27:49.215] [SEVERE ] setting player 1 freeze to 1000
[16:27:49.221] [SEVERE ] setting player 1 freeze to 1000
[16:27:49.228] [SEVERE ] setting player 2 freeze to 2000
[16:27:49.232] [SEVERE ] setting player 2 freeze to 2000
[16:27:49.242] [SEVERE ] setting player 2 freeze to 2000
[16:27:49.279] [SEVERE ] setting player 4 freeze to 2000
[16:27:49.280] [SEVERE ] setting player 4 freeze to 2000
[16:27:49.282] [SEVERE ] setting player 4 freeze to 2000
[16:27:50.148] [SEVERE ] updating countdown to 15000
[16:27:50.177] [SEVERE ] setting player 3 freeze to 1000
[16:27:50.189] [SEVERE ] setting player 1 freeze to 0
[16:27:50.189] [SEVERE ] removing player 1 token from slot 6
[16:27:50.196] [SEVERE ] removing player 1 token from slot 3
[16:27:50.197] [SEVERE ] player 1 placing token on slot 11
[16:27:50.198] [SEVERE ] player 1 placing token on slot 9
[16:27:50.198] [SEVERE ] removing player 1 token from slot 11
[16:27:50.199] [SEVERE ] player 1 placing token on slot 1
[16:27:50.201] [SEVERE ] removing player 1 token from slot 8
[16:27:50.201] [SEVERE ] removing player 1 token from slot 9
[16:27:50.202] [SEVERE ] player 1 placing token on slot 6
[16:27:50.203] [SEVERE ] player 1 placing token on slot 4
[16:27:50.205] [SEVERE ] setting player 3 freeze to 1000
[16:27:50.207] [SEVERE ] setting player 3 freeze to 1000
[16:27:50.215] [SEVERE ] setting player 1 freeze to 0
[16:27:50.221] [SEVERE ] setting player 1 freeze to 0
[16:27:50.228] [SEVERE ] setting player 2 freeze to 1000
[16:27:50.232] [SEVERE ] setting player 2 freeze to 1000
[16:27:50.242] [SEVERE ] setting player 2 freeze to 1000
[16:27:50.248] [SEVERE ] removing card from slot 0
[16:27:50.279] [SEVERE ] setting player 4 freeze to 1000
[16:27:50.281] [SEVERE ] setting player 4 freeze to 1000
[16:27:50.282] [SEVERE ] setting player 4 freeze to 1000
[16:27:50.348] [SEVERE ] removing card from slot 1
[16:27:50.448] [SEVERE ] removing card from slot 2
[16:27:50.548] [SEVERE ] removing card from slot 3
[16:27:50.648] [SEVERE ] removing card from slot 4
[16:27:50.749] [SEVERE ] removing card from slot 5
[16:27:50.849] [SEVERE ] removing card from slot 6
[16:27:50.949] [SEVERE ] removing card from slot 7
[16:27:51.049] [SEVERE ] removing card from slot 8
[16:27:51.149] [SEVERE ] removing card from slot 9
[16:27:51.177] [SEVERE ] setting player 3 freeze to 0
[16:27:51.177] [SEVERE ] removing player 3 token from slot 9
[16:27:51.183] [SEVERE ] player 3 placing token on slot 2
[16:27:51.190] [SEVERE ] removing player 3 token from slot 7
[16:27:51.191] [SEVERE ] player 3 placing token on slot 6
[16:27:51.192] [SEVERE ] removing player 3 token from slot 2
[16:27:51.193] [SEVERE ] player 3 placing token on slot 8
[16:27:51.206] [SEVERE ] setting player 3 freeze to 0
[16:27:51.209] [SEVERE ] setting player 3 freeze to 0
[16:27:51.229] [SEVERE ] setting player 2 freeze to 0
[16:27:51.229] [SEVERE ] removing player 2 token from slot 8
[16:27:51.232] [SEVERE ] setting player 2 freeze to 0
[16:27:51.237] [SEVERE ] player 2 placing token on slot 3
[16:27:51.242] [SEVERE ] removing player 2 token from slot 3
[16:27:51.243] [SEVERE ] setting player 2 freeze to 0
[16:27:51.243] [SEVERE ] removing player 2 token from slot 4
[16:27:51.245] [SEVERE ] player 2 placing token on slot 2
[16:27:51.245] [SEVERE ] player 2 placing token on slot 7
[16:27:51.246] [SEVERE ] removing player 2 token from slot 1
[16:27:51.247] [SEVERE ] player 2 placing token on slot 1
[16:27:51.249] [SEVERE ] removing card from slot 10
[16:27:51.280] [SEVERE ] setting player 4 freeze to 0
[16:27:51.280] [SEVERE ] removing player 4 token from slot 3
[16:27:51.280] [SEVERE ] player 4 placing token on slot 8
[16:27:51.281] [SEVERE ] removing player 4 token from slot 10
[16:27:51.281] [SEVERE ] setting player 4 freeze to 0
[16:27:51.283] [SEVERE ] setting player 4 freeze to 0
[16:27:51.281] [SEVERE ] player 4 placing token on slot 6
[16:27:51.297] [SEVERE ] removing player 4 token from slot 1
[16:27:51.297] [SEVERE ] player 4 placing token on slot 5
[16:27:51.350] [SEVERE ] removing card from slot 11
[16:27:51.350] [SEVERE ] removing all tokens
[16:27:51.450] [SEVERE ] placing card 54 in slot 0
[16:27:51.551] [SEVERE ] placing card 34 in slot 1
[16:27:51.651] [SEVERE ] placing card 75 in slot 2
[16:27:51.751] [SEVERE ] placing card 48 in slot 3
[16:27:51.851] [SEVERE ] placing card 45 in slot 4
[16:27:51.951] [SEVERE ] placing card 22 in slot 5
[16:27:52.052] [SEVERE ] placing card 52 in slot 6
[16:27:52.152] [SEVERE ] placing card 25 in slot 7
[16:27:52.253] [SEVERE ] placing card 59 in slot 8
[16:27:52.353] [SEVERE ] placing card 12 in slot 9
[16:27:52.453] [SEVERE ] placing card 2 in slot 10
[16:27:52.553] [SEVERE ] placing card 15 in slot 11
[16:27:52.563] [INFO   ] Thread Thread-13starting.
[16:27:52.569] [INFO   ] Thread Thread-14starting.
[16:27:52.585] [INFO   ] Thread Thread-15starting.
[16:27:52.597] [INFO   ] Thread computer-0 starting.
[16:27:52.597] [SEVERE ] player 1 placing token on slot 6
[16:27:52.597] [SEVERE ] player 1 placing token on slot 2
[16:27:52.598] [SEVERE ] removing player 1 token from slot 2
[16:27:52.598] [SEVERE ] removing player 1 token from slot 6
[16:27:52.599] [SEVERE ] player 1 placing token on slot 7
[16:27:52.599] [SEVERE ] player 1 placing token on slot 5
[16:27:52.600] [SEVERE ] player 1 placing token on slot 9
[16:27:52.619] [INFO   ] Thread computer-1 starting.
[16:27:52.619] [SEVERE ] player 2 placing token on slot 4
[16:27:52.621] [SEVERE ] updating countdown to 15000
[16:27:52.621] [SEVERE ] player 2 placing token on slot 10
[16:27:52.622] [SEVERE ] player 2 placing token on slot 2
[16:27:52.621] [INFO   ] Thread Thread-16starting.
[16:27:52.649] [INFO   ] Thread computer-3 starting.
[16:27:52.649] [SEVERE ] player 4 placing token on slot 1
[16:27:52.650] [SEVERE ] player 4 placing token on slot 10
[16:27:52.650] [SEVERE ] player 4 placing token on slot 6
[16:27:52.653] [INFO   ] Thread computer-2 starting.
[16:27:52.653] [SEVERE ] player 3 placing token on slot 3
[16:27:52.653] [SEVERE ] player 3 placing token on slot 7
[16:27:52.654] [SEVERE ] player 3 placing token on slot 10
[16:27:53.621] [SEVERE ] updating countdown to 14000
[16:27:53.633] [SEVERE ] setting player 1 freeze to 3000
[16:27:53.633] [SEVERE ] setting player 1 freeze to 3000
[16:27:53.633] [SEVERE ] setting player 1 freeze to 3000
[16:27:53.633] [SEVERE ] setting player 1 freeze to 3000
[16:27:54.633] [SEVERE ] updating countdown to 12988
[16:27:54.633] [SEVERE ] setting player 1 freeze to 2000
[16:27:54.634] [SEVERE ] setting player 1 freeze to 2000
[16:27:54.641] [SEVERE ] setting player 1 freeze to 2000
[16:27:54.642] [SEVERE ] setting player 1 freeze to 2000
[16:27:55.633] [SEVERE ] updating countdown to 11988
[16:27:55.634] [SEVERE ] setting player 1 freeze to 1000
[16:27:55.635] [SEVERE ] setting player 1 freeze to 1000
[16:27:55.641] [SEVERE ] setting player 1 freeze to 1000
[16:27:55.642] [SEVERE ] setting player 1 freeze to 1000
[16:27:56.633] [SEVERE ] updating countdown to 10988
[16:27:56.634] [SEVERE ] setting player 1 freeze to 0
[16:27:56.635] [SEVERE ] setting player 1 freeze to 0
[16:27:56.635] [SEVERE ] removing player 1 token from slot 5
[16:27:56.635] [SEVERE ] player 1 placing token on slot 4
[16:27:56.641] [SEVERE ] removing player 1 token from slot 9
[16:27:56.641] [SEVERE ] player 1 placing token on slot 3
[16:27:56.645] [SEVERE ] setting player 3 freeze to 3000
[16:27:56.641] [SEVERE ] setting player 1 freeze to 0
[16:27:56.645] [SEVERE ] setting player 3 freeze to 3000
[16:27:56.645] [SEVERE ] setting player 3 freeze to 3000
[16:27:56.650] [SEVERE ] setting player 3 freeze to 3000
[16:27:56.665] [SEVERE ] setting player 1 freeze to 0
[16:27:56.705] [SEVERE ] removing player 1 token from slot 4
[16:27:56.706] [SEVERE ] removing player 1 token from slot 7
[16:27:56.713] [SEVERE ] player 1 placing token on slot 11
[16:27:56.713] [SEVERE ] player 1 placing token on slot 5
[16:27:57.645] [SEVERE ] setting player 3 freeze to 2000
[16:27:57.646] [SEVERE ] setting player 3 freeze to 2000
[16:27:57.646] [SEVERE ] updating countdown to 9975
[16:27:57.646] [SEVERE ] setting player 3 freeze to 2000
[16:27:57.650] [SEVERE ] setting player 3 freeze to 2000
