[16:29:11.978] [INFO   ] thread main starting.
[16:29:11.986] [SEVERE ] cannot read configuration file config.properties trying from resources.
[16:29:11.988] [SEVERE ] configuration file was loaded from resources directory.
[16:29:13.077] [INFO   ] thread dealer starting.
[16:29:13.077] [INFO   ] Thread dealer starting.
[16:29:13.195] [SEVERE ] placing card 79 in slot 0
[16:29:13.347] [SEVERE ] placing card 43 in slot 1
[16:29:13.447] [SEVERE ] placing card 71 in slot 2
[16:29:13.548] [SEVERE ] placing card 35 in slot 3
[16:29:13.649] [SEVERE ] placing card 55 in slot 4
[16:29:13.750] [SEVERE ] placing card 28 in slot 5
[16:29:13.850] [SEVERE ] placing card 60 in slot 6
[16:29:13.951] [SEVERE ] placing card 41 in slot 7
[16:29:14.051] [SEVERE ] placing card 23 in slot 8
[16:29:14.152] [SEVERE ] placing card 51 in slot 9
[16:29:14.252] [SEVERE ] placing card 13 in slot 10
[16:29:14.353] [SEVERE ] placing card 25 in slot 11
[16:29:14.353] [INFO   ] Thread Thread-1starting.
[16:29:14.354] [INFO   ] Thread Thread-2starting.
[16:29:14.354] [INFO   ] Thread Thread-3starting.
[16:29:14.358] [SEVERE ] updating countdown to 5000
[16:29:14.370] [INFO   ] Thread Thread-4starting.
[16:29:14.393] [INFO   ] thread dealer terminated.
[16:29:14.395] [INFO   ] Thread computer-0 starting.
[16:29:14.406] [INFO   ] Thread computer-3 starting.
[16:29:14.408] [SEVERE ] player 4 placing token on slot 0
[16:29:14.394] [INFO   ] Thread computer-1 starting.
[16:29:14.396] [INFO   ] Thread computer-2 starting.
[16:29:14.430] [SEVERE ] player 2 placing token on slot 11
[16:29:14.434] [SEVERE ] player 3 placing token on slot 8
