[16:30:17.540] [INFO   ] thread main starting.
[16:30:17.555] [SEVERE ] cannot read configuration file config.properties trying from resources.
[16:30:17.557] [SEVERE ] configuration file was loaded from resources directory.
[16:30:18.643] [INFO   ] thread dealer starting.
[16:30:18.644] [INFO   ] Thread dealer starting.
[16:30:18.750] [SEVERE ] placing card 13 in slot 0
[16:30:18.920] [SEVERE ] placing card 9 in slot 1
[16:30:19.020] [SEVERE ] placing card 52 in slot 2
[16:30:19.121] [SEVERE ] placing card 34 in slot 3
[16:30:19.221] [SEVERE ] placing card 51 in slot 4
[16:30:19.322] [SEVERE ] placing card 8 in slot 5
[16:30:19.423] [SEVERE ] placing card 78 in slot 6
[16:30:19.524] [SEVERE ] placing card 38 in slot 7
[16:30:19.624] [SEVERE ] placing card 10 in slot 8
[16:30:19.724] [SEVERE ] placing card 26 in slot 9
[16:30:19.825] [SEVERE ] placing card 58 in slot 10
[16:30:19.925] [SEVERE ] placing card 65 in slot 11
[16:30:19.927] [INFO   ] Thread Thread-1starting.
[16:30:19.930] [INFO   ] Thread Thread-2starting.
[16:30:19.983] [INFO   ] Thread Thread-3starting.
[16:30:19.984] [SEVERE ] updating countdown to 5000
[16:30:19.985] [INFO   ] Thread Thread-4starting.
[16:30:20.092] [INFO   ] thread dealer terminated.
[16:30:20.098] [INFO   ] Thread computer-3 starting.
[16:30:20.099] [SEVERE ] player 4 placing token on slot 4
[16:30:20.103] [SEVERE ] removing player 4 token from slot 4
[16:30:20.104] [SEVERE ] player 4 placing token on slot 6
[16:30:20.104] [SEVERE ] player 4 placing token on slot 7
[16:30:20.104] [SEVERE ] player 4 placing token on slot 5
[16:30:20.109] [INFO   ] Thread computer-1 starting.
[16:30:20.109] [SEVERE ] player 2 placing token on slot 8
[16:30:20.109] [SEVERE ] player 2 placing token on slot 3
[16:30:20.110] [SEVERE ] player 2 placing token on slot 2
[16:30:20.110] [INFO   ] Thread computer-0 starting.
[16:30:20.142] [INFO   ] Thread computer-2 starting.
[16:30:20.142] [SEVERE ] player 3 placing token on slot 9
[16:30:20.143] [SEVERE ] player 3 placing token on slot 10
[16:30:20.143] [SEVERE ] player 3 placing token on slot 5
[16:30:25.094] [SEVERE ] thanks for playing... it was fun!
[16:30:25.094] [INFO   ] thread main terminated.
[16:30:25.095] [SEVERE ] disposing of user interface elements
