[22:02:32.365] [INFO   ] thread main starting.
[22:02:32.370] [SEVERE ] cannot read configuration file config.properties trying from resources.
[22:02:32.371] [SEVERE ] configuration file was loaded from resources directory.
[22:02:32.723] [INFO   ] thread dealer starting.
[22:02:32.729] [INFO   ] Thread dealer starting.
[22:02:32.836] [SEVERE ] placing card 3 in slot 0
[22:02:32.937] [SEVERE ] placing card 51 in slot 1
[22:02:33.038] [SEVERE ] placing card 41 in slot 2
[22:02:33.139] [SEVERE ] placing card 49 in slot 3
[22:02:33.241] [SEVERE ] placing card 12 in slot 4
[22:02:33.342] [SEVERE ] placing card 75 in slot 5
[22:02:33.443] [SEVERE ] placing card 5 in slot 6
[22:02:33.544] [SEVERE ] placing card 29 in slot 7
[22:02:33.646] [SEVERE ] placing card 47 in slot 8
[22:02:33.747] [SEVERE ] placing card 73 in slot 9
[22:02:33.848] [SEVERE ] placing card 76 in slot 10
[22:02:33.950] [SEVERE ] placing card 11 in slot 11
[22:02:33.951] [INFO   ] Thread Thread-1starting.
[22:02:33.951] [INFO   ] Thread Thread-3starting.
[22:02:33.951] [INFO   ] Thread Thread-4starting.
[22:02:33.951] [INFO   ] Thread Thread-2starting.
[22:02:33.951] [SEVERE ] updating countdown to 5000
[22:02:33.954] [INFO   ] Thread computer-0 starting.
[22:02:33.956] [SEVERE ] player 1 placing token on slot 2
[22:02:33.967] [INFO   ] Thread computer-2 starting.
[22:02:33.968] [SEVERE ] player 3 placing token on slot 4
[22:02:33.964] [SEVERE ] player 1 placing token on slot 6
[22:02:33.973] [INFO   ] Thread computer-1 starting.
[22:02:33.971] [INFO   ] Thread computer-3 starting.
[22:02:33.971] [SEVERE ] player 3 placing token on slot 2
[22:02:33.986] [SEVERE ] player 4 placing token on slot 10
[22:02:33.985] [SEVERE ] player 2 placing token on slot 3
[22:02:33.987] [SEVERE ] player 2 placing token on slot 1
[22:02:33.988] [SEVERE ] player 2 placing token on slot 10
[22:02:33.985] [SEVERE ] player 1 placing token on slot 10
[22:02:33.987] [SEVERE ] player 4 placing token on slot 1
[22:02:33.986] [SEVERE ] player 3 placing token on slot 11
[22:02:33.990] [SEVERE ] player 4 placing token on slot 7
[22:02:33.997] [SEVERE ] setting player 2 freeze to 0
[22:02:33.997] [SEVERE ] setting player 2 freeze to 0
[22:02:33.998] [SEVERE ] setting player 2 freeze to 0
[22:02:33.998] [SEVERE ] setting player 2 freeze to 0
[22:02:33.999] [SEVERE ] removing player 2 token from slot 3
[22:02:33.999] [SEVERE ] player 2 placing token on slot 2
[22:02:34.007] [SEVERE ] setting player 1 freeze to 0
[22:02:34.008] [SEVERE ] setting player 1 freeze to 0
[22:02:34.008] [SEVERE ] setting player 1 freeze to 0
[22:02:34.009] [SEVERE ] setting player 1 freeze to 0
[22:02:34.009] [SEVERE ] removing player 1 token from slot 10
[22:02:34.010] [SEVERE ] removing player 1 token from slot 2
[22:02:34.011] [SEVERE ] player 1 placing token on slot 10
[22:02:34.012] [SEVERE ] player 1 placing token on slot 3
[22:02:34.017] [SEVERE ] setting player 3 freeze to 0
[22:02:34.017] [SEVERE ] setting player 3 freeze to 0
[22:02:34.018] [SEVERE ] setting player 3 freeze to 0
[22:02:34.018] [SEVERE ] setting player 3 freeze to 0
[22:02:34.019] [SEVERE ] removing player 3 token from slot 4
[22:02:34.019] [SEVERE ] removing player 3 token from slot 11
[22:02:34.020] [SEVERE ] player 3 placing token on slot 6
[22:02:34.020] [SEVERE ] player 3 placing token on slot 10
[22:02:34.027] [SEVERE ] setting player 4 freeze to 0
[22:02:34.028] [SEVERE ] setting player 4 freeze to 0
[22:02:34.028] [SEVERE ] setting player 4 freeze to 0
[22:02:34.029] [SEVERE ] setting player 4 freeze to 0
[22:02:34.029] [SEVERE ] removing player 4 token from slot 1
[22:02:34.030] [SEVERE ] removing player 4 token from slot 7
[22:02:34.030] [SEVERE ] player 4 placing token on slot 1
[22:02:34.031] [SEVERE ] player 4 placing token on slot 11
[22:02:34.038] [SEVERE ] setting player 2 freeze to 0
[22:02:34.038] [SEVERE ] setting player 2 freeze to 0
[22:02:34.039] [SEVERE ] setting player 2 freeze to 0
[22:02:34.039] [SEVERE ] setting player 2 freeze to 0
[22:02:34.040] [SEVERE ] removing player 2 token from slot 2
[22:02:34.040] [SEVERE ] player 2 placing token on slot 6
[22:02:34.048] [SEVERE ] setting player 1 freeze to 0
[22:02:34.049] [SEVERE ] setting player 1 freeze to 0
[22:02:34.049] [SEVERE ] setting player 1 freeze to 0
[22:02:34.049] [SEVERE ] setting player 1 freeze to 0
[22:02:34.050] [SEVERE ] removing player 1 token from slot 10
[22:02:34.050] [SEVERE ] player 1 placing token on slot 10
[22:02:34.059] [SEVERE ] setting player 3 freeze to 0
[22:02:34.059] [SEVERE ] setting player 3 freeze to 0
[22:02:34.060] [SEVERE ] setting player 3 freeze to 0
[22:02:34.060] [SEVERE ] setting player 3 freeze to 0
[22:02:34.061] [SEVERE ] removing player 3 token from slot 10
[22:02:34.061] [SEVERE ] player 3 placing token on slot 10
[22:02:34.069] [SEVERE ] setting player 4 freeze to 0
[22:02:34.070] [SEVERE ] setting player 4 freeze to 0
[22:02:34.070] [SEVERE ] setting player 4 freeze to 0
[22:02:34.070] [SEVERE ] setting player 4 freeze to 0
[22:02:34.070] [SEVERE ] removing player 4 token from slot 11
[22:02:34.071] [SEVERE ] player 4 placing token on slot 4
[22:02:34.079] [SEVERE ] setting player 2 freeze to 0
[22:02:34.081] [SEVERE ] setting player 2 freeze to 0
[22:02:34.081] [SEVERE ] setting player 2 freeze to 0
[22:02:34.082] [SEVERE ] setting player 2 freeze to 0
[22:02:34.082] [SEVERE ] removing player 2 token from slot 10
[22:02:34.083] [SEVERE ] player 2 placing token on slot 5
[22:02:34.090] [SEVERE ] setting player 1 freeze to 0
[22:02:34.096] [SEVERE ] setting player 1 freeze to 0
[22:02:34.096] [SEVERE ] setting player 1 freeze to 0
[22:02:34.096] [SEVERE ] setting player 1 freeze to 0
[22:02:34.097] [SEVERE ] removing player 1 token from slot 6
[22:02:34.100] [SEVERE ] setting player 3 freeze to 0
[22:02:34.103] [SEVERE ] setting player 3 freeze to 0
[22:02:34.102] [SEVERE ] player 1 placing token on slot 2
[22:02:34.103] [SEVERE ] setting player 3 freeze to 0
[22:02:34.104] [SEVERE ] setting player 3 freeze to 0
[22:02:34.104] [SEVERE ] removing player 3 token from slot 6
[22:02:34.105] [SEVERE ] player 3 placing token on slot 9
[22:02:34.111] [SEVERE ] setting player 4 freeze to 0
[22:02:34.111] [SEVERE ] setting player 4 freeze to 0
[22:02:34.111] [SEVERE ] setting player 4 freeze to 0
[22:02:34.112] [SEVERE ] setting player 4 freeze to 0
[22:02:34.113] [SEVERE ] removing player 4 token from slot 1
[22:02:34.113] [SEVERE ] removing player 4 token from slot 4
[22:02:34.114] [SEVERE ] player 4 placing token on slot 11
[22:02:34.114] [SEVERE ] player 4 placing token on slot 1
[22:02:34.121] [SEVERE ] setting player 2 freeze to 0
[22:02:34.121] [SEVERE ] setting player 2 freeze to 0
[22:02:34.122] [SEVERE ] setting player 2 freeze to 0
[22:02:34.122] [SEVERE ] setting player 2 freeze to 0
[22:02:34.122] [SEVERE ] removing player 2 token from slot 5
[22:02:34.123] [SEVERE ] player 2 placing token on slot 5
[22:02:34.132] [SEVERE ] setting player 1 freeze to 0
[22:02:34.132] [SEVERE ] setting player 1 freeze to 0
[22:02:34.132] [SEVERE ] setting player 1 freeze to 0
[22:02:34.133] [SEVERE ] setting player 1 freeze to 0
[22:02:34.133] [SEVERE ] removing player 1 token from slot 2
[22:02:34.134] [SEVERE ] player 1 placing token on slot 2
[22:02:34.142] [SEVERE ] setting player 3 freeze to 0
[22:02:34.143] [SEVERE ] setting player 3 freeze to 0
[22:02:34.143] [SEVERE ] setting player 3 freeze to 0
[22:02:34.144] [SEVERE ] setting player 3 freeze to 0
[22:02:34.145] [SEVERE ] removing player 3 token from slot 2
[22:02:34.146] [SEVERE ] player 3 placing token on slot 6
[22:02:34.153] [SEVERE ] setting player 4 freeze to 0
[22:02:34.153] [SEVERE ] setting player 4 freeze to 0
[22:02:34.153] [SEVERE ] setting player 4 freeze to 0
[22:02:34.154] [SEVERE ] setting player 4 freeze to 0
[22:02:34.154] [SEVERE ] removing player 4 token from slot 1
[22:02:34.155] [SEVERE ] player 4 placing token on slot 9
[22:02:34.163] [SEVERE ] setting player 2 freeze to 0
[22:02:34.163] [SEVERE ] setting player 2 freeze to 0
[22:02:34.164] [SEVERE ] setting player 2 freeze to 0
[22:02:34.164] [SEVERE ] setting player 2 freeze to 0
[22:02:34.165] [SEVERE ] removing player 2 token from slot 1
[22:02:34.166] [SEVERE ] player 2 placing token on slot 2
[22:02:34.174] [SEVERE ] setting player 1 freeze to 0
[22:02:34.174] [SEVERE ] setting player 1 freeze to 0
[22:02:34.175] [SEVERE ] setting player 1 freeze to 0
[22:02:34.175] [SEVERE ] setting player 1 freeze to 0
[22:02:34.175] [SEVERE ] removing player 1 token from slot 2
[22:02:34.175] [SEVERE ] player 1 placing token on slot 4
[22:02:34.184] [SEVERE ] setting player 3 freeze to 0
[22:02:34.184] [SEVERE ] setting player 3 freeze to 0
[22:02:34.185] [SEVERE ] setting player 3 freeze to 0
[22:02:34.185] [SEVERE ] setting player 3 freeze to 0
[22:02:34.185] [SEVERE ] removing player 3 token from slot 10
[22:02:34.186] [SEVERE ] player 3 placing token on slot 10
[22:02:34.194] [SEVERE ] setting player 4 freeze to 0
[22:02:34.195] [SEVERE ] setting player 4 freeze to 0
[22:02:34.195] [SEVERE ] setting player 4 freeze to 0
[22:02:34.195] [SEVERE ] setting player 4 freeze to 0
[22:02:34.196] [SEVERE ] removing player 4 token from slot 11
[22:02:34.197] [SEVERE ] removing player 4 token from slot 10
[22:02:34.197] [SEVERE ] player 4 placing token on slot 5
[22:02:34.198] [SEVERE ] player 4 placing token on slot 7
[22:02:34.205] [SEVERE ] setting player 2 freeze to 0
[22:02:34.205] [SEVERE ] setting player 2 freeze to 0
[22:02:34.205] [SEVERE ] setting player 2 freeze to 0
[22:02:34.206] [SEVERE ] setting player 2 freeze to 0
[22:02:34.206] [SEVERE ] removing player 2 token from slot 5
[22:02:34.207] [SEVERE ] player 2 placing token on slot 1
[22:02:34.215] [SEVERE ] setting player 1 freeze to 0
[22:02:34.215] [SEVERE ] setting player 1 freeze to 0
[22:02:34.216] [SEVERE ] setting player 1 freeze to 0
[22:02:34.216] [SEVERE ] setting player 1 freeze to 0
[22:02:34.217] [SEVERE ] removing player 1 token from slot 10
[22:02:34.218] [SEVERE ] player 1 placing token on slot 6
[22:02:34.226] [SEVERE ] setting player 3 freeze to 0
[22:02:34.226] [SEVERE ] setting player 3 freeze to 0
[22:02:34.227] [SEVERE ] setting player 3 freeze to 0
[22:02:34.227] [SEVERE ] setting player 3 freeze to 0
[22:02:34.228] [SEVERE ] removing player 3 token from slot 6
[22:02:34.228] [SEVERE ] player 3 placing token on slot 6
[22:02:34.237] [SEVERE ] setting player 4 freeze to 0
[22:02:34.237] [SEVERE ] setting player 4 freeze to 0
[22:02:34.237] [SEVERE ] setting player 4 freeze to 0
[22:02:34.238] [SEVERE ] setting player 4 freeze to 0
[22:02:34.238] [SEVERE ] removing player 4 token from slot 7
[22:02:34.239] [SEVERE ] player 4 placing token on slot 8
[22:02:34.247] [SEVERE ] setting player 2 freeze to 0
[22:02:34.248] [SEVERE ] setting player 2 freeze to 0
[22:02:34.248] [SEVERE ] setting player 2 freeze to 0
[22:02:34.249] [SEVERE ] setting player 2 freeze to 0
[22:02:34.249] [SEVERE ] removing player 2 token from slot 1
[22:02:34.250] [SEVERE ] removing player 2 token from slot 2
[22:02:34.250] [SEVERE ] player 2 placing token on slot 4
[22:02:34.250] [SEVERE ] player 2 placing token on slot 2
[22:02:34.259] [SEVERE ] setting player 1 freeze to 0
[22:02:34.259] [SEVERE ] setting player 1 freeze to 0
[22:02:34.260] [SEVERE ] setting player 1 freeze to 0
[22:02:34.260] [SEVERE ] setting player 1 freeze to 0
[22:02:34.261] [SEVERE ] removing player 1 token from slot 3
[22:02:34.261] [SEVERE ] removing player 1 token from slot 6
[22:02:34.262] [SEVERE ] player 1 placing token on slot 9
[22:02:34.262] [SEVERE ] removing player 1 token from slot 4
[22:02:34.263] [SEVERE ] player 1 placing token on slot 2
[22:02:34.263] [SEVERE ] removing player 1 token from slot 2
[22:02:34.264] [SEVERE ] player 1 placing token on slot 4
[22:02:34.264] [SEVERE ] player 1 placing token on slot 10
[22:02:34.269] [SEVERE ] setting player 3 freeze to 0
[22:02:34.270] [SEVERE ] setting player 3 freeze to 0
[22:02:34.270] [SEVERE ] setting player 3 freeze to 0
[22:02:34.271] [SEVERE ] setting player 3 freeze to 0
[22:02:34.271] [SEVERE ] removing player 3 token from slot 10
[22:02:34.272] [SEVERE ] player 3 placing token on slot 3
[22:02:34.280] [SEVERE ] setting player 4 freeze to 0
[22:02:34.280] [SEVERE ] setting player 4 freeze to 0
[22:02:34.280] [SEVERE ] setting player 4 freeze to 0
[22:02:34.280] [SEVERE ] setting player 4 freeze to 0
[22:02:34.280] [SEVERE ] removing player 4 token from slot 8
[22:02:34.280] [SEVERE ] player 4 placing token on slot 3
[22:02:34.291] [SEVERE ] setting player 2 freeze to 0
[22:02:34.291] [SEVERE ] setting player 2 freeze to 0
[22:02:34.292] [SEVERE ] setting player 2 freeze to 0
[22:02:34.292] [SEVERE ] setting player 2 freeze to 0
[22:02:34.293] [SEVERE ] removing player 2 token from slot 6
[22:02:34.293] [SEVERE ] removing player 2 token from slot 4
[22:02:34.293] [SEVERE ] player 2 placing token on slot 6
[22:02:34.294] [SEVERE ] player 2 placing token on slot 7
[22:02:34.301] [SEVERE ] setting player 1 freeze to 0
[22:02:34.301] [SEVERE ] setting player 1 freeze to 0
[22:02:34.302] [SEVERE ] setting player 1 freeze to 0
[22:02:34.302] [SEVERE ] setting player 1 freeze to 0
[22:02:34.302] [SEVERE ] removing player 1 token from slot 4
[22:02:34.303] [SEVERE ] player 1 placing token on slot 3
[22:02:34.311] [SEVERE ] setting player 3 freeze to 0
[22:02:34.311] [SEVERE ] setting player 3 freeze to 0
[22:02:34.312] [SEVERE ] setting player 3 freeze to 0
[22:02:34.312] [SEVERE ] setting player 3 freeze to 0
[22:02:34.313] [SEVERE ] removing player 3 token from slot 3
[22:02:34.313] [SEVERE ] player 3 placing token on slot 1
[22:02:34.321] [SEVERE ] setting player 4 freeze to 0
[22:02:34.322] [SEVERE ] setting player 4 freeze to 0
[22:02:34.323] [SEVERE ] setting player 4 freeze to 0
[22:02:34.323] [SEVERE ] setting player 4 freeze to 0
[22:02:34.323] [SEVERE ] removing player 4 token from slot 9
[22:02:34.325] [SEVERE ] player 4 placing token on slot 6
[22:02:34.332] [SEVERE ] setting player 2 freeze to 0
[22:02:34.332] [SEVERE ] setting player 2 freeze to 0
[22:02:34.333] [SEVERE ] setting player 2 freeze to 0
[22:02:34.333] [SEVERE ] setting player 2 freeze to 0
[22:02:34.334] [SEVERE ] removing player 2 token from slot 6
[22:02:34.334] [SEVERE ] player 2 placing token on slot 3
[22:02:34.342] [SEVERE ] setting player 1 freeze to 0
[22:02:34.342] [SEVERE ] setting player 1 freeze to 0
[22:02:34.343] [SEVERE ] setting player 1 freeze to 0
[22:02:34.343] [SEVERE ] setting player 1 freeze to 0
[22:02:34.343] [SEVERE ] removing player 1 token from slot 9
[22:02:34.344] [SEVERE ] removing player 1 token from slot 3
[22:02:34.344] [SEVERE ] player 1 placing token on slot 11
[22:02:34.345] [SEVERE ] player 1 placing token on slot 6
[22:02:34.352] [SEVERE ] setting player 3 freeze to 0
[22:02:34.352] [SEVERE ] setting player 3 freeze to 0
[22:02:34.353] [SEVERE ] setting player 3 freeze to 0
[22:02:34.353] [SEVERE ] setting player 3 freeze to 0
[22:02:34.354] [SEVERE ] removing player 3 token from slot 1
[22:02:34.354] [SEVERE ] player 3 placing token on slot 4
[22:02:34.363] [SEVERE ] setting player 4 freeze to 0
[22:02:34.363] [SEVERE ] setting player 4 freeze to 0
[22:02:34.363] [SEVERE ] setting player 4 freeze to 0
[22:02:34.364] [SEVERE ] setting player 4 freeze to 0
[22:02:34.364] [SEVERE ] removing player 4 token from slot 6
[22:02:34.364] [SEVERE ] player 4 placing token on slot 1
[22:02:34.373] [SEVERE ] setting player 2 freeze to 0
[22:02:34.373] [SEVERE ] setting player 2 freeze to 0
[22:02:34.374] [SEVERE ] setting player 2 freeze to 0
[22:02:34.374] [SEVERE ] setting player 2 freeze to 0
[22:02:34.375] [SEVERE ] removing player 2 token from slot 3
[22:02:34.376] [SEVERE ] player 2 placing token on slot 1
[22:02:34.383] [SEVERE ] setting player 1 freeze to 0
[22:02:34.383] [SEVERE ] setting player 1 freeze to 0
[22:02:34.384] [SEVERE ] setting player 1 freeze to 0
[22:02:34.385] [SEVERE ] setting player 1 freeze to 0
[22:02:34.385] [SEVERE ] removing player 1 token from slot 10
[22:02:34.386] [SEVERE ] player 1 placing token on slot 9
[22:02:34.394] [SEVERE ] setting player 3 freeze to 0
[22:02:34.394] [SEVERE ] setting player 3 freeze to 0
[22:02:34.395] [SEVERE ] setting player 3 freeze to 0
[22:02:34.395] [SEVERE ] setting player 3 freeze to 0
[22:02:34.396] [SEVERE ] removing player 3 token from slot 9
[22:02:34.397] [SEVERE ] player 3 placing token on slot 3
[22:02:34.404] [SEVERE ] setting player 4 freeze to 0
[22:02:34.408] [SEVERE ] setting player 4 freeze to 0
[22:02:34.408] [SEVERE ] setting player 4 freeze to 0
[22:02:34.408] [SEVERE ] setting player 4 freeze to 0
[22:02:34.409] [SEVERE ] removing player 4 token from slot 1
[22:02:34.409] [SEVERE ] player 4 placing token on slot 11
[22:02:34.415] [SEVERE ] setting player 2 freeze to 0
[22:02:34.415] [SEVERE ] setting player 2 freeze to 0
[22:02:34.415] [SEVERE ] setting player 2 freeze to 0
[22:02:34.416] [SEVERE ] setting player 2 freeze to 0
[22:02:34.416] [SEVERE ] removing player 2 token from slot 1
[22:02:34.417] [SEVERE ] player 2 placing token on slot 10
[22:02:34.425] [SEVERE ] setting player 1 freeze to 0
[22:02:34.425] [SEVERE ] setting player 1 freeze to 0
[22:02:34.425] [SEVERE ] setting player 1 freeze to 0
[22:02:34.426] [SEVERE ] setting player 1 freeze to 0
[22:02:34.426] [SEVERE ] removing player 1 token from slot 11
[22:02:34.427] [SEVERE ] removing player 1 token from slot 6
[22:02:34.427] [SEVERE ] player 1 placing token on slot 3
[22:02:34.428] [SEVERE ] player 1 placing token on slot 11
[22:02:34.435] [SEVERE ] setting player 3 freeze to 0
[22:02:34.435] [SEVERE ] setting player 3 freeze to 0
[22:02:34.436] [SEVERE ] setting player 3 freeze to 0
[22:02:34.436] [SEVERE ] setting player 3 freeze to 0
[22:02:34.436] [SEVERE ] removing player 3 token from slot 6
[22:02:34.437] [SEVERE ] player 3 placing token on slot 11
[22:02:34.445] [SEVERE ] setting player 4 freeze to 0
[22:02:34.445] [SEVERE ] setting player 4 freeze to 0
[22:02:34.446] [SEVERE ] setting player 4 freeze to 0
[22:02:34.446] [SEVERE ] setting player 4 freeze to 0
[22:02:34.447] [SEVERE ] removing player 4 token from slot 5
[22:02:34.448] [SEVERE ] removing player 4 token from slot 11
[22:02:34.448] [SEVERE ] player 4 placing token on slot 7
[22:02:34.449] [SEVERE ] player 4 placing token on slot 5
[22:02:34.456] [SEVERE ] setting player 2 freeze to 0
[22:02:34.456] [SEVERE ] setting player 2 freeze to 0
[22:02:34.456] [SEVERE ] setting player 2 freeze to 0
[22:02:34.464] [SEVERE ] setting player 2 freeze to 0
[22:02:34.464] [SEVERE ] removing player 2 token from slot 10
[22:02:34.465] [SEVERE ] player 2 placing token on slot 11
[22:02:34.466] [SEVERE ] setting player 1 freeze to 0
[22:02:34.466] [SEVERE ] setting player 1 freeze to 0
[22:02:34.467] [SEVERE ] setting player 1 freeze to 0
[22:02:34.467] [SEVERE ] setting player 1 freeze to 0
[22:02:34.468] [SEVERE ] removing player 1 token from slot 11
[22:02:34.468] [SEVERE ] player 1 placing token on slot 10
[22:02:34.476] [SEVERE ] setting player 3 freeze to 0
[22:02:34.476] [SEVERE ] setting player 3 freeze to 0
[22:02:34.477] [SEVERE ] setting player 3 freeze to 0
[22:02:34.477] [SEVERE ] setting player 3 freeze to 0
[22:02:34.478] [SEVERE ] removing player 3 token from slot 4
[22:02:34.478] [SEVERE ] player 3 placing token on slot 10
[22:02:34.487] [SEVERE ] setting player 4 freeze to 0
[22:02:34.487] [SEVERE ] setting player 4 freeze to 0
[22:02:34.487] [SEVERE ] setting player 4 freeze to 0
[22:02:34.488] [SEVERE ] setting player 4 freeze to 0
[22:02:34.488] [SEVERE ] removing player 4 token from slot 3
[22:02:34.488] [SEVERE ] player 4 placing token on slot 10
[22:02:34.497] [SEVERE ] setting player 2 freeze to 0
[22:02:34.497] [SEVERE ] setting player 2 freeze to 0
[22:02:34.498] [SEVERE ] setting player 2 freeze to 0
[22:02:34.499] [SEVERE ] setting player 2 freeze to 0
[22:02:34.499] [SEVERE ] removing player 2 token from slot 2
[22:02:34.500] [SEVERE ] player 2 placing token on slot 4
[22:02:34.507] [SEVERE ] setting player 1 freeze to 0
[22:02:34.507] [SEVERE ] setting player 1 freeze to 0
[22:02:34.507] [SEVERE ] setting player 1 freeze to 0
[22:02:34.507] [SEVERE ] setting player 1 freeze to 0
[22:02:34.507] [SEVERE ] removing player 1 token from slot 9
[22:02:34.508] [SEVERE ] player 1 placing token on slot 1
[22:02:34.518] [SEVERE ] setting player 3 freeze to 0
[22:02:34.518] [SEVERE ] setting player 3 freeze to 0
[22:02:34.519] [SEVERE ] setting player 3 freeze to 0
[22:02:34.520] [SEVERE ] setting player 3 freeze to 0
[22:02:34.520] [SEVERE ] removing player 3 token from slot 3
[22:02:34.521] [SEVERE ] player 3 placing token on slot 6
[22:02:34.529] [SEVERE ] setting player 4 freeze to 0
[22:02:34.529] [SEVERE ] setting player 4 freeze to 0
[22:02:34.529] [SEVERE ] setting player 4 freeze to 0
[22:02:34.530] [SEVERE ] setting player 4 freeze to 0
[22:02:34.530] [SEVERE ] removing player 4 token from slot 7
[22:02:34.531] [SEVERE ] player 4 placing token on slot 6
[22:02:34.539] [SEVERE ] setting player 2 freeze to 0
[22:02:34.539] [SEVERE ] setting player 2 freeze to 0
[22:02:34.539] [SEVERE ] setting player 2 freeze to 0
[22:02:34.540] [SEVERE ] setting player 2 freeze to 0
[22:02:34.540] [SEVERE ] removing player 2 token from slot 4
[22:02:34.540] [SEVERE ] player 2 placing token on slot 8
[22:02:34.549] [SEVERE ] setting player 1 freeze to 0
[22:02:34.549] [SEVERE ] setting player 1 freeze to 0
[22:02:34.550] [SEVERE ] setting player 1 freeze to 0
[22:02:34.550] [SEVERE ] setting player 1 freeze to 0
[22:02:34.551] [SEVERE ] removing player 1 token from slot 10
[22:02:34.551] [SEVERE ] player 1 placing token on slot 8
[22:02:34.559] [SEVERE ] setting player 3 freeze to 0
[22:02:34.560] [SEVERE ] setting player 3 freeze to 0
[22:02:34.560] [SEVERE ] setting player 3 freeze to 0
[22:02:34.560] [SEVERE ] setting player 3 freeze to 0
[22:02:34.561] [SEVERE ] removing player 3 token from slot 11
[22:02:34.561] [SEVERE ] player 3 placing token on slot 4
[22:02:34.569] [SEVERE ] setting player 4 freeze to 0
[22:02:34.570] [SEVERE ] setting player 4 freeze to 0
[22:02:34.570] [SEVERE ] setting player 4 freeze to 0
[22:02:34.570] [SEVERE ] setting player 4 freeze to 0
[22:02:34.571] [SEVERE ] removing player 4 token from slot 5
[22:02:34.571] [SEVERE ] player 4 placing token on slot 11
[22:02:34.580] [SEVERE ] setting player 2 freeze to 0
[22:02:34.580] [SEVERE ] setting player 2 freeze to 0
[22:02:34.580] [SEVERE ] setting player 2 freeze to 0
[22:02:34.581] [SEVERE ] setting player 2 freeze to 0
[22:02:34.581] [SEVERE ] removing player 2 token from slot 7
[22:02:34.582] [SEVERE ] player 2 placing token on slot 1
[22:02:34.590] [SEVERE ] updating countdown to 5000
[22:02:34.592] [SEVERE ] setting player 1 score to 1
[22:02:34.592] [SEVERE ] setting player 1 freeze to 0
[22:02:34.593] [SEVERE ] setting player 1 freeze to 0
[22:02:34.593] [SEVERE ] removing player 1 token from slot 3
[22:02:34.594] [SEVERE ] removing player 1 token from slot 1
[22:02:34.595] [SEVERE ] removing player 1 token from slot 8
[22:02:34.596] [SEVERE ] player 1 placing token on slot 10
[22:02:34.601] [SEVERE ] player 1 placing token on slot 1
[22:02:34.602] [SEVERE ] player 1 placing token on slot 9
[22:02:45.616] [SEVERE ] removing player 1 token from slot 1
[22:03:19.110] [SEVERE ] removing card from slot 1
[22:03:20.323] [SEVERE ] removing player 1 token from slot 9
[22:03:20.423] [SEVERE ] removing card from slot 9
[22:03:21.090] [SEVERE ] removing player 1 token from slot 10
[22:03:21.191] [SEVERE ] removing card from slot 10
[22:03:21.192] [SEVERE ] removing player 1 token from slot 1
[22:03:21.192] [SEVERE ] removing player 2 token from slot 1
[22:03:21.192] [SEVERE ] removing player 1 token from slot 9
[22:03:21.192] [SEVERE ] removing player 1 token from slot 10
[22:03:21.192] [SEVERE ] removing player 3 token from slot 10
[22:03:21.192] [SEVERE ] removing player 4 token from slot 10
[22:03:21.292] [SEVERE ] placing card 48 in slot 1
[22:03:21.392] [SEVERE ] placing card 28 in slot 9
[22:03:21.495] [SEVERE ] placing card 19 in slot 10
[22:03:21.495] [SEVERE ] updating countdown to 5000
[22:03:21.597] [SEVERE ] removing card from slot 0
[22:03:21.697] [SEVERE ] removing card from slot 1
[22:03:21.798] [SEVERE ] removing card from slot 2
[22:03:21.898] [SEVERE ] removing card from slot 3
[22:03:22.000] [SEVERE ] removing card from slot 4
[22:03:22.101] [SEVERE ] removing card from slot 5
[22:03:22.201] [SEVERE ] removing card from slot 6
[22:03:22.301] [SEVERE ] removing card from slot 7
[22:03:22.401] [SEVERE ] removing card from slot 8
[22:03:22.502] [SEVERE ] removing card from slot 9
[22:03:22.602] [SEVERE ] removing card from slot 10
[22:03:22.703] [SEVERE ] removing card from slot 11
[22:03:22.703] [SEVERE ] removing all tokens
[22:03:22.803] [SEVERE ] placing card 33 in slot 0
[22:03:22.903] [SEVERE ] placing card 54 in slot 1
[22:03:23.004] [SEVERE ] placing card 10 in slot 2
[22:03:23.104] [SEVERE ] placing card 71 in slot 3
[22:03:23.205] [SEVERE ] placing card 23 in slot 4
[22:03:23.305] [SEVERE ] placing card 59 in slot 5
[22:03:23.405] [SEVERE ] placing card 1 in slot 6
[22:03:23.505] [SEVERE ] placing card 50 in slot 7
[22:03:23.606] [SEVERE ] placing card 60 in slot 8
[22:03:23.706] [SEVERE ] placing card 40 in slot 9
[22:03:23.806] [SEVERE ] placing card 24 in slot 10
[22:03:23.906] [SEVERE ] placing card 31 in slot 11
[22:03:23.907] [INFO   ] Thread Thread-5starting.
[22:03:23.907] [INFO   ] Thread Thread-6starting.
[22:03:23.908] [INFO   ] Thread Thread-7starting.
[22:03:23.909] [SEVERE ] updating countdown to 5000
[22:03:23.909] [INFO   ] Thread Thread-8starting.
[22:03:23.909] [INFO   ] Thread computer-0 starting.
[22:03:23.913] [INFO   ] Thread computer-3 starting.
[22:03:23.925] [INFO   ] Thread computer-1 starting.
[22:03:23.933] [INFO   ] Thread computer-2 starting.
[22:03:24.909] [SEVERE ] updating countdown to 5000
[22:03:24.909] [SEVERE ] setting player 3 score to 1
[22:03:24.910] [SEVERE ] setting player 3 freeze to 0
[22:03:24.910] [SEVERE ] setting player 3 freeze to 0
[22:03:24.911] [SEVERE ] player 3 placing token on slot 8
[22:03:24.911] [SEVERE ] player 3 placing token on slot 11
[22:03:24.912] [SEVERE ] player 3 placing token on slot 10
[22:03:25.009] [SEVERE ] placing card 70 in slot 0
[22:03:25.110] [SEVERE ] placing card 14 in slot 0
[22:03:25.210] [SEVERE ] placing card 13 in slot 0
[22:03:25.225] [SEVERE ] updating countdown to 5000
[22:03:25.225] [SEVERE ] setting player 4 score to 1
[22:03:25.225] [SEVERE ] setting player 4 freeze to 0
[22:03:25.225] [SEVERE ] setting player 4 freeze to 0
[22:03:25.225] [SEVERE ] player 4 placing token on slot 7
[22:03:25.225] [SEVERE ] player 4 placing token on slot 2
[22:03:25.225] [SEVERE ] player 4 placing token on slot 11
[22:03:25.325] [SEVERE ] placing card 80 in slot 0
[22:03:25.425] [SEVERE ] placing card 7 in slot 0
[22:03:25.525] [SEVERE ] placing card 21 in slot 0
[22:03:25.537] [SEVERE ] updating countdown to 5000
[22:03:25.537] [SEVERE ] setting player 2 score to 1
[22:03:25.537] [SEVERE ] setting player 2 freeze to 0
[22:03:25.537] [SEVERE ] setting player 2 freeze to 0
[22:03:25.537] [SEVERE ] player 2 placing token on slot 6
[22:03:25.537] [SEVERE ] player 2 placing token on slot 10
[22:03:25.537] [SEVERE ] player 2 placing token on slot 1
[22:03:25.637] [SEVERE ] placing card 34 in slot 0
[22:03:25.738] [SEVERE ] placing card 78 in slot 0
[22:03:25.838] [SEVERE ] placing card 32 in slot 0
[22:03:25.848] [SEVERE ] updating countdown to 5000
[22:03:25.848] [SEVERE ] setting player 1 score to 2
[22:03:25.849] [SEVERE ] setting player 1 freeze to 0
[22:03:25.849] [SEVERE ] setting player 1 freeze to 0
[22:03:25.850] [SEVERE ] player 1 placing token on slot 5
[22:03:25.850] [SEVERE ] player 1 placing token on slot 10
[22:03:25.851] [SEVERE ] player 1 placing token on slot 4
[22:03:25.948] [SEVERE ] placing card 18 in slot 0
[22:03:26.048] [SEVERE ] placing card 22 in slot 0
[22:03:26.149] [SEVERE ] placing card 18 in slot 0
[22:03:26.160] [SEVERE ] setting player 3 freeze to 0
[22:03:26.160] [SEVERE ] setting player 3 freeze to 0
[22:03:26.161] [SEVERE ] setting player 3 freeze to 0
[22:03:26.161] [SEVERE ] setting player 3 freeze to 0
[22:03:26.162] [SEVERE ] removing player 3 token from slot 10
[22:03:26.162] [SEVERE ] player 3 placing token on slot 2
[22:03:26.176] [SEVERE ] setting player 4 freeze to 0
[22:03:26.177] [SEVERE ] setting player 4 freeze to 0
[22:03:26.177] [SEVERE ] setting player 4 freeze to 0
[22:03:26.178] [SEVERE ] setting player 4 freeze to 0
[22:03:26.178] [SEVERE ] removing player 4 token from slot 2
[22:03:26.179] [SEVERE ] player 4 placing token on slot 2
[22:03:26.181] [SEVERE ] setting player 2 freeze to 0
[22:03:26.181] [SEVERE ] setting player 2 freeze to 0
[22:03:26.181] [SEVERE ] setting player 2 freeze to 0
[22:03:26.182] [SEVERE ] setting player 2 freeze to 0
[22:03:26.182] [SEVERE ] removing player 2 token from slot 6
[22:03:26.183] [SEVERE ] player 2 placing token on slot 7
[22:03:26.191] [SEVERE ] setting player 1 freeze to 0
[22:03:26.191] [SEVERE ] setting player 1 freeze to 0
[22:03:26.192] [SEVERE ] setting player 1 freeze to 0
[22:03:26.192] [SEVERE ] setting player 1 freeze to 0
[22:03:26.193] [SEVERE ] removing player 1 token from slot 10
[22:03:26.193] [SEVERE ] removing player 1 token from slot 5
[22:03:26.193] [SEVERE ] player 1 placing token on slot 9
[22:03:26.194] [SEVERE ] player 1 placing token on slot 5
[22:03:26.203] [SEVERE ] setting player 3 freeze to 0
[22:03:26.204] [SEVERE ] setting player 3 freeze to 0
[22:03:26.207] [SEVERE ] setting player 3 freeze to 0
[22:03:26.207] [SEVERE ] setting player 3 freeze to 0
[22:03:26.207] [SEVERE ] removing player 3 token from slot 11
[22:03:26.208] [SEVERE ] player 3 placing token on slot 6
[22:03:26.215] [SEVERE ] setting player 4 freeze to 0
[22:03:26.215] [SEVERE ] setting player 4 freeze to 0
[22:03:26.216] [SEVERE ] setting player 4 freeze to 0
[22:03:26.216] [SEVERE ] setting player 4 freeze to 0
[22:03:26.217] [SEVERE ] removing player 4 token from slot 2
[22:03:26.217] [SEVERE ] player 4 placing token on slot 2
[22:03:26.233] [SEVERE ] setting player 2 freeze to 0
[22:03:26.233] [SEVERE ] setting player 2 freeze to 0
[22:03:26.235] [SEVERE ] setting player 2 freeze to 0
[22:03:26.235] [SEVERE ] setting player 2 freeze to 0
[22:03:26.235] [SEVERE ] removing player 2 token from slot 1
[22:03:26.236] [SEVERE ] player 2 placing token on slot 11
[22:03:26.247] [SEVERE ] setting player 1 freeze to 0
[22:03:26.249] [SEVERE ] setting player 1 freeze to 0
[22:03:26.249] [SEVERE ] setting player 1 freeze to 0
[22:03:26.250] [SEVERE ] setting player 1 freeze to 0
[22:03:26.251] [SEVERE ] removing player 1 token from slot 9
[22:03:26.251] [SEVERE ] removing player 1 token from slot 5
[22:03:26.251] [SEVERE ] player 1 placing token on slot 8
[22:03:26.252] [SEVERE ] player 1 placing token on slot 1
[22:03:26.257] [SEVERE ] setting player 3 freeze to 0
[22:03:26.257] [SEVERE ] setting player 3 freeze to 0
[22:03:26.257] [SEVERE ] setting player 3 freeze to 0
[22:03:26.258] [SEVERE ] setting player 3 freeze to 0
[22:03:26.258] [SEVERE ] removing player 3 token from slot 6
[22:03:26.258] [SEVERE ] player 3 placing token on slot 7
[22:03:26.276] [SEVERE ] setting player 4 freeze to 0
[22:03:26.276] [SEVERE ] setting player 4 freeze to 0
[22:03:26.276] [SEVERE ] setting player 4 freeze to 0
[22:03:26.277] [SEVERE ] setting player 4 freeze to 0
[22:03:26.277] [SEVERE ] removing player 4 token from slot 11
[22:03:26.278] [SEVERE ] player 4 placing token on slot 5
[22:03:26.290] [SEVERE ] setting player 2 freeze to 0
[22:03:26.291] [SEVERE ] setting player 2 freeze to 0
[22:03:26.291] [SEVERE ] setting player 2 freeze to 0
[22:03:26.292] [SEVERE ] setting player 2 freeze to 0
[22:03:26.292] [SEVERE ] removing player 2 token from slot 10
[22:03:26.293] [SEVERE ] player 2 placing token on slot 1
[22:03:26.301] [SEVERE ] setting player 1 freeze to 0
[22:03:26.301] [SEVERE ] setting player 1 freeze to 0
[22:03:26.301] [SEVERE ] setting player 1 freeze to 0
[22:03:26.302] [SEVERE ] setting player 1 freeze to 0
[22:03:26.303] [SEVERE ] removing player 1 token from slot 4
[22:03:26.303] [SEVERE ] player 1 placing token on slot 4
[22:03:26.315] [SEVERE ] updating countdown to 5000
[22:03:26.316] [SEVERE ] setting player 3 score to 2
[22:03:26.316] [SEVERE ] setting player 3 freeze to 0
[22:03:26.320] [SEVERE ] setting player 3 freeze to 0
[22:03:26.321] [SEVERE ] removing player 3 token from slot 7
[22:03:26.322] [SEVERE ] player 3 placing token on slot 10
[22:03:29.312] [SEVERE ] removing player 3 token from slot 2
[22:03:29.412] [SEVERE ] removing card from slot 2
[22:03:30.174] [SEVERE ] removing player 3 token from slot 8
[22:03:30.274] [SEVERE ] removing card from slot 8
