[17:48:20.190] [INFO   ] thread main starting.
[17:48:20.196] [SEVERE ] cannot read configuration file config.properties trying from resources.
[17:48:20.198] [SEVERE ] configuration file was loaded from resources directory.
[17:48:20.605] [INFO   ] thread dealer starting.
[17:48:20.606] [INFO   ] Thread dealer starting.
[17:48:20.712] [SEVERE ] placing card 73 in slot 0
[17:48:20.814] [SEVERE ] placing card 52 in slot 1
[17:48:20.915] [SEVERE ] placing card 78 in slot 2
[17:48:21.016] [SEVERE ] placing card 7 in slot 3
[17:48:21.117] [SEVERE ] placing card 35 in slot 4
[17:48:21.218] [SEVERE ] placing card 23 in slot 5
[17:48:21.320] [SEVERE ] placing card 12 in slot 6
[17:48:21.420] [SEVERE ] placing card 19 in slot 7
[17:48:21.521] [SEVERE ] placing card 51 in slot 8
[17:48:21.623] [SEVERE ] placing card 40 in slot 9
[17:48:21.724] [SEVERE ] placing card 20 in slot 10
[17:48:21.825] [SEVERE ] placing card 38 in slot 11
[17:48:21.827] [SEVERE ] updating countdown to 60000
[17:48:21.827] [INFO   ] Thread Thread-2starting.
[17:48:21.827] [INFO   ] Thread Thread-1starting.
[17:48:22.359] [SEVERE ] key 65 was pressed by player 1
[17:48:22.367] [SEVERE ] player 1 placing token on slot 4
[17:48:22.830] [SEVERE ] updating countdown to 58997
[17:48:22.830] [SEVERE ] setting player 1 freeze to 3000
[17:48:22.837] [SEVERE ] key 83 was pressed by player 1
[17:48:23.830] [SEVERE ] updating countdown to 57997
[17:48:23.831] [SEVERE ] setting player 1 freeze to 2000
[17:48:24.831] [SEVERE ] updating countdown to 56996
[17:48:24.831] [SEVERE ] setting player 1 freeze to 1000
[17:48:25.831] [SEVERE ] updating countdown to 55996
[17:48:25.832] [SEVERE ] setting player 1 freeze to 0
[17:48:26.708] [SEVERE ] key 83 was pressed by player 1
[17:48:26.712] [SEVERE ] player 1 placing token on slot 5
[17:48:26.832] [SEVERE ] updating countdown to 54995
[17:48:26.832] [SEVERE ] setting player 1 freeze to 3000
[17:48:27.832] [SEVERE ] updating countdown to 53995
[17:48:27.833] [SEVERE ] setting player 1 freeze to 2000
[17:48:28.833] [SEVERE ] updating countdown to 52994
[17:48:28.834] [SEVERE ] setting player 1 freeze to 1000
[17:48:29.834] [SEVERE ] updating countdown to 51993
[17:48:29.834] [SEVERE ] setting player 1 freeze to 0
[17:48:30.834] [SEVERE ] updating countdown to 50993
[17:48:30.834] [SEVERE ] setting player 1 freeze to 3000
[17:48:31.835] [SEVERE ] updating countdown to 49992
[17:48:31.835] [SEVERE ] setting player 1 freeze to 2000
[17:48:32.835] [SEVERE ] updating countdown to 48992
[17:48:32.836] [SEVERE ] setting player 1 freeze to 1000
[17:48:33.836] [SEVERE ] updating countdown to 47991
[17:48:33.836] [SEVERE ] setting player 1 freeze to 0
[17:48:34.836] [SEVERE ] setting player 1 freeze to 3000
[17:48:34.836] [SEVERE ] updating countdown to 46991
[17:48:35.837] [SEVERE ] setting player 1 freeze to 2000
[17:48:35.837] [SEVERE ] updating countdown to 45990
[17:48:36.837] [SEVERE ] setting player 1 freeze to 1000
[17:48:36.838] [SEVERE ] updating countdown to 44989
[17:48:37.838] [SEVERE ] setting player 1 freeze to 0
[17:48:37.839] [SEVERE ] setting player 1 freeze to 3000
[17:48:37.839] [SEVERE ] updating countdown to 43988
[17:48:38.839] [SEVERE ] setting player 1 freeze to 2000
[17:48:38.840] [SEVERE ] updating countdown to 42987
[17:48:39.003] [SEVERE ] exit button pressed
[17:48:39.104] [SEVERE ] removing card from slot 0
[17:48:39.204] [SEVERE ] removing card from slot 1
[17:48:39.305] [SEVERE ] removing card from slot 2
[17:48:39.405] [SEVERE ] removing card from slot 3
[17:48:39.505] [SEVERE ] removing card from slot 4
[17:48:39.605] [SEVERE ] removing card from slot 5
[17:48:39.706] [SEVERE ] removing card from slot 6
[17:48:39.806] [SEVERE ] removing card from slot 7
[17:48:39.840] [SEVERE ] setting player 1 freeze to 1000
[17:48:39.840] [SEVERE ] updating countdown to 41987
[17:48:39.906] [SEVERE ] removing card from slot 8
[17:48:40.006] [SEVERE ] removing card from slot 9
[17:48:40.107] [SEVERE ] removing card from slot 10
[17:48:40.207] [SEVERE ] removing card from slot 11
[17:48:40.207] [SEVERE ] removing all tokens
[17:48:40.840] [SEVERE ] setting player 1 freeze to 0
[17:48:40.841] [SEVERE ] setting player 1 freeze to 3000
[17:48:40.841] [SEVERE ] updating countdown to 40986
[17:48:41.841] [SEVERE ] setting player 1 freeze to 2000
[17:48:41.841] [SEVERE ] updating countdown to 39986
