[17:10:54.040] [INFO   ] thread main starting.
[17:10:54.051] [SEVERE ] cannot read configuration file config.properties trying from resources.
[17:10:54.057] [SEVERE ] configuration file was loaded from resources directory.
[17:10:54.459] [INFO   ] thread dealer starting.
[17:10:54.459] [INFO   ] Thread dealer starting.
[17:10:54.565] [SEVERE ] placing card 59 in slot 0
[17:10:54.666] [SEVERE ] placing card 43 in slot 1
[17:10:54.767] [SEVERE ] placing card 39 in slot 2
[17:10:54.868] [SEVERE ] placing card 25 in slot 3
[17:10:54.969] [SEVERE ] placing card 18 in slot 4
[17:10:55.071] [SEVERE ] placing card 2 in slot 5
[17:10:55.172] [SEVERE ] placing card 67 in slot 6
[17:10:55.273] [SEVERE ] placing card 32 in slot 7
[17:10:55.374] [SEVERE ] placing card 65 in slot 8
[17:10:55.475] [SEVERE ] placing card 55 in slot 9
[17:10:55.576] [SEVERE ] placing card 74 in slot 10
[17:10:55.677] [SEVERE ] placing card 12 in slot 11
[17:10:55.679] [INFO   ] Thread Thread-1starting.
[17:10:55.680] [INFO   ] Thread Thread-2starting.
[17:10:55.681] [INFO   ] Thread Thread-3starting.
[17:10:55.683] [SEVERE ] updating countdown to 15000
[17:10:55.683] [INFO   ] Thread Thread-4starting.
[17:10:55.687] [INFO   ] Thread computer-3 starting.
[17:10:55.688] [SEVERE ] player 4 placing token on slot 1
[17:10:55.690] [SEVERE ] removing player 4 token from slot 1
[17:10:55.694] [SEVERE ] player 4 placing token on slot 8
[17:10:55.696] [INFO   ] Thread computer-1 starting.
[17:10:55.696] [SEVERE ] player 2 placing token on slot 8
[17:10:55.696] [SEVERE ] player 2 placing token on slot 7
[17:10:55.697] [SEVERE ] player 2 placing token on slot 4
[17:10:55.693] [INFO   ] Thread computer-2 starting.
[17:10:55.699] [SEVERE ] player 3 placing token on slot 5
[17:10:55.699] [SEVERE ] player 3 placing token on slot 8
[17:10:55.706] [SEVERE ] player 4 placing token on slot 6
[17:10:55.707] [SEVERE ] player 4 placing token on slot 4
[17:10:55.708] [SEVERE ] removing player 3 token from slot 8
[17:10:55.709] [SEVERE ] player 3 placing token on slot 1
[17:10:55.709] [SEVERE ] player 3 placing token on slot 7
[17:10:55.711] [INFO   ] Thread computer-0 starting.
[17:10:55.711] [SEVERE ] player 1 placing token on slot 8
[17:10:55.721] [SEVERE ] player 1 placing token on slot 1
[17:10:55.724] [SEVERE ] removing player 1 token from slot 1
[17:10:55.726] [SEVERE ] player 1 placing token on slot 5
[17:10:55.726] [SEVERE ] player 1 placing token on slot 10
[17:10:56.685] [SEVERE ] setting player 2 freeze to 3000
[17:10:56.696] [INFO   ] thread dealer terminated.
