[19:50:26.488] [INFO   ] thread main starting.
[19:50:26.494] [SEVERE ] cannot read configuration file config.properties trying from resources.
[19:50:26.495] [SEVERE ] configuration file was loaded from resources directory.
[19:50:26.859] [INFO   ] thread dealer starting.
[19:50:26.861] [INFO   ] Thread dealer starting.
[19:50:26.968] [SEVERE ] placing card 53 in slot 0
[19:50:27.069] [SEVERE ] placing card 26 in slot 1
[19:50:27.170] [SEVERE ] placing card 21 in slot 2
[19:50:27.270] [SEVERE ] placing card 56 in slot 3
[19:50:27.371] [SEVERE ] placing card 25 in slot 4
[19:50:27.471] [SEVERE ] placing card 43 in slot 5
[19:50:27.572] [SEVERE ] placing card 10 in slot 6
[19:50:27.673] [SEVERE ] placing card 60 in slot 7
[19:50:27.773] [SEVERE ] placing card 68 in slot 8
[19:50:27.874] [SEVERE ] placing card 80 in slot 9
[19:50:27.975] [SEVERE ] placing card 61 in slot 10
[19:50:28.076] [SEVERE ] placing card 36 in slot 11
[19:50:28.076] [INFO   ] Thread Thread-1starting.
[19:50:28.077] [INFO   ] Thread Thread-2starting.
[19:50:28.077] [INFO   ] Thread Thread-4starting.
[19:50:28.077] [INFO   ] Thread Thread-3starting.
[19:50:28.077] [SEVERE ] updating countdown to 5000
[19:50:28.087] [INFO   ] Thread computer-0 starting.
[19:50:28.088] [SEVERE ] player 1 placing token on slot 3
[19:50:28.087] [INFO   ] Thread computer-3 starting.
[19:50:28.089] [SEVERE ] player 1 placing token on slot 9
[19:50:28.089] [SEVERE ] player 4 placing token on slot 8
[19:50:28.090] [SEVERE ] player 4 placing token on slot 6
[19:50:28.089] [SEVERE ] removing player 1 token from slot 3
[19:50:28.091] [SEVERE ] player 4 placing token on slot 2
[19:50:28.091] [SEVERE ] player 1 placing token on slot 6
[19:50:28.092] [SEVERE ] player 1 placing token on slot 8
[19:50:28.092] [INFO   ] Thread computer-2 starting.
[19:50:28.093] [SEVERE ] player 3 placing token on slot 3
[19:50:28.093] [SEVERE ] player 3 placing token on slot 9
[19:50:28.094] [SEVERE ] player 3 placing token on slot 4
[19:50:28.093] [INFO   ] Thread computer-1 starting.
[19:50:28.095] [SEVERE ] player 2 placing token on slot 6
[19:50:28.096] [SEVERE ] removing player 2 token from slot 6
[19:50:28.097] [SEVERE ] player 2 placing token on slot 5
[19:50:28.098] [SEVERE ] player 2 placing token on slot 8
[19:50:28.098] [SEVERE ] player 2 placing token on slot 6
[19:50:28.100] [SEVERE ] setting player 4 freeze to 0
[19:50:28.100] [SEVERE ] setting player 4 freeze to 0
[19:50:28.100] [SEVERE ] setting player 4 freeze to 0
[19:50:28.101] [SEVERE ] setting player 4 freeze to 0
[19:50:28.101] [SEVERE ] removing player 4 token from slot 2
[19:50:28.102] [SEVERE ] player 4 placing token on slot 3
[19:50:28.110] [SEVERE ] setting player 1 freeze to 0
[19:50:28.110] [SEVERE ] setting player 1 freeze to 0
[19:50:28.110] [SEVERE ] setting player 1 freeze to 0
[19:50:28.111] [SEVERE ] setting player 1 freeze to 0
[19:50:28.111] [SEVERE ] removing player 1 token from slot 8
[19:50:28.112] [SEVERE ] player 1 placing token on slot 2
[19:50:28.120] [SEVERE ] setting player 3 freeze to 0
[19:50:28.120] [SEVERE ] setting player 3 freeze to 0
[19:50:28.121] [SEVERE ] setting player 3 freeze to 0
[19:50:28.121] [SEVERE ] setting player 3 freeze to 0
[19:50:28.121] [SEVERE ] removing player 3 token from slot 4
[19:50:28.122] [SEVERE ] player 3 placing token on slot 6
[19:50:28.130] [SEVERE ] setting player 2 freeze to 0
[19:50:28.131] [SEVERE ] setting player 2 freeze to 0
[19:50:28.131] [SEVERE ] setting player 2 freeze to 0
[19:50:28.132] [SEVERE ] setting player 2 freeze to 0
[19:50:28.132] [SEVERE ] removing player 2 token from slot 8
[19:50:28.133] [SEVERE ] player 2 placing token on slot 2
[19:50:28.141] [SEVERE ] setting player 4 freeze to 0
[19:50:28.141] [SEVERE ] setting player 4 freeze to 0
[19:50:28.141] [SEVERE ] setting player 4 freeze to 0
[19:50:28.142] [SEVERE ] setting player 4 freeze to 0
[19:50:28.142] [SEVERE ] removing player 4 token from slot 6
[19:50:28.143] [SEVERE ] player 4 placing token on slot 1
[19:50:28.151] [SEVERE ] setting player 1 freeze to 0
[19:50:28.151] [SEVERE ] setting player 1 freeze to 0
[19:50:28.152] [SEVERE ] setting player 1 freeze to 0
[19:50:28.152] [SEVERE ] setting player 1 freeze to 0
[19:50:28.153] [SEVERE ] removing player 1 token from slot 2
[19:50:28.153] [SEVERE ] player 1 placing token on slot 2
[19:50:28.161] [SEVERE ] setting player 3 freeze to 0
[19:50:28.162] [SEVERE ] setting player 3 freeze to 0
[19:50:28.162] [SEVERE ] setting player 3 freeze to 0
[19:50:28.162] [SEVERE ] setting player 3 freeze to 0
[19:50:28.163] [SEVERE ] removing player 3 token from slot 9
[19:50:28.163] [SEVERE ] player 3 placing token on slot 2
[19:50:28.172] [SEVERE ] setting player 2 freeze to 0
[19:50:28.172] [SEVERE ] setting player 2 freeze to 0
[19:50:28.172] [SEVERE ] setting player 2 freeze to 0
[19:50:28.173] [SEVERE ] setting player 2 freeze to 0
[19:50:28.173] [SEVERE ] removing player 2 token from slot 2
[19:50:28.174] [SEVERE ] player 2 placing token on slot 2
[19:50:28.182] [SEVERE ] setting player 4 freeze to 0
[19:50:28.182] [SEVERE ] setting player 4 freeze to 0
[19:50:28.183] [SEVERE ] setting player 4 freeze to 0
[19:50:28.194] [SEVERE ] setting player 1 freeze to 0
[19:50:28.198] [SEVERE ] setting player 4 freeze to 0
[19:50:28.200] [SEVERE ] removing player 4 token from slot 8
[19:50:28.200] [SEVERE ] player 4 placing token on slot 7
[19:50:28.200] [SEVERE ] setting player 1 freeze to 0
[19:50:28.201] [SEVERE ] setting player 1 freeze to 0
[19:50:28.201] [SEVERE ] setting player 1 freeze to 0
[19:50:28.202] [SEVERE ] removing player 1 token from slot 9
[19:50:28.202] [SEVERE ] player 1 placing token on slot 4
[19:50:28.205] [SEVERE ] setting player 3 freeze to 0
[19:50:28.205] [SEVERE ] setting player 3 freeze to 0
[19:50:28.205] [SEVERE ] setting player 3 freeze to 0
[19:50:28.208] [SEVERE ] setting player 3 freeze to 0
[19:50:28.209] [SEVERE ] removing player 3 token from slot 3
[19:50:28.209] [SEVERE ] player 3 placing token on slot 8
[19:50:28.215] [SEVERE ] setting player 2 freeze to 0
[19:50:28.215] [SEVERE ] setting player 2 freeze to 0
[19:50:28.216] [SEVERE ] setting player 2 freeze to 0
[19:50:28.216] [SEVERE ] setting player 2 freeze to 0
[19:50:28.217] [SEVERE ] removing player 2 token from slot 2
[19:50:28.217] [SEVERE ] player 2 placing token on slot 4
[19:50:28.230] [SEVERE ] setting player 4 freeze to 0
[19:50:28.231] [SEVERE ] setting player 4 freeze to 0
[19:50:28.231] [SEVERE ] setting player 4 freeze to 0
[19:50:28.231] [SEVERE ] setting player 4 freeze to 0
[19:50:28.232] [SEVERE ] removing player 4 token from slot 1
[19:50:28.232] [SEVERE ] player 4 placing token on slot 11
[19:50:28.241] [SEVERE ] setting player 1 freeze to 0
[19:50:28.241] [SEVERE ] setting player 1 freeze to 0
[19:50:28.241] [SEVERE ] setting player 1 freeze to 0
[19:50:28.242] [SEVERE ] setting player 1 freeze to 0
[19:50:28.242] [SEVERE ] removing player 1 token from slot 6
[19:50:28.242] [SEVERE ] player 1 placing token on slot 3
[19:50:28.251] [SEVERE ] setting player 3 freeze to 0
[19:50:28.252] [SEVERE ] setting player 3 freeze to 0
[19:50:28.252] [SEVERE ] setting player 3 freeze to 0
[19:50:28.252] [SEVERE ] setting player 3 freeze to 0
[19:50:28.253] [SEVERE ] removing player 3 token from slot 8
[19:50:28.253] [SEVERE ] player 3 placing token on slot 10
[19:50:28.261] [SEVERE ] setting player 2 freeze to 0
[19:50:28.261] [SEVERE ] setting player 2 freeze to 0
[19:50:28.262] [SEVERE ] setting player 2 freeze to 0
[19:50:28.263] [SEVERE ] setting player 2 freeze to 0
[19:50:28.266] [SEVERE ] removing player 2 token from slot 6
[19:50:28.266] [SEVERE ] player 2 placing token on slot 1
[19:50:28.271] [SEVERE ] setting player 4 freeze to 0
[19:50:28.272] [SEVERE ] setting player 4 freeze to 0
[19:50:28.272] [SEVERE ] setting player 4 freeze to 0
[19:50:28.273] [SEVERE ] setting player 4 freeze to 0
[19:50:28.273] [SEVERE ] removing player 4 token from slot 11
[19:50:28.274] [SEVERE ] player 4 placing token on slot 9
[19:50:28.282] [SEVERE ] setting player 1 freeze to 0
[19:50:28.283] [SEVERE ] setting player 1 freeze to 0
[19:50:28.283] [SEVERE ] setting player 1 freeze to 0
[19:50:28.284] [SEVERE ] setting player 1 freeze to 0
[19:50:28.284] [SEVERE ] removing player 1 token from slot 4
[19:50:28.284] [SEVERE ] removing player 1 token from slot 3
[19:50:28.285] [SEVERE ] player 1 placing token on slot 9
[19:50:28.285] [SEVERE ] player 1 placing token on slot 1
[19:50:28.292] [SEVERE ] setting player 3 freeze to 0
[19:50:28.292] [SEVERE ] setting player 3 freeze to 0
[19:50:28.293] [SEVERE ] setting player 3 freeze to 0
[19:50:28.293] [SEVERE ] setting player 3 freeze to 0
[19:50:28.294] [SEVERE ] removing player 3 token from slot 2
[19:50:28.294] [SEVERE ] player 3 placing token on slot 5
[19:50:28.303] [SEVERE ] setting player 2 freeze to 0
[19:50:28.304] [SEVERE ] setting player 2 freeze to 0
[19:50:28.304] [SEVERE ] setting player 2 freeze to 0
[19:50:28.305] [SEVERE ] setting player 2 freeze to 0
[19:50:28.305] [SEVERE ] removing player 2 token from slot 1
[19:50:28.306] [SEVERE ] removing player 2 token from slot 5
[19:50:28.307] [SEVERE ] player 2 placing token on slot 10
[19:50:28.307] [SEVERE ] player 2 placing token on slot 11
[19:50:28.315] [SEVERE ] setting player 4 freeze to 0
[19:50:28.315] [SEVERE ] setting player 4 freeze to 0
[19:50:28.315] [SEVERE ] setting player 4 freeze to 0
[19:50:28.316] [SEVERE ] setting player 4 freeze to 0
[19:50:28.316] [SEVERE ] removing player 4 token from slot 7
[19:50:28.317] [SEVERE ] player 4 placing token on slot 6
[19:50:28.325] [SEVERE ] setting player 1 freeze to 0
[19:50:28.325] [SEVERE ] setting player 1 freeze to 0
[19:50:28.326] [SEVERE ] setting player 1 freeze to 0
[19:50:28.326] [SEVERE ] setting player 1 freeze to 0
[19:50:28.326] [SEVERE ] removing player 1 token from slot 2
[19:50:28.327] [SEVERE ] player 1 placing token on slot 11
[19:50:28.335] [SEVERE ] setting player 3 freeze to 0
[19:50:28.336] [SEVERE ] setting player 3 freeze to 0
[19:50:28.336] [SEVERE ] setting player 3 freeze to 0
[19:50:28.337] [SEVERE ] setting player 3 freeze to 0
[19:50:28.337] [SEVERE ] removing player 3 token from slot 10
[19:50:28.338] [SEVERE ] player 3 placing token on slot 8
[19:50:28.347] [SEVERE ] setting player 2 freeze to 0
[19:50:28.348] [SEVERE ] setting player 2 freeze to 0
[19:50:28.348] [SEVERE ] setting player 2 freeze to 0
[19:50:28.349] [SEVERE ] setting player 2 freeze to 0
[19:50:28.350] [SEVERE ] removing player 2 token from slot 4
[19:50:28.351] [SEVERE ] removing player 2 token from slot 11
[19:50:28.351] [SEVERE ] player 2 placing token on slot 9
[19:50:28.351] [SEVERE ] player 2 placing token on slot 2
[19:50:28.357] [SEVERE ] setting player 4 freeze to 0
[19:50:28.358] [SEVERE ] setting player 4 freeze to 0
[19:50:28.361] [SEVERE ] setting player 4 freeze to 0
[19:50:28.362] [SEVERE ] setting player 4 freeze to 0
[19:50:28.363] [SEVERE ] removing player 4 token from slot 9
[19:50:28.364] [SEVERE ] player 4 placing token on slot 5
[19:50:28.368] [SEVERE ] setting player 1 freeze to 0
[19:50:28.368] [SEVERE ] setting player 1 freeze to 0
[19:50:28.369] [SEVERE ] setting player 1 freeze to 0
[19:50:28.369] [SEVERE ] setting player 1 freeze to 0
[19:50:28.370] [SEVERE ] removing player 1 token from slot 1
[19:50:28.370] [SEVERE ] player 1 placing token on slot 3
[19:50:28.378] [SEVERE ] setting player 3 freeze to 0
[19:50:28.380] [SEVERE ] setting player 3 freeze to 0
[19:50:28.381] [SEVERE ] setting player 3 freeze to 0
[19:50:28.381] [SEVERE ] setting player 3 freeze to 0
[19:50:28.382] [SEVERE ] removing player 3 token from slot 8
[19:50:28.382] [SEVERE ] player 3 placing token on slot 4
[19:50:28.389] [SEVERE ] setting player 2 freeze to 0
[19:50:28.389] [SEVERE ] setting player 2 freeze to 0
[19:50:28.389] [SEVERE ] setting player 2 freeze to 0
[19:50:28.390] [SEVERE ] setting player 2 freeze to 0
[19:50:28.390] [SEVERE ] removing player 2 token from slot 2
[19:50:28.391] [SEVERE ] player 2 placing token on slot 7
[19:50:28.399] [SEVERE ] setting player 4 freeze to 0
[19:50:28.399] [SEVERE ] setting player 4 freeze to 0
[19:50:28.400] [SEVERE ] setting player 4 freeze to 0
[19:50:28.401] [SEVERE ] setting player 4 freeze to 0
[19:50:28.401] [SEVERE ] removing player 4 token from slot 5
[19:50:28.402] [SEVERE ] player 4 placing token on slot 11
[19:50:28.409] [SEVERE ] setting player 1 freeze to 0
[19:50:28.410] [SEVERE ] setting player 1 freeze to 0
[19:50:28.411] [SEVERE ] setting player 1 freeze to 0
[19:50:28.411] [SEVERE ] setting player 1 freeze to 0
[19:50:28.412] [SEVERE ] removing player 1 token from slot 3
[19:50:28.413] [SEVERE ] player 1 placing token on slot 6
[19:50:28.421] [SEVERE ] setting player 3 freeze to 0
[19:50:28.422] [SEVERE ] setting player 3 freeze to 0
[19:50:28.425] [SEVERE ] setting player 3 freeze to 0
[19:50:28.425] [SEVERE ] setting player 3 freeze to 0
[19:50:28.425] [SEVERE ] removing player 3 token from slot 6
[19:50:28.426] [SEVERE ] player 3 placing token on slot 2
[19:50:28.432] [SEVERE ] setting player 2 freeze to 0
[19:50:28.432] [SEVERE ] setting player 2 freeze to 0
[19:50:28.433] [SEVERE ] setting player 2 freeze to 0
[19:50:28.433] [SEVERE ] setting player 2 freeze to 0
[19:50:28.434] [SEVERE ] removing player 2 token from slot 9
[19:50:28.434] [SEVERE ] player 2 placing token on slot 5
[19:50:28.442] [SEVERE ] setting player 4 freeze to 0
[19:50:28.442] [SEVERE ] setting player 4 freeze to 0
[19:50:28.443] [SEVERE ] setting player 4 freeze to 0
[19:50:28.443] [SEVERE ] setting player 4 freeze to 0
[19:50:28.444] [SEVERE ] removing player 4 token from slot 11
[19:50:28.444] [SEVERE ] player 4 placing token on slot 2
[19:50:28.452] [SEVERE ] setting player 1 freeze to 0
[19:50:28.452] [SEVERE ] setting player 1 freeze to 0
[19:50:28.453] [SEVERE ] setting player 1 freeze to 0
[19:50:28.453] [SEVERE ] setting player 1 freeze to 0
[19:50:28.453] [SEVERE ] removing player 1 token from slot 6
[19:50:28.454] [SEVERE ] removing player 1 token from slot 9
[19:50:28.455] [SEVERE ] player 1 placing token on slot 2
[19:50:28.455] [SEVERE ] player 1 placing token on slot 9
[19:50:28.462] [SEVERE ] setting player 3 freeze to 0
[19:50:28.463] [SEVERE ] setting player 3 freeze to 0
[19:50:28.463] [SEVERE ] setting player 3 freeze to 0
[19:50:28.464] [SEVERE ] setting player 3 freeze to 0
[19:50:28.464] [SEVERE ] removing player 3 token from slot 4
[19:50:28.465] [SEVERE ] removing player 3 token from slot 2
[19:50:28.465] [SEVERE ] player 3 placing token on slot 7
[19:50:28.466] [SEVERE ] player 3 placing token on slot 4
[19:50:28.473] [SEVERE ] setting player 2 freeze to 0
[19:50:28.473] [SEVERE ] setting player 2 freeze to 0
[19:50:28.474] [SEVERE ] setting player 2 freeze to 0
[19:50:28.474] [SEVERE ] setting player 2 freeze to 0
[19:50:28.474] [SEVERE ] removing player 2 token from slot 7
[19:50:28.475] [SEVERE ] player 2 placing token on slot 8
[19:50:28.483] [SEVERE ] setting player 4 freeze to 0
[19:50:28.484] [SEVERE ] setting player 4 freeze to 0
[19:50:28.484] [SEVERE ] setting player 4 freeze to 0
[19:50:28.485] [SEVERE ] setting player 4 freeze to 0
[19:50:28.485] [SEVERE ] removing player 4 token from slot 3
[19:50:28.485] [SEVERE ] player 4 placing token on slot 1
[19:50:28.493] [SEVERE ] setting player 1 freeze to 0
[19:50:28.494] [SEVERE ] setting player 1 freeze to 0
[19:50:28.494] [SEVERE ] setting player 1 freeze to 0
[19:50:28.495] [SEVERE ] setting player 1 freeze to 0
[19:50:28.495] [SEVERE ] removing player 1 token from slot 2
[19:50:28.496] [SEVERE ] player 1 placing token on slot 10
[19:50:28.504] [SEVERE ] setting player 3 freeze to 0
[19:50:28.504] [SEVERE ] setting player 3 freeze to 0
[19:50:28.506] [SEVERE ] setting player 3 freeze to 0
[19:50:28.506] [SEVERE ] setting player 3 freeze to 0
[19:50:28.506] [SEVERE ] removing player 3 token from slot 5
[19:50:28.507] [SEVERE ] player 3 placing token on slot 8
[19:50:28.514] [SEVERE ] setting player 2 freeze to 0
[19:50:28.515] [SEVERE ] setting player 2 freeze to 0
[19:50:28.515] [SEVERE ] setting player 2 freeze to 0
[19:50:28.515] [SEVERE ] setting player 2 freeze to 0
[19:50:28.516] [SEVERE ] removing player 2 token from slot 5
[19:50:28.517] [SEVERE ] player 2 placing token on slot 11
[19:50:28.524] [SEVERE ] setting player 4 freeze to 0
[19:50:28.525] [SEVERE ] setting player 4 freeze to 0
[19:50:28.525] [SEVERE ] setting player 4 freeze to 0
[19:50:28.525] [SEVERE ] setting player 4 freeze to 0
[19:50:28.525] [SEVERE ] removing player 4 token from slot 6
[19:50:28.526] [SEVERE ] player 4 placing token on slot 9
[19:50:28.537] [SEVERE ] setting player 1 freeze to 0
[19:50:28.537] [SEVERE ] setting player 1 freeze to 0
[19:50:28.538] [SEVERE ] setting player 1 freeze to 0
[19:50:28.538] [SEVERE ] setting player 1 freeze to 0
[19:50:28.538] [SEVERE ] removing player 1 token from slot 9
[19:50:28.539] [SEVERE ] removing player 1 token from slot 11
[19:50:28.541] [SEVERE ] player 1 placing token on slot 4
[19:50:28.541] [SEVERE ] player 1 placing token on slot 2
[19:50:28.547] [SEVERE ] setting player 3 freeze to 0
[19:50:28.548] [SEVERE ] setting player 3 freeze to 0
[19:50:28.548] [SEVERE ] setting player 3 freeze to 0
[19:50:28.549] [SEVERE ] setting player 3 freeze to 0
[19:50:28.549] [SEVERE ] removing player 3 token from slot 4
[19:50:28.550] [SEVERE ] player 3 placing token on slot 9
[19:50:28.558] [SEVERE ] setting player 2 freeze to 0
[19:50:28.558] [SEVERE ] setting player 2 freeze to 0
[19:50:28.558] [SEVERE ] setting player 2 freeze to 0
[19:50:28.559] [SEVERE ] setting player 2 freeze to 0
[19:50:28.559] [SEVERE ] removing player 2 token from slot 11
[19:50:28.559] [SEVERE ] player 2 placing token on slot 4
[19:50:28.568] [SEVERE ] setting player 4 freeze to 0
[19:50:28.568] [SEVERE ] setting player 4 freeze to 0
[19:50:28.569] [SEVERE ] setting player 4 freeze to 0
[19:50:28.569] [SEVERE ] setting player 4 freeze to 0
[19:50:28.569] [SEVERE ] removing player 4 token from slot 1
[19:50:28.570] [SEVERE ] player 4 placing token on slot 8
[19:50:28.579] [SEVERE ] setting player 1 freeze to 0
[19:50:28.580] [SEVERE ] setting player 1 freeze to 0
[19:50:28.580] [SEVERE ] setting player 1 freeze to 0
[19:50:28.582] [SEVERE ] setting player 1 freeze to 0
[19:50:28.582] [SEVERE ] removing player 1 token from slot 2
[19:50:28.582] [SEVERE ] player 1 placing token on slot 7
[19:50:28.590] [SEVERE ] setting player 3 freeze to 0
[19:50:28.593] [SEVERE ] setting player 3 freeze to 0
[19:50:28.593] [SEVERE ] setting player 3 freeze to 0
[19:50:28.594] [SEVERE ] setting player 3 freeze to 0
[19:50:28.595] [SEVERE ] removing player 3 token from slot 8
[19:50:28.595] [SEVERE ] player 3 placing token on slot 4
[19:50:28.600] [SEVERE ] setting player 2 freeze to 0
[19:50:28.600] [SEVERE ] setting player 2 freeze to 0
[19:50:28.600] [SEVERE ] setting player 2 freeze to 0
[19:50:28.601] [SEVERE ] setting player 2 freeze to 0
[19:50:28.601] [SEVERE ] removing player 2 token from slot 8
[19:50:28.602] [SEVERE ] player 2 placing token on slot 5
[19:50:28.610] [SEVERE ] setting player 4 freeze to 0
[19:50:28.611] [SEVERE ] setting player 4 freeze to 0
[19:50:28.611] [SEVERE ] setting player 4 freeze to 0
[19:50:28.612] [SEVERE ] setting player 4 freeze to 0
[19:50:28.612] [SEVERE ] removing player 4 token from slot 2
[19:50:28.612] [SEVERE ] player 4 placing token on slot 3
[19:50:28.620] [SEVERE ] setting player 1 freeze to 0
[19:50:28.620] [SEVERE ] setting player 1 freeze to 0
[19:50:28.621] [SEVERE ] setting player 1 freeze to 0
[19:50:28.621] [SEVERE ] setting player 1 freeze to 0
[19:50:28.622] [SEVERE ] removing player 1 token from slot 10
[19:50:28.622] [SEVERE ] player 1 placing token on slot 5
[19:50:28.631] [SEVERE ] setting player 3 freeze to 0
[19:50:28.631] [SEVERE ] setting player 3 freeze to 0
[19:50:28.631] [SEVERE ] setting player 3 freeze to 0
[19:50:28.632] [SEVERE ] setting player 3 freeze to 0
[19:50:28.632] [SEVERE ] removing player 3 token from slot 9
[19:50:28.632] [SEVERE ] player 3 placing token on slot 2
[19:50:28.641] [SEVERE ] updating countdown to 5000
[19:50:28.641] [SEVERE ] removing player 2 token from slot 10
[19:50:28.641] [SEVERE ] removing player 2 token from slot 4
[19:50:28.643] [SEVERE ] removing player 2 token from slot 10
[19:50:28.643] [SEVERE ] removing player 2 token from slot 10
[19:50:28.643] [SEVERE ] setting player 2 score to 1
[19:50:28.644] [SEVERE ] setting player 2 freeze to 0
[19:50:28.644] [SEVERE ] setting player 2 freeze to 0
[19:50:28.645] [SEVERE ] removing player 2 token from slot 10
[19:50:28.645] [SEVERE ] removing player 2 token from slot 4
[19:50:28.646] [SEVERE ] player 2 placing token on slot 1
[19:50:28.646] [SEVERE ] player 2 placing token on slot 10
[19:50:28.743] [SEVERE ] removing card from slot 4
[19:50:28.743] [SEVERE ] removing player 2 token from slot 5
[19:50:28.844] [SEVERE ] removing card from slot 5
[19:50:28.844] [SEVERE ] removing player 2 token from slot 10
[19:50:28.945] [SEVERE ] removing card from slot 10
[19:50:28.945] [SEVERE ] removing player 1 token from slot 4
[19:50:28.945] [SEVERE ] removing player 3 token from slot 4
[19:50:28.945] [SEVERE ] removing player 1 token from slot 5
[19:50:28.945] [SEVERE ] removing player 2 token from slot 5
[19:50:28.945] [SEVERE ] removing player 2 token from slot 10
[19:50:29.045] [SEVERE ] placing card 54 in slot 4
[19:50:29.146] [SEVERE ] placing card 78 in slot 5
[19:50:29.246] [SEVERE ] placing card 20 in slot 10
[19:50:29.257] [SEVERE ] updating countdown to 5000
[19:50:29.257] [SEVERE ] removing player 4 token from slot 9
[19:50:29.257] [SEVERE ] removing player 4 token from slot 3
[19:50:29.258] [SEVERE ] removing player 4 token from slot 9
[19:50:29.259] [SEVERE ] removing player 4 token from slot 9
[19:50:29.269] [SEVERE ] setting player 4 score to 1
[19:50:29.270] [SEVERE ] setting player 4 freeze to 0
[19:50:29.270] [SEVERE ] setting player 4 freeze to 0
[19:50:29.271] [SEVERE ] removing player 4 token from slot 9
[19:50:29.271] [SEVERE ] player 4 placing token on slot 10
[19:50:29.360] [SEVERE ] removing card from slot 3
[19:50:29.360] [SEVERE ] removing player 4 token from slot 8
[19:50:29.460] [SEVERE ] removing card from slot 8
[19:50:29.460] [SEVERE ] removing player 4 token from slot 10
[19:50:29.561] [SEVERE ] removing card from slot 10
[19:50:29.561] [SEVERE ] removing player 4 token from slot 3
[19:50:29.562] [SEVERE ] removing player 4 token from slot 8
[19:50:29.562] [SEVERE ] removing player 4 token from slot 10
[19:50:29.663] [SEVERE ] placing card 72 in slot 3
[19:50:29.763] [SEVERE ] placing card 12 in slot 8
[19:50:29.864] [SEVERE ] placing card 57 in slot 10
[19:50:29.875] [SEVERE ] setting player 1 freeze to 0
[19:50:29.878] [SEVERE ] setting player 1 freeze to 0
[19:50:29.878] [SEVERE ] setting player 1 freeze to 0
[19:50:29.878] [SEVERE ] setting player 1 freeze to 0
[19:50:29.878] [SEVERE ] removing player 1 token from slot 4
[19:50:29.878] [SEVERE ] player 1 placing token on slot 10
[19:50:29.885] [SEVERE ] setting player 3 freeze to 0
[19:50:29.885] [SEVERE ] setting player 3 freeze to 0
[19:50:29.886] [SEVERE ] setting player 3 freeze to 0
[19:50:29.886] [SEVERE ] setting player 3 freeze to 0
[19:50:29.887] [SEVERE ] removing player 3 token from slot 2
[19:50:29.887] [SEVERE ] player 3 placing token on slot 6
[19:50:29.895] [SEVERE ] setting player 2 freeze to 0
[19:50:29.895] [SEVERE ] setting player 2 freeze to 0
[19:50:29.896] [SEVERE ] setting player 2 freeze to 0
[19:50:29.896] [SEVERE ] setting player 2 freeze to 0
[19:50:29.897] [SEVERE ] player 2 placing token on slot 5
[19:50:29.897] [SEVERE ] player 2 placing token on slot 7
[19:50:29.898] [SEVERE ] player 2 placing token on slot 6
[19:50:29.905] [SEVERE ] updating countdown to 5000
[19:50:30.006] [SEVERE ] placing card 22 in slot 0
[19:50:30.106] [SEVERE ] placing card 6 in slot 0
[19:50:30.207] [SEVERE ] placing card 69 in slot 0
[19:50:30.217] [SEVERE ] setting player 1 freeze to 0
[19:50:30.217] [SEVERE ] setting player 1 freeze to 0
[19:50:30.218] [SEVERE ] setting player 1 freeze to 0
[19:50:30.223] [SEVERE ] setting player 1 freeze to 0
[19:50:30.223] [SEVERE ] removing player 1 token from slot 10
[19:50:30.224] [SEVERE ] player 1 placing token on slot 8
[19:50:30.227] [SEVERE ] setting player 3 freeze to 0
[19:50:30.227] [SEVERE ] setting player 3 freeze to 0
[19:50:30.236] [SEVERE ] setting player 3 freeze to 0
[19:50:30.236] [SEVERE ] setting player 3 freeze to 0
[19:50:30.236] [SEVERE ] removing player 3 token from slot 6
[19:50:30.237] [SEVERE ] player 3 placing token on slot 10
[19:54:07.311] [SEVERE ] updating countdown to 5000
[19:54:07.311] [SEVERE ] setting player 2 freeze to 0
[19:54:07.311] [SEVERE ] updating countdown to 5000
[19:54:07.312] [SEVERE ] setting player 2 freeze to 0
[19:54:07.312] [SEVERE ] setting player 2 freeze to 0
[19:54:07.313] [SEVERE ] setting player 2 freeze to 0
[19:54:07.313] [SEVERE ] removing player 2 token from slot 6
[19:54:07.313] [SEVERE ] player 2 placing token on slot 6
[19:54:07.411] [SEVERE ] removing card from slot 0
[19:54:07.512] [SEVERE ] removing card from slot 1
[19:54:07.612] [SEVERE ] removing card from slot 2
[19:54:07.712] [SEVERE ] removing card from slot 3
[19:54:07.813] [SEVERE ] removing card from slot 4
[19:54:07.913] [SEVERE ] removing card from slot 5
[19:54:08.013] [SEVERE ] removing card from slot 6
[19:54:08.114] [SEVERE ] removing card from slot 7
[19:54:08.214] [SEVERE ] removing card from slot 8
[19:54:08.314] [SEVERE ] removing card from slot 9
[19:54:08.415] [SEVERE ] removing card from slot 10
[19:54:08.516] [SEVERE ] removing card from slot 11
[19:54:08.516] [SEVERE ] removing all tokens
[19:54:08.617] [SEVERE ] placing card 52 in slot 0
