[14:41:36.228] [INFO   ] thread main starting.
[14:41:36.235] [SEVERE ] cannot read configuration file config.properties trying from resources.
[14:41:36.237] [SEVERE ] configuration file was loaded from resources directory.
[14:41:36.680] [INFO   ] thread dealer starting.
[14:41:36.680] [INFO   ] Thread dealer starting.
[14:41:36.785] [SEVERE ] placing card 76 in slot 0
[14:41:36.886] [SEVERE ] placing card 80 in slot 1
[14:41:36.986] [SEVERE ] placing card 12 in slot 2
[14:41:37.087] [SEVERE ] placing card 63 in slot 3
[14:41:37.189] [SEVERE ] placing card 48 in slot 4
[14:41:37.291] [SEVERE ] placing card 54 in slot 5
[14:41:37.392] [SEVERE ] placing card 1 in slot 6
[14:41:37.493] [SEVERE ] placing card 56 in slot 7
[14:41:37.594] [SEVERE ] placing card 45 in slot 8
[14:41:37.696] [SEVERE ] placing card 39 in slot 9
[14:41:37.796] [SEVERE ] placing card 72 in slot 10
[14:41:37.898] [SEVERE ] placing card 75 in slot 11
[14:41:37.899] [INFO   ] Thread Thread-2starting.
[14:41:37.900] [INFO   ] Thread Thread-4starting.
[14:41:37.900] [SEVERE ] updating countdown to 5000
[14:41:37.900] [INFO   ] Thread Thread-3starting.
[14:41:37.909] [INFO   ] Thread computer-1 starting.
[14:41:37.899] [INFO   ] Thread Thread-1starting.
[14:41:37.910] [INFO   ] Thread computer-2 starting.
[14:41:37.910] [SEVERE ] player 2 placing token on slot 7
[14:41:37.909] [INFO   ] Thread computer-3 starting.
[14:41:37.911] [SEVERE ] player 3 placing token on slot 3
[14:41:37.911] [INFO   ] Thread computer-0 starting.
[14:41:37.912] [SEVERE ] player 4 placing token on slot 4
[14:41:37.913] [SEVERE ] player 2 placing token on slot 6
[14:41:37.913] [SEVERE ] player 4 placing token on slot 7
[14:41:37.914] [SEVERE ] player 1 placing token on slot 6
[14:41:37.914] [SEVERE ] player 3 placing token on slot 10
[14:41:37.915] [SEVERE ] player 1 placing token on slot 11
[14:41:37.915] [SEVERE ] removing player 4 token from slot 7
[14:41:37.915] [SEVERE ] player 2 placing token on slot 9
[14:41:37.916] [SEVERE ] player 4 placing token on slot 9
[14:41:37.916] [SEVERE ] player 1 placing token on slot 3
[14:41:37.917] [SEVERE ] removing player 3 token from slot 10
[14:41:37.917] [SEVERE ] player 4 placing token on slot 8
[14:41:37.918] [SEVERE ] player 3 placing token on slot 2
[14:41:37.918] [SEVERE ] player 3 placing token on slot 0
[14:41:37.920] [SEVERE ] setting player 2 freeze to 0
[14:41:37.921] [SEVERE ] setting player 2 freeze to 0
[14:41:37.921] [SEVERE ] setting player 2 freeze to 0
[14:41:37.922] [SEVERE ] setting player 2 freeze to 0
[14:41:37.934] [SEVERE ] setting player 1 freeze to 0
[14:41:37.934] [SEVERE ] setting player 1 freeze to 0
[14:41:37.934] [SEVERE ] setting player 1 freeze to 0
[14:41:37.935] [SEVERE ] setting player 1 freeze to 0
[14:41:37.944] [SEVERE ] setting player 4 freeze to 0
[14:41:37.944] [SEVERE ] setting player 4 freeze to 0
[14:41:37.945] [SEVERE ] setting player 4 freeze to 0
[14:41:37.945] [SEVERE ] setting player 4 freeze to 0
[14:41:37.954] [SEVERE ] setting player 3 freeze to 0
[14:41:37.955] [SEVERE ] setting player 3 freeze to 0
[14:41:37.956] [SEVERE ] setting player 3 freeze to 0
[14:41:37.957] [SEVERE ] setting player 3 freeze to 0
[14:42:11.562] [SEVERE ] updating countdown to 5000
[14:42:11.562] [SEVERE ] updating countdown to 5000
[14:42:11.663] [SEVERE ] removing card from slot 0
[14:42:11.764] [SEVERE ] removing card from slot 1
[14:42:11.866] [SEVERE ] removing card from slot 2
[14:42:11.966] [SEVERE ] removing card from slot 3
[14:42:12.067] [SEVERE ] removing card from slot 4
[14:42:12.167] [SEVERE ] removing card from slot 5
[14:42:12.268] [SEVERE ] removing card from slot 6
[14:42:12.368] [SEVERE ] removing card from slot 7
[14:42:12.469] [SEVERE ] removing card from slot 8
[14:42:12.569] [SEVERE ] removing card from slot 9
[14:42:12.670] [SEVERE ] removing card from slot 10
[14:42:12.770] [SEVERE ] removing card from slot 11
[14:42:12.770] [SEVERE ] removing all tokens
[14:42:12.871] [SEVERE ] placing card 76 in slot 0
[14:42:12.972] [SEVERE ] placing card 78 in slot 1
[14:42:13.073] [SEVERE ] placing card 11 in slot 2
[14:42:13.174] [SEVERE ] placing card 70 in slot 3
[14:42:13.274] [SEVERE ] placing card 3 in slot 4
[14:42:13.375] [SEVERE ] placing card 71 in slot 5
[14:42:13.475] [SEVERE ] placing card 29 in slot 6
[14:42:13.576] [SEVERE ] placing card 30 in slot 7
[14:42:13.676] [SEVERE ] placing card 14 in slot 8
[14:42:13.777] [SEVERE ] placing card 18 in slot 9
[14:42:13.877] [SEVERE ] placing card 44 in slot 10
[14:42:13.978] [SEVERE ] placing card 35 in slot 11
[14:42:13.978] [INFO   ] Thread Thread-5starting.
[14:42:13.978] [SEVERE ] updating countdown to 5000
[14:42:13.978] [INFO   ] Thread Thread-7starting.
[14:42:13.978] [INFO   ] Thread Thread-6starting.
[14:42:13.979] [INFO   ] Thread computer-0 starting.
[14:42:13.978] [INFO   ] Thread Thread-8starting.
[14:42:13.986] [INFO   ] Thread computer-2 starting.
[14:42:13.992] [INFO   ] Thread computer-3 starting.
[14:42:13.987] [INFO   ] Thread computer-1 starting.
