[18:21:10.625] [INFO   ] thread main starting.
[18:21:10.631] [SEVERE ] cannot read configuration file config.properties trying from resources.
[18:21:10.633] [SEVERE ] configuration file was loaded from resources directory.
[18:21:11.012] [INFO   ] thread dealer starting.
[18:21:11.013] [INFO   ] Thread dealer starting.
[18:21:11.118] [SEVERE ] placing card 40 in slot 0
[18:21:11.219] [SEVERE ] placing card 56 in slot 1
[18:21:11.320] [SEVERE ] placing card 28 in slot 2
[18:21:11.421] [SEVERE ] placing card 80 in slot 3
[18:21:11.522] [SEVERE ] placing card 12 in slot 4
[18:21:11.624] [SEVERE ] placing card 19 in slot 5
[18:21:11.724] [SEVERE ] placing card 41 in slot 6
[18:21:11.825] [SEVERE ] placing card 65 in slot 7
[18:21:11.926] [SEVERE ] placing card 39 in slot 8
[18:21:12.026] [SEVERE ] placing card 57 in slot 9
[18:21:12.127] [SEVERE ] placing card 67 in slot 10
[18:21:12.228] [SEVERE ] placing card 58 in slot 11
[18:21:12.230] [INFO   ] Thread Thread-1starting.
[18:21:12.230] [SEVERE ] updating countdown to 5000
[18:21:12.231] [INFO   ] Thread Thread-4starting.
[18:21:12.230] [INFO   ] Thread Thread-2starting.
[18:21:12.230] [INFO   ] Thread Thread-3starting.
[18:21:12.245] [INFO   ] Thread computer-0 starting.
[18:21:12.248] [INFO   ] Thread computer-2 starting.
[18:21:12.249] [SEVERE ] player 3 placing token on slot 5
[18:21:12.248] [INFO   ] Thread computer-1 starting.
[18:21:12.252] [SEVERE ] player 2 placing token on slot 10
[18:21:12.250] [SEVERE ] player 1 placing token on slot 7
[18:21:12.255] [SEVERE ] player 2 placing token on slot 4
[18:21:12.257] [SEVERE ] removing player 2 token from slot 10
[18:21:12.258] [SEVERE ] player 2 placing token on slot 3
[18:21:12.259] [SEVERE ] player 2 placing token on slot 10
[18:21:12.256] [SEVERE ] player 3 placing token on slot 6
[18:21:12.262] [SEVERE ] removing player 3 token from slot 6
[18:21:12.263] [SEVERE ] player 3 placing token on slot 4
[18:21:12.264] [SEVERE ] removing player 3 token from slot 5
[18:21:12.267] [SEVERE ] player 3 placing token on slot 7
[18:21:12.256] [SEVERE ] player 1 placing token on slot 5
[18:21:12.268] [SEVERE ] player 1 placing token on slot 2
[18:21:12.268] [SEVERE ] player 3 placing token on slot 1
[18:21:12.260] [INFO   ] Thread computer-3 starting.
[18:21:12.274] [SEVERE ] player 4 placing token on slot 1
[18:21:12.275] [SEVERE ] player 4 placing token on slot 10
[18:21:12.279] [SEVERE ] player 4 placing token on slot 2
[18:21:12.277] [SEVERE ] setting player 2 freeze to 0
[18:21:12.280] [SEVERE ] setting player 1 freeze to 0
[18:21:12.285] [SEVERE ] setting player 2 freeze to 0
[18:21:12.286] [SEVERE ] setting player 1 freeze to 0
[18:21:12.286] [SEVERE ] setting player 2 freeze to 0
[18:21:12.287] [SEVERE ] setting player 1 freeze to 0
[18:21:12.287] [SEVERE ] setting player 2 freeze to 0
[18:21:12.288] [SEVERE ] setting player 1 freeze to 0
[18:21:12.301] [SEVERE ] setting player 4 freeze to 0
[18:21:12.301] [SEVERE ] setting player 4 freeze to 0
[18:21:12.301] [SEVERE ] setting player 4 freeze to 0
[18:21:12.302] [SEVERE ] setting player 4 freeze to 0
[18:21:12.302] [SEVERE ] removing player 4 token from slot 2
[18:21:12.303] [SEVERE ] player 4 placing token on slot 2
[18:21:12.291] [SEVERE ] removing player 2 token from slot 4
[18:21:12.306] [SEVERE ] removing player 2 token from slot 3
[18:21:12.306] [SEVERE ] player 2 placing token on slot 11
[18:21:12.306] [SEVERE ] player 2 placing token on slot 9
[18:21:12.290] [SEVERE ] setting player 3 freeze to 0
[18:21:12.301] [SEVERE ] removing player 1 token from slot 2
[18:21:12.307] [SEVERE ] setting player 3 freeze to 0
[18:21:12.308] [SEVERE ] player 1 placing token on slot 3
[18:21:12.308] [SEVERE ] setting player 3 freeze to 0
[18:21:12.309] [SEVERE ] setting player 3 freeze to 0
[18:21:12.310] [SEVERE ] removing player 3 token from slot 1
[18:21:12.310] [SEVERE ] player 3 placing token on slot 1
[18:21:12.311] [SEVERE ] setting player 4 freeze to 0
[18:21:12.315] [SEVERE ] setting player 4 freeze to 0
[18:21:12.316] [SEVERE ] setting player 4 freeze to 0
[18:21:12.316] [SEVERE ] setting player 4 freeze to 0
[18:21:12.317] [SEVERE ] removing player 4 token from slot 2
[18:21:12.319] [SEVERE ] player 4 placing token on slot 2
[18:21:12.321] [SEVERE ] setting player 2 freeze to 0
[18:21:12.321] [SEVERE ] setting player 2 freeze to 0
[18:21:12.322] [SEVERE ] setting player 2 freeze to 0
[18:21:12.322] [SEVERE ] setting player 2 freeze to 0
[18:21:12.323] [SEVERE ] removing player 2 token from slot 10
[18:21:12.323] [SEVERE ] removing player 2 token from slot 11
[18:21:12.324] [SEVERE ] player 2 placing token on slot 4
[18:21:12.324] [SEVERE ] removing player 2 token from slot 9
[18:21:12.325] [SEVERE ] player 2 placing token on slot 5
[18:21:12.326] [SEVERE ] player 2 placing token on slot 8
[18:21:12.331] [SEVERE ] setting player 1 freeze to 0
[18:21:12.332] [SEVERE ] setting player 1 freeze to 0
[18:21:12.333] [SEVERE ] setting player 1 freeze to 0
[18:21:12.333] [SEVERE ] setting player 1 freeze to 0
[18:21:12.334] [SEVERE ] removing player 1 token from slot 5
[18:21:12.334] [SEVERE ] removing player 1 token from slot 7
[18:21:12.335] [SEVERE ] player 1 placing token on slot 5
[18:21:12.335] [SEVERE ] removing player 1 token from slot 5
[18:21:12.335] [SEVERE ] player 1 placing token on slot 2
[18:21:12.336] [SEVERE ] player 1 placing token on slot 9
[18:21:12.344] [SEVERE ] setting player 3 freeze to 0
[18:21:12.344] [SEVERE ] setting player 3 freeze to 0
[18:21:12.349] [SEVERE ] setting player 3 freeze to 0
[18:21:12.349] [SEVERE ] setting player 3 freeze to 0
[18:21:12.350] [SEVERE ] removing player 3 token from slot 1
[18:21:12.350] [SEVERE ] player 3 placing token on slot 8
[18:21:12.355] [SEVERE ] setting player 4 freeze to 0
[18:21:12.356] [SEVERE ] setting player 4 freeze to 0
[18:21:12.356] [SEVERE ] setting player 4 freeze to 0
[18:21:12.357] [SEVERE ] setting player 4 freeze to 0
[18:21:12.357] [SEVERE ] removing player 4 token from slot 10
[18:21:12.360] [SEVERE ] player 4 placing token on slot 6
[18:21:12.365] [SEVERE ] setting player 2 freeze to 0
[18:21:12.365] [SEVERE ] setting player 2 freeze to 0
[18:21:12.365] [SEVERE ] setting player 2 freeze to 0
[18:21:12.366] [SEVERE ] setting player 2 freeze to 0
[18:21:12.366] [SEVERE ] removing player 2 token from slot 4
[18:21:12.367] [SEVERE ] player 2 placing token on slot 4
[18:21:12.375] [SEVERE ] setting player 1 freeze to 0
[18:21:12.375] [SEVERE ] setting player 1 freeze to 0
[18:21:12.376] [SEVERE ] setting player 1 freeze to 0
[18:21:12.376] [SEVERE ] setting player 1 freeze to 0
[18:21:12.377] [SEVERE ] removing player 1 token from slot 3
[18:21:12.378] [SEVERE ] removing player 1 token from slot 2
[18:21:12.379] [SEVERE ] player 1 placing token on slot 11
[18:21:12.379] [SEVERE ] player 1 placing token on slot 6
[18:21:12.385] [SEVERE ] setting player 3 freeze to 0
[18:21:12.386] [SEVERE ] setting player 3 freeze to 0
[18:21:12.387] [SEVERE ] setting player 3 freeze to 0
[18:21:12.387] [SEVERE ] setting player 3 freeze to 0
[18:21:12.388] [SEVERE ] removing player 3 token from slot 7
[18:21:12.388] [SEVERE ] removing player 3 token from slot 4
[18:21:12.389] [SEVERE ] player 3 placing token on slot 11
[18:21:12.389] [SEVERE ] player 3 placing token on slot 6
[18:21:12.401] [SEVERE ] setting player 4 freeze to 0
[18:21:12.402] [SEVERE ] setting player 4 freeze to 0
[18:21:12.402] [SEVERE ] setting player 4 freeze to 0
[18:21:12.403] [SEVERE ] setting player 4 freeze to 0
[18:21:12.405] [SEVERE ] removing player 4 token from slot 6
[18:21:12.406] [SEVERE ] player 4 placing token on slot 11
[18:21:12.407] [SEVERE ] setting player 2 freeze to 0
[18:21:12.407] [SEVERE ] setting player 2 freeze to 0
[18:21:12.407] [SEVERE ] setting player 2 freeze to 0
[18:21:12.407] [SEVERE ] setting player 2 freeze to 0
[18:21:12.408] [SEVERE ] removing player 2 token from slot 8
[18:21:12.408] [SEVERE ] player 2 placing token on slot 3
[18:21:12.417] [SEVERE ] setting player 1 freeze to 0
[18:21:12.418] [SEVERE ] setting player 1 freeze to 0
[18:21:12.418] [SEVERE ] setting player 1 freeze to 0
[18:21:12.419] [SEVERE ] setting player 1 freeze to 0
[18:21:12.419] [SEVERE ] removing player 1 token from slot 9
[18:21:12.420] [SEVERE ] player 1 placing token on slot 4
[18:21:12.428] [SEVERE ] setting player 3 freeze to 0
[18:21:12.428] [SEVERE ] setting player 3 freeze to 0
[18:21:12.429] [SEVERE ] setting player 3 freeze to 0
[18:21:12.429] [SEVERE ] setting player 3 freeze to 0
[18:21:12.430] [SEVERE ] removing player 3 token from slot 11
[18:21:12.431] [SEVERE ] player 3 placing token on slot 1
[18:21:12.438] [SEVERE ] setting player 4 freeze to 0
[18:21:12.439] [SEVERE ] setting player 4 freeze to 0
[18:21:12.440] [SEVERE ] setting player 4 freeze to 0
[18:21:12.442] [SEVERE ] setting player 4 freeze to 0
[18:21:12.442] [SEVERE ] removing player 4 token from slot 2
[18:21:12.443] [SEVERE ] player 4 placing token on slot 4
[18:21:12.449] [SEVERE ] setting player 2 freeze to 0
[18:21:12.449] [SEVERE ] setting player 2 freeze to 0
[18:21:12.450] [SEVERE ] setting player 2 freeze to 0
[18:21:12.450] [SEVERE ] setting player 2 freeze to 0
[18:21:12.450] [SEVERE ] removing player 2 token from slot 3
[18:21:12.451] [SEVERE ] player 2 placing token on slot 7
[18:21:12.459] [SEVERE ] setting player 1 freeze to 0
[18:21:12.460] [SEVERE ] setting player 1 freeze to 0
[18:21:12.460] [SEVERE ] setting player 1 freeze to 0
[18:21:12.461] [SEVERE ] setting player 1 freeze to 0
[18:21:12.461] [SEVERE ] removing player 1 token from slot 4
[18:21:12.462] [SEVERE ] player 1 placing token on slot 7
[18:21:12.470] [SEVERE ] setting player 3 freeze to 0
[18:21:12.470] [SEVERE ] setting player 3 freeze to 0
[18:21:12.471] [SEVERE ] setting player 3 freeze to 0
[18:21:12.472] [SEVERE ] setting player 3 freeze to 0
[18:21:12.472] [SEVERE ] removing player 3 token from slot 1
[18:21:12.473] [SEVERE ] player 3 placing token on slot 7
[18:21:12.481] [SEVERE ] setting player 4 freeze to 0
[18:21:12.481] [SEVERE ] setting player 4 freeze to 0
[18:21:12.482] [SEVERE ] setting player 4 freeze to 0
[18:21:12.482] [SEVERE ] setting player 4 freeze to 0
[18:21:12.483] [SEVERE ] removing player 4 token from slot 4
[18:21:12.483] [SEVERE ] player 4 placing token on slot 4
[18:21:12.491] [SEVERE ] setting player 2 freeze to 0
[18:21:12.491] [SEVERE ] setting player 2 freeze to 0
[18:21:12.492] [SEVERE ] setting player 2 freeze to 0
[18:21:12.492] [SEVERE ] setting player 2 freeze to 0
[18:21:12.493] [SEVERE ] removing player 2 token from slot 5
[18:21:12.494] [SEVERE ] player 2 placing token on slot 10
[18:21:12.502] [SEVERE ] setting player 1 freeze to 0
[18:21:12.502] [SEVERE ] setting player 1 freeze to 0
[18:21:12.502] [SEVERE ] setting player 1 freeze to 0
[18:21:12.503] [SEVERE ] setting player 1 freeze to 0
[18:21:12.504] [SEVERE ] removing player 1 token from slot 11
[18:21:12.505] [SEVERE ] player 1 placing token on slot 3
[18:21:12.512] [SEVERE ] setting player 3 freeze to 0
[18:21:12.512] [SEVERE ] setting player 3 freeze to 0
[18:21:12.512] [SEVERE ] setting player 3 freeze to 0
[18:21:12.513] [SEVERE ] setting player 3 freeze to 0
[18:21:12.513] [SEVERE ] removing player 3 token from slot 8
[18:21:12.514] [SEVERE ] player 3 placing token on slot 4
[18:21:12.522] [SEVERE ] setting player 4 freeze to 0
[18:21:12.522] [SEVERE ] setting player 4 freeze to 0
[18:21:12.523] [SEVERE ] setting player 4 freeze to 0
[18:21:12.525] [SEVERE ] setting player 4 freeze to 0
[18:21:12.526] [SEVERE ] removing player 4 token from slot 4
[18:21:12.527] [SEVERE ] player 4 placing token on slot 9
[18:21:12.532] [SEVERE ] setting player 2 freeze to 0
[18:21:12.533] [SEVERE ] setting player 2 freeze to 0
[18:21:12.533] [SEVERE ] setting player 2 freeze to 0
[18:21:12.534] [SEVERE ] setting player 2 freeze to 0
[18:21:12.534] [SEVERE ] removing player 2 token from slot 4
[18:21:12.535] [SEVERE ] player 2 placing token on slot 2
[18:21:12.553] [SEVERE ] setting player 1 freeze to 0
[18:21:12.553] [SEVERE ] setting player 3 freeze to 0
[18:21:12.553] [SEVERE ] setting player 3 freeze to 0
[18:21:12.554] [SEVERE ] setting player 3 freeze to 0
[18:21:12.554] [SEVERE ] setting player 3 freeze to 0
[18:21:12.555] [SEVERE ] removing player 3 token from slot 6
[18:21:12.555] [SEVERE ] player 3 placing token on slot 3
[18:21:12.557] [SEVERE ] setting player 1 freeze to 0
[18:21:12.557] [SEVERE ] setting player 1 freeze to 0
[18:21:12.557] [SEVERE ] setting player 1 freeze to 0
[18:21:12.558] [SEVERE ] removing player 1 token from slot 3
[18:21:12.558] [SEVERE ] player 1 placing token on slot 4
[18:21:12.564] [SEVERE ] setting player 4 freeze to 0
[18:21:12.564] [SEVERE ] setting player 4 freeze to 0
[18:21:12.565] [SEVERE ] setting player 4 freeze to 0
[18:21:12.565] [SEVERE ] setting player 4 freeze to 0
[18:21:12.565] [SEVERE ] removing player 4 token from slot 11
[18:21:12.565] [SEVERE ] player 4 placing token on slot 2
[18:21:12.575] [SEVERE ] setting player 2 freeze to 0
[18:21:12.576] [SEVERE ] setting player 2 freeze to 0
[18:21:12.576] [SEVERE ] setting player 2 freeze to 0
[18:21:12.576] [SEVERE ] setting player 2 freeze to 0
[18:21:12.577] [SEVERE ] removing player 2 token from slot 10
[18:21:12.577] [SEVERE ] player 2 placing token on slot 3
[18:21:12.586] [SEVERE ] setting player 3 freeze to 0
[18:21:12.586] [SEVERE ] setting player 3 freeze to 0
[18:21:12.587] [SEVERE ] setting player 3 freeze to 0
[18:21:12.587] [SEVERE ] setting player 3 freeze to 0
[18:21:12.587] [SEVERE ] removing player 3 token from slot 4
[18:21:12.588] [SEVERE ] player 3 placing token on slot 6
[18:21:12.596] [SEVERE ] setting player 1 freeze to 0
[18:21:12.596] [SEVERE ] setting player 1 freeze to 0
[18:21:12.597] [SEVERE ] setting player 1 freeze to 0
[18:21:12.597] [SEVERE ] setting player 1 freeze to 0
[18:21:12.598] [SEVERE ] removing player 1 token from slot 7
[18:21:12.598] [SEVERE ] player 1 placing token on slot 10
[18:21:12.606] [SEVERE ] setting player 4 freeze to 0
[18:21:12.606] [SEVERE ] setting player 4 freeze to 0
[18:21:12.607] [SEVERE ] setting player 4 freeze to 0
[18:21:12.607] [SEVERE ] setting player 4 freeze to 0
[18:21:12.608] [SEVERE ] removing player 4 token from slot 9
[18:21:12.608] [SEVERE ] player 4 placing token on slot 8
[18:21:12.617] [SEVERE ] setting player 2 freeze to 0
[18:21:12.617] [SEVERE ] setting player 2 freeze to 0
[18:21:12.617] [SEVERE ] setting player 2 freeze to 0
[18:21:12.617] [SEVERE ] setting player 2 freeze to 0
[18:21:12.617] [SEVERE ] removing player 2 token from slot 7
[18:21:12.618] [SEVERE ] removing player 2 token from slot 2
[18:21:12.619] [SEVERE ] player 2 placing token on slot 2
[18:21:12.619] [SEVERE ] player 2 placing token on slot 8
[18:21:12.627] [SEVERE ] setting player 3 freeze to 0
[18:21:12.627] [SEVERE ] setting player 3 freeze to 0
[18:21:12.628] [SEVERE ] setting player 3 freeze to 0
[18:21:12.629] [SEVERE ] setting player 3 freeze to 0
[18:21:12.631] [SEVERE ] removing player 3 token from slot 6
[18:21:12.632] [SEVERE ] removing player 3 token from slot 7
[18:21:12.632] [SEVERE ] player 3 placing token on slot 1
[18:21:12.633] [SEVERE ] player 3 placing token on slot 9
[18:21:12.637] [SEVERE ] updating countdown to 5000
[18:21:12.638] [SEVERE ] removing player 1 token from slot 4
[18:21:12.739] [SEVERE ] removing card from slot 4
[18:21:12.739] [SEVERE ] removing player 1 token from slot 6
[18:21:12.840] [SEVERE ] removing card from slot 6
[18:21:12.840] [SEVERE ] removing player 1 token from slot 10
[18:21:12.940] [SEVERE ] removing card from slot 10
[18:21:12.940] [SEVERE ] removing player 1 token from slot 4
[18:21:12.942] [SEVERE ] removing player 1 token from slot 6
[18:21:12.942] [SEVERE ] removing player 1 token from slot 10
