[21:30:44.097] [INFO   ] thread main starting.
[21:30:44.103] [SEVERE ] cannot read configuration file config.properties trying from resources.
[21:30:44.104] [SEVERE ] configuration file was loaded from resources directory.
[21:30:44.467] [INFO   ] thread dealer starting.
[21:30:44.467] [INFO   ] Thread dealer starting.
[21:30:44.574] [SEVERE ] placing card 25 in slot 0
[21:30:44.674] [SEVERE ] placing card 22 in slot 1
[21:30:44.775] [SEVERE ] placing card 36 in slot 2
[21:30:44.876] [SEVERE ] placing card 16 in slot 3
[21:30:44.977] [SEVERE ] placing card 17 in slot 4
[21:30:45.078] [SEVERE ] placing card 42 in slot 5
[21:30:45.178] [SEVERE ] placing card 57 in slot 6
[21:30:45.279] [SEVERE ] placing card 74 in slot 7
[21:30:45.380] [SEVERE ] placing card 45 in slot 8
[21:30:45.481] [SEVERE ] placing card 28 in slot 9
[21:30:45.582] [SEVERE ] placing card 30 in slot 10
[21:30:45.683] [SEVERE ] placing card 37 in slot 11
[21:30:45.684] [INFO   ] Thread Thread-1starting.
[21:30:45.685] [INFO   ] Thread Thread-3starting.
[21:30:45.684] [INFO   ] Thread Thread-2starting.
[21:30:45.685] [INFO   ] Thread Thread-4starting.
[21:30:45.685] [SEVERE ] updating countdown to 5000
[21:30:45.688] [INFO   ] Thread computer-0 starting.
[21:30:45.691] [SEVERE ] player 1 placing token on slot 1
[21:30:45.692] [SEVERE ] player 1 placing token on slot 2
[21:30:45.693] [SEVERE ] player 1 placing token on slot 8
[21:30:45.701] [SEVERE ] setting player 1 freeze to 0
[21:30:45.702] [INFO   ] Thread computer-2 starting.
[21:30:45.703] [SEVERE ] player 3 placing token on slot 8
[21:30:45.703] [SEVERE ] player 3 placing token on slot 3
[21:30:45.710] [SEVERE ] player 3 placing token on slot 11
[21:30:45.703] [SEVERE ] setting player 1 freeze to 0
[21:30:45.711] [SEVERE ] setting player 1 freeze to 0
[21:30:45.711] [SEVERE ] setting player 1 freeze to 0
[21:30:45.708] [INFO   ] Thread computer-1 starting.
[21:30:45.712] [SEVERE ] removing player 1 token from slot 1
[21:30:45.712] [INFO   ] Thread computer-3 starting.
[21:30:45.712] [SEVERE ] player 2 placing token on slot 9
[21:30:45.717] [SEVERE ] player 2 placing token on slot 4
[21:30:45.717] [SEVERE ] player 2 placing token on slot 5
[21:30:45.716] [SEVERE ] player 4 placing token on slot 11
[21:30:45.719] [SEVERE ] player 4 placing token on slot 3
[21:30:45.721] [SEVERE ] player 4 placing token on slot 9
[21:30:45.723] [SEVERE ] setting player 3 freeze to 0
[21:30:45.723] [SEVERE ] setting player 3 freeze to 0
[21:30:45.724] [SEVERE ] setting player 3 freeze to 0
[21:30:45.724] [SEVERE ] setting player 3 freeze to 0
[21:30:45.726] [SEVERE ] removing player 3 token from slot 3
[21:30:45.735] [SEVERE ] setting player 2 freeze to 0
[21:30:45.735] [SEVERE ] setting player 2 freeze to 0
[21:30:45.736] [SEVERE ] setting player 2 freeze to 0
[21:30:45.736] [SEVERE ] setting player 2 freeze to 0
[21:30:45.737] [SEVERE ] removing player 2 token from slot 9
[21:30:45.745] [SEVERE ] setting player 4 freeze to 0
[21:30:45.746] [SEVERE ] setting player 4 freeze to 0
[21:30:45.746] [SEVERE ] setting player 4 freeze to 0
[21:30:45.747] [SEVERE ] setting player 4 freeze to 0
[21:30:45.747] [SEVERE ] removing player 4 token from slot 9
[21:30:47.685] [SEVERE ] updating countdown to 3000
[21:30:50.694] [SEVERE ] updating countdown to 5000
[21:30:50.694] [SEVERE ] updating countdown to 5000
[21:30:50.795] [SEVERE ] removing card from slot 0
[21:30:50.895] [SEVERE ] removing card from slot 1
[21:30:50.995] [SEVERE ] removing card from slot 2
[21:30:51.096] [SEVERE ] removing card from slot 3
[21:30:51.196] [SEVERE ] removing card from slot 4
[21:30:51.296] [SEVERE ] removing card from slot 5
