[20:48:06.946] [INFO   ] thread main starting.
[20:48:06.953] [SEVERE ] cannot read configuration file config.properties trying from resources.
[20:48:06.954] [SEVERE ] configuration file was loaded from resources directory.
[20:48:07.508] [INFO   ] thread dealer starting.
[20:48:07.509] [INFO   ] Thread dealer starting.
[20:48:07.620] [SEVERE ] placing card 52 in slot 0
[20:48:07.720] [SEVERE ] placing card 67 in slot 1
[20:48:07.821] [SEVERE ] placing card 47 in slot 2
[20:48:07.922] [SEVERE ] placing card 64 in slot 3
[20:48:08.024] [SEVERE ] placing card 32 in slot 4
[20:48:08.125] [SEVERE ] placing card 38 in slot 5
[20:48:08.226] [SEVERE ] placing card 54 in slot 6
[20:48:08.326] [SEVERE ] placing card 22 in slot 7
[20:48:08.427] [SEVERE ] placing card 65 in slot 8
[20:48:08.528] [SEVERE ] placing card 33 in slot 9
[20:48:08.629] [SEVERE ] placing card 14 in slot 10
[20:48:08.730] [SEVERE ] placing card 50 in slot 11
[20:48:08.773] [INFO   ] Thread Thread-1starting.
[20:48:08.773] [INFO   ] Thread Thread-2starting.
[20:48:08.777] [INFO   ] Thread computer-0 starting.
[20:48:08.774] [INFO   ] Thread Thread-3starting.
[20:48:08.786] [SEVERE ] player 1 placing token on slot 1
[20:48:08.788] [SEVERE ] player 1 placing token on slot 11
[20:48:08.788] [SEVERE ] player 1 placing token on slot 8
[20:48:08.773] [SEVERE ] updating countdown to 5000
[20:48:08.773] [INFO   ] Thread Thread-4starting.
[20:48:08.789] [INFO   ] Thread computer-2 starting.
[20:48:08.779] [INFO   ] Thread computer-1 starting.
[20:48:08.794] [SEVERE ] player 3 placing token on slot 6
[20:48:08.794] [SEVERE ] player 2 placing token on slot 8
[20:48:08.795] [SEVERE ] player 2 placing token on slot 3
[20:48:08.795] [SEVERE ] player 3 placing token on slot 7
[20:48:08.800] [SEVERE ] setting player 1 freeze to 0
[20:48:08.800] [SEVERE ] removing player 3 token from slot 7
[20:48:08.801] [SEVERE ] removing player 3 token from slot 6
[20:48:08.803] [SEVERE ] player 3 placing token on slot 8
[20:48:08.803] [SEVERE ] player 3 placing token on slot 10
[20:48:08.804] [SEVERE ] player 3 placing token on slot 11
[20:48:08.799] [SEVERE ] removing player 2 token from slot 8
[20:48:08.805] [SEVERE ] player 2 placing token on slot 8
[20:48:08.806] [SEVERE ] player 2 placing token on slot 9
[20:48:08.796] [INFO   ] Thread computer-3 starting.
[20:48:08.800] [SEVERE ] setting player 1 freeze to 0
[20:48:08.808] [SEVERE ] player 4 placing token on slot 8
[20:48:08.808] [SEVERE ] setting player 1 freeze to 0
[20:48:08.809] [SEVERE ] player 4 placing token on slot 11
[20:48:08.813] [SEVERE ] player 4 placing token on slot 2
[20:48:08.812] [SEVERE ] setting player 1 freeze to 0
[20:48:08.814] [SEVERE ] removing player 1 token from slot 11
[20:48:08.815] [SEVERE ] player 1 placing token on slot 10
[20:48:08.814] [SEVERE ] setting player 3 freeze to 0
[20:48:08.816] [SEVERE ] setting player 3 freeze to 0
[20:48:08.816] [SEVERE ] setting player 3 freeze to 0
[20:48:08.817] [SEVERE ] setting player 3 freeze to 0
[20:48:08.817] [SEVERE ] removing player 3 token from slot 10
[20:48:08.818] [SEVERE ] player 3 placing token on slot 4
[20:48:08.823] [SEVERE ] setting player 2 freeze to 0
[20:48:08.824] [SEVERE ] setting player 2 freeze to 0
[20:48:08.824] [SEVERE ] setting player 2 freeze to 0
[20:48:08.824] [SEVERE ] setting player 2 freeze to 0
[20:48:08.825] [SEVERE ] removing player 2 token from slot 3
[20:48:08.825] [SEVERE ] player 2 placing token on slot 10
[20:48:08.833] [SEVERE ] setting player 4 freeze to 0
[20:48:08.833] [SEVERE ] setting player 4 freeze to 0
[20:48:08.834] [SEVERE ] setting player 4 freeze to 0
[20:48:08.834] [SEVERE ] setting player 4 freeze to 0
[20:48:08.835] [SEVERE ] removing player 4 token from slot 11
[20:48:08.835] [SEVERE ] removing player 4 token from slot 2
[20:48:08.836] [SEVERE ] player 4 placing token on slot 9
[20:48:08.836] [SEVERE ] player 4 placing token on slot 11
[20:48:08.843] [SEVERE ] setting player 1 freeze to 0
[20:48:08.844] [SEVERE ] setting player 1 freeze to 0
[20:48:08.844] [SEVERE ] setting player 1 freeze to 0
[20:48:08.845] [SEVERE ] setting player 1 freeze to 0
[20:48:08.845] [SEVERE ] removing player 1 token from slot 1
[20:48:08.845] [SEVERE ] player 1 placing token on slot 2
[20:48:08.854] [SEVERE ] setting player 3 freeze to 0
[20:48:08.854] [SEVERE ] setting player 3 freeze to 0
[20:48:08.854] [SEVERE ] setting player 3 freeze to 0
[20:48:08.855] [SEVERE ] setting player 3 freeze to 0
[20:48:08.855] [SEVERE ] removing player 3 token from slot 11
[20:48:08.856] [SEVERE ] player 3 placing token on slot 11
[20:48:08.864] [SEVERE ] setting player 2 freeze to 0
[20:48:08.864] [SEVERE ] setting player 2 freeze to 0
[20:48:08.865] [SEVERE ] setting player 2 freeze to 0
[20:48:08.865] [SEVERE ] setting player 2 freeze to 0
[20:48:08.866] [SEVERE ] removing player 2 token from slot 10
[20:48:08.866] [SEVERE ] removing player 2 token from slot 9
[20:48:08.867] [SEVERE ] player 2 placing token on slot 10
[20:48:08.867] [SEVERE ] player 2 placing token on slot 4
[20:48:08.874] [SEVERE ] setting player 4 freeze to 0
[20:48:08.875] [SEVERE ] setting player 4 freeze to 0
[20:48:08.875] [SEVERE ] setting player 4 freeze to 0
[20:48:08.875] [SEVERE ] setting player 4 freeze to 0
[20:48:08.876] [SEVERE ] removing player 4 token from slot 11
[20:48:08.876] [SEVERE ] player 4 placing token on slot 11
[20:48:08.885] [SEVERE ] setting player 1 freeze to 0
[20:48:08.886] [SEVERE ] setting player 1 freeze to 0
[20:48:08.886] [SEVERE ] setting player 1 freeze to 0
[20:48:08.886] [SEVERE ] setting player 1 freeze to 0
[20:48:08.887] [SEVERE ] removing player 1 token from slot 8
[20:48:08.887] [SEVERE ] player 1 placing token on slot 4
[20:48:08.895] [SEVERE ] setting player 3 freeze to 0
[20:48:08.895] [SEVERE ] setting player 3 freeze to 0
[20:48:08.896] [SEVERE ] setting player 3 freeze to 0
[20:48:08.896] [SEVERE ] setting player 3 freeze to 0
[20:48:08.897] [SEVERE ] removing player 3 token from slot 11
[20:48:08.897] [SEVERE ] player 3 placing token on slot 9
[20:48:08.905] [SEVERE ] setting player 2 freeze to 0
[20:48:08.906] [SEVERE ] setting player 2 freeze to 0
[20:48:08.906] [SEVERE ] setting player 2 freeze to 0
[20:48:08.907] [SEVERE ] setting player 2 freeze to 0
[20:48:08.907] [SEVERE ] removing player 2 token from slot 4
[20:48:08.908] [SEVERE ] removing player 2 token from slot 10
[20:48:08.908] [SEVERE ] player 2 placing token on slot 6
[20:48:08.909] [SEVERE ] player 2 placing token on slot 2
[20:48:08.916] [SEVERE ] setting player 4 freeze to 0
[20:48:08.916] [SEVERE ] setting player 4 freeze to 0
[20:48:08.916] [SEVERE ] setting player 4 freeze to 0
[20:48:08.917] [SEVERE ] setting player 4 freeze to 0
[20:48:08.917] [SEVERE ] removing player 4 token from slot 11
[20:48:08.918] [SEVERE ] player 4 placing token on slot 1
[20:48:08.926] [SEVERE ] setting player 1 freeze to 0
[20:48:08.926] [SEVERE ] setting player 1 freeze to 0
[20:48:08.927] [SEVERE ] setting player 1 freeze to 0
[20:48:08.927] [SEVERE ] setting player 1 freeze to 0
[20:48:08.928] [SEVERE ] removing player 1 token from slot 10
[20:48:08.929] [SEVERE ] removing player 1 token from slot 4
[20:48:08.929] [SEVERE ] player 1 placing token on slot 5
[20:48:08.930] [SEVERE ] player 1 placing token on slot 4
[20:48:08.936] [SEVERE ] setting player 3 freeze to 0
[20:48:08.936] [SEVERE ] setting player 3 freeze to 0
[20:48:08.937] [SEVERE ] setting player 3 freeze to 0
[20:48:08.938] [SEVERE ] setting player 3 freeze to 0
[20:48:08.938] [SEVERE ] removing player 3 token from slot 8
[20:48:08.939] [SEVERE ] player 3 placing token on slot 7
[20:48:08.946] [SEVERE ] setting player 2 freeze to 0
[20:48:08.947] [SEVERE ] setting player 2 freeze to 0
[20:48:08.947] [SEVERE ] setting player 2 freeze to 0
[20:48:08.949] [SEVERE ] setting player 2 freeze to 0
[20:48:08.949] [SEVERE ] removing player 2 token from slot 8
[20:48:08.950] [SEVERE ] player 2 placing token on slot 1
[20:48:08.957] [SEVERE ] setting player 4 freeze to 0
[20:48:08.957] [SEVERE ] setting player 4 freeze to 0
[20:48:08.958] [SEVERE ] setting player 4 freeze to 0
[20:48:08.958] [SEVERE ] setting player 4 freeze to 0
[20:48:08.959] [SEVERE ] removing player 4 token from slot 1
[20:48:08.960] [SEVERE ] player 4 placing token on slot 5
[20:48:08.967] [SEVERE ] setting player 1 freeze to 0
[20:48:08.967] [SEVERE ] setting player 1 freeze to 0
[20:48:08.968] [SEVERE ] setting player 1 freeze to 0
[20:48:08.968] [SEVERE ] setting player 1 freeze to 0
[20:48:08.969] [SEVERE ] removing player 1 token from slot 5
[20:48:08.969] [SEVERE ] player 1 placing token on slot 1
[20:48:08.977] [SEVERE ] setting player 3 freeze to 0
[20:48:08.978] [SEVERE ] setting player 3 freeze to 0
[20:48:08.978] [SEVERE ] setting player 3 freeze to 0
[20:48:08.979] [SEVERE ] setting player 3 freeze to 0
[20:48:08.979] [SEVERE ] removing player 3 token from slot 4
[20:48:08.979] [SEVERE ] player 3 placing token on slot 5
[20:48:08.988] [SEVERE ] setting player 2 freeze to 0
[20:48:08.988] [SEVERE ] setting player 2 freeze to 0
[20:48:08.989] [SEVERE ] setting player 2 freeze to 0
[20:48:08.989] [SEVERE ] setting player 2 freeze to 0
[20:48:08.990] [SEVERE ] removing player 2 token from slot 6
[20:48:08.990] [SEVERE ] removing player 2 token from slot 1
[20:48:08.991] [SEVERE ] player 2 placing token on slot 4
[20:48:08.991] [SEVERE ] player 2 placing token on slot 6
[20:48:08.998] [SEVERE ] setting player 4 freeze to 0
[20:48:08.998] [SEVERE ] setting player 4 freeze to 0
[20:48:08.999] [SEVERE ] setting player 4 freeze to 0
[20:48:08.999] [SEVERE ] setting player 4 freeze to 0
[20:48:09.000] [SEVERE ] removing player 4 token from slot 9
[20:48:09.001] [SEVERE ] player 4 placing token on slot 1
[20:48:09.011] [SEVERE ] setting player 1 freeze to 0
[20:48:09.013] [SEVERE ] setting player 1 freeze to 0
[20:48:09.013] [SEVERE ] setting player 1 freeze to 0
[20:48:09.014] [SEVERE ] setting player 1 freeze to 0
[20:48:09.014] [SEVERE ] removing player 1 token from slot 4
[20:48:09.014] [SEVERE ] player 1 placing token on slot 7
[20:48:09.024] [SEVERE ] setting player 3 freeze to 0
[20:48:09.024] [SEVERE ] setting player 3 freeze to 0
[20:48:09.025] [SEVERE ] setting player 3 freeze to 0
[20:48:09.028] [SEVERE ] setting player 3 freeze to 0
[20:48:09.028] [SEVERE ] removing player 3 token from slot 7
[20:48:09.029] [SEVERE ] player 3 placing token on slot 2
[20:48:09.034] [SEVERE ] setting player 2 freeze to 0
[20:48:09.035] [SEVERE ] setting player 2 freeze to 0
[20:48:09.035] [SEVERE ] setting player 2 freeze to 0
[20:48:09.036] [SEVERE ] setting player 2 freeze to 0
[20:48:09.036] [SEVERE ] removing player 2 token from slot 6
[20:48:09.037] [SEVERE ] player 2 placing token on slot 9
[20:48:09.045] [SEVERE ] setting player 4 freeze to 0
[20:48:09.045] [SEVERE ] setting player 4 freeze to 0
[20:48:09.045] [SEVERE ] setting player 4 freeze to 0
[20:48:09.046] [SEVERE ] setting player 4 freeze to 0
[20:48:09.046] [SEVERE ] removing player 4 token from slot 8
[20:48:09.047] [SEVERE ] player 4 placing token on slot 2
[20:48:09.055] [SEVERE ] setting player 1 freeze to 0
[20:48:09.055] [SEVERE ] setting player 1 freeze to 0
[20:48:09.056] [SEVERE ] setting player 1 freeze to 0
[20:48:09.056] [SEVERE ] setting player 1 freeze to 0
[20:48:09.057] [SEVERE ] removing player 1 token from slot 7
[20:48:09.057] [SEVERE ] player 1 placing token on slot 7
[20:48:09.065] [SEVERE ] setting player 3 freeze to 0
[20:48:09.065] [SEVERE ] setting player 3 freeze to 0
[20:48:09.066] [SEVERE ] setting player 3 freeze to 0
[20:48:09.067] [SEVERE ] setting player 3 freeze to 0
[20:48:09.067] [SEVERE ] removing player 3 token from slot 2
[20:48:09.068] [SEVERE ] removing player 3 token from slot 5
[20:48:09.068] [SEVERE ] player 3 placing token on slot 11
[20:48:09.069] [SEVERE ] player 3 placing token on slot 3
[20:48:09.075] [SEVERE ] setting player 2 freeze to 0
[20:48:09.076] [SEVERE ] setting player 2 freeze to 0
[20:48:09.076] [SEVERE ] setting player 2 freeze to 0
[20:48:09.077] [SEVERE ] setting player 2 freeze to 0
[20:48:09.078] [SEVERE ] removing player 2 token from slot 2
[20:48:09.078] [SEVERE ] removing player 2 token from slot 9
[20:48:09.080] [SEVERE ] player 2 placing token on slot 1
[20:48:09.080] [SEVERE ] player 2 placing token on slot 11
[20:48:09.086] [SEVERE ] setting player 4 freeze to 0
[20:48:09.086] [SEVERE ] setting player 4 freeze to 0
[20:48:09.087] [SEVERE ] setting player 4 freeze to 0
[20:48:09.087] [SEVERE ] setting player 4 freeze to 0
[20:48:09.088] [SEVERE ] removing player 4 token from slot 2
[20:48:09.089] [SEVERE ] player 4 placing token on slot 10
[20:48:09.097] [SEVERE ] setting player 1 freeze to 0
[20:48:09.097] [SEVERE ] setting player 1 freeze to 0
[20:48:09.098] [SEVERE ] setting player 1 freeze to 0
[20:48:09.098] [SEVERE ] setting player 1 freeze to 0
[20:48:09.099] [SEVERE ] removing player 1 token from slot 7
[20:48:09.099] [SEVERE ] player 1 placing token on slot 11
[20:48:09.107] [SEVERE ] setting player 3 freeze to 0
[20:48:09.108] [SEVERE ] setting player 3 freeze to 0
[20:48:09.108] [SEVERE ] setting player 3 freeze to 0
[20:48:09.109] [SEVERE ] setting player 3 freeze to 0
[20:48:09.109] [SEVERE ] removing player 3 token from slot 11
[20:48:09.110] [SEVERE ] removing player 3 token from slot 3
[20:48:09.110] [SEVERE ] player 3 placing token on slot 1
[20:48:09.111] [SEVERE ] player 3 placing token on slot 3
[20:48:09.118] [SEVERE ] setting player 2 freeze to 0
[20:48:09.118] [SEVERE ] setting player 2 freeze to 0
[20:48:09.119] [SEVERE ] setting player 2 freeze to 0
[20:48:09.119] [SEVERE ] setting player 2 freeze to 0
[20:48:09.120] [SEVERE ] removing player 2 token from slot 4
[20:48:09.120] [SEVERE ] player 2 placing token on slot 10
[20:48:09.128] [SEVERE ] setting player 4 freeze to 0
[20:48:09.128] [SEVERE ] setting player 4 freeze to 0
[20:48:09.129] [SEVERE ] setting player 4 freeze to 0
[20:48:09.129] [SEVERE ] setting player 4 freeze to 0
[20:48:09.130] [SEVERE ] removing player 4 token from slot 10
[20:48:09.130] [SEVERE ] player 4 placing token on slot 10
[20:48:09.139] [SEVERE ] setting player 1 freeze to 0
[20:48:09.139] [SEVERE ] setting player 1 freeze to 0
[20:48:09.139] [SEVERE ] setting player 1 freeze to 0
[20:48:09.140] [SEVERE ] setting player 1 freeze to 0
[20:48:09.141] [SEVERE ] removing player 1 token from slot 1
[20:48:09.141] [SEVERE ] player 1 placing token on slot 9
[20:48:09.148] [SEVERE ] setting player 3 freeze to 0
[20:48:09.149] [SEVERE ] setting player 3 freeze to 0
[20:48:09.149] [SEVERE ] setting player 3 freeze to 0
[20:48:09.150] [SEVERE ] setting player 3 freeze to 0
[20:48:09.150] [SEVERE ] removing player 3 token from slot 1
[20:48:09.150] [SEVERE ] player 3 placing token on slot 4
[20:48:09.159] [SEVERE ] setting player 2 freeze to 0
[20:48:09.159] [SEVERE ] setting player 2 freeze to 0
[20:48:09.159] [SEVERE ] setting player 2 freeze to 0
[20:48:09.160] [SEVERE ] setting player 2 freeze to 0
[20:48:09.161] [SEVERE ] removing player 2 token from slot 10
[20:48:09.161] [SEVERE ] player 2 placing token on slot 2
[20:48:09.169] [SEVERE ] setting player 4 freeze to 0
[20:48:09.169] [SEVERE ] setting player 4 freeze to 0
[20:48:09.170] [SEVERE ] setting player 4 freeze to 0
[20:48:09.170] [SEVERE ] setting player 4 freeze to 0
[20:48:09.171] [SEVERE ] removing player 4 token from slot 5
[20:48:09.172] [SEVERE ] player 4 placing token on slot 3
[20:48:09.180] [SEVERE ] setting player 1 freeze to 0
[20:48:09.181] [SEVERE ] setting player 1 freeze to 0
[20:48:09.181] [SEVERE ] setting player 1 freeze to 0
[20:48:09.182] [SEVERE ] setting player 1 freeze to 0
[20:48:09.183] [SEVERE ] removing player 1 token from slot 9
[20:48:09.183] [SEVERE ] player 1 placing token on slot 10
[20:48:09.191] [SEVERE ] setting player 3 freeze to 0
[20:48:09.191] [SEVERE ] setting player 3 freeze to 0
[20:48:09.192] [SEVERE ] setting player 3 freeze to 0
[20:48:09.192] [SEVERE ] setting player 3 freeze to 0
[20:48:09.193] [SEVERE ] removing player 3 token from slot 4
[20:48:09.193] [SEVERE ] player 3 placing token on slot 7
[20:48:09.201] [SEVERE ] setting player 2 freeze to 0
[20:48:09.202] [SEVERE ] setting player 2 freeze to 0
[20:48:09.202] [SEVERE ] setting player 2 freeze to 0
[20:48:09.203] [SEVERE ] setting player 2 freeze to 0
[20:48:09.203] [SEVERE ] removing player 2 token from slot 2
[20:48:09.204] [SEVERE ] player 2 placing token on slot 6
[20:48:09.218] [SEVERE ] setting player 4 freeze to 0
[20:48:09.219] [SEVERE ] setting player 4 freeze to 0
[20:48:09.222] [SEVERE ] setting player 4 freeze to 0
[20:48:09.223] [SEVERE ] setting player 4 freeze to 0
[20:48:09.223] [SEVERE ] removing player 4 token from slot 3
[20:48:09.224] [SEVERE ] player 4 placing token on slot 6
[20:48:09.225] [SEVERE ] setting player 1 freeze to 0
[20:48:09.226] [SEVERE ] setting player 1 freeze to 0
[20:48:09.226] [SEVERE ] setting player 1 freeze to 0
[20:48:09.227] [SEVERE ] setting player 1 freeze to 0
[20:48:09.227] [SEVERE ] removing player 1 token from slot 2
[20:48:09.228] [SEVERE ] player 1 placing token on slot 9
[20:48:09.236] [SEVERE ] setting player 3 freeze to 0
[20:48:09.236] [SEVERE ] setting player 3 freeze to 0
[20:48:09.237] [SEVERE ] setting player 3 freeze to 0
[20:48:09.237] [SEVERE ] setting player 3 freeze to 0
[20:48:09.237] [SEVERE ] removing player 3 token from slot 7
[20:48:09.238] [SEVERE ] player 3 placing token on slot 5
[20:48:09.247] [SEVERE ] setting player 2 freeze to 0
[20:48:09.248] [SEVERE ] setting player 2 freeze to 0
[20:48:09.248] [SEVERE ] setting player 2 freeze to 0
[20:48:09.249] [SEVERE ] setting player 2 freeze to 0
[20:48:09.250] [SEVERE ] removing player 2 token from slot 1
[20:48:09.251] [SEVERE ] player 2 placing token on slot 2
[20:48:09.258] [SEVERE ] setting player 4 freeze to 0
[20:48:09.258] [SEVERE ] setting player 4 freeze to 0
[20:48:09.258] [SEVERE ] setting player 4 freeze to 0
[20:48:09.259] [SEVERE ] setting player 4 freeze to 0
[20:48:09.259] [SEVERE ] removing player 4 token from slot 1
[20:48:09.260] [SEVERE ] removing player 4 token from slot 10
[20:48:09.261] [SEVERE ] player 4 placing token on slot 2
[20:48:09.262] [SEVERE ] player 4 placing token on slot 5
[20:48:09.268] [SEVERE ] setting player 1 freeze to 0
[20:48:09.268] [SEVERE ] setting player 1 freeze to 0
[20:48:09.270] [SEVERE ] setting player 1 freeze to 0
[20:48:09.270] [SEVERE ] setting player 1 freeze to 0
[20:48:09.271] [SEVERE ] removing player 1 token from slot 9
[20:48:09.271] [SEVERE ] player 1 placing token on slot 5
[20:48:09.278] [SEVERE ] setting player 3 freeze to 0
[20:48:09.278] [SEVERE ] setting player 3 freeze to 0
[20:48:09.279] [SEVERE ] setting player 3 freeze to 0
[20:48:09.280] [SEVERE ] setting player 3 freeze to 0
[20:48:09.280] [SEVERE ] removing player 3 token from slot 3
[20:48:09.281] [SEVERE ] player 3 placing token on slot 1
