[14:43:56.738] [INFO   ] thread main starting.
[14:43:56.747] [SEVERE ] cannot read configuration file config.properties trying from resources.
[14:43:56.758] [SEVERE ] configuration file was loaded from resources directory.
[14:43:57.129] [INFO   ] thread dealer starting.
[14:43:57.129] [INFO   ] Thread dealer starting.
[14:43:57.236] [SEVERE ] placing card 3 in slot 0
[14:43:57.336] [SEVERE ] placing card 12 in slot 1
[14:43:57.437] [SEVERE ] placing card 33 in slot 2
[14:43:57.538] [SEVERE ] placing card 21 in slot 3
[14:43:57.639] [SEVERE ] placing card 28 in slot 4
[14:43:57.740] [SEVERE ] placing card 63 in slot 5
[14:43:57.841] [SEVERE ] placing card 77 in slot 6
[14:43:57.942] [SEVERE ] placing card 1 in slot 7
[14:43:58.043] [SEVERE ] placing card 7 in slot 8
[14:43:58.251] [SEVERE ] placing card 37 in slot 9
[14:43:58.352] [SEVERE ] placing card 31 in slot 10
[14:43:58.453] [SEVERE ] placing card 76 in slot 11
[14:43:58.455] [INFO   ] Thread Thread-1starting.
[14:43:58.455] [INFO   ] Thread Thread-2starting.
[14:43:58.456] [SEVERE ] updating countdown to 5000
[14:43:58.455] [INFO   ] Thread Thread-3starting.
[14:43:58.456] [INFO   ] Thread Thread-4starting.
[14:43:58.464] [INFO   ] Thread computer-1 starting.
[14:43:58.466] [SEVERE ] player 2 placing token on slot 2
[14:43:58.467] [SEVERE ] player 2 placing token on slot 11
[14:43:58.467] [INFO   ] Thread computer-0 starting.
[14:43:58.468] [INFO   ] Thread computer-3 starting.
[14:43:58.467] [SEVERE ] player 2 placing token on slot 10
[14:43:58.467] [INFO   ] Thread computer-2 starting.
[14:43:58.469] [SEVERE ] player 4 placing token on slot 2
[14:43:58.470] [SEVERE ] player 1 placing token on slot 6
[14:43:58.470] [SEVERE ] player 4 placing token on slot 11
[14:43:58.471] [SEVERE ] player 3 placing token on slot 0
[14:43:58.471] [SEVERE ] player 4 placing token on slot 3
[14:43:58.471] [SEVERE ] player 1 placing token on slot 4
[14:43:58.472] [SEVERE ] player 3 placing token on slot 11
[14:43:58.472] [SEVERE ] player 1 placing token on slot 0
[14:43:58.473] [SEVERE ] player 3 placing token on slot 2
[14:43:58.475] [SEVERE ] setting player 2 freeze to 0
[14:43:58.475] [SEVERE ] setting player 2 freeze to 0
[14:43:58.476] [SEVERE ] setting player 2 freeze to 0
[14:43:58.477] [SEVERE ] setting player 2 freeze to 0
[14:43:58.487] [SEVERE ] setting player 4 freeze to 0
[14:43:58.487] [SEVERE ] setting player 4 freeze to 0
[14:43:58.487] [SEVERE ] setting player 4 freeze to 0
[14:43:58.488] [SEVERE ] setting player 4 freeze to 0
[14:43:58.497] [SEVERE ] setting player 1 freeze to 0
[14:43:58.497] [SEVERE ] setting player 1 freeze to 0
[14:43:58.498] [SEVERE ] setting player 1 freeze to 0
[14:43:58.498] [SEVERE ] setting player 1 freeze to 0
[14:43:58.508] [SEVERE ] setting player 3 freeze to 0
[14:43:58.508] [SEVERE ] setting player 3 freeze to 0
[14:43:58.509] [SEVERE ] setting player 3 freeze to 0
[14:43:58.509] [SEVERE ] setting player 3 freeze to 0
[14:44:03.459] [SEVERE ] updating countdown to 5000
[14:44:03.461] [SEVERE ] updating countdown to 5000
[14:44:03.561] [SEVERE ] removing card from slot 0
[14:44:03.662] [SEVERE ] removing card from slot 1
[14:44:03.763] [SEVERE ] removing card from slot 2
[14:44:03.864] [SEVERE ] removing card from slot 3
[14:44:03.964] [SEVERE ] removing card from slot 4
[14:44:04.065] [SEVERE ] removing card from slot 5
[14:44:04.166] [SEVERE ] removing card from slot 6
