[16:30:28.766] [INFO   ] thread main starting.
[16:30:28.772] [SEVERE ] cannot read configuration file config.properties trying from resources.
[16:30:28.777] [SEVERE ] configuration file was loaded from resources directory.
[16:30:29.301] [INFO   ] thread dealer starting.
[16:30:29.301] [INFO   ] Thread dealer starting.
[16:30:29.409] [SEVERE ] placing card 39 in slot 0
[16:30:29.510] [SEVERE ] placing card 61 in slot 1
[16:30:29.611] [SEVERE ] placing card 56 in slot 2
[16:30:29.712] [SEVERE ] placing card 31 in slot 3
[16:30:29.812] [SEVERE ] placing card 23 in slot 4
[16:30:29.913] [SEVERE ] placing card 17 in slot 5
[16:30:30.015] [SEVERE ] placing card 2 in slot 6
[16:30:30.116] [SEVERE ] placing card 24 in slot 7
[16:30:30.217] [SEVERE ] placing card 65 in slot 8
[16:30:30.318] [SEVERE ] placing card 3 in slot 9
[16:30:30.419] [SEVERE ] placing card 54 in slot 10
[16:30:30.520] [SEVERE ] placing card 4 in slot 11
[16:30:30.522] [INFO   ] Thread Thread-1starting.
[16:30:30.523] [INFO   ] Thread Thread-3starting.
[16:30:30.522] [INFO   ] Thread Thread-2starting.
[16:30:30.526] [INFO   ] Thread computer-1 starting.
[16:30:30.528] [SEVERE ] player 2 placing token on slot 7
[16:30:30.528] [INFO   ] Thread computer-2 starting.
[16:30:30.523] [INFO   ] Thread Thread-4starting.
[16:30:30.523] [SEVERE ] updating countdown to 15000
[16:30:30.531] [INFO   ] Thread computer-3 starting.
[16:30:30.530] [SEVERE ] player 2 placing token on slot 9
[16:30:30.529] [SEVERE ] player 3 placing token on slot 9
[16:30:30.533] [SEVERE ] player 3 placing token on slot 5
[16:30:30.534] [SEVERE ] player 3 placing token on slot 8
[16:30:30.528] [INFO   ] Thread computer-0 starting.
[16:30:30.533] [SEVERE ] player 2 placing token on slot 4
[16:30:30.532] [SEVERE ] player 4 placing token on slot 7
[16:30:30.537] [SEVERE ] player 1 placing token on slot 3
[16:30:30.548] [SEVERE ] player 1 placing token on slot 2
[16:30:30.548] [SEVERE ] player 1 placing token on slot 1
[16:30:30.548] [SEVERE ] player 4 placing token on slot 10
[16:30:30.549] [SEVERE ] player 4 placing token on slot 5
[16:30:31.532] [SEVERE ] updating countdown to 13991
[16:30:31.532] [SEVERE ] setting player 3 freeze to 3000
[16:30:32.532] [SEVERE ] updating countdown to 12991
[16:30:32.532] [SEVERE ] setting player 2 freeze to 3000
[16:30:32.535] [SEVERE ] setting player 3 freeze to 2000
[16:30:33.533] [SEVERE ] updating countdown to 11990
[16:30:33.533] [SEVERE ] setting player 1 freeze to 3000
[16:30:33.534] [SEVERE ] setting player 2 freeze to 2000
[16:30:33.535] [SEVERE ] setting player 3 freeze to 1000
[16:30:34.533] [SEVERE ] updating countdown to 10990
[16:30:34.533] [SEVERE ] setting player 4 freeze to 3000
[16:30:34.534] [SEVERE ] setting player 2 freeze to 1000
[16:30:34.533] [SEVERE ] setting player 1 freeze to 2000
[16:30:34.535] [SEVERE ] setting player 3 freeze to 0
[16:30:34.538] [SEVERE ] removing player 3 token from slot 8
[16:30:34.539] [SEVERE ] player 3 placing token on slot 8
[16:30:35.534] [SEVERE ] updating countdown to 9989
[16:30:35.534] [SEVERE ] setting player 3 freeze to 3000
[16:30:35.534] [SEVERE ] setting player 4 freeze to 2000
[16:30:35.535] [SEVERE ] setting player 2 freeze to 0
[16:30:35.536] [SEVERE ] removing player 2 token from slot 9
[16:30:35.536] [SEVERE ] player 2 placing token on slot 9
[16:30:35.537] [SEVERE ] setting player 1 freeze to 1000
[16:30:36.534] [SEVERE ] setting player 2 freeze to 3000
[16:30:36.536] [SEVERE ] setting player 4 freeze to 1000
[16:30:36.534] [SEVERE ] updating countdown to 8989
[16:30:36.537] [SEVERE ] setting player 1 freeze to 0
[16:30:36.536] [SEVERE ] setting player 3 freeze to 2000
[16:30:36.539] [SEVERE ] removing player 1 token from slot 1
[16:30:36.541] [SEVERE ] player 1 placing token on slot 9
[16:30:37.535] [SEVERE ] setting player 2 freeze to 2000
[16:30:37.536] [SEVERE ] setting player 4 freeze to 0
[16:30:37.537] [SEVERE ] removing player 4 token from slot 10
[16:30:37.537] [SEVERE ] player 4 placing token on slot 1
[16:30:37.538] [SEVERE ] setting player 1 freeze to 3000
[16:30:37.538] [SEVERE ] updating countdown to 7985
[16:30:37.540] [SEVERE ] setting player 3 freeze to 1000
[16:30:38.535] [SEVERE ] setting player 2 freeze to 1000
[16:30:38.540] [SEVERE ] updating countdown to 6983
[16:30:38.540] [SEVERE ] setting player 3 freeze to 0
[16:30:38.540] [SEVERE ] setting player 4 freeze to 3000
[16:30:38.545] [SEVERE ] removing player 3 token from slot 9
[16:30:38.545] [SEVERE ] player 3 placing token on slot 2
[16:30:38.550] [SEVERE ] setting player 1 freeze to 2000
[16:30:39.536] [SEVERE ] setting player 2 freeze to 0
[16:30:39.536] [SEVERE ] removing player 2 token from slot 7
[16:30:39.537] [SEVERE ] player 2 placing token on slot 3
[16:30:39.540] [SEVERE ] updating countdown to 5983
[16:30:39.540] [SEVERE ] setting player 3 freeze to 3000
[16:30:39.544] [SEVERE ] setting player 4 freeze to 2000
[16:30:39.550] [SEVERE ] setting player 1 freeze to 1000
[16:30:40.541] [SEVERE ] setting player 2 freeze to 3000
[16:30:40.541] [SEVERE ] setting player 3 freeze to 2000
[16:30:40.545] [SEVERE ] setting player 4 freeze to 1000
[16:30:40.551] [SEVERE ] setting player 1 freeze to 0
[16:30:40.551] [SEVERE ] removing player 1 token from slot 3
[16:30:40.553] [SEVERE ] removing player 1 token from slot 2
[16:30:40.555] [SEVERE ] player 1 placing token on slot 7
[16:30:40.556] [SEVERE ] removing player 1 token from slot 7
[16:30:40.557] [SEVERE ] player 1 placing token on slot 11
[16:30:40.558] [SEVERE ] player 1 placing token on slot 1
[16:30:40.562] [SEVERE ] setting player 1 freeze to 3000
[16:30:41.541] [SEVERE ] setting player 2 freeze to 2000
[16:30:41.542] [SEVERE ] setting player 3 freeze to 1000
[16:30:41.545] [SEVERE ] setting player 4 freeze to 0
[16:30:41.545] [SEVERE ] removing player 4 token from slot 1
[16:30:41.546] [SEVERE ] player 4 placing token on slot 9
[16:30:41.551] [SEVERE ] setting player 4 freeze to 3000
[16:30:41.562] [SEVERE ] setting player 1 freeze to 2000
[16:30:42.541] [SEVERE ] setting player 2 freeze to 1000
[16:30:42.542] [SEVERE ] setting player 3 freeze to 0
[16:30:42.542] [SEVERE ] removing player 3 token from slot 5
[16:30:42.543] [SEVERE ] player 3 placing token on slot 11
[16:30:42.548] [SEVERE ] setting player 3 freeze to 3000
[16:30:42.551] [SEVERE ] setting player 4 freeze to 2000
[16:30:42.562] [SEVERE ] setting player 1 freeze to 1000
[16:30:43.541] [SEVERE ] setting player 2 freeze to 0
[16:30:43.542] [SEVERE ] removing player 2 token from slot 4
[16:30:43.543] [SEVERE ] player 2 placing token on slot 1
[16:30:43.546] [SEVERE ] setting player 2 freeze to 3000
[16:30:43.548] [SEVERE ] setting player 3 freeze to 2000
[16:30:43.551] [SEVERE ] setting player 4 freeze to 1000
[16:30:43.563] [SEVERE ] setting player 1 freeze to 0
[16:30:43.563] [SEVERE ] removing player 1 token from slot 9
[16:30:43.564] [SEVERE ] removing player 1 token from slot 1
[16:30:43.565] [SEVERE ] player 1 placing token on slot 4
[16:30:43.566] [SEVERE ] player 1 placing token on slot 7
[16:30:43.576] [SEVERE ] setting player 1 freeze to 3000
[16:30:44.546] [SEVERE ] setting player 2 freeze to 2000
[16:30:44.548] [SEVERE ] setting player 3 freeze to 1000
[16:30:44.551] [SEVERE ] setting player 4 freeze to 0
[16:30:44.552] [SEVERE ] removing player 4 token from slot 5
[16:30:44.552] [SEVERE ] removing player 4 token from slot 9
[16:30:44.553] [SEVERE ] player 4 placing token on slot 6
[16:30:44.553] [SEVERE ] player 4 placing token on slot 9
[16:30:44.560] [SEVERE ] setting player 4 freeze to 3000
[16:30:44.577] [SEVERE ] setting player 1 freeze to 2000
[16:30:45.525] [SEVERE ] updating countdown to 15000
[16:30:45.525] [SEVERE ] updating countdown to 15000
[16:30:45.546] [SEVERE ] setting player 2 freeze to 1000
[16:30:45.548] [SEVERE ] setting player 3 freeze to 0
[16:30:45.549] [SEVERE ] removing player 3 token from slot 11
[16:30:45.549] [SEVERE ] player 3 placing token on slot 7
[16:30:45.561] [SEVERE ] setting player 4 freeze to 2000
[16:30:45.577] [SEVERE ] setting player 1 freeze to 1000
[16:30:45.626] [SEVERE ] removing card from slot 0
[16:30:45.727] [SEVERE ] removing card from slot 1
[16:30:45.828] [SEVERE ] removing card from slot 2
[16:30:45.928] [SEVERE ] removing card from slot 3
[16:30:46.029] [SEVERE ] removing card from slot 4
[16:30:46.129] [SEVERE ] removing card from slot 5
[16:30:46.229] [SEVERE ] removing card from slot 6
[16:30:46.330] [SEVERE ] removing card from slot 7
[16:30:46.431] [SEVERE ] removing card from slot 8
[16:30:46.531] [SEVERE ] removing card from slot 9
[16:30:46.547] [SEVERE ] setting player 2 freeze to 0
[16:30:46.547] [SEVERE ] removing player 2 token from slot 3
[16:30:46.547] [SEVERE ] removing player 2 token from slot 9
[16:30:46.548] [SEVERE ] player 2 placing token on slot 7
[16:30:46.548] [SEVERE ] removing player 2 token from slot 1
[16:30:46.549] [SEVERE ] player 2 placing token on slot 2
[16:30:46.549] [SEVERE ] player 2 placing token on slot 8
[16:30:46.561] [SEVERE ] setting player 4 freeze to 1000
[16:30:46.577] [SEVERE ] setting player 1 freeze to 0
[16:30:46.578] [SEVERE ] removing player 1 token from slot 11
[16:30:46.579] [SEVERE ] player 1 placing token on slot 9
[16:30:46.632] [SEVERE ] removing card from slot 10
[16:30:46.732] [SEVERE ] removing card from slot 11
[16:30:46.732] [SEVERE ] removing all tokens
[16:30:46.833] [SEVERE ] placing card 21 in slot 0
[16:30:46.934] [SEVERE ] placing card 69 in slot 1
[16:30:47.034] [SEVERE ] placing card 27 in slot 2
[16:30:47.134] [SEVERE ] placing card 22 in slot 3
[16:30:47.235] [SEVERE ] placing card 26 in slot 4
[16:30:47.335] [SEVERE ] placing card 75 in slot 5
[16:30:47.436] [SEVERE ] placing card 53 in slot 6
[16:30:47.536] [SEVERE ] placing card 46 in slot 7
[16:30:47.562] [SEVERE ] setting player 4 freeze to 0
[16:30:47.562] [SEVERE ] player 4 placing token on slot 3
[16:30:47.564] [SEVERE ] removing player 4 token from slot 3
[16:30:47.565] [SEVERE ] player 4 placing token on slot 9
[16:30:47.566] [SEVERE ] player 4 placing token on slot 3
[16:30:47.567] [SEVERE ] removing player 4 token from slot 9
[16:30:47.568] [SEVERE ] player 4 placing token on slot 5
[16:30:47.570] [SEVERE ] player 4 placing token on slot 2
[16:30:47.636] [SEVERE ] placing card 29 in slot 8
[16:30:47.736] [SEVERE ] placing card 70 in slot 9
[16:30:47.837] [SEVERE ] placing card 48 in slot 10
[16:30:47.937] [SEVERE ] placing card 0 in slot 11
[16:30:47.938] [INFO   ] Thread Thread-5starting.
[16:30:47.938] [INFO   ] Thread Thread-7starting.
[16:30:47.939] [SEVERE ] updating countdown to 15000
[16:30:47.939] [INFO   ] Thread Thread-6starting.
[16:30:47.955] [INFO   ] Thread computer-1 starting.
[16:30:47.956] [SEVERE ] player 2 placing token on slot 4
[16:30:47.939] [INFO   ] Thread Thread-8starting.
[16:30:47.939] [INFO   ] Thread computer-0 starting.
[16:30:47.967] [SEVERE ] player 1 placing token on slot 7
[16:30:47.958] [INFO   ] Thread computer-2 starting.
[16:30:47.970] [SEVERE ] player 3 placing token on slot 1
[16:30:47.971] [SEVERE ] removing player 3 token from slot 1
[16:30:47.973] [SEVERE ] player 3 placing token on slot 7
[16:30:47.974] [SEVERE ] player 3 placing token on slot 9
[16:30:47.975] [SEVERE ] removing player 3 token from slot 7
[16:30:47.976] [SEVERE ] player 3 placing token on slot 5
[16:30:47.977] [SEVERE ] player 3 placing token on slot 10
[16:30:47.958] [SEVERE ] removing player 2 token from slot 4
[16:30:47.973] [INFO   ] Thread computer-3 starting.
[16:30:47.981] [SEVERE ] removing player 4 token from slot 5
[16:30:47.969] [SEVERE ] player 1 placing token on slot 2
[16:30:47.984] [SEVERE ] removing player 1 token from slot 2
[16:30:47.985] [SEVERE ] player 1 placing token on slot 2
[16:30:47.986] [SEVERE ] player 1 placing token on slot 4
[16:30:47.982] [SEVERE ] removing player 4 token from slot 2
[16:30:47.988] [SEVERE ] player 4 placing token on slot 10
[16:30:47.988] [SEVERE ] removing player 4 token from slot 10
[16:30:47.980] [SEVERE ] player 2 placing token on slot 11
[16:30:47.989] [SEVERE ] player 4 placing token on slot 2
[16:30:47.989] [SEVERE ] player 2 placing token on slot 9
[16:30:47.990] [SEVERE ] player 4 placing token on slot 5
[16:30:47.990] [SEVERE ] removing player 2 token from slot 9
[16:30:47.991] [SEVERE ] removing player 2 token from slot 11
[16:30:47.992] [SEVERE ] player 2 placing token on slot 8
[16:30:47.992] [SEVERE ] player 2 placing token on slot 5
[16:30:47.993] [SEVERE ] player 2 placing token on slot 11
[16:30:48.940] [SEVERE ] setting player 3 freeze to 3000
[16:30:48.940] [SEVERE ] updating countdown to 13999
[16:30:48.953] [SEVERE ] setting player 3 freeze to 3000
[16:30:49.953] [SEVERE ] setting player 3 freeze to 2000
[16:30:49.953] [SEVERE ] setting player 2 freeze to 3000
[16:30:49.953] [SEVERE ] setting player 3 freeze to 2000
[16:30:49.953] [SEVERE ] setting player 2 freeze to 3000
[16:30:49.953] [SEVERE ] updating countdown to 12986
[16:30:50.953] [SEVERE ] setting player 3 freeze to 1000
[16:30:50.954] [SEVERE ] setting player 2 freeze to 2000
[16:30:50.955] [SEVERE ] setting player 3 freeze to 1000
[16:30:50.956] [SEVERE ] setting player 2 freeze to 2000
[16:30:50.957] [SEVERE ] setting player 1 freeze to 3000
[16:30:50.957] [SEVERE ] setting player 1 freeze to 3000
[16:30:50.957] [SEVERE ] updating countdown to 11982
[16:30:51.954] [SEVERE ] setting player 3 freeze to 0
[16:30:51.954] [SEVERE ] removing player 3 token from slot 5
[16:30:51.954] [SEVERE ] player 3 placing token on slot 6
[16:30:51.954] [SEVERE ] setting player 2 freeze to 1000
[16:30:51.955] [SEVERE ] setting player 3 freeze to 0
[16:30:51.957] [SEVERE ] setting player 2 freeze to 1000
[16:30:51.959] [SEVERE ] setting player 4 freeze to 3000
[16:30:51.959] [SEVERE ] updating countdown to 10980
[16:30:51.960] [SEVERE ] setting player 1 freeze to 2000
[16:30:51.960] [SEVERE ] setting player 1 freeze to 2000
[16:30:51.960] [SEVERE ] setting player 4 freeze to 3000
