[14:50:37.020] [INFO   ] thread main starting.
[14:50:37.027] [SEVERE ] cannot read configuration file config.properties trying from resources.
[14:50:37.029] [SEVERE ] configuration file was loaded from resources directory.
[14:50:37.456] [INFO   ] thread dealer starting.
[14:50:37.457] [INFO   ] Thread dealer starting.
[14:50:37.562] [SEVERE ] placing card 44 in slot 0
[14:50:37.663] [SEVERE ] placing card 32 in slot 1
[14:50:37.764] [SEVERE ] placing card 20 in slot 2
[14:50:37.864] [SEVERE ] placing card 69 in slot 3
[14:50:37.966] [SEVERE ] placing card 1 in slot 4
[14:50:38.066] [SEVERE ] placing card 58 in slot 5
[14:50:38.168] [SEVERE ] placing card 79 in slot 6
[14:50:38.269] [SEVERE ] placing card 64 in slot 7
[14:50:38.370] [SEVERE ] placing card 46 in slot 8
[14:50:38.471] [SEVERE ] placing card 3 in slot 9
[14:50:38.572] [SEVERE ] placing card 25 in slot 10
[14:50:38.673] [SEVERE ] placing card 60 in slot 11
[14:50:38.674] [INFO   ] Thread Thread-1starting.
[14:50:38.675] [INFO   ] Thread Thread-3starting.
[14:50:38.674] [INFO   ] Thread Thread-2starting.
[14:50:38.675] [INFO   ] Thread Thread-4starting.
[14:50:38.675] [SEVERE ] updating countdown to 5000
[14:50:38.678] [INFO   ] Thread computer-3 starting.
[14:50:38.677] [INFO   ] Thread computer-0 starting.
[14:50:38.677] [INFO   ] Thread computer-1 starting.
[14:50:38.677] [INFO   ] Thread computer-2 starting.
[14:50:38.680] [SEVERE ] player 1 placing token on slot 3
[14:50:38.682] [SEVERE ] player 3 placing token on slot 9
[14:50:38.683] [SEVERE ] player 2 placing token on slot 1
[14:50:38.683] [SEVERE ] player 4 placing token on slot 6
[14:50:38.684] [SEVERE ] player 2 placing token on slot 7
[14:50:38.685] [SEVERE ] player 3 placing token on slot 0
[14:50:38.686] [SEVERE ] player 1 placing token on slot 11
[14:50:38.687] [SEVERE ] player 3 placing token on slot 5
[14:50:38.688] [SEVERE ] player 2 placing token on slot 9
[14:50:38.689] [SEVERE ] player 4 placing token on slot 1
[14:50:38.690] [SEVERE ] player 1 placing token on slot 8
[14:50:38.691] [SEVERE ] player 4 placing token on slot 10
[14:50:38.691] [SEVERE ] setting player 3 freeze to 0
[14:50:38.692] [SEVERE ] setting player 3 freeze to 0
[14:50:38.693] [SEVERE ] setting player 3 freeze to 0
[14:50:38.694] [SEVERE ] setting player 3 freeze to 0
[14:50:38.707] [SEVERE ] setting player 2 freeze to 0
[14:50:38.708] [SEVERE ] setting player 2 freeze to 0
[14:50:38.708] [SEVERE ] setting player 2 freeze to 0
[14:50:38.709] [SEVERE ] setting player 2 freeze to 0
[14:50:38.718] [SEVERE ] setting player 1 freeze to 0
[14:50:38.718] [SEVERE ] setting player 1 freeze to 0
[14:50:38.719] [SEVERE ] setting player 1 freeze to 0
[14:50:38.719] [SEVERE ] setting player 1 freeze to 0
[14:50:38.728] [SEVERE ] setting player 4 freeze to 0
[14:50:38.728] [SEVERE ] setting player 4 freeze to 0
[14:50:38.729] [SEVERE ] setting player 4 freeze to 0
[14:50:38.730] [SEVERE ] setting player 4 freeze to 0
