[16:52:57.909] [INFO   ] thread main starting.
[16:52:57.916] [SEVERE ] cannot read configuration file config.properties trying from resources.
[16:52:57.919] [SEVERE ] configuration file was loaded from resources directory.
[16:52:58.371] [INFO   ] thread dealer starting.
[16:52:58.371] [INFO   ] Thread dealer starting.
[16:52:58.476] [SEVERE ] placing card 1 in slot 0
[16:52:58.577] [SEVERE ] placing card 25 in slot 1
[16:52:58.678] [SEVERE ] placing card 12 in slot 2
[16:52:58.779] [SEVERE ] placing card 48 in slot 3
[16:52:58.880] [SEVERE ] placing card 8 in slot 4
[16:52:58.981] [SEVERE ] placing card 75 in slot 5
[16:52:59.082] [SEVERE ] placing card 57 in slot 6
[16:52:59.183] [SEVERE ] placing card 46 in slot 7
[16:52:59.284] [SEVERE ] placing card 31 in slot 8
[16:52:59.384] [SEVERE ] placing card 17 in slot 9
[16:52:59.486] [SEVERE ] placing card 49 in slot 10
[16:52:59.587] [SEVERE ] placing card 51 in slot 11
[16:52:59.588] [INFO   ] Thread Thread-1starting.
[16:52:59.589] [INFO   ] Thread Thread-4starting.
[16:52:59.589] [SEVERE ] updating countdown to 5000
[16:52:59.589] [INFO   ] Thread Thread-3starting.
[16:52:59.588] [INFO   ] Thread Thread-2starting.
[16:52:59.592] [INFO   ] Thread computer-3 starting.
[16:52:59.594] [INFO   ] Thread computer-1 starting.
[16:52:59.591] [INFO   ] Thread computer-0 starting.
[16:52:59.596] [SEVERE ] player 4 placing token on slot 3
[16:52:59.597] [SEVERE ] player 2 placing token on slot 11
[16:52:59.598] [SEVERE ] player 1 placing token on slot 3
[16:52:59.599] [SEVERE ] player 1 placing token on slot 10
[16:52:59.600] [SEVERE ] player 2 placing token on slot 0
[16:52:59.602] [SEVERE ] player 4 placing token on slot 9
[16:52:59.593] [INFO   ] Thread computer-2 starting.
[16:52:59.602] [SEVERE ] player 2 placing token on slot 4
[16:52:59.604] [SEVERE ] player 1 placing token on slot 9
[16:52:59.605] [SEVERE ] player 3 placing token on slot 1
[16:52:59.607] [SEVERE ] player 4 placing token on slot 6
[16:52:59.608] [SEVERE ] player 3 placing token on slot 9
[16:52:59.610] [SEVERE ] player 3 placing token on slot 3
[16:52:59.606] [SEVERE ] setting player 1 freeze to 0
[16:52:59.615] [SEVERE ] setting player 1 freeze to 0
[16:52:59.616] [SEVERE ] setting player 1 freeze to 0
[16:52:59.616] [SEVERE ] setting player 1 freeze to 0
[16:52:59.624] [SEVERE ] setting player 2 freeze to 0
[16:52:59.625] [SEVERE ] setting player 2 freeze to 0
[16:52:59.631] [SEVERE ] setting player 2 freeze to 0
[16:52:59.631] [SEVERE ] setting player 2 freeze to 0
[16:52:59.645] [SEVERE ] setting player 4 freeze to 0
[16:52:59.647] [SEVERE ] setting player 4 freeze to 0
[16:52:59.647] [SEVERE ] setting player 4 freeze to 0
[16:52:59.648] [SEVERE ] setting player 4 freeze to 0
[16:52:59.656] [SEVERE ] setting player 3 freeze to 0
[16:52:59.656] [SEVERE ] setting player 3 freeze to 0
[16:52:59.657] [SEVERE ] setting player 3 freeze to 0
[16:52:59.657] [SEVERE ] setting player 3 freeze to 0
