[16:19:49.371] [INFO   ] thread main starting.
[16:19:49.389] [SEVERE ] cannot read configuration file config.properties trying from resources.
[16:19:49.391] [SEVERE ] configuration file was loaded from resources directory.
[16:19:49.722] [INFO   ] thread dealer starting.
[16:19:49.722] [INFO   ] Thread dealer starting.
[16:19:49.827] [SEVERE ] placing card 31 in slot 0
[16:19:49.928] [SEVERE ] placing card 0 in slot 1
[16:19:50.029] [SEVERE ] placing card 50 in slot 2
[16:19:50.130] [SEVERE ] placing card 44 in slot 3
[16:19:50.231] [SEVERE ] placing card 17 in slot 4
[16:19:50.332] [SEVERE ] placing card 39 in slot 5
[16:19:50.433] [SEVERE ] placing card 54 in slot 6
[16:19:50.534] [SEVERE ] placing card 70 in slot 7
[16:19:50.635] [SEVERE ] placing card 28 in slot 8
[16:19:50.737] [SEVERE ] placing card 20 in slot 9
[16:19:50.838] [SEVERE ] placing card 26 in slot 10
[16:19:50.939] [SEVERE ] placing card 13 in slot 11
[16:19:50.940] [INFO   ] Thread Thread-1starting.
[16:19:50.941] [INFO   ] Thread Thread-4starting.
[16:19:50.941] [SEVERE ] updating countdown to 5000
[16:19:50.941] [INFO   ] Thread Thread-3starting.
[16:19:50.940] [INFO   ] Thread Thread-2starting.
[16:19:50.944] [INFO   ] Thread computer-2 starting.
[16:19:50.944] [INFO   ] Thread computer-3 starting.
[16:19:50.943] [INFO   ] Thread computer-0 starting.
[16:19:50.947] [SEVERE ] player 3 placing token on slot 3
[16:19:50.945] [INFO   ] Thread computer-1 starting.
[16:19:50.950] [SEVERE ] player 1 placing token on slot 11
[16:19:50.951] [SEVERE ] player 4 placing token on slot 0
[16:19:50.952] [SEVERE ] player 1 placing token on slot 7
[16:19:50.953] [SEVERE ] removing player 3 token from slot 3
[16:19:50.954] [SEVERE ] player 2 placing token on slot 4
[16:19:50.955] [SEVERE ] player 3 placing token on slot 8
[16:19:50.956] [SEVERE ] player 1 placing token on slot 4
[16:19:50.957] [SEVERE ] player 4 placing token on slot 1
[16:19:50.958] [SEVERE ] player 3 placing token on slot 5
[16:19:50.959] [SEVERE ] player 2 placing token on slot 6
[16:19:50.960] [SEVERE ] player 3 placing token on slot 11
[16:19:50.967] [INFO   ] thread dealer terminated.
[16:19:50.968] [SEVERE ] removing player 4 token from slot 0
[16:19:50.968] [SEVERE ] player 2 placing token on slot 5
[16:19:50.969] [SEVERE ] player 4 placing token on slot 9
[16:19:50.969] [SEVERE ] player 4 placing token on slot 4
[16:19:55.968] [SEVERE ] thanks for playing... it was fun!
[16:19:55.968] [INFO   ] thread main terminated.
[16:19:55.969] [SEVERE ] disposing of user interface elements
