[20:27:01.102] [INFO   ] thread main starting.
[20:27:01.110] [SEVERE ] cannot read configuration file config.properties trying from resources.
[20:27:01.111] [SEVERE ] configuration file was loaded from resources directory.
[20:27:01.533] [INFO   ] thread dealer starting.
[20:27:01.537] [INFO   ] Thread dealer starting.
[20:27:01.641] [SEVERE ] placing card 26 in slot 0
[20:27:01.742] [SEVERE ] placing card 1 in slot 1
[20:27:01.843] [SEVERE ] placing card 40 in slot 2
[20:27:01.944] [SEVERE ] placing card 65 in slot 3
[20:27:02.045] [SEVERE ] placing card 25 in slot 4
[20:27:02.145] [SEVERE ] placing card 7 in slot 5
[20:27:02.246] [SEVERE ] placing card 38 in slot 6
[20:27:02.347] [SEVERE ] placing card 72 in slot 7
[20:27:02.448] [SEVERE ] placing card 45 in slot 8
[20:27:02.549] [SEVERE ] placing card 49 in slot 9
[20:27:02.650] [SEVERE ] placing card 69 in slot 10
[20:27:02.751] [SEVERE ] placing card 54 in slot 11
[20:27:02.751] [INFO   ] Thread Thread-1starting.
[20:27:02.751] [INFO   ] Thread Thread-2starting.
[20:27:02.759] [INFO   ] Thread Thread-3starting.
[20:27:02.761] [SEVERE ] updating countdown to 5000
[20:27:02.761] [INFO   ] Thread Thread-4starting.
[20:27:02.762] [INFO   ] Thread computer-1 starting.
[20:27:02.763] [SEVERE ] player 2 placing token on slot 6
[20:27:02.763] [SEVERE ] player 2 placing token on slot 5
[20:27:02.764] [SEVERE ] player 2 placing token on slot 3
[20:27:02.761] [INFO   ] Thread computer-0 starting.
[20:27:02.766] [SEVERE ] player 1 placing token on slot 6
[20:27:02.767] [SEVERE ] removing player 1 token from slot 6
[20:27:02.768] [SEVERE ] player 1 placing token on slot 6
[20:27:02.769] [SEVERE ] player 1 placing token on slot 3
[20:27:02.769] [SEVERE ] player 1 placing token on slot 5
[20:27:02.769] [INFO   ] Thread computer-3 starting.
[20:27:02.769] [INFO   ] Thread computer-2 starting.
[20:27:02.772] [SEVERE ] player 3 placing token on slot 3
[20:27:02.773] [SEVERE ] player 3 placing token on slot 1
[20:27:02.773] [SEVERE ] player 3 placing token on slot 8
[20:27:02.772] [SEVERE ] setting player 2 freeze to 0
[20:27:02.772] [SEVERE ] player 4 placing token on slot 10
[20:27:02.785] [SEVERE ] player 4 placing token on slot 8
[20:27:02.786] [SEVERE ] player 4 placing token on slot 5
[20:27:02.785] [SEVERE ] setting player 2 freeze to 0
[20:27:02.783] [SEVERE ] setting player 1 freeze to 0
[20:27:02.788] [SEVERE ] setting player 2 freeze to 0
[20:27:02.788] [SEVERE ] setting player 1 freeze to 0
[20:27:02.789] [SEVERE ] setting player 2 freeze to 0
[20:27:02.789] [SEVERE ] setting player 1 freeze to 0
[20:27:02.790] [SEVERE ] removing player 2 token from slot 6
[20:27:02.790] [SEVERE ] setting player 1 freeze to 0
[20:27:02.791] [SEVERE ] player 2 placing token on slot 7
[20:27:02.791] [SEVERE ] removing player 1 token from slot 3
[20:27:02.792] [SEVERE ] removing player 1 token from slot 5
[20:27:02.792] [SEVERE ] player 1 placing token on slot 5
[20:27:02.793] [SEVERE ] player 1 placing token on slot 10
[20:27:02.794] [SEVERE ] updating countdown to 5000
[20:27:02.794] [SEVERE ] removing player 3 token from slot 3
[20:27:02.795] [SEVERE ] removing player 3 token from slot 3
[20:27:02.796] [SEVERE ] removing player 3 token from slot 3
[20:27:02.795] [SEVERE ] removing player 3 token from slot 1
[20:27:02.796] [SEVERE ] setting player 3 score to 1
[20:27:02.797] [SEVERE ] setting player 3 freeze to 0
[20:27:02.798] [SEVERE ] setting player 3 freeze to 0
[20:27:02.798] [SEVERE ] removing player 3 token from slot 8
[20:27:02.799] [SEVERE ] player 3 placing token on slot 4
[20:27:02.897] [SEVERE ] removing card from slot 1
[20:27:02.897] [SEVERE ] removing player 3 token from slot 3
[20:27:02.998] [SEVERE ] removing card from slot 3
[20:27:02.998] [SEVERE ] removing player 3 token from slot 4
[20:27:03.099] [SEVERE ] removing card from slot 4
[20:27:03.099] [SEVERE ] removing player 3 token from slot 1
[20:27:03.099] [SEVERE ] removing player 2 token from slot 3
[20:27:03.100] [SEVERE ] removing player 3 token from slot 3
[20:27:03.100] [SEVERE ] removing player 3 token from slot 4
[20:27:03.201] [SEVERE ] placing card 53 in slot 1
[20:27:03.302] [SEVERE ] placing card 28 in slot 3
[20:27:03.402] [SEVERE ] placing card 56 in slot 4
[20:27:03.412] [SEVERE ] setting player 4 freeze to 0
[20:27:03.413] [SEVERE ] setting player 4 freeze to 0
[20:27:03.413] [SEVERE ] setting player 4 freeze to 0
[20:27:03.413] [SEVERE ] setting player 4 freeze to 0
[20:27:03.413] [SEVERE ] removing player 4 token from slot 10
[20:27:03.413] [SEVERE ] player 4 placing token on slot 3
[20:27:03.423] [SEVERE ] setting player 2 freeze to 0
[20:27:03.423] [SEVERE ] setting player 2 freeze to 0
[20:27:03.424] [SEVERE ] setting player 2 freeze to 0
[20:27:03.424] [SEVERE ] setting player 2 freeze to 0
[20:27:03.425] [SEVERE ] removing player 2 token from slot 5
[20:27:03.425] [SEVERE ] player 2 placing token on slot 11
[20:27:03.434] [SEVERE ] setting player 1 freeze to 0
[20:27:03.434] [SEVERE ] setting player 1 freeze to 0
[20:27:03.434] [SEVERE ] setting player 1 freeze to 0
[20:27:03.435] [SEVERE ] setting player 1 freeze to 0
[20:27:03.435] [SEVERE ] removing player 1 token from slot 10
[20:27:03.436] [SEVERE ] player 1 placing token on slot 2
[20:27:03.444] [SEVERE ] updating countdown to 5000
[20:27:03.550] [SEVERE ] placing card 36 in slot 0
[20:27:03.651] [SEVERE ] placing card 71 in slot 0
[20:27:03.751] [SEVERE ] placing card 66 in slot 0
[20:27:03.764] [SEVERE ] setting player 4 freeze to 0
[20:27:03.766] [SEVERE ] setting player 4 freeze to 0
[20:27:03.766] [SEVERE ] setting player 4 freeze to 0
[20:27:03.768] [SEVERE ] setting player 4 freeze to 0
[20:27:03.769] [SEVERE ] removing player 4 token from slot 3
[20:27:03.769] [SEVERE ] removing player 4 token from slot 5
[20:27:03.769] [SEVERE ] player 4 placing token on slot 7
[20:27:03.769] [SEVERE ] player 4 placing token on slot 2
[20:27:03.775] [SEVERE ] setting player 2 freeze to 0
[20:27:03.775] [SEVERE ] setting player 2 freeze to 0
[20:27:03.776] [SEVERE ] setting player 2 freeze to 0
[20:27:03.781] [SEVERE ] setting player 2 freeze to 0
[20:27:03.781] [SEVERE ] removing player 2 token from slot 7
[20:27:03.782] [SEVERE ] removing player 2 token from slot 11
[20:27:03.783] [SEVERE ] removing player 2 token from slot 3
[20:27:03.783] [SEVERE ] player 2 placing token on slot 5
[20:27:03.783] [SEVERE ] player 2 placing token on slot 2
[20:27:03.783] [SEVERE ] removing player 2 token from slot 2
[20:27:03.783] [SEVERE ] player 2 placing token on slot 1
[20:27:03.783] [SEVERE ] player 2 placing token on slot 7
[20:27:03.785] [SEVERE ] setting player 1 freeze to 0
[20:27:03.785] [SEVERE ] setting player 1 freeze to 0
[20:27:03.786] [SEVERE ] setting player 1 freeze to 0
[20:27:03.786] [SEVERE ] setting player 1 freeze to 0
[20:27:03.787] [SEVERE ] removing player 1 token from slot 2
[20:27:03.787] [SEVERE ] player 1 placing token on slot 2
[20:27:03.796] [SEVERE ] setting player 4 freeze to 0
[20:27:03.796] [SEVERE ] setting player 4 freeze to 0
[20:27:03.797] [SEVERE ] setting player 4 freeze to 0
[20:27:03.797] [SEVERE ] setting player 4 freeze to 0
[20:27:03.799] [SEVERE ] removing player 4 token from slot 8
[20:27:03.799] [SEVERE ] player 4 placing token on slot 5
[20:27:03.806] [SEVERE ] setting player 2 freeze to 0
[20:27:03.806] [SEVERE ] setting player 2 freeze to 0
[20:27:03.806] [SEVERE ] setting player 2 freeze to 0
[20:27:03.807] [SEVERE ] setting player 2 freeze to 0
[20:27:03.808] [SEVERE ] removing player 2 token from slot 7
[20:27:03.808] [SEVERE ] player 2 placing token on slot 6
[20:27:03.817] [SEVERE ] setting player 1 freeze to 0
[20:27:03.817] [SEVERE ] setting player 1 freeze to 0
[20:27:03.818] [SEVERE ] setting player 1 freeze to 0
[20:27:03.819] [SEVERE ] setting player 1 freeze to 0
[20:27:03.820] [SEVERE ] removing player 1 token from slot 2
[20:27:03.820] [SEVERE ] player 1 placing token on slot 4
[20:27:03.827] [SEVERE ] setting player 4 freeze to 0
[20:27:03.830] [SEVERE ] setting player 4 freeze to 0
[20:27:03.831] [SEVERE ] setting player 4 freeze to 0
[20:27:03.831] [SEVERE ] setting player 4 freeze to 0
[20:27:03.832] [SEVERE ] removing player 4 token from slot 5
[20:27:03.832] [SEVERE ] player 4 placing token on slot 5
[20:27:03.838] [SEVERE ] setting player 2 freeze to 0
[20:27:03.842] [SEVERE ] setting player 2 freeze to 0
[20:27:03.843] [SEVERE ] setting player 2 freeze to 0
[20:27:03.843] [SEVERE ] setting player 2 freeze to 0
[20:27:03.844] [SEVERE ] removing player 2 token from slot 6
[20:27:03.844] [SEVERE ] player 2 placing token on slot 7
[20:27:03.849] [SEVERE ] setting player 1 freeze to 0
[20:27:03.850] [SEVERE ] setting player 1 freeze to 0
[20:27:03.850] [SEVERE ] setting player 1 freeze to 0
[20:27:03.851] [SEVERE ] setting player 1 freeze to 0
[20:27:03.851] [SEVERE ] removing player 1 token from slot 6
[20:27:03.852] [SEVERE ] player 1 placing token on slot 3
[20:27:03.859] [SEVERE ] setting player 4 freeze to 0
[20:27:03.860] [SEVERE ] setting player 4 freeze to 0
[20:27:03.861] [SEVERE ] setting player 4 freeze to 0
[20:27:03.861] [SEVERE ] setting player 4 freeze to 0
[20:27:03.863] [SEVERE ] removing player 4 token from slot 2
[20:27:03.864] [SEVERE ] player 4 placing token on slot 6
[20:27:03.873] [SEVERE ] setting player 2 freeze to 0
[20:27:03.873] [SEVERE ] setting player 2 freeze to 0
[20:27:03.873] [SEVERE ] setting player 2 freeze to 0
[20:27:03.873] [SEVERE ] setting player 2 freeze to 0
[20:27:03.874] [SEVERE ] removing player 2 token from slot 5
[20:27:03.874] [SEVERE ] player 2 placing token on slot 2
[20:27:03.883] [SEVERE ] setting player 1 freeze to 0
[20:27:03.884] [SEVERE ] setting player 1 freeze to 0
[20:27:03.884] [SEVERE ] setting player 1 freeze to 0
[20:27:03.885] [SEVERE ] setting player 1 freeze to 0
[20:27:03.885] [SEVERE ] removing player 1 token from slot 5
[20:27:03.886] [SEVERE ] player 1 placing token on slot 11
[20:27:03.894] [SEVERE ] setting player 4 freeze to 0
[20:27:03.894] [SEVERE ] setting player 4 freeze to 0
[20:27:03.894] [SEVERE ] setting player 4 freeze to 0
[20:27:03.895] [SEVERE ] setting player 4 freeze to 0
[20:27:03.895] [SEVERE ] removing player 4 token from slot 5
[20:27:03.895] [SEVERE ] removing player 4 token from slot 6
[20:27:03.896] [SEVERE ] player 4 placing token on slot 10
[20:27:03.896] [SEVERE ] player 4 placing token on slot 6
[20:27:03.906] [SEVERE ] setting player 2 freeze to 0
[20:27:03.906] [SEVERE ] setting player 2 freeze to 0
[20:27:03.906] [SEVERE ] setting player 2 freeze to 0
[20:27:03.906] [SEVERE ] setting player 2 freeze to 0
[20:27:03.907] [SEVERE ] removing player 2 token from slot 1
[20:27:03.907] [SEVERE ] removing player 2 token from slot 2
[20:27:03.907] [SEVERE ] player 2 placing token on slot 11
[20:27:03.907] [SEVERE ] player 2 placing token on slot 9
[20:27:03.914] [SEVERE ] setting player 1 freeze to 0
[20:27:03.915] [SEVERE ] setting player 1 freeze to 0
[20:27:03.915] [SEVERE ] setting player 1 freeze to 0
[20:27:03.916] [SEVERE ] setting player 1 freeze to 0
[20:27:03.916] [SEVERE ] removing player 1 token from slot 11
[20:27:03.917] [SEVERE ] player 1 placing token on slot 2
[20:27:03.925] [SEVERE ] setting player 4 freeze to 0
[20:27:03.928] [SEVERE ] setting player 4 freeze to 0
[20:27:03.934] [SEVERE ] setting player 4 freeze to 0
[20:27:03.934] [SEVERE ] setting player 4 freeze to 0
[20:27:03.934] [SEVERE ] removing player 4 token from slot 10
[20:27:03.935] [SEVERE ] player 4 placing token on slot 11
[20:27:03.935] [SEVERE ] setting player 2 freeze to 0
[20:27:03.935] [SEVERE ] setting player 2 freeze to 0
[20:27:03.935] [SEVERE ] setting player 2 freeze to 0
[20:27:03.935] [SEVERE ] setting player 2 freeze to 0
[20:27:03.935] [SEVERE ] removing player 2 token from slot 11
[20:27:03.935] [SEVERE ] removing player 2 token from slot 7
[20:27:03.936] [SEVERE ] player 2 placing token on slot 5
[20:27:03.937] [SEVERE ] removing player 2 token from slot 9
[20:27:03.937] [SEVERE ] player 2 placing token on slot 11
[20:27:03.937] [SEVERE ] player 2 placing token on slot 6
[20:27:03.945] [SEVERE ] setting player 1 freeze to 0
[20:27:03.945] [SEVERE ] setting player 1 freeze to 0
[20:27:03.946] [SEVERE ] setting player 1 freeze to 0
[20:27:03.946] [SEVERE ] setting player 1 freeze to 0
[20:27:03.946] [SEVERE ] removing player 1 token from slot 2
[20:27:03.946] [SEVERE ] player 1 placing token on slot 2
[20:27:03.956] [SEVERE ] setting player 4 freeze to 0
[20:27:03.956] [SEVERE ] setting player 4 freeze to 0
[20:27:03.957] [SEVERE ] setting player 4 freeze to 0
[20:27:03.957] [SEVERE ] setting player 4 freeze to 0
[20:27:03.958] [SEVERE ] removing player 4 token from slot 6
[20:27:03.958] [SEVERE ] player 4 placing token on slot 8
[20:27:03.966] [SEVERE ] setting player 2 freeze to 0
[20:27:03.966] [SEVERE ] setting player 2 freeze to 0
[20:27:03.967] [SEVERE ] setting player 2 freeze to 0
[20:27:03.968] [SEVERE ] setting player 2 freeze to 0
[20:27:03.968] [SEVERE ] removing player 2 token from slot 6
[20:27:03.969] [SEVERE ] player 2 placing token on slot 10
[20:27:03.977] [SEVERE ] setting player 1 freeze to 0
[20:27:03.977] [SEVERE ] setting player 1 freeze to 0
[20:27:03.978] [SEVERE ] setting player 1 freeze to 0
[20:27:03.978] [SEVERE ] setting player 1 freeze to 0
[20:27:03.978] [SEVERE ] removing player 1 token from slot 3
[20:27:03.978] [SEVERE ] player 1 placing token on slot 3
[20:27:03.987] [SEVERE ] setting player 4 freeze to 0
[20:27:03.987] [SEVERE ] setting player 4 freeze to 0
[20:27:03.988] [SEVERE ] setting player 4 freeze to 0
[20:27:03.989] [SEVERE ] setting player 4 freeze to 0
[20:27:03.989] [SEVERE ] removing player 4 token from slot 8
[20:27:03.989] [SEVERE ] player 4 placing token on slot 8
[20:27:03.998] [SEVERE ] setting player 2 freeze to 0
[20:27:03.998] [SEVERE ] setting player 2 freeze to 0
[20:27:03.999] [SEVERE ] setting player 2 freeze to 0
[20:27:03.999] [SEVERE ] setting player 2 freeze to 0
[20:27:04.000] [SEVERE ] removing player 2 token from slot 10
[20:27:04.000] [SEVERE ] player 2 placing token on slot 2
[20:27:04.008] [SEVERE ] setting player 1 freeze to 0
[20:27:04.008] [SEVERE ] setting player 1 freeze to 0
[20:27:04.009] [SEVERE ] setting player 1 freeze to 0
[20:27:04.009] [SEVERE ] setting player 1 freeze to 0
[20:27:04.010] [SEVERE ] removing player 1 token from slot 2
[20:27:04.010] [SEVERE ] player 1 placing token on slot 5
[20:27:04.019] [SEVERE ] setting player 4 freeze to 0
[20:27:04.019] [SEVERE ] setting player 4 freeze to 0
[20:27:04.019] [SEVERE ] setting player 4 freeze to 0
[20:27:04.020] [SEVERE ] setting player 4 freeze to 0
[20:27:04.020] [SEVERE ] removing player 4 token from slot 11
[20:27:04.022] [SEVERE ] player 4 placing token on slot 2
[20:27:04.029] [SEVERE ] setting player 2 freeze to 0
[20:27:04.033] [SEVERE ] setting player 2 freeze to 0
[20:27:04.033] [SEVERE ] setting player 2 freeze to 0
[20:27:04.034] [SEVERE ] setting player 2 freeze to 0
[20:27:04.034] [SEVERE ] removing player 2 token from slot 2
[20:27:04.035] [SEVERE ] player 2 placing token on slot 6
[20:27:04.042] [SEVERE ] setting player 1 freeze to 0
[20:27:04.042] [SEVERE ] setting player 1 freeze to 0
[20:27:04.043] [SEVERE ] setting player 1 freeze to 0
[20:27:04.044] [SEVERE ] setting player 1 freeze to 0
[20:27:04.045] [SEVERE ] removing player 1 token from slot 5
[20:27:04.045] [SEVERE ] player 1 placing token on slot 5
[20:27:04.052] [SEVERE ] setting player 4 freeze to 0
[20:27:04.052] [SEVERE ] setting player 4 freeze to 0
[20:27:04.053] [SEVERE ] setting player 4 freeze to 0
[20:27:04.053] [SEVERE ] setting player 4 freeze to 0
[20:27:04.054] [SEVERE ] removing player 4 token from slot 8
[20:27:04.054] [SEVERE ] player 4 placing token on slot 11
[20:27:04.063] [SEVERE ] setting player 2 freeze to 0
[20:27:04.063] [SEVERE ] setting player 2 freeze to 0
[20:27:04.064] [SEVERE ] setting player 2 freeze to 0
[20:27:04.065] [SEVERE ] setting player 2 freeze to 0
[20:27:04.065] [SEVERE ] removing player 2 token from slot 11
[20:27:04.066] [SEVERE ] player 2 placing token on slot 10
[20:27:04.075] [SEVERE ] setting player 1 freeze to 0
[20:27:04.076] [SEVERE ] setting player 1 freeze to 0
[20:27:04.076] [SEVERE ] setting player 1 freeze to 0
[20:27:04.077] [SEVERE ] setting player 1 freeze to 0
[20:27:04.078] [SEVERE ] removing player 1 token from slot 3
[20:27:04.078] [SEVERE ] player 1 placing token on slot 9
[20:27:04.086] [SEVERE ] setting player 4 freeze to 0
[20:27:04.086] [SEVERE ] setting player 4 freeze to 0
[20:27:04.086] [SEVERE ] setting player 4 freeze to 0
[20:27:04.087] [SEVERE ] setting player 4 freeze to 0
[20:27:04.087] [SEVERE ] removing player 4 token from slot 11
[20:27:04.087] [SEVERE ] player 4 placing token on slot 6
[20:27:04.096] [SEVERE ] setting player 2 freeze to 0
[20:27:04.097] [SEVERE ] setting player 2 freeze to 0
[20:27:04.097] [SEVERE ] setting player 2 freeze to 0
[20:27:04.098] [SEVERE ] setting player 2 freeze to 0
[20:27:04.098] [SEVERE ] removing player 2 token from slot 5
[20:27:04.099] [SEVERE ] player 2 placing token on slot 2
[20:27:04.107] [SEVERE ] setting player 1 freeze to 0
[20:27:04.107] [SEVERE ] setting player 1 freeze to 0
[20:27:04.107] [SEVERE ] setting player 1 freeze to 0
[20:27:04.107] [SEVERE ] setting player 1 freeze to 0
[20:27:04.107] [SEVERE ] removing player 1 token from slot 9
[20:27:04.107] [SEVERE ] player 1 placing token on slot 7
[20:27:04.117] [SEVERE ] setting player 4 freeze to 0
[20:27:04.117] [SEVERE ] setting player 4 freeze to 0
[20:27:04.117] [SEVERE ] setting player 4 freeze to 0
[20:27:04.117] [SEVERE ] setting player 4 freeze to 0
[20:27:04.117] [SEVERE ] removing player 4 token from slot 7
[20:27:04.117] [SEVERE ] player 4 placing token on slot 11
[20:27:04.129] [SEVERE ] setting player 2 freeze to 0
[20:27:04.131] [SEVERE ] setting player 2 freeze to 0
[20:27:04.131] [SEVERE ] setting player 2 freeze to 0
[20:27:04.132] [SEVERE ] setting player 2 freeze to 0
[20:27:04.134] [SEVERE ] removing player 2 token from slot 10
[20:27:04.134] [SEVERE ] player 2 placing token on slot 7
[20:27:04.138] [SEVERE ] setting player 1 freeze to 0
[20:27:04.138] [SEVERE ] setting player 1 freeze to 0
[20:27:04.138] [SEVERE ] setting player 1 freeze to 0
[20:27:04.139] [SEVERE ] setting player 1 freeze to 0
[20:27:04.139] [SEVERE ] removing player 1 token from slot 4
[20:27:04.140] [SEVERE ] player 1 placing token on slot 8
[20:27:04.149] [SEVERE ] setting player 4 freeze to 0
[20:27:04.150] [SEVERE ] setting player 4 freeze to 0
[20:27:04.150] [SEVERE ] setting player 4 freeze to 0
[20:27:04.150] [SEVERE ] setting player 4 freeze to 0
[20:27:04.151] [SEVERE ] removing player 4 token from slot 6
[20:27:04.152] [SEVERE ] player 4 placing token on slot 5
[20:27:04.159] [SEVERE ] setting player 2 freeze to 0
[20:27:04.159] [SEVERE ] setting player 2 freeze to 0
[20:27:04.160] [SEVERE ] setting player 2 freeze to 0
[20:27:04.161] [SEVERE ] setting player 2 freeze to 0
[20:27:04.164] [SEVERE ] removing player 2 token from slot 2
[20:27:04.165] [SEVERE ] player 2 placing token on slot 9
[20:27:04.170] [SEVERE ] setting player 1 freeze to 0
[20:27:04.170] [SEVERE ] setting player 1 freeze to 0
[20:27:04.171] [SEVERE ] setting player 1 freeze to 0
[20:27:04.171] [SEVERE ] setting player 1 freeze to 0
[20:27:04.171] [SEVERE ] removing player 1 token from slot 8
[20:27:04.172] [SEVERE ] player 1 placing token on slot 1
[20:27:04.184] [SEVERE ] setting player 4 freeze to 0
[20:27:04.184] [SEVERE ] setting player 4 freeze to 0
[20:27:04.186] [SEVERE ] setting player 4 freeze to 0
[20:27:04.186] [SEVERE ] setting player 4 freeze to 0
[20:27:04.187] [SEVERE ] removing player 4 token from slot 2
[20:27:04.187] [SEVERE ] player 4 placing token on slot 10
[20:27:04.199] [SEVERE ] setting player 2 freeze to 0
[20:27:04.200] [SEVERE ] setting player 2 freeze to 0
[20:27:04.200] [SEVERE ] setting player 2 freeze to 0
[20:27:04.201] [SEVERE ] setting player 2 freeze to 0
[20:27:04.201] [SEVERE ] removing player 2 token from slot 9
[20:27:04.202] [SEVERE ] removing player 2 token from slot 7
[20:27:04.202] [SEVERE ] player 2 placing token on slot 3
[20:27:04.203] [SEVERE ] player 2 placing token on slot 7
[20:27:04.209] [SEVERE ] setting player 1 freeze to 0
[20:27:04.210] [SEVERE ] setting player 1 freeze to 0
[20:27:04.220] [SEVERE ] setting player 4 freeze to 0
[20:27:04.221] [SEVERE ] setting player 1 freeze to 0
[20:27:04.221] [SEVERE ] setting player 4 freeze to 0
[20:27:04.221] [SEVERE ] setting player 1 freeze to 0
[20:27:04.222] [SEVERE ] removing player 1 token from slot 5
[20:27:04.222] [SEVERE ] player 1 placing token on slot 9
[20:27:04.222] [SEVERE ] setting player 4 freeze to 0
[20:27:04.223] [SEVERE ] setting player 4 freeze to 0
[20:27:04.224] [SEVERE ] removing player 4 token from slot 5
[20:27:04.224] [SEVERE ] player 4 placing token on slot 9
[20:27:04.232] [SEVERE ] setting player 2 freeze to 0
[20:27:04.233] [SEVERE ] setting player 2 freeze to 0
[20:27:04.233] [SEVERE ] setting player 2 freeze to 0
[20:27:04.233] [SEVERE ] setting player 2 freeze to 0
[20:27:04.234] [SEVERE ] removing player 2 token from slot 3
[20:27:04.234] [SEVERE ] player 2 placing token on slot 11
[20:27:04.244] [SEVERE ] setting player 1 freeze to 0
[20:27:04.244] [SEVERE ] setting player 1 freeze to 0
[20:27:04.245] [SEVERE ] setting player 1 freeze to 0
[20:27:04.245] [SEVERE ] setting player 1 freeze to 0
[20:27:04.246] [SEVERE ] removing player 1 token from slot 9
[20:27:04.246] [SEVERE ] player 1 placing token on slot 9
[20:27:04.253] [SEVERE ] setting player 4 freeze to 0
[20:27:04.254] [SEVERE ] setting player 4 freeze to 0
[20:27:04.255] [SEVERE ] setting player 4 freeze to 0
[20:27:04.255] [SEVERE ] setting player 4 freeze to 0
[20:27:04.256] [SEVERE ] removing player 4 token from slot 9
[20:27:04.256] [SEVERE ] player 4 placing token on slot 8
[20:27:04.264] [SEVERE ] setting player 2 freeze to 0
[20:27:04.265] [SEVERE ] setting player 2 freeze to 0
[20:27:04.266] [SEVERE ] setting player 2 freeze to 0
[20:27:04.267] [SEVERE ] setting player 2 freeze to 0
[20:27:04.267] [SEVERE ] removing player 2 token from slot 11
[20:27:04.268] [SEVERE ] player 2 placing token on slot 10
[20:27:04.275] [SEVERE ] setting player 1 freeze to 0
[20:27:04.275] [SEVERE ] setting player 1 freeze to 0
[20:27:04.276] [SEVERE ] setting player 1 freeze to 0
[20:27:04.276] [SEVERE ] setting player 1 freeze to 0
[20:27:04.277] [SEVERE ] removing player 1 token from slot 9
[20:27:04.277] [SEVERE ] player 1 placing token on slot 10
[20:27:04.285] [SEVERE ] setting player 4 freeze to 0
[20:27:04.285] [SEVERE ] setting player 4 freeze to 0
[20:27:04.286] [SEVERE ] setting player 4 freeze to 0
[20:27:04.287] [SEVERE ] setting player 4 freeze to 0
[20:27:04.287] [SEVERE ] removing player 4 token from slot 11
[20:27:04.287] [SEVERE ] player 4 placing token on slot 4
[20:27:04.297] [SEVERE ] setting player 2 freeze to 0
[20:27:04.297] [SEVERE ] setting player 2 freeze to 0
[20:27:04.297] [SEVERE ] setting player 2 freeze to 0
[20:27:04.297] [SEVERE ] setting player 2 freeze to 0
[20:27:04.297] [SEVERE ] removing player 2 token from slot 7
[20:27:04.297] [SEVERE ] player 2 placing token on slot 4
[20:27:04.307] [SEVERE ] setting player 1 freeze to 0
[20:27:04.307] [SEVERE ] setting player 1 freeze to 0
[20:27:04.307] [SEVERE ] setting player 1 freeze to 0
[20:27:04.307] [SEVERE ] setting player 1 freeze to 0
[20:27:04.307] [SEVERE ] removing player 1 token from slot 7
[20:27:04.307] [SEVERE ] player 1 placing token on slot 4
[20:27:04.317] [SEVERE ] setting player 4 freeze to 0
[20:27:04.317] [SEVERE ] setting player 4 freeze to 0
[20:27:04.318] [SEVERE ] setting player 4 freeze to 0
[20:27:04.318] [SEVERE ] setting player 4 freeze to 0
[20:27:04.319] [SEVERE ] removing player 4 token from slot 4
[20:27:04.319] [SEVERE ] player 4 placing token on slot 6
[20:27:04.327] [SEVERE ] setting player 2 freeze to 0
[20:27:04.331] [SEVERE ] setting player 2 freeze to 0
[20:27:04.331] [SEVERE ] setting player 2 freeze to 0
[20:27:04.331] [SEVERE ] setting player 2 freeze to 0
[20:27:04.332] [SEVERE ] removing player 2 token from slot 10
[20:27:04.332] [SEVERE ] player 2 placing token on slot 5
[20:27:04.340] [SEVERE ] setting player 1 freeze to 0
[20:27:04.340] [SEVERE ] setting player 1 freeze to 0
[20:27:04.341] [SEVERE ] setting player 1 freeze to 0
[20:27:04.341] [SEVERE ] setting player 1 freeze to 0
[20:27:04.342] [SEVERE ] removing player 1 token from slot 1
[20:27:04.342] [SEVERE ] player 1 placing token on slot 7
[20:27:04.350] [SEVERE ] setting player 4 freeze to 0
[20:27:04.350] [SEVERE ] setting player 4 freeze to 0
[20:27:04.351] [SEVERE ] setting player 4 freeze to 0
[20:27:04.351] [SEVERE ] setting player 4 freeze to 0
[20:27:04.352] [SEVERE ] removing player 4 token from slot 8
[20:27:04.352] [SEVERE ] player 4 placing token on slot 4
[20:27:04.360] [SEVERE ] setting player 2 freeze to 0
[20:27:04.364] [SEVERE ] setting player 2 freeze to 0
[20:27:04.364] [SEVERE ] setting player 2 freeze to 0
[20:27:04.364] [SEVERE ] setting player 2 freeze to 0
[20:27:04.365] [SEVERE ] removing player 2 token from slot 5
[20:27:04.366] [SEVERE ] player 2 placing token on slot 2
[20:27:04.371] [SEVERE ] setting player 1 freeze to 0
[20:27:04.371] [SEVERE ] setting player 1 freeze to 0
[20:27:04.371] [SEVERE ] setting player 1 freeze to 0
[20:27:04.372] [SEVERE ] setting player 1 freeze to 0
[20:27:04.372] [SEVERE ] removing player 1 token from slot 10
[20:27:04.373] [SEVERE ] removing player 1 token from slot 7
[20:27:04.373] [SEVERE ] removing player 1 token from slot 4
[20:27:04.374] [SEVERE ] player 1 placing token on slot 11
[20:27:04.374] [SEVERE ] player 1 placing token on slot 7
[20:27:04.375] [SEVERE ] player 1 placing token on slot 1
[20:27:04.381] [SEVERE ] setting player 4 freeze to 0
[20:27:04.382] [SEVERE ] setting player 4 freeze to 0
[20:27:04.382] [SEVERE ] setting player 4 freeze to 0
[20:27:04.382] [SEVERE ] setting player 4 freeze to 0
[20:27:04.382] [SEVERE ] removing player 4 token from slot 4
[20:27:04.382] [SEVERE ] removing player 4 token from slot 6
[20:27:04.383] [SEVERE ] removing player 4 token from slot 10
[20:27:04.383] [SEVERE ] player 4 placing token on slot 5
[20:27:04.383] [SEVERE ] player 4 placing token on slot 10
[20:27:04.383] [SEVERE ] player 4 placing token on slot 8
[20:27:04.392] [SEVERE ] setting player 2 freeze to 0
[20:27:04.392] [SEVERE ] setting player 2 freeze to 0
[20:27:04.392] [SEVERE ] setting player 2 freeze to 0
[20:27:04.393] [SEVERE ] setting player 2 freeze to 0
[20:27:04.393] [SEVERE ] removing player 2 token from slot 4
[20:27:04.394] [SEVERE ] removing player 2 token from slot 2
[20:27:04.395] [SEVERE ] player 2 placing token on slot 9
[20:27:04.399] [SEVERE ] player 2 placing token on slot 3
[20:27:04.402] [SEVERE ] setting player 1 freeze to 0
[20:27:04.402] [SEVERE ] setting player 1 freeze to 0
[20:27:04.403] [SEVERE ] setting player 1 freeze to 0
[20:27:04.403] [SEVERE ] setting player 1 freeze to 0
[20:27:04.404] [SEVERE ] removing player 1 token from slot 1
[20:27:04.404] [SEVERE ] player 1 placing token on slot 4
[20:27:04.415] [SEVERE ] setting player 4 freeze to 0
[20:27:04.415] [SEVERE ] setting player 4 freeze to 0
[20:27:04.416] [SEVERE ] setting player 4 freeze to 0
[20:27:04.416] [SEVERE ] setting player 4 freeze to 0
[20:27:04.417] [SEVERE ] removing player 4 token from slot 8
[20:27:04.417] [SEVERE ] player 4 placing token on slot 7
[20:27:04.425] [SEVERE ] setting player 2 freeze to 0
[20:27:04.425] [SEVERE ] setting player 2 freeze to 0
[20:27:04.426] [SEVERE ] setting player 2 freeze to 0
[20:27:04.426] [SEVERE ] setting player 2 freeze to 0
[20:27:04.427] [SEVERE ] removing player 2 token from slot 3
[20:27:04.429] [SEVERE ] player 2 placing token on slot 7
[20:27:04.435] [SEVERE ] setting player 1 freeze to 0
[20:27:04.436] [SEVERE ] setting player 1 freeze to 0
[20:27:04.436] [SEVERE ] setting player 1 freeze to 0
[20:27:04.438] [SEVERE ] setting player 1 freeze to 0
[20:27:04.439] [SEVERE ] removing player 1 token from slot 4
[20:27:04.440] [SEVERE ] removing player 1 token from slot 7
[20:27:04.440] [SEVERE ] player 1 placing token on slot 4
[20:27:04.441] [SEVERE ] player 1 placing token on slot 2
[20:27:04.451] [SEVERE ] setting player 4 freeze to 0
[20:27:04.451] [SEVERE ] setting player 4 freeze to 0
[20:27:04.452] [SEVERE ] setting player 4 freeze to 0
[20:27:04.452] [SEVERE ] setting player 4 freeze to 0
[20:27:04.453] [SEVERE ] removing player 4 token from slot 10
[20:27:04.453] [SEVERE ] player 4 placing token on slot 11
[20:27:04.459] [SEVERE ] setting player 2 freeze to 0
[20:27:04.459] [SEVERE ] setting player 2 freeze to 0
[20:27:04.459] [SEVERE ] setting player 2 freeze to 0
[20:27:04.460] [SEVERE ] setting player 2 freeze to 0
[20:27:04.460] [SEVERE ] removing player 2 token from slot 6
[20:27:04.461] [SEVERE ] player 2 placing token on slot 1
[20:27:04.476] [SEVERE ] setting player 1 freeze to 0
[20:27:04.477] [SEVERE ] setting player 1 freeze to 0
[20:27:04.477] [SEVERE ] setting player 1 freeze to 0
[20:27:04.478] [SEVERE ] setting player 1 freeze to 0
[20:27:04.478] [SEVERE ] removing player 1 token from slot 11
[20:27:04.479] [SEVERE ] player 1 placing token on slot 11
[20:27:04.487] [SEVERE ] setting player 4 freeze to 0
[20:27:04.487] [SEVERE ] setting player 4 freeze to 0
[20:27:04.487] [SEVERE ] setting player 4 freeze to 0
[20:27:04.488] [SEVERE ] setting player 4 freeze to 0
[20:27:04.489] [SEVERE ] removing player 4 token from slot 7
[20:27:04.489] [SEVERE ] player 4 placing token on slot 2
[20:27:04.497] [SEVERE ] setting player 2 freeze to 0
[20:27:04.497] [SEVERE ] setting player 2 freeze to 0
[20:27:04.497] [SEVERE ] setting player 2 freeze to 0
[20:27:04.498] [SEVERE ] setting player 2 freeze to 0
[20:27:04.498] [SEVERE ] removing player 2 token from slot 7
[20:27:04.499] [SEVERE ] player 2 placing token on slot 2
[20:27:04.508] [SEVERE ] setting player 1 freeze to 0
[20:27:04.508] [SEVERE ] setting player 1 freeze to 0
[20:27:04.508] [SEVERE ] setting player 1 freeze to 0
[20:27:04.509] [SEVERE ] setting player 1 freeze to 0
[20:27:04.509] [SEVERE ] removing player 1 token from slot 2
[20:27:04.510] [SEVERE ] player 1 placing token on slot 10
[20:27:04.518] [SEVERE ] setting player 4 freeze to 0
[20:27:04.518] [SEVERE ] setting player 4 freeze to 0
[20:27:04.518] [SEVERE ] setting player 4 freeze to 0
[20:27:04.518] [SEVERE ] setting player 4 freeze to 0
[20:27:04.518] [SEVERE ] removing player 4 token from slot 2
[20:27:04.518] [SEVERE ] player 4 placing token on slot 2
[20:27:04.529] [SEVERE ] setting player 2 freeze to 0
[20:27:04.531] [SEVERE ] setting player 2 freeze to 0
[20:27:04.532] [SEVERE ] setting player 2 freeze to 0
[20:27:04.532] [SEVERE ] setting player 2 freeze to 0
[20:27:04.533] [SEVERE ] removing player 2 token from slot 2
[20:27:04.533] [SEVERE ] player 2 placing token on slot 8
[20:27:04.539] [SEVERE ] setting player 1 freeze to 0
[20:27:04.539] [SEVERE ] setting player 1 freeze to 0
[20:27:04.539] [SEVERE ] setting player 1 freeze to 0
[20:27:04.539] [SEVERE ] setting player 1 freeze to 0
[20:27:04.539] [SEVERE ] removing player 1 token from slot 11
[20:27:04.539] [SEVERE ] removing player 1 token from slot 4
[20:27:04.539] [SEVERE ] player 1 placing token on slot 2
[20:27:04.539] [SEVERE ] player 1 placing token on slot 11
[20:27:04.549] [SEVERE ] setting player 4 freeze to 0
[20:27:04.549] [SEVERE ] setting player 4 freeze to 0
[20:27:04.550] [SEVERE ] setting player 4 freeze to 0
[20:27:04.550] [SEVERE ] setting player 4 freeze to 0
[20:27:04.551] [SEVERE ] removing player 4 token from slot 5
[20:27:04.551] [SEVERE ] player 4 placing token on slot 4
[20:27:04.559] [SEVERE ] updating countdown to 5000
[20:27:04.559] [SEVERE ] removing player 2 token from slot 9
[20:27:04.560] [SEVERE ] removing player 2 token from slot 9
[20:27:04.563] [SEVERE ] removing player 2 token from slot 9
[20:27:04.560] [SEVERE ] removing player 2 token from slot 1
[20:27:04.564] [SEVERE ] setting player 2 score to 1
[20:27:04.564] [SEVERE ] setting player 2 freeze to 0
[20:27:04.564] [SEVERE ] setting player 2 freeze to 0
[20:27:04.564] [SEVERE ] removing player 2 token from slot 1
[20:27:04.565] [SEVERE ] player 2 placing token on slot 5
[20:27:04.665] [SEVERE ] removing card from slot 1
[20:27:04.665] [SEVERE ] removing player 2 token from slot 5
[20:27:04.765] [SEVERE ] removing card from slot 5
[20:27:04.765] [SEVERE ] removing player 2 token from slot 8
[20:27:04.869] [SEVERE ] removing card from slot 8
[20:27:04.869] [SEVERE ] removing player 2 token from slot 9
[20:27:04.969] [SEVERE ] removing card from slot 9
