[22:15:40.358] [INFO   ] thread main starting.
[22:15:40.365] [SEVERE ] cannot read configuration file config.properties trying from resources.
[22:15:40.366] [SEVERE ] configuration file was loaded from resources directory.
[22:15:40.787] [INFO   ] thread dealer starting.
[22:15:40.788] [INFO   ] Thread dealer starting.
[22:15:40.894] [SEVERE ] placing card 59 in slot 0
[22:15:40.995] [SEVERE ] placing card 41 in slot 1
[22:15:41.096] [SEVERE ] placing card 62 in slot 2
[22:15:41.197] [SEVERE ] placing card 72 in slot 3
[22:15:41.298] [SEVERE ] placing card 5 in slot 4
[22:15:41.400] [SEVERE ] placing card 2 in slot 5
[22:15:41.501] [SEVERE ] placing card 55 in slot 6
[22:15:41.601] [SEVERE ] placing card 79 in slot 7
[22:15:41.702] [SEVERE ] placing card 27 in slot 8
[22:15:41.803] [SEVERE ] placing card 25 in slot 9
[22:15:41.904] [SEVERE ] placing card 58 in slot 10
[22:15:42.005] [SEVERE ] placing card 66 in slot 11
[22:15:42.007] [INFO   ] Thread Thread-1starting.
[22:15:42.008] [INFO   ] Thread Thread-4starting.
[22:15:42.007] [INFO   ] Thread Thread-3starting.
[22:15:42.007] [SEVERE ] updating countdown to 5000
[22:15:42.007] [INFO   ] Thread Thread-2starting.
[22:15:42.011] [INFO   ] Thread computer-0 starting.
[22:15:42.013] [INFO   ] Thread computer-3 starting.
[22:15:42.014] [SEVERE ] player 4 placing token on slot 1
[22:15:42.015] [SEVERE ] player 1 placing token on slot 8
[22:15:42.016] [SEVERE ] player 1 placing token on slot 9
[22:15:42.017] [SEVERE ] player 1 placing token on slot 1
[22:15:42.016] [SEVERE ] player 4 placing token on slot 3
[22:15:42.019] [SEVERE ] player 4 placing token on slot 10
[22:15:42.021] [INFO   ] Thread computer-2 starting.
[22:15:42.022] [SEVERE ] player 3 placing token on slot 7
[22:15:42.025] [SEVERE ] player 3 placing token on slot 5
[22:15:42.026] [SEVERE ] player 3 placing token on slot 2
[22:15:42.028] [INFO   ] Thread computer-1 starting.
[22:15:42.033] [SEVERE ] setting player 1 freeze to 0
[22:15:42.034] [SEVERE ] setting player 1 freeze to 0
[22:15:42.034] [SEVERE ] setting player 1 freeze to 0
[22:15:42.035] [SEVERE ] setting player 1 freeze to 0
[22:15:42.035] [SEVERE ] removing player 1 token from slot 8
[22:15:42.036] [SEVERE ] player 1 placing token on slot 11
[22:15:42.034] [SEVERE ] player 2 placing token on slot 3
[22:15:42.038] [SEVERE ] player 2 placing token on slot 8
[22:15:42.038] [SEVERE ] player 2 placing token on slot 7
[22:15:42.044] [SEVERE ] setting player 4 freeze to 0
[22:15:42.045] [SEVERE ] setting player 4 freeze to 0
[22:15:42.045] [SEVERE ] setting player 4 freeze to 0
[22:15:42.045] [SEVERE ] setting player 4 freeze to 0
[22:15:42.047] [SEVERE ] removing player 4 token from slot 10
[22:15:42.047] [SEVERE ] player 4 placing token on slot 4
[22:15:42.055] [SEVERE ] setting player 3 freeze to 0
[22:15:42.055] [SEVERE ] setting player 3 freeze to 0
[22:15:42.055] [SEVERE ] setting player 3 freeze to 0
[22:15:42.056] [SEVERE ] setting player 3 freeze to 0
[22:15:42.056] [SEVERE ] removing player 3 token from slot 2
[22:15:42.057] [SEVERE ] player 3 placing token on slot 8
[22:15:42.065] [SEVERE ] setting player 1 freeze to 0
[22:15:42.065] [SEVERE ] setting player 1 freeze to 0
[22:15:42.065] [SEVERE ] setting player 1 freeze to 0
[22:15:42.066] [SEVERE ] setting player 1 freeze to 0
[22:15:42.066] [SEVERE ] removing player 1 token from slot 9
[22:15:42.067] [SEVERE ] player 1 placing token on slot 7
[22:15:42.075] [SEVERE ] setting player 2 freeze to 0
[22:15:42.076] [SEVERE ] setting player 2 freeze to 0
[22:15:42.077] [SEVERE ] setting player 2 freeze to 0
[22:15:42.078] [SEVERE ] setting player 2 freeze to 0
[22:15:42.078] [SEVERE ] removing player 2 token from slot 3
[22:15:42.079] [SEVERE ] player 2 placing token on slot 1
[22:15:42.087] [SEVERE ] setting player 4 freeze to 0
[22:15:42.088] [SEVERE ] setting player 4 freeze to 0
[22:15:42.088] [SEVERE ] setting player 4 freeze to 0
[22:15:42.089] [SEVERE ] setting player 4 freeze to 0
[22:15:42.089] [SEVERE ] removing player 4 token from slot 3
[22:15:42.090] [SEVERE ] player 4 placing token on slot 7
[22:15:42.098] [SEVERE ] setting player 3 freeze to 0
[22:15:42.098] [SEVERE ] setting player 3 freeze to 0
[22:15:42.099] [SEVERE ] setting player 3 freeze to 0
[22:15:42.099] [SEVERE ] setting player 3 freeze to 0
[22:15:42.100] [SEVERE ] removing player 3 token from slot 8
[22:15:42.100] [SEVERE ] player 3 placing token on slot 11
[22:15:42.109] [SEVERE ] setting player 1 freeze to 0
[22:15:42.110] [SEVERE ] setting player 1 freeze to 0
[22:15:42.110] [SEVERE ] setting player 1 freeze to 0
[22:15:42.111] [SEVERE ] setting player 1 freeze to 0
[22:15:42.111] [SEVERE ] removing player 1 token from slot 11
[22:15:42.112] [SEVERE ] player 1 placing token on slot 3
[22:15:42.119] [SEVERE ] setting player 2 freeze to 0
[22:15:42.119] [SEVERE ] setting player 2 freeze to 0
[22:15:42.120] [SEVERE ] setting player 2 freeze to 0
[22:15:42.120] [SEVERE ] setting player 2 freeze to 0
[22:15:42.120] [SEVERE ] removing player 2 token from slot 7
[22:15:42.121] [SEVERE ] player 2 placing token on slot 4
[22:15:42.129] [SEVERE ] setting player 4 freeze to 0
[22:15:42.129] [SEVERE ] setting player 4 freeze to 0
[22:15:42.130] [SEVERE ] setting player 4 freeze to 0
[22:15:42.132] [SEVERE ] setting player 4 freeze to 0
[22:15:42.132] [SEVERE ] removing player 4 token from slot 7
[22:15:42.133] [SEVERE ] player 4 placing token on slot 5
[22:15:42.139] [SEVERE ] setting player 3 freeze to 0
[22:15:42.140] [SEVERE ] setting player 3 freeze to 0
[22:15:42.140] [SEVERE ] setting player 3 freeze to 0
[22:15:42.142] [SEVERE ] setting player 3 freeze to 0
[22:15:42.143] [SEVERE ] removing player 3 token from slot 11
[22:15:42.143] [SEVERE ] player 3 placing token on slot 8
[22:15:42.150] [SEVERE ] setting player 1 freeze to 0
[22:15:42.150] [SEVERE ] setting player 1 freeze to 0
[22:15:42.150] [SEVERE ] setting player 1 freeze to 0
[22:15:42.151] [SEVERE ] setting player 1 freeze to 0
[22:15:42.151] [SEVERE ] removing player 1 token from slot 7
[22:15:42.152] [SEVERE ] player 1 placing token on slot 9
[22:15:42.160] [SEVERE ] setting player 2 freeze to 0
[22:15:42.161] [SEVERE ] setting player 2 freeze to 0
[22:15:42.161] [SEVERE ] setting player 2 freeze to 0
[22:15:42.162] [SEVERE ] setting player 2 freeze to 0
[22:15:42.162] [SEVERE ] removing player 2 token from slot 4
[22:15:42.163] [SEVERE ] player 2 placing token on slot 9
[22:15:42.172] [SEVERE ] setting player 4 freeze to 0
[22:15:42.172] [SEVERE ] setting player 4 freeze to 0
[22:15:42.173] [SEVERE ] setting player 4 freeze to 0
[22:15:42.173] [SEVERE ] setting player 4 freeze to 0
[22:15:42.173] [SEVERE ] removing player 4 token from slot 5
[22:15:42.174] [SEVERE ] player 4 placing token on slot 6
[22:15:42.182] [SEVERE ] setting player 3 freeze to 0
[22:15:42.183] [SEVERE ] setting player 3 freeze to 0
[22:15:42.183] [SEVERE ] setting player 3 freeze to 0
[22:15:42.184] [SEVERE ] setting player 3 freeze to 0
[22:15:42.184] [SEVERE ] removing player 3 token from slot 5
[22:15:42.185] [SEVERE ] player 3 placing token on slot 1
[22:15:42.194] [SEVERE ] setting player 1 freeze to 0
[22:15:42.194] [SEVERE ] setting player 1 freeze to 0
[22:15:42.194] [SEVERE ] setting player 1 freeze to 0
[22:15:42.195] [SEVERE ] setting player 1 freeze to 0
[22:15:42.195] [SEVERE ] removing player 1 token from slot 1
[22:15:42.196] [SEVERE ] player 1 placing token on slot 1
[22:15:42.203] [SEVERE ] setting player 2 freeze to 0
[22:15:42.204] [SEVERE ] setting player 2 freeze to 0
[22:15:42.204] [SEVERE ] setting player 2 freeze to 0
[22:15:42.204] [SEVERE ] setting player 2 freeze to 0
[22:15:42.205] [SEVERE ] removing player 2 token from slot 1
[22:15:42.206] [SEVERE ] player 2 placing token on slot 2
[22:15:42.213] [SEVERE ] setting player 4 freeze to 0
[22:15:42.214] [SEVERE ] setting player 4 freeze to 0
[22:15:42.215] [SEVERE ] setting player 4 freeze to 0
[22:15:42.215] [SEVERE ] setting player 4 freeze to 0
[22:15:42.216] [SEVERE ] removing player 4 token from slot 6
[22:15:42.216] [SEVERE ] player 4 placing token on slot 8
[22:15:42.224] [SEVERE ] setting player 3 freeze to 0
[22:15:42.224] [SEVERE ] setting player 3 freeze to 0
[22:15:42.225] [SEVERE ] setting player 3 freeze to 0
[22:15:42.226] [SEVERE ] setting player 3 freeze to 0
[22:15:42.228] [SEVERE ] removing player 3 token from slot 8
[22:15:42.231] [SEVERE ] removing player 3 token from slot 7
[22:15:42.231] [SEVERE ] player 3 placing token on slot 7
[22:15:42.232] [SEVERE ] player 3 placing token on slot 8
[22:15:42.235] [SEVERE ] setting player 1 freeze to 0
[22:15:42.235] [SEVERE ] setting player 1 freeze to 0
[22:15:42.235] [SEVERE ] setting player 1 freeze to 0
[22:15:42.236] [SEVERE ] setting player 1 freeze to 0
[22:15:42.236] [SEVERE ] removing player 1 token from slot 3
[22:15:42.237] [SEVERE ] player 1 placing token on slot 6
[22:15:42.245] [SEVERE ] setting player 2 freeze to 0
[22:15:42.245] [SEVERE ] setting player 2 freeze to 0
[22:15:42.246] [SEVERE ] setting player 2 freeze to 0
[22:15:42.247] [SEVERE ] setting player 2 freeze to 0
[22:15:42.247] [SEVERE ] removing player 2 token from slot 8
[22:15:42.247] [SEVERE ] player 2 placing token on slot 7
[22:15:42.255] [SEVERE ] setting player 4 freeze to 0
[22:15:42.255] [SEVERE ] setting player 4 freeze to 0
[22:15:42.256] [SEVERE ] setting player 4 freeze to 0
[22:15:42.256] [SEVERE ] setting player 4 freeze to 0
[22:15:42.257] [SEVERE ] removing player 4 token from slot 8
[22:15:42.257] [SEVERE ] player 4 placing token on slot 11
[22:15:42.266] [SEVERE ] setting player 3 freeze to 0
[22:15:42.266] [SEVERE ] setting player 3 freeze to 0
[22:15:42.266] [SEVERE ] setting player 3 freeze to 0
[22:15:42.267] [SEVERE ] setting player 3 freeze to 0
[22:15:42.267] [SEVERE ] removing player 3 token from slot 8
[22:15:42.268] [SEVERE ] player 3 placing token on slot 4
[22:15:42.276] [SEVERE ] setting player 1 freeze to 0
[22:15:42.278] [SEVERE ] setting player 1 freeze to 0
[22:15:42.278] [SEVERE ] setting player 1 freeze to 0
[22:15:42.279] [SEVERE ] setting player 1 freeze to 0
[22:15:42.279] [SEVERE ] removing player 1 token from slot 6
[22:15:42.280] [SEVERE ] player 1 placing token on slot 10
[22:15:42.287] [SEVERE ] setting player 2 freeze to 0
[22:15:42.288] [SEVERE ] setting player 2 freeze to 0
[22:15:42.288] [SEVERE ] setting player 2 freeze to 0
[22:15:42.288] [SEVERE ] setting player 2 freeze to 0
[22:15:42.289] [SEVERE ] removing player 2 token from slot 9
[22:15:42.289] [SEVERE ] player 2 placing token on slot 6
[22:15:42.299] [SEVERE ] setting player 4 freeze to 0
[22:15:42.299] [SEVERE ] setting player 4 freeze to 0
[22:15:42.300] [SEVERE ] setting player 4 freeze to 0
[22:15:42.300] [SEVERE ] setting player 4 freeze to 0
[22:15:42.301] [SEVERE ] removing player 4 token from slot 4
[22:15:42.301] [SEVERE ] player 4 placing token on slot 6
[22:15:42.309] [SEVERE ] setting player 3 freeze to 0
[22:15:42.310] [SEVERE ] setting player 3 freeze to 0
[22:15:42.310] [SEVERE ] setting player 3 freeze to 0
[22:15:42.310] [SEVERE ] setting player 3 freeze to 0
[22:15:42.311] [SEVERE ] removing player 3 token from slot 4
[22:15:42.311] [SEVERE ] player 3 placing token on slot 11
[22:15:42.319] [SEVERE ] setting player 1 freeze to 0
[22:15:42.320] [SEVERE ] setting player 1 freeze to 0
[22:15:42.320] [SEVERE ] setting player 1 freeze to 0
[22:15:42.321] [SEVERE ] setting player 1 freeze to 0
[22:15:42.321] [SEVERE ] removing player 1 token from slot 9
[22:15:42.322] [SEVERE ] player 1 placing token on slot 3
[22:15:42.330] [SEVERE ] setting player 2 freeze to 0
[22:15:42.330] [SEVERE ] setting player 2 freeze to 0
[22:15:42.331] [SEVERE ] setting player 2 freeze to 0
[22:15:42.331] [SEVERE ] setting player 2 freeze to 0
[22:15:42.331] [SEVERE ] removing player 2 token from slot 6
[22:15:42.332] [SEVERE ] player 2 placing token on slot 10
[22:15:42.341] [SEVERE ] setting player 4 freeze to 0
[22:15:42.342] [SEVERE ] setting player 4 freeze to 0
[22:15:42.342] [SEVERE ] setting player 4 freeze to 0
[22:15:42.343] [SEVERE ] setting player 4 freeze to 0
[22:15:42.343] [SEVERE ] removing player 4 token from slot 11
[22:15:42.344] [SEVERE ] player 4 placing token on slot 7
[22:15:42.351] [SEVERE ] setting player 3 freeze to 0
[22:15:42.352] [SEVERE ] setting player 3 freeze to 0
[22:15:42.352] [SEVERE ] setting player 3 freeze to 0
[22:15:42.352] [SEVERE ] setting player 3 freeze to 0
[22:15:42.353] [SEVERE ] removing player 3 token from slot 1
[22:15:42.353] [SEVERE ] player 3 placing token on slot 5
[22:15:42.362] [SEVERE ] setting player 1 freeze to 0
[22:15:42.362] [SEVERE ] setting player 1 freeze to 0
[22:15:42.362] [SEVERE ] setting player 1 freeze to 0
[22:15:42.363] [SEVERE ] setting player 1 freeze to 0
[22:15:42.363] [SEVERE ] removing player 1 token from slot 10
[22:15:42.363] [SEVERE ] player 1 placing token on slot 10
[22:15:42.372] [SEVERE ] setting player 2 freeze to 0
[22:15:42.372] [SEVERE ] setting player 2 freeze to 0
[22:15:42.372] [SEVERE ] setting player 2 freeze to 0
[22:15:42.373] [SEVERE ] setting player 2 freeze to 0
[22:15:42.374] [SEVERE ] removing player 2 token from slot 2
[22:15:42.375] [SEVERE ] player 2 placing token on slot 1
[22:15:42.383] [SEVERE ] setting player 4 freeze to 0
[22:15:42.383] [SEVERE ] setting player 4 freeze to 0
[22:15:42.383] [SEVERE ] setting player 4 freeze to 0
[22:15:42.384] [SEVERE ] setting player 4 freeze to 0
[22:15:42.384] [SEVERE ] removing player 4 token from slot 7
[22:15:42.385] [SEVERE ] removing player 4 token from slot 1
[22:15:42.389] [SEVERE ] player 4 placing token on slot 1
[22:15:42.389] [SEVERE ] player 4 placing token on slot 9
[22:15:42.393] [SEVERE ] setting player 3 freeze to 0
[22:15:42.393] [SEVERE ] setting player 3 freeze to 0
[22:15:42.394] [SEVERE ] setting player 3 freeze to 0
[22:15:42.394] [SEVERE ] setting player 3 freeze to 0
[22:15:42.395] [SEVERE ] removing player 3 token from slot 11
[22:15:42.395] [SEVERE ] player 3 placing token on slot 8
[22:15:42.403] [SEVERE ] setting player 1 freeze to 0
[22:15:42.404] [SEVERE ] setting player 1 freeze to 0
[22:15:42.404] [SEVERE ] setting player 1 freeze to 0
[22:15:42.404] [SEVERE ] setting player 1 freeze to 0
[22:15:42.405] [SEVERE ] removing player 1 token from slot 1
[22:15:42.405] [SEVERE ] player 1 placing token on slot 5
[22:15:42.414] [SEVERE ] setting player 2 freeze to 0
[22:15:42.414] [SEVERE ] setting player 2 freeze to 0
[22:15:42.414] [SEVERE ] setting player 2 freeze to 0
[22:15:42.415] [SEVERE ] setting player 2 freeze to 0
[22:15:42.415] [SEVERE ] removing player 2 token from slot 7
[22:15:42.416] [SEVERE ] removing player 2 token from slot 10
[22:15:42.416] [SEVERE ] player 2 placing token on slot 7
[22:15:42.416] [SEVERE ] player 2 placing token on slot 5
[22:15:42.424] [SEVERE ] setting player 4 freeze to 0
[22:15:42.425] [SEVERE ] setting player 4 freeze to 0
[22:15:42.425] [SEVERE ] setting player 4 freeze to 0
[22:15:42.426] [SEVERE ] setting player 4 freeze to 0
[22:15:42.426] [SEVERE ] removing player 4 token from slot 6
[22:15:42.427] [SEVERE ] player 4 placing token on slot 8
[22:15:42.435] [SEVERE ] setting player 3 freeze to 0
[22:15:42.435] [SEVERE ] setting player 3 freeze to 0
[22:15:42.436] [SEVERE ] setting player 3 freeze to 0
[22:15:42.436] [SEVERE ] setting player 3 freeze to 0
[22:15:42.437] [SEVERE ] removing player 3 token from slot 8
[22:15:42.437] [SEVERE ] player 3 placing token on slot 6
[22:15:42.445] [SEVERE ] setting player 1 freeze to 0
[22:15:42.445] [SEVERE ] setting player 1 freeze to 0
[22:15:42.446] [SEVERE ] setting player 1 freeze to 0
[22:15:42.446] [SEVERE ] setting player 1 freeze to 0
[22:15:42.447] [SEVERE ] removing player 1 token from slot 10
[22:15:42.447] [SEVERE ] removing player 1 token from slot 5
[22:15:42.448] [SEVERE ] player 1 placing token on slot 8
[22:15:42.449] [SEVERE ] player 1 placing token on slot 9
[22:15:42.456] [SEVERE ] setting player 2 freeze to 0
[22:15:42.456] [SEVERE ] setting player 2 freeze to 0
[22:15:42.458] [SEVERE ] setting player 2 freeze to 0
[22:15:42.458] [SEVERE ] setting player 2 freeze to 0
[22:15:42.459] [SEVERE ] removing player 2 token from slot 5
[22:15:42.459] [SEVERE ] player 2 placing token on slot 11
[22:15:42.466] [SEVERE ] setting player 4 freeze to 0
[22:15:42.466] [SEVERE ] setting player 4 freeze to 0
[22:15:42.467] [SEVERE ] setting player 4 freeze to 0
[22:15:42.467] [SEVERE ] setting player 4 freeze to 0
[22:15:42.467] [SEVERE ] removing player 4 token from slot 9
[22:15:42.468] [SEVERE ] player 4 placing token on slot 11
[22:15:42.476] [SEVERE ] setting player 3 freeze to 0
[22:15:42.477] [SEVERE ] setting player 3 freeze to 0
[22:15:42.477] [SEVERE ] setting player 3 freeze to 0
[22:15:42.477] [SEVERE ] setting player 3 freeze to 0
[22:15:42.478] [SEVERE ] removing player 3 token from slot 5
[22:15:42.478] [SEVERE ] player 3 placing token on slot 2
[22:15:42.486] [SEVERE ] setting player 1 freeze to 0
[22:15:42.487] [SEVERE ] setting player 1 freeze to 0
[22:15:42.487] [SEVERE ] setting player 1 freeze to 0
[22:15:42.487] [SEVERE ] setting player 1 freeze to 0
[22:15:42.488] [SEVERE ] removing player 1 token from slot 3
[22:15:42.488] [SEVERE ] removing player 1 token from slot 9
[22:15:42.489] [SEVERE ] player 1 placing token on slot 5
[22:15:42.489] [SEVERE ] removing player 1 token from slot 5
[22:15:42.490] [SEVERE ] player 1 placing token on slot 7
[22:15:42.491] [SEVERE ] player 1 placing token on slot 10
[22:15:42.497] [SEVERE ] setting player 2 freeze to 0
[22:15:42.497] [SEVERE ] setting player 2 freeze to 0
[22:15:42.497] [SEVERE ] setting player 2 freeze to 0
[22:15:42.498] [SEVERE ] setting player 2 freeze to 0
[22:15:42.498] [SEVERE ] removing player 2 token from slot 7
[22:15:42.499] [SEVERE ] player 2 placing token on slot 4
[22:15:42.507] [SEVERE ] setting player 4 freeze to 0
[22:15:42.508] [SEVERE ] setting player 4 freeze to 0
[22:15:42.508] [SEVERE ] setting player 4 freeze to 0
[22:15:42.509] [SEVERE ] setting player 4 freeze to 0
[22:15:42.509] [SEVERE ] removing player 4 token from slot 11
[22:15:42.510] [SEVERE ] removing player 4 token from slot 1
[22:15:42.510] [SEVERE ] player 4 placing token on slot 10
[22:15:42.510] [SEVERE ] player 4 placing token on slot 6
[22:15:42.518] [SEVERE ] setting player 3 freeze to 0
[22:15:42.518] [SEVERE ] setting player 3 freeze to 0
[22:15:42.519] [SEVERE ] setting player 3 freeze to 0
[22:15:42.519] [SEVERE ] setting player 3 freeze to 0
[22:15:42.520] [SEVERE ] removing player 3 token from slot 2
[22:15:42.520] [SEVERE ] player 3 placing token on slot 2
[22:15:42.528] [SEVERE ] setting player 1 freeze to 0
[22:15:42.529] [SEVERE ] setting player 1 freeze to 0
[22:15:42.529] [SEVERE ] setting player 1 freeze to 0
[22:15:42.529] [SEVERE ] setting player 1 freeze to 0
[22:15:42.530] [SEVERE ] removing player 1 token from slot 7
[22:15:42.530] [SEVERE ] player 1 placing token on slot 1
[22:15:42.539] [SEVERE ] setting player 2 freeze to 0
[22:15:42.539] [SEVERE ] setting player 2 freeze to 0
[22:15:42.539] [SEVERE ] setting player 2 freeze to 0
[22:15:42.540] [SEVERE ] setting player 2 freeze to 0
[22:15:42.541] [SEVERE ] removing player 2 token from slot 1
[22:15:42.541] [SEVERE ] player 2 placing token on slot 7
[22:15:42.549] [SEVERE ] setting player 4 freeze to 0
[22:15:42.549] [SEVERE ] setting player 4 freeze to 0
[22:15:42.550] [SEVERE ] setting player 4 freeze to 0
[22:15:42.550] [SEVERE ] setting player 4 freeze to 0
[22:15:42.551] [SEVERE ] removing player 4 token from slot 6
[22:15:42.551] [SEVERE ] removing player 4 token from slot 10
[22:15:42.552] [SEVERE ] player 4 placing token on slot 11
[22:15:42.552] [SEVERE ] player 4 placing token on slot 10
[22:15:42.559] [SEVERE ] setting player 3 freeze to 0
[22:15:42.559] [SEVERE ] setting player 3 freeze to 0
[22:15:42.560] [SEVERE ] setting player 3 freeze to 0
[22:15:42.560] [SEVERE ] setting player 3 freeze to 0
[22:15:42.561] [SEVERE ] removing player 3 token from slot 7
[22:15:42.561] [SEVERE ] player 3 placing token on slot 10
[22:15:42.569] [SEVERE ] setting player 1 freeze to 0
[22:15:42.569] [SEVERE ] setting player 1 freeze to 0
[22:15:42.570] [SEVERE ] setting player 1 freeze to 0
[22:15:42.570] [SEVERE ] setting player 1 freeze to 0
[22:15:42.571] [SEVERE ] removing player 1 token from slot 1
[22:15:42.572] [SEVERE ] player 1 placing token on slot 7
[22:15:42.580] [SEVERE ] setting player 2 freeze to 0
[22:15:42.580] [SEVERE ] setting player 2 freeze to 0
[22:15:42.580] [SEVERE ] setting player 2 freeze to 0
[22:15:42.581] [SEVERE ] setting player 2 freeze to 0
[22:15:42.581] [SEVERE ] removing player 2 token from slot 7
[22:15:42.582] [SEVERE ] player 2 placing token on slot 9
[22:15:42.590] [SEVERE ] setting player 4 freeze to 0
[22:15:42.590] [SEVERE ] setting player 4 freeze to 0
[22:15:42.591] [SEVERE ] setting player 4 freeze to 0
[22:15:42.591] [SEVERE ] setting player 4 freeze to 0
[22:15:42.592] [SEVERE ] removing player 4 token from slot 8
[22:15:42.592] [SEVERE ] player 4 placing token on slot 8
[22:15:42.600] [SEVERE ] setting player 3 freeze to 0
[22:15:42.600] [SEVERE ] setting player 3 freeze to 0
[22:15:42.604] [SEVERE ] setting player 3 freeze to 0
[22:15:42.605] [SEVERE ] setting player 3 freeze to 0
[22:15:42.605] [SEVERE ] removing player 3 token from slot 10
[22:15:42.606] [SEVERE ] player 3 placing token on slot 1
[22:15:42.614] [SEVERE ] setting player 1 freeze to 0
[22:15:42.614] [SEVERE ] setting player 1 freeze to 0
[22:15:42.615] [SEVERE ] setting player 1 freeze to 0
[22:15:42.615] [SEVERE ] setting player 1 freeze to 0
[22:15:42.616] [SEVERE ] removing player 1 token from slot 10
[22:15:42.616] [SEVERE ] removing player 1 token from slot 8
[22:15:42.617] [SEVERE ] player 1 placing token on slot 2
[22:15:42.617] [SEVERE ] player 1 placing token on slot 4
[22:15:42.624] [SEVERE ] setting player 2 freeze to 0
[22:15:42.631] [SEVERE ] setting player 2 freeze to 0
[22:15:42.631] [SEVERE ] setting player 2 freeze to 0
[22:15:42.632] [SEVERE ] setting player 2 freeze to 0
[22:15:42.632] [SEVERE ] removing player 2 token from slot 9
[22:15:42.633] [SEVERE ] player 2 placing token on slot 2
[22:15:42.635] [SEVERE ] setting player 4 freeze to 0
[22:15:42.635] [SEVERE ] setting player 4 freeze to 0
[22:15:42.635] [SEVERE ] setting player 4 freeze to 0
[22:15:42.636] [SEVERE ] setting player 4 freeze to 0
[22:15:42.636] [SEVERE ] removing player 4 token from slot 8
[22:15:42.637] [SEVERE ] removing player 4 token from slot 11
[22:15:42.637] [SEVERE ] removing player 4 token from slot 10
[22:15:42.638] [SEVERE ] player 4 placing token on slot 4
[22:15:42.638] [SEVERE ] player 4 placing token on slot 2
[22:15:42.638] [SEVERE ] player 4 placing token on slot 9
[22:15:42.645] [SEVERE ] setting player 3 freeze to 0
[22:15:42.645] [SEVERE ] setting player 3 freeze to 0
[22:15:42.645] [SEVERE ] setting player 3 freeze to 0
[22:15:42.646] [SEVERE ] setting player 3 freeze to 0
[22:15:42.646] [SEVERE ] removing player 3 token from slot 1
[22:15:42.647] [SEVERE ] removing player 3 token from slot 6
[22:15:42.647] [SEVERE ] player 3 placing token on slot 3
[22:15:42.648] [SEVERE ] player 3 placing token on slot 10
[22:15:42.655] [SEVERE ] setting player 1 freeze to 0
[22:15:42.655] [SEVERE ] setting player 1 freeze to 0
[22:15:42.656] [SEVERE ] setting player 1 freeze to 0
[22:15:42.657] [SEVERE ] setting player 1 freeze to 0
[22:15:42.657] [SEVERE ] removing player 1 token from slot 7
[22:15:42.658] [SEVERE ] player 1 placing token on slot 9
[22:15:42.666] [SEVERE ] setting player 2 freeze to 0
[22:15:42.666] [SEVERE ] setting player 2 freeze to 0
[22:15:42.669] [SEVERE ] setting player 2 freeze to 0
[22:15:42.669] [SEVERE ] setting player 2 freeze to 0
[22:15:42.669] [SEVERE ] removing player 2 token from slot 11
[22:15:42.670] [SEVERE ] player 2 placing token on slot 3
[22:15:42.676] [SEVERE ] setting player 4 freeze to 0
[22:15:42.676] [SEVERE ] setting player 4 freeze to 0
[22:15:42.676] [SEVERE ] setting player 4 freeze to 0
[22:15:42.677] [SEVERE ] setting player 4 freeze to 0
[22:15:42.677] [SEVERE ] removing player 4 token from slot 2
[22:15:42.678] [SEVERE ] removing player 4 token from slot 9
[22:15:42.678] [SEVERE ] player 4 placing token on slot 8
[22:15:42.679] [SEVERE ] player 4 placing token on slot 10
[22:15:42.686] [SEVERE ] setting player 3 freeze to 0
[22:15:42.686] [SEVERE ] setting player 3 freeze to 0
[22:15:42.687] [SEVERE ] setting player 3 freeze to 0
[22:15:42.687] [SEVERE ] setting player 3 freeze to 0
[22:15:42.688] [SEVERE ] removing player 3 token from slot 2
[22:15:42.688] [SEVERE ] removing player 3 token from slot 3
[22:15:42.689] [SEVERE ] player 3 placing token on slot 1
[22:15:42.689] [SEVERE ] player 3 placing token on slot 9
[22:15:42.697] [SEVERE ] setting player 1 freeze to 0
[22:15:42.697] [SEVERE ] setting player 1 freeze to 0
[22:15:42.697] [SEVERE ] setting player 1 freeze to 0
[22:15:42.698] [SEVERE ] setting player 1 freeze to 0
[22:15:42.698] [SEVERE ] removing player 1 token from slot 9
[22:15:42.699] [SEVERE ] removing player 1 token from slot 4
[22:15:42.699] [SEVERE ] player 1 placing token on slot 9
[22:15:42.700] [SEVERE ] player 1 placing token on slot 3
[22:15:42.708] [SEVERE ] setting player 2 freeze to 0
[22:15:42.708] [SEVERE ] setting player 2 freeze to 0
[22:15:42.710] [SEVERE ] setting player 2 freeze to 0
[22:15:42.710] [SEVERE ] setting player 2 freeze to 0
[22:15:42.710] [SEVERE ] removing player 2 token from slot 2
[22:15:42.711] [SEVERE ] removing player 2 token from slot 4
[22:15:42.711] [SEVERE ] removing player 2 token from slot 3
[22:15:42.712] [SEVERE ] player 2 placing token on slot 7
[22:15:42.712] [SEVERE ] player 2 placing token on slot 11
[22:15:42.713] [SEVERE ] player 2 placing token on slot 8
[22:15:42.718] [SEVERE ] setting player 4 freeze to 0
[22:15:42.719] [SEVERE ] setting player 4 freeze to 0
[22:15:42.719] [SEVERE ] setting player 4 freeze to 0
[22:15:42.720] [SEVERE ] setting player 4 freeze to 0
[22:15:42.720] [SEVERE ] removing player 4 token from slot 10
[22:15:42.720] [SEVERE ] player 4 placing token on slot 10
[22:15:42.729] [SEVERE ] setting player 3 freeze to 0
[22:15:42.729] [SEVERE ] setting player 3 freeze to 0
[22:15:42.734] [SEVERE ] setting player 3 freeze to 0
[22:15:42.734] [SEVERE ] setting player 3 freeze to 0
[22:15:42.734] [SEVERE ] removing player 3 token from slot 9
[22:15:42.734] [SEVERE ] removing player 3 token from slot 1
[22:15:42.735] [SEVERE ] player 3 placing token on slot 4
[22:15:42.735] [SEVERE ] player 3 placing token on slot 3
[22:15:42.739] [SEVERE ] setting player 1 freeze to 0
[22:15:42.739] [SEVERE ] setting player 1 freeze to 0
[22:15:42.741] [SEVERE ] setting player 1 freeze to 0
[22:15:42.741] [SEVERE ] setting player 1 freeze to 0
[22:15:42.743] [SEVERE ] removing player 1 token from slot 9
[22:15:42.743] [SEVERE ] player 1 placing token on slot 9
[22:15:42.749] [SEVERE ] setting player 2 freeze to 0
[22:15:42.750] [SEVERE ] setting player 2 freeze to 0
[22:15:42.750] [SEVERE ] setting player 2 freeze to 0
[22:15:42.751] [SEVERE ] setting player 2 freeze to 0
[22:15:42.751] [SEVERE ] removing player 2 token from slot 8
[22:15:42.752] [SEVERE ] player 2 placing token on slot 9
[22:15:42.760] [SEVERE ] setting player 4 freeze to 0
[22:15:42.760] [SEVERE ] setting player 4 freeze to 0
[22:15:42.761] [SEVERE ] setting player 4 freeze to 0
[22:15:42.761] [SEVERE ] setting player 4 freeze to 0
[22:15:42.761] [SEVERE ] removing player 4 token from slot 10
[22:15:42.762] [SEVERE ] player 4 placing token on slot 2
[22:15:42.770] [SEVERE ] setting player 3 freeze to 0
[22:15:42.771] [SEVERE ] setting player 3 freeze to 0
[22:15:42.771] [SEVERE ] setting player 3 freeze to 0
[22:15:42.771] [SEVERE ] setting player 3 freeze to 0
[22:15:42.772] [SEVERE ] removing player 3 token from slot 4
[22:15:42.773] [SEVERE ] player 3 placing token on slot 6
[22:15:42.781] [SEVERE ] setting player 1 freeze to 0
[22:15:42.781] [SEVERE ] setting player 1 freeze to 0
[22:15:42.781] [SEVERE ] setting player 1 freeze to 0
[22:15:42.782] [SEVERE ] setting player 1 freeze to 0
[22:15:42.782] [SEVERE ] removing player 1 token from slot 3
[22:15:42.783] [SEVERE ] player 1 placing token on slot 11
[22:15:42.791] [SEVERE ] setting player 2 freeze to 0
[22:15:42.792] [SEVERE ] setting player 2 freeze to 0
[22:15:42.793] [SEVERE ] setting player 2 freeze to 0
[22:15:42.793] [SEVERE ] setting player 2 freeze to 0
[22:15:42.794] [SEVERE ] removing player 2 token from slot 11
[22:15:42.794] [SEVERE ] player 2 placing token on slot 11
[22:15:42.802] [SEVERE ] setting player 4 freeze to 0
[22:15:42.803] [SEVERE ] setting player 4 freeze to 0
[22:15:42.803] [SEVERE ] setting player 4 freeze to 0
[22:15:42.803] [SEVERE ] setting player 4 freeze to 0
[22:15:42.804] [SEVERE ] removing player 4 token from slot 2
[22:15:42.804] [SEVERE ] player 4 placing token on slot 1
[22:15:42.813] [SEVERE ] setting player 3 freeze to 0
[22:15:42.813] [SEVERE ] setting player 3 freeze to 0
[22:15:42.813] [SEVERE ] setting player 3 freeze to 0
[22:15:42.814] [SEVERE ] setting player 3 freeze to 0
[22:15:42.814] [SEVERE ] removing player 3 token from slot 3
[22:15:42.815] [SEVERE ] player 3 placing token on slot 1
[22:15:42.823] [SEVERE ] setting player 1 freeze to 0
[22:15:42.824] [SEVERE ] setting player 1 freeze to 0
[22:15:42.826] [SEVERE ] setting player 1 freeze to 0
[22:15:42.826] [SEVERE ] setting player 1 freeze to 0
[22:15:42.827] [SEVERE ] removing player 1 token from slot 2
[22:15:42.827] [SEVERE ] player 1 placing token on slot 1
[22:15:42.833] [SEVERE ] setting player 2 freeze to 0
[22:15:42.833] [SEVERE ] setting player 2 freeze to 0
[22:15:42.834] [SEVERE ] setting player 2 freeze to 0
[22:15:42.834] [SEVERE ] setting player 2 freeze to 0
[22:15:42.834] [SEVERE ] removing player 2 token from slot 11
[22:15:42.835] [SEVERE ] player 2 placing token on slot 2
[22:15:42.843] [SEVERE ] setting player 4 freeze to 0
[22:15:42.844] [SEVERE ] setting player 4 freeze to 0
[22:15:42.844] [SEVERE ] setting player 4 freeze to 0
[22:15:42.845] [SEVERE ] setting player 4 freeze to 0
[22:15:42.845] [SEVERE ] removing player 4 token from slot 4
[22:15:42.846] [SEVERE ] player 4 placing token on slot 7
[22:15:42.854] [SEVERE ] setting player 3 freeze to 0
[22:15:42.854] [SEVERE ] setting player 3 freeze to 0
[22:15:42.854] [SEVERE ] setting player 3 freeze to 0
[22:15:42.855] [SEVERE ] setting player 3 freeze to 0
[22:15:42.855] [SEVERE ] removing player 3 token from slot 10
[22:15:42.856] [SEVERE ] player 3 placing token on slot 3
[22:15:42.864] [SEVERE ] setting player 1 freeze to 0
[22:15:42.864] [SEVERE ] setting player 1 freeze to 0
[22:15:42.865] [SEVERE ] setting player 1 freeze to 0
[22:15:42.865] [SEVERE ] setting player 1 freeze to 0
[22:15:42.866] [SEVERE ] removing player 1 token from slot 9
[22:15:42.866] [SEVERE ] player 1 placing token on slot 3
[22:15:42.874] [SEVERE ] setting player 2 freeze to 0
[22:15:42.877] [SEVERE ] setting player 2 freeze to 0
[22:15:42.877] [SEVERE ] setting player 2 freeze to 0
[22:15:42.877] [SEVERE ] setting player 2 freeze to 0
[22:15:42.878] [SEVERE ] removing player 2 token from slot 7
[22:15:42.878] [SEVERE ] player 2 placing token on slot 6
[22:15:42.885] [SEVERE ] setting player 4 freeze to 0
[22:15:42.885] [SEVERE ] setting player 4 freeze to 0
[22:15:42.886] [SEVERE ] setting player 4 freeze to 0
[22:15:42.886] [SEVERE ] setting player 4 freeze to 0
[22:15:42.887] [SEVERE ] removing player 4 token from slot 1
[22:15:42.887] [SEVERE ] player 4 placing token on slot 2
[22:15:42.895] [SEVERE ] setting player 3 freeze to 0
[22:15:42.895] [SEVERE ] setting player 3 freeze to 0
[22:15:42.895] [SEVERE ] setting player 3 freeze to 0
[22:15:42.896] [SEVERE ] setting player 3 freeze to 0
[22:15:42.896] [SEVERE ] removing player 3 token from slot 3
[22:15:42.897] [SEVERE ] removing player 3 token from slot 1
[22:15:42.897] [SEVERE ] player 3 placing token on slot 8
[22:15:42.898] [SEVERE ] removing player 3 token from slot 8
[22:15:42.898] [SEVERE ] player 3 placing token on slot 9
[22:15:42.899] [SEVERE ] player 3 placing token on slot 5
[22:15:42.906] [SEVERE ] setting player 1 freeze to 0
[22:15:42.906] [SEVERE ] setting player 1 freeze to 0
[22:15:42.906] [SEVERE ] setting player 1 freeze to 0
[22:15:42.907] [SEVERE ] setting player 1 freeze to 0
[22:15:42.908] [SEVERE ] removing player 1 token from slot 11
[22:15:42.909] [SEVERE ] player 1 placing token on slot 11
[22:15:42.916] [SEVERE ] setting player 2 freeze to 0
[22:15:42.916] [SEVERE ] setting player 2 freeze to 0
[22:15:42.917] [SEVERE ] setting player 2 freeze to 0
[22:15:42.917] [SEVERE ] setting player 2 freeze to 0
[22:15:42.918] [SEVERE ] removing player 2 token from slot 2
[22:15:42.918] [SEVERE ] player 2 placing token on slot 10
[22:15:42.926] [SEVERE ] setting player 4 freeze to 0
[22:15:42.926] [SEVERE ] setting player 4 freeze to 0
[22:15:42.927] [SEVERE ] setting player 4 freeze to 0
[22:15:42.927] [SEVERE ] setting player 4 freeze to 0
[22:15:42.928] [SEVERE ] removing player 4 token from slot 7
[22:15:42.928] [SEVERE ] player 4 placing token on slot 10
[22:15:42.937] [SEVERE ] setting player 3 freeze to 0
[22:15:42.937] [SEVERE ] setting player 3 freeze to 0
[22:15:42.937] [SEVERE ] setting player 3 freeze to 0
[22:15:42.938] [SEVERE ] setting player 3 freeze to 0
[22:15:42.938] [SEVERE ] removing player 3 token from slot 5
[22:15:42.939] [SEVERE ] player 3 placing token on slot 5
[22:15:42.947] [SEVERE ] setting player 1 freeze to 0
[22:15:42.947] [SEVERE ] setting player 1 freeze to 0
[22:15:42.948] [SEVERE ] setting player 1 freeze to 0
[22:15:42.948] [SEVERE ] setting player 1 freeze to 0
[22:15:42.949] [SEVERE ] removing player 1 token from slot 1
[22:15:42.949] [SEVERE ] player 1 placing token on slot 2
[22:15:42.957] [SEVERE ] setting player 2 freeze to 0
[22:15:42.957] [SEVERE ] setting player 2 freeze to 0
[22:15:42.958] [SEVERE ] setting player 2 freeze to 0
[22:15:42.959] [SEVERE ] setting player 2 freeze to 0
[22:15:42.959] [SEVERE ] removing player 2 token from slot 10
[22:15:42.960] [SEVERE ] player 2 placing token on slot 4
[22:15:42.967] [SEVERE ] setting player 4 freeze to 0
[22:15:42.968] [SEVERE ] setting player 4 freeze to 0
[22:15:42.968] [SEVERE ] setting player 4 freeze to 0
[22:15:42.969] [SEVERE ] setting player 4 freeze to 0
[22:15:42.969] [SEVERE ] removing player 4 token from slot 8
[22:15:42.969] [SEVERE ] player 4 placing token on slot 5
[22:15:42.978] [SEVERE ] setting player 3 freeze to 0
[22:15:42.978] [SEVERE ] setting player 3 freeze to 0
[22:15:42.978] [SEVERE ] setting player 3 freeze to 0
[22:15:42.978] [SEVERE ] setting player 3 freeze to 0
[22:15:42.979] [SEVERE ] removing player 3 token from slot 5
[22:15:42.979] [SEVERE ] player 3 placing token on slot 8
[22:15:42.988] [SEVERE ] setting player 1 freeze to 0
[22:15:42.988] [SEVERE ] setting player 1 freeze to 0
[22:15:42.989] [SEVERE ] setting player 1 freeze to 0
[22:15:42.989] [SEVERE ] setting player 1 freeze to 0
[22:15:42.990] [SEVERE ] removing player 1 token from slot 2
[22:15:42.991] [SEVERE ] removing player 1 token from slot 3
[22:15:42.991] [SEVERE ] player 1 placing token on slot 3
[22:15:42.991] [SEVERE ] player 1 placing token on slot 8
[22:15:42.999] [SEVERE ] setting player 2 freeze to 0
[22:15:42.999] [SEVERE ] setting player 2 freeze to 0
[22:15:43.000] [SEVERE ] setting player 2 freeze to 0
[22:15:43.000] [SEVERE ] setting player 2 freeze to 0
[22:15:43.000] [SEVERE ] removing player 2 token from slot 4
[22:15:43.001] [SEVERE ] player 2 placing token on slot 10
[22:15:43.009] [SEVERE ] setting player 4 freeze to 0
[22:15:43.009] [SEVERE ] setting player 4 freeze to 0
[22:15:43.010] [SEVERE ] setting player 4 freeze to 0
[22:15:43.010] [SEVERE ] setting player 4 freeze to 0
[22:15:43.011] [SEVERE ] removing player 4 token from slot 10
[22:15:43.011] [SEVERE ] player 4 placing token on slot 9
[22:15:43.019] [SEVERE ] setting player 3 freeze to 0
[22:15:43.020] [SEVERE ] setting player 3 freeze to 0
[22:15:43.020] [SEVERE ] setting player 3 freeze to 0
[22:15:43.021] [SEVERE ] setting player 3 freeze to 0
[22:15:43.021] [SEVERE ] removing player 3 token from slot 9
[22:15:43.022] [SEVERE ] player 3 placing token on slot 9
[22:15:43.030] [SEVERE ] setting player 1 freeze to 0
[22:15:43.030] [SEVERE ] setting player 1 freeze to 0
[22:15:43.030] [SEVERE ] setting player 1 freeze to 0
[22:15:43.031] [SEVERE ] setting player 1 freeze to 0
[22:15:43.031] [SEVERE ] removing player 1 token from slot 8
[22:15:43.032] [SEVERE ] player 1 placing token on slot 9
[22:15:43.040] [SEVERE ] setting player 2 freeze to 0
[22:15:43.041] [SEVERE ] setting player 2 freeze to 0
[22:15:43.042] [SEVERE ] setting player 2 freeze to 0
[22:15:43.043] [SEVERE ] setting player 2 freeze to 0
[22:15:43.043] [SEVERE ] removing player 2 token from slot 9
[22:15:43.044] [SEVERE ] player 2 placing token on slot 11
[22:15:43.051] [SEVERE ] setting player 4 freeze to 0
[22:15:43.051] [SEVERE ] setting player 4 freeze to 0
[22:15:43.051] [SEVERE ] setting player 4 freeze to 0
[22:15:43.052] [SEVERE ] setting player 4 freeze to 0
[22:15:43.052] [SEVERE ] removing player 4 token from slot 5
[22:15:43.052] [SEVERE ] player 4 placing token on slot 7
[22:15:43.061] [SEVERE ] setting player 3 freeze to 0
[22:15:43.061] [SEVERE ] setting player 3 freeze to 0
[22:15:43.062] [SEVERE ] setting player 3 freeze to 0
[22:15:43.062] [SEVERE ] setting player 3 freeze to 0
[22:15:43.063] [SEVERE ] removing player 3 token from slot 8
[22:15:43.063] [SEVERE ] player 3 placing token on slot 1
[22:15:43.071] [SEVERE ] setting player 1 freeze to 0
[22:15:43.072] [SEVERE ] setting player 1 freeze to 0
[22:15:43.072] [SEVERE ] setting player 1 freeze to 0
[22:15:43.072] [SEVERE ] setting player 1 freeze to 0
[22:15:43.073] [SEVERE ] removing player 1 token from slot 11
[22:15:43.073] [SEVERE ] removing player 1 token from slot 9
[22:15:43.074] [SEVERE ] player 1 placing token on slot 6
[22:15:43.074] [SEVERE ] player 1 placing token on slot 10
[22:15:43.082] [SEVERE ] setting player 2 freeze to 0
[22:15:43.083] [SEVERE ] setting player 2 freeze to 0
[22:15:43.083] [SEVERE ] setting player 2 freeze to 0
[22:15:43.083] [SEVERE ] setting player 2 freeze to 0
[22:15:43.084] [SEVERE ] removing player 2 token from slot 6
[22:15:43.084] [SEVERE ] player 2 placing token on slot 6
[22:15:43.094] [SEVERE ] setting player 4 freeze to 0
[22:15:43.094] [SEVERE ] setting player 4 freeze to 0
[22:15:43.095] [SEVERE ] setting player 4 freeze to 0
[22:15:43.095] [SEVERE ] setting player 4 freeze to 0
[22:15:43.095] [SEVERE ] removing player 4 token from slot 2
[22:15:43.096] [SEVERE ] player 4 placing token on slot 8
[22:15:43.104] [SEVERE ] setting player 3 freeze to 0
[22:15:43.104] [SEVERE ] setting player 3 freeze to 0
[22:15:43.105] [SEVERE ] setting player 3 freeze to 0
[22:15:43.105] [SEVERE ] setting player 3 freeze to 0
[22:15:43.106] [SEVERE ] removing player 3 token from slot 6
[22:15:43.106] [SEVERE ] removing player 3 token from slot 1
[22:15:43.107] [SEVERE ] player 3 placing token on slot 5
[22:15:43.110] [SEVERE ] removing player 3 token from slot 5
[22:15:43.110] [SEVERE ] player 3 placing token on slot 7
[22:15:43.111] [SEVERE ] player 3 placing token on slot 10
[22:15:43.114] [SEVERE ] setting player 1 freeze to 0
[22:15:43.114] [SEVERE ] setting player 1 freeze to 0
[22:15:43.115] [SEVERE ] setting player 1 freeze to 0
[22:15:43.115] [SEVERE ] setting player 1 freeze to 0
[22:15:43.115] [SEVERE ] removing player 1 token from slot 6
[22:15:43.116] [SEVERE ] player 1 placing token on slot 4
[22:15:43.124] [SEVERE ] setting player 2 freeze to 0
[22:15:43.127] [SEVERE ] setting player 2 freeze to 0
[22:15:43.127] [SEVERE ] setting player 2 freeze to 0
[22:15:43.128] [SEVERE ] setting player 2 freeze to 0
[22:15:43.128] [SEVERE ] removing player 2 token from slot 10
[22:15:43.129] [SEVERE ] player 2 placing token on slot 10
[22:15:43.135] [SEVERE ] setting player 4 freeze to 0
[22:15:43.135] [SEVERE ] setting player 4 freeze to 0
[22:15:43.135] [SEVERE ] setting player 4 freeze to 0
[22:15:43.136] [SEVERE ] setting player 4 freeze to 0
[22:15:43.136] [SEVERE ] removing player 4 token from slot 8
[22:15:43.137] [SEVERE ] player 4 placing token on slot 1
[22:15:43.145] [SEVERE ] setting player 3 freeze to 0
[22:15:43.145] [SEVERE ] setting player 3 freeze to 0
[22:15:43.146] [SEVERE ] setting player 3 freeze to 0
[22:15:43.146] [SEVERE ] setting player 3 freeze to 0
[22:15:43.147] [SEVERE ] removing player 3 token from slot 10
[22:15:43.147] [SEVERE ] removing player 3 token from slot 9
[22:15:43.148] [SEVERE ] removing player 3 token from slot 7
[22:15:43.149] [SEVERE ] player 3 placing token on slot 5
[22:15:43.149] [SEVERE ] player 3 placing token on slot 11
[22:15:43.150] [SEVERE ] player 3 placing token on slot 10
[22:15:43.155] [SEVERE ] setting player 1 freeze to 0
[22:15:43.156] [SEVERE ] setting player 1 freeze to 0
[22:15:43.156] [SEVERE ] setting player 1 freeze to 0
[22:15:43.157] [SEVERE ] setting player 1 freeze to 0
[22:15:43.157] [SEVERE ] removing player 1 token from slot 3
[22:15:43.160] [SEVERE ] player 1 placing token on slot 3
[22:15:43.165] [SEVERE ] setting player 2 freeze to 0
[22:15:43.166] [SEVERE ] setting player 2 freeze to 0
[22:15:43.166] [SEVERE ] setting player 2 freeze to 0
[22:15:43.166] [SEVERE ] setting player 2 freeze to 0
[22:15:43.167] [SEVERE ] removing player 2 token from slot 10
[22:15:43.168] [SEVERE ] player 2 placing token on slot 2
[22:15:43.176] [SEVERE ] setting player 4 freeze to 0
[22:15:43.176] [SEVERE ] setting player 4 freeze to 0
[22:15:43.177] [SEVERE ] setting player 4 freeze to 0
[22:15:43.177] [SEVERE ] setting player 4 freeze to 0
[22:15:43.178] [SEVERE ] removing player 4 token from slot 7
[22:15:43.178] [SEVERE ] player 4 placing token on slot 5
[22:15:43.187] [SEVERE ] setting player 3 freeze to 0
[22:15:43.187] [SEVERE ] setting player 3 freeze to 0
[22:15:43.188] [SEVERE ] setting player 3 freeze to 0
[22:15:43.188] [SEVERE ] setting player 3 freeze to 0
[22:15:43.189] [SEVERE ] removing player 3 token from slot 11
[22:15:43.189] [SEVERE ] player 3 placing token on slot 9
[22:15:43.197] [SEVERE ] setting player 1 freeze to 0
[22:15:43.197] [SEVERE ] setting player 1 freeze to 0
[22:15:43.198] [SEVERE ] setting player 1 freeze to 0
[22:15:43.198] [SEVERE ] setting player 1 freeze to 0
[22:15:43.199] [SEVERE ] removing player 1 token from slot 3
[22:15:43.199] [SEVERE ] player 1 placing token on slot 11
[22:15:43.208] [SEVERE ] setting player 2 freeze to 0
[22:15:43.210] [SEVERE ] setting player 2 freeze to 0
[22:15:43.211] [SEVERE ] setting player 2 freeze to 0
[22:15:43.211] [SEVERE ] setting player 2 freeze to 0
[22:15:43.211] [SEVERE ] removing player 2 token from slot 6
[22:15:43.212] [SEVERE ] removing player 2 token from slot 11
[22:15:43.212] [SEVERE ] player 2 placing token on slot 6
[22:15:43.213] [SEVERE ] player 2 placing token on slot 11
[22:15:43.218] [SEVERE ] setting player 4 freeze to 0
[22:15:43.218] [SEVERE ] setting player 4 freeze to 0
[22:15:43.219] [SEVERE ] setting player 4 freeze to 0
[22:15:43.221] [SEVERE ] setting player 4 freeze to 0
[22:15:43.222] [SEVERE ] removing player 4 token from slot 1
[22:15:43.224] [SEVERE ] player 4 placing token on slot 3
[22:15:43.228] [SEVERE ] setting player 3 freeze to 0
[22:15:43.229] [SEVERE ] setting player 3 freeze to 0
[22:15:43.232] [SEVERE ] setting player 3 freeze to 0
[22:15:43.232] [SEVERE ] setting player 3 freeze to 0
[22:15:43.233] [SEVERE ] removing player 3 token from slot 9
[22:15:43.233] [SEVERE ] removing player 3 token from slot 10
[22:15:43.234] [SEVERE ] removing player 3 token from slot 5
[22:15:43.234] [SEVERE ] player 3 placing token on slot 2
[22:15:43.235] [SEVERE ] player 3 placing token on slot 7
[22:15:43.235] [SEVERE ] removing player 3 token from slot 7
[22:15:43.236] [SEVERE ] player 3 placing token on slot 7
[22:15:43.236] [SEVERE ] player 3 placing token on slot 4
[22:15:43.238] [SEVERE ] setting player 1 freeze to 0
[22:15:43.238] [SEVERE ] setting player 1 freeze to 0
[22:15:43.239] [SEVERE ] setting player 1 freeze to 0
[22:15:43.240] [SEVERE ] setting player 1 freeze to 0
[22:15:43.240] [SEVERE ] removing player 1 token from slot 11
[22:15:43.241] [SEVERE ] player 1 placing token on slot 3
[22:15:43.253] [SEVERE ] setting player 2 freeze to 0
[22:15:43.253] [SEVERE ] setting player 2 freeze to 0
[22:15:43.253] [SEVERE ] setting player 2 freeze to 0
[22:15:43.254] [SEVERE ] setting player 2 freeze to 0
[22:15:43.254] [SEVERE ] removing player 2 token from slot 11
[22:15:43.255] [SEVERE ] player 2 placing token on slot 4
[22:15:43.263] [SEVERE ] setting player 4 freeze to 0
[22:15:43.263] [SEVERE ] setting player 4 freeze to 0
[22:15:43.264] [SEVERE ] setting player 4 freeze to 0
[22:15:43.264] [SEVERE ] setting player 4 freeze to 0
[22:15:43.265] [SEVERE ] removing player 4 token from slot 9
[22:15:43.265] [SEVERE ] player 4 placing token on slot 1
[22:15:43.273] [SEVERE ] setting player 3 freeze to 0
[22:15:43.273] [SEVERE ] setting player 3 freeze to 0
[22:15:43.274] [SEVERE ] setting player 3 freeze to 0
[22:15:43.274] [SEVERE ] setting player 3 freeze to 0
[22:15:43.275] [SEVERE ] removing player 3 token from slot 7
[22:15:43.275] [SEVERE ] player 3 placing token on slot 11
[22:15:43.284] [SEVERE ] setting player 1 freeze to 0
[22:15:43.284] [SEVERE ] setting player 1 freeze to 0
[22:15:43.284] [SEVERE ] setting player 1 freeze to 0
[22:15:43.285] [SEVERE ] setting player 1 freeze to 0
[22:15:43.285] [SEVERE ] removing player 1 token from slot 10
[22:15:43.285] [SEVERE ] player 1 placing token on slot 7
[22:15:43.294] [SEVERE ] setting player 2 freeze to 0
[22:15:43.295] [SEVERE ] setting player 2 freeze to 0
[22:15:43.295] [SEVERE ] setting player 2 freeze to 0
[22:15:43.295] [SEVERE ] setting player 2 freeze to 0
[22:15:43.296] [SEVERE ] removing player 2 token from slot 4
[22:15:43.296] [SEVERE ] player 2 placing token on slot 4
[22:15:43.304] [SEVERE ] setting player 4 freeze to 0
[22:15:43.305] [SEVERE ] setting player 4 freeze to 0
[22:15:43.305] [SEVERE ] setting player 4 freeze to 0
[22:15:43.305] [SEVERE ] setting player 4 freeze to 0
[22:15:43.306] [SEVERE ] removing player 4 token from slot 3
[22:15:43.306] [SEVERE ] player 4 placing token on slot 8
[22:15:43.315] [SEVERE ] setting player 3 freeze to 0
[22:15:43.315] [SEVERE ] setting player 3 freeze to 0
[22:15:43.315] [SEVERE ] setting player 3 freeze to 0
[22:15:43.316] [SEVERE ] setting player 3 freeze to 0
[22:15:43.316] [SEVERE ] removing player 3 token from slot 2
[22:15:43.316] [SEVERE ] player 3 placing token on slot 3
[22:15:43.325] [SEVERE ] setting player 1 freeze to 0
[22:15:43.325] [SEVERE ] setting player 1 freeze to 0
[22:15:43.326] [SEVERE ] setting player 1 freeze to 0
[22:15:43.326] [SEVERE ] setting player 1 freeze to 0
[22:15:43.327] [SEVERE ] removing player 1 token from slot 4
[22:15:43.328] [SEVERE ] removing player 1 token from slot 7
[22:15:43.328] [SEVERE ] player 1 placing token on slot 4
[22:15:43.329] [SEVERE ] player 1 placing token on slot 10
[22:15:43.335] [SEVERE ] setting player 2 freeze to 0
[22:15:43.336] [SEVERE ] setting player 2 freeze to 0
[22:15:43.336] [SEVERE ] setting player 2 freeze to 0
[22:15:43.336] [SEVERE ] setting player 2 freeze to 0
[22:15:43.337] [SEVERE ] removing player 2 token from slot 2
[22:15:43.337] [SEVERE ] removing player 2 token from slot 4
[22:15:43.338] [SEVERE ] player 2 placing token on slot 3
[22:15:43.338] [SEVERE ] player 2 placing token on slot 1
[22:15:43.346] [SEVERE ] setting player 4 freeze to 0
[22:15:43.346] [SEVERE ] setting player 4 freeze to 0
[22:15:43.347] [SEVERE ] setting player 4 freeze to 0
[22:15:43.347] [SEVERE ] setting player 4 freeze to 0
[22:15:43.347] [SEVERE ] removing player 4 token from slot 5
[22:15:43.348] [SEVERE ] player 4 placing token on slot 7
[22:15:43.356] [SEVERE ] setting player 3 freeze to 0
[22:15:43.356] [SEVERE ] setting player 3 freeze to 0
[22:15:43.358] [SEVERE ] setting player 3 freeze to 0
[22:15:43.359] [SEVERE ] setting player 3 freeze to 0
[22:15:43.359] [SEVERE ] removing player 3 token from slot 3
[22:15:43.360] [SEVERE ] player 3 placing token on slot 2
[22:15:43.366] [SEVERE ] setting player 1 freeze to 0
[22:15:43.367] [SEVERE ] setting player 1 freeze to 0
[22:15:43.367] [SEVERE ] setting player 1 freeze to 0
[22:15:43.368] [SEVERE ] setting player 1 freeze to 0
[22:15:43.368] [SEVERE ] removing player 1 token from slot 4
[22:15:43.368] [SEVERE ] removing player 1 token from slot 3
[22:15:43.369] [SEVERE ] removing player 1 token from slot 10
[22:15:43.369] [SEVERE ] player 1 placing token on slot 5
[22:15:43.370] [SEVERE ] player 1 placing token on slot 7
[22:15:43.370] [SEVERE ] player 1 placing token on slot 4
[22:15:43.377] [SEVERE ] setting player 2 freeze to 0
[22:15:43.377] [SEVERE ] setting player 2 freeze to 0
[22:15:43.378] [SEVERE ] setting player 2 freeze to 0
[22:15:43.378] [SEVERE ] setting player 2 freeze to 0
[22:15:43.379] [SEVERE ] removing player 2 token from slot 1
[22:15:43.379] [SEVERE ] player 2 placing token on slot 10
[22:15:43.387] [SEVERE ] setting player 4 freeze to 0
[22:15:43.387] [SEVERE ] setting player 4 freeze to 0
[22:15:43.388] [SEVERE ] setting player 4 freeze to 0
[22:15:43.388] [SEVERE ] setting player 4 freeze to 0
[22:15:43.389] [SEVERE ] removing player 4 token from slot 1
[22:15:43.389] [SEVERE ] removing player 4 token from slot 8
[22:15:43.391] [SEVERE ] removing player 4 token from slot 7
[22:15:43.392] [SEVERE ] player 4 placing token on slot 6
[22:15:43.393] [SEVERE ] player 4 placing token on slot 1
[22:15:43.393] [SEVERE ] player 4 placing token on slot 5
[22:15:43.398] [SEVERE ] setting player 3 freeze to 0
[22:15:43.398] [SEVERE ] setting player 3 freeze to 0
[22:15:43.398] [SEVERE ] setting player 3 freeze to 0
[22:15:43.399] [SEVERE ] setting player 3 freeze to 0
[22:15:43.399] [SEVERE ] removing player 3 token from slot 2
[22:15:43.400] [SEVERE ] player 3 placing token on slot 3
[22:15:43.408] [SEVERE ] setting player 1 freeze to 0
[22:15:43.408] [SEVERE ] setting player 1 freeze to 0
[22:15:43.408] [SEVERE ] setting player 1 freeze to 0
[22:15:43.409] [SEVERE ] setting player 1 freeze to 0
[22:15:43.410] [SEVERE ] removing player 1 token from slot 4
[22:15:43.410] [SEVERE ] removing player 1 token from slot 7
[22:15:43.411] [SEVERE ] player 1 placing token on slot 3
[22:15:43.411] [SEVERE ] player 1 placing token on slot 4
[22:15:43.418] [SEVERE ] setting player 2 freeze to 0
[22:15:43.419] [SEVERE ] setting player 2 freeze to 0
[22:15:43.419] [SEVERE ] setting player 2 freeze to 0
[22:15:43.419] [SEVERE ] setting player 2 freeze to 0
[22:15:43.420] [SEVERE ] removing player 2 token from slot 3
[22:15:43.420] [SEVERE ] removing player 2 token from slot 6
[22:15:43.422] [SEVERE ] player 2 placing token on slot 9
[22:15:43.422] [SEVERE ] player 2 placing token on slot 2
[22:15:43.429] [SEVERE ] setting player 4 freeze to 0
[22:15:43.429] [SEVERE ] setting player 4 freeze to 0
[22:15:43.429] [SEVERE ] setting player 4 freeze to 0
[22:15:43.429] [SEVERE ] setting player 4 freeze to 0
[22:15:43.430] [SEVERE ] removing player 4 token from slot 6
[22:15:43.430] [SEVERE ] player 4 placing token on slot 8
[22:15:43.440] [SEVERE ] setting player 3 freeze to 0
[22:15:43.441] [SEVERE ] setting player 3 freeze to 0
[22:15:43.441] [SEVERE ] setting player 3 freeze to 0
[22:15:43.441] [SEVERE ] setting player 3 freeze to 0
[22:15:43.441] [SEVERE ] removing player 3 token from slot 4
[22:15:43.442] [SEVERE ] player 3 placing token on slot 8
[22:15:43.450] [SEVERE ] setting player 1 freeze to 0
[22:15:43.451] [SEVERE ] setting player 1 freeze to 0
[22:15:43.451] [SEVERE ] setting player 1 freeze to 0
[22:15:43.451] [SEVERE ] setting player 1 freeze to 0
[22:15:43.452] [SEVERE ] removing player 1 token from slot 4
[22:15:43.452] [SEVERE ] player 1 placing token on slot 10
[22:15:43.461] [SEVERE ] setting player 2 freeze to 0
[22:15:43.461] [SEVERE ] setting player 2 freeze to 0
[22:15:43.462] [SEVERE ] setting player 2 freeze to 0
[22:15:43.462] [SEVERE ] setting player 2 freeze to 0
[22:15:43.462] [SEVERE ] removing player 2 token from slot 10
[22:15:43.463] [SEVERE ] player 2 placing token on slot 11
[22:15:43.471] [SEVERE ] setting player 4 freeze to 0
[22:15:43.471] [SEVERE ] setting player 4 freeze to 0
[22:15:43.472] [SEVERE ] setting player 4 freeze to 0
[22:15:43.472] [SEVERE ] setting player 4 freeze to 0
[22:15:43.472] [SEVERE ] removing player 4 token from slot 5
[22:15:43.472] [SEVERE ] player 4 placing token on slot 4
[22:15:43.481] [SEVERE ] setting player 3 freeze to 0
[22:15:43.482] [SEVERE ] setting player 3 freeze to 0
[22:15:43.482] [SEVERE ] setting player 3 freeze to 0
[22:15:43.483] [SEVERE ] setting player 3 freeze to 0
[22:15:43.483] [SEVERE ] removing player 3 token from slot 3
[22:15:43.483] [SEVERE ] removing player 3 token from slot 8
[22:15:43.484] [SEVERE ] removing player 3 token from slot 11
[22:15:43.485] [SEVERE ] player 3 placing token on slot 5
[22:15:43.485] [SEVERE ] player 3 placing token on slot 7
[22:15:43.486] [SEVERE ] player 3 placing token on slot 10
[22:15:43.492] [SEVERE ] setting player 1 freeze to 0
[22:15:43.492] [SEVERE ] setting player 1 freeze to 0
[22:15:43.493] [SEVERE ] setting player 1 freeze to 0
[22:15:43.493] [SEVERE ] setting player 1 freeze to 0
[22:15:43.493] [SEVERE ] removing player 1 token from slot 10
[22:15:43.494] [SEVERE ] player 1 placing token on slot 9
[22:15:43.502] [SEVERE ] setting player 2 freeze to 0
[22:15:43.502] [SEVERE ] setting player 2 freeze to 0
[22:15:43.503] [SEVERE ] setting player 2 freeze to 0
[22:15:43.503] [SEVERE ] setting player 2 freeze to 0
[22:15:43.504] [SEVERE ] removing player 2 token from slot 2
[22:15:43.505] [SEVERE ] removing player 2 token from slot 9
[22:15:43.505] [SEVERE ] player 2 placing token on slot 7
[22:15:43.505] [SEVERE ] removing player 2 token from slot 11
[22:15:43.507] [SEVERE ] player 2 placing token on slot 5
[22:15:43.508] [SEVERE ] removing player 2 token from slot 5
[22:15:43.508] [SEVERE ] player 2 placing token on slot 6
[22:15:43.509] [SEVERE ] player 2 placing token on slot 3
[22:15:43.512] [SEVERE ] setting player 4 freeze to 0
[22:15:43.512] [SEVERE ] setting player 4 freeze to 0
[22:15:43.513] [SEVERE ] setting player 4 freeze to 0
[22:15:43.513] [SEVERE ] setting player 4 freeze to 0
[22:15:43.514] [SEVERE ] removing player 4 token from slot 1
[22:15:43.514] [SEVERE ] player 4 placing token on slot 7
[22:15:43.522] [SEVERE ] setting player 3 freeze to 0
[22:15:43.523] [SEVERE ] setting player 3 freeze to 0
[22:15:43.523] [SEVERE ] setting player 3 freeze to 0
[22:15:43.524] [SEVERE ] setting player 3 freeze to 0
[22:15:43.524] [SEVERE ] removing player 3 token from slot 7
[22:15:43.525] [SEVERE ] player 3 placing token on slot 2
[22:15:43.533] [SEVERE ] setting player 1 freeze to 0
[22:15:43.533] [SEVERE ] setting player 1 freeze to 0
[22:15:43.533] [SEVERE ] setting player 1 freeze to 0
[22:15:43.534] [SEVERE ] setting player 1 freeze to 0
[22:15:43.534] [SEVERE ] removing player 1 token from slot 9
[22:15:43.535] [SEVERE ] player 1 placing token on slot 1
[22:15:43.543] [SEVERE ] setting player 2 freeze to 0
[22:15:43.543] [SEVERE ] setting player 2 freeze to 0
[22:15:43.544] [SEVERE ] setting player 2 freeze to 0
[22:15:43.544] [SEVERE ] setting player 2 freeze to 0
[22:15:43.544] [SEVERE ] removing player 2 token from slot 3
[22:15:43.545] [SEVERE ] player 2 placing token on slot 2
[22:15:43.553] [SEVERE ] setting player 4 freeze to 0
[22:15:43.553] [SEVERE ] setting player 4 freeze to 0
[22:15:43.554] [SEVERE ] setting player 4 freeze to 0
[22:15:43.554] [SEVERE ] setting player 4 freeze to 0
[22:15:43.555] [SEVERE ] removing player 4 token from slot 8
[22:15:43.555] [SEVERE ] player 4 placing token on slot 1
[22:15:43.563] [SEVERE ] setting player 3 freeze to 0
[22:15:43.564] [SEVERE ] setting player 3 freeze to 0
[22:15:43.564] [SEVERE ] setting player 3 freeze to 0
[22:15:43.564] [SEVERE ] setting player 3 freeze to 0
[22:15:43.565] [SEVERE ] removing player 3 token from slot 5
[22:15:43.565] [SEVERE ] player 3 placing token on slot 6
[22:15:43.574] [SEVERE ] setting player 1 freeze to 0
[22:15:43.574] [SEVERE ] setting player 1 freeze to 0
[22:15:43.575] [SEVERE ] setting player 1 freeze to 0
[22:15:43.575] [SEVERE ] setting player 1 freeze to 0
[22:15:43.576] [SEVERE ] removing player 1 token from slot 5
[22:15:43.576] [SEVERE ] removing player 1 token from slot 3
[22:15:43.576] [SEVERE ] removing player 1 token from slot 1
[22:15:43.577] [SEVERE ] player 1 placing token on slot 5
[22:15:43.577] [SEVERE ] player 1 placing token on slot 4
[22:15:43.578] [SEVERE ] player 1 placing token on slot 2
[22:15:43.584] [SEVERE ] setting player 2 freeze to 0
[22:15:43.584] [SEVERE ] setting player 2 freeze to 0
[22:15:43.585] [SEVERE ] setting player 2 freeze to 0
[22:15:43.585] [SEVERE ] setting player 2 freeze to 0
[22:15:43.586] [SEVERE ] removing player 2 token from slot 6
[22:15:43.586] [SEVERE ] player 2 placing token on slot 10
[22:15:43.594] [SEVERE ] setting player 4 freeze to 0
[22:15:43.595] [SEVERE ] setting player 4 freeze to 0
[22:15:43.595] [SEVERE ] setting player 4 freeze to 0
[22:15:43.596] [SEVERE ] setting player 4 freeze to 0
[22:15:43.596] [SEVERE ] removing player 4 token from slot 4
[22:15:43.596] [SEVERE ] player 4 placing token on slot 4
[22:15:43.605] [SEVERE ] setting player 3 freeze to 0
[22:15:43.605] [SEVERE ] setting player 3 freeze to 0
[22:15:43.605] [SEVERE ] setting player 3 freeze to 0
[22:15:43.606] [SEVERE ] setting player 3 freeze to 0
[22:15:43.606] [SEVERE ] removing player 3 token from slot 6
[22:15:43.607] [SEVERE ] player 3 placing token on slot 5
[22:15:43.618] [SEVERE ] setting player 1 freeze to 0
[22:15:43.618] [SEVERE ] setting player 1 freeze to 0
[22:15:43.619] [SEVERE ] setting player 1 freeze to 0
[22:15:43.619] [SEVERE ] setting player 1 freeze to 0
[22:15:43.620] [SEVERE ] removing player 1 token from slot 5
[22:15:43.620] [SEVERE ] player 1 placing token on slot 9
[22:15:43.628] [SEVERE ] setting player 2 freeze to 0
[22:15:43.628] [SEVERE ] setting player 2 freeze to 0
[22:15:43.629] [SEVERE ] setting player 2 freeze to 0
[22:15:43.629] [SEVERE ] setting player 2 freeze to 0
[22:15:43.630] [SEVERE ] removing player 2 token from slot 10
[22:15:43.630] [SEVERE ] player 2 placing token on slot 1
[22:15:43.639] [SEVERE ] setting player 4 freeze to 0
[22:15:43.639] [SEVERE ] setting player 4 freeze to 0
[22:15:43.639] [SEVERE ] setting player 4 freeze to 0
[22:15:43.640] [SEVERE ] setting player 4 freeze to 0
[22:15:43.640] [SEVERE ] removing player 4 token from slot 7
[22:15:43.640] [SEVERE ] player 4 placing token on slot 2
[22:15:43.649] [SEVERE ] setting player 3 freeze to 0
[22:15:43.649] [SEVERE ] setting player 3 freeze to 0
[22:15:43.649] [SEVERE ] setting player 3 freeze to 0
[22:15:43.650] [SEVERE ] setting player 3 freeze to 0
[22:15:43.650] [SEVERE ] removing player 3 token from slot 2
[22:15:43.651] [SEVERE ] player 3 placing token on slot 9
[22:15:43.659] [SEVERE ] setting player 1 freeze to 0
[22:15:43.660] [SEVERE ] setting player 1 freeze to 0
[22:15:43.660] [SEVERE ] setting player 1 freeze to 0
[22:15:43.661] [SEVERE ] setting player 1 freeze to 0
[22:15:43.661] [SEVERE ] removing player 1 token from slot 2
[22:15:43.662] [SEVERE ] player 1 placing token on slot 7
[22:15:43.669] [SEVERE ] setting player 2 freeze to 0
[22:15:43.669] [SEVERE ] setting player 2 freeze to 0
[22:15:43.670] [SEVERE ] setting player 2 freeze to 0
[22:15:43.670] [SEVERE ] setting player 2 freeze to 0
[22:15:43.671] [SEVERE ] removing player 2 token from slot 1
[22:15:43.671] [SEVERE ] player 2 placing token on slot 5
[22:15:43.680] [SEVERE ] setting player 4 freeze to 0
[22:15:43.680] [SEVERE ] setting player 4 freeze to 0
[22:15:43.681] [SEVERE ] setting player 4 freeze to 0
[22:15:43.681] [SEVERE ] setting player 4 freeze to 0
[22:15:43.681] [SEVERE ] removing player 4 token from slot 1
[22:15:43.682] [SEVERE ] removing player 4 token from slot 2
[22:15:43.682] [SEVERE ] removing player 4 token from slot 4
[22:15:43.683] [SEVERE ] player 4 placing token on slot 4
[22:15:43.683] [SEVERE ] player 4 placing token on slot 3
[22:15:43.684] [SEVERE ] player 4 placing token on slot 9
[22:15:43.690] [SEVERE ] setting player 3 freeze to 0
[22:15:43.690] [SEVERE ] setting player 3 freeze to 0
[22:15:43.691] [SEVERE ] setting player 3 freeze to 0
[22:15:43.691] [SEVERE ] setting player 3 freeze to 0
[22:15:43.691] [SEVERE ] removing player 3 token from slot 5
[22:15:43.692] [SEVERE ] player 3 placing token on slot 8
[22:15:43.700] [SEVERE ] setting player 1 freeze to 0
[22:15:43.701] [SEVERE ] setting player 1 freeze to 0
[22:15:43.701] [SEVERE ] setting player 1 freeze to 0
[22:15:43.701] [SEVERE ] setting player 1 freeze to 0
[22:15:43.702] [SEVERE ] removing player 1 token from slot 4
[22:15:43.702] [SEVERE ] player 1 placing token on slot 10
[22:15:43.711] [SEVERE ] setting player 2 freeze to 0
[22:15:43.711] [SEVERE ] setting player 2 freeze to 0
[22:15:43.711] [SEVERE ] setting player 2 freeze to 0
[22:15:43.712] [SEVERE ] setting player 2 freeze to 0
[22:15:43.712] [SEVERE ] removing player 2 token from slot 5
[22:15:43.713] [SEVERE ] player 2 placing token on slot 5
[22:15:43.721] [SEVERE ] setting player 4 freeze to 0
[22:15:43.721] [SEVERE ] setting player 4 freeze to 0
[22:15:43.721] [SEVERE ] setting player 4 freeze to 0
[22:15:43.722] [SEVERE ] setting player 4 freeze to 0
[22:15:43.722] [SEVERE ] removing player 4 token from slot 3
[22:15:43.723] [SEVERE ] player 4 placing token on slot 2
[22:15:43.731] [SEVERE ] setting player 3 freeze to 0
[22:15:43.731] [SEVERE ] setting player 3 freeze to 0
[22:15:43.732] [SEVERE ] setting player 3 freeze to 0
[22:15:43.732] [SEVERE ] setting player 3 freeze to 0
[22:15:43.732] [SEVERE ] removing player 3 token from slot 9
[22:15:43.733] [SEVERE ] removing player 3 token from slot 8
[22:15:43.733] [SEVERE ] player 3 placing token on slot 2
[22:15:43.733] [SEVERE ] player 3 placing token on slot 1
[22:15:43.741] [SEVERE ] setting player 1 freeze to 0
[22:15:43.742] [SEVERE ] setting player 1 freeze to 0
[22:15:43.742] [SEVERE ] setting player 1 freeze to 0
[22:15:43.742] [SEVERE ] setting player 1 freeze to 0
[22:15:43.742] [SEVERE ] removing player 1 token from slot 9
[22:15:43.743] [SEVERE ] player 1 placing token on slot 9
[22:15:43.752] [SEVERE ] setting player 2 freeze to 0
[22:15:43.752] [SEVERE ] setting player 2 freeze to 0
[22:15:43.752] [SEVERE ] setting player 2 freeze to 0
[22:15:43.752] [SEVERE ] setting player 2 freeze to 0
[22:15:43.752] [SEVERE ] removing player 2 token from slot 5
[22:15:43.753] [SEVERE ] removing player 2 token from slot 7
[22:15:43.753] [SEVERE ] player 2 placing token on slot 1
[22:15:43.754] [SEVERE ] player 2 placing token on slot 8
[22:15:43.762] [SEVERE ] setting player 4 freeze to 0
[22:15:43.762] [SEVERE ] setting player 4 freeze to 0
[22:15:43.762] [SEVERE ] setting player 4 freeze to 0
[22:15:43.763] [SEVERE ] setting player 4 freeze to 0
[22:15:43.763] [SEVERE ] removing player 4 token from slot 2
[22:15:43.763] [SEVERE ] player 4 placing token on slot 10
[22:15:43.773] [SEVERE ] setting player 3 freeze to 0
[22:15:43.774] [SEVERE ] setting player 3 freeze to 0
[22:15:43.774] [SEVERE ] setting player 3 freeze to 0
[22:15:43.774] [SEVERE ] setting player 3 freeze to 0
[22:15:43.775] [SEVERE ] removing player 3 token from slot 10
[22:15:43.775] [SEVERE ] player 3 placing token on slot 10
[22:15:43.783] [SEVERE ] setting player 1 freeze to 0
[22:15:43.783] [SEVERE ] setting player 1 freeze to 0
[22:15:43.784] [SEVERE ] setting player 1 freeze to 0
[22:15:43.784] [SEVERE ] setting player 1 freeze to 0
[22:15:43.784] [SEVERE ] removing player 1 token from slot 10
[22:15:43.785] [SEVERE ] player 1 placing token on slot 11
[22:15:43.793] [SEVERE ] setting player 2 freeze to 0
[22:15:43.793] [SEVERE ] setting player 2 freeze to 0
[22:15:43.794] [SEVERE ] setting player 2 freeze to 0
[22:15:43.794] [SEVERE ] setting player 2 freeze to 0
[22:15:43.794] [SEVERE ] removing player 2 token from slot 2
[22:15:43.795] [SEVERE ] player 2 placing token on slot 7
[22:15:43.804] [SEVERE ] setting player 4 freeze to 0
[22:15:43.804] [SEVERE ] setting player 4 freeze to 0
[22:15:43.804] [SEVERE ] setting player 4 freeze to 0
[22:15:43.805] [SEVERE ] setting player 4 freeze to 0
[22:15:43.805] [SEVERE ] removing player 4 token from slot 9
[22:15:43.805] [SEVERE ] player 4 placing token on slot 7
[22:15:43.814] [SEVERE ] setting player 3 freeze to 0
[22:15:43.814] [SEVERE ] setting player 3 freeze to 0
[22:15:43.814] [SEVERE ] setting player 3 freeze to 0
[22:15:43.814] [SEVERE ] setting player 3 freeze to 0
[22:15:43.815] [SEVERE ] removing player 3 token from slot 2
[22:15:43.815] [SEVERE ] player 3 placing token on slot 4
[22:15:43.824] [SEVERE ] setting player 1 freeze to 0
[22:15:43.824] [SEVERE ] setting player 1 freeze to 0
[22:15:43.825] [SEVERE ] setting player 1 freeze to 0
[22:15:43.825] [SEVERE ] setting player 1 freeze to 0
[22:15:43.826] [SEVERE ] removing player 1 token from slot 7
[22:15:43.826] [SEVERE ] player 1 placing token on slot 2
[22:15:43.834] [SEVERE ] setting player 2 freeze to 0
[22:15:43.834] [SEVERE ] setting player 2 freeze to 0
[22:15:43.835] [SEVERE ] setting player 2 freeze to 0
[22:15:43.835] [SEVERE ] setting player 2 freeze to 0
[22:15:43.836] [SEVERE ] removing player 2 token from slot 8
[22:15:43.836] [SEVERE ] player 2 placing token on slot 5
[22:15:43.845] [SEVERE ] setting player 4 freeze to 0
[22:15:43.845] [SEVERE ] setting player 4 freeze to 0
[22:15:43.845] [SEVERE ] setting player 4 freeze to 0
[22:15:43.846] [SEVERE ] setting player 4 freeze to 0
[22:15:43.846] [SEVERE ] removing player 4 token from slot 10
[22:15:43.846] [SEVERE ] player 4 placing token on slot 6
[22:15:43.855] [SEVERE ] setting player 3 freeze to 0
[22:15:43.855] [SEVERE ] setting player 3 freeze to 0
[22:15:43.855] [SEVERE ] setting player 3 freeze to 0
[22:15:43.856] [SEVERE ] setting player 3 freeze to 0
[22:15:43.856] [SEVERE ] removing player 3 token from slot 1
[22:15:43.857] [SEVERE ] player 3 placing token on slot 6
[22:15:43.865] [SEVERE ] setting player 1 freeze to 0
[22:15:43.865] [SEVERE ] setting player 1 freeze to 0
[22:15:43.866] [SEVERE ] setting player 1 freeze to 0
[22:15:43.866] [SEVERE ] setting player 1 freeze to 0
[22:15:43.866] [SEVERE ] removing player 1 token from slot 2
[22:15:43.867] [SEVERE ] player 1 placing token on slot 6
[22:15:43.875] [SEVERE ] setting player 2 freeze to 0
[22:15:43.876] [SEVERE ] setting player 2 freeze to 0
[22:15:43.876] [SEVERE ] setting player 2 freeze to 0
[22:15:43.877] [SEVERE ] setting player 2 freeze to 0
[22:15:43.877] [SEVERE ] removing player 2 token from slot 7
[22:15:43.878] [SEVERE ] player 2 placing token on slot 8
[22:15:43.886] [SEVERE ] setting player 4 freeze to 0
[22:15:43.886] [SEVERE ] setting player 4 freeze to 0
[22:15:43.886] [SEVERE ] setting player 4 freeze to 0
[22:15:43.887] [SEVERE ] setting player 4 freeze to 0
[22:15:43.887] [SEVERE ] removing player 4 token from slot 6
[22:15:43.887] [SEVERE ] player 4 placing token on slot 10
[22:15:43.896] [SEVERE ] setting player 3 freeze to 0
[22:15:43.896] [SEVERE ] setting player 3 freeze to 0
[22:15:43.897] [SEVERE ] setting player 3 freeze to 0
[22:15:43.897] [SEVERE ] setting player 3 freeze to 0
[22:15:43.897] [SEVERE ] removing player 3 token from slot 4
[22:15:43.898] [SEVERE ] removing player 3 token from slot 10
[22:15:43.898] [SEVERE ] removing player 3 token from slot 6
[22:15:43.899] [SEVERE ] player 3 placing token on slot 9
[22:15:43.899] [SEVERE ] player 3 placing token on slot 5
[22:15:43.899] [SEVERE ] player 3 placing token on slot 2
[22:15:43.906] [SEVERE ] setting player 1 freeze to 0
[22:15:43.907] [SEVERE ] setting player 1 freeze to 0
[22:15:43.907] [SEVERE ] setting player 1 freeze to 0
[22:15:43.907] [SEVERE ] setting player 1 freeze to 0
[22:15:43.908] [SEVERE ] removing player 1 token from slot 6
[22:15:43.908] [SEVERE ] player 1 placing token on slot 8
[22:15:43.916] [SEVERE ] setting player 2 freeze to 0
[22:15:43.916] [SEVERE ] setting player 2 freeze to 0
[22:15:43.917] [SEVERE ] setting player 2 freeze to 0
[22:15:43.917] [SEVERE ] setting player 2 freeze to 0
[22:15:43.918] [SEVERE ] removing player 2 token from slot 5
[22:15:43.919] [SEVERE ] player 2 placing token on slot 7
[22:15:43.927] [SEVERE ] setting player 4 freeze to 0
[22:15:43.927] [SEVERE ] setting player 4 freeze to 0
[22:15:43.927] [SEVERE ] setting player 4 freeze to 0
[22:15:43.928] [SEVERE ] setting player 4 freeze to 0
[22:15:43.928] [SEVERE ] removing player 4 token from slot 10
[22:15:43.929] [SEVERE ] player 4 placing token on slot 10
[22:15:43.937] [SEVERE ] setting player 3 freeze to 0
[22:15:43.937] [SEVERE ] setting player 3 freeze to 0
[22:15:43.938] [SEVERE ] setting player 3 freeze to 0
[22:15:43.938] [SEVERE ] setting player 3 freeze to 0
[22:15:43.939] [SEVERE ] removing player 3 token from slot 5
[22:15:43.939] [SEVERE ] player 3 placing token on slot 6
[22:15:43.947] [SEVERE ] setting player 1 freeze to 0
[22:15:43.948] [SEVERE ] setting player 1 freeze to 0
[22:15:43.948] [SEVERE ] setting player 1 freeze to 0
[22:15:43.948] [SEVERE ] setting player 1 freeze to 0
[22:15:43.949] [SEVERE ] removing player 1 token from slot 8
[22:15:43.949] [SEVERE ] player 1 placing token on slot 8
[22:15:43.958] [SEVERE ] setting player 2 freeze to 0
[22:15:43.958] [SEVERE ] setting player 2 freeze to 0
[22:15:43.958] [SEVERE ] setting player 2 freeze to 0
[22:15:43.959] [SEVERE ] setting player 2 freeze to 0
[22:15:43.959] [SEVERE ] removing player 2 token from slot 8
[22:15:43.960] [SEVERE ] player 2 placing token on slot 2
[22:15:43.968] [SEVERE ] setting player 4 freeze to 0
[22:15:43.969] [SEVERE ] setting player 4 freeze to 0
[22:15:43.969] [SEVERE ] setting player 4 freeze to 0
[22:15:43.969] [SEVERE ] setting player 4 freeze to 0
[22:15:43.970] [SEVERE ] removing player 4 token from slot 7
[22:15:43.970] [SEVERE ] removing player 4 token from slot 10
[22:15:43.971] [SEVERE ] player 4 placing token on slot 7
[22:15:43.971] [SEVERE ] player 4 placing token on slot 11
[22:15:43.979] [SEVERE ] setting player 3 freeze to 0
[22:15:43.979] [SEVERE ] setting player 3 freeze to 0
[22:15:43.979] [SEVERE ] setting player 3 freeze to 0
[22:15:43.980] [SEVERE ] setting player 3 freeze to 0
[22:15:43.980] [SEVERE ] removing player 3 token from slot 6
[22:15:43.981] [SEVERE ] player 3 placing token on slot 7
[22:15:43.989] [SEVERE ] setting player 1 freeze to 0
[22:15:43.989] [SEVERE ] setting player 1 freeze to 0
[22:15:43.990] [SEVERE ] setting player 1 freeze to 0
[22:15:43.990] [SEVERE ] setting player 1 freeze to 0
[22:15:43.991] [SEVERE ] removing player 1 token from slot 8
[22:15:43.991] [SEVERE ] removing player 1 token from slot 11
[22:15:43.992] [SEVERE ] player 1 placing token on slot 8
[22:15:43.992] [SEVERE ] player 1 placing token on slot 5
[22:15:44.000] [SEVERE ] setting player 2 freeze to 0
[22:15:44.000] [SEVERE ] setting player 2 freeze to 0
[22:15:44.001] [SEVERE ] setting player 2 freeze to 0
[22:15:44.001] [SEVERE ] setting player 2 freeze to 0
[22:15:44.002] [SEVERE ] removing player 2 token from slot 2
[22:15:44.002] [SEVERE ] player 2 placing token on slot 9
[22:15:44.010] [SEVERE ] setting player 4 freeze to 0
[22:15:44.011] [SEVERE ] setting player 4 freeze to 0
[22:15:44.011] [SEVERE ] setting player 4 freeze to 0
[22:15:44.011] [SEVERE ] setting player 4 freeze to 0
[22:15:44.012] [SEVERE ] removing player 4 token from slot 4
[22:15:44.012] [SEVERE ] player 4 placing token on slot 10
[22:15:44.021] [SEVERE ] setting player 3 freeze to 0
[22:15:44.021] [SEVERE ] setting player 3 freeze to 0
[22:15:44.021] [SEVERE ] setting player 3 freeze to 0
[22:15:44.022] [SEVERE ] setting player 3 freeze to 0
[22:15:44.022] [SEVERE ] removing player 3 token from slot 7
[22:15:44.023] [SEVERE ] player 3 placing token on slot 11
[22:15:44.031] [SEVERE ] setting player 1 freeze to 0
[22:15:44.031] [SEVERE ] setting player 1 freeze to 0
[22:15:44.032] [SEVERE ] setting player 1 freeze to 0
[22:15:44.032] [SEVERE ] setting player 1 freeze to 0
[22:15:44.033] [SEVERE ] removing player 1 token from slot 8
[22:15:44.033] [SEVERE ] removing player 1 token from slot 5
[22:15:44.033] [SEVERE ] removing player 1 token from slot 9
[22:15:44.034] [SEVERE ] player 1 placing token on slot 7
[22:15:44.034] [SEVERE ] player 1 placing token on slot 6
[22:15:44.035] [SEVERE ] player 1 placing token on slot 1
[22:15:44.041] [SEVERE ] setting player 2 freeze to 0
[22:15:44.042] [SEVERE ] setting player 2 freeze to 0
[22:15:44.042] [SEVERE ] setting player 2 freeze to 0
[22:15:44.043] [SEVERE ] setting player 2 freeze to 0
[22:15:44.043] [SEVERE ] removing player 2 token from slot 7
[22:15:44.044] [SEVERE ] player 2 placing token on slot 8
[22:15:44.052] [SEVERE ] setting player 4 freeze to 0
[22:15:44.052] [SEVERE ] setting player 4 freeze to 0
[22:15:44.052] [SEVERE ] setting player 4 freeze to 0
[22:15:44.053] [SEVERE ] setting player 4 freeze to 0
[22:15:44.053] [SEVERE ] removing player 4 token from slot 11
[22:15:44.054] [SEVERE ] player 4 placing token on slot 11
[22:15:44.062] [SEVERE ] setting player 3 freeze to 0
[22:15:44.062] [SEVERE ] setting player 3 freeze to 0
[22:15:44.063] [SEVERE ] setting player 3 freeze to 0
[22:15:44.063] [SEVERE ] setting player 3 freeze to 0
[22:15:44.063] [SEVERE ] removing player 3 token from slot 9
[22:15:44.064] [SEVERE ] removing player 3 token from slot 11
[22:15:44.064] [SEVERE ] player 3 placing token on slot 7
[22:15:44.065] [SEVERE ] player 3 placing token on slot 11
[22:15:44.072] [SEVERE ] setting player 1 freeze to 0
[22:15:44.073] [SEVERE ] setting player 1 freeze to 0
[22:15:44.073] [SEVERE ] setting player 1 freeze to 0
[22:15:44.073] [SEVERE ] setting player 1 freeze to 0
[22:15:44.074] [SEVERE ] removing player 1 token from slot 1
[22:15:44.074] [SEVERE ] player 1 placing token on slot 10
[22:15:44.083] [SEVERE ] setting player 2 freeze to 0
[22:15:44.083] [SEVERE ] setting player 2 freeze to 0
[22:15:44.083] [SEVERE ] setting player 2 freeze to 0
[22:15:44.084] [SEVERE ] setting player 2 freeze to 0
[22:15:44.084] [SEVERE ] removing player 2 token from slot 1
[22:15:44.085] [SEVERE ] player 2 placing token on slot 2
[22:15:44.093] [SEVERE ] setting player 4 freeze to 0
[22:15:44.093] [SEVERE ] setting player 4 freeze to 0
[22:15:44.094] [SEVERE ] setting player 4 freeze to 0
[22:15:44.094] [SEVERE ] setting player 4 freeze to 0
[22:15:44.095] [SEVERE ] removing player 4 token from slot 11
[22:15:44.095] [SEVERE ] removing player 4 token from slot 7
[22:15:44.096] [SEVERE ] player 4 placing token on slot 8
[22:15:44.096] [SEVERE ] player 4 placing token on slot 7
[22:15:44.104] [SEVERE ] setting player 3 freeze to 0
[22:15:44.104] [SEVERE ] setting player 3 freeze to 0
[22:15:44.104] [SEVERE ] setting player 3 freeze to 0
[22:15:44.105] [SEVERE ] setting player 3 freeze to 0
[22:15:44.105] [SEVERE ] removing player 3 token from slot 2
[22:15:44.106] [SEVERE ] player 3 placing token on slot 1
[22:15:44.114] [SEVERE ] setting player 1 freeze to 0
[22:15:44.114] [SEVERE ] setting player 1 freeze to 0
[22:15:44.115] [SEVERE ] setting player 1 freeze to 0
[22:15:44.115] [SEVERE ] setting player 1 freeze to 0
[22:15:44.116] [SEVERE ] removing player 1 token from slot 10
[22:15:44.116] [SEVERE ] removing player 1 token from slot 7
[22:15:44.116] [SEVERE ] player 1 placing token on slot 3
[22:15:44.117] [SEVERE ] player 1 placing token on slot 10
[22:15:44.124] [SEVERE ] setting player 2 freeze to 0
[22:15:44.125] [SEVERE ] setting player 2 freeze to 0
[22:15:44.125] [SEVERE ] setting player 2 freeze to 0
[22:15:44.126] [SEVERE ] setting player 2 freeze to 0
[22:15:44.126] [SEVERE ] removing player 2 token from slot 8
[22:15:44.127] [SEVERE ] player 2 placing token on slot 11
[22:15:44.135] [SEVERE ] setting player 4 freeze to 0
[22:15:44.135] [SEVERE ] setting player 4 freeze to 0
[22:15:44.135] [SEVERE ] setting player 4 freeze to 0
[22:15:44.136] [SEVERE ] setting player 4 freeze to 0
[22:15:44.136] [SEVERE ] removing player 4 token from slot 8
[22:15:44.137] [SEVERE ] removing player 4 token from slot 7
[22:15:44.137] [SEVERE ] player 4 placing token on slot 11
[22:15:44.138] [SEVERE ] player 4 placing token on slot 9
[22:15:44.145] [SEVERE ] setting player 3 freeze to 0
[22:15:44.145] [SEVERE ] setting player 3 freeze to 0
[22:15:44.146] [SEVERE ] setting player 3 freeze to 0
[22:15:44.146] [SEVERE ] setting player 3 freeze to 0
[22:15:44.147] [SEVERE ] removing player 3 token from slot 1
[22:15:44.147] [SEVERE ] player 3 placing token on slot 9
[22:15:44.155] [SEVERE ] setting player 1 freeze to 0
[22:15:44.156] [SEVERE ] setting player 1 freeze to 0
[22:15:44.156] [SEVERE ] setting player 1 freeze to 0
[22:15:44.156] [SEVERE ] setting player 1 freeze to 0
[22:15:44.157] [SEVERE ] removing player 1 token from slot 10
[22:15:44.157] [SEVERE ] player 1 placing token on slot 10
[22:15:44.165] [SEVERE ] setting player 2 freeze to 0
[22:15:44.165] [SEVERE ] setting player 2 freeze to 0
[22:15:44.166] [SEVERE ] setting player 2 freeze to 0
[22:15:44.166] [SEVERE ] setting player 2 freeze to 0
[22:15:44.167] [SEVERE ] removing player 2 token from slot 11
[22:15:44.167] [SEVERE ] removing player 2 token from slot 2
[22:15:44.168] [SEVERE ] player 2 placing token on slot 6
[22:15:44.168] [SEVERE ] player 2 placing token on slot 7
[22:15:44.176] [SEVERE ] setting player 4 freeze to 0
[22:15:44.176] [SEVERE ] setting player 4 freeze to 0
[22:15:44.176] [SEVERE ] setting player 4 freeze to 0
[22:15:44.177] [SEVERE ] setting player 4 freeze to 0
[22:15:44.177] [SEVERE ] removing player 4 token from slot 11
[22:15:44.177] [SEVERE ] player 4 placing token on slot 4
[22:15:44.186] [SEVERE ] setting player 3 freeze to 0
[22:15:44.186] [SEVERE ] setting player 3 freeze to 0
[22:15:44.186] [SEVERE ] setting player 3 freeze to 0
[22:15:44.187] [SEVERE ] setting player 3 freeze to 0
[22:15:44.187] [SEVERE ] removing player 3 token from slot 11
[22:15:44.188] [SEVERE ] removing player 3 token from slot 9
[22:15:44.188] [SEVERE ] player 3 placing token on slot 8
[22:15:44.189] [SEVERE ] player 3 placing token on slot 1
[22:15:44.196] [SEVERE ] setting player 1 freeze to 0
[22:15:44.196] [SEVERE ] setting player 1 freeze to 0
[22:15:44.197] [SEVERE ] setting player 1 freeze to 0
[22:15:44.197] [SEVERE ] setting player 1 freeze to 0
[22:15:44.197] [SEVERE ] removing player 1 token from slot 3
[22:15:44.198] [SEVERE ] player 1 placing token on slot 1
[22:15:44.206] [SEVERE ] setting player 2 freeze to 0
[22:15:44.207] [SEVERE ] setting player 2 freeze to 0
[22:15:44.207] [SEVERE ] setting player 2 freeze to 0
[22:15:44.207] [SEVERE ] setting player 2 freeze to 0
[22:15:44.208] [SEVERE ] removing player 2 token from slot 9
[22:15:44.208] [SEVERE ] player 2 placing token on slot 8
[22:15:44.216] [SEVERE ] setting player 4 freeze to 0
[22:15:44.217] [SEVERE ] setting player 4 freeze to 0
[22:15:44.217] [SEVERE ] setting player 4 freeze to 0
[22:15:44.218] [SEVERE ] setting player 4 freeze to 0
[22:15:44.218] [SEVERE ] removing player 4 token from slot 4
[22:15:44.218] [SEVERE ] player 4 placing token on slot 7
[22:15:44.227] [SEVERE ] setting player 3 freeze to 0
[22:15:44.227] [SEVERE ] setting player 3 freeze to 0
[22:15:44.227] [SEVERE ] setting player 3 freeze to 0
[22:15:44.228] [SEVERE ] setting player 3 freeze to 0
[22:15:44.228] [SEVERE ] removing player 3 token from slot 7
[22:15:44.229] [SEVERE ] player 3 placing token on slot 4
[22:15:44.237] [SEVERE ] setting player 1 freeze to 0
[22:15:44.237] [SEVERE ] setting player 1 freeze to 0
[22:15:44.237] [SEVERE ] setting player 1 freeze to 0
[22:15:44.238] [SEVERE ] setting player 1 freeze to 0
[22:15:44.238] [SEVERE ] removing player 1 token from slot 6
[22:15:44.239] [SEVERE ] removing player 1 token from slot 10
[22:15:44.240] [SEVERE ] player 1 placing token on slot 8
[22:15:44.241] [SEVERE ] player 1 placing token on slot 10
[22:15:44.247] [SEVERE ] setting player 2 freeze to 0
[22:15:44.247] [SEVERE ] setting player 2 freeze to 0
[22:15:44.247] [SEVERE ] setting player 2 freeze to 0
[22:15:44.248] [SEVERE ] setting player 2 freeze to 0
[22:15:44.248] [SEVERE ] removing player 2 token from slot 7
[22:15:44.249] [SEVERE ] player 2 placing token on slot 7
[22:15:44.257] [SEVERE ] setting player 4 freeze to 0
[22:15:44.258] [SEVERE ] setting player 4 freeze to 0
[22:15:44.258] [SEVERE ] setting player 4 freeze to 0
[22:15:44.259] [SEVERE ] setting player 4 freeze to 0
[22:15:44.259] [SEVERE ] removing player 4 token from slot 10
[22:15:44.259] [SEVERE ] removing player 4 token from slot 9
[22:15:44.260] [SEVERE ] player 4 placing token on slot 3
[22:15:44.260] [SEVERE ] player 4 placing token on slot 1
[22:15:44.268] [SEVERE ] setting player 3 freeze to 0
[22:15:44.268] [SEVERE ] setting player 3 freeze to 0
[22:15:44.268] [SEVERE ] setting player 3 freeze to 0
[22:15:44.269] [SEVERE ] setting player 3 freeze to 0
[22:15:44.269] [SEVERE ] removing player 3 token from slot 8
[22:15:44.270] [SEVERE ] player 3 placing token on slot 5
[22:15:44.278] [SEVERE ] setting player 1 freeze to 0
[22:15:44.278] [SEVERE ] setting player 1 freeze to 0
[22:15:44.278] [SEVERE ] setting player 1 freeze to 0
[22:15:44.279] [SEVERE ] setting player 1 freeze to 0
[22:15:44.279] [SEVERE ] removing player 1 token from slot 8
[22:15:44.280] [SEVERE ] removing player 1 token from slot 10
[22:15:44.280] [SEVERE ] removing player 1 token from slot 1
[22:15:44.281] [SEVERE ] player 1 placing token on slot 9
[22:15:44.281] [SEVERE ] player 1 placing token on slot 4
[22:15:44.282] [SEVERE ] player 1 placing token on slot 6
[22:15:44.288] [SEVERE ] setting player 2 freeze to 0
[22:15:44.288] [SEVERE ] setting player 2 freeze to 0
[22:15:44.289] [SEVERE ] setting player 2 freeze to 0
[22:15:44.289] [SEVERE ] setting player 2 freeze to 0
[22:15:44.290] [SEVERE ] removing player 2 token from slot 7
[22:15:44.290] [SEVERE ] player 2 placing token on slot 9
[22:15:44.298] [SEVERE ] setting player 4 freeze to 0
[22:15:44.298] [SEVERE ] setting player 4 freeze to 0
[22:15:44.299] [SEVERE ] setting player 4 freeze to 0
[22:15:44.299] [SEVERE ] setting player 4 freeze to 0
[22:15:44.300] [SEVERE ] removing player 4 token from slot 1
[22:15:44.300] [SEVERE ] player 4 placing token on slot 11
[22:15:44.309] [SEVERE ] setting player 3 freeze to 0
[22:15:44.309] [SEVERE ] setting player 3 freeze to 0
[22:15:44.309] [SEVERE ] setting player 3 freeze to 0
[22:15:44.310] [SEVERE ] setting player 3 freeze to 0
[22:15:44.310] [SEVERE ] removing player 3 token from slot 4
[22:15:44.310] [SEVERE ] player 3 placing token on slot 9
[22:15:44.319] [SEVERE ] setting player 1 freeze to 0
[22:15:44.319] [SEVERE ] setting player 1 freeze to 0
[22:15:44.319] [SEVERE ] setting player 1 freeze to 0
[22:15:44.320] [SEVERE ] setting player 1 freeze to 0
[22:15:44.320] [SEVERE ] removing player 1 token from slot 6
[22:15:44.321] [SEVERE ] player 1 placing token on slot 5
[22:15:44.330] [SEVERE ] setting player 2 freeze to 0
[22:15:44.330] [SEVERE ] setting player 2 freeze to 0
[22:15:44.330] [SEVERE ] setting player 2 freeze to 0
[22:15:44.331] [SEVERE ] setting player 2 freeze to 0
[22:15:44.331] [SEVERE ] removing player 2 token from slot 8
[22:15:44.332] [SEVERE ] player 2 placing token on slot 4
[22:15:44.340] [SEVERE ] setting player 4 freeze to 0
[22:15:44.341] [SEVERE ] setting player 4 freeze to 0
[22:15:44.341] [SEVERE ] setting player 4 freeze to 0
[22:15:44.341] [SEVERE ] setting player 4 freeze to 0
[22:15:44.342] [SEVERE ] removing player 4 token from slot 7
[22:15:44.342] [SEVERE ] player 4 placing token on slot 10
[22:15:44.351] [SEVERE ] setting player 3 freeze to 0
[22:15:44.351] [SEVERE ] setting player 3 freeze to 0
[22:15:44.351] [SEVERE ] setting player 3 freeze to 0
[22:15:44.352] [SEVERE ] setting player 3 freeze to 0
[22:15:44.352] [SEVERE ] removing player 3 token from slot 9
[22:15:44.353] [SEVERE ] player 3 placing token on slot 10
[22:15:44.361] [SEVERE ] setting player 1 freeze to 0
[22:15:44.361] [SEVERE ] setting player 1 freeze to 0
[22:15:44.361] [SEVERE ] setting player 1 freeze to 0
[22:15:44.362] [SEVERE ] setting player 1 freeze to 0
[22:15:44.362] [SEVERE ] removing player 1 token from slot 9
[22:15:44.363] [SEVERE ] player 1 placing token on slot 10
[22:15:44.371] [SEVERE ] setting player 2 freeze to 0
[22:15:44.371] [SEVERE ] setting player 2 freeze to 0
[22:15:44.372] [SEVERE ] setting player 2 freeze to 0
[22:15:44.372] [SEVERE ] setting player 2 freeze to 0
[22:15:44.372] [SEVERE ] removing player 2 token from slot 9
[22:15:44.373] [SEVERE ] player 2 placing token on slot 10
[22:15:44.381] [SEVERE ] setting player 4 freeze to 0
[22:15:44.381] [SEVERE ] setting player 4 freeze to 0
[22:15:44.382] [SEVERE ] setting player 4 freeze to 0
[22:15:44.382] [SEVERE ] setting player 4 freeze to 0
[22:15:44.383] [SEVERE ] removing player 4 token from slot 11
[22:15:44.383] [SEVERE ] player 4 placing token on slot 9
[22:15:44.392] [SEVERE ] setting player 3 freeze to 0
[22:15:44.392] [SEVERE ] setting player 3 freeze to 0
[22:15:44.392] [SEVERE ] setting player 3 freeze to 0
[22:15:44.393] [SEVERE ] setting player 3 freeze to 0
[22:15:44.393] [SEVERE ] removing player 3 token from slot 5
[22:15:44.394] [SEVERE ] removing player 3 token from slot 10
[22:15:44.394] [SEVERE ] player 3 placing token on slot 3
[22:15:44.395] [SEVERE ] player 3 placing token on slot 4
[22:15:44.402] [SEVERE ] setting player 1 freeze to 0
[22:15:44.402] [SEVERE ] setting player 1 freeze to 0
[22:15:44.402] [SEVERE ] setting player 1 freeze to 0
[22:15:44.403] [SEVERE ] setting player 1 freeze to 0
[22:15:44.403] [SEVERE ] removing player 1 token from slot 5
[22:15:44.404] [SEVERE ] removing player 1 token from slot 10
[22:15:44.404] [SEVERE ] player 1 placing token on slot 6
[22:15:44.405] [SEVERE ] player 1 placing token on slot 8
[22:15:44.412] [SEVERE ] setting player 2 freeze to 0
[22:15:44.412] [SEVERE ] setting player 2 freeze to 0
[22:15:44.413] [SEVERE ] setting player 2 freeze to 0
[22:15:44.413] [SEVERE ] setting player 2 freeze to 0
[22:15:44.413] [SEVERE ] removing player 2 token from slot 4
[22:15:44.414] [SEVERE ] player 2 placing token on slot 9
[22:15:44.422] [SEVERE ] setting player 4 freeze to 0
[22:15:44.422] [SEVERE ] setting player 4 freeze to 0
[22:15:44.422] [SEVERE ] setting player 4 freeze to 0
[22:15:44.423] [SEVERE ] setting player 4 freeze to 0
[22:15:44.424] [SEVERE ] removing player 4 token from slot 10
[22:15:44.424] [SEVERE ] player 4 placing token on slot 8
[22:15:44.432] [SEVERE ] setting player 3 freeze to 0
[22:15:44.433] [SEVERE ] setting player 3 freeze to 0
[22:15:44.433] [SEVERE ] setting player 3 freeze to 0
[22:15:44.433] [SEVERE ] setting player 3 freeze to 0
[22:15:44.434] [SEVERE ] removing player 3 token from slot 1
[22:15:44.434] [SEVERE ] player 3 placing token on slot 1
[22:15:44.443] [SEVERE ] setting player 1 freeze to 0
[22:15:44.444] [SEVERE ] setting player 1 freeze to 0
[22:15:44.444] [SEVERE ] setting player 1 freeze to 0
[22:15:44.444] [SEVERE ] setting player 1 freeze to 0
[22:15:44.444] [SEVERE ] removing player 1 token from slot 8
[22:15:44.445] [SEVERE ] removing player 1 token from slot 4
[22:15:44.445] [SEVERE ] player 1 placing token on slot 1
[22:15:44.446] [SEVERE ] player 1 placing token on slot 11
[22:15:44.453] [SEVERE ] setting player 2 freeze to 0
[22:15:44.453] [SEVERE ] setting player 2 freeze to 0
[22:15:44.454] [SEVERE ] setting player 2 freeze to 0
[22:15:44.454] [SEVERE ] setting player 2 freeze to 0
[22:15:44.455] [SEVERE ] removing player 2 token from slot 6
[22:15:44.455] [SEVERE ] player 2 placing token on slot 5
[22:15:44.464] [SEVERE ] setting player 4 freeze to 0
[22:15:44.464] [SEVERE ] setting player 4 freeze to 0
[22:15:44.464] [SEVERE ] setting player 4 freeze to 0
[22:15:44.465] [SEVERE ] setting player 4 freeze to 0
[22:15:44.465] [SEVERE ] removing player 4 token from slot 8
[22:15:44.465] [SEVERE ] player 4 placing token on slot 5
[22:15:44.474] [SEVERE ] setting player 3 freeze to 0
[22:15:44.474] [SEVERE ] setting player 3 freeze to 0
[22:15:44.474] [SEVERE ] setting player 3 freeze to 0
[22:15:44.474] [SEVERE ] setting player 3 freeze to 0
[22:15:44.475] [SEVERE ] removing player 3 token from slot 1
[22:15:44.475] [SEVERE ] player 3 placing token on slot 2
[22:15:44.484] [SEVERE ] setting player 1 freeze to 0
[22:15:44.485] [SEVERE ] setting player 1 freeze to 0
[22:15:44.485] [SEVERE ] setting player 1 freeze to 0
[22:15:44.485] [SEVERE ] setting player 1 freeze to 0
[22:15:44.486] [SEVERE ] removing player 1 token from slot 11
[22:15:44.486] [SEVERE ] player 1 placing token on slot 8
[22:15:44.495] [SEVERE ] setting player 2 freeze to 0
[22:15:44.495] [SEVERE ] setting player 2 freeze to 0
[22:15:44.495] [SEVERE ] setting player 2 freeze to 0
[22:15:44.496] [SEVERE ] setting player 2 freeze to 0
[22:15:44.496] [SEVERE ] removing player 2 token from slot 9
[22:15:44.497] [SEVERE ] player 2 placing token on slot 11
[22:15:44.505] [SEVERE ] setting player 4 freeze to 0
[22:15:44.505] [SEVERE ] setting player 4 freeze to 0
[22:15:44.506] [SEVERE ] setting player 4 freeze to 0
[22:15:44.506] [SEVERE ] setting player 4 freeze to 0
[22:15:44.506] [SEVERE ] removing player 4 token from slot 5
[22:15:44.506] [SEVERE ] player 4 placing token on slot 6
[22:15:44.515] [SEVERE ] setting player 3 freeze to 0
[22:15:44.515] [SEVERE ] setting player 3 freeze to 0
[22:15:44.516] [SEVERE ] setting player 3 freeze to 0
[22:15:44.516] [SEVERE ] setting player 3 freeze to 0
[22:15:44.517] [SEVERE ] removing player 3 token from slot 3
[22:15:44.517] [SEVERE ] player 3 placing token on slot 7
[22:15:44.526] [SEVERE ] setting player 1 freeze to 0
[22:15:44.526] [SEVERE ] setting player 1 freeze to 0
[22:15:44.526] [SEVERE ] setting player 1 freeze to 0
[22:15:44.527] [SEVERE ] setting player 1 freeze to 0
[22:15:44.527] [SEVERE ] removing player 1 token from slot 8
[22:15:44.528] [SEVERE ] player 1 placing token on slot 7
[22:15:44.536] [SEVERE ] setting player 2 freeze to 0
[22:15:44.536] [SEVERE ] setting player 2 freeze to 0
[22:15:44.536] [SEVERE ] setting player 2 freeze to 0
[22:15:44.537] [SEVERE ] setting player 2 freeze to 0
[22:15:44.537] [SEVERE ] removing player 2 token from slot 5
[22:15:44.538] [SEVERE ] player 2 placing token on slot 7
[22:15:44.546] [SEVERE ] setting player 4 freeze to 0
[22:15:44.546] [SEVERE ] setting player 4 freeze to 0
[22:15:44.546] [SEVERE ] setting player 4 freeze to 0
[22:15:44.546] [SEVERE ] setting player 4 freeze to 0
[22:15:44.547] [SEVERE ] removing player 4 token from slot 9
[22:15:44.547] [SEVERE ] player 4 placing token on slot 1
[22:15:44.556] [SEVERE ] setting player 3 freeze to 0
[22:15:44.557] [SEVERE ] setting player 3 freeze to 0
[22:15:44.557] [SEVERE ] setting player 3 freeze to 0
[22:15:44.557] [SEVERE ] setting player 3 freeze to 0
[22:15:44.557] [SEVERE ] removing player 3 token from slot 7
[22:15:44.557] [SEVERE ] player 3 placing token on slot 8
[22:15:44.567] [SEVERE ] setting player 1 freeze to 0
[22:15:44.567] [SEVERE ] setting player 1 freeze to 0
[22:15:44.567] [SEVERE ] setting player 1 freeze to 0
[22:15:44.568] [SEVERE ] setting player 1 freeze to 0
[22:15:44.568] [SEVERE ] removing player 1 token from slot 7
[22:15:44.568] [SEVERE ] player 1 placing token on slot 4
[22:15:44.577] [SEVERE ] setting player 2 freeze to 0
[22:15:44.577] [SEVERE ] setting player 2 freeze to 0
[22:15:44.578] [SEVERE ] setting player 2 freeze to 0
[22:15:44.578] [SEVERE ] setting player 2 freeze to 0
[22:15:44.578] [SEVERE ] removing player 2 token from slot 10
[22:15:44.579] [SEVERE ] removing player 2 token from slot 7
[22:15:44.579] [SEVERE ] player 2 placing token on slot 4
[22:15:44.580] [SEVERE ] player 2 placing token on slot 9
[22:15:44.587] [SEVERE ] setting player 4 freeze to 0
[22:15:44.587] [SEVERE ] setting player 4 freeze to 0
[22:15:44.588] [SEVERE ] setting player 4 freeze to 0
[22:15:44.588] [SEVERE ] setting player 4 freeze to 0
[22:15:44.589] [SEVERE ] removing player 4 token from slot 1
[22:15:44.589] [SEVERE ] player 4 placing token on slot 8
[22:15:44.597] [SEVERE ] setting player 3 freeze to 0
[22:15:44.598] [SEVERE ] setting player 3 freeze to 0
[22:15:44.598] [SEVERE ] setting player 3 freeze to 0
[22:15:44.598] [SEVERE ] setting player 3 freeze to 0
[22:15:44.599] [SEVERE ] removing player 3 token from slot 2
[22:15:44.599] [SEVERE ] player 3 placing token on slot 7
[22:15:44.608] [SEVERE ] setting player 1 freeze to 0
[22:15:44.608] [SEVERE ] setting player 1 freeze to 0
[22:15:44.608] [SEVERE ] setting player 1 freeze to 0
[22:15:44.609] [SEVERE ] setting player 1 freeze to 0
[22:15:44.609] [SEVERE ] removing player 1 token from slot 1
[22:15:44.610] [SEVERE ] player 1 placing token on slot 7
[22:15:44.618] [SEVERE ] setting player 2 freeze to 0
[22:15:44.618] [SEVERE ] setting player 2 freeze to 0
[22:15:44.618] [SEVERE ] setting player 2 freeze to 0
[22:15:44.619] [SEVERE ] setting player 2 freeze to 0
[22:15:44.619] [SEVERE ] removing player 2 token from slot 11
[22:15:44.620] [SEVERE ] player 2 placing token on slot 7
[22:15:44.628] [SEVERE ] setting player 4 freeze to 0
[22:15:44.628] [SEVERE ] setting player 4 freeze to 0
[22:15:44.629] [SEVERE ] setting player 4 freeze to 0
[22:15:44.629] [SEVERE ] setting player 4 freeze to 0
[22:15:44.629] [SEVERE ] removing player 4 token from slot 3
[22:15:44.630] [SEVERE ] removing player 4 token from slot 8
[22:15:44.631] [SEVERE ] player 4 placing token on slot 8
[22:15:44.631] [SEVERE ] player 4 placing token on slot 1
[22:15:44.638] [SEVERE ] setting player 3 freeze to 0
[22:15:44.638] [SEVERE ] setting player 3 freeze to 0
[22:15:44.639] [SEVERE ] setting player 3 freeze to 0
[22:15:44.639] [SEVERE ] setting player 3 freeze to 0
[22:15:44.640] [SEVERE ] removing player 3 token from slot 8
[22:15:44.640] [SEVERE ] player 3 placing token on slot 3
[22:15:44.648] [SEVERE ] setting player 1 freeze to 0
[22:15:44.649] [SEVERE ] setting player 1 freeze to 0
[22:15:44.649] [SEVERE ] setting player 1 freeze to 0
[22:15:44.649] [SEVERE ] setting player 1 freeze to 0
[22:15:44.650] [SEVERE ] removing player 1 token from slot 7
[22:15:44.650] [SEVERE ] player 1 placing token on slot 9
[22:15:44.659] [SEVERE ] setting player 2 freeze to 0
[22:15:44.659] [SEVERE ] setting player 2 freeze to 0
[22:15:44.659] [SEVERE ] setting player 2 freeze to 0
[22:15:44.660] [SEVERE ] setting player 2 freeze to 0
[22:15:44.660] [SEVERE ] removing player 2 token from slot 4
[22:15:44.661] [SEVERE ] player 2 placing token on slot 10
[22:15:44.669] [SEVERE ] setting player 4 freeze to 0
[22:15:44.669] [SEVERE ] setting player 4 freeze to 0
[22:15:44.669] [SEVERE ] setting player 4 freeze to 0
[22:15:44.670] [SEVERE ] setting player 4 freeze to 0
[22:15:44.670] [SEVERE ] removing player 4 token from slot 1
[22:15:44.671] [SEVERE ] player 4 placing token on slot 5
[22:15:44.679] [SEVERE ] setting player 3 freeze to 0
[22:15:44.679] [SEVERE ] setting player 3 freeze to 0
[22:15:44.680] [SEVERE ] setting player 3 freeze to 0
[22:15:44.680] [SEVERE ] setting player 3 freeze to 0
[22:15:44.681] [SEVERE ] removing player 3 token from slot 3
[22:15:44.681] [SEVERE ] removing player 3 token from slot 4
[22:15:44.682] [SEVERE ] player 3 placing token on slot 11
[22:15:44.682] [SEVERE ] removing player 3 token from slot 11
[22:15:44.683] [SEVERE ] player 3 placing token on slot 9
[22:15:44.683] [SEVERE ] player 3 placing token on slot 4
[22:15:44.689] [SEVERE ] setting player 1 freeze to 0
[22:15:44.689] [SEVERE ] setting player 1 freeze to 0
[22:15:44.690] [SEVERE ] setting player 1 freeze to 0
[22:15:44.690] [SEVERE ] setting player 1 freeze to 0
[22:15:44.691] [SEVERE ] removing player 1 token from slot 6
[22:15:44.691] [SEVERE ] player 1 placing token on slot 10
[22:15:44.700] [SEVERE ] setting player 2 freeze to 0
[22:15:44.700] [SEVERE ] setting player 2 freeze to 0
[22:15:44.700] [SEVERE ] setting player 2 freeze to 0
[22:15:44.701] [SEVERE ] setting player 2 freeze to 0
[22:15:44.701] [SEVERE ] removing player 2 token from slot 7
[22:15:44.702] [SEVERE ] removing player 2 token from slot 10
[22:15:44.702] [SEVERE ] player 2 placing token on slot 5
[22:15:44.702] [SEVERE ] player 2 placing token on slot 11
[22:15:44.710] [SEVERE ] updating countdown to 5000
[22:15:44.710] [SEVERE ] setting player 4 score to 1
[22:15:44.716] [SEVERE ] setting player 4 freeze to 0
[22:15:44.716] [SEVERE ] setting player 4 freeze to 0
[22:15:44.717] [SEVERE ] removing player 4 token from slot 5
[22:15:44.717] [SEVERE ] player 4 placing token on slot 9
