[17:58:35.502] [INFO   ] thread main starting.
[17:58:35.512] [SEVERE ] cannot read configuration file config.properties trying from resources.
[17:58:35.513] [SEVERE ] configuration file was loaded from resources directory.
[17:58:35.918] [INFO   ] thread dealer starting.
[17:58:35.918] [INFO   ] Thread dealer starting.
[17:58:36.023] [SEVERE ] placing card 22 in slot 0
[17:58:36.124] [SEVERE ] placing card 3 in slot 1
[17:58:36.225] [SEVERE ] placing card 26 in slot 2
[17:58:36.326] [SEVERE ] placing card 53 in slot 3
[17:58:36.427] [SEVERE ] placing card 42 in slot 4
[17:58:36.528] [SEVERE ] placing card 72 in slot 5
[17:58:36.629] [SEVERE ] placing card 28 in slot 6
[17:58:36.730] [SEVERE ] placing card 48 in slot 7
[17:58:36.831] [SEVERE ] placing card 0 in slot 8
[17:58:36.932] [SEVERE ] placing card 76 in slot 9
[17:58:37.033] [SEVERE ] placing card 9 in slot 10
[17:58:37.135] [SEVERE ] placing card 15 in slot 11
[17:58:37.137] [INFO   ] Thread Thread-1starting.
[17:58:37.137] [INFO   ] Thread Thread-2starting.
[17:58:37.137] [SEVERE ] updating countdown to 60000
[17:58:38.141] [SEVERE ] setting player 1 freeze to 3000
[17:58:39.142] [SEVERE ] setting player 1 freeze to 2000
[17:58:40.142] [SEVERE ] setting player 1 freeze to 1000
[17:58:41.143] [SEVERE ] setting player 1 freeze to 0
[17:58:41.143] [SEVERE ] updating countdown to 55994
[17:58:42.144] [SEVERE ] setting player 1 freeze to 3000
[17:58:43.145] [SEVERE ] setting player 1 freeze to 2000
[17:58:44.145] [SEVERE ] setting player 1 freeze to 1000
