[21:43:22.433] [INFO   ] thread main starting.
[21:43:22.441] [SEVERE ] cannot read configuration file config.properties trying from resources.
[21:43:22.442] [SEVERE ] configuration file was loaded from resources directory.
[21:43:22.841] [INFO   ] thread dealer starting.
[21:43:22.841] [INFO   ] Thread dealer starting.
[21:43:22.949] [SEVERE ] placing card 2 in slot 0
[21:43:23.050] [SEVERE ] placing card 50 in slot 1
[21:43:23.151] [SEVERE ] placing card 22 in slot 2
[21:43:23.252] [SEVERE ] placing card 47 in slot 3
[21:43:23.353] [SEVERE ] placing card 37 in slot 4
[21:43:23.453] [SEVERE ] placing card 40 in slot 5
[21:43:23.555] [SEVERE ] placing card 79 in slot 6
[21:43:23.656] [SEVERE ] placing card 69 in slot 7
[21:43:23.757] [SEVERE ] placing card 51 in slot 8
[21:43:23.858] [SEVERE ] placing card 18 in slot 9
[21:43:23.958] [SEVERE ] placing card 48 in slot 10
[21:43:24.060] [SEVERE ] placing card 12 in slot 11
[21:43:24.061] [INFO   ] Thread Thread-1starting.
[21:43:24.061] [INFO   ] Thread Thread-2starting.
[21:43:24.063] [INFO   ] Thread Thread-4starting.
[21:43:24.062] [SEVERE ] updating countdown to 5000
[21:43:24.063] [INFO   ] Thread Thread-3starting.
[21:43:24.065] [INFO   ] Thread computer-0 starting.
[21:43:24.069] [SEVERE ] player 1 placing token on slot 2
[21:43:24.071] [SEVERE ] player 1 placing token on slot 6
[21:43:24.071] [SEVERE ] player 1 placing token on slot 8
[21:43:24.075] [INFO   ] Thread computer-2 starting.
[21:43:24.076] [SEVERE ] player 3 placing token on slot 9
[21:43:24.076] [SEVERE ] player 3 placing token on slot 6
[21:43:24.077] [SEVERE ] removing player 3 token from slot 9
[21:43:24.075] [INFO   ] Thread computer-1 starting.
[21:43:24.078] [SEVERE ] setting player 1 freeze to 0
[21:43:24.078] [SEVERE ] setting player 1 freeze to 0
[21:43:24.080] [SEVERE ] setting player 1 freeze to 0
[21:43:24.080] [SEVERE ] setting player 1 freeze to 0
[21:43:24.078] [SEVERE ] player 2 placing token on slot 2
[21:43:24.081] [SEVERE ] removing player 1 token from slot 6
[21:43:24.082] [SEVERE ] player 2 placing token on slot 9
[21:43:24.083] [SEVERE ] player 2 placing token on slot 7
[21:43:24.090] [SEVERE ] setting player 2 freeze to 0
[21:43:24.091] [SEVERE ] setting player 2 freeze to 0
[21:43:24.091] [SEVERE ] setting player 2 freeze to 0
[21:43:24.092] [SEVERE ] setting player 2 freeze to 0
[21:43:24.092] [SEVERE ] removing player 2 token from slot 7
[21:43:24.094] [INFO   ] Thread computer-3 starting.
[21:43:24.094] [SEVERE ] player 4 placing token on slot 8
[21:43:24.094] [SEVERE ] player 4 placing token on slot 7
[21:43:24.095] [SEVERE ] player 4 placing token on slot 11
[21:43:24.101] [SEVERE ] setting player 4 freeze to 0
[21:43:24.104] [SEVERE ] setting player 4 freeze to 0
[21:43:24.105] [SEVERE ] setting player 4 freeze to 0
[21:43:24.105] [SEVERE ] setting player 4 freeze to 0
[21:43:24.106] [SEVERE ] removing player 4 token from slot 7
[21:43:28.703] [SEVERE ] player 4 placing token on slot 7
[21:43:28.712] [SEVERE ] setting player 4 freeze to 0
[21:43:28.712] [SEVERE ] setting player 4 freeze to 0
[21:43:28.712] [SEVERE ] setting player 4 freeze to 0
[21:43:28.712] [SEVERE ] setting player 4 freeze to 0
[21:43:28.712] [SEVERE ] removing player 4 token from slot 8
[21:43:29.064] [SEVERE ] updating countdown to 5000
[21:43:29.065] [SEVERE ] updating countdown to 5000
[21:43:29.165] [SEVERE ] removing card from slot 0
[21:43:29.266] [SEVERE ] removing card from slot 1
[21:43:29.367] [SEVERE ] removing card from slot 2
[21:43:29.468] [SEVERE ] removing card from slot 3
[21:43:29.570] [SEVERE ] removing card from slot 4
[21:43:29.673] [SEVERE ] removing card from slot 5
[21:43:29.775] [SEVERE ] removing card from slot 6
[21:43:29.877] [SEVERE ] removing card from slot 7
[21:43:29.981] [SEVERE ] removing card from slot 8
[21:43:30.083] [SEVERE ] removing card from slot 9
[21:43:30.184] [SEVERE ] removing card from slot 10
[21:43:30.286] [SEVERE ] removing card from slot 11
[21:43:30.287] [SEVERE ] removing all tokens
[21:43:30.389] [SEVERE ] placing card 77 in slot 0
[21:43:30.493] [SEVERE ] placing card 33 in slot 1
[21:43:30.593] [SEVERE ] placing card 65 in slot 2
[21:43:30.693] [SEVERE ] placing card 59 in slot 3
[21:43:30.794] [SEVERE ] placing card 7 in slot 4
[21:43:30.894] [SEVERE ] placing card 17 in slot 5
[21:43:30.994] [SEVERE ] placing card 32 in slot 6
[21:43:31.095] [SEVERE ] placing card 71 in slot 7
[21:43:31.195] [SEVERE ] placing card 15 in slot 8
[21:43:31.295] [SEVERE ] placing card 27 in slot 9
[21:43:31.396] [SEVERE ] placing card 16 in slot 10
[21:43:31.406] [SEVERE ] player 4 placing token on slot 2
[21:43:31.406] [SEVERE ] removing player 4 token from slot 2
[21:43:31.496] [SEVERE ] placing card 42 in slot 11
[21:43:31.499] [INFO   ] Thread Thread-5starting.
[21:43:31.505] [INFO   ] Thread Thread-6starting.
[21:43:31.521] [INFO   ] Thread Thread-7starting.
[21:43:31.521] [SEVERE ] updating countdown to 5000
[21:43:31.522] [INFO   ] Thread Thread-8starting.
[21:43:31.529] [INFO   ] Thread computer-0 starting.
[21:43:31.541] [INFO   ] Thread computer-2 starting.
[21:43:31.545] [INFO   ] Thread computer-1 starting.
[21:43:31.546] [INFO   ] Thread computer-3 starting.
[21:43:33.846] [SEVERE ] player 4 placing token on slot 4
[21:43:33.847] [SEVERE ] player 4 placing token on slot 3
[21:43:33.847] [SEVERE ] player 4 placing token on slot 5
