[21:02:06.186] [INFO   ] thread main starting.
[21:02:06.192] [SEVERE ] cannot read configuration file config.properties trying from resources.
[21:02:06.193] [SEVERE ] configuration file was loaded from resources directory.
[21:02:06.606] [INFO   ] thread dealer starting.
[21:02:06.607] [INFO   ] Thread dealer starting.
[21:02:06.711] [SEVERE ] placing card 26 in slot 0
[21:02:06.811] [SEVERE ] placing card 44 in slot 1
[21:02:06.912] [SEVERE ] placing card 38 in slot 2
[21:02:07.012] [SEVERE ] placing card 72 in slot 3
[21:02:07.113] [SEVERE ] placing card 74 in slot 4
[21:02:07.214] [SEVERE ] placing card 3 in slot 5
[21:02:07.314] [SEVERE ] placing card 23 in slot 6
[21:02:07.415] [SEVERE ] placing card 64 in slot 7
[21:02:07.516] [SEVERE ] placing card 1 in slot 8
[21:02:07.617] [SEVERE ] placing card 20 in slot 9
[21:02:07.717] [SEVERE ] placing card 69 in slot 10
[21:02:07.817] [SEVERE ] placing card 15 in slot 11
[21:02:07.818] [INFO   ] Thread Thread-1starting.
[21:02:07.818] [INFO   ] Thread Thread-3starting.
[21:02:07.818] [INFO   ] Thread Thread-2starting.
[21:02:07.819] [INFO   ] Thread Thread-4starting.
[21:02:07.819] [INFO   ] Thread computer-0 starting.
[21:02:07.818] [SEVERE ] updating countdown to 5000
[21:02:07.820] [SEVERE ] player 1 placing token on slot 10
[21:02:07.820] [SEVERE ] player 1 placing token on slot 2
[21:02:07.821] [SEVERE ] removing player 1 token from slot 10
[21:02:07.821] [SEVERE ] player 1 placing token on slot 11
[21:02:07.822] [SEVERE ] player 1 placing token on slot 1
[21:02:07.822] [INFO   ] Thread computer-3 starting.
[21:02:07.822] [SEVERE ] player 4 placing token on slot 6
[21:02:07.822] [SEVERE ] player 4 placing token on slot 5
[21:02:07.822] [SEVERE ] player 4 placing token on slot 2
[21:02:07.826] [INFO   ] Thread computer-1 starting.
[21:02:07.826] [SEVERE ] player 2 placing token on slot 5
[21:02:07.827] [SEVERE ] player 2 placing token on slot 4
[21:02:07.827] [SEVERE ] player 2 placing token on slot 1
[21:02:07.830] [SEVERE ] setting player 1 freeze to 0
[21:02:07.831] [SEVERE ] setting player 1 freeze to 0
[21:02:07.831] [SEVERE ] setting player 1 freeze to 0
[21:02:07.832] [SEVERE ] setting player 1 freeze to 0
[21:02:07.833] [SEVERE ] removing player 1 token from slot 1
[21:02:07.833] [SEVERE ] player 1 placing token on slot 3
[21:02:07.842] [SEVERE ] setting player 4 freeze to 0
[21:02:07.842] [SEVERE ] setting player 4 freeze to 0
[21:02:07.842] [SEVERE ] setting player 4 freeze to 0
[21:02:07.842] [INFO   ] Thread computer-2 starting.
[21:02:07.843] [SEVERE ] setting player 4 freeze to 0
[21:02:07.843] [SEVERE ] player 3 placing token on slot 7
[21:02:07.844] [SEVERE ] removing player 4 token from slot 6
[21:02:07.844] [SEVERE ] player 3 placing token on slot 6
[21:02:07.845] [SEVERE ] player 4 placing token on slot 7
[21:02:07.845] [SEVERE ] removing player 3 token from slot 7
[21:02:07.846] [SEVERE ] player 3 placing token on slot 8
[21:02:07.847] [SEVERE ] player 3 placing token on slot 1
[21:02:07.853] [SEVERE ] setting player 2 freeze to 0
[21:02:07.853] [SEVERE ] setting player 2 freeze to 0
[21:02:07.854] [SEVERE ] setting player 2 freeze to 0
[21:02:07.854] [SEVERE ] setting player 2 freeze to 0
[21:02:07.855] [SEVERE ] removing player 2 token from slot 4
[21:02:07.855] [SEVERE ] player 2 placing token on slot 9
[21:02:07.863] [SEVERE ] setting player 1 freeze to 0
[21:02:07.864] [SEVERE ] setting player 1 freeze to 0
[21:02:07.864] [SEVERE ] setting player 1 freeze to 0
[21:02:07.864] [SEVERE ] setting player 1 freeze to 0
[21:02:07.864] [SEVERE ] removing player 1 token from slot 3
[21:02:07.864] [SEVERE ] player 1 placing token on slot 10
[21:02:07.873] [SEVERE ] setting player 4 freeze to 0
[21:02:07.874] [SEVERE ] setting player 4 freeze to 0
[21:02:07.874] [SEVERE ] setting player 4 freeze to 0
[21:02:07.875] [SEVERE ] setting player 4 freeze to 0
[21:02:07.875] [SEVERE ] removing player 4 token from slot 5
[21:02:07.876] [SEVERE ] removing player 4 token from slot 7
[21:02:07.876] [SEVERE ] player 4 placing token on slot 11
[21:02:07.877] [SEVERE ] removing player 4 token from slot 11
[21:02:07.878] [SEVERE ] player 4 placing token on slot 11
[21:02:07.878] [SEVERE ] player 4 placing token on slot 1
[21:02:07.884] [SEVERE ] setting player 3 freeze to 0
[21:02:07.884] [SEVERE ] setting player 3 freeze to 0
[21:02:07.884] [SEVERE ] setting player 3 freeze to 0
[21:02:07.885] [SEVERE ] setting player 3 freeze to 0
[21:02:07.885] [SEVERE ] removing player 3 token from slot 6
[21:02:07.886] [SEVERE ] player 3 placing token on slot 7
[21:02:07.894] [SEVERE ] setting player 2 freeze to 0
[21:02:07.894] [SEVERE ] setting player 2 freeze to 0
[21:02:07.895] [SEVERE ] setting player 2 freeze to 0
[21:02:07.896] [SEVERE ] setting player 2 freeze to 0
[21:02:07.896] [SEVERE ] removing player 2 token from slot 1
[21:02:07.897] [SEVERE ] player 2 placing token on slot 1
[21:02:07.905] [SEVERE ] setting player 1 freeze to 0
[21:02:07.905] [SEVERE ] setting player 1 freeze to 0
[21:02:07.905] [SEVERE ] setting player 1 freeze to 0
[21:02:07.906] [SEVERE ] setting player 1 freeze to 0
[21:02:07.906] [SEVERE ] removing player 1 token from slot 2
[21:02:07.907] [SEVERE ] removing player 1 token from slot 11
[21:02:07.907] [SEVERE ] player 1 placing token on slot 5
[21:02:07.909] [SEVERE ] removing player 1 token from slot 5
[21:02:07.912] [SEVERE ] removing player 1 token from slot 10
[21:02:07.912] [SEVERE ] player 1 placing token on slot 8
[21:02:07.913] [SEVERE ] removing player 1 token from slot 8
[21:02:07.913] [SEVERE ] player 1 placing token on slot 2
[21:02:07.913] [SEVERE ] removing player 1 token from slot 2
[21:02:07.914] [SEVERE ] player 1 placing token on slot 5
[21:02:07.914] [SEVERE ] player 1 placing token on slot 10
[21:02:07.915] [SEVERE ] setting player 4 freeze to 0
[21:02:07.915] [SEVERE ] setting player 4 freeze to 0
[21:02:07.915] [SEVERE ] player 1 placing token on slot 3
[21:02:07.916] [SEVERE ] setting player 4 freeze to 0
[21:02:07.917] [SEVERE ] setting player 4 freeze to 0
[21:02:07.918] [SEVERE ] removing player 4 token from slot 2
[21:02:07.918] [SEVERE ] player 4 placing token on slot 9
[21:02:07.925] [SEVERE ] setting player 3 freeze to 0
[21:02:07.925] [SEVERE ] setting player 3 freeze to 0
[21:02:07.926] [SEVERE ] setting player 3 freeze to 0
[21:02:07.926] [SEVERE ] setting player 3 freeze to 0
[21:02:07.927] [SEVERE ] removing player 3 token from slot 8
[21:02:07.927] [SEVERE ] player 3 placing token on slot 8
[21:02:07.936] [SEVERE ] setting player 2 freeze to 0
[21:02:07.936] [SEVERE ] setting player 2 freeze to 0
[21:02:07.936] [SEVERE ] setting player 2 freeze to 0
[21:02:07.937] [SEVERE ] setting player 2 freeze to 0
[21:02:07.937] [SEVERE ] removing player 2 token from slot 9
[21:02:07.938] [SEVERE ] player 2 placing token on slot 11
[21:02:07.946] [SEVERE ] setting player 1 freeze to 0
[21:02:07.946] [SEVERE ] setting player 1 freeze to 0
[21:02:07.946] [SEVERE ] setting player 1 freeze to 0
[21:02:07.947] [SEVERE ] setting player 1 freeze to 0
[21:02:07.947] [SEVERE ] removing player 1 token from slot 3
[21:02:07.948] [SEVERE ] player 1 placing token on slot 11
[21:02:07.956] [SEVERE ] setting player 4 freeze to 0
[21:02:07.956] [SEVERE ] setting player 4 freeze to 0
[21:02:07.957] [SEVERE ] setting player 4 freeze to 0
[21:02:07.957] [SEVERE ] setting player 4 freeze to 0
[21:02:07.958] [SEVERE ] removing player 4 token from slot 9
[21:02:07.958] [SEVERE ] removing player 4 token from slot 11
[21:02:07.959] [SEVERE ] player 4 placing token on slot 8
[21:02:07.959] [SEVERE ] player 4 placing token on slot 7
[21:02:07.966] [SEVERE ] setting player 3 freeze to 0
[21:02:07.967] [SEVERE ] setting player 3 freeze to 0
[21:02:07.967] [SEVERE ] setting player 3 freeze to 0
[21:02:07.967] [SEVERE ] setting player 3 freeze to 0
[21:02:07.968] [SEVERE ] removing player 3 token from slot 7
[21:02:07.968] [SEVERE ] player 3 placing token on slot 9
[21:02:07.977] [SEVERE ] setting player 2 freeze to 0
[21:02:07.977] [SEVERE ] setting player 2 freeze to 0
[21:02:07.977] [SEVERE ] setting player 2 freeze to 0
[21:02:07.978] [SEVERE ] setting player 2 freeze to 0
[21:02:07.978] [SEVERE ] removing player 2 token from slot 1
[21:02:07.979] [SEVERE ] player 2 placing token on slot 2
[21:02:07.987] [SEVERE ] setting player 1 freeze to 0
[21:02:07.987] [SEVERE ] setting player 1 freeze to 0
[21:02:07.993] [SEVERE ] setting player 1 freeze to 0
[21:02:07.997] [SEVERE ] setting player 4 freeze to 0
[21:02:07.998] [SEVERE ] setting player 4 freeze to 0
[21:02:07.998] [SEVERE ] setting player 4 freeze to 0
[21:02:07.999] [SEVERE ] setting player 4 freeze to 0
[21:02:07.999] [SEVERE ] removing player 4 token from slot 7
[21:02:08.000] [SEVERE ] player 4 placing token on slot 5
[21:02:08.004] [SEVERE ] setting player 1 freeze to 0
[21:02:08.004] [SEVERE ] removing player 1 token from slot 5
[21:02:08.005] [SEVERE ] player 1 placing token on slot 5
[21:02:08.008] [SEVERE ] setting player 3 freeze to 0
[21:02:08.008] [SEVERE ] setting player 3 freeze to 0
[21:02:08.008] [SEVERE ] setting player 3 freeze to 0
[21:02:08.009] [SEVERE ] setting player 3 freeze to 0
[21:02:08.009] [SEVERE ] removing player 3 token from slot 8
[21:02:08.009] [SEVERE ] player 3 placing token on slot 4
[21:02:08.018] [SEVERE ] setting player 2 freeze to 0
[21:02:08.020] [SEVERE ] setting player 2 freeze to 0
[21:02:08.021] [SEVERE ] setting player 2 freeze to 0
[21:02:08.021] [SEVERE ] setting player 2 freeze to 0
[21:02:08.022] [SEVERE ] removing player 2 token from slot 2
[21:02:08.022] [SEVERE ] removing player 2 token from slot 11
[21:02:08.022] [SEVERE ] player 2 placing token on slot 8
[21:02:08.022] [SEVERE ] player 2 placing token on slot 4
[21:02:08.039] [SEVERE ] setting player 4 freeze to 0
[21:02:08.039] [SEVERE ] setting player 4 freeze to 0
[21:02:08.039] [SEVERE ] setting player 4 freeze to 0
[21:02:08.039] [SEVERE ] setting player 4 freeze to 0
[21:02:08.039] [SEVERE ] removing player 4 token from slot 5
[21:02:08.039] [SEVERE ] player 4 placing token on slot 9
[21:02:08.047] [SEVERE ] setting player 1 freeze to 0
[21:02:08.047] [SEVERE ] setting player 1 freeze to 0
[21:02:08.048] [SEVERE ] setting player 1 freeze to 0
[21:02:08.048] [SEVERE ] setting player 1 freeze to 0
[21:02:08.049] [SEVERE ] removing player 1 token from slot 10
[21:02:08.049] [SEVERE ] player 1 placing token on slot 7
[21:02:08.058] [SEVERE ] setting player 3 freeze to 0
[21:02:08.063] [SEVERE ] setting player 3 freeze to 0
[21:02:08.065] [SEVERE ] setting player 3 freeze to 0
[21:02:08.067] [SEVERE ] setting player 3 freeze to 0
[21:02:08.068] [SEVERE ] removing player 3 token from slot 4
[21:02:08.068] [SEVERE ] player 3 placing token on slot 4
[21:02:08.069] [SEVERE ] setting player 2 freeze to 0
[21:02:08.069] [SEVERE ] setting player 2 freeze to 0
[21:02:08.070] [SEVERE ] setting player 2 freeze to 0
[21:02:08.070] [SEVERE ] setting player 2 freeze to 0
[21:02:08.071] [SEVERE ] removing player 2 token from slot 8
[21:02:08.071] [SEVERE ] player 2 placing token on slot 7
[21:02:08.078] [SEVERE ] setting player 4 freeze to 0
[21:02:08.078] [SEVERE ] setting player 4 freeze to 0
[21:02:08.079] [SEVERE ] setting player 4 freeze to 0
[21:02:08.080] [SEVERE ] setting player 4 freeze to 0
[21:02:08.080] [SEVERE ] removing player 4 token from slot 8
[21:02:08.080] [SEVERE ] player 4 placing token on slot 8
[21:02:08.089] [SEVERE ] setting player 1 freeze to 0
[21:02:08.089] [SEVERE ] setting player 1 freeze to 0
[21:02:08.090] [SEVERE ] setting player 1 freeze to 0
[21:02:08.090] [SEVERE ] setting player 1 freeze to 0
[21:02:08.091] [SEVERE ] removing player 1 token from slot 5
[21:02:08.091] [SEVERE ] removing player 1 token from slot 11
[21:02:08.091] [SEVERE ] player 1 placing token on slot 2
[21:02:08.091] [SEVERE ] player 1 placing token on slot 9
[21:02:08.099] [SEVERE ] setting player 3 freeze to 0
[21:02:08.099] [SEVERE ] setting player 3 freeze to 0
[21:02:08.100] [SEVERE ] setting player 3 freeze to 0
[21:02:08.100] [SEVERE ] setting player 3 freeze to 0
[21:02:08.101] [SEVERE ] removing player 3 token from slot 4
[21:02:08.101] [SEVERE ] removing player 3 token from slot 9
[21:02:08.101] [SEVERE ] player 3 placing token on slot 5
[21:02:08.102] [SEVERE ] removing player 3 token from slot 5
[21:02:08.102] [SEVERE ] removing player 3 token from slot 1
[21:02:08.103] [SEVERE ] player 3 placing token on slot 1
[21:02:08.103] [SEVERE ] player 3 placing token on slot 11
[21:02:08.103] [SEVERE ] removing player 3 token from slot 1
[21:02:08.104] [SEVERE ] player 3 placing token on slot 9
[21:02:08.105] [SEVERE ] player 3 placing token on slot 4
[21:02:08.109] [SEVERE ] setting player 2 freeze to 0
[21:02:08.109] [SEVERE ] setting player 2 freeze to 0
[21:02:08.110] [SEVERE ] setting player 2 freeze to 0
[21:02:08.110] [SEVERE ] setting player 2 freeze to 0
[21:02:08.111] [SEVERE ] removing player 2 token from slot 4
[21:02:08.111] [SEVERE ] player 2 placing token on slot 8
[21:02:08.120] [SEVERE ] setting player 4 freeze to 0
[21:02:08.120] [SEVERE ] setting player 4 freeze to 0
[21:02:08.120] [SEVERE ] setting player 4 freeze to 0
[21:02:08.122] [SEVERE ] setting player 4 freeze to 0
[21:02:08.124] [SEVERE ] removing player 4 token from slot 8
[21:02:08.124] [SEVERE ] player 4 placing token on slot 5
[21:02:08.130] [SEVERE ] setting player 1 freeze to 0
[21:02:08.130] [SEVERE ] setting player 1 freeze to 0
[21:02:08.131] [SEVERE ] setting player 1 freeze to 0
[21:02:08.131] [SEVERE ] setting player 1 freeze to 0
[21:02:08.132] [SEVERE ] removing player 1 token from slot 9
[21:02:08.132] [SEVERE ] player 1 placing token on slot 8
[21:02:08.140] [SEVERE ] setting player 3 freeze to 0
[21:02:08.140] [SEVERE ] setting player 3 freeze to 0
[21:02:08.141] [SEVERE ] setting player 3 freeze to 0
[21:02:08.141] [SEVERE ] setting player 3 freeze to 0
[21:02:08.142] [SEVERE ] removing player 3 token from slot 4
[21:02:08.142] [SEVERE ] player 3 placing token on slot 10
