[12:34:53.678] [INFO   ] thread main starting.
[12:34:53.685] [SEVERE ] cannot read configuration file config.properties trying from resources.
[12:34:53.686] [SEVERE ] configuration file was loaded from resources directory.
[12:34:54.141] [INFO   ] thread dealer starting.
[12:34:54.141] [INFO   ] Thread dealer starting.
[12:34:54.247] [SEVERE ] placing card 42 in slot 0
[12:34:54.348] [SEVERE ] placing card 15 in slot 1
[12:34:54.448] [SEVERE ] placing card 75 in slot 2
[12:34:54.550] [SEVERE ] placing card 50 in slot 3
[12:34:54.651] [SEVERE ] placing card 78 in slot 4
[12:34:54.752] [SEVERE ] placing card 55 in slot 5
[12:34:54.853] [SEVERE ] placing card 67 in slot 6
[12:34:54.954] [SEVERE ] placing card 32 in slot 7
[12:34:55.056] [SEVERE ] placing card 6 in slot 8
[12:34:55.157] [SEVERE ] placing card 46 in slot 9
[12:34:55.258] [SEVERE ] placing card 80 in slot 10
[12:34:55.360] [SEVERE ] placing card 59 in slot 11
[12:34:55.360] [INFO   ] Thread Thread-1starting.
[12:34:55.360] [SEVERE ] updating countdown to 10000
[12:34:55.360] [INFO   ] Thread Thread-3starting.
[12:34:55.360] [INFO   ] Thread Thread-2starting.
[12:34:55.362] [INFO   ] Thread computer-2 starting.
[12:34:55.361] [INFO   ] Thread computer-0 starting.
[12:34:55.362] [INFO   ] Thread computer-1 starting.
[12:34:56.362] [SEVERE ] updating countdown to 8998
[12:34:57.362] [SEVERE ] updating countdown to 7998
[12:34:58.363] [SEVERE ] updating countdown to 6997
[12:34:59.363] [SEVERE ] updating countdown to 5997
