[18:02:30.824] [INFO   ] thread main starting.
[18:02:30.838] [SEVERE ] cannot read configuration file config.properties trying from resources.
[18:02:30.847] [SEVERE ] configuration file was loaded from resources directory.
[18:02:31.264] [INFO   ] thread dealer starting.
[18:02:31.264] [INFO   ] Thread dealer starting.
[18:02:31.371] [SEVERE ] placing card 48 in slot 0
[18:02:31.472] [SEVERE ] placing card 1 in slot 1
[18:02:31.573] [SEVERE ] placing card 30 in slot 2
[18:02:31.674] [SEVERE ] placing card 43 in slot 3
[18:02:31.775] [SEVERE ] placing card 5 in slot 4
[18:02:31.875] [SEVERE ] placing card 17 in slot 5
[18:02:31.977] [SEVERE ] placing card 37 in slot 6
[18:02:32.077] [SEVERE ] placing card 10 in slot 7
[18:02:32.178] [SEVERE ] placing card 64 in slot 8
[18:02:32.279] [SEVERE ] placing card 25 in slot 9
[18:02:32.380] [SEVERE ] placing card 31 in slot 10
[18:02:32.481] [SEVERE ] placing card 62 in slot 11
[18:02:32.482] [INFO   ] Thread Thread-1starting.
[18:02:32.482] [INFO   ] Thread Thread-4starting.
[18:02:32.482] [SEVERE ] updating countdown to 15000
[18:02:32.482] [INFO   ] Thread Thread-3starting.
[18:02:32.482] [INFO   ] Thread Thread-2starting.
[18:02:32.483] [INFO   ] Thread computer-3 starting.
[18:02:32.486] [SEVERE ] player 4 placing token on slot 2
[18:02:32.486] [SEVERE ] player 4 placing token on slot 7
[18:02:32.487] [SEVERE ] player 4 placing token on slot 11
[18:02:32.483] [INFO   ] Thread computer-0 starting.
[18:02:32.489] [SEVERE ] player 1 placing token on slot 5
[18:02:32.490] [SEVERE ] player 1 placing token on slot 11
[18:02:32.490] [SEVERE ] player 1 placing token on slot 8
[18:02:32.492] [INFO   ] Thread computer-2 starting.
[18:02:32.493] [SEVERE ] player 3 placing token on slot 2
[18:02:32.494] [SEVERE ] player 3 placing token on slot 10
[18:02:32.495] [SEVERE ] player 3 placing token on slot 3
[18:02:32.505] [INFO   ] Thread computer-1 starting.
[18:02:32.505] [SEVERE ] player 2 placing token on slot 3
[18:02:32.507] [SEVERE ] player 2 placing token on slot 4
[18:02:32.508] [SEVERE ] player 2 placing token on slot 1
[18:02:32.626] [SEVERE ] exit button pressed
[18:02:32.726] [SEVERE ] removing card from slot 0
[18:02:32.826] [SEVERE ] removing card from slot 1
[18:02:32.927] [SEVERE ] removing card from slot 2
[18:02:33.027] [SEVERE ] removing card from slot 3
[18:02:33.127] [SEVERE ] removing card from slot 4
[18:02:33.228] [SEVERE ] removing card from slot 5
[18:02:33.328] [SEVERE ] removing card from slot 6
[18:02:33.429] [SEVERE ] removing card from slot 7
[18:02:33.485] [SEVERE ] updating countdown to 13997
[18:02:33.485] [SEVERE ] setting player 4 freeze to 0
[18:02:33.490] [SEVERE ] setting player 4 freeze to 0
[18:02:33.491] [SEVERE ] setting player 4 freeze to 0
[18:02:33.494] [SEVERE ] setting player 4 freeze to 0
[18:02:33.495] [SEVERE ] removing player 4 token from slot 7
[18:02:33.495] [SEVERE ] player 4 placing token on slot 4
[18:02:33.529] [SEVERE ] removing card from slot 8
[18:02:33.630] [SEVERE ] removing card from slot 9
[18:02:33.731] [SEVERE ] removing card from slot 10
[18:02:33.831] [SEVERE ] removing card from slot 11
[18:02:33.831] [SEVERE ] removing all tokens
