[16:04:07.540] [INFO   ] thread main starting.
[16:04:07.549] [SEVERE ] cannot read configuration file config.properties trying from resources.
[16:04:07.551] [SEVERE ] configuration file was loaded from resources directory.
[16:04:07.922] [INFO   ] thread dealer starting.
[16:04:07.935] [INFO   ] Thread dealer starting.
[16:04:08.040] [SEVERE ] placing card 18 in slot 0
[16:04:08.142] [SEVERE ] placing card 32 in slot 1
[16:04:08.243] [SEVERE ] placing card 54 in slot 2
[16:04:08.344] [SEVERE ] placing card 35 in slot 3
[16:04:08.445] [SEVERE ] placing card 14 in slot 4
[16:04:08.546] [SEVERE ] placing card 44 in slot 5
[16:04:08.648] [SEVERE ] placing card 34 in slot 6
[16:04:08.748] [SEVERE ] placing card 39 in slot 7
[16:04:08.849] [SEVERE ] placing card 19 in slot 8
[16:04:08.950] [SEVERE ] placing card 68 in slot 9
[16:04:09.051] [SEVERE ] placing card 13 in slot 10
[16:04:09.152] [SEVERE ] placing card 41 in slot 11
[16:04:09.154] [INFO   ] Thread Thread-1starting.
[16:04:09.154] [INFO   ] Thread Thread-2starting.
[16:04:09.155] [INFO   ] Thread Thread-3starting.
[16:04:09.155] [SEVERE ] updating countdown to 40000
[16:04:09.158] [INFO   ] Thread computer-2 starting.
[16:04:09.157] [INFO   ] Thread computer-0 starting.
[16:04:09.160] [SEVERE ] player 3 placing token on slot 3
[16:04:09.161] [INFO   ] Thread computer-1 starting.
[16:04:09.161] [SEVERE ] player 2 placing token on slot 4
[16:04:09.160] [SEVERE ] player 1 placing token on slot 4
[16:04:09.162] [SEVERE ] player 2 placing token on slot 10
[16:04:09.162] [SEVERE ] player 3 placing token on slot 6
[16:04:09.164] [SEVERE ] player 2 placing token on slot 5
[16:04:09.163] [SEVERE ] player 1 placing token on slot 1
[16:04:09.166] [SEVERE ] player 1 placing token on slot 6
[16:04:09.165] [SEVERE ] player 3 placing token on slot 5
[16:04:10.160] [SEVERE ] updating countdown to 38995
[16:04:10.160] [SEVERE ] setting player 2 freeze to 3000
[16:04:11.160] [SEVERE ] updating countdown to 37995
[16:04:11.160] [SEVERE ] setting player 1 freeze to 3000
[16:04:11.161] [SEVERE ] setting player 2 freeze to 2000
