[16:26:59.857] [INFO   ] thread main starting.
[16:26:59.864] [SEVERE ] cannot read configuration file config.properties trying from resources.
[16:26:59.866] [SEVERE ] configuration file was loaded from resources directory.
[16:27:00.418] [INFO   ] thread dealer starting.
[16:27:00.421] [INFO   ] Thread dealer starting.
[16:27:00.529] [SEVERE ] placing card 6 in slot 0
[16:27:00.645] [SEVERE ] placing card 58 in slot 1
[16:27:00.745] [SEVERE ] placing card 18 in slot 2
[16:27:00.846] [SEVERE ] placing card 57 in slot 3
[16:27:00.946] [SEVERE ] placing card 65 in slot 4
[16:27:01.047] [SEVERE ] placing card 60 in slot 5
[16:27:01.147] [SEVERE ] placing card 48 in slot 6
[16:27:01.248] [SEVERE ] placing card 74 in slot 7
[16:27:01.349] [SEVERE ] placing card 4 in slot 8
[16:27:01.449] [SEVERE ] placing card 24 in slot 9
[16:27:01.550] [SEVERE ] placing card 41 in slot 10
[16:27:01.650] [SEVERE ] placing card 29 in slot 11
[16:27:01.651] [INFO   ] Thread Thread-1starting.
[16:27:01.651] [INFO   ] Thread Thread-2starting.
[16:27:01.651] [INFO   ] Thread Thread-3starting.
[16:27:01.651] [SEVERE ] updating countdown to 5000
[16:27:01.653] [INFO   ] Thread Thread-4starting.
[16:27:01.653] [INFO   ] Thread computer-0 starting.
[16:27:01.659] [SEVERE ] player 1 placing token on slot 8
[16:27:01.659] [SEVERE ] player 1 placing token on slot 6
[16:27:01.660] [SEVERE ] removing player 1 token from slot 8
[16:27:01.660] [SEVERE ] player 1 placing token on slot 2
[16:27:01.660] [SEVERE ] removing player 1 token from slot 2
[16:27:01.660] [SEVERE ] player 1 placing token on slot 11
[16:27:01.660] [SEVERE ] player 1 placing token on slot 9
[16:27:01.653] [INFO   ] Thread computer-1 starting.
[16:27:01.662] [SEVERE ] player 2 placing token on slot 11
[16:27:01.663] [SEVERE ] player 2 placing token on slot 2
[16:27:01.663] [SEVERE ] player 2 placing token on slot 10
[16:27:01.669] [INFO   ] Thread computer-2 starting.
[16:27:01.669] [SEVERE ] player 3 placing token on slot 8
[16:27:01.669] [INFO   ] thread dealer terminated.
[16:27:01.672] [SEVERE ] player 3 placing token on slot 4
[16:27:01.674] [SEVERE ] removing player 3 token from slot 8
[16:27:01.686] [SEVERE ] player 3 placing token on slot 5
[16:27:01.687] [SEVERE ] player 3 placing token on slot 3
[16:27:01.682] [INFO   ] Thread computer-3 starting.
[16:27:01.688] [SEVERE ] player 4 placing token on slot 2
[16:27:01.690] [SEVERE ] player 4 placing token on slot 6
[16:27:01.691] [SEVERE ] removing player 4 token from slot 2
[16:27:01.692] [SEVERE ] player 4 placing token on slot 1
[16:27:01.697] [SEVERE ] player 4 placing token on slot 3
[16:27:06.686] [SEVERE ] thanks for playing... it was fun!
[16:27:06.686] [INFO   ] thread main terminated.
[16:27:06.687] [SEVERE ] disposing of user interface elements
