[21:37:04.037] [INFO   ] thread main starting.
[21:37:04.045] [SEVERE ] cannot read configuration file config.properties trying from resources.
[21:37:04.047] [SEVERE ] configuration file was loaded from resources directory.
[21:37:04.476] [INFO   ] thread dealer starting.
[21:37:04.477] [INFO   ] Thread dealer starting.
[21:37:04.585] [SEVERE ] placing card 23 in slot 0
[21:37:04.686] [SEVERE ] placing card 74 in slot 1
[21:37:04.786] [SEVERE ] placing card 61 in slot 2
[21:37:04.888] [SEVERE ] placing card 13 in slot 3
[21:37:04.988] [SEVERE ] placing card 8 in slot 4
[21:37:05.089] [SEVERE ] placing card 10 in slot 5
[21:37:05.190] [SEVERE ] placing card 50 in slot 6
[21:37:05.291] [SEVERE ] placing card 53 in slot 7
[21:37:05.392] [SEVERE ] placing card 35 in slot 8
[21:37:05.492] [SEVERE ] placing card 49 in slot 9
[21:37:05.593] [SEVERE ] placing card 68 in slot 10
[21:37:05.694] [SEVERE ] placing card 43 in slot 11
[21:37:05.695] [INFO   ] Thread Thread-1starting.
[21:37:05.696] [SEVERE ] updating countdown to 5000
[21:37:05.695] [INFO   ] Thread Thread-3starting.
[21:37:05.697] [INFO   ] Thread computer-0 starting.
[21:37:05.695] [INFO   ] Thread Thread-2starting.
[21:37:05.699] [INFO   ] Thread computer-2 starting.
[21:37:05.697] [INFO   ] Thread Thread-4starting.
[21:37:05.701] [SEVERE ] player 3 placing token on slot 9
[21:37:05.703] [SEVERE ] player 3 placing token on slot 6
[21:37:05.704] [SEVERE ] player 3 placing token on slot 1
[21:37:05.700] [INFO   ] Thread computer-1 starting.
[21:37:05.704] [SEVERE ] player 2 placing token on slot 9
[21:37:05.700] [SEVERE ] player 1 placing token on slot 1
[21:37:05.705] [SEVERE ] player 1 placing token on slot 6
[21:37:05.705] [SEVERE ] player 1 placing token on slot 10
[21:37:05.705] [INFO   ] Thread computer-3 starting.
[21:37:05.707] [SEVERE ] player 4 placing token on slot 8
[21:37:05.708] [SEVERE ] player 4 placing token on slot 5
[21:37:05.709] [SEVERE ] setting player 3 freeze to 0
[21:37:05.717] [SEVERE ] setting player 3 freeze to 0
[21:37:05.717] [SEVERE ] setting player 3 freeze to 0
[21:37:05.717] [SEVERE ] setting player 3 freeze to 0
[21:37:05.720] [SEVERE ] setting player 1 freeze to 0
[21:37:05.721] [SEVERE ] setting player 1 freeze to 0
[21:37:05.721] [SEVERE ] setting player 1 freeze to 0
[21:37:05.724] [SEVERE ] setting player 1 freeze to 0
[21:37:10.697] [SEVERE ] updating countdown to 5000
[21:37:10.698] [SEVERE ] updating countdown to 5000
[21:37:10.799] [SEVERE ] removing card from slot 0
[21:37:10.899] [SEVERE ] removing card from slot 1
[21:37:10.999] [SEVERE ] removing card from slot 2
[21:37:11.100] [SEVERE ] removing card from slot 3
[21:37:11.200] [SEVERE ] removing card from slot 4
[21:37:11.300] [SEVERE ] removing card from slot 5
[21:37:11.401] [SEVERE ] removing card from slot 6
[21:37:11.501] [SEVERE ] removing card from slot 7
[21:37:11.601] [SEVERE ] removing card from slot 8
[21:37:11.702] [SEVERE ] removing card from slot 9
[21:37:11.802] [SEVERE ] removing card from slot 10
[21:37:11.902] [SEVERE ] removing card from slot 11
[21:37:11.902] [SEVERE ] removing all tokens
[21:37:12.004] [SEVERE ] placing card 20 in slot 0
[21:37:12.104] [SEVERE ] placing card 67 in slot 1
[21:37:12.204] [SEVERE ] placing card 2 in slot 2
[21:37:12.305] [SEVERE ] placing card 5 in slot 3
[21:37:12.405] [SEVERE ] placing card 72 in slot 4
[21:37:12.505] [SEVERE ] placing card 65 in slot 5
[21:37:12.606] [SEVERE ] placing card 79 in slot 6
[21:37:12.707] [SEVERE ] placing card 51 in slot 7
[21:37:12.807] [SEVERE ] placing card 29 in slot 8
[21:37:12.908] [SEVERE ] placing card 3 in slot 9
[21:37:13.008] [SEVERE ] placing card 56 in slot 10
[21:37:13.109] [SEVERE ] placing card 17 in slot 11
[21:37:13.109] [INFO   ] Thread Thread-5starting.
[21:37:13.111] [INFO   ] Thread Thread-6starting.
[21:37:13.111] [INFO   ] Thread Thread-7starting.
[21:37:13.111] [SEVERE ] updating countdown to 5000
[21:37:13.111] [INFO   ] Thread Thread-8starting.
[21:37:13.124] [INFO   ] Thread computer-1 starting.
[21:37:13.124] [INFO   ] Thread computer-0 starting.
[21:37:13.136] [INFO   ] Thread computer-2 starting.
[21:37:13.137] [INFO   ] Thread computer-3 starting.
[21:37:18.113] [SEVERE ] updating countdown to 5000
[21:37:18.113] [SEVERE ] updating countdown to 5000
[21:37:18.213] [SEVERE ] removing card from slot 0
[21:37:18.314] [SEVERE ] removing card from slot 1
[21:37:18.414] [SEVERE ] removing card from slot 2
[21:37:18.514] [SEVERE ] removing card from slot 3
[21:37:18.614] [SEVERE ] removing card from slot 4
[21:37:18.715] [SEVERE ] removing card from slot 5
[21:37:18.815] [SEVERE ] removing card from slot 6
[21:37:18.916] [SEVERE ] removing card from slot 7
[21:37:19.016] [SEVERE ] removing card from slot 8
[21:37:19.116] [SEVERE ] removing card from slot 9
[21:37:19.216] [SEVERE ] removing card from slot 10
[21:37:19.317] [SEVERE ] removing card from slot 11
[21:37:19.317] [SEVERE ] removing all tokens
[21:37:19.418] [SEVERE ] placing card 16 in slot 0
[21:37:19.518] [SEVERE ] placing card 26 in slot 1
[21:37:19.618] [SEVERE ] placing card 15 in slot 2
[21:37:19.719] [SEVERE ] placing card 1 in slot 3
[21:37:19.819] [SEVERE ] placing card 63 in slot 4
[21:37:19.920] [SEVERE ] placing card 52 in slot 5
[21:37:20.020] [SEVERE ] placing card 77 in slot 6
[21:37:20.120] [SEVERE ] placing card 21 in slot 7
[21:37:20.221] [SEVERE ] placing card 7 in slot 8
[21:37:20.321] [SEVERE ] placing card 59 in slot 9
[21:37:20.421] [SEVERE ] placing card 28 in slot 10
[21:37:20.522] [SEVERE ] placing card 24 in slot 11
[21:37:20.530] [INFO   ] Thread Thread-9starting.
[21:37:20.545] [INFO   ] Thread Thread-10starting.
[21:37:20.545] [INFO   ] Thread Thread-11starting.
[21:37:20.553] [INFO   ] Thread computer-0 starting.
[21:37:20.553] [SEVERE ] updating countdown to 5000
[21:37:20.553] [INFO   ] Thread Thread-12starting.
[21:37:20.581] [INFO   ] Thread computer-1 starting.
[21:37:20.613] [INFO   ] Thread computer-2 starting.
[21:37:20.629] [INFO   ] Thread computer-3 starting.
[21:37:25.555] [SEVERE ] updating countdown to 5000
[21:37:25.555] [SEVERE ] updating countdown to 5000
[21:37:25.656] [SEVERE ] removing card from slot 0
[21:37:25.761] [SEVERE ] removing card from slot 1
[21:37:25.861] [SEVERE ] removing card from slot 2
[21:37:25.962] [SEVERE ] removing card from slot 3
[21:37:26.062] [SEVERE ] removing card from slot 4
[21:37:26.162] [SEVERE ] removing card from slot 5
[21:37:26.263] [SEVERE ] removing card from slot 6
[21:37:26.363] [SEVERE ] removing card from slot 7
[21:37:26.463] [SEVERE ] removing card from slot 8
[21:37:26.564] [SEVERE ] removing card from slot 9
[21:37:26.664] [SEVERE ] removing card from slot 10
[21:37:26.764] [SEVERE ] removing card from slot 11
[21:37:26.764] [SEVERE ] removing all tokens
[21:37:26.865] [SEVERE ] placing card 6 in slot 0
[21:37:26.965] [SEVERE ] placing card 57 in slot 1
[21:37:27.066] [SEVERE ] placing card 44 in slot 2
[21:37:27.166] [SEVERE ] placing card 58 in slot 3
[21:37:27.266] [SEVERE ] placing card 80 in slot 4
[21:37:27.367] [SEVERE ] placing card 25 in slot 5
[21:37:27.467] [SEVERE ] placing card 69 in slot 6
[21:37:27.567] [SEVERE ] placing card 36 in slot 7
[21:37:27.668] [SEVERE ] placing card 18 in slot 8
[21:37:27.769] [SEVERE ] placing card 12 in slot 9
[21:37:27.869] [SEVERE ] placing card 48 in slot 10
[21:37:27.969] [SEVERE ] placing card 64 in slot 11
[21:37:27.977] [INFO   ] Thread Thread-13starting.
[21:37:27.996] [INFO   ] Thread Thread-14starting.
[21:37:28.021] [INFO   ] Thread computer-0 starting.
[21:37:28.033] [INFO   ] Thread computer-1 starting.
[21:37:28.049] [INFO   ] Thread Thread-15starting.
[21:37:28.057] [SEVERE ] updating countdown to 5000
[21:37:28.057] [INFO   ] Thread Thread-16starting.
[21:37:28.073] [INFO   ] Thread computer-2 starting.
[21:37:28.093] [INFO   ] Thread computer-3 starting.
[21:37:32.057] [SEVERE ] updating countdown to 1000
[21:37:33.061] [SEVERE ] updating countdown to 5000
[21:37:33.061] [SEVERE ] updating countdown to 5000
[21:37:33.162] [SEVERE ] removing card from slot 0
[21:37:33.263] [SEVERE ] removing card from slot 1
[21:37:33.363] [SEVERE ] removing card from slot 2
[21:37:33.464] [SEVERE ] removing card from slot 3
[21:37:33.565] [SEVERE ] removing card from slot 4
[21:37:33.665] [SEVERE ] removing card from slot 5
[21:37:33.765] [SEVERE ] removing card from slot 6
[21:37:33.866] [SEVERE ] removing card from slot 7
[21:37:33.966] [SEVERE ] removing card from slot 8
[21:37:34.066] [SEVERE ] removing card from slot 9
[21:37:34.167] [SEVERE ] removing card from slot 10
[21:37:34.267] [SEVERE ] removing card from slot 11
[21:37:34.267] [SEVERE ] removing all tokens
[21:37:34.368] [SEVERE ] placing card 51 in slot 0
[21:37:34.468] [SEVERE ] placing card 76 in slot 1
[21:37:34.569] [SEVERE ] placing card 62 in slot 2
[21:37:34.670] [SEVERE ] placing card 33 in slot 3
[21:37:34.772] [SEVERE ] placing card 42 in slot 4
[21:37:34.873] [SEVERE ] placing card 32 in slot 5
[21:37:34.973] [SEVERE ] placing card 45 in slot 6
[21:37:35.074] [SEVERE ] placing card 47 in slot 7
[21:37:35.175] [SEVERE ] placing card 40 in slot 8
[21:37:35.275] [SEVERE ] placing card 37 in slot 9
[21:37:35.375] [SEVERE ] placing card 19 in slot 10
[21:37:35.475] [SEVERE ] placing card 75 in slot 11
[21:37:35.478] [INFO   ] Thread Thread-17starting.
[21:37:35.493] [INFO   ] Thread Thread-18starting.
[21:37:35.509] [INFO   ] Thread Thread-19starting.
[21:37:35.521] [SEVERE ] updating countdown to 5000
[21:37:35.521] [INFO   ] Thread Thread-20starting.
[21:37:35.545] [INFO   ] Thread computer-0 starting.
[21:37:35.557] [INFO   ] Thread computer-2 starting.
[21:37:35.585] [INFO   ] Thread computer-3 starting.
[21:37:35.594] [INFO   ] Thread computer-1 starting.
[21:37:36.521] [SEVERE ] updating countdown to 4000
[21:37:40.528] [SEVERE ] updating countdown to 5000
[21:37:40.528] [SEVERE ] updating countdown to 5000
[21:37:40.628] [SEVERE ] removing card from slot 0
[21:37:40.728] [SEVERE ] removing card from slot 1
[21:37:40.877] [SEVERE ] removing card from slot 2
[21:37:40.977] [SEVERE ] removing card from slot 3
[21:37:41.077] [SEVERE ] removing card from slot 4
[21:37:41.177] [SEVERE ] removing card from slot 5
[21:37:41.278] [SEVERE ] removing card from slot 6
[21:37:41.378] [SEVERE ] removing card from slot 7
[21:37:41.478] [SEVERE ] removing card from slot 8
[21:37:41.579] [SEVERE ] removing card from slot 9
[21:37:41.679] [SEVERE ] removing card from slot 10
[21:37:41.779] [SEVERE ] removing card from slot 11
[21:37:41.779] [SEVERE ] removing all tokens
[21:37:41.880] [SEVERE ] placing card 12 in slot 0
[21:37:41.980] [SEVERE ] placing card 70 in slot 1
[21:37:42.080] [SEVERE ] placing card 27 in slot 2
[21:37:42.180] [SEVERE ] placing card 73 in slot 3
[21:37:42.280] [SEVERE ] placing card 41 in slot 4
[21:37:42.381] [SEVERE ] placing card 55 in slot 5
[21:37:42.481] [SEVERE ] placing card 4 in slot 6
[21:37:42.581] [SEVERE ] placing card 71 in slot 7
[21:37:42.681] [SEVERE ] placing card 34 in slot 8
[21:37:42.782] [SEVERE ] placing card 66 in slot 9
[21:37:42.882] [SEVERE ] placing card 9 in slot 10
[21:37:42.982] [SEVERE ] placing card 30 in slot 11
[21:37:42.983] [INFO   ] Thread Thread-21starting.
[21:37:43.000] [INFO   ] Thread Thread-22starting.
[21:37:43.022] [INFO   ] Thread Thread-23starting.
[21:37:43.033] [SEVERE ] updating countdown to 5000
[21:37:43.033] [INFO   ] Thread Thread-24starting.
[21:37:43.057] [INFO   ] Thread computer-1 starting.
[21:37:43.066] [INFO   ] Thread computer-3 starting.
[21:37:43.068] [INFO   ] Thread computer-0 starting.
[21:37:43.103] [INFO   ] Thread computer-2 starting.
[21:37:48.040] [SEVERE ] updating countdown to 5000
[21:37:48.040] [SEVERE ] updating countdown to 5000
[21:37:48.140] [SEVERE ] removing card from slot 0
[21:37:48.241] [SEVERE ] removing card from slot 1
[21:37:48.341] [SEVERE ] removing card from slot 2
[21:37:48.441] [SEVERE ] removing card from slot 3
[21:37:48.541] [SEVERE ] removing card from slot 4
[21:37:48.642] [SEVERE ] removing card from slot 5
[21:37:48.742] [SEVERE ] removing card from slot 6
[21:37:48.842] [SEVERE ] removing card from slot 7
[21:37:48.943] [SEVERE ] removing card from slot 8
[21:37:49.043] [SEVERE ] removing card from slot 9
[21:37:49.143] [SEVERE ] removing card from slot 10
[21:37:49.244] [SEVERE ] removing card from slot 11
[21:37:49.244] [SEVERE ] removing all tokens
[21:37:49.344] [SEVERE ] placing card 22 in slot 0
[21:37:49.445] [SEVERE ] placing card 46 in slot 1
[21:37:49.545] [SEVERE ] placing card 11 in slot 2
[21:37:49.645] [SEVERE ] placing card 54 in slot 3
[21:37:49.746] [SEVERE ] placing card 14 in slot 4
[21:37:49.846] [SEVERE ] placing card 31 in slot 5
[21:37:49.946] [SEVERE ] placing card 60 in slot 6
[21:37:50.047] [SEVERE ] placing card 78 in slot 7
[21:37:50.147] [SEVERE ] placing card 39 in slot 8
[21:37:50.247] [SEVERE ] placing card 38 in slot 9
[21:37:50.347] [SEVERE ] placing card 0 in slot 10
