[22:05:16.848] [INFO   ] thread main starting.
[22:05:16.855] [SEVERE ] cannot read configuration file config.properties trying from resources.
[22:05:16.857] [SEVERE ] configuration file was loaded from resources directory.
[22:05:17.299] [INFO   ] thread dealer starting.
[22:05:17.299] [INFO   ] Thread dealer starting.
[22:05:17.404] [SEVERE ] placing card 45 in slot 0
[22:05:17.505] [SEVERE ] placing card 53 in slot 1
[22:05:17.605] [SEVERE ] placing card 68 in slot 2
[22:05:17.706] [SEVERE ] placing card 3 in slot 3
[22:05:17.808] [SEVERE ] placing card 12 in slot 4
[22:05:17.909] [SEVERE ] placing card 15 in slot 5
[22:05:18.009] [SEVERE ] placing card 50 in slot 6
[22:05:18.110] [SEVERE ] placing card 44 in slot 7
[22:05:18.211] [SEVERE ] placing card 41 in slot 8
[22:05:18.312] [SEVERE ] placing card 13 in slot 9
[22:05:18.413] [SEVERE ] placing card 6 in slot 10
[22:05:18.514] [SEVERE ] placing card 33 in slot 11
[22:05:18.514] [INFO   ] Thread Thread-1starting.
[22:05:18.516] [INFO   ] Thread Thread-2starting.
[22:05:18.521] [INFO   ] Thread Thread-3starting.
[22:05:18.521] [SEVERE ] updating countdown to 5000
[22:05:18.525] [INFO   ] Thread Thread-4starting.
[22:05:18.530] [INFO   ] Thread computer-2 starting.
[22:05:18.531] [SEVERE ] player 3 placing token on slot 5
[22:05:18.532] [SEVERE ] player 3 placing token on slot 8
[22:05:18.532] [SEVERE ] player 3 placing token on slot 7
[22:05:18.537] [SEVERE ] setting player 3 freeze to 0
[22:05:18.539] [SEVERE ] setting player 3 freeze to 0
[22:05:18.543] [SEVERE ] setting player 3 freeze to 0
[22:05:18.544] [SEVERE ] setting player 3 freeze to 0
[22:05:18.544] [SEVERE ] removing player 3 token from slot 5
[22:05:18.544] [SEVERE ] player 3 placing token on slot 2
[22:05:18.544] [INFO   ] Thread computer-0 starting.
[22:05:18.545] [SEVERE ] player 1 placing token on slot 5
[22:05:18.546] [SEVERE ] player 1 placing token on slot 7
[22:05:18.546] [SEVERE ] player 1 placing token on slot 4
[22:05:18.556] [SEVERE ] setting player 3 freeze to 0
[22:05:18.557] [INFO   ] Thread computer-3 starting.
[22:05:18.559] [SEVERE ] player 4 placing token on slot 5
[22:05:18.559] [SEVERE ] removing player 4 token from slot 5
[22:05:18.560] [SEVERE ] player 4 placing token on slot 6
[22:05:18.560] [SEVERE ] player 4 placing token on slot 4
[22:05:18.560] [SEVERE ] player 4 placing token on slot 2
[22:05:18.561] [SEVERE ] setting player 3 freeze to 0
[22:05:18.561] [INFO   ] Thread computer-1 starting.
[22:05:18.570] [SEVERE ] player 2 placing token on slot 9
[22:05:18.566] [SEVERE ] setting player 1 freeze to 0
[22:05:18.561] [SEVERE ] setting player 3 freeze to 0
[22:05:18.570] [SEVERE ] setting player 3 freeze to 0
[22:05:18.570] [SEVERE ] removing player 3 token from slot 8
[22:05:18.570] [SEVERE ] player 3 placing token on slot 1
[22:05:18.570] [SEVERE ] setting player 1 freeze to 0
[22:05:18.570] [SEVERE ] player 2 placing token on slot 8
[22:05:18.574] [SEVERE ] player 2 placing token on slot 1
[22:05:18.573] [SEVERE ] setting player 1 freeze to 0
[22:05:18.574] [SEVERE ] setting player 1 freeze to 0
[22:05:18.575] [SEVERE ] removing player 1 token from slot 4
[22:05:18.575] [SEVERE ] player 1 placing token on slot 11
[22:05:18.576] [SEVERE ] setting player 4 freeze to 0
[22:05:18.577] [SEVERE ] setting player 4 freeze to 0
[22:05:18.577] [SEVERE ] setting player 4 freeze to 0
[22:05:18.578] [SEVERE ] setting player 4 freeze to 0
[22:05:18.578] [SEVERE ] removing player 4 token from slot 2
[22:05:18.578] [SEVERE ] player 4 placing token on slot 7
[22:05:18.587] [SEVERE ] setting player 3 freeze to 0
[22:05:18.587] [SEVERE ] setting player 3 freeze to 0
[22:05:18.588] [SEVERE ] setting player 3 freeze to 0
[22:05:18.588] [SEVERE ] setting player 3 freeze to 0
[22:05:18.588] [SEVERE ] removing player 3 token from slot 7
[22:05:18.588] [SEVERE ] player 3 placing token on slot 10
[22:05:18.598] [SEVERE ] setting player 2 freeze to 0
[22:05:18.598] [SEVERE ] setting player 2 freeze to 0
[22:05:18.598] [SEVERE ] setting player 2 freeze to 0
[22:05:18.598] [SEVERE ] setting player 2 freeze to 0
[22:05:18.598] [SEVERE ] removing player 2 token from slot 8
[22:05:18.598] [SEVERE ] removing player 2 token from slot 9
[22:05:18.598] [SEVERE ] player 2 placing token on slot 8
[22:05:18.598] [SEVERE ] player 2 placing token on slot 3
[22:05:18.608] [SEVERE ] setting player 1 freeze to 0
[22:05:18.608] [SEVERE ] setting player 1 freeze to 0
[22:05:18.609] [SEVERE ] setting player 1 freeze to 0
[22:05:18.609] [SEVERE ] setting player 1 freeze to 0
[22:05:18.610] [SEVERE ] removing player 1 token from slot 7
[22:05:18.610] [SEVERE ] player 1 placing token on slot 8
[22:05:18.618] [SEVERE ] setting player 4 freeze to 0
[22:05:18.619] [SEVERE ] setting player 4 freeze to 0
[22:05:18.619] [SEVERE ] setting player 4 freeze to 0
[22:05:18.619] [SEVERE ] setting player 4 freeze to 0
[22:05:18.619] [SEVERE ] removing player 4 token from slot 7
[22:05:18.619] [SEVERE ] player 4 placing token on slot 2
[22:05:18.629] [SEVERE ] setting player 3 freeze to 0
[22:05:18.629] [SEVERE ] setting player 3 freeze to 0
[22:05:18.630] [SEVERE ] setting player 3 freeze to 0
[22:05:18.630] [SEVERE ] setting player 3 freeze to 0
[22:05:18.631] [SEVERE ] removing player 3 token from slot 2
[22:05:18.632] [SEVERE ] removing player 3 token from slot 1
[22:05:18.633] [SEVERE ] player 3 placing token on slot 2
[22:05:18.633] [SEVERE ] player 3 placing token on slot 3
[22:05:18.639] [SEVERE ] setting player 2 freeze to 0
[22:05:18.639] [SEVERE ] setting player 2 freeze to 0
[22:05:18.640] [SEVERE ] setting player 2 freeze to 0
[22:05:18.640] [SEVERE ] setting player 2 freeze to 0
[22:05:18.641] [SEVERE ] removing player 2 token from slot 3
[22:05:18.641] [SEVERE ] player 2 placing token on slot 4
[22:05:18.650] [SEVERE ] setting player 1 freeze to 0
[22:05:18.650] [SEVERE ] setting player 1 freeze to 0
[22:05:18.650] [SEVERE ] setting player 1 freeze to 0
[22:05:18.651] [SEVERE ] setting player 1 freeze to 0
[22:05:18.651] [SEVERE ] removing player 1 token from slot 8
[22:05:18.652] [SEVERE ] player 1 placing token on slot 1
[22:05:18.660] [SEVERE ] setting player 4 freeze to 0
[22:05:18.660] [SEVERE ] setting player 4 freeze to 0
[22:05:18.661] [SEVERE ] setting player 4 freeze to 0
[22:05:18.661] [SEVERE ] setting player 4 freeze to 0
[22:05:18.661] [SEVERE ] removing player 4 token from slot 2
[22:05:18.662] [SEVERE ] removing player 4 token from slot 6
[22:05:18.662] [SEVERE ] player 4 placing token on slot 5
[22:05:18.663] [SEVERE ] player 4 placing token on slot 11
[22:05:18.670] [SEVERE ] setting player 3 freeze to 0
[22:05:18.670] [SEVERE ] setting player 3 freeze to 0
[22:05:18.671] [SEVERE ] setting player 3 freeze to 0
[22:05:18.671] [SEVERE ] setting player 3 freeze to 0
[22:05:18.672] [SEVERE ] removing player 3 token from slot 3
[22:05:18.672] [SEVERE ] player 3 placing token on slot 3
[22:05:18.680] [SEVERE ] setting player 2 freeze to 0
[22:05:18.681] [SEVERE ] setting player 2 freeze to 0
[22:05:18.681] [SEVERE ] setting player 2 freeze to 0
[22:05:18.682] [SEVERE ] setting player 2 freeze to 0
[22:05:18.682] [SEVERE ] removing player 2 token from slot 4
[22:05:18.683] [SEVERE ] player 2 placing token on slot 11
[22:05:18.691] [SEVERE ] setting player 1 freeze to 0
[22:05:18.691] [SEVERE ] setting player 1 freeze to 0
[22:05:18.692] [SEVERE ] setting player 1 freeze to 0
[22:05:18.692] [SEVERE ] setting player 1 freeze to 0
[22:05:18.693] [SEVERE ] removing player 1 token from slot 1
[22:05:18.694] [SEVERE ] player 1 placing token on slot 7
[22:05:18.701] [SEVERE ] setting player 4 freeze to 0
[22:05:18.701] [SEVERE ] setting player 4 freeze to 0
[22:05:18.702] [SEVERE ] setting player 4 freeze to 0
[22:05:18.702] [SEVERE ] setting player 4 freeze to 0
[22:05:18.703] [SEVERE ] removing player 4 token from slot 11
[22:05:18.703] [SEVERE ] player 4 placing token on slot 8
[22:05:18.711] [SEVERE ] setting player 3 freeze to 0
[22:05:18.711] [SEVERE ] setting player 3 freeze to 0
[22:05:18.712] [SEVERE ] setting player 3 freeze to 0
[22:05:18.713] [SEVERE ] setting player 3 freeze to 0
[22:05:18.713] [SEVERE ] removing player 3 token from slot 10
[22:05:18.714] [SEVERE ] player 3 placing token on slot 5
[22:05:18.722] [SEVERE ] setting player 2 freeze to 0
[22:05:18.722] [SEVERE ] setting player 2 freeze to 0
[22:05:18.722] [SEVERE ] setting player 2 freeze to 0
[22:05:18.723] [SEVERE ] setting player 2 freeze to 0
[22:05:18.723] [SEVERE ] removing player 2 token from slot 1
[22:05:18.724] [SEVERE ] player 2 placing token on slot 5
[22:05:18.732] [SEVERE ] setting player 1 freeze to 0
[22:05:18.732] [SEVERE ] setting player 1 freeze to 0
[22:05:18.733] [SEVERE ] setting player 1 freeze to 0
[22:05:18.733] [SEVERE ] setting player 1 freeze to 0
[22:05:18.734] [SEVERE ] removing player 1 token from slot 7
[22:05:18.735] [SEVERE ] player 1 placing token on slot 6
[22:05:18.743] [SEVERE ] setting player 4 freeze to 0
[22:05:18.743] [SEVERE ] setting player 4 freeze to 0
[22:05:18.743] [SEVERE ] setting player 4 freeze to 0
[22:05:18.744] [SEVERE ] setting player 4 freeze to 0
[22:05:18.745] [SEVERE ] removing player 4 token from slot 5
[22:05:18.745] [SEVERE ] player 4 placing token on slot 7
[22:05:18.753] [SEVERE ] setting player 3 freeze to 0
[22:05:18.753] [SEVERE ] setting player 3 freeze to 0
[22:05:18.753] [SEVERE ] setting player 3 freeze to 0
[22:05:18.754] [SEVERE ] setting player 3 freeze to 0
[22:05:18.755] [SEVERE ] removing player 3 token from slot 2
[22:05:18.755] [SEVERE ] player 3 placing token on slot 9
[22:05:18.763] [SEVERE ] setting player 2 freeze to 0
[22:05:18.763] [SEVERE ] setting player 2 freeze to 0
[22:05:18.764] [SEVERE ] setting player 2 freeze to 0
[22:05:18.764] [SEVERE ] setting player 2 freeze to 0
[22:05:18.765] [SEVERE ] removing player 2 token from slot 8
[22:05:18.765] [SEVERE ] player 2 placing token on slot 6
[22:05:18.773] [SEVERE ] setting player 1 freeze to 0
[22:05:18.773] [SEVERE ] setting player 1 freeze to 0
[22:05:18.774] [SEVERE ] setting player 1 freeze to 0
[22:05:18.774] [SEVERE ] setting player 1 freeze to 0
[22:05:18.775] [SEVERE ] removing player 1 token from slot 11
[22:05:18.776] [SEVERE ] removing player 1 token from slot 5
[22:05:18.776] [SEVERE ] player 1 placing token on slot 3
[22:05:18.777] [SEVERE ] removing player 1 token from slot 6
[22:05:18.778] [SEVERE ] player 1 placing token on slot 9
[22:05:18.779] [SEVERE ] removing player 1 token from slot 3
[22:05:18.780] [SEVERE ] player 1 placing token on slot 6
[22:05:18.781] [SEVERE ] player 1 placing token on slot 1
[22:05:18.784] [SEVERE ] setting player 4 freeze to 0
[22:05:18.784] [SEVERE ] setting player 4 freeze to 0
[22:05:18.784] [SEVERE ] setting player 4 freeze to 0
[22:05:18.785] [SEVERE ] setting player 4 freeze to 0
[22:05:18.785] [SEVERE ] removing player 4 token from slot 4
[22:05:18.786] [SEVERE ] player 4 placing token on slot 4
[22:05:18.794] [SEVERE ] setting player 3 freeze to 0
[22:05:18.795] [SEVERE ] setting player 3 freeze to 0
[22:05:18.795] [SEVERE ] setting player 3 freeze to 0
[22:05:18.795] [SEVERE ] setting player 3 freeze to 0
[22:05:18.796] [SEVERE ] removing player 3 token from slot 9
[22:05:18.796] [SEVERE ] player 3 placing token on slot 4
[22:05:18.804] [SEVERE ] setting player 2 freeze to 0
[22:05:18.804] [SEVERE ] setting player 2 freeze to 0
[22:05:18.805] [SEVERE ] setting player 2 freeze to 0
[22:05:18.805] [SEVERE ] setting player 2 freeze to 0
[22:05:18.806] [SEVERE ] removing player 2 token from slot 5
[22:05:18.806] [SEVERE ] player 2 placing token on slot 5
[22:05:18.814] [SEVERE ] setting player 1 freeze to 0
[22:05:18.815] [SEVERE ] setting player 1 freeze to 0
[22:05:18.815] [SEVERE ] setting player 1 freeze to 0
[22:05:18.816] [SEVERE ] setting player 1 freeze to 0
[22:05:18.816] [SEVERE ] removing player 1 token from slot 6
[22:05:18.817] [SEVERE ] removing player 1 token from slot 1
[22:05:18.817] [SEVERE ] player 1 placing token on slot 1
[22:05:18.818] [SEVERE ] player 1 placing token on slot 6
[22:05:18.825] [SEVERE ] setting player 4 freeze to 0
[22:05:18.825] [SEVERE ] setting player 4 freeze to 0
[22:05:18.826] [SEVERE ] setting player 4 freeze to 0
[22:05:18.826] [SEVERE ] setting player 4 freeze to 0
[22:05:18.827] [SEVERE ] removing player 4 token from slot 8
[22:05:18.827] [SEVERE ] player 4 placing token on slot 10
[22:05:18.835] [SEVERE ] setting player 3 freeze to 0
[22:05:18.835] [SEVERE ] setting player 3 freeze to 0
[22:05:18.836] [SEVERE ] setting player 3 freeze to 0
[22:05:18.836] [SEVERE ] setting player 3 freeze to 0
[22:05:18.837] [SEVERE ] removing player 3 token from slot 5
[22:05:18.837] [SEVERE ] player 3 placing token on slot 9
[22:05:18.845] [SEVERE ] setting player 2 freeze to 0
[22:05:18.846] [SEVERE ] setting player 2 freeze to 0
[22:05:18.846] [SEVERE ] setting player 2 freeze to 0
[22:05:18.847] [SEVERE ] setting player 2 freeze to 0
[22:05:18.848] [SEVERE ] removing player 2 token from slot 5
[22:05:18.848] [SEVERE ] player 2 placing token on slot 8
[22:05:18.856] [SEVERE ] setting player 1 freeze to 0
[22:05:18.856] [SEVERE ] setting player 1 freeze to 0
[22:05:18.856] [SEVERE ] setting player 1 freeze to 0
[22:05:18.857] [SEVERE ] setting player 1 freeze to 0
[22:05:18.857] [SEVERE ] removing player 1 token from slot 1
[22:05:18.858] [SEVERE ] player 1 placing token on slot 11
[22:05:18.866] [SEVERE ] setting player 4 freeze to 0
[22:05:18.866] [SEVERE ] setting player 4 freeze to 0
[22:05:18.867] [SEVERE ] setting player 4 freeze to 0
[22:05:18.868] [SEVERE ] setting player 4 freeze to 0
[22:05:18.868] [SEVERE ] removing player 4 token from slot 7
[22:05:18.869] [SEVERE ] player 4 placing token on slot 8
[22:05:18.876] [SEVERE ] setting player 3 freeze to 0
[22:05:18.876] [SEVERE ] setting player 3 freeze to 0
[22:05:18.878] [SEVERE ] setting player 3 freeze to 0
[22:05:18.878] [SEVERE ] setting player 3 freeze to 0
[22:05:18.879] [SEVERE ] removing player 3 token from slot 9
[22:05:18.879] [SEVERE ] player 3 placing token on slot 5
[22:05:18.887] [SEVERE ] setting player 2 freeze to 0
[22:05:18.887] [SEVERE ] setting player 2 freeze to 0
[22:05:18.888] [SEVERE ] setting player 2 freeze to 0
[22:05:18.888] [SEVERE ] setting player 2 freeze to 0
[22:05:18.889] [SEVERE ] removing player 2 token from slot 8
[22:05:18.890] [SEVERE ] removing player 2 token from slot 11
[22:05:18.890] [SEVERE ] player 2 placing token on slot 4
[22:05:18.891] [SEVERE ] player 2 placing token on slot 8
[22:05:18.897] [SEVERE ] setting player 1 freeze to 0
[22:05:18.897] [SEVERE ] setting player 1 freeze to 0
[22:05:18.898] [SEVERE ] setting player 1 freeze to 0
[22:05:18.898] [SEVERE ] setting player 1 freeze to 0
[22:05:18.899] [SEVERE ] removing player 1 token from slot 6
[22:05:18.900] [SEVERE ] player 1 placing token on slot 2
[22:05:18.907] [SEVERE ] setting player 4 freeze to 0
[22:05:18.907] [SEVERE ] setting player 4 freeze to 0
[22:05:18.908] [SEVERE ] setting player 4 freeze to 0
[22:05:18.909] [SEVERE ] setting player 4 freeze to 0
[22:05:18.909] [SEVERE ] removing player 4 token from slot 4
[22:05:18.910] [SEVERE ] player 4 placing token on slot 4
[22:05:18.917] [SEVERE ] setting player 3 freeze to 0
[22:05:18.918] [SEVERE ] setting player 3 freeze to 0
[22:05:18.918] [SEVERE ] setting player 3 freeze to 0
[22:05:18.919] [SEVERE ] setting player 3 freeze to 0
[22:05:18.919] [SEVERE ] removing player 3 token from slot 3
[22:05:18.920] [SEVERE ] player 3 placing token on slot 1
[22:05:18.928] [SEVERE ] setting player 2 freeze to 0
[22:05:18.928] [SEVERE ] setting player 2 freeze to 0
[22:05:18.929] [SEVERE ] setting player 2 freeze to 0
[22:05:18.929] [SEVERE ] setting player 2 freeze to 0
[22:05:18.930] [SEVERE ] removing player 2 token from slot 8
[22:05:18.930] [SEVERE ] player 2 placing token on slot 3
[22:05:18.938] [SEVERE ] setting player 1 freeze to 0
[22:05:18.938] [SEVERE ] setting player 1 freeze to 0
[22:05:18.939] [SEVERE ] setting player 1 freeze to 0
[22:05:18.940] [SEVERE ] setting player 1 freeze to 0
[22:05:18.940] [SEVERE ] removing player 1 token from slot 2
[22:05:18.941] [SEVERE ] player 1 placing token on slot 10
[22:05:18.948] [SEVERE ] setting player 4 freeze to 0
[22:05:18.949] [SEVERE ] setting player 4 freeze to 0
[22:05:18.949] [SEVERE ] setting player 4 freeze to 0
[22:05:18.950] [SEVERE ] setting player 4 freeze to 0
[22:05:18.951] [SEVERE ] removing player 4 token from slot 8
[22:05:18.951] [SEVERE ] player 4 placing token on slot 3
[22:05:18.959] [SEVERE ] setting player 3 freeze to 0
[22:05:18.959] [SEVERE ] setting player 3 freeze to 0
[22:05:18.959] [SEVERE ] setting player 3 freeze to 0
[22:05:18.960] [SEVERE ] setting player 3 freeze to 0
[22:05:18.960] [SEVERE ] removing player 3 token from slot 5
[22:05:18.961] [SEVERE ] player 3 placing token on slot 9
[22:05:18.969] [SEVERE ] setting player 2 freeze to 0
[22:05:18.969] [SEVERE ] setting player 2 freeze to 0
[22:05:18.970] [SEVERE ] setting player 2 freeze to 0
[22:05:18.970] [SEVERE ] setting player 2 freeze to 0
[22:05:18.970] [SEVERE ] removing player 2 token from slot 6
[22:05:18.971] [SEVERE ] player 2 placing token on slot 10
[22:05:18.979] [SEVERE ] setting player 1 freeze to 0
[22:05:18.979] [SEVERE ] setting player 1 freeze to 0
[22:05:18.980] [SEVERE ] setting player 1 freeze to 0
[22:05:18.980] [SEVERE ] setting player 1 freeze to 0
[22:05:18.981] [SEVERE ] removing player 1 token from slot 10
[22:05:18.981] [SEVERE ] player 1 placing token on slot 5
[22:05:18.989] [SEVERE ] setting player 4 freeze to 0
[22:05:18.989] [SEVERE ] setting player 4 freeze to 0
[22:05:18.990] [SEVERE ] setting player 4 freeze to 0
[22:05:18.991] [SEVERE ] setting player 4 freeze to 0
[22:05:18.991] [SEVERE ] removing player 4 token from slot 3
[22:05:18.992] [SEVERE ] removing player 4 token from slot 10
[22:05:18.992] [SEVERE ] player 4 placing token on slot 9
[22:05:18.993] [SEVERE ] player 4 placing token on slot 1
[22:05:19.000] [SEVERE ] setting player 3 freeze to 0
[22:05:19.000] [SEVERE ] setting player 3 freeze to 0
[22:05:19.000] [SEVERE ] setting player 3 freeze to 0
[22:05:19.001] [SEVERE ] setting player 3 freeze to 0
[22:05:19.001] [SEVERE ] removing player 3 token from slot 4
[22:05:19.002] [SEVERE ] player 3 placing token on slot 7
[22:05:19.010] [SEVERE ] setting player 2 freeze to 0
[22:05:19.011] [SEVERE ] setting player 2 freeze to 0
[22:05:19.011] [SEVERE ] setting player 2 freeze to 0
[22:05:19.012] [SEVERE ] setting player 2 freeze to 0
[22:05:19.012] [SEVERE ] removing player 2 token from slot 10
[22:05:19.013] [SEVERE ] player 2 placing token on slot 5
[22:05:19.020] [SEVERE ] setting player 1 freeze to 0
[22:05:19.020] [SEVERE ] setting player 1 freeze to 0
[22:05:19.021] [SEVERE ] setting player 1 freeze to 0
[22:05:19.021] [SEVERE ] setting player 1 freeze to 0
[22:05:19.022] [SEVERE ] removing player 1 token from slot 5
[22:05:19.022] [SEVERE ] player 1 placing token on slot 5
[22:05:19.031] [SEVERE ] setting player 4 freeze to 0
[22:05:19.031] [SEVERE ] setting player 4 freeze to 0
[22:05:19.032] [SEVERE ] setting player 4 freeze to 0
[22:05:19.032] [SEVERE ] setting player 4 freeze to 0
[22:05:19.033] [SEVERE ] removing player 4 token from slot 4
[22:05:19.033] [SEVERE ] player 4 placing token on slot 7
[22:05:19.041] [SEVERE ] setting player 3 freeze to 0
[22:05:19.041] [SEVERE ] setting player 3 freeze to 0
[22:05:19.042] [SEVERE ] setting player 3 freeze to 0
[22:05:19.042] [SEVERE ] setting player 3 freeze to 0
[22:05:19.043] [SEVERE ] removing player 3 token from slot 9
[22:05:19.043] [SEVERE ] player 3 placing token on slot 5
[22:05:19.051] [SEVERE ] setting player 2 freeze to 0
[22:05:19.051] [SEVERE ] setting player 2 freeze to 0
[22:05:19.053] [SEVERE ] setting player 2 freeze to 0
[22:05:19.055] [SEVERE ] setting player 2 freeze to 0
[22:05:19.055] [SEVERE ] removing player 2 token from slot 3
[22:05:19.056] [SEVERE ] player 2 placing token on slot 1
[22:05:19.061] [SEVERE ] setting player 1 freeze to 0
[22:05:19.062] [SEVERE ] setting player 1 freeze to 0
[22:05:19.062] [SEVERE ] setting player 1 freeze to 0
[22:05:19.063] [SEVERE ] setting player 1 freeze to 0
[22:05:19.063] [SEVERE ] removing player 1 token from slot 9
[22:05:19.064] [SEVERE ] player 1 placing token on slot 2
[22:05:19.072] [SEVERE ] setting player 4 freeze to 0
[22:05:19.072] [SEVERE ] setting player 4 freeze to 0
[22:05:19.073] [SEVERE ] setting player 4 freeze to 0
[22:05:19.073] [SEVERE ] setting player 4 freeze to 0
[22:05:19.074] [SEVERE ] removing player 4 token from slot 9
[22:05:19.074] [SEVERE ] player 4 placing token on slot 2
[22:05:19.082] [SEVERE ] setting player 3 freeze to 0
[22:05:19.082] [SEVERE ] setting player 3 freeze to 0
[22:05:19.083] [SEVERE ] setting player 3 freeze to 0
[22:05:19.083] [SEVERE ] setting player 3 freeze to 0
[22:05:19.084] [SEVERE ] removing player 3 token from slot 5
[22:05:19.084] [SEVERE ] player 3 placing token on slot 6
[22:05:19.092] [SEVERE ] setting player 2 freeze to 0
[22:05:19.092] [SEVERE ] setting player 2 freeze to 0
[22:05:19.093] [SEVERE ] setting player 2 freeze to 0
[22:05:19.094] [SEVERE ] setting player 2 freeze to 0
[22:05:19.094] [SEVERE ] removing player 2 token from slot 1
[22:05:19.095] [SEVERE ] player 2 placing token on slot 1
[22:05:19.103] [SEVERE ] setting player 1 freeze to 0
[22:05:19.103] [SEVERE ] setting player 1 freeze to 0
[22:05:19.103] [SEVERE ] setting player 1 freeze to 0
[22:05:19.104] [SEVERE ] setting player 1 freeze to 0
[22:05:19.104] [SEVERE ] removing player 1 token from slot 11
[22:05:19.105] [SEVERE ] player 1 placing token on slot 1
[22:05:19.113] [SEVERE ] setting player 4 freeze to 0
[22:05:19.113] [SEVERE ] setting player 4 freeze to 0
[22:05:19.114] [SEVERE ] setting player 4 freeze to 0
[22:05:19.114] [SEVERE ] setting player 4 freeze to 0
[22:05:19.115] [SEVERE ] removing player 4 token from slot 2
[22:05:19.115] [SEVERE ] player 4 placing token on slot 10
[22:05:19.123] [SEVERE ] setting player 3 freeze to 0
[22:05:19.123] [SEVERE ] setting player 3 freeze to 0
[22:05:19.124] [SEVERE ] setting player 3 freeze to 0
[22:05:19.124] [SEVERE ] setting player 3 freeze to 0
[22:05:19.125] [SEVERE ] removing player 3 token from slot 1
[22:05:19.125] [SEVERE ] player 3 placing token on slot 1
[22:05:19.133] [SEVERE ] setting player 2 freeze to 0
[22:05:19.134] [SEVERE ] setting player 2 freeze to 0
[22:05:19.134] [SEVERE ] setting player 2 freeze to 0
[22:05:19.135] [SEVERE ] setting player 2 freeze to 0
[22:05:19.135] [SEVERE ] removing player 2 token from slot 5
[22:05:19.136] [SEVERE ] removing player 2 token from slot 4
[22:05:19.136] [SEVERE ] player 2 placing token on slot 7
[22:05:19.137] [SEVERE ] player 2 placing token on slot 4
[22:05:19.144] [SEVERE ] setting player 1 freeze to 0
[22:05:19.145] [SEVERE ] setting player 1 freeze to 0
[22:05:19.145] [SEVERE ] setting player 1 freeze to 0
[22:05:19.146] [SEVERE ] setting player 1 freeze to 0
[22:05:19.146] [SEVERE ] removing player 1 token from slot 2
[22:05:19.147] [SEVERE ] player 1 placing token on slot 4
[22:05:19.155] [SEVERE ] setting player 4 freeze to 0
[22:05:19.155] [SEVERE ] setting player 4 freeze to 0
[22:05:19.155] [SEVERE ] setting player 4 freeze to 0
[22:05:19.156] [SEVERE ] setting player 4 freeze to 0
[22:05:19.156] [SEVERE ] removing player 4 token from slot 1
[22:05:19.156] [SEVERE ] player 4 placing token on slot 6
[22:05:19.165] [SEVERE ] setting player 3 freeze to 0
[22:05:19.165] [SEVERE ] setting player 3 freeze to 0
[22:05:19.167] [SEVERE ] setting player 3 freeze to 0
[22:05:19.167] [SEVERE ] setting player 3 freeze to 0
[22:05:19.168] [SEVERE ] removing player 3 token from slot 7
[22:05:19.168] [SEVERE ] player 3 placing token on slot 2
[22:05:19.175] [SEVERE ] setting player 2 freeze to 0
[22:05:19.175] [SEVERE ] setting player 2 freeze to 0
[22:05:19.176] [SEVERE ] setting player 2 freeze to 0
[22:05:19.176] [SEVERE ] setting player 2 freeze to 0
[22:05:19.177] [SEVERE ] removing player 2 token from slot 4
[22:05:19.179] [SEVERE ] player 2 placing token on slot 4
[22:05:19.185] [SEVERE ] setting player 1 freeze to 0
[22:05:19.185] [SEVERE ] setting player 1 freeze to 0
[22:05:19.186] [SEVERE ] setting player 1 freeze to 0
[22:05:19.187] [SEVERE ] setting player 1 freeze to 0
[22:05:19.187] [SEVERE ] removing player 1 token from slot 4
[22:05:19.188] [SEVERE ] player 1 placing token on slot 11
[22:05:19.195] [SEVERE ] setting player 4 freeze to 0
[22:05:19.196] [SEVERE ] setting player 4 freeze to 0
[22:05:19.196] [SEVERE ] setting player 4 freeze to 0
[22:05:19.197] [SEVERE ] setting player 4 freeze to 0
[22:05:19.197] [SEVERE ] removing player 4 token from slot 7
[22:05:19.198] [SEVERE ] player 4 placing token on slot 7
[22:05:19.206] [SEVERE ] setting player 3 freeze to 0
[22:05:19.206] [SEVERE ] setting player 3 freeze to 0
[22:05:19.206] [SEVERE ] setting player 3 freeze to 0
[22:05:19.207] [SEVERE ] setting player 3 freeze to 0
[22:05:19.207] [SEVERE ] removing player 3 token from slot 2
[22:05:19.208] [SEVERE ] removing player 3 token from slot 6
[22:05:19.208] [SEVERE ] player 3 placing token on slot 7
[22:05:19.209] [SEVERE ] removing player 3 token from slot 1
[22:05:19.209] [SEVERE ] player 3 placing token on slot 9
[22:05:19.210] [SEVERE ] player 3 placing token on slot 10
[22:05:19.216] [SEVERE ] setting player 2 freeze to 0
[22:05:19.216] [SEVERE ] setting player 2 freeze to 0
[22:05:19.217] [SEVERE ] setting player 2 freeze to 0
[22:05:19.217] [SEVERE ] setting player 2 freeze to 0
[22:05:19.218] [SEVERE ] removing player 2 token from slot 7
[22:05:19.218] [SEVERE ] player 2 placing token on slot 3
[22:05:19.226] [SEVERE ] setting player 1 freeze to 0
[22:05:19.226] [SEVERE ] setting player 1 freeze to 0
[22:05:19.228] [SEVERE ] setting player 1 freeze to 0
[22:05:19.228] [SEVERE ] setting player 1 freeze to 0
[22:05:19.229] [SEVERE ] removing player 1 token from slot 11
[22:05:19.229] [SEVERE ] player 1 placing token on slot 3
[22:05:19.236] [SEVERE ] setting player 4 freeze to 0
[22:05:19.237] [SEVERE ] setting player 4 freeze to 0
[22:05:19.237] [SEVERE ] setting player 4 freeze to 0
[22:05:19.238] [SEVERE ] setting player 4 freeze to 0
[22:05:19.238] [SEVERE ] removing player 4 token from slot 6
[22:05:19.239] [SEVERE ] player 4 placing token on slot 4
[22:05:19.247] [SEVERE ] setting player 3 freeze to 0
[22:05:19.247] [SEVERE ] setting player 3 freeze to 0
[22:05:19.247] [SEVERE ] setting player 3 freeze to 0
[22:05:19.248] [SEVERE ] setting player 3 freeze to 0
[22:05:19.248] [SEVERE ] removing player 3 token from slot 9
[22:05:19.249] [SEVERE ] removing player 3 token from slot 7
[22:05:19.249] [SEVERE ] player 3 placing token on slot 3
[22:05:19.250] [SEVERE ] removing player 3 token from slot 10
[22:05:19.250] [SEVERE ] player 3 placing token on slot 7
[22:05:19.251] [SEVERE ] player 3 placing token on slot 8
[22:05:19.257] [SEVERE ] setting player 2 freeze to 0
[22:05:19.257] [SEVERE ] setting player 2 freeze to 0
[22:05:19.258] [SEVERE ] setting player 2 freeze to 0
[22:05:19.258] [SEVERE ] setting player 2 freeze to 0
[22:05:19.258] [SEVERE ] removing player 2 token from slot 1
[22:05:19.259] [SEVERE ] removing player 2 token from slot 3
[22:05:19.259] [SEVERE ] removing player 2 token from slot 4
[22:05:19.260] [SEVERE ] player 2 placing token on slot 2
[22:05:19.260] [SEVERE ] player 2 placing token on slot 3
[22:05:19.260] [SEVERE ] player 2 placing token on slot 10
[22:05:19.267] [SEVERE ] setting player 1 freeze to 0
[22:05:19.267] [SEVERE ] setting player 1 freeze to 0
[22:05:19.267] [SEVERE ] setting player 1 freeze to 0
[22:05:19.267] [SEVERE ] setting player 1 freeze to 0
[22:05:19.268] [SEVERE ] removing player 1 token from slot 3
[22:05:19.269] [SEVERE ] player 1 placing token on slot 7
[22:05:19.278] [SEVERE ] setting player 4 freeze to 0
[22:05:19.278] [SEVERE ] setting player 4 freeze to 0
[22:05:19.278] [SEVERE ] setting player 4 freeze to 0
[22:05:19.279] [SEVERE ] setting player 4 freeze to 0
[22:05:19.279] [SEVERE ] removing player 4 token from slot 7
[22:05:19.280] [SEVERE ] player 4 placing token on slot 7
[22:05:19.288] [SEVERE ] setting player 3 freeze to 0
[22:05:19.288] [SEVERE ] setting player 3 freeze to 0
[22:05:19.288] [SEVERE ] setting player 3 freeze to 0
[22:05:19.289] [SEVERE ] setting player 3 freeze to 0
[22:05:19.290] [SEVERE ] removing player 3 token from slot 7
[22:05:19.290] [SEVERE ] player 3 placing token on slot 11
[22:05:19.299] [SEVERE ] setting player 2 freeze to 0
[22:05:19.299] [SEVERE ] setting player 2 freeze to 0
[22:05:19.299] [SEVERE ] setting player 2 freeze to 0
[22:05:19.300] [SEVERE ] setting player 2 freeze to 0
[22:05:19.300] [SEVERE ] removing player 2 token from slot 10
[22:05:19.301] [SEVERE ] player 2 placing token on slot 6
[22:05:19.309] [SEVERE ] setting player 1 freeze to 0
[22:05:19.309] [SEVERE ] setting player 1 freeze to 0
[22:05:19.310] [SEVERE ] setting player 1 freeze to 0
[22:05:19.310] [SEVERE ] setting player 1 freeze to 0
[22:05:19.311] [SEVERE ] removing player 1 token from slot 5
[22:05:19.311] [SEVERE ] player 1 placing token on slot 4
[22:05:19.320] [SEVERE ] setting player 4 freeze to 0
[22:05:19.320] [SEVERE ] setting player 4 freeze to 0
[22:05:19.320] [SEVERE ] setting player 4 freeze to 0
[22:05:19.321] [SEVERE ] setting player 4 freeze to 0
[22:05:19.321] [SEVERE ] removing player 4 token from slot 7
[22:05:19.322] [SEVERE ] player 4 placing token on slot 6
[22:05:19.329] [SEVERE ] setting player 3 freeze to 0
[22:05:19.330] [SEVERE ] setting player 3 freeze to 0
[22:05:19.330] [SEVERE ] setting player 3 freeze to 0
[22:05:19.330] [SEVERE ] setting player 3 freeze to 0
[22:05:19.331] [SEVERE ] removing player 3 token from slot 8
[22:05:19.331] [SEVERE ] player 3 placing token on slot 8
[22:05:19.340] [SEVERE ] setting player 2 freeze to 0
[22:05:19.340] [SEVERE ] setting player 2 freeze to 0
[22:05:19.340] [SEVERE ] setting player 2 freeze to 0
[22:05:19.341] [SEVERE ] setting player 2 freeze to 0
[22:05:19.341] [SEVERE ] removing player 2 token from slot 2
[22:05:19.342] [SEVERE ] player 2 placing token on slot 9
[22:05:19.350] [SEVERE ] setting player 1 freeze to 0
[22:05:19.350] [SEVERE ] setting player 1 freeze to 0
[22:05:19.351] [SEVERE ] setting player 1 freeze to 0
[22:05:19.351] [SEVERE ] setting player 1 freeze to 0
[22:05:19.351] [SEVERE ] removing player 1 token from slot 1
[22:05:19.352] [SEVERE ] player 1 placing token on slot 3
[22:05:19.361] [SEVERE ] setting player 4 freeze to 0
[22:05:19.361] [SEVERE ] setting player 4 freeze to 0
[22:05:19.362] [SEVERE ] setting player 4 freeze to 0
[22:05:19.362] [SEVERE ] setting player 4 freeze to 0
[22:05:19.363] [SEVERE ] removing player 4 token from slot 10
[22:05:19.363] [SEVERE ] player 4 placing token on slot 10
[22:05:19.371] [SEVERE ] setting player 3 freeze to 0
[22:05:19.372] [SEVERE ] setting player 3 freeze to 0
[22:05:19.372] [SEVERE ] setting player 3 freeze to 0
[22:05:19.372] [SEVERE ] setting player 3 freeze to 0
[22:05:19.373] [SEVERE ] removing player 3 token from slot 11
[22:05:19.373] [SEVERE ] player 3 placing token on slot 4
[22:05:19.382] [SEVERE ] setting player 2 freeze to 0
[22:05:19.382] [SEVERE ] setting player 2 freeze to 0
[22:05:19.382] [SEVERE ] setting player 2 freeze to 0
[22:05:19.383] [SEVERE ] setting player 2 freeze to 0
[22:05:19.383] [SEVERE ] removing player 2 token from slot 3
[22:05:19.384] [SEVERE ] player 2 placing token on slot 5
[22:05:19.392] [SEVERE ] setting player 1 freeze to 0
[22:05:19.392] [SEVERE ] setting player 1 freeze to 0
[22:05:19.392] [SEVERE ] setting player 1 freeze to 0
[22:05:19.393] [SEVERE ] setting player 1 freeze to 0
[22:05:19.394] [SEVERE ] removing player 1 token from slot 7
[22:05:19.394] [SEVERE ] removing player 1 token from slot 3
[22:05:19.394] [SEVERE ] player 1 placing token on slot 3
[22:05:19.394] [SEVERE ] player 1 placing token on slot 9
[22:05:19.402] [SEVERE ] setting player 4 freeze to 0
[22:05:19.402] [SEVERE ] setting player 4 freeze to 0
[22:05:19.403] [SEVERE ] setting player 4 freeze to 0
[22:05:19.403] [SEVERE ] setting player 4 freeze to 0
[22:05:19.404] [SEVERE ] removing player 4 token from slot 6
[22:05:19.405] [SEVERE ] player 4 placing token on slot 5
[22:05:19.413] [SEVERE ] setting player 3 freeze to 0
[22:05:19.413] [SEVERE ] setting player 3 freeze to 0
[22:05:19.413] [SEVERE ] setting player 3 freeze to 0
[22:05:19.414] [SEVERE ] setting player 3 freeze to 0
[22:05:19.414] [SEVERE ] removing player 3 token from slot 3
[22:05:19.415] [SEVERE ] player 3 placing token on slot 3
[22:05:19.423] [SEVERE ] setting player 2 freeze to 0
[22:05:19.423] [SEVERE ] setting player 2 freeze to 0
[22:05:19.424] [SEVERE ] setting player 2 freeze to 0
[22:05:19.424] [SEVERE ] setting player 2 freeze to 0
[22:05:19.425] [SEVERE ] removing player 2 token from slot 6
[22:05:19.425] [SEVERE ] player 2 placing token on slot 11
[22:05:19.433] [SEVERE ] setting player 1 freeze to 0
[22:05:19.433] [SEVERE ] setting player 1 freeze to 0
[22:05:19.434] [SEVERE ] setting player 1 freeze to 0
[22:05:19.434] [SEVERE ] setting player 1 freeze to 0
[22:05:19.435] [SEVERE ] removing player 1 token from slot 3
[22:05:19.435] [SEVERE ] player 1 placing token on slot 11
[22:05:19.443] [SEVERE ] setting player 4 freeze to 0
[22:05:19.444] [SEVERE ] setting player 4 freeze to 0
[22:05:19.445] [SEVERE ] setting player 4 freeze to 0
[22:05:19.445] [SEVERE ] setting player 4 freeze to 0
[22:05:19.445] [SEVERE ] removing player 4 token from slot 5
[22:05:19.446] [SEVERE ] player 4 placing token on slot 6
[22:05:19.455] [SEVERE ] setting player 3 freeze to 0
[22:05:19.455] [SEVERE ] setting player 3 freeze to 0
[22:05:19.455] [SEVERE ] setting player 3 freeze to 0
[22:05:19.456] [SEVERE ] setting player 3 freeze to 0
[22:05:19.456] [SEVERE ] removing player 3 token from slot 3
[22:05:19.457] [SEVERE ] player 3 placing token on slot 5
[22:05:19.465] [SEVERE ] setting player 2 freeze to 0
[22:05:19.465] [SEVERE ] setting player 2 freeze to 0
[22:05:19.465] [SEVERE ] setting player 2 freeze to 0
[22:05:19.465] [SEVERE ] setting player 2 freeze to 0
[22:05:19.466] [SEVERE ] removing player 2 token from slot 11
[22:05:19.466] [SEVERE ] player 2 placing token on slot 8
[22:05:19.475] [SEVERE ] setting player 1 freeze to 0
[22:05:19.475] [SEVERE ] setting player 1 freeze to 0
[22:05:19.476] [SEVERE ] setting player 1 freeze to 0
[22:05:19.477] [SEVERE ] setting player 1 freeze to 0
[22:05:19.478] [SEVERE ] removing player 1 token from slot 4
[22:05:19.478] [SEVERE ] removing player 1 token from slot 9
[22:05:19.478] [SEVERE ] player 1 placing token on slot 5
[22:05:19.478] [SEVERE ] removing player 1 token from slot 11
[22:05:19.478] [SEVERE ] player 1 placing token on slot 10
[22:05:19.478] [SEVERE ] removing player 1 token from slot 5
[22:05:19.479] [SEVERE ] player 1 placing token on slot 5
[22:05:19.480] [SEVERE ] removing player 1 token from slot 5
[22:05:19.480] [SEVERE ] player 1 placing token on slot 6
[22:05:19.481] [SEVERE ] player 1 placing token on slot 5
[22:05:19.485] [SEVERE ] setting player 4 freeze to 0
[22:05:19.485] [SEVERE ] setting player 4 freeze to 0
[22:05:19.486] [SEVERE ] setting player 4 freeze to 0
[22:05:19.486] [SEVERE ] setting player 4 freeze to 0
[22:05:19.487] [SEVERE ] removing player 4 token from slot 4
[22:05:19.487] [SEVERE ] player 4 placing token on slot 9
[22:05:19.495] [SEVERE ] setting player 3 freeze to 0
[22:05:19.496] [SEVERE ] setting player 3 freeze to 0
[22:05:19.496] [SEVERE ] setting player 3 freeze to 0
[22:05:19.497] [SEVERE ] setting player 3 freeze to 0
[22:05:19.497] [SEVERE ] removing player 3 token from slot 8
[22:05:19.498] [SEVERE ] player 3 placing token on slot 2
[22:05:19.506] [SEVERE ] setting player 2 freeze to 0
[22:05:19.506] [SEVERE ] setting player 2 freeze to 0
[22:05:19.506] [SEVERE ] setting player 2 freeze to 0
[22:05:19.507] [SEVERE ] setting player 2 freeze to 0
[22:05:19.508] [SEVERE ] removing player 2 token from slot 8
[22:05:19.508] [SEVERE ] player 2 placing token on slot 7
[22:05:19.517] [SEVERE ] setting player 1 freeze to 0
[22:05:19.517] [SEVERE ] setting player 1 freeze to 0
[22:05:19.518] [SEVERE ] setting player 1 freeze to 0
[22:05:19.518] [SEVERE ] setting player 1 freeze to 0
[22:05:19.519] [SEVERE ] removing player 1 token from slot 5
[22:05:19.519] [SEVERE ] removing player 1 token from slot 10
[22:05:19.520] [SEVERE ] player 1 placing token on slot 8
[22:05:19.520] [SEVERE ] removing player 1 token from slot 6
[22:05:19.521] [SEVERE ] player 1 placing token on slot 10
[22:05:19.521] [SEVERE ] removing player 1 token from slot 8
[22:05:19.522] [SEVERE ] player 1 placing token on slot 5
[22:05:19.523] [SEVERE ] player 1 placing token on slot 4
[22:05:19.528] [SEVERE ] setting player 4 freeze to 0
[22:05:19.528] [SEVERE ] setting player 4 freeze to 0
[22:05:19.529] [SEVERE ] setting player 4 freeze to 0
[22:05:19.529] [SEVERE ] setting player 4 freeze to 0
[22:05:19.529] [SEVERE ] removing player 4 token from slot 6
[22:05:19.530] [SEVERE ] player 4 placing token on slot 4
[22:05:19.538] [SEVERE ] setting player 3 freeze to 0
[22:05:19.538] [SEVERE ] setting player 3 freeze to 0
[22:05:19.539] [SEVERE ] setting player 3 freeze to 0
[22:05:19.539] [SEVERE ] setting player 3 freeze to 0
[22:05:19.540] [SEVERE ] removing player 3 token from slot 5
[22:05:19.540] [SEVERE ] player 3 placing token on slot 8
[22:05:19.548] [SEVERE ] setting player 2 freeze to 0
[22:05:19.549] [SEVERE ] setting player 2 freeze to 0
[22:05:19.549] [SEVERE ] setting player 2 freeze to 0
[22:05:19.549] [SEVERE ] setting player 2 freeze to 0
[22:05:19.550] [SEVERE ] removing player 2 token from slot 7
[22:05:19.550] [SEVERE ] player 2 placing token on slot 10
[22:05:19.559] [SEVERE ] setting player 1 freeze to 0
[22:05:19.559] [SEVERE ] setting player 1 freeze to 0
[22:05:19.559] [SEVERE ] setting player 1 freeze to 0
[22:05:19.560] [SEVERE ] setting player 1 freeze to 0
[22:05:19.562] [SEVERE ] removing player 1 token from slot 10
[22:05:19.562] [SEVERE ] player 1 placing token on slot 7
[22:05:19.570] [SEVERE ] setting player 4 freeze to 0
[22:05:19.570] [SEVERE ] setting player 4 freeze to 0
[22:05:19.571] [SEVERE ] setting player 4 freeze to 0
[22:05:19.571] [SEVERE ] setting player 4 freeze to 0
[22:05:19.572] [SEVERE ] removing player 4 token from slot 9
[22:05:19.572] [SEVERE ] player 4 placing token on slot 1
[22:05:19.580] [SEVERE ] setting player 3 freeze to 0
[22:05:19.580] [SEVERE ] setting player 3 freeze to 0
[22:05:19.580] [SEVERE ] setting player 3 freeze to 0
[22:05:19.581] [SEVERE ] setting player 3 freeze to 0
[22:05:19.581] [SEVERE ] removing player 3 token from slot 4
[22:05:19.582] [SEVERE ] player 3 placing token on slot 6
[22:05:19.590] [SEVERE ] setting player 2 freeze to 0
[22:05:19.590] [SEVERE ] setting player 2 freeze to 0
[22:05:19.591] [SEVERE ] setting player 2 freeze to 0
[22:05:19.591] [SEVERE ] setting player 2 freeze to 0
[22:05:19.592] [SEVERE ] removing player 2 token from slot 9
[22:05:19.592] [SEVERE ] player 2 placing token on slot 9
[22:05:19.600] [SEVERE ] setting player 1 freeze to 0
[22:05:19.600] [SEVERE ] setting player 1 freeze to 0
[22:05:19.602] [SEVERE ] setting player 1 freeze to 0
[22:05:19.602] [SEVERE ] setting player 1 freeze to 0
[22:05:19.603] [SEVERE ] removing player 1 token from slot 5
[22:05:19.603] [SEVERE ] removing player 1 token from slot 4
[22:05:19.604] [SEVERE ] player 1 placing token on slot 3
[22:05:19.604] [SEVERE ] player 1 placing token on slot 10
[22:05:19.611] [SEVERE ] setting player 4 freeze to 0
[22:05:19.611] [SEVERE ] setting player 4 freeze to 0
[22:05:19.611] [SEVERE ] setting player 4 freeze to 0
[22:05:19.612] [SEVERE ] setting player 4 freeze to 0
[22:05:19.612] [SEVERE ] removing player 4 token from slot 10
[22:05:19.613] [SEVERE ] player 4 placing token on slot 3
[22:05:19.621] [SEVERE ] setting player 3 freeze to 0
[22:05:19.621] [SEVERE ] setting player 3 freeze to 0
[22:05:19.621] [SEVERE ] setting player 3 freeze to 0
[22:05:19.622] [SEVERE ] setting player 3 freeze to 0
[22:05:19.622] [SEVERE ] removing player 3 token from slot 8
[22:05:19.623] [SEVERE ] player 3 placing token on slot 5
[22:05:19.631] [SEVERE ] setting player 2 freeze to 0
[22:05:19.631] [SEVERE ] setting player 2 freeze to 0
[22:05:19.632] [SEVERE ] setting player 2 freeze to 0
[22:05:19.632] [SEVERE ] setting player 2 freeze to 0
[22:05:19.633] [SEVERE ] removing player 2 token from slot 5
[22:05:19.633] [SEVERE ] player 2 placing token on slot 5
[22:05:19.641] [SEVERE ] setting player 1 freeze to 0
[22:05:19.641] [SEVERE ] setting player 1 freeze to 0
[22:05:19.642] [SEVERE ] setting player 1 freeze to 0
[22:05:19.642] [SEVERE ] setting player 1 freeze to 0
[22:05:19.643] [SEVERE ] removing player 1 token from slot 10
[22:05:19.644] [SEVERE ] player 1 placing token on slot 10
[22:05:19.651] [SEVERE ] setting player 4 freeze to 0
[22:05:19.652] [SEVERE ] setting player 4 freeze to 0
[22:05:19.652] [SEVERE ] setting player 4 freeze to 0
[22:05:19.653] [SEVERE ] setting player 4 freeze to 0
[22:05:19.655] [SEVERE ] removing player 4 token from slot 4
[22:05:19.655] [SEVERE ] removing player 4 token from slot 3
[22:05:19.656] [SEVERE ] player 4 placing token on slot 4
[22:05:19.656] [SEVERE ] player 4 placing token on slot 10
[22:05:19.662] [SEVERE ] setting player 3 freeze to 0
[22:05:19.662] [SEVERE ] setting player 3 freeze to 0
[22:05:19.662] [SEVERE ] setting player 3 freeze to 0
[22:05:19.663] [SEVERE ] setting player 3 freeze to 0
[22:05:19.664] [SEVERE ] removing player 3 token from slot 2
[22:05:19.664] [SEVERE ] player 3 placing token on slot 9
[22:05:19.672] [SEVERE ] setting player 2 freeze to 0
[22:05:19.672] [SEVERE ] setting player 2 freeze to 0
[22:05:19.673] [SEVERE ] setting player 2 freeze to 0
[22:05:19.673] [SEVERE ] setting player 2 freeze to 0
[22:05:19.673] [SEVERE ] removing player 2 token from slot 5
[22:05:19.674] [SEVERE ] player 2 placing token on slot 6
[22:05:19.682] [SEVERE ] setting player 1 freeze to 0
[22:05:19.682] [SEVERE ] setting player 1 freeze to 0
[22:05:19.683] [SEVERE ] setting player 1 freeze to 0
[22:05:19.683] [SEVERE ] setting player 1 freeze to 0
[22:05:19.684] [SEVERE ] removing player 1 token from slot 10
[22:05:19.684] [SEVERE ] player 1 placing token on slot 8
[22:05:19.692] [SEVERE ] setting player 4 freeze to 0
[22:05:19.693] [SEVERE ] setting player 4 freeze to 0
[22:05:19.694] [SEVERE ] setting player 4 freeze to 0
[22:05:19.694] [SEVERE ] setting player 4 freeze to 0
[22:05:19.694] [SEVERE ] removing player 4 token from slot 10
[22:05:19.694] [SEVERE ] player 4 placing token on slot 5
[22:05:19.703] [SEVERE ] setting player 3 freeze to 0
[22:05:19.703] [SEVERE ] setting player 3 freeze to 0
[22:05:19.704] [SEVERE ] setting player 3 freeze to 0
[22:05:19.704] [SEVERE ] setting player 3 freeze to 0
[22:05:19.705] [SEVERE ] removing player 3 token from slot 5
[22:05:19.705] [SEVERE ] player 3 placing token on slot 7
[22:05:19.714] [SEVERE ] setting player 2 freeze to 0
[22:05:19.714] [SEVERE ] setting player 2 freeze to 0
[22:05:19.715] [SEVERE ] setting player 2 freeze to 0
[22:05:19.715] [SEVERE ] setting player 2 freeze to 0
[22:05:19.718] [SEVERE ] removing player 2 token from slot 10
[22:05:19.722] [SEVERE ] player 2 placing token on slot 11
[22:05:19.724] [SEVERE ] setting player 1 freeze to 0
[22:05:19.727] [SEVERE ] setting player 1 freeze to 0
[22:05:19.728] [SEVERE ] setting player 1 freeze to 0
[22:05:19.728] [SEVERE ] setting player 1 freeze to 0
[22:05:19.729] [SEVERE ] removing player 1 token from slot 8
[22:05:19.729] [SEVERE ] player 1 placing token on slot 2
[22:05:19.735] [SEVERE ] setting player 4 freeze to 0
[22:05:19.735] [SEVERE ] setting player 4 freeze to 0
[22:05:19.735] [SEVERE ] setting player 4 freeze to 0
[22:05:19.736] [SEVERE ] setting player 4 freeze to 0
[22:05:19.736] [SEVERE ] removing player 4 token from slot 5
[22:05:19.737] [SEVERE ] removing player 4 token from slot 1
[22:05:19.737] [SEVERE ] player 4 placing token on slot 5
[22:05:19.738] [SEVERE ] player 4 placing token on slot 8
[22:05:19.745] [SEVERE ] setting player 3 freeze to 0
[22:05:19.746] [SEVERE ] setting player 3 freeze to 0
[22:05:19.747] [SEVERE ] setting player 3 freeze to 0
[22:05:19.747] [SEVERE ] setting player 3 freeze to 0
[22:05:19.747] [SEVERE ] removing player 3 token from slot 7
[22:05:19.748] [SEVERE ] player 3 placing token on slot 11
[22:05:19.755] [SEVERE ] setting player 2 freeze to 0
[22:05:19.756] [SEVERE ] setting player 2 freeze to 0
[22:05:19.756] [SEVERE ] setting player 2 freeze to 0
[22:05:19.756] [SEVERE ] setting player 2 freeze to 0
[22:05:19.757] [SEVERE ] removing player 2 token from slot 11
[22:05:19.757] [SEVERE ] player 2 placing token on slot 1
[22:05:19.765] [SEVERE ] setting player 1 freeze to 0
[22:05:19.766] [SEVERE ] setting player 1 freeze to 0
[22:05:19.767] [SEVERE ] setting player 1 freeze to 0
[22:05:19.767] [SEVERE ] setting player 1 freeze to 0
[22:05:19.767] [SEVERE ] removing player 1 token from slot 3
[22:05:19.768] [SEVERE ] player 1 placing token on slot 6
[22:05:19.776] [SEVERE ] setting player 4 freeze to 0
[22:05:19.776] [SEVERE ] setting player 4 freeze to 0
[22:05:19.777] [SEVERE ] setting player 4 freeze to 0
[22:05:19.777] [SEVERE ] setting player 4 freeze to 0
[22:05:19.778] [SEVERE ] removing player 4 token from slot 5
[22:05:19.778] [SEVERE ] player 4 placing token on slot 11
[22:05:19.786] [SEVERE ] setting player 3 freeze to 0
[22:05:19.786] [SEVERE ] setting player 3 freeze to 0
[22:05:19.787] [SEVERE ] setting player 3 freeze to 0
[22:05:19.787] [SEVERE ] setting player 3 freeze to 0
[22:05:19.787] [SEVERE ] removing player 3 token from slot 9
[22:05:19.788] [SEVERE ] player 3 placing token on slot 3
[22:05:19.796] [SEVERE ] setting player 2 freeze to 0
[22:05:19.797] [SEVERE ] setting player 2 freeze to 0
[22:05:19.797] [SEVERE ] setting player 2 freeze to 0
[22:05:19.797] [SEVERE ] setting player 2 freeze to 0
[22:05:19.798] [SEVERE ] removing player 2 token from slot 9
[22:05:19.798] [SEVERE ] removing player 2 token from slot 1
[22:05:19.799] [SEVERE ] player 2 placing token on slot 7
[22:05:19.799] [SEVERE ] player 2 placing token on slot 3
[22:05:19.807] [SEVERE ] setting player 1 freeze to 0
[22:05:19.807] [SEVERE ] setting player 1 freeze to 0
[22:05:19.808] [SEVERE ] setting player 1 freeze to 0
[22:05:19.808] [SEVERE ] setting player 1 freeze to 0
[22:05:19.809] [SEVERE ] removing player 1 token from slot 2
[22:05:19.809] [SEVERE ] removing player 1 token from slot 7
[22:05:19.810] [SEVERE ] player 1 placing token on slot 2
[22:05:19.811] [SEVERE ] removing player 1 token from slot 6
[22:05:19.811] [SEVERE ] player 1 placing token on slot 5
[22:05:19.811] [SEVERE ] player 1 placing token on slot 11
[22:05:19.817] [SEVERE ] setting player 4 freeze to 0
[22:05:19.817] [SEVERE ] setting player 4 freeze to 0
[22:05:19.817] [SEVERE ] setting player 4 freeze to 0
[22:05:19.818] [SEVERE ] setting player 4 freeze to 0
[22:05:19.818] [SEVERE ] removing player 4 token from slot 11
[22:05:19.819] [SEVERE ] player 4 placing token on slot 9
[22:05:19.827] [SEVERE ] setting player 3 freeze to 0
[22:05:19.827] [SEVERE ] setting player 3 freeze to 0
[22:05:19.828] [SEVERE ] setting player 3 freeze to 0
[22:05:19.828] [SEVERE ] setting player 3 freeze to 0
[22:05:19.829] [SEVERE ] removing player 3 token from slot 6
[22:05:19.829] [SEVERE ] removing player 3 token from slot 11
[22:05:19.830] [SEVERE ] player 3 placing token on slot 2
[22:05:19.831] [SEVERE ] player 3 placing token on slot 6
[22:05:19.837] [SEVERE ] setting player 2 freeze to 0
[22:05:19.837] [SEVERE ] setting player 2 freeze to 0
[22:05:19.838] [SEVERE ] setting player 2 freeze to 0
[22:05:19.839] [SEVERE ] setting player 2 freeze to 0
[22:05:19.839] [SEVERE ] removing player 2 token from slot 7
[22:05:19.840] [SEVERE ] player 2 placing token on slot 5
[22:05:19.847] [SEVERE ] setting player 1 freeze to 0
[22:05:19.848] [SEVERE ] setting player 1 freeze to 0
[22:05:19.848] [SEVERE ] setting player 1 freeze to 0
[22:05:19.849] [SEVERE ] setting player 1 freeze to 0
[22:05:19.849] [SEVERE ] removing player 1 token from slot 11
[22:05:19.849] [SEVERE ] player 1 placing token on slot 3
[22:05:19.858] [SEVERE ] setting player 4 freeze to 0
[22:05:19.858] [SEVERE ] setting player 4 freeze to 0
[22:05:19.859] [SEVERE ] setting player 4 freeze to 0
[22:05:19.859] [SEVERE ] setting player 4 freeze to 0
[22:05:19.860] [SEVERE ] removing player 4 token from slot 8
[22:05:19.860] [SEVERE ] removing player 4 token from slot 4
[22:05:19.861] [SEVERE ] player 4 placing token on slot 11
[22:05:19.861] [SEVERE ] player 4 placing token on slot 2
[22:05:19.868] [SEVERE ] setting player 3 freeze to 0
[22:05:19.869] [SEVERE ] setting player 3 freeze to 0
[22:05:19.869] [SEVERE ] setting player 3 freeze to 0
[22:05:19.869] [SEVERE ] setting player 3 freeze to 0
[22:05:19.870] [SEVERE ] removing player 3 token from slot 2
[22:05:19.870] [SEVERE ] player 3 placing token on slot 10
[22:05:19.878] [SEVERE ] setting player 2 freeze to 0
[22:05:19.879] [SEVERE ] setting player 2 freeze to 0
[22:05:19.879] [SEVERE ] setting player 2 freeze to 0
[22:05:19.879] [SEVERE ] setting player 2 freeze to 0
[22:05:19.880] [SEVERE ] removing player 2 token from slot 5
[22:05:19.880] [SEVERE ] player 2 placing token on slot 1
[22:05:19.889] [SEVERE ] setting player 1 freeze to 0
[22:05:19.889] [SEVERE ] setting player 1 freeze to 0
[22:05:19.890] [SEVERE ] setting player 1 freeze to 0
[22:05:19.890] [SEVERE ] setting player 1 freeze to 0
[22:05:19.891] [SEVERE ] removing player 1 token from slot 2
[22:05:19.891] [SEVERE ] player 1 placing token on slot 9
[22:05:19.899] [SEVERE ] setting player 4 freeze to 0
[22:05:19.899] [SEVERE ] setting player 4 freeze to 0
[22:05:19.899] [SEVERE ] setting player 4 freeze to 0
[22:05:19.900] [SEVERE ] setting player 4 freeze to 0
[22:05:19.900] [SEVERE ] removing player 4 token from slot 2
[22:05:19.901] [SEVERE ] player 4 placing token on slot 10
[22:05:19.909] [SEVERE ] setting player 3 freeze to 0
[22:05:19.909] [SEVERE ] setting player 3 freeze to 0
[22:05:19.910] [SEVERE ] setting player 3 freeze to 0
[22:05:19.910] [SEVERE ] setting player 3 freeze to 0
[22:05:19.910] [SEVERE ] removing player 3 token from slot 3
[22:05:19.911] [SEVERE ] removing player 3 token from slot 10
[22:05:19.911] [SEVERE ] player 3 placing token on slot 1
[22:05:19.912] [SEVERE ] player 3 placing token on slot 4
[22:05:19.919] [SEVERE ] setting player 2 freeze to 0
[22:05:19.919] [SEVERE ] setting player 2 freeze to 0
[22:05:19.919] [SEVERE ] setting player 2 freeze to 0
[22:05:19.921] [SEVERE ] setting player 2 freeze to 0
[22:05:19.921] [SEVERE ] removing player 2 token from slot 3
[22:05:19.922] [SEVERE ] player 2 placing token on slot 2
[22:05:19.930] [SEVERE ] setting player 1 freeze to 0
[22:05:19.930] [SEVERE ] setting player 1 freeze to 0
[22:05:19.930] [SEVERE ] setting player 1 freeze to 0
[22:05:19.932] [SEVERE ] setting player 1 freeze to 0
[22:05:19.934] [SEVERE ] removing player 1 token from slot 3
[22:05:19.935] [SEVERE ] player 1 placing token on slot 4
[22:05:19.940] [SEVERE ] setting player 4 freeze to 0
[22:05:19.940] [SEVERE ] setting player 4 freeze to 0
[22:05:19.941] [SEVERE ] setting player 4 freeze to 0
[22:05:19.941] [SEVERE ] setting player 4 freeze to 0
[22:05:19.942] [SEVERE ] removing player 4 token from slot 9
[22:05:19.943] [SEVERE ] player 4 placing token on slot 9
[22:05:19.950] [SEVERE ] setting player 3 freeze to 0
[22:05:19.950] [SEVERE ] setting player 3 freeze to 0
[22:05:19.950] [SEVERE ] setting player 3 freeze to 0
[22:05:19.951] [SEVERE ] setting player 3 freeze to 0
[22:05:19.951] [SEVERE ] removing player 3 token from slot 4
[22:05:19.952] [SEVERE ] player 3 placing token on slot 4
[22:05:19.961] [SEVERE ] setting player 2 freeze to 0
[22:05:19.961] [SEVERE ] setting player 2 freeze to 0
[22:05:19.961] [SEVERE ] setting player 2 freeze to 0
[22:05:19.961] [SEVERE ] setting player 2 freeze to 0
[22:05:19.961] [SEVERE ] removing player 2 token from slot 6
[22:05:19.961] [SEVERE ] player 2 placing token on slot 9
[22:05:19.971] [SEVERE ] setting player 1 freeze to 0
[22:05:19.971] [SEVERE ] setting player 1 freeze to 0
[22:05:19.971] [SEVERE ] setting player 1 freeze to 0
[22:05:19.972] [SEVERE ] setting player 1 freeze to 0
[22:05:19.972] [SEVERE ] removing player 1 token from slot 9
[22:05:19.973] [SEVERE ] player 1 placing token on slot 6
[22:05:19.981] [SEVERE ] setting player 4 freeze to 0
[22:05:19.981] [SEVERE ] setting player 4 freeze to 0
[22:05:19.981] [SEVERE ] setting player 4 freeze to 0
[22:05:19.982] [SEVERE ] setting player 4 freeze to 0
[22:05:19.983] [SEVERE ] removing player 4 token from slot 10
[22:05:19.983] [SEVERE ] player 4 placing token on slot 3
[22:05:19.992] [SEVERE ] setting player 3 freeze to 0
[22:05:19.992] [SEVERE ] setting player 3 freeze to 0
[22:05:19.992] [SEVERE ] setting player 3 freeze to 0
[22:05:19.993] [SEVERE ] setting player 3 freeze to 0
[22:05:19.997] [SEVERE ] removing player 3 token from slot 6
[22:05:19.997] [SEVERE ] removing player 3 token from slot 4
[22:05:19.998] [SEVERE ] player 3 placing token on slot 9
[22:05:19.998] [SEVERE ] player 3 placing token on slot 7
[22:05:20.002] [SEVERE ] setting player 2 freeze to 0
[22:05:20.002] [SEVERE ] setting player 2 freeze to 0
[22:05:20.003] [SEVERE ] setting player 2 freeze to 0
[22:05:20.003] [SEVERE ] setting player 2 freeze to 0
[22:05:20.003] [SEVERE ] removing player 2 token from slot 1
[22:05:20.004] [SEVERE ] removing player 2 token from slot 9
[22:05:20.004] [SEVERE ] player 2 placing token on slot 3
[22:05:20.005] [SEVERE ] player 2 placing token on slot 7
[22:05:20.012] [SEVERE ] setting player 1 freeze to 0
[22:05:20.013] [SEVERE ] setting player 1 freeze to 0
[22:05:20.013] [SEVERE ] setting player 1 freeze to 0
[22:05:20.014] [SEVERE ] setting player 1 freeze to 0
[22:05:20.015] [SEVERE ] removing player 1 token from slot 5
[22:05:20.015] [SEVERE ] removing player 1 token from slot 4
[22:05:20.016] [SEVERE ] player 1 placing token on slot 3
[22:05:20.016] [SEVERE ] player 1 placing token on slot 5
[22:05:20.023] [SEVERE ] setting player 4 freeze to 0
[22:05:20.023] [SEVERE ] setting player 4 freeze to 0
[22:05:20.023] [SEVERE ] setting player 4 freeze to 0
[22:05:20.024] [SEVERE ] setting player 4 freeze to 0
[22:05:20.024] [SEVERE ] removing player 4 token from slot 3
[22:05:20.025] [SEVERE ] player 4 placing token on slot 5
[22:05:20.033] [SEVERE ] setting player 3 freeze to 0
[22:05:20.033] [SEVERE ] setting player 3 freeze to 0
[22:05:20.034] [SEVERE ] setting player 3 freeze to 0
[22:05:20.034] [SEVERE ] setting player 3 freeze to 0
[22:05:20.035] [SEVERE ] removing player 3 token from slot 7
[22:05:20.035] [SEVERE ] removing player 3 token from slot 1
[22:05:20.035] [SEVERE ] player 3 placing token on slot 11
[22:05:20.035] [SEVERE ] player 3 placing token on slot 7
[22:05:20.043] [SEVERE ] setting player 2 freeze to 0
[22:05:20.043] [SEVERE ] setting player 2 freeze to 0
[22:05:20.044] [SEVERE ] setting player 2 freeze to 0
[22:05:20.044] [SEVERE ] setting player 2 freeze to 0
[22:05:20.045] [SEVERE ] removing player 2 token from slot 3
[22:05:20.045] [SEVERE ] player 2 placing token on slot 5
[22:05:20.053] [SEVERE ] setting player 1 freeze to 0
[22:05:20.053] [SEVERE ] setting player 1 freeze to 0
[22:05:20.054] [SEVERE ] setting player 1 freeze to 0
[22:05:20.054] [SEVERE ] setting player 1 freeze to 0
[22:05:20.055] [SEVERE ] removing player 1 token from slot 3
[22:05:20.055] [SEVERE ] player 1 placing token on slot 7
[22:05:20.064] [SEVERE ] setting player 4 freeze to 0
[22:05:20.064] [SEVERE ] setting player 4 freeze to 0
[22:05:20.064] [SEVERE ] setting player 4 freeze to 0
[22:05:20.065] [SEVERE ] setting player 4 freeze to 0
[22:05:20.065] [SEVERE ] removing player 4 token from slot 9
[22:05:20.065] [SEVERE ] player 4 placing token on slot 2
[22:05:20.074] [SEVERE ] setting player 3 freeze to 0
[22:05:20.074] [SEVERE ] setting player 3 freeze to 0
[22:05:20.075] [SEVERE ] setting player 3 freeze to 0
[22:05:20.075] [SEVERE ] setting player 3 freeze to 0
[22:05:20.076] [SEVERE ] removing player 3 token from slot 11
[22:05:20.077] [SEVERE ] player 3 placing token on slot 11
[22:05:20.084] [SEVERE ] setting player 2 freeze to 0
[22:05:20.084] [SEVERE ] setting player 2 freeze to 0
[22:05:20.085] [SEVERE ] setting player 2 freeze to 0
[22:05:20.085] [SEVERE ] setting player 2 freeze to 0
[22:05:20.086] [SEVERE ] removing player 2 token from slot 2
[22:05:20.086] [SEVERE ] removing player 2 token from slot 5
[22:05:20.087] [SEVERE ] player 2 placing token on slot 4
[22:05:20.089] [SEVERE ] removing player 2 token from slot 4
[22:05:20.092] [SEVERE ] player 2 placing token on slot 6
[22:05:20.092] [SEVERE ] player 2 placing token on slot 3
[22:05:20.094] [SEVERE ] setting player 1 freeze to 0
[22:05:20.099] [SEVERE ] setting player 1 freeze to 0
[22:05:20.099] [SEVERE ] setting player 1 freeze to 0
[22:05:20.099] [SEVERE ] setting player 1 freeze to 0
[22:05:20.100] [SEVERE ] removing player 1 token from slot 5
[22:05:20.100] [SEVERE ] player 1 placing token on slot 4
[22:05:20.105] [SEVERE ] setting player 4 freeze to 0
[22:05:20.105] [SEVERE ] setting player 4 freeze to 0
[22:05:20.105] [SEVERE ] setting player 4 freeze to 0
[22:05:20.105] [SEVERE ] setting player 4 freeze to 0
[22:05:20.107] [SEVERE ] removing player 4 token from slot 2
[22:05:20.107] [SEVERE ] player 4 placing token on slot 8
[22:05:20.115] [SEVERE ] setting player 3 freeze to 0
[22:05:20.115] [SEVERE ] setting player 3 freeze to 0
[22:05:20.115] [SEVERE ] setting player 3 freeze to 0
[22:05:20.115] [SEVERE ] setting player 3 freeze to 0
[22:05:20.116] [SEVERE ] removing player 3 token from slot 7
[22:05:20.116] [SEVERE ] player 3 placing token on slot 2
[22:05:20.125] [SEVERE ] setting player 2 freeze to 0
[22:05:20.125] [SEVERE ] setting player 2 freeze to 0
[22:05:20.126] [SEVERE ] setting player 2 freeze to 0
[22:05:20.127] [SEVERE ] setting player 2 freeze to 0
[22:05:20.127] [SEVERE ] removing player 2 token from slot 6
[22:05:20.128] [SEVERE ] player 2 placing token on slot 2
[22:05:20.135] [SEVERE ] setting player 1 freeze to 0
[22:05:20.136] [SEVERE ] setting player 1 freeze to 0
[22:05:20.136] [SEVERE ] setting player 1 freeze to 0
[22:05:20.137] [SEVERE ] setting player 1 freeze to 0
[22:05:20.137] [SEVERE ] removing player 1 token from slot 6
[22:05:20.138] [SEVERE ] player 1 placing token on slot 2
[22:05:20.146] [SEVERE ] setting player 4 freeze to 0
[22:05:20.146] [SEVERE ] setting player 4 freeze to 0
[22:05:20.146] [SEVERE ] setting player 4 freeze to 0
[22:05:20.147] [SEVERE ] setting player 4 freeze to 0
[22:05:20.147] [SEVERE ] removing player 4 token from slot 11
[22:05:20.148] [SEVERE ] player 4 placing token on slot 7
[22:05:20.156] [SEVERE ] setting player 3 freeze to 0
[22:05:20.156] [SEVERE ] setting player 3 freeze to 0
[22:05:20.156] [SEVERE ] setting player 3 freeze to 0
[22:05:20.157] [SEVERE ] setting player 3 freeze to 0
[22:05:20.157] [SEVERE ] removing player 3 token from slot 9
[22:05:20.158] [SEVERE ] player 3 placing token on slot 3
[22:05:20.166] [SEVERE ] setting player 2 freeze to 0
[22:05:20.166] [SEVERE ] setting player 2 freeze to 0
[22:05:20.167] [SEVERE ] setting player 2 freeze to 0
[22:05:20.167] [SEVERE ] setting player 2 freeze to 0
[22:05:20.168] [SEVERE ] removing player 2 token from slot 2
[22:05:20.168] [SEVERE ] player 2 placing token on slot 1
[22:05:20.177] [SEVERE ] setting player 1 freeze to 0
[22:05:20.177] [SEVERE ] setting player 1 freeze to 0
[22:05:20.177] [SEVERE ] setting player 1 freeze to 0
[22:05:20.178] [SEVERE ] setting player 1 freeze to 0
[22:05:20.178] [SEVERE ] removing player 1 token from slot 7
[22:05:20.179] [SEVERE ] player 1 placing token on slot 6
[22:05:20.187] [SEVERE ] setting player 4 freeze to 0
[22:05:20.187] [SEVERE ] setting player 4 freeze to 0
[22:05:20.187] [SEVERE ] setting player 4 freeze to 0
[22:05:20.188] [SEVERE ] setting player 4 freeze to 0
[22:05:20.188] [SEVERE ] removing player 4 token from slot 5
[22:05:20.189] [SEVERE ] removing player 4 token from slot 8
[22:05:20.189] [SEVERE ] removing player 4 token from slot 7
[22:05:20.190] [SEVERE ] player 4 placing token on slot 7
[22:05:20.190] [SEVERE ] removing player 4 token from slot 7
[22:05:20.191] [SEVERE ] player 4 placing token on slot 2
[22:05:20.191] [SEVERE ] player 4 placing token on slot 9
[22:05:20.192] [SEVERE ] player 4 placing token on slot 11
[22:05:20.197] [SEVERE ] setting player 3 freeze to 0
[22:05:20.197] [SEVERE ] setting player 3 freeze to 0
[22:05:20.197] [SEVERE ] setting player 3 freeze to 0
[22:05:20.198] [SEVERE ] setting player 3 freeze to 0
[22:05:20.198] [SEVERE ] removing player 3 token from slot 11
[22:05:20.199] [SEVERE ] player 3 placing token on slot 6
[22:05:20.208] [SEVERE ] setting player 2 freeze to 0
[22:05:20.208] [SEVERE ] setting player 2 freeze to 0
[22:05:20.208] [SEVERE ] setting player 2 freeze to 0
[22:05:20.209] [SEVERE ] setting player 2 freeze to 0
[22:05:20.209] [SEVERE ] removing player 2 token from slot 7
[22:05:20.211] [SEVERE ] player 2 placing token on slot 9
[22:05:20.218] [SEVERE ] setting player 1 freeze to 0
[22:05:20.218] [SEVERE ] setting player 1 freeze to 0
[22:05:20.218] [SEVERE ] setting player 1 freeze to 0
[22:05:20.219] [SEVERE ] setting player 1 freeze to 0
[22:05:20.219] [SEVERE ] removing player 1 token from slot 6
[22:05:20.220] [SEVERE ] player 1 placing token on slot 1
[22:05:20.228] [SEVERE ] setting player 4 freeze to 0
[22:05:20.228] [SEVERE ] setting player 4 freeze to 0
[22:05:20.228] [SEVERE ] setting player 4 freeze to 0
[22:05:20.229] [SEVERE ] setting player 4 freeze to 0
[22:05:20.229] [SEVERE ] removing player 4 token from slot 2
[22:05:20.230] [SEVERE ] player 4 placing token on slot 5
[22:05:20.238] [SEVERE ] setting player 3 freeze to 0
[22:05:20.238] [SEVERE ] setting player 3 freeze to 0
[22:05:20.238] [SEVERE ] setting player 3 freeze to 0
[22:05:20.239] [SEVERE ] setting player 3 freeze to 0
[22:05:20.240] [SEVERE ] removing player 3 token from slot 2
[22:05:20.240] [SEVERE ] player 3 placing token on slot 9
[22:05:20.248] [SEVERE ] setting player 2 freeze to 0
[22:05:20.249] [SEVERE ] setting player 2 freeze to 0
[22:05:20.249] [SEVERE ] setting player 2 freeze to 0
[22:05:20.249] [SEVERE ] setting player 2 freeze to 0
[22:05:20.250] [SEVERE ] removing player 2 token from slot 1
[22:05:20.250] [SEVERE ] player 2 placing token on slot 1
[22:05:20.259] [SEVERE ] setting player 1 freeze to 0
[22:05:20.259] [SEVERE ] setting player 1 freeze to 0
[22:05:20.259] [SEVERE ] setting player 1 freeze to 0
[22:05:20.260] [SEVERE ] setting player 1 freeze to 0
[22:05:20.260] [SEVERE ] removing player 1 token from slot 1
[22:05:20.261] [SEVERE ] player 1 placing token on slot 1
[22:05:20.269] [SEVERE ] setting player 4 freeze to 0
[22:05:20.269] [SEVERE ] setting player 4 freeze to 0
[22:05:20.269] [SEVERE ] setting player 4 freeze to 0
[22:05:20.276] [SEVERE ] setting player 4 freeze to 0
[22:05:20.277] [SEVERE ] removing player 4 token from slot 9
[22:05:20.277] [SEVERE ] player 4 placing token on slot 9
[22:05:20.279] [SEVERE ] setting player 3 freeze to 0
[22:05:20.279] [SEVERE ] setting player 3 freeze to 0
[22:05:20.281] [SEVERE ] setting player 3 freeze to 0
[22:05:20.283] [SEVERE ] setting player 3 freeze to 0
[22:05:20.287] [SEVERE ] removing player 3 token from slot 6
[22:05:20.287] [SEVERE ] player 3 placing token on slot 1
[22:05:20.289] [SEVERE ] setting player 2 freeze to 0
[22:05:20.290] [SEVERE ] setting player 2 freeze to 0
[22:05:20.291] [SEVERE ] setting player 2 freeze to 0
[22:05:20.291] [SEVERE ] setting player 2 freeze to 0
[22:05:20.292] [SEVERE ] removing player 2 token from slot 3
[22:05:20.292] [SEVERE ] player 2 placing token on slot 5
[22:05:20.299] [SEVERE ] setting player 1 freeze to 0
[22:05:20.300] [SEVERE ] setting player 1 freeze to 0
[22:05:20.300] [SEVERE ] setting player 1 freeze to 0
[22:05:20.300] [SEVERE ] setting player 1 freeze to 0
[22:05:20.300] [SEVERE ] removing player 1 token from slot 2
[22:05:20.301] [SEVERE ] player 1 placing token on slot 11
[22:05:20.310] [SEVERE ] setting player 4 freeze to 0
[22:05:20.313] [SEVERE ] setting player 4 freeze to 0
[22:05:20.314] [SEVERE ] setting player 4 freeze to 0
[22:05:20.314] [SEVERE ] setting player 4 freeze to 0
[22:05:20.314] [SEVERE ] removing player 4 token from slot 11
[22:05:20.314] [SEVERE ] player 4 placing token on slot 6
[22:05:20.321] [SEVERE ] setting player 3 freeze to 0
[22:05:20.321] [SEVERE ] setting player 3 freeze to 0
[22:05:20.324] [SEVERE ] setting player 3 freeze to 0
[22:05:20.324] [SEVERE ] setting player 3 freeze to 0
[22:05:20.324] [SEVERE ] removing player 3 token from slot 9
[22:05:20.324] [SEVERE ] player 3 placing token on slot 5
[22:05:20.331] [SEVERE ] setting player 2 freeze to 0
[22:05:20.331] [SEVERE ] setting player 2 freeze to 0
[22:05:20.334] [SEVERE ] setting player 2 freeze to 0
[22:05:20.334] [SEVERE ] setting player 2 freeze to 0
[22:05:20.335] [SEVERE ] removing player 2 token from slot 9
[22:05:20.335] [SEVERE ] player 2 placing token on slot 2
[22:05:20.341] [SEVERE ] setting player 1 freeze to 0
[22:05:20.341] [SEVERE ] setting player 1 freeze to 0
[22:05:20.342] [SEVERE ] setting player 1 freeze to 0
[22:05:20.342] [SEVERE ] setting player 1 freeze to 0
[22:05:20.342] [SEVERE ] removing player 1 token from slot 11
[22:05:20.343] [SEVERE ] player 1 placing token on slot 11
[22:05:20.353] [SEVERE ] setting player 4 freeze to 0
[22:05:20.355] [SEVERE ] setting player 4 freeze to 0
[22:05:20.355] [SEVERE ] setting player 4 freeze to 0
[22:05:20.357] [SEVERE ] setting player 4 freeze to 0
[22:05:20.357] [SEVERE ] removing player 4 token from slot 6
[22:05:20.357] [SEVERE ] removing player 4 token from slot 9
[22:05:20.357] [SEVERE ] removing player 4 token from slot 5
[22:05:20.357] [SEVERE ] player 4 placing token on slot 4
[22:05:20.357] [SEVERE ] player 4 placing token on slot 11
[22:05:20.357] [SEVERE ] player 4 placing token on slot 3
[22:05:20.361] [SEVERE ] setting player 3 freeze to 0
[22:05:20.362] [SEVERE ] setting player 3 freeze to 0
[22:05:20.362] [SEVERE ] setting player 3 freeze to 0
[22:05:20.363] [SEVERE ] setting player 3 freeze to 0
[22:05:20.363] [SEVERE ] removing player 3 token from slot 1
[22:05:20.364] [SEVERE ] player 3 placing token on slot 9
[22:05:20.373] [SEVERE ] setting player 2 freeze to 0
[22:05:20.377] [SEVERE ] setting player 2 freeze to 0
[22:05:20.377] [SEVERE ] setting player 2 freeze to 0
[22:05:20.377] [SEVERE ] setting player 2 freeze to 0
[22:05:20.379] [SEVERE ] removing player 2 token from slot 5
[22:05:20.379] [SEVERE ] player 2 placing token on slot 3
[22:05:20.384] [SEVERE ] setting player 1 freeze to 0
[22:05:20.385] [SEVERE ] setting player 1 freeze to 0
[22:05:20.385] [SEVERE ] setting player 1 freeze to 0
[22:05:20.386] [SEVERE ] setting player 1 freeze to 0
[22:05:20.386] [SEVERE ] removing player 1 token from slot 11
[22:05:20.386] [SEVERE ] removing player 1 token from slot 4
[22:05:20.386] [SEVERE ] removing player 1 token from slot 1
[22:05:20.386] [SEVERE ] player 1 placing token on slot 11
[22:05:20.386] [SEVERE ] player 1 placing token on slot 9
[22:05:20.386] [SEVERE ] player 1 placing token on slot 3
[22:05:20.400] [SEVERE ] setting player 4 freeze to 0
[22:05:20.403] [SEVERE ] setting player 4 freeze to 0
[22:05:20.403] [SEVERE ] setting player 4 freeze to 0
[22:05:20.403] [SEVERE ] setting player 4 freeze to 0
[22:05:20.403] [SEVERE ] removing player 4 token from slot 4
[22:05:20.403] [SEVERE ] player 4 placing token on slot 1
[22:05:20.407] [SEVERE ] setting player 3 freeze to 0
[22:05:20.407] [SEVERE ] setting player 3 freeze to 0
[22:05:20.408] [SEVERE ] setting player 3 freeze to 0
[22:05:20.408] [SEVERE ] setting player 3 freeze to 0
[22:05:20.409] [SEVERE ] removing player 3 token from slot 3
[22:05:20.409] [SEVERE ] player 3 placing token on slot 11
[22:05:20.418] [SEVERE ] setting player 2 freeze to 0
[22:05:20.421] [SEVERE ] setting player 2 freeze to 0
[22:05:20.422] [SEVERE ] setting player 2 freeze to 0
[22:05:20.422] [SEVERE ] setting player 2 freeze to 0
[22:05:20.422] [SEVERE ] removing player 2 token from slot 3
[22:05:20.423] [SEVERE ] player 2 placing token on slot 3
[22:05:20.429] [SEVERE ] setting player 1 freeze to 0
[22:05:20.431] [SEVERE ] setting player 1 freeze to 0
[22:05:20.431] [SEVERE ] setting player 1 freeze to 0
[22:05:20.431] [SEVERE ] setting player 1 freeze to 0
[22:05:20.431] [SEVERE ] removing player 1 token from slot 9
[22:05:20.431] [SEVERE ] player 1 placing token on slot 10
[22:05:20.439] [SEVERE ] setting player 4 freeze to 0
[22:05:20.439] [SEVERE ] setting player 4 freeze to 0
[22:05:20.440] [SEVERE ] setting player 4 freeze to 0
[22:05:20.440] [SEVERE ] setting player 4 freeze to 0
[22:05:20.440] [SEVERE ] removing player 4 token from slot 3
[22:05:20.441] [SEVERE ] player 4 placing token on slot 3
[22:05:20.449] [SEVERE ] setting player 3 freeze to 0
[22:05:20.449] [SEVERE ] setting player 3 freeze to 0
[22:05:20.450] [SEVERE ] setting player 3 freeze to 0
[22:05:20.450] [SEVERE ] setting player 3 freeze to 0
[22:05:20.451] [SEVERE ] removing player 3 token from slot 5
[22:05:20.451] [SEVERE ] player 3 placing token on slot 2
[22:05:20.459] [SEVERE ] setting player 2 freeze to 0
[22:05:20.460] [SEVERE ] setting player 2 freeze to 0
[22:05:20.460] [SEVERE ] setting player 2 freeze to 0
[22:05:20.460] [SEVERE ] setting player 2 freeze to 0
[22:05:20.461] [SEVERE ] removing player 2 token from slot 3
[22:05:20.461] [SEVERE ] player 2 placing token on slot 11
[22:05:20.470] [SEVERE ] setting player 1 freeze to 0
[22:05:20.470] [SEVERE ] setting player 1 freeze to 0
[22:05:20.470] [SEVERE ] setting player 1 freeze to 0
[22:05:20.471] [SEVERE ] setting player 1 freeze to 0
[22:05:20.471] [SEVERE ] removing player 1 token from slot 10
[22:05:20.472] [SEVERE ] player 1 placing token on slot 4
[22:05:20.480] [SEVERE ] setting player 4 freeze to 0
[22:05:20.480] [SEVERE ] setting player 4 freeze to 0
[22:05:20.481] [SEVERE ] setting player 4 freeze to 0
[22:05:20.481] [SEVERE ] setting player 4 freeze to 0
[22:05:20.483] [SEVERE ] removing player 4 token from slot 11
[22:05:20.483] [SEVERE ] player 4 placing token on slot 7
[22:05:20.490] [SEVERE ] setting player 3 freeze to 0
[22:05:20.490] [SEVERE ] setting player 3 freeze to 0
[22:05:20.491] [SEVERE ] setting player 3 freeze to 0
[22:05:20.491] [SEVERE ] setting player 3 freeze to 0
[22:05:20.492] [SEVERE ] removing player 3 token from slot 2
[22:05:20.492] [SEVERE ] player 3 placing token on slot 6
[22:05:20.500] [SEVERE ] setting player 2 freeze to 0
[22:05:20.500] [SEVERE ] setting player 2 freeze to 0
[22:05:20.501] [SEVERE ] setting player 2 freeze to 0
[22:05:20.501] [SEVERE ] setting player 2 freeze to 0
[22:05:20.502] [SEVERE ] removing player 2 token from slot 2
[22:05:20.502] [SEVERE ] player 2 placing token on slot 9
[22:05:20.510] [SEVERE ] setting player 1 freeze to 0
[22:05:20.511] [SEVERE ] setting player 1 freeze to 0
[22:05:20.511] [SEVERE ] setting player 1 freeze to 0
[22:05:20.511] [SEVERE ] setting player 1 freeze to 0
[22:05:20.512] [SEVERE ] removing player 1 token from slot 11
[22:05:20.512] [SEVERE ] player 1 placing token on slot 6
[22:05:20.521] [SEVERE ] updating countdown to 3000
[22:05:20.521] [SEVERE ] setting player 4 freeze to 0
[22:05:20.521] [SEVERE ] setting player 4 freeze to 0
[22:05:20.522] [SEVERE ] setting player 4 freeze to 0
[22:05:20.522] [SEVERE ] setting player 4 freeze to 0
[22:05:20.522] [SEVERE ] removing player 4 token from slot 7
[22:05:20.523] [SEVERE ] player 4 placing token on slot 4
[22:05:20.531] [SEVERE ] setting player 3 freeze to 0
[22:05:20.531] [SEVERE ] setting player 3 freeze to 0
[22:05:20.532] [SEVERE ] setting player 3 freeze to 0
[22:05:20.532] [SEVERE ] setting player 3 freeze to 0
[22:05:20.533] [SEVERE ] removing player 3 token from slot 6
[22:05:20.533] [SEVERE ] player 3 placing token on slot 8
[22:05:20.541] [SEVERE ] setting player 2 freeze to 0
[22:05:20.541] [SEVERE ] setting player 2 freeze to 0
[22:05:20.542] [SEVERE ] setting player 2 freeze to 0
[22:05:20.542] [SEVERE ] setting player 2 freeze to 0
[22:05:20.543] [SEVERE ] removing player 2 token from slot 11
[22:05:20.543] [SEVERE ] player 2 placing token on slot 5
[22:05:20.551] [SEVERE ] setting player 1 freeze to 0
[22:05:20.552] [SEVERE ] setting player 1 freeze to 0
[22:05:20.552] [SEVERE ] setting player 1 freeze to 0
[22:05:20.552] [SEVERE ] setting player 1 freeze to 0
[22:05:20.553] [SEVERE ] removing player 1 token from slot 3
[22:05:20.553] [SEVERE ] player 1 placing token on slot 9
[22:05:20.562] [SEVERE ] setting player 4 freeze to 0
[22:05:20.562] [SEVERE ] setting player 4 freeze to 0
[22:05:20.562] [SEVERE ] setting player 4 freeze to 0
[22:05:20.563] [SEVERE ] setting player 4 freeze to 0
[22:05:20.563] [SEVERE ] removing player 4 token from slot 3
[22:05:20.564] [SEVERE ] player 4 placing token on slot 10
[22:05:20.572] [SEVERE ] setting player 3 freeze to 0
[22:05:20.572] [SEVERE ] setting player 3 freeze to 0
[22:05:20.572] [SEVERE ] setting player 3 freeze to 0
[22:05:20.573] [SEVERE ] setting player 3 freeze to 0
[22:05:20.573] [SEVERE ] removing player 3 token from slot 9
[22:05:20.574] [SEVERE ] removing player 3 token from slot 8
[22:05:20.575] [SEVERE ] player 3 placing token on slot 1
[22:05:20.575] [SEVERE ] player 3 placing token on slot 6
[22:05:20.582] [SEVERE ] setting player 2 freeze to 0
[22:05:20.582] [SEVERE ] setting player 2 freeze to 0
[22:05:20.583] [SEVERE ] setting player 2 freeze to 0
[22:05:20.583] [SEVERE ] setting player 2 freeze to 0
[22:05:20.584] [SEVERE ] removing player 2 token from slot 1
[22:05:20.584] [SEVERE ] player 2 placing token on slot 8
[22:05:20.592] [SEVERE ] setting player 1 freeze to 0
[22:05:20.593] [SEVERE ] setting player 1 freeze to 0
[22:05:20.593] [SEVERE ] setting player 1 freeze to 0
[22:05:20.594] [SEVERE ] setting player 1 freeze to 0
[22:05:20.595] [SEVERE ] removing player 1 token from slot 9
[22:05:20.596] [SEVERE ] player 1 placing token on slot 8
[22:05:20.603] [SEVERE ] setting player 4 freeze to 0
[22:05:20.603] [SEVERE ] setting player 4 freeze to 0
[22:05:20.603] [SEVERE ] setting player 4 freeze to 0
[22:05:20.604] [SEVERE ] setting player 4 freeze to 0
[22:05:20.604] [SEVERE ] removing player 4 token from slot 1
[22:05:20.605] [SEVERE ] player 4 placing token on slot 5
[22:05:20.613] [SEVERE ] setting player 3 freeze to 0
[22:05:20.613] [SEVERE ] setting player 3 freeze to 0
[22:05:20.614] [SEVERE ] setting player 3 freeze to 0
[22:05:20.615] [SEVERE ] setting player 3 freeze to 0
[22:05:20.615] [SEVERE ] removing player 3 token from slot 11
[22:05:20.616] [SEVERE ] player 3 placing token on slot 11
[22:05:20.623] [SEVERE ] setting player 2 freeze to 0
[22:05:20.623] [SEVERE ] setting player 2 freeze to 0
[22:05:20.624] [SEVERE ] setting player 2 freeze to 0
[22:05:20.624] [SEVERE ] setting player 2 freeze to 0
[22:05:20.625] [SEVERE ] removing player 2 token from slot 5
[22:05:20.625] [SEVERE ] player 2 placing token on slot 2
[22:05:20.633] [SEVERE ] setting player 1 freeze to 0
[22:05:20.634] [SEVERE ] setting player 1 freeze to 0
[22:05:20.634] [SEVERE ] setting player 1 freeze to 0
[22:05:20.634] [SEVERE ] setting player 1 freeze to 0
[22:05:20.635] [SEVERE ] removing player 1 token from slot 4
[22:05:20.635] [SEVERE ] removing player 1 token from slot 6
[22:05:20.636] [SEVERE ] player 1 placing token on slot 10
[22:05:20.636] [SEVERE ] player 1 placing token on slot 5
[22:05:20.644] [SEVERE ] setting player 4 freeze to 0
[22:05:20.644] [SEVERE ] setting player 4 freeze to 0
[22:05:20.644] [SEVERE ] setting player 4 freeze to 0
[22:05:20.645] [SEVERE ] setting player 4 freeze to 0
[22:05:20.645] [SEVERE ] removing player 4 token from slot 4
[22:05:20.646] [SEVERE ] removing player 4 token from slot 10
[22:05:20.646] [SEVERE ] player 4 placing token on slot 2
[22:05:20.647] [SEVERE ] player 4 placing token on slot 9
[22:05:20.654] [SEVERE ] setting player 3 freeze to 0
[22:05:20.654] [SEVERE ] setting player 3 freeze to 0
[22:05:20.654] [SEVERE ] setting player 3 freeze to 0
[22:05:20.655] [SEVERE ] setting player 3 freeze to 0
[22:05:20.656] [SEVERE ] removing player 3 token from slot 11
[22:05:20.656] [SEVERE ] removing player 3 token from slot 6
[22:05:20.657] [SEVERE ] player 3 placing token on slot 11
[22:05:20.657] [SEVERE ] player 3 placing token on slot 10
[22:05:20.665] [SEVERE ] setting player 2 freeze to 0
[22:05:20.665] [SEVERE ] setting player 2 freeze to 0
[22:05:20.665] [SEVERE ] setting player 2 freeze to 0
[22:05:20.665] [SEVERE ] setting player 2 freeze to 0
[22:05:20.666] [SEVERE ] removing player 2 token from slot 2
[22:05:20.666] [SEVERE ] removing player 2 token from slot 8
[22:05:20.667] [SEVERE ] player 2 placing token on slot 8
[22:05:20.667] [SEVERE ] player 2 placing token on slot 4
[22:05:20.675] [SEVERE ] setting player 1 freeze to 0
[22:05:20.675] [SEVERE ] setting player 1 freeze to 0
[22:05:20.675] [SEVERE ] setting player 1 freeze to 0
[22:05:20.676] [SEVERE ] setting player 1 freeze to 0
[22:05:20.677] [SEVERE ] removing player 1 token from slot 8
[22:05:20.677] [SEVERE ] player 1 placing token on slot 11
[22:05:20.685] [SEVERE ] setting player 4 freeze to 0
[22:05:20.685] [SEVERE ] setting player 4 freeze to 0
[22:05:20.687] [SEVERE ] setting player 4 freeze to 0
[22:05:20.687] [SEVERE ] setting player 4 freeze to 0
[22:05:20.688] [SEVERE ] removing player 4 token from slot 9
[22:05:20.688] [SEVERE ] player 4 placing token on slot 11
[22:05:20.695] [SEVERE ] setting player 3 freeze to 0
[22:05:20.695] [SEVERE ] setting player 3 freeze to 0
[22:05:20.695] [SEVERE ] setting player 3 freeze to 0
[22:05:20.696] [SEVERE ] setting player 3 freeze to 0
[22:05:20.696] [SEVERE ] removing player 3 token from slot 10
[22:05:20.697] [SEVERE ] player 3 placing token on slot 9
[22:05:20.705] [SEVERE ] setting player 2 freeze to 0
[22:05:20.705] [SEVERE ] setting player 2 freeze to 0
[22:05:20.706] [SEVERE ] setting player 2 freeze to 0
[22:05:20.706] [SEVERE ] setting player 2 freeze to 0
[22:05:20.707] [SEVERE ] removing player 2 token from slot 8
[22:05:20.707] [SEVERE ] player 2 placing token on slot 3
[22:05:20.716] [SEVERE ] setting player 1 freeze to 0
[22:05:20.716] [SEVERE ] setting player 1 freeze to 0
[22:05:20.717] [SEVERE ] setting player 1 freeze to 0
[22:05:20.717] [SEVERE ] setting player 1 freeze to 0
[22:05:20.718] [SEVERE ] removing player 1 token from slot 5
[22:05:20.718] [SEVERE ] player 1 placing token on slot 4
[22:05:20.726] [SEVERE ] setting player 4 freeze to 0
[22:05:20.726] [SEVERE ] setting player 4 freeze to 0
[22:05:20.727] [SEVERE ] setting player 4 freeze to 0
[22:05:20.727] [SEVERE ] setting player 4 freeze to 0
[22:05:20.728] [SEVERE ] removing player 4 token from slot 2
[22:05:20.728] [SEVERE ] player 4 placing token on slot 3
[22:05:20.737] [SEVERE ] setting player 3 freeze to 0
[22:05:20.737] [SEVERE ] setting player 3 freeze to 0
[22:05:20.737] [SEVERE ] setting player 3 freeze to 0
[22:05:20.737] [SEVERE ] setting player 3 freeze to 0
[22:05:20.737] [SEVERE ] removing player 3 token from slot 9
[22:05:20.738] [SEVERE ] player 3 placing token on slot 9
[22:05:20.747] [SEVERE ] setting player 2 freeze to 0
[22:05:20.747] [SEVERE ] setting player 2 freeze to 0
[22:05:20.748] [SEVERE ] setting player 2 freeze to 0
[22:05:20.749] [SEVERE ] setting player 2 freeze to 0
[22:05:20.749] [SEVERE ] removing player 2 token from slot 4
[22:05:20.750] [SEVERE ] player 2 placing token on slot 10
[22:05:20.757] [SEVERE ] setting player 1 freeze to 0
[22:05:20.757] [SEVERE ] setting player 1 freeze to 0
[22:05:20.758] [SEVERE ] setting player 1 freeze to 0
[22:05:20.758] [SEVERE ] setting player 1 freeze to 0
[22:05:20.759] [SEVERE ] removing player 1 token from slot 4
[22:05:20.759] [SEVERE ] player 1 placing token on slot 5
[22:05:20.767] [SEVERE ] setting player 4 freeze to 0
[22:05:20.768] [SEVERE ] setting player 4 freeze to 0
[22:05:20.768] [SEVERE ] setting player 4 freeze to 0
[22:05:20.768] [SEVERE ] setting player 4 freeze to 0
[22:05:20.770] [SEVERE ] removing player 4 token from slot 11
[22:05:20.770] [SEVERE ] player 4 placing token on slot 11
[22:05:20.778] [SEVERE ] setting player 3 freeze to 0
[22:05:20.778] [SEVERE ] setting player 3 freeze to 0
[22:05:20.779] [SEVERE ] setting player 3 freeze to 0
[22:05:20.780] [SEVERE ] setting player 3 freeze to 0
[22:05:20.780] [SEVERE ] removing player 3 token from slot 1
[22:05:20.781] [SEVERE ] player 3 placing token on slot 5
[22:05:20.788] [SEVERE ] setting player 2 freeze to 0
[22:05:20.788] [SEVERE ] setting player 2 freeze to 0
[22:05:20.789] [SEVERE ] setting player 2 freeze to 0
[22:05:20.789] [SEVERE ] setting player 2 freeze to 0
[22:05:20.789] [SEVERE ] removing player 2 token from slot 9
[22:05:20.790] [SEVERE ] player 2 placing token on slot 11
[22:05:20.798] [SEVERE ] setting player 1 freeze to 0
[22:05:20.798] [SEVERE ] setting player 1 freeze to 0
[22:05:20.799] [SEVERE ] setting player 1 freeze to 0
[22:05:20.799] [SEVERE ] setting player 1 freeze to 0
[22:05:20.800] [SEVERE ] removing player 1 token from slot 11
[22:05:20.800] [SEVERE ] player 1 placing token on slot 11
[22:05:20.808] [SEVERE ] setting player 4 freeze to 0
[22:05:20.808] [SEVERE ] setting player 4 freeze to 0
[22:05:20.809] [SEVERE ] setting player 4 freeze to 0
[22:05:20.809] [SEVERE ] setting player 4 freeze to 0
[22:05:20.810] [SEVERE ] removing player 4 token from slot 11
[22:05:20.810] [SEVERE ] player 4 placing token on slot 10
[22:05:20.819] [SEVERE ] setting player 3 freeze to 0
[22:05:20.819] [SEVERE ] setting player 3 freeze to 0
[22:05:20.819] [SEVERE ] setting player 3 freeze to 0
[22:05:20.820] [SEVERE ] setting player 3 freeze to 0
[22:05:20.820] [SEVERE ] removing player 3 token from slot 11
[22:05:20.820] [SEVERE ] player 3 placing token on slot 6
[22:05:20.829] [SEVERE ] setting player 2 freeze to 0
[22:05:20.829] [SEVERE ] setting player 2 freeze to 0
[22:05:20.830] [SEVERE ] setting player 2 freeze to 0
[22:05:20.830] [SEVERE ] setting player 2 freeze to 0
[22:05:20.830] [SEVERE ] removing player 2 token from slot 3
[22:05:20.831] [SEVERE ] player 2 placing token on slot 6
[22:05:20.839] [SEVERE ] setting player 1 freeze to 0
[22:05:20.839] [SEVERE ] setting player 1 freeze to 0
[22:05:20.840] [SEVERE ] setting player 1 freeze to 0
[22:05:20.840] [SEVERE ] setting player 1 freeze to 0
[22:05:20.841] [SEVERE ] removing player 1 token from slot 5
[22:05:20.841] [SEVERE ] player 1 placing token on slot 4
[22:05:20.849] [SEVERE ] setting player 4 freeze to 0
[22:05:20.850] [SEVERE ] setting player 4 freeze to 0
[22:05:20.850] [SEVERE ] setting player 4 freeze to 0
[22:05:20.850] [SEVERE ] setting player 4 freeze to 0
[22:05:20.851] [SEVERE ] removing player 4 token from slot 5
[22:05:20.852] [SEVERE ] removing player 4 token from slot 3
[22:05:20.853] [SEVERE ] player 4 placing token on slot 7
[22:05:20.853] [SEVERE ] player 4 placing token on slot 9
[22:05:20.860] [SEVERE ] setting player 3 freeze to 0
[22:05:20.861] [SEVERE ] setting player 3 freeze to 0
[22:05:20.861] [SEVERE ] setting player 3 freeze to 0
[22:05:20.861] [SEVERE ] setting player 3 freeze to 0
[22:05:20.861] [SEVERE ] removing player 3 token from slot 9
[22:05:20.862] [SEVERE ] player 3 placing token on slot 8
[22:05:20.871] [SEVERE ] setting player 2 freeze to 0
[22:05:20.871] [SEVERE ] setting player 2 freeze to 0
[22:05:20.871] [SEVERE ] setting player 2 freeze to 0
[22:05:20.871] [SEVERE ] setting player 2 freeze to 0
[22:05:20.871] [SEVERE ] removing player 2 token from slot 6
[22:05:20.872] [SEVERE ] removing player 2 token from slot 10
[22:05:20.872] [SEVERE ] player 2 placing token on slot 8
[22:05:20.873] [SEVERE ] player 2 placing token on slot 1
[22:05:20.881] [SEVERE ] setting player 1 freeze to 0
[22:05:20.881] [SEVERE ] setting player 1 freeze to 0
[22:05:20.882] [SEVERE ] setting player 1 freeze to 0
[22:05:20.882] [SEVERE ] setting player 1 freeze to 0
[22:05:20.883] [SEVERE ] removing player 1 token from slot 4
[22:05:20.883] [SEVERE ] player 1 placing token on slot 7
[22:05:20.891] [SEVERE ] setting player 4 freeze to 0
[22:05:20.892] [SEVERE ] setting player 4 freeze to 0
[22:05:20.892] [SEVERE ] setting player 4 freeze to 0
[22:05:20.892] [SEVERE ] setting player 4 freeze to 0
[22:05:20.893] [SEVERE ] removing player 4 token from slot 9
[22:05:20.894] [SEVERE ] player 4 placing token on slot 1
[22:05:20.901] [SEVERE ] setting player 3 freeze to 0
[22:05:20.902] [SEVERE ] setting player 3 freeze to 0
[22:05:20.903] [SEVERE ] setting player 3 freeze to 0
[22:05:20.903] [SEVERE ] setting player 3 freeze to 0
[22:05:20.904] [SEVERE ] removing player 3 token from slot 5
[22:05:20.904] [SEVERE ] player 3 placing token on slot 5
[22:05:20.912] [SEVERE ] setting player 2 freeze to 0
[22:05:20.913] [SEVERE ] setting player 2 freeze to 0
[22:05:20.913] [SEVERE ] setting player 2 freeze to 0
[22:05:20.913] [SEVERE ] setting player 2 freeze to 0
[22:05:20.913] [SEVERE ] removing player 2 token from slot 1
[22:05:20.914] [SEVERE ] player 2 placing token on slot 10
[22:05:20.923] [SEVERE ] setting player 1 freeze to 0
[22:05:20.923] [SEVERE ] setting player 1 freeze to 0
[22:05:20.923] [SEVERE ] setting player 1 freeze to 0
[22:05:20.923] [SEVERE ] setting player 1 freeze to 0
[22:05:20.924] [SEVERE ] removing player 1 token from slot 10
[22:05:20.924] [SEVERE ] player 1 placing token on slot 6
[22:05:20.933] [SEVERE ] setting player 4 freeze to 0
[22:05:20.933] [SEVERE ] setting player 4 freeze to 0
[22:05:20.934] [SEVERE ] setting player 4 freeze to 0
[22:05:20.934] [SEVERE ] setting player 4 freeze to 0
[22:05:20.934] [SEVERE ] removing player 4 token from slot 1
[22:05:20.935] [SEVERE ] player 4 placing token on slot 11
[22:05:20.944] [SEVERE ] setting player 3 freeze to 0
[22:05:20.944] [SEVERE ] setting player 3 freeze to 0
[22:05:20.945] [SEVERE ] setting player 3 freeze to 0
[22:05:20.945] [SEVERE ] setting player 3 freeze to 0
[22:05:20.946] [SEVERE ] removing player 3 token from slot 6
[22:05:20.946] [SEVERE ] removing player 3 token from slot 5
[22:05:20.946] [SEVERE ] player 3 placing token on slot 4
[22:05:20.947] [SEVERE ] player 3 placing token on slot 7
[22:05:20.954] [SEVERE ] setting player 2 freeze to 0
[22:05:20.954] [SEVERE ] setting player 2 freeze to 0
[22:05:20.955] [SEVERE ] setting player 2 freeze to 0
[22:05:20.955] [SEVERE ] setting player 2 freeze to 0
[22:05:20.956] [SEVERE ] removing player 2 token from slot 8
[22:05:20.956] [SEVERE ] player 2 placing token on slot 5
[22:05:20.964] [SEVERE ] setting player 1 freeze to 0
[22:05:20.964] [SEVERE ] setting player 1 freeze to 0
[22:05:20.965] [SEVERE ] setting player 1 freeze to 0
[22:05:20.965] [SEVERE ] setting player 1 freeze to 0
[22:05:20.966] [SEVERE ] removing player 1 token from slot 11
[22:05:20.966] [SEVERE ] player 1 placing token on slot 2
[22:05:20.975] [SEVERE ] setting player 4 freeze to 0
[22:05:20.975] [SEVERE ] setting player 4 freeze to 0
[22:05:20.975] [SEVERE ] setting player 4 freeze to 0
[22:05:20.976] [SEVERE ] setting player 4 freeze to 0
[22:05:20.976] [SEVERE ] removing player 4 token from slot 7
[22:05:20.976] [SEVERE ] player 4 placing token on slot 4
[22:05:20.985] [SEVERE ] setting player 3 freeze to 0
[22:05:20.985] [SEVERE ] setting player 3 freeze to 0
[22:05:20.985] [SEVERE ] setting player 3 freeze to 0
[22:05:20.986] [SEVERE ] setting player 3 freeze to 0
[22:05:20.986] [SEVERE ] removing player 3 token from slot 8
[22:05:20.986] [SEVERE ] player 3 placing token on slot 5
[22:05:20.995] [SEVERE ] setting player 2 freeze to 0
[22:05:20.995] [SEVERE ] setting player 2 freeze to 0
[22:05:20.995] [SEVERE ] setting player 2 freeze to 0
[22:05:20.996] [SEVERE ] setting player 2 freeze to 0
[22:05:20.996] [SEVERE ] removing player 2 token from slot 11
[22:05:20.997] [SEVERE ] player 2 placing token on slot 8
[22:05:21.005] [SEVERE ] setting player 1 freeze to 0
[22:05:21.005] [SEVERE ] setting player 1 freeze to 0
[22:05:21.005] [SEVERE ] setting player 1 freeze to 0
[22:05:21.006] [SEVERE ] setting player 1 freeze to 0
[22:05:21.006] [SEVERE ] removing player 1 token from slot 7
[22:05:21.007] [SEVERE ] player 1 placing token on slot 4
[22:05:21.015] [SEVERE ] setting player 4 freeze to 0
[22:05:21.015] [SEVERE ] setting player 4 freeze to 0
[22:05:21.016] [SEVERE ] setting player 4 freeze to 0
[22:05:21.016] [SEVERE ] setting player 4 freeze to 0
[22:05:21.017] [SEVERE ] removing player 4 token from slot 10
[22:05:21.017] [SEVERE ] removing player 4 token from slot 4
[22:05:21.018] [SEVERE ] player 4 placing token on slot 2
[22:05:21.018] [SEVERE ] player 4 placing token on slot 9
[22:05:21.026] [SEVERE ] setting player 3 freeze to 0
[22:05:21.026] [SEVERE ] setting player 3 freeze to 0
[22:05:21.026] [SEVERE ] setting player 3 freeze to 0
[22:05:21.026] [SEVERE ] setting player 3 freeze to 0
[22:05:21.027] [SEVERE ] removing player 3 token from slot 7
[22:05:21.027] [SEVERE ] player 3 placing token on slot 10
[22:05:21.036] [SEVERE ] setting player 2 freeze to 0
[22:05:21.036] [SEVERE ] setting player 2 freeze to 0
[22:05:21.036] [SEVERE ] setting player 2 freeze to 0
[22:05:21.037] [SEVERE ] setting player 2 freeze to 0
[22:05:21.037] [SEVERE ] removing player 2 token from slot 10
[22:05:21.038] [SEVERE ] player 2 placing token on slot 6
[22:05:21.046] [SEVERE ] setting player 1 freeze to 0
[22:05:21.046] [SEVERE ] setting player 1 freeze to 0
[22:05:21.046] [SEVERE ] setting player 1 freeze to 0
[22:05:21.047] [SEVERE ] setting player 1 freeze to 0
[22:05:21.047] [SEVERE ] removing player 1 token from slot 2
[22:05:21.048] [SEVERE ] player 1 placing token on slot 11
[22:05:21.056] [SEVERE ] setting player 4 freeze to 0
[22:05:21.056] [SEVERE ] setting player 4 freeze to 0
[22:05:21.057] [SEVERE ] setting player 4 freeze to 0
[22:05:21.057] [SEVERE ] setting player 4 freeze to 0
[22:05:21.058] [SEVERE ] removing player 4 token from slot 2
[22:05:21.058] [SEVERE ] player 4 placing token on slot 1
[22:05:21.067] [SEVERE ] setting player 3 freeze to 0
[22:05:21.067] [SEVERE ] setting player 3 freeze to 0
[22:05:21.067] [SEVERE ] setting player 3 freeze to 0
[22:05:21.068] [SEVERE ] setting player 3 freeze to 0
[22:05:21.068] [SEVERE ] removing player 3 token from slot 4
[22:05:21.069] [SEVERE ] player 3 placing token on slot 1
[22:05:21.077] [SEVERE ] setting player 2 freeze to 0
[22:05:21.077] [SEVERE ] setting player 2 freeze to 0
[22:05:21.077] [SEVERE ] setting player 2 freeze to 0
[22:05:21.078] [SEVERE ] setting player 2 freeze to 0
[22:05:21.078] [SEVERE ] removing player 2 token from slot 5
[22:05:21.079] [SEVERE ] player 2 placing token on slot 3
[22:05:21.091] [SEVERE ] setting player 1 freeze to 0
[22:05:21.092] [SEVERE ] setting player 1 freeze to 0
[22:05:21.093] [SEVERE ] setting player 1 freeze to 0
[22:05:21.093] [SEVERE ] setting player 1 freeze to 0
[22:05:21.094] [SEVERE ] removing player 1 token from slot 6
[22:05:21.095] [SEVERE ] player 1 placing token on slot 8
[22:05:21.101] [SEVERE ] setting player 4 freeze to 0
[22:05:21.101] [SEVERE ] setting player 4 freeze to 0
[22:05:21.102] [SEVERE ] setting player 4 freeze to 0
[22:05:21.102] [SEVERE ] setting player 4 freeze to 0
[22:05:21.103] [SEVERE ] removing player 4 token from slot 1
[22:05:21.103] [SEVERE ] player 4 placing token on slot 8
[22:05:21.111] [SEVERE ] setting player 3 freeze to 0
[22:05:21.112] [SEVERE ] setting player 3 freeze to 0
[22:05:21.113] [SEVERE ] setting player 3 freeze to 0
[22:05:21.113] [SEVERE ] setting player 3 freeze to 0
[22:05:21.114] [SEVERE ] removing player 3 token from slot 10
[22:05:21.114] [SEVERE ] player 3 placing token on slot 8
[22:05:21.122] [SEVERE ] setting player 2 freeze to 0
[22:05:21.122] [SEVERE ] setting player 2 freeze to 0
[22:05:21.122] [SEVERE ] setting player 2 freeze to 0
[22:05:21.123] [SEVERE ] setting player 2 freeze to 0
[22:05:21.123] [SEVERE ] removing player 2 token from slot 8
[22:05:21.124] [SEVERE ] player 2 placing token on slot 2
[22:05:21.132] [SEVERE ] setting player 1 freeze to 0
[22:05:21.132] [SEVERE ] setting player 1 freeze to 0
[22:05:21.133] [SEVERE ] setting player 1 freeze to 0
[22:05:21.133] [SEVERE ] setting player 1 freeze to 0
[22:05:21.133] [SEVERE ] removing player 1 token from slot 11
[22:05:21.134] [SEVERE ] player 1 placing token on slot 9
[22:05:21.142] [SEVERE ] setting player 4 freeze to 0
[22:05:21.142] [SEVERE ] setting player 4 freeze to 0
[22:05:21.142] [SEVERE ] setting player 4 freeze to 0
[22:05:21.142] [SEVERE ] setting player 4 freeze to 0
[22:05:21.142] [SEVERE ] removing player 4 token from slot 9
[22:05:21.142] [SEVERE ] player 4 placing token on slot 10
[22:05:21.152] [SEVERE ] setting player 3 freeze to 0
[22:05:21.152] [SEVERE ] setting player 3 freeze to 0
[22:05:21.153] [SEVERE ] setting player 3 freeze to 0
[22:05:21.153] [SEVERE ] setting player 3 freeze to 0
[22:05:21.154] [SEVERE ] removing player 3 token from slot 8
[22:05:21.154] [SEVERE ] player 3 placing token on slot 3
[22:05:21.163] [SEVERE ] setting player 2 freeze to 0
[22:05:21.163] [SEVERE ] setting player 2 freeze to 0
[22:05:21.165] [SEVERE ] setting player 2 freeze to 0
[22:05:21.165] [SEVERE ] setting player 2 freeze to 0
[22:05:21.165] [SEVERE ] removing player 2 token from slot 3
[22:05:21.165] [SEVERE ] player 2 placing token on slot 9
[22:05:21.173] [SEVERE ] setting player 1 freeze to 0
[22:05:21.173] [SEVERE ] setting player 1 freeze to 0
[22:05:21.173] [SEVERE ] setting player 1 freeze to 0
[22:05:21.174] [SEVERE ] setting player 1 freeze to 0
[22:05:21.174] [SEVERE ] removing player 1 token from slot 9
[22:05:21.175] [SEVERE ] player 1 placing token on slot 1
[22:05:21.183] [SEVERE ] setting player 4 freeze to 0
[22:05:21.183] [SEVERE ] setting player 4 freeze to 0
[22:05:21.184] [SEVERE ] setting player 4 freeze to 0
[22:05:21.184] [SEVERE ] setting player 4 freeze to 0
[22:05:21.185] [SEVERE ] removing player 4 token from slot 10
[22:05:21.185] [SEVERE ] player 4 placing token on slot 9
[22:05:21.196] [SEVERE ] setting player 3 freeze to 0
[22:05:21.196] [SEVERE ] setting player 3 freeze to 0
[22:05:21.197] [SEVERE ] setting player 3 freeze to 0
[22:05:21.197] [SEVERE ] setting player 3 freeze to 0
[22:05:21.198] [SEVERE ] removing player 3 token from slot 1
[22:05:21.198] [SEVERE ] player 3 placing token on slot 4
