[14:53:47.139] [INFO   ] thread main starting.
[14:53:47.148] [SEVERE ] cannot read configuration file config.properties trying from resources.
[14:53:47.149] [SEVERE ] configuration file was loaded from resources directory.
[14:53:47.608] [INFO   ] thread dealer starting.
[14:53:47.608] [INFO   ] Thread dealer starting.
[14:53:47.715] [SEVERE ] placing card 12 in slot 0
[14:53:47.815] [SEVERE ] placing card 18 in slot 1
[14:53:47.916] [SEVERE ] placing card 63 in slot 2
[14:53:48.017] [SEVERE ] placing card 49 in slot 3
[14:53:48.118] [SEVERE ] placing card 74 in slot 4
[14:53:48.219] [SEVERE ] placing card 48 in slot 5
[14:53:48.320] [SEVERE ] placing card 19 in slot 6
[14:53:48.422] [SEVERE ] placing card 58 in slot 7
[14:53:48.523] [SEVERE ] placing card 50 in slot 8
[14:53:48.624] [SEVERE ] placing card 10 in slot 9
[14:53:48.725] [SEVERE ] placing card 61 in slot 10
[14:53:48.825] [SEVERE ] placing card 73 in slot 11
[14:53:48.827] [INFO   ] Thread Thread-1starting.
[14:53:48.827] [INFO   ] Thread Thread-4starting.
[14:53:48.827] [SEVERE ] updating countdown to 5000
[14:53:48.827] [INFO   ] Thread Thread-3starting.
[14:53:48.827] [INFO   ] Thread Thread-2starting.
[14:53:48.832] [INFO   ] Thread computer-2 starting.
[14:53:48.829] [INFO   ] Thread computer-3 starting.
[14:53:48.828] [INFO   ] Thread computer-0 starting.
[14:53:48.834] [SEVERE ] player 3 placing token on slot 0
[14:53:48.833] [INFO   ] Thread computer-1 starting.
[14:53:48.838] [SEVERE ] player 1 placing token on slot 9
[14:53:48.841] [SEVERE ] player 4 placing token on slot 4
[14:53:48.843] [SEVERE ] player 1 placing token on slot 0
[14:53:48.844] [SEVERE ] player 2 placing token on slot 8
[14:53:48.845] [SEVERE ] player 3 placing token on slot 5
[14:53:48.847] [SEVERE ] player 2 placing token on slot 1
[14:53:48.848] [SEVERE ] removing player 4 token from slot 4
[14:53:48.849] [SEVERE ] player 2 placing token on slot 10
[14:53:48.850] [SEVERE ] player 3 placing token on slot 3
[14:53:48.851] [SEVERE ] player 4 placing token on slot 1
[14:53:48.852] [SEVERE ] player 4 placing token on slot 0
[14:53:48.853] [SEVERE ] player 4 placing token on slot 6
[14:53:48.860] [SEVERE ] setting player 2 freeze to 0
[14:53:48.861] [SEVERE ] setting player 2 freeze to 0
[14:53:48.861] [SEVERE ] setting player 2 freeze to 0
[14:53:48.862] [SEVERE ] setting player 2 freeze to 0
[14:53:48.871] [SEVERE ] setting player 3 freeze to 0
[14:53:48.871] [SEVERE ] setting player 3 freeze to 0
[14:53:48.872] [SEVERE ] setting player 3 freeze to 0
[14:53:48.872] [SEVERE ] setting player 3 freeze to 0
[14:53:48.881] [SEVERE ] setting player 4 freeze to 0
[14:53:48.881] [SEVERE ] setting player 4 freeze to 0
[14:53:48.882] [SEVERE ] setting player 4 freeze to 0
[14:53:48.882] [SEVERE ] setting player 4 freeze to 0
