[16:12:10.337] [INFO   ] thread main starting.
[16:12:10.343] [SEVERE ] cannot read configuration file config.properties trying from resources.
[16:12:10.345] [SEVERE ] configuration file was loaded from resources directory.
[16:12:10.774] [INFO   ] thread dealer starting.
[16:12:10.780] [INFO   ] Thread dealer starting.
[16:12:10.886] [SEVERE ] placing card 42 in slot 0
[16:12:10.987] [SEVERE ] placing card 48 in slot 1
[16:12:11.088] [SEVERE ] placing card 43 in slot 2
[16:12:11.189] [SEVERE ] placing card 71 in slot 3
[16:12:11.290] [SEVERE ] placing card 34 in slot 4
[16:12:11.392] [SEVERE ] placing card 26 in slot 5
[16:12:11.493] [SEVERE ] placing card 40 in slot 6
[16:12:11.594] [SEVERE ] placing card 26 in slot 7
[16:12:11.695] [SEVERE ] placing card 55 in slot 8
[16:12:11.797] [SEVERE ] placing card 37 in slot 9
[16:12:11.898] [SEVERE ] placing card 19 in slot 10
[16:12:11.999] [SEVERE ] placing card 46 in slot 11
[16:12:12.000] [INFO   ] Thread Thread-1starting.
[16:12:12.000] [INFO   ] Thread Thread-3starting.
[16:12:12.000] [INFO   ] Thread computer-0 starting.
[16:12:12.000] [INFO   ] Thread Thread-2starting.
[16:12:12.000] [SEVERE ] updating countdown to 15000
[16:12:12.001] [INFO   ] Thread computer-1 starting.
[16:12:12.003] [SEVERE ] player 2 placing token on slot 2
[16:12:12.004] [SEVERE ] player 2 placing token on slot 9
[16:12:12.005] [SEVERE ] player 2 placing token on slot 7
[16:12:12.001] [SEVERE ] player 1 placing token on slot 6
[16:12:12.001] [INFO   ] Thread computer-2 starting.
[16:12:12.010] [SEVERE ] player 3 placing token on slot 5
[16:12:12.015] [SEVERE ] player 3 placing token on slot 8
[16:12:12.015] [SEVERE ] player 1 placing token on slot 8
[16:12:12.015] [SEVERE ] player 3 placing token on slot 4
[16:12:12.015] [SEVERE ] player 1 placing token on slot 9
[16:12:13.006] [SEVERE ] updating countdown to 13994
[16:12:13.006] [SEVERE ] setting player 2 freeze to 3000
