[20:52:26.393] [INFO   ] thread main starting.
[20:52:26.399] [SEVERE ] cannot read configuration file config.properties trying from resources.
[20:52:26.400] [SEVERE ] configuration file was loaded from resources directory.
[20:52:26.965] [INFO   ] thread dealer starting.
[20:52:26.969] [INFO   ] Thread dealer starting.
[20:52:27.075] [SEVERE ] placing card 42 in slot 0
[20:52:27.175] [SEVERE ] placing card 9 in slot 1
[20:52:27.277] [SEVERE ] placing card 32 in slot 2
[20:52:27.378] [SEVERE ] placing card 78 in slot 3
[20:52:27.478] [SEVERE ] placing card 17 in slot 4
[20:52:27.579] [SEVERE ] placing card 2 in slot 5
[20:52:27.680] [SEVERE ] placing card 43 in slot 6
[20:52:27.781] [SEVERE ] placing card 6 in slot 7
[20:52:27.882] [SEVERE ] placing card 40 in slot 8
[20:52:27.982] [SEVERE ] placing card 13 in slot 9
[20:52:28.084] [SEVERE ] placing card 47 in slot 10
[20:52:28.184] [SEVERE ] placing card 15 in slot 11
[20:52:28.186] [INFO   ] Thread Thread-1starting.
[20:52:28.187] [INFO   ] Thread Thread-2starting.
[20:52:28.187] [INFO   ] Thread Thread-3starting.
[20:52:28.188] [SEVERE ] updating countdown to 5000
[20:52:28.202] [INFO   ] Thread computer-0 starting.
[20:52:28.202] [INFO   ] Thread computer-2 starting.
[20:52:28.203] [INFO   ] Thread Thread-4starting.
[20:52:28.204] [SEVERE ] player 3 placing token on slot 11
[20:52:28.204] [SEVERE ] player 1 placing token on slot 5
[20:52:28.212] [INFO   ] Thread computer-1 starting.
[20:52:28.213] [SEVERE ] player 2 placing token on slot 2
[20:52:28.214] [SEVERE ] player 3 placing token on slot 6
[20:52:28.214] [SEVERE ] player 1 placing token on slot 10
[20:52:28.222] [SEVERE ] player 1 placing token on slot 1
[20:52:28.219] [SEVERE ] player 2 placing token on slot 9
[20:52:28.220] [SEVERE ] player 3 placing token on slot 8
[20:52:28.224] [SEVERE ] player 2 placing token on slot 1
[20:52:28.237] [SEVERE ] setting player 1 freeze to 0
[20:52:28.238] [SEVERE ] setting player 3 freeze to 0
[20:52:28.239] [SEVERE ] setting player 3 freeze to 0
[20:52:28.239] [SEVERE ] setting player 3 freeze to 0
[20:52:28.239] [INFO   ] Thread computer-3 starting.
[20:52:28.240] [SEVERE ] setting player 3 freeze to 0
[20:52:28.241] [SEVERE ] removing player 3 token from slot 6
[20:52:28.241] [SEVERE ] setting player 1 freeze to 0
[20:52:28.240] [SEVERE ] player 4 placing token on slot 5
[20:52:28.242] [SEVERE ] setting player 1 freeze to 0
[20:52:28.242] [SEVERE ] player 3 placing token on slot 7
[20:52:28.243] [SEVERE ] setting player 1 freeze to 0
[20:52:28.243] [SEVERE ] player 4 placing token on slot 11
[20:52:28.245] [SEVERE ] player 4 placing token on slot 8
[20:52:28.245] [SEVERE ] removing player 1 token from slot 5
[20:52:28.246] [SEVERE ] removing player 1 token from slot 1
[20:52:28.246] [SEVERE ] player 1 placing token on slot 9
[20:52:28.247] [SEVERE ] player 1 placing token on slot 5
[20:52:28.249] [SEVERE ] setting player 2 freeze to 0
[20:52:28.249] [SEVERE ] setting player 2 freeze to 0
[20:52:28.249] [SEVERE ] setting player 2 freeze to 0
[20:52:28.250] [SEVERE ] setting player 2 freeze to 0
[20:52:28.250] [SEVERE ] removing player 2 token from slot 1
[20:52:28.251] [SEVERE ] player 2 placing token on slot 3
[20:52:28.259] [SEVERE ] setting player 3 freeze to 0
[20:52:28.259] [SEVERE ] setting player 3 freeze to 0
[20:52:28.260] [SEVERE ] setting player 3 freeze to 0
[20:52:28.260] [SEVERE ] setting player 3 freeze to 0
[20:52:28.260] [SEVERE ] removing player 3 token from slot 7
[20:52:28.261] [SEVERE ] removing player 3 token from slot 11
[20:52:28.261] [SEVERE ] player 3 placing token on slot 4
[20:52:28.262] [SEVERE ] player 3 placing token on slot 7
[20:52:28.269] [SEVERE ] setting player 4 freeze to 0
[20:52:28.269] [SEVERE ] setting player 4 freeze to 0
[20:52:28.270] [SEVERE ] setting player 4 freeze to 0
[20:52:28.270] [SEVERE ] setting player 4 freeze to 0
[20:52:28.271] [SEVERE ] removing player 4 token from slot 5
[20:52:28.271] [SEVERE ] player 4 placing token on slot 5
[20:52:28.279] [SEVERE ] setting player 1 freeze to 0
[20:52:28.280] [SEVERE ] setting player 1 freeze to 0
[20:52:28.280] [SEVERE ] setting player 1 freeze to 0
[20:52:28.281] [SEVERE ] setting player 1 freeze to 0
[20:52:28.281] [SEVERE ] removing player 1 token from slot 5
[20:52:28.282] [SEVERE ] removing player 1 token from slot 9
[20:52:28.282] [SEVERE ] player 1 placing token on slot 2
[20:52:28.283] [SEVERE ] removing player 1 token from slot 10
[20:52:28.283] [SEVERE ] player 1 placing token on slot 3
[20:52:28.283] [SEVERE ] player 1 placing token on slot 4
[20:52:28.290] [SEVERE ] setting player 2 freeze to 0
[20:52:28.290] [SEVERE ] setting player 2 freeze to 0
[20:52:28.291] [SEVERE ] setting player 2 freeze to 0
[20:52:28.291] [SEVERE ] setting player 2 freeze to 0
[20:52:28.292] [SEVERE ] removing player 2 token from slot 2
[20:52:28.292] [SEVERE ] player 2 placing token on slot 8
[20:52:28.300] [SEVERE ] setting player 3 freeze to 0
[20:52:28.300] [SEVERE ] setting player 3 freeze to 0
[20:52:28.301] [SEVERE ] setting player 3 freeze to 0
[20:52:28.301] [SEVERE ] setting player 3 freeze to 0
[20:52:28.302] [SEVERE ] removing player 3 token from slot 8
[20:52:28.303] [SEVERE ] removing player 3 token from slot 4
[20:52:28.303] [SEVERE ] player 3 placing token on slot 11
[20:52:28.303] [SEVERE ] player 3 placing token on slot 5
[20:52:28.311] [SEVERE ] setting player 4 freeze to 0
[20:52:28.311] [SEVERE ] setting player 4 freeze to 0
[20:52:28.311] [SEVERE ] setting player 4 freeze to 0
[20:52:28.312] [SEVERE ] setting player 4 freeze to 0
[20:52:28.312] [SEVERE ] removing player 4 token from slot 8
[20:52:28.313] [SEVERE ] player 4 placing token on slot 4
[20:52:28.321] [SEVERE ] setting player 1 freeze to 0
[20:52:28.321] [SEVERE ] setting player 1 freeze to 0
[20:52:28.322] [SEVERE ] setting player 1 freeze to 0
[20:52:28.322] [SEVERE ] setting player 1 freeze to 0
[20:52:28.323] [SEVERE ] removing player 1 token from slot 4
[20:52:28.323] [SEVERE ] player 1 placing token on slot 11
[20:52:28.331] [SEVERE ] setting player 2 freeze to 0
[20:52:28.332] [SEVERE ] setting player 2 freeze to 0
[20:52:28.332] [SEVERE ] setting player 2 freeze to 0
[20:52:28.333] [SEVERE ] setting player 2 freeze to 0
[20:52:28.333] [SEVERE ] removing player 2 token from slot 3
[20:52:28.334] [SEVERE ] removing player 2 token from slot 8
[20:52:28.334] [SEVERE ] player 2 placing token on slot 1
[20:52:28.334] [SEVERE ] player 2 placing token on slot 6
[20:52:28.342] [SEVERE ] setting player 3 freeze to 0
[20:52:28.342] [SEVERE ] setting player 3 freeze to 0
[20:52:28.342] [SEVERE ] setting player 3 freeze to 0
[20:52:28.343] [SEVERE ] setting player 3 freeze to 0
[20:52:28.343] [SEVERE ] removing player 3 token from slot 7
[20:52:28.344] [SEVERE ] player 3 placing token on slot 4
[20:52:28.353] [SEVERE ] setting player 4 freeze to 0
[20:52:28.353] [SEVERE ] setting player 4 freeze to 0
[20:52:28.353] [SEVERE ] setting player 4 freeze to 0
[20:52:28.354] [SEVERE ] setting player 4 freeze to 0
[20:52:28.354] [SEVERE ] removing player 4 token from slot 11
[20:52:28.355] [SEVERE ] player 4 placing token on slot 2
[20:52:28.363] [SEVERE ] setting player 1 freeze to 0
[20:52:28.364] [SEVERE ] setting player 1 freeze to 0
[20:52:28.364] [SEVERE ] setting player 1 freeze to 0
[20:52:28.365] [SEVERE ] setting player 1 freeze to 0
[20:52:28.366] [SEVERE ] removing player 1 token from slot 11
[20:52:28.366] [SEVERE ] removing player 1 token from slot 3
[20:52:28.366] [SEVERE ] player 1 placing token on slot 9
[20:52:28.367] [SEVERE ] player 1 placing token on slot 10
[20:52:28.374] [SEVERE ] setting player 2 freeze to 0
[20:52:28.375] [SEVERE ] setting player 2 freeze to 0
[20:52:28.375] [SEVERE ] setting player 2 freeze to 0
[20:52:28.376] [SEVERE ] setting player 2 freeze to 0
[20:52:28.376] [SEVERE ] removing player 2 token from slot 6
[20:52:28.376] [SEVERE ] player 2 placing token on slot 7
[20:52:28.385] [SEVERE ] setting player 3 freeze to 0
[20:52:28.385] [SEVERE ] setting player 3 freeze to 0
[20:52:28.386] [SEVERE ] setting player 3 freeze to 0
[20:52:28.386] [SEVERE ] setting player 3 freeze to 0
[20:52:28.387] [SEVERE ] removing player 3 token from slot 5
[20:52:28.387] [SEVERE ] player 3 placing token on slot 2
[20:52:28.396] [SEVERE ] setting player 4 freeze to 0
[20:52:28.397] [SEVERE ] setting player 4 freeze to 0
[20:52:28.397] [SEVERE ] setting player 4 freeze to 0
[20:52:28.398] [SEVERE ] setting player 4 freeze to 0
[20:52:28.398] [SEVERE ] removing player 4 token from slot 5
[20:52:28.399] [SEVERE ] player 4 placing token on slot 11
[20:52:28.406] [SEVERE ] setting player 1 freeze to 0
[20:52:28.407] [SEVERE ] setting player 1 freeze to 0
[20:52:28.408] [SEVERE ] setting player 1 freeze to 0
[20:52:28.408] [SEVERE ] setting player 1 freeze to 0
[20:52:28.409] [SEVERE ] removing player 1 token from slot 9
[20:52:28.415] [SEVERE ] player 1 placing token on slot 11
[20:52:28.417] [SEVERE ] setting player 2 freeze to 0
[20:52:28.420] [SEVERE ] setting player 2 freeze to 0
[20:52:28.420] [SEVERE ] setting player 2 freeze to 0
[20:52:28.428] [SEVERE ] setting player 3 freeze to 0
[20:52:28.428] [SEVERE ] setting player 3 freeze to 0
[20:52:28.428] [SEVERE ] setting player 2 freeze to 0
[20:52:28.428] [SEVERE ] setting player 3 freeze to 0
[20:52:28.429] [SEVERE ] removing player 2 token from slot 7
[20:52:28.429] [SEVERE ] setting player 3 freeze to 0
[20:52:28.430] [SEVERE ] removing player 2 token from slot 1
[20:52:28.430] [SEVERE ] removing player 3 token from slot 11
[20:52:28.430] [SEVERE ] player 2 placing token on slot 10
[20:52:28.431] [SEVERE ] player 3 placing token on slot 6
[20:52:28.432] [SEVERE ] player 2 placing token on slot 8
[20:52:28.441] [SEVERE ] setting player 4 freeze to 0
[20:52:28.441] [SEVERE ] setting player 4 freeze to 0
[20:52:28.442] [SEVERE ] setting player 4 freeze to 0
[20:52:28.442] [SEVERE ] setting player 4 freeze to 0
[20:52:28.442] [SEVERE ] removing player 4 token from slot 11
[20:52:28.443] [SEVERE ] player 4 placing token on slot 9
[20:52:28.451] [SEVERE ] setting player 1 freeze to 0
[20:52:28.451] [SEVERE ] setting player 1 freeze to 0
[20:52:28.452] [SEVERE ] setting player 1 freeze to 0
[20:52:28.452] [SEVERE ] setting player 1 freeze to 0
[20:52:28.453] [SEVERE ] removing player 1 token from slot 10
[20:52:28.454] [SEVERE ] player 1 placing token on slot 8
[20:52:28.462] [SEVERE ] setting player 3 freeze to 0
[20:52:28.462] [SEVERE ] setting player 3 freeze to 0
[20:52:28.462] [SEVERE ] setting player 3 freeze to 0
[20:52:28.463] [SEVERE ] setting player 3 freeze to 0
[20:52:28.463] [SEVERE ] removing player 3 token from slot 4
[20:52:28.464] [SEVERE ] player 3 placing token on slot 4
[20:52:28.472] [SEVERE ] setting player 2 freeze to 0
[20:52:28.473] [SEVERE ] setting player 2 freeze to 0
[20:52:28.473] [SEVERE ] setting player 2 freeze to 0
[20:52:28.473] [SEVERE ] setting player 2 freeze to 0
[20:52:28.474] [SEVERE ] removing player 2 token from slot 8
[20:52:28.480] [SEVERE ] player 2 placing token on slot 2
[20:52:28.482] [SEVERE ] setting player 4 freeze to 0
[20:52:28.483] [SEVERE ] setting player 4 freeze to 0
[20:52:28.483] [SEVERE ] setting player 4 freeze to 0
[20:52:28.484] [SEVERE ] setting player 4 freeze to 0
[20:52:28.484] [SEVERE ] removing player 4 token from slot 2
[20:52:28.485] [SEVERE ] player 4 placing token on slot 1
[20:52:28.493] [SEVERE ] setting player 1 freeze to 0
[20:52:28.493] [SEVERE ] setting player 1 freeze to 0
[20:52:28.494] [SEVERE ] setting player 1 freeze to 0
[20:52:28.494] [SEVERE ] setting player 1 freeze to 0
[20:52:28.495] [SEVERE ] removing player 1 token from slot 11
[20:52:28.495] [SEVERE ] player 1 placing token on slot 6
[20:52:28.503] [SEVERE ] setting player 3 freeze to 0
[20:52:28.503] [SEVERE ] setting player 3 freeze to 0
[20:52:28.504] [SEVERE ] setting player 3 freeze to 0
[20:52:28.504] [SEVERE ] setting player 3 freeze to 0
[20:52:28.506] [SEVERE ] removing player 3 token from slot 2
[20:52:28.506] [SEVERE ] player 3 placing token on slot 5
[20:52:28.514] [SEVERE ] setting player 2 freeze to 0
[20:52:28.514] [SEVERE ] setting player 2 freeze to 0
[20:52:28.514] [SEVERE ] setting player 2 freeze to 0
[20:52:28.515] [SEVERE ] setting player 2 freeze to 0
[20:52:28.515] [SEVERE ] removing player 2 token from slot 9
[20:52:28.516] [SEVERE ] player 2 placing token on slot 6
[20:52:28.524] [SEVERE ] updating countdown to 5000
[20:52:28.524] [SEVERE ] removing player 4 token from slot 4
[20:52:28.524] [SEVERE ] removing player 4 token from slot 1
[20:52:28.525] [SEVERE ] removing player 4 token from slot 4
[20:52:28.525] [SEVERE ] removing player 4 token from slot 4
[20:52:28.526] [SEVERE ] setting player 4 score to 1
[20:52:28.527] [SEVERE ] setting player 4 freeze to 0
[20:52:28.527] [SEVERE ] setting player 4 freeze to 0
[20:52:28.528] [SEVERE ] removing player 4 token from slot 4
[20:52:28.528] [SEVERE ] removing player 4 token from slot 9
[20:52:28.528] [SEVERE ] player 4 placing token on slot 2
[20:52:28.529] [SEVERE ] removing player 4 token from slot 1
[20:52:28.529] [SEVERE ] player 4 placing token on slot 4
[20:52:28.530] [SEVERE ] player 4 placing token on slot 8
[20:52:28.625] [SEVERE ] removing card from slot 1
[20:52:28.625] [SEVERE ] removing player 4 token from slot 2
[20:52:28.725] [SEVERE ] removing card from slot 2
[20:52:28.725] [SEVERE ] removing player 4 token from slot 4
[20:52:28.826] [SEVERE ] removing card from slot 4
[20:52:28.826] [SEVERE ] removing player 4 token from slot 8
[20:52:28.926] [SEVERE ] removing card from slot 8
