[16:49:10.099] [INFO   ] thread main starting.
[16:49:10.107] [SEVERE ] cannot read configuration file config.properties trying from resources.
[16:49:10.108] [SEVERE ] configuration file was loaded from resources directory.
[16:49:10.615] [INFO   ] thread dealer starting.
[16:49:10.615] [INFO   ] Thread dealer starting.
[16:49:10.720] [SEVERE ] placing card 35 in slot 0
[16:49:10.820] [SEVERE ] placing card 8 in slot 1
[16:49:10.921] [SEVERE ] placing card 32 in slot 2
[16:49:11.021] [SEVERE ] placing card 69 in slot 3
[16:49:11.122] [SEVERE ] placing card 59 in slot 4
[16:49:11.223] [SEVERE ] placing card 52 in slot 5
[16:49:11.323] [SEVERE ] placing card 54 in slot 6
[16:49:11.424] [SEVERE ] placing card 39 in slot 7
[16:49:11.524] [SEVERE ] placing card 45 in slot 8
[16:49:11.625] [SEVERE ] placing card 30 in slot 9
[16:49:11.725] [SEVERE ] placing card 65 in slot 10
[16:49:11.826] [SEVERE ] placing card 63 in slot 11
[16:49:11.826] [INFO   ] Thread Thread-1starting.
[16:49:11.827] [SEVERE ] updating countdown to 5000
[16:49:11.827] [INFO   ] Thread Thread-4starting.
[16:49:11.827] [INFO   ] Thread Thread-3starting.
[16:49:11.826] [INFO   ] Thread Thread-2starting.
[16:49:11.827] [INFO   ] Thread computer-0 starting.
[16:49:11.830] [SEVERE ] player 1 placing token on slot 3
[16:49:11.830] [SEVERE ] player 1 placing token on slot 9
[16:49:11.830] [SEVERE ] player 1 placing token on slot 0
[16:49:11.831] [INFO   ] Thread computer-3 starting.
[16:49:11.831] [SEVERE ] player 4 placing token on slot 9
[16:49:11.832] [SEVERE ] removing player 4 token from slot 9
[16:49:11.832] [SEVERE ] player 4 placing token on slot 2
[16:49:11.833] [SEVERE ] player 4 placing token on slot 4
[16:49:11.833] [SEVERE ] player 4 placing token on slot 7
[16:49:11.832] [INFO   ] Thread computer-1 starting.
[16:49:11.835] [SEVERE ] player 2 placing token on slot 11
[16:49:11.835] [SEVERE ] player 2 placing token on slot 2
[16:49:11.836] [SEVERE ] removing player 2 token from slot 2
[16:49:11.836] [SEVERE ] player 2 placing token on slot 0
[16:49:11.836] [SEVERE ] player 2 placing token on slot 7
[16:49:11.839] [INFO   ] Thread computer-2 starting.
[16:49:11.839] [SEVERE ] setting player 1 freeze to 0
[16:49:11.839] [SEVERE ] player 3 placing token on slot 10
[16:49:11.839] [SEVERE ] setting player 1 freeze to 0
[16:49:11.840] [SEVERE ] setting player 1 freeze to 0
[16:49:11.841] [SEVERE ] setting player 1 freeze to 0
[16:49:11.840] [SEVERE ] player 3 placing token on slot 3
[16:49:11.845] [SEVERE ] player 3 placing token on slot 4
[16:49:11.855] [SEVERE ] setting player 4 freeze to 0
[16:49:11.855] [SEVERE ] setting player 4 freeze to 0
[16:49:11.855] [SEVERE ] setting player 4 freeze to 0
[16:49:11.856] [SEVERE ] setting player 4 freeze to 0
[16:49:11.865] [SEVERE ] setting player 2 freeze to 0
[16:49:11.865] [SEVERE ] setting player 2 freeze to 0
[16:49:11.866] [SEVERE ] setting player 2 freeze to 0
[16:49:11.866] [SEVERE ] setting player 2 freeze to 0
[16:49:11.876] [SEVERE ] setting player 3 freeze to 0
[16:49:11.876] [SEVERE ] setting player 3 freeze to 0
[16:49:11.877] [SEVERE ] setting player 3 freeze to 0
[16:49:11.877] [SEVERE ] setting player 3 freeze to 0
[16:49:16.833] [SEVERE ] updating countdown to 5000
[16:49:16.834] [SEVERE ] updating countdown to 5000
[16:49:16.934] [SEVERE ] removing card from slot 0
[16:49:17.035] [SEVERE ] removing card from slot 1
[16:49:17.135] [SEVERE ] removing card from slot 2
[16:49:17.235] [SEVERE ] removing card from slot 3
[16:49:17.336] [SEVERE ] removing card from slot 4
[16:49:17.436] [SEVERE ] removing card from slot 5
[16:49:17.536] [SEVERE ] removing card from slot 6
[16:49:17.637] [SEVERE ] removing card from slot 7
[16:49:17.737] [SEVERE ] removing card from slot 8
[16:49:17.837] [SEVERE ] removing card from slot 9
[16:49:17.938] [SEVERE ] removing card from slot 10
[16:49:18.038] [SEVERE ] removing card from slot 11
[16:49:18.039] [SEVERE ] removing all tokens
[16:49:18.140] [SEVERE ] placing card 32 in slot 0
[16:49:18.241] [SEVERE ] placing card 28 in slot 1
[16:49:18.342] [SEVERE ] placing card 44 in slot 2
[16:49:18.442] [SEVERE ] placing card 37 in slot 3
[16:49:18.543] [SEVERE ] placing card 42 in slot 4
[16:49:18.643] [SEVERE ] placing card 27 in slot 5
[16:49:18.743] [SEVERE ] placing card 3 in slot 6
[16:49:18.844] [SEVERE ] placing card 72 in slot 7
[16:49:18.944] [SEVERE ] placing card 20 in slot 8
[16:49:19.044] [SEVERE ] placing card 23 in slot 9
[16:49:19.145] [SEVERE ] placing card 58 in slot 10
[16:49:19.245] [SEVERE ] placing card 10 in slot 11
[16:49:19.246] [INFO   ] Thread Thread-5starting.
[16:49:19.246] [INFO   ] Thread Thread-6starting.
[16:49:19.247] [SEVERE ] updating countdown to 5000
[16:49:19.255] [INFO   ] Thread computer-1 starting.
[16:49:19.255] [INFO   ] Thread Thread-7starting.
[16:49:19.255] [INFO   ] Thread Thread-8starting.
[16:49:19.255] [INFO   ] Thread computer-0 starting.
[16:49:19.282] [INFO   ] Thread computer-2 starting.
[16:49:19.298] [INFO   ] Thread computer-3 starting.
