[10:21:36.332] [INFO   ] thread main starting.
[10:21:36.344] [SEVERE ] cannot read configuration file config.properties trying from resources.
[10:21:36.345] [SEVERE ] configuration file was loaded from resources directory.
[10:21:36.870] [INFO   ] thread dealer starting.
[10:21:36.870] [INFO   ] Thread dealer starting.
[10:21:36.979] [SEVERE ] placing card 59 in slot 0
[10:21:37.079] [SEVERE ] placing card 30 in slot 1
[10:21:37.180] [SEVERE ] placing card 15 in slot 2
[10:21:37.281] [SEVERE ] placing card 53 in slot 3
[10:21:37.382] [SEVERE ] placing card 13 in slot 4
[10:21:37.484] [SEVERE ] placing card 33 in slot 5
[10:21:37.585] [SEVERE ] placing card 46 in slot 6
[10:21:37.686] [SEVERE ] placing card 9 in slot 7
[10:21:37.787] [SEVERE ] placing card 32 in slot 8
[10:21:37.888] [SEVERE ] placing card 77 in slot 9
[10:21:37.989] [SEVERE ] placing card 34 in slot 10
[10:21:38.090] [SEVERE ] placing card 55 in slot 11
[10:21:38.091] [SEVERE ] updating countdown to 5000
[10:21:38.091] [INFO   ] Thread Thread-1starting.
[10:21:38.091] [INFO   ] Thread Thread-2starting.
[10:21:38.747] [SEVERE ] key 65 was pressed by player 1
[10:21:38.754] [SEVERE ] player 1 placing token on slot 4
[10:21:39.201] [SEVERE ] key 76 was pressed by player 2
[10:21:39.204] [SEVERE ] player 2 placing token on slot 6
[10:21:39.705] [SEVERE ] key 75 was pressed by player 2
[10:21:39.709] [SEVERE ] player 2 placing token on slot 5
[10:21:42.825] [SEVERE ] key 65 was pressed by player 1
[10:21:42.827] [SEVERE ] removing player 1 token from slot 4
[10:21:42.881] [SEVERE ] key 83 was pressed by player 1
[10:21:42.883] [SEVERE ] player 1 placing token on slot 5
[10:21:42.962] [SEVERE ] key 68 was pressed by player 1
[10:21:42.963] [SEVERE ] player 1 placing token on slot 6
[10:21:43.091] [SEVERE ] updating countdown to 5000
[10:21:43.191] [SEVERE ] removing card from slot 0
[10:21:43.291] [SEVERE ] removing card from slot 1
[10:21:43.392] [SEVERE ] removing card from slot 2
[10:21:43.492] [SEVERE ] removing card from slot 3
[10:21:43.592] [SEVERE ] removing card from slot 4
[10:21:43.693] [SEVERE ] removing card from slot 5
[10:21:43.793] [SEVERE ] removing card from slot 6
[10:21:43.893] [SEVERE ] removing card from slot 7
[10:21:43.994] [SEVERE ] removing card from slot 8
[10:21:44.094] [SEVERE ] removing card from slot 9
[10:21:44.194] [SEVERE ] removing card from slot 10
[10:21:44.295] [SEVERE ] removing card from slot 11
[10:21:44.295] [SEVERE ] removing all tokens
[10:21:44.396] [SEVERE ] placing card 64 in slot 0
[10:21:44.496] [SEVERE ] placing card 73 in slot 1
[10:21:44.597] [SEVERE ] placing card 25 in slot 2
[10:21:44.697] [SEVERE ] placing card 7 in slot 3
[10:21:44.797] [SEVERE ] placing card 71 in slot 4
[10:21:44.898] [SEVERE ] placing card 36 in slot 5
[10:21:44.998] [SEVERE ] placing card 17 in slot 6
[10:21:45.099] [SEVERE ] placing card 16 in slot 7
[10:21:45.199] [SEVERE ] placing card 69 in slot 8
[10:21:45.300] [SEVERE ] placing card 56 in slot 9
[10:21:45.400] [SEVERE ] placing card 37 in slot 10
[10:21:45.500] [SEVERE ] placing card 41 in slot 11
[10:21:45.501] [INFO   ] Thread Thread-3starting.
[10:21:45.501] [INFO   ] Thread Thread-4starting.
[10:21:45.501] [SEVERE ] updating countdown to 5000
[10:21:46.073] [SEVERE ] key 87 was pressed by player 1
[10:21:46.074] [SEVERE ] player 1 placing token on slot 1
[10:21:47.321] [SEVERE ] key 87 was pressed by player 1
[10:21:47.322] [SEVERE ] removing player 1 token from slot 1
[10:21:48.273] [SEVERE ] key 69 was pressed by player 1
[10:21:48.275] [SEVERE ] player 1 placing token on slot 2
[10:21:48.617] [SEVERE ] key 82 was pressed by player 1
[10:21:48.618] [SEVERE ] player 1 placing token on slot 3
[10:21:49.825] [SEVERE ] key 70 was pressed by player 1
[10:21:49.826] [SEVERE ] player 1 placing token on slot 7
[10:21:49.830] [SEVERE ] updating countdown to 5000
[10:21:49.831] [SEVERE ] removing player 1 token from slot 2
[10:21:49.831] [SEVERE ] removing player 1 token from slot 3
[10:21:49.832] [SEVERE ] removing player 1 token from slot 7
[10:21:49.932] [SEVERE ] removing card from slot 2
[10:21:50.033] [SEVERE ] removing card from slot 3
[10:21:50.133] [SEVERE ] removing card from slot 7
[10:21:50.133] [SEVERE ] removing player 1 token from slot 2
[10:21:50.134] [SEVERE ] removing player 1 token from slot 3
[10:21:50.134] [SEVERE ] removing player 1 token from slot 7
[10:21:50.235] [SEVERE ] placing card 6 in slot 2
[10:21:50.335] [SEVERE ] placing card 0 in slot 3
[10:21:50.436] [SEVERE ] placing card 4 in slot 7
[10:21:50.831] [SEVERE ] setting player 1 score to 1
[10:21:50.831] [SEVERE ] setting player 1 score to 1
[10:21:50.831] [SEVERE ] setting player 1 freeze to 1000
[10:21:50.832] [SEVERE ] setting player 1 freeze to 1000
[10:21:50.832] [SEVERE ] setting player 1 freeze to 0
[10:21:50.833] [SEVERE ] setting player 1 freeze to 0
[10:21:51.830] [SEVERE ] updating countdown to 3000
[10:21:54.122] [SEVERE ] exit button pressed
[10:21:54.122] [INFO   ] Thread Thread-3 terminated.
[10:21:54.122] [INFO   ] Thread Thread-2 terminated.
[10:21:54.122] [INFO   ] Thread Thread-1 terminated.
[10:21:54.122] [INFO   ] Thread Thread-4 terminated.
[10:21:54.222] [SEVERE ] removing card from slot 0
[10:21:54.323] [SEVERE ] removing card from slot 1
[10:21:54.423] [SEVERE ] removing card from slot 2
[10:21:54.524] [SEVERE ] removing card from slot 3
[10:21:54.624] [SEVERE ] removing card from slot 4
[10:21:54.725] [SEVERE ] removing card from slot 5
[10:21:54.826] [SEVERE ] removing card from slot 6
[10:21:54.927] [SEVERE ] removing card from slot 7
[10:21:55.027] [SEVERE ] removing card from slot 8
[10:21:55.128] [SEVERE ] removing card from slot 9
[10:21:55.228] [SEVERE ] removing card from slot 10
[10:21:55.329] [SEVERE ] removing card from slot 11
[10:21:55.330] [SEVERE ] removing all tokens
[10:21:55.331] [SEVERE ] updating countdown to 5000
[10:21:55.333] [SEVERE ] announcing winner(s): player 1, player 1
[10:21:55.433] [INFO   ] thread dealer terminated.
[10:21:55.434] [SEVERE ] thanks for playing... it was fun!
[10:21:55.435] [INFO   ] thread main terminated.
