[13:51:21.952] [INFO   ] thread main starting.
[13:51:21.959] [SEVERE ] cannot read configuration file config.properties trying from resources.
[13:51:21.961] [SEVERE ] configuration file was loaded from resources directory.
[13:51:22.454] [INFO   ] thread dealer starting.
[13:51:22.454] [INFO   ] Thread dealer starting.
[13:51:22.560] [SEVERE ] placing card 7 in slot 0
[13:51:22.661] [SEVERE ] placing card 47 in slot 1
[13:51:22.762] [SEVERE ] placing card 2 in slot 2
[13:51:22.863] [SEVERE ] placing card 57 in slot 3
[13:51:22.965] [SEVERE ] placing card 73 in slot 4
[13:51:23.066] [SEVERE ] placing card 53 in slot 5
[13:51:23.168] [SEVERE ] placing card 66 in slot 6
[13:51:23.269] [SEVERE ] placing card 10 in slot 7
[13:51:23.370] [SEVERE ] placing card 72 in slot 8
[13:51:23.470] [SEVERE ] placing card 56 in slot 9
[13:51:23.571] [SEVERE ] placing card 60 in slot 10
[13:51:23.672] [SEVERE ] placing card 54 in slot 11
[13:51:23.673] [INFO   ] Thread Thread-1starting.
[13:51:23.673] [INFO   ] Thread Thread-4starting.
[13:51:23.673] [INFO   ] Thread Thread-3starting.
[13:51:23.673] [INFO   ] Thread Thread-2starting.
[13:51:23.675] [INFO   ] Thread computer-2 starting.
[13:51:23.674] [INFO   ] Thread computer-3 starting.
[13:51:23.674] [INFO   ] Thread computer-0 starting.
[13:51:23.673] [SEVERE ] updating countdown to 30000
[13:51:23.676] [SEVERE ] player 3 placing token on slot 4
[13:51:23.678] [SEVERE ] player 1 placing token on slot 0
[13:51:23.678] [SEVERE ] player 4 placing token on slot 6
[13:51:23.679] [SEVERE ] player 1 placing token on slot 5
[13:51:23.679] [SEVERE ] player 3 placing token on slot 2
[13:51:23.680] [SEVERE ] player 1 placing token on slot 6
[13:51:23.680] [SEVERE ] player 4 placing token on slot 8
[13:51:23.680] [SEVERE ] player 3 placing token on slot 0
[13:51:23.675] [INFO   ] Thread computer-1 starting.
[13:51:23.681] [SEVERE ] player 4 placing token on slot 5
[13:51:23.682] [SEVERE ] player 2 placing token on slot 6
[13:51:23.682] [SEVERE ] player 2 placing token on slot 4
[13:51:23.683] [SEVERE ] player 2 placing token on slot 10
[13:51:24.678] [SEVERE ] updating countdown to 28995
[13:51:24.678] [SEVERE ] setting player 1 freeze to 0
[13:51:24.679] [SEVERE ] setting player 1 freeze to 0
[13:51:24.679] [SEVERE ] setting player 1 freeze to 0
[13:51:24.680] [SEVERE ] setting player 1 freeze to 0
[13:51:24.680] [SEVERE ] removing player 1 token from slot 5
[13:51:24.681] [SEVERE ] player 1 placing token on slot 11
[13:51:25.678] [SEVERE ] updating countdown to 27995
[13:51:25.678] [SEVERE ] setting player 3 freeze to 0
[13:51:25.679] [SEVERE ] setting player 3 freeze to 0
[13:51:25.680] [SEVERE ] setting player 3 freeze to 0
[13:51:25.680] [SEVERE ] setting player 3 freeze to 0
[13:51:25.681] [SEVERE ] removing player 3 token from slot 2
[13:51:25.682] [SEVERE ] player 3 placing token on slot 1
[13:51:26.679] [SEVERE ] updating countdown to 26994
[13:51:26.679] [SEVERE ] setting player 4 freeze to 0
[13:51:26.680] [SEVERE ] setting player 4 freeze to 0
[13:51:26.680] [SEVERE ] setting player 4 freeze to 0
[13:51:26.681] [SEVERE ] setting player 4 freeze to 0
[13:51:26.682] [SEVERE ] removing player 4 token from slot 8
[13:51:26.682] [SEVERE ] player 4 placing token on slot 7
[13:51:27.679] [SEVERE ] updating countdown to 25994
[13:51:27.679] [SEVERE ] setting player 2 freeze to 0
[13:51:27.680] [SEVERE ] setting player 2 freeze to 0
[13:51:27.681] [SEVERE ] setting player 2 freeze to 0
[13:51:27.681] [SEVERE ] setting player 2 freeze to 0
[13:51:27.682] [SEVERE ] removing player 2 token from slot 4
[13:51:27.682] [SEVERE ] player 2 placing token on slot 5
[13:51:28.680] [SEVERE ] updating countdown to 24993
[13:51:28.680] [SEVERE ] setting player 1 freeze to 0
[13:51:28.681] [SEVERE ] setting player 1 freeze to 0
[13:51:28.681] [SEVERE ] setting player 1 freeze to 0
[13:51:28.682] [SEVERE ] setting player 1 freeze to 0
[13:51:28.682] [SEVERE ] removing player 1 token from slot 11
[13:51:28.683] [SEVERE ] player 1 placing token on slot 8
[13:51:29.681] [SEVERE ] updating countdown to 23992
[13:51:29.681] [SEVERE ] setting player 3 freeze to 0
[13:51:29.681] [SEVERE ] setting player 3 freeze to 0
[13:51:29.682] [SEVERE ] setting player 3 freeze to 0
[13:51:29.683] [SEVERE ] setting player 3 freeze to 0
[13:51:29.683] [SEVERE ] removing player 3 token from slot 0
[13:51:29.683] [SEVERE ] player 3 placing token on slot 9
[13:51:30.681] [SEVERE ] updating countdown to 22992
[13:51:30.681] [SEVERE ] setting player 4 freeze to 0
[13:51:30.682] [SEVERE ] setting player 4 freeze to 0
[13:51:30.682] [SEVERE ] setting player 4 freeze to 0
[13:51:30.683] [SEVERE ] setting player 4 freeze to 0
[13:51:30.683] [SEVERE ] removing player 4 token from slot 7
[13:51:30.684] [SEVERE ] removing player 4 token from slot 5
[13:51:30.684] [SEVERE ] player 4 placing token on slot 2
[13:51:30.685] [SEVERE ] player 4 placing token on slot 3
[13:51:31.682] [SEVERE ] updating countdown to 21991
[13:51:31.682] [SEVERE ] setting player 2 freeze to 0
[13:51:31.683] [SEVERE ] setting player 2 freeze to 0
[13:51:31.683] [SEVERE ] setting player 2 freeze to 0
[13:51:31.684] [SEVERE ] setting player 2 freeze to 0
[13:51:31.684] [SEVERE ] removing player 2 token from slot 10
[13:51:31.891] [SEVERE ] player 2 placing token on slot 2
[13:51:32.682] [SEVERE ] updating countdown to 20991
[13:51:32.682] [SEVERE ] setting player 1 freeze to 0
[13:51:32.683] [SEVERE ] setting player 1 freeze to 0
[13:51:32.684] [SEVERE ] setting player 1 freeze to 0
[13:51:32.684] [SEVERE ] setting player 1 freeze to 0
[13:51:32.685] [SEVERE ] removing player 1 token from slot 6
[13:51:32.685] [SEVERE ] player 1 placing token on slot 6
[13:51:33.683] [SEVERE ] updating countdown to 19990
[13:51:33.683] [SEVERE ] setting player 3 freeze to 0
[13:51:33.684] [SEVERE ] setting player 3 freeze to 0
[13:51:33.684] [SEVERE ] setting player 3 freeze to 0
[13:51:33.685] [SEVERE ] setting player 3 freeze to 0
[13:51:33.685] [SEVERE ] removing player 3 token from slot 1
[13:51:33.686] [SEVERE ] player 3 placing token on slot 10
[13:51:34.684] [SEVERE ] updating countdown to 18989
[13:51:34.684] [SEVERE ] setting player 4 freeze to 0
[13:51:34.685] [SEVERE ] setting player 4 freeze to 0
[13:51:34.685] [SEVERE ] setting player 4 freeze to 0
[13:51:34.686] [SEVERE ] setting player 4 freeze to 0
[13:51:34.686] [SEVERE ] removing player 4 token from slot 2
[13:51:34.687] [SEVERE ] player 4 placing token on slot 9
[13:51:35.684] [SEVERE ] updating countdown to 17989
[13:51:35.684] [SEVERE ] setting player 2 freeze to 0
[13:51:35.685] [SEVERE ] setting player 2 freeze to 0
[13:51:35.685] [SEVERE ] setting player 2 freeze to 0
[13:51:35.686] [SEVERE ] setting player 2 freeze to 0
[13:51:35.686] [SEVERE ] removing player 2 token from slot 6
[13:51:35.687] [SEVERE ] player 2 placing token on slot 9
[13:51:36.685] [SEVERE ] setting player 1 freeze to 0
[13:51:36.685] [SEVERE ] updating countdown to 16988
[13:51:36.685] [SEVERE ] setting player 1 freeze to 0
[13:51:36.686] [SEVERE ] setting player 1 freeze to 0
[13:51:36.687] [SEVERE ] setting player 1 freeze to 0
[13:51:36.687] [SEVERE ] removing player 1 token from slot 0
[13:51:36.688] [SEVERE ] player 1 placing token on slot 9
[13:51:37.686] [SEVERE ] updating countdown to 15987
[13:51:37.686] [SEVERE ] setting player 3 freeze to 0
[13:51:37.687] [SEVERE ] setting player 3 freeze to 0
[13:51:37.687] [SEVERE ] setting player 3 freeze to 0
[13:51:37.688] [SEVERE ] setting player 3 freeze to 0
[13:51:37.688] [SEVERE ] removing player 3 token from slot 9
[13:51:37.689] [SEVERE ] player 3 placing token on slot 7
[13:51:38.686] [SEVERE ] setting player 4 freeze to 0
[13:51:38.686] [SEVERE ] updating countdown to 14987
[13:51:38.687] [SEVERE ] setting player 4 freeze to 0
[13:51:38.688] [SEVERE ] setting player 4 freeze to 0
[13:51:38.688] [SEVERE ] setting player 4 freeze to 0
[13:51:38.689] [SEVERE ] removing player 4 token from slot 3
[13:51:38.689] [SEVERE ] player 4 placing token on slot 1
[13:51:39.687] [SEVERE ] updating countdown to 13986
[13:51:39.687] [SEVERE ] setting player 2 freeze to 0
[13:51:39.689] [SEVERE ] setting player 2 freeze to 0
[13:51:39.691] [SEVERE ] setting player 2 freeze to 0
[13:51:39.693] [SEVERE ] setting player 2 freeze to 0
[13:51:39.695] [SEVERE ] removing player 2 token from slot 2
[13:51:39.696] [SEVERE ] player 2 placing token on slot 4
[13:51:40.688] [SEVERE ] updating countdown to 12985
[13:51:40.688] [SEVERE ] setting player 1 freeze to 0
[13:51:40.689] [SEVERE ] setting player 1 freeze to 0
[13:51:40.689] [SEVERE ] setting player 1 freeze to 0
[13:51:40.690] [SEVERE ] setting player 1 freeze to 0
[13:51:40.690] [SEVERE ] removing player 1 token from slot 9
[13:51:40.690] [SEVERE ] player 1 placing token on slot 11
[13:51:41.688] [SEVERE ] updating countdown to 11985
[13:51:41.688] [SEVERE ] setting player 3 freeze to 0
[13:51:41.689] [SEVERE ] setting player 3 freeze to 0
[13:51:41.690] [SEVERE ] setting player 3 freeze to 0
[13:51:41.690] [SEVERE ] setting player 3 freeze to 0
[13:51:41.690] [SEVERE ] removing player 3 token from slot 4
[13:51:41.691] [SEVERE ] player 3 placing token on slot 9
[13:51:42.689] [SEVERE ] updating countdown to 10984
[13:51:42.689] [SEVERE ] setting player 4 freeze to 0
[13:51:42.690] [SEVERE ] setting player 4 freeze to 0
[13:51:42.690] [SEVERE ] setting player 4 freeze to 0
[13:51:42.690] [SEVERE ] setting player 4 freeze to 0
[13:51:42.691] [SEVERE ] removing player 4 token from slot 9
[13:51:42.691] [SEVERE ] player 4 placing token on slot 9
[13:51:43.689] [SEVERE ] updating countdown to 9984
[13:51:43.689] [SEVERE ] setting player 2 freeze to 0
[13:51:43.690] [SEVERE ] setting player 2 freeze to 0
[13:51:43.690] [SEVERE ] setting player 2 freeze to 0
[13:51:43.691] [SEVERE ] setting player 2 freeze to 0
[13:51:43.691] [SEVERE ] removing player 2 token from slot 5
[13:51:43.692] [SEVERE ] player 2 placing token on slot 10
[13:51:44.690] [SEVERE ] updating countdown to 8983
[13:51:44.690] [SEVERE ] setting player 1 freeze to 0
[13:51:44.690] [SEVERE ] setting player 1 freeze to 0
[13:51:44.691] [SEVERE ] setting player 1 freeze to 0
[13:51:44.691] [SEVERE ] setting player 1 freeze to 0
[13:51:44.692] [SEVERE ] removing player 1 token from slot 6
[13:51:44.692] [SEVERE ] player 1 placing token on slot 2
[13:51:45.690] [SEVERE ] updating countdown to 7983
[13:51:45.690] [SEVERE ] setting player 3 freeze to 0
[13:51:45.691] [SEVERE ] setting player 3 freeze to 0
[13:51:45.692] [SEVERE ] setting player 3 freeze to 0
[13:51:45.692] [SEVERE ] setting player 3 freeze to 0
[13:51:45.693] [SEVERE ] removing player 3 token from slot 7
[13:51:45.693] [SEVERE ] player 3 placing token on slot 8
[13:51:46.691] [SEVERE ] updating countdown to 6982
[13:51:46.691] [SEVERE ] setting player 4 freeze to 0
[13:51:46.692] [SEVERE ] setting player 4 freeze to 0
[13:51:46.692] [SEVERE ] setting player 4 freeze to 0
[13:51:46.692] [SEVERE ] setting player 4 freeze to 0
[13:51:46.693] [SEVERE ] removing player 4 token from slot 9
[13:51:46.693] [SEVERE ] player 4 placing token on slot 5
[13:51:47.691] [SEVERE ] updating countdown to 5982
[13:51:47.691] [SEVERE ] setting player 2 freeze to 0
[13:51:47.692] [SEVERE ] setting player 2 freeze to 0
[13:51:47.693] [SEVERE ] setting player 2 freeze to 0
[13:51:47.693] [SEVERE ] setting player 2 freeze to 0
[13:51:47.693] [SEVERE ] removing player 2 token from slot 10
[13:51:47.694] [SEVERE ] player 2 placing token on slot 5
[13:51:48.692] [SEVERE ] setting player 1 freeze to 0
[13:51:48.692] [SEVERE ] setting player 1 freeze to 0
[13:51:48.692] [SEVERE ] setting player 1 freeze to 0
[13:51:48.693] [SEVERE ] setting player 1 freeze to 0
[13:51:48.693] [SEVERE ] removing player 1 token from slot 8
[13:51:48.694] [SEVERE ] player 1 placing token on slot 4
[13:51:48.703] [SEVERE ] setting player 3 freeze to 0
[13:51:48.703] [SEVERE ] setting player 3 freeze to 0
[13:51:48.704] [SEVERE ] setting player 3 freeze to 0
[13:51:48.704] [SEVERE ] setting player 3 freeze to 0
[13:51:48.705] [SEVERE ] removing player 3 token from slot 8
[13:51:48.706] [SEVERE ] player 3 placing token on slot 1
[13:51:48.714] [SEVERE ] setting player 4 freeze to 0
[13:51:48.714] [SEVERE ] setting player 4 freeze to 0
[13:51:48.714] [SEVERE ] setting player 4 freeze to 0
[13:51:48.715] [SEVERE ] setting player 4 freeze to 0
[13:51:48.715] [SEVERE ] removing player 4 token from slot 5
[13:51:48.716] [SEVERE ] player 4 placing token on slot 7
[13:51:48.724] [SEVERE ] setting player 2 freeze to 0
[13:51:48.724] [SEVERE ] setting player 2 freeze to 0
[13:51:48.724] [SEVERE ] setting player 2 freeze to 0
[13:51:48.725] [SEVERE ] setting player 2 freeze to 0
[13:51:48.725] [SEVERE ] removing player 2 token from slot 5
[13:51:48.726] [SEVERE ] player 2 placing token on slot 8
[13:51:48.734] [SEVERE ] setting player 1 freeze to 0
[13:51:48.734] [SEVERE ] setting player 1 freeze to 0
[13:51:48.735] [SEVERE ] setting player 1 freeze to 0
[13:51:48.735] [SEVERE ] setting player 1 freeze to 0
[13:51:48.735] [SEVERE ] removing player 1 token from slot 2
[13:51:48.736] [SEVERE ] player 1 placing token on slot 7
[13:51:48.744] [SEVERE ] setting player 3 freeze to 0
[13:51:48.744] [SEVERE ] setting player 3 freeze to 0
[13:51:48.745] [SEVERE ] setting player 3 freeze to 0
[13:51:48.746] [SEVERE ] setting player 3 freeze to 0
[13:51:48.746] [SEVERE ] removing player 3 token from slot 9
[13:51:48.747] [SEVERE ] player 3 placing token on slot 3
[13:51:48.755] [SEVERE ] setting player 4 freeze to 0
[13:51:48.755] [SEVERE ] setting player 4 freeze to 0
[13:51:48.755] [SEVERE ] setting player 4 freeze to 0
[13:51:48.756] [SEVERE ] setting player 4 freeze to 0
[13:51:48.756] [SEVERE ] removing player 4 token from slot 7
[13:51:48.757] [SEVERE ] player 4 placing token on slot 7
[13:51:48.765] [SEVERE ] setting player 2 freeze to 0
[13:51:48.765] [SEVERE ] setting player 2 freeze to 0
[13:51:48.765] [SEVERE ] setting player 2 freeze to 0
[13:51:48.766] [SEVERE ] setting player 2 freeze to 0
[13:51:48.766] [SEVERE ] removing player 2 token from slot 9
[13:51:48.767] [SEVERE ] player 2 placing token on slot 3
[13:51:48.775] [SEVERE ] setting player 1 freeze to 0
[13:51:48.775] [SEVERE ] setting player 1 freeze to 0
[13:51:48.776] [SEVERE ] setting player 1 freeze to 0
[13:51:48.776] [SEVERE ] setting player 1 freeze to 0
[13:51:48.776] [SEVERE ] removing player 1 token from slot 11
[13:51:48.777] [SEVERE ] player 1 placing token on slot 8
[13:51:48.785] [SEVERE ] setting player 3 freeze to 0
[13:51:48.785] [SEVERE ] setting player 3 freeze to 0
[13:51:48.786] [SEVERE ] setting player 3 freeze to 0
[13:51:48.786] [SEVERE ] setting player 3 freeze to 0
[13:51:48.787] [SEVERE ] removing player 3 token from slot 3
[13:51:48.787] [SEVERE ] player 3 placing token on slot 5
[13:51:48.795] [SEVERE ] setting player 4 freeze to 0
[13:51:48.796] [SEVERE ] setting player 4 freeze to 0
[13:51:48.796] [SEVERE ] setting player 4 freeze to 0
[13:51:48.797] [SEVERE ] setting player 4 freeze to 0
[13:51:48.797] [SEVERE ] removing player 4 token from slot 1
[13:51:48.798] [SEVERE ] player 4 placing token on slot 11
[13:51:48.806] [SEVERE ] setting player 2 freeze to 0
[13:51:48.806] [SEVERE ] setting player 2 freeze to 0
[13:51:48.806] [SEVERE ] setting player 2 freeze to 0
[13:51:48.807] [SEVERE ] setting player 2 freeze to 0
[13:51:48.807] [SEVERE ] removing player 2 token from slot 4
[13:51:48.808] [SEVERE ] player 2 placing token on slot 2
[13:51:48.816] [SEVERE ] setting player 1 freeze to 0
[13:51:48.816] [SEVERE ] setting player 1 freeze to 0
[13:51:48.817] [SEVERE ] setting player 1 freeze to 0
[13:51:48.817] [SEVERE ] setting player 1 freeze to 0
[13:51:48.818] [SEVERE ] removing player 1 token from slot 7
[13:51:48.818] [SEVERE ] player 1 placing token on slot 2
[13:51:48.826] [SEVERE ] setting player 3 freeze to 0
[13:51:48.826] [SEVERE ] setting player 3 freeze to 0
[13:51:48.827] [SEVERE ] setting player 3 freeze to 0
[13:51:48.827] [SEVERE ] setting player 3 freeze to 0
[13:51:48.828] [SEVERE ] removing player 3 token from slot 5
[13:51:48.828] [SEVERE ] player 3 placing token on slot 0
[13:51:48.836] [SEVERE ] setting player 4 freeze to 0
[13:51:48.837] [SEVERE ] setting player 4 freeze to 0
[13:51:48.837] [SEVERE ] setting player 4 freeze to 0
[13:51:48.838] [SEVERE ] setting player 4 freeze to 0
[13:51:48.838] [SEVERE ] removing player 4 token from slot 6
[13:51:48.838] [SEVERE ] removing player 4 token from slot 11
[13:51:48.838] [SEVERE ] player 4 placing token on slot 0
[13:51:48.838] [SEVERE ] player 4 placing token on slot 1
[13:51:48.847] [SEVERE ] setting player 2 freeze to 0
[13:51:48.847] [SEVERE ] setting player 2 freeze to 0
[13:51:48.847] [SEVERE ] setting player 2 freeze to 0
[13:51:48.848] [SEVERE ] setting player 2 freeze to 0
[13:51:48.848] [SEVERE ] removing player 2 token from slot 8
[13:51:48.849] [SEVERE ] player 2 placing token on slot 9
[13:51:48.857] [SEVERE ] setting player 1 freeze to 0
[13:51:48.857] [SEVERE ] setting player 1 freeze to 0
[13:51:48.858] [SEVERE ] setting player 1 freeze to 0
[13:51:48.858] [SEVERE ] setting player 1 freeze to 0
[13:51:48.859] [SEVERE ] removing player 1 token from slot 8
[13:51:48.859] [SEVERE ] player 1 placing token on slot 10
[13:51:48.867] [SEVERE ] setting player 3 freeze to 0
[13:51:48.867] [SEVERE ] setting player 3 freeze to 0
[13:51:48.868] [SEVERE ] setting player 3 freeze to 0
[13:51:48.868] [SEVERE ] setting player 3 freeze to 0
[13:51:48.869] [SEVERE ] removing player 3 token from slot 0
[13:51:48.869] [SEVERE ] player 3 placing token on slot 0
[13:51:48.877] [SEVERE ] setting player 4 freeze to 0
[13:51:48.877] [SEVERE ] setting player 4 freeze to 0
[13:51:48.878] [SEVERE ] setting player 4 freeze to 0
[13:51:48.878] [SEVERE ] setting player 4 freeze to 0
[13:51:48.879] [SEVERE ] removing player 4 token from slot 7
[13:51:48.879] [SEVERE ] player 4 placing token on slot 9
[13:51:48.888] [SEVERE ] setting player 2 freeze to 0
[13:51:48.888] [SEVERE ] setting player 2 freeze to 0
[13:51:48.888] [SEVERE ] setting player 2 freeze to 0
[13:51:48.889] [SEVERE ] setting player 2 freeze to 0
[13:51:48.889] [SEVERE ] removing player 2 token from slot 3
[13:51:48.890] [SEVERE ] player 2 placing token on slot 5
[13:51:48.898] [SEVERE ] setting player 1 freeze to 0
[13:51:48.898] [SEVERE ] setting player 1 freeze to 0
[13:51:48.898] [SEVERE ] setting player 1 freeze to 0
[13:51:48.899] [SEVERE ] setting player 1 freeze to 0
[13:51:48.899] [SEVERE ] removing player 1 token from slot 4
[13:51:48.900] [SEVERE ] player 1 placing token on slot 5
[13:51:48.908] [SEVERE ] setting player 3 freeze to 0
[13:51:48.908] [SEVERE ] setting player 3 freeze to 0
[13:51:48.909] [SEVERE ] setting player 3 freeze to 0
[13:51:48.909] [SEVERE ] setting player 3 freeze to 0
[13:51:48.910] [SEVERE ] removing player 3 token from slot 10
[13:51:48.910] [SEVERE ] player 3 placing token on slot 7
[13:51:48.918] [SEVERE ] setting player 4 freeze to 0
[13:51:48.918] [SEVERE ] setting player 4 freeze to 0
[13:51:48.919] [SEVERE ] setting player 4 freeze to 0
[13:51:48.919] [SEVERE ] setting player 4 freeze to 0
[13:51:48.920] [SEVERE ] removing player 4 token from slot 9
[13:51:48.920] [SEVERE ] player 4 placing token on slot 9
[13:51:48.928] [SEVERE ] setting player 2 freeze to 0
[13:51:48.929] [SEVERE ] setting player 2 freeze to 0
[13:51:48.929] [SEVERE ] setting player 2 freeze to 0
[13:51:48.930] [SEVERE ] setting player 2 freeze to 0
[13:51:48.930] [SEVERE ] removing player 2 token from slot 5
[13:51:48.931] [SEVERE ] player 2 placing token on slot 5
[13:51:48.939] [SEVERE ] setting player 1 freeze to 0
[13:51:48.939] [SEVERE ] setting player 1 freeze to 0
[13:51:48.939] [SEVERE ] setting player 1 freeze to 0
[13:51:48.940] [SEVERE ] setting player 1 freeze to 0
[13:51:48.940] [SEVERE ] removing player 1 token from slot 5
[13:51:48.941] [SEVERE ] player 1 placing token on slot 8
[13:51:48.949] [SEVERE ] setting player 3 freeze to 0
[13:51:48.949] [SEVERE ] setting player 3 freeze to 0
[13:51:48.950] [SEVERE ] setting player 3 freeze to 0
[13:51:48.950] [SEVERE ] setting player 3 freeze to 0
[13:51:48.950] [SEVERE ] removing player 3 token from slot 1
[13:51:48.951] [SEVERE ] removing player 3 token from slot 0
[13:51:48.952] [SEVERE ] player 3 placing token on slot 6
[13:51:48.952] [SEVERE ] removing player 3 token from slot 7
[13:51:48.953] [SEVERE ] player 3 placing token on slot 2
[13:51:48.953] [SEVERE ] player 3 placing token on slot 3
[13:51:48.959] [SEVERE ] setting player 4 freeze to 0
[13:51:48.959] [SEVERE ] setting player 4 freeze to 0
[13:51:48.960] [SEVERE ] setting player 4 freeze to 0
[13:51:48.960] [SEVERE ] setting player 4 freeze to 0
[13:51:48.961] [SEVERE ] removing player 4 token from slot 1
[13:51:48.961] [SEVERE ] player 4 placing token on slot 7
[13:51:48.969] [SEVERE ] setting player 2 freeze to 0
[13:51:48.969] [SEVERE ] setting player 2 freeze to 0
[13:51:48.970] [SEVERE ] setting player 2 freeze to 0
[13:51:48.970] [SEVERE ] setting player 2 freeze to 0
[13:51:48.971] [SEVERE ] removing player 2 token from slot 9
[13:51:48.971] [SEVERE ] player 2 placing token on slot 7
[13:51:48.980] [SEVERE ] setting player 1 freeze to 0
[13:51:48.980] [SEVERE ] setting player 1 freeze to 0
[13:51:48.980] [SEVERE ] setting player 1 freeze to 0
[13:51:48.981] [SEVERE ] setting player 1 freeze to 0
[13:51:48.981] [SEVERE ] removing player 1 token from slot 2
[13:51:48.981] [SEVERE ] player 1 placing token on slot 4
[13:51:48.990] [SEVERE ] setting player 3 freeze to 0
[13:51:48.990] [SEVERE ] setting player 3 freeze to 0
[13:51:48.990] [SEVERE ] setting player 3 freeze to 0
[13:51:48.991] [SEVERE ] setting player 3 freeze to 0
[13:51:48.991] [SEVERE ] removing player 3 token from slot 6
[13:51:48.992] [SEVERE ] player 3 placing token on slot 5
[13:51:49.000] [SEVERE ] setting player 4 freeze to 0
[13:51:49.000] [SEVERE ] setting player 4 freeze to 0
[13:51:49.001] [SEVERE ] setting player 4 freeze to 0
[13:51:49.001] [SEVERE ] setting player 4 freeze to 0
[13:51:49.002] [SEVERE ] removing player 4 token from slot 0
[13:51:49.002] [SEVERE ] player 4 placing token on slot 11
[13:51:49.010] [SEVERE ] setting player 2 freeze to 0
[13:51:49.010] [SEVERE ] setting player 2 freeze to 0
[13:51:49.011] [SEVERE ] setting player 2 freeze to 0
[13:51:49.011] [SEVERE ] setting player 2 freeze to 0
[13:51:49.012] [SEVERE ] removing player 2 token from slot 5
[13:51:49.012] [SEVERE ] player 2 placing token on slot 1
[13:51:49.020] [SEVERE ] setting player 1 freeze to 0
[13:51:49.020] [SEVERE ] setting player 1 freeze to 0
[13:51:49.021] [SEVERE ] setting player 1 freeze to 0
[13:51:49.022] [SEVERE ] setting player 1 freeze to 0
[13:51:49.022] [SEVERE ] removing player 1 token from slot 8
[13:51:49.022] [SEVERE ] player 1 placing token on slot 2
[13:51:49.031] [SEVERE ] setting player 3 freeze to 0
[13:51:49.031] [SEVERE ] setting player 3 freeze to 0
[13:51:49.031] [SEVERE ] setting player 3 freeze to 0
[13:51:49.032] [SEVERE ] setting player 3 freeze to 0
[13:51:49.032] [SEVERE ] removing player 3 token from slot 2
[13:51:49.032] [SEVERE ] removing player 3 token from slot 5
[13:51:49.033] [SEVERE ] player 3 placing token on slot 2
[13:51:49.033] [SEVERE ] removing player 3 token from slot 3
[13:51:49.034] [SEVERE ] player 3 placing token on slot 7
[13:51:49.034] [SEVERE ] player 3 placing token on slot 3
[13:51:49.041] [SEVERE ] setting player 4 freeze to 0
[13:51:49.041] [SEVERE ] setting player 4 freeze to 0
[13:51:49.041] [SEVERE ] setting player 4 freeze to 0
[13:51:49.042] [SEVERE ] setting player 4 freeze to 0
[13:51:49.042] [SEVERE ] removing player 4 token from slot 7
[13:51:49.043] [SEVERE ] player 4 placing token on slot 7
[13:51:49.051] [SEVERE ] setting player 2 freeze to 0
[13:51:49.051] [SEVERE ] setting player 2 freeze to 0
[13:51:49.052] [SEVERE ] setting player 2 freeze to 0
[13:51:49.052] [SEVERE ] setting player 2 freeze to 0
[13:51:49.053] [SEVERE ] removing player 2 token from slot 2
[13:51:49.053] [SEVERE ] player 2 placing token on slot 0
[13:51:49.061] [SEVERE ] setting player 1 freeze to 0
[13:51:49.061] [SEVERE ] setting player 1 freeze to 0
[13:51:49.064] [SEVERE ] setting player 1 freeze to 0
[13:51:49.064] [SEVERE ] setting player 1 freeze to 0
[13:51:49.064] [SEVERE ] removing player 1 token from slot 10
[13:51:49.065] [SEVERE ] player 1 placing token on slot 6
[13:51:49.071] [SEVERE ] setting player 3 freeze to 0
[13:51:49.071] [SEVERE ] setting player 3 freeze to 0
[13:51:49.072] [SEVERE ] setting player 3 freeze to 0
[13:51:49.072] [SEVERE ] setting player 3 freeze to 0
[13:51:49.073] [SEVERE ] removing player 3 token from slot 2
[13:51:49.073] [SEVERE ] player 3 placing token on slot 2
[13:51:49.082] [SEVERE ] setting player 4 freeze to 0
[13:51:49.082] [SEVERE ] setting player 4 freeze to 0
[13:51:49.082] [SEVERE ] setting player 4 freeze to 0
[13:51:49.083] [SEVERE ] setting player 4 freeze to 0
[13:51:49.083] [SEVERE ] removing player 4 token from slot 11
[13:51:49.084] [SEVERE ] player 4 placing token on slot 11
[13:51:49.092] [SEVERE ] setting player 2 freeze to 0
[13:51:49.092] [SEVERE ] setting player 2 freeze to 0
[13:51:49.092] [SEVERE ] setting player 2 freeze to 0
[13:51:49.093] [SEVERE ] setting player 2 freeze to 0
[13:51:49.093] [SEVERE ] removing player 2 token from slot 7
[13:51:49.094] [SEVERE ] player 2 placing token on slot 2
[13:51:49.102] [SEVERE ] setting player 1 freeze to 0
[13:51:49.102] [SEVERE ] setting player 1 freeze to 0
[13:51:49.103] [SEVERE ] setting player 1 freeze to 0
[13:51:49.103] [SEVERE ] setting player 1 freeze to 0
[13:51:49.103] [SEVERE ] removing player 1 token from slot 6
[13:51:49.104] [SEVERE ] player 1 placing token on slot 8
[13:51:49.112] [SEVERE ] setting player 3 freeze to 0
[13:51:49.112] [SEVERE ] setting player 3 freeze to 0
[13:51:49.113] [SEVERE ] setting player 3 freeze to 0
[13:51:49.113] [SEVERE ] setting player 3 freeze to 0
[13:51:49.114] [SEVERE ] removing player 3 token from slot 2
[13:51:49.114] [SEVERE ] player 3 placing token on slot 10
[13:51:49.122] [SEVERE ] setting player 4 freeze to 0
[13:51:49.122] [SEVERE ] setting player 4 freeze to 0
[13:51:49.122] [SEVERE ] setting player 4 freeze to 0
[13:51:49.123] [SEVERE ] setting player 4 freeze to 0
[13:51:49.123] [SEVERE ] removing player 4 token from slot 7
[13:51:49.124] [SEVERE ] player 4 placing token on slot 0
[13:51:49.133] [SEVERE ] setting player 2 freeze to 0
[13:51:49.133] [SEVERE ] setting player 2 freeze to 0
[13:51:49.133] [SEVERE ] setting player 2 freeze to 0
[13:51:49.134] [SEVERE ] setting player 2 freeze to 0
[13:51:49.134] [SEVERE ] removing player 2 token from slot 0
[13:51:49.134] [SEVERE ] player 2 placing token on slot 9
[13:51:49.143] [SEVERE ] setting player 1 freeze to 0
[13:51:49.143] [SEVERE ] setting player 1 freeze to 0
[13:51:49.143] [SEVERE ] setting player 1 freeze to 0
[13:51:49.144] [SEVERE ] setting player 1 freeze to 0
[13:51:49.144] [SEVERE ] removing player 1 token from slot 4
[13:51:49.145] [SEVERE ] player 1 placing token on slot 5
[13:51:49.153] [SEVERE ] setting player 3 freeze to 0
[13:51:49.153] [SEVERE ] setting player 3 freeze to 0
[13:51:49.154] [SEVERE ] setting player 3 freeze to 0
[13:51:49.154] [SEVERE ] setting player 3 freeze to 0
[13:51:49.155] [SEVERE ] removing player 3 token from slot 7
[13:51:49.155] [SEVERE ] removing player 3 token from slot 10
[13:51:49.155] [SEVERE ] player 3 placing token on slot 5
[13:51:49.156] [SEVERE ] removing player 3 token from slot 5
[13:51:49.156] [SEVERE ] player 3 placing token on slot 9
[13:51:49.157] [SEVERE ] player 3 placing token on slot 5
[13:51:49.163] [SEVERE ] setting player 4 freeze to 0
[13:51:49.163] [SEVERE ] setting player 4 freeze to 0
[13:51:49.164] [SEVERE ] setting player 4 freeze to 0
[13:51:49.164] [SEVERE ] setting player 4 freeze to 0
[13:51:49.165] [SEVERE ] removing player 4 token from slot 11
[13:51:49.165] [SEVERE ] removing player 4 token from slot 0
[13:51:49.166] [SEVERE ] player 4 placing token on slot 11
[13:51:49.166] [SEVERE ] player 4 placing token on slot 8
[13:51:49.173] [SEVERE ] setting player 2 freeze to 0
[13:51:49.173] [SEVERE ] setting player 2 freeze to 0
[13:51:49.174] [SEVERE ] setting player 2 freeze to 0
[13:51:49.174] [SEVERE ] setting player 2 freeze to 0
[13:51:49.175] [SEVERE ] removing player 2 token from slot 1
[13:51:49.175] [SEVERE ] removing player 2 token from slot 9
[13:51:49.176] [SEVERE ] player 2 placing token on slot 9
[13:51:49.176] [SEVERE ] player 2 placing token on slot 4
[13:51:49.184] [SEVERE ] setting player 1 freeze to 0
[13:51:49.184] [SEVERE ] setting player 1 freeze to 0
[13:51:49.184] [SEVERE ] setting player 1 freeze to 0
[13:51:49.185] [SEVERE ] setting player 1 freeze to 0
[13:51:49.185] [SEVERE ] removing player 1 token from slot 5
[13:51:49.185] [SEVERE ] player 1 placing token on slot 9
[13:51:49.194] [SEVERE ] setting player 3 freeze to 0
[13:51:49.194] [SEVERE ] setting player 3 freeze to 0
[13:51:49.194] [SEVERE ] setting player 3 freeze to 0
[13:51:49.194] [SEVERE ] setting player 3 freeze to 0
[13:51:49.195] [SEVERE ] removing player 3 token from slot 9
[13:51:49.195] [SEVERE ] player 3 placing token on slot 1
[13:51:49.204] [SEVERE ] setting player 4 freeze to 0
[13:51:49.204] [SEVERE ] setting player 4 freeze to 0
[13:51:49.205] [SEVERE ] setting player 4 freeze to 0
[13:51:49.205] [SEVERE ] setting player 4 freeze to 0
[13:51:49.205] [SEVERE ] removing player 4 token from slot 11
[13:51:49.206] [SEVERE ] player 4 placing token on slot 2
[13:51:49.214] [SEVERE ] setting player 2 freeze to 0
[13:51:49.214] [SEVERE ] setting player 2 freeze to 0
[13:51:49.215] [SEVERE ] setting player 2 freeze to 0
[13:51:49.215] [SEVERE ] setting player 2 freeze to 0
[13:51:49.216] [SEVERE ] removing player 2 token from slot 2
[13:51:49.216] [SEVERE ] player 2 placing token on slot 7
[13:51:49.225] [SEVERE ] setting player 1 freeze to 0
[13:51:49.225] [SEVERE ] setting player 1 freeze to 0
[13:51:49.225] [SEVERE ] setting player 1 freeze to 0
[13:51:49.225] [SEVERE ] setting player 1 freeze to 0
[13:51:49.226] [SEVERE ] removing player 1 token from slot 2
[13:51:49.227] [SEVERE ] removing player 1 token from slot 9
[13:51:49.227] [SEVERE ] player 1 placing token on slot 0
[13:51:49.228] [SEVERE ] removing player 1 token from slot 0
[13:51:49.228] [SEVERE ] player 1 placing token on slot 5
[13:51:49.228] [SEVERE ] player 1 placing token on slot 0
[13:51:49.235] [SEVERE ] setting player 3 freeze to 0
[13:51:49.235] [SEVERE ] setting player 3 freeze to 0
[13:51:49.235] [SEVERE ] setting player 3 freeze to 0
[13:51:49.236] [SEVERE ] setting player 3 freeze to 0
[13:51:49.236] [SEVERE ] removing player 3 token from slot 3
[13:51:49.245] [SEVERE ] setting player 4 freeze to 0
[13:51:49.250] [SEVERE ] player 3 placing token on slot 7
[13:51:49.251] [SEVERE ] setting player 4 freeze to 0
[13:51:49.252] [SEVERE ] setting player 4 freeze to 0
[13:51:49.252] [SEVERE ] setting player 4 freeze to 0
[13:51:49.253] [SEVERE ] removing player 4 token from slot 9
[13:51:49.253] [SEVERE ] player 4 placing token on slot 4
[13:51:49.255] [SEVERE ] setting player 2 freeze to 0
[13:51:49.255] [SEVERE ] setting player 2 freeze to 0
[13:51:49.256] [SEVERE ] setting player 2 freeze to 0
[13:51:49.256] [SEVERE ] setting player 2 freeze to 0
[13:51:49.256] [SEVERE ] removing player 2 token from slot 4
[13:51:49.257] [SEVERE ] player 2 placing token on slot 6
[13:51:49.265] [SEVERE ] setting player 1 freeze to 0
[13:51:49.265] [SEVERE ] setting player 1 freeze to 0
[13:51:49.266] [SEVERE ] setting player 1 freeze to 0
[13:51:49.266] [SEVERE ] setting player 1 freeze to 0
[13:51:49.267] [SEVERE ] removing player 1 token from slot 0
[13:51:49.267] [SEVERE ] player 1 placing token on slot 7
[13:51:49.275] [SEVERE ] setting player 3 freeze to 0
[13:51:49.276] [SEVERE ] setting player 3 freeze to 0
[13:51:49.276] [SEVERE ] setting player 3 freeze to 0
[13:51:49.276] [SEVERE ] setting player 3 freeze to 0
[13:51:49.277] [SEVERE ] removing player 3 token from slot 5
[13:51:49.277] [SEVERE ] player 3 placing token on slot 5
[13:51:49.286] [SEVERE ] setting player 4 freeze to 0
[13:51:49.286] [SEVERE ] setting player 4 freeze to 0
[13:51:49.286] [SEVERE ] setting player 4 freeze to 0
[13:51:49.287] [SEVERE ] setting player 4 freeze to 0
[13:51:49.287] [SEVERE ] removing player 4 token from slot 8
[13:51:49.288] [SEVERE ] player 4 placing token on slot 5
[13:51:49.296] [SEVERE ] setting player 2 freeze to 0
[13:51:49.296] [SEVERE ] setting player 2 freeze to 0
[13:51:49.297] [SEVERE ] setting player 2 freeze to 0
[13:51:49.297] [SEVERE ] setting player 2 freeze to 0
[13:51:49.297] [SEVERE ] removing player 2 token from slot 9
[13:51:49.298] [SEVERE ] player 2 placing token on slot 5
[13:51:49.306] [SEVERE ] setting player 1 freeze to 0
[13:51:49.306] [SEVERE ] setting player 1 freeze to 0
[13:51:49.307] [SEVERE ] setting player 1 freeze to 0
[13:51:49.307] [SEVERE ] setting player 1 freeze to 0
[13:51:49.308] [SEVERE ] removing player 1 token from slot 8
[13:51:49.308] [SEVERE ] player 1 placing token on slot 11
[13:51:49.316] [SEVERE ] setting player 3 freeze to 0
[13:51:49.316] [SEVERE ] setting player 3 freeze to 0
[13:51:49.317] [SEVERE ] setting player 3 freeze to 0
[13:51:49.317] [SEVERE ] setting player 3 freeze to 0
[13:51:49.318] [SEVERE ] removing player 3 token from slot 1
[13:51:49.318] [SEVERE ] player 3 placing token on slot 6
[13:51:49.327] [SEVERE ] setting player 4 freeze to 0
[13:51:49.327] [SEVERE ] setting player 4 freeze to 0
[13:51:49.327] [SEVERE ] setting player 4 freeze to 0
[13:51:49.328] [SEVERE ] setting player 4 freeze to 0
[13:51:49.328] [SEVERE ] removing player 4 token from slot 4
[13:51:49.329] [SEVERE ] player 4 placing token on slot 0
[13:51:49.337] [SEVERE ] setting player 2 freeze to 0
[13:51:49.337] [SEVERE ] setting player 2 freeze to 0
[13:51:49.337] [SEVERE ] setting player 2 freeze to 0
[13:51:49.338] [SEVERE ] setting player 2 freeze to 0
[13:51:49.339] [SEVERE ] removing player 2 token from slot 5
[13:51:49.339] [SEVERE ] player 2 placing token on slot 1
[13:51:49.347] [SEVERE ] setting player 1 freeze to 0
[13:51:49.347] [SEVERE ] setting player 1 freeze to 0
[13:51:49.348] [SEVERE ] setting player 1 freeze to 0
[13:51:49.349] [SEVERE ] setting player 1 freeze to 0
[13:51:49.349] [SEVERE ] removing player 1 token from slot 5
[13:51:49.350] [SEVERE ] player 1 placing token on slot 10
[13:51:49.357] [SEVERE ] setting player 3 freeze to 0
[13:51:49.357] [SEVERE ] setting player 3 freeze to 0
[13:51:49.359] [SEVERE ] setting player 3 freeze to 0
[13:51:49.360] [SEVERE ] setting player 3 freeze to 0
[13:51:49.361] [SEVERE ] removing player 3 token from slot 7
[13:51:49.362] [SEVERE ] removing player 3 token from slot 5
[13:51:49.364] [SEVERE ] player 3 placing token on slot 7
[13:51:49.365] [SEVERE ] player 3 placing token on slot 9
[13:51:49.367] [SEVERE ] setting player 4 freeze to 0
[13:51:49.368] [SEVERE ] setting player 4 freeze to 0
[13:51:49.369] [SEVERE ] setting player 4 freeze to 0
[13:51:49.370] [SEVERE ] setting player 4 freeze to 0
[13:51:49.371] [SEVERE ] removing player 4 token from slot 0
[13:51:49.373] [SEVERE ] player 4 placing token on slot 1
[13:51:49.378] [SEVERE ] setting player 2 freeze to 0
[13:51:49.378] [SEVERE ] setting player 2 freeze to 0
[13:51:49.379] [SEVERE ] setting player 2 freeze to 0
[13:51:49.381] [SEVERE ] setting player 2 freeze to 0
[13:51:49.382] [SEVERE ] removing player 2 token from slot 7
[13:51:49.384] [SEVERE ] player 2 placing token on slot 9
[13:51:49.388] [SEVERE ] setting player 1 freeze to 0
[13:51:49.388] [SEVERE ] setting player 1 freeze to 0
[13:51:49.407] [SEVERE ] setting player 1 freeze to 0
[13:51:49.398] [SEVERE ] setting player 3 freeze to 0
[13:51:49.408] [SEVERE ] setting player 4 freeze to 0
[13:51:49.408] [SEVERE ] setting player 1 freeze to 0
[13:51:49.410] [SEVERE ] setting player 4 freeze to 0
[13:51:49.409] [SEVERE ] setting player 3 freeze to 0
[13:51:49.412] [SEVERE ] setting player 4 freeze to 0
[13:51:49.411] [SEVERE ] removing player 1 token from slot 10
[13:51:49.414] [SEVERE ] setting player 4 freeze to 0
[13:51:49.413] [SEVERE ] setting player 3 freeze to 0
[13:51:49.416] [SEVERE ] player 1 placing token on slot 8
[13:51:49.418] [SEVERE ] setting player 2 freeze to 0
[13:51:49.418] [SEVERE ] setting player 3 freeze to 0
[13:51:49.421] [SEVERE ] setting player 2 freeze to 0
[13:51:49.420] [SEVERE ] removing player 4 token from slot 1
[13:51:49.424] [SEVERE ] setting player 2 freeze to 0
[13:51:49.425] [SEVERE ] removing player 3 token from slot 6
[13:51:49.426] [SEVERE ] setting player 2 freeze to 0
[13:51:49.428] [SEVERE ] setting player 1 freeze to 0
[13:51:49.428] [SEVERE ] player 4 placing token on slot 11
[13:51:49.430] [SEVERE ] setting player 1 freeze to 0
[13:51:49.431] [SEVERE ] removing player 2 token from slot 9
[13:51:49.432] [SEVERE ] setting player 1 freeze to 0
[13:51:49.434] [SEVERE ] setting player 1 freeze to 0
[13:51:49.433] [SEVERE ] player 3 placing token on slot 4
[13:51:49.436] [SEVERE ] removing player 1 token from slot 11
[13:51:49.436] [SEVERE ] player 2 placing token on slot 10
[13:51:49.437] [SEVERE ] player 1 placing token on slot 9
[13:51:49.439] [SEVERE ] setting player 4 freeze to 0
[13:51:49.439] [SEVERE ] setting player 4 freeze to 0
[13:51:49.440] [SEVERE ] setting player 4 freeze to 0
[13:51:49.441] [SEVERE ] setting player 4 freeze to 0
[13:51:49.442] [SEVERE ] removing player 4 token from slot 5
[13:51:49.443] [SEVERE ] player 4 placing token on slot 1
[13:51:49.449] [SEVERE ] setting player 3 freeze to 0
[13:51:49.449] [SEVERE ] setting player 3 freeze to 0
[13:51:49.449] [SEVERE ] setting player 3 freeze to 0
[13:51:49.450] [SEVERE ] setting player 3 freeze to 0
[13:51:49.451] [SEVERE ] removing player 3 token from slot 7
[13:51:49.452] [SEVERE ] removing player 3 token from slot 9
[13:51:49.453] [SEVERE ] player 3 placing token on slot 0
[13:51:49.454] [SEVERE ] player 3 placing token on slot 1
[13:51:49.459] [SEVERE ] setting player 2 freeze to 0
[13:51:49.459] [SEVERE ] setting player 2 freeze to 0
[13:51:49.460] [SEVERE ] setting player 2 freeze to 0
[13:51:49.460] [SEVERE ] setting player 2 freeze to 0
[13:51:49.461] [SEVERE ] removing player 2 token from slot 10
[13:51:49.461] [SEVERE ] player 2 placing token on slot 10
[13:51:49.469] [SEVERE ] setting player 1 freeze to 0
[13:51:49.469] [SEVERE ] setting player 1 freeze to 0
[13:51:49.470] [SEVERE ] setting player 1 freeze to 0
[13:51:49.470] [SEVERE ] setting player 1 freeze to 0
[13:51:49.471] [SEVERE ] removing player 1 token from slot 8
[13:51:49.471] [SEVERE ] player 1 placing token on slot 8
[13:51:49.480] [SEVERE ] setting player 4 freeze to 0
[13:51:49.486] [SEVERE ] setting player 4 freeze to 0
[13:51:49.487] [SEVERE ] setting player 4 freeze to 0
[13:51:49.487] [SEVERE ] setting player 4 freeze to 0
[13:51:49.488] [SEVERE ] removing player 4 token from slot 1
[13:51:49.489] [SEVERE ] player 4 placing token on slot 8
[13:51:49.490] [SEVERE ] setting player 3 freeze to 0
[13:51:49.490] [SEVERE ] setting player 3 freeze to 0
[13:51:49.490] [SEVERE ] setting player 3 freeze to 0
[13:51:49.491] [SEVERE ] setting player 3 freeze to 0
[13:51:49.492] [SEVERE ] removing player 3 token from slot 0
[13:51:49.493] [SEVERE ] player 3 placing token on slot 10
[13:51:49.500] [SEVERE ] setting player 2 freeze to 0
[13:51:49.500] [SEVERE ] setting player 2 freeze to 0
[13:51:49.501] [SEVERE ] setting player 2 freeze to 0
[13:51:49.502] [SEVERE ] setting player 2 freeze to 0
[13:51:49.503] [SEVERE ] removing player 2 token from slot 6
[13:51:49.504] [SEVERE ] removing player 2 token from slot 10
[13:51:49.505] [SEVERE ] player 2 placing token on slot 6
[13:51:49.506] [SEVERE ] player 2 placing token on slot 11
[13:51:49.510] [SEVERE ] setting player 1 freeze to 0
[13:51:49.510] [SEVERE ] setting player 1 freeze to 0
[13:51:49.512] [SEVERE ] setting player 1 freeze to 0
[13:51:49.513] [SEVERE ] setting player 1 freeze to 0
[13:51:49.514] [SEVERE ] removing player 1 token from slot 9
[13:51:49.516] [SEVERE ] player 1 placing token on slot 6
[13:51:49.520] [SEVERE ] setting player 4 freeze to 0
[13:51:49.520] [SEVERE ] setting player 4 freeze to 0
[13:51:49.522] [SEVERE ] setting player 4 freeze to 0
[13:51:49.523] [SEVERE ] setting player 4 freeze to 0
[13:51:49.525] [SEVERE ] removing player 4 token from slot 11
[13:51:49.526] [SEVERE ] player 4 placing token on slot 1
[13:51:49.531] [SEVERE ] setting player 3 freeze to 0
[13:51:49.531] [SEVERE ] setting player 3 freeze to 0
[13:51:49.532] [SEVERE ] setting player 3 freeze to 0
[13:51:49.533] [SEVERE ] setting player 3 freeze to 0
[13:51:49.535] [SEVERE ] removing player 3 token from slot 10
[13:51:49.536] [SEVERE ] player 3 placing token on slot 3
[13:51:49.541] [SEVERE ] setting player 2 freeze to 0
[13:51:49.541] [SEVERE ] setting player 2 freeze to 0
[13:51:49.542] [SEVERE ] setting player 2 freeze to 0
[13:51:49.544] [SEVERE ] setting player 2 freeze to 0
[13:51:49.545] [SEVERE ] removing player 2 token from slot 1
[13:51:49.547] [SEVERE ] player 2 placing token on slot 1
[13:51:49.551] [SEVERE ] setting player 1 freeze to 0
[13:51:49.551] [SEVERE ] setting player 1 freeze to 0
[13:51:49.553] [SEVERE ] setting player 1 freeze to 0
[13:51:49.554] [SEVERE ] setting player 1 freeze to 0
[13:51:49.555] [SEVERE ] removing player 1 token from slot 7
[13:51:49.557] [SEVERE ] player 1 placing token on slot 4
[13:51:49.561] [SEVERE ] setting player 4 freeze to 0
[13:51:49.561] [SEVERE ] setting player 4 freeze to 0
[13:51:49.562] [SEVERE ] setting player 4 freeze to 0
[13:51:49.562] [SEVERE ] setting player 4 freeze to 0
[13:51:49.563] [SEVERE ] removing player 4 token from slot 8
[13:51:49.563] [SEVERE ] removing player 4 token from slot 1
[13:51:49.564] [SEVERE ] player 4 placing token on slot 4
[13:51:49.564] [SEVERE ] player 4 placing token on slot 8
[13:51:49.571] [SEVERE ] setting player 3 freeze to 0
[13:51:49.572] [SEVERE ] setting player 3 freeze to 0
[13:51:49.572] [SEVERE ] setting player 3 freeze to 0
[13:51:49.572] [SEVERE ] setting player 3 freeze to 0
[13:51:49.572] [SEVERE ] removing player 3 token from slot 3
[13:51:49.573] [SEVERE ] player 3 placing token on slot 11
[13:51:49.582] [SEVERE ] setting player 2 freeze to 0
[13:51:49.582] [SEVERE ] setting player 2 freeze to 0
[13:51:49.582] [SEVERE ] setting player 2 freeze to 0
[13:51:49.582] [SEVERE ] setting player 2 freeze to 0
[13:51:49.583] [SEVERE ] removing player 2 token from slot 6
[13:51:49.583] [SEVERE ] player 2 placing token on slot 7
[13:51:49.592] [SEVERE ] setting player 1 freeze to 0
[13:51:49.592] [SEVERE ] setting player 1 freeze to 0
[13:51:49.592] [SEVERE ] setting player 1 freeze to 0
[13:51:49.593] [SEVERE ] setting player 1 freeze to 0
[13:51:49.593] [SEVERE ] removing player 1 token from slot 6
[13:51:49.594] [SEVERE ] player 1 placing token on slot 3
[13:51:49.602] [SEVERE ] setting player 4 freeze to 0
[13:51:49.602] [SEVERE ] setting player 4 freeze to 0
[13:51:49.602] [SEVERE ] setting player 4 freeze to 0
[13:51:49.603] [SEVERE ] setting player 4 freeze to 0
[13:51:49.604] [SEVERE ] removing player 4 token from slot 4
[13:51:49.604] [SEVERE ] removing player 4 token from slot 2
[13:51:49.605] [SEVERE ] player 4 placing token on slot 6
[13:51:49.605] [SEVERE ] player 4 placing token on slot 11
[13:51:49.613] [SEVERE ] setting player 3 freeze to 0
[13:51:49.613] [SEVERE ] setting player 3 freeze to 0
[13:51:49.613] [SEVERE ] setting player 3 freeze to 0
[13:51:49.613] [SEVERE ] setting player 3 freeze to 0
[13:51:49.614] [SEVERE ] removing player 3 token from slot 11
[13:51:49.614] [SEVERE ] player 3 placing token on slot 8
[13:51:49.623] [SEVERE ] updating countdown to 30000
[13:51:49.623] [SEVERE ] setting player 2 score to 1
[13:51:49.623] [SEVERE ] removing player 2 token from slot 1
[13:51:49.624] [SEVERE ] setting player 2 freeze to 0
[13:51:49.625] [SEVERE ] setting player 2 freeze to 0
[13:51:49.625] [SEVERE ] removing player 2 token from slot 7
[13:51:49.626] [SEVERE ] player 2 placing token on slot 4
[13:51:49.724] [SEVERE ] removing card from slot 1
[13:51:49.724] [SEVERE ] removing player 2 token from slot 4
[13:51:49.825] [SEVERE ] removing card from slot 4
[13:51:49.825] [SEVERE ] removing player 2 token from slot 11
[13:51:49.926] [SEVERE ] removing card from slot 11
[13:51:49.926] [SEVERE ] removing player 1 token from slot 4
[13:51:49.927] [SEVERE ] removing player 2 token from slot 11
[13:51:49.927] [SEVERE ] removing player 2 token from slot 1
[13:51:49.928] [SEVERE ] removing player 2 token from slot 4
[13:51:49.928] [SEVERE ] removing player 3 token from slot 4
[13:51:49.944] [SEVERE ] removing player 3 token from slot 1
[13:51:49.945] [SEVERE ] removing player 4 token from slot 11
[13:51:50.046] [SEVERE ] placing card 13 in slot 1
[13:51:50.146] [SEVERE ] placing card 1 in slot 4
[13:51:50.246] [SEVERE ] placing card 29 in slot 11
[13:51:50.256] [SEVERE ] setting player 1 freeze to 0
[13:51:50.256] [SEVERE ] setting player 1 freeze to 0
[13:51:50.257] [SEVERE ] setting player 1 freeze to 0
[13:51:50.258] [SEVERE ] setting player 1 freeze to 0
[13:51:50.258] [SEVERE ] player 1 placing token on slot 7
[13:51:50.267] [SEVERE ] setting player 4 freeze to 0
[13:51:50.267] [SEVERE ] setting player 4 freeze to 0
[13:51:50.267] [SEVERE ] setting player 4 freeze to 0
[13:51:50.268] [SEVERE ] setting player 4 freeze to 0
[13:51:50.268] [SEVERE ] player 4 placing token on slot 9
[13:51:50.277] [SEVERE ] setting player 3 freeze to 0
[13:51:50.277] [SEVERE ] setting player 3 freeze to 0
[13:51:50.277] [SEVERE ] setting player 3 freeze to 0
[13:51:50.278] [SEVERE ] setting player 3 freeze to 0
[13:51:50.278] [SEVERE ] player 3 placing token on slot 7
[13:51:50.279] [SEVERE ] player 3 placing token on slot 10
[13:51:50.287] [SEVERE ] updating countdown to 30000
[13:51:50.287] [SEVERE ] setting player 2 score to 2
[13:51:50.288] [SEVERE ] setting player 2 freeze to 0
[13:51:50.288] [SEVERE ] setting player 2 freeze to 0
[13:51:50.289] [SEVERE ] player 2 placing token on slot 6
[13:51:50.289] [SEVERE ] player 2 placing token on slot 10
[13:51:50.289] [SEVERE ] player 2 placing token on slot 3
[13:51:50.387] [SEVERE ] placing card 16 in slot 0
[13:51:50.488] [SEVERE ] placing card 20 in slot 0
[13:51:50.588] [SEVERE ] placing card 68 in slot 0
[13:51:50.598] [SEVERE ] setting player 1 freeze to 0
[13:51:50.598] [SEVERE ] setting player 1 freeze to 0
[13:51:50.599] [SEVERE ] setting player 1 freeze to 0
[13:51:50.599] [SEVERE ] setting player 1 freeze to 0
[13:51:50.600] [SEVERE ] removing player 1 token from slot 7
[13:51:50.601] [SEVERE ] player 1 placing token on slot 5
[13:51:50.608] [SEVERE ] setting player 4 freeze to 0
[13:51:50.608] [SEVERE ] setting player 4 freeze to 0
[13:51:50.608] [SEVERE ] setting player 4 freeze to 0
[13:51:50.609] [SEVERE ] setting player 4 freeze to 0
[13:51:50.609] [SEVERE ] removing player 4 token from slot 6
[13:51:50.610] [SEVERE ] player 4 placing token on slot 3
[13:51:50.619] [SEVERE ] setting player 3 freeze to 0
[13:51:50.619] [SEVERE ] setting player 3 freeze to 0
[13:51:50.619] [SEVERE ] setting player 3 freeze to 0
[13:51:50.620] [SEVERE ] setting player 3 freeze to 0
[13:51:50.620] [SEVERE ] removing player 3 token from slot 10
[13:51:50.620] [SEVERE ] player 3 placing token on slot 9
[13:51:50.629] [SEVERE ] setting player 2 freeze to 0
[13:51:50.629] [SEVERE ] setting player 2 freeze to 0
[13:51:50.629] [SEVERE ] setting player 2 freeze to 0
[13:51:50.630] [SEVERE ] setting player 2 freeze to 0
[13:51:50.630] [SEVERE ] removing player 2 token from slot 10
[13:51:50.631] [SEVERE ] player 2 placing token on slot 7
[13:51:50.639] [SEVERE ] setting player 1 freeze to 0
[13:51:50.639] [SEVERE ] setting player 1 freeze to 0
[13:51:50.640] [SEVERE ] setting player 1 freeze to 0
[13:51:50.640] [SEVERE ] setting player 1 freeze to 0
[13:51:50.641] [SEVERE ] removing player 1 token from slot 3
[13:51:50.641] [SEVERE ] player 1 placing token on slot 10
[13:51:50.649] [SEVERE ] setting player 4 freeze to 0
[13:51:50.649] [SEVERE ] setting player 4 freeze to 0
[13:51:50.650] [SEVERE ] setting player 4 freeze to 0
[13:51:50.650] [SEVERE ] setting player 4 freeze to 0
[13:51:50.651] [SEVERE ] removing player 4 token from slot 3
[13:51:50.652] [SEVERE ] player 4 placing token on slot 4
[13:51:50.660] [SEVERE ] setting player 3 freeze to 0
[13:51:50.660] [SEVERE ] setting player 3 freeze to 0
[13:51:50.660] [SEVERE ] setting player 3 freeze to 0
[13:51:50.661] [SEVERE ] setting player 3 freeze to 0
[13:51:50.661] [SEVERE ] removing player 3 token from slot 8
[13:51:50.662] [SEVERE ] player 3 placing token on slot 8
[13:51:50.670] [SEVERE ] setting player 2 freeze to 0
[13:51:50.670] [SEVERE ] setting player 2 freeze to 0
[13:51:50.670] [SEVERE ] setting player 2 freeze to 0
[13:51:50.671] [SEVERE ] setting player 2 freeze to 0
[13:51:50.671] [SEVERE ] removing player 2 token from slot 3
[13:51:50.672] [SEVERE ] player 2 placing token on slot 3
[13:51:50.680] [SEVERE ] setting player 1 freeze to 0
[13:51:50.680] [SEVERE ] setting player 1 freeze to 0
[13:51:50.680] [SEVERE ] setting player 1 freeze to 0
[13:51:50.681] [SEVERE ] setting player 1 freeze to 0
[13:51:50.681] [SEVERE ] removing player 1 token from slot 8
[13:51:50.682] [SEVERE ] player 1 placing token on slot 3
[13:51:50.690] [SEVERE ] setting player 4 freeze to 0
[13:51:50.690] [SEVERE ] setting player 4 freeze to 0
[13:51:50.691] [SEVERE ] setting player 4 freeze to 0
[13:51:50.691] [SEVERE ] setting player 4 freeze to 0
[13:51:50.692] [SEVERE ] removing player 4 token from slot 4
[13:51:50.692] [SEVERE ] player 4 placing token on slot 11
[13:51:50.700] [SEVERE ] setting player 3 freeze to 0
[13:51:50.700] [SEVERE ] setting player 3 freeze to 0
[13:51:50.701] [SEVERE ] setting player 3 freeze to 0
[13:51:50.701] [SEVERE ] setting player 3 freeze to 0
[13:51:50.702] [SEVERE ] removing player 3 token from slot 8
[13:51:50.702] [SEVERE ] player 3 placing token on slot 1
[13:51:50.711] [SEVERE ] setting player 2 freeze to 0
[13:51:50.711] [SEVERE ] setting player 2 freeze to 0
[13:51:50.711] [SEVERE ] setting player 2 freeze to 0
[13:51:50.712] [SEVERE ] setting player 2 freeze to 0
[13:51:50.712] [SEVERE ] removing player 2 token from slot 6
[13:51:50.712] [SEVERE ] player 2 placing token on slot 10
[13:51:50.721] [SEVERE ] setting player 1 freeze to 0
[13:51:50.721] [SEVERE ] setting player 1 freeze to 0
[13:51:50.721] [SEVERE ] setting player 1 freeze to 0
[13:51:50.722] [SEVERE ] setting player 1 freeze to 0
[13:51:50.722] [SEVERE ] removing player 1 token from slot 10
[13:51:50.723] [SEVERE ] player 1 placing token on slot 1
[13:51:50.731] [SEVERE ] setting player 4 freeze to 0
[13:51:50.731] [SEVERE ] setting player 4 freeze to 0
[13:51:50.731] [SEVERE ] setting player 4 freeze to 0
[13:51:50.732] [SEVERE ] setting player 4 freeze to 0
[13:51:50.733] [SEVERE ] removing player 4 token from slot 8
[13:51:50.733] [SEVERE ] player 4 placing token on slot 3
[13:51:50.741] [SEVERE ] setting player 3 freeze to 0
[13:51:50.741] [SEVERE ] setting player 3 freeze to 0
[13:51:50.742] [SEVERE ] setting player 3 freeze to 0
[13:51:50.742] [SEVERE ] setting player 3 freeze to 0
[13:51:50.743] [SEVERE ] removing player 3 token from slot 9
[13:51:50.743] [SEVERE ] player 3 placing token on slot 2
[13:51:50.751] [SEVERE ] setting player 2 freeze to 0
[13:51:50.751] [SEVERE ] setting player 2 freeze to 0
[13:51:50.752] [SEVERE ] setting player 2 freeze to 0
[13:51:50.752] [SEVERE ] setting player 2 freeze to 0
[13:51:50.753] [SEVERE ] removing player 2 token from slot 10
[13:51:50.753] [SEVERE ] player 2 placing token on slot 11
[13:51:50.762] [SEVERE ] setting player 1 freeze to 0
[13:51:50.762] [SEVERE ] setting player 1 freeze to 0
[13:51:50.762] [SEVERE ] setting player 1 freeze to 0
[13:51:50.763] [SEVERE ] setting player 1 freeze to 0
[13:51:50.763] [SEVERE ] removing player 1 token from slot 3
[13:51:50.763] [SEVERE ] player 1 placing token on slot 6
[13:51:50.772] [SEVERE ] setting player 4 freeze to 0
[13:51:50.772] [SEVERE ] setting player 4 freeze to 0
[13:51:50.772] [SEVERE ] setting player 4 freeze to 0
[13:51:50.773] [SEVERE ] setting player 4 freeze to 0
[13:51:50.773] [SEVERE ] removing player 4 token from slot 9
[13:51:50.774] [SEVERE ] player 4 placing token on slot 6
[13:51:50.782] [SEVERE ] setting player 3 freeze to 0
[13:51:50.782] [SEVERE ] setting player 3 freeze to 0
[13:51:50.783] [SEVERE ] setting player 3 freeze to 0
[13:51:50.783] [SEVERE ] setting player 3 freeze to 0
[13:51:50.784] [SEVERE ] removing player 3 token from slot 7
[13:51:50.784] [SEVERE ] removing player 3 token from slot 1
[13:51:50.785] [SEVERE ] player 3 placing token on slot 1
[13:51:50.785] [SEVERE ] removing player 3 token from slot 1
[13:51:50.786] [SEVERE ] player 3 placing token on slot 11
[13:51:50.786] [SEVERE ] removing player 3 token from slot 11
[13:51:50.786] [SEVERE ] player 3 placing token on slot 0
[13:51:50.787] [SEVERE ] player 3 placing token on slot 5
[13:51:50.792] [SEVERE ] setting player 2 freeze to 0
[13:51:50.792] [SEVERE ] setting player 2 freeze to 0
[13:51:50.793] [SEVERE ] setting player 2 freeze to 0
[13:51:50.793] [SEVERE ] setting player 2 freeze to 0
[13:51:50.793] [SEVERE ] removing player 2 token from slot 7
[13:51:50.794] [SEVERE ] player 2 placing token on slot 8
[13:51:50.802] [SEVERE ] setting player 1 freeze to 0
[13:51:50.802] [SEVERE ] setting player 1 freeze to 0
[13:51:50.802] [SEVERE ] setting player 1 freeze to 0
[13:51:50.803] [SEVERE ] setting player 1 freeze to 0
[13:51:50.803] [SEVERE ] removing player 1 token from slot 6
[13:51:50.804] [SEVERE ] player 1 placing token on slot 8
[13:51:50.813] [SEVERE ] setting player 4 freeze to 0
[13:51:50.813] [SEVERE ] setting player 4 freeze to 0
[13:51:50.813] [SEVERE ] setting player 4 freeze to 0
[13:51:50.814] [SEVERE ] setting player 4 freeze to 0
[13:51:50.814] [SEVERE ] removing player 4 token from slot 6
[13:51:50.815] [SEVERE ] player 4 placing token on slot 8
[13:51:50.823] [SEVERE ] updating countdown to 30000
[13:51:50.823] [SEVERE ] setting player 3 score to 1
[13:51:50.823] [SEVERE ] removing player 3 token from slot 0
[13:51:50.823] [SEVERE ] setting player 3 freeze to 0
[13:51:50.824] [SEVERE ] setting player 3 freeze to 0
[13:51:50.825] [SEVERE ] removing player 3 token from slot 0
[13:51:50.825] [SEVERE ] player 3 placing token on slot 1
[13:51:50.924] [SEVERE ] removing card from slot 0
[13:51:50.924] [SEVERE ] removing player 3 token from slot 1
[13:51:51.025] [SEVERE ] removing card from slot 1
[13:51:51.025] [SEVERE ] removing player 3 token from slot 2
[13:51:51.125] [SEVERE ] removing card from slot 2
[13:51:51.125] [SEVERE ] removing player 3 token from slot 5
[13:51:51.226] [SEVERE ] removing card from slot 5
[13:51:51.226] [SEVERE ] removing player 1 token from slot 1
[13:51:51.227] [SEVERE ] removing player 3 token from slot 2
[13:51:51.227] [SEVERE ] removing player 3 token from slot 1
[13:51:51.228] [INFO   ] thread dealer terminated.
[13:51:56.228] [SEVERE ] thanks for playing... it was fun!
[13:51:56.228] [INFO   ] thread main terminated.
[13:51:56.229] [SEVERE ] disposing of user interface elements
