[16:04:21.914] [INFO   ] thread main starting.
[16:04:21.921] [SEVERE ] cannot read configuration file config.properties trying from resources.
[16:04:21.923] [SEVERE ] configuration file was loaded from resources directory.
[16:04:22.325] [INFO   ] thread dealer starting.
[16:04:22.326] [INFO   ] Thread dealer starting.
[16:04:22.433] [SEVERE ] placing card 5 in slot 0
[16:04:22.533] [SEVERE ] placing card 64 in slot 1
[16:04:22.634] [SEVERE ] placing card 38 in slot 2
[16:04:22.735] [SEVERE ] placing card 60 in slot 3
[16:04:22.836] [SEVERE ] placing card 78 in slot 4
[16:04:22.937] [SEVERE ] placing card 26 in slot 5
[16:04:23.038] [SEVERE ] placing card 65 in slot 6
[16:04:23.139] [SEVERE ] placing card 77 in slot 7
[16:04:23.240] [SEVERE ] placing card 68 in slot 8
[16:04:23.341] [SEVERE ] placing card 39 in slot 9
[16:04:23.442] [SEVERE ] placing card 39 in slot 10
[16:04:23.544] [SEVERE ] placing card 16 in slot 11
[16:04:23.545] [INFO   ] Thread Thread-1starting.
[16:04:23.545] [SEVERE ] updating countdown to 15000
[16:04:23.545] [INFO   ] Thread Thread-2starting.
[16:04:23.547] [INFO   ] Thread Thread-3starting.
[16:04:23.549] [INFO   ] Thread computer-1 starting.
[16:04:23.549] [INFO   ] Thread computer-0 starting.
[16:04:23.553] [SEVERE ] player 1 placing token on slot 6
[16:04:23.554] [SEVERE ] player 2 placing token on slot 11
[16:04:23.555] [SEVERE ] player 2 placing token on slot 4
[16:04:23.556] [SEVERE ] player 2 placing token on slot 7
[16:04:23.554] [SEVERE ] player 1 placing token on slot 7
[16:04:23.558] [SEVERE ] player 1 placing token on slot 11
[16:04:23.559] [INFO   ] Thread computer-2 starting.
[16:04:23.559] [SEVERE ] player 3 placing token on slot 3
[16:04:23.560] [SEVERE ] player 3 placing token on slot 10
[16:04:23.560] [SEVERE ] player 3 placing token on slot 6
[16:04:24.549] [SEVERE ] updating countdown to 13997
[16:04:24.549] [SEVERE ] setting player 2 freeze to 3000
[16:04:25.549] [SEVERE ] updating countdown to 12996
[16:04:25.549] [SEVERE ] setting player 2 freeze to 2000
[16:04:25.549] [SEVERE ] setting player 1 freeze to 3000
[16:04:26.550] [SEVERE ] updating countdown to 11995
[16:04:26.550] [SEVERE ] setting player 3 freeze to 3000
[16:04:26.554] [SEVERE ] setting player 2 freeze to 1000
[16:04:26.554] [SEVERE ] setting player 1 freeze to 2000
[16:04:27.550] [SEVERE ] updating countdown to 10995
[16:04:27.551] [SEVERE ] setting player 3 freeze to 2000
[16:04:27.554] [SEVERE ] setting player 2 freeze to 0
[16:04:27.554] [SEVERE ] removing player 2 token from slot 7
[16:04:27.555] [SEVERE ] player 2 placing token on slot 8
[16:04:27.555] [SEVERE ] setting player 1 freeze to 1000
[16:04:28.551] [SEVERE ] updating countdown to 9994
[16:04:28.551] [SEVERE ] setting player 2 freeze to 3000
[16:04:28.551] [SEVERE ] setting player 3 freeze to 1000
[16:04:28.556] [SEVERE ] setting player 1 freeze to 0
[16:04:28.557] [SEVERE ] removing player 1 token from slot 11
[16:04:28.557] [SEVERE ] player 1 placing token on slot 2
[16:04:29.551] [SEVERE ] setting player 1 freeze to 3000
[16:04:29.551] [SEVERE ] setting player 2 freeze to 2000
[16:04:29.552] [SEVERE ] setting player 3 freeze to 0
[16:04:29.553] [SEVERE ] removing player 3 token from slot 3
[16:04:29.553] [SEVERE ] player 3 placing token on slot 7
[16:04:29.551] [SEVERE ] updating countdown to 8994
[16:04:30.552] [SEVERE ] setting player 1 freeze to 2000
[16:04:30.552] [SEVERE ] setting player 2 freeze to 1000
[16:04:30.554] [SEVERE ] updating countdown to 7991
[16:04:30.554] [SEVERE ] setting player 3 freeze to 3000
[16:04:31.553] [SEVERE ] setting player 1 freeze to 1000
[16:04:31.556] [SEVERE ] setting player 2 freeze to 0
[16:04:31.556] [SEVERE ] removing player 2 token from slot 8
[16:04:31.556] [SEVERE ] updating countdown to 6989
[16:04:31.557] [SEVERE ] setting player 3 freeze to 2000
[16:04:31.557] [SEVERE ] player 2 placing token on slot 6
[16:04:32.554] [SEVERE ] setting player 1 freeze to 0
[16:04:32.554] [SEVERE ] removing player 1 token from slot 2
[16:04:32.554] [SEVERE ] player 1 placing token on slot 10
[16:04:32.558] [SEVERE ] setting player 2 freeze to 3000
[16:04:32.558] [SEVERE ] updating countdown to 5987
[16:04:32.559] [SEVERE ] setting player 3 freeze to 1000
[16:04:33.558] [SEVERE ] setting player 2 freeze to 2000
[16:04:33.559] [SEVERE ] setting player 1 freeze to 3000
[16:04:33.559] [SEVERE ] setting player 3 freeze to 0
[16:04:33.560] [SEVERE ] removing player 3 token from slot 10
[16:04:33.560] [SEVERE ] removing player 3 token from slot 7
[16:04:33.561] [SEVERE ] player 3 placing token on slot 5
[16:04:33.561] [SEVERE ] player 3 placing token on slot 8
[16:04:33.571] [SEVERE ] setting player 3 freeze to 3000
[16:04:34.559] [SEVERE ] setting player 2 freeze to 1000
[16:04:34.559] [SEVERE ] setting player 1 freeze to 2000
[16:04:34.572] [SEVERE ] setting player 3 freeze to 2000
[16:04:35.560] [SEVERE ] setting player 2 freeze to 0
[16:04:35.560] [SEVERE ] removing player 2 token from slot 4
[16:04:35.560] [SEVERE ] setting player 1 freeze to 1000
[16:04:35.561] [SEVERE ] player 2 placing token on slot 9
[16:04:35.562] [SEVERE ] updating countdown to 15000
[16:04:35.562] [SEVERE ] removing player 2 token from slot 6
[16:04:35.562] [SEVERE ] removing player 2 token from slot 11
[16:04:35.563] [SEVERE ] removing player 2 token from slot 11
[16:04:35.564] [SEVERE ] removing player 2 token from slot 11
[16:04:35.572] [SEVERE ] setting player 3 freeze to 1000
[16:04:35.663] [SEVERE ] removing card from slot 6
[16:04:35.663] [SEVERE ] removing player 2 token from slot 9
[16:04:35.765] [SEVERE ] removing card from slot 9
[16:04:35.765] [SEVERE ] removing player 2 token from slot 11
[16:04:35.866] [SEVERE ] removing card from slot 11
[16:04:35.866] [SEVERE ] removing player 1 token from slot 6
[16:04:35.867] [SEVERE ] removing player 2 token from slot 6
[16:04:35.868] [SEVERE ] removing player 3 token from slot 6
[16:04:35.868] [SEVERE ] removing player 2 token from slot 9
[16:04:35.869] [SEVERE ] removing player 2 token from slot 11
[16:04:35.969] [SEVERE ] placing card 63 in slot 6
[16:04:36.070] [SEVERE ] placing card 36 in slot 9
[16:04:36.170] [SEVERE ] placing card 57 in slot 11
[16:04:36.561] [SEVERE ] setting player 1 freeze to 0
[16:04:36.561] [SEVERE ] removing player 1 token from slot 10
[16:04:36.562] [SEVERE ] player 1 placing token on slot 8
[16:04:36.564] [SEVERE ] setting player 2 score to 1
[16:04:36.565] [SEVERE ] setting player 2 freeze to 1000
[16:04:36.565] [SEVERE ] setting player 2 freeze to 0
[16:04:36.566] [SEVERE ] player 2 placing token on slot 11
[16:04:36.566] [SEVERE ] player 2 placing token on slot 10
[16:04:36.567] [SEVERE ] player 2 placing token on slot 5
[16:04:36.571] [SEVERE ] setting player 1 freeze to 3000
[16:04:36.573] [SEVERE ] setting player 3 freeze to 0
[16:04:36.573] [SEVERE ] removing player 3 token from slot 5
[16:04:36.573] [SEVERE ] removing player 3 token from slot 8
[16:04:36.574] [SEVERE ] removing player 3 token from slot 6
[16:04:36.574] [SEVERE ] player 3 placing token on slot 2
[16:04:36.575] [SEVERE ] player 3 placing token on slot 4
[16:04:36.576] [SEVERE ] player 3 placing token on slot 7
[16:04:36.582] [SEVERE ] setting player 2 freeze to 3000
[16:04:36.592] [SEVERE ] setting player 3 freeze to 3000
[16:04:37.572] [SEVERE ] setting player 1 freeze to 2000
[16:04:37.582] [SEVERE ] setting player 2 freeze to 2000
[16:04:37.592] [SEVERE ] setting player 3 freeze to 2000
[16:04:38.551] [SEVERE ] updating countdown to 15000
[16:04:38.551] [SEVERE ] updating countdown to 15000
[16:04:38.572] [SEVERE ] setting player 1 freeze to 1000
[16:04:38.582] [SEVERE ] setting player 2 freeze to 1000
[16:04:38.592] [SEVERE ] setting player 3 freeze to 1000
[16:04:38.652] [SEVERE ] removing card from slot 0
[16:04:38.752] [SEVERE ] removing card from slot 1
[16:04:38.853] [SEVERE ] removing card from slot 2
[16:04:38.953] [SEVERE ] removing card from slot 3
[16:04:39.053] [SEVERE ] removing card from slot 4
[16:04:39.154] [SEVERE ] removing card from slot 5
[16:04:39.254] [SEVERE ] removing card from slot 6
[16:04:39.354] [SEVERE ] removing card from slot 7
[16:04:39.454] [SEVERE ] removing card from slot 8
[16:04:39.555] [SEVERE ] removing card from slot 9
[16:04:39.572] [SEVERE ] setting player 1 freeze to 0
[16:04:39.573] [SEVERE ] removing player 1 token from slot 8
[16:04:39.573] [SEVERE ] player 1 placing token on slot 11
[16:04:39.583] [SEVERE ] setting player 2 freeze to 0
[16:04:39.583] [SEVERE ] removing player 2 token from slot 10
[16:04:39.583] [SEVERE ] player 2 placing token on slot 8
[16:04:39.593] [SEVERE ] setting player 3 freeze to 0
[16:04:39.593] [SEVERE ] removing player 3 token from slot 4
[16:04:39.594] [SEVERE ] player 3 placing token on slot 6
[16:04:39.655] [SEVERE ] removing card from slot 10
[16:04:39.755] [SEVERE ] removing card from slot 11
[16:04:39.756] [SEVERE ] removing all tokens
[16:04:39.857] [SEVERE ] placing card 6 in slot 0
[16:04:39.957] [SEVERE ] placing card 68 in slot 1
[16:04:40.057] [SEVERE ] placing card 15 in slot 2
[16:04:40.158] [SEVERE ] placing card 72 in slot 3
[16:04:40.258] [SEVERE ] placing card 80 in slot 4
[16:04:40.358] [SEVERE ] placing card 23 in slot 5
[16:04:40.459] [SEVERE ] placing card 42 in slot 6
[16:04:40.559] [SEVERE ] placing card 41 in slot 7
[16:04:40.659] [SEVERE ] placing card 11 in slot 8
[16:04:40.760] [SEVERE ] placing card 12 in slot 9
[16:04:40.860] [SEVERE ] placing card 79 in slot 10
[16:04:40.960] [SEVERE ] placing card 75 in slot 11
[16:04:40.961] [INFO   ] Thread Thread-4starting.
[16:04:40.962] [INFO   ] Thread Thread-5starting.
[16:04:40.962] [INFO   ] Thread Thread-6starting.
[16:04:40.963] [INFO   ] Thread computer-0 starting.
[16:04:40.962] [SEVERE ] updating countdown to 15000
[16:04:40.962] [INFO   ] Thread computer-1 starting.
[16:04:40.966] [SEVERE ] player 2 placing token on slot 1
[16:04:40.966] [SEVERE ] player 2 placing token on slot 4
[16:04:40.967] [SEVERE ] player 2 placing token on slot 8
[16:04:40.965] [INFO   ] Thread computer-2 starting.
[16:04:40.973] [SEVERE ] player 3 placing token on slot 11
[16:04:40.973] [SEVERE ] player 3 placing token on slot 3
[16:04:40.974] [SEVERE ] player 3 placing token on slot 4
[16:04:40.973] [SEVERE ] player 1 placing token on slot 4
[16:04:40.981] [SEVERE ] player 1 placing token on slot 7
[16:04:40.981] [SEVERE ] player 1 placing token on slot 6
[16:04:41.965] [SEVERE ] updating countdown to 13997
[16:04:41.965] [SEVERE ] setting player 1 freeze to 3000
[16:04:41.965] [SEVERE ] setting player 1 freeze to 3000
[16:04:42.966] [SEVERE ] setting player 2 freeze to 3000
[16:04:42.966] [SEVERE ] updating countdown to 12996
[16:04:42.966] [SEVERE ] setting player 2 freeze to 3000
[16:04:42.966] [SEVERE ] setting player 1 freeze to 2000
[16:04:42.967] [SEVERE ] setting player 1 freeze to 2000
[16:04:43.966] [SEVERE ] setting player 2 freeze to 2000
[16:04:43.966] [SEVERE ] setting player 3 freeze to 3000
[16:04:43.966] [SEVERE ] setting player 3 freeze to 3000
[16:04:43.966] [SEVERE ] updating countdown to 11996
[16:04:43.967] [SEVERE ] setting player 1 freeze to 1000
[16:04:43.967] [SEVERE ] setting player 2 freeze to 2000
[16:04:43.969] [SEVERE ] setting player 1 freeze to 1000
[16:04:44.966] [SEVERE ] setting player 2 freeze to 1000
[16:04:44.967] [SEVERE ] setting player 3 freeze to 2000
[16:04:44.967] [SEVERE ] setting player 3 freeze to 2000
[16:04:44.968] [SEVERE ] updating countdown to 10994
[16:04:44.968] [SEVERE ] setting player 1 freeze to 0
[16:04:44.969] [SEVERE ] removing player 1 token from slot 4
[16:04:44.969] [SEVERE ] setting player 2 freeze to 1000
[16:04:44.969] [SEVERE ] setting player 1 freeze to 0
[16:04:44.969] [SEVERE ] player 1 placing token on slot 5
[16:04:45.967] [SEVERE ] setting player 2 freeze to 0
[16:04:45.967] [SEVERE ] removing player 2 token from slot 8
[16:04:45.967] [SEVERE ] player 2 placing token on slot 3
[16:04:45.968] [SEVERE ] removing player 2 token from slot 4
[16:04:45.968] [SEVERE ] player 2 placing token on slot 2
[16:04:45.968] [SEVERE ] setting player 3 freeze to 1000
[16:04:45.968] [SEVERE ] setting player 3 freeze to 1000
[16:04:45.968] [SEVERE ] updating countdown to 9994
[16:04:45.971] [SEVERE ] setting player 2 freeze to 0
[16:04:46.969] [SEVERE ] setting player 3 freeze to 0
[16:04:46.969] [SEVERE ] setting player 3 freeze to 0
[16:04:46.970] [SEVERE ] setting player 1 freeze to 3000
[16:04:46.970] [SEVERE ] removing player 3 token from slot 3
[16:04:46.970] [SEVERE ] updating countdown to 8992
[16:04:46.970] [SEVERE ] setting player 1 freeze to 3000
[16:04:46.970] [SEVERE ] removing player 3 token from slot 4
[16:04:46.973] [SEVERE ] player 3 placing token on slot 6
[16:04:46.974] [SEVERE ] player 3 placing token on slot 4
[16:04:46.981] [SEVERE ] removing player 3 token from slot 4
[16:04:46.982] [SEVERE ] removing player 3 token from slot 6
[16:04:46.982] [SEVERE ] removing player 3 token from slot 11
[16:04:46.986] [SEVERE ] player 3 placing token on slot 9
[16:04:46.986] [SEVERE ] player 3 placing token on slot 5
[16:04:46.986] [SEVERE ] player 3 placing token on slot 7
[16:04:47.970] [SEVERE ] setting player 1 freeze to 2000
[16:04:47.971] [SEVERE ] updating countdown to 7991
[16:04:47.973] [SEVERE ] setting player 1 freeze to 2000
[16:04:48.970] [SEVERE ] setting player 1 freeze to 1000
[16:04:48.971] [SEVERE ] updating countdown to 6991
[16:04:48.971] [SEVERE ] setting player 2 freeze to 3000
[16:04:48.971] [SEVERE ] setting player 2 freeze to 3000
[16:04:48.973] [SEVERE ] setting player 1 freeze to 1000
[16:04:49.970] [SEVERE ] setting player 1 freeze to 0
[16:04:49.971] [SEVERE ] removing player 1 token from slot 5
[16:04:49.971] [SEVERE ] player 1 placing token on slot 4
[16:04:49.972] [SEVERE ] setting player 2 freeze to 2000
[16:04:49.972] [SEVERE ] removing player 1 token from slot 7
[16:04:49.972] [SEVERE ] setting player 2 freeze to 2000
[16:04:49.973] [SEVERE ] player 1 placing token on slot 5
[16:04:49.973] [SEVERE ] setting player 1 freeze to 0
[16:04:49.981] [SEVERE ] updating countdown to 5981
[16:04:50.972] [SEVERE ] setting player 2 freeze to 1000
[16:04:50.973] [SEVERE ] setting player 2 freeze to 1000
[16:04:50.981] [SEVERE ] setting player 3 freeze to 3000
[16:04:50.981] [SEVERE ] setting player 3 freeze to 3000
[16:04:51.001] [SEVERE ] setting player 1 freeze to 3000
[16:04:51.001] [SEVERE ] setting player 1 freeze to 3000
[16:04:51.973] [SEVERE ] setting player 2 freeze to 0
[16:04:51.973] [SEVERE ] removing player 2 token from slot 1
[16:04:51.973] [SEVERE ] setting player 2 freeze to 0
[16:04:51.974] [SEVERE ] player 2 placing token on slot 4
[16:04:51.976] [SEVERE ] removing player 2 token from slot 3
[16:04:51.976] [SEVERE ] player 2 placing token on slot 6
[16:04:51.976] [SEVERE ] setting player 2 freeze to 3000
[16:04:51.977] [SEVERE ] setting player 2 freeze to 3000
[16:04:51.982] [SEVERE ] setting player 3 freeze to 2000
[16:04:51.983] [SEVERE ] setting player 3 freeze to 2000
[16:04:52.002] [SEVERE ] setting player 1 freeze to 2000
[16:04:52.003] [SEVERE ] setting player 1 freeze to 2000
[16:04:52.977] [SEVERE ] setting player 2 freeze to 2000
[16:04:52.978] [SEVERE ] setting player 2 freeze to 2000
[16:04:52.982] [SEVERE ] setting player 3 freeze to 1000
[16:04:52.983] [SEVERE ] setting player 3 freeze to 1000
[16:04:53.002] [SEVERE ] setting player 1 freeze to 1000
[16:04:53.003] [SEVERE ] setting player 1 freeze to 1000
[16:04:53.977] [SEVERE ] setting player 2 freeze to 1000
[16:04:53.978] [SEVERE ] setting player 2 freeze to 1000
[16:04:53.983] [SEVERE ] setting player 3 freeze to 0
[16:04:53.983] [SEVERE ] removing player 3 token from slot 5
[16:04:53.983] [SEVERE ] setting player 3 freeze to 0
[16:04:53.984] [SEVERE ] removing player 3 token from slot 7
[16:04:53.993] [SEVERE ] player 3 placing token on slot 3
[16:04:53.993] [SEVERE ] player 3 placing token on slot 5
[16:04:53.994] [SEVERE ] removing player 3 token from slot 9
[16:04:53.994] [SEVERE ] removing player 3 token from slot 3
[16:04:53.995] [SEVERE ] player 3 placing token on slot 7
[16:04:53.995] [SEVERE ] player 3 placing token on slot 4
[16:04:53.997] [SEVERE ] setting player 3 freeze to 3000
[16:04:53.997] [SEVERE ] setting player 3 freeze to 3000
[16:04:54.002] [SEVERE ] setting player 1 freeze to 0
[16:04:54.003] [SEVERE ] removing player 1 token from slot 4
[16:04:54.003] [SEVERE ] setting player 1 freeze to 0
[16:04:54.003] [SEVERE ] player 1 placing token on slot 10
[16:04:54.004] [SEVERE ] removing player 1 token from slot 10
[16:04:54.005] [SEVERE ] player 1 placing token on slot 4
[16:04:54.017] [SEVERE ] setting player 1 freeze to 3000
[16:04:54.021] [SEVERE ] setting player 1 freeze to 3000
[16:04:54.962] [SEVERE ] updating countdown to 1000
[16:04:54.978] [SEVERE ] setting player 2 freeze to 0
[16:04:54.978] [SEVERE ] removing player 2 token from slot 6
[16:04:54.978] [SEVERE ] player 2 placing token on slot 10
[16:04:54.978] [SEVERE ] setting player 2 freeze to 0
[16:04:54.979] [SEVERE ] removing player 2 token from slot 10
[16:04:54.980] [SEVERE ] player 2 placing token on slot 3
[16:04:54.982] [SEVERE ] setting player 2 freeze to 3000
[16:04:54.982] [SEVERE ] setting player 2 freeze to 3000
[16:04:54.997] [SEVERE ] setting player 3 freeze to 2000
[16:04:54.998] [SEVERE ] setting player 3 freeze to 2000
[16:04:55.018] [SEVERE ] setting player 1 freeze to 2000
[16:04:55.021] [SEVERE ] setting player 1 freeze to 2000
[16:04:55.965] [SEVERE ] updating countdown to 15000
[16:04:55.965] [SEVERE ] updating countdown to 15000
[16:04:55.982] [SEVERE ] setting player 2 freeze to 2000
[16:04:55.983] [SEVERE ] setting player 2 freeze to 2000
[16:04:55.997] [SEVERE ] setting player 3 freeze to 1000
[16:04:55.998] [SEVERE ] setting player 3 freeze to 1000
[16:04:56.018] [SEVERE ] setting player 1 freeze to 1000
[16:04:56.021] [SEVERE ] setting player 1 freeze to 1000
[16:04:56.066] [SEVERE ] removing card from slot 0
[16:04:56.166] [SEVERE ] removing card from slot 1
[16:04:56.267] [SEVERE ] removing card from slot 2
[16:04:56.367] [SEVERE ] removing card from slot 3
[16:04:56.467] [SEVERE ] removing card from slot 4
[16:04:56.567] [SEVERE ] removing card from slot 5
[16:04:56.667] [SEVERE ] removing card from slot 6
[16:04:56.768] [SEVERE ] removing card from slot 7
[16:04:56.868] [SEVERE ] removing card from slot 8
[16:04:56.969] [SEVERE ] removing card from slot 9
[16:04:56.983] [SEVERE ] setting player 2 freeze to 1000
[16:04:56.983] [SEVERE ] setting player 2 freeze to 1000
[16:04:56.998] [SEVERE ] setting player 3 freeze to 0
[16:04:56.998] [SEVERE ] setting player 3 freeze to 0
[16:04:57.001] [SEVERE ] removing player 3 token from slot 7
[16:04:57.001] [SEVERE ] player 3 placing token on slot 8
[16:04:57.002] [SEVERE ] removing player 3 token from slot 5
[16:04:57.002] [SEVERE ] player 3 placing token on slot 9
[16:04:57.018] [SEVERE ] setting player 1 freeze to 0
[16:04:57.018] [SEVERE ] removing player 1 token from slot 6
[16:04:57.019] [SEVERE ] player 1 placing token on slot 3
[16:04:57.019] [SEVERE ] removing player 1 token from slot 4
[16:04:57.020] [SEVERE ] player 1 placing token on slot 4
[16:04:57.021] [SEVERE ] setting player 1 freeze to 0
[16:04:57.069] [SEVERE ] removing card from slot 10
[16:04:57.169] [SEVERE ] removing card from slot 11
[16:04:57.169] [SEVERE ] removing all tokens
[16:04:57.270] [SEVERE ] placing card 19 in slot 0
[16:04:57.370] [SEVERE ] placing card 9 in slot 1
[16:04:57.470] [SEVERE ] placing card 74 in slot 2
[16:04:57.570] [SEVERE ] placing card 39 in slot 3
[16:04:57.671] [SEVERE ] placing card 72 in slot 4
[16:04:57.771] [SEVERE ] placing card 15 in slot 5
[16:04:57.871] [SEVERE ] placing card 30 in slot 6
[16:04:57.971] [SEVERE ] placing card 24 in slot 7
[16:04:57.983] [SEVERE ] setting player 2 freeze to 0
[16:04:57.983] [SEVERE ] player 2 placing token on slot 3
[16:04:57.983] [SEVERE ] setting player 2 freeze to 0
[16:04:57.984] [SEVERE ] player 2 placing token on slot 6
[16:04:57.986] [SEVERE ] player 2 placing token on slot 5
[16:04:57.988] [SEVERE ] removing player 2 token from slot 3
[16:04:57.988] [SEVERE ] player 2 placing token on slot 10
[16:04:58.072] [SEVERE ] placing card 43 in slot 8
[16:04:58.172] [SEVERE ] placing card 39 in slot 9
[16:04:58.272] [SEVERE ] placing card 4 in slot 10
[16:04:58.372] [SEVERE ] placing card 1 in slot 11
[16:04:58.378] [INFO   ] Thread Thread-7starting.
[16:04:58.380] [INFO   ] Thread Thread-8starting.
[16:04:58.383] [SEVERE ] updating countdown to 15000
[16:04:58.383] [INFO   ] Thread Thread-9starting.
[16:04:58.389] [INFO   ] Thread computer-1 starting.
[16:04:58.389] [SEVERE ] removing player 2 token from slot 10
[16:04:58.390] [SEVERE ] player 2 placing token on slot 4
[16:04:58.393] [INFO   ] Thread computer-0 starting.
[16:04:58.393] [SEVERE ] player 1 placing token on slot 1
[16:04:58.396] [SEVERE ] player 1 placing token on slot 10
[16:04:58.396] [SEVERE ] removing player 1 token from slot 10
[16:04:58.397] [SEVERE ] player 1 placing token on slot 10
[16:04:58.393] [INFO   ] Thread computer-2 starting.
[16:04:58.398] [SEVERE ] player 3 placing token on slot 5
[16:04:58.397] [SEVERE ] player 1 placing token on slot 7
[16:04:58.398] [SEVERE ] player 3 placing token on slot 9
[16:04:58.399] [SEVERE ] player 3 placing token on slot 4
[16:04:59.383] [SEVERE ] updating countdown to 14000
[16:04:59.383] [SEVERE ] setting player 3 freeze to 3000
[16:04:59.383] [SEVERE ] setting player 3 freeze to 3000
[16:05:00.383] [SEVERE ] updating countdown to 13000
[16:05:00.384] [SEVERE ] setting player 3 freeze to 2000
[16:05:00.384] [SEVERE ] setting player 3 freeze to 2000
[16:05:01.383] [SEVERE ] setting player 1 freeze to 3000
[16:05:01.383] [SEVERE ] updating countdown to 12000
[16:05:01.383] [SEVERE ] setting player 1 freeze to 3000
[16:05:01.384] [SEVERE ] setting player 3 freeze to 1000
[16:05:01.385] [SEVERE ] setting player 3 freeze to 1000
[16:05:02.384] [SEVERE ] setting player 1 freeze to 2000
[16:05:02.384] [SEVERE ] updating countdown to 10999
[16:05:02.385] [SEVERE ] setting player 3 freeze to 0
[16:05:02.385] [SEVERE ] removing player 3 token from slot 5
[16:05:02.385] [SEVERE ] player 3 placing token on slot 5
[16:05:02.386] [SEVERE ] removing player 3 token from slot 4
[16:05:02.386] [SEVERE ] player 3 placing token on slot 10
[16:05:02.387] [SEVERE ] setting player 3 freeze to 0
[16:05:02.388] [SEVERE ] setting player 1 freeze to 2000
[16:05:03.384] [SEVERE ] setting player 1 freeze to 1000
[16:05:03.385] [SEVERE ] updating countdown to 15000
[16:05:03.385] [SEVERE ] removing player 2 token from slot 4
[16:05:03.385] [SEVERE ] removing player 2 token from slot 6
[16:05:03.386] [SEVERE ] removing player 2 token from slot 6
[16:05:03.387] [SEVERE ] removing player 2 token from slot 6
[16:05:03.385] [SEVERE ] removing player 2 token from slot 6
[16:05:03.388] [SEVERE ] removing player 2 token from slot 6
[16:05:03.388] [SEVERE ] removing player 2 token from slot 6
[16:05:03.389] [SEVERE ] setting player 1 freeze to 1000
[16:05:03.486] [SEVERE ] removing card from slot 4
[16:05:03.486] [SEVERE ] removing player 2 token from slot 5
[16:05:03.586] [SEVERE ] removing card from slot 5
[16:05:03.586] [SEVERE ] removing player 2 token from slot 6
[16:05:03.687] [SEVERE ] removing card from slot 6
[16:05:03.687] [SEVERE ] removing player 2 token from slot 4
[16:05:03.687] [SEVERE ] removing player 2 token from slot 5
[16:05:03.687] [SEVERE ] removing player 3 token from slot 5
[16:05:03.687] [SEVERE ] removing player 2 token from slot 6
[16:05:03.787] [SEVERE ] placing card 1 in slot 4
[16:05:03.887] [SEVERE ] placing card 16 in slot 5
[16:05:03.987] [SEVERE ] placing card 31 in slot 6
[16:05:04.385] [SEVERE ] setting player 1 freeze to 0
[16:05:04.385] [SEVERE ] removing player 1 token from slot 7
[16:05:04.385] [SEVERE ] player 1 placing token on slot 8
[16:05:04.386] [SEVERE ] removing player 1 token from slot 10
[16:05:04.387] [SEVERE ] player 1 placing token on slot 10
[16:05:04.387] [SEVERE ] setting player 2 score to 3
[16:05:04.388] [SEVERE ] setting player 2 freeze to 1000
[16:05:04.388] [SEVERE ] setting player 2 freeze to 0
[16:05:04.389] [SEVERE ] setting player 1 freeze to 0
[16:05:04.388] [SEVERE ] setting player 2 score to 3
[16:05:04.390] [SEVERE ] setting player 2 freeze to 1000
[16:05:04.389] [SEVERE ] player 2 placing token on slot 5
[16:05:04.391] [SEVERE ] setting player 2 freeze to 0
[16:05:04.391] [SEVERE ] player 2 placing token on slot 11
[16:05:04.392] [SEVERE ] player 2 placing token on slot 8
[16:05:04.988] [SEVERE ] setting player 2 freeze to 3000
[16:05:04.988] [SEVERE ] setting player 2 freeze to 3000
[16:05:04.988] [SEVERE ] updating countdown to 8395
[16:05:05.988] [SEVERE ] setting player 2 freeze to 2000
[16:05:05.988] [SEVERE ] setting player 2 freeze to 2000
[16:05:05.989] [SEVERE ] updating countdown to 7394
[16:05:06.988] [SEVERE ] setting player 2 freeze to 1000
[16:05:06.989] [SEVERE ] setting player 2 freeze to 1000
[16:05:06.989] [SEVERE ] updating countdown to 6394
[16:05:06.989] [SEVERE ] setting player 1 freeze to 3000
[16:05:06.989] [SEVERE ] setting player 1 freeze to 3000
[16:05:07.988] [SEVERE ] setting player 2 freeze to 0
[16:05:07.988] [SEVERE ] removing player 2 token from slot 8
[16:05:07.989] [SEVERE ] player 2 placing token on slot 1
[16:05:07.989] [SEVERE ] setting player 2 freeze to 0
[16:05:07.990] [SEVERE ] updating countdown to 5393
[16:05:07.990] [SEVERE ] setting player 3 freeze to 3000
[16:05:07.989] [SEVERE ] removing player 2 token from slot 5
[16:05:07.991] [SEVERE ] setting player 1 freeze to 2000
[16:05:07.990] [SEVERE ] setting player 1 freeze to 2000
[16:05:07.994] [SEVERE ] player 2 placing token on slot 2
[16:05:07.997] [SEVERE ] setting player 3 freeze to 3000
[16:05:08.991] [SEVERE ] setting player 3 freeze to 2000
[16:05:08.995] [SEVERE ] setting player 1 freeze to 1000
[16:05:08.995] [SEVERE ] setting player 1 freeze to 1000
[16:05:08.997] [SEVERE ] setting player 3 freeze to 2000
[16:05:09.031] [SEVERE ] setting player 2 freeze to 3000
[16:05:09.031] [SEVERE ] setting player 2 freeze to 3000
[16:05:09.991] [SEVERE ] setting player 3 freeze to 1000
[16:05:09.996] [SEVERE ] setting player 1 freeze to 0
[16:05:09.996] [SEVERE ] removing player 1 token from slot 8
[16:05:09.997] [SEVERE ] setting player 1 freeze to 0
[16:05:09.997] [SEVERE ] player 1 placing token on slot 3
[16:05:09.998] [SEVERE ] removing player 1 token from slot 1
[16:05:09.998] [SEVERE ] player 1 placing token on slot 5
[16:05:09.999] [SEVERE ] setting player 3 freeze to 1000
[16:05:09.999] [SEVERE ] removing player 1 token from slot 3
[16:05:10.000] [SEVERE ] player 1 placing token on slot 7
[16:05:10.001] [SEVERE ] setting player 1 freeze to 3000
[16:05:10.003] [SEVERE ] setting player 1 freeze to 3000
[16:05:10.031] [SEVERE ] setting player 2 freeze to 2000
[16:05:10.032] [SEVERE ] setting player 2 freeze to 2000
[16:05:10.991] [SEVERE ] setting player 3 freeze to 0
[16:05:10.991] [SEVERE ] removing player 3 token from slot 10
[16:05:10.992] [SEVERE ] player 3 placing token on slot 11
[16:05:10.992] [SEVERE ] removing player 3 token from slot 5
[16:05:10.993] [SEVERE ] removing player 3 token from slot 11
[16:05:10.994] [SEVERE ] player 3 placing token on slot 11
[16:05:10.994] [SEVERE ] player 3 placing token on slot 2
[16:05:10.994] [SEVERE ] removing player 3 token from slot 11
[16:05:10.995] [SEVERE ] player 3 placing token on slot 4
[16:05:10.996] [SEVERE ] setting player 3 freeze to 3000
[16:05:10.999] [SEVERE ] setting player 3 freeze to 0
[16:05:10.999] [SEVERE ] removing player 3 token from slot 9
[16:05:11.000] [SEVERE ] player 3 placing token on slot 8
[16:05:11.003] [SEVERE ] setting player 1 freeze to 2000
[16:05:11.003] [SEVERE ] setting player 1 freeze to 2000
[16:05:11.006] [SEVERE ] setting player 3 freeze to 3000
[16:05:11.031] [SEVERE ] setting player 2 freeze to 1000
[16:05:11.032] [SEVERE ] setting player 2 freeze to 1000
[16:05:11.996] [SEVERE ] setting player 3 freeze to 2000
[16:05:12.003] [SEVERE ] setting player 1 freeze to 1000
[16:05:12.003] [SEVERE ] setting player 1 freeze to 1000
[16:05:12.007] [SEVERE ] setting player 3 freeze to 2000
[16:05:12.032] [SEVERE ] setting player 2 freeze to 0
[16:05:12.032] [SEVERE ] setting player 2 freeze to 0
[16:05:12.032] [SEVERE ] removing player 2 token from slot 11
[16:05:12.034] [SEVERE ] removing player 2 token from slot 2
[16:05:12.034] [SEVERE ] player 2 placing token on slot 11
[16:05:12.035] [SEVERE ] player 2 placing token on slot 2
[16:05:12.036] [SEVERE ] removing player 2 token from slot 11
[16:05:12.036] [SEVERE ] removing player 2 token from slot 1
[16:05:12.037] [SEVERE ] player 2 placing token on slot 11
[16:05:12.038] [SEVERE ] player 2 placing token on slot 7
[16:05:12.038] [SEVERE ] removing player 2 token from slot 2
[16:05:12.038] [SEVERE ] removing player 2 token from slot 11
[16:05:12.039] [SEVERE ] player 2 placing token on slot 4
[16:05:12.039] [SEVERE ] player 2 placing token on slot 5
[16:05:12.042] [SEVERE ] setting player 2 freeze to 3000
[16:05:12.042] [SEVERE ] setting player 2 freeze to 3000
[16:05:12.997] [SEVERE ] setting player 3 freeze to 1000
[16:05:13.003] [SEVERE ] setting player 1 freeze to 0
[16:05:13.003] [SEVERE ] removing player 1 token from slot 5
[16:05:13.003] [SEVERE ] setting player 1 freeze to 0
[16:05:13.004] [SEVERE ] player 1 placing token on slot 3
[16:05:13.007] [SEVERE ] setting player 3 freeze to 1000
[16:05:13.008] [SEVERE ] removing player 1 token from slot 10
[16:05:13.009] [SEVERE ] player 1 placing token on slot 6
[16:05:13.010] [SEVERE ] removing player 1 token from slot 6
[16:05:13.012] [SEVERE ] player 1 placing token on slot 1
[16:05:13.021] [SEVERE ] setting player 1 freeze to 3000
[16:05:13.027] [SEVERE ] setting player 1 freeze to 3000
[16:05:13.044] [SEVERE ] setting player 2 freeze to 2000
[16:05:13.044] [SEVERE ] setting player 2 freeze to 2000
[16:05:13.387] [SEVERE ] updating countdown to 15000
[16:05:13.387] [SEVERE ] updating countdown to 15000
[16:05:13.488] [SEVERE ] removing card from slot 0
[16:05:13.588] [SEVERE ] removing card from slot 1
[16:05:13.688] [SEVERE ] removing card from slot 2
[16:05:13.789] [SEVERE ] removing card from slot 3
[16:05:13.889] [SEVERE ] removing card from slot 4
[16:05:13.989] [SEVERE ] removing card from slot 5
[16:05:13.997] [SEVERE ] setting player 3 freeze to 0
[16:05:13.997] [SEVERE ] removing player 3 token from slot 2
[16:05:13.998] [SEVERE ] player 3 placing token on slot 11
[16:05:14.007] [SEVERE ] setting player 3 freeze to 0
[16:05:14.007] [SEVERE ] removing player 3 token from slot 8
[16:05:14.008] [SEVERE ] player 3 placing token on slot 5
[16:05:14.009] [SEVERE ] removing player 3 token from slot 4
[16:05:14.010] [SEVERE ] player 3 placing token on slot 2
[16:05:14.021] [SEVERE ] setting player 1 freeze to 2000
[16:05:14.027] [SEVERE ] setting player 1 freeze to 2000
[16:05:14.044] [SEVERE ] setting player 2 freeze to 1000
[16:05:14.046] [SEVERE ] setting player 2 freeze to 1000
[16:05:14.089] [SEVERE ] removing card from slot 6
[16:05:14.189] [SEVERE ] removing card from slot 7
[16:05:14.290] [SEVERE ] removing card from slot 8
[16:05:14.390] [SEVERE ] removing card from slot 9
[16:05:14.490] [SEVERE ] removing card from slot 10
[16:05:14.590] [SEVERE ] removing card from slot 11
[16:05:14.590] [SEVERE ] removing all tokens
[16:05:14.691] [SEVERE ] placing card 52 in slot 0
[16:05:14.791] [SEVERE ] placing card 15 in slot 1
[16:05:14.891] [SEVERE ] placing card 40 in slot 2
[16:05:14.992] [SEVERE ] placing card 68 in slot 3
[16:05:15.021] [SEVERE ] setting player 1 freeze to 1000
[16:05:15.028] [SEVERE ] setting player 1 freeze to 1000
[16:05:15.044] [SEVERE ] setting player 2 freeze to 0
[16:05:15.045] [SEVERE ] player 2 placing token on slot 7
[16:05:15.046] [SEVERE ] player 2 placing token on slot 6
[16:05:15.047] [SEVERE ] removing player 2 token from slot 7
[16:05:15.048] [SEVERE ] player 2 placing token on slot 1
[16:05:15.049] [SEVERE ] player 2 placing token on slot 2
[16:05:15.050] [SEVERE ] removing player 2 token from slot 2
[16:05:15.050] [SEVERE ] removing player 2 token from slot 1
[16:05:15.051] [SEVERE ] player 2 placing token on slot 9
[16:05:15.052] [SEVERE ] player 2 placing token on slot 2
[16:05:15.053] [SEVERE ] removing player 2 token from slot 6
[16:05:15.053] [SEVERE ] player 2 placing token on slot 3
[16:05:15.057] [SEVERE ] setting player 2 freeze to 0
[16:05:15.092] [SEVERE ] placing card 33 in slot 4
[16:05:15.192] [SEVERE ] placing card 49 in slot 5
[16:05:15.292] [SEVERE ] placing card 2 in slot 6
[16:05:15.392] [SEVERE ] placing card 43 in slot 7
[16:05:15.493] [SEVERE ] placing card 35 in slot 8
[16:05:15.593] [SEVERE ] placing card 80 in slot 9
[16:05:15.693] [SEVERE ] placing card 15 in slot 10
[16:05:15.793] [SEVERE ] placing card 12 in slot 11
[16:05:15.793] [SEVERE ] player 1 placing token on slot 7
[16:05:15.794] [SEVERE ] player 1 placing token on slot 8
[16:05:15.794] [SEVERE ] player 1 placing token on slot 3
[16:05:15.795] [SEVERE ] removing player 1 token from slot 7
[16:05:15.794] [INFO   ] Thread Thread-12starting.
[16:05:15.794] [SEVERE ] updating countdown to 15000
[16:05:15.794] [INFO   ] Thread Thread-11starting.
[16:05:15.793] [INFO   ] Thread Thread-10starting.
[16:05:15.801] [INFO   ] Thread computer-1 starting.
[16:05:15.802] [SEVERE ] removing player 2 token from slot 3
[16:05:15.804] [SEVERE ] removing player 2 token from slot 9
[16:05:15.796] [INFO   ] Thread computer-2 starting.
[16:05:15.795] [SEVERE ] removing player 1 token from slot 3
[16:05:15.806] [SEVERE ] player 1 placing token on slot 6
[16:05:15.806] [SEVERE ] player 1 placing token on slot 11
[16:05:15.806] [SEVERE ] player 2 placing token on slot 5
[16:05:15.808] [SEVERE ] player 2 placing token on slot 11
[16:05:15.805] [SEVERE ] player 3 placing token on slot 7
[16:05:15.807] [SEVERE ] removing player 1 token from slot 11
[16:05:15.809] [SEVERE ] removing player 1 token from slot 8
[16:05:15.810] [SEVERE ] player 1 placing token on slot 4
[16:05:15.810] [SEVERE ] player 1 placing token on slot 11
[16:05:15.807] [INFO   ] Thread computer-0 starting.
[16:05:15.813] [SEVERE ] removing player 1 token from slot 6
[16:05:15.809] [SEVERE ] player 3 placing token on slot 2
[16:05:15.815] [SEVERE ] player 3 placing token on slot 8
[16:05:15.815] [SEVERE ] player 1 placing token on slot 10
[16:05:16.021] [SEVERE ] setting player 1 freeze to 0
[16:05:16.028] [SEVERE ] setting player 1 freeze to 0
[16:05:16.797] [SEVERE ] setting player 3 freeze to 3000
[16:05:16.797] [SEVERE ] setting player 3 freeze to 3000
[16:05:16.797] [SEVERE ] updating countdown to 13997
[16:05:17.798] [SEVERE ] setting player 3 freeze to 2000
[16:05:17.798] [SEVERE ] setting player 3 freeze to 2000
[16:05:17.799] [SEVERE ] updating countdown to 12995
[16:05:18.798] [SEVERE ] setting player 3 freeze to 1000
[16:05:18.798] [SEVERE ] setting player 3 freeze to 1000
[16:05:18.799] [SEVERE ] updating countdown to 11995
[16:05:19.798] [SEVERE ] setting player 3 freeze to 0
[16:05:19.798] [SEVERE ] setting player 3 freeze to 0
[16:05:19.799] [SEVERE ] setting player 2 freeze to 3000
[16:05:19.799] [SEVERE ] updating countdown to 10995
[16:05:19.801] [SEVERE ] removing player 3 token from slot 2
[16:05:19.801] [SEVERE ] removing player 3 token from slot 7
[16:05:19.802] [SEVERE ] player 3 placing token on slot 10
[16:05:19.802] [SEVERE ] player 3 placing token on slot 11
[16:05:19.803] [SEVERE ] removing player 3 token from slot 10
[16:05:19.805] [SEVERE ] player 3 placing token on slot 3
[16:05:19.805] [SEVERE ] removing player 3 token from slot 3
[16:05:19.805] [SEVERE ] player 3 placing token on slot 9
[16:05:19.809] [SEVERE ] setting player 2 freeze to 3000
[16:05:20.799] [SEVERE ] setting player 2 freeze to 2000
[16:05:20.800] [SEVERE ] updating countdown to 9994
[16:05:20.809] [SEVERE ] setting player 2 freeze to 2000
[16:05:21.800] [SEVERE ] setting player 2 freeze to 1000
[16:05:21.803] [SEVERE ] updating countdown to 8991
[16:05:21.809] [SEVERE ] setting player 2 freeze to 1000
[16:05:22.800] [SEVERE ] setting player 2 freeze to 0
[16:05:22.800] [SEVERE ] removing player 2 token from slot 2
[16:05:22.800] [SEVERE ] player 2 placing token on slot 9
[16:05:22.801] [SEVERE ] removing player 2 token from slot 9
[16:05:22.801] [SEVERE ] player 2 placing token on slot 6
[16:05:22.801] [SEVERE ] removing player 2 token from slot 11
[16:05:22.801] [SEVERE ] player 2 placing token on slot 10
[16:05:22.804] [SEVERE ] setting player 1 freeze to 3000
[16:05:22.804] [SEVERE ] updating countdown to 7990
[16:05:22.804] [SEVERE ] setting player 1 freeze to 3000
[16:05:22.805] [SEVERE ] setting player 1 freeze to 3000
[16:05:22.809] [SEVERE ] setting player 2 freeze to 0
