[21:58:25.619] [INFO   ] thread main starting.
[21:58:25.626] [SEVERE ] cannot read configuration file config.properties trying from resources.
[21:58:25.627] [SEVERE ] configuration file was loaded from resources directory.
[21:58:25.981] [INFO   ] thread dealer starting.
[21:58:25.993] [INFO   ] Thread dealer starting.
[21:58:26.099] [SEVERE ] placing card 45 in slot 0
[21:58:26.200] [SEVERE ] placing card 18 in slot 1
[21:58:26.301] [SEVERE ] placing card 0 in slot 2
[21:58:26.403] [SEVERE ] placing card 50 in slot 3
[21:58:26.504] [SEVERE ] placing card 7 in slot 4
[21:58:26.605] [SEVERE ] placing card 46 in slot 5
[21:58:26.707] [SEVERE ] placing card 41 in slot 6
[21:58:26.808] [SEVERE ] placing card 68 in slot 7
[21:58:26.909] [SEVERE ] placing card 21 in slot 8
[21:58:27.010] [SEVERE ] placing card 42 in slot 9
[21:58:27.111] [SEVERE ] placing card 66 in slot 10
[21:58:27.213] [SEVERE ] placing card 8 in slot 11
[21:58:27.215] [INFO   ] Thread Thread-1starting.
[21:58:27.216] [SEVERE ] updating countdown to 5000
[21:58:27.218] [INFO   ] Thread Thread-4starting.
[21:58:27.220] [INFO   ] Thread computer-0 starting.
[21:58:27.221] [INFO   ] Thread computer-3 starting.
[21:58:27.223] [SEVERE ] player 4 placing token on slot 8
[21:58:27.225] [SEVERE ] player 4 placing token on slot 5
[21:58:27.226] [SEVERE ] player 4 placing token on slot 11
[21:58:27.230] [SEVERE ] setting player 4 freeze to 0
[21:58:27.215] [INFO   ] Thread Thread-2starting.
[21:58:27.231] [SEVERE ] setting player 4 freeze to 0
[21:58:27.223] [SEVERE ] player 1 placing token on slot 7
[21:58:27.216] [INFO   ] Thread Thread-3starting.
[21:58:27.234] [SEVERE ] player 1 placing token on slot 10
[21:58:27.233] [SEVERE ] setting player 4 freeze to 0
[21:58:27.235] [SEVERE ] player 1 placing token on slot 11
[21:58:27.236] [SEVERE ] setting player 4 freeze to 0
[21:58:27.238] [SEVERE ] removing player 4 token from slot 5
[21:58:27.239] [SEVERE ] player 4 placing token on slot 3
[21:58:27.241] [INFO   ] Thread computer-1 starting.
[21:58:27.242] [SEVERE ] player 2 placing token on slot 2
[21:58:27.243] [SEVERE ] player 2 placing token on slot 3
[21:58:27.245] [SEVERE ] removing player 2 token from slot 2
[21:58:27.246] [SEVERE ] player 2 placing token on slot 2
[21:58:27.247] [SEVERE ] player 2 placing token on slot 7
[21:58:27.253] [INFO   ] Thread computer-2 starting.
[21:58:27.254] [SEVERE ] player 3 placing token on slot 1
[21:58:27.255] [SEVERE ] setting player 1 freeze to 0
[21:58:27.258] [SEVERE ] setting player 1 freeze to 0
[21:58:27.258] [SEVERE ] setting player 1 freeze to 0
[21:58:27.259] [SEVERE ] setting player 1 freeze to 0
[21:58:27.259] [SEVERE ] removing player 1 token from slot 10
[21:58:27.260] [SEVERE ] player 1 placing token on slot 6
[21:58:27.257] [SEVERE ] removing player 3 token from slot 1
[21:58:27.261] [SEVERE ] player 3 placing token on slot 5
[21:58:27.261] [SEVERE ] removing player 3 token from slot 5
[21:58:27.262] [SEVERE ] player 3 placing token on slot 10
[21:58:27.262] [SEVERE ] player 3 placing token on slot 3
[21:58:27.263] [SEVERE ] player 3 placing token on slot 6
[21:58:27.265] [SEVERE ] setting player 4 freeze to 0
[21:58:27.266] [SEVERE ] setting player 4 freeze to 0
[21:58:27.266] [SEVERE ] setting player 4 freeze to 0
[21:58:27.267] [SEVERE ] setting player 4 freeze to 0
[21:58:27.267] [SEVERE ] removing player 4 token from slot 3
[21:58:27.268] [SEVERE ] player 4 placing token on slot 1
[21:58:27.275] [SEVERE ] setting player 2 freeze to 0
[21:58:27.276] [SEVERE ] setting player 2 freeze to 0
[21:58:27.276] [SEVERE ] setting player 2 freeze to 0
[21:58:27.277] [SEVERE ] setting player 2 freeze to 0
[21:58:27.277] [SEVERE ] removing player 2 token from slot 7
[21:58:27.277] [SEVERE ] player 2 placing token on slot 9
[21:58:27.286] [SEVERE ] setting player 1 freeze to 0
[21:58:27.286] [SEVERE ] setting player 1 freeze to 0
[21:58:27.286] [SEVERE ] setting player 1 freeze to 0
[21:58:27.287] [SEVERE ] setting player 1 freeze to 0
[21:58:27.288] [SEVERE ] removing player 1 token from slot 7
[21:58:27.288] [SEVERE ] player 1 placing token on slot 3
[21:58:27.296] [SEVERE ] setting player 3 freeze to 0
[21:58:27.296] [SEVERE ] setting player 3 freeze to 0
[21:58:27.297] [SEVERE ] setting player 3 freeze to 0
[21:58:27.298] [SEVERE ] setting player 3 freeze to 0
[21:58:27.298] [SEVERE ] removing player 3 token from slot 6
[21:58:27.299] [SEVERE ] player 3 placing token on slot 2
[21:58:27.307] [SEVERE ] setting player 4 freeze to 0
[21:58:27.307] [SEVERE ] setting player 4 freeze to 0
[21:58:27.307] [SEVERE ] setting player 4 freeze to 0
[21:58:27.308] [SEVERE ] setting player 4 freeze to 0
[21:58:27.308] [SEVERE ] removing player 4 token from slot 8
[21:58:27.309] [SEVERE ] player 4 placing token on slot 5
[21:58:27.317] [SEVERE ] setting player 2 freeze to 0
[21:58:27.318] [SEVERE ] setting player 2 freeze to 0
[21:58:27.318] [SEVERE ] setting player 2 freeze to 0
[21:58:27.318] [SEVERE ] setting player 2 freeze to 0
[21:58:27.319] [SEVERE ] removing player 2 token from slot 9
[21:58:27.319] [SEVERE ] player 2 placing token on slot 7
[21:58:27.328] [SEVERE ] setting player 1 freeze to 0
[21:58:27.332] [SEVERE ] setting player 1 freeze to 0
[21:58:27.332] [SEVERE ] setting player 1 freeze to 0
[21:58:27.333] [SEVERE ] setting player 1 freeze to 0
[21:58:27.333] [SEVERE ] removing player 1 token from slot 6
[21:58:27.334] [SEVERE ] player 1 placing token on slot 4
[21:58:27.340] [SEVERE ] setting player 3 freeze to 0
[21:58:27.340] [SEVERE ] setting player 3 freeze to 0
[21:58:27.341] [SEVERE ] setting player 3 freeze to 0
[21:58:27.341] [SEVERE ] setting player 3 freeze to 0
[21:58:27.341] [SEVERE ] removing player 3 token from slot 3
[21:58:27.342] [SEVERE ] player 3 placing token on slot 3
[21:58:27.350] [SEVERE ] setting player 4 freeze to 0
[21:58:27.350] [SEVERE ] setting player 4 freeze to 0
[21:58:27.351] [SEVERE ] setting player 4 freeze to 0
[21:58:27.351] [SEVERE ] setting player 4 freeze to 0
[21:58:27.352] [SEVERE ] removing player 4 token from slot 1
[21:58:27.352] [SEVERE ] player 4 placing token on slot 6
[21:58:27.361] [SEVERE ] setting player 2 freeze to 0
[21:58:27.361] [SEVERE ] setting player 2 freeze to 0
[21:58:27.362] [SEVERE ] setting player 2 freeze to 0
[21:58:27.362] [SEVERE ] setting player 2 freeze to 0
[21:58:27.363] [SEVERE ] removing player 2 token from slot 7
[21:58:27.363] [SEVERE ] player 2 placing token on slot 10
[21:58:27.372] [SEVERE ] setting player 1 freeze to 0
[21:58:27.373] [SEVERE ] setting player 1 freeze to 0
[21:58:27.373] [SEVERE ] setting player 1 freeze to 0
[21:58:27.373] [SEVERE ] setting player 1 freeze to 0
[21:58:27.374] [SEVERE ] removing player 1 token from slot 3
[21:58:27.374] [SEVERE ] removing player 1 token from slot 4
[21:58:27.375] [SEVERE ] player 1 placing token on slot 8
[21:58:27.376] [SEVERE ] player 1 placing token on slot 3
[21:58:27.382] [SEVERE ] setting player 3 freeze to 0
[21:58:27.383] [SEVERE ] setting player 3 freeze to 0
[21:58:27.383] [SEVERE ] setting player 3 freeze to 0
[21:58:27.384] [SEVERE ] setting player 3 freeze to 0
[21:58:27.385] [SEVERE ] removing player 3 token from slot 10
[21:58:27.385] [SEVERE ] player 3 placing token on slot 8
[21:58:27.392] [SEVERE ] setting player 4 freeze to 0
[21:58:27.393] [SEVERE ] setting player 4 freeze to 0
[21:58:27.393] [SEVERE ] setting player 4 freeze to 0
[21:58:27.394] [SEVERE ] setting player 4 freeze to 0
[21:58:27.394] [SEVERE ] removing player 4 token from slot 5
[21:58:27.395] [SEVERE ] removing player 4 token from slot 11
[21:58:27.395] [SEVERE ] player 4 placing token on slot 2
[21:58:27.395] [SEVERE ] player 4 placing token on slot 11
[21:58:27.402] [SEVERE ] setting player 2 freeze to 0
[21:58:27.403] [SEVERE ] setting player 2 freeze to 0
[21:58:27.403] [SEVERE ] setting player 2 freeze to 0
[21:58:27.404] [SEVERE ] setting player 2 freeze to 0
[21:58:27.404] [SEVERE ] removing player 2 token from slot 2
[21:58:27.404] [SEVERE ] player 2 placing token on slot 4
[21:58:27.413] [SEVERE ] setting player 1 freeze to 0
[21:58:27.416] [SEVERE ] setting player 1 freeze to 0
[21:58:27.417] [SEVERE ] setting player 1 freeze to 0
[21:58:27.417] [SEVERE ] setting player 1 freeze to 0
[21:58:27.418] [SEVERE ] removing player 1 token from slot 11
[21:58:27.418] [SEVERE ] player 1 placing token on slot 1
[21:58:27.423] [SEVERE ] setting player 3 freeze to 0
[21:58:27.424] [SEVERE ] setting player 3 freeze to 0
[21:58:27.424] [SEVERE ] setting player 3 freeze to 0
[21:58:27.424] [SEVERE ] setting player 3 freeze to 0
[21:58:27.425] [SEVERE ] removing player 3 token from slot 8
[21:58:27.425] [SEVERE ] player 3 placing token on slot 7
[21:58:27.434] [SEVERE ] setting player 4 freeze to 0
[21:58:27.434] [SEVERE ] setting player 4 freeze to 0
[21:58:27.434] [SEVERE ] setting player 4 freeze to 0
[21:58:27.435] [SEVERE ] setting player 4 freeze to 0
[21:58:27.435] [SEVERE ] removing player 4 token from slot 11
[21:58:27.436] [SEVERE ] player 4 placing token on slot 11
[21:58:27.444] [SEVERE ] setting player 2 freeze to 0
[21:58:27.445] [SEVERE ] setting player 2 freeze to 0
[21:58:27.448] [SEVERE ] setting player 2 freeze to 0
[21:58:27.449] [SEVERE ] setting player 2 freeze to 0
[21:58:27.449] [SEVERE ] removing player 2 token from slot 10
[21:58:27.450] [SEVERE ] player 2 placing token on slot 9
[21:58:27.454] [SEVERE ] setting player 1 freeze to 0
[21:58:27.455] [SEVERE ] setting player 1 freeze to 0
[21:58:27.455] [SEVERE ] setting player 1 freeze to 0
[21:58:27.456] [SEVERE ] setting player 1 freeze to 0
[21:58:27.456] [SEVERE ] removing player 1 token from slot 8
[21:58:27.457] [SEVERE ] player 1 placing token on slot 9
[21:58:27.465] [SEVERE ] setting player 3 freeze to 0
[21:58:27.465] [SEVERE ] setting player 3 freeze to 0
[21:58:27.465] [SEVERE ] setting player 3 freeze to 0
[21:58:27.469] [SEVERE ] setting player 3 freeze to 0
[21:58:27.469] [SEVERE ] removing player 3 token from slot 3
[21:58:27.471] [SEVERE ] player 3 placing token on slot 1
[21:58:27.475] [SEVERE ] setting player 4 freeze to 0
[21:58:27.475] [SEVERE ] setting player 4 freeze to 0
[21:58:27.476] [SEVERE ] setting player 4 freeze to 0
[21:58:27.476] [SEVERE ] setting player 4 freeze to 0
[21:58:27.477] [SEVERE ] removing player 4 token from slot 6
[21:58:27.477] [SEVERE ] removing player 4 token from slot 11
[21:58:27.477] [SEVERE ] player 4 placing token on slot 3
[21:58:27.477] [SEVERE ] player 4 placing token on slot 11
[21:58:27.486] [SEVERE ] setting player 2 freeze to 0
[21:58:27.486] [SEVERE ] setting player 2 freeze to 0
[21:58:27.486] [SEVERE ] setting player 2 freeze to 0
[21:58:27.487] [SEVERE ] setting player 2 freeze to 0
[21:58:27.487] [SEVERE ] removing player 2 token from slot 9
[21:58:27.488] [SEVERE ] player 2 placing token on slot 6
[21:58:27.497] [SEVERE ] setting player 1 freeze to 0
[21:58:27.498] [SEVERE ] setting player 1 freeze to 0
[21:58:27.499] [SEVERE ] setting player 1 freeze to 0
[21:58:27.499] [SEVERE ] setting player 1 freeze to 0
[21:58:27.499] [SEVERE ] removing player 1 token from slot 3
[21:58:27.501] [SEVERE ] player 1 placing token on slot 11
[21:58:27.507] [SEVERE ] setting player 3 freeze to 0
[21:58:27.507] [SEVERE ] setting player 3 freeze to 0
[21:58:27.508] [SEVERE ] setting player 3 freeze to 0
[21:58:27.508] [SEVERE ] setting player 3 freeze to 0
[21:58:27.509] [SEVERE ] removing player 3 token from slot 2
[21:58:27.509] [SEVERE ] player 3 placing token on slot 8
[21:58:27.517] [SEVERE ] setting player 4 freeze to 0
[21:58:27.518] [SEVERE ] setting player 4 freeze to 0
[21:58:27.518] [SEVERE ] setting player 4 freeze to 0
[21:58:27.519] [SEVERE ] setting player 4 freeze to 0
[21:58:27.519] [SEVERE ] removing player 4 token from slot 11
[21:58:27.520] [SEVERE ] player 4 placing token on slot 1
[21:58:27.528] [SEVERE ] setting player 2 freeze to 0
[21:58:27.529] [SEVERE ] setting player 2 freeze to 0
[21:58:27.530] [SEVERE ] setting player 2 freeze to 0
[21:58:27.530] [SEVERE ] setting player 2 freeze to 0
[21:58:27.531] [SEVERE ] removing player 2 token from slot 6
[21:58:27.531] [SEVERE ] player 2 placing token on slot 8
[21:58:27.539] [SEVERE ] setting player 1 freeze to 0
[21:58:27.539] [SEVERE ] setting player 1 freeze to 0
[21:58:27.540] [SEVERE ] setting player 1 freeze to 0
[21:58:27.540] [SEVERE ] setting player 1 freeze to 0
[21:58:27.541] [SEVERE ] removing player 1 token from slot 9
[21:58:27.541] [SEVERE ] player 1 placing token on slot 5
[21:58:27.549] [SEVERE ] setting player 3 freeze to 0
[21:58:27.549] [SEVERE ] setting player 3 freeze to 0
[21:58:27.550] [SEVERE ] setting player 3 freeze to 0
[21:58:27.550] [SEVERE ] setting player 3 freeze to 0
[21:58:27.550] [SEVERE ] removing player 3 token from slot 7
[21:58:27.551] [SEVERE ] player 3 placing token on slot 3
[21:58:27.559] [SEVERE ] setting player 4 freeze to 0
[21:58:27.559] [SEVERE ] setting player 4 freeze to 0
[21:58:27.560] [SEVERE ] setting player 4 freeze to 0
[21:58:27.560] [SEVERE ] setting player 4 freeze to 0
[21:58:27.561] [SEVERE ] removing player 4 token from slot 1
[21:58:27.561] [SEVERE ] player 4 placing token on slot 7
[21:58:27.570] [SEVERE ] setting player 2 freeze to 0
[21:58:27.570] [SEVERE ] setting player 2 freeze to 0
[21:58:27.570] [SEVERE ] setting player 2 freeze to 0
[21:58:27.571] [SEVERE ] setting player 2 freeze to 0
[21:58:27.571] [SEVERE ] removing player 2 token from slot 8
[21:58:27.572] [SEVERE ] player 2 placing token on slot 10
[21:58:27.580] [SEVERE ] setting player 1 freeze to 0
[21:58:27.580] [SEVERE ] setting player 1 freeze to 0
[21:58:27.581] [SEVERE ] setting player 1 freeze to 0
[21:58:27.581] [SEVERE ] setting player 1 freeze to 0
[21:58:27.581] [SEVERE ] removing player 1 token from slot 1
[21:58:27.582] [SEVERE ] player 1 placing token on slot 3
[21:58:27.590] [SEVERE ] setting player 3 freeze to 0
[21:58:27.590] [SEVERE ] setting player 3 freeze to 0
[21:58:27.591] [SEVERE ] setting player 3 freeze to 0
[21:58:27.591] [SEVERE ] setting player 3 freeze to 0
[21:58:27.592] [SEVERE ] removing player 3 token from slot 1
[21:58:27.592] [SEVERE ] player 3 placing token on slot 10
[21:58:27.600] [SEVERE ] setting player 4 freeze to 0
[21:58:27.601] [SEVERE ] setting player 4 freeze to 0
[21:58:27.601] [SEVERE ] setting player 4 freeze to 0
[21:58:27.602] [SEVERE ] setting player 4 freeze to 0
[21:58:27.602] [SEVERE ] removing player 4 token from slot 7
[21:58:27.603] [SEVERE ] player 4 placing token on slot 5
[21:58:27.611] [SEVERE ] setting player 2 freeze to 0
[21:58:27.611] [SEVERE ] setting player 2 freeze to 0
[21:58:27.611] [SEVERE ] setting player 2 freeze to 0
[21:58:27.612] [SEVERE ] setting player 2 freeze to 0
[21:58:27.612] [SEVERE ] removing player 2 token from slot 10
[21:58:27.613] [SEVERE ] player 2 placing token on slot 5
[21:58:27.621] [SEVERE ] setting player 1 freeze to 0
[21:58:27.621] [SEVERE ] setting player 1 freeze to 0
[21:58:27.622] [SEVERE ] setting player 1 freeze to 0
[21:58:27.622] [SEVERE ] setting player 1 freeze to 0
[21:58:27.622] [SEVERE ] removing player 1 token from slot 11
[21:58:27.623] [SEVERE ] player 1 placing token on slot 4
[21:58:27.631] [SEVERE ] setting player 3 freeze to 0
[21:58:27.632] [SEVERE ] setting player 3 freeze to 0
[21:58:27.632] [SEVERE ] setting player 3 freeze to 0
[21:58:27.633] [SEVERE ] setting player 3 freeze to 0
[21:58:27.634] [SEVERE ] removing player 3 token from slot 3
[21:58:27.634] [SEVERE ] player 3 placing token on slot 5
[21:58:27.642] [SEVERE ] setting player 4 freeze to 0
[21:58:27.642] [SEVERE ] setting player 4 freeze to 0
[21:58:27.648] [SEVERE ] setting player 4 freeze to 0
[21:58:27.648] [SEVERE ] setting player 4 freeze to 0
[21:58:27.648] [SEVERE ] removing player 4 token from slot 2
[21:58:27.649] [SEVERE ] player 4 placing token on slot 8
[21:58:27.652] [SEVERE ] setting player 2 freeze to 0
[21:58:27.652] [SEVERE ] setting player 2 freeze to 0
[21:58:27.653] [SEVERE ] setting player 2 freeze to 0
[21:58:27.653] [SEVERE ] setting player 2 freeze to 0
[21:58:27.654] [SEVERE ] removing player 2 token from slot 3
[21:58:27.654] [SEVERE ] player 2 placing token on slot 6
[21:58:27.662] [SEVERE ] setting player 1 freeze to 0
[21:58:27.662] [SEVERE ] setting player 1 freeze to 0
[21:58:27.663] [SEVERE ] setting player 1 freeze to 0
[21:58:27.663] [SEVERE ] setting player 1 freeze to 0
[21:58:27.664] [SEVERE ] removing player 1 token from slot 3
[21:58:27.664] [SEVERE ] player 1 placing token on slot 3
[21:58:27.672] [SEVERE ] setting player 3 freeze to 0
[21:58:27.672] [SEVERE ] setting player 3 freeze to 0
[21:58:27.673] [SEVERE ] setting player 3 freeze to 0
[21:58:27.673] [SEVERE ] setting player 3 freeze to 0
[21:58:27.674] [SEVERE ] removing player 3 token from slot 5
[21:58:27.674] [SEVERE ] player 3 placing token on slot 1
[21:58:27.683] [SEVERE ] setting player 4 freeze to 0
[21:58:27.683] [SEVERE ] setting player 4 freeze to 0
[21:58:27.684] [SEVERE ] setting player 4 freeze to 0
[21:58:27.684] [SEVERE ] setting player 4 freeze to 0
[21:58:27.685] [SEVERE ] removing player 4 token from slot 8
[21:58:27.685] [SEVERE ] player 4 placing token on slot 4
[21:58:27.693] [SEVERE ] setting player 2 freeze to 0
[21:58:27.693] [SEVERE ] setting player 2 freeze to 0
[21:58:27.694] [SEVERE ] setting player 2 freeze to 0
[21:58:27.694] [SEVERE ] setting player 2 freeze to 0
[21:58:27.695] [SEVERE ] removing player 2 token from slot 5
[21:58:27.695] [SEVERE ] player 2 placing token on slot 9
[21:58:27.704] [SEVERE ] setting player 1 freeze to 0
[21:58:27.704] [SEVERE ] setting player 1 freeze to 0
[21:58:27.704] [SEVERE ] setting player 1 freeze to 0
[21:58:27.704] [SEVERE ] setting player 1 freeze to 0
[21:58:27.705] [SEVERE ] removing player 1 token from slot 5
[21:58:27.705] [SEVERE ] player 1 placing token on slot 5
[21:58:27.714] [SEVERE ] setting player 3 freeze to 0
[21:58:27.714] [SEVERE ] setting player 3 freeze to 0
[21:58:27.714] [SEVERE ] setting player 3 freeze to 0
[21:58:27.715] [SEVERE ] setting player 3 freeze to 0
[21:58:27.715] [SEVERE ] removing player 3 token from slot 8
[21:58:27.716] [SEVERE ] player 3 placing token on slot 6
[21:58:27.724] [SEVERE ] setting player 4 freeze to 0
[21:58:27.724] [SEVERE ] setting player 4 freeze to 0
[21:58:27.724] [SEVERE ] setting player 4 freeze to 0
[21:58:27.725] [SEVERE ] setting player 4 freeze to 0
[21:58:27.725] [SEVERE ] removing player 4 token from slot 5
[21:58:27.726] [SEVERE ] player 4 placing token on slot 5
[21:58:27.734] [SEVERE ] setting player 2 freeze to 0
[21:58:27.734] [SEVERE ] setting player 2 freeze to 0
[21:58:27.735] [SEVERE ] setting player 2 freeze to 0
[21:58:27.735] [SEVERE ] setting player 2 freeze to 0
[21:58:27.736] [SEVERE ] removing player 2 token from slot 4
[21:58:27.736] [SEVERE ] removing player 2 token from slot 9
[21:58:27.737] [SEVERE ] player 2 placing token on slot 9
[21:58:27.737] [SEVERE ] removing player 2 token from slot 9
[21:58:27.737] [SEVERE ] removing player 2 token from slot 6
[21:58:27.738] [SEVERE ] player 2 placing token on slot 11
[21:58:27.738] [SEVERE ] player 2 placing token on slot 3
[21:58:27.739] [SEVERE ] player 2 placing token on slot 5
[21:58:27.746] [SEVERE ] setting player 1 freeze to 0
[21:58:27.746] [SEVERE ] setting player 1 freeze to 0
[21:58:27.747] [SEVERE ] setting player 1 freeze to 0
[21:58:27.747] [SEVERE ] setting player 1 freeze to 0
[21:58:27.748] [SEVERE ] removing player 1 token from slot 3
[21:58:27.748] [SEVERE ] player 1 placing token on slot 1
[21:58:27.757] [SEVERE ] setting player 3 freeze to 0
[21:58:27.757] [SEVERE ] setting player 3 freeze to 0
[21:58:27.757] [SEVERE ] setting player 3 freeze to 0
[21:58:27.758] [SEVERE ] setting player 3 freeze to 0
[21:58:27.758] [SEVERE ] removing player 3 token from slot 10
[21:58:27.759] [SEVERE ] player 3 placing token on slot 9
[21:58:27.767] [SEVERE ] setting player 4 freeze to 0
[21:58:27.767] [SEVERE ] setting player 4 freeze to 0
[21:58:27.767] [SEVERE ] setting player 4 freeze to 0
[21:58:27.768] [SEVERE ] setting player 4 freeze to 0
[21:58:27.768] [SEVERE ] removing player 4 token from slot 4
[21:58:27.769] [SEVERE ] player 4 placing token on slot 1
[21:58:27.777] [SEVERE ] setting player 2 freeze to 0
[21:58:27.778] [SEVERE ] setting player 2 freeze to 0
[21:58:27.778] [SEVERE ] setting player 2 freeze to 0
[21:58:27.778] [SEVERE ] setting player 2 freeze to 0
[21:58:27.779] [SEVERE ] removing player 2 token from slot 5
[21:58:27.779] [SEVERE ] player 2 placing token on slot 5
[21:58:27.788] [SEVERE ] setting player 1 freeze to 0
[21:58:27.788] [SEVERE ] setting player 1 freeze to 0
[21:58:27.789] [SEVERE ] setting player 1 freeze to 0
[21:58:27.791] [SEVERE ] setting player 1 freeze to 0
[21:58:27.791] [SEVERE ] removing player 1 token from slot 5
[21:58:27.791] [SEVERE ] removing player 1 token from slot 1
[21:58:27.792] [SEVERE ] player 1 placing token on slot 11
[21:58:27.793] [SEVERE ] player 1 placing token on slot 5
[21:58:27.799] [SEVERE ] setting player 3 freeze to 0
[21:58:27.799] [SEVERE ] setting player 3 freeze to 0
[21:58:27.799] [SEVERE ] setting player 3 freeze to 0
[21:58:27.799] [SEVERE ] setting player 3 freeze to 0
[21:58:27.800] [SEVERE ] removing player 3 token from slot 1
[21:58:27.800] [SEVERE ] player 3 placing token on slot 3
[21:58:27.809] [SEVERE ] setting player 4 freeze to 0
[21:58:27.809] [SEVERE ] setting player 4 freeze to 0
[21:58:27.809] [SEVERE ] setting player 4 freeze to 0
[21:58:27.810] [SEVERE ] setting player 4 freeze to 0
[21:58:27.810] [SEVERE ] removing player 4 token from slot 1
[21:58:27.811] [SEVERE ] player 4 placing token on slot 7
[21:58:27.819] [SEVERE ] setting player 2 freeze to 0
[21:58:27.819] [SEVERE ] setting player 2 freeze to 0
[21:58:27.820] [SEVERE ] setting player 2 freeze to 0
[21:58:27.820] [SEVERE ] setting player 2 freeze to 0
[21:58:27.820] [SEVERE ] removing player 2 token from slot 11
[21:58:27.821] [SEVERE ] player 2 placing token on slot 10
[21:58:27.829] [SEVERE ] setting player 1 freeze to 0
[21:58:27.829] [SEVERE ] setting player 1 freeze to 0
[21:58:27.830] [SEVERE ] setting player 1 freeze to 0
[21:58:27.830] [SEVERE ] setting player 1 freeze to 0
[21:58:27.831] [SEVERE ] removing player 1 token from slot 11
[21:58:27.831] [SEVERE ] player 1 placing token on slot 1
[21:58:27.840] [SEVERE ] setting player 3 freeze to 0
[21:58:27.840] [SEVERE ] setting player 3 freeze to 0
[21:58:27.840] [SEVERE ] setting player 3 freeze to 0
[21:58:27.841] [SEVERE ] setting player 3 freeze to 0
[21:58:27.841] [SEVERE ] removing player 3 token from slot 3
[21:58:27.842] [SEVERE ] removing player 3 token from slot 6
[21:58:27.842] [SEVERE ] player 3 placing token on slot 10
[21:58:27.842] [SEVERE ] player 3 placing token on slot 2
[21:58:27.850] [SEVERE ] setting player 4 freeze to 0
[21:58:27.850] [SEVERE ] setting player 4 freeze to 0
[21:58:27.850] [SEVERE ] setting player 4 freeze to 0
[21:58:27.851] [SEVERE ] setting player 4 freeze to 0
[21:58:27.851] [SEVERE ] removing player 4 token from slot 7
[21:58:27.852] [SEVERE ] player 4 placing token on slot 10
[21:58:27.860] [SEVERE ] setting player 2 freeze to 0
[21:58:27.860] [SEVERE ] setting player 2 freeze to 0
[21:58:27.861] [SEVERE ] setting player 2 freeze to 0
[21:58:27.861] [SEVERE ] setting player 2 freeze to 0
[21:58:27.862] [SEVERE ] removing player 2 token from slot 3
[21:58:27.862] [SEVERE ] player 2 placing token on slot 8
[21:58:27.871] [SEVERE ] setting player 1 freeze to 0
[21:58:27.871] [SEVERE ] setting player 1 freeze to 0
[21:58:27.873] [SEVERE ] setting player 1 freeze to 0
[21:58:27.873] [SEVERE ] setting player 1 freeze to 0
[21:58:27.873] [SEVERE ] removing player 1 token from slot 1
[21:58:27.874] [SEVERE ] player 1 placing token on slot 2
[21:58:27.881] [SEVERE ] setting player 3 freeze to 0
[21:58:27.881] [SEVERE ] setting player 3 freeze to 0
[21:58:27.885] [SEVERE ] setting player 3 freeze to 0
[21:58:27.885] [SEVERE ] setting player 3 freeze to 0
[21:58:27.885] [SEVERE ] removing player 3 token from slot 10
[21:58:27.885] [SEVERE ] player 3 placing token on slot 10
[21:58:27.891] [SEVERE ] setting player 4 freeze to 0
[21:58:27.891] [SEVERE ] setting player 4 freeze to 0
[21:58:27.892] [SEVERE ] setting player 4 freeze to 0
[21:58:27.892] [SEVERE ] setting player 4 freeze to 0
[21:58:27.893] [SEVERE ] removing player 4 token from slot 5
[21:58:27.893] [SEVERE ] player 4 placing token on slot 4
[21:58:27.901] [SEVERE ] setting player 2 freeze to 0
[21:58:27.902] [SEVERE ] setting player 2 freeze to 0
[21:58:27.902] [SEVERE ] setting player 2 freeze to 0
[21:58:27.903] [SEVERE ] setting player 2 freeze to 0
[21:58:27.903] [SEVERE ] removing player 2 token from slot 8
[21:58:27.903] [SEVERE ] player 2 placing token on slot 9
[21:58:27.913] [SEVERE ] setting player 1 freeze to 0
[21:58:27.913] [SEVERE ] setting player 1 freeze to 0
[21:58:27.913] [SEVERE ] setting player 1 freeze to 0
[21:58:27.914] [SEVERE ] setting player 1 freeze to 0
[21:58:27.915] [SEVERE ] removing player 1 token from slot 5
[21:58:27.915] [SEVERE ] player 1 placing token on slot 1
[21:58:27.922] [SEVERE ] setting player 3 freeze to 0
[21:58:27.922] [SEVERE ] setting player 3 freeze to 0
[21:58:27.923] [SEVERE ] setting player 3 freeze to 0
[21:58:27.923] [SEVERE ] setting player 3 freeze to 0
[21:58:27.924] [SEVERE ] removing player 3 token from slot 9
[21:58:27.924] [SEVERE ] removing player 3 token from slot 2
[21:58:27.924] [SEVERE ] player 3 placing token on slot 3
[21:58:27.925] [SEVERE ] player 3 placing token on slot 2
[21:58:27.932] [SEVERE ] setting player 4 freeze to 0
[21:58:27.933] [SEVERE ] setting player 4 freeze to 0
[21:58:27.933] [SEVERE ] setting player 4 freeze to 0
[21:58:27.934] [SEVERE ] setting player 4 freeze to 0
[21:58:27.934] [SEVERE ] removing player 4 token from slot 10
[21:58:27.935] [SEVERE ] player 4 placing token on slot 5
[21:58:27.943] [SEVERE ] setting player 2 freeze to 0
[21:58:27.943] [SEVERE ] setting player 2 freeze to 0
[21:58:27.943] [SEVERE ] setting player 2 freeze to 0
[21:58:27.944] [SEVERE ] setting player 2 freeze to 0
[21:58:27.944] [SEVERE ] removing player 2 token from slot 9
[21:58:27.944] [SEVERE ] player 2 placing token on slot 11
[21:58:27.953] [SEVERE ] setting player 1 freeze to 0
[21:58:27.953] [SEVERE ] setting player 1 freeze to 0
[21:58:27.954] [SEVERE ] setting player 1 freeze to 0
[21:58:27.954] [SEVERE ] setting player 1 freeze to 0
[21:58:27.954] [SEVERE ] removing player 1 token from slot 4
[21:58:27.955] [SEVERE ] player 1 placing token on slot 8
[21:58:27.963] [SEVERE ] setting player 3 freeze to 0
[21:58:27.964] [SEVERE ] setting player 3 freeze to 0
[21:58:27.964] [SEVERE ] setting player 3 freeze to 0
[21:58:27.965] [SEVERE ] setting player 3 freeze to 0
[21:58:27.965] [SEVERE ] removing player 3 token from slot 10
[21:58:27.966] [SEVERE ] player 3 placing token on slot 7
[21:58:27.974] [SEVERE ] setting player 4 freeze to 0
[21:58:27.974] [SEVERE ] setting player 4 freeze to 0
[21:58:27.975] [SEVERE ] setting player 4 freeze to 0
[21:58:27.975] [SEVERE ] setting player 4 freeze to 0
[21:58:27.976] [SEVERE ] removing player 4 token from slot 3
[21:58:27.976] [SEVERE ] player 4 placing token on slot 9
[21:58:27.985] [SEVERE ] updating countdown to 5000
[21:58:27.985] [SEVERE ] setting player 2 score to 1
[21:58:27.985] [SEVERE ] setting player 2 freeze to 0
[21:58:27.986] [SEVERE ] setting player 2 freeze to 0
[21:58:27.986] [SEVERE ] removing player 2 token from slot 10
[21:58:27.987] [SEVERE ] player 2 placing token on slot 4
