[17:41:56.971] [INFO   ] thread main starting.
[17:41:56.978] [SEVERE ] cannot read configuration file config.properties trying from resources.
[17:41:56.979] [SEVERE ] configuration file was loaded from resources directory.
[17:41:57.359] [INFO   ] thread dealer starting.
[17:41:57.360] [INFO   ] Thread dealer starting.
[17:41:57.467] [SEVERE ] placing card 30 in slot 0
[17:41:57.568] [SEVERE ] placing card 18 in slot 1
[17:41:57.668] [SEVERE ] placing card 16 in slot 2
[17:41:57.769] [SEVERE ] placing card 49 in slot 3
[17:41:57.870] [SEVERE ] placing card 74 in slot 4
[17:41:57.971] [SEVERE ] placing card 20 in slot 5
[17:41:58.072] [SEVERE ] placing card 1 in slot 6
[17:41:58.173] [SEVERE ] placing card 27 in slot 7
[17:41:58.274] [SEVERE ] placing card 77 in slot 8
[17:41:58.375] [SEVERE ] placing card 41 in slot 9
[17:41:58.476] [SEVERE ] placing card 75 in slot 10
[17:41:58.577] [SEVERE ] placing card 40 in slot 11
[17:41:58.580] [INFO   ] Thread Thread-1starting.
[17:41:58.580] [INFO   ] Thread Thread-2starting.
[17:41:58.580] [SEVERE ] updating countdown to 60000
[17:41:59.589] [SEVERE ] updating countdown to 58990
[17:42:00.388] [SEVERE ] key 65 was pressed by player 1
[17:42:00.589] [SEVERE ] updating countdown to 57990
[17:42:01.210] [SEVERE ] key 65 was pressed by player 1
[17:42:01.553] [SEVERE ] key 65 was pressed by player 1
[17:42:01.590] [SEVERE ] updating countdown to 56989
[17:42:01.769] [SEVERE ] key 65 was pressed by player 1
[17:42:01.953] [SEVERE ] key 83 was pressed by player 1
[17:42:02.161] [SEVERE ] key 83 was pressed by player 1
[17:42:02.361] [SEVERE ] key 87 was pressed by player 1
[17:42:02.369] [SEVERE ] key 83 was pressed by player 1
[17:42:02.371] [SEVERE ] key 75 was pressed by player 2
[17:42:02.372] [SEVERE ] player 2 placing token on slot 5
[17:42:02.553] [SEVERE ] key 87 was pressed by player 1
[17:42:02.591] [SEVERE ] updating countdown to 55989
[17:42:02.713] [SEVERE ] key 87 was pressed by player 1
[17:42:02.921] [SEVERE ] key 87 was pressed by player 1
[17:42:03.097] [SEVERE ] key 74 was pressed by player 2
[17:42:03.098] [SEVERE ] player 2 placing token on slot 4
[17:42:03.193] [SEVERE ] key 83 was pressed by player 1
[17:42:03.481] [SEVERE ] key 87 was pressed by player 1
[17:42:03.591] [SEVERE ] updating countdown to 54988
[17:42:03.673] [SEVERE ] key 87 was pressed by player 1
[17:42:03.849] [SEVERE ] key 87 was pressed by player 1
[17:42:04.009] [SEVERE ] key 81 was pressed by player 1
[17:42:04.193] [SEVERE ] key 81 was pressed by player 1
[17:42:04.289] [SEVERE ] key 85 was pressed by player 2
[17:42:04.290] [SEVERE ] player 2 placing token on slot 0
[17:42:04.592] [SEVERE ] updating countdown to 53987
[17:42:04.592] [SEVERE ] setting player 2 freeze to 3000
[17:42:05.593] [SEVERE ] setting player 2 freeze to 2000
[17:42:06.593] [SEVERE ] setting player 2 freeze to 1000
[17:42:07.594] [SEVERE ] setting player 2 freeze to 0
[17:42:07.594] [SEVERE ] updating countdown to 50985
[17:42:07.596] [SEVERE ] key 87 was pressed by player 1
[17:42:07.598] [SEVERE ] key 90 was pressed by player 1
[17:42:07.599] [SEVERE ] key 73 was pressed by player 2
[17:42:07.600] [SEVERE ] key 90 was pressed by player 1
[17:42:07.601] [SEVERE ] key 88 was pressed by player 1
[17:42:07.602] [SEVERE ] key 90 was pressed by player 1
[17:42:07.603] [SEVERE ] key 90 was pressed by player 1
[17:42:07.604] [SEVERE ] key 90 was pressed by player 1
[17:42:07.605] [SEVERE ] key 88 was pressed by player 1
[17:42:07.606] [SEVERE ] key 90 was pressed by player 1
[17:42:07.607] [SEVERE ] key 90 was pressed by player 1
[17:42:07.609] [SEVERE ] key 88 was pressed by player 1
[17:42:07.612] [SEVERE ] key 88 was pressed by player 1
[17:42:07.613] [SEVERE ] key 90 was pressed by player 1
[17:42:07.614] [SEVERE ] key 88 was pressed by player 1
[17:42:07.615] [SEVERE ] key 90 was pressed by player 1
[17:42:07.617] [SEVERE ] key 88 was pressed by player 1
[17:42:07.618] [SEVERE ] key 90 was pressed by player 1
[17:42:07.619] [SEVERE ] key 88 was pressed by player 1
[17:42:07.620] [SEVERE ] key 90 was pressed by player 1
[17:42:07.621] [SEVERE ] key 88 was pressed by player 1
[17:42:07.622] [SEVERE ] key 90 was pressed by player 1
[17:42:07.682] [SEVERE ] key 88 was pressed by player 1
[17:42:07.762] [SEVERE ] key 90 was pressed by player 1
[17:42:07.897] [SEVERE ] key 88 was pressed by player 1
[17:42:07.994] [SEVERE ] key 90 was pressed by player 1
[17:42:08.595] [SEVERE ] updating countdown to 49984
[17:42:09.217] [SEVERE ] key 75 was pressed by player 2
[17:42:09.595] [SEVERE ] updating countdown to 48984
[17:42:10.596] [SEVERE ] updating countdown to 47983
[17:42:11.596] [SEVERE ] updating countdown to 46983
[17:42:12.597] [SEVERE ] updating countdown to 45982
[17:42:12.802] [SEVERE ] key 74 was pressed by player 2
[17:42:12.953] [SEVERE ] key 74 was pressed by player 2
[17:42:13.497] [SEVERE ] key 74 was pressed by player 2
[17:42:13.597] [SEVERE ] updating countdown to 44982
[17:42:13.610] [SEVERE ] key 75 was pressed by player 2
[17:42:13.721] [SEVERE ] key 76 was pressed by player 2
[17:42:13.897] [SEVERE ] key 59 was pressed by player 2
[17:42:14.153] [SEVERE ] key 79 was pressed by player 2
[17:42:14.201] [SEVERE ] key 73 was pressed by player 2
[17:42:14.337] [SEVERE ] key 74 was pressed by player 2
[17:42:14.489] [SEVERE ] key 44 was pressed by player 2
[17:42:14.497] [SEVERE ] key 46 was pressed by player 2
[17:42:14.562] [SEVERE ] key 77 was pressed by player 2
[17:42:14.598] [SEVERE ] updating countdown to 43981
[17:42:14.777] [SEVERE ] key 46 was pressed by player 2
[17:42:14.786] [SEVERE ] key 44 was pressed by player 2
[17:42:14.881] [SEVERE ] key 77 was pressed by player 2
[17:42:15.057] [SEVERE ] key 76 was pressed by player 2
[17:42:15.105] [SEVERE ] key 75 was pressed by player 2
[17:42:15.170] [SEVERE ] key 73 was pressed by player 2
[17:42:15.249] [SEVERE ] key 74 was pressed by player 2
[17:42:15.401] [SEVERE ] key 73 was pressed by player 2
[17:42:15.409] [SEVERE ] key 79 was pressed by player 2
[17:42:15.513] [SEVERE ] key 85 was pressed by player 2
[17:42:15.569] [SEVERE ] key 74 was pressed by player 2
[17:42:15.602] [SEVERE ] updating countdown to 42977
[17:42:15.681] [SEVERE ] key 76 was pressed by player 2
[17:42:15.714] [SEVERE ] key 44 was pressed by player 2
[17:42:15.785] [SEVERE ] key 75 was pressed by player 2
[17:42:16.017] [SEVERE ] key 46 was pressed by player 2
[17:42:16.026] [SEVERE ] key 44 was pressed by player 2
[17:42:16.089] [SEVERE ] key 77 was pressed by player 2
[17:42:16.297] [SEVERE ] key 76 was pressed by player 2
[17:42:16.378] [SEVERE ] key 75 was pressed by player 2
[17:42:16.418] [SEVERE ] key 74 was pressed by player 2
[17:42:16.603] [SEVERE ] updating countdown to 41976
[17:42:16.641] [SEVERE ] key 76 was pressed by player 2
[17:42:16.689] [SEVERE ] key 75 was pressed by player 2
[17:42:16.714] [SEVERE ] key 74 was pressed by player 2
[17:42:16.961] [SEVERE ] key 73 was pressed by player 2
[17:42:16.977] [SEVERE ] key 85 was pressed by player 2
[17:42:17.002] [SEVERE ] key 75 was pressed by player 2
[17:42:17.241] [SEVERE ] key 76 was pressed by player 2
[17:42:17.305] [SEVERE ] key 75 was pressed by player 2
[17:42:17.385] [SEVERE ] key 74 was pressed by player 2
[17:42:17.604] [SEVERE ] updating countdown to 40975
[17:42:17.705] [SEVERE ] key 44 was pressed by player 2
[17:42:17.714] [SEVERE ] key 46 was pressed by player 2
[17:42:17.754] [SEVERE ] key 77 was pressed by player 2
[17:42:18.113] [SEVERE ] key 44 was pressed by player 2
[17:42:18.193] [SEVERE ] key 77 was pressed by player 2
[17:42:18.449] [SEVERE ] key 44 was pressed by player 2
[17:42:18.604] [SEVERE ] updating countdown to 39975
[17:42:18.626] [SEVERE ] key 77 was pressed by player 2
[17:42:18.881] [SEVERE ] key 46 was pressed by player 2
[17:42:18.985] [SEVERE ] key 44 was pressed by player 2
[17:42:19.042] [SEVERE ] key 77 was pressed by player 2
[17:42:19.313] [SEVERE ] key 75 was pressed by player 2
[17:42:19.417] [SEVERE ] key 74 was pressed by player 2
[17:42:19.604] [SEVERE ] updating countdown to 38975
[17:42:19.689] [SEVERE ] key 76 was pressed by player 2
[17:42:19.754] [SEVERE ] key 73 was pressed by player 2
[17:42:19.825] [SEVERE ] key 85 was pressed by player 2
[17:42:20.605] [SEVERE ] updating countdown to 37974
[17:42:21.605] [SEVERE ] updating countdown to 36974
[17:42:22.606] [SEVERE ] updating countdown to 35973
[17:42:23.606] [SEVERE ] updating countdown to 34973
