[13:42:24.553] [INFO   ] thread main starting.
[13:42:24.559] [SEVERE ] cannot read configuration file config.properties trying from resources.
[13:42:24.561] [SEVERE ] configuration file was loaded from resources directory.
[13:42:24.971] [INFO   ] thread dealer starting.
[13:42:24.972] [INFO   ] Thread dealer starting.
[13:42:25.078] [SEVERE ] placing card 21 in slot 0
[13:42:25.179] [SEVERE ] placing card 30 in slot 1
[13:42:25.280] [SEVERE ] placing card 22 in slot 2
[13:42:25.381] [SEVERE ] placing card 64 in slot 3
[13:42:25.482] [SEVERE ] placing card 14 in slot 4
[13:42:25.583] [SEVERE ] placing card 45 in slot 5
[13:42:25.684] [SEVERE ] placing card 52 in slot 6
[13:42:25.785] [SEVERE ] placing card 39 in slot 7
[13:42:25.886] [SEVERE ] placing card 58 in slot 8
[13:42:25.988] [SEVERE ] placing card 50 in slot 9
[13:42:26.089] [SEVERE ] placing card 15 in slot 10
[13:42:26.190] [SEVERE ] placing card 70 in slot 11
[13:42:26.191] [INFO   ] Thread Thread-2starting.
[13:42:26.191] [INFO   ] Thread Thread-4starting.
[13:42:26.192] [INFO   ] Thread computer-1 starting.
[13:42:26.191] [SEVERE ] updating countdown to 5000
[13:42:26.191] [INFO   ] Thread Thread-3starting.
[13:42:26.191] [INFO   ] Thread Thread-1starting.
[13:42:26.194] [INFO   ] Thread computer-2 starting.
[13:42:26.192] [SEVERE ] player 2 placing token on slot 6
[13:42:26.192] [INFO   ] Thread computer-3 starting.
[13:42:26.196] [SEVERE ] player 3 placing token on slot 6
[13:42:26.196] [INFO   ] Thread computer-0 starting.
[13:42:26.197] [SEVERE ] removing player 3 token from slot 6
[13:42:26.198] [SEVERE ] player 4 placing token on slot 0
[13:42:26.198] [SEVERE ] player 2 placing token on slot 7
[13:42:26.198] [SEVERE ] player 4 placing token on slot 5
[13:42:26.199] [SEVERE ] player 3 placing token on slot 4
[13:42:26.199] [SEVERE ] player 1 placing token on slot 5
[13:42:26.200] [SEVERE ] player 3 placing token on slot 11
[13:42:26.200] [SEVERE ] player 4 placing token on slot 4
[13:42:26.201] [SEVERE ] player 2 placing token on slot 8
[13:42:26.201] [SEVERE ] player 3 placing token on slot 8
[13:42:26.202] [SEVERE ] player 1 placing token on slot 4
[13:42:26.202] [SEVERE ] player 1 placing token on slot 8
[13:42:26.205] [SEVERE ] setting player 4 freeze to 0
[13:42:26.205] [SEVERE ] setting player 4 freeze to 0
[13:42:26.206] [SEVERE ] setting player 4 freeze to 0
[13:42:26.206] [SEVERE ] setting player 4 freeze to 0
[13:42:26.207] [SEVERE ] removing player 4 token from slot 5
[13:42:26.207] [SEVERE ] player 4 placing token on slot 7
[13:42:26.217] [SEVERE ] setting player 2 freeze to 0
[13:42:26.217] [SEVERE ] setting player 2 freeze to 0
[13:42:26.218] [SEVERE ] setting player 2 freeze to 0
[13:42:26.218] [SEVERE ] setting player 2 freeze to 0
[13:42:26.219] [SEVERE ] removing player 2 token from slot 7
[13:42:26.219] [SEVERE ] player 2 placing token on slot 11
[13:42:26.227] [SEVERE ] setting player 3 freeze to 0
[13:42:26.228] [SEVERE ] setting player 3 freeze to 0
[13:42:26.229] [SEVERE ] setting player 3 freeze to 0
[13:42:26.229] [SEVERE ] setting player 3 freeze to 0
[13:42:26.230] [SEVERE ] removing player 3 token from slot 11
[13:42:26.230] [SEVERE ] player 3 placing token on slot 7
[13:42:26.238] [SEVERE ] setting player 1 freeze to 0
[13:42:26.239] [SEVERE ] setting player 1 freeze to 0
[13:42:26.239] [SEVERE ] setting player 1 freeze to 0
[13:42:26.240] [SEVERE ] setting player 1 freeze to 0
[13:42:26.240] [SEVERE ] removing player 1 token from slot 5
[13:42:26.241] [SEVERE ] player 1 placing token on slot 11
[13:42:26.249] [SEVERE ] setting player 4 freeze to 0
[13:42:26.249] [SEVERE ] setting player 4 freeze to 0
[13:42:26.250] [SEVERE ] setting player 4 freeze to 0
[13:42:26.250] [SEVERE ] setting player 4 freeze to 0
[13:42:26.251] [SEVERE ] removing player 4 token from slot 4
[13:42:26.251] [SEVERE ] player 4 placing token on slot 2
[13:42:26.259] [SEVERE ] setting player 2 freeze to 0
[13:42:26.259] [SEVERE ] setting player 2 freeze to 0
[13:42:26.260] [SEVERE ] setting player 2 freeze to 0
[13:42:26.261] [SEVERE ] setting player 2 freeze to 0
[13:42:26.261] [SEVERE ] removing player 2 token from slot 11
[13:42:26.262] [SEVERE ] player 2 placing token on slot 9
[13:42:26.270] [SEVERE ] setting player 3 freeze to 0
[13:42:26.270] [SEVERE ] setting player 3 freeze to 0
[13:42:26.270] [SEVERE ] setting player 3 freeze to 0
[13:42:26.271] [SEVERE ] setting player 3 freeze to 0
[13:42:26.271] [SEVERE ] removing player 3 token from slot 4
[13:42:26.272] [SEVERE ] player 3 placing token on slot 5
[13:42:26.280] [SEVERE ] setting player 1 freeze to 0
[13:42:26.281] [SEVERE ] setting player 1 freeze to 0
[13:42:26.281] [SEVERE ] setting player 1 freeze to 0
[13:42:26.282] [SEVERE ] setting player 1 freeze to 0
[13:42:26.282] [SEVERE ] removing player 1 token from slot 11
[13:42:26.282] [SEVERE ] player 1 placing token on slot 2
[13:42:26.291] [SEVERE ] setting player 4 freeze to 0
[13:42:26.291] [SEVERE ] setting player 4 freeze to 0
[13:42:26.291] [SEVERE ] setting player 4 freeze to 0
[13:42:26.292] [SEVERE ] setting player 4 freeze to 0
[13:42:26.292] [SEVERE ] removing player 4 token from slot 0
[13:42:26.293] [SEVERE ] player 4 placing token on slot 5
[13:42:26.301] [SEVERE ] setting player 2 freeze to 0
[13:42:26.301] [SEVERE ] setting player 2 freeze to 0
[13:42:26.302] [SEVERE ] setting player 2 freeze to 0
[13:42:26.303] [SEVERE ] setting player 2 freeze to 0
[13:42:26.303] [SEVERE ] removing player 2 token from slot 9
[13:42:26.304] [SEVERE ] player 2 placing token on slot 0
[13:42:26.311] [SEVERE ] setting player 3 freeze to 0
[13:42:26.312] [SEVERE ] setting player 3 freeze to 0
[13:42:26.312] [SEVERE ] setting player 3 freeze to 0
[13:42:26.313] [SEVERE ] setting player 3 freeze to 0
[13:42:26.313] [SEVERE ] removing player 3 token from slot 8
[13:42:26.314] [SEVERE ] player 3 placing token on slot 11
[13:42:26.322] [SEVERE ] setting player 1 freeze to 0
[13:42:26.322] [SEVERE ] setting player 1 freeze to 0
[13:42:26.323] [SEVERE ] setting player 1 freeze to 0
[13:42:26.323] [SEVERE ] setting player 1 freeze to 0
[13:42:26.324] [SEVERE ] removing player 1 token from slot 2
[13:42:26.324] [SEVERE ] player 1 placing token on slot 5
[13:42:26.332] [SEVERE ] setting player 4 freeze to 0
[13:42:26.332] [SEVERE ] setting player 4 freeze to 0
[13:42:26.333] [SEVERE ] setting player 4 freeze to 0
[13:42:26.334] [SEVERE ] setting player 4 freeze to 0
[13:42:26.334] [SEVERE ] removing player 4 token from slot 7
[13:42:26.335] [SEVERE ] player 4 placing token on slot 3
[13:42:26.343] [SEVERE ] setting player 2 freeze to 0
[13:42:26.343] [SEVERE ] setting player 2 freeze to 0
[13:42:26.343] [SEVERE ] setting player 2 freeze to 0
[13:42:26.344] [SEVERE ] setting player 2 freeze to 0
[13:42:26.345] [SEVERE ] removing player 2 token from slot 0
[13:42:26.345] [SEVERE ] player 2 placing token on slot 2
[13:42:26.353] [SEVERE ] setting player 3 freeze to 0
[13:42:26.353] [SEVERE ] setting player 3 freeze to 0
[13:42:26.354] [SEVERE ] setting player 3 freeze to 0
[13:42:26.354] [SEVERE ] setting player 3 freeze to 0
[13:42:26.355] [SEVERE ] removing player 3 token from slot 5
[13:42:26.363] [SEVERE ] setting player 1 freeze to 0
[13:42:26.371] [SEVERE ] player 3 placing token on slot 5
[13:42:26.371] [SEVERE ] setting player 1 freeze to 0
[13:42:26.384] [SEVERE ] setting player 2 freeze to 0
[13:42:26.374] [SEVERE ] setting player 4 freeze to 0
[13:42:26.392] [SEVERE ] setting player 2 freeze to 0
[13:42:26.391] [SEVERE ] setting player 1 freeze to 0
[13:42:26.393] [SEVERE ] setting player 2 freeze to 0
[13:42:26.392] [SEVERE ] setting player 4 freeze to 0
[13:42:26.396] [SEVERE ] setting player 2 freeze to 0
[13:42:26.395] [SEVERE ] setting player 3 freeze to 0
[13:42:26.394] [SEVERE ] setting player 1 freeze to 0
[13:42:26.399] [SEVERE ] setting player 3 freeze to 0
[13:42:26.398] [SEVERE ] removing player 2 token from slot 6
[13:42:26.397] [SEVERE ] setting player 4 freeze to 0
[13:42:26.425] [SEVERE ] setting player 4 freeze to 0
[13:42:26.423] [SEVERE ] removing player 1 token from slot 5
[13:42:26.421] [SEVERE ] setting player 3 freeze to 0
[13:42:26.429] [SEVERE ] removing player 4 token from slot 5
[13:42:26.431] [SEVERE ] setting player 3 freeze to 0
[13:42:26.433] [SEVERE ] player 2 placing token on slot 4
[13:42:26.436] [SEVERE ] player 4 placing token on slot 8
[13:42:26.438] [SEVERE ] player 1 placing token on slot 6
[13:42:26.445] [SEVERE ] setting player 2 freeze to 0
[13:42:26.445] [SEVERE ] setting player 2 freeze to 0
[13:42:26.447] [SEVERE ] setting player 2 freeze to 0
[13:42:26.448] [SEVERE ] setting player 2 freeze to 0
[13:42:26.449] [SEVERE ] removing player 2 token from slot 8
[13:42:26.449] [SEVERE ] player 2 placing token on slot 6
[13:42:26.455] [SEVERE ] setting player 4 freeze to 0
[13:42:26.456] [SEVERE ] setting player 4 freeze to 0
[13:42:26.456] [SEVERE ] setting player 4 freeze to 0
[13:42:26.457] [SEVERE ] setting player 4 freeze to 0
[13:42:26.458] [SEVERE ] removing player 4 token from slot 8
[13:42:26.459] [SEVERE ] player 4 placing token on slot 11
[13:42:26.466] [SEVERE ] setting player 1 freeze to 0
[13:42:26.466] [SEVERE ] setting player 1 freeze to 0
[13:42:26.467] [SEVERE ] setting player 1 freeze to 0
[13:42:26.468] [SEVERE ] setting player 1 freeze to 0
[13:42:26.469] [SEVERE ] removing player 1 token from slot 6
[13:42:26.470] [SEVERE ] player 1 placing token on slot 7
[13:42:26.476] [SEVERE ] setting player 2 freeze to 0
[13:42:26.476] [SEVERE ] setting player 2 freeze to 0
[13:42:26.478] [SEVERE ] setting player 2 freeze to 0
[13:42:26.479] [SEVERE ] setting player 2 freeze to 0
[13:42:26.480] [SEVERE ] removing player 2 token from slot 6
[13:42:26.481] [SEVERE ] removing player 2 token from slot 4
[13:42:26.482] [SEVERE ] player 2 placing token on slot 0
[13:42:26.483] [SEVERE ] player 2 placing token on slot 5
[13:42:26.486] [SEVERE ] setting player 4 freeze to 0
[13:42:26.486] [SEVERE ] setting player 4 freeze to 0
[13:42:26.488] [SEVERE ] setting player 4 freeze to 0
[13:42:26.489] [SEVERE ] setting player 4 freeze to 0
[13:42:26.490] [SEVERE ] removing player 4 token from slot 2
[13:42:26.491] [SEVERE ] player 4 placing token on slot 2
[13:42:26.497] [SEVERE ] setting player 1 freeze to 0
[13:42:26.497] [SEVERE ] setting player 1 freeze to 0
[13:42:26.498] [SEVERE ] setting player 1 freeze to 0
[13:42:26.500] [SEVERE ] setting player 1 freeze to 0
[13:42:26.501] [SEVERE ] removing player 1 token from slot 8
[13:42:26.503] [SEVERE ] removing player 1 token from slot 7
[13:42:26.504] [SEVERE ] player 1 placing token on slot 0
[13:42:26.506] [SEVERE ] player 1 placing token on slot 3
[13:42:26.517] [SEVERE ] setting player 4 freeze to 0
[13:42:26.507] [SEVERE ] setting player 2 freeze to 0
[13:42:26.523] [SEVERE ] setting player 4 freeze to 0
[13:42:26.524] [SEVERE ] setting player 2 freeze to 0
[13:42:26.524] [SEVERE ] setting player 4 freeze to 0
[13:42:26.525] [SEVERE ] setting player 2 freeze to 0
[13:42:26.526] [SEVERE ] setting player 4 freeze to 0
[13:42:26.527] [SEVERE ] setting player 2 freeze to 0
[13:42:26.527] [SEVERE ] setting player 1 freeze to 0
[13:42:26.527] [SEVERE ] removing player 4 token from slot 11
[13:42:26.529] [SEVERE ] setting player 1 freeze to 0
[13:42:26.529] [SEVERE ] removing player 2 token from slot 0
[13:42:26.530] [SEVERE ] setting player 1 freeze to 0
[13:42:26.531] [SEVERE ] player 4 placing token on slot 7
[13:42:26.532] [SEVERE ] setting player 1 freeze to 0
[13:42:26.532] [SEVERE ] removing player 2 token from slot 5
[13:42:26.534] [SEVERE ] removing player 1 token from slot 0
[13:42:26.535] [SEVERE ] player 2 placing token on slot 4
[13:42:26.535] [SEVERE ] player 1 placing token on slot 2
[13:42:26.536] [SEVERE ] player 2 placing token on slot 6
[13:42:26.538] [SEVERE ] setting player 4 freeze to 0
[13:42:26.538] [SEVERE ] setting player 4 freeze to 0
[13:42:26.538] [SEVERE ] setting player 4 freeze to 0
[13:42:26.539] [SEVERE ] setting player 4 freeze to 0
[13:42:26.540] [SEVERE ] removing player 4 token from slot 3
[13:42:26.540] [SEVERE ] player 4 placing token on slot 1
[13:42:26.548] [SEVERE ] setting player 1 freeze to 0
[13:42:26.548] [SEVERE ] setting player 1 freeze to 0
[13:42:26.549] [SEVERE ] setting player 1 freeze to 0
[13:42:26.549] [SEVERE ] setting player 1 freeze to 0
[13:42:26.550] [SEVERE ] removing player 1 token from slot 4
[13:42:26.550] [SEVERE ] player 1 placing token on slot 4
[13:42:26.558] [SEVERE ] setting player 2 freeze to 0
[13:42:26.558] [SEVERE ] setting player 2 freeze to 0
[13:42:26.559] [SEVERE ] setting player 2 freeze to 0
[13:42:26.559] [SEVERE ] setting player 2 freeze to 0
[13:42:26.560] [SEVERE ] removing player 2 token from slot 4
[13:42:26.560] [SEVERE ] removing player 2 token from slot 6
[13:42:26.561] [SEVERE ] player 2 placing token on slot 5
[13:42:26.561] [SEVERE ] removing player 2 token from slot 2
[13:42:26.561] [SEVERE ] player 2 placing token on slot 4
[13:42:26.562] [SEVERE ] player 2 placing token on slot 9
[13:42:26.568] [SEVERE ] setting player 4 freeze to 0
[13:42:26.569] [SEVERE ] setting player 4 freeze to 0
[13:42:26.569] [SEVERE ] setting player 4 freeze to 0
[13:42:26.570] [SEVERE ] setting player 4 freeze to 0
[13:42:26.570] [SEVERE ] removing player 4 token from slot 7
[13:42:26.571] [SEVERE ] player 4 placing token on slot 3
[13:42:26.579] [SEVERE ] setting player 1 freeze to 0
[13:42:26.579] [SEVERE ] setting player 1 freeze to 0
[13:42:26.579] [SEVERE ] setting player 1 freeze to 0
[13:42:26.580] [SEVERE ] setting player 1 freeze to 0
[13:42:26.581] [SEVERE ] removing player 1 token from slot 4
[13:42:26.582] [SEVERE ] player 1 placing token on slot 4
[13:42:26.589] [SEVERE ] setting player 2 freeze to 0
[13:42:26.589] [SEVERE ] setting player 2 freeze to 0
[13:42:26.590] [SEVERE ] setting player 2 freeze to 0
[13:42:26.591] [SEVERE ] setting player 2 freeze to 0
[13:42:26.592] [SEVERE ] removing player 2 token from slot 4
[13:42:26.594] [SEVERE ] player 2 placing token on slot 3
[13:42:26.599] [SEVERE ] setting player 4 freeze to 0
[13:42:26.599] [SEVERE ] setting player 4 freeze to 0
[13:42:26.600] [SEVERE ] setting player 4 freeze to 0
[13:42:26.601] [SEVERE ] setting player 4 freeze to 0
[13:42:26.602] [SEVERE ] removing player 4 token from slot 2
[13:42:26.603] [SEVERE ] player 4 placing token on slot 4
[13:42:26.609] [SEVERE ] setting player 1 freeze to 0
[13:42:26.609] [SEVERE ] setting player 1 freeze to 0
[13:42:26.610] [SEVERE ] setting player 1 freeze to 0
[13:42:26.611] [SEVERE ] setting player 1 freeze to 0
[13:42:26.613] [SEVERE ] removing player 1 token from slot 2
[13:42:26.613] [SEVERE ] player 1 placing token on slot 5
[13:42:26.620] [SEVERE ] setting player 2 freeze to 0
[13:42:26.620] [SEVERE ] setting player 2 freeze to 0
[13:42:26.620] [SEVERE ] setting player 2 freeze to 0
[13:42:26.621] [SEVERE ] setting player 2 freeze to 0
[13:42:26.621] [SEVERE ] removing player 2 token from slot 5
[13:42:26.622] [SEVERE ] player 2 placing token on slot 2
[13:42:26.630] [SEVERE ] setting player 4 freeze to 0
[13:42:26.630] [SEVERE ] setting player 4 freeze to 0
[13:42:26.630] [SEVERE ] setting player 4 freeze to 0
[13:42:26.631] [SEVERE ] setting player 4 freeze to 0
[13:42:26.631] [SEVERE ] removing player 4 token from slot 4
[13:42:26.632] [SEVERE ] player 4 placing token on slot 2
[13:42:26.640] [SEVERE ] setting player 1 freeze to 0
[13:42:26.640] [SEVERE ] setting player 1 freeze to 0
[13:42:26.641] [SEVERE ] setting player 1 freeze to 0
[13:42:26.641] [SEVERE ] setting player 1 freeze to 0
[13:42:26.642] [SEVERE ] removing player 1 token from slot 3
[13:42:26.642] [SEVERE ] player 1 placing token on slot 2
[13:42:26.650] [SEVERE ] setting player 2 freeze to 0
[13:42:26.650] [SEVERE ] setting player 2 freeze to 0
[13:42:26.651] [SEVERE ] setting player 2 freeze to 0
[13:42:26.651] [SEVERE ] setting player 2 freeze to 0
[13:42:26.652] [SEVERE ] removing player 2 token from slot 9
[13:42:26.653] [SEVERE ] player 2 placing token on slot 4
[13:42:26.661] [SEVERE ] setting player 4 freeze to 0
[13:42:26.661] [SEVERE ] setting player 4 freeze to 0
[13:42:26.661] [SEVERE ] setting player 4 freeze to 0
[13:42:26.662] [SEVERE ] setting player 4 freeze to 0
[13:42:26.662] [SEVERE ] removing player 4 token from slot 2
[13:42:26.663] [SEVERE ] player 4 placing token on slot 9
[13:42:26.681] [SEVERE ] setting player 2 freeze to 0
[13:42:26.671] [SEVERE ] setting player 1 freeze to 0
[13:42:26.871] [SEVERE ] setting player 2 freeze to 0
[13:42:26.871] [SEVERE ] setting player 1 freeze to 0
[13:42:26.872] [SEVERE ] setting player 2 freeze to 0
[13:42:26.872] [SEVERE ] setting player 1 freeze to 0
[13:42:26.872] [SEVERE ] setting player 2 freeze to 0
[13:42:26.873] [SEVERE ] setting player 1 freeze to 0
[13:42:26.874] [SEVERE ] removing player 1 token from slot 5
[13:42:26.874] [SEVERE ] player 1 placing token on slot 11
[13:42:26.883] [SEVERE ] setting player 4 freeze to 0
[13:42:26.884] [SEVERE ] setting player 4 freeze to 0
[13:42:26.884] [SEVERE ] setting player 4 freeze to 0
[13:42:26.884] [SEVERE ] setting player 4 freeze to 0
[13:42:26.885] [SEVERE ] removing player 4 token from slot 9
[13:42:26.885] [SEVERE ] player 4 placing token on slot 11
[13:42:26.894] [SEVERE ] setting player 1 freeze to 0
[13:42:26.894] [SEVERE ] setting player 1 freeze to 0
[13:42:26.895] [SEVERE ] setting player 1 freeze to 0
[13:42:26.895] [SEVERE ] setting player 1 freeze to 0
[13:42:26.896] [SEVERE ] removing player 1 token from slot 2
[13:42:26.896] [SEVERE ] player 1 placing token on slot 9
[13:42:26.904] [SEVERE ] setting player 4 freeze to 0
[13:42:26.905] [SEVERE ] setting player 4 freeze to 0
[13:42:26.905] [SEVERE ] setting player 4 freeze to 0
[13:42:26.906] [SEVERE ] setting player 4 freeze to 0
[13:42:26.906] [SEVERE ] removing player 4 token from slot 1
[13:42:26.907] [SEVERE ] player 4 placing token on slot 6
[13:42:26.915] [SEVERE ] setting player 1 freeze to 0
[13:42:26.915] [SEVERE ] setting player 1 freeze to 0
[13:42:26.916] [SEVERE ] setting player 1 freeze to 0
[13:42:26.916] [SEVERE ] setting player 1 freeze to 0
[13:42:26.917] [SEVERE ] removing player 1 token from slot 11
[13:42:26.917] [SEVERE ] player 1 placing token on slot 7
[13:42:26.925] [SEVERE ] setting player 4 freeze to 0
[13:42:26.925] [SEVERE ] setting player 4 freeze to 0
[13:42:26.926] [SEVERE ] setting player 4 freeze to 0
[13:42:26.926] [SEVERE ] setting player 4 freeze to 0
[13:42:26.927] [SEVERE ] removing player 4 token from slot 11
[13:42:26.928] [SEVERE ] player 4 placing token on slot 8
[13:42:26.936] [SEVERE ] setting player 1 freeze to 0
[13:42:26.936] [SEVERE ] setting player 1 freeze to 0
[13:42:26.936] [SEVERE ] setting player 1 freeze to 0
[13:42:26.937] [SEVERE ] setting player 1 freeze to 0
[13:42:26.937] [SEVERE ] removing player 1 token from slot 9
[13:42:26.938] [SEVERE ] player 1 placing token on slot 11
[13:42:26.946] [SEVERE ] setting player 4 freeze to 0
[13:42:26.946] [SEVERE ] setting player 4 freeze to 0
[13:42:26.947] [SEVERE ] setting player 4 freeze to 0
[13:42:26.948] [SEVERE ] setting player 4 freeze to 0
[13:42:26.948] [SEVERE ] removing player 4 token from slot 3
[13:42:26.949] [SEVERE ] player 4 placing token on slot 3
[13:42:26.957] [SEVERE ] setting player 1 freeze to 0
[13:42:26.957] [SEVERE ] setting player 1 freeze to 0
[13:42:26.957] [SEVERE ] setting player 1 freeze to 0
[13:42:26.958] [SEVERE ] setting player 1 freeze to 0
[13:42:26.958] [SEVERE ] removing player 1 token from slot 7
[13:42:26.959] [SEVERE ] player 1 placing token on slot 7
[13:42:26.967] [SEVERE ] setting player 4 freeze to 0
[13:42:26.974] [SEVERE ] setting player 4 freeze to 0
[13:42:26.975] [SEVERE ] setting player 4 freeze to 0
[13:42:26.976] [SEVERE ] setting player 4 freeze to 0
[13:42:26.976] [SEVERE ] removing player 4 token from slot 3
[13:42:26.977] [SEVERE ] player 4 placing token on slot 7
[13:42:26.977] [SEVERE ] setting player 1 freeze to 0
[13:42:26.978] [SEVERE ] setting player 1 freeze to 0
[13:42:26.979] [SEVERE ] setting player 1 freeze to 0
[13:42:26.980] [SEVERE ] setting player 1 freeze to 0
[13:42:26.980] [SEVERE ] removing player 1 token from slot 7
[13:42:26.981] [SEVERE ] player 1 placing token on slot 0
[13:42:26.987] [SEVERE ] setting player 4 freeze to 0
[13:42:26.988] [SEVERE ] setting player 4 freeze to 0
[13:42:26.988] [SEVERE ] setting player 4 freeze to 0
[13:42:26.989] [SEVERE ] setting player 4 freeze to 0
[13:42:26.990] [SEVERE ] removing player 4 token from slot 6
[13:42:26.990] [SEVERE ] player 4 placing token on slot 10
[13:42:26.998] [SEVERE ] setting player 1 freeze to 0
[13:42:26.998] [SEVERE ] setting player 1 freeze to 0
[13:42:26.998] [SEVERE ] setting player 1 freeze to 0
[13:42:26.999] [SEVERE ] setting player 1 freeze to 0
[13:42:26.999] [SEVERE ] removing player 1 token from slot 4
[13:42:27.000] [SEVERE ] player 1 placing token on slot 7
[13:42:27.008] [SEVERE ] setting player 4 freeze to 0
[13:42:27.008] [SEVERE ] setting player 4 freeze to 0
[13:42:27.009] [SEVERE ] setting player 4 freeze to 0
[13:42:27.009] [SEVERE ] setting player 4 freeze to 0
[13:42:27.009] [SEVERE ] removing player 4 token from slot 8
[13:42:27.010] [SEVERE ] removing player 4 token from slot 10
[13:42:27.011] [SEVERE ] player 4 placing token on slot 2
[13:42:27.012] [SEVERE ] player 4 placing token on slot 3
[13:42:27.018] [SEVERE ] setting player 1 freeze to 0
[13:42:27.019] [SEVERE ] setting player 1 freeze to 0
[13:42:27.019] [SEVERE ] setting player 1 freeze to 0
[13:42:27.020] [SEVERE ] setting player 1 freeze to 0
[13:42:27.020] [SEVERE ] removing player 1 token from slot 11
[13:42:27.021] [SEVERE ] player 1 placing token on slot 11
[13:42:27.029] [SEVERE ] setting player 4 freeze to 0
[13:42:27.029] [SEVERE ] setting player 4 freeze to 0
[13:42:27.030] [SEVERE ] setting player 4 freeze to 0
[13:42:27.030] [SEVERE ] setting player 4 freeze to 0
[13:42:27.031] [SEVERE ] removing player 4 token from slot 7
[13:42:27.031] [SEVERE ] player 4 placing token on slot 5
[13:42:27.039] [SEVERE ] setting player 1 freeze to 0
[13:42:27.040] [SEVERE ] setting player 1 freeze to 0
[13:42:27.040] [SEVERE ] setting player 1 freeze to 0
[13:42:27.040] [SEVERE ] setting player 1 freeze to 0
[13:42:27.041] [SEVERE ] removing player 1 token from slot 0
[13:42:27.041] [SEVERE ] player 1 placing token on slot 5
[13:42:27.050] [SEVERE ] setting player 4 freeze to 0
[13:42:27.050] [SEVERE ] setting player 4 freeze to 0
[13:42:27.051] [SEVERE ] setting player 4 freeze to 0
[13:42:27.051] [SEVERE ] setting player 4 freeze to 0
[13:42:27.052] [SEVERE ] removing player 4 token from slot 3
[13:42:27.052] [SEVERE ] player 4 placing token on slot 1
[13:42:27.060] [SEVERE ] setting player 1 freeze to 0
[13:42:27.064] [SEVERE ] setting player 1 freeze to 0
[13:42:27.064] [SEVERE ] setting player 1 freeze to 0
[13:42:27.065] [SEVERE ] setting player 1 freeze to 0
[13:42:27.065] [SEVERE ] removing player 1 token from slot 7
[13:42:27.066] [SEVERE ] player 1 placing token on slot 0
[13:42:27.070] [SEVERE ] setting player 4 freeze to 0
[13:42:27.071] [SEVERE ] setting player 4 freeze to 0
[13:42:27.071] [SEVERE ] setting player 4 freeze to 0
[13:42:27.071] [SEVERE ] setting player 4 freeze to 0
[13:42:27.072] [SEVERE ] removing player 4 token from slot 2
[13:42:27.072] [SEVERE ] player 4 placing token on slot 11
[13:42:27.081] [SEVERE ] setting player 1 freeze to 0
[13:42:27.081] [SEVERE ] setting player 1 freeze to 0
[13:42:27.082] [SEVERE ] setting player 1 freeze to 0
[13:42:27.082] [SEVERE ] setting player 1 freeze to 0
[13:42:27.083] [SEVERE ] removing player 1 token from slot 5
[13:42:27.083] [SEVERE ] player 1 placing token on slot 8
[13:42:27.091] [SEVERE ] setting player 4 freeze to 0
[13:42:27.091] [SEVERE ] setting player 4 freeze to 0
[13:42:27.092] [SEVERE ] setting player 4 freeze to 0
[13:42:27.092] [SEVERE ] setting player 4 freeze to 0
[13:42:27.093] [SEVERE ] removing player 4 token from slot 5
[13:42:27.093] [SEVERE ] player 4 placing token on slot 7
[13:42:27.102] [SEVERE ] setting player 1 freeze to 0
[13:42:27.102] [SEVERE ] setting player 1 freeze to 0
[13:42:27.102] [SEVERE ] setting player 1 freeze to 0
[13:42:27.103] [SEVERE ] setting player 1 freeze to 0
[13:42:27.103] [SEVERE ] removing player 1 token from slot 11
[13:42:27.104] [SEVERE ] player 1 placing token on slot 1
[13:42:27.112] [SEVERE ] setting player 4 freeze to 0
[13:42:27.112] [SEVERE ] setting player 4 freeze to 0
[13:42:27.113] [SEVERE ] setting player 4 freeze to 0
[13:42:27.113] [SEVERE ] setting player 4 freeze to 0
[13:42:27.113] [SEVERE ] removing player 4 token from slot 11
[13:42:27.114] [SEVERE ] player 4 placing token on slot 10
[13:42:27.122] [SEVERE ] setting player 1 freeze to 0
[13:42:27.122] [SEVERE ] setting player 1 freeze to 0
[13:42:27.123] [SEVERE ] setting player 1 freeze to 0
[13:42:27.123] [SEVERE ] setting player 1 freeze to 0
[13:42:27.124] [SEVERE ] removing player 1 token from slot 1
[13:42:27.124] [SEVERE ] player 1 placing token on slot 7
[13:42:27.132] [SEVERE ] setting player 4 freeze to 0
[13:42:27.133] [SEVERE ] setting player 4 freeze to 0
[13:42:27.133] [SEVERE ] setting player 4 freeze to 0
[13:42:27.134] [SEVERE ] setting player 4 freeze to 0
[13:42:27.134] [SEVERE ] removing player 4 token from slot 7
[13:42:27.135] [SEVERE ] player 4 placing token on slot 11
[13:42:27.143] [SEVERE ] setting player 1 freeze to 0
[13:42:27.143] [SEVERE ] setting player 1 freeze to 0
[13:42:27.143] [SEVERE ] setting player 1 freeze to 0
[13:42:27.144] [SEVERE ] setting player 1 freeze to 0
[13:42:27.144] [SEVERE ] removing player 1 token from slot 7
[13:42:27.145] [SEVERE ] player 1 placing token on slot 5
[13:42:27.153] [SEVERE ] setting player 4 freeze to 0
[13:42:27.153] [SEVERE ] setting player 4 freeze to 0
[13:42:27.154] [SEVERE ] setting player 4 freeze to 0
[13:42:27.154] [SEVERE ] setting player 4 freeze to 0
[13:42:27.155] [SEVERE ] removing player 4 token from slot 11
[13:42:27.155] [SEVERE ] removing player 4 token from slot 1
[13:42:27.156] [SEVERE ] player 4 placing token on slot 6
[13:42:27.156] [SEVERE ] player 4 placing token on slot 4
[13:42:27.163] [SEVERE ] setting player 1 freeze to 0
[13:42:27.164] [SEVERE ] setting player 1 freeze to 0
[13:42:27.164] [SEVERE ] setting player 1 freeze to 0
[13:42:27.165] [SEVERE ] setting player 1 freeze to 0
[13:42:27.165] [SEVERE ] removing player 1 token from slot 0
[13:42:27.166] [SEVERE ] player 1 placing token on slot 3
[13:42:27.174] [SEVERE ] setting player 4 freeze to 0
[13:42:27.174] [SEVERE ] setting player 4 freeze to 0
[13:42:27.174] [SEVERE ] setting player 4 freeze to 0
[13:42:27.175] [SEVERE ] setting player 4 freeze to 0
[13:42:27.175] [SEVERE ] removing player 4 token from slot 10
[13:42:27.176] [SEVERE ] removing player 4 token from slot 4
[13:42:27.176] [SEVERE ] player 4 placing token on slot 5
[13:42:27.178] [SEVERE ] player 4 placing token on slot 11
[13:42:27.184] [SEVERE ] setting player 1 freeze to 0
[13:42:27.184] [SEVERE ] setting player 1 freeze to 0
[13:42:27.185] [SEVERE ] setting player 1 freeze to 0
[13:42:27.185] [SEVERE ] setting player 1 freeze to 0
[13:42:27.186] [SEVERE ] removing player 1 token from slot 3
[13:42:27.186] [SEVERE ] player 1 placing token on slot 2
[13:42:27.194] [SEVERE ] setting player 4 freeze to 0
[13:42:27.195] [SEVERE ] setting player 4 freeze to 0
[13:42:27.195] [SEVERE ] setting player 4 freeze to 0
[13:42:27.195] [SEVERE ] setting player 4 freeze to 0
[13:42:27.196] [SEVERE ] removing player 4 token from slot 11
[13:42:27.196] [SEVERE ] removing player 4 token from slot 6
[13:42:27.197] [SEVERE ] player 4 placing token on slot 7
[13:42:27.197] [SEVERE ] player 4 placing token on slot 9
[13:42:27.205] [SEVERE ] setting player 1 freeze to 0
[13:42:27.205] [SEVERE ] setting player 1 freeze to 0
[13:42:27.205] [SEVERE ] setting player 1 freeze to 0
[13:42:27.206] [SEVERE ] setting player 1 freeze to 0
[13:42:27.206] [SEVERE ] removing player 1 token from slot 2
[13:42:27.207] [SEVERE ] player 1 placing token on slot 1
[13:42:27.215] [SEVERE ] setting player 4 freeze to 0
[13:42:27.215] [SEVERE ] setting player 4 freeze to 0
[13:42:27.215] [SEVERE ] setting player 4 freeze to 0
[13:42:27.216] [SEVERE ] setting player 4 freeze to 0
[13:42:27.216] [SEVERE ] removing player 4 token from slot 5
[13:42:27.225] [SEVERE ] setting player 1 freeze to 0
[13:42:27.422] [SEVERE ] player 4 placing token on slot 11
[13:42:27.423] [SEVERE ] setting player 1 freeze to 0
[13:42:27.424] [SEVERE ] setting player 1 freeze to 0
[13:42:27.424] [SEVERE ] setting player 1 freeze to 0
[13:42:27.435] [SEVERE ] setting player 4 freeze to 0
[13:42:27.436] [SEVERE ] setting player 4 freeze to 0
[13:42:27.436] [SEVERE ] setting player 4 freeze to 0
[13:42:27.437] [SEVERE ] setting player 4 freeze to 0
[13:42:27.437] [SEVERE ] removing player 4 token from slot 9
[13:42:27.438] [SEVERE ] player 4 placing token on slot 10
[13:42:27.446] [SEVERE ] setting player 4 freeze to 0
[13:42:27.446] [SEVERE ] setting player 4 freeze to 0
[13:42:27.446] [SEVERE ] setting player 4 freeze to 0
[13:42:27.446] [SEVERE ] setting player 4 freeze to 0
[13:42:27.447] [SEVERE ] removing player 4 token from slot 7
[13:42:27.447] [SEVERE ] player 4 placing token on slot 1
[13:42:27.456] [SEVERE ] setting player 4 freeze to 0
[13:42:27.456] [SEVERE ] setting player 4 freeze to 0
[13:42:27.457] [SEVERE ] setting player 4 freeze to 0
[13:42:27.457] [SEVERE ] setting player 4 freeze to 0
[13:42:27.458] [SEVERE ] removing player 4 token from slot 10
[13:42:27.458] [SEVERE ] player 4 placing token on slot 7
[13:42:27.466] [SEVERE ] setting player 4 freeze to 0
[13:42:27.466] [SEVERE ] setting player 4 freeze to 0
[13:42:27.467] [SEVERE ] setting player 4 freeze to 0
[13:42:27.467] [SEVERE ] setting player 4 freeze to 0
[13:42:27.468] [SEVERE ] removing player 4 token from slot 11
[13:42:27.468] [SEVERE ] player 4 placing token on slot 5
[13:42:27.477] [SEVERE ] setting player 4 freeze to 0
[13:42:27.477] [SEVERE ] setting player 4 freeze to 0
[13:42:27.477] [SEVERE ] setting player 4 freeze to 0
[13:42:27.477] [SEVERE ] setting player 4 freeze to 0
[13:42:27.478] [SEVERE ] removing player 4 token from slot 1
[13:42:27.478] [SEVERE ] player 4 placing token on slot 11
[13:42:27.487] [SEVERE ] setting player 4 freeze to 0
[13:42:27.487] [SEVERE ] setting player 4 freeze to 0
[13:42:27.488] [SEVERE ] setting player 4 freeze to 0
[13:42:27.488] [SEVERE ] setting player 4 freeze to 0
[13:42:27.488] [SEVERE ] removing player 4 token from slot 7
[13:42:27.489] [SEVERE ] player 4 placing token on slot 2
[13:42:27.497] [SEVERE ] setting player 4 freeze to 0
[13:42:27.497] [SEVERE ] setting player 4 freeze to 0
[13:42:27.497] [SEVERE ] setting player 4 freeze to 0
[13:42:27.498] [SEVERE ] setting player 4 freeze to 0
[13:42:27.498] [SEVERE ] removing player 4 token from slot 11
[13:42:27.499] [SEVERE ] player 4 placing token on slot 10
[13:42:27.508] [SEVERE ] setting player 4 freeze to 0
[13:42:27.508] [SEVERE ] setting player 4 freeze to 0
[13:42:27.508] [SEVERE ] setting player 4 freeze to 0
[13:42:27.508] [SEVERE ] setting player 4 freeze to 0
[13:42:27.509] [SEVERE ] removing player 4 token from slot 10
[13:42:27.509] [SEVERE ] removing player 4 token from slot 5
[13:42:27.510] [SEVERE ] player 4 placing token on slot 8
[13:42:27.510] [SEVERE ] removing player 4 token from slot 2
[13:42:27.510] [SEVERE ] player 4 placing token on slot 5
[13:42:27.511] [SEVERE ] player 4 placing token on slot 7
[13:42:27.518] [SEVERE ] setting player 4 freeze to 0
[13:42:27.518] [SEVERE ] setting player 4 freeze to 0
[13:42:27.518] [SEVERE ] setting player 4 freeze to 0
[13:42:27.519] [SEVERE ] setting player 4 freeze to 0
[13:42:27.519] [SEVERE ] removing player 4 token from slot 5
[13:42:27.520] [SEVERE ] player 4 placing token on slot 3
[13:42:27.528] [SEVERE ] setting player 4 freeze to 0
[13:42:27.528] [SEVERE ] setting player 4 freeze to 0
[13:42:27.529] [SEVERE ] setting player 4 freeze to 0
[13:42:27.529] [SEVERE ] setting player 4 freeze to 0
[13:42:27.530] [SEVERE ] removing player 4 token from slot 8
[13:42:27.530] [SEVERE ] player 4 placing token on slot 6
[13:42:27.539] [SEVERE ] setting player 4 freeze to 0
[13:42:27.539] [SEVERE ] setting player 4 freeze to 0
[13:42:27.539] [SEVERE ] setting player 4 freeze to 0
[13:42:27.540] [SEVERE ] setting player 4 freeze to 0
[13:42:27.540] [SEVERE ] removing player 4 token from slot 6
[13:42:27.541] [SEVERE ] player 4 placing token on slot 9
[13:42:27.549] [SEVERE ] setting player 4 freeze to 0
[13:42:27.549] [SEVERE ] setting player 4 freeze to 0
[13:42:27.550] [SEVERE ] setting player 4 freeze to 0
[13:42:27.550] [SEVERE ] setting player 4 freeze to 0
[13:42:27.551] [SEVERE ] removing player 4 token from slot 3
[13:42:27.551] [SEVERE ] player 4 placing token on slot 4
[13:42:27.559] [SEVERE ] setting player 4 freeze to 0
[13:42:27.559] [SEVERE ] setting player 4 freeze to 0
[13:42:27.560] [SEVERE ] setting player 4 freeze to 0
[13:42:27.560] [SEVERE ] setting player 4 freeze to 0
[13:42:27.561] [SEVERE ] removing player 4 token from slot 9
[13:42:27.561] [SEVERE ] player 4 placing token on slot 8
[13:42:27.569] [SEVERE ] setting player 4 freeze to 0
[13:42:27.570] [SEVERE ] setting player 4 freeze to 0
[13:42:27.570] [SEVERE ] setting player 4 freeze to 0
[13:42:27.570] [SEVERE ] setting player 4 freeze to 0
[13:42:27.571] [SEVERE ] removing player 4 token from slot 7
[13:42:27.571] [SEVERE ] player 4 placing token on slot 9
[13:42:27.580] [SEVERE ] setting player 4 freeze to 0
[13:42:27.580] [SEVERE ] setting player 4 freeze to 0
[13:42:27.580] [SEVERE ] setting player 4 freeze to 0
[13:42:27.581] [SEVERE ] setting player 4 freeze to 0
[13:42:27.581] [SEVERE ] removing player 4 token from slot 8
[13:42:27.582] [SEVERE ] player 4 placing token on slot 1
[13:42:27.590] [SEVERE ] setting player 4 freeze to 0
[13:42:27.590] [SEVERE ] setting player 4 freeze to 0
[13:42:27.590] [SEVERE ] setting player 4 freeze to 0
[13:42:27.591] [SEVERE ] setting player 4 freeze to 0
[13:42:27.591] [SEVERE ] removing player 4 token from slot 4
[13:42:27.591] [SEVERE ] player 4 placing token on slot 0
[13:42:27.600] [SEVERE ] setting player 4 freeze to 0
[13:42:27.600] [SEVERE ] setting player 4 freeze to 0
[13:42:27.601] [SEVERE ] setting player 4 freeze to 0
[13:42:27.601] [SEVERE ] setting player 4 freeze to 0
[13:42:27.602] [SEVERE ] removing player 4 token from slot 1
[13:42:27.602] [SEVERE ] player 4 placing token on slot 6
[13:42:27.610] [SEVERE ] setting player 4 freeze to 0
[13:42:27.611] [SEVERE ] setting player 4 freeze to 0
[13:42:27.612] [SEVERE ] setting player 4 freeze to 0
[13:42:27.612] [SEVERE ] setting player 4 freeze to 0
[13:42:27.612] [SEVERE ] removing player 4 token from slot 6
[13:42:27.613] [SEVERE ] player 4 placing token on slot 8
[13:42:27.621] [SEVERE ] setting player 4 freeze to 0
[13:42:27.621] [SEVERE ] setting player 4 freeze to 0
[13:42:27.621] [SEVERE ] setting player 4 freeze to 0
[13:42:27.621] [SEVERE ] setting player 4 freeze to 0
[13:42:27.622] [SEVERE ] removing player 4 token from slot 9
[13:42:27.622] [SEVERE ] player 4 placing token on slot 2
[13:42:27.631] [SEVERE ] setting player 4 freeze to 0
[13:42:27.631] [SEVERE ] setting player 4 freeze to 0
[13:42:27.632] [SEVERE ] setting player 4 freeze to 0
[13:42:27.632] [SEVERE ] setting player 4 freeze to 0
[13:42:27.633] [SEVERE ] removing player 4 token from slot 2
[13:42:27.633] [SEVERE ] player 4 placing token on slot 10
[13:42:27.641] [SEVERE ] setting player 4 freeze to 0
[13:42:27.641] [SEVERE ] setting player 4 freeze to 0
[13:42:27.642] [SEVERE ] setting player 4 freeze to 0
[13:42:27.642] [SEVERE ] setting player 4 freeze to 0
[13:42:27.643] [SEVERE ] removing player 4 token from slot 10
[13:42:27.644] [SEVERE ] removing player 4 token from slot 8
[13:42:27.644] [SEVERE ] player 4 placing token on slot 8
[13:42:27.645] [SEVERE ] removing player 4 token from slot 0
[13:42:27.646] [SEVERE ] player 4 placing token on slot 10
[13:42:27.647] [SEVERE ] player 4 placing token on slot 0
[13:42:27.652] [SEVERE ] setting player 4 freeze to 0
[13:42:27.652] [SEVERE ] setting player 4 freeze to 0
[13:42:27.652] [SEVERE ] setting player 4 freeze to 0
[13:42:27.653] [SEVERE ] setting player 4 freeze to 0
[13:42:31.193] [SEVERE ] updating countdown to 5000
[13:42:31.193] [SEVERE ] updating countdown to 5000
[13:42:31.294] [SEVERE ] removing card from slot 0
[13:42:31.394] [SEVERE ] removing card from slot 1
[13:42:31.495] [SEVERE ] removing card from slot 2
[13:42:31.595] [SEVERE ] removing card from slot 3
[13:42:31.695] [SEVERE ] removing card from slot 4
[13:42:31.795] [SEVERE ] removing card from slot 5
[13:42:31.896] [SEVERE ] removing card from slot 6
[13:42:31.996] [SEVERE ] removing card from slot 7
[13:42:32.096] [SEVERE ] removing card from slot 8
[13:42:32.196] [SEVERE ] removing card from slot 9
[13:42:32.296] [SEVERE ] removing card from slot 10
[13:42:32.397] [SEVERE ] removing card from slot 11
[13:42:32.397] [SEVERE ] removing all tokens
[13:42:32.497] [SEVERE ] placing card 20 in slot 0
[13:42:32.598] [SEVERE ] placing card 71 in slot 1
[13:42:32.698] [SEVERE ] placing card 12 in slot 2
[13:42:32.798] [SEVERE ] placing card 18 in slot 3
[13:42:32.898] [SEVERE ] placing card 62 in slot 4
[13:42:32.998] [SEVERE ] placing card 3 in slot 5
[13:42:33.099] [SEVERE ] placing card 41 in slot 6
[13:42:33.199] [SEVERE ] placing card 13 in slot 7
[13:42:33.299] [SEVERE ] placing card 11 in slot 8
[13:42:33.399] [SEVERE ] placing card 44 in slot 9
[13:42:33.500] [SEVERE ] placing card 43 in slot 10
[13:42:33.600] [SEVERE ] placing card 46 in slot 11
[13:42:33.600] [SEVERE ] player 1 placing token on slot 4
[13:42:33.607] [INFO   ] Thread Thread-5starting.
[13:42:33.608] [SEVERE ] player 3 placing token on slot 6
[13:42:33.608] [SEVERE ] updating countdown to 5000
[13:42:33.608] [SEVERE ] player 2 placing token on slot 9
[13:42:33.609] [SEVERE ] player 2 placing token on slot 2
[13:42:33.610] [SEVERE ] player 3 placing token on slot 2
[13:42:33.609] [INFO   ] Thread computer-0 starting.
[13:42:33.609] [INFO   ] Thread Thread-8starting.
[13:42:33.609] [INFO   ] Thread Thread-7starting.
[13:42:33.609] [INFO   ] Thread Thread-6starting.
[13:42:33.610] [SEVERE ] player 4 placing token on slot 3
[13:42:33.612] [SEVERE ] removing player 1 token from slot 4
[13:42:33.613] [SEVERE ] player 4 placing token on slot 8
[13:42:33.613] [SEVERE ] player 3 placing token on slot 5
[13:42:33.614] [SEVERE ] player 2 placing token on slot 3
[13:42:33.614] [INFO   ] Thread computer-3 starting.
[13:42:33.614] [SEVERE ] player 4 placing token on slot 9
[13:42:33.615] [SEVERE ] player 1 placing token on slot 2
[13:42:33.615] [SEVERE ] player 1 placing token on slot 7
[13:42:33.616] [SEVERE ] player 1 placing token on slot 4
[13:42:33.619] [SEVERE ] setting player 3 freeze to 0
[13:42:33.619] [SEVERE ] setting player 3 freeze to 0
[13:42:33.619] [SEVERE ] setting player 3 freeze to 0
[13:42:33.620] [SEVERE ] setting player 3 freeze to 0
[13:42:33.620] [SEVERE ] removing player 3 token from slot 5
[13:42:33.621] [SEVERE ] removing player 3 token from slot 2
[13:42:33.621] [SEVERE ] player 3 placing token on slot 0
[13:42:33.622] [SEVERE ] player 3 placing token on slot 7
[13:42:33.626] [INFO   ] Thread computer-1 starting.
[13:42:33.629] [SEVERE ] setting player 2 freeze to 0
[13:42:33.629] [SEVERE ] setting player 2 freeze to 0
[13:42:33.629] [SEVERE ] setting player 2 freeze to 0
[13:42:33.630] [SEVERE ] setting player 2 freeze to 0
[13:42:33.630] [SEVERE ] removing player 2 token from slot 3
[13:42:33.646] [SEVERE ] removing player 2 token from slot 2
[13:42:33.647] [SEVERE ] player 2 placing token on slot 0
[13:42:33.647] [SEVERE ] player 2 placing token on slot 1
[13:42:33.639] [SEVERE ] setting player 4 freeze to 0
[13:42:33.634] [INFO   ] Thread computer-2 starting.
[13:42:33.648] [SEVERE ] setting player 4 freeze to 0
[13:42:33.649] [SEVERE ] setting player 4 freeze to 0
[13:42:33.649] [SEVERE ] setting player 1 freeze to 0
[13:42:33.650] [SEVERE ] setting player 4 freeze to 0
[13:42:33.650] [SEVERE ] removing player 4 token from slot 8
[13:42:33.651] [SEVERE ] player 4 placing token on slot 11
[13:42:33.650] [SEVERE ] setting player 1 freeze to 0
[13:42:33.652] [SEVERE ] setting player 1 freeze to 0
[13:42:33.652] [SEVERE ] setting player 1 freeze to 0
[13:42:33.652] [SEVERE ] removing player 1 token from slot 2
[13:42:33.653] [SEVERE ] player 1 placing token on slot 8
[13:42:33.659] [SEVERE ] setting player 3 freeze to 0
[13:42:33.659] [SEVERE ] setting player 3 freeze to 0
[13:42:33.660] [SEVERE ] setting player 3 freeze to 0
[13:42:33.660] [SEVERE ] setting player 3 freeze to 0
[13:42:33.661] [SEVERE ] removing player 3 token from slot 0
[13:42:33.661] [SEVERE ] player 3 placing token on slot 9
[13:42:33.669] [SEVERE ] setting player 2 freeze to 0
[13:42:33.670] [SEVERE ] setting player 2 freeze to 0
[13:42:33.670] [SEVERE ] setting player 2 freeze to 0
[13:42:33.670] [SEVERE ] setting player 2 freeze to 0
[13:42:33.671] [SEVERE ] removing player 2 token from slot 1
[13:42:33.671] [SEVERE ] player 2 placing token on slot 5
[13:42:33.680] [SEVERE ] setting player 4 freeze to 0
[13:42:33.680] [SEVERE ] setting player 4 freeze to 0
[13:42:33.681] [SEVERE ] setting player 4 freeze to 0
[13:42:33.681] [SEVERE ] setting player 4 freeze to 0
[13:42:33.682] [SEVERE ] removing player 4 token from slot 11
[13:42:33.682] [SEVERE ] player 4 placing token on slot 7
[13:42:33.690] [SEVERE ] setting player 1 freeze to 0
[13:42:33.691] [SEVERE ] setting player 1 freeze to 0
[13:42:33.691] [SEVERE ] setting player 1 freeze to 0
[13:42:33.691] [SEVERE ] setting player 1 freeze to 0
[13:42:33.692] [SEVERE ] removing player 1 token from slot 8
[13:42:33.692] [SEVERE ] player 1 placing token on slot 1
[13:42:33.701] [SEVERE ] setting player 3 freeze to 0
[13:42:33.701] [SEVERE ] setting player 3 freeze to 0
[13:42:33.701] [SEVERE ] setting player 3 freeze to 0
[13:42:33.702] [SEVERE ] setting player 3 freeze to 0
[13:42:33.702] [SEVERE ] removing player 3 token from slot 6
[13:42:33.702] [SEVERE ] player 3 placing token on slot 2
[13:42:33.711] [SEVERE ] setting player 2 freeze to 0
[13:42:33.711] [SEVERE ] setting player 2 freeze to 0
[13:42:33.712] [SEVERE ] setting player 2 freeze to 0
[13:42:33.712] [SEVERE ] setting player 2 freeze to 0
[13:42:33.713] [SEVERE ] removing player 2 token from slot 0
[13:42:33.713] [SEVERE ] player 2 placing token on slot 8
[13:42:33.727] [SEVERE ] setting player 4 freeze to 0
[13:42:33.727] [SEVERE ] setting player 4 freeze to 0
[13:42:33.727] [SEVERE ] setting player 4 freeze to 0
[13:42:33.728] [SEVERE ] setting player 4 freeze to 0
[13:42:33.728] [SEVERE ] removing player 4 token from slot 9
[13:42:33.729] [SEVERE ] player 4 placing token on slot 11
[13:42:33.736] [SEVERE ] setting player 1 freeze to 0
[13:42:33.736] [SEVERE ] setting player 1 freeze to 0
[13:42:33.737] [SEVERE ] setting player 1 freeze to 0
[13:42:33.737] [SEVERE ] setting player 1 freeze to 0
[13:42:33.738] [SEVERE ] removing player 1 token from slot 7
[13:42:33.738] [SEVERE ] player 1 placing token on slot 10
[13:42:33.747] [SEVERE ] setting player 3 freeze to 0
[13:42:33.747] [SEVERE ] setting player 3 freeze to 0
[13:42:33.748] [SEVERE ] setting player 3 freeze to 0
[13:42:33.748] [SEVERE ] setting player 3 freeze to 0
[13:42:33.749] [SEVERE ] removing player 3 token from slot 2
[13:42:33.749] [SEVERE ] player 3 placing token on slot 11
[13:42:33.762] [SEVERE ] setting player 2 freeze to 0
[13:42:33.762] [SEVERE ] setting player 2 freeze to 0
[13:42:33.763] [SEVERE ] setting player 2 freeze to 0
[13:42:33.763] [SEVERE ] setting player 2 freeze to 0
[13:42:33.764] [SEVERE ] removing player 2 token from slot 8
[13:42:33.764] [SEVERE ] player 2 placing token on slot 4
[13:42:33.772] [SEVERE ] setting player 4 freeze to 0
[13:42:33.772] [SEVERE ] setting player 4 freeze to 0
[13:42:33.773] [SEVERE ] setting player 4 freeze to 0
[13:42:33.773] [SEVERE ] setting player 4 freeze to 0
[13:42:33.774] [SEVERE ] removing player 4 token from slot 7
[13:42:33.774] [SEVERE ] player 4 placing token on slot 6
[13:42:33.790] [SEVERE ] setting player 1 freeze to 0
[13:42:33.790] [SEVERE ] setting player 1 freeze to 0
[13:42:33.791] [SEVERE ] setting player 1 freeze to 0
[13:42:33.791] [SEVERE ] setting player 1 freeze to 0
[13:42:33.791] [SEVERE ] removing player 1 token from slot 1
[13:42:33.792] [SEVERE ] player 1 placing token on slot 9
[13:42:33.800] [SEVERE ] setting player 3 freeze to 0
[13:42:33.800] [SEVERE ] setting player 3 freeze to 0
[13:42:33.801] [SEVERE ] setting player 3 freeze to 0
[13:42:33.801] [SEVERE ] setting player 3 freeze to 0
[13:42:33.802] [SEVERE ] removing player 3 token from slot 11
[13:42:33.803] [SEVERE ] player 3 placing token on slot 10
[13:42:33.818] [SEVERE ] setting player 2 freeze to 0
[13:42:33.818] [SEVERE ] setting player 2 freeze to 0
[13:42:33.818] [SEVERE ] setting player 2 freeze to 0
[13:42:33.819] [SEVERE ] setting player 2 freeze to 0
[13:42:33.819] [SEVERE ] removing player 2 token from slot 4
[13:42:33.820] [SEVERE ] removing player 2 token from slot 5
[13:42:33.820] [SEVERE ] player 2 placing token on slot 5
[13:42:33.820] [SEVERE ] player 2 placing token on slot 0
[13:42:33.828] [SEVERE ] setting player 4 freeze to 0
[13:42:33.829] [SEVERE ] setting player 4 freeze to 0
[13:42:33.829] [SEVERE ] setting player 4 freeze to 0
[13:42:33.829] [SEVERE ] setting player 4 freeze to 0
[13:42:33.830] [SEVERE ] removing player 4 token from slot 3
[13:42:33.830] [SEVERE ] player 4 placing token on slot 7
[13:42:33.839] [SEVERE ] setting player 1 freeze to 0
[13:42:33.839] [SEVERE ] setting player 1 freeze to 0
[13:42:33.839] [SEVERE ] setting player 1 freeze to 0
[13:42:33.840] [SEVERE ] setting player 1 freeze to 0
[13:42:33.840] [SEVERE ] removing player 1 token from slot 4
[13:42:33.841] [SEVERE ] player 1 placing token on slot 8
[13:42:33.849] [SEVERE ] setting player 3 freeze to 0
[13:42:33.849] [SEVERE ] setting player 3 freeze to 0
[13:42:33.850] [SEVERE ] setting player 3 freeze to 0
[13:42:33.850] [SEVERE ] setting player 3 freeze to 0
[13:42:33.850] [SEVERE ] removing player 3 token from slot 10
[13:42:33.851] [SEVERE ] player 3 placing token on slot 4
[13:42:33.859] [SEVERE ] setting player 2 freeze to 0
[13:42:33.859] [SEVERE ] setting player 2 freeze to 0
[13:42:33.860] [SEVERE ] setting player 2 freeze to 0
[13:42:33.860] [SEVERE ] setting player 2 freeze to 0
[13:42:33.861] [SEVERE ] removing player 2 token from slot 0
[13:42:33.862] [SEVERE ] player 2 placing token on slot 11
[13:42:33.870] [SEVERE ] setting player 4 freeze to 0
[13:42:33.870] [SEVERE ] setting player 4 freeze to 0
[13:42:33.870] [SEVERE ] setting player 4 freeze to 0
[13:42:33.871] [SEVERE ] setting player 4 freeze to 0
[13:42:33.871] [SEVERE ] removing player 4 token from slot 11
[13:42:33.872] [SEVERE ] player 4 placing token on slot 0
[13:42:33.880] [SEVERE ] setting player 1 freeze to 0
[13:42:33.880] [SEVERE ] setting player 1 freeze to 0
[13:42:33.881] [SEVERE ] setting player 1 freeze to 0
[13:42:33.881] [SEVERE ] setting player 1 freeze to 0
[13:42:33.882] [SEVERE ] removing player 1 token from slot 10
[13:42:33.882] [SEVERE ] removing player 1 token from slot 9
[13:42:33.882] [SEVERE ] player 1 placing token on slot 2
[13:42:33.883] [SEVERE ] player 1 placing token on slot 11
[13:42:33.890] [SEVERE ] setting player 3 freeze to 0
[13:42:33.890] [SEVERE ] setting player 3 freeze to 0
[13:42:33.891] [SEVERE ] setting player 3 freeze to 0
[13:42:33.891] [SEVERE ] setting player 3 freeze to 0
[13:42:33.892] [SEVERE ] removing player 3 token from slot 7
[13:42:33.892] [SEVERE ] player 3 placing token on slot 1
[13:42:33.905] [SEVERE ] setting player 2 freeze to 0
[13:42:33.909] [SEVERE ] setting player 2 freeze to 0
[13:42:33.910] [SEVERE ] setting player 2 freeze to 0
[13:42:33.910] [SEVERE ] setting player 2 freeze to 0
[13:42:33.911] [SEVERE ] removing player 2 token from slot 9
[13:42:33.912] [SEVERE ] player 2 placing token on slot 8
[13:42:33.917] [SEVERE ] setting player 4 freeze to 0
[13:42:33.918] [SEVERE ] setting player 4 freeze to 0
[13:42:33.918] [SEVERE ] setting player 4 freeze to 0
[13:42:33.919] [SEVERE ] setting player 4 freeze to 0
[13:42:33.919] [SEVERE ] removing player 4 token from slot 7
[13:42:33.920] [SEVERE ] player 4 placing token on slot 10
[13:42:33.928] [SEVERE ] setting player 1 freeze to 0
[13:42:33.928] [SEVERE ] setting player 1 freeze to 0
[13:42:33.928] [SEVERE ] setting player 1 freeze to 0
[13:42:33.929] [SEVERE ] setting player 1 freeze to 0
[13:42:33.929] [SEVERE ] removing player 1 token from slot 8
[13:42:33.930] [SEVERE ] player 1 placing token on slot 7
[13:42:33.938] [SEVERE ] setting player 3 freeze to 0
[13:42:33.938] [SEVERE ] setting player 3 freeze to 0
[13:42:33.939] [SEVERE ] setting player 3 freeze to 0
[13:42:33.939] [SEVERE ] setting player 3 freeze to 0
[13:42:33.940] [SEVERE ] removing player 3 token from slot 9
[13:42:33.940] [SEVERE ] player 3 placing token on slot 11
[13:42:33.958] [SEVERE ] setting player 2 freeze to 0
[13:42:33.958] [SEVERE ] setting player 2 freeze to 0
[13:42:33.959] [SEVERE ] setting player 2 freeze to 0
[13:42:33.959] [SEVERE ] setting player 2 freeze to 0
[13:42:33.959] [SEVERE ] removing player 2 token from slot 11
[13:42:33.960] [SEVERE ] removing player 2 token from slot 8
[13:42:33.960] [SEVERE ] player 2 placing token on slot 2
[13:42:33.961] [SEVERE ] player 2 placing token on slot 1
[13:42:33.968] [SEVERE ] setting player 4 freeze to 0
[13:42:33.969] [SEVERE ] setting player 4 freeze to 0
[13:42:33.969] [SEVERE ] setting player 4 freeze to 0
[13:42:33.970] [SEVERE ] setting player 4 freeze to 0
[13:42:33.970] [SEVERE ] removing player 4 token from slot 10
[13:42:33.971] [SEVERE ] player 4 placing token on slot 10
[13:42:33.978] [SEVERE ] setting player 1 freeze to 0
[13:42:33.979] [SEVERE ] setting player 1 freeze to 0
[13:42:33.979] [SEVERE ] setting player 1 freeze to 0
[13:42:33.980] [SEVERE ] setting player 1 freeze to 0
[13:42:33.980] [SEVERE ] removing player 1 token from slot 7
[13:42:33.981] [SEVERE ] player 1 placing token on slot 1
[13:42:33.989] [SEVERE ] setting player 3 freeze to 0
[13:42:33.989] [SEVERE ] setting player 3 freeze to 0
[13:42:33.989] [SEVERE ] setting player 3 freeze to 0
[13:42:33.990] [SEVERE ] setting player 3 freeze to 0
[13:42:33.990] [SEVERE ] removing player 3 token from slot 11
[13:42:33.991] [SEVERE ] player 3 placing token on slot 2
[13:42:33.999] [SEVERE ] setting player 2 freeze to 0
[13:42:33.999] [SEVERE ] setting player 2 freeze to 0
[13:42:33.999] [SEVERE ] setting player 2 freeze to 0
[13:42:34.000] [SEVERE ] setting player 2 freeze to 0
[13:42:34.000] [SEVERE ] removing player 2 token from slot 1
[13:42:34.001] [SEVERE ] removing player 2 token from slot 5
[13:42:34.001] [SEVERE ] player 2 placing token on slot 3
[13:42:34.002] [SEVERE ] player 2 placing token on slot 4
[13:42:34.009] [SEVERE ] setting player 4 freeze to 0
[13:42:34.010] [SEVERE ] setting player 4 freeze to 0
[13:42:34.010] [SEVERE ] setting player 4 freeze to 0
[13:42:34.010] [SEVERE ] setting player 4 freeze to 0
[13:42:34.011] [SEVERE ] removing player 4 token from slot 10
[13:42:34.011] [SEVERE ] player 4 placing token on slot 9
[13:42:34.019] [SEVERE ] setting player 1 freeze to 0
[13:42:34.020] [SEVERE ] setting player 1 freeze to 0
[13:42:34.020] [SEVERE ] setting player 1 freeze to 0
[13:42:34.030] [SEVERE ] setting player 3 freeze to 0
[13:42:34.034] [SEVERE ] setting player 1 freeze to 0
[13:42:34.035] [SEVERE ] removing player 1 token from slot 2
[13:42:34.036] [SEVERE ] player 1 placing token on slot 9
[13:42:34.035] [SEVERE ] setting player 3 freeze to 0
[13:42:34.037] [SEVERE ] setting player 3 freeze to 0
[13:42:34.037] [SEVERE ] setting player 3 freeze to 0
[13:42:34.038] [SEVERE ] removing player 3 token from slot 2
[13:42:34.038] [SEVERE ] player 3 placing token on slot 8
[13:42:34.040] [SEVERE ] setting player 2 freeze to 0
[13:42:34.040] [SEVERE ] setting player 2 freeze to 0
[13:42:34.041] [SEVERE ] setting player 2 freeze to 0
[13:42:34.041] [SEVERE ] setting player 2 freeze to 0
[13:42:34.041] [SEVERE ] removing player 2 token from slot 2
[13:42:34.042] [SEVERE ] player 2 placing token on slot 2
[13:42:34.050] [SEVERE ] setting player 4 freeze to 0
[13:42:34.050] [SEVERE ] setting player 4 freeze to 0
[13:42:34.051] [SEVERE ] setting player 4 freeze to 0
[13:42:34.051] [SEVERE ] setting player 4 freeze to 0
[13:42:34.052] [SEVERE ] removing player 4 token from slot 6
[13:42:34.052] [SEVERE ] player 4 placing token on slot 6
[13:42:34.060] [SEVERE ] setting player 1 freeze to 0
[13:42:34.060] [SEVERE ] setting player 1 freeze to 0
[13:42:34.061] [SEVERE ] setting player 1 freeze to 0
[13:42:34.061] [SEVERE ] setting player 1 freeze to 0
[13:42:34.061] [SEVERE ] removing player 1 token from slot 1
[13:42:34.062] [SEVERE ] removing player 1 token from slot 11
[13:42:34.062] [SEVERE ] player 1 placing token on slot 8
[13:42:34.063] [SEVERE ] player 1 placing token on slot 0
[13:42:34.070] [SEVERE ] setting player 3 freeze to 0
[13:42:34.070] [SEVERE ] setting player 3 freeze to 0
[13:42:34.071] [SEVERE ] setting player 3 freeze to 0
[13:42:34.071] [SEVERE ] setting player 3 freeze to 0
[13:42:34.072] [SEVERE ] removing player 3 token from slot 4
[13:42:34.072] [SEVERE ] player 3 placing token on slot 0
[13:42:34.080] [SEVERE ] setting player 2 freeze to 0
[13:42:34.081] [SEVERE ] setting player 2 freeze to 0
[13:42:34.081] [SEVERE ] setting player 2 freeze to 0
[13:42:34.081] [SEVERE ] setting player 2 freeze to 0
[13:42:34.082] [SEVERE ] removing player 2 token from slot 3
[13:42:34.082] [SEVERE ] player 2 placing token on slot 6
[13:42:34.091] [SEVERE ] setting player 4 freeze to 0
[13:42:34.091] [SEVERE ] setting player 4 freeze to 0
[13:42:34.091] [SEVERE ] setting player 4 freeze to 0
[13:42:34.092] [SEVERE ] setting player 4 freeze to 0
[13:42:34.092] [SEVERE ] removing player 4 token from slot 6
[13:42:34.093] [SEVERE ] player 4 placing token on slot 8
[13:42:34.101] [SEVERE ] setting player 1 freeze to 0
[13:42:34.101] [SEVERE ] setting player 1 freeze to 0
[13:42:34.101] [SEVERE ] setting player 1 freeze to 0
[13:42:34.102] [SEVERE ] setting player 1 freeze to 0
[13:42:34.102] [SEVERE ] removing player 1 token from slot 0
[13:42:34.103] [SEVERE ] player 1 placing token on slot 1
[13:42:34.111] [SEVERE ] setting player 3 freeze to 0
[13:42:34.111] [SEVERE ] setting player 3 freeze to 0
[13:42:34.111] [SEVERE ] setting player 3 freeze to 0
[13:42:34.112] [SEVERE ] setting player 3 freeze to 0
[13:42:34.112] [SEVERE ] removing player 3 token from slot 0
[13:42:34.113] [SEVERE ] player 3 placing token on slot 10
[13:42:34.121] [SEVERE ] setting player 2 freeze to 0
[13:42:34.121] [SEVERE ] setting player 2 freeze to 0
[13:42:34.122] [SEVERE ] setting player 2 freeze to 0
[13:42:34.122] [SEVERE ] setting player 2 freeze to 0
[13:42:34.138] [SEVERE ] removing player 2 token from slot 2
[13:42:34.139] [SEVERE ] player 2 placing token on slot 1
[13:42:34.131] [SEVERE ] setting player 4 freeze to 0
[13:42:34.141] [SEVERE ] setting player 1 freeze to 0
[13:42:34.144] [SEVERE ] setting player 4 freeze to 0
[13:42:34.145] [SEVERE ] setting player 1 freeze to 0
[13:42:34.145] [SEVERE ] setting player 4 freeze to 0
[13:42:34.145] [SEVERE ] setting player 1 freeze to 0
[13:42:34.146] [SEVERE ] setting player 4 freeze to 0
[13:42:34.147] [SEVERE ] removing player 4 token from slot 0
[13:42:34.147] [SEVERE ] player 4 placing token on slot 5
[13:42:34.146] [SEVERE ] setting player 1 freeze to 0
[13:42:34.148] [SEVERE ] removing player 1 token from slot 1
[13:42:34.149] [SEVERE ] player 1 placing token on slot 5
[13:42:34.158] [SEVERE ] setting player 3 freeze to 0
[13:42:34.158] [SEVERE ] setting player 3 freeze to 0
[13:42:34.159] [SEVERE ] setting player 3 freeze to 0
[13:42:34.159] [SEVERE ] setting player 3 freeze to 0
[13:42:34.159] [SEVERE ] removing player 3 token from slot 8
[13:42:34.160] [SEVERE ] player 3 placing token on slot 8
[13:42:34.168] [SEVERE ] setting player 2 freeze to 0
[13:42:34.168] [SEVERE ] setting player 2 freeze to 0
[13:42:34.169] [SEVERE ] setting player 2 freeze to 0
[13:42:34.169] [SEVERE ] setting player 2 freeze to 0
[13:42:34.170] [SEVERE ] removing player 2 token from slot 1
[13:42:34.170] [SEVERE ] player 2 placing token on slot 5
[13:42:34.178] [SEVERE ] setting player 4 freeze to 0
[13:42:34.178] [SEVERE ] setting player 4 freeze to 0
[13:42:34.179] [SEVERE ] setting player 4 freeze to 0
[13:42:34.179] [SEVERE ] setting player 4 freeze to 0
[13:42:34.180] [SEVERE ] removing player 4 token from slot 8
[13:42:34.181] [SEVERE ] player 4 placing token on slot 7
[13:42:34.189] [SEVERE ] setting player 1 freeze to 0
[13:42:34.189] [SEVERE ] setting player 1 freeze to 0
[13:42:34.189] [SEVERE ] setting player 1 freeze to 0
[13:42:34.190] [SEVERE ] setting player 1 freeze to 0
[13:42:34.190] [SEVERE ] removing player 1 token from slot 9
[13:42:34.191] [SEVERE ] player 1 placing token on slot 9
[13:42:34.199] [SEVERE ] setting player 3 freeze to 0
[13:42:34.199] [SEVERE ] setting player 3 freeze to 0
[13:42:34.199] [SEVERE ] setting player 3 freeze to 0
[13:42:34.200] [SEVERE ] setting player 3 freeze to 0
[13:42:34.200] [SEVERE ] removing player 3 token from slot 1
[13:42:34.200] [SEVERE ] player 3 placing token on slot 7
[13:42:34.210] [SEVERE ] setting player 2 freeze to 0
[13:42:34.210] [SEVERE ] setting player 2 freeze to 0
[13:42:34.211] [SEVERE ] setting player 2 freeze to 0
[13:42:34.211] [SEVERE ] setting player 2 freeze to 0
[13:42:34.211] [SEVERE ] removing player 2 token from slot 4
[13:42:34.212] [SEVERE ] player 2 placing token on slot 10
[13:42:34.220] [SEVERE ] setting player 4 freeze to 0
[13:42:34.220] [SEVERE ] setting player 4 freeze to 0
[13:42:34.220] [SEVERE ] setting player 4 freeze to 0
[13:42:34.221] [SEVERE ] setting player 4 freeze to 0
[13:42:34.221] [SEVERE ] removing player 4 token from slot 9
[13:42:34.222] [SEVERE ] removing player 4 token from slot 5
[13:42:34.222] [SEVERE ] player 4 placing token on slot 9
[13:42:34.223] [SEVERE ] player 4 placing token on slot 4
[13:42:34.230] [SEVERE ] setting player 1 freeze to 0
[13:42:34.231] [SEVERE ] setting player 1 freeze to 0
[13:42:34.231] [SEVERE ] setting player 1 freeze to 0
[13:42:34.232] [SEVERE ] setting player 1 freeze to 0
[13:42:34.232] [SEVERE ] removing player 1 token from slot 8
[13:42:34.233] [SEVERE ] player 1 placing token on slot 6
[13:42:34.242] [SEVERE ] setting player 3 freeze to 0
[13:42:34.244] [SEVERE ] setting player 3 freeze to 0
[13:42:34.245] [SEVERE ] setting player 3 freeze to 0
[13:42:34.245] [SEVERE ] setting player 3 freeze to 0
[13:42:34.246] [SEVERE ] removing player 3 token from slot 10
[13:42:34.246] [SEVERE ] player 3 placing token on slot 9
[13:42:34.251] [SEVERE ] setting player 2 freeze to 0
[13:42:34.251] [SEVERE ] setting player 2 freeze to 0
[13:42:34.251] [SEVERE ] setting player 2 freeze to 0
[13:42:34.252] [SEVERE ] setting player 2 freeze to 0
[13:42:34.252] [SEVERE ] removing player 2 token from slot 6
[13:42:34.253] [SEVERE ] player 2 placing token on slot 9
[13:42:34.261] [SEVERE ] setting player 4 freeze to 0
[13:42:34.261] [SEVERE ] setting player 4 freeze to 0
[13:42:34.262] [SEVERE ] setting player 4 freeze to 0
[13:42:34.262] [SEVERE ] setting player 4 freeze to 0
[13:42:34.263] [SEVERE ] removing player 4 token from slot 4
[13:42:34.263] [SEVERE ] player 4 placing token on slot 1
[13:42:34.271] [SEVERE ] setting player 1 freeze to 0
[13:42:34.271] [SEVERE ] setting player 1 freeze to 0
[13:42:34.272] [SEVERE ] setting player 1 freeze to 0
[13:42:34.272] [SEVERE ] setting player 1 freeze to 0
[13:42:34.273] [SEVERE ] removing player 1 token from slot 6
[13:42:34.273] [SEVERE ] removing player 1 token from slot 5
[13:42:34.274] [SEVERE ] player 1 placing token on slot 7
[13:42:34.274] [SEVERE ] player 1 placing token on slot 1
[13:42:34.292] [SEVERE ] setting player 2 freeze to 0
[13:42:34.292] [SEVERE ] setting player 2 freeze to 0
[13:42:34.292] [SEVERE ] setting player 2 freeze to 0
[13:42:34.293] [SEVERE ] setting player 2 freeze to 0
[13:42:34.293] [SEVERE ] removing player 2 token from slot 5
[13:42:34.294] [SEVERE ] player 2 placing token on slot 8
[13:42:34.294] [SEVERE ] setting player 3 freeze to 0
[13:42:34.295] [SEVERE ] setting player 3 freeze to 0
[13:42:34.295] [SEVERE ] setting player 3 freeze to 0
[13:42:34.296] [SEVERE ] setting player 3 freeze to 0
[13:42:34.296] [SEVERE ] removing player 3 token from slot 7
[13:42:34.297] [SEVERE ] player 3 placing token on slot 4
[13:42:34.302] [SEVERE ] setting player 4 freeze to 0
[13:42:34.302] [SEVERE ] setting player 4 freeze to 0
[13:42:34.302] [SEVERE ] setting player 4 freeze to 0
[13:42:34.303] [SEVERE ] setting player 4 freeze to 0
[13:42:34.303] [SEVERE ] removing player 4 token from slot 1
[13:42:34.305] [SEVERE ] player 4 placing token on slot 4
[13:42:34.312] [SEVERE ] setting player 1 freeze to 0
[13:42:34.312] [SEVERE ] setting player 1 freeze to 0
[13:42:34.312] [SEVERE ] setting player 1 freeze to 0
[13:42:34.312] [SEVERE ] setting player 1 freeze to 0
[13:42:34.313] [SEVERE ] removing player 1 token from slot 1
[13:42:34.314] [SEVERE ] player 1 placing token on slot 4
[13:42:34.322] [SEVERE ] setting player 2 freeze to 0
[13:42:34.323] [SEVERE ] setting player 2 freeze to 0
[13:42:34.323] [SEVERE ] setting player 2 freeze to 0
[13:42:34.323] [SEVERE ] setting player 2 freeze to 0
[13:42:34.324] [SEVERE ] removing player 2 token from slot 10
[13:42:34.324] [SEVERE ] player 2 placing token on slot 4
[13:42:34.338] [SEVERE ] setting player 3 freeze to 0
[13:42:34.338] [SEVERE ] setting player 3 freeze to 0
[13:42:34.338] [SEVERE ] setting player 3 freeze to 0
[13:42:34.339] [SEVERE ] setting player 3 freeze to 0
[13:42:34.339] [SEVERE ] removing player 3 token from slot 4
[13:42:34.340] [SEVERE ] player 3 placing token on slot 0
[13:42:34.346] [SEVERE ] setting player 4 freeze to 0
[13:42:34.346] [SEVERE ] setting player 4 freeze to 0
[13:42:34.346] [SEVERE ] setting player 4 freeze to 0
[13:42:34.346] [SEVERE ] setting player 4 freeze to 0
[13:42:34.347] [SEVERE ] removing player 4 token from slot 4
[13:42:34.347] [SEVERE ] player 4 placing token on slot 3
[13:42:34.356] [SEVERE ] setting player 1 freeze to 0
[13:42:34.356] [SEVERE ] setting player 1 freeze to 0
[13:42:34.357] [SEVERE ] setting player 1 freeze to 0
[13:42:34.357] [SEVERE ] setting player 1 freeze to 0
[13:42:34.358] [SEVERE ] removing player 1 token from slot 4
[13:42:34.358] [SEVERE ] player 1 placing token on slot 3
[13:42:34.366] [SEVERE ] setting player 2 freeze to 0
[13:42:34.366] [SEVERE ] setting player 2 freeze to 0
[13:42:34.367] [SEVERE ] setting player 2 freeze to 0
[13:42:34.367] [SEVERE ] setting player 2 freeze to 0
[13:42:34.368] [SEVERE ] removing player 2 token from slot 8
[13:42:34.368] [SEVERE ] player 2 placing token on slot 7
[13:42:34.377] [SEVERE ] setting player 3 freeze to 0
[13:42:34.377] [SEVERE ] setting player 3 freeze to 0
[13:42:34.377] [SEVERE ] setting player 3 freeze to 0
[13:42:34.378] [SEVERE ] setting player 3 freeze to 0
[13:42:34.379] [SEVERE ] removing player 3 token from slot 0
[13:42:34.380] [SEVERE ] removing player 3 token from slot 8
[13:42:34.382] [SEVERE ] player 3 placing token on slot 5
[13:42:34.382] [SEVERE ] player 3 placing token on slot 1
[13:42:34.387] [SEVERE ] setting player 4 freeze to 0
[13:42:34.387] [SEVERE ] setting player 4 freeze to 0
[13:42:34.387] [SEVERE ] setting player 4 freeze to 0
[13:42:34.388] [SEVERE ] setting player 4 freeze to 0
[13:42:34.398] [SEVERE ] setting player 1 freeze to 0
[13:42:34.403] [SEVERE ] setting player 1 freeze to 0
[13:42:34.404] [SEVERE ] setting player 1 freeze to 0
[13:42:34.404] [SEVERE ] setting player 1 freeze to 0
[13:42:34.403] [SEVERE ] removing player 4 token from slot 3
[13:42:34.405] [SEVERE ] removing player 4 token from slot 9
[13:42:34.406] [SEVERE ] player 4 placing token on slot 3
[13:42:34.406] [SEVERE ] player 4 placing token on slot 2
[13:42:34.407] [SEVERE ] removing player 1 token from slot 3
[13:42:34.407] [SEVERE ] player 1 placing token on slot 11
[13:42:34.408] [SEVERE ] setting player 2 freeze to 0
[13:42:34.408] [SEVERE ] setting player 2 freeze to 0
[13:42:34.409] [SEVERE ] setting player 2 freeze to 0
[13:42:34.409] [SEVERE ] setting player 2 freeze to 0
[13:42:34.410] [SEVERE ] removing player 2 token from slot 9
[13:42:34.410] [SEVERE ] player 2 placing token on slot 10
[13:42:34.418] [SEVERE ] setting player 3 freeze to 0
[13:42:34.420] [SEVERE ] setting player 3 freeze to 0
[13:42:34.420] [SEVERE ] setting player 3 freeze to 0
[13:42:34.421] [SEVERE ] setting player 3 freeze to 0
[13:42:34.421] [SEVERE ] removing player 3 token from slot 9
[13:42:34.422] [SEVERE ] player 3 placing token on slot 2
[13:42:34.429] [SEVERE ] setting player 4 freeze to 0
[13:42:34.429] [SEVERE ] setting player 4 freeze to 0
[13:42:34.460] [SEVERE ] setting player 3 freeze to 0
[13:42:34.449] [SEVERE ] setting player 2 freeze to 0
[13:42:34.636] [SEVERE ] setting player 2 freeze to 0
[13:42:34.439] [SEVERE ] setting player 1 freeze to 0
[13:42:34.637] [SEVERE ] setting player 1 freeze to 0
[13:42:34.636] [SEVERE ] setting player 2 freeze to 0
[13:42:34.635] [SEVERE ] setting player 3 freeze to 0
[13:42:34.635] [SEVERE ] setting player 4 freeze to 0
[13:42:34.638] [SEVERE ] setting player 3 freeze to 0
[13:42:34.638] [SEVERE ] setting player 2 freeze to 0
[13:42:34.639] [SEVERE ] removing player 2 token from slot 4
[13:42:34.637] [SEVERE ] setting player 1 freeze to 0
[13:42:34.640] [SEVERE ] player 2 placing token on slot 2
[13:42:34.639] [SEVERE ] setting player 3 freeze to 0
[13:42:34.641] [SEVERE ] removing player 3 token from slot 2
[13:42:34.638] [SEVERE ] setting player 4 freeze to 0
[13:42:34.641] [SEVERE ] player 3 placing token on slot 7
[13:42:34.640] [SEVERE ] setting player 1 freeze to 0
[13:42:34.642] [SEVERE ] setting player 3 freeze to 0
[13:42:34.642] [SEVERE ] removing player 4 token from slot 7
[13:42:34.642] [SEVERE ] setting player 3 freeze to 0
[13:42:34.643] [SEVERE ] player 4 placing token on slot 6
[13:42:34.643] [SEVERE ] setting player 3 freeze to 0
[13:42:34.644] [SEVERE ] removing player 1 token from slot 9
[13:42:34.645] [SEVERE ] removing player 1 token from slot 7
[13:42:34.645] [SEVERE ] player 1 placing token on slot 0
[13:42:34.646] [SEVERE ] player 1 placing token on slot 2
[13:42:34.645] [SEVERE ] setting player 3 freeze to 0
[13:42:34.647] [SEVERE ] removing player 3 token from slot 7
[13:42:34.647] [SEVERE ] player 3 placing token on slot 7
[13:42:34.652] [SEVERE ] setting player 2 freeze to 0
[13:42:34.652] [SEVERE ] setting player 2 freeze to 0
[13:42:34.653] [SEVERE ] setting player 2 freeze to 0
[13:42:34.654] [SEVERE ] setting player 2 freeze to 0
[13:42:34.654] [SEVERE ] removing player 2 token from slot 2
[13:42:34.654] [SEVERE ] player 2 placing token on slot 11
[13:42:34.663] [SEVERE ] setting player 3 freeze to 0
[13:42:34.663] [SEVERE ] setting player 3 freeze to 0
[13:42:34.663] [SEVERE ] setting player 3 freeze to 0
[13:42:34.663] [SEVERE ] setting player 3 freeze to 0
[13:42:34.664] [SEVERE ] removing player 3 token from slot 5
[13:42:34.664] [SEVERE ] player 3 placing token on slot 10
[13:42:34.673] [SEVERE ] setting player 4 freeze to 0
[13:42:34.673] [SEVERE ] setting player 4 freeze to 0
[13:42:34.674] [SEVERE ] setting player 4 freeze to 0
[13:42:34.674] [SEVERE ] setting player 4 freeze to 0
[13:42:34.675] [SEVERE ] removing player 4 token from slot 6
[13:42:34.675] [SEVERE ] player 4 placing token on slot 0
[13:42:34.684] [SEVERE ] setting player 1 freeze to 0
[13:42:34.684] [SEVERE ] setting player 1 freeze to 0
[13:42:34.684] [SEVERE ] setting player 1 freeze to 0
[13:42:34.684] [SEVERE ] setting player 1 freeze to 0
[13:42:34.684] [SEVERE ] removing player 1 token from slot 2
[13:42:34.685] [SEVERE ] player 1 placing token on slot 3
[13:42:34.694] [SEVERE ] setting player 3 freeze to 0
[13:42:34.694] [SEVERE ] setting player 3 freeze to 0
[13:42:34.695] [SEVERE ] setting player 3 freeze to 0
[13:42:34.695] [SEVERE ] setting player 3 freeze to 0
[13:42:34.696] [SEVERE ] removing player 3 token from slot 7
[13:42:34.696] [SEVERE ] player 3 placing token on slot 8
[13:42:34.704] [SEVERE ] setting player 2 freeze to 0
[13:42:34.704] [SEVERE ] setting player 2 freeze to 0
[13:42:34.705] [SEVERE ] setting player 2 freeze to 0
[13:42:34.705] [SEVERE ] setting player 2 freeze to 0
[13:42:34.706] [SEVERE ] removing player 2 token from slot 11
[13:42:34.706] [SEVERE ] player 2 placing token on slot 11
[13:42:34.726] [SEVERE ] setting player 3 freeze to 0
[13:42:34.726] [SEVERE ] setting player 3 freeze to 0
[13:42:34.726] [SEVERE ] setting player 3 freeze to 0
[13:42:34.727] [SEVERE ] setting player 3 freeze to 0
[13:42:34.727] [SEVERE ] removing player 3 token from slot 1
[13:42:34.728] [SEVERE ] player 3 placing token on slot 0
[13:42:34.736] [SEVERE ] setting player 4 freeze to 0
[13:42:34.736] [SEVERE ] setting player 4 freeze to 0
[13:42:34.736] [SEVERE ] setting player 4 freeze to 0
[13:42:34.737] [SEVERE ] setting player 4 freeze to 0
[13:42:34.737] [SEVERE ] removing player 4 token from slot 3
[13:42:34.738] [SEVERE ] player 4 placing token on slot 6
[13:42:34.757] [SEVERE ] setting player 3 freeze to 0
[13:42:34.757] [SEVERE ] setting player 3 freeze to 0
[13:42:34.757] [SEVERE ] setting player 1 freeze to 0
[13:42:34.757] [SEVERE ] setting player 3 freeze to 0
[13:42:34.758] [SEVERE ] setting player 1 freeze to 0
[13:42:34.758] [SEVERE ] setting player 3 freeze to 0
[13:42:34.759] [SEVERE ] removing player 3 token from slot 10
[13:42:34.759] [SEVERE ] player 3 placing token on slot 6
[13:42:34.758] [SEVERE ] setting player 1 freeze to 0
[13:42:34.760] [SEVERE ] setting player 1 freeze to 0
[13:42:34.761] [SEVERE ] removing player 1 token from slot 0
[13:42:34.761] [SEVERE ] removing player 1 token from slot 3
[13:42:34.762] [SEVERE ] player 1 placing token on slot 9
[13:42:34.763] [SEVERE ] player 1 placing token on slot 7
[13:42:34.767] [SEVERE ] setting player 2 freeze to 0
[13:42:34.767] [SEVERE ] setting player 2 freeze to 0
[13:42:34.768] [SEVERE ] setting player 2 freeze to 0
[13:42:34.768] [SEVERE ] setting player 2 freeze to 0
[13:42:34.769] [SEVERE ] removing player 2 token from slot 10
[13:42:34.769] [SEVERE ] player 2 placing token on slot 2
[13:42:34.782] [SEVERE ] setting player 3 freeze to 0
[13:42:34.782] [SEVERE ] setting player 3 freeze to 0
[13:42:34.783] [SEVERE ] setting player 3 freeze to 0
[13:42:34.783] [SEVERE ] setting player 3 freeze to 0
[13:42:34.784] [SEVERE ] removing player 3 token from slot 6
[13:42:34.784] [SEVERE ] player 3 placing token on slot 10
[13:42:34.823] [SEVERE ] setting player 3 freeze to 0
[13:42:34.823] [SEVERE ] setting player 3 freeze to 0
[13:42:34.824] [SEVERE ] setting player 3 freeze to 0
[13:42:34.824] [SEVERE ] setting player 3 freeze to 0
[13:42:34.824] [SEVERE ] removing player 3 token from slot 10
[13:42:34.825] [SEVERE ] player 3 placing token on slot 6
[13:42:34.824] [SEVERE ] setting player 4 freeze to 0
[13:42:34.826] [SEVERE ] setting player 4 freeze to 0
[13:42:34.834] [SEVERE ] setting player 4 freeze to 0
[13:42:34.834] [SEVERE ] setting player 4 freeze to 0
[13:42:34.834] [SEVERE ] removing player 4 token from slot 2
[13:42:34.835] [SEVERE ] player 4 placing token on slot 10
[13:42:34.838] [SEVERE ] setting player 1 freeze to 0
[13:42:34.838] [SEVERE ] setting player 1 freeze to 0
[13:42:34.839] [SEVERE ] setting player 1 freeze to 0
[13:42:34.839] [SEVERE ] setting player 1 freeze to 0
[13:42:34.840] [SEVERE ] removing player 1 token from slot 11
[13:42:34.840] [SEVERE ] player 1 placing token on slot 4
[13:42:34.853] [SEVERE ] setting player 2 freeze to 0
[13:42:34.854] [SEVERE ] setting player 2 freeze to 0
[13:42:34.854] [SEVERE ] setting player 2 freeze to 0
[13:42:34.855] [SEVERE ] setting player 2 freeze to 0
[13:42:34.855] [SEVERE ] removing player 2 token from slot 7
[13:42:34.856] [SEVERE ] removing player 2 token from slot 11
[13:42:34.856] [SEVERE ] player 2 placing token on slot 3
[13:42:34.857] [SEVERE ] player 2 placing token on slot 6
[13:42:34.864] [SEVERE ] setting player 3 freeze to 0
[13:42:34.865] [SEVERE ] setting player 3 freeze to 0
[13:42:34.865] [SEVERE ] setting player 3 freeze to 0
[13:42:34.866] [SEVERE ] setting player 3 freeze to 0
[13:42:34.866] [SEVERE ] removing player 3 token from slot 0
[13:42:34.867] [SEVERE ] player 3 placing token on slot 7
[13:42:34.875] [SEVERE ] setting player 3 freeze to 0
[13:42:34.875] [SEVERE ] setting player 3 freeze to 0
[13:42:34.876] [SEVERE ] setting player 3 freeze to 0
[13:42:34.876] [SEVERE ] setting player 3 freeze to 0
[13:42:34.876] [SEVERE ] removing player 3 token from slot 6
[13:42:34.877] [SEVERE ] player 3 placing token on slot 2
[13:42:34.885] [SEVERE ] setting player 4 freeze to 0
[13:42:34.885] [SEVERE ] setting player 4 freeze to 0
[13:42:34.886] [SEVERE ] setting player 4 freeze to 0
[13:42:34.886] [SEVERE ] setting player 4 freeze to 0
[13:42:34.887] [SEVERE ] removing player 4 token from slot 6
[13:42:34.887] [SEVERE ] player 4 placing token on slot 4
[13:42:34.895] [SEVERE ] setting player 1 freeze to 0
[13:42:34.896] [SEVERE ] setting player 1 freeze to 0
[13:42:34.896] [SEVERE ] setting player 1 freeze to 0
[13:42:34.896] [SEVERE ] setting player 1 freeze to 0
[13:42:34.896] [SEVERE ] removing player 1 token from slot 4
[13:42:34.896] [SEVERE ] player 1 placing token on slot 5
[13:42:34.918] [SEVERE ] setting player 2 freeze to 0
[13:42:34.918] [SEVERE ] setting player 2 freeze to 0
[13:42:34.918] [SEVERE ] setting player 2 freeze to 0
[13:42:34.919] [SEVERE ] setting player 2 freeze to 0
[13:42:34.919] [SEVERE ] removing player 2 token from slot 3
[13:42:34.919] [SEVERE ] player 2 placing token on slot 4
[13:42:34.919] [SEVERE ] setting player 3 freeze to 0
[13:42:34.920] [SEVERE ] setting player 3 freeze to 0
[13:42:34.920] [SEVERE ] setting player 3 freeze to 0
[13:42:34.920] [SEVERE ] setting player 3 freeze to 0
[13:42:34.921] [SEVERE ] removing player 3 token from slot 7
[13:42:34.921] [SEVERE ] player 3 placing token on slot 4
[13:42:34.929] [SEVERE ] setting player 3 freeze to 0
[13:42:34.930] [SEVERE ] setting player 3 freeze to 0
[13:42:34.930] [SEVERE ] setting player 3 freeze to 0
[13:42:34.931] [SEVERE ] setting player 3 freeze to 0
[13:42:34.931] [SEVERE ] removing player 3 token from slot 8
[13:42:34.931] [SEVERE ] player 3 placing token on slot 11
[13:42:34.940] [SEVERE ] setting player 4 freeze to 0
[13:42:34.940] [SEVERE ] setting player 4 freeze to 0
[13:42:34.940] [SEVERE ] setting player 4 freeze to 0
[13:42:34.940] [SEVERE ] setting player 4 freeze to 0
[13:42:34.940] [SEVERE ] removing player 4 token from slot 10
[13:42:34.940] [SEVERE ] player 4 placing token on slot 5
[13:42:34.950] [SEVERE ] setting player 1 freeze to 0
[13:42:34.954] [SEVERE ] setting player 1 freeze to 0
[13:42:34.954] [SEVERE ] setting player 1 freeze to 0
[13:42:34.954] [SEVERE ] setting player 1 freeze to 0
[13:42:34.954] [SEVERE ] removing player 1 token from slot 9
[13:42:34.954] [SEVERE ] player 1 placing token on slot 3
[13:42:34.961] [SEVERE ] setting player 2 freeze to 0
[13:42:34.961] [SEVERE ] setting player 2 freeze to 0
[13:42:34.962] [SEVERE ] setting player 2 freeze to 0
[13:42:34.964] [SEVERE ] setting player 2 freeze to 0
[13:42:34.964] [SEVERE ] removing player 2 token from slot 2
[13:42:34.964] [SEVERE ] player 2 placing token on slot 5
[13:42:34.971] [SEVERE ] updating countdown to 5000
[13:42:34.971] [SEVERE ] setting player 3 score to 1
[13:42:34.972] [SEVERE ] setting player 3 freeze to 0
[13:42:34.972] [SEVERE ] setting player 3 freeze to 0
[13:42:34.972] [SEVERE ] removing player 3 token from slot 4
[13:42:34.972] [SEVERE ] player 3 placing token on slot 10
[13:42:34.972] [SEVERE ] removing player 3 token from slot 2
