[14:59:09.974] [INFO   ] thread main starting.
[14:59:09.980] [SEVERE ] cannot read configuration file config.properties trying from resources.
[14:59:09.981] [SEVERE ] configuration file was loaded from resources directory.
[14:59:10.380] [INFO   ] thread dealer starting.
[14:59:10.381] [INFO   ] Thread dealer starting.
[14:59:10.488] [SEVERE ] placing card 38 in slot 0
[14:59:10.588] [SEVERE ] placing card 72 in slot 1
[14:59:10.689] [SEVERE ] placing card 32 in slot 2
[14:59:10.790] [SEVERE ] placing card 5 in slot 3
[14:59:10.890] [SEVERE ] placing card 26 in slot 4
[14:59:10.991] [SEVERE ] placing card 59 in slot 5
[14:59:11.092] [SEVERE ] placing card 45 in slot 6
[14:59:11.193] [SEVERE ] placing card 18 in slot 7
[14:59:11.294] [SEVERE ] placing card 11 in slot 8
[14:59:11.396] [SEVERE ] placing card 56 in slot 9
[14:59:11.496] [SEVERE ] placing card 21 in slot 10
[14:59:11.597] [SEVERE ] placing card 80 in slot 11
[14:59:11.599] [INFO   ] Thread Thread-1starting.
[14:59:11.600] [SEVERE ] updating countdown to 5000
[14:59:11.599] [INFO   ] Thread Thread-3starting.
[14:59:11.599] [INFO   ] Thread Thread-2starting.
[14:59:11.601] [INFO   ] Thread computer-0 starting.
[14:59:11.601] [INFO   ] Thread computer-2 starting.
[14:59:11.600] [INFO   ] Thread Thread-4starting.
[14:59:11.603] [SEVERE ] player 1 placing token on slot 0
[14:59:11.602] [INFO   ] Thread computer-1 starting.
[14:59:11.605] [SEVERE ] player 3 placing token on slot 10
[14:59:11.607] [INFO   ] Thread computer-3 starting.
[14:59:11.610] [SEVERE ] player 1 placing token on slot 7
[14:59:11.612] [SEVERE ] player 2 placing token on slot 1
[14:59:11.612] [SEVERE ] player 1 placing token on slot 8
[14:59:11.613] [SEVERE ] player 4 placing token on slot 7
[14:59:11.614] [SEVERE ] setting player 1 freeze to 0
[14:59:11.614] [SEVERE ] player 3 placing token on slot 4
[14:59:11.615] [SEVERE ] setting player 1 freeze to 0
[14:59:11.617] [SEVERE ] setting player 1 freeze to 0
[14:59:11.617] [SEVERE ] setting player 1 freeze to 0
[14:59:11.616] [SEVERE ] player 4 placing token on slot 11
[14:59:11.621] [SEVERE ] player 2 placing token on slot 3
[14:59:11.623] [SEVERE ] player 4 placing token on slot 4
[14:59:11.623] [SEVERE ] player 3 placing token on slot 8
[14:59:11.624] [SEVERE ] player 2 placing token on slot 5
[14:59:11.639] [SEVERE ] setting player 4 freeze to 0
[14:59:11.640] [SEVERE ] setting player 4 freeze to 0
[14:59:11.640] [SEVERE ] setting player 4 freeze to 0
[14:59:11.640] [SEVERE ] setting player 4 freeze to 0
[14:59:11.650] [SEVERE ] setting player 3 freeze to 0
[14:59:11.651] [SEVERE ] setting player 3 freeze to 0
[14:59:11.651] [SEVERE ] setting player 3 freeze to 0
[14:59:11.652] [SEVERE ] setting player 3 freeze to 0
[14:59:11.665] [SEVERE ] setting player 2 freeze to 0
[14:59:11.674] [SEVERE ] setting player 2 freeze to 0
[14:59:11.678] [SEVERE ] setting player 2 freeze to 0
[14:59:11.678] [SEVERE ] setting player 2 freeze to 0
[14:59:13.599] [SEVERE ] updating countdown to 3000
