[14:05:15.420] [INFO   ] thread main starting.
[14:05:15.427] [SEVERE ] cannot read configuration file config.properties trying from resources.
[14:05:15.429] [SEVERE ] configuration file was loaded from resources directory.
[14:05:15.860] [INFO   ] thread dealer starting.
[14:05:15.861] [INFO   ] Thread dealer starting.
[14:05:15.970] [SEVERE ] placing card 34 in slot 0
[14:05:16.070] [SEVERE ] placing card 65 in slot 1
[14:05:16.171] [SEVERE ] placing card 44 in slot 2
[14:05:16.273] [SEVERE ] placing card 22 in slot 3
[14:05:16.374] [SEVERE ] placing card 12 in slot 4
[14:05:16.475] [SEVERE ] placing card 17 in slot 5
[14:05:16.576] [SEVERE ] placing card 21 in slot 6
[14:05:16.678] [SEVERE ] placing card 71 in slot 7
[14:05:16.778] [SEVERE ] placing card 45 in slot 8
[14:05:16.879] [SEVERE ] placing card 64 in slot 9
[14:05:16.980] [SEVERE ] placing card 54 in slot 10
[14:05:17.082] [SEVERE ] placing card 27 in slot 11
[14:05:17.083] [INFO   ] Thread Thread-1starting.
[14:05:17.084] [SEVERE ] updating countdown to 30000
[14:05:17.084] [INFO   ] Thread Thread-3starting.
[14:05:17.084] [INFO   ] Thread Thread-2starting.
[14:05:17.086] [INFO   ] Thread computer-2 starting.
[14:05:17.086] [INFO   ] Thread computer-0 starting.
[14:05:17.084] [INFO   ] Thread Thread-4starting.
[14:05:17.088] [SEVERE ] player 1 placing token on slot 7
[14:05:17.090] [SEVERE ] player 3 placing token on slot 5
[14:05:17.087] [INFO   ] Thread computer-1 starting.
[14:05:17.090] [INFO   ] Thread computer-3 starting.
[14:05:17.090] [SEVERE ] player 1 placing token on slot 3
[14:05:17.093] [SEVERE ] player 4 placing token on slot 6
[14:05:17.093] [SEVERE ] player 2 placing token on slot 4
[14:05:17.094] [SEVERE ] player 3 placing token on slot 10
[14:05:17.094] [SEVERE ] player 2 placing token on slot 9
[14:05:17.095] [SEVERE ] player 4 placing token on slot 9
[14:05:17.095] [SEVERE ] removing player 4 token from slot 6
[14:05:17.096] [SEVERE ] player 4 placing token on slot 1
[14:05:17.096] [SEVERE ] player 4 placing token on slot 4
[14:05:17.098] [SEVERE ] player 1 placing token on slot 8
[14:05:17.098] [SEVERE ] player 2 placing token on slot 10
[14:05:17.099] [SEVERE ] player 3 placing token on slot 2
[14:05:18.087] [SEVERE ] updating countdown to 28997
[14:05:18.087] [SEVERE ] setting player 4 freeze to 0
[14:05:18.088] [SEVERE ] setting player 4 freeze to 0
[14:05:18.088] [SEVERE ] setting player 4 freeze to 0
[14:05:18.089] [SEVERE ] setting player 4 freeze to 0
[14:05:18.090] [SEVERE ] removing player 4 token from slot 1
[14:05:18.091] [SEVERE ] player 4 placing token on slot 11
[14:05:19.088] [SEVERE ] updating countdown to 27996
[14:05:19.088] [SEVERE ] setting player 1 freeze to 0
[14:05:19.088] [SEVERE ] setting player 1 freeze to 0
[14:05:19.089] [SEVERE ] setting player 1 freeze to 0
[14:05:19.089] [SEVERE ] setting player 1 freeze to 0
[14:05:19.090] [SEVERE ] removing player 1 token from slot 8
[14:05:19.090] [SEVERE ] removing player 1 token from slot 7
[14:05:19.091] [SEVERE ] player 1 placing token on slot 2
[14:05:19.091] [SEVERE ] removing player 1 token from slot 3
[14:05:19.092] [SEVERE ] removing player 1 token from slot 2
[14:05:19.092] [SEVERE ] player 1 placing token on slot 6
[14:05:19.093] [SEVERE ] player 1 placing token on slot 8
[14:05:19.093] [SEVERE ] player 1 placing token on slot 4
[14:05:20.088] [SEVERE ] updating countdown to 26996
[14:05:20.088] [SEVERE ] setting player 2 freeze to 0
[14:05:20.089] [SEVERE ] setting player 2 freeze to 0
[14:05:20.089] [SEVERE ] setting player 2 freeze to 0
[14:05:20.090] [SEVERE ] setting player 2 freeze to 0
[14:05:20.090] [SEVERE ] removing player 2 token from slot 4
[14:05:20.091] [SEVERE ] player 2 placing token on slot 4
[14:05:21.089] [SEVERE ] updating countdown to 25995
[14:05:21.089] [SEVERE ] setting player 3 freeze to 0
[14:05:21.090] [SEVERE ] setting player 3 freeze to 0
[14:05:21.090] [SEVERE ] setting player 3 freeze to 0
[14:05:21.091] [SEVERE ] setting player 3 freeze to 0
[14:05:21.091] [SEVERE ] removing player 3 token from slot 10
[14:05:21.092] [SEVERE ] player 3 placing token on slot 9
[14:05:22.089] [SEVERE ] updating countdown to 24995
[14:05:22.089] [SEVERE ] setting player 4 freeze to 0
[14:05:22.090] [SEVERE ] setting player 4 freeze to 0
[14:05:22.091] [SEVERE ] setting player 4 freeze to 0
[14:05:22.091] [SEVERE ] setting player 4 freeze to 0
[14:05:22.092] [SEVERE ] removing player 4 token from slot 11
[14:05:22.092] [SEVERE ] player 4 placing token on slot 5
[14:05:23.090] [SEVERE ] setting player 1 freeze to 0
[14:05:23.090] [SEVERE ] updating countdown to 23994
[14:05:23.090] [SEVERE ] setting player 1 freeze to 0
[14:05:23.092] [SEVERE ] setting player 1 freeze to 0
[14:05:23.092] [SEVERE ] setting player 1 freeze to 0
[14:05:23.093] [SEVERE ] removing player 1 token from slot 8
[14:05:23.093] [SEVERE ] player 1 placing token on slot 8
[14:05:24.092] [SEVERE ] updating countdown to 22992
[14:05:24.092] [SEVERE ] setting player 2 freeze to 0
[14:05:24.093] [SEVERE ] setting player 2 freeze to 0
[14:05:24.093] [SEVERE ] setting player 2 freeze to 0
[14:05:24.093] [SEVERE ] setting player 2 freeze to 0
[14:05:24.094] [SEVERE ] removing player 2 token from slot 4
[14:05:24.094] [SEVERE ] player 2 placing token on slot 2
[14:05:25.092] [SEVERE ] updating countdown to 21992
[14:05:25.092] [SEVERE ] setting player 3 freeze to 0
[14:05:25.093] [SEVERE ] setting player 3 freeze to 0
[14:05:25.094] [SEVERE ] setting player 3 freeze to 0
[14:05:25.094] [SEVERE ] setting player 3 freeze to 0
[14:05:25.095] [SEVERE ] removing player 3 token from slot 2
[14:05:25.095] [SEVERE ] player 3 placing token on slot 3
[14:05:26.093] [SEVERE ] updating countdown to 20991
[14:05:26.093] [SEVERE ] setting player 4 freeze to 0
[14:05:26.094] [SEVERE ] setting player 4 freeze to 0
[14:05:26.094] [SEVERE ] setting player 4 freeze to 0
[14:05:26.095] [SEVERE ] setting player 4 freeze to 0
[14:05:26.096] [SEVERE ] removing player 4 token from slot 5
[14:05:26.096] [SEVERE ] player 4 placing token on slot 10
[14:05:27.094] [SEVERE ] updating countdown to 19990
[14:05:27.094] [SEVERE ] setting player 1 freeze to 0
[14:05:27.094] [SEVERE ] setting player 1 freeze to 0
[14:05:27.095] [SEVERE ] setting player 1 freeze to 0
[14:05:27.095] [SEVERE ] setting player 1 freeze to 0
[14:05:27.096] [SEVERE ] removing player 1 token from slot 8
[14:05:27.096] [SEVERE ] player 1 placing token on slot 5
[14:05:28.094] [SEVERE ] updating countdown to 18990
[14:05:28.094] [SEVERE ] setting player 2 freeze to 0
[14:05:28.095] [SEVERE ] setting player 2 freeze to 0
[14:05:28.095] [SEVERE ] setting player 2 freeze to 0
[14:05:28.096] [SEVERE ] setting player 2 freeze to 0
[14:05:28.096] [SEVERE ] removing player 2 token from slot 2
[14:05:28.097] [SEVERE ] player 2 placing token on slot 3
[14:05:29.094] [SEVERE ] updating countdown to 17990
[14:05:29.094] [SEVERE ] setting player 3 freeze to 0
[14:05:29.095] [SEVERE ] setting player 3 freeze to 0
[14:05:29.096] [SEVERE ] setting player 3 freeze to 0
[14:05:29.096] [SEVERE ] setting player 3 freeze to 0
[14:05:29.097] [SEVERE ] removing player 3 token from slot 9
[14:05:29.097] [SEVERE ] player 3 placing token on slot 1
[14:05:30.095] [SEVERE ] updating countdown to 16989
[14:05:30.095] [SEVERE ] setting player 4 freeze to 0
[14:05:30.096] [SEVERE ] setting player 4 freeze to 0
[14:05:30.096] [SEVERE ] setting player 4 freeze to 0
[14:05:30.097] [SEVERE ] setting player 4 freeze to 0
[14:05:30.097] [SEVERE ] removing player 4 token from slot 4
[14:05:30.098] [SEVERE ] player 4 placing token on slot 3
[14:05:31.095] [SEVERE ] updating countdown to 15989
[14:05:31.095] [SEVERE ] setting player 1 freeze to 0
[14:05:31.096] [SEVERE ] setting player 1 freeze to 0
[14:05:31.097] [SEVERE ] setting player 1 freeze to 0
[14:05:31.097] [SEVERE ] setting player 1 freeze to 0
[14:05:31.098] [SEVERE ] removing player 1 token from slot 5
[14:05:31.098] [SEVERE ] player 1 placing token on slot 10
[14:05:32.096] [SEVERE ] updating countdown to 14988
[14:05:32.096] [SEVERE ] setting player 2 freeze to 0
[14:05:32.097] [SEVERE ] setting player 2 freeze to 0
[14:05:32.110] [SEVERE ] setting player 2 freeze to 0
[14:05:32.111] [SEVERE ] setting player 2 freeze to 0
[14:05:32.111] [SEVERE ] removing player 2 token from slot 3
[14:05:32.112] [SEVERE ] removing player 2 token from slot 10
[14:05:32.112] [SEVERE ] player 2 placing token on slot 10
[14:05:32.113] [SEVERE ] player 2 placing token on slot 6
[14:05:33.096] [SEVERE ] updating countdown to 13988
[14:05:33.096] [SEVERE ] setting player 3 freeze to 0
[14:05:33.097] [SEVERE ] setting player 3 freeze to 0
[14:05:33.098] [SEVERE ] setting player 3 freeze to 0
[14:05:33.098] [SEVERE ] setting player 3 freeze to 0
[14:05:33.099] [SEVERE ] removing player 3 token from slot 5
[14:05:33.100] [SEVERE ] player 3 placing token on slot 5
[14:05:34.097] [SEVERE ] updating countdown to 12987
[14:05:34.097] [SEVERE ] setting player 4 freeze to 0
[14:05:34.098] [SEVERE ] setting player 4 freeze to 0
[14:05:34.098] [SEVERE ] setting player 4 freeze to 0
[14:05:34.098] [SEVERE ] setting player 4 freeze to 0
[14:05:34.099] [SEVERE ] removing player 4 token from slot 10
[14:05:34.099] [SEVERE ] player 4 placing token on slot 5
[14:05:35.097] [SEVERE ] updating countdown to 11987
[14:05:35.097] [SEVERE ] setting player 1 freeze to 0
[14:05:35.098] [SEVERE ] setting player 1 freeze to 0
[14:05:35.099] [SEVERE ] setting player 1 freeze to 0
[14:05:35.099] [SEVERE ] setting player 1 freeze to 0
[14:05:35.100] [SEVERE ] removing player 1 token from slot 10
[14:05:35.100] [SEVERE ] player 1 placing token on slot 9
[14:05:36.098] [SEVERE ] updating countdown to 10986
[14:05:36.098] [SEVERE ] setting player 2 freeze to 0
[14:05:36.099] [SEVERE ] setting player 2 freeze to 0
[14:05:36.099] [SEVERE ] setting player 2 freeze to 0
[14:05:36.100] [SEVERE ] setting player 2 freeze to 0
[14:05:36.100] [SEVERE ] removing player 2 token from slot 6
[14:05:36.101] [SEVERE ] player 2 placing token on slot 0
[14:05:37.098] [SEVERE ] updating countdown to 9986
[14:05:37.098] [SEVERE ] setting player 3 freeze to 0
[14:05:37.099] [SEVERE ] setting player 3 freeze to 0
[14:05:37.100] [SEVERE ] setting player 3 freeze to 0
[14:05:37.100] [SEVERE ] setting player 3 freeze to 0
[14:05:37.101] [SEVERE ] removing player 3 token from slot 5
[14:05:37.101] [SEVERE ] removing player 3 token from slot 1
[14:05:37.102] [SEVERE ] player 3 placing token on slot 1
[14:05:37.102] [SEVERE ] player 3 placing token on slot 8
[14:05:38.099] [SEVERE ] updating countdown to 8985
[14:05:38.099] [SEVERE ] setting player 4 freeze to 0
[14:05:38.100] [SEVERE ] setting player 4 freeze to 0
[14:05:38.100] [SEVERE ] setting player 4 freeze to 0
[14:05:38.101] [SEVERE ] setting player 4 freeze to 0
[14:05:38.101] [SEVERE ] removing player 4 token from slot 5
[14:05:38.102] [SEVERE ] player 4 placing token on slot 8
[14:05:39.099] [SEVERE ] updating countdown to 7985
[14:05:39.099] [SEVERE ] setting player 1 freeze to 0
[14:05:39.100] [SEVERE ] setting player 1 freeze to 0
[14:05:39.101] [SEVERE ] setting player 1 freeze to 0
[14:05:39.101] [SEVERE ] setting player 1 freeze to 0
[14:05:39.102] [SEVERE ] removing player 1 token from slot 4
[14:05:39.102] [SEVERE ] player 1 placing token on slot 5
[14:05:40.100] [SEVERE ] updating countdown to 6984
[14:05:40.100] [SEVERE ] setting player 2 freeze to 0
[14:05:40.101] [SEVERE ] setting player 2 freeze to 0
[14:05:40.101] [SEVERE ] setting player 2 freeze to 0
[14:05:40.101] [SEVERE ] setting player 2 freeze to 0
[14:05:40.102] [SEVERE ] removing player 2 token from slot 10
[14:05:40.102] [SEVERE ] player 2 placing token on slot 2
[14:05:41.100] [SEVERE ] updating countdown to 5984
[14:05:41.100] [SEVERE ] setting player 3 freeze to 0
[14:05:41.101] [SEVERE ] setting player 3 freeze to 0
[14:05:41.101] [SEVERE ] setting player 3 freeze to 0
[14:05:41.102] [SEVERE ] setting player 3 freeze to 0
[14:05:41.103] [SEVERE ] removing player 3 token from slot 1
[14:05:41.103] [SEVERE ] player 3 placing token on slot 9
[14:05:42.101] [SEVERE ] setting player 4 freeze to 0
[14:05:42.101] [SEVERE ] setting player 4 freeze to 0
[14:05:42.101] [SEVERE ] setting player 4 freeze to 0
[14:05:42.102] [SEVERE ] setting player 4 freeze to 0
[14:05:42.102] [SEVERE ] removing player 4 token from slot 9
[14:05:42.103] [SEVERE ] player 4 placing token on slot 2
[14:05:42.112] [SEVERE ] setting player 1 freeze to 0
[14:05:42.113] [SEVERE ] setting player 1 freeze to 0
[14:05:42.113] [SEVERE ] setting player 1 freeze to 0
[14:05:42.113] [SEVERE ] setting player 1 freeze to 0
[14:05:42.114] [SEVERE ] removing player 1 token from slot 5
[14:05:42.114] [SEVERE ] player 1 placing token on slot 2
[14:05:42.123] [SEVERE ] setting player 2 freeze to 0
[14:05:42.123] [SEVERE ] setting player 2 freeze to 0
[14:05:42.123] [SEVERE ] setting player 2 freeze to 0
[14:05:42.124] [SEVERE ] setting player 2 freeze to 0
[14:05:42.124] [SEVERE ] removing player 2 token from slot 9
[14:05:42.125] [SEVERE ] player 2 placing token on slot 8
[14:05:42.133] [SEVERE ] setting player 3 freeze to 0
[14:05:42.133] [SEVERE ] setting player 3 freeze to 0
[14:05:42.133] [SEVERE ] setting player 3 freeze to 0
[14:05:42.134] [SEVERE ] setting player 3 freeze to 0
[14:05:42.134] [SEVERE ] removing player 3 token from slot 3
[14:05:42.135] [SEVERE ] player 3 placing token on slot 7
[14:05:42.143] [SEVERE ] setting player 4 freeze to 0
[14:05:42.143] [SEVERE ] setting player 4 freeze to 0
[14:05:42.144] [SEVERE ] setting player 4 freeze to 0
[14:05:42.144] [SEVERE ] setting player 4 freeze to 0
[14:05:42.145] [SEVERE ] removing player 4 token from slot 8
[14:05:42.145] [SEVERE ] removing player 4 token from slot 2
[14:05:42.146] [SEVERE ] player 4 placing token on slot 0
[14:05:42.146] [SEVERE ] player 4 placing token on slot 2
[14:05:42.153] [SEVERE ] setting player 1 freeze to 0
[14:05:42.153] [SEVERE ] setting player 1 freeze to 0
[14:05:42.154] [SEVERE ] setting player 1 freeze to 0
[14:05:42.154] [SEVERE ] setting player 1 freeze to 0
[14:05:42.155] [SEVERE ] removing player 1 token from slot 2
[14:05:42.156] [SEVERE ] player 1 placing token on slot 3
[14:05:42.164] [SEVERE ] setting player 2 freeze to 0
[14:05:42.164] [SEVERE ] setting player 2 freeze to 0
[14:05:42.164] [SEVERE ] setting player 2 freeze to 0
[14:05:42.165] [SEVERE ] setting player 2 freeze to 0
[14:05:42.165] [SEVERE ] removing player 2 token from slot 2
[14:05:42.166] [SEVERE ] player 2 placing token on slot 6
[14:05:42.174] [SEVERE ] setting player 3 freeze to 0
[14:05:42.174] [SEVERE ] setting player 3 freeze to 0
[14:05:42.174] [SEVERE ] setting player 3 freeze to 0
[14:05:42.175] [SEVERE ] setting player 3 freeze to 0
[14:05:42.175] [SEVERE ] removing player 3 token from slot 7
[14:05:42.176] [SEVERE ] player 3 placing token on slot 5
[14:05:42.184] [SEVERE ] setting player 4 freeze to 0
[14:05:42.184] [SEVERE ] setting player 4 freeze to 0
[14:05:42.185] [SEVERE ] setting player 4 freeze to 0
[14:05:42.185] [SEVERE ] setting player 4 freeze to 0
[14:05:42.186] [SEVERE ] removing player 4 token from slot 2
[14:05:42.186] [SEVERE ] player 4 placing token on slot 1
[14:05:42.194] [SEVERE ] setting player 1 freeze to 0
[14:05:42.195] [SEVERE ] setting player 1 freeze to 0
[14:05:42.195] [SEVERE ] setting player 1 freeze to 0
[14:05:42.195] [SEVERE ] setting player 1 freeze to 0
[14:05:42.196] [SEVERE ] removing player 1 token from slot 3
[14:05:42.197] [SEVERE ] player 1 placing token on slot 1
[14:05:42.205] [SEVERE ] setting player 2 freeze to 0
[14:05:42.205] [SEVERE ] setting player 2 freeze to 0
[14:05:42.215] [SEVERE ] setting player 3 freeze to 0
[14:05:42.218] [SEVERE ] setting player 2 freeze to 0
[14:05:42.219] [SEVERE ] setting player 3 freeze to 0
[14:05:42.219] [SEVERE ] setting player 2 freeze to 0
[14:05:42.220] [SEVERE ] setting player 3 freeze to 0
[14:05:42.220] [SEVERE ] removing player 2 token from slot 0
[14:05:42.221] [SEVERE ] setting player 3 freeze to 0
[14:05:42.221] [SEVERE ] player 2 placing token on slot 7
[14:05:42.222] [SEVERE ] removing player 3 token from slot 5
[14:05:42.223] [SEVERE ] player 3 placing token on slot 11
[14:05:42.246] [SEVERE ] setting player 2 freeze to 0
[14:05:42.235] [SEVERE ] setting player 1 freeze to 0
[14:05:42.432] [SEVERE ] setting player 1 freeze to 0
[14:05:42.225] [SEVERE ] setting player 4 freeze to 0
[14:05:42.432] [SEVERE ] setting player 1 freeze to 0
[14:05:42.431] [SEVERE ] setting player 2 freeze to 0
[14:05:42.433] [SEVERE ] setting player 1 freeze to 0
[14:05:42.433] [SEVERE ] setting player 4 freeze to 0
[14:05:42.434] [SEVERE ] removing player 1 token from slot 6
[14:05:42.434] [SEVERE ] setting player 2 freeze to 0
[14:05:42.435] [SEVERE ] player 1 placing token on slot 5
[14:05:42.434] [SEVERE ] setting player 4 freeze to 0
[14:05:42.435] [SEVERE ] setting player 2 freeze to 0
[14:05:42.436] [SEVERE ] setting player 4 freeze to 0
[14:05:42.437] [SEVERE ] removing player 4 token from slot 1
[14:05:42.437] [SEVERE ] player 4 placing token on slot 11
[14:05:42.446] [SEVERE ] setting player 3 freeze to 0
[14:05:42.447] [SEVERE ] setting player 3 freeze to 0
[14:05:42.447] [SEVERE ] setting player 3 freeze to 0
[14:05:42.447] [SEVERE ] setting player 3 freeze to 0
[14:05:42.448] [SEVERE ] removing player 3 token from slot 11
[14:05:42.448] [SEVERE ] player 3 placing token on slot 4
[14:05:42.457] [SEVERE ] setting player 1 freeze to 0
[14:05:42.457] [SEVERE ] setting player 1 freeze to 0
[14:05:42.457] [SEVERE ] setting player 1 freeze to 0
[14:05:42.458] [SEVERE ] setting player 1 freeze to 0
[14:05:42.458] [SEVERE ] removing player 1 token from slot 5
[14:05:42.459] [SEVERE ] player 1 placing token on slot 2
[14:05:42.467] [SEVERE ] setting player 4 freeze to 0
[14:05:42.467] [SEVERE ] setting player 4 freeze to 0
[14:05:42.468] [SEVERE ] setting player 4 freeze to 0
[14:05:42.468] [SEVERE ] setting player 4 freeze to 0
[14:05:42.468] [SEVERE ] removing player 4 token from slot 3
[14:05:42.469] [SEVERE ] player 4 placing token on slot 1
[14:05:42.477] [SEVERE ] setting player 3 freeze to 0
[14:05:42.477] [SEVERE ] setting player 3 freeze to 0
[14:05:42.478] [SEVERE ] setting player 3 freeze to 0
[14:05:42.478] [SEVERE ] setting player 3 freeze to 0
[14:05:42.479] [SEVERE ] removing player 3 token from slot 4
[14:05:42.479] [SEVERE ] player 3 placing token on slot 5
[14:05:42.487] [SEVERE ] setting player 1 freeze to 0
[14:05:42.488] [SEVERE ] setting player 1 freeze to 0
[14:05:42.488] [SEVERE ] setting player 1 freeze to 0
[14:05:42.488] [SEVERE ] setting player 1 freeze to 0
[14:05:42.489] [SEVERE ] removing player 1 token from slot 1
[14:05:42.489] [SEVERE ] removing player 1 token from slot 2
[14:05:42.490] [SEVERE ] player 1 placing token on slot 2
[14:05:42.490] [SEVERE ] removing player 1 token from slot 9
[14:05:42.491] [SEVERE ] player 1 placing token on slot 0
[14:05:42.491] [SEVERE ] player 1 placing token on slot 5
[14:05:42.498] [SEVERE ] setting player 4 freeze to 0
[14:05:42.498] [SEVERE ] setting player 4 freeze to 0
[14:05:42.498] [SEVERE ] setting player 4 freeze to 0
[14:05:42.499] [SEVERE ] setting player 4 freeze to 0
[14:05:42.499] [SEVERE ] removing player 4 token from slot 11
[14:05:42.500] [SEVERE ] player 4 placing token on slot 11
[14:05:42.508] [SEVERE ] setting player 3 freeze to 0
[14:05:42.508] [SEVERE ] setting player 3 freeze to 0
[14:05:42.509] [SEVERE ] setting player 3 freeze to 0
[14:05:42.509] [SEVERE ] setting player 3 freeze to 0
[14:05:42.509] [SEVERE ] removing player 3 token from slot 5
[14:05:42.510] [SEVERE ] player 3 placing token on slot 1
[14:05:42.518] [SEVERE ] setting player 1 freeze to 0
[14:05:42.518] [SEVERE ] setting player 1 freeze to 0
[14:05:42.519] [SEVERE ] setting player 1 freeze to 0
[14:05:42.519] [SEVERE ] setting player 1 freeze to 0
[14:05:42.520] [SEVERE ] removing player 1 token from slot 2
[14:05:42.520] [SEVERE ] player 1 placing token on slot 10
[14:05:42.528] [SEVERE ] setting player 4 freeze to 0
[14:05:42.528] [SEVERE ] setting player 4 freeze to 0
[14:05:42.529] [SEVERE ] setting player 4 freeze to 0
[14:05:42.529] [SEVERE ] setting player 4 freeze to 0
[14:05:42.530] [SEVERE ] removing player 4 token from slot 0
[14:05:42.549] [SEVERE ] setting player 1 freeze to 0
[14:05:42.740] [SEVERE ] setting player 1 freeze to 0
[14:05:42.538] [SEVERE ] setting player 3 freeze to 0
[14:05:42.741] [SEVERE ] setting player 1 freeze to 0
[14:05:42.740] [SEVERE ] player 4 placing token on slot 5
[14:05:42.742] [SEVERE ] setting player 1 freeze to 0
[14:05:42.741] [SEVERE ] setting player 3 freeze to 0
[14:05:42.744] [SEVERE ] setting player 3 freeze to 0
[14:05:42.744] [SEVERE ] setting player 3 freeze to 0
[14:05:42.745] [SEVERE ] removing player 3 token from slot 8
[14:05:42.745] [SEVERE ] player 3 placing token on slot 7
[14:05:42.753] [SEVERE ] setting player 4 freeze to 0
[14:05:42.753] [SEVERE ] setting player 4 freeze to 0
[14:05:42.754] [SEVERE ] setting player 4 freeze to 0
[14:05:42.754] [SEVERE ] setting player 4 freeze to 0
[14:05:42.755] [SEVERE ] removing player 4 token from slot 5
[14:05:42.755] [SEVERE ] player 4 placing token on slot 3
[14:05:42.764] [SEVERE ] setting player 3 freeze to 0
[14:05:42.764] [SEVERE ] setting player 3 freeze to 0
[14:05:42.764] [SEVERE ] setting player 3 freeze to 0
[14:05:42.765] [SEVERE ] setting player 3 freeze to 0
[14:05:42.765] [SEVERE ] removing player 3 token from slot 7
[14:05:42.765] [SEVERE ] player 3 placing token on slot 8
[14:05:42.774] [SEVERE ] setting player 4 freeze to 0
[14:05:42.774] [SEVERE ] setting player 4 freeze to 0
[14:05:42.774] [SEVERE ] setting player 4 freeze to 0
[14:05:42.775] [SEVERE ] setting player 4 freeze to 0
[14:05:42.775] [SEVERE ] removing player 4 token from slot 11
[14:05:42.776] [SEVERE ] player 4 placing token on slot 0
[14:05:42.784] [SEVERE ] setting player 3 freeze to 0
[14:05:42.784] [SEVERE ] setting player 3 freeze to 0
[14:05:42.784] [SEVERE ] setting player 3 freeze to 0
[14:05:42.785] [SEVERE ] setting player 3 freeze to 0
[14:05:42.785] [SEVERE ] removing player 3 token from slot 9
[14:05:42.786] [SEVERE ] removing player 3 token from slot 8
[14:05:42.786] [SEVERE ] player 3 placing token on slot 2
[14:05:42.787] [SEVERE ] player 3 placing token on slot 4
[14:05:42.794] [SEVERE ] setting player 4 freeze to 0
[14:05:42.794] [SEVERE ] setting player 4 freeze to 0
[14:05:42.795] [SEVERE ] setting player 4 freeze to 0
[14:05:42.795] [SEVERE ] setting player 4 freeze to 0
[14:05:42.796] [SEVERE ] removing player 4 token from slot 0
[14:05:42.796] [SEVERE ] player 4 placing token on slot 6
[14:05:42.804] [SEVERE ] setting player 3 freeze to 0
[14:05:42.804] [SEVERE ] setting player 3 freeze to 0
[14:05:42.805] [SEVERE ] setting player 3 freeze to 0
[14:05:42.805] [SEVERE ] setting player 3 freeze to 0
[14:05:42.806] [SEVERE ] removing player 3 token from slot 4
[14:05:42.806] [SEVERE ] player 3 placing token on slot 7
[14:05:42.814] [SEVERE ] setting player 4 freeze to 0
[14:05:42.814] [SEVERE ] setting player 4 freeze to 0
[14:05:42.815] [SEVERE ] setting player 4 freeze to 0
[14:05:42.815] [SEVERE ] setting player 4 freeze to 0
[14:05:42.816] [SEVERE ] removing player 4 token from slot 6
[14:05:42.816] [SEVERE ] player 4 placing token on slot 6
[14:05:42.825] [SEVERE ] setting player 3 freeze to 0
[14:05:42.825] [SEVERE ] setting player 3 freeze to 0
[14:05:42.825] [SEVERE ] setting player 3 freeze to 0
[14:05:42.826] [SEVERE ] setting player 3 freeze to 0
[14:05:42.826] [SEVERE ] removing player 3 token from slot 1
[14:05:42.827] [SEVERE ] player 3 placing token on slot 4
[14:05:42.835] [SEVERE ] setting player 4 freeze to 0
[14:05:42.835] [SEVERE ] setting player 4 freeze to 0
[14:05:42.835] [SEVERE ] setting player 4 freeze to 0
[14:05:42.836] [SEVERE ] setting player 4 freeze to 0
[14:05:42.836] [SEVERE ] removing player 4 token from slot 3
[14:05:42.837] [SEVERE ] player 4 placing token on slot 10
[14:05:42.845] [SEVERE ] setting player 3 freeze to 0
[14:05:42.845] [SEVERE ] setting player 3 freeze to 0
[14:05:42.845] [SEVERE ] setting player 3 freeze to 0
[14:05:42.846] [SEVERE ] setting player 3 freeze to 0
[14:05:42.846] [SEVERE ] removing player 3 token from slot 7
[14:05:42.847] [SEVERE ] player 3 placing token on slot 1
[14:05:42.855] [SEVERE ] setting player 4 freeze to 0
[14:05:42.858] [SEVERE ] setting player 4 freeze to 0
[14:05:42.858] [SEVERE ] setting player 4 freeze to 0
[14:05:42.858] [SEVERE ] setting player 4 freeze to 0
[14:05:42.859] [SEVERE ] removing player 4 token from slot 6
[14:05:42.860] [SEVERE ] player 4 placing token on slot 8
[14:05:42.865] [SEVERE ] setting player 3 freeze to 0
[14:05:42.865] [SEVERE ] setting player 3 freeze to 0
[14:05:42.866] [SEVERE ] setting player 3 freeze to 0
[14:05:42.866] [SEVERE ] setting player 3 freeze to 0
[14:05:42.866] [SEVERE ] removing player 3 token from slot 4
[14:05:42.867] [SEVERE ] removing player 3 token from slot 1
[14:05:42.867] [SEVERE ] player 3 placing token on slot 11
[14:05:42.868] [SEVERE ] player 3 placing token on slot 4
[14:05:42.875] [SEVERE ] setting player 4 freeze to 0
[14:05:42.875] [SEVERE ] setting player 4 freeze to 0
[14:05:42.876] [SEVERE ] setting player 4 freeze to 0
[14:05:42.876] [SEVERE ] setting player 4 freeze to 0
[14:05:42.879] [SEVERE ] removing player 4 token from slot 10
[14:05:42.882] [SEVERE ] player 4 placing token on slot 11
[14:05:42.886] [SEVERE ] setting player 3 freeze to 0
[14:05:42.886] [SEVERE ] setting player 3 freeze to 0
[14:05:42.887] [SEVERE ] setting player 3 freeze to 0
[14:05:42.888] [SEVERE ] setting player 3 freeze to 0
[14:05:42.888] [SEVERE ] removing player 3 token from slot 4
[14:05:42.889] [SEVERE ] player 3 placing token on slot 7
[14:05:42.896] [SEVERE ] setting player 4 freeze to 0
[14:05:42.896] [SEVERE ] setting player 4 freeze to 0
[14:05:42.896] [SEVERE ] setting player 4 freeze to 0
[14:05:42.897] [SEVERE ] setting player 4 freeze to 0
[14:05:42.897] [SEVERE ] removing player 4 token from slot 1
[14:05:42.898] [SEVERE ] player 4 placing token on slot 4
[14:05:42.906] [SEVERE ] setting player 3 freeze to 0
[14:05:42.906] [SEVERE ] setting player 3 freeze to 0
[14:05:42.906] [SEVERE ] setting player 3 freeze to 0
[14:05:42.907] [SEVERE ] setting player 3 freeze to 0
[14:05:42.907] [SEVERE ] removing player 3 token from slot 2
[14:05:42.908] [SEVERE ] player 3 placing token on slot 3
[14:05:42.916] [SEVERE ] setting player 4 freeze to 0
[14:05:42.916] [SEVERE ] setting player 4 freeze to 0
[14:05:42.917] [SEVERE ] setting player 4 freeze to 0
[14:05:42.917] [SEVERE ] setting player 4 freeze to 0
[14:05:42.918] [SEVERE ] removing player 4 token from slot 11
[14:05:42.918] [SEVERE ] removing player 4 token from slot 8
[14:05:42.919] [SEVERE ] player 4 placing token on slot 9
[14:05:42.919] [SEVERE ] player 4 placing token on slot 6
[14:05:42.926] [SEVERE ] updating countdown to 30000
[14:05:42.926] [SEVERE ] setting player 3 score to 1
[14:05:42.926] [SEVERE ] removing player 3 token from slot 3
[14:05:42.927] [SEVERE ] setting player 3 freeze to 0
[14:05:42.928] [SEVERE ] setting player 3 freeze to 0
[14:05:42.928] [SEVERE ] removing player 3 token from slot 7
[14:05:42.929] [SEVERE ] player 3 placing token on slot 7
[14:05:43.027] [SEVERE ] removing card from slot 3
[14:05:43.027] [SEVERE ] removing player 3 token from slot 7
[14:05:43.128] [SEVERE ] removing card from slot 7
[14:05:43.128] [SEVERE ] removing player 3 token from slot 11
[14:05:43.229] [SEVERE ] removing card from slot 11
[14:05:43.229] [SEVERE ] removing player 2 token from slot 7
[14:05:43.229] [SEVERE ] removing player 3 token from slot 11
[14:05:43.230] [SEVERE ] removing player 3 token from slot 3
[14:05:43.230] [SEVERE ] removing player 3 token from slot 7
[14:05:43.331] [SEVERE ] placing card 79 in slot 3
[14:05:43.431] [SEVERE ] placing card 26 in slot 7
[14:05:43.531] [SEVERE ] placing card 52 in slot 11
[14:05:43.542] [SEVERE ] setting player 4 freeze to 0
[14:05:43.542] [SEVERE ] setting player 4 freeze to 0
[14:05:43.542] [SEVERE ] setting player 4 freeze to 0
[14:05:43.543] [SEVERE ] setting player 4 freeze to 0
[14:05:43.543] [SEVERE ] removing player 4 token from slot 6
[14:05:43.544] [SEVERE ] player 4 placing token on slot 7
[14:05:43.552] [SEVERE ] updating countdown to 30000
[14:05:43.552] [SEVERE ] setting player 3 score to 2
[14:05:43.552] [SEVERE ] removing player 1 token from slot 0
[14:05:43.552] [SEVERE ] setting player 3 freeze to 0
[14:05:43.553] [SEVERE ] removing player 1 token from slot 0
[14:05:43.553] [SEVERE ] setting player 3 freeze to 0
[14:05:43.554] [SEVERE ] removing player 1 token from slot 0
[14:05:43.555] [SEVERE ] player 3 placing token on slot 0
[14:05:43.555] [SEVERE ] removing player 3 token from slot 0
[14:05:43.556] [SEVERE ] player 3 placing token on slot 8
[14:05:43.556] [SEVERE ] removing player 3 token from slot 0
[14:05:43.557] [SEVERE ] removing player 3 token from slot 0
[14:05:43.557] [SEVERE ] player 3 placing token on slot 7
[14:05:43.558] [SEVERE ] player 3 placing token on slot 7
[14:05:43.558] [SEVERE ] player 3 placing token on slot 8
[14:05:43.558] [SEVERE ] player 3 placing token on slot 10
[14:05:43.657] [SEVERE ] placing card 38 in slot 0
[14:05:43.757] [SEVERE ] placing card 49 in slot 0
[14:05:43.858] [SEVERE ] placing card 1 in slot 0
[14:05:43.868] [SEVERE ] setting player 4 freeze to 0
[14:05:43.868] [SEVERE ] setting player 4 freeze to 0
[14:05:43.868] [SEVERE ] setting player 4 freeze to 0
[14:05:43.869] [SEVERE ] setting player 4 freeze to 0
[14:05:43.869] [SEVERE ] removing player 4 token from slot 9
[14:05:43.870] [SEVERE ] removing player 4 token from slot 4
[14:05:43.870] [SEVERE ] player 4 placing token on slot 3
[14:05:43.870] [SEVERE ] player 4 placing token on slot 11
[14:05:43.878] [SEVERE ] setting player 3 freeze to 0
[14:05:43.878] [SEVERE ] setting player 3 freeze to 0
[14:05:43.878] [SEVERE ] setting player 3 freeze to 0
[14:05:43.879] [SEVERE ] setting player 3 freeze to 0
[14:05:43.879] [SEVERE ] removing player 3 token from slot 7
[14:05:43.880] [SEVERE ] player 3 placing token on slot 9
[14:05:43.888] [SEVERE ] setting player 4 freeze to 0
[14:05:43.888] [SEVERE ] setting player 4 freeze to 0
[14:05:43.889] [SEVERE ] setting player 4 freeze to 0
[14:05:43.889] [SEVERE ] setting player 4 freeze to 0
[14:05:43.889] [SEVERE ] removing player 4 token from slot 11
[14:05:43.890] [SEVERE ] player 4 placing token on slot 10
[14:05:43.898] [SEVERE ] setting player 3 freeze to 0
[14:05:43.898] [SEVERE ] setting player 3 freeze to 0
[14:05:43.899] [SEVERE ] setting player 3 freeze to 0
[14:05:43.899] [SEVERE ] setting player 3 freeze to 0
[14:05:43.900] [SEVERE ] removing player 3 token from slot 8
[14:05:43.900] [SEVERE ] removing player 3 token from slot 9
[14:05:43.901] [SEVERE ] player 3 placing token on slot 7
[14:05:43.901] [SEVERE ] player 3 placing token on slot 9
[14:05:43.908] [SEVERE ] setting player 4 freeze to 0
[14:05:43.909] [SEVERE ] setting player 4 freeze to 0
[14:05:43.909] [SEVERE ] setting player 4 freeze to 0
[14:05:43.909] [SEVERE ] setting player 4 freeze to 0
[14:05:43.910] [SEVERE ] removing player 4 token from slot 7
[14:05:43.910] [SEVERE ] player 4 placing token on slot 1
[14:05:43.919] [SEVERE ] setting player 3 freeze to 0
[14:05:43.919] [SEVERE ] setting player 3 freeze to 0
[14:05:43.929] [SEVERE ] setting player 4 freeze to 0
[14:05:43.934] [SEVERE ] setting player 3 freeze to 0
[14:05:43.935] [SEVERE ] setting player 4 freeze to 0
[14:05:43.935] [SEVERE ] setting player 3 freeze to 0
[14:05:43.936] [SEVERE ] setting player 4 freeze to 0
[14:05:43.937] [SEVERE ] removing player 3 token from slot 7
[14:05:43.937] [SEVERE ] setting player 4 freeze to 0
[14:05:43.938] [SEVERE ] player 3 placing token on slot 4
[14:05:43.939] [SEVERE ] removing player 4 token from slot 10
[14:05:43.939] [SEVERE ] setting player 3 freeze to 0
[14:05:43.940] [SEVERE ] player 4 placing token on slot 0
[14:05:43.940] [SEVERE ] setting player 3 freeze to 0
[14:05:43.941] [SEVERE ] setting player 3 freeze to 0
[14:05:43.942] [SEVERE ] setting player 3 freeze to 0
[14:05:43.943] [SEVERE ] removing player 3 token from slot 9
[14:05:43.943] [SEVERE ] removing player 3 token from slot 4
[14:05:43.944] [SEVERE ] player 3 placing token on slot 2
[14:05:43.944] [SEVERE ] player 3 placing token on slot 1
[14:05:43.949] [SEVERE ] setting player 4 freeze to 0
[14:05:43.949] [SEVERE ] setting player 4 freeze to 0
[14:05:43.950] [SEVERE ] setting player 4 freeze to 0
[14:05:43.950] [SEVERE ] setting player 4 freeze to 0
[14:05:43.951] [SEVERE ] removing player 4 token from slot 1
[14:05:43.952] [SEVERE ] player 4 placing token on slot 1
[14:05:43.959] [SEVERE ] setting player 3 freeze to 0
[14:05:43.959] [SEVERE ] setting player 3 freeze to 0
[14:05:43.960] [SEVERE ] setting player 3 freeze to 0
[14:05:43.960] [SEVERE ] setting player 3 freeze to 0
[14:05:43.960] [SEVERE ] removing player 3 token from slot 10
[14:05:43.961] [SEVERE ] player 3 placing token on slot 7
[14:05:43.969] [SEVERE ] setting player 4 freeze to 0
[14:05:43.970] [SEVERE ] setting player 4 freeze to 0
[14:05:43.970] [SEVERE ] setting player 4 freeze to 0
[14:05:43.970] [SEVERE ] setting player 4 freeze to 0
[14:05:43.971] [SEVERE ] removing player 4 token from slot 1
[14:05:43.971] [SEVERE ] removing player 4 token from slot 3
[14:05:43.972] [SEVERE ] player 4 placing token on slot 6
[14:05:43.972] [SEVERE ] player 4 placing token on slot 10
[14:05:43.980] [SEVERE ] setting player 3 freeze to 0
[14:05:43.980] [SEVERE ] setting player 3 freeze to 0
[14:05:43.980] [SEVERE ] setting player 3 freeze to 0
[14:05:43.980] [SEVERE ] setting player 3 freeze to 0
[14:05:43.981] [SEVERE ] removing player 3 token from slot 2
[14:05:43.981] [SEVERE ] player 3 placing token on slot 3
[14:05:43.990] [SEVERE ] setting player 4 freeze to 0
[14:05:43.990] [SEVERE ] setting player 4 freeze to 0
[14:05:43.991] [SEVERE ] setting player 4 freeze to 0
[14:05:43.991] [SEVERE ] setting player 4 freeze to 0
[14:05:43.992] [SEVERE ] removing player 4 token from slot 10
[14:05:43.992] [SEVERE ] player 4 placing token on slot 11
[14:05:44.000] [SEVERE ] setting player 3 freeze to 0
[14:05:44.000] [SEVERE ] setting player 3 freeze to 0
[14:05:44.000] [SEVERE ] setting player 3 freeze to 0
[14:05:44.001] [SEVERE ] setting player 3 freeze to 0
[14:05:44.001] [SEVERE ] removing player 3 token from slot 3
[14:05:44.002] [SEVERE ] player 3 placing token on slot 6
[14:05:44.010] [SEVERE ] setting player 4 freeze to 0
[14:05:44.011] [SEVERE ] setting player 4 freeze to 0
[14:05:44.011] [SEVERE ] setting player 4 freeze to 0
[14:05:44.012] [SEVERE ] setting player 4 freeze to 0
[14:05:44.012] [SEVERE ] removing player 4 token from slot 0
[14:05:44.012] [SEVERE ] removing player 4 token from slot 6
[14:05:44.013] [SEVERE ] player 4 placing token on slot 1
[14:05:44.013] [SEVERE ] player 4 placing token on slot 4
[14:05:44.021] [SEVERE ] setting player 3 freeze to 0
[14:05:44.021] [SEVERE ] setting player 3 freeze to 0
[14:05:44.022] [SEVERE ] setting player 3 freeze to 0
[14:05:44.022] [SEVERE ] setting player 3 freeze to 0
[14:05:44.022] [SEVERE ] removing player 3 token from slot 1
[14:05:44.023] [SEVERE ] player 3 placing token on slot 3
[14:05:44.031] [SEVERE ] setting player 4 freeze to 0
[14:05:44.031] [SEVERE ] setting player 4 freeze to 0
[14:05:44.032] [SEVERE ] setting player 4 freeze to 0
[14:05:44.032] [SEVERE ] setting player 4 freeze to 0
[14:05:44.033] [SEVERE ] removing player 4 token from slot 1
[14:05:44.033] [SEVERE ] player 4 placing token on slot 6
[14:05:44.041] [SEVERE ] setting player 3 freeze to 0
[14:05:44.042] [SEVERE ] setting player 3 freeze to 0
[14:05:44.042] [SEVERE ] setting player 3 freeze to 0
[14:05:44.042] [SEVERE ] setting player 3 freeze to 0
[14:05:44.043] [SEVERE ] removing player 3 token from slot 7
[14:05:44.043] [SEVERE ] removing player 3 token from slot 3
[14:05:44.044] [SEVERE ] player 3 placing token on slot 11
[14:05:44.044] [SEVERE ] player 3 placing token on slot 1
[14:05:44.052] [SEVERE ] setting player 4 freeze to 0
[14:05:44.062] [SEVERE ] setting player 3 freeze to 0
[14:05:44.094] [SEVERE ] setting player 4 freeze to 0
[14:05:44.094] [SEVERE ] setting player 3 freeze to 0
[14:05:44.095] [SEVERE ] setting player 4 freeze to 0
[14:05:44.095] [SEVERE ] setting player 3 freeze to 0
[14:05:44.096] [SEVERE ] setting player 4 freeze to 0
[14:05:44.097] [SEVERE ] removing player 4 token from slot 4
[14:05:44.097] [SEVERE ] player 4 placing token on slot 0
[14:05:44.096] [SEVERE ] setting player 3 freeze to 0
[14:05:44.098] [SEVERE ] removing player 3 token from slot 11
[14:05:44.099] [SEVERE ] player 3 placing token on slot 2
[14:05:44.099] [SEVERE ] setting player 3 freeze to 0
[14:05:44.100] [SEVERE ] setting player 3 freeze to 0
[14:05:44.100] [SEVERE ] setting player 3 freeze to 0
[14:05:44.100] [SEVERE ] setting player 3 freeze to 0
[14:05:44.101] [SEVERE ] removing player 3 token from slot 6
[14:05:44.101] [SEVERE ] player 3 placing token on slot 0
[14:05:44.110] [SEVERE ] setting player 4 freeze to 0
[14:05:44.110] [SEVERE ] setting player 4 freeze to 0
[14:05:44.110] [SEVERE ] setting player 4 freeze to 0
[14:05:44.110] [SEVERE ] setting player 4 freeze to 0
[14:05:44.110] [SEVERE ] removing player 4 token from slot 6
[14:05:44.111] [SEVERE ] player 4 placing token on slot 4
[14:05:44.120] [SEVERE ] setting player 3 freeze to 0
[14:05:44.120] [SEVERE ] setting player 3 freeze to 0
[14:05:44.120] [SEVERE ] setting player 3 freeze to 0
[14:05:44.121] [SEVERE ] setting player 3 freeze to 0
[14:05:44.121] [SEVERE ] removing player 3 token from slot 2
[14:05:44.122] [SEVERE ] player 3 placing token on slot 2
[14:05:44.130] [SEVERE ] setting player 3 freeze to 0
[14:05:44.130] [SEVERE ] setting player 3 freeze to 0
[14:05:44.131] [SEVERE ] setting player 3 freeze to 0
[14:05:44.131] [SEVERE ] setting player 3 freeze to 0
[14:05:44.132] [SEVERE ] removing player 3 token from slot 2
[14:05:44.132] [SEVERE ] player 3 placing token on slot 3
[14:05:44.140] [SEVERE ] setting player 4 freeze to 0
[14:05:44.141] [SEVERE ] setting player 4 freeze to 0
[14:05:44.141] [SEVERE ] setting player 4 freeze to 0
[14:05:44.142] [SEVERE ] setting player 4 freeze to 0
[14:05:44.142] [SEVERE ] removing player 4 token from slot 0
[14:05:44.142] [SEVERE ] player 4 placing token on slot 2
[14:05:44.151] [SEVERE ] setting player 3 freeze to 0
[14:05:44.151] [SEVERE ] setting player 3 freeze to 0
[14:05:44.151] [SEVERE ] setting player 3 freeze to 0
[14:05:44.152] [SEVERE ] setting player 3 freeze to 0
[14:05:44.181] [SEVERE ] setting player 4 freeze to 0
[14:05:44.181] [SEVERE ] setting player 4 freeze to 0
[14:05:44.181] [SEVERE ] setting player 4 freeze to 0
[14:05:44.182] [SEVERE ] setting player 4 freeze to 0
[14:05:44.182] [SEVERE ] removing player 4 token from slot 11
[14:05:44.183] [SEVERE ] player 4 placing token on slot 9
[14:05:44.191] [SEVERE ] updating countdown to 30000
[14:05:44.191] [SEVERE ] setting player 4 score to 1
[14:05:44.192] [SEVERE ] setting player 4 freeze to 0
[14:05:44.192] [SEVERE ] setting player 4 freeze to 0
[14:05:44.191] [SEVERE ] removing player 4 token from slot 2
[14:05:44.193] [SEVERE ] removing player 4 token from slot 9
[14:05:44.194] [SEVERE ] player 4 placing token on slot 1
[14:05:44.293] [SEVERE ] removing card from slot 2
[14:05:44.293] [SEVERE ] removing player 4 token from slot 4
[14:05:44.394] [SEVERE ] removing card from slot 4
[14:05:44.395] [SEVERE ] removing player 3 token from slot 0
[14:05:44.396] [SEVERE ] removing player 4 token from slot 4
[14:05:44.397] [SEVERE ] removing player 4 token from slot 2
[14:05:44.497] [SEVERE ] placing card 59 in slot 2
[14:05:44.598] [SEVERE ] placing card 14 in slot 4
[14:05:44.698] [SEVERE ] placing card 67 in slot 0
[14:05:44.708] [SEVERE ] updating countdown to 30000
[14:05:44.708] [SEVERE ] setting player 4 score to 2
[14:05:44.709] [SEVERE ] setting player 4 freeze to 0
[14:05:44.709] [SEVERE ] setting player 4 freeze to 0
[14:05:44.710] [SEVERE ] player 4 placing token on slot 2
[14:05:44.710] [SEVERE ] player 4 placing token on slot 1
[14:05:44.711] [SEVERE ] player 4 placing token on slot 3
[14:05:44.808] [SEVERE ] placing card 55 in slot 0
[14:05:44.908] [SEVERE ] placing card 53 in slot 0
[14:05:45.009] [SEVERE ] placing card 70 in slot 0
[14:05:45.019] [SEVERE ] setting player 4 freeze to 0
[14:05:45.019] [SEVERE ] setting player 4 freeze to 0
[14:05:45.020] [SEVERE ] setting player 4 freeze to 0
[14:05:45.020] [SEVERE ] setting player 4 freeze to 0
[14:05:45.021] [SEVERE ] removing player 4 token from slot 1
[14:05:45.021] [SEVERE ] player 4 placing token on slot 9
[14:05:45.029] [SEVERE ] setting player 4 freeze to 0
[14:05:45.029] [SEVERE ] setting player 4 freeze to 0
[14:05:45.030] [SEVERE ] setting player 4 freeze to 0
[14:05:45.030] [SEVERE ] setting player 4 freeze to 0
[14:05:45.031] [SEVERE ] removing player 4 token from slot 9
[14:05:45.031] [SEVERE ] player 4 placing token on slot 9
[14:05:45.039] [SEVERE ] setting player 4 freeze to 0
[14:05:45.039] [SEVERE ] setting player 4 freeze to 0
[14:05:45.040] [SEVERE ] setting player 4 freeze to 0
[14:05:45.040] [SEVERE ] setting player 4 freeze to 0
[14:05:45.041] [SEVERE ] removing player 4 token from slot 2
[14:05:45.041] [SEVERE ] player 4 placing token on slot 11
[14:05:45.050] [SEVERE ] setting player 4 freeze to 0
[14:05:45.050] [SEVERE ] setting player 4 freeze to 0
[14:05:45.050] [SEVERE ] setting player 4 freeze to 0
[14:05:45.050] [SEVERE ] setting player 4 freeze to 0
[14:05:45.051] [SEVERE ] removing player 4 token from slot 9
[14:05:45.051] [SEVERE ] player 4 placing token on slot 1
[14:05:45.060] [SEVERE ] setting player 4 freeze to 0
[14:05:45.060] [SEVERE ] setting player 4 freeze to 0
[14:05:45.060] [SEVERE ] setting player 4 freeze to 0
[14:05:45.061] [SEVERE ] setting player 4 freeze to 0
[14:05:45.061] [SEVERE ] removing player 4 token from slot 1
[14:05:45.061] [SEVERE ] player 4 placing token on slot 0
[14:05:45.070] [SEVERE ] setting player 4 freeze to 0
[14:05:45.070] [SEVERE ] setting player 4 freeze to 0
[14:05:45.070] [SEVERE ] setting player 4 freeze to 0
[14:05:45.071] [SEVERE ] setting player 4 freeze to 0
[14:05:45.071] [SEVERE ] removing player 4 token from slot 0
[14:05:45.072] [SEVERE ] player 4 placing token on slot 4
[14:05:45.080] [SEVERE ] setting player 4 freeze to 0
[14:05:45.080] [SEVERE ] setting player 4 freeze to 0
[14:05:45.081] [SEVERE ] setting player 4 freeze to 0
[14:05:45.081] [SEVERE ] setting player 4 freeze to 0
[14:05:45.082] [SEVERE ] removing player 4 token from slot 4
[14:05:45.082] [SEVERE ] player 4 placing token on slot 1
[14:05:45.090] [SEVERE ] setting player 4 freeze to 0
[14:05:45.091] [SEVERE ] setting player 4 freeze to 0
[14:05:45.091] [SEVERE ] setting player 4 freeze to 0
[14:05:45.092] [SEVERE ] setting player 4 freeze to 0
[14:05:45.092] [SEVERE ] removing player 4 token from slot 1
[14:05:45.092] [SEVERE ] player 4 placing token on slot 4
[14:05:45.101] [SEVERE ] setting player 4 freeze to 0
[14:05:45.101] [SEVERE ] setting player 4 freeze to 0
[14:05:45.126] [SEVERE ] setting player 4 freeze to 0
[14:05:45.127] [SEVERE ] setting player 4 freeze to 0
[14:05:45.128] [SEVERE ] removing player 4 token from slot 4
[14:05:45.128] [SEVERE ] removing player 4 token from slot 3
[14:05:45.128] [SEVERE ] player 4 placing token on slot 7
[14:05:45.129] [SEVERE ] player 4 placing token on slot 10
[14:05:45.129] [SEVERE ] setting player 4 freeze to 0
[14:05:45.130] [SEVERE ] setting player 4 freeze to 0
[14:05:45.130] [SEVERE ] setting player 4 freeze to 0
[14:05:45.131] [SEVERE ] setting player 4 freeze to 0
[14:05:45.131] [SEVERE ] removing player 4 token from slot 11
[14:05:45.132] [SEVERE ] removing player 4 token from slot 7
[14:05:45.132] [SEVERE ] removing player 4 token from slot 10
[14:05:45.132] [SEVERE ] player 4 placing token on slot 3
[14:05:45.133] [SEVERE ] removing player 4 token from slot 3
[14:05:45.133] [SEVERE ] player 4 placing token on slot 6
[14:05:45.134] [SEVERE ] player 4 placing token on slot 4
[14:05:45.134] [SEVERE ] removing player 4 token from slot 6
[14:05:45.135] [SEVERE ] player 4 placing token on slot 8
[14:05:45.135] [SEVERE ] player 4 placing token on slot 11
[14:05:45.140] [SEVERE ] setting player 4 freeze to 0
[14:05:45.140] [SEVERE ] setting player 4 freeze to 0
[14:05:45.140] [SEVERE ] setting player 4 freeze to 0
[14:05:45.140] [SEVERE ] setting player 4 freeze to 0
[14:05:45.141] [SEVERE ] removing player 4 token from slot 11
[14:05:45.141] [SEVERE ] player 4 placing token on slot 3
[14:05:45.150] [SEVERE ] setting player 4 freeze to 0
[14:05:45.150] [SEVERE ] setting player 4 freeze to 0
[14:05:45.150] [SEVERE ] setting player 4 freeze to 0
[14:05:45.150] [SEVERE ] setting player 4 freeze to 0
[14:05:45.151] [SEVERE ] removing player 4 token from slot 4
[14:05:45.152] [SEVERE ] player 4 placing token on slot 5
[14:05:45.160] [SEVERE ] setting player 4 freeze to 0
[14:05:45.160] [SEVERE ] setting player 4 freeze to 0
[14:05:45.160] [SEVERE ] setting player 4 freeze to 0
[14:05:45.161] [SEVERE ] setting player 4 freeze to 0
[14:05:45.161] [SEVERE ] removing player 4 token from slot 8
[14:05:45.162] [SEVERE ] player 4 placing token on slot 11
[14:05:45.170] [SEVERE ] setting player 4 freeze to 0
[14:05:45.170] [SEVERE ] setting player 4 freeze to 0
[14:05:45.171] [SEVERE ] setting player 4 freeze to 0
[14:05:45.171] [SEVERE ] setting player 4 freeze to 0
[14:05:45.172] [SEVERE ] removing player 4 token from slot 5
[14:05:45.172] [SEVERE ] player 4 placing token on slot 8
[14:05:45.180] [SEVERE ] setting player 4 freeze to 0
[14:05:45.181] [SEVERE ] setting player 4 freeze to 0
[14:05:45.181] [SEVERE ] setting player 4 freeze to 0
[14:05:45.182] [SEVERE ] setting player 4 freeze to 0
[14:05:45.182] [SEVERE ] removing player 4 token from slot 3
[14:05:45.182] [SEVERE ] player 4 placing token on slot 10
[14:05:45.191] [SEVERE ] setting player 4 freeze to 0
[14:05:45.191] [SEVERE ] setting player 4 freeze to 0
[14:05:45.191] [SEVERE ] setting player 4 freeze to 0
[14:05:45.192] [SEVERE ] setting player 4 freeze to 0
[14:05:45.192] [SEVERE ] removing player 4 token from slot 10
[14:05:45.193] [SEVERE ] player 4 placing token on slot 5
[14:05:45.201] [SEVERE ] setting player 4 freeze to 0
[14:05:45.201] [SEVERE ] setting player 4 freeze to 0
[14:05:45.201] [SEVERE ] setting player 4 freeze to 0
[14:05:45.202] [SEVERE ] setting player 4 freeze to 0
[14:05:45.202] [SEVERE ] removing player 4 token from slot 11
[14:05:45.203] [SEVERE ] player 4 placing token on slot 0
[14:05:45.211] [SEVERE ] setting player 4 freeze to 0
[14:05:45.211] [SEVERE ] setting player 4 freeze to 0
[14:05:45.212] [SEVERE ] setting player 4 freeze to 0
[14:05:45.212] [SEVERE ] setting player 4 freeze to 0
[14:05:45.212] [SEVERE ] removing player 4 token from slot 0
[14:05:45.213] [SEVERE ] removing player 4 token from slot 8
[14:05:45.213] [SEVERE ] player 4 placing token on slot 10
[14:05:45.214] [SEVERE ] player 4 placing token on slot 6
[14:05:45.221] [SEVERE ] setting player 4 freeze to 0
[14:05:45.223] [SEVERE ] setting player 4 freeze to 0
[14:05:45.226] [SEVERE ] setting player 4 freeze to 0
[14:05:45.226] [SEVERE ] setting player 4 freeze to 0
[14:05:45.226] [SEVERE ] removing player 4 token from slot 5
[14:05:45.227] [SEVERE ] player 4 placing token on slot 7
[14:05:45.242] [SEVERE ] setting player 4 freeze to 0
[14:05:45.243] [SEVERE ] setting player 4 freeze to 0
[14:05:45.243] [SEVERE ] setting player 4 freeze to 0
[14:05:45.244] [SEVERE ] setting player 4 freeze to 0
[14:05:45.244] [SEVERE ] removing player 4 token from slot 10
[14:05:45.244] [SEVERE ] removing player 4 token from slot 7
[14:05:45.245] [SEVERE ] player 4 placing token on slot 1
[14:05:45.466] [SEVERE ] player 4 placing token on slot 7
[14:05:45.467] [SEVERE ] setting player 4 freeze to 0
[14:05:45.468] [SEVERE ] setting player 4 freeze to 0
[14:05:45.468] [SEVERE ] setting player 4 freeze to 0
[14:05:45.469] [SEVERE ] setting player 4 freeze to 0
[14:05:45.470] [SEVERE ] removing player 4 token from slot 1
[14:05:45.470] [SEVERE ] player 4 placing token on slot 10
[14:05:45.477] [SEVERE ] setting player 4 freeze to 0
[14:05:45.477] [SEVERE ] setting player 4 freeze to 0
[14:05:45.478] [SEVERE ] setting player 4 freeze to 0
[14:05:45.479] [SEVERE ] setting player 4 freeze to 0
[14:05:45.479] [SEVERE ] removing player 4 token from slot 7
[14:05:45.480] [SEVERE ] player 4 placing token on slot 2
[14:05:45.487] [SEVERE ] setting player 4 freeze to 0
[14:05:45.488] [SEVERE ] setting player 4 freeze to 0
[14:05:45.488] [SEVERE ] setting player 4 freeze to 0
[14:05:45.488] [SEVERE ] setting player 4 freeze to 0
[14:05:45.489] [SEVERE ] removing player 4 token from slot 10
[14:05:45.489] [SEVERE ] removing player 4 token from slot 2
[14:05:45.490] [SEVERE ] player 4 placing token on slot 2
[14:05:45.490] [SEVERE ] player 4 placing token on slot 3
[14:05:45.498] [SEVERE ] setting player 4 freeze to 0
[14:05:45.498] [SEVERE ] setting player 4 freeze to 0
[14:05:45.498] [SEVERE ] setting player 4 freeze to 0
[14:05:45.499] [SEVERE ] setting player 4 freeze to 0
[14:05:45.499] [SEVERE ] removing player 4 token from slot 2
[14:05:45.499] [SEVERE ] player 4 placing token on slot 4
[14:05:45.508] [SEVERE ] setting player 4 freeze to 0
[14:05:45.508] [SEVERE ] setting player 4 freeze to 0
[14:05:45.508] [SEVERE ] setting player 4 freeze to 0
[14:05:45.509] [SEVERE ] setting player 4 freeze to 0
[14:05:45.509] [SEVERE ] removing player 4 token from slot 4
[14:05:45.510] [SEVERE ] player 4 placing token on slot 7
[14:05:45.518] [SEVERE ] setting player 4 freeze to 0
[14:05:45.518] [SEVERE ] setting player 4 freeze to 0
[14:05:45.519] [SEVERE ] setting player 4 freeze to 0
[14:05:45.519] [SEVERE ] setting player 4 freeze to 0
[14:05:45.520] [SEVERE ] removing player 4 token from slot 7
[14:05:45.520] [SEVERE ] player 4 placing token on slot 0
[14:05:45.528] [SEVERE ] setting player 4 freeze to 0
[14:05:45.528] [SEVERE ] setting player 4 freeze to 0
[14:05:45.529] [SEVERE ] setting player 4 freeze to 0
[14:05:45.529] [SEVERE ] setting player 4 freeze to 0
[14:05:45.530] [SEVERE ] removing player 4 token from slot 3
[14:05:45.530] [SEVERE ] player 4 placing token on slot 7
[14:05:45.538] [SEVERE ] setting player 4 freeze to 0
[14:05:45.538] [SEVERE ] setting player 4 freeze to 0
[14:05:45.539] [SEVERE ] setting player 4 freeze to 0
[14:05:45.539] [SEVERE ] setting player 4 freeze to 0
[14:05:45.540] [SEVERE ] removing player 4 token from slot 6
[14:05:45.540] [SEVERE ] player 4 placing token on slot 3
[14:05:45.549] [SEVERE ] setting player 4 freeze to 0
[14:05:45.554] [SEVERE ] setting player 4 freeze to 0
[14:05:45.555] [SEVERE ] setting player 4 freeze to 0
[14:05:45.555] [SEVERE ] setting player 4 freeze to 0
[14:05:45.556] [SEVERE ] removing player 4 token from slot 0
[14:05:45.556] [SEVERE ] player 4 placing token on slot 5
[14:05:45.559] [SEVERE ] setting player 4 freeze to 0
[14:05:45.559] [SEVERE ] setting player 4 freeze to 0
[14:05:45.559] [SEVERE ] setting player 4 freeze to 0
[14:05:45.560] [SEVERE ] setting player 4 freeze to 0
[14:05:45.560] [SEVERE ] removing player 4 token from slot 7
[14:05:45.561] [SEVERE ] player 4 placing token on slot 9
[14:05:45.569] [SEVERE ] setting player 4 freeze to 0
[14:05:45.569] [SEVERE ] setting player 4 freeze to 0
[14:05:45.569] [SEVERE ] setting player 4 freeze to 0
[14:05:45.570] [SEVERE ] setting player 4 freeze to 0
[14:05:45.570] [SEVERE ] removing player 4 token from slot 9
[14:05:45.571] [SEVERE ] removing player 4 token from slot 3
[14:05:45.571] [SEVERE ] player 4 placing token on slot 1
[14:05:45.572] [SEVERE ] player 4 placing token on slot 2
[14:05:45.579] [SEVERE ] setting player 4 freeze to 0
[14:05:45.579] [SEVERE ] setting player 4 freeze to 0
[14:05:45.580] [SEVERE ] setting player 4 freeze to 0
[14:05:45.594] [SEVERE ] setting player 4 freeze to 0
[14:05:47.093] [SEVERE ] updating countdown to 30000
[14:05:47.093] [SEVERE ] updating countdown to 30000
[14:05:47.194] [SEVERE ] removing card from slot 0
[14:05:47.294] [SEVERE ] removing card from slot 1
[14:05:47.394] [SEVERE ] removing card from slot 2
[14:05:47.494] [SEVERE ] removing card from slot 3
[14:05:47.595] [SEVERE ] removing card from slot 4
[14:05:47.695] [SEVERE ] removing card from slot 5
[14:05:47.795] [SEVERE ] removing card from slot 6
[14:05:47.895] [SEVERE ] removing card from slot 7
[14:05:47.995] [SEVERE ] removing card from slot 8
[14:05:48.096] [SEVERE ] removing card from slot 9
[14:05:48.196] [SEVERE ] removing card from slot 10
[14:05:48.296] [SEVERE ] removing card from slot 11
[14:05:48.296] [SEVERE ] removing all tokens
[14:05:48.397] [SEVERE ] placing card 61 in slot 0
[14:05:48.497] [SEVERE ] placing card 23 in slot 1
[14:05:48.597] [SEVERE ] placing card 55 in slot 2
[14:05:48.698] [SEVERE ] placing card 51 in slot 3
[14:05:48.798] [SEVERE ] placing card 9 in slot 4
[14:05:48.898] [SEVERE ] placing card 47 in slot 5
[14:05:48.998] [SEVERE ] placing card 35 in slot 6
[14:05:49.098] [SEVERE ] placing card 1 in slot 7
[14:05:49.199] [SEVERE ] placing card 77 in slot 8
[14:05:49.299] [SEVERE ] placing card 60 in slot 9
[14:05:49.399] [SEVERE ] placing card 58 in slot 10
[14:05:49.499] [SEVERE ] placing card 36 in slot 11
[14:05:49.500] [SEVERE ] player 1 placing token on slot 7
[14:05:49.500] [INFO   ] Thread Thread-8starting.
[14:05:49.500] [INFO   ] Thread Thread-7starting.
[14:05:49.500] [SEVERE ] updating countdown to 30000
[14:05:49.500] [INFO   ] Thread Thread-6starting.
[14:05:49.500] [INFO   ] Thread Thread-5starting.
[14:05:49.502] [INFO   ] Thread computer-1 starting.
[14:05:49.501] [INFO   ] Thread computer-2 starting.
[14:05:49.501] [INFO   ] Thread computer-3 starting.
[14:05:49.500] [SEVERE ] player 4 placing token on slot 2
[14:05:49.505] [SEVERE ] player 3 placing token on slot 3
[14:05:49.505] [SEVERE ] player 2 placing token on slot 11
[14:05:49.506] [SEVERE ] removing player 3 token from slot 3
[14:05:49.506] [SEVERE ] player 3 placing token on slot 6
[14:05:49.507] [SEVERE ] player 4 placing token on slot 3
[14:05:49.507] [SEVERE ] player 1 placing token on slot 8
[14:05:49.508] [SEVERE ] player 4 placing token on slot 0
[14:05:49.509] [SEVERE ] player 3 placing token on slot 1
[14:05:49.509] [SEVERE ] player 2 placing token on slot 1
[14:05:49.510] [SEVERE ] player 3 placing token on slot 0
[14:05:49.515] [SEVERE ] player 1 placing token on slot 1
[14:05:49.516] [INFO   ] Thread computer-0 starting.
[14:05:49.516] [SEVERE ] player 2 placing token on slot 4
[14:05:50.502] [SEVERE ] updating countdown to 28998
[14:05:50.502] [SEVERE ] setting player 4 freeze to 0
[14:05:50.502] [SEVERE ] setting player 4 freeze to 0
[14:05:50.508] [SEVERE ] setting player 4 freeze to 0
[14:05:50.510] [SEVERE ] setting player 4 freeze to 0
[14:05:50.511] [SEVERE ] removing player 4 token from slot 0
[14:05:50.511] [SEVERE ] player 4 placing token on slot 8
[14:05:51.502] [SEVERE ] updating countdown to 27998
[14:05:51.502] [SEVERE ] setting player 3 freeze to 0
[14:05:51.503] [SEVERE ] setting player 3 freeze to 0
[14:05:51.503] [SEVERE ] setting player 3 freeze to 0
[14:05:51.504] [SEVERE ] setting player 3 freeze to 0
[14:05:51.504] [SEVERE ] removing player 3 token from slot 6
[14:05:51.505] [SEVERE ] player 3 placing token on slot 9
[14:05:52.503] [SEVERE ] updating countdown to 26997
[14:05:52.503] [SEVERE ] setting player 1 freeze to 0
[14:05:52.503] [SEVERE ] setting player 1 freeze to 0
[14:05:52.504] [SEVERE ] setting player 1 freeze to 0
[14:05:52.504] [SEVERE ] setting player 1 freeze to 0
[14:05:52.505] [SEVERE ] removing player 1 token from slot 7
[14:05:52.505] [SEVERE ] player 1 placing token on slot 5
[14:05:53.503] [SEVERE ] updating countdown to 25997
[14:05:53.503] [SEVERE ] setting player 2 freeze to 0
[14:05:53.504] [SEVERE ] setting player 2 freeze to 0
[14:05:53.504] [SEVERE ] setting player 2 freeze to 0
[14:05:53.505] [SEVERE ] setting player 2 freeze to 0
[14:05:53.518] [SEVERE ] removing player 2 token from slot 11
[14:05:53.550] [SEVERE ] player 2 placing token on slot 8
[14:05:54.503] [SEVERE ] updating countdown to 24997
[14:05:54.503] [SEVERE ] setting player 4 freeze to 0
[14:05:54.504] [SEVERE ] setting player 4 freeze to 0
[14:05:54.504] [SEVERE ] setting player 4 freeze to 0
[14:05:54.505] [SEVERE ] setting player 4 freeze to 0
[14:05:54.505] [SEVERE ] removing player 4 token from slot 2
[14:05:54.506] [SEVERE ] player 4 placing token on slot 1
[14:05:55.504] [SEVERE ] updating countdown to 23996
[14:05:55.504] [SEVERE ] setting player 3 freeze to 0
[14:05:55.504] [SEVERE ] setting player 3 freeze to 0
[14:05:55.505] [SEVERE ] setting player 3 freeze to 0
[14:05:55.505] [SEVERE ] setting player 3 freeze to 0
[14:05:55.506] [SEVERE ] removing player 3 token from slot 0
[14:05:55.506] [SEVERE ] player 3 placing token on slot 11
[14:05:56.504] [SEVERE ] updating countdown to 22996
[14:05:56.504] [SEVERE ] setting player 1 freeze to 0
[14:05:56.505] [SEVERE ] setting player 1 freeze to 0
[14:05:56.505] [SEVERE ] setting player 1 freeze to 0
[14:05:56.506] [SEVERE ] setting player 1 freeze to 0
[14:05:56.506] [SEVERE ] removing player 1 token from slot 1
[14:05:56.507] [SEVERE ] player 1 placing token on slot 2
[14:05:57.504] [SEVERE ] updating countdown to 21996
[14:05:57.504] [SEVERE ] setting player 2 freeze to 0
[14:05:57.505] [SEVERE ] setting player 2 freeze to 0
[14:05:57.505] [SEVERE ] setting player 2 freeze to 0
[14:05:57.506] [SEVERE ] setting player 2 freeze to 0
[14:05:57.506] [SEVERE ] removing player 2 token from slot 4
[14:05:57.507] [SEVERE ] player 2 placing token on slot 6
[14:05:58.505] [SEVERE ] updating countdown to 20995
[14:05:58.505] [SEVERE ] setting player 4 freeze to 0
[14:05:58.505] [SEVERE ] setting player 4 freeze to 0
[14:05:58.506] [SEVERE ] setting player 4 freeze to 0
[14:05:58.506] [SEVERE ] setting player 4 freeze to 0
[14:05:58.506] [SEVERE ] removing player 4 token from slot 1
[14:05:58.507] [SEVERE ] player 4 placing token on slot 2
[14:05:59.505] [SEVERE ] updating countdown to 19995
[14:05:59.505] [SEVERE ] setting player 3 freeze to 0
[14:05:59.506] [SEVERE ] setting player 3 freeze to 0
[14:05:59.506] [SEVERE ] setting player 3 freeze to 0
[14:05:59.507] [SEVERE ] setting player 3 freeze to 0
[14:05:59.507] [SEVERE ] removing player 3 token from slot 1
[14:05:59.508] [SEVERE ] player 3 placing token on slot 1
[14:06:00.506] [SEVERE ] updating countdown to 18994
[14:06:00.506] [SEVERE ] setting player 1 freeze to 0
[14:06:00.506] [SEVERE ] setting player 1 freeze to 0
[14:06:00.506] [SEVERE ] setting player 1 freeze to 0
[14:06:00.506] [SEVERE ] setting player 1 freeze to 0
[14:06:00.506] [SEVERE ] removing player 1 token from slot 2
[14:06:00.506] [SEVERE ] player 1 placing token on slot 6
[14:06:01.506] [SEVERE ] updating countdown to 17994
[14:06:01.506] [SEVERE ] setting player 2 freeze to 0
[14:06:01.507] [SEVERE ] setting player 2 freeze to 0
[14:06:01.507] [SEVERE ] setting player 2 freeze to 0
[14:06:01.508] [SEVERE ] setting player 2 freeze to 0
[14:06:01.508] [SEVERE ] removing player 2 token from slot 6
[14:06:01.509] [SEVERE ] player 2 placing token on slot 7
[14:06:02.507] [SEVERE ] updating countdown to 16993
[14:06:02.507] [SEVERE ] setting player 4 freeze to 0
[14:06:02.508] [SEVERE ] setting player 4 freeze to 0
[14:06:02.509] [SEVERE ] setting player 4 freeze to 0
[14:06:02.510] [SEVERE ] setting player 4 freeze to 0
[14:06:02.511] [SEVERE ] removing player 4 token from slot 3
[14:06:02.513] [SEVERE ] player 4 placing token on slot 11
[14:06:03.507] [SEVERE ] updating countdown to 15993
[14:06:03.507] [SEVERE ] setting player 3 freeze to 0
[14:06:03.508] [SEVERE ] setting player 3 freeze to 0
[14:06:03.508] [SEVERE ] setting player 3 freeze to 0
[14:06:03.509] [SEVERE ] setting player 3 freeze to 0
[14:06:03.509] [SEVERE ] removing player 3 token from slot 1
[14:06:03.510] [SEVERE ] player 3 placing token on slot 3
