[21:11:42.151] [INFO   ] thread main starting.
[21:11:42.157] [SEVERE ] cannot read configuration file config.properties trying from resources.
[21:11:42.159] [SEVERE ] configuration file was loaded from resources directory.
[21:11:42.643] [INFO   ] thread dealer starting.
[21:11:42.644] [INFO   ] Thread dealer starting.
[21:11:42.750] [SEVERE ] placing card 31 in slot 0
[21:11:42.850] [SEVERE ] placing card 32 in slot 1
[21:11:42.951] [SEVERE ] placing card 17 in slot 2
[21:11:43.052] [SEVERE ] placing card 28 in slot 3
[21:11:43.153] [SEVERE ] placing card 43 in slot 4
[21:11:43.253] [SEVERE ] placing card 36 in slot 5
[21:11:43.354] [SEVERE ] placing card 45 in slot 6
[21:11:43.455] [SEVERE ] placing card 12 in slot 7
[21:11:43.556] [SEVERE ] placing card 78 in slot 8
[21:11:43.657] [SEVERE ] placing card 58 in slot 9
[21:11:43.758] [SEVERE ] placing card 53 in slot 10
[21:11:43.858] [SEVERE ] placing card 0 in slot 11
[21:11:43.860] [INFO   ] Thread Thread-1starting.
[21:11:43.861] [SEVERE ] updating countdown to 5000
[21:11:43.860] [INFO   ] Thread Thread-3starting.
[21:11:43.864] [INFO   ] Thread computer-2 starting.
[21:11:43.865] [SEVERE ] player 3 placing token on slot 1
[21:11:43.866] [SEVERE ] player 3 placing token on slot 4
[21:11:43.867] [SEVERE ] player 3 placing token on slot 8
[21:11:43.870] [INFO   ] Thread computer-0 starting.
[21:11:43.871] [SEVERE ] player 1 placing token on slot 8
[21:11:43.872] [SEVERE ] player 1 placing token on slot 4
[21:11:43.873] [SEVERE ] removing player 1 token from slot 8
[21:11:43.860] [INFO   ] Thread Thread-2starting.
[21:11:43.861] [INFO   ] Thread Thread-4starting.
[21:11:43.878] [SEVERE ] setting player 3 freeze to 0
[21:11:43.879] [SEVERE ] setting player 3 freeze to 0
[21:11:43.880] [SEVERE ] setting player 3 freeze to 0
[21:11:43.881] [SEVERE ] setting player 3 freeze to 0
[21:11:43.883] [SEVERE ] removing player 3 token from slot 1
[21:11:43.890] [SEVERE ] player 3 placing token on slot 9
[21:11:43.897] [INFO   ] Thread computer-1 starting.
[21:11:43.898] [SEVERE ] player 2 placing token on slot 2
[21:11:43.898] [SEVERE ] player 2 placing token on slot 10
[21:11:43.899] [SEVERE ] player 2 placing token on slot 5
[21:11:43.900] [INFO   ] Thread computer-3 starting.
[21:11:43.900] [SEVERE ] player 4 placing token on slot 8
[21:11:43.901] [SEVERE ] player 4 placing token on slot 10
[21:11:43.902] [SEVERE ] player 4 placing token on slot 6
[21:11:43.912] [SEVERE ] setting player 3 freeze to 0
[21:11:43.916] [SEVERE ] setting player 3 freeze to 0
[21:11:43.916] [SEVERE ] setting player 3 freeze to 0
[21:11:43.916] [SEVERE ] setting player 3 freeze to 0
[21:11:43.916] [SEVERE ] removing player 3 token from slot 4
[21:11:43.917] [SEVERE ] player 3 placing token on slot 4
[21:11:43.922] [SEVERE ] setting player 2 freeze to 0
[21:11:43.922] [SEVERE ] setting player 2 freeze to 0
[21:11:43.923] [SEVERE ] setting player 2 freeze to 0
[21:11:43.923] [SEVERE ] setting player 2 freeze to 0
[21:11:43.924] [SEVERE ] removing player 2 token from slot 5
[21:11:43.932] [SEVERE ] setting player 4 freeze to 0
[21:11:43.933] [SEVERE ] setting player 4 freeze to 0
[21:11:43.936] [SEVERE ] setting player 4 freeze to 0
[21:11:43.937] [SEVERE ] setting player 4 freeze to 0
[21:11:43.938] [SEVERE ] removing player 4 token from slot 10
[21:11:43.943] [SEVERE ] setting player 3 freeze to 0
[21:11:43.943] [SEVERE ] setting player 3 freeze to 0
[21:11:43.944] [SEVERE ] setting player 3 freeze to 0
[21:11:43.945] [SEVERE ] setting player 3 freeze to 0
[21:11:43.945] [SEVERE ] removing player 3 token from slot 9
