[22:26:51.222] [INFO   ] thread main starting.
[22:26:51.227] [SEVERE ] cannot read configuration file config.properties trying from resources.
[22:26:51.229] [SEVERE ] configuration file was loaded from resources directory.
[22:26:51.590] [INFO   ] thread dealer starting.
[22:26:51.593] [INFO   ] Thread dealer starting.
[22:26:51.698] [SEVERE ] placing card 56 in slot 0
[22:26:51.800] [SEVERE ] placing card 48 in slot 1
[22:26:51.901] [SEVERE ] placing card 19 in slot 2
[22:26:52.002] [SEVERE ] placing card 33 in slot 3
[22:26:52.103] [SEVERE ] placing card 66 in slot 4
[22:26:52.204] [SEVERE ] placing card 52 in slot 5
[22:26:52.305] [SEVERE ] placing card 77 in slot 6
[22:26:52.406] [SEVERE ] placing card 23 in slot 7
[22:26:52.507] [SEVERE ] placing card 36 in slot 8
[22:26:52.609] [SEVERE ] placing card 50 in slot 9
[22:26:52.710] [SEVERE ] placing card 59 in slot 10
[22:26:52.810] [SEVERE ] placing card 7 in slot 11
[22:26:52.812] [INFO   ] Thread Thread-1starting.
[22:26:52.813] [INFO   ] Thread Thread-2starting.
[22:26:52.814] [SEVERE ] updating countdown to 5000
[22:26:52.817] [INFO   ] Thread computer-0 starting.
[22:26:52.814] [INFO   ] Thread Thread-3starting.
[22:26:52.819] [SEVERE ] player 1 placing token on slot 7
[22:26:52.815] [INFO   ] Thread Thread-4starting.
[22:26:52.828] [INFO   ] Thread computer-2 starting.
[22:26:52.832] [SEVERE ] player 3 placing token on slot 6
[22:26:52.833] [SEVERE ] player 3 placing token on slot 7
[22:26:52.835] [SEVERE ] player 3 placing token on slot 8
[22:26:52.823] [SEVERE ] player 1 placing token on slot 5
[22:26:52.822] [INFO   ] Thread computer-1 starting.
[22:26:52.838] [SEVERE ] player 2 placing token on slot 5
[22:26:52.849] [SEVERE ] player 2 placing token on slot 1
[22:26:52.850] [SEVERE ] player 2 placing token on slot 3
[22:26:52.837] [SEVERE ] player 1 placing token on slot 8
[22:26:52.850] [INFO   ] Thread computer-3 starting.
[22:26:52.851] [SEVERE ] player 4 placing token on slot 1
[22:26:52.852] [SEVERE ] player 4 placing token on slot 9
[22:26:52.852] [SEVERE ] player 4 placing token on slot 2
[22:26:52.854] [SEVERE ] setting player 3 freeze to 0
[22:26:52.854] [SEVERE ] setting player 3 freeze to 0
[22:26:52.855] [SEVERE ] setting player 3 freeze to 0
[22:26:52.855] [SEVERE ] setting player 3 freeze to 0
[22:26:52.856] [SEVERE ] removing player 3 token from slot 7
[22:26:52.856] [SEVERE ] player 3 placing token on slot 2
[22:26:52.864] [SEVERE ] setting player 2 freeze to 0
[22:26:52.865] [SEVERE ] setting player 2 freeze to 0
[22:26:52.865] [SEVERE ] setting player 2 freeze to 0
[22:26:52.866] [SEVERE ] setting player 2 freeze to 0
[22:26:52.866] [SEVERE ] removing player 2 token from slot 3
[22:26:52.867] [SEVERE ] removing player 2 token from slot 1
[22:26:52.867] [SEVERE ] player 2 placing token on slot 7
[22:26:52.868] [SEVERE ] player 2 placing token on slot 1
[22:26:52.875] [SEVERE ] setting player 1 freeze to 0
[22:26:52.875] [SEVERE ] setting player 1 freeze to 0
[22:26:52.876] [SEVERE ] setting player 1 freeze to 0
[22:26:52.876] [SEVERE ] setting player 1 freeze to 0
[22:26:52.877] [SEVERE ] removing player 1 token from slot 8
[22:26:52.877] [SEVERE ] player 1 placing token on slot 3
[22:26:52.885] [SEVERE ] setting player 4 freeze to 0
[22:26:52.886] [SEVERE ] setting player 4 freeze to 0
[22:26:52.886] [SEVERE ] setting player 4 freeze to 0
[22:26:52.887] [SEVERE ] setting player 4 freeze to 0
[22:26:52.887] [SEVERE ] removing player 4 token from slot 1
[22:26:52.888] [SEVERE ] removing player 4 token from slot 9
[22:26:52.888] [SEVERE ] player 4 placing token on slot 5
[22:26:52.888] [SEVERE ] player 4 placing token on slot 11
[22:26:52.896] [SEVERE ] setting player 3 freeze to 0
[22:26:52.896] [SEVERE ] setting player 3 freeze to 0
[22:26:52.897] [SEVERE ] setting player 3 freeze to 0
[22:26:52.897] [SEVERE ] setting player 3 freeze to 0
[22:26:52.898] [SEVERE ] removing player 3 token from slot 2
[22:26:52.899] [SEVERE ] removing player 3 token from slot 8
[22:26:52.899] [SEVERE ] player 3 placing token on slot 11
[22:26:52.900] [SEVERE ] player 3 placing token on slot 8
[22:26:52.906] [SEVERE ] setting player 2 freeze to 0
[22:26:52.906] [SEVERE ] setting player 2 freeze to 0
[22:26:52.907] [SEVERE ] setting player 2 freeze to 0
[22:26:52.907] [SEVERE ] setting player 2 freeze to 0
[22:26:52.907] [SEVERE ] removing player 2 token from slot 1
[22:26:52.908] [SEVERE ] removing player 2 token from slot 5
[22:26:52.908] [SEVERE ] player 2 placing token on slot 4
[22:26:52.909] [SEVERE ] player 2 placing token on slot 11
[22:26:52.917] [SEVERE ] setting player 1 freeze to 0
[22:26:52.917] [SEVERE ] setting player 1 freeze to 0
[22:26:52.918] [SEVERE ] setting player 1 freeze to 0
[22:26:52.918] [SEVERE ] setting player 1 freeze to 0
[22:26:52.919] [SEVERE ] removing player 1 token from slot 7
[22:26:52.919] [SEVERE ] player 1 placing token on slot 2
[22:26:52.927] [SEVERE ] setting player 4 freeze to 0
[22:26:52.928] [SEVERE ] setting player 4 freeze to 0
[22:26:52.928] [SEVERE ] setting player 4 freeze to 0
[22:26:52.929] [SEVERE ] setting player 4 freeze to 0
[22:26:52.929] [SEVERE ] removing player 4 token from slot 5
[22:26:52.930] [SEVERE ] removing player 4 token from slot 2
[22:26:52.930] [SEVERE ] player 4 placing token on slot 2
[22:26:52.931] [SEVERE ] player 4 placing token on slot 6
[22:26:52.938] [SEVERE ] updating countdown to 5000
[22:26:52.938] [SEVERE ] setting player 3 score to 1
[22:26:52.939] [SEVERE ] setting player 3 freeze to 0
[22:26:52.939] [SEVERE ] setting player 3 freeze to 0
[22:26:52.940] [SEVERE ] removing player 3 token from slot 11
[22:26:52.940] [SEVERE ] player 3 placing token on slot 5
