[22:24:44.277] [INFO   ] thread main starting.
[22:24:44.282] [SEVERE ] cannot read configuration file config.properties trying from resources.
[22:24:44.283] [SEVERE ] configuration file was loaded from resources directory.
[22:24:44.649] [INFO   ] thread dealer starting.
[22:24:44.650] [INFO   ] Thread dealer starting.
[22:24:44.756] [SEVERE ] placing card 3 in slot 0
[22:24:44.857] [SEVERE ] placing card 70 in slot 1
[22:24:44.959] [SEVERE ] placing card 19 in slot 2
[22:24:45.060] [SEVERE ] placing card 12 in slot 3
[22:24:45.161] [SEVERE ] placing card 33 in slot 4
[22:24:45.262] [SEVERE ] placing card 9 in slot 5
[22:24:45.363] [SEVERE ] placing card 54 in slot 6
[22:24:45.464] [SEVERE ] placing card 51 in slot 7
[22:24:45.565] [SEVERE ] placing card 48 in slot 8
[22:24:45.665] [SEVERE ] placing card 15 in slot 9
[22:24:45.766] [SEVERE ] placing card 13 in slot 10
[22:24:45.867] [SEVERE ] placing card 58 in slot 11
[22:24:45.869] [INFO   ] Thread Thread-1starting.
[22:24:45.870] [SEVERE ] updating countdown to 5000
[22:24:45.869] [INFO   ] Thread Thread-3starting.
[22:24:45.869] [INFO   ] Thread Thread-2starting.
[22:24:45.870] [INFO   ] Thread Thread-4starting.
[22:24:45.874] [INFO   ] Thread computer-2 starting.
[22:24:45.897] [INFO   ] Thread computer-3 starting.
[22:24:45.886] [INFO   ] Thread computer-0 starting.
[22:24:45.907] [SEVERE ] player 1 placing token on slot 6
[22:24:45.886] [INFO   ] Thread computer-1 starting.
[22:24:45.908] [SEVERE ] player 2 placing token on slot 11
[22:24:45.909] [SEVERE ] player 2 placing token on slot 9
[22:24:45.909] [SEVERE ] player 2 placing token on slot 10
[22:24:45.908] [SEVERE ] player 1 placing token on slot 3
[22:24:45.912] [SEVERE ] player 1 placing token on slot 7
[22:24:45.913] [SEVERE ] setting player 2 freeze to 0
[22:24:45.915] [SEVERE ] setting player 2 freeze to 0
[22:24:45.916] [SEVERE ] setting player 2 freeze to 0
[22:24:45.916] [SEVERE ] setting player 2 freeze to 0
[22:24:45.917] [SEVERE ] removing player 2 token from slot 9
[22:24:45.918] [SEVERE ] player 2 placing token on slot 5
[22:24:45.906] [SEVERE ] player 4 placing token on slot 1
[22:24:45.919] [SEVERE ] player 4 placing token on slot 11
[22:24:45.920] [SEVERE ] player 4 placing token on slot 4
[22:24:45.905] [SEVERE ] player 3 placing token on slot 1
[22:24:45.923] [SEVERE ] player 3 placing token on slot 6
[22:24:45.923] [SEVERE ] player 3 placing token on slot 11
[22:24:45.923] [SEVERE ] setting player 1 score to 1
[22:24:45.924] [SEVERE ] setting player 1 freeze to 0
[22:24:45.924] [SEVERE ] setting player 1 freeze to 0
[22:24:45.925] [SEVERE ] removing player 1 token from slot 7
[22:24:45.923] [SEVERE ] updating countdown to 5000
[22:24:45.927] [SEVERE ] removing player 1 token from slot 6
[22:24:45.928] [SEVERE ] removing player 1 token from slot 3
[22:24:45.928] [SEVERE ] player 1 placing token on slot 4
[22:24:45.929] [SEVERE ] player 1 placing token on slot 1
[22:24:45.930] [SEVERE ] player 1 placing token on slot 10
