[19:30:12.388] [INFO   ] thread main starting.
[19:30:12.396] [SEVERE ] cannot read configuration file config.properties trying from resources.
[19:30:12.397] [SEVERE ] configuration file was loaded from resources directory.
[19:30:12.781] [INFO   ] thread dealer starting.
[19:30:12.782] [INFO   ] Thread dealer starting.
[19:30:12.887] [SEVERE ] placing card 25 in slot 0
[19:30:12.988] [SEVERE ] placing card 31 in slot 1
[19:30:13.089] [SEVERE ] placing card 18 in slot 2
[19:30:13.190] [SEVERE ] placing card 4 in slot 3
[19:30:13.290] [SEVERE ] placing card 15 in slot 4
[19:30:13.391] [SEVERE ] placing card 9 in slot 5
[19:30:13.492] [SEVERE ] placing card 6 in slot 6
[19:30:13.593] [SEVERE ] placing card 46 in slot 7
[19:30:13.694] [SEVERE ] placing card 56 in slot 8
[19:30:13.795] [SEVERE ] placing card 36 in slot 9
[19:30:13.896] [SEVERE ] placing card 74 in slot 10
[19:30:13.997] [SEVERE ] placing card 66 in slot 11
[19:30:13.998] [INFO   ] Thread Thread-1starting.
[19:30:13.998] [SEVERE ] updating countdown to 5000
[19:30:13.998] [INFO   ] Thread Thread-3starting.
[19:30:13.998] [INFO   ] Thread Thread-2starting.
[19:30:13.998] [INFO   ] Thread Thread-4starting.
[19:30:14.001] [INFO   ] Thread computer-0 starting.
[19:30:14.001] [SEVERE ] player 1 placing token on slot 7
[19:30:14.002] [SEVERE ] player 1 placing token on slot 5
[19:30:14.002] [SEVERE ] removing player 1 token from slot 7
[19:30:14.002] [SEVERE ] player 1 placing token on slot 8
[19:30:14.002] [SEVERE ] player 1 placing token on slot 4
[19:30:14.003] [INFO   ] Thread computer-3 starting.
[19:30:14.005] [SEVERE ] player 4 placing token on slot 5
[19:30:14.006] [INFO   ] Thread computer-2 starting.
[19:30:14.006] [INFO   ] Thread computer-1 starting.
[19:30:14.009] [SEVERE ] player 2 placing token on slot 4
[19:30:14.013] [SEVERE ] player 2 placing token on slot 6
[19:30:14.013] [SEVERE ] player 2 placing token on slot 11
[19:30:14.007] [SEVERE ] player 4 placing token on slot 9
[19:30:14.006] [SEVERE ] player 3 placing token on slot 11
[19:30:14.015] [SEVERE ] player 3 placing token on slot 2
[19:30:14.016] [SEVERE ] removing player 3 token from slot 11
[19:30:14.016] [SEVERE ] player 3 placing token on slot 9
[19:30:14.016] [SEVERE ] player 3 placing token on slot 5
[19:30:14.018] [SEVERE ] removing player 4 token from slot 5
[19:30:14.018] [SEVERE ] player 4 placing token on slot 1
[19:30:14.019] [SEVERE ] player 4 placing token on slot 8
[19:30:14.022] [SEVERE ] setting player 2 freeze to 0
[19:30:14.022] [SEVERE ] setting player 2 freeze to 0
[19:30:14.023] [SEVERE ] setting player 2 freeze to 0
[19:30:14.023] [SEVERE ] setting player 2 freeze to 0
[19:30:14.023] [SEVERE ] removing player 2 token from slot 11
[19:30:14.025] [SEVERE ] player 2 placing token on slot 5
[19:30:14.010] [SEVERE ] setting player 1 freeze to 0
[19:30:14.026] [SEVERE ] setting player 1 freeze to 0
[19:30:14.026] [SEVERE ] setting player 1 freeze to 0
[19:30:14.026] [SEVERE ] setting player 1 freeze to 0
[19:30:14.029] [SEVERE ] removing player 1 token from slot 4
[19:30:14.029] [SEVERE ] removing player 1 token from slot 8
[19:30:14.032] [SEVERE ] player 1 placing token on slot 7
[19:30:14.033] [SEVERE ] removing player 1 token from slot 7
[19:30:14.033] [SEVERE ] player 1 placing token on slot 2
[19:30:14.034] [SEVERE ] player 1 placing token on slot 1
[19:30:14.032] [SEVERE ] setting player 3 freeze to 0
[19:30:14.035] [SEVERE ] setting player 3 freeze to 0
[19:30:14.035] [SEVERE ] setting player 3 freeze to 0
[19:30:14.036] [SEVERE ] setting player 3 freeze to 0
[19:30:14.039] [SEVERE ] removing player 3 token from slot 2
[19:30:14.040] [SEVERE ] player 3 placing token on slot 11
[19:30:14.043] [SEVERE ] setting player 4 freeze to 0
[19:30:14.054] [SEVERE ] setting player 4 freeze to 0
[19:30:14.054] [SEVERE ] setting player 4 freeze to 0
[19:30:14.055] [SEVERE ] setting player 4 freeze to 0
[19:30:14.057] [SEVERE ] removing player 4 token from slot 1
[19:30:14.057] [SEVERE ] player 4 placing token on slot 6
[19:30:14.055] [SEVERE ] setting player 2 freeze to 0
[19:30:14.061] [SEVERE ] setting player 2 freeze to 0
[19:30:14.061] [SEVERE ] setting player 2 freeze to 0
[19:30:14.062] [SEVERE ] setting player 2 freeze to 0
[19:30:14.062] [SEVERE ] removing player 2 token from slot 4
[19:30:14.063] [SEVERE ] player 2 placing token on slot 9
[19:30:14.066] [SEVERE ] setting player 1 freeze to 0
[19:30:14.066] [SEVERE ] setting player 1 freeze to 0
[19:30:14.066] [SEVERE ] setting player 1 freeze to 0
[19:30:14.067] [SEVERE ] setting player 1 freeze to 0
[19:30:14.067] [SEVERE ] removing player 1 token from slot 5
[19:30:14.068] [SEVERE ] player 1 placing token on slot 11
[19:30:14.076] [SEVERE ] setting player 3 freeze to 0
[19:30:14.076] [SEVERE ] setting player 3 freeze to 0
[19:30:14.077] [SEVERE ] setting player 3 freeze to 0
[19:30:14.077] [SEVERE ] setting player 3 freeze to 0
[19:30:14.077] [SEVERE ] removing player 3 token from slot 11
[19:30:14.078] [SEVERE ] player 3 placing token on slot 11
[19:30:14.087] [SEVERE ] setting player 4 freeze to 0
[19:30:14.087] [SEVERE ] setting player 4 freeze to 0
[19:30:14.088] [SEVERE ] setting player 4 freeze to 0
[19:30:14.088] [SEVERE ] setting player 4 freeze to 0
[19:30:14.089] [SEVERE ] removing player 4 token from slot 8
[19:30:14.089] [SEVERE ] player 4 placing token on slot 8
[19:30:14.097] [SEVERE ] setting player 2 freeze to 0
[19:30:14.098] [SEVERE ] setting player 2 freeze to 0
[19:30:14.098] [SEVERE ] setting player 2 freeze to 0
[19:30:14.099] [SEVERE ] setting player 2 freeze to 0
[19:30:14.099] [SEVERE ] removing player 2 token from slot 6
[19:30:14.100] [SEVERE ] removing player 2 token from slot 9
[19:30:14.100] [SEVERE ] player 2 placing token on slot 11
[19:30:14.101] [SEVERE ] player 2 placing token on slot 3
[19:30:14.108] [SEVERE ] setting player 1 freeze to 0
[19:30:14.109] [SEVERE ] setting player 1 freeze to 0
[19:30:14.109] [SEVERE ] setting player 1 freeze to 0
[19:30:14.110] [SEVERE ] setting player 1 freeze to 0
[19:30:14.111] [SEVERE ] removing player 1 token from slot 11
[19:30:14.111] [SEVERE ] player 1 placing token on slot 6
[19:30:14.125] [SEVERE ] setting player 3 freeze to 0
[19:30:14.125] [SEVERE ] setting player 3 freeze to 0
[19:30:14.125] [SEVERE ] setting player 3 freeze to 0
[19:30:14.126] [SEVERE ] setting player 3 freeze to 0
[19:30:14.126] [SEVERE ] removing player 3 token from slot 9
[19:30:14.128] [SEVERE ] player 3 placing token on slot 2
[19:30:14.130] [SEVERE ] setting player 4 freeze to 0
[19:30:14.130] [SEVERE ] setting player 4 freeze to 0
[19:30:14.130] [SEVERE ] setting player 4 freeze to 0
[19:30:14.131] [SEVERE ] setting player 4 freeze to 0
[19:30:14.131] [SEVERE ] removing player 4 token from slot 6
[19:30:14.132] [SEVERE ] player 4 placing token on slot 7
[19:30:14.140] [SEVERE ] setting player 2 freeze to 0
[19:30:14.140] [SEVERE ] setting player 2 freeze to 0
[19:30:14.140] [SEVERE ] setting player 2 freeze to 0
[19:30:14.141] [SEVERE ] setting player 2 freeze to 0
[19:30:14.141] [SEVERE ] removing player 2 token from slot 11
[19:30:14.142] [SEVERE ] player 2 placing token on slot 1
[19:30:14.150] [SEVERE ] setting player 1 freeze to 0
[19:30:14.150] [SEVERE ] setting player 1 freeze to 0
[19:30:14.151] [SEVERE ] setting player 1 freeze to 0
[19:30:14.151] [SEVERE ] setting player 1 freeze to 0
[19:30:14.152] [SEVERE ] removing player 1 token from slot 1
[19:30:14.153] [SEVERE ] player 1 placing token on slot 3
[19:30:14.160] [SEVERE ] setting player 3 freeze to 0
[19:30:14.161] [SEVERE ] setting player 3 freeze to 0
[19:30:14.166] [SEVERE ] setting player 3 freeze to 0
[19:30:14.167] [SEVERE ] setting player 3 freeze to 0
[19:30:14.168] [SEVERE ] removing player 3 token from slot 11
[19:30:14.169] [SEVERE ] player 3 placing token on slot 6
[19:30:14.173] [SEVERE ] setting player 4 freeze to 0
[19:30:14.175] [SEVERE ] setting player 4 freeze to 0
[19:30:14.176] [SEVERE ] setting player 4 freeze to 0
[19:30:14.176] [SEVERE ] setting player 4 freeze to 0
[19:30:14.177] [SEVERE ] removing player 4 token from slot 8
[19:30:14.177] [SEVERE ] player 4 placing token on slot 3
[19:30:14.184] [SEVERE ] setting player 2 freeze to 0
[19:30:14.184] [SEVERE ] setting player 2 freeze to 0
[19:30:14.185] [SEVERE ] setting player 2 freeze to 0
[19:30:14.185] [SEVERE ] setting player 2 freeze to 0
[19:30:14.185] [SEVERE ] removing player 2 token from slot 5
[19:30:14.186] [SEVERE ] player 2 placing token on slot 4
[19:30:14.194] [SEVERE ] setting player 1 freeze to 0
[19:30:14.194] [SEVERE ] setting player 1 freeze to 0
[19:30:14.195] [SEVERE ] setting player 1 freeze to 0
[19:30:14.195] [SEVERE ] setting player 1 freeze to 0
[19:30:14.196] [SEVERE ] removing player 1 token from slot 3
[19:30:14.196] [SEVERE ] player 1 placing token on slot 7
[19:30:14.205] [SEVERE ] setting player 3 freeze to 0
[19:30:14.209] [SEVERE ] setting player 3 freeze to 0
[19:30:14.209] [SEVERE ] setting player 3 freeze to 0
[19:30:14.210] [SEVERE ] setting player 3 freeze to 0
[19:30:14.210] [SEVERE ] removing player 3 token from slot 6
[19:30:14.211] [SEVERE ] player 3 placing token on slot 6
[19:30:14.216] [SEVERE ] setting player 4 freeze to 0
[19:30:14.216] [SEVERE ] setting player 4 freeze to 0
[19:30:14.217] [SEVERE ] setting player 4 freeze to 0
[19:30:14.217] [SEVERE ] setting player 4 freeze to 0
[19:30:14.218] [SEVERE ] removing player 4 token from slot 7
[19:30:14.218] [SEVERE ] player 4 placing token on slot 11
[19:30:14.226] [SEVERE ] setting player 2 freeze to 0
[19:30:14.227] [SEVERE ] setting player 2 freeze to 0
[19:30:14.227] [SEVERE ] setting player 2 freeze to 0
[19:30:14.228] [SEVERE ] setting player 2 freeze to 0
[19:30:14.228] [SEVERE ] removing player 2 token from slot 4
[19:30:14.229] [SEVERE ] player 2 placing token on slot 10
[19:30:14.237] [SEVERE ] setting player 1 freeze to 0
[19:30:14.237] [SEVERE ] setting player 1 freeze to 0
[19:30:14.239] [SEVERE ] setting player 1 freeze to 0
[19:30:14.239] [SEVERE ] setting player 1 freeze to 0
[19:30:14.240] [SEVERE ] removing player 1 token from slot 2
[19:30:14.242] [SEVERE ] player 1 placing token on slot 2
[19:30:14.247] [SEVERE ] setting player 3 freeze to 0
[19:30:14.248] [SEVERE ] setting player 3 freeze to 0
[19:30:14.248] [SEVERE ] setting player 3 freeze to 0
[19:30:14.249] [SEVERE ] setting player 3 freeze to 0
[19:30:14.249] [SEVERE ] removing player 3 token from slot 6
[19:30:14.250] [SEVERE ] player 3 placing token on slot 9
[19:30:14.258] [SEVERE ] setting player 4 freeze to 0
[19:30:14.258] [SEVERE ] setting player 4 freeze to 0
[19:30:14.259] [SEVERE ] setting player 4 freeze to 0
[19:30:14.259] [SEVERE ] setting player 4 freeze to 0
[19:30:14.260] [SEVERE ] removing player 4 token from slot 3
[19:30:14.260] [SEVERE ] player 4 placing token on slot 3
[19:30:14.268] [SEVERE ] setting player 2 freeze to 0
[19:30:14.269] [SEVERE ] setting player 2 freeze to 0
[19:30:14.270] [SEVERE ] setting player 2 freeze to 0
[19:30:14.272] [SEVERE ] setting player 2 freeze to 0
[19:30:14.273] [SEVERE ] removing player 2 token from slot 3
[19:30:14.273] [SEVERE ] player 2 placing token on slot 5
[19:30:14.279] [SEVERE ] setting player 1 freeze to 0
[19:30:14.279] [SEVERE ] setting player 1 freeze to 0
[19:30:14.279] [SEVERE ] setting player 1 freeze to 0
[19:30:14.280] [SEVERE ] setting player 1 freeze to 0
[19:30:14.280] [SEVERE ] removing player 1 token from slot 7
[19:30:14.281] [SEVERE ] player 1 placing token on slot 10
[19:30:14.289] [SEVERE ] setting player 3 freeze to 0
[19:30:14.289] [SEVERE ] setting player 3 freeze to 0
[19:30:14.290] [SEVERE ] setting player 3 freeze to 0
[19:30:14.291] [SEVERE ] setting player 3 freeze to 0
[19:30:14.291] [SEVERE ] removing player 3 token from slot 5
[19:30:14.292] [SEVERE ] player 3 placing token on slot 10
[19:30:14.299] [SEVERE ] setting player 4 freeze to 0
[19:30:14.300] [SEVERE ] setting player 4 freeze to 0
[19:30:14.300] [SEVERE ] setting player 4 freeze to 0
[19:30:14.301] [SEVERE ] setting player 4 freeze to 0
[19:30:14.301] [SEVERE ] removing player 4 token from slot 11
[19:30:14.302] [SEVERE ] player 4 placing token on slot 10
[19:30:14.310] [SEVERE ] setting player 2 freeze to 0
[19:30:14.310] [SEVERE ] setting player 2 freeze to 0
[19:30:14.311] [SEVERE ] setting player 2 freeze to 0
[19:30:14.311] [SEVERE ] setting player 2 freeze to 0
[19:30:14.311] [SEVERE ] removing player 2 token from slot 5
[19:30:14.312] [SEVERE ] removing player 2 token from slot 1
[19:30:14.312] [SEVERE ] player 2 placing token on slot 8
[19:30:14.314] [SEVERE ] player 2 placing token on slot 2
[19:30:14.320] [SEVERE ] setting player 1 freeze to 0
[19:30:14.320] [SEVERE ] setting player 1 freeze to 0
[19:30:14.321] [SEVERE ] setting player 1 freeze to 0
[19:30:14.322] [SEVERE ] setting player 1 freeze to 0
[19:30:14.322] [SEVERE ] removing player 1 token from slot 10
[19:30:14.323] [SEVERE ] player 1 placing token on slot 5
[19:30:14.331] [SEVERE ] setting player 3 freeze to 0
[19:30:14.331] [SEVERE ] setting player 3 freeze to 0
[19:30:14.331] [SEVERE ] setting player 3 freeze to 0
[19:30:14.332] [SEVERE ] setting player 3 freeze to 0
[19:30:14.332] [SEVERE ] removing player 3 token from slot 10
[19:30:14.333] [SEVERE ] player 3 placing token on slot 5
[19:30:14.341] [SEVERE ] setting player 4 freeze to 0
[19:30:14.341] [SEVERE ] setting player 4 freeze to 0
[19:30:14.341] [SEVERE ] setting player 4 freeze to 0
[19:30:14.341] [SEVERE ] setting player 4 freeze to 0
[19:30:14.341] [SEVERE ] removing player 4 token from slot 9
[19:30:14.342] [SEVERE ] player 4 placing token on slot 5
[19:30:14.351] [SEVERE ] setting player 2 freeze to 0
[19:30:14.352] [SEVERE ] setting player 2 freeze to 0
[19:30:14.352] [SEVERE ] setting player 2 freeze to 0
[19:30:14.352] [SEVERE ] setting player 2 freeze to 0
[19:30:14.353] [SEVERE ] removing player 2 token from slot 10
[19:30:14.353] [SEVERE ] player 2 placing token on slot 1
[19:30:14.362] [SEVERE ] setting player 1 freeze to 0
[19:30:14.362] [SEVERE ] setting player 1 freeze to 0
[19:30:14.362] [SEVERE ] setting player 1 freeze to 0
[19:30:14.363] [SEVERE ] setting player 1 freeze to 0
[19:30:14.363] [SEVERE ] removing player 1 token from slot 2
[19:30:14.364] [SEVERE ] player 1 placing token on slot 7
[19:30:14.372] [SEVERE ] setting player 3 freeze to 0
[19:30:14.373] [SEVERE ] setting player 3 freeze to 0
[19:30:14.373] [SEVERE ] setting player 3 freeze to 0
[19:30:14.374] [SEVERE ] setting player 3 freeze to 0
[19:30:14.374] [SEVERE ] removing player 3 token from slot 2
[19:30:14.376] [SEVERE ] player 3 placing token on slot 3
[19:30:14.383] [SEVERE ] setting player 4 freeze to 0
[19:30:14.383] [SEVERE ] setting player 4 freeze to 0
[19:30:14.383] [SEVERE ] setting player 4 freeze to 0
[19:30:14.384] [SEVERE ] setting player 4 freeze to 0
[19:30:14.384] [SEVERE ] removing player 4 token from slot 10
[19:30:14.385] [SEVERE ] player 4 placing token on slot 10
[19:30:14.393] [SEVERE ] setting player 2 freeze to 0
[19:30:14.393] [SEVERE ] setting player 2 freeze to 0
[19:30:14.393] [SEVERE ] setting player 2 freeze to 0
[19:30:14.394] [SEVERE ] setting player 2 freeze to 0
[19:30:14.394] [SEVERE ] removing player 2 token from slot 2
[19:30:14.395] [SEVERE ] player 2 placing token on slot 6
[19:30:14.403] [SEVERE ] setting player 1 freeze to 0
[19:30:14.403] [SEVERE ] setting player 1 freeze to 0
[19:30:14.404] [SEVERE ] setting player 1 freeze to 0
[19:30:14.404] [SEVERE ] setting player 1 freeze to 0
[19:30:14.405] [SEVERE ] removing player 1 token from slot 7
[19:30:14.406] [SEVERE ] player 1 placing token on slot 1
[19:30:14.414] [SEVERE ] setting player 3 freeze to 0
[19:30:14.414] [SEVERE ] setting player 3 freeze to 0
[19:30:14.415] [SEVERE ] setting player 3 freeze to 0
[19:30:14.416] [SEVERE ] setting player 3 freeze to 0
[19:30:14.416] [SEVERE ] removing player 3 token from slot 9
[19:30:14.417] [SEVERE ] player 3 placing token on slot 4
[19:30:14.425] [SEVERE ] setting player 4 freeze to 0
[19:30:14.425] [SEVERE ] setting player 4 freeze to 0
[19:30:14.425] [SEVERE ] setting player 4 freeze to 0
[19:30:14.426] [SEVERE ] setting player 4 freeze to 0
[19:30:14.426] [SEVERE ] removing player 4 token from slot 3
[19:30:14.427] [SEVERE ] player 4 placing token on slot 6
[19:30:14.435] [SEVERE ] updating countdown to 5000
[19:30:14.435] [SEVERE ] removing player 2 token from slot 8
[19:30:14.435] [SEVERE ] removing player 2 token from slot 1
[19:30:14.436] [SEVERE ] removing player 2 token from slot 8
[19:30:14.436] [SEVERE ] removing player 2 token from slot 8
[19:30:14.438] [SEVERE ] setting player 2 score to 1
[19:30:14.439] [SEVERE ] setting player 2 freeze to 0
[19:30:14.439] [SEVERE ] setting player 2 freeze to 0
[19:30:14.442] [SEVERE ] removing player 2 token from slot 8
[19:30:14.442] [SEVERE ] player 2 placing token on slot 11
[19:30:14.537] [SEVERE ] removing card from slot 1
[19:30:14.537] [SEVERE ] removing player 2 token from slot 6
[19:30:14.637] [SEVERE ] removing card from slot 6
[19:30:14.637] [SEVERE ] removing player 2 token from slot 11
[19:30:14.738] [SEVERE ] removing card from slot 11
[19:30:14.738] [SEVERE ] removing player 1 token from slot 1
[19:30:14.738] [SEVERE ] removing player 2 token from slot 1
[19:30:14.738] [SEVERE ] removing player 1 token from slot 6
[19:30:14.739] [SEVERE ] removing player 2 token from slot 6
[19:30:14.739] [SEVERE ] removing player 4 token from slot 6
[19:30:14.739] [SEVERE ] removing player 2 token from slot 11
[19:30:14.839] [SEVERE ] placing card 43 in slot 1
[19:30:14.939] [SEVERE ] placing card 47 in slot 6
[19:30:15.039] [SEVERE ] placing card 13 in slot 11
[19:30:15.050] [SEVERE ] setting player 1 freeze to 0
[19:30:15.050] [SEVERE ] setting player 1 freeze to 0
[19:30:15.050] [SEVERE ] setting player 1 freeze to 0
[19:30:15.051] [SEVERE ] setting player 1 freeze to 0
[19:30:15.051] [SEVERE ] removing player 1 token from slot 1
[19:30:15.052] [SEVERE ] player 1 placing token on slot 7
[19:30:15.060] [SEVERE ] setting player 3 freeze to 0
[19:30:15.060] [SEVERE ] setting player 3 freeze to 0
[19:30:15.061] [SEVERE ] setting player 3 freeze to 0
[19:30:15.061] [SEVERE ] setting player 3 freeze to 0
[19:30:15.062] [SEVERE ] removing player 3 token from slot 5
[19:30:15.062] [SEVERE ] player 3 placing token on slot 11
[19:30:15.071] [SEVERE ] setting player 4 freeze to 0
[19:30:15.072] [SEVERE ] setting player 4 freeze to 0
[19:30:15.072] [SEVERE ] setting player 4 freeze to 0
[19:30:15.073] [SEVERE ] setting player 4 freeze to 0
[19:30:15.073] [SEVERE ] removing player 4 token from slot 6
[19:30:15.075] [SEVERE ] player 4 placing token on slot 9
[19:30:15.082] [SEVERE ] updating countdown to 5000
[19:30:15.183] [SEVERE ] placing card 19 in slot 0
[19:30:15.286] [SEVERE ] placing card 76 in slot 0
[19:30:15.386] [SEVERE ] placing card 59 in slot 0
[19:30:15.396] [SEVERE ] setting player 1 freeze to 0
[19:30:15.397] [SEVERE ] setting player 1 freeze to 0
[19:30:15.397] [SEVERE ] setting player 1 freeze to 0
[19:30:15.397] [SEVERE ] setting player 1 freeze to 0
[19:30:15.397] [SEVERE ] removing player 1 token from slot 7
[19:30:15.397] [SEVERE ] player 1 placing token on slot 9
[19:30:15.408] [SEVERE ] setting player 3 freeze to 0
[19:30:15.409] [SEVERE ] setting player 3 freeze to 0
[19:30:15.410] [SEVERE ] setting player 3 freeze to 0
[19:30:15.410] [SEVERE ] setting player 3 freeze to 0
[19:30:15.412] [SEVERE ] removing player 3 token from slot 4
[19:30:15.412] [SEVERE ] player 3 placing token on slot 7
[19:30:15.419] [SEVERE ] setting player 4 freeze to 0
[19:30:15.420] [SEVERE ] setting player 4 freeze to 0
[19:30:15.421] [SEVERE ] setting player 4 freeze to 0
[19:30:15.421] [SEVERE ] setting player 4 freeze to 0
[19:30:15.422] [SEVERE ] removing player 4 token from slot 10
[19:30:15.422] [SEVERE ] player 4 placing token on slot 7
[19:30:15.429] [SEVERE ] setting player 1 freeze to 0
[19:30:15.430] [SEVERE ] setting player 1 freeze to 0
[19:30:15.430] [SEVERE ] setting player 1 freeze to 0
[19:30:15.430] [SEVERE ] setting player 1 freeze to 0
[19:30:15.431] [SEVERE ] removing player 1 token from slot 9
[19:30:15.432] [SEVERE ] player 1 placing token on slot 3
[19:30:15.440] [SEVERE ] setting player 3 freeze to 0
[19:30:15.440] [SEVERE ] setting player 3 freeze to 0
[19:30:15.441] [SEVERE ] setting player 3 freeze to 0
[19:30:15.441] [SEVERE ] setting player 3 freeze to 0
[19:30:15.442] [SEVERE ] removing player 3 token from slot 3
[19:30:15.443] [SEVERE ] player 3 placing token on slot 9
[19:30:15.451] [SEVERE ] setting player 4 freeze to 0
[19:30:15.451] [SEVERE ] setting player 4 freeze to 0
[19:30:15.451] [SEVERE ] setting player 4 freeze to 0
[19:30:15.451] [SEVERE ] setting player 4 freeze to 0
[19:30:15.451] [SEVERE ] removing player 4 token from slot 9
[19:30:15.451] [SEVERE ] player 4 placing token on slot 10
[19:30:15.461] [SEVERE ] setting player 1 freeze to 0
[19:30:15.461] [SEVERE ] setting player 1 freeze to 0
[19:30:15.462] [SEVERE ] setting player 1 freeze to 0
[19:30:15.462] [SEVERE ] setting player 1 freeze to 0
[19:30:15.462] [SEVERE ] removing player 1 token from slot 6
[19:30:15.463] [SEVERE ] player 1 placing token on slot 1
[19:30:15.471] [SEVERE ] setting player 3 freeze to 0
[19:30:15.471] [SEVERE ] setting player 3 freeze to 0
[19:30:15.472] [SEVERE ] setting player 3 freeze to 0
[19:30:15.472] [SEVERE ] setting player 3 freeze to 0
[19:30:15.473] [SEVERE ] removing player 3 token from slot 7
[19:30:15.473] [SEVERE ] player 3 placing token on slot 1
[19:30:15.482] [SEVERE ] setting player 4 freeze to 0
[19:30:15.482] [SEVERE ] setting player 4 freeze to 0
[19:30:15.482] [SEVERE ] setting player 4 freeze to 0
[19:30:15.483] [SEVERE ] setting player 4 freeze to 0
[19:30:15.483] [SEVERE ] removing player 4 token from slot 7
[19:30:15.484] [SEVERE ] removing player 4 token from slot 10
[19:30:15.484] [SEVERE ] player 4 placing token on slot 4
[19:30:15.485] [SEVERE ] player 4 placing token on slot 8
[19:30:15.493] [SEVERE ] setting player 1 freeze to 0
[19:30:15.493] [SEVERE ] setting player 1 freeze to 0
[19:30:15.494] [SEVERE ] setting player 1 freeze to 0
[19:30:15.495] [SEVERE ] setting player 1 freeze to 0
[19:30:15.495] [SEVERE ] removing player 1 token from slot 5
[19:30:15.496] [SEVERE ] player 1 placing token on slot 5
[19:30:15.503] [SEVERE ] setting player 3 freeze to 0
[19:30:15.503] [SEVERE ] setting player 3 freeze to 0
[19:30:15.505] [SEVERE ] setting player 3 freeze to 0
[19:30:15.506] [SEVERE ] setting player 3 freeze to 0
[19:30:15.507] [SEVERE ] removing player 3 token from slot 1
[19:30:15.507] [SEVERE ] player 3 placing token on slot 7
[19:30:15.513] [SEVERE ] setting player 4 freeze to 0
[19:30:15.513] [SEVERE ] setting player 4 freeze to 0
[19:30:15.513] [SEVERE ] setting player 4 freeze to 0
[19:30:15.514] [SEVERE ] setting player 4 freeze to 0
[19:30:15.514] [SEVERE ] removing player 4 token from slot 5
[19:30:15.515] [SEVERE ] player 4 placing token on slot 6
[19:30:15.529] [SEVERE ] setting player 1 freeze to 0
[19:30:15.529] [SEVERE ] setting player 1 freeze to 0
[19:30:15.530] [SEVERE ] setting player 1 freeze to 0
[19:30:15.531] [SEVERE ] setting player 1 freeze to 0
[19:30:15.531] [SEVERE ] removing player 1 token from slot 3
[19:30:15.532] [SEVERE ] player 1 placing token on slot 8
[19:30:15.539] [SEVERE ] setting player 3 freeze to 0
[19:30:15.539] [SEVERE ] setting player 3 freeze to 0
[19:30:15.540] [SEVERE ] setting player 3 freeze to 0
[19:30:15.540] [SEVERE ] setting player 3 freeze to 0
[19:30:15.541] [SEVERE ] removing player 3 token from slot 7
[19:30:15.542] [SEVERE ] player 3 placing token on slot 5
[19:30:15.549] [SEVERE ] setting player 4 freeze to 0
[19:30:15.549] [SEVERE ] setting player 4 freeze to 0
[19:30:15.549] [SEVERE ] setting player 4 freeze to 0
[19:30:15.551] [SEVERE ] setting player 4 freeze to 0
[19:30:15.551] [SEVERE ] removing player 4 token from slot 8
[19:30:15.552] [SEVERE ] player 4 placing token on slot 11
[19:30:15.562] [SEVERE ] setting player 1 freeze to 0
[19:30:15.562] [SEVERE ] setting player 1 freeze to 0
[19:30:15.562] [SEVERE ] setting player 1 freeze to 0
[19:30:15.563] [SEVERE ] setting player 1 freeze to 0
[19:30:15.564] [SEVERE ] removing player 1 token from slot 1
[19:30:15.564] [SEVERE ] player 1 placing token on slot 9
[19:30:15.572] [SEVERE ] setting player 3 freeze to 0
[19:30:15.572] [SEVERE ] setting player 3 freeze to 0
[19:30:15.572] [SEVERE ] setting player 3 freeze to 0
[19:30:15.572] [SEVERE ] setting player 3 freeze to 0
[19:30:15.572] [SEVERE ] removing player 3 token from slot 9
[19:30:15.573] [SEVERE ] player 3 placing token on slot 9
[19:30:15.582] [SEVERE ] setting player 4 freeze to 0
[19:30:15.582] [SEVERE ] setting player 4 freeze to 0
[19:30:15.583] [SEVERE ] setting player 4 freeze to 0
[19:30:15.583] [SEVERE ] setting player 4 freeze to 0
[19:30:15.584] [SEVERE ] removing player 4 token from slot 6
[19:30:15.584] [SEVERE ] player 4 placing token on slot 10
[19:30:15.592] [SEVERE ] setting player 1 freeze to 0
[19:30:15.592] [SEVERE ] setting player 1 freeze to 0
[19:30:15.593] [SEVERE ] setting player 1 freeze to 0
[19:30:15.594] [SEVERE ] setting player 1 freeze to 0
[19:30:15.594] [SEVERE ] removing player 1 token from slot 8
[19:30:15.595] [SEVERE ] player 1 placing token on slot 11
[19:30:15.603] [SEVERE ] setting player 3 freeze to 0
[19:30:15.603] [SEVERE ] setting player 3 freeze to 0
[19:30:15.603] [SEVERE ] setting player 3 freeze to 0
[19:30:15.604] [SEVERE ] setting player 3 freeze to 0
[19:30:15.605] [SEVERE ] removing player 3 token from slot 11
[19:30:15.607] [SEVERE ] player 3 placing token on slot 7
[19:30:15.613] [SEVERE ] setting player 4 freeze to 0
[19:30:15.613] [SEVERE ] setting player 4 freeze to 0
[19:30:15.614] [SEVERE ] setting player 4 freeze to 0
[19:30:15.614] [SEVERE ] setting player 4 freeze to 0
[19:30:15.615] [SEVERE ] removing player 4 token from slot 4
[19:30:15.616] [SEVERE ] player 4 placing token on slot 9
[19:30:15.623] [SEVERE ] setting player 1 freeze to 0
[19:30:15.623] [SEVERE ] setting player 1 freeze to 0
[19:30:15.623] [SEVERE ] setting player 1 freeze to 0
[19:30:15.623] [SEVERE ] setting player 1 freeze to 0
[19:30:15.623] [SEVERE ] removing player 1 token from slot 11
[19:30:15.623] [SEVERE ] player 1 placing token on slot 11
[19:30:15.633] [SEVERE ] setting player 3 freeze to 0
[19:30:15.633] [SEVERE ] setting player 3 freeze to 0
[19:30:15.633] [SEVERE ] setting player 3 freeze to 0
[19:30:15.633] [SEVERE ] setting player 3 freeze to 0
[19:30:15.633] [SEVERE ] removing player 3 token from slot 7
[19:30:15.633] [SEVERE ] player 3 placing token on slot 11
[19:30:15.643] [SEVERE ] setting player 4 freeze to 0
[19:30:15.644] [SEVERE ] setting player 4 freeze to 0
[19:30:15.644] [SEVERE ] setting player 4 freeze to 0
[19:30:15.644] [SEVERE ] setting player 4 freeze to 0
[19:30:15.645] [SEVERE ] removing player 4 token from slot 10
[19:30:15.645] [SEVERE ] player 4 placing token on slot 8
[19:30:15.654] [SEVERE ] setting player 1 freeze to 0
[19:30:15.654] [SEVERE ] setting player 1 freeze to 0
[19:30:15.654] [SEVERE ] setting player 1 freeze to 0
[19:30:15.655] [SEVERE ] setting player 1 freeze to 0
[19:30:15.655] [SEVERE ] removing player 1 token from slot 5
[19:30:15.656] [SEVERE ] player 1 placing token on slot 4
[19:30:15.664] [SEVERE ] setting player 3 freeze to 0
[19:30:15.664] [SEVERE ] setting player 3 freeze to 0
[19:30:15.664] [SEVERE ] setting player 3 freeze to 0
[19:30:15.665] [SEVERE ] setting player 3 freeze to 0
[19:30:15.665] [SEVERE ] removing player 3 token from slot 11
[19:30:15.667] [SEVERE ] player 3 placing token on slot 4
[19:30:15.674] [SEVERE ] setting player 4 freeze to 0
[19:30:15.674] [SEVERE ] setting player 4 freeze to 0
[19:30:15.674] [SEVERE ] setting player 4 freeze to 0
[19:30:15.679] [SEVERE ] setting player 4 freeze to 0
[19:30:15.681] [SEVERE ] removing player 4 token from slot 9
[19:30:15.682] [SEVERE ] player 4 placing token on slot 5
[19:30:15.684] [SEVERE ] setting player 1 freeze to 0
[19:30:15.685] [SEVERE ] setting player 1 freeze to 0
[19:30:15.685] [SEVERE ] setting player 1 freeze to 0
[19:30:15.686] [SEVERE ] setting player 1 freeze to 0
[19:30:15.687] [SEVERE ] removing player 1 token from slot 4
[19:30:15.688] [SEVERE ] player 1 placing token on slot 7
[19:30:15.695] [SEVERE ] setting player 3 freeze to 0
[19:30:15.695] [SEVERE ] setting player 3 freeze to 0
[19:30:15.695] [SEVERE ] setting player 3 freeze to 0
[19:30:15.695] [SEVERE ] setting player 3 freeze to 0
[19:30:15.696] [SEVERE ] removing player 3 token from slot 4
[19:30:15.697] [SEVERE ] player 3 placing token on slot 4
[19:30:15.705] [SEVERE ] setting player 4 freeze to 0
[19:30:15.705] [SEVERE ] setting player 4 freeze to 0
[19:30:15.706] [SEVERE ] setting player 4 freeze to 0
[19:30:15.707] [SEVERE ] setting player 4 freeze to 0
[19:30:15.707] [SEVERE ] removing player 4 token from slot 11
[19:30:15.708] [SEVERE ] player 4 placing token on slot 11
[19:30:15.715] [SEVERE ] setting player 1 freeze to 0
[19:30:15.715] [SEVERE ] setting player 1 freeze to 0
[19:30:15.716] [SEVERE ] setting player 1 freeze to 0
[19:30:15.717] [SEVERE ] setting player 1 freeze to 0
[19:30:15.718] [SEVERE ] removing player 1 token from slot 7
[19:30:15.719] [SEVERE ] player 1 placing token on slot 6
[19:30:15.725] [SEVERE ] setting player 3 freeze to 0
[19:30:15.726] [SEVERE ] setting player 3 freeze to 0
[19:30:15.727] [SEVERE ] setting player 3 freeze to 0
[19:30:15.728] [SEVERE ] setting player 3 freeze to 0
[19:30:15.729] [SEVERE ] removing player 3 token from slot 9
[19:30:15.730] [SEVERE ] player 3 placing token on slot 9
[19:30:15.739] [SEVERE ] setting player 4 freeze to 0
[19:30:15.740] [SEVERE ] setting player 4 freeze to 0
[19:30:15.741] [SEVERE ] setting player 4 freeze to 0
[19:30:15.742] [SEVERE ] setting player 4 freeze to 0
[19:30:15.742] [SEVERE ] removing player 4 token from slot 8
[19:30:15.743] [SEVERE ] player 4 placing token on slot 2
[19:30:15.749] [SEVERE ] setting player 1 freeze to 0
[19:30:15.749] [SEVERE ] setting player 1 freeze to 0
[19:30:15.750] [SEVERE ] setting player 1 freeze to 0
[19:30:15.750] [SEVERE ] setting player 1 freeze to 0
[19:30:15.751] [SEVERE ] removing player 1 token from slot 9
[19:30:15.752] [SEVERE ] player 1 placing token on slot 4
[19:30:15.759] [SEVERE ] setting player 3 freeze to 0
[19:30:15.760] [SEVERE ] setting player 3 freeze to 0
[19:30:15.760] [SEVERE ] setting player 3 freeze to 0
[19:30:15.760] [SEVERE ] setting player 3 freeze to 0
[19:30:15.760] [SEVERE ] removing player 3 token from slot 9
[19:30:15.760] [SEVERE ] player 3 placing token on slot 11
[19:30:15.770] [SEVERE ] setting player 4 freeze to 0
[19:30:15.770] [SEVERE ] setting player 4 freeze to 0
[19:30:15.772] [SEVERE ] setting player 4 freeze to 0
[19:30:15.772] [SEVERE ] setting player 4 freeze to 0
[19:30:15.773] [SEVERE ] removing player 4 token from slot 5
[19:30:15.774] [SEVERE ] player 4 placing token on slot 1
[19:30:15.781] [SEVERE ] setting player 1 freeze to 0
[19:30:15.782] [SEVERE ] setting player 1 freeze to 0
[19:30:15.782] [SEVERE ] setting player 1 freeze to 0
[19:30:15.783] [SEVERE ] setting player 1 freeze to 0
[19:30:15.784] [SEVERE ] removing player 1 token from slot 4
[19:30:15.784] [SEVERE ] removing player 1 token from slot 6
[19:30:15.786] [SEVERE ] player 1 placing token on slot 2
[19:30:15.786] [SEVERE ] player 1 placing token on slot 8
[19:30:15.792] [SEVERE ] setting player 3 freeze to 0
[19:30:15.792] [SEVERE ] setting player 3 freeze to 0
[19:30:15.792] [SEVERE ] setting player 3 freeze to 0
[19:30:15.792] [SEVERE ] setting player 3 freeze to 0
[19:30:15.793] [SEVERE ] removing player 3 token from slot 5
[19:30:15.794] [SEVERE ] player 3 placing token on slot 1
[19:30:15.802] [SEVERE ] setting player 4 freeze to 0
[19:30:15.802] [SEVERE ] setting player 4 freeze to 0
[19:30:15.802] [SEVERE ] setting player 4 freeze to 0
[19:30:15.803] [SEVERE ] setting player 4 freeze to 0
[19:30:15.804] [SEVERE ] removing player 4 token from slot 11
[19:30:15.805] [SEVERE ] player 4 placing token on slot 9
[19:30:15.813] [SEVERE ] setting player 1 freeze to 0
[19:30:15.813] [SEVERE ] setting player 1 freeze to 0
[19:30:15.814] [SEVERE ] setting player 1 freeze to 0
[19:30:15.814] [SEVERE ] setting player 1 freeze to 0
[19:30:15.815] [SEVERE ] removing player 1 token from slot 11
[19:30:15.815] [SEVERE ] player 1 placing token on slot 3
[19:30:15.823] [SEVERE ] setting player 3 freeze to 0
[19:30:15.823] [SEVERE ] setting player 3 freeze to 0
[19:30:15.823] [SEVERE ] setting player 3 freeze to 0
[19:30:15.825] [SEVERE ] setting player 3 freeze to 0
[19:30:15.825] [SEVERE ] removing player 3 token from slot 4
[19:30:15.826] [SEVERE ] player 3 placing token on slot 4
[19:30:15.833] [SEVERE ] setting player 4 freeze to 0
[19:30:15.833] [SEVERE ] setting player 4 freeze to 0
[19:30:15.833] [SEVERE ] setting player 4 freeze to 0
[19:30:15.834] [SEVERE ] setting player 4 freeze to 0
[19:30:15.836] [SEVERE ] removing player 4 token from slot 9
[19:30:15.837] [SEVERE ] player 4 placing token on slot 4
[19:30:15.844] [SEVERE ] setting player 1 freeze to 0
[19:30:15.844] [SEVERE ] setting player 1 freeze to 0
[19:30:15.844] [SEVERE ] setting player 1 freeze to 0
[19:30:15.844] [SEVERE ] setting player 1 freeze to 0
[19:30:15.845] [SEVERE ] removing player 1 token from slot 3
[19:30:15.845] [SEVERE ] player 1 placing token on slot 5
[19:30:15.855] [SEVERE ] setting player 3 freeze to 0
[19:30:15.855] [SEVERE ] setting player 3 freeze to 0
[19:30:15.856] [SEVERE ] setting player 3 freeze to 0
[19:30:15.857] [SEVERE ] setting player 3 freeze to 0
[19:30:15.858] [SEVERE ] removing player 3 token from slot 11
[19:30:15.858] [SEVERE ] player 3 placing token on slot 6
[19:30:15.866] [SEVERE ] setting player 4 freeze to 0
[19:30:15.866] [SEVERE ] setting player 4 freeze to 0
[19:30:15.866] [SEVERE ] setting player 4 freeze to 0
[19:30:15.867] [SEVERE ] setting player 4 freeze to 0
[19:30:15.867] [SEVERE ] removing player 4 token from slot 2
[19:30:15.868] [SEVERE ] player 4 placing token on slot 2
[19:30:15.877] [SEVERE ] setting player 1 freeze to 0
[19:30:15.877] [SEVERE ] setting player 1 freeze to 0
[19:30:15.877] [SEVERE ] setting player 1 freeze to 0
[19:30:15.878] [SEVERE ] setting player 1 freeze to 0
[19:30:15.878] [SEVERE ] removing player 1 token from slot 5
[19:30:15.879] [SEVERE ] removing player 1 token from slot 2
[19:30:15.879] [SEVERE ] player 1 placing token on slot 11
[19:30:15.880] [SEVERE ] player 1 placing token on slot 7
[19:30:15.888] [SEVERE ] setting player 3 freeze to 0
[19:30:15.888] [SEVERE ] setting player 3 freeze to 0
[19:30:15.888] [SEVERE ] setting player 3 freeze to 0
[19:30:15.888] [SEVERE ] setting player 3 freeze to 0
[19:30:15.889] [SEVERE ] removing player 3 token from slot 1
[19:30:15.890] [SEVERE ] player 3 placing token on slot 3
[19:30:15.898] [SEVERE ] setting player 4 freeze to 0
[19:30:15.898] [SEVERE ] setting player 4 freeze to 0
[19:30:15.898] [SEVERE ] setting player 4 freeze to 0
[19:30:15.899] [SEVERE ] setting player 4 freeze to 0
[19:30:15.899] [SEVERE ] removing player 4 token from slot 2
[19:30:15.899] [SEVERE ] player 4 placing token on slot 10
[19:30:15.908] [SEVERE ] setting player 1 freeze to 0
[19:30:15.908] [SEVERE ] setting player 1 freeze to 0
[19:30:15.908] [SEVERE ] setting player 1 freeze to 0
[19:30:15.908] [SEVERE ] setting player 1 freeze to 0
[19:30:15.909] [SEVERE ] removing player 1 token from slot 8
[19:30:15.909] [SEVERE ] player 1 placing token on slot 4
[19:30:15.919] [SEVERE ] setting player 3 freeze to 0
[19:30:15.919] [SEVERE ] setting player 3 freeze to 0
[19:30:15.919] [SEVERE ] setting player 3 freeze to 0
[19:30:15.919] [SEVERE ] setting player 3 freeze to 0
[19:30:15.919] [SEVERE ] removing player 3 token from slot 4
[19:30:15.919] [SEVERE ] removing player 3 token from slot 6
[19:30:15.919] [SEVERE ] player 3 placing token on slot 8
[19:30:15.919] [SEVERE ] player 3 placing token on slot 9
[19:30:15.929] [SEVERE ] setting player 4 freeze to 0
[19:30:15.929] [SEVERE ] setting player 4 freeze to 0
[19:30:15.930] [SEVERE ] setting player 4 freeze to 0
[19:30:15.930] [SEVERE ] setting player 4 freeze to 0
[19:30:15.933] [SEVERE ] removing player 4 token from slot 1
[19:30:15.933] [SEVERE ] player 4 placing token on slot 1
[19:30:15.939] [SEVERE ] setting player 1 freeze to 0
[19:30:15.940] [SEVERE ] setting player 1 freeze to 0
[19:30:15.940] [SEVERE ] setting player 1 freeze to 0
[19:30:15.940] [SEVERE ] setting player 1 freeze to 0
[19:30:15.941] [SEVERE ] removing player 1 token from slot 11
[19:30:15.941] [SEVERE ] player 1 placing token on slot 10
[19:30:15.950] [SEVERE ] setting player 3 freeze to 0
[19:30:15.950] [SEVERE ] setting player 3 freeze to 0
[19:30:15.950] [SEVERE ] setting player 3 freeze to 0
[19:30:15.951] [SEVERE ] setting player 3 freeze to 0
[19:30:15.951] [SEVERE ] removing player 3 token from slot 8
[19:30:15.952] [SEVERE ] player 3 placing token on slot 1
[19:30:15.960] [SEVERE ] setting player 4 freeze to 0
[19:30:15.973] [SEVERE ] setting player 4 freeze to 0
[19:30:15.975] [SEVERE ] setting player 4 freeze to 0
[19:30:15.975] [SEVERE ] setting player 4 freeze to 0
[19:30:15.970] [SEVERE ] setting player 1 freeze to 0
[19:30:15.982] [SEVERE ] setting player 3 freeze to 0
[19:30:15.983] [SEVERE ] removing player 4 token from slot 10
[19:30:15.985] [SEVERE ] setting player 1 freeze to 0
[19:30:16.002] [SEVERE ] removing player 4 token from slot 4
[19:30:16.001] [SEVERE ] setting player 3 freeze to 0
[19:30:16.004] [SEVERE ] player 4 placing token on slot 2
[19:30:16.003] [SEVERE ] setting player 1 freeze to 0
[19:30:16.005] [SEVERE ] player 4 placing token on slot 3
[19:30:16.005] [SEVERE ] setting player 3 freeze to 0
[19:30:16.008] [SEVERE ] setting player 3 freeze to 0
[19:30:16.006] [SEVERE ] setting player 1 freeze to 0
[19:30:16.013] [SEVERE ] setting player 4 freeze to 0
[19:30:16.021] [SEVERE ] removing player 3 token from slot 3
[19:30:16.018] [SEVERE ] removing player 1 token from slot 7
[19:30:16.025] [SEVERE ] player 3 placing token on slot 10
[19:30:16.025] [SEVERE ] player 1 placing token on slot 6
[19:30:16.028] [SEVERE ] setting player 4 freeze to 0
[19:30:16.028] [SEVERE ] setting player 4 freeze to 0
[19:30:16.028] [SEVERE ] setting player 4 freeze to 0
[19:30:16.039] [SEVERE ] removing player 4 token from slot 1
[19:30:16.039] [SEVERE ] removing player 4 token from slot 3
[19:30:16.039] [SEVERE ] player 4 placing token on slot 3
[19:30:16.040] [SEVERE ] player 4 placing token on slot 5
[19:30:16.033] [SEVERE ] setting player 3 freeze to 0
[19:30:16.052] [SEVERE ] setting player 3 freeze to 0
[19:30:16.055] [SEVERE ] setting player 3 freeze to 0
[19:30:16.055] [SEVERE ] setting player 3 freeze to 0
[19:30:16.053] [SEVERE ] setting player 1 freeze to 0
[19:30:16.057] [SEVERE ] setting player 1 freeze to 0
[19:30:16.057] [SEVERE ] setting player 1 freeze to 0
[19:30:16.058] [SEVERE ] setting player 1 freeze to 0
[19:30:16.055] [SEVERE ] setting player 4 freeze to 0
[19:30:16.066] [SEVERE ] removing player 1 token from slot 10
[19:30:16.066] [SEVERE ] removing player 3 token from slot 9
[19:30:16.069] [SEVERE ] player 3 placing token on slot 6
[19:30:16.066] [SEVERE ] setting player 4 freeze to 0
[19:30:16.067] [SEVERE ] player 1 placing token on slot 7
[19:30:16.074] [SEVERE ] setting player 4 freeze to 0
[19:30:16.074] [SEVERE ] setting player 4 freeze to 0
[19:30:16.075] [SEVERE ] removing player 4 token from slot 2
[19:30:16.075] [SEVERE ] setting player 3 freeze to 0
[19:30:16.083] [SEVERE ] setting player 3 freeze to 0
[19:30:16.084] [SEVERE ] setting player 3 freeze to 0
[19:30:16.084] [SEVERE ] setting player 3 freeze to 0
[19:30:16.085] [SEVERE ] removing player 3 token from slot 6
[19:30:16.083] [SEVERE ] player 4 placing token on slot 2
[19:30:16.088] [SEVERE ] removing player 3 token from slot 10
[19:30:16.088] [SEVERE ] player 3 placing token on slot 3
[19:30:16.089] [SEVERE ] removing player 3 token from slot 1
[19:30:16.090] [SEVERE ] player 3 placing token on slot 9
[19:30:16.091] [SEVERE ] player 3 placing token on slot 8
[19:30:16.096] [SEVERE ] setting player 4 freeze to 0
[19:30:16.096] [SEVERE ] setting player 4 freeze to 0
[19:30:16.109] [SEVERE ] setting player 4 freeze to 0
[19:30:16.110] [SEVERE ] setting player 4 freeze to 0
[19:30:16.106] [SEVERE ] setting player 3 freeze to 0
[19:30:16.097] [SEVERE ] setting player 1 freeze to 0
[19:30:16.111] [SEVERE ] setting player 1 freeze to 0
[19:30:16.111] [SEVERE ] setting player 1 freeze to 0
[19:30:16.112] [SEVERE ] setting player 1 freeze to 0
[19:30:16.113] [SEVERE ] removing player 1 token from slot 4
[19:30:16.114] [SEVERE ] player 1 placing token on slot 1
[19:30:16.116] [SEVERE ] removing player 4 token from slot 2
[19:30:16.116] [SEVERE ] removing player 4 token from slot 3
[19:30:16.116] [SEVERE ] player 4 placing token on slot 1
[19:30:16.116] [SEVERE ] player 4 placing token on slot 9
[19:30:16.119] [SEVERE ] setting player 1 freeze to 0
[19:30:16.119] [SEVERE ] setting player 1 freeze to 0
[19:30:16.122] [SEVERE ] setting player 1 freeze to 0
[19:30:16.122] [SEVERE ] setting player 1 freeze to 0
[19:30:16.123] [SEVERE ] removing player 1 token from slot 7
[19:30:16.133] [SEVERE ] player 1 placing token on slot 9
[19:30:16.110] [SEVERE ] setting player 3 freeze to 0
[19:30:16.135] [SEVERE ] setting player 3 freeze to 0
[19:30:16.136] [SEVERE ] setting player 3 freeze to 0
[19:30:16.138] [SEVERE ] removing player 3 token from slot 9
[19:30:16.138] [SEVERE ] player 3 placing token on slot 4
[19:30:16.138] [SEVERE ] setting player 4 freeze to 0
[19:30:16.149] [SEVERE ] setting player 1 freeze to 0
[19:30:16.149] [SEVERE ] setting player 4 freeze to 0
[19:30:16.150] [SEVERE ] setting player 1 freeze to 0
[19:30:16.150] [SEVERE ] setting player 4 freeze to 0
[19:30:16.151] [SEVERE ] setting player 1 freeze to 0
[19:30:16.151] [SEVERE ] setting player 4 freeze to 0
[19:30:16.154] [SEVERE ] removing player 4 token from slot 9
[19:30:16.155] [SEVERE ] setting player 3 freeze to 0
[19:30:16.155] [SEVERE ] setting player 3 freeze to 0
[19:30:16.156] [SEVERE ] setting player 3 freeze to 0
[19:30:16.156] [SEVERE ] setting player 3 freeze to 0
[19:30:16.158] [SEVERE ] removing player 3 token from slot 4
[19:30:16.158] [SEVERE ] player 3 placing token on slot 6
[19:30:16.152] [SEVERE ] setting player 1 freeze to 0
[19:30:16.155] [SEVERE ] player 4 placing token on slot 7
[19:30:16.165] [SEVERE ] setting player 3 freeze to 0
[19:30:16.165] [SEVERE ] removing player 1 token from slot 6
[19:30:16.167] [SEVERE ] setting player 3 freeze to 0
[19:30:16.168] [SEVERE ] setting player 3 freeze to 0
[19:30:16.168] [SEVERE ] setting player 3 freeze to 0
[19:30:16.169] [SEVERE ] removing player 3 token from slot 6
[19:30:16.167] [SEVERE ] player 1 placing token on slot 8
[19:30:16.170] [SEVERE ] player 3 placing token on slot 5
[19:30:16.177] [SEVERE ] setting player 4 freeze to 0
[19:30:16.185] [SEVERE ] setting player 4 freeze to 0
[19:30:16.185] [SEVERE ] setting player 4 freeze to 0
[19:30:16.185] [SEVERE ] setting player 4 freeze to 0
[19:30:16.186] [SEVERE ] removing player 4 token from slot 7
[19:30:16.188] [SEVERE ] player 4 placing token on slot 11
[19:30:16.196] [SEVERE ] setting player 3 freeze to 0
[19:30:16.197] [SEVERE ] setting player 3 freeze to 0
[19:30:16.197] [SEVERE ] setting player 1 freeze to 0
[19:30:16.200] [SEVERE ] setting player 1 freeze to 0
[19:30:16.200] [SEVERE ] setting player 1 freeze to 0
[19:30:16.201] [SEVERE ] setting player 1 freeze to 0
[19:30:16.201] [SEVERE ] removing player 1 token from slot 1
[19:30:16.204] [SEVERE ] setting player 3 freeze to 0
[19:30:16.204] [SEVERE ] setting player 3 freeze to 0
[19:30:16.204] [SEVERE ] removing player 3 token from slot 3
[19:30:16.205] [SEVERE ] player 3 placing token on slot 6
[19:30:16.205] [SEVERE ] player 1 placing token on slot 10
[19:30:16.213] [SEVERE ] setting player 4 freeze to 0
[19:30:16.213] [SEVERE ] setting player 4 freeze to 0
[19:30:16.213] [SEVERE ] setting player 4 freeze to 0
[19:30:16.213] [SEVERE ] setting player 4 freeze to 0
[19:30:16.214] [SEVERE ] removing player 4 token from slot 11
[19:30:16.215] [SEVERE ] player 4 placing token on slot 4
[19:30:16.217] [SEVERE ] setting player 3 freeze to 0
[19:30:16.217] [SEVERE ] setting player 3 freeze to 0
[19:30:16.217] [SEVERE ] setting player 3 freeze to 0
[19:30:16.218] [SEVERE ] setting player 3 freeze to 0
[19:30:16.219] [SEVERE ] removing player 3 token from slot 6
[19:30:16.219] [SEVERE ] player 3 placing token on slot 1
[19:30:16.227] [SEVERE ] setting player 1 freeze to 0
[19:30:16.237] [SEVERE ] setting player 1 freeze to 0
[19:30:16.237] [SEVERE ] setting player 1 freeze to 0
[19:30:16.238] [SEVERE ] setting player 1 freeze to 0
[19:30:16.238] [SEVERE ] setting player 4 freeze to 0
[19:30:16.249] [SEVERE ] removing player 1 token from slot 10
[19:30:16.253] [SEVERE ] removing player 1 token from slot 8
[19:30:16.254] [SEVERE ] player 1 placing token on slot 7
[19:30:16.254] [SEVERE ] player 1 placing token on slot 2
[19:30:16.249] [SEVERE ] setting player 3 freeze to 0
[19:30:16.253] [SEVERE ] setting player 4 freeze to 0
[19:30:16.255] [SEVERE ] setting player 4 freeze to 0
[19:30:16.256] [SEVERE ] setting player 4 freeze to 0
[19:30:16.255] [SEVERE ] setting player 3 freeze to 0
[19:30:16.257] [SEVERE ] removing player 4 token from slot 1
[19:30:16.259] [SEVERE ] player 4 placing token on slot 3
[19:30:16.261] [SEVERE ] setting player 1 freeze to 0
[19:30:16.261] [SEVERE ] setting player 1 freeze to 0
[19:30:16.261] [SEVERE ] setting player 1 freeze to 0
[19:30:16.263] [SEVERE ] setting player 1 freeze to 0
[19:30:16.263] [SEVERE ] removing player 1 token from slot 9
[19:30:16.267] [SEVERE ] setting player 3 freeze to 0
[19:30:16.267] [SEVERE ] setting player 3 freeze to 0
[19:30:16.267] [SEVERE ] player 1 placing token on slot 10
[19:30:16.268] [SEVERE ] removing player 3 token from slot 8
[19:30:16.269] [SEVERE ] player 3 placing token on slot 8
[19:30:16.269] [SEVERE ] setting player 4 freeze to 0
[19:30:16.271] [SEVERE ] setting player 4 freeze to 0
[19:30:16.272] [SEVERE ] setting player 4 freeze to 0
[19:30:16.272] [SEVERE ] setting player 4 freeze to 0
[19:30:16.273] [SEVERE ] removing player 4 token from slot 4
[19:30:16.274] [SEVERE ] player 4 placing token on slot 8
[19:30:16.280] [SEVERE ] updating countdown to 5000
[19:30:16.280] [SEVERE ] removing player 1 token from slot 2
[19:30:16.282] [SEVERE ] removing player 1 token from slot 7
[19:30:16.283] [SEVERE ] removing player 1 token from slot 7
[19:30:16.283] [SEVERE ] removing player 1 token from slot 7
[19:30:16.283] [SEVERE ] setting player 1 score to 1
[19:30:16.284] [SEVERE ] setting player 1 freeze to 0
[19:30:16.285] [SEVERE ] setting player 1 freeze to 0
[19:30:16.285] [SEVERE ] removing player 1 token from slot 2
[19:30:16.286] [SEVERE ] player 1 placing token on slot 1
[19:30:16.382] [SEVERE ] removing card from slot 2
[19:30:16.382] [SEVERE ] removing player 1 token from slot 7
[19:30:16.482] [SEVERE ] removing card from slot 7
[19:30:16.482] [SEVERE ] removing player 1 token from slot 10
[19:30:16.583] [SEVERE ] removing card from slot 10
[19:30:16.584] [SEVERE ] removing player 1 token from slot 7
[19:30:16.584] [SEVERE ] removing player 1 token from slot 10
[19:30:16.685] [SEVERE ] placing card 3 in slot 2
[19:30:16.785] [SEVERE ] placing card 20 in slot 7
[19:30:16.885] [SEVERE ] placing card 42 in slot 10
[19:30:16.896] [SEVERE ] setting player 3 freeze to 0
[19:30:16.896] [SEVERE ] setting player 3 freeze to 0
[19:30:16.896] [SEVERE ] setting player 3 freeze to 0
[19:30:16.896] [SEVERE ] setting player 3 freeze to 0
[19:30:16.896] [SEVERE ] removing player 3 token from slot 1
[19:30:16.896] [SEVERE ] player 3 placing token on slot 2
[19:30:16.906] [SEVERE ] setting player 4 freeze to 0
[19:30:16.906] [SEVERE ] setting player 4 freeze to 0
[19:30:16.906] [SEVERE ] setting player 4 freeze to 0
[19:30:16.906] [SEVERE ] setting player 4 freeze to 0
[19:30:16.906] [SEVERE ] removing player 4 token from slot 8
[19:30:16.906] [SEVERE ] player 4 placing token on slot 11
[19:30:16.916] [SEVERE ] setting player 1 freeze to 0
[19:30:16.916] [SEVERE ] setting player 1 freeze to 0
[19:30:16.916] [SEVERE ] setting player 1 freeze to 0
[19:30:16.917] [SEVERE ] setting player 1 freeze to 0
[19:30:16.917] [SEVERE ] player 1 placing token on slot 8
[19:30:16.918] [SEVERE ] player 1 placing token on slot 11
[19:30:16.919] [SEVERE ] player 1 placing token on slot 5
[19:30:16.926] [SEVERE ] setting player 3 freeze to 0
[19:30:16.927] [SEVERE ] setting player 3 freeze to 0
[19:30:16.927] [SEVERE ] setting player 3 freeze to 0
[19:30:16.929] [SEVERE ] setting player 3 freeze to 0
[19:30:16.933] [SEVERE ] removing player 3 token from slot 5
[19:30:16.933] [SEVERE ] player 3 placing token on slot 11
[19:30:16.937] [SEVERE ] setting player 4 freeze to 0
[19:30:16.937] [SEVERE ] setting player 4 freeze to 0
[19:30:16.938] [SEVERE ] setting player 4 freeze to 0
[19:30:16.938] [SEVERE ] setting player 4 freeze to 0
[19:30:16.939] [SEVERE ] removing player 4 token from slot 11
[19:30:16.939] [SEVERE ] removing player 4 token from slot 3
[19:30:16.940] [SEVERE ] player 4 placing token on slot 8
[19:30:16.940] [SEVERE ] player 4 placing token on slot 11
