[22:22:50.388] [INFO   ] thread main starting.
[22:22:50.394] [SEVERE ] cannot read configuration file config.properties trying from resources.
[22:22:50.396] [SEVERE ] configuration file was loaded from resources directory.
[22:22:50.781] [INFO   ] thread dealer starting.
[22:22:50.781] [INFO   ] Thread dealer starting.
[22:22:50.890] [SEVERE ] placing card 61 in slot 0
[22:22:50.991] [SEVERE ] placing card 56 in slot 1
[22:22:51.092] [SEVERE ] placing card 24 in slot 2
[22:22:51.193] [SEVERE ] placing card 54 in slot 3
[22:22:51.294] [SEVERE ] placing card 4 in slot 4
[22:22:51.395] [SEVERE ] placing card 37 in slot 5
[22:22:51.495] [SEVERE ] placing card 6 in slot 6
[22:22:51.596] [SEVERE ] placing card 21 in slot 7
[22:22:51.698] [SEVERE ] placing card 69 in slot 8
[22:22:51.799] [SEVERE ] placing card 1 in slot 9
[22:22:51.900] [SEVERE ] placing card 73 in slot 10
[22:22:52.002] [SEVERE ] placing card 51 in slot 11
[22:22:52.003] [INFO   ] Thread Thread-1starting.
[22:22:52.004] [SEVERE ] updating countdown to 5000
[22:22:52.004] [INFO   ] Thread Thread-3starting.
[22:22:52.007] [INFO   ] Thread computer-0 starting.
[22:22:52.004] [INFO   ] Thread Thread-2starting.
[22:22:52.010] [SEVERE ] player 1 placing token on slot 6
[22:22:52.011] [SEVERE ] player 1 placing token on slot 8
[22:22:52.012] [SEVERE ] player 1 placing token on slot 7
[22:22:52.006] [INFO   ] Thread Thread-4starting.
[22:22:52.020] [INFO   ] Thread computer-2 starting.
[22:22:52.020] [SEVERE ] player 3 placing token on slot 9
[22:22:52.022] [SEVERE ] player 3 placing token on slot 7
[22:22:52.025] [SEVERE ] player 3 placing token on slot 11
[22:22:52.027] [INFO   ] Thread computer-1 starting.
[22:22:52.029] [SEVERE ] player 2 placing token on slot 5
[22:22:52.025] [SEVERE ] setting player 1 freeze to 0
[22:22:52.031] [SEVERE ] removing player 2 token from slot 5
[22:22:52.034] [INFO   ] Thread computer-3 starting.
[22:22:52.034] [SEVERE ] player 4 placing token on slot 2
[22:22:52.037] [SEVERE ] player 4 placing token on slot 8
[22:22:52.038] [SEVERE ] player 4 placing token on slot 1
[22:22:52.036] [SEVERE ] player 2 placing token on slot 7
[22:22:52.039] [SEVERE ] player 2 placing token on slot 3
[22:22:52.040] [SEVERE ] player 2 placing token on slot 9
[22:22:52.035] [SEVERE ] setting player 3 freeze to 0
[22:22:52.035] [SEVERE ] setting player 1 freeze to 0
[22:22:52.041] [SEVERE ] setting player 1 freeze to 0
[22:22:52.042] [SEVERE ] setting player 1 freeze to 0
[22:22:52.042] [SEVERE ] removing player 1 token from slot 7
[22:22:52.043] [SEVERE ] player 1 placing token on slot 10
[22:22:52.041] [SEVERE ] setting player 3 freeze to 0
[22:22:52.044] [SEVERE ] setting player 3 freeze to 0
[22:22:52.044] [SEVERE ] setting player 3 freeze to 0
[22:22:52.045] [SEVERE ] removing player 3 token from slot 9
[22:22:52.045] [SEVERE ] player 3 placing token on slot 1
[22:22:52.045] [SEVERE ] setting player 4 freeze to 0
[22:22:52.046] [SEVERE ] setting player 4 freeze to 0
[22:22:52.046] [SEVERE ] setting player 4 freeze to 0
[22:22:52.047] [SEVERE ] setting player 4 freeze to 0
[22:22:52.047] [SEVERE ] removing player 4 token from slot 8
[22:22:52.052] [SEVERE ] player 4 placing token on slot 3
[22:22:52.056] [SEVERE ] setting player 2 freeze to 0
[22:22:52.056] [SEVERE ] setting player 2 freeze to 0
[22:22:52.056] [SEVERE ] setting player 2 freeze to 0
[22:22:52.057] [SEVERE ] setting player 2 freeze to 0
[22:22:52.058] [SEVERE ] removing player 2 token from slot 3
[22:22:52.058] [SEVERE ] player 2 placing token on slot 11
[22:22:52.066] [SEVERE ] setting player 1 freeze to 0
[22:22:52.068] [SEVERE ] setting player 1 freeze to 0
[22:22:52.068] [SEVERE ] setting player 1 freeze to 0
[22:22:52.069] [SEVERE ] setting player 1 freeze to 0
[22:22:52.069] [SEVERE ] removing player 1 token from slot 6
[22:22:52.070] [SEVERE ] player 1 placing token on slot 1
[22:22:52.076] [SEVERE ] setting player 3 freeze to 0
[22:22:52.077] [SEVERE ] setting player 3 freeze to 0
[22:22:52.077] [SEVERE ] setting player 3 freeze to 0
[22:22:52.078] [SEVERE ] setting player 3 freeze to 0
[22:22:52.078] [SEVERE ] removing player 3 token from slot 11
[22:22:52.079] [SEVERE ] player 3 placing token on slot 8
[22:22:52.087] [SEVERE ] setting player 4 freeze to 0
[22:22:52.087] [SEVERE ] setting player 4 freeze to 0
[22:22:52.087] [SEVERE ] setting player 4 freeze to 0
[22:22:52.088] [SEVERE ] setting player 4 freeze to 0
[22:22:52.088] [SEVERE ] removing player 4 token from slot 1
[22:22:52.089] [SEVERE ] player 4 placing token on slot 1
[22:22:52.097] [SEVERE ] setting player 2 freeze to 0
[22:22:52.097] [SEVERE ] setting player 2 freeze to 0
[22:22:52.098] [SEVERE ] setting player 2 freeze to 0
[22:22:52.098] [SEVERE ] setting player 2 freeze to 0
[22:22:52.099] [SEVERE ] removing player 2 token from slot 9
[22:22:52.099] [SEVERE ] removing player 2 token from slot 7
[22:22:52.100] [SEVERE ] player 2 placing token on slot 5
[22:22:52.101] [SEVERE ] player 2 placing token on slot 1
[22:22:52.107] [SEVERE ] setting player 1 freeze to 0
[22:22:52.108] [SEVERE ] setting player 1 freeze to 0
[22:22:52.108] [SEVERE ] setting player 1 freeze to 0
[22:22:52.109] [SEVERE ] setting player 1 freeze to 0
[22:22:52.109] [SEVERE ] removing player 1 token from slot 1
[22:22:52.110] [SEVERE ] player 1 placing token on slot 5
[22:22:52.119] [SEVERE ] setting player 3 freeze to 0
[22:22:52.119] [SEVERE ] setting player 3 freeze to 0
[22:22:52.119] [SEVERE ] setting player 3 freeze to 0
[22:22:52.120] [SEVERE ] setting player 3 freeze to 0
[22:22:52.120] [SEVERE ] removing player 3 token from slot 7
[22:22:52.121] [SEVERE ] player 3 placing token on slot 5
[22:22:52.129] [SEVERE ] setting player 4 freeze to 0
[22:22:52.129] [SEVERE ] setting player 4 freeze to 0
[22:22:52.129] [SEVERE ] setting player 4 freeze to 0
[22:22:52.130] [SEVERE ] setting player 4 freeze to 0
[22:22:52.130] [SEVERE ] removing player 4 token from slot 2
[22:22:52.131] [SEVERE ] removing player 4 token from slot 1
[22:22:52.131] [SEVERE ] player 4 placing token on slot 9
[22:22:52.132] [SEVERE ] player 4 placing token on slot 11
[22:22:52.139] [SEVERE ] setting player 2 freeze to 0
[22:22:52.139] [SEVERE ] setting player 2 freeze to 0
[22:22:52.139] [SEVERE ] setting player 2 freeze to 0
[22:22:52.140] [SEVERE ] setting player 2 freeze to 0
[22:22:52.140] [SEVERE ] removing player 2 token from slot 5
[22:22:52.141] [SEVERE ] player 2 placing token on slot 9
[22:22:52.150] [SEVERE ] setting player 1 freeze to 0
[22:22:52.150] [SEVERE ] setting player 1 freeze to 0
[22:22:52.151] [SEVERE ] setting player 1 freeze to 0
[22:22:52.151] [SEVERE ] setting player 1 freeze to 0
[22:22:52.152] [SEVERE ] removing player 1 token from slot 8
[22:22:52.152] [SEVERE ] player 1 placing token on slot 7
[22:22:52.160] [SEVERE ] setting player 3 freeze to 0
[22:22:52.160] [SEVERE ] setting player 3 freeze to 0
[22:22:52.161] [SEVERE ] setting player 3 freeze to 0
[22:22:52.161] [SEVERE ] setting player 3 freeze to 0
[22:22:52.162] [SEVERE ] removing player 3 token from slot 8
[22:22:52.162] [SEVERE ] player 3 placing token on slot 11
[22:22:52.170] [SEVERE ] setting player 4 freeze to 0
[22:22:52.171] [SEVERE ] setting player 4 freeze to 0
[22:22:52.171] [SEVERE ] setting player 4 freeze to 0
[22:22:52.172] [SEVERE ] setting player 4 freeze to 0
[22:22:52.172] [SEVERE ] removing player 4 token from slot 11
[22:22:52.173] [SEVERE ] player 4 placing token on slot 4
[22:22:52.181] [SEVERE ] setting player 2 freeze to 0
[22:22:52.182] [SEVERE ] setting player 2 freeze to 0
[22:22:52.183] [SEVERE ] setting player 2 freeze to 0
[22:22:52.183] [SEVERE ] setting player 2 freeze to 0
[22:22:52.184] [SEVERE ] removing player 2 token from slot 9
[22:22:52.185] [SEVERE ] player 2 placing token on slot 7
[22:22:52.191] [SEVERE ] setting player 1 freeze to 0
[22:22:52.192] [SEVERE ] setting player 1 freeze to 0
[22:22:52.192] [SEVERE ] setting player 1 freeze to 0
[22:22:52.193] [SEVERE ] setting player 1 freeze to 0
[22:22:52.193] [SEVERE ] removing player 1 token from slot 5
[22:22:52.194] [SEVERE ] player 1 placing token on slot 1
[22:22:52.202] [SEVERE ] setting player 3 freeze to 0
[22:22:52.202] [SEVERE ] setting player 3 freeze to 0
[22:22:52.202] [SEVERE ] setting player 3 freeze to 0
[22:22:52.203] [SEVERE ] setting player 3 freeze to 0
[22:22:52.203] [SEVERE ] removing player 3 token from slot 1
[22:22:52.204] [SEVERE ] player 3 placing token on slot 8
[22:22:52.212] [SEVERE ] setting player 4 freeze to 0
[22:22:52.213] [SEVERE ] setting player 4 freeze to 0
[22:22:52.213] [SEVERE ] setting player 4 freeze to 0
[22:22:52.214] [SEVERE ] setting player 4 freeze to 0
[22:22:52.214] [SEVERE ] removing player 4 token from slot 3
[22:22:52.216] [SEVERE ] player 4 placing token on slot 3
[22:22:52.223] [SEVERE ] setting player 2 freeze to 0
[22:22:52.223] [SEVERE ] setting player 2 freeze to 0
[22:22:52.224] [SEVERE ] setting player 2 freeze to 0
[22:22:52.224] [SEVERE ] setting player 2 freeze to 0
[22:22:52.225] [SEVERE ] removing player 2 token from slot 1
[22:22:52.225] [SEVERE ] player 2 placing token on slot 2
[22:22:52.233] [SEVERE ] setting player 1 freeze to 0
[22:22:52.234] [SEVERE ] setting player 1 freeze to 0
[22:22:52.234] [SEVERE ] setting player 1 freeze to 0
[22:22:52.235] [SEVERE ] setting player 1 freeze to 0
[22:22:52.235] [SEVERE ] removing player 1 token from slot 7
[22:22:52.236] [SEVERE ] player 1 placing token on slot 9
[22:22:52.244] [SEVERE ] setting player 3 freeze to 0
[22:22:52.244] [SEVERE ] setting player 3 freeze to 0
[22:22:52.245] [SEVERE ] setting player 3 freeze to 0
[22:22:52.245] [SEVERE ] setting player 3 freeze to 0
[22:22:52.246] [SEVERE ] removing player 3 token from slot 8
[22:22:52.246] [SEVERE ] player 3 placing token on slot 10
[22:22:52.254] [SEVERE ] setting player 4 freeze to 0
[22:22:52.255] [SEVERE ] setting player 4 freeze to 0
[22:22:52.255] [SEVERE ] setting player 4 freeze to 0
[22:22:52.255] [SEVERE ] setting player 4 freeze to 0
[22:22:52.256] [SEVERE ] removing player 4 token from slot 3
[22:22:52.257] [SEVERE ] removing player 4 token from slot 9
[22:22:52.257] [SEVERE ] player 4 placing token on slot 10
[22:22:52.257] [SEVERE ] removing player 4 token from slot 10
[22:22:52.258] [SEVERE ] player 4 placing token on slot 5
[22:22:52.258] [SEVERE ] player 4 placing token on slot 3
[22:22:52.265] [SEVERE ] setting player 2 freeze to 0
[22:22:52.266] [SEVERE ] setting player 2 freeze to 0
[22:22:52.267] [SEVERE ] setting player 2 freeze to 0
[22:22:52.268] [SEVERE ] setting player 2 freeze to 0
[22:22:52.268] [SEVERE ] removing player 2 token from slot 11
[22:22:52.269] [SEVERE ] player 2 placing token on slot 1
[22:22:52.277] [SEVERE ] setting player 1 freeze to 0
[22:22:52.279] [SEVERE ] setting player 1 freeze to 0
[22:22:52.280] [SEVERE ] setting player 1 freeze to 0
[22:22:52.280] [SEVERE ] setting player 1 freeze to 0
[22:22:52.281] [SEVERE ] removing player 1 token from slot 9
[22:22:52.282] [SEVERE ] player 1 placing token on slot 4
[22:22:52.287] [SEVERE ] setting player 3 freeze to 0
[22:22:52.287] [SEVERE ] setting player 3 freeze to 0
[22:22:52.288] [SEVERE ] setting player 3 freeze to 0
[22:22:52.288] [SEVERE ] setting player 3 freeze to 0
[22:22:52.289] [SEVERE ] removing player 3 token from slot 11
[22:22:52.289] [SEVERE ] player 3 placing token on slot 11
[22:22:52.297] [SEVERE ] setting player 4 freeze to 0
[22:22:52.297] [SEVERE ] setting player 4 freeze to 0
[22:22:52.299] [SEVERE ] setting player 4 freeze to 0
[22:22:52.300] [SEVERE ] setting player 4 freeze to 0
[22:22:52.300] [SEVERE ] removing player 4 token from slot 4
[22:22:52.301] [SEVERE ] player 4 placing token on slot 7
[22:22:52.307] [SEVERE ] setting player 2 freeze to 0
[22:22:52.307] [SEVERE ] setting player 2 freeze to 0
[22:22:52.308] [SEVERE ] setting player 2 freeze to 0
[22:22:52.308] [SEVERE ] setting player 2 freeze to 0
[22:22:52.309] [SEVERE ] removing player 2 token from slot 7
[22:22:52.309] [SEVERE ] player 2 placing token on slot 11
[22:22:52.317] [SEVERE ] setting player 1 freeze to 0
[22:22:52.318] [SEVERE ] setting player 1 freeze to 0
[22:22:52.318] [SEVERE ] setting player 1 freeze to 0
[22:22:52.319] [SEVERE ] setting player 1 freeze to 0
[22:22:52.319] [SEVERE ] removing player 1 token from slot 1
[22:22:52.320] [SEVERE ] removing player 1 token from slot 4
[22:22:52.320] [SEVERE ] player 1 placing token on slot 11
[22:22:52.320] [SEVERE ] player 1 placing token on slot 7
[22:22:52.328] [SEVERE ] setting player 3 freeze to 0
[22:22:52.328] [SEVERE ] setting player 3 freeze to 0
[22:22:52.328] [SEVERE ] setting player 3 freeze to 0
[22:22:52.329] [SEVERE ] setting player 3 freeze to 0
[22:22:52.329] [SEVERE ] removing player 3 token from slot 10
[22:22:52.330] [SEVERE ] player 3 placing token on slot 3
[22:22:52.338] [SEVERE ] setting player 4 freeze to 0
[22:22:52.338] [SEVERE ] setting player 4 freeze to 0
[22:22:52.339] [SEVERE ] setting player 4 freeze to 0
[22:22:52.339] [SEVERE ] setting player 4 freeze to 0
[22:22:52.340] [SEVERE ] removing player 4 token from slot 5
[22:22:52.340] [SEVERE ] player 4 placing token on slot 9
[22:22:52.349] [SEVERE ] setting player 2 freeze to 0
[22:22:52.349] [SEVERE ] setting player 2 freeze to 0
[22:22:52.349] [SEVERE ] setting player 2 freeze to 0
[22:22:52.350] [SEVERE ] setting player 2 freeze to 0
[22:22:52.351] [SEVERE ] removing player 2 token from slot 11
[22:22:52.352] [SEVERE ] removing player 2 token from slot 2
[22:22:52.352] [SEVERE ] player 2 placing token on slot 4
[22:22:52.353] [SEVERE ] player 2 placing token on slot 6
[22:22:52.359] [SEVERE ] setting player 1 freeze to 0
[22:22:52.359] [SEVERE ] setting player 1 freeze to 0
[22:22:52.359] [SEVERE ] setting player 1 freeze to 0
[22:22:52.360] [SEVERE ] setting player 1 freeze to 0
[22:22:52.360] [SEVERE ] removing player 1 token from slot 11
[22:22:52.361] [SEVERE ] player 1 placing token on slot 5
[22:22:52.369] [SEVERE ] setting player 3 freeze to 0
[22:22:52.369] [SEVERE ] setting player 3 freeze to 0
[22:22:52.370] [SEVERE ] setting player 3 freeze to 0
[22:22:52.370] [SEVERE ] setting player 3 freeze to 0
[22:22:52.371] [SEVERE ] removing player 3 token from slot 11
[22:22:52.371] [SEVERE ] player 3 placing token on slot 10
[22:22:52.379] [SEVERE ] setting player 4 freeze to 0
[22:22:52.380] [SEVERE ] setting player 4 freeze to 0
[22:22:52.380] [SEVERE ] setting player 4 freeze to 0
[22:22:52.380] [SEVERE ] setting player 4 freeze to 0
[22:22:52.381] [SEVERE ] removing player 4 token from slot 9
[22:22:52.382] [SEVERE ] player 4 placing token on slot 5
[22:22:52.390] [SEVERE ] setting player 2 freeze to 0
[22:22:52.390] [SEVERE ] setting player 2 freeze to 0
[22:22:52.390] [SEVERE ] setting player 2 freeze to 0
[22:22:52.391] [SEVERE ] setting player 2 freeze to 0
[22:22:52.391] [SEVERE ] removing player 2 token from slot 1
[22:22:52.391] [SEVERE ] player 2 placing token on slot 11
[22:22:52.400] [SEVERE ] setting player 1 freeze to 0
[22:22:52.400] [SEVERE ] setting player 1 freeze to 0
[22:22:52.401] [SEVERE ] setting player 1 freeze to 0
[22:22:52.401] [SEVERE ] setting player 1 freeze to 0
[22:22:52.402] [SEVERE ] removing player 1 token from slot 5
[22:22:52.403] [SEVERE ] player 1 placing token on slot 6
[22:22:52.410] [SEVERE ] setting player 3 freeze to 0
[22:22:52.410] [SEVERE ] setting player 3 freeze to 0
[22:22:52.411] [SEVERE ] setting player 3 freeze to 0
[22:22:52.411] [SEVERE ] setting player 3 freeze to 0
[22:22:52.412] [SEVERE ] removing player 3 token from slot 3
[22:22:52.412] [SEVERE ] player 3 placing token on slot 4
[22:22:52.420] [SEVERE ] setting player 4 freeze to 0
[22:22:52.421] [SEVERE ] setting player 4 freeze to 0
[22:22:52.421] [SEVERE ] setting player 4 freeze to 0
[22:22:52.422] [SEVERE ] setting player 4 freeze to 0
[22:22:52.422] [SEVERE ] removing player 4 token from slot 7
[22:22:52.423] [SEVERE ] player 4 placing token on slot 7
[22:22:52.431] [SEVERE ] setting player 2 freeze to 0
[22:22:52.431] [SEVERE ] setting player 2 freeze to 0
[22:22:52.432] [SEVERE ] setting player 2 freeze to 0
[22:22:52.432] [SEVERE ] setting player 2 freeze to 0
[22:22:52.433] [SEVERE ] removing player 2 token from slot 4
[22:22:52.433] [SEVERE ] player 2 placing token on slot 1
[22:22:52.442] [SEVERE ] setting player 1 freeze to 0
[22:22:52.442] [SEVERE ] setting player 1 freeze to 0
[22:22:52.442] [SEVERE ] setting player 1 freeze to 0
[22:22:52.443] [SEVERE ] setting player 1 freeze to 0
[22:22:52.443] [SEVERE ] removing player 1 token from slot 6
[22:22:52.444] [SEVERE ] removing player 1 token from slot 7
[22:22:52.445] [SEVERE ] player 1 placing token on slot 4
[22:22:52.447] [SEVERE ] player 1 placing token on slot 6
[22:22:52.452] [SEVERE ] setting player 3 freeze to 0
[22:22:52.452] [SEVERE ] setting player 3 freeze to 0
[22:22:52.453] [SEVERE ] setting player 3 freeze to 0
[22:22:52.453] [SEVERE ] setting player 3 freeze to 0
[22:22:52.454] [SEVERE ] removing player 3 token from slot 10
[22:22:52.454] [SEVERE ] player 3 placing token on slot 2
[22:22:52.462] [SEVERE ] setting player 4 freeze to 0
[22:22:52.462] [SEVERE ] setting player 4 freeze to 0
[22:22:52.463] [SEVERE ] setting player 4 freeze to 0
[22:22:52.463] [SEVERE ] setting player 4 freeze to 0
[22:22:52.463] [SEVERE ] removing player 4 token from slot 3
[22:22:52.465] [SEVERE ] player 4 placing token on slot 10
[22:22:52.472] [SEVERE ] setting player 2 freeze to 0
[22:22:52.472] [SEVERE ] setting player 2 freeze to 0
[22:22:52.473] [SEVERE ] setting player 2 freeze to 0
[22:22:52.473] [SEVERE ] setting player 2 freeze to 0
[22:22:52.474] [SEVERE ] removing player 2 token from slot 11
[22:22:52.474] [SEVERE ] removing player 2 token from slot 6
[22:22:52.475] [SEVERE ] player 2 placing token on slot 2
[22:22:52.475] [SEVERE ] player 2 placing token on slot 5
[22:22:52.483] [SEVERE ] setting player 1 freeze to 0
[22:22:52.483] [SEVERE ] setting player 1 freeze to 0
[22:22:52.483] [SEVERE ] setting player 1 freeze to 0
[22:22:52.484] [SEVERE ] setting player 1 freeze to 0
[22:22:52.484] [SEVERE ] removing player 1 token from slot 4
[22:22:52.485] [SEVERE ] player 1 placing token on slot 5
[22:22:52.493] [SEVERE ] setting player 3 freeze to 0
[22:22:52.493] [SEVERE ] setting player 3 freeze to 0
[22:22:52.494] [SEVERE ] setting player 3 freeze to 0
[22:22:52.494] [SEVERE ] setting player 3 freeze to 0
[22:22:52.495] [SEVERE ] removing player 3 token from slot 5
[22:22:52.495] [SEVERE ] removing player 3 token from slot 4
[22:22:52.495] [SEVERE ] player 3 placing token on slot 9
[22:22:52.496] [SEVERE ] player 3 placing token on slot 11
[22:22:52.503] [SEVERE ] setting player 4 freeze to 0
[22:22:52.504] [SEVERE ] setting player 4 freeze to 0
[22:22:52.504] [SEVERE ] setting player 4 freeze to 0
[22:22:52.505] [SEVERE ] setting player 4 freeze to 0
[22:22:52.505] [SEVERE ] removing player 4 token from slot 5
[22:22:52.506] [SEVERE ] player 4 placing token on slot 1
[22:22:52.515] [SEVERE ] setting player 2 freeze to 0
[22:22:52.515] [SEVERE ] setting player 2 freeze to 0
[22:22:52.515] [SEVERE ] setting player 2 freeze to 0
[22:22:52.516] [SEVERE ] setting player 2 freeze to 0
[22:22:52.516] [SEVERE ] removing player 2 token from slot 5
[22:22:52.517] [SEVERE ] removing player 2 token from slot 2
[22:22:52.518] [SEVERE ] player 2 placing token on slot 6
[22:22:52.519] [SEVERE ] player 2 placing token on slot 8
[22:22:52.525] [SEVERE ] setting player 1 freeze to 0
[22:22:52.525] [SEVERE ] setting player 1 freeze to 0
[22:22:52.526] [SEVERE ] setting player 1 freeze to 0
[22:22:52.526] [SEVERE ] setting player 1 freeze to 0
[22:22:52.527] [SEVERE ] removing player 1 token from slot 5
[22:22:52.528] [SEVERE ] removing player 1 token from slot 6
[22:22:52.530] [SEVERE ] player 1 placing token on slot 7
[22:22:52.532] [SEVERE ] player 1 placing token on slot 6
[22:22:52.535] [SEVERE ] setting player 3 freeze to 0
[22:22:52.535] [SEVERE ] setting player 3 freeze to 0
[22:22:52.536] [SEVERE ] setting player 3 freeze to 0
[22:22:52.536] [SEVERE ] setting player 3 freeze to 0
[22:22:52.537] [SEVERE ] removing player 3 token from slot 2
[22:22:52.538] [SEVERE ] player 3 placing token on slot 3
[22:22:52.545] [SEVERE ] setting player 4 freeze to 0
[22:22:52.546] [SEVERE ] setting player 4 freeze to 0
[22:22:52.546] [SEVERE ] setting player 4 freeze to 0
[22:22:52.547] [SEVERE ] setting player 4 freeze to 0
[22:22:52.547] [SEVERE ] removing player 4 token from slot 1
[22:22:52.548] [SEVERE ] removing player 4 token from slot 7
[22:22:52.548] [SEVERE ] player 4 placing token on slot 3
[22:22:52.548] [SEVERE ] removing player 4 token from slot 10
[22:22:52.548] [SEVERE ] player 4 placing token on slot 5
[22:22:52.548] [SEVERE ] player 4 placing token on slot 9
[22:22:52.556] [SEVERE ] setting player 2 freeze to 0
[22:22:52.556] [SEVERE ] setting player 2 freeze to 0
[22:22:52.556] [SEVERE ] setting player 2 freeze to 0
[22:22:52.557] [SEVERE ] setting player 2 freeze to 0
[22:22:52.557] [SEVERE ] removing player 2 token from slot 1
[22:22:52.558] [SEVERE ] player 2 placing token on slot 1
[22:22:52.566] [SEVERE ] setting player 1 freeze to 0
[22:22:52.566] [SEVERE ] setting player 1 freeze to 0
[22:22:52.567] [SEVERE ] setting player 1 freeze to 0
[22:22:52.567] [SEVERE ] setting player 1 freeze to 0
[22:22:52.567] [SEVERE ] removing player 1 token from slot 7
[22:22:52.568] [SEVERE ] player 1 placing token on slot 1
[22:22:52.576] [SEVERE ] setting player 3 freeze to 0
[22:22:52.577] [SEVERE ] setting player 3 freeze to 0
[22:22:52.577] [SEVERE ] setting player 3 freeze to 0
[22:22:52.577] [SEVERE ] setting player 3 freeze to 0
[22:22:52.578] [SEVERE ] removing player 3 token from slot 3
[22:22:52.578] [SEVERE ] player 3 placing token on slot 2
[22:22:52.587] [SEVERE ] setting player 4 freeze to 0
[22:22:52.587] [SEVERE ] setting player 4 freeze to 0
[22:22:52.587] [SEVERE ] setting player 4 freeze to 0
[22:22:52.588] [SEVERE ] setting player 4 freeze to 0
[22:22:52.588] [SEVERE ] removing player 4 token from slot 5
[22:22:52.589] [SEVERE ] player 4 placing token on slot 7
[22:22:52.597] [SEVERE ] setting player 2 freeze to 0
[22:22:52.597] [SEVERE ] setting player 2 freeze to 0
[22:22:52.597] [SEVERE ] setting player 2 freeze to 0
[22:22:52.598] [SEVERE ] setting player 2 freeze to 0
[22:22:52.599] [SEVERE ] removing player 2 token from slot 8
[22:22:52.599] [SEVERE ] player 2 placing token on slot 3
[22:22:52.607] [SEVERE ] setting player 1 freeze to 0
[22:22:52.607] [SEVERE ] setting player 1 freeze to 0
[22:22:52.608] [SEVERE ] setting player 1 freeze to 0
[22:22:52.608] [SEVERE ] setting player 1 freeze to 0
[22:22:52.609] [SEVERE ] removing player 1 token from slot 10
[22:22:52.609] [SEVERE ] removing player 1 token from slot 1
[22:22:52.610] [SEVERE ] player 1 placing token on slot 5
[22:22:52.610] [SEVERE ] player 1 placing token on slot 4
[22:22:52.617] [SEVERE ] setting player 3 freeze to 0
[22:22:52.618] [SEVERE ] setting player 3 freeze to 0
[22:22:52.618] [SEVERE ] setting player 3 freeze to 0
[22:22:52.618] [SEVERE ] setting player 3 freeze to 0
[22:22:52.619] [SEVERE ] removing player 3 token from slot 2
[22:22:52.619] [SEVERE ] player 3 placing token on slot 3
[22:22:52.628] [SEVERE ] setting player 4 freeze to 0
[22:22:52.628] [SEVERE ] setting player 4 freeze to 0
[22:22:52.628] [SEVERE ] setting player 4 freeze to 0
[22:22:52.629] [SEVERE ] setting player 4 freeze to 0
[22:22:52.629] [SEVERE ] removing player 4 token from slot 3
[22:22:52.630] [SEVERE ] removing player 4 token from slot 7
[22:22:52.630] [SEVERE ] player 4 placing token on slot 6
[22:22:52.630] [SEVERE ] player 4 placing token on slot 1
[22:22:52.638] [SEVERE ] setting player 2 freeze to 0
[22:22:52.639] [SEVERE ] setting player 2 freeze to 0
[22:22:52.639] [SEVERE ] setting player 2 freeze to 0
[22:22:52.640] [SEVERE ] setting player 2 freeze to 0
[22:22:52.640] [SEVERE ] removing player 2 token from slot 6
[22:22:52.641] [SEVERE ] removing player 2 token from slot 3
[22:22:52.641] [SEVERE ] player 2 placing token on slot 4
[22:22:52.642] [SEVERE ] player 2 placing token on slot 3
[22:22:52.648] [SEVERE ] setting player 1 freeze to 0
[22:22:52.648] [SEVERE ] setting player 1 freeze to 0
[22:22:52.651] [SEVERE ] setting player 1 freeze to 0
[22:22:52.651] [SEVERE ] setting player 1 freeze to 0
[22:22:52.653] [SEVERE ] removing player 1 token from slot 6
[22:22:52.654] [SEVERE ] removing player 1 token from slot 5
[22:22:52.654] [SEVERE ] player 1 placing token on slot 2
[22:22:52.655] [SEVERE ] player 1 placing token on slot 10
[22:22:52.659] [SEVERE ] setting player 3 freeze to 0
[22:22:52.659] [SEVERE ] setting player 3 freeze to 0
[22:22:52.659] [SEVERE ] setting player 3 freeze to 0
[22:22:52.660] [SEVERE ] setting player 3 freeze to 0
[22:22:52.661] [SEVERE ] removing player 3 token from slot 9
[22:22:52.662] [SEVERE ] player 3 placing token on slot 9
[22:22:52.669] [SEVERE ] setting player 4 freeze to 0
[22:22:52.669] [SEVERE ] setting player 4 freeze to 0
[22:22:52.670] [SEVERE ] setting player 4 freeze to 0
[22:22:52.670] [SEVERE ] setting player 4 freeze to 0
[22:22:52.675] [SEVERE ] removing player 4 token from slot 1
[22:22:52.676] [SEVERE ] player 4 placing token on slot 3
[22:22:52.679] [SEVERE ] setting player 2 freeze to 0
[22:22:52.679] [SEVERE ] setting player 2 freeze to 0
[22:22:52.680] [SEVERE ] setting player 2 freeze to 0
[22:22:52.682] [SEVERE ] setting player 2 freeze to 0
[22:22:52.682] [SEVERE ] removing player 2 token from slot 4
[22:22:52.684] [SEVERE ] player 2 placing token on slot 2
[22:22:52.689] [SEVERE ] setting player 1 freeze to 0
[22:22:52.690] [SEVERE ] setting player 1 freeze to 0
[22:22:52.690] [SEVERE ] setting player 1 freeze to 0
[22:22:52.691] [SEVERE ] setting player 1 freeze to 0
[22:22:52.692] [SEVERE ] removing player 1 token from slot 10
[22:22:52.692] [SEVERE ] player 1 placing token on slot 9
[22:22:52.700] [SEVERE ] setting player 3 freeze to 0
[22:22:52.701] [SEVERE ] setting player 3 freeze to 0
[22:22:52.701] [SEVERE ] setting player 3 freeze to 0
[22:22:52.701] [SEVERE ] setting player 3 freeze to 0
[22:22:52.702] [SEVERE ] removing player 3 token from slot 11
[22:22:52.703] [SEVERE ] player 3 placing token on slot 11
[22:22:52.710] [SEVERE ] setting player 4 freeze to 0
[22:22:52.711] [SEVERE ] setting player 4 freeze to 0
[22:22:52.711] [SEVERE ] setting player 4 freeze to 0
[22:22:52.711] [SEVERE ] setting player 4 freeze to 0
[22:22:52.712] [SEVERE ] removing player 4 token from slot 6
[22:22:52.712] [SEVERE ] player 4 placing token on slot 6
[22:22:52.721] [SEVERE ] setting player 2 freeze to 0
[22:22:52.721] [SEVERE ] setting player 2 freeze to 0
[22:22:52.722] [SEVERE ] setting player 2 freeze to 0
[22:22:52.722] [SEVERE ] setting player 2 freeze to 0
[22:22:52.722] [SEVERE ] removing player 2 token from slot 2
[22:22:52.723] [SEVERE ] player 2 placing token on slot 5
[22:22:52.731] [SEVERE ] setting player 1 freeze to 0
[22:22:52.731] [SEVERE ] setting player 1 freeze to 0
[22:22:52.732] [SEVERE ] setting player 1 freeze to 0
[22:22:52.732] [SEVERE ] setting player 1 freeze to 0
[22:22:52.732] [SEVERE ] removing player 1 token from slot 2
[22:22:52.732] [SEVERE ] player 1 placing token on slot 8
[22:22:52.742] [SEVERE ] setting player 3 freeze to 0
[22:22:52.742] [SEVERE ] setting player 3 freeze to 0
[22:22:52.742] [SEVERE ] setting player 3 freeze to 0
[22:22:52.743] [SEVERE ] setting player 3 freeze to 0
[22:22:52.743] [SEVERE ] removing player 3 token from slot 11
[22:22:52.744] [SEVERE ] player 3 placing token on slot 6
[22:22:52.752] [SEVERE ] setting player 4 freeze to 0
[22:22:52.752] [SEVERE ] setting player 4 freeze to 0
[22:22:52.753] [SEVERE ] setting player 4 freeze to 0
[22:22:52.753] [SEVERE ] setting player 4 freeze to 0
[22:22:52.754] [SEVERE ] removing player 4 token from slot 9
[22:22:52.754] [SEVERE ] player 4 placing token on slot 9
[22:22:52.762] [SEVERE ] setting player 2 freeze to 0
[22:22:52.762] [SEVERE ] setting player 2 freeze to 0
[22:22:52.763] [SEVERE ] setting player 2 freeze to 0
[22:22:52.763] [SEVERE ] setting player 2 freeze to 0
[22:22:52.764] [SEVERE ] removing player 2 token from slot 5
[22:22:52.764] [SEVERE ] player 2 placing token on slot 6
[22:22:52.772] [SEVERE ] setting player 1 freeze to 0
[22:22:52.772] [SEVERE ] setting player 1 freeze to 0
[22:22:52.773] [SEVERE ] setting player 1 freeze to 0
[22:22:52.773] [SEVERE ] setting player 1 freeze to 0
[22:22:52.774] [SEVERE ] removing player 1 token from slot 8
[22:22:52.774] [SEVERE ] player 1 placing token on slot 6
[22:22:52.783] [SEVERE ] setting player 3 freeze to 0
[22:22:52.784] [SEVERE ] setting player 3 freeze to 0
[22:22:52.784] [SEVERE ] setting player 3 freeze to 0
[22:22:52.784] [SEVERE ] setting player 3 freeze to 0
[22:22:52.785] [SEVERE ] removing player 3 token from slot 9
[22:22:52.785] [SEVERE ] player 3 placing token on slot 5
[22:22:52.793] [SEVERE ] setting player 4 freeze to 0
[22:22:52.794] [SEVERE ] setting player 4 freeze to 0
[22:22:52.794] [SEVERE ] setting player 4 freeze to 0
[22:22:52.794] [SEVERE ] setting player 4 freeze to 0
[22:22:52.795] [SEVERE ] removing player 4 token from slot 9
[22:22:52.795] [SEVERE ] player 4 placing token on slot 8
[22:22:52.804] [SEVERE ] setting player 2 freeze to 0
[22:22:52.804] [SEVERE ] setting player 2 freeze to 0
[22:22:52.804] [SEVERE ] setting player 2 freeze to 0
[22:22:52.805] [SEVERE ] setting player 2 freeze to 0
[22:22:52.805] [SEVERE ] removing player 2 token from slot 1
[22:22:52.806] [SEVERE ] player 2 placing token on slot 1
[22:22:52.814] [SEVERE ] setting player 1 freeze to 0
[22:22:52.814] [SEVERE ] setting player 1 freeze to 0
[22:22:52.815] [SEVERE ] setting player 1 freeze to 0
[22:22:52.816] [SEVERE ] setting player 1 freeze to 0
[22:22:52.817] [SEVERE ] removing player 1 token from slot 9
[22:22:52.817] [SEVERE ] player 1 placing token on slot 1
[22:22:52.824] [SEVERE ] setting player 3 freeze to 0
[22:22:52.824] [SEVERE ] setting player 3 freeze to 0
[22:22:52.825] [SEVERE ] setting player 3 freeze to 0
[22:22:52.825] [SEVERE ] setting player 3 freeze to 0
[22:22:52.826] [SEVERE ] removing player 3 token from slot 5
[22:22:52.826] [SEVERE ] player 3 placing token on slot 9
[22:22:52.835] [SEVERE ] setting player 4 freeze to 0
[22:22:52.835] [SEVERE ] setting player 4 freeze to 0
[22:22:52.836] [SEVERE ] setting player 4 freeze to 0
[22:22:52.836] [SEVERE ] setting player 4 freeze to 0
[22:22:52.837] [SEVERE ] removing player 4 token from slot 3
[22:22:52.837] [SEVERE ] player 4 placing token on slot 11
[22:22:52.845] [SEVERE ] setting player 2 freeze to 0
[22:22:52.845] [SEVERE ] setting player 2 freeze to 0
[22:22:52.846] [SEVERE ] setting player 2 freeze to 0
[22:22:52.846] [SEVERE ] setting player 2 freeze to 0
[22:22:52.847] [SEVERE ] removing player 2 token from slot 6
[22:22:52.847] [SEVERE ] player 2 placing token on slot 6
[22:22:52.855] [SEVERE ] setting player 1 freeze to 0
[22:22:52.856] [SEVERE ] setting player 1 freeze to 0
[22:22:52.856] [SEVERE ] setting player 1 freeze to 0
[22:22:52.857] [SEVERE ] setting player 1 freeze to 0
[22:22:52.857] [SEVERE ] removing player 1 token from slot 6
[22:22:52.858] [SEVERE ] player 1 placing token on slot 11
[22:22:52.866] [SEVERE ] setting player 3 freeze to 0
[22:22:52.866] [SEVERE ] setting player 3 freeze to 0
[22:22:52.867] [SEVERE ] setting player 3 freeze to 0
[22:22:52.867] [SEVERE ] setting player 3 freeze to 0
[22:22:52.868] [SEVERE ] removing player 3 token from slot 6
[22:22:52.868] [SEVERE ] player 3 placing token on slot 6
[22:22:52.876] [SEVERE ] updating countdown to 5000
[22:22:52.876] [SEVERE ] setting player 4 score to 1
[22:22:52.877] [SEVERE ] setting player 4 freeze to 0
[22:22:52.877] [SEVERE ] setting player 4 freeze to 0
[22:22:52.878] [SEVERE ] removing player 4 token from slot 6
[22:22:52.878] [SEVERE ] player 4 placing token on slot 4
