[16:29:38.763] [INFO   ] thread main starting.
[16:29:38.780] [SEVERE ] cannot read configuration file config.properties trying from resources.
[16:29:38.786] [SEVERE ] configuration file was loaded from resources directory.
[16:29:39.809] [INFO   ] thread dealer starting.
[16:29:39.810] [INFO   ] Thread dealer starting.
[16:29:39.924] [SEVERE ] placing card 24 in slot 0
[16:29:40.137] [SEVERE ] placing card 17 in slot 1
[16:29:40.237] [SEVERE ] placing card 53 in slot 2
[16:29:40.338] [SEVERE ] placing card 10 in slot 3
[16:29:40.439] [SEVERE ] placing card 14 in slot 4
[16:29:40.540] [SEVERE ] placing card 60 in slot 5
[16:29:40.641] [SEVERE ] placing card 29 in slot 6
[16:29:40.741] [SEVERE ] placing card 57 in slot 7
[16:29:40.842] [SEVERE ] placing card 12 in slot 8
[16:29:40.942] [SEVERE ] placing card 51 in slot 9
[16:29:41.042] [SEVERE ] placing card 33 in slot 10
[16:29:41.154] [SEVERE ] placing card 59 in slot 11
[16:29:41.155] [INFO   ] Thread Thread-2starting.
[16:29:41.167] [SEVERE ] updating countdown to 5000
[16:29:41.176] [INFO   ] Thread Thread-1starting.
[16:29:41.176] [INFO   ] Thread Thread-4starting.
[16:29:41.178] [INFO   ] Thread Thread-3starting.
[16:29:41.207] [INFO   ] Thread computer-2 starting.
[16:29:41.208] [SEVERE ] player 3 placing token on slot 4
[16:29:41.209] [SEVERE ] player 3 placing token on slot 1
[16:29:41.209] [SEVERE ] removing player 3 token from slot 1
[16:29:41.209] [SEVERE ] player 3 placing token on slot 10
[16:29:41.209] [SEVERE ] player 3 placing token on slot 1
[16:29:41.210] [INFO   ] Thread computer-1 starting.
[16:29:41.210] [SEVERE ] player 2 placing token on slot 4
[16:29:41.210] [SEVERE ] removing player 2 token from slot 4
[16:29:41.211] [SEVERE ] player 2 placing token on slot 7
[16:29:41.211] [SEVERE ] removing player 2 token from slot 7
[16:29:41.211] [SEVERE ] player 2 placing token on slot 1
[16:29:41.211] [SEVERE ] player 2 placing token on slot 8
[16:29:41.211] [SEVERE ] player 2 placing token on slot 7
[16:29:41.222] [INFO   ] thread dealer terminated.
[16:29:41.274] [INFO   ] Thread computer-0 starting.
[16:29:41.302] [INFO   ] Thread computer-3 starting.
[16:29:41.302] [SEVERE ] player 4 placing token on slot 2
[16:29:41.303] [SEVERE ] player 4 placing token on slot 9
[16:29:41.303] [SEVERE ] player 4 placing token on slot 1
[16:29:46.226] [SEVERE ] thanks for playing... it was fun!
[16:29:46.226] [INFO   ] thread main terminated.
[16:29:46.227] [SEVERE ] disposing of user interface elements
