[18:19:28.964] [INFO   ] thread main starting.
[18:19:28.972] [SEVERE ] cannot read configuration file config.properties trying from resources.
[18:19:28.974] [SEVERE ] configuration file was loaded from resources directory.
[18:19:29.435] [INFO   ] thread dealer starting.
[18:19:29.445] [INFO   ] Thread dealer starting.
[18:19:29.558] [SEVERE ] placing card 74 in slot 0
[18:19:29.658] [SEVERE ] placing card 65 in slot 1
[18:19:29.759] [SEVERE ] placing card 54 in slot 2
[18:19:29.860] [SEVERE ] placing card 80 in slot 3
[18:19:29.961] [SEVERE ] placing card 71 in slot 4
[18:19:30.063] [SEVERE ] placing card 55 in slot 5
[18:19:30.163] [SEVERE ] placing card 44 in slot 6
[18:19:30.264] [SEVERE ] placing card 9 in slot 7
[18:19:30.366] [SEVERE ] placing card 60 in slot 8
[18:19:30.467] [SEVERE ] placing card 14 in slot 9
[18:19:30.568] [SEVERE ] placing card 15 in slot 10
[18:19:30.669] [SEVERE ] placing card 48 in slot 11
[18:19:30.671] [INFO   ] Thread Thread-1starting.
[18:19:30.672] [SEVERE ] updating countdown to 5000
[18:19:30.671] [INFO   ] Thread Thread-2starting.
[18:19:30.679] [INFO   ] Thread computer-0 starting.
[18:19:30.682] [SEVERE ] player 1 placing token on slot 11
[18:19:30.684] [SEVERE ] player 1 placing token on slot 6
[18:19:30.678] [INFO   ] Thread Thread-4starting.
[18:19:30.677] [INFO   ] Thread Thread-3starting.
[18:19:30.687] [SEVERE ] player 1 placing token on slot 9
[18:19:30.694] [INFO   ] Thread computer-1 starting.
[18:19:30.695] [SEVERE ] player 2 placing token on slot 5
[18:19:30.695] [SEVERE ] player 2 placing token on slot 6
[18:19:30.697] [SEVERE ] player 2 placing token on slot 8
[18:19:30.696] [INFO   ] Thread computer-3 starting.
[18:19:30.699] [SEVERE ] player 4 placing token on slot 4
[18:19:30.701] [SEVERE ] player 4 placing token on slot 10
[18:19:30.698] [INFO   ] Thread computer-2 starting.
[18:19:30.709] [SEVERE ] player 3 placing token on slot 10
[18:19:30.713] [SEVERE ] removing player 3 token from slot 10
[18:19:30.714] [SEVERE ] player 3 placing token on slot 1
[18:19:30.714] [SEVERE ] player 3 placing token on slot 2
[18:19:30.715] [SEVERE ] player 3 placing token on slot 3
[18:19:30.709] [SEVERE ] setting player 1 freeze to 0
[18:19:30.705] [SEVERE ] setting player 2 freeze to 0
[18:19:30.705] [SEVERE ] player 4 placing token on slot 6
[18:19:30.715] [SEVERE ] setting player 2 freeze to 0
[18:19:30.715] [SEVERE ] setting player 1 freeze to 0
[18:19:30.716] [SEVERE ] setting player 2 freeze to 0
[18:19:30.716] [SEVERE ] setting player 1 freeze to 0
[18:19:30.716] [SEVERE ] setting player 2 freeze to 0
[18:19:30.716] [SEVERE ] removing player 2 token from slot 5
[18:19:30.716] [SEVERE ] player 2 placing token on slot 2
[18:19:30.720] [SEVERE ] setting player 1 freeze to 0
[18:19:30.720] [SEVERE ] removing player 1 token from slot 6
[18:19:30.720] [SEVERE ] player 1 placing token on slot 4
[18:19:30.725] [SEVERE ] setting player 3 freeze to 0
[18:19:30.726] [SEVERE ] setting player 3 freeze to 0
[18:19:30.727] [SEVERE ] setting player 3 freeze to 0
[18:19:30.729] [SEVERE ] setting player 3 freeze to 0
[18:19:30.730] [SEVERE ] removing player 3 token from slot 3
[18:19:30.731] [SEVERE ] player 3 placing token on slot 5
[18:19:30.736] [SEVERE ] setting player 4 freeze to 0
[18:19:30.736] [SEVERE ] setting player 4 freeze to 0
[18:19:30.736] [SEVERE ] setting player 4 freeze to 0
[18:19:30.736] [SEVERE ] setting player 4 freeze to 0
[18:19:30.736] [SEVERE ] removing player 4 token from slot 6
[18:19:30.736] [SEVERE ] player 4 placing token on slot 3
[18:19:30.746] [SEVERE ] setting player 2 freeze to 0
[18:19:30.746] [SEVERE ] setting player 2 freeze to 0
[18:19:30.746] [SEVERE ] setting player 2 freeze to 0
[18:19:30.746] [SEVERE ] setting player 2 freeze to 0
[18:19:30.746] [SEVERE ] removing player 2 token from slot 2
[18:19:30.746] [SEVERE ] player 2 placing token on slot 5
[18:19:30.756] [SEVERE ] setting player 1 freeze to 0
[18:19:30.757] [SEVERE ] setting player 1 freeze to 0
[18:19:30.758] [SEVERE ] setting player 1 freeze to 0
[18:19:30.759] [SEVERE ] setting player 1 freeze to 0
[18:19:30.762] [SEVERE ] removing player 1 token from slot 9
[18:19:30.764] [SEVERE ] removing player 1 token from slot 4
[18:19:30.766] [SEVERE ] player 1 placing token on slot 3
[18:19:30.766] [SEVERE ] setting player 3 freeze to 0
[18:19:30.767] [SEVERE ] player 1 placing token on slot 10
[18:19:30.769] [SEVERE ] setting player 3 freeze to 0
[18:19:30.776] [SEVERE ] setting player 3 freeze to 0
[18:19:30.777] [SEVERE ] setting player 3 freeze to 0
[18:19:30.777] [SEVERE ] removing player 3 token from slot 5
[18:19:30.777] [SEVERE ] setting player 4 freeze to 0
[18:19:30.778] [SEVERE ] player 3 placing token on slot 9
[18:19:30.781] [SEVERE ] setting player 4 freeze to 0
[18:19:30.782] [SEVERE ] setting player 4 freeze to 0
[18:19:30.782] [SEVERE ] setting player 4 freeze to 0
[18:19:30.783] [SEVERE ] removing player 4 token from slot 4
[18:19:30.784] [SEVERE ] player 4 placing token on slot 9
[18:19:30.788] [SEVERE ] setting player 2 freeze to 0
[18:19:30.788] [SEVERE ] setting player 2 freeze to 0
[18:19:30.790] [SEVERE ] setting player 2 freeze to 0
[18:19:30.790] [SEVERE ] setting player 2 freeze to 0
[18:19:30.791] [SEVERE ] removing player 2 token from slot 8
[18:19:30.791] [SEVERE ] player 2 placing token on slot 8
[18:19:30.808] [SEVERE ] setting player 3 freeze to 0
[18:19:30.808] [SEVERE ] setting player 3 freeze to 0
[18:19:30.808] [SEVERE ] setting player 1 freeze to 0
[18:19:30.813] [SEVERE ] setting player 1 freeze to 0
[18:19:30.814] [SEVERE ] setting player 1 freeze to 0
[18:19:30.808] [SEVERE ] setting player 3 freeze to 0
[18:19:30.815] [SEVERE ] setting player 1 freeze to 0
[18:19:30.815] [SEVERE ] setting player 3 freeze to 0
[18:19:30.816] [SEVERE ] removing player 1 token from slot 3
[18:19:30.820] [SEVERE ] player 1 placing token on slot 2
[18:19:30.818] [SEVERE ] setting player 4 freeze to 0
[18:19:30.816] [SEVERE ] removing player 3 token from slot 1
[18:19:30.822] [SEVERE ] removing player 3 token from slot 9
[18:19:30.823] [SEVERE ] player 3 placing token on slot 10
[18:19:30.823] [SEVERE ] player 3 placing token on slot 5
[18:19:30.822] [SEVERE ] setting player 4 freeze to 0
[18:19:30.824] [SEVERE ] setting player 4 freeze to 0
[18:19:30.824] [SEVERE ] setting player 4 freeze to 0
[18:19:30.825] [SEVERE ] removing player 4 token from slot 10
[18:19:30.825] [SEVERE ] player 4 placing token on slot 2
[18:19:30.828] [SEVERE ] setting player 2 freeze to 0
[18:19:30.829] [SEVERE ] setting player 2 freeze to 0
[18:19:30.829] [SEVERE ] setting player 2 freeze to 0
[18:19:30.830] [SEVERE ] setting player 2 freeze to 0
[18:19:30.838] [SEVERE ] removing player 2 token from slot 5
[18:19:30.839] [SEVERE ] player 2 placing token on slot 11
[18:19:30.839] [SEVERE ] updating countdown to 5000
[18:19:30.839] [SEVERE ] removing player 1 token from slot 11
[18:19:30.846] [SEVERE ] removing player 1 token from slot 2
[18:19:30.848] [SEVERE ] removing player 1 token from slot 11
[18:19:30.848] [SEVERE ] removing player 1 token from slot 11
[18:19:30.848] [SEVERE ] setting player 1 score to 1
[18:19:30.849] [SEVERE ] setting player 1 freeze to 0
[18:19:30.849] [SEVERE ] setting player 1 freeze to 0
[18:19:30.849] [SEVERE ] removing player 1 token from slot 11
[18:19:30.849] [SEVERE ] removing player 1 token from slot 11
[18:19:30.849] [SEVERE ] removing player 1 token from slot 11
[18:19:30.849] [SEVERE ] setting player 1 score to 2
[18:19:30.850] [SEVERE ] setting player 1 freeze to 0
[18:19:30.850] [SEVERE ] setting player 1 freeze to 0
[18:19:30.850] [SEVERE ] removing player 1 token from slot 11
[18:19:30.850] [SEVERE ] removing player 1 token from slot 11
[18:19:30.850] [SEVERE ] removing player 1 token from slot 11
[18:19:30.850] [SEVERE ] setting player 1 score to 3
[18:19:30.851] [SEVERE ] setting player 1 freeze to 0
[18:19:30.851] [SEVERE ] setting player 1 freeze to 0
[18:19:30.852] [SEVERE ] removing player 1 token from slot 11
[18:19:30.853] [SEVERE ] removing player 1 token from slot 11
[18:19:30.853] [SEVERE ] removing player 1 token from slot 11
[18:19:30.854] [SEVERE ] setting player 1 score to 4
[18:19:30.854] [SEVERE ] setting player 1 freeze to 0
[18:19:30.855] [SEVERE ] setting player 1 freeze to 0
[18:19:30.856] [SEVERE ] removing player 1 token from slot 11
[18:19:30.856] [SEVERE ] removing player 1 token from slot 11
[18:19:30.857] [SEVERE ] removing player 1 token from slot 11
[18:19:30.857] [SEVERE ] setting player 1 score to 5
[18:19:30.858] [SEVERE ] setting player 1 freeze to 0
[18:19:30.858] [SEVERE ] setting player 1 freeze to 0
[18:19:30.859] [SEVERE ] removing player 1 token from slot 11
[18:19:30.859] [SEVERE ] removing player 1 token from slot 11
[18:19:30.860] [SEVERE ] removing player 1 token from slot 11
[18:19:30.865] [SEVERE ] setting player 1 score to 6
[18:19:30.865] [SEVERE ] setting player 1 freeze to 0
[18:19:30.865] [SEVERE ] setting player 1 freeze to 0
[18:19:30.865] [SEVERE ] removing player 1 token from slot 11
[18:19:30.865] [SEVERE ] removing player 1 token from slot 11
[18:19:30.865] [SEVERE ] removing player 1 token from slot 11
[18:19:30.865] [SEVERE ] setting player 1 score to 7
[18:19:30.866] [SEVERE ] setting player 1 freeze to 0
[18:19:30.866] [SEVERE ] setting player 1 freeze to 0
[18:19:30.866] [SEVERE ] removing player 1 token from slot 11
[18:19:30.866] [SEVERE ] removing player 1 token from slot 11
[18:19:30.866] [SEVERE ] removing player 1 token from slot 11
[18:19:30.866] [SEVERE ] setting player 1 score to 8
[18:19:30.867] [SEVERE ] setting player 1 freeze to 0
[18:19:30.867] [SEVERE ] setting player 1 freeze to 0
[18:19:30.867] [SEVERE ] removing player 1 token from slot 11
[18:19:30.867] [SEVERE ] removing player 1 token from slot 11
[18:19:30.867] [SEVERE ] removing player 1 token from slot 11
[18:19:30.867] [SEVERE ] setting player 1 score to 9
[18:19:30.868] [SEVERE ] setting player 1 freeze to 0
[18:19:30.868] [SEVERE ] setting player 1 freeze to 0
[18:19:30.868] [SEVERE ] removing player 1 token from slot 11
[18:19:30.868] [SEVERE ] removing player 1 token from slot 11
[18:19:30.868] [SEVERE ] removing player 1 token from slot 11
[18:19:30.868] [SEVERE ] setting player 1 score to 10
[18:19:30.869] [SEVERE ] setting player 1 freeze to 0
[18:19:30.869] [SEVERE ] setting player 1 freeze to 0
[18:19:30.874] [SEVERE ] removing player 1 token from slot 11
[18:19:30.874] [SEVERE ] removing player 1 token from slot 11
[18:19:30.875] [SEVERE ] removing player 1 token from slot 11
[18:19:30.875] [SEVERE ] setting player 1 score to 11
[18:19:30.876] [SEVERE ] setting player 1 freeze to 0
[18:19:30.876] [SEVERE ] setting player 1 freeze to 0
[18:19:30.877] [SEVERE ] removing player 1 token from slot 11
[18:19:30.877] [SEVERE ] removing player 1 token from slot 11
[18:19:30.878] [SEVERE ] removing player 1 token from slot 11
[18:19:30.879] [SEVERE ] setting player 1 score to 12
[18:19:30.880] [SEVERE ] setting player 1 freeze to 0
[18:19:30.881] [SEVERE ] setting player 1 freeze to 0
[18:19:30.881] [SEVERE ] removing player 1 token from slot 11
[18:19:30.890] [SEVERE ] removing player 1 token from slot 11
[18:19:30.890] [SEVERE ] removing player 1 token from slot 11
[18:19:30.890] [SEVERE ] setting player 1 score to 13
[18:19:30.891] [SEVERE ] setting player 1 freeze to 0
[18:19:30.891] [SEVERE ] setting player 1 freeze to 0
[18:19:30.891] [SEVERE ] removing player 1 token from slot 11
[18:19:30.891] [SEVERE ] removing player 1 token from slot 11
[18:19:30.891] [SEVERE ] removing player 1 token from slot 11
[18:19:30.891] [SEVERE ] setting player 1 score to 14
[18:19:30.892] [SEVERE ] setting player 1 freeze to 0
[18:19:30.892] [SEVERE ] setting player 1 freeze to 0
[18:19:30.892] [SEVERE ] removing player 1 token from slot 11
[18:19:30.892] [SEVERE ] removing player 1 token from slot 11
[18:19:30.892] [SEVERE ] removing player 1 token from slot 11
[18:19:30.892] [SEVERE ] setting player 1 score to 15
[18:19:30.893] [SEVERE ] setting player 1 freeze to 0
[18:19:30.893] [SEVERE ] setting player 1 freeze to 0
[18:19:30.893] [SEVERE ] removing player 1 token from slot 11
[18:19:30.893] [SEVERE ] removing player 1 token from slot 11
[18:19:30.893] [SEVERE ] removing player 1 token from slot 11
[18:19:30.893] [SEVERE ] setting player 1 score to 16
[18:19:30.898] [SEVERE ] setting player 1 freeze to 0
[18:19:30.898] [SEVERE ] setting player 1 freeze to 0
[18:19:30.898] [SEVERE ] removing player 1 token from slot 11
[18:19:30.899] [SEVERE ] removing player 1 token from slot 11
[18:19:30.899] [SEVERE ] removing player 1 token from slot 11
[18:19:30.901] [SEVERE ] setting player 1 score to 17
[18:19:30.902] [SEVERE ] setting player 1 freeze to 0
[18:19:30.902] [SEVERE ] setting player 1 freeze to 0
[18:19:30.903] [SEVERE ] removing player 1 token from slot 11
[18:19:30.903] [SEVERE ] removing player 1 token from slot 11
[18:19:30.904] [SEVERE ] removing player 1 token from slot 11
[18:19:30.904] [SEVERE ] setting player 1 score to 18
[18:19:30.906] [SEVERE ] setting player 1 freeze to 0
[18:19:30.906] [SEVERE ] setting player 1 freeze to 0
[18:19:30.907] [SEVERE ] removing player 1 token from slot 11
[18:19:30.908] [SEVERE ] removing player 1 token from slot 11
[18:19:30.908] [SEVERE ] removing player 1 token from slot 11
[18:19:30.909] [SEVERE ] setting player 1 score to 19
[18:19:30.910] [SEVERE ] setting player 1 freeze to 0
[18:19:30.910] [SEVERE ] setting player 1 freeze to 0
[18:19:30.910] [SEVERE ] removing player 1 token from slot 11
[18:19:30.911] [SEVERE ] removing player 1 token from slot 11
[18:19:30.911] [SEVERE ] removing player 1 token from slot 11
[18:19:30.911] [SEVERE ] setting player 1 score to 20
[18:19:30.912] [SEVERE ] setting player 1 freeze to 0
[18:19:30.912] [SEVERE ] setting player 1 freeze to 0
[18:19:30.912] [SEVERE ] removing player 1 token from slot 11
[18:19:30.912] [SEVERE ] removing player 1 token from slot 11
[18:19:30.912] [SEVERE ] removing player 1 token from slot 11
[18:19:30.912] [SEVERE ] setting player 1 score to 21
[18:19:30.913] [SEVERE ] setting player 1 freeze to 0
[18:19:30.913] [SEVERE ] setting player 1 freeze to 0
[18:19:30.913] [SEVERE ] removing player 1 token from slot 11
[18:19:30.913] [SEVERE ] removing player 1 token from slot 11
[18:19:30.913] [SEVERE ] removing player 1 token from slot 11
[18:19:30.913] [SEVERE ] setting player 1 score to 22
[18:19:30.917] [SEVERE ] setting player 1 freeze to 0
[18:19:30.917] [SEVERE ] setting player 1 freeze to 0
[18:19:30.917] [SEVERE ] removing player 1 token from slot 11
[18:19:30.918] [SEVERE ] removing player 1 token from slot 11
[18:19:30.919] [SEVERE ] removing player 1 token from slot 11
[18:19:30.922] [SEVERE ] setting player 1 score to 23
[18:19:30.923] [SEVERE ] setting player 1 freeze to 0
[18:19:30.924] [SEVERE ] setting player 1 freeze to 0
[18:19:30.924] [SEVERE ] removing player 1 token from slot 11
[18:19:30.925] [SEVERE ] removing player 1 token from slot 11
[18:19:30.926] [SEVERE ] removing player 1 token from slot 11
[18:19:30.926] [SEVERE ] setting player 1 score to 24
[18:19:30.927] [SEVERE ] setting player 1 freeze to 0
[18:19:30.927] [SEVERE ] setting player 1 freeze to 0
[18:19:30.928] [SEVERE ] removing player 1 token from slot 11
[18:19:30.928] [SEVERE ] removing player 1 token from slot 11
[18:19:30.928] [SEVERE ] removing player 1 token from slot 11
[18:19:30.928] [SEVERE ] setting player 1 score to 25
[18:19:30.929] [SEVERE ] setting player 1 freeze to 0
[18:19:30.929] [SEVERE ] setting player 1 freeze to 0
[18:19:30.933] [SEVERE ] removing player 1 token from slot 11
[18:19:30.933] [SEVERE ] removing player 1 token from slot 11
[18:19:30.933] [SEVERE ] removing player 1 token from slot 11
[18:19:30.933] [SEVERE ] setting player 1 score to 26
[18:19:30.934] [SEVERE ] setting player 1 freeze to 0
[18:19:30.934] [SEVERE ] setting player 1 freeze to 0
[18:19:30.934] [SEVERE ] removing player 1 token from slot 11
[18:19:30.934] [SEVERE ] removing player 1 token from slot 11
[18:19:30.934] [SEVERE ] removing player 1 token from slot 11
[18:19:30.934] [SEVERE ] setting player 1 score to 27
[18:19:30.941] [SEVERE ] setting player 1 freeze to 0
[18:19:30.941] [SEVERE ] setting player 1 freeze to 0
[18:19:30.941] [SEVERE ] removing player 1 token from slot 11
[18:19:30.942] [SEVERE ] removing player 1 token from slot 11
[18:19:30.942] [SEVERE ] removing player 1 token from slot 11
[18:19:30.942] [SEVERE ] setting player 1 score to 28
[18:19:30.943] [SEVERE ] setting player 1 freeze to 0
[18:19:30.943] [SEVERE ] setting player 1 freeze to 0
[18:19:30.943] [SEVERE ] removing player 1 token from slot 11
[18:19:30.944] [SEVERE ] removing player 1 token from slot 11
[18:19:30.944] [SEVERE ] removing player 1 token from slot 11
[18:19:30.944] [SEVERE ] setting player 1 score to 29
[18:19:30.945] [SEVERE ] setting player 1 freeze to 0
[18:19:30.945] [SEVERE ] setting player 1 freeze to 0
[18:19:30.946] [SEVERE ] removing player 1 token from slot 11
[18:19:30.946] [SEVERE ] removing player 1 token from slot 11
[18:19:30.947] [SEVERE ] removing player 1 token from slot 11
[18:19:30.947] [SEVERE ] setting player 1 score to 30
[18:19:30.948] [SEVERE ] removing card from slot 2
[18:19:30.949] [SEVERE ] removing player 1 token from slot 10
[18:19:30.956] [SEVERE ] setting player 1 freeze to 0
[18:19:30.956] [SEVERE ] setting player 1 freeze to 0
[18:19:30.956] [SEVERE ] removing player 1 token from slot 11
[18:19:30.957] [SEVERE ] removing player 1 token from slot 11
[18:19:30.957] [SEVERE ] removing player 1 token from slot 11
[18:19:30.960] [SEVERE ] setting player 1 score to 31
[18:19:30.961] [SEVERE ] setting player 1 freeze to 0
[18:19:30.961] [SEVERE ] setting player 1 freeze to 0
[18:19:30.962] [SEVERE ] removing player 1 token from slot 11
[18:19:30.962] [SEVERE ] removing player 1 token from slot 11
[18:19:30.962] [SEVERE ] removing player 1 token from slot 11
[18:19:30.962] [SEVERE ] setting player 1 score to 32
[18:19:30.963] [SEVERE ] setting player 1 freeze to 0
[18:19:30.963] [SEVERE ] setting player 1 freeze to 0
[18:19:30.963] [SEVERE ] removing player 1 token from slot 11
[18:19:30.963] [SEVERE ] removing player 1 token from slot 11
[18:19:30.963] [SEVERE ] removing player 1 token from slot 11
[18:19:30.964] [SEVERE ] setting player 1 score to 33
[18:19:30.965] [SEVERE ] setting player 1 freeze to 0
[18:19:30.965] [SEVERE ] setting player 1 freeze to 0
[18:19:30.965] [SEVERE ] removing player 1 token from slot 11
[18:19:30.965] [SEVERE ] removing player 1 token from slot 11
[18:19:30.965] [SEVERE ] removing player 1 token from slot 11
[18:19:30.965] [SEVERE ] setting player 1 score to 34
[18:19:30.966] [SEVERE ] setting player 1 freeze to 0
[18:19:30.966] [SEVERE ] setting player 1 freeze to 0
[18:19:30.971] [SEVERE ] removing player 1 token from slot 11
[18:19:30.972] [SEVERE ] removing player 1 token from slot 11
[18:19:30.973] [SEVERE ] removing player 1 token from slot 11
[18:19:30.977] [SEVERE ] setting player 1 score to 35
[18:19:30.978] [SEVERE ] setting player 1 freeze to 0
[18:19:30.978] [SEVERE ] setting player 1 freeze to 0
[18:19:30.979] [SEVERE ] removing player 1 token from slot 11
[18:19:30.980] [SEVERE ] removing player 1 token from slot 11
[18:19:30.981] [SEVERE ] removing player 1 token from slot 11
[18:19:30.989] [SEVERE ] setting player 1 score to 36
[18:19:30.990] [SEVERE ] setting player 1 freeze to 0
[18:19:30.990] [SEVERE ] setting player 1 freeze to 0
[18:19:30.993] [SEVERE ] removing player 1 token from slot 11
[18:19:30.993] [SEVERE ] removing player 1 token from slot 11
[18:19:30.994] [SEVERE ] removing player 1 token from slot 11
[18:19:30.994] [SEVERE ] setting player 1 score to 37
[18:19:30.995] [SEVERE ] setting player 1 freeze to 0
[18:19:30.995] [SEVERE ] setting player 1 freeze to 0
[18:19:30.996] [SEVERE ] removing player 1 token from slot 11
[18:19:30.996] [SEVERE ] removing player 1 token from slot 11
[18:19:30.997] [SEVERE ] removing player 1 token from slot 11
[18:19:30.997] [SEVERE ] setting player 1 score to 38
[18:19:30.998] [SEVERE ] setting player 1 freeze to 0
[18:19:30.998] [SEVERE ] setting player 1 freeze to 0
[18:19:30.998] [SEVERE ] removing player 1 token from slot 11
[18:19:30.999] [SEVERE ] removing player 1 token from slot 11
[18:19:31.000] [SEVERE ] removing player 1 token from slot 11
[18:19:31.000] [SEVERE ] setting player 1 score to 39
[18:19:31.001] [SEVERE ] setting player 1 freeze to 0
[18:19:31.001] [SEVERE ] setting player 1 freeze to 0
[18:19:31.002] [SEVERE ] removing player 1 token from slot 11
[18:19:31.002] [SEVERE ] removing player 1 token from slot 11
[18:19:31.003] [SEVERE ] removing player 1 token from slot 11
[18:19:31.004] [SEVERE ] setting player 1 score to 40
[18:19:31.004] [SEVERE ] setting player 1 freeze to 0
[18:19:31.004] [SEVERE ] setting player 1 freeze to 0
[18:19:31.005] [SEVERE ] removing player 1 token from slot 11
[18:19:31.006] [SEVERE ] removing player 1 token from slot 11
[18:19:31.006] [SEVERE ] removing player 1 token from slot 11
[18:19:31.006] [SEVERE ] setting player 1 score to 41
[18:19:31.007] [SEVERE ] setting player 1 freeze to 0
[18:19:31.007] [SEVERE ] setting player 1 freeze to 0
[18:19:31.008] [SEVERE ] removing player 1 token from slot 11
[18:19:31.008] [SEVERE ] removing player 1 token from slot 11
[18:19:31.008] [SEVERE ] removing player 1 token from slot 11
[18:19:31.009] [SEVERE ] setting player 1 score to 42
[18:19:31.009] [SEVERE ] setting player 1 freeze to 0
[18:19:31.010] [SEVERE ] setting player 1 freeze to 0
[18:19:31.010] [SEVERE ] removing player 1 token from slot 11
[18:19:31.011] [SEVERE ] removing player 1 token from slot 11
[18:19:31.011] [SEVERE ] removing player 1 token from slot 11
[18:19:31.011] [SEVERE ] setting player 1 score to 43
[18:19:31.012] [SEVERE ] setting player 1 freeze to 0
[18:19:31.012] [SEVERE ] setting player 1 freeze to 0
[18:19:31.013] [SEVERE ] removing player 1 token from slot 11
[18:19:31.013] [SEVERE ] removing player 1 token from slot 11
[18:19:31.014] [SEVERE ] removing player 1 token from slot 11
[18:19:31.014] [SEVERE ] setting player 1 score to 44
[18:19:31.014] [SEVERE ] setting player 1 freeze to 0
[18:19:31.015] [SEVERE ] setting player 1 freeze to 0
[18:19:31.015] [SEVERE ] removing player 1 token from slot 11
[18:19:31.016] [SEVERE ] removing player 1 token from slot 11
[18:19:31.016] [SEVERE ] removing player 1 token from slot 11
[18:19:31.017] [SEVERE ] setting player 1 score to 45
[18:19:31.017] [SEVERE ] setting player 1 freeze to 0
[18:19:31.018] [SEVERE ] setting player 1 freeze to 0
[18:19:31.018] [SEVERE ] removing player 1 token from slot 11
[18:19:31.018] [SEVERE ] removing player 1 token from slot 11
[18:19:31.019] [SEVERE ] removing player 1 token from slot 11
[18:19:31.019] [SEVERE ] setting player 1 score to 46
[18:19:31.020] [SEVERE ] setting player 1 freeze to 0
[18:19:31.020] [SEVERE ] setting player 1 freeze to 0
[18:19:31.021] [SEVERE ] removing player 1 token from slot 11
[18:19:31.021] [SEVERE ] removing player 1 token from slot 11
[18:19:31.022] [SEVERE ] removing player 1 token from slot 11
[18:19:31.022] [SEVERE ] setting player 1 score to 47
[18:19:31.023] [SEVERE ] setting player 1 freeze to 0
[18:19:31.023] [SEVERE ] setting player 1 freeze to 0
[18:19:31.024] [SEVERE ] removing player 1 token from slot 11
[18:19:31.024] [SEVERE ] removing player 1 token from slot 11
[18:19:31.025] [SEVERE ] removing player 1 token from slot 11
[18:19:31.025] [SEVERE ] setting player 1 score to 48
[18:19:31.026] [SEVERE ] setting player 1 freeze to 0
[18:19:31.026] [SEVERE ] setting player 1 freeze to 0
[18:19:31.027] [SEVERE ] removing player 1 token from slot 11
[18:19:31.027] [SEVERE ] removing player 1 token from slot 11
[18:19:31.028] [SEVERE ] removing player 1 token from slot 11
[18:19:31.028] [SEVERE ] setting player 1 score to 49
[18:19:31.029] [SEVERE ] setting player 1 freeze to 0
[18:19:31.029] [SEVERE ] setting player 1 freeze to 0
[18:19:31.030] [SEVERE ] removing player 1 token from slot 11
[18:19:31.030] [SEVERE ] removing player 1 token from slot 11
[18:19:31.031] [SEVERE ] removing player 1 token from slot 11
[18:19:31.031] [SEVERE ] setting player 1 score to 50
[18:19:31.032] [SEVERE ] setting player 1 freeze to 0
[18:19:31.033] [SEVERE ] setting player 1 freeze to 0
[18:19:31.033] [SEVERE ] removing player 1 token from slot 11
[18:19:31.034] [SEVERE ] removing player 1 token from slot 11
[18:19:31.034] [SEVERE ] removing player 1 token from slot 11
[18:19:31.035] [SEVERE ] setting player 1 score to 51
[18:19:31.036] [SEVERE ] setting player 1 freeze to 0
[18:19:31.037] [SEVERE ] setting player 1 freeze to 0
[18:19:31.037] [SEVERE ] removing player 1 token from slot 11
[18:19:31.037] [SEVERE ] removing player 1 token from slot 11
[18:19:31.037] [SEVERE ] removing player 1 token from slot 11
[18:19:31.038] [SEVERE ] setting player 1 score to 52
[18:19:31.038] [SEVERE ] setting player 1 freeze to 0
[18:19:31.039] [SEVERE ] setting player 1 freeze to 0
[18:19:31.039] [SEVERE ] removing player 1 token from slot 11
[18:19:31.039] [SEVERE ] removing player 1 token from slot 11
[18:19:31.040] [SEVERE ] removing player 1 token from slot 11
[18:19:31.040] [SEVERE ] setting player 1 score to 53
[18:19:31.041] [SEVERE ] setting player 1 freeze to 0
[18:19:31.041] [SEVERE ] setting player 1 freeze to 0
[18:19:31.041] [SEVERE ] removing player 1 token from slot 11
[18:19:31.042] [SEVERE ] removing player 1 token from slot 11
[18:19:31.042] [SEVERE ] removing player 1 token from slot 11
[18:19:31.043] [SEVERE ] setting player 1 score to 54
[18:19:31.043] [SEVERE ] setting player 1 freeze to 0
[18:19:31.043] [SEVERE ] setting player 1 freeze to 0
[18:19:31.044] [SEVERE ] removing player 1 token from slot 11
[18:19:31.044] [SEVERE ] removing player 1 token from slot 11
[18:19:31.045] [SEVERE ] removing player 1 token from slot 11
[18:19:31.045] [SEVERE ] setting player 1 score to 55
[18:19:31.046] [SEVERE ] setting player 1 freeze to 0
[18:19:31.046] [SEVERE ] setting player 1 freeze to 0
[18:19:31.047] [SEVERE ] removing player 1 token from slot 11
[18:19:31.047] [SEVERE ] removing player 1 token from slot 11
[18:19:31.048] [SEVERE ] removing player 1 token from slot 11
[18:19:31.048] [SEVERE ] setting player 1 score to 56
[18:19:31.049] [SEVERE ] setting player 1 freeze to 0
[18:19:31.049] [SEVERE ] setting player 1 freeze to 0
[18:19:31.049] [SEVERE ] removing player 1 token from slot 11
[18:19:31.050] [SEVERE ] removing player 1 token from slot 11
[18:19:31.050] [SEVERE ] removing player 1 token from slot 11
[18:19:31.049] [SEVERE ] removing card from slot 10
[18:19:31.051] [SEVERE ] removing player 1 token from slot 11
[18:19:31.051] [SEVERE ] setting player 1 score to 57
[18:19:31.055] [SEVERE ] setting player 1 freeze to 0
[18:19:31.055] [SEVERE ] setting player 1 freeze to 0
[18:19:31.056] [SEVERE ] removing player 1 token from slot 11
[18:19:31.056] [SEVERE ] removing player 1 token from slot 11
[18:19:31.057] [SEVERE ] removing player 1 token from slot 11
[18:19:31.057] [SEVERE ] setting player 1 score to 58
[18:19:31.057] [SEVERE ] setting player 1 freeze to 0
[18:19:31.058] [SEVERE ] setting player 1 freeze to 0
[18:19:31.058] [SEVERE ] removing player 1 token from slot 11
[18:19:31.059] [SEVERE ] removing player 1 token from slot 11
[18:19:31.059] [SEVERE ] removing player 1 token from slot 11
[18:19:31.060] [SEVERE ] setting player 1 score to 59
[18:19:31.060] [SEVERE ] setting player 1 freeze to 0
[18:19:31.061] [SEVERE ] setting player 1 freeze to 0
[18:19:31.061] [SEVERE ] removing player 1 token from slot 11
[18:19:31.062] [SEVERE ] removing player 1 token from slot 11
[18:19:31.062] [SEVERE ] removing player 1 token from slot 11
[18:19:31.063] [SEVERE ] setting player 1 score to 60
[18:19:31.063] [SEVERE ] setting player 1 freeze to 0
[18:19:31.064] [SEVERE ] setting player 1 freeze to 0
[18:19:31.064] [SEVERE ] removing player 1 token from slot 11
[18:19:31.064] [SEVERE ] removing player 1 token from slot 11
[18:19:31.066] [SEVERE ] removing player 1 token from slot 11
[18:19:31.067] [SEVERE ] setting player 1 score to 61
[18:19:31.068] [SEVERE ] setting player 1 freeze to 0
[18:19:31.068] [SEVERE ] setting player 1 freeze to 0
[18:19:31.077] [SEVERE ] removing player 1 token from slot 11
[18:19:31.077] [SEVERE ] removing player 1 token from slot 11
[18:19:31.078] [SEVERE ] removing player 1 token from slot 11
[18:19:31.079] [SEVERE ] setting player 1 score to 62
[18:19:31.079] [SEVERE ] setting player 1 freeze to 0
[18:19:31.080] [SEVERE ] setting player 1 freeze to 0
[18:19:31.080] [SEVERE ] removing player 1 token from slot 11
[18:19:31.081] [SEVERE ] removing player 1 token from slot 11
[18:19:31.081] [SEVERE ] removing player 1 token from slot 11
[18:19:31.082] [SEVERE ] setting player 1 score to 63
[18:19:31.083] [SEVERE ] setting player 1 freeze to 0
[18:19:31.084] [SEVERE ] setting player 1 freeze to 0
[18:19:31.084] [SEVERE ] removing player 1 token from slot 11
[18:19:31.087] [SEVERE ] removing player 1 token from slot 11
[18:19:31.087] [SEVERE ] removing player 1 token from slot 11
[18:19:31.088] [SEVERE ] setting player 1 score to 64
[18:19:31.088] [SEVERE ] setting player 1 freeze to 0
[18:19:31.089] [SEVERE ] setting player 1 freeze to 0
[18:19:31.089] [SEVERE ] removing player 1 token from slot 11
[18:19:31.090] [SEVERE ] removing player 1 token from slot 11
[18:19:31.090] [SEVERE ] removing player 1 token from slot 11
[18:19:31.090] [SEVERE ] setting player 1 score to 65
[18:19:31.090] [SEVERE ] setting player 1 freeze to 0
[18:19:31.090] [SEVERE ] setting player 1 freeze to 0
[18:19:31.091] [SEVERE ] removing player 1 token from slot 11
[18:19:31.091] [SEVERE ] removing player 1 token from slot 11
[18:19:31.091] [SEVERE ] removing player 1 token from slot 11
[18:19:31.093] [SEVERE ] setting player 1 score to 66
[18:19:31.093] [SEVERE ] setting player 1 freeze to 0
[18:19:31.093] [SEVERE ] setting player 1 freeze to 0
[18:19:31.094] [SEVERE ] removing player 1 token from slot 11
[18:19:31.094] [SEVERE ] removing player 1 token from slot 11
[18:19:31.095] [SEVERE ] removing player 1 token from slot 11
[18:19:31.095] [SEVERE ] setting player 1 score to 67
[18:19:31.096] [SEVERE ] setting player 1 freeze to 0
[18:19:31.096] [SEVERE ] setting player 1 freeze to 0
[18:19:31.096] [SEVERE ] removing player 1 token from slot 11
[18:19:31.097] [SEVERE ] removing player 1 token from slot 11
[18:19:31.097] [SEVERE ] removing player 1 token from slot 11
[18:19:31.098] [SEVERE ] setting player 1 score to 68
[18:19:31.098] [SEVERE ] setting player 1 freeze to 0
[18:19:31.099] [SEVERE ] setting player 1 freeze to 0
[18:19:31.099] [SEVERE ] removing player 1 token from slot 11
[18:19:31.099] [SEVERE ] removing player 1 token from slot 11
[18:19:31.099] [SEVERE ] removing player 1 token from slot 11
[18:19:31.100] [SEVERE ] setting player 1 score to 69
[18:19:31.100] [SEVERE ] setting player 1 freeze to 0
[18:19:31.100] [SEVERE ] setting player 1 freeze to 0
[18:19:31.100] [SEVERE ] removing player 1 token from slot 11
[18:19:31.101] [SEVERE ] removing player 1 token from slot 11
[18:19:31.102] [SEVERE ] removing player 1 token from slot 11
[18:19:31.103] [SEVERE ] setting player 1 score to 70
[18:19:31.103] [SEVERE ] setting player 1 freeze to 0
[18:19:31.104] [SEVERE ] setting player 1 freeze to 0
[18:19:31.104] [SEVERE ] removing player 1 token from slot 11
[18:19:31.105] [SEVERE ] removing player 1 token from slot 11
[18:19:31.105] [SEVERE ] removing player 1 token from slot 11
[18:19:31.106] [SEVERE ] setting player 1 score to 71
[18:19:31.106] [SEVERE ] setting player 1 freeze to 0
[18:19:31.107] [SEVERE ] setting player 1 freeze to 0
[18:19:31.107] [SEVERE ] removing player 1 token from slot 11
[18:19:31.109] [SEVERE ] removing player 1 token from slot 11
[18:19:31.109] [SEVERE ] removing player 1 token from slot 11
[18:19:31.109] [SEVERE ] setting player 1 score to 72
[18:19:31.110] [SEVERE ] setting player 1 freeze to 0
[18:19:31.110] [SEVERE ] setting player 1 freeze to 0
[18:19:31.110] [SEVERE ] removing player 1 token from slot 11
[18:19:31.110] [SEVERE ] removing player 1 token from slot 11
[18:19:31.110] [SEVERE ] removing player 1 token from slot 11
[18:19:31.110] [SEVERE ] setting player 1 score to 73
[18:19:31.110] [SEVERE ] setting player 1 freeze to 0
[18:19:31.110] [SEVERE ] setting player 1 freeze to 0
[18:19:31.110] [SEVERE ] removing player 1 token from slot 11
[18:19:31.110] [SEVERE ] removing player 1 token from slot 11
[18:19:31.110] [SEVERE ] removing player 1 token from slot 11
[18:19:31.111] [SEVERE ] setting player 1 score to 74
[18:19:31.111] [SEVERE ] setting player 1 freeze to 0
[18:19:31.111] [SEVERE ] setting player 1 freeze to 0
[18:19:31.111] [SEVERE ] removing player 1 token from slot 11
[18:19:31.111] [SEVERE ] removing player 1 token from slot 11
[18:19:31.111] [SEVERE ] removing player 1 token from slot 11
[18:19:31.111] [SEVERE ] setting player 1 score to 75
[18:19:31.111] [SEVERE ] setting player 1 freeze to 0
[18:19:31.111] [SEVERE ] setting player 1 freeze to 0
[18:19:31.111] [SEVERE ] removing player 1 token from slot 11
[18:19:31.111] [SEVERE ] removing player 1 token from slot 11
[18:19:31.111] [SEVERE ] removing player 1 token from slot 11
[18:19:31.112] [SEVERE ] setting player 1 score to 76
[18:19:31.112] [SEVERE ] setting player 1 freeze to 0
[18:19:31.112] [SEVERE ] setting player 1 freeze to 0
[18:19:31.112] [SEVERE ] removing player 1 token from slot 11
[18:19:31.112] [SEVERE ] removing player 1 token from slot 11
[18:19:31.112] [SEVERE ] removing player 1 token from slot 11
[18:19:31.112] [SEVERE ] setting player 1 score to 77
[18:19:31.113] [SEVERE ] setting player 1 freeze to 0
[18:19:31.114] [SEVERE ] setting player 1 freeze to 0
[18:19:31.114] [SEVERE ] removing player 1 token from slot 11
[18:19:31.114] [SEVERE ] removing player 1 token from slot 11
[18:19:31.115] [SEVERE ] removing player 1 token from slot 11
[18:19:31.115] [SEVERE ] setting player 1 score to 78
[18:19:31.116] [SEVERE ] setting player 1 freeze to 0
[18:19:31.116] [SEVERE ] setting player 1 freeze to 0
[18:19:31.116] [SEVERE ] removing player 1 token from slot 11
[18:19:31.117] [SEVERE ] removing player 1 token from slot 11
[18:19:31.117] [SEVERE ] removing player 1 token from slot 11
[18:19:31.118] [SEVERE ] setting player 1 score to 79
[18:19:31.119] [SEVERE ] setting player 1 freeze to 0
[18:19:31.120] [SEVERE ] setting player 1 freeze to 0
[18:19:31.120] [SEVERE ] removing player 1 token from slot 11
[18:19:31.121] [SEVERE ] removing player 1 token from slot 11
[18:19:31.122] [SEVERE ] removing player 1 token from slot 11
[18:19:31.123] [SEVERE ] setting player 1 score to 80
[18:19:31.124] [SEVERE ] setting player 1 freeze to 0
[18:19:31.124] [SEVERE ] setting player 1 freeze to 0
[18:19:31.125] [SEVERE ] removing player 1 token from slot 11
[18:19:31.130] [SEVERE ] removing player 1 token from slot 11
[18:19:31.130] [SEVERE ] removing player 1 token from slot 11
[18:19:31.131] [SEVERE ] setting player 1 score to 81
[18:19:31.132] [SEVERE ] setting player 1 freeze to 0
[18:19:31.132] [SEVERE ] setting player 1 freeze to 0
[18:19:31.132] [SEVERE ] removing player 1 token from slot 11
[18:19:31.133] [SEVERE ] removing player 1 token from slot 11
[18:19:31.133] [SEVERE ] removing player 1 token from slot 11
[18:19:31.134] [SEVERE ] setting player 1 score to 82
[18:19:31.137] [SEVERE ] setting player 1 freeze to 0
[18:19:31.138] [SEVERE ] setting player 1 freeze to 0
[18:19:31.138] [SEVERE ] removing player 1 token from slot 11
[18:19:31.141] [SEVERE ] removing player 1 token from slot 11
[18:19:31.142] [SEVERE ] removing player 1 token from slot 11
[18:19:31.143] [SEVERE ] setting player 1 score to 83
[18:19:31.143] [SEVERE ] setting player 1 freeze to 0
[18:19:31.144] [SEVERE ] setting player 1 freeze to 0
[18:19:31.144] [SEVERE ] removing player 1 token from slot 11
[18:19:31.145] [SEVERE ] removing player 1 token from slot 11
[18:19:31.145] [SEVERE ] removing player 1 token from slot 11
[18:19:31.146] [SEVERE ] setting player 1 score to 84
[18:19:31.146] [SEVERE ] setting player 1 freeze to 0
[18:19:31.147] [SEVERE ] setting player 1 freeze to 0
[18:19:31.147] [SEVERE ] removing player 1 token from slot 11
[18:19:31.148] [SEVERE ] removing player 1 token from slot 11
[18:19:31.148] [SEVERE ] removing player 1 token from slot 11
[18:19:31.149] [SEVERE ] setting player 1 score to 85
[18:19:31.149] [SEVERE ] setting player 1 freeze to 0
[18:19:31.150] [SEVERE ] setting player 1 freeze to 0
[18:19:31.150] [SEVERE ] removing player 1 token from slot 11
[18:19:31.151] [SEVERE ] removing player 1 token from slot 11
[18:19:31.152] [SEVERE ] removing player 1 token from slot 11
[18:19:31.152] [SEVERE ] setting player 1 score to 86
[18:19:31.153] [SEVERE ] setting player 1 freeze to 0
[18:19:31.154] [SEVERE ] removing card from slot 11
[18:19:31.154] [SEVERE ] setting player 1 freeze to 0
[18:19:31.154] [SEVERE ] removing player 1 token from slot 2
[18:19:31.155] [SEVERE ] removing player 3 token from slot 2
[18:19:31.156] [SEVERE ] removing player 4 token from slot 2
[18:19:31.157] [SEVERE ] removing player 1 token from slot 10
[18:19:31.157] [SEVERE ] removing player 3 token from slot 10
[18:19:31.157] [SEVERE ] removing player 1 token from slot 11
[18:19:31.158] [SEVERE ] removing player 2 token from slot 11
[18:19:31.155] [SEVERE ] removing player 1 token from slot 11
