[16:55:46.409] [INFO   ] thread main starting.
[16:55:46.416] [SEVERE ] cannot read configuration file config.properties trying from resources.
[16:55:46.417] [SEVERE ] configuration file was loaded from resources directory.
[16:55:46.812] [INFO   ] thread dealer starting.
[16:55:46.813] [INFO   ] Thread dealer starting.
[16:55:46.921] [SEVERE ] placing card 74 in slot 0
[16:55:47.022] [SEVERE ] placing card 8 in slot 1
[16:55:47.123] [SEVERE ] placing card 3 in slot 2
[16:55:47.223] [SEVERE ] placing card 46 in slot 3
[16:55:47.325] [SEVERE ] placing card 70 in slot 4
[16:55:47.426] [SEVERE ] placing card 73 in slot 5
[16:55:47.528] [SEVERE ] placing card 45 in slot 6
[16:55:47.629] [SEVERE ] placing card 0 in slot 7
[16:55:47.730] [SEVERE ] placing card 5 in slot 8
[16:55:47.831] [SEVERE ] placing card 35 in slot 9
[16:55:47.933] [SEVERE ] placing card 62 in slot 10
[16:55:48.034] [SEVERE ] placing card 66 in slot 11
[16:55:48.036] [INFO   ] Thread Thread-1starting.
[16:55:48.037] [SEVERE ] updating countdown to 5000
[16:55:48.037] [INFO   ] Thread Thread-3starting.
[16:55:48.037] [INFO   ] Thread Thread-4starting.
[16:55:48.037] [INFO   ] Thread Thread-2starting.
[16:55:48.039] [INFO   ] Thread computer-2 starting.
[16:55:48.039] [INFO   ] Thread computer-0 starting.
[16:55:48.043] [SEVERE ] player 3 placing token on slot 11
[16:55:48.041] [INFO   ] Thread computer-3 starting.
[16:55:48.045] [SEVERE ] player 1 placing token on slot 4
[16:55:48.043] [INFO   ] Thread computer-1 starting.
[16:55:48.046] [SEVERE ] player 3 placing token on slot 7
[16:55:48.048] [SEVERE ] player 4 placing token on slot 2
[16:55:48.049] [SEVERE ] player 3 placing token on slot 2
[16:55:48.050] [SEVERE ] player 2 placing token on slot 0
[16:55:48.051] [SEVERE ] player 1 placing token on slot 1
[16:55:48.053] [SEVERE ] player 2 placing token on slot 10
[16:55:48.054] [SEVERE ] player 4 placing token on slot 7
[16:55:48.055] [SEVERE ] player 2 placing token on slot 6
[16:55:48.057] [SEVERE ] removing player 1 token from slot 1
[16:55:48.058] [SEVERE ] setting player 3 freeze to 0
[16:55:48.059] [SEVERE ] setting player 3 freeze to 0
[16:55:48.058] [SEVERE ] player 4 placing token on slot 5
[16:55:48.061] [SEVERE ] player 1 placing token on slot 9
[16:55:48.061] [SEVERE ] setting player 3 freeze to 0
[16:55:48.062] [SEVERE ] player 1 placing token on slot 10
[16:55:48.062] [SEVERE ] setting player 3 freeze to 0
[16:55:48.065] [SEVERE ] removing player 3 token from slot 7
[16:55:48.066] [SEVERE ] player 3 placing token on slot 4
[16:55:48.068] [SEVERE ] setting player 2 freeze to 0
[16:55:48.068] [SEVERE ] setting player 2 freeze to 0
[16:55:48.069] [SEVERE ] setting player 2 freeze to 0
[16:55:48.070] [SEVERE ] setting player 2 freeze to 0
[16:55:48.071] [SEVERE ] removing player 2 token from slot 6
[16:55:48.071] [SEVERE ] player 2 placing token on slot 9
[16:55:48.078] [SEVERE ] setting player 4 freeze to 0
[16:55:48.079] [SEVERE ] setting player 4 freeze to 0
[16:55:48.080] [SEVERE ] setting player 4 freeze to 0
[16:55:48.080] [SEVERE ] setting player 4 freeze to 0
[16:55:48.080] [SEVERE ] removing player 4 token from slot 2
[16:55:48.081] [SEVERE ] player 4 placing token on slot 6
[16:55:48.089] [SEVERE ] setting player 1 freeze to 0
[16:55:48.089] [SEVERE ] setting player 1 freeze to 0
[16:55:48.089] [SEVERE ] setting player 1 freeze to 0
[16:55:48.089] [SEVERE ] setting player 1 freeze to 0
[16:55:48.090] [SEVERE ] removing player 1 token from slot 4
[16:55:48.091] [SEVERE ] player 1 placing token on slot 11
[16:55:48.099] [SEVERE ] setting player 3 freeze to 0
[16:55:48.100] [SEVERE ] setting player 3 freeze to 0
[16:55:48.101] [SEVERE ] setting player 3 freeze to 0
[16:55:48.101] [SEVERE ] setting player 3 freeze to 0
[16:55:48.101] [SEVERE ] removing player 3 token from slot 4
[16:55:48.102] [SEVERE ] player 3 placing token on slot 9
[16:55:48.110] [SEVERE ] setting player 2 freeze to 0
[16:55:48.110] [SEVERE ] setting player 2 freeze to 0
[16:55:48.111] [SEVERE ] setting player 2 freeze to 0
[16:55:48.112] [SEVERE ] setting player 2 freeze to 0
[16:55:48.112] [SEVERE ] removing player 2 token from slot 9
[16:55:48.113] [SEVERE ] removing player 2 token from slot 0
[16:55:48.113] [SEVERE ] player 2 placing token on slot 1
[16:55:48.114] [SEVERE ] player 2 placing token on slot 9
[16:55:48.120] [SEVERE ] setting player 4 freeze to 0
[16:55:48.121] [SEVERE ] setting player 4 freeze to 0
[16:55:48.121] [SEVERE ] setting player 4 freeze to 0
[16:55:48.122] [SEVERE ] setting player 4 freeze to 0
[16:55:48.122] [SEVERE ] removing player 4 token from slot 7
[16:55:48.123] [SEVERE ] player 4 placing token on slot 10
[16:55:48.131] [SEVERE ] setting player 1 freeze to 0
[16:55:48.131] [SEVERE ] setting player 1 freeze to 0
[16:55:48.132] [SEVERE ] setting player 1 freeze to 0
[16:55:48.132] [SEVERE ] setting player 1 freeze to 0
[16:55:48.133] [SEVERE ] removing player 1 token from slot 11
[16:55:48.133] [SEVERE ] player 1 placing token on slot 4
[16:55:48.141] [SEVERE ] setting player 3 freeze to 0
[16:55:48.142] [SEVERE ] setting player 3 freeze to 0
[16:55:48.143] [SEVERE ] setting player 3 freeze to 0
[16:55:48.144] [SEVERE ] setting player 3 freeze to 0
[16:55:48.144] [SEVERE ] removing player 3 token from slot 11
[16:55:48.146] [SEVERE ] removing player 3 token from slot 2
[16:55:48.147] [SEVERE ] player 3 placing token on slot 0
[16:55:48.147] [SEVERE ] player 3 placing token on slot 8
[16:55:48.152] [SEVERE ] updating countdown to 5000
[16:55:48.152] [SEVERE ] setting player 2 score to 1
[16:55:48.153] [SEVERE ] setting player 2 freeze to 0
[16:55:48.153] [SEVERE ] setting player 2 freeze to 0
[16:55:48.152] [SEVERE ] removing player 2 token from slot 1
[16:55:48.154] [SEVERE ] removing player 2 token from slot 1
[16:55:48.154] [SEVERE ] removing player 2 token from slot 9
[16:55:48.155] [SEVERE ] player 2 placing token on slot 2
[16:55:48.155] [SEVERE ] player 2 placing token on slot 7
[16:55:48.254] [SEVERE ] removing card from slot 1
[16:55:48.254] [SEVERE ] removing player 2 token from slot 2
[16:55:48.355] [SEVERE ] removing card from slot 2
[16:55:48.356] [SEVERE ] removing player 2 token from slot 7
[16:55:48.456] [SEVERE ] removing card from slot 7
[16:55:48.456] [SEVERE ] removing player 2 token from slot 10
[16:55:48.557] [SEVERE ] removing card from slot 10
