[22:00:35.678] [INFO   ] thread main starting.
[22:00:35.684] [SEVERE ] cannot read configuration file config.properties trying from resources.
[22:00:35.686] [SEVERE ] configuration file was loaded from resources directory.
[22:00:36.133] [INFO   ] thread dealer starting.
[22:00:36.134] [INFO   ] Thread dealer starting.
[22:00:36.241] [SEVERE ] placing card 68 in slot 0
[22:00:36.342] [SEVERE ] placing card 20 in slot 1
[22:00:36.443] [SEVERE ] placing card 7 in slot 2
[22:00:36.544] [SEVERE ] placing card 15 in slot 3
[22:00:36.644] [SEVERE ] placing card 48 in slot 4
[22:00:36.745] [SEVERE ] placing card 47 in slot 5
[22:00:36.846] [SEVERE ] placing card 24 in slot 6
[22:00:36.947] [SEVERE ] placing card 8 in slot 7
[22:00:37.048] [SEVERE ] placing card 5 in slot 8
[22:00:37.149] [SEVERE ] placing card 63 in slot 9
[22:00:37.251] [SEVERE ] placing card 42 in slot 10
[22:00:37.352] [SEVERE ] placing card 75 in slot 11
[22:00:37.354] [INFO   ] Thread Thread-1starting.
[22:00:37.356] [SEVERE ] updating countdown to 5000
[22:00:37.355] [INFO   ] Thread Thread-3starting.
[22:00:37.358] [INFO   ] Thread Thread-4starting.
[22:00:37.355] [INFO   ] Thread Thread-2starting.
[22:00:37.361] [INFO   ] Thread computer-2 starting.
[22:00:37.363] [SEVERE ] player 3 placing token on slot 6
[22:00:37.360] [INFO   ] Thread computer-0 starting.
[22:00:37.367] [SEVERE ] player 1 placing token on slot 6
[22:00:37.368] [SEVERE ] player 1 placing token on slot 9
[22:00:37.370] [SEVERE ] removing player 1 token from slot 6
[22:00:37.372] [INFO   ] Thread computer-1 starting.
[22:00:37.373] [SEVERE ] player 2 placing token on slot 2
[22:00:37.373] [SEVERE ] removing player 2 token from slot 2
[22:00:37.374] [SEVERE ] player 2 placing token on slot 1
[22:00:37.375] [SEVERE ] player 2 placing token on slot 3
[22:00:37.375] [SEVERE ] player 2 placing token on slot 11
[22:00:37.366] [SEVERE ] player 3 placing token on slot 11
[22:00:37.381] [INFO   ] Thread computer-3 starting.
[22:00:37.385] [SEVERE ] player 4 placing token on slot 4
[22:00:37.386] [SEVERE ] player 4 placing token on slot 2
[22:00:37.386] [SEVERE ] player 4 placing token on slot 10
[22:00:37.372] [SEVERE ] player 1 placing token on slot 10
[22:00:37.386] [SEVERE ] setting player 2 freeze to 0
[22:00:37.388] [SEVERE ] setting player 2 freeze to 0
[22:00:37.389] [SEVERE ] setting player 2 freeze to 0
[22:00:37.389] [SEVERE ] setting player 2 freeze to 0
[22:00:37.390] [SEVERE ] removing player 2 token from slot 1
[22:00:37.390] [SEVERE ] player 2 placing token on slot 9
[22:00:37.385] [SEVERE ] removing player 3 token from slot 6
[22:00:37.389] [SEVERE ] player 1 placing token on slot 3
[22:00:37.391] [SEVERE ] player 3 placing token on slot 5
[22:00:37.392] [SEVERE ] player 3 placing token on slot 7
[22:00:37.396] [SEVERE ] setting player 4 freeze to 0
[22:00:37.396] [SEVERE ] setting player 4 freeze to 0
[22:00:37.397] [SEVERE ] setting player 4 freeze to 0
[22:00:37.397] [SEVERE ] setting player 4 freeze to 0
[22:00:37.398] [SEVERE ] removing player 4 token from slot 4
[22:00:37.398] [SEVERE ] player 4 placing token on slot 9
[22:00:37.407] [SEVERE ] setting player 2 freeze to 0
[22:00:37.407] [SEVERE ] setting player 2 freeze to 0
[22:00:37.407] [SEVERE ] setting player 2 freeze to 0
[22:00:37.408] [SEVERE ] setting player 2 freeze to 0
[22:00:37.408] [SEVERE ] removing player 2 token from slot 9
[22:00:37.409] [SEVERE ] player 2 placing token on slot 2
[22:00:37.417] [SEVERE ] setting player 1 freeze to 0
[22:00:37.418] [SEVERE ] setting player 1 freeze to 0
[22:00:37.418] [SEVERE ] setting player 1 freeze to 0
[22:00:37.419] [SEVERE ] setting player 1 freeze to 0
[22:00:37.419] [SEVERE ] removing player 1 token from slot 3
[22:00:37.420] [SEVERE ] player 1 placing token on slot 6
[22:00:37.428] [SEVERE ] setting player 3 freeze to 0
[22:00:37.428] [SEVERE ] setting player 3 freeze to 0
[22:00:37.429] [SEVERE ] setting player 3 freeze to 0
[22:00:37.429] [SEVERE ] setting player 3 freeze to 0
[22:00:37.430] [SEVERE ] removing player 3 token from slot 7
[22:00:37.431] [SEVERE ] player 3 placing token on slot 9
[22:00:37.438] [SEVERE ] setting player 4 freeze to 0
[22:00:37.438] [SEVERE ] setting player 4 freeze to 0
[22:00:37.439] [SEVERE ] setting player 4 freeze to 0
[22:00:37.439] [SEVERE ] setting player 4 freeze to 0
[22:00:37.439] [SEVERE ] removing player 4 token from slot 9
[22:00:37.440] [SEVERE ] player 4 placing token on slot 6
[22:00:37.449] [SEVERE ] setting player 2 freeze to 0
[22:00:37.449] [SEVERE ] setting player 2 freeze to 0
[22:00:37.451] [SEVERE ] setting player 2 freeze to 0
[22:00:37.451] [SEVERE ] setting player 2 freeze to 0
[22:00:37.452] [SEVERE ] removing player 2 token from slot 11
[22:00:37.452] [SEVERE ] player 2 placing token on slot 11
[22:00:37.459] [SEVERE ] setting player 1 freeze to 0
[22:00:37.459] [SEVERE ] setting player 1 freeze to 0
[22:00:37.460] [SEVERE ] setting player 1 freeze to 0
[22:00:37.460] [SEVERE ] setting player 1 freeze to 0
[22:00:37.461] [SEVERE ] removing player 1 token from slot 6
[22:00:37.461] [SEVERE ] removing player 1 token from slot 10
[22:00:37.462] [SEVERE ] player 1 placing token on slot 5
[22:00:37.462] [SEVERE ] player 1 placing token on slot 10
[22:00:37.470] [SEVERE ] setting player 3 freeze to 0
[22:00:37.472] [SEVERE ] setting player 3 freeze to 0
[22:00:37.472] [SEVERE ] setting player 3 freeze to 0
[22:00:37.472] [SEVERE ] setting player 3 freeze to 0
[22:00:37.473] [SEVERE ] removing player 3 token from slot 9
[22:00:37.473] [SEVERE ] player 3 placing token on slot 8
[22:00:37.480] [SEVERE ] setting player 4 freeze to 0
[22:00:37.480] [SEVERE ] setting player 4 freeze to 0
[22:00:37.481] [SEVERE ] setting player 4 freeze to 0
[22:00:37.481] [SEVERE ] setting player 4 freeze to 0
[22:00:37.482] [SEVERE ] removing player 4 token from slot 10
[22:00:37.483] [SEVERE ] removing player 4 token from slot 2
[22:00:37.483] [SEVERE ] player 4 placing token on slot 2
[22:00:37.484] [SEVERE ] player 4 placing token on slot 7
[22:00:37.490] [SEVERE ] setting player 2 freeze to 0
[22:00:37.491] [SEVERE ] setting player 2 freeze to 0
[22:00:37.491] [SEVERE ] setting player 2 freeze to 0
[22:00:37.492] [SEVERE ] setting player 2 freeze to 0
[22:00:37.493] [SEVERE ] removing player 2 token from slot 11
[22:00:37.493] [SEVERE ] player 2 placing token on slot 6
[22:00:37.501] [SEVERE ] setting player 1 freeze to 0
[22:00:37.502] [SEVERE ] setting player 1 freeze to 0
[22:00:37.502] [SEVERE ] setting player 1 freeze to 0
[22:00:37.502] [SEVERE ] setting player 1 freeze to 0
[22:00:37.503] [SEVERE ] removing player 1 token from slot 9
[22:00:37.503] [SEVERE ] player 1 placing token on slot 11
[22:00:37.511] [SEVERE ] setting player 3 freeze to 0
[22:00:37.512] [SEVERE ] setting player 3 freeze to 0
[22:00:37.512] [SEVERE ] setting player 3 freeze to 0
[22:00:37.513] [SEVERE ] setting player 3 freeze to 0
[22:00:37.513] [SEVERE ] removing player 3 token from slot 8
[22:00:37.514] [SEVERE ] player 3 placing token on slot 4
[22:00:37.522] [SEVERE ] setting player 4 freeze to 0
[22:00:37.522] [SEVERE ] setting player 4 freeze to 0
[22:00:37.522] [SEVERE ] setting player 4 freeze to 0
[22:00:37.523] [SEVERE ] setting player 4 freeze to 0
[22:00:37.523] [SEVERE ] removing player 4 token from slot 2
[22:00:37.524] [SEVERE ] player 4 placing token on slot 9
[22:00:37.532] [SEVERE ] setting player 2 freeze to 0
[22:00:37.534] [SEVERE ] setting player 2 freeze to 0
[22:00:37.535] [SEVERE ] setting player 2 freeze to 0
[22:00:37.535] [SEVERE ] setting player 2 freeze to 0
[22:00:37.536] [SEVERE ] removing player 2 token from slot 3
[22:00:37.536] [SEVERE ] player 2 placing token on slot 8
[22:00:37.543] [SEVERE ] setting player 1 freeze to 0
[22:00:37.543] [SEVERE ] setting player 1 freeze to 0
[22:00:37.544] [SEVERE ] setting player 1 freeze to 0
[22:00:37.544] [SEVERE ] setting player 1 freeze to 0
[22:00:37.545] [SEVERE ] removing player 1 token from slot 10
[22:00:37.545] [SEVERE ] removing player 1 token from slot 5
[22:00:37.546] [SEVERE ] player 1 placing token on slot 4
[22:00:37.546] [SEVERE ] player 1 placing token on slot 2
[22:00:37.553] [SEVERE ] setting player 3 freeze to 0
[22:00:37.553] [SEVERE ] setting player 3 freeze to 0
[22:00:37.554] [SEVERE ] setting player 3 freeze to 0
[22:00:37.554] [SEVERE ] setting player 3 freeze to 0
[22:00:37.555] [SEVERE ] removing player 3 token from slot 4
[22:00:37.555] [SEVERE ] player 3 placing token on slot 4
[22:00:37.563] [SEVERE ] setting player 4 freeze to 0
[22:00:37.564] [SEVERE ] setting player 4 freeze to 0
[22:00:37.565] [SEVERE ] setting player 4 freeze to 0
[22:00:37.566] [SEVERE ] setting player 4 freeze to 0
[22:00:37.566] [SEVERE ] removing player 4 token from slot 6
[22:00:37.567] [SEVERE ] player 4 placing token on slot 4
[22:00:37.574] [SEVERE ] setting player 2 freeze to 0
[22:00:37.574] [SEVERE ] setting player 2 freeze to 0
[22:00:37.575] [SEVERE ] setting player 2 freeze to 0
[22:00:37.575] [SEVERE ] setting player 2 freeze to 0
[22:00:37.575] [SEVERE ] removing player 2 token from slot 2
[22:00:37.576] [SEVERE ] player 2 placing token on slot 3
[22:00:37.584] [SEVERE ] setting player 1 freeze to 0
[22:00:37.585] [SEVERE ] setting player 1 freeze to 0
[22:00:37.585] [SEVERE ] setting player 1 freeze to 0
[22:00:37.586] [SEVERE ] setting player 1 freeze to 0
[22:00:37.586] [SEVERE ] removing player 1 token from slot 11
[22:00:37.587] [SEVERE ] player 1 placing token on slot 1
[22:00:37.595] [SEVERE ] setting player 3 freeze to 0
[22:00:37.595] [SEVERE ] setting player 3 freeze to 0
[22:00:37.595] [SEVERE ] setting player 3 freeze to 0
[22:00:37.596] [SEVERE ] setting player 3 freeze to 0
[22:00:37.596] [SEVERE ] removing player 3 token from slot 11
[22:00:37.597] [SEVERE ] player 3 placing token on slot 9
[22:00:37.605] [SEVERE ] setting player 4 freeze to 0
[22:00:37.605] [SEVERE ] setting player 4 freeze to 0
[22:00:37.606] [SEVERE ] setting player 4 freeze to 0
[22:00:37.606] [SEVERE ] setting player 4 freeze to 0
[22:00:37.607] [SEVERE ] removing player 4 token from slot 9
[22:00:37.607] [SEVERE ] player 4 placing token on slot 3
[22:00:37.615] [SEVERE ] setting player 2 freeze to 0
[22:00:37.616] [SEVERE ] setting player 2 freeze to 0
[22:00:37.616] [SEVERE ] setting player 2 freeze to 0
[22:00:37.617] [SEVERE ] setting player 2 freeze to 0
[22:00:37.617] [SEVERE ] removing player 2 token from slot 8
[22:00:37.618] [SEVERE ] player 2 placing token on slot 7
[22:00:37.626] [SEVERE ] setting player 1 freeze to 0
[22:00:37.626] [SEVERE ] setting player 1 freeze to 0
[22:00:37.626] [SEVERE ] setting player 1 freeze to 0
[22:00:37.627] [SEVERE ] setting player 1 freeze to 0
[22:00:37.627] [SEVERE ] removing player 1 token from slot 1
[22:00:37.628] [SEVERE ] player 1 placing token on slot 1
[22:00:37.636] [SEVERE ] setting player 3 freeze to 0
[22:00:37.640] [SEVERE ] setting player 3 freeze to 0
[22:00:37.640] [SEVERE ] setting player 3 freeze to 0
[22:00:37.640] [SEVERE ] setting player 3 freeze to 0
[22:00:37.641] [SEVERE ] removing player 3 token from slot 9
[22:00:37.641] [SEVERE ] player 3 placing token on slot 9
[22:00:37.646] [SEVERE ] setting player 4 freeze to 0
[22:00:37.646] [SEVERE ] setting player 4 freeze to 0
[22:00:37.647] [SEVERE ] setting player 4 freeze to 0
[22:00:37.647] [SEVERE ] setting player 4 freeze to 0
[22:00:37.647] [SEVERE ] removing player 4 token from slot 3
[22:00:37.648] [SEVERE ] removing player 4 token from slot 4
[22:00:37.648] [SEVERE ] player 4 placing token on slot 5
[22:00:37.648] [SEVERE ] removing player 4 token from slot 7
[22:00:37.648] [SEVERE ] player 4 placing token on slot 4
[22:00:37.649] [SEVERE ] player 4 placing token on slot 8
[22:00:37.656] [SEVERE ] setting player 2 freeze to 0
[22:00:37.657] [SEVERE ] setting player 2 freeze to 0
[22:00:37.657] [SEVERE ] setting player 2 freeze to 0
[22:00:37.658] [SEVERE ] setting player 2 freeze to 0
[22:00:37.658] [SEVERE ] removing player 2 token from slot 3
[22:00:37.658] [SEVERE ] player 2 placing token on slot 4
[22:00:37.667] [SEVERE ] setting player 1 freeze to 0
[22:00:37.667] [SEVERE ] setting player 1 freeze to 0
[22:00:37.667] [SEVERE ] setting player 1 freeze to 0
[22:00:37.668] [SEVERE ] setting player 1 freeze to 0
[22:00:37.669] [SEVERE ] removing player 1 token from slot 2
[22:00:37.669] [SEVERE ] player 1 placing token on slot 10
[22:00:37.677] [SEVERE ] setting player 3 freeze to 0
[22:00:37.677] [SEVERE ] setting player 3 freeze to 0
[22:00:37.678] [SEVERE ] setting player 3 freeze to 0
[22:00:37.678] [SEVERE ] setting player 3 freeze to 0
[22:00:37.678] [SEVERE ] removing player 3 token from slot 4
[22:00:37.679] [SEVERE ] removing player 3 token from slot 5
[22:00:37.680] [SEVERE ] player 3 placing token on slot 6
[22:00:37.680] [SEVERE ] player 3 placing token on slot 8
[22:00:37.687] [SEVERE ] setting player 4 freeze to 0
[22:00:37.688] [SEVERE ] setting player 4 freeze to 0
[22:00:37.688] [SEVERE ] setting player 4 freeze to 0
[22:00:37.688] [SEVERE ] setting player 4 freeze to 0
[22:00:37.689] [SEVERE ] removing player 4 token from slot 5
[22:00:37.690] [SEVERE ] player 4 placing token on slot 1
[22:00:37.698] [SEVERE ] setting player 2 freeze to 0
[22:00:37.698] [SEVERE ] setting player 2 freeze to 0
[22:00:37.698] [SEVERE ] setting player 2 freeze to 0
[22:00:37.699] [SEVERE ] setting player 2 freeze to 0
[22:00:37.699] [SEVERE ] removing player 2 token from slot 6
[22:00:37.700] [SEVERE ] player 2 placing token on slot 6
[22:00:37.708] [SEVERE ] setting player 1 freeze to 0
[22:00:37.709] [SEVERE ] setting player 1 freeze to 0
[22:00:37.709] [SEVERE ] setting player 1 freeze to 0
[22:00:37.709] [SEVERE ] setting player 1 freeze to 0
[22:00:37.710] [SEVERE ] removing player 1 token from slot 4
[22:00:37.710] [SEVERE ] player 1 placing token on slot 9
[22:00:37.719] [SEVERE ] setting player 3 freeze to 0
[22:00:37.719] [SEVERE ] setting player 3 freeze to 0
[22:00:37.719] [SEVERE ] setting player 3 freeze to 0
[22:00:37.720] [SEVERE ] setting player 3 freeze to 0
[22:00:37.721] [SEVERE ] removing player 3 token from slot 6
[22:00:37.721] [SEVERE ] player 3 placing token on slot 5
[22:00:37.729] [SEVERE ] setting player 4 freeze to 0
[22:00:37.729] [SEVERE ] setting player 4 freeze to 0
[22:00:37.730] [SEVERE ] setting player 4 freeze to 0
[22:00:37.730] [SEVERE ] setting player 4 freeze to 0
[22:00:37.731] [SEVERE ] removing player 4 token from slot 1
[22:00:37.731] [SEVERE ] player 4 placing token on slot 5
[22:00:37.739] [SEVERE ] setting player 2 freeze to 0
[22:00:37.739] [SEVERE ] setting player 2 freeze to 0
[22:00:37.740] [SEVERE ] setting player 2 freeze to 0
[22:00:37.740] [SEVERE ] setting player 2 freeze to 0
[22:00:37.741] [SEVERE ] removing player 2 token from slot 6
[22:00:37.741] [SEVERE ] removing player 2 token from slot 4
[22:00:37.742] [SEVERE ] player 2 placing token on slot 9
[22:00:37.742] [SEVERE ] player 2 placing token on slot 1
[22:00:37.750] [SEVERE ] setting player 1 freeze to 0
[22:00:37.750] [SEVERE ] setting player 1 freeze to 0
[22:00:37.750] [SEVERE ] setting player 1 freeze to 0
[22:00:37.751] [SEVERE ] setting player 1 freeze to 0
[22:00:37.751] [SEVERE ] removing player 1 token from slot 10
[22:00:37.753] [SEVERE ] player 1 placing token on slot 5
[22:00:37.760] [SEVERE ] setting player 3 freeze to 0
[22:00:37.760] [SEVERE ] setting player 3 freeze to 0
[22:00:37.760] [SEVERE ] setting player 3 freeze to 0
[22:00:37.761] [SEVERE ] setting player 3 freeze to 0
[22:00:37.761] [SEVERE ] removing player 3 token from slot 5
[22:00:37.762] [SEVERE ] player 3 placing token on slot 6
[22:00:37.770] [SEVERE ] setting player 4 freeze to 0
[22:00:37.771] [SEVERE ] setting player 4 freeze to 0
[22:00:37.771] [SEVERE ] setting player 4 freeze to 0
[22:00:37.771] [SEVERE ] setting player 4 freeze to 0
[22:00:37.772] [SEVERE ] removing player 4 token from slot 5
[22:00:37.772] [SEVERE ] player 4 placing token on slot 6
[22:00:37.781] [SEVERE ] setting player 2 freeze to 0
[22:00:37.781] [SEVERE ] setting player 2 freeze to 0
[22:00:37.781] [SEVERE ] setting player 2 freeze to 0
[22:00:37.781] [SEVERE ] setting player 2 freeze to 0
[22:00:37.781] [SEVERE ] removing player 2 token from slot 9
[22:00:37.781] [SEVERE ] player 2 placing token on slot 8
[22:00:37.791] [SEVERE ] setting player 1 freeze to 0
[22:00:37.791] [SEVERE ] setting player 1 freeze to 0
[22:00:37.791] [SEVERE ] setting player 1 freeze to 0
[22:00:37.792] [SEVERE ] setting player 1 freeze to 0
[22:00:37.792] [SEVERE ] removing player 1 token from slot 9
[22:00:37.793] [SEVERE ] removing player 1 token from slot 1
[22:00:37.793] [SEVERE ] player 1 placing token on slot 4
[22:00:37.794] [SEVERE ] player 1 placing token on slot 11
[22:00:37.801] [SEVERE ] setting player 3 freeze to 0
[22:00:37.801] [SEVERE ] setting player 3 freeze to 0
[22:00:37.802] [SEVERE ] setting player 3 freeze to 0
[22:00:37.802] [SEVERE ] setting player 3 freeze to 0
[22:00:37.803] [SEVERE ] removing player 3 token from slot 9
[22:00:37.803] [SEVERE ] player 3 placing token on slot 10
[22:00:37.811] [SEVERE ] setting player 4 freeze to 0
[22:00:37.811] [SEVERE ] setting player 4 freeze to 0
[22:00:37.812] [SEVERE ] setting player 4 freeze to 0
[22:00:37.812] [SEVERE ] setting player 4 freeze to 0
[22:00:37.813] [SEVERE ] removing player 4 token from slot 8
[22:00:37.813] [SEVERE ] player 4 placing token on slot 1
[22:00:37.822] [SEVERE ] setting player 2 freeze to 0
[22:00:37.822] [SEVERE ] setting player 2 freeze to 0
[22:00:37.824] [SEVERE ] setting player 2 freeze to 0
[22:00:37.824] [SEVERE ] setting player 2 freeze to 0
[22:00:37.824] [SEVERE ] removing player 2 token from slot 7
[22:00:37.825] [SEVERE ] player 2 placing token on slot 11
[22:00:37.832] [SEVERE ] setting player 1 freeze to 0
[22:00:37.832] [SEVERE ] setting player 1 freeze to 0
[22:00:37.833] [SEVERE ] setting player 1 freeze to 0
[22:00:37.833] [SEVERE ] setting player 1 freeze to 0
[22:00:37.834] [SEVERE ] removing player 1 token from slot 4
[22:00:37.834] [SEVERE ] player 1 placing token on slot 7
[22:00:37.842] [SEVERE ] setting player 3 freeze to 0
[22:00:37.843] [SEVERE ] setting player 3 freeze to 0
[22:00:37.843] [SEVERE ] setting player 3 freeze to 0
[22:00:37.843] [SEVERE ] setting player 3 freeze to 0
[22:00:37.844] [SEVERE ] removing player 3 token from slot 6
[22:00:37.844] [SEVERE ] player 3 placing token on slot 3
[22:00:37.853] [SEVERE ] setting player 4 freeze to 0
[22:00:37.853] [SEVERE ] setting player 4 freeze to 0
[22:00:37.853] [SEVERE ] setting player 4 freeze to 0
[22:00:37.854] [SEVERE ] setting player 4 freeze to 0
[22:00:37.854] [SEVERE ] removing player 4 token from slot 4
[22:00:37.855] [SEVERE ] player 4 placing token on slot 3
[22:00:37.863] [SEVERE ] setting player 2 freeze to 0
[22:00:37.863] [SEVERE ] setting player 2 freeze to 0
[22:00:37.865] [SEVERE ] setting player 2 freeze to 0
[22:00:37.865] [SEVERE ] setting player 2 freeze to 0
[22:00:37.866] [SEVERE ] removing player 2 token from slot 1
[22:00:37.866] [SEVERE ] player 2 placing token on slot 5
[22:00:37.874] [SEVERE ] setting player 1 freeze to 0
[22:00:37.874] [SEVERE ] setting player 1 freeze to 0
[22:00:37.874] [SEVERE ] setting player 1 freeze to 0
[22:00:37.875] [SEVERE ] setting player 1 freeze to 0
[22:00:37.875] [SEVERE ] removing player 1 token from slot 7
[22:00:37.875] [SEVERE ] player 1 placing token on slot 1
[22:00:37.884] [SEVERE ] setting player 3 freeze to 0
[22:00:37.884] [SEVERE ] setting player 3 freeze to 0
[22:00:37.884] [SEVERE ] setting player 3 freeze to 0
[22:00:37.885] [SEVERE ] setting player 3 freeze to 0
[22:00:37.885] [SEVERE ] removing player 3 token from slot 3
[22:00:37.886] [SEVERE ] player 3 placing token on slot 5
[22:00:37.894] [SEVERE ] setting player 4 freeze to 0
[22:00:37.894] [SEVERE ] setting player 4 freeze to 0
[22:00:37.895] [SEVERE ] setting player 4 freeze to 0
[22:00:37.895] [SEVERE ] setting player 4 freeze to 0
[22:00:37.896] [SEVERE ] removing player 4 token from slot 1
[22:00:37.896] [SEVERE ] removing player 4 token from slot 3
[22:00:37.896] [SEVERE ] player 4 placing token on slot 1
[22:00:37.897] [SEVERE ] player 4 placing token on slot 3
[22:00:37.904] [SEVERE ] setting player 2 freeze to 0
[22:00:37.904] [SEVERE ] setting player 2 freeze to 0
[22:00:37.905] [SEVERE ] setting player 2 freeze to 0
[22:00:37.905] [SEVERE ] setting player 2 freeze to 0
[22:00:37.906] [SEVERE ] removing player 2 token from slot 11
[22:00:37.906] [SEVERE ] player 2 placing token on slot 4
[22:00:37.915] [SEVERE ] setting player 1 freeze to 0
[22:00:37.915] [SEVERE ] setting player 1 freeze to 0
[22:00:37.915] [SEVERE ] setting player 1 freeze to 0
[22:00:37.916] [SEVERE ] setting player 1 freeze to 0
[22:00:37.916] [SEVERE ] removing player 1 token from slot 5
[22:00:37.916] [SEVERE ] player 1 placing token on slot 6
[22:00:37.925] [SEVERE ] setting player 3 freeze to 0
[22:00:37.925] [SEVERE ] setting player 3 freeze to 0
[22:00:37.925] [SEVERE ] setting player 3 freeze to 0
[22:00:37.925] [SEVERE ] setting player 3 freeze to 0
[22:00:37.926] [SEVERE ] removing player 3 token from slot 10
[22:00:37.926] [SEVERE ] player 3 placing token on slot 10
[22:00:37.935] [SEVERE ] setting player 4 freeze to 0
[22:00:37.935] [SEVERE ] setting player 4 freeze to 0
[22:00:37.936] [SEVERE ] setting player 4 freeze to 0
[22:00:37.936] [SEVERE ] setting player 4 freeze to 0
[22:00:37.936] [SEVERE ] removing player 4 token from slot 1
[22:00:37.937] [SEVERE ] player 4 placing token on slot 10
[22:00:37.946] [SEVERE ] setting player 2 freeze to 0
[22:00:37.946] [SEVERE ] setting player 2 freeze to 0
[22:00:37.946] [SEVERE ] setting player 2 freeze to 0
[22:00:37.947] [SEVERE ] setting player 2 freeze to 0
[22:00:37.947] [SEVERE ] removing player 2 token from slot 4
[22:00:37.948] [SEVERE ] player 2 placing token on slot 10
[22:00:37.956] [SEVERE ] setting player 1 freeze to 0
[22:00:37.961] [SEVERE ] setting player 1 freeze to 0
[22:00:37.961] [SEVERE ] setting player 1 freeze to 0
[22:00:37.962] [SEVERE ] setting player 1 freeze to 0
[22:00:37.963] [SEVERE ] removing player 1 token from slot 6
[22:00:37.963] [SEVERE ] player 1 placing token on slot 5
[22:00:37.966] [SEVERE ] setting player 3 freeze to 0
[22:00:37.966] [SEVERE ] setting player 3 freeze to 0
[22:00:37.966] [SEVERE ] setting player 3 freeze to 0
[22:00:37.967] [SEVERE ] setting player 3 freeze to 0
[22:00:37.967] [SEVERE ] removing player 3 token from slot 10
[22:00:37.968] [SEVERE ] player 3 placing token on slot 7
[22:00:37.976] [SEVERE ] setting player 4 freeze to 0
[22:00:37.976] [SEVERE ] setting player 4 freeze to 0
[22:00:37.977] [SEVERE ] setting player 4 freeze to 0
[22:00:37.977] [SEVERE ] setting player 4 freeze to 0
[22:00:37.977] [SEVERE ] removing player 4 token from slot 10
[22:00:37.978] [SEVERE ] player 4 placing token on slot 2
[22:00:37.986] [SEVERE ] setting player 2 freeze to 0
[22:00:37.986] [SEVERE ] setting player 2 freeze to 0
[22:00:37.987] [SEVERE ] setting player 2 freeze to 0
[22:00:37.987] [SEVERE ] setting player 2 freeze to 0
[22:00:37.988] [SEVERE ] removing player 2 token from slot 8
[22:00:37.988] [SEVERE ] player 2 placing token on slot 9
[22:00:37.997] [SEVERE ] setting player 1 freeze to 0
[22:00:37.997] [SEVERE ] setting player 1 freeze to 0
[22:00:37.997] [SEVERE ] setting player 1 freeze to 0
[22:00:37.998] [SEVERE ] setting player 1 freeze to 0
[22:00:37.998] [SEVERE ] removing player 1 token from slot 11
[22:00:37.999] [SEVERE ] player 1 placing token on slot 2
[22:00:38.007] [SEVERE ] setting player 3 freeze to 0
[22:00:38.009] [SEVERE ] setting player 3 freeze to 0
[22:00:38.009] [SEVERE ] setting player 3 freeze to 0
[22:00:38.010] [SEVERE ] setting player 3 freeze to 0
[22:00:38.010] [SEVERE ] removing player 3 token from slot 8
[22:00:38.011] [SEVERE ] player 3 placing token on slot 10
[22:00:38.017] [SEVERE ] setting player 4 freeze to 0
[22:00:38.018] [SEVERE ] setting player 4 freeze to 0
[22:00:38.018] [SEVERE ] setting player 4 freeze to 0
[22:00:38.018] [SEVERE ] setting player 4 freeze to 0
[22:00:38.019] [SEVERE ] removing player 4 token from slot 6
[22:00:38.019] [SEVERE ] player 4 placing token on slot 5
[22:00:38.028] [SEVERE ] setting player 2 freeze to 0
[22:00:38.028] [SEVERE ] setting player 2 freeze to 0
[22:00:38.028] [SEVERE ] setting player 2 freeze to 0
[22:00:38.029] [SEVERE ] setting player 2 freeze to 0
[22:00:38.029] [SEVERE ] removing player 2 token from slot 10
[22:00:38.030] [SEVERE ] player 2 placing token on slot 1
[22:00:38.038] [SEVERE ] setting player 1 freeze to 0
[22:00:38.038] [SEVERE ] setting player 1 freeze to 0
[22:00:38.038] [SEVERE ] setting player 1 freeze to 0
[22:00:38.039] [SEVERE ] setting player 1 freeze to 0
[22:00:38.039] [SEVERE ] removing player 1 token from slot 5
[22:00:38.040] [SEVERE ] player 1 placing token on slot 9
[22:00:38.049] [SEVERE ] setting player 3 freeze to 0
[22:00:38.049] [SEVERE ] setting player 3 freeze to 0
[22:00:38.049] [SEVERE ] setting player 3 freeze to 0
[22:00:38.050] [SEVERE ] setting player 3 freeze to 0
[22:00:38.050] [SEVERE ] removing player 3 token from slot 10
[22:00:38.051] [SEVERE ] player 3 placing token on slot 2
[22:00:38.059] [SEVERE ] setting player 4 freeze to 0
[22:00:38.059] [SEVERE ] setting player 4 freeze to 0
[22:00:38.060] [SEVERE ] setting player 4 freeze to 0
[22:00:38.060] [SEVERE ] setting player 4 freeze to 0
[22:00:38.060] [SEVERE ] removing player 4 token from slot 3
[22:00:38.061] [SEVERE ] player 4 placing token on slot 4
[22:00:38.069] [SEVERE ] setting player 2 freeze to 0
[22:00:38.069] [SEVERE ] setting player 2 freeze to 0
[22:00:38.070] [SEVERE ] setting player 2 freeze to 0
[22:00:38.070] [SEVERE ] setting player 2 freeze to 0
[22:00:38.071] [SEVERE ] removing player 2 token from slot 5
[22:00:38.071] [SEVERE ] removing player 2 token from slot 1
[22:00:38.071] [SEVERE ] player 2 placing token on slot 2
[22:00:38.072] [SEVERE ] removing player 2 token from slot 9
[22:00:38.072] [SEVERE ] player 2 placing token on slot 3
[22:00:38.073] [SEVERE ] player 2 placing token on slot 11
[22:00:38.079] [SEVERE ] setting player 1 freeze to 0
[22:00:38.080] [SEVERE ] setting player 1 freeze to 0
[22:00:38.080] [SEVERE ] setting player 1 freeze to 0
[22:00:38.081] [SEVERE ] setting player 1 freeze to 0
[22:00:38.083] [SEVERE ] removing player 1 token from slot 1
[22:00:38.083] [SEVERE ] player 1 placing token on slot 5
[22:00:38.090] [SEVERE ] setting player 3 freeze to 0
[22:00:38.090] [SEVERE ] setting player 3 freeze to 0
[22:00:38.090] [SEVERE ] setting player 3 freeze to 0
[22:00:38.091] [SEVERE ] setting player 3 freeze to 0
[22:00:38.092] [SEVERE ] removing player 3 token from slot 5
[22:00:38.092] [SEVERE ] player 3 placing token on slot 3
[22:00:38.100] [SEVERE ] setting player 4 freeze to 0
[22:00:38.100] [SEVERE ] setting player 4 freeze to 0
[22:00:38.101] [SEVERE ] setting player 4 freeze to 0
[22:00:38.101] [SEVERE ] setting player 4 freeze to 0
[22:00:38.103] [SEVERE ] removing player 4 token from slot 4
[22:00:38.103] [SEVERE ] player 4 placing token on slot 1
[22:00:38.110] [SEVERE ] setting player 2 freeze to 0
[22:00:38.110] [SEVERE ] setting player 2 freeze to 0
[22:00:38.111] [SEVERE ] setting player 2 freeze to 0
[22:00:38.111] [SEVERE ] setting player 2 freeze to 0
[22:00:38.112] [SEVERE ] removing player 2 token from slot 11
[22:00:38.112] [SEVERE ] player 2 placing token on slot 11
[22:00:38.120] [SEVERE ] setting player 1 freeze to 0
[22:00:38.121] [SEVERE ] setting player 1 freeze to 0
[22:00:38.121] [SEVERE ] setting player 1 freeze to 0
[22:00:38.122] [SEVERE ] setting player 1 freeze to 0
[22:00:38.122] [SEVERE ] removing player 1 token from slot 2
[22:00:38.122] [SEVERE ] player 1 placing token on slot 11
[22:00:38.131] [SEVERE ] setting player 3 freeze to 0
[22:00:38.131] [SEVERE ] setting player 3 freeze to 0
[22:00:38.132] [SEVERE ] setting player 3 freeze to 0
[22:00:38.132] [SEVERE ] setting player 3 freeze to 0
[22:00:38.133] [SEVERE ] removing player 3 token from slot 7
[22:00:38.133] [SEVERE ] player 3 placing token on slot 11
[22:00:38.141] [SEVERE ] setting player 4 freeze to 0
[22:00:38.142] [SEVERE ] setting player 4 freeze to 0
[22:00:38.142] [SEVERE ] setting player 4 freeze to 0
[22:00:38.143] [SEVERE ] setting player 4 freeze to 0
[22:00:38.143] [SEVERE ] removing player 4 token from slot 2
[22:00:38.144] [SEVERE ] player 4 placing token on slot 3
[22:00:38.152] [SEVERE ] setting player 2 freeze to 0
[22:00:38.152] [SEVERE ] setting player 2 freeze to 0
[22:00:38.152] [SEVERE ] setting player 2 freeze to 0
[22:00:38.153] [SEVERE ] setting player 2 freeze to 0
[22:00:38.153] [SEVERE ] removing player 2 token from slot 11
[22:00:38.154] [SEVERE ] player 2 placing token on slot 8
[22:00:38.162] [SEVERE ] setting player 1 freeze to 0
[22:00:38.162] [SEVERE ] setting player 1 freeze to 0
[22:00:38.163] [SEVERE ] setting player 1 freeze to 0
[22:00:38.163] [SEVERE ] setting player 1 freeze to 0
[22:00:38.164] [SEVERE ] removing player 1 token from slot 5
[22:00:38.165] [SEVERE ] player 1 placing token on slot 3
[22:00:38.172] [SEVERE ] setting player 3 freeze to 0
[22:00:38.172] [SEVERE ] setting player 3 freeze to 0
[22:00:38.173] [SEVERE ] setting player 3 freeze to 0
[22:00:38.173] [SEVERE ] setting player 3 freeze to 0
[22:00:38.174] [SEVERE ] removing player 3 token from slot 3
[22:00:38.174] [SEVERE ] player 3 placing token on slot 7
[22:00:38.183] [SEVERE ] setting player 4 freeze to 0
[22:00:38.183] [SEVERE ] setting player 4 freeze to 0
[22:00:38.183] [SEVERE ] setting player 4 freeze to 0
[22:00:38.183] [SEVERE ] setting player 4 freeze to 0
[22:00:38.184] [SEVERE ] removing player 4 token from slot 3
[22:00:38.184] [SEVERE ] player 4 placing token on slot 10
[22:00:38.193] [SEVERE ] setting player 2 freeze to 0
[22:00:38.193] [SEVERE ] setting player 2 freeze to 0
[22:00:38.193] [SEVERE ] setting player 2 freeze to 0
[22:00:38.194] [SEVERE ] setting player 2 freeze to 0
[22:00:38.194] [SEVERE ] removing player 2 token from slot 3
[22:00:38.195] [SEVERE ] player 2 placing token on slot 6
[22:00:38.203] [SEVERE ] setting player 1 freeze to 0
[22:00:38.203] [SEVERE ] setting player 1 freeze to 0
[22:00:38.204] [SEVERE ] setting player 1 freeze to 0
[22:00:38.205] [SEVERE ] setting player 1 freeze to 0
[22:00:38.205] [SEVERE ] removing player 1 token from slot 3
[22:00:38.206] [SEVERE ] player 1 placing token on slot 1
[22:00:38.213] [SEVERE ] setting player 3 freeze to 0
[22:00:38.214] [SEVERE ] setting player 3 freeze to 0
[22:00:38.214] [SEVERE ] setting player 3 freeze to 0
[22:00:38.215] [SEVERE ] setting player 3 freeze to 0
[22:00:38.215] [SEVERE ] removing player 3 token from slot 11
[22:00:38.216] [SEVERE ] player 3 placing token on slot 8
[22:00:38.223] [SEVERE ] setting player 4 freeze to 0
[22:00:38.224] [SEVERE ] setting player 4 freeze to 0
[22:00:38.224] [SEVERE ] setting player 4 freeze to 0
[22:00:38.225] [SEVERE ] setting player 4 freeze to 0
[22:00:38.225] [SEVERE ] removing player 4 token from slot 5
[22:00:38.226] [SEVERE ] player 4 placing token on slot 5
[22:00:38.234] [SEVERE ] setting player 2 freeze to 0
[22:00:38.234] [SEVERE ] setting player 2 freeze to 0
[22:00:38.234] [SEVERE ] setting player 2 freeze to 0
[22:00:38.235] [SEVERE ] setting player 2 freeze to 0
[22:00:38.235] [SEVERE ] removing player 2 token from slot 2
[22:00:38.236] [SEVERE ] player 2 placing token on slot 11
[22:00:38.244] [SEVERE ] setting player 1 freeze to 0
[22:00:38.244] [SEVERE ] setting player 1 freeze to 0
[22:00:38.245] [SEVERE ] setting player 1 freeze to 0
[22:00:38.245] [SEVERE ] setting player 1 freeze to 0
[22:00:38.246] [SEVERE ] removing player 1 token from slot 1
[22:00:38.246] [SEVERE ] removing player 1 token from slot 9
[22:00:38.247] [SEVERE ] removing player 1 token from slot 11
[22:00:38.248] [SEVERE ] player 1 placing token on slot 5
[22:00:38.248] [SEVERE ] player 1 placing token on slot 9
[22:00:38.249] [SEVERE ] removing player 1 token from slot 9
[22:00:38.249] [SEVERE ] player 1 placing token on slot 6
[22:00:38.250] [SEVERE ] player 1 placing token on slot 2
[22:00:38.254] [SEVERE ] setting player 3 freeze to 0
[22:00:38.254] [SEVERE ] setting player 3 freeze to 0
[22:00:38.255] [SEVERE ] setting player 3 freeze to 0
[22:00:38.256] [SEVERE ] setting player 3 freeze to 0
[22:00:38.256] [SEVERE ] removing player 3 token from slot 8
[22:00:38.257] [SEVERE ] player 3 placing token on slot 1
[22:00:38.265] [SEVERE ] setting player 4 freeze to 0
[22:00:38.265] [SEVERE ] setting player 4 freeze to 0
[22:00:38.265] [SEVERE ] setting player 4 freeze to 0
[22:00:38.266] [SEVERE ] setting player 4 freeze to 0
[22:00:38.267] [SEVERE ] removing player 4 token from slot 5
[22:00:38.267] [SEVERE ] removing player 4 token from slot 1
[22:00:38.267] [SEVERE ] removing player 4 token from slot 10
[22:00:38.268] [SEVERE ] player 4 placing token on slot 5
[22:00:38.268] [SEVERE ] player 4 placing token on slot 2
[22:00:38.268] [SEVERE ] player 4 placing token on slot 4
[22:00:38.275] [SEVERE ] setting player 2 freeze to 0
[22:00:38.275] [SEVERE ] setting player 2 freeze to 0
[22:00:38.275] [SEVERE ] setting player 2 freeze to 0
[22:00:38.276] [SEVERE ] setting player 2 freeze to 0
[22:00:38.276] [SEVERE ] removing player 2 token from slot 6
[22:00:38.277] [SEVERE ] player 2 placing token on slot 3
[22:00:38.285] [SEVERE ] setting player 1 freeze to 0
[22:00:38.285] [SEVERE ] setting player 1 freeze to 0
[22:00:38.286] [SEVERE ] setting player 1 freeze to 0
[22:00:38.286] [SEVERE ] setting player 1 freeze to 0
[22:00:38.287] [SEVERE ] removing player 1 token from slot 5
[22:00:38.287] [SEVERE ] removing player 1 token from slot 6
[22:00:38.287] [SEVERE ] player 1 placing token on slot 9
[22:00:38.287] [SEVERE ] player 1 placing token on slot 11
[22:00:38.295] [SEVERE ] setting player 3 freeze to 0
[22:00:38.296] [SEVERE ] setting player 3 freeze to 0
[22:00:38.296] [SEVERE ] setting player 3 freeze to 0
[22:00:38.296] [SEVERE ] setting player 3 freeze to 0
[22:00:38.297] [SEVERE ] removing player 3 token from slot 7
[22:00:38.297] [SEVERE ] removing player 3 token from slot 1
[22:00:38.298] [SEVERE ] player 3 placing token on slot 4
[22:00:38.298] [SEVERE ] removing player 3 token from slot 2
[22:00:38.299] [SEVERE ] player 3 placing token on slot 11
[22:00:38.299] [SEVERE ] removing player 3 token from slot 4
[22:00:38.299] [SEVERE ] player 3 placing token on slot 7
[22:00:38.299] [SEVERE ] player 3 placing token on slot 10
[22:00:38.306] [SEVERE ] setting player 4 freeze to 0
[22:00:38.306] [SEVERE ] setting player 4 freeze to 0
[22:00:38.307] [SEVERE ] setting player 4 freeze to 0
[22:00:38.307] [SEVERE ] setting player 4 freeze to 0
[22:00:38.307] [SEVERE ] removing player 4 token from slot 2
[22:00:38.308] [SEVERE ] player 4 placing token on slot 9
[22:00:38.316] [SEVERE ] setting player 2 freeze to 0
[22:00:38.316] [SEVERE ] setting player 2 freeze to 0
[22:00:38.317] [SEVERE ] setting player 2 freeze to 0
[22:00:38.317] [SEVERE ] setting player 2 freeze to 0
[22:00:38.318] [SEVERE ] removing player 2 token from slot 3
[22:00:38.318] [SEVERE ] removing player 2 token from slot 11
[22:00:38.319] [SEVERE ] player 2 placing token on slot 6
[22:00:38.319] [SEVERE ] player 2 placing token on slot 7
[22:00:38.326] [SEVERE ] setting player 1 freeze to 0
[22:00:38.327] [SEVERE ] setting player 1 freeze to 0
[22:00:38.327] [SEVERE ] setting player 1 freeze to 0
[22:00:38.328] [SEVERE ] setting player 1 freeze to 0
[22:00:38.328] [SEVERE ] removing player 1 token from slot 2
[22:00:38.329] [SEVERE ] player 1 placing token on slot 5
[22:00:38.337] [SEVERE ] setting player 3 freeze to 0
[22:00:38.337] [SEVERE ] setting player 3 freeze to 0
[22:00:38.338] [SEVERE ] setting player 3 freeze to 0
[22:00:38.338] [SEVERE ] setting player 3 freeze to 0
[22:00:38.338] [SEVERE ] removing player 3 token from slot 7
[22:00:38.339] [SEVERE ] player 3 placing token on slot 9
[22:00:38.348] [SEVERE ] setting player 4 freeze to 0
[22:00:38.349] [SEVERE ] setting player 4 freeze to 0
[22:00:38.349] [SEVERE ] setting player 4 freeze to 0
[22:00:38.350] [SEVERE ] setting player 4 freeze to 0
[22:00:38.350] [SEVERE ] removing player 4 token from slot 9
[22:00:38.351] [SEVERE ] player 4 placing token on slot 2
[22:00:38.359] [SEVERE ] setting player 2 freeze to 0
[22:00:38.359] [SEVERE ] setting player 2 freeze to 0
[22:00:38.359] [SEVERE ] setting player 2 freeze to 0
[22:00:38.360] [SEVERE ] setting player 2 freeze to 0
[22:00:38.360] [SEVERE ] removing player 2 token from slot 8
[22:00:38.361] [SEVERE ] player 2 placing token on slot 5
[22:00:38.369] [SEVERE ] setting player 1 freeze to 0
[22:00:38.369] [SEVERE ] setting player 1 freeze to 0
[22:00:38.371] [SEVERE ] setting player 1 freeze to 0
[22:00:38.371] [SEVERE ] setting player 1 freeze to 0
[22:00:38.372] [SEVERE ] removing player 1 token from slot 5
[22:00:38.376] [SEVERE ] player 1 placing token on slot 8
[22:00:38.379] [SEVERE ] setting player 3 freeze to 0
[22:00:38.379] [SEVERE ] setting player 3 freeze to 0
[22:00:38.380] [SEVERE ] setting player 3 freeze to 0
[22:00:38.380] [SEVERE ] setting player 3 freeze to 0
[22:00:38.381] [SEVERE ] removing player 3 token from slot 9
[22:00:38.381] [SEVERE ] removing player 3 token from slot 10
[22:00:38.382] [SEVERE ] player 3 placing token on slot 6
[22:00:38.382] [SEVERE ] player 3 placing token on slot 9
[22:00:38.389] [SEVERE ] setting player 4 freeze to 0
[22:00:38.389] [SEVERE ] setting player 4 freeze to 0
[22:00:38.390] [SEVERE ] setting player 4 freeze to 0
[22:00:38.390] [SEVERE ] setting player 4 freeze to 0
[22:00:38.391] [SEVERE ] removing player 4 token from slot 2
[22:00:38.391] [SEVERE ] player 4 placing token on slot 11
[22:00:38.400] [SEVERE ] setting player 2 freeze to 0
[22:00:38.400] [SEVERE ] setting player 2 freeze to 0
[22:00:38.400] [SEVERE ] setting player 2 freeze to 0
[22:00:38.401] [SEVERE ] setting player 2 freeze to 0
[22:00:38.401] [SEVERE ] removing player 2 token from slot 7
[22:00:38.402] [SEVERE ] removing player 2 token from slot 5
[22:00:38.403] [SEVERE ] player 2 placing token on slot 7
[22:00:38.404] [SEVERE ] player 2 placing token on slot 1
[22:00:38.410] [SEVERE ] setting player 1 freeze to 0
[22:00:38.410] [SEVERE ] setting player 1 freeze to 0
[22:00:38.410] [SEVERE ] setting player 1 freeze to 0
[22:00:38.411] [SEVERE ] setting player 1 freeze to 0
[22:00:38.411] [SEVERE ] removing player 1 token from slot 9
[22:00:38.412] [SEVERE ] player 1 placing token on slot 10
[22:00:38.421] [SEVERE ] setting player 3 freeze to 0
[22:00:38.421] [SEVERE ] setting player 3 freeze to 0
[22:00:38.422] [SEVERE ] setting player 3 freeze to 0
[22:00:38.422] [SEVERE ] setting player 3 freeze to 0
[22:00:38.423] [SEVERE ] removing player 3 token from slot 6
[22:00:38.423] [SEVERE ] player 3 placing token on slot 10
[22:00:38.431] [SEVERE ] setting player 4 freeze to 0
[22:00:38.432] [SEVERE ] setting player 4 freeze to 0
[22:00:38.432] [SEVERE ] setting player 4 freeze to 0
[22:00:38.433] [SEVERE ] setting player 4 freeze to 0
[22:00:38.433] [SEVERE ] removing player 4 token from slot 11
[22:00:38.433] [SEVERE ] player 4 placing token on slot 3
[22:00:38.442] [SEVERE ] setting player 2 freeze to 0
[22:00:38.442] [SEVERE ] setting player 2 freeze to 0
[22:00:38.443] [SEVERE ] setting player 2 freeze to 0
[22:00:38.443] [SEVERE ] setting player 2 freeze to 0
[22:00:38.444] [SEVERE ] removing player 2 token from slot 7
[22:00:38.444] [SEVERE ] player 2 placing token on slot 2
[22:00:38.453] [SEVERE ] setting player 1 freeze to 0
[22:00:38.454] [SEVERE ] setting player 1 freeze to 0
[22:00:38.454] [SEVERE ] setting player 1 freeze to 0
[22:00:38.455] [SEVERE ] setting player 1 freeze to 0
[22:00:38.455] [SEVERE ] removing player 1 token from slot 10
[22:00:38.456] [SEVERE ] player 1 placing token on slot 6
[22:00:38.466] [SEVERE ] setting player 3 freeze to 0
[22:00:38.467] [SEVERE ] setting player 3 freeze to 0
[22:00:38.467] [SEVERE ] setting player 3 freeze to 0
[22:00:38.467] [SEVERE ] setting player 3 freeze to 0
[22:00:38.467] [SEVERE ] removing player 3 token from slot 9
[22:00:38.468] [SEVERE ] player 3 placing token on slot 2
[22:00:38.476] [SEVERE ] setting player 4 freeze to 0
[22:00:38.476] [SEVERE ] setting player 4 freeze to 0
[22:00:38.477] [SEVERE ] setting player 4 freeze to 0
[22:00:38.477] [SEVERE ] setting player 4 freeze to 0
[22:00:38.478] [SEVERE ] removing player 4 token from slot 5
[22:00:38.478] [SEVERE ] player 4 placing token on slot 10
[22:00:38.486] [SEVERE ] setting player 2 freeze to 0
[22:00:38.487] [SEVERE ] setting player 2 freeze to 0
[22:00:38.487] [SEVERE ] setting player 2 freeze to 0
[22:00:38.487] [SEVERE ] setting player 2 freeze to 0
[22:00:38.488] [SEVERE ] removing player 2 token from slot 1
[22:00:38.488] [SEVERE ] removing player 2 token from slot 6
[22:00:38.489] [SEVERE ] player 2 placing token on slot 6
[22:00:38.490] [SEVERE ] player 2 placing token on slot 1
[22:00:38.497] [SEVERE ] setting player 1 freeze to 0
[22:00:38.497] [SEVERE ] setting player 1 freeze to 0
[22:00:38.498] [SEVERE ] setting player 1 freeze to 0
[22:00:38.498] [SEVERE ] setting player 1 freeze to 0
[22:00:38.498] [SEVERE ] removing player 1 token from slot 11
[22:00:38.499] [SEVERE ] player 1 placing token on slot 4
[22:00:38.509] [SEVERE ] setting player 3 freeze to 0
[22:00:38.509] [SEVERE ] setting player 3 freeze to 0
[22:00:38.509] [SEVERE ] setting player 3 freeze to 0
[22:00:38.510] [SEVERE ] setting player 3 freeze to 0
[22:00:38.510] [SEVERE ] removing player 3 token from slot 10
[22:00:38.511] [SEVERE ] player 3 placing token on slot 8
[22:00:38.519] [SEVERE ] setting player 4 freeze to 0
[22:00:38.519] [SEVERE ] setting player 4 freeze to 0
[22:00:38.519] [SEVERE ] setting player 4 freeze to 0
[22:00:38.520] [SEVERE ] setting player 4 freeze to 0
[22:00:38.520] [SEVERE ] removing player 4 token from slot 4
[22:00:38.521] [SEVERE ] player 4 placing token on slot 9
[22:00:38.529] [SEVERE ] setting player 2 freeze to 0
[22:00:38.529] [SEVERE ] setting player 2 freeze to 0
[22:00:38.530] [SEVERE ] setting player 2 freeze to 0
[22:00:38.530] [SEVERE ] setting player 2 freeze to 0
[22:00:38.531] [SEVERE ] removing player 2 token from slot 2
[22:00:38.532] [SEVERE ] player 2 placing token on slot 7
[22:00:38.542] [SEVERE ] setting player 1 freeze to 0
[22:00:38.542] [SEVERE ] setting player 1 freeze to 0
[22:00:38.542] [SEVERE ] setting player 1 freeze to 0
[22:00:38.543] [SEVERE ] setting player 1 freeze to 0
[22:00:38.543] [SEVERE ] removing player 1 token from slot 6
[22:00:38.544] [SEVERE ] player 1 placing token on slot 5
[22:00:38.552] [SEVERE ] setting player 3 freeze to 0
[22:00:38.552] [SEVERE ] setting player 3 freeze to 0
[22:00:38.553] [SEVERE ] setting player 3 freeze to 0
[22:00:38.553] [SEVERE ] setting player 3 freeze to 0
[22:00:38.554] [SEVERE ] removing player 3 token from slot 8
[22:00:38.554] [SEVERE ] player 3 placing token on slot 6
[22:00:38.563] [SEVERE ] setting player 4 freeze to 0
[22:00:38.564] [SEVERE ] setting player 4 freeze to 0
[22:00:38.564] [SEVERE ] setting player 4 freeze to 0
[22:00:38.564] [SEVERE ] setting player 4 freeze to 0
[22:00:38.564] [SEVERE ] removing player 4 token from slot 3
[22:00:38.564] [SEVERE ] player 4 placing token on slot 4
[22:00:38.573] [SEVERE ] setting player 2 freeze to 0
[22:00:38.573] [SEVERE ] setting player 2 freeze to 0
[22:00:38.574] [SEVERE ] setting player 2 freeze to 0
[22:00:38.574] [SEVERE ] setting player 2 freeze to 0
[22:00:38.575] [SEVERE ] removing player 2 token from slot 7
[22:00:38.575] [SEVERE ] player 2 placing token on slot 7
[22:00:38.584] [SEVERE ] setting player 1 freeze to 0
[22:00:38.584] [SEVERE ] setting player 1 freeze to 0
[22:00:38.584] [SEVERE ] setting player 1 freeze to 0
[22:00:38.585] [SEVERE ] setting player 1 freeze to 0
[22:00:38.585] [SEVERE ] removing player 1 token from slot 5
[22:00:38.586] [SEVERE ] player 1 placing token on slot 1
[22:00:38.594] [SEVERE ] setting player 3 freeze to 0
[22:00:38.594] [SEVERE ] setting player 3 freeze to 0
[22:00:38.594] [SEVERE ] setting player 3 freeze to 0
[22:00:38.594] [SEVERE ] setting player 3 freeze to 0
[22:00:38.594] [SEVERE ] removing player 3 token from slot 11
[22:00:38.594] [SEVERE ] player 3 placing token on slot 9
[22:00:38.604] [SEVERE ] setting player 4 freeze to 0
[22:00:38.604] [SEVERE ] setting player 4 freeze to 0
[22:00:38.605] [SEVERE ] setting player 4 freeze to 0
[22:00:38.605] [SEVERE ] setting player 4 freeze to 0
[22:00:38.605] [SEVERE ] removing player 4 token from slot 4
[22:00:38.606] [SEVERE ] removing player 4 token from slot 10
[22:00:38.606] [SEVERE ] player 4 placing token on slot 11
[22:00:38.607] [SEVERE ] removing player 4 token from slot 9
[22:00:38.607] [SEVERE ] player 4 placing token on slot 8
[22:00:38.608] [SEVERE ] player 4 placing token on slot 1
[22:00:38.614] [SEVERE ] setting player 2 freeze to 0
[22:00:38.615] [SEVERE ] setting player 2 freeze to 0
[22:00:38.615] [SEVERE ] setting player 2 freeze to 0
[22:00:38.615] [SEVERE ] setting player 2 freeze to 0
[22:00:38.616] [SEVERE ] removing player 2 token from slot 1
[22:00:38.616] [SEVERE ] removing player 2 token from slot 7
[22:00:38.617] [SEVERE ] player 2 placing token on slot 3
[22:00:38.617] [SEVERE ] player 2 placing token on slot 7
[22:00:38.625] [SEVERE ] setting player 1 freeze to 0
[22:00:38.625] [SEVERE ] setting player 1 freeze to 0
[22:00:38.625] [SEVERE ] setting player 1 freeze to 0
[22:00:38.625] [SEVERE ] setting player 1 freeze to 0
[22:00:38.626] [SEVERE ] removing player 1 token from slot 4
[22:00:38.626] [SEVERE ] player 1 placing token on slot 9
[22:00:38.635] [SEVERE ] setting player 3 freeze to 0
[22:00:38.635] [SEVERE ] setting player 3 freeze to 0
[22:00:38.635] [SEVERE ] setting player 3 freeze to 0
[22:00:38.636] [SEVERE ] setting player 3 freeze to 0
[22:00:38.636] [SEVERE ] removing player 3 token from slot 2
[22:00:38.637] [SEVERE ] player 3 placing token on slot 3
[22:00:38.645] [SEVERE ] setting player 4 freeze to 0
[22:00:38.645] [SEVERE ] setting player 4 freeze to 0
[22:00:38.646] [SEVERE ] setting player 4 freeze to 0
[22:00:38.646] [SEVERE ] setting player 4 freeze to 0
[22:00:38.646] [SEVERE ] removing player 4 token from slot 8
[22:00:38.647] [SEVERE ] player 4 placing token on slot 8
[22:00:38.655] [SEVERE ] setting player 2 freeze to 0
[22:00:38.655] [SEVERE ] setting player 2 freeze to 0
[22:00:38.655] [SEVERE ] setting player 2 freeze to 0
[22:00:38.656] [SEVERE ] setting player 2 freeze to 0
[22:00:38.657] [SEVERE ] removing player 2 token from slot 7
[22:00:38.657] [SEVERE ] player 2 placing token on slot 5
[22:00:38.666] [SEVERE ] setting player 1 freeze to 0
[22:00:38.666] [SEVERE ] setting player 1 freeze to 0
[22:00:38.666] [SEVERE ] setting player 1 freeze to 0
[22:00:38.667] [SEVERE ] setting player 1 freeze to 0
[22:00:38.667] [SEVERE ] removing player 1 token from slot 1
[22:00:38.667] [SEVERE ] player 1 placing token on slot 3
[22:00:38.676] [SEVERE ] setting player 3 freeze to 0
[22:00:38.676] [SEVERE ] setting player 3 freeze to 0
[22:00:38.676] [SEVERE ] setting player 3 freeze to 0
[22:00:38.677] [SEVERE ] setting player 3 freeze to 0
[22:00:38.677] [SEVERE ] removing player 3 token from slot 9
[22:00:38.678] [SEVERE ] player 3 placing token on slot 7
[22:00:38.686] [SEVERE ] setting player 4 freeze to 0
[22:00:38.686] [SEVERE ] setting player 4 freeze to 0
[22:00:38.686] [SEVERE ] setting player 4 freeze to 0
[22:00:38.687] [SEVERE ] setting player 4 freeze to 0
[22:00:38.688] [SEVERE ] removing player 4 token from slot 11
[22:00:38.688] [SEVERE ] removing player 4 token from slot 1
[22:00:38.689] [SEVERE ] player 4 placing token on slot 3
[22:00:38.689] [SEVERE ] player 4 placing token on slot 7
[22:00:38.697] [SEVERE ] setting player 2 freeze to 0
[22:00:38.697] [SEVERE ] setting player 2 freeze to 0
[22:00:38.698] [SEVERE ] setting player 2 freeze to 0
[22:00:38.698] [SEVERE ] setting player 2 freeze to 0
[22:00:38.698] [SEVERE ] removing player 2 token from slot 5
[22:00:38.699] [SEVERE ] player 2 placing token on slot 5
[22:00:38.707] [SEVERE ] setting player 1 freeze to 0
[22:00:38.708] [SEVERE ] setting player 1 freeze to 0
[22:00:38.708] [SEVERE ] setting player 1 freeze to 0
[22:00:38.708] [SEVERE ] setting player 1 freeze to 0
[22:00:38.709] [SEVERE ] removing player 1 token from slot 9
[22:00:38.709] [SEVERE ] player 1 placing token on slot 1
[22:00:38.718] [SEVERE ] setting player 3 freeze to 0
[22:00:38.718] [SEVERE ] setting player 3 freeze to 0
[22:00:38.718] [SEVERE ] setting player 3 freeze to 0
[22:00:38.718] [SEVERE ] setting player 3 freeze to 0
[22:00:38.719] [SEVERE ] removing player 3 token from slot 7
[22:00:38.719] [SEVERE ] player 3 placing token on slot 4
[22:00:38.728] [SEVERE ] setting player 4 freeze to 0
[22:00:38.728] [SEVERE ] setting player 4 freeze to 0
[22:00:38.729] [SEVERE ] setting player 4 freeze to 0
[22:00:38.729] [SEVERE ] setting player 4 freeze to 0
[22:00:38.729] [SEVERE ] removing player 4 token from slot 3
[22:00:38.730] [SEVERE ] player 4 placing token on slot 2
[22:00:38.738] [SEVERE ] setting player 2 freeze to 0
[22:00:38.738] [SEVERE ] setting player 2 freeze to 0
[22:00:38.738] [SEVERE ] setting player 2 freeze to 0
[22:00:38.739] [SEVERE ] setting player 2 freeze to 0
[22:00:38.739] [SEVERE ] removing player 2 token from slot 6
[22:00:38.740] [SEVERE ] player 2 placing token on slot 9
[22:00:38.749] [SEVERE ] setting player 1 freeze to 0
[22:00:38.749] [SEVERE ] setting player 1 freeze to 0
[22:00:38.749] [SEVERE ] setting player 1 freeze to 0
[22:00:38.749] [SEVERE ] setting player 1 freeze to 0
[22:00:38.750] [SEVERE ] removing player 1 token from slot 1
[22:00:38.750] [SEVERE ] removing player 1 token from slot 8
[22:00:38.751] [SEVERE ] player 1 placing token on slot 1
[22:00:38.751] [SEVERE ] removing player 1 token from slot 1
[22:00:38.751] [SEVERE ] player 1 placing token on slot 11
[22:00:38.752] [SEVERE ] removing player 1 token from slot 3
[22:00:38.753] [SEVERE ] player 1 placing token on slot 8
[22:00:38.753] [SEVERE ] player 1 placing token on slot 6
[22:00:38.759] [SEVERE ] setting player 3 freeze to 0
[22:00:38.759] [SEVERE ] setting player 3 freeze to 0
[22:00:38.760] [SEVERE ] setting player 3 freeze to 0
[22:00:38.760] [SEVERE ] setting player 3 freeze to 0
[22:00:38.760] [SEVERE ] removing player 3 token from slot 6
[22:00:38.761] [SEVERE ] player 3 placing token on slot 2
[22:00:38.769] [SEVERE ] setting player 4 freeze to 0
[22:00:38.770] [SEVERE ] setting player 4 freeze to 0
[22:00:38.770] [SEVERE ] setting player 4 freeze to 0
[22:00:38.771] [SEVERE ] setting player 4 freeze to 0
[22:00:38.771] [SEVERE ] removing player 4 token from slot 8
[22:00:38.772] [SEVERE ] player 4 placing token on slot 6
[22:00:38.780] [SEVERE ] setting player 2 freeze to 0
[22:00:38.780] [SEVERE ] setting player 2 freeze to 0
[22:00:38.780] [SEVERE ] setting player 2 freeze to 0
[22:00:38.781] [SEVERE ] setting player 2 freeze to 0
[22:00:38.781] [SEVERE ] removing player 2 token from slot 3
[22:00:38.782] [SEVERE ] player 2 placing token on slot 7
[22:00:38.790] [SEVERE ] setting player 1 freeze to 0
[22:00:38.790] [SEVERE ] setting player 1 freeze to 0
[22:00:38.790] [SEVERE ] setting player 1 freeze to 0
[22:00:38.790] [SEVERE ] setting player 1 freeze to 0
[22:00:38.791] [SEVERE ] removing player 1 token from slot 6
[22:00:38.791] [SEVERE ] removing player 1 token from slot 8
[22:00:38.792] [SEVERE ] player 1 placing token on slot 8
[22:00:38.792] [SEVERE ] player 1 placing token on slot 7
[22:00:38.800] [SEVERE ] setting player 3 freeze to 0
[22:00:38.800] [SEVERE ] setting player 3 freeze to 0
[22:00:38.800] [SEVERE ] setting player 3 freeze to 0
[22:00:38.801] [SEVERE ] setting player 3 freeze to 0
[22:00:38.801] [SEVERE ] removing player 3 token from slot 2
[22:00:38.802] [SEVERE ] removing player 3 token from slot 4
[22:00:38.802] [SEVERE ] player 3 placing token on slot 10
[22:00:38.803] [SEVERE ] player 3 placing token on slot 4
[22:00:38.811] [SEVERE ] setting player 4 freeze to 0
[22:00:38.811] [SEVERE ] setting player 4 freeze to 0
[22:00:38.811] [SEVERE ] setting player 4 freeze to 0
[22:00:38.812] [SEVERE ] setting player 4 freeze to 0
[22:00:38.812] [SEVERE ] removing player 4 token from slot 7
[22:00:38.813] [SEVERE ] player 4 placing token on slot 3
[22:00:38.821] [SEVERE ] setting player 2 freeze to 0
[22:00:38.821] [SEVERE ] setting player 2 freeze to 0
[22:00:38.822] [SEVERE ] setting player 2 freeze to 0
[22:00:38.822] [SEVERE ] setting player 2 freeze to 0
[22:00:38.823] [SEVERE ] removing player 2 token from slot 5
[22:00:38.823] [SEVERE ] player 2 placing token on slot 10
[22:00:38.833] [SEVERE ] setting player 1 freeze to 0
[22:00:38.833] [SEVERE ] setting player 1 freeze to 0
[22:00:38.833] [SEVERE ] setting player 1 freeze to 0
[22:00:38.834] [SEVERE ] setting player 1 freeze to 0
[22:00:38.835] [SEVERE ] removing player 1 token from slot 11
[22:00:38.835] [SEVERE ] removing player 1 token from slot 8
[22:00:38.836] [SEVERE ] player 1 placing token on slot 11
[22:00:38.836] [SEVERE ] player 1 placing token on slot 2
[22:00:38.843] [SEVERE ] setting player 3 freeze to 0
[22:00:38.843] [SEVERE ] setting player 3 freeze to 0
[22:00:38.844] [SEVERE ] setting player 3 freeze to 0
[22:00:38.844] [SEVERE ] setting player 3 freeze to 0
[22:00:38.845] [SEVERE ] removing player 3 token from slot 3
[22:00:38.845] [SEVERE ] player 3 placing token on slot 11
[22:00:38.853] [SEVERE ] setting player 4 freeze to 0
[22:00:38.853] [SEVERE ] setting player 4 freeze to 0
[22:00:38.853] [SEVERE ] setting player 4 freeze to 0
[22:00:38.854] [SEVERE ] setting player 4 freeze to 0
[22:00:38.854] [SEVERE ] removing player 4 token from slot 2
[22:00:38.855] [SEVERE ] player 4 placing token on slot 10
[22:00:38.864] [SEVERE ] setting player 2 freeze to 0
[22:00:38.864] [SEVERE ] setting player 2 freeze to 0
[22:00:38.864] [SEVERE ] setting player 2 freeze to 0
[22:00:38.865] [SEVERE ] setting player 2 freeze to 0
[22:00:38.865] [SEVERE ] removing player 2 token from slot 7
[22:00:38.866] [SEVERE ] player 2 placing token on slot 5
[22:00:38.874] [SEVERE ] setting player 1 freeze to 0
[22:00:38.874] [SEVERE ] setting player 1 freeze to 0
[22:00:38.875] [SEVERE ] setting player 1 freeze to 0
[22:00:38.875] [SEVERE ] setting player 1 freeze to 0
[22:00:38.876] [SEVERE ] removing player 1 token from slot 2
[22:00:38.876] [SEVERE ] player 1 placing token on slot 3
[22:00:38.884] [SEVERE ] setting player 3 freeze to 0
[22:00:38.885] [SEVERE ] setting player 3 freeze to 0
[22:00:38.885] [SEVERE ] setting player 3 freeze to 0
[22:00:38.885] [SEVERE ] setting player 3 freeze to 0
[22:00:38.886] [SEVERE ] removing player 3 token from slot 10
[22:00:38.886] [SEVERE ] player 3 placing token on slot 8
[22:00:38.895] [SEVERE ] setting player 4 freeze to 0
[22:00:38.895] [SEVERE ] setting player 4 freeze to 0
[22:00:38.895] [SEVERE ] setting player 4 freeze to 0
[22:00:38.896] [SEVERE ] setting player 4 freeze to 0
[22:00:38.896] [SEVERE ] removing player 4 token from slot 3
[22:00:38.897] [SEVERE ] player 4 placing token on slot 4
[22:00:38.905] [SEVERE ] setting player 2 freeze to 0
[22:00:38.905] [SEVERE ] setting player 2 freeze to 0
[22:00:38.906] [SEVERE ] setting player 2 freeze to 0
[22:00:38.906] [SEVERE ] setting player 2 freeze to 0
[22:00:38.907] [SEVERE ] removing player 2 token from slot 5
[22:00:38.907] [SEVERE ] player 2 placing token on slot 7
[22:00:38.915] [SEVERE ] setting player 1 freeze to 0
[22:00:38.915] [SEVERE ] setting player 1 freeze to 0
[22:00:38.916] [SEVERE ] setting player 1 freeze to 0
[22:00:38.916] [SEVERE ] setting player 1 freeze to 0
[22:00:38.917] [SEVERE ] removing player 1 token from slot 7
[22:00:38.917] [SEVERE ] player 1 placing token on slot 10
[22:00:38.926] [SEVERE ] setting player 3 freeze to 0
[22:00:38.926] [SEVERE ] setting player 3 freeze to 0
[22:00:38.926] [SEVERE ] setting player 3 freeze to 0
[22:00:38.926] [SEVERE ] setting player 3 freeze to 0
[22:00:38.927] [SEVERE ] removing player 3 token from slot 8
[22:00:38.927] [SEVERE ] player 3 placing token on slot 10
[22:00:38.936] [SEVERE ] setting player 4 freeze to 0
[22:00:38.936] [SEVERE ] setting player 4 freeze to 0
[22:00:38.937] [SEVERE ] setting player 4 freeze to 0
[22:00:38.937] [SEVERE ] setting player 4 freeze to 0
[22:00:38.937] [SEVERE ] removing player 4 token from slot 4
[22:00:38.938] [SEVERE ] player 4 placing token on slot 2
[22:00:38.952] [SEVERE ] setting player 2 freeze to 0
[22:00:38.955] [SEVERE ] setting player 2 freeze to 0
[22:00:38.955] [SEVERE ] setting player 2 freeze to 0
[22:00:38.956] [SEVERE ] setting player 2 freeze to 0
[22:00:38.956] [SEVERE ] removing player 2 token from slot 10
[22:00:38.957] [SEVERE ] player 2 placing token on slot 2
[22:00:38.964] [SEVERE ] setting player 1 freeze to 0
[22:00:38.965] [SEVERE ] setting player 1 freeze to 0
[22:00:38.965] [SEVERE ] setting player 1 freeze to 0
[22:00:38.966] [SEVERE ] setting player 1 freeze to 0
[22:00:38.966] [SEVERE ] removing player 1 token from slot 3
[22:00:38.966] [SEVERE ] player 1 placing token on slot 6
[22:00:38.975] [SEVERE ] setting player 3 freeze to 0
[22:00:38.975] [SEVERE ] setting player 3 freeze to 0
[22:00:38.976] [SEVERE ] setting player 3 freeze to 0
[22:00:38.976] [SEVERE ] setting player 3 freeze to 0
[22:00:38.977] [SEVERE ] removing player 3 token from slot 4
[22:00:38.977] [SEVERE ] player 3 placing token on slot 1
[22:00:38.985] [SEVERE ] setting player 4 freeze to 0
[22:00:38.986] [SEVERE ] setting player 4 freeze to 0
[22:00:38.986] [SEVERE ] setting player 4 freeze to 0
[22:00:38.986] [SEVERE ] setting player 4 freeze to 0
[22:00:38.987] [SEVERE ] removing player 4 token from slot 6
[22:00:38.987] [SEVERE ] player 4 placing token on slot 4
[22:00:38.996] [SEVERE ] setting player 2 freeze to 0
[22:00:38.996] [SEVERE ] setting player 2 freeze to 0
[22:00:38.997] [SEVERE ] setting player 2 freeze to 0
[22:00:38.997] [SEVERE ] setting player 2 freeze to 0
[22:00:39.002] [SEVERE ] removing player 2 token from slot 2
[22:00:39.002] [SEVERE ] player 2 placing token on slot 6
[22:00:39.006] [SEVERE ] setting player 1 freeze to 0
[22:00:39.007] [SEVERE ] setting player 1 freeze to 0
[22:00:39.007] [SEVERE ] setting player 1 freeze to 0
[22:00:39.007] [SEVERE ] setting player 1 freeze to 0
[22:00:39.008] [SEVERE ] removing player 1 token from slot 11
[22:00:39.008] [SEVERE ] removing player 1 token from slot 6
[22:00:39.009] [SEVERE ] player 1 placing token on slot 4
[22:00:39.009] [SEVERE ] player 1 placing token on slot 2
[22:00:39.017] [SEVERE ] setting player 3 freeze to 0
[22:00:39.017] [SEVERE ] setting player 3 freeze to 0
[22:00:39.018] [SEVERE ] setting player 3 freeze to 0
[22:00:39.018] [SEVERE ] setting player 3 freeze to 0
[22:00:39.019] [SEVERE ] removing player 3 token from slot 10
[22:00:39.019] [SEVERE ] player 3 placing token on slot 7
[22:00:39.028] [SEVERE ] setting player 4 freeze to 0
[22:00:39.028] [SEVERE ] setting player 4 freeze to 0
[22:00:39.028] [SEVERE ] setting player 4 freeze to 0
[22:00:39.029] [SEVERE ] setting player 4 freeze to 0
[22:00:39.029] [SEVERE ] removing player 4 token from slot 2
[22:00:39.029] [SEVERE ] player 4 placing token on slot 11
[22:00:39.039] [SEVERE ] setting player 2 freeze to 0
[22:00:39.039] [SEVERE ] setting player 2 freeze to 0
[22:00:39.039] [SEVERE ] setting player 2 freeze to 0
[22:00:39.040] [SEVERE ] setting player 2 freeze to 0
[22:00:39.040] [SEVERE ] removing player 2 token from slot 6
[22:00:39.041] [SEVERE ] player 2 placing token on slot 10
[22:00:39.049] [SEVERE ] setting player 1 freeze to 0
[22:00:39.050] [SEVERE ] setting player 1 freeze to 0
[22:00:39.050] [SEVERE ] setting player 1 freeze to 0
[22:00:39.050] [SEVERE ] setting player 1 freeze to 0
[22:00:39.050] [SEVERE ] removing player 1 token from slot 10
[22:00:39.050] [SEVERE ] player 1 placing token on slot 3
