[13:54:16.374] [INFO   ] thread main starting.
[13:54:16.380] [SEVERE ] cannot read configuration file config.properties trying from resources.
[13:54:16.381] [SEVERE ] configuration file was loaded from resources directory.
[13:54:16.746] [INFO   ] thread dealer starting.
[13:54:16.747] [INFO   ] Thread dealer starting.
[13:54:16.853] [SEVERE ] placing card 7 in slot 0
[13:54:16.955] [SEVERE ] placing card 76 in slot 1
[13:54:17.056] [SEVERE ] placing card 4 in slot 2
[13:54:17.156] [SEVERE ] placing card 24 in slot 3
[13:54:17.258] [SEVERE ] placing card 48 in slot 4
[13:54:17.359] [SEVERE ] placing card 42 in slot 5
[13:54:17.460] [SEVERE ] placing card 32 in slot 6
[13:54:17.561] [SEVERE ] placing card 77 in slot 7
[13:54:17.662] [SEVERE ] placing card 45 in slot 8
[13:54:17.763] [SEVERE ] placing card 0 in slot 9
[13:54:17.864] [SEVERE ] placing card 34 in slot 10
[13:54:17.966] [SEVERE ] placing card 62 in slot 11
[13:54:17.968] [INFO   ] Thread Thread-1starting.
[13:54:17.968] [INFO   ] Thread Thread-2starting.
[13:54:17.971] [INFO   ] Thread Thread-3starting.
[13:54:17.971] [INFO   ] Thread Thread-4starting.
[13:54:17.971] [SEVERE ] updating countdown to 30000
[13:54:17.975] [INFO   ] Thread computer-1 starting.
[13:54:17.976] [INFO   ] Thread computer-3 starting.
[13:54:17.977] [SEVERE ] player 2 placing token on slot 7
[13:54:17.975] [INFO   ] Thread computer-0 starting.
[13:54:17.978] [SEVERE ] player 4 placing token on slot 1
[13:54:17.980] [SEVERE ] player 2 placing token on slot 5
[13:54:17.981] [SEVERE ] player 1 placing token on slot 11
[13:54:17.982] [INFO   ] Thread computer-2 starting.
[13:54:17.982] [SEVERE ] player 2 placing token on slot 6
[13:54:17.985] [SEVERE ] player 4 placing token on slot 10
[13:54:17.987] [SEVERE ] player 3 placing token on slot 11
[13:54:17.989] [SEVERE ] player 1 placing token on slot 3
[13:54:17.990] [SEVERE ] player 3 placing token on slot 8
[13:54:17.991] [SEVERE ] player 4 placing token on slot 0
[13:54:17.992] [SEVERE ] player 3 placing token on slot 10
[13:54:17.993] [SEVERE ] player 1 placing token on slot 8
[13:54:18.976] [SEVERE ] updating countdown to 28995
[13:54:18.976] [SEVERE ] setting player 2 freeze to 0
[13:54:18.977] [SEVERE ] setting player 2 freeze to 0
[13:54:18.977] [SEVERE ] setting player 2 freeze to 0
[13:54:18.977] [SEVERE ] setting player 2 freeze to 0
[13:54:18.978] [SEVERE ] removing player 2 token from slot 7
[13:54:18.978] [SEVERE ] player 2 placing token on slot 9
[13:54:19.976] [SEVERE ] updating countdown to 27995
[13:54:19.976] [SEVERE ] setting player 4 freeze to 0
[13:54:19.977] [SEVERE ] setting player 4 freeze to 0
[13:54:19.977] [SEVERE ] setting player 4 freeze to 0
[13:54:19.978] [SEVERE ] setting player 4 freeze to 0
[13:54:19.978] [SEVERE ] removing player 4 token from slot 10
[13:54:19.979] [SEVERE ] player 4 placing token on slot 11
[13:54:20.977] [SEVERE ] updating countdown to 26994
[13:54:20.977] [SEVERE ] setting player 3 freeze to 0
[13:54:20.978] [SEVERE ] setting player 3 freeze to 0
[13:54:20.978] [SEVERE ] setting player 3 freeze to 0
[13:54:20.979] [SEVERE ] setting player 3 freeze to 0
[13:54:20.979] [SEVERE ] removing player 3 token from slot 10
[13:54:20.980] [SEVERE ] removing player 3 token from slot 11
[13:54:20.980] [SEVERE ] player 3 placing token on slot 7
[13:54:20.981] [SEVERE ] player 3 placing token on slot 1
[13:54:21.977] [SEVERE ] updating countdown to 25994
[13:54:21.977] [SEVERE ] setting player 1 freeze to 0
[13:54:21.978] [SEVERE ] setting player 1 freeze to 0
[13:54:21.979] [SEVERE ] setting player 1 freeze to 0
[13:54:21.979] [SEVERE ] setting player 1 freeze to 0
[13:54:21.980] [SEVERE ] removing player 1 token from slot 3
[13:54:21.980] [SEVERE ] player 1 placing token on slot 4
[13:54:22.978] [SEVERE ] updating countdown to 24993
[13:54:22.978] [SEVERE ] setting player 2 freeze to 0
[13:54:22.979] [SEVERE ] setting player 2 freeze to 0
[13:54:22.979] [SEVERE ] setting player 2 freeze to 0
[13:54:22.980] [SEVERE ] setting player 2 freeze to 0
[13:54:22.981] [SEVERE ] removing player 2 token from slot 6
[13:54:22.981] [SEVERE ] player 2 placing token on slot 11
[13:54:23.979] [SEVERE ] updating countdown to 23992
[13:54:23.979] [SEVERE ] setting player 4 freeze to 0
[13:54:23.979] [SEVERE ] setting player 4 freeze to 0
[13:54:23.980] [SEVERE ] setting player 4 freeze to 0
[13:54:23.980] [SEVERE ] setting player 4 freeze to 0
[13:54:23.981] [SEVERE ] removing player 4 token from slot 11
[13:54:23.981] [SEVERE ] player 4 placing token on slot 10
[13:54:24.979] [SEVERE ] updating countdown to 22992
[13:54:24.979] [SEVERE ] setting player 3 freeze to 0
[13:54:24.980] [SEVERE ] setting player 3 freeze to 0
[13:54:24.980] [SEVERE ] setting player 3 freeze to 0
[13:54:24.981] [SEVERE ] setting player 3 freeze to 0
[13:54:24.981] [SEVERE ] removing player 3 token from slot 8
[13:54:24.982] [SEVERE ] player 3 placing token on slot 0
[13:54:25.980] [SEVERE ] updating countdown to 21991
[13:54:25.980] [SEVERE ] setting player 1 freeze to 0
[13:54:25.981] [SEVERE ] setting player 1 freeze to 0
[13:54:25.981] [SEVERE ] setting player 1 freeze to 0
[13:54:25.982] [SEVERE ] setting player 1 freeze to 0
[13:54:25.982] [SEVERE ] removing player 1 token from slot 11
[13:54:25.982] [SEVERE ] removing player 1 token from slot 4
[13:54:25.983] [SEVERE ] player 1 placing token on slot 2
[13:54:25.983] [SEVERE ] player 1 placing token on slot 4
[13:54:26.980] [SEVERE ] updating countdown to 20991
[13:54:26.980] [SEVERE ] setting player 2 freeze to 0
[13:54:26.981] [SEVERE ] setting player 2 freeze to 0
[13:54:26.982] [SEVERE ] setting player 2 freeze to 0
[13:54:26.982] [SEVERE ] setting player 2 freeze to 0
[13:54:26.983] [SEVERE ] removing player 2 token from slot 9
[13:54:26.983] [SEVERE ] player 2 placing token on slot 6
[13:54:27.981] [SEVERE ] updating countdown to 19990
[13:54:27.981] [SEVERE ] setting player 4 freeze to 0
[13:54:27.982] [SEVERE ] setting player 4 freeze to 0
[13:54:27.982] [SEVERE ] setting player 4 freeze to 0
[13:54:27.983] [SEVERE ] setting player 4 freeze to 0
[13:54:27.983] [SEVERE ] removing player 4 token from slot 10
[13:54:27.984] [SEVERE ] player 4 placing token on slot 3
[13:54:28.982] [SEVERE ] updating countdown to 18990
[13:54:28.982] [SEVERE ] setting player 3 freeze to 0
[13:54:28.982] [SEVERE ] setting player 3 freeze to 0
[13:54:28.983] [SEVERE ] setting player 3 freeze to 0
[13:54:28.983] [SEVERE ] setting player 3 freeze to 0
[13:54:28.984] [SEVERE ] removing player 3 token from slot 7
[13:54:28.984] [SEVERE ] player 3 placing token on slot 9
[13:54:29.982] [SEVERE ] updating countdown to 17989
[13:54:29.982] [SEVERE ] setting player 1 freeze to 0
[13:54:29.983] [SEVERE ] setting player 1 freeze to 0
[13:54:29.983] [SEVERE ] setting player 1 freeze to 0
[13:54:29.984] [SEVERE ] setting player 1 freeze to 0
[13:54:29.984] [SEVERE ] removing player 1 token from slot 4
[13:54:29.985] [SEVERE ] player 1 placing token on slot 10
[13:54:30.983] [SEVERE ] updating countdown to 16988
[13:54:30.983] [SEVERE ] setting player 2 freeze to 0
[13:54:30.983] [SEVERE ] setting player 2 freeze to 0
[13:54:30.984] [SEVERE ] setting player 2 freeze to 0
[13:54:30.984] [SEVERE ] setting player 2 freeze to 0
[13:54:30.985] [SEVERE ] removing player 2 token from slot 11
[13:54:30.985] [SEVERE ] removing player 2 token from slot 5
[13:54:30.986] [SEVERE ] player 2 placing token on slot 10
[13:54:30.986] [SEVERE ] player 2 placing token on slot 11
[13:54:31.983] [SEVERE ] updating countdown to 15988
[13:54:31.983] [SEVERE ] setting player 4 freeze to 0
[13:54:31.984] [SEVERE ] setting player 4 freeze to 0
[13:54:31.984] [SEVERE ] setting player 4 freeze to 0
[13:54:31.985] [SEVERE ] setting player 4 freeze to 0
[13:54:31.985] [SEVERE ] removing player 4 token from slot 3
[13:54:31.986] [SEVERE ] player 4 placing token on slot 5
[13:54:32.984] [SEVERE ] updating countdown to 14987
[13:54:32.984] [SEVERE ] setting player 3 freeze to 0
[13:54:32.984] [SEVERE ] setting player 3 freeze to 0
[13:54:32.985] [SEVERE ] setting player 3 freeze to 0
[13:54:32.985] [SEVERE ] setting player 3 freeze to 0
[13:54:32.986] [SEVERE ] removing player 3 token from slot 1
[13:54:32.987] [SEVERE ] player 3 placing token on slot 10
[13:54:33.984] [SEVERE ] updating countdown to 13987
[13:54:33.984] [SEVERE ] setting player 1 freeze to 0
[13:54:33.985] [SEVERE ] setting player 1 freeze to 0
[13:54:33.985] [SEVERE ] setting player 1 freeze to 0
[13:54:33.986] [SEVERE ] setting player 1 freeze to 0
[13:54:33.986] [SEVERE ] removing player 1 token from slot 8
[13:54:33.987] [SEVERE ] removing player 1 token from slot 2
[13:54:33.987] [SEVERE ] player 1 placing token on slot 6
[13:54:33.988] [SEVERE ] player 1 placing token on slot 0
[13:54:34.985] [SEVERE ] updating countdown to 12986
[13:54:34.985] [SEVERE ] setting player 2 freeze to 0
[13:54:34.985] [SEVERE ] setting player 2 freeze to 0
[13:54:34.986] [SEVERE ] setting player 2 freeze to 0
[13:54:34.986] [SEVERE ] setting player 2 freeze to 0
[13:54:34.987] [SEVERE ] removing player 2 token from slot 10
[13:54:34.987] [SEVERE ] player 2 placing token on slot 2
[13:54:35.985] [SEVERE ] updating countdown to 11986
[13:54:35.985] [SEVERE ] setting player 4 freeze to 0
[13:54:35.986] [SEVERE ] setting player 4 freeze to 0
[13:54:35.986] [SEVERE ] setting player 4 freeze to 0
[13:54:35.987] [SEVERE ] setting player 4 freeze to 0
[13:54:35.987] [SEVERE ] removing player 4 token from slot 1
[13:54:35.988] [SEVERE ] player 4 placing token on slot 9
[13:54:36.986] [SEVERE ] updating countdown to 10985
[13:54:36.986] [SEVERE ] setting player 3 freeze to 0
[13:54:36.986] [SEVERE ] setting player 3 freeze to 0
[13:54:36.987] [SEVERE ] setting player 3 freeze to 0
[13:54:36.987] [SEVERE ] setting player 3 freeze to 0
[13:54:36.988] [SEVERE ] removing player 3 token from slot 0
[13:54:36.988] [SEVERE ] player 3 placing token on slot 11
[13:54:37.986] [SEVERE ] updating countdown to 9985
[13:54:37.986] [SEVERE ] setting player 1 freeze to 0
[13:54:37.987] [SEVERE ] setting player 1 freeze to 0
[13:54:37.987] [SEVERE ] setting player 1 freeze to 0
[13:54:37.988] [SEVERE ] setting player 1 freeze to 0
[13:54:38.007] [SEVERE ] removing player 1 token from slot 6
[13:54:38.007] [SEVERE ] player 1 placing token on slot 5
[13:54:38.987] [SEVERE ] updating countdown to 8984
[13:54:38.987] [SEVERE ] setting player 2 freeze to 0
[13:54:38.988] [SEVERE ] setting player 2 freeze to 0
[13:54:38.989] [SEVERE ] setting player 2 freeze to 0
[13:54:38.990] [SEVERE ] setting player 2 freeze to 0
[13:54:38.991] [SEVERE ] removing player 2 token from slot 6
[13:54:38.992] [SEVERE ] player 2 placing token on slot 8
[13:54:39.987] [SEVERE ] updating countdown to 7984
[13:54:39.987] [SEVERE ] setting player 4 freeze to 0
[13:54:39.988] [SEVERE ] setting player 4 freeze to 0
[13:54:39.988] [SEVERE ] setting player 4 freeze to 0
[13:54:39.989] [SEVERE ] setting player 4 freeze to 0
[13:54:39.989] [SEVERE ] removing player 4 token from slot 5
[13:54:39.990] [SEVERE ] removing player 4 token from slot 0
[13:54:39.991] [SEVERE ] removing player 4 token from slot 9
[13:54:39.991] [SEVERE ] player 4 placing token on slot 3
[13:54:39.991] [SEVERE ] player 4 placing token on slot 5
[13:54:39.992] [SEVERE ] player 4 placing token on slot 8
[13:54:40.988] [SEVERE ] setting player 3 freeze to 0
[13:54:40.988] [SEVERE ] updating countdown to 6983
[13:54:40.988] [SEVERE ] setting player 3 freeze to 0
[13:54:40.989] [SEVERE ] setting player 3 freeze to 0
[13:54:40.990] [SEVERE ] setting player 3 freeze to 0
[13:54:40.990] [SEVERE ] removing player 3 token from slot 9
[13:54:40.991] [SEVERE ] player 3 placing token on slot 8
[13:54:41.989] [SEVERE ] updating countdown to 5982
[13:54:41.989] [SEVERE ] setting player 1 freeze to 0
[13:54:41.990] [SEVERE ] setting player 1 freeze to 0
[13:54:41.990] [SEVERE ] setting player 1 freeze to 0
[13:54:41.991] [SEVERE ] setting player 1 freeze to 0
[13:54:41.991] [SEVERE ] removing player 1 token from slot 0
[13:54:41.992] [SEVERE ] player 1 placing token on slot 3
[13:54:42.989] [SEVERE ] setting player 2 freeze to 0
[13:54:42.990] [SEVERE ] setting player 2 freeze to 0
[13:54:42.990] [SEVERE ] setting player 2 freeze to 0
[13:54:42.991] [SEVERE ] setting player 2 freeze to 0
[13:54:42.991] [SEVERE ] removing player 2 token from slot 8
[13:54:42.992] [SEVERE ] player 2 placing token on slot 8
[13:54:43.001] [SEVERE ] setting player 4 freeze to 0
[13:54:43.002] [SEVERE ] setting player 4 freeze to 0
[13:54:43.002] [SEVERE ] setting player 4 freeze to 0
[13:54:43.002] [SEVERE ] setting player 4 freeze to 0
[13:54:43.003] [SEVERE ] removing player 4 token from slot 3
[13:54:43.003] [SEVERE ] removing player 4 token from slot 8
[13:54:43.004] [SEVERE ] player 4 placing token on slot 6
[13:54:43.004] [SEVERE ] player 4 placing token on slot 2
[13:54:43.012] [SEVERE ] setting player 3 freeze to 0
[13:54:43.012] [SEVERE ] setting player 3 freeze to 0
[13:54:43.012] [SEVERE ] setting player 3 freeze to 0
[13:54:43.013] [SEVERE ] setting player 3 freeze to 0
[13:54:43.013] [SEVERE ] removing player 3 token from slot 10
[13:54:43.014] [SEVERE ] player 3 placing token on slot 2
[13:54:43.022] [SEVERE ] setting player 1 freeze to 0
[13:54:43.022] [SEVERE ] setting player 1 freeze to 0
[13:54:43.023] [SEVERE ] setting player 1 freeze to 0
[13:54:43.023] [SEVERE ] setting player 1 freeze to 0
[13:54:43.023] [SEVERE ] removing player 1 token from slot 5
[13:54:43.024] [SEVERE ] player 1 placing token on slot 11
[13:54:43.032] [SEVERE ] setting player 2 freeze to 0
[13:54:43.032] [SEVERE ] setting player 2 freeze to 0
[13:54:43.033] [SEVERE ] setting player 2 freeze to 0
[13:54:43.033] [SEVERE ] setting player 2 freeze to 0
[13:54:43.034] [SEVERE ] removing player 2 token from slot 2
[13:54:43.034] [SEVERE ] player 2 placing token on slot 10
[13:54:43.042] [SEVERE ] setting player 4 freeze to 0
[13:54:43.042] [SEVERE ] setting player 4 freeze to 0
[13:54:43.043] [SEVERE ] setting player 4 freeze to 0
[13:54:43.043] [SEVERE ] setting player 4 freeze to 0
[13:54:43.044] [SEVERE ] removing player 4 token from slot 5
[13:54:43.044] [SEVERE ] removing player 4 token from slot 6
[13:54:43.045] [SEVERE ] player 4 placing token on slot 8
[13:54:43.045] [SEVERE ] player 4 placing token on slot 10
[13:54:43.053] [SEVERE ] setting player 3 freeze to 0
[13:54:43.053] [SEVERE ] setting player 3 freeze to 0
[13:54:43.053] [SEVERE ] setting player 3 freeze to 0
[13:54:43.054] [SEVERE ] setting player 3 freeze to 0
[13:54:43.054] [SEVERE ] removing player 3 token from slot 11
[13:54:43.055] [SEVERE ] player 3 placing token on slot 11
[13:54:43.063] [SEVERE ] setting player 1 freeze to 0
[13:54:43.063] [SEVERE ] setting player 1 freeze to 0
[13:54:43.063] [SEVERE ] setting player 1 freeze to 0
[13:54:43.064] [SEVERE ] setting player 1 freeze to 0
[13:54:43.064] [SEVERE ] removing player 1 token from slot 10
[13:54:43.065] [SEVERE ] player 1 placing token on slot 9
[13:54:43.073] [SEVERE ] setting player 2 freeze to 0
[13:54:43.073] [SEVERE ] setting player 2 freeze to 0
[13:54:43.074] [SEVERE ] setting player 2 freeze to 0
[13:54:43.075] [SEVERE ] setting player 2 freeze to 0
[13:54:43.075] [SEVERE ] removing player 2 token from slot 11
[13:54:43.076] [SEVERE ] player 2 placing token on slot 3
[13:54:43.083] [SEVERE ] setting player 4 freeze to 0
[13:54:43.084] [SEVERE ] setting player 4 freeze to 0
[13:54:43.084] [SEVERE ] setting player 4 freeze to 0
[13:54:43.084] [SEVERE ] setting player 4 freeze to 0
[13:54:43.085] [SEVERE ] removing player 4 token from slot 8
[13:54:43.085] [SEVERE ] player 4 placing token on slot 3
[13:54:43.094] [SEVERE ] setting player 3 freeze to 0
[13:54:43.094] [SEVERE ] setting player 3 freeze to 0
[13:54:43.094] [SEVERE ] setting player 3 freeze to 0
[13:54:43.095] [SEVERE ] setting player 3 freeze to 0
[13:54:43.095] [SEVERE ] removing player 3 token from slot 8
[13:54:43.096] [SEVERE ] player 3 placing token on slot 6
[13:54:43.104] [SEVERE ] setting player 1 freeze to 0
[13:54:43.104] [SEVERE ] setting player 1 freeze to 0
[13:54:43.104] [SEVERE ] setting player 1 freeze to 0
[13:54:43.105] [SEVERE ] setting player 1 freeze to 0
[13:54:43.105] [SEVERE ] removing player 1 token from slot 11
[13:54:43.106] [SEVERE ] player 1 placing token on slot 11
[13:54:43.114] [SEVERE ] setting player 2 freeze to 0
[13:54:43.114] [SEVERE ] setting player 2 freeze to 0
[13:54:43.114] [SEVERE ] setting player 2 freeze to 0
[13:54:43.115] [SEVERE ] setting player 2 freeze to 0
[13:54:43.115] [SEVERE ] removing player 2 token from slot 3
[13:54:43.116] [SEVERE ] player 2 placing token on slot 1
[13:54:43.124] [SEVERE ] setting player 4 freeze to 0
[13:54:43.124] [SEVERE ] setting player 4 freeze to 0
[13:54:43.125] [SEVERE ] setting player 4 freeze to 0
[13:54:43.125] [SEVERE ] setting player 4 freeze to 0
[13:54:43.126] [SEVERE ] removing player 4 token from slot 2
[13:54:43.126] [SEVERE ] player 4 placing token on slot 9
[13:54:43.134] [SEVERE ] setting player 3 freeze to 0
[13:54:43.134] [SEVERE ] setting player 3 freeze to 0
[13:54:43.135] [SEVERE ] setting player 3 freeze to 0
[13:54:43.135] [SEVERE ] setting player 3 freeze to 0
[13:54:43.136] [SEVERE ] removing player 3 token from slot 6
[13:54:43.136] [SEVERE ] player 3 placing token on slot 6
[13:54:43.145] [SEVERE ] setting player 1 freeze to 0
[13:54:43.145] [SEVERE ] setting player 1 freeze to 0
[13:54:43.145] [SEVERE ] setting player 1 freeze to 0
[13:54:43.145] [SEVERE ] setting player 1 freeze to 0
[13:54:43.146] [SEVERE ] removing player 1 token from slot 9
[13:54:43.146] [SEVERE ] player 1 placing token on slot 5
[13:54:43.155] [SEVERE ] setting player 2 freeze to 0
[13:54:43.155] [SEVERE ] setting player 2 freeze to 0
[13:54:43.155] [SEVERE ] setting player 2 freeze to 0
[13:54:43.156] [SEVERE ] setting player 2 freeze to 0
[13:54:43.156] [SEVERE ] removing player 2 token from slot 8
[13:54:43.157] [SEVERE ] player 2 placing token on slot 5
[13:54:43.165] [SEVERE ] setting player 4 freeze to 0
[13:54:43.165] [SEVERE ] setting player 4 freeze to 0
[13:54:43.166] [SEVERE ] setting player 4 freeze to 0
[13:54:43.166] [SEVERE ] setting player 4 freeze to 0
[13:54:43.167] [SEVERE ] removing player 4 token from slot 3
[13:54:43.167] [SEVERE ] player 4 placing token on slot 6
[13:54:43.175] [SEVERE ] setting player 3 freeze to 0
[13:54:43.175] [SEVERE ] setting player 3 freeze to 0
[13:54:43.176] [SEVERE ] setting player 3 freeze to 0
[13:54:43.176] [SEVERE ] setting player 3 freeze to 0
[13:54:43.177] [SEVERE ] removing player 3 token from slot 11
[13:54:43.177] [SEVERE ] removing player 3 token from slot 6
[13:54:43.178] [SEVERE ] player 3 placing token on slot 11
[13:54:43.178] [SEVERE ] player 3 placing token on slot 4
[13:54:43.185] [SEVERE ] setting player 1 freeze to 0
[13:54:43.186] [SEVERE ] setting player 1 freeze to 0
[13:54:43.186] [SEVERE ] setting player 1 freeze to 0
[13:54:43.187] [SEVERE ] setting player 1 freeze to 0
[13:54:43.187] [SEVERE ] removing player 1 token from slot 5
[13:54:43.187] [SEVERE ] player 1 placing token on slot 1
[13:54:43.196] [SEVERE ] setting player 2 freeze to 0
[13:54:43.196] [SEVERE ] setting player 2 freeze to 0
[13:54:43.196] [SEVERE ] setting player 2 freeze to 0
[13:54:43.197] [SEVERE ] setting player 2 freeze to 0
[13:54:43.197] [SEVERE ] removing player 2 token from slot 1
[13:54:43.198] [SEVERE ] player 2 placing token on slot 2
[13:54:43.206] [SEVERE ] setting player 4 freeze to 0
[13:54:43.206] [SEVERE ] setting player 4 freeze to 0
[13:54:43.207] [SEVERE ] setting player 4 freeze to 0
[13:54:43.207] [SEVERE ] setting player 4 freeze to 0
[13:54:43.208] [SEVERE ] removing player 4 token from slot 6
[13:54:43.208] [SEVERE ] player 4 placing token on slot 1
[13:54:43.216] [SEVERE ] setting player 3 freeze to 0
[13:54:43.216] [SEVERE ] setting player 3 freeze to 0
[13:54:43.217] [SEVERE ] setting player 3 freeze to 0
[13:54:43.217] [SEVERE ] setting player 3 freeze to 0
[13:54:43.218] [SEVERE ] removing player 3 token from slot 4
[13:54:43.218] [SEVERE ] player 3 placing token on slot 1
[13:54:43.226] [SEVERE ] setting player 1 freeze to 0
[13:54:43.227] [SEVERE ] setting player 1 freeze to 0
[13:54:43.227] [SEVERE ] setting player 1 freeze to 0
[13:54:43.227] [SEVERE ] setting player 1 freeze to 0
[13:54:43.228] [SEVERE ] removing player 1 token from slot 11
[13:54:43.229] [SEVERE ] player 1 placing token on slot 7
[13:54:43.237] [SEVERE ] setting player 2 freeze to 0
[13:54:43.237] [SEVERE ] setting player 2 freeze to 0
[13:54:43.237] [SEVERE ] setting player 2 freeze to 0
[13:54:43.238] [SEVERE ] setting player 2 freeze to 0
[13:54:43.238] [SEVERE ] removing player 2 token from slot 10
[13:54:43.238] [SEVERE ] removing player 2 token from slot 2
[13:54:43.239] [SEVERE ] player 2 placing token on slot 3
[13:54:43.239] [SEVERE ] player 2 placing token on slot 8
[13:54:43.247] [SEVERE ] setting player 4 freeze to 0
[13:54:43.247] [SEVERE ] setting player 4 freeze to 0
[13:54:43.247] [SEVERE ] setting player 4 freeze to 0
[13:54:43.248] [SEVERE ] setting player 4 freeze to 0
[13:54:43.248] [SEVERE ] removing player 4 token from slot 1
[13:54:43.249] [SEVERE ] removing player 4 token from slot 9
[13:54:43.249] [SEVERE ] player 4 placing token on slot 11
[13:54:43.250] [SEVERE ] player 4 placing token on slot 7
[13:54:43.257] [SEVERE ] setting player 3 freeze to 0
[13:54:43.257] [SEVERE ] setting player 3 freeze to 0
[13:54:43.258] [SEVERE ] setting player 3 freeze to 0
[13:54:43.258] [SEVERE ] setting player 3 freeze to 0
[13:54:43.258] [SEVERE ] removing player 3 token from slot 2
[13:54:43.259] [SEVERE ] player 3 placing token on slot 6
[13:54:43.267] [SEVERE ] setting player 1 freeze to 0
[13:54:43.267] [SEVERE ] setting player 1 freeze to 0
[13:54:43.268] [SEVERE ] setting player 1 freeze to 0
[13:54:43.268] [SEVERE ] setting player 1 freeze to 0
[13:54:43.269] [SEVERE ] removing player 1 token from slot 3
[13:54:43.269] [SEVERE ] player 1 placing token on slot 9
[13:54:43.277] [SEVERE ] setting player 2 freeze to 0
[13:54:43.278] [SEVERE ] setting player 2 freeze to 0
[13:54:43.278] [SEVERE ] setting player 2 freeze to 0
[13:54:43.278] [SEVERE ] setting player 2 freeze to 0
[13:54:43.279] [SEVERE ] removing player 2 token from slot 8
[13:54:43.279] [SEVERE ] player 2 placing token on slot 10
[13:54:43.288] [SEVERE ] setting player 4 freeze to 0
[13:54:43.288] [SEVERE ] setting player 4 freeze to 0
[13:54:43.288] [SEVERE ] setting player 4 freeze to 0
[13:54:43.289] [SEVERE ] setting player 4 freeze to 0
[13:54:43.289] [SEVERE ] removing player 4 token from slot 10
[13:54:43.290] [SEVERE ] player 4 placing token on slot 1
[13:54:43.298] [SEVERE ] setting player 3 freeze to 0
[13:54:43.298] [SEVERE ] setting player 3 freeze to 0
[13:54:43.298] [SEVERE ] setting player 3 freeze to 0
[13:54:43.299] [SEVERE ] setting player 3 freeze to 0
[13:54:43.299] [SEVERE ] removing player 3 token from slot 1
[13:54:43.300] [SEVERE ] player 3 placing token on slot 3
[13:54:43.308] [SEVERE ] setting player 1 freeze to 0
[13:54:43.308] [SEVERE ] setting player 1 freeze to 0
[13:54:43.309] [SEVERE ] setting player 1 freeze to 0
[13:54:43.309] [SEVERE ] setting player 1 freeze to 0
[13:54:43.310] [SEVERE ] removing player 1 token from slot 9
[13:54:43.310] [SEVERE ] player 1 placing token on slot 11
[13:54:43.318] [SEVERE ] setting player 2 freeze to 0
[13:54:43.318] [SEVERE ] setting player 2 freeze to 0
[13:54:43.319] [SEVERE ] setting player 2 freeze to 0
[13:54:43.320] [SEVERE ] setting player 2 freeze to 0
[13:54:43.320] [SEVERE ] removing player 2 token from slot 10
[13:54:43.321] [SEVERE ] player 2 placing token on slot 11
[13:54:43.329] [SEVERE ] setting player 4 freeze to 0
[13:54:43.329] [SEVERE ] setting player 4 freeze to 0
[13:54:43.329] [SEVERE ] setting player 4 freeze to 0
[13:54:43.330] [SEVERE ] setting player 4 freeze to 0
[13:54:43.330] [SEVERE ] removing player 4 token from slot 7
[13:54:43.331] [SEVERE ] removing player 4 token from slot 1
[13:54:43.331] [SEVERE ] player 4 placing token on slot 1
[13:54:43.332] [SEVERE ] player 4 placing token on slot 3
[13:54:43.339] [SEVERE ] setting player 3 freeze to 0
[13:54:43.339] [SEVERE ] setting player 3 freeze to 0
[13:54:43.339] [SEVERE ] setting player 3 freeze to 0
[13:54:43.340] [SEVERE ] setting player 3 freeze to 0
[13:54:43.340] [SEVERE ] removing player 3 token from slot 3
[13:54:43.341] [SEVERE ] player 3 placing token on slot 2
[13:54:43.349] [SEVERE ] setting player 1 freeze to 0
[13:54:43.349] [SEVERE ] setting player 1 freeze to 0
[13:54:43.350] [SEVERE ] setting player 1 freeze to 0
[13:54:43.350] [SEVERE ] setting player 1 freeze to 0
[13:54:43.351] [SEVERE ] removing player 1 token from slot 1
[13:54:43.351] [SEVERE ] player 1 placing token on slot 8
[13:54:43.359] [SEVERE ] setting player 2 freeze to 0
[13:54:43.359] [SEVERE ] setting player 2 freeze to 0
[13:54:43.362] [SEVERE ] setting player 2 freeze to 0
[13:54:43.362] [SEVERE ] setting player 2 freeze to 0
[13:54:43.362] [SEVERE ] removing player 2 token from slot 5
[13:54:43.363] [SEVERE ] player 2 placing token on slot 7
[13:54:43.369] [SEVERE ] setting player 4 freeze to 0
[13:54:43.370] [SEVERE ] setting player 4 freeze to 0
[13:54:43.370] [SEVERE ] setting player 4 freeze to 0
[13:54:43.370] [SEVERE ] setting player 4 freeze to 0
[13:54:43.371] [SEVERE ] removing player 4 token from slot 1
[13:54:43.371] [SEVERE ] player 4 placing token on slot 4
[13:54:43.380] [SEVERE ] setting player 3 freeze to 0
[13:54:43.380] [SEVERE ] setting player 3 freeze to 0
[13:54:43.380] [SEVERE ] setting player 3 freeze to 0
[13:54:43.381] [SEVERE ] setting player 3 freeze to 0
[13:54:43.381] [SEVERE ] removing player 3 token from slot 2
[13:54:43.382] [SEVERE ] player 3 placing token on slot 3
[13:54:43.390] [SEVERE ] setting player 1 freeze to 0
[13:54:43.390] [SEVERE ] setting player 1 freeze to 0
[13:54:43.391] [SEVERE ] setting player 1 freeze to 0
[13:54:43.391] [SEVERE ] setting player 1 freeze to 0
[13:54:43.392] [SEVERE ] removing player 1 token from slot 7
[13:54:43.392] [SEVERE ] player 1 placing token on slot 1
[13:54:43.400] [SEVERE ] setting player 2 freeze to 0
[13:54:43.400] [SEVERE ] setting player 2 freeze to 0
[13:54:43.401] [SEVERE ] setting player 2 freeze to 0
[13:54:43.401] [SEVERE ] setting player 2 freeze to 0
[13:54:43.402] [SEVERE ] removing player 2 token from slot 7
[13:54:43.402] [SEVERE ] player 2 placing token on slot 7
[13:54:43.410] [SEVERE ] setting player 4 freeze to 0
[13:54:43.410] [SEVERE ] setting player 4 freeze to 0
[13:54:43.411] [SEVERE ] setting player 4 freeze to 0
[13:54:43.411] [SEVERE ] setting player 4 freeze to 0
[13:54:43.412] [SEVERE ] removing player 4 token from slot 4
[13:54:43.412] [SEVERE ] removing player 4 token from slot 3
[13:54:43.413] [SEVERE ] player 4 placing token on slot 4
[13:54:43.413] [SEVERE ] player 4 placing token on slot 3
[13:54:43.421] [SEVERE ] setting player 3 freeze to 0
[13:54:43.421] [SEVERE ] setting player 3 freeze to 0
[13:54:43.421] [SEVERE ] setting player 3 freeze to 0
[13:54:43.422] [SEVERE ] setting player 3 freeze to 0
[13:54:43.422] [SEVERE ] removing player 3 token from slot 11
[13:54:43.423] [SEVERE ] removing player 3 token from slot 6
[13:54:43.423] [SEVERE ] player 3 placing token on slot 7
[13:54:43.423] [SEVERE ] removing player 3 token from slot 3
[13:54:43.424] [SEVERE ] removing player 3 token from slot 7
[13:54:43.424] [SEVERE ] player 3 placing token on slot 11
[13:54:43.425] [SEVERE ] player 3 placing token on slot 6
[13:54:43.425] [SEVERE ] player 3 placing token on slot 1
[13:54:43.431] [SEVERE ] setting player 1 freeze to 0
[13:54:43.431] [SEVERE ] setting player 1 freeze to 0
[13:54:43.431] [SEVERE ] setting player 1 freeze to 0
[13:54:43.432] [SEVERE ] setting player 1 freeze to 0
[13:54:43.432] [SEVERE ] removing player 1 token from slot 11
[13:54:43.433] [SEVERE ] removing player 1 token from slot 8
[13:54:43.433] [SEVERE ] player 1 placing token on slot 0
[13:54:43.434] [SEVERE ] player 1 placing token on slot 6
[13:54:43.441] [SEVERE ] setting player 2 freeze to 0
[13:54:43.441] [SEVERE ] setting player 2 freeze to 0
[13:54:43.442] [SEVERE ] setting player 2 freeze to 0
[13:54:43.442] [SEVERE ] setting player 2 freeze to 0
[13:54:43.442] [SEVERE ] removing player 2 token from slot 3
[13:54:43.443] [SEVERE ] player 2 placing token on slot 4
[13:54:43.451] [SEVERE ] setting player 4 freeze to 0
[13:54:43.451] [SEVERE ] setting player 4 freeze to 0
[13:54:43.452] [SEVERE ] setting player 4 freeze to 0
[13:54:43.452] [SEVERE ] setting player 4 freeze to 0
[13:54:43.453] [SEVERE ] removing player 4 token from slot 11
[13:54:43.453] [SEVERE ] player 4 placing token on slot 11
[13:54:43.461] [SEVERE ] setting player 3 freeze to 0
[13:54:43.461] [SEVERE ] setting player 3 freeze to 0
[13:54:43.657] [SEVERE ] setting player 3 freeze to 0
[13:54:43.658] [SEVERE ] setting player 3 freeze to 0
[13:54:43.492] [SEVERE ] setting player 4 freeze to 0
[13:54:43.482] [SEVERE ] setting player 2 freeze to 0
[13:54:43.472] [SEVERE ] setting player 1 freeze to 0
[13:54:43.659] [SEVERE ] setting player 2 freeze to 0
[13:54:43.660] [SEVERE ] setting player 2 freeze to 0
[13:54:43.658] [SEVERE ] setting player 4 freeze to 0
[13:54:43.658] [SEVERE ] removing player 3 token from slot 11
[13:54:43.661] [SEVERE ] setting player 4 freeze to 0
[13:54:43.660] [SEVERE ] setting player 2 freeze to 0
[13:54:43.659] [SEVERE ] setting player 1 freeze to 0
[13:54:43.661] [SEVERE ] setting player 4 freeze to 0
[13:54:43.661] [SEVERE ] player 3 placing token on slot 8
[13:54:43.662] [SEVERE ] setting player 1 freeze to 0
[13:54:43.663] [SEVERE ] removing player 2 token from slot 4
[13:54:43.663] [SEVERE ] setting player 1 freeze to 0
[13:54:43.664] [SEVERE ] player 2 placing token on slot 0
[13:54:43.665] [SEVERE ] removing player 1 token from slot 6
[13:54:43.665] [SEVERE ] player 1 placing token on slot 11
[13:54:43.673] [SEVERE ] setting player 3 freeze to 0
[13:54:43.673] [SEVERE ] setting player 3 freeze to 0
[13:54:43.673] [SEVERE ] setting player 3 freeze to 0
[13:54:43.674] [SEVERE ] setting player 3 freeze to 0
[13:54:43.674] [SEVERE ] removing player 3 token from slot 6
[13:54:43.675] [SEVERE ] player 3 placing token on slot 11
[13:54:43.683] [SEVERE ] setting player 2 freeze to 0
[13:54:43.683] [SEVERE ] setting player 2 freeze to 0
[13:54:43.684] [SEVERE ] setting player 2 freeze to 0
[13:54:43.684] [SEVERE ] setting player 2 freeze to 0
[13:54:43.685] [SEVERE ] removing player 2 token from slot 0
[13:54:43.685] [SEVERE ] player 2 placing token on slot 0
[13:54:43.693] [SEVERE ] setting player 1 freeze to 0
[13:54:43.693] [SEVERE ] setting player 1 freeze to 0
[13:54:43.694] [SEVERE ] setting player 1 freeze to 0
[13:54:43.694] [SEVERE ] setting player 1 freeze to 0
[13:54:43.695] [SEVERE ] removing player 1 token from slot 1
[13:54:43.695] [SEVERE ] player 1 placing token on slot 1
[13:54:43.704] [SEVERE ] setting player 3 freeze to 0
[13:54:43.704] [SEVERE ] setting player 3 freeze to 0
[13:54:43.704] [SEVERE ] setting player 3 freeze to 0
[13:54:43.705] [SEVERE ] setting player 3 freeze to 0
[13:54:43.705] [SEVERE ] removing player 3 token from slot 1
[13:54:43.706] [SEVERE ] player 3 placing token on slot 4
[13:54:43.714] [SEVERE ] setting player 2 freeze to 0
[13:54:43.722] [SEVERE ] setting player 2 freeze to 0
[13:54:43.723] [SEVERE ] setting player 2 freeze to 0
[13:54:43.724] [SEVERE ] setting player 2 freeze to 0
[13:54:43.724] [SEVERE ] removing player 2 token from slot 11
[13:54:43.724] [SEVERE ] setting player 1 freeze to 0
[13:54:43.724] [SEVERE ] player 2 placing token on slot 1
[13:54:43.725] [SEVERE ] setting player 1 freeze to 0
[13:54:43.726] [SEVERE ] setting player 1 freeze to 0
[13:54:43.726] [SEVERE ] setting player 1 freeze to 0
[13:54:43.727] [SEVERE ] removing player 1 token from slot 0
[13:54:43.727] [SEVERE ] player 1 placing token on slot 4
[13:54:43.734] [SEVERE ] setting player 3 freeze to 0
[13:54:43.734] [SEVERE ] setting player 3 freeze to 0
[13:54:43.735] [SEVERE ] setting player 3 freeze to 0
[13:54:43.735] [SEVERE ] setting player 3 freeze to 0
[13:54:43.736] [SEVERE ] removing player 3 token from slot 11
[13:54:43.736] [SEVERE ] player 3 placing token on slot 3
[13:54:43.745] [SEVERE ] setting player 2 freeze to 0
[13:54:43.745] [SEVERE ] setting player 2 freeze to 0
[13:54:43.745] [SEVERE ] setting player 2 freeze to 0
[13:54:43.746] [SEVERE ] setting player 2 freeze to 0
[13:54:43.746] [SEVERE ] removing player 2 token from slot 7
[13:54:43.746] [SEVERE ] player 2 placing token on slot 7
[13:54:43.755] [SEVERE ] setting player 1 freeze to 0
[13:54:43.755] [SEVERE ] setting player 1 freeze to 0
[13:54:43.755] [SEVERE ] setting player 1 freeze to 0
[13:54:43.756] [SEVERE ] setting player 1 freeze to 0
[13:54:43.756] [SEVERE ] removing player 1 token from slot 4
[13:54:43.756] [SEVERE ] player 1 placing token on slot 9
[13:54:43.765] [SEVERE ] setting player 3 freeze to 0
[13:54:43.765] [SEVERE ] setting player 3 freeze to 0
[13:54:43.765] [SEVERE ] setting player 3 freeze to 0
[13:54:43.766] [SEVERE ] setting player 3 freeze to 0
[13:54:43.766] [SEVERE ] removing player 3 token from slot 8
[13:54:43.767] [SEVERE ] player 3 placing token on slot 6
[13:54:43.775] [SEVERE ] setting player 2 freeze to 0
[13:54:43.775] [SEVERE ] setting player 2 freeze to 0
[13:54:43.776] [SEVERE ] setting player 2 freeze to 0
[13:54:43.776] [SEVERE ] setting player 2 freeze to 0
[13:54:43.777] [SEVERE ] removing player 2 token from slot 0
[13:54:43.777] [SEVERE ] removing player 2 token from slot 1
[13:54:43.777] [SEVERE ] player 2 placing token on slot 2
[13:54:43.778] [SEVERE ] player 2 placing token on slot 5
[13:54:43.785] [SEVERE ] setting player 1 freeze to 0
[13:54:43.786] [SEVERE ] setting player 1 freeze to 0
[13:54:43.786] [SEVERE ] setting player 1 freeze to 0
[13:54:43.787] [SEVERE ] setting player 1 freeze to 0
[13:54:43.787] [SEVERE ] removing player 1 token from slot 11
[13:54:43.787] [SEVERE ] player 1 placing token on slot 0
[13:54:43.796] [SEVERE ] setting player 3 freeze to 0
[13:54:43.796] [SEVERE ] setting player 3 freeze to 0
[13:54:43.796] [SEVERE ] setting player 3 freeze to 0
[13:54:43.797] [SEVERE ] setting player 3 freeze to 0
[13:54:43.797] [SEVERE ] removing player 3 token from slot 6
[13:54:43.798] [SEVERE ] player 3 placing token on slot 11
[13:54:43.806] [SEVERE ] setting player 2 freeze to 0
[13:54:43.806] [SEVERE ] setting player 2 freeze to 0
[13:54:43.806] [SEVERE ] setting player 2 freeze to 0
[13:54:43.807] [SEVERE ] setting player 2 freeze to 0
[13:54:43.807] [SEVERE ] removing player 2 token from slot 7
[13:54:43.808] [SEVERE ] player 2 placing token on slot 7
[13:54:43.816] [SEVERE ] setting player 1 freeze to 0
[13:54:43.826] [SEVERE ] setting player 3 freeze to 0
[13:54:43.826] [SEVERE ] setting player 1 freeze to 0
[13:54:43.827] [SEVERE ] setting player 3 freeze to 0
[13:54:43.827] [SEVERE ] setting player 1 freeze to 0
[13:54:43.828] [SEVERE ] setting player 3 freeze to 0
[13:54:43.828] [SEVERE ] setting player 1 freeze to 0
[13:54:43.828] [SEVERE ] setting player 3 freeze to 0
[13:54:43.829] [SEVERE ] removing player 1 token from slot 9
[13:54:43.830] [SEVERE ] removing player 3 token from slot 3
[13:54:43.830] [SEVERE ] removing player 1 token from slot 0
[13:54:43.831] [SEVERE ] player 3 placing token on slot 6
[13:54:43.831] [SEVERE ] player 1 placing token on slot 6
[13:54:43.831] [SEVERE ] removing player 1 token from slot 1
[13:54:43.832] [SEVERE ] player 1 placing token on slot 2
[13:54:43.832] [SEVERE ] player 1 placing token on slot 8
[13:54:43.836] [SEVERE ] setting player 2 freeze to 0
[13:54:43.836] [SEVERE ] setting player 2 freeze to 0
[13:54:43.837] [SEVERE ] setting player 2 freeze to 0
[13:54:43.837] [SEVERE ] setting player 2 freeze to 0
[13:54:43.838] [SEVERE ] removing player 2 token from slot 2
[13:54:43.838] [SEVERE ] player 2 placing token on slot 0
[13:54:43.847] [SEVERE ] setting player 3 freeze to 0
[13:54:43.847] [SEVERE ] setting player 3 freeze to 0
[13:54:43.847] [SEVERE ] setting player 3 freeze to 0
[13:54:43.848] [SEVERE ] setting player 3 freeze to 0
[13:54:43.848] [SEVERE ] removing player 3 token from slot 11
[13:54:43.849] [SEVERE ] player 3 placing token on slot 1
[13:54:43.857] [SEVERE ] setting player 1 freeze to 0
[13:54:43.857] [SEVERE ] setting player 1 freeze to 0
[13:54:43.857] [SEVERE ] setting player 1 freeze to 0
[13:54:43.858] [SEVERE ] setting player 1 freeze to 0
[13:54:43.858] [SEVERE ] removing player 1 token from slot 6
[13:54:43.859] [SEVERE ] player 1 placing token on slot 5
[13:54:43.867] [SEVERE ] setting player 2 freeze to 0
[13:54:43.867] [SEVERE ] setting player 2 freeze to 0
[13:54:43.868] [SEVERE ] setting player 2 freeze to 0
[13:54:43.868] [SEVERE ] setting player 2 freeze to 0
[13:54:43.868] [SEVERE ] removing player 2 token from slot 5
[13:54:43.869] [SEVERE ] removing player 2 token from slot 7
[13:54:43.869] [SEVERE ] player 2 placing token on slot 2
[13:54:43.870] [SEVERE ] player 2 placing token on slot 9
[13:54:43.877] [SEVERE ] setting player 3 freeze to 0
[13:54:43.877] [SEVERE ] setting player 3 freeze to 0
[13:54:43.878] [SEVERE ] setting player 3 freeze to 0
[13:54:43.878] [SEVERE ] setting player 3 freeze to 0
[13:54:43.879] [SEVERE ] removing player 3 token from slot 1
[13:54:43.879] [SEVERE ] player 3 placing token on slot 2
[13:54:43.887] [SEVERE ] setting player 1 freeze to 0
[13:54:43.888] [SEVERE ] setting player 1 freeze to 0
[13:54:43.888] [SEVERE ] setting player 1 freeze to 0
[13:54:43.888] [SEVERE ] setting player 1 freeze to 0
[13:54:43.889] [SEVERE ] removing player 1 token from slot 8
[13:54:43.889] [SEVERE ] player 1 placing token on slot 11
[13:54:43.898] [SEVERE ] setting player 2 freeze to 0
[13:54:43.898] [SEVERE ] setting player 2 freeze to 0
[13:54:43.898] [SEVERE ] setting player 2 freeze to 0
[13:54:43.899] [SEVERE ] setting player 2 freeze to 0
[13:54:43.899] [SEVERE ] removing player 2 token from slot 2
[13:54:43.899] [SEVERE ] player 2 placing token on slot 8
[13:54:43.908] [SEVERE ] setting player 3 freeze to 0
[13:54:43.908] [SEVERE ] setting player 3 freeze to 0
[13:54:43.909] [SEVERE ] setting player 3 freeze to 0
[13:54:43.909] [SEVERE ] setting player 3 freeze to 0
[13:54:43.910] [SEVERE ] removing player 3 token from slot 4
[13:54:43.910] [SEVERE ] player 3 placing token on slot 4
[13:54:43.918] [SEVERE ] setting player 1 freeze to 0
[13:54:43.918] [SEVERE ] setting player 1 freeze to 0
[13:54:43.919] [SEVERE ] setting player 1 freeze to 0
[13:54:43.919] [SEVERE ] setting player 1 freeze to 0
[13:54:43.920] [SEVERE ] removing player 1 token from slot 11
[13:54:43.920] [SEVERE ] removing player 1 token from slot 5
[13:54:43.921] [SEVERE ] player 1 placing token on slot 11
[13:54:43.921] [SEVERE ] player 1 placing token on slot 0
[13:54:43.929] [SEVERE ] setting player 2 freeze to 0
[13:54:43.929] [SEVERE ] setting player 2 freeze to 0
[13:54:43.929] [SEVERE ] setting player 2 freeze to 0
[13:54:43.929] [SEVERE ] setting player 2 freeze to 0
[13:54:43.930] [SEVERE ] removing player 2 token from slot 8
[13:54:43.930] [SEVERE ] player 2 placing token on slot 11
[13:54:43.939] [SEVERE ] setting player 3 freeze to 0
[13:54:43.939] [SEVERE ] setting player 3 freeze to 0
[13:54:43.939] [SEVERE ] setting player 3 freeze to 0
[13:54:43.939] [SEVERE ] setting player 3 freeze to 0
[13:54:43.940] [SEVERE ] removing player 3 token from slot 6
[13:54:43.940] [SEVERE ] player 3 placing token on slot 0
[13:54:43.949] [SEVERE ] setting player 1 freeze to 0
[13:54:43.949] [SEVERE ] setting player 1 freeze to 0
[13:54:43.950] [SEVERE ] setting player 1 freeze to 0
[13:54:43.950] [SEVERE ] setting player 1 freeze to 0
[13:54:43.950] [SEVERE ] removing player 1 token from slot 0
[13:54:43.951] [SEVERE ] player 1 placing token on slot 7
[13:54:43.959] [SEVERE ] setting player 2 freeze to 0
[13:54:43.959] [SEVERE ] setting player 2 freeze to 0
[13:54:43.959] [SEVERE ] setting player 2 freeze to 0
[13:54:43.960] [SEVERE ] setting player 2 freeze to 0
[13:54:43.960] [SEVERE ] removing player 2 token from slot 0
[13:54:43.961] [SEVERE ] player 2 placing token on slot 8
[13:54:43.970] [SEVERE ] setting player 3 freeze to 0
[13:54:43.970] [SEVERE ] setting player 3 freeze to 0
[13:54:43.970] [SEVERE ] setting player 3 freeze to 0
[13:54:43.970] [SEVERE ] setting player 3 freeze to 0
[13:54:43.971] [SEVERE ] removing player 3 token from slot 2
[13:54:43.971] [SEVERE ] player 3 placing token on slot 2
[13:54:43.980] [SEVERE ] setting player 1 freeze to 0
[13:54:43.980] [SEVERE ] setting player 1 freeze to 0
[13:54:43.980] [SEVERE ] setting player 1 freeze to 0
[13:54:43.981] [SEVERE ] setting player 1 freeze to 0
[13:54:43.981] [SEVERE ] removing player 1 token from slot 11
[13:54:43.982] [SEVERE ] player 1 placing token on slot 10
[13:54:43.990] [SEVERE ] setting player 2 freeze to 0
[13:54:43.990] [SEVERE ] setting player 2 freeze to 0
[13:54:43.990] [SEVERE ] setting player 2 freeze to 0
[13:54:43.991] [SEVERE ] setting player 2 freeze to 0
[13:54:43.991] [SEVERE ] removing player 2 token from slot 9
[13:54:43.991] [SEVERE ] player 2 placing token on slot 1
[13:54:44.000] [SEVERE ] setting player 3 freeze to 0
[13:54:44.000] [SEVERE ] setting player 3 freeze to 0
[13:54:44.000] [SEVERE ] setting player 3 freeze to 0
[13:54:44.001] [SEVERE ] setting player 3 freeze to 0
[13:54:44.001] [SEVERE ] removing player 3 token from slot 0
[13:54:44.002] [SEVERE ] player 3 placing token on slot 3
[13:54:44.010] [SEVERE ] setting player 1 freeze to 0
[13:54:44.011] [SEVERE ] setting player 1 freeze to 0
[13:54:44.011] [SEVERE ] setting player 1 freeze to 0
[13:54:44.011] [SEVERE ] setting player 1 freeze to 0
[13:54:44.011] [SEVERE ] removing player 1 token from slot 2
[13:54:44.012] [SEVERE ] removing player 1 token from slot 7
[13:54:44.012] [SEVERE ] player 1 placing token on slot 8
[13:54:44.013] [SEVERE ] player 1 placing token on slot 1
[13:54:44.021] [SEVERE ] setting player 2 freeze to 0
[13:54:44.021] [SEVERE ] setting player 2 freeze to 0
[13:54:44.021] [SEVERE ] setting player 2 freeze to 0
[13:54:44.021] [SEVERE ] setting player 2 freeze to 0
[13:54:44.022] [SEVERE ] removing player 2 token from slot 8
[13:54:44.022] [SEVERE ] player 2 placing token on slot 8
[13:54:44.031] [SEVERE ] setting player 3 freeze to 0
[13:54:44.031] [SEVERE ] setting player 3 freeze to 0
[13:54:44.032] [SEVERE ] setting player 3 freeze to 0
[13:54:44.032] [SEVERE ] setting player 3 freeze to 0
[13:54:44.033] [SEVERE ] removing player 3 token from slot 3
[13:54:44.033] [SEVERE ] player 3 placing token on slot 7
[13:54:44.041] [SEVERE ] setting player 1 freeze to 0
[13:54:44.041] [SEVERE ] setting player 1 freeze to 0
[13:54:44.041] [SEVERE ] setting player 1 freeze to 0
[13:54:44.042] [SEVERE ] setting player 1 freeze to 0
[13:54:44.042] [SEVERE ] removing player 1 token from slot 8
[13:54:44.043] [SEVERE ] removing player 1 token from slot 1
[13:54:44.043] [SEVERE ] player 1 placing token on slot 4
[13:54:44.044] [SEVERE ] removing player 1 token from slot 4
[13:54:44.044] [SEVERE ] player 1 placing token on slot 9
[13:54:44.044] [SEVERE ] player 1 placing token on slot 2
[13:54:44.052] [SEVERE ] setting player 2 freeze to 0
[13:54:44.052] [SEVERE ] setting player 2 freeze to 0
[13:54:44.052] [SEVERE ] setting player 2 freeze to 0
[13:54:44.052] [SEVERE ] setting player 2 freeze to 0
[13:54:44.053] [SEVERE ] removing player 2 token from slot 1
[13:54:44.062] [SEVERE ] setting player 3 freeze to 0
[13:54:44.066] [SEVERE ] removing player 2 token from slot 11
[13:54:44.067] [SEVERE ] setting player 3 freeze to 0
[13:54:44.067] [SEVERE ] player 2 placing token on slot 6
[13:54:44.068] [SEVERE ] setting player 3 freeze to 0
[13:54:44.068] [SEVERE ] removing player 2 token from slot 8
[13:54:44.069] [SEVERE ] setting player 3 freeze to 0
[13:54:44.069] [SEVERE ] player 2 placing token on slot 8
[13:54:44.070] [SEVERE ] removing player 3 token from slot 4
[13:54:44.070] [SEVERE ] player 2 placing token on slot 3
[13:54:44.071] [SEVERE ] player 3 placing token on slot 1
[13:54:44.072] [SEVERE ] setting player 1 freeze to 0
[13:54:44.072] [SEVERE ] setting player 1 freeze to 0
[13:54:44.073] [SEVERE ] setting player 1 freeze to 0
[13:54:44.073] [SEVERE ] setting player 1 freeze to 0
[13:54:44.074] [SEVERE ] removing player 1 token from slot 9
[13:54:44.074] [SEVERE ] player 1 placing token on slot 11
[13:54:44.082] [SEVERE ] setting player 2 freeze to 0
[13:54:44.082] [SEVERE ] setting player 2 freeze to 0
[13:54:44.082] [SEVERE ] setting player 2 freeze to 0
[13:54:44.083] [SEVERE ] setting player 2 freeze to 0
[13:54:44.083] [SEVERE ] removing player 2 token from slot 6
[13:54:44.084] [SEVERE ] player 2 placing token on slot 0
[13:54:44.093] [SEVERE ] setting player 3 freeze to 0
[13:54:44.093] [SEVERE ] setting player 3 freeze to 0
[13:54:44.093] [SEVERE ] setting player 3 freeze to 0
[13:54:44.094] [SEVERE ] setting player 3 freeze to 0
[13:54:44.094] [SEVERE ] removing player 3 token from slot 1
[13:54:44.094] [SEVERE ] player 3 placing token on slot 11
[13:54:44.103] [SEVERE ] setting player 1 freeze to 0
[13:54:44.103] [SEVERE ] setting player 1 freeze to 0
[13:54:44.103] [SEVERE ] setting player 1 freeze to 0
[13:54:44.103] [SEVERE ] setting player 1 freeze to 0
[13:54:44.104] [SEVERE ] removing player 1 token from slot 11
[13:54:44.104] [SEVERE ] player 1 placing token on slot 5
[13:54:44.113] [SEVERE ] setting player 2 freeze to 0
[13:54:44.113] [SEVERE ] setting player 2 freeze to 0
[13:54:44.114] [SEVERE ] setting player 2 freeze to 0
[13:54:44.114] [SEVERE ] setting player 2 freeze to 0
[13:54:44.115] [SEVERE ] removing player 2 token from slot 3
[13:54:44.115] [SEVERE ] player 2 placing token on slot 3
[13:54:44.123] [SEVERE ] setting player 3 freeze to 0
[13:54:44.124] [SEVERE ] setting player 3 freeze to 0
[13:54:44.124] [SEVERE ] setting player 3 freeze to 0
[13:54:44.125] [SEVERE ] setting player 3 freeze to 0
[13:54:44.125] [SEVERE ] removing player 3 token from slot 7
[13:54:44.125] [SEVERE ] player 3 placing token on slot 8
[13:54:44.134] [SEVERE ] setting player 1 freeze to 0
[13:54:44.134] [SEVERE ] setting player 1 freeze to 0
[13:54:44.134] [SEVERE ] setting player 1 freeze to 0
[13:54:44.135] [SEVERE ] setting player 1 freeze to 0
[13:54:44.135] [SEVERE ] removing player 1 token from slot 5
[13:54:44.136] [SEVERE ] player 1 placing token on slot 7
[13:54:44.144] [SEVERE ] setting player 2 freeze to 0
[13:54:44.144] [SEVERE ] setting player 2 freeze to 0
[13:54:44.145] [SEVERE ] setting player 2 freeze to 0
[13:54:44.145] [SEVERE ] setting player 2 freeze to 0
[13:54:44.145] [SEVERE ] removing player 2 token from slot 3
[13:54:44.146] [SEVERE ] removing player 2 token from slot 0
[13:54:44.146] [SEVERE ] player 2 placing token on slot 5
[13:54:44.154] [SEVERE ] setting player 3 freeze to 0
[13:54:44.162] [SEVERE ] player 2 placing token on slot 9
[13:54:44.163] [SEVERE ] setting player 3 freeze to 0
[13:54:44.164] [SEVERE ] setting player 3 freeze to 0
[13:54:44.164] [SEVERE ] setting player 3 freeze to 0
[13:54:44.164] [SEVERE ] setting player 1 freeze to 0
[13:54:44.165] [SEVERE ] setting player 1 freeze to 0
[13:54:44.165] [SEVERE ] removing player 3 token from slot 8
[13:54:44.175] [SEVERE ] setting player 2 freeze to 0
[13:54:44.165] [SEVERE ] setting player 1 freeze to 0
[13:54:44.179] [SEVERE ] setting player 2 freeze to 0
[13:54:44.180] [SEVERE ] setting player 2 freeze to 0
[13:54:44.178] [SEVERE ] player 3 placing token on slot 4
[13:54:44.180] [SEVERE ] setting player 2 freeze to 0
[13:54:44.179] [SEVERE ] setting player 1 freeze to 0
[13:54:44.194] [SEVERE ] removing player 2 token from slot 9
[13:54:44.185] [SEVERE ] setting player 3 freeze to 0
[13:54:44.195] [SEVERE ] removing player 1 token from slot 2
[13:54:44.196] [SEVERE ] setting player 3 freeze to 0
[13:54:44.196] [SEVERE ] player 2 placing token on slot 4
[13:54:44.197] [SEVERE ] setting player 3 freeze to 0
[13:54:44.197] [SEVERE ] player 1 placing token on slot 2
[13:54:44.198] [SEVERE ] setting player 3 freeze to 0
[13:54:44.209] [SEVERE ] setting player 2 freeze to 0
[13:54:44.209] [SEVERE ] setting player 2 freeze to 0
[13:54:44.209] [SEVERE ] setting player 2 freeze to 0
[13:54:44.210] [SEVERE ] setting player 2 freeze to 0
[13:54:44.210] [SEVERE ] removing player 2 token from slot 5
[13:54:44.211] [SEVERE ] player 2 placing token on slot 6
[13:54:44.219] [SEVERE ] setting player 1 freeze to 0
[13:54:44.219] [SEVERE ] setting player 1 freeze to 0
[13:54:44.219] [SEVERE ] setting player 1 freeze to 0
[13:54:44.220] [SEVERE ] setting player 1 freeze to 0
[13:54:44.220] [SEVERE ] removing player 1 token from slot 7
[13:54:44.221] [SEVERE ] player 1 placing token on slot 1
[13:54:44.229] [SEVERE ] setting player 2 freeze to 0
[13:54:44.230] [SEVERE ] setting player 2 freeze to 0
[13:54:44.230] [SEVERE ] setting player 2 freeze to 0
[13:54:44.230] [SEVERE ] setting player 2 freeze to 0
[13:54:44.230] [SEVERE ] removing player 2 token from slot 8
[13:54:44.230] [SEVERE ] player 2 placing token on slot 10
[13:54:44.240] [SEVERE ] setting player 1 freeze to 0
[13:54:44.240] [SEVERE ] setting player 1 freeze to 0
[13:54:44.240] [SEVERE ] setting player 1 freeze to 0
[13:54:44.240] [SEVERE ] setting player 1 freeze to 0
[13:54:44.241] [SEVERE ] removing player 1 token from slot 2
[13:54:44.241] [SEVERE ] removing player 1 token from slot 1
[13:54:44.241] [SEVERE ] player 1 placing token on slot 4
[13:54:44.242] [SEVERE ] player 1 placing token on slot 7
[13:54:44.250] [SEVERE ] setting player 2 freeze to 0
[13:54:44.250] [SEVERE ] setting player 2 freeze to 0
[13:54:44.250] [SEVERE ] setting player 2 freeze to 0
[13:54:44.251] [SEVERE ] setting player 2 freeze to 0
[13:54:44.251] [SEVERE ] removing player 2 token from slot 4
[13:54:44.252] [SEVERE ] player 2 placing token on slot 4
[13:54:44.260] [SEVERE ] setting player 1 freeze to 0
[13:54:44.260] [SEVERE ] setting player 1 freeze to 0
[13:54:44.261] [SEVERE ] setting player 1 freeze to 0
[13:54:44.261] [SEVERE ] setting player 1 freeze to 0
[13:54:44.262] [SEVERE ] removing player 1 token from slot 10
[13:54:44.262] [SEVERE ] player 1 placing token on slot 11
[13:54:44.270] [SEVERE ] setting player 2 freeze to 0
[13:54:44.270] [SEVERE ] setting player 2 freeze to 0
[13:54:44.271] [SEVERE ] setting player 2 freeze to 0
[13:54:44.271] [SEVERE ] setting player 2 freeze to 0
[13:54:44.271] [SEVERE ] removing player 2 token from slot 6
[13:54:44.272] [SEVERE ] removing player 2 token from slot 4
[13:54:44.272] [SEVERE ] player 2 placing token on slot 2
[13:54:44.273] [SEVERE ] player 2 placing token on slot 5
[13:54:44.281] [SEVERE ] setting player 1 freeze to 0
[13:54:44.281] [SEVERE ] setting player 1 freeze to 0
[13:54:44.281] [SEVERE ] setting player 1 freeze to 0
[13:54:44.282] [SEVERE ] setting player 1 freeze to 0
[13:54:44.282] [SEVERE ] removing player 1 token from slot 4
[13:54:44.282] [SEVERE ] player 1 placing token on slot 1
[13:54:44.291] [SEVERE ] setting player 2 freeze to 0
[13:54:44.291] [SEVERE ] setting player 2 freeze to 0
[13:54:44.291] [SEVERE ] setting player 2 freeze to 0
[13:54:44.292] [SEVERE ] setting player 2 freeze to 0
[13:54:44.292] [SEVERE ] removing player 2 token from slot 5
[13:54:44.293] [SEVERE ] player 2 placing token on slot 0
[13:54:44.301] [SEVERE ] setting player 1 freeze to 0
[13:54:44.301] [SEVERE ] setting player 1 freeze to 0
[13:54:44.302] [SEVERE ] setting player 1 freeze to 0
[13:54:44.302] [SEVERE ] setting player 1 freeze to 0
[13:54:44.303] [SEVERE ] removing player 1 token from slot 7
[13:54:44.303] [SEVERE ] player 1 placing token on slot 4
[13:54:44.311] [SEVERE ] setting player 2 freeze to 0
[13:54:44.311] [SEVERE ] setting player 2 freeze to 0
[13:54:44.311] [SEVERE ] setting player 2 freeze to 0
[13:54:44.312] [SEVERE ] setting player 2 freeze to 0
[13:54:44.312] [SEVERE ] removing player 2 token from slot 10
[13:54:44.313] [SEVERE ] player 2 placing token on slot 11
[13:54:44.322] [SEVERE ] setting player 1 freeze to 0
[13:54:44.322] [SEVERE ] setting player 1 freeze to 0
[13:54:44.322] [SEVERE ] setting player 1 freeze to 0
[13:54:44.322] [SEVERE ] setting player 1 freeze to 0
[13:54:44.323] [SEVERE ] removing player 1 token from slot 11
[13:54:44.323] [SEVERE ] player 1 placing token on slot 6
[13:54:44.332] [SEVERE ] setting player 2 freeze to 0
[13:54:44.332] [SEVERE ] setting player 2 freeze to 0
[13:54:44.332] [SEVERE ] setting player 2 freeze to 0
[13:54:44.333] [SEVERE ] setting player 2 freeze to 0
[13:54:44.333] [SEVERE ] removing player 2 token from slot 11
[13:54:44.334] [SEVERE ] removing player 2 token from slot 0
[13:54:44.334] [SEVERE ] player 2 placing token on slot 1
[13:54:44.335] [SEVERE ] removing player 2 token from slot 2
[13:54:44.335] [SEVERE ] player 2 placing token on slot 8
[13:54:44.336] [SEVERE ] player 2 placing token on slot 4
[13:54:44.342] [SEVERE ] setting player 1 freeze to 0
[13:54:44.342] [SEVERE ] setting player 1 freeze to 0
[13:54:44.343] [SEVERE ] setting player 1 freeze to 0
[13:54:44.343] [SEVERE ] setting player 1 freeze to 0
[13:54:44.343] [SEVERE ] removing player 1 token from slot 6
[13:54:44.344] [SEVERE ] player 1 placing token on slot 10
[13:54:44.352] [SEVERE ] setting player 2 freeze to 0
[13:54:44.352] [SEVERE ] setting player 2 freeze to 0
[13:54:44.353] [SEVERE ] setting player 2 freeze to 0
[13:54:44.354] [SEVERE ] setting player 2 freeze to 0
[13:54:44.354] [SEVERE ] removing player 2 token from slot 1
[13:54:44.355] [SEVERE ] player 2 placing token on slot 0
[13:54:44.363] [SEVERE ] setting player 1 freeze to 0
[13:54:44.363] [SEVERE ] setting player 1 freeze to 0
[13:54:44.363] [SEVERE ] setting player 1 freeze to 0
[13:54:44.363] [SEVERE ] setting player 1 freeze to 0
[13:54:44.364] [SEVERE ] removing player 1 token from slot 1
[13:54:44.364] [SEVERE ] player 1 placing token on slot 1
[13:54:44.373] [SEVERE ] setting player 2 freeze to 0
[13:54:44.373] [SEVERE ] setting player 2 freeze to 0
[13:54:44.373] [SEVERE ] setting player 2 freeze to 0
[13:54:44.374] [SEVERE ] setting player 2 freeze to 0
[13:54:44.374] [SEVERE ] removing player 2 token from slot 4
[13:54:44.375] [SEVERE ] player 2 placing token on slot 7
[13:54:44.383] [SEVERE ] setting player 1 freeze to 0
[13:54:44.383] [SEVERE ] setting player 1 freeze to 0
[13:54:44.383] [SEVERE ] setting player 1 freeze to 0
[13:54:44.384] [SEVERE ] setting player 1 freeze to 0
[13:54:44.384] [SEVERE ] removing player 1 token from slot 1
[13:54:44.384] [SEVERE ] removing player 1 token from slot 10
[13:54:44.385] [SEVERE ] player 1 placing token on slot 3
[13:54:44.385] [SEVERE ] player 1 placing token on slot 8
[13:54:44.393] [SEVERE ] setting player 2 freeze to 0
[13:54:44.393] [SEVERE ] setting player 2 freeze to 0
[13:54:44.393] [SEVERE ] setting player 2 freeze to 0
[13:54:44.394] [SEVERE ] setting player 2 freeze to 0
[13:54:44.394] [SEVERE ] removing player 2 token from slot 7
[13:54:44.395] [SEVERE ] player 2 placing token on slot 5
[13:54:44.403] [SEVERE ] setting player 1 freeze to 0
[13:54:44.403] [SEVERE ] setting player 1 freeze to 0
[13:54:44.404] [SEVERE ] setting player 1 freeze to 0
[13:54:44.404] [SEVERE ] setting player 1 freeze to 0
[13:54:44.405] [SEVERE ] removing player 1 token from slot 3
[13:54:44.405] [SEVERE ] player 1 placing token on slot 1
[13:54:44.414] [SEVERE ] setting player 2 freeze to 0
[13:54:44.414] [SEVERE ] setting player 2 freeze to 0
[13:54:44.414] [SEVERE ] setting player 2 freeze to 0
[13:54:44.415] [SEVERE ] setting player 2 freeze to 0
[13:54:44.415] [SEVERE ] removing player 2 token from slot 0
[13:54:44.416] [SEVERE ] player 2 placing token on slot 11
[13:54:44.424] [SEVERE ] setting player 1 freeze to 0
[13:54:44.424] [SEVERE ] setting player 1 freeze to 0
[13:54:44.425] [SEVERE ] setting player 1 freeze to 0
[13:54:44.425] [SEVERE ] setting player 1 freeze to 0
[13:54:44.425] [SEVERE ] removing player 1 token from slot 8
[13:54:44.426] [SEVERE ] player 1 placing token on slot 3
[13:54:44.434] [SEVERE ] setting player 2 freeze to 0
[13:54:44.434] [SEVERE ] setting player 2 freeze to 0
[13:54:44.434] [SEVERE ] setting player 2 freeze to 0
[13:54:44.435] [SEVERE ] setting player 2 freeze to 0
[13:54:44.435] [SEVERE ] removing player 2 token from slot 8
[13:54:44.436] [SEVERE ] player 2 placing token on slot 6
[13:54:44.444] [SEVERE ] setting player 1 freeze to 0
[13:54:44.444] [SEVERE ] setting player 1 freeze to 0
[13:54:44.445] [SEVERE ] setting player 1 freeze to 0
[13:54:44.445] [SEVERE ] setting player 1 freeze to 0
[13:54:44.446] [SEVERE ] removing player 1 token from slot 3
[13:54:44.446] [SEVERE ] player 1 placing token on slot 9
[13:54:44.455] [SEVERE ] setting player 2 freeze to 0
[13:54:44.462] [SEVERE ] setting player 2 freeze to 0
[13:54:44.463] [SEVERE ] setting player 2 freeze to 0
[13:54:44.463] [SEVERE ] setting player 2 freeze to 0
[13:54:44.464] [SEVERE ] removing player 2 token from slot 6
[13:54:44.464] [SEVERE ] player 2 placing token on slot 2
[13:54:44.465] [SEVERE ] setting player 1 freeze to 0
[13:54:44.465] [SEVERE ] setting player 1 freeze to 0
[13:54:44.466] [SEVERE ] setting player 1 freeze to 0
[13:54:44.466] [SEVERE ] setting player 1 freeze to 0
[13:54:44.466] [SEVERE ] removing player 1 token from slot 9
[13:54:44.467] [SEVERE ] removing player 1 token from slot 1
[13:54:44.467] [SEVERE ] player 1 placing token on slot 8
[13:54:44.467] [SEVERE ] player 1 placing token on slot 5
[13:54:44.475] [SEVERE ] setting player 2 freeze to 0
[13:54:44.475] [SEVERE ] setting player 2 freeze to 0
[13:54:44.475] [SEVERE ] setting player 2 freeze to 0
[13:54:44.476] [SEVERE ] setting player 2 freeze to 0
[13:54:44.476] [SEVERE ] removing player 2 token from slot 2
[13:54:44.476] [SEVERE ] player 2 placing token on slot 6
[13:54:44.485] [SEVERE ] setting player 1 freeze to 0
[13:54:44.485] [SEVERE ] setting player 1 freeze to 0
[13:54:44.485] [SEVERE ] setting player 1 freeze to 0
[13:54:44.486] [SEVERE ] setting player 1 freeze to 0
[13:54:44.486] [SEVERE ] removing player 1 token from slot 5
[13:54:44.487] [SEVERE ] player 1 placing token on slot 9
[13:54:44.496] [SEVERE ] setting player 2 freeze to 0
[13:54:44.496] [SEVERE ] setting player 2 freeze to 0
[13:54:44.496] [SEVERE ] setting player 2 freeze to 0
[13:54:44.497] [SEVERE ] setting player 2 freeze to 0
[13:54:44.497] [SEVERE ] removing player 2 token from slot 11
[13:54:44.497] [SEVERE ] player 2 placing token on slot 3
[13:54:44.506] [SEVERE ] setting player 1 freeze to 0
[13:54:44.506] [SEVERE ] setting player 1 freeze to 0
[13:54:44.506] [SEVERE ] setting player 1 freeze to 0
[13:54:44.506] [SEVERE ] setting player 1 freeze to 0
[13:54:44.507] [SEVERE ] removing player 1 token from slot 4
[13:54:44.507] [SEVERE ] player 1 placing token on slot 2
[13:54:44.516] [SEVERE ] setting player 2 freeze to 0
[13:54:44.516] [SEVERE ] setting player 2 freeze to 0
[13:54:44.517] [SEVERE ] setting player 2 freeze to 0
[13:54:44.517] [SEVERE ] setting player 2 freeze to 0
[13:54:44.518] [SEVERE ] removing player 2 token from slot 5
[13:54:44.518] [SEVERE ] player 2 placing token on slot 7
[13:54:44.526] [SEVERE ] setting player 1 freeze to 0
[13:54:44.526] [SEVERE ] setting player 1 freeze to 0
[13:54:44.526] [SEVERE ] setting player 1 freeze to 0
[13:54:44.527] [SEVERE ] setting player 1 freeze to 0
[13:54:44.527] [SEVERE ] removing player 1 token from slot 8
[13:54:44.528] [SEVERE ] player 1 placing token on slot 3
[13:54:44.537] [SEVERE ] setting player 2 freeze to 0
[13:54:44.537] [SEVERE ] setting player 2 freeze to 0
[13:54:44.537] [SEVERE ] setting player 2 freeze to 0
[13:54:44.537] [SEVERE ] setting player 2 freeze to 0
[13:54:44.538] [SEVERE ] removing player 2 token from slot 6
[13:54:44.538] [SEVERE ] player 2 placing token on slot 4
[13:54:44.547] [SEVERE ] setting player 1 freeze to 0
[13:54:44.547] [SEVERE ] setting player 1 freeze to 0
[13:54:44.547] [SEVERE ] setting player 1 freeze to 0
[13:54:44.547] [SEVERE ] setting player 1 freeze to 0
[13:54:44.548] [SEVERE ] removing player 1 token from slot 9
[13:54:44.548] [SEVERE ] player 1 placing token on slot 9
[13:54:44.557] [SEVERE ] setting player 2 freeze to 0
[13:54:44.557] [SEVERE ] setting player 2 freeze to 0
[13:54:44.557] [SEVERE ] setting player 2 freeze to 0
[13:54:44.557] [SEVERE ] setting player 2 freeze to 0
[13:54:44.558] [SEVERE ] removing player 2 token from slot 3
[13:54:44.558] [SEVERE ] player 2 placing token on slot 2
[13:54:44.567] [SEVERE ] setting player 1 freeze to 0
[13:54:44.567] [SEVERE ] setting player 1 freeze to 0
[13:54:44.567] [SEVERE ] setting player 1 freeze to 0
[13:54:44.568] [SEVERE ] setting player 1 freeze to 0
[13:54:44.568] [SEVERE ] removing player 1 token from slot 3
[13:54:44.569] [SEVERE ] player 1 placing token on slot 5
[13:54:44.577] [SEVERE ] setting player 2 freeze to 0
[13:54:44.577] [SEVERE ] setting player 2 freeze to 0
[13:54:44.577] [SEVERE ] setting player 2 freeze to 0
[13:54:44.578] [SEVERE ] setting player 2 freeze to 0
[13:54:44.578] [SEVERE ] removing player 2 token from slot 7
[13:54:44.579] [SEVERE ] player 2 placing token on slot 7
[13:54:44.588] [SEVERE ] setting player 1 freeze to 0
[13:54:44.588] [SEVERE ] setting player 1 freeze to 0
[13:54:44.588] [SEVERE ] setting player 1 freeze to 0
[13:54:44.588] [SEVERE ] setting player 1 freeze to 0
[13:54:44.589] [SEVERE ] removing player 1 token from slot 2
[13:54:44.589] [SEVERE ] player 1 placing token on slot 10
[13:54:44.598] [SEVERE ] setting player 2 freeze to 0
[13:54:44.598] [SEVERE ] setting player 2 freeze to 0
[13:54:44.598] [SEVERE ] setting player 2 freeze to 0
[13:54:44.599] [SEVERE ] setting player 2 freeze to 0
[13:54:44.599] [SEVERE ] removing player 2 token from slot 4
[13:54:44.600] [SEVERE ] player 2 placing token on slot 10
[13:54:44.608] [SEVERE ] setting player 1 freeze to 0
[13:54:44.608] [SEVERE ] setting player 1 freeze to 0
[13:54:44.608] [SEVERE ] setting player 1 freeze to 0
[13:54:44.609] [SEVERE ] setting player 1 freeze to 0
[13:54:44.609] [SEVERE ] removing player 1 token from slot 10
[13:54:44.609] [SEVERE ] player 1 placing token on slot 1
[13:54:44.618] [SEVERE ] setting player 2 freeze to 0
[13:54:44.618] [SEVERE ] setting player 2 freeze to 0
[13:54:44.618] [SEVERE ] setting player 2 freeze to 0
[13:54:44.619] [SEVERE ] setting player 2 freeze to 0
[13:54:44.619] [SEVERE ] removing player 2 token from slot 10
[13:54:44.620] [SEVERE ] player 2 placing token on slot 1
[13:54:44.628] [SEVERE ] setting player 1 freeze to 0
[13:54:44.629] [SEVERE ] setting player 1 freeze to 0
[13:54:44.629] [SEVERE ] setting player 1 freeze to 0
[13:54:44.629] [SEVERE ] setting player 1 freeze to 0
[13:54:44.630] [SEVERE ] removing player 1 token from slot 1
[13:54:44.630] [SEVERE ] player 1 placing token on slot 6
[13:54:44.639] [SEVERE ] setting player 2 freeze to 0
[13:54:44.639] [SEVERE ] setting player 2 freeze to 0
[13:54:44.639] [SEVERE ] setting player 2 freeze to 0
[13:54:44.639] [SEVERE ] setting player 2 freeze to 0
[13:54:44.640] [SEVERE ] removing player 2 token from slot 7
[13:54:44.640] [SEVERE ] player 2 placing token on slot 0
[13:54:44.649] [SEVERE ] setting player 1 freeze to 0
[13:54:44.649] [SEVERE ] setting player 1 freeze to 0
[13:54:44.649] [SEVERE ] setting player 1 freeze to 0
[13:54:44.649] [SEVERE ] setting player 1 freeze to 0
[13:54:44.650] [SEVERE ] removing player 1 token from slot 9
[13:54:44.651] [SEVERE ] player 1 placing token on slot 1
[13:54:44.659] [SEVERE ] setting player 2 freeze to 0
[13:54:44.659] [SEVERE ] setting player 2 freeze to 0
[13:54:44.659] [SEVERE ] setting player 2 freeze to 0
[13:54:44.660] [SEVERE ] setting player 2 freeze to 0
[13:54:44.660] [SEVERE ] removing player 2 token from slot 0
[13:54:44.661] [SEVERE ] player 2 placing token on slot 8
[13:54:44.669] [SEVERE ] setting player 1 freeze to 0
[13:54:44.670] [SEVERE ] setting player 1 freeze to 0
[13:54:44.670] [SEVERE ] setting player 1 freeze to 0
[13:54:44.670] [SEVERE ] setting player 1 freeze to 0
[13:54:44.671] [SEVERE ] removing player 1 token from slot 6
[13:54:44.671] [SEVERE ] removing player 1 token from slot 5
[13:54:44.671] [SEVERE ] player 1 placing token on slot 7
[13:54:44.672] [SEVERE ] removing player 1 token from slot 1
[13:54:44.672] [SEVERE ] player 1 placing token on slot 5
[13:54:44.673] [SEVERE ] player 1 placing token on slot 4
[13:54:44.680] [SEVERE ] setting player 2 freeze to 0
[13:54:44.680] [SEVERE ] setting player 2 freeze to 0
[13:54:44.680] [SEVERE ] setting player 2 freeze to 0
[13:54:44.681] [SEVERE ] setting player 2 freeze to 0
[13:54:44.681] [SEVERE ] removing player 2 token from slot 1
[13:54:44.681] [SEVERE ] player 2 placing token on slot 4
[13:54:44.690] [SEVERE ] setting player 1 freeze to 0
[13:54:44.887] [SEVERE ] setting player 1 freeze to 0
[13:54:44.887] [SEVERE ] setting player 1 freeze to 0
[13:54:44.888] [SEVERE ] setting player 1 freeze to 0
[13:54:44.898] [SEVERE ] setting player 2 freeze to 0
[13:54:44.899] [SEVERE ] setting player 2 freeze to 0
[13:54:44.899] [SEVERE ] setting player 2 freeze to 0
[13:54:44.899] [SEVERE ] setting player 2 freeze to 0
[13:54:44.900] [SEVERE ] removing player 2 token from slot 4
[13:54:44.900] [SEVERE ] player 2 placing token on slot 5
[13:54:44.909] [SEVERE ] setting player 2 freeze to 0
[13:54:44.909] [SEVERE ] setting player 2 freeze to 0
[13:54:44.909] [SEVERE ] setting player 2 freeze to 0
[13:54:44.910] [SEVERE ] setting player 2 freeze to 0
[13:54:44.910] [SEVERE ] removing player 2 token from slot 2
[13:54:44.910] [SEVERE ] player 2 placing token on slot 7
[13:54:44.919] [SEVERE ] setting player 2 freeze to 0
[13:54:44.919] [SEVERE ] setting player 2 freeze to 0
[13:54:44.919] [SEVERE ] setting player 2 freeze to 0
[13:54:44.920] [SEVERE ] setting player 2 freeze to 0
[13:54:44.920] [SEVERE ] removing player 2 token from slot 5
[13:54:44.920] [SEVERE ] player 2 placing token on slot 0
[13:54:44.929] [SEVERE ] setting player 2 freeze to 0
[13:54:44.929] [SEVERE ] setting player 2 freeze to 0
[13:54:44.929] [SEVERE ] setting player 2 freeze to 0
[13:54:44.930] [SEVERE ] setting player 2 freeze to 0
[13:54:44.930] [SEVERE ] removing player 2 token from slot 7
[13:54:44.931] [SEVERE ] removing player 2 token from slot 0
[13:54:44.931] [SEVERE ] player 2 placing token on slot 0
[13:54:44.931] [SEVERE ] player 2 placing token on slot 11
[13:54:44.939] [SEVERE ] setting player 2 freeze to 0
[13:54:44.939] [SEVERE ] setting player 2 freeze to 0
[13:54:44.940] [SEVERE ] setting player 2 freeze to 0
[13:54:44.940] [SEVERE ] setting player 2 freeze to 0
[13:54:44.940] [SEVERE ] removing player 2 token from slot 8
[13:54:44.941] [SEVERE ] player 2 placing token on slot 4
[13:54:44.949] [SEVERE ] setting player 2 freeze to 0
[13:54:44.949] [SEVERE ] setting player 2 freeze to 0
[13:54:44.950] [SEVERE ] setting player 2 freeze to 0
[13:54:44.950] [SEVERE ] setting player 2 freeze to 0
[13:54:44.951] [SEVERE ] removing player 2 token from slot 4
[13:54:44.951] [SEVERE ] player 2 placing token on slot 1
[13:54:44.960] [SEVERE ] setting player 2 freeze to 0
[13:54:44.960] [SEVERE ] setting player 2 freeze to 0
[13:54:44.960] [SEVERE ] setting player 2 freeze to 0
[13:54:44.960] [SEVERE ] setting player 2 freeze to 0
[13:54:44.961] [SEVERE ] removing player 2 token from slot 0
[13:54:44.961] [SEVERE ] player 2 placing token on slot 3
[13:54:44.970] [SEVERE ] setting player 2 freeze to 0
[13:54:44.970] [SEVERE ] setting player 2 freeze to 0
[13:54:44.970] [SEVERE ] setting player 2 freeze to 0
[13:54:44.971] [SEVERE ] setting player 2 freeze to 0
[13:54:44.971] [SEVERE ] removing player 2 token from slot 11
[13:54:44.972] [SEVERE ] player 2 placing token on slot 4
[13:54:44.980] [SEVERE ] setting player 2 freeze to 0
[13:54:44.980] [SEVERE ] setting player 2 freeze to 0
[13:54:44.981] [SEVERE ] setting player 2 freeze to 0
[13:54:44.981] [SEVERE ] setting player 2 freeze to 0
[13:54:44.981] [SEVERE ] removing player 2 token from slot 3
[13:54:44.982] [SEVERE ] player 2 placing token on slot 10
[13:54:44.990] [SEVERE ] setting player 2 freeze to 0
[13:54:44.990] [SEVERE ] setting player 2 freeze to 0
[13:54:44.990] [SEVERE ] setting player 2 freeze to 0
[13:54:44.991] [SEVERE ] setting player 2 freeze to 0
[13:54:44.991] [SEVERE ] removing player 2 token from slot 4
[13:54:44.992] [SEVERE ] player 2 placing token on slot 5
[13:54:45.000] [SEVERE ] setting player 2 freeze to 0
[13:54:45.000] [SEVERE ] setting player 2 freeze to 0
[13:54:45.001] [SEVERE ] setting player 2 freeze to 0
[13:54:45.001] [SEVERE ] setting player 2 freeze to 0
[13:54:45.002] [SEVERE ] removing player 2 token from slot 1
[13:54:45.002] [SEVERE ] player 2 placing token on slot 3
[13:54:45.011] [SEVERE ] setting player 2 freeze to 0
[13:54:45.011] [SEVERE ] setting player 2 freeze to 0
[13:54:45.042] [SEVERE ] setting player 2 freeze to 0
[13:54:45.043] [SEVERE ] setting player 2 freeze to 0
[13:54:47.972] [SEVERE ] updating countdown to 30000
[13:54:47.972] [SEVERE ] updating countdown to 30000
[13:54:48.072] [SEVERE ] removing card from slot 0
[13:54:48.172] [SEVERE ] removing card from slot 1
[13:54:48.273] [SEVERE ] removing card from slot 2
[13:54:48.373] [SEVERE ] removing card from slot 3
[13:54:48.473] [SEVERE ] removing card from slot 4
[13:54:48.573] [SEVERE ] removing card from slot 5
[13:54:48.673] [SEVERE ] removing card from slot 6
[13:54:48.773] [SEVERE ] removing card from slot 7
[13:54:48.874] [SEVERE ] removing card from slot 8
[13:54:48.974] [SEVERE ] removing card from slot 9
[13:54:49.074] [SEVERE ] removing card from slot 10
[13:54:49.174] [SEVERE ] removing card from slot 11
[13:54:49.174] [SEVERE ] removing all tokens
[13:54:49.276] [SEVERE ] placing card 25 in slot 0
[13:54:49.376] [SEVERE ] placing card 15 in slot 1
[13:54:49.476] [SEVERE ] placing card 27 in slot 2
[13:54:49.577] [SEVERE ] placing card 70 in slot 3
[13:54:49.677] [SEVERE ] placing card 71 in slot 4
[13:54:49.777] [SEVERE ] placing card 37 in slot 5
[13:54:49.877] [SEVERE ] placing card 67 in slot 6
[13:54:49.977] [SEVERE ] placing card 69 in slot 7
[13:54:50.078] [SEVERE ] placing card 59 in slot 8
[13:54:50.178] [SEVERE ] placing card 28 in slot 9
[13:54:50.278] [SEVERE ] placing card 33 in slot 10
[13:54:50.378] [SEVERE ] placing card 22 in slot 11
[13:54:50.378] [SEVERE ] player 1 placing token on slot 7
[13:54:50.379] [INFO   ] Thread Thread-8starting.
[13:54:50.379] [INFO   ] Thread Thread-6starting.
[13:54:50.379] [INFO   ] Thread Thread-5starting.
[13:54:50.379] [INFO   ] Thread Thread-7starting.
[13:54:50.379] [SEVERE ] updating countdown to 30000
[13:54:50.588] [INFO   ] Thread computer-0 starting.
[13:54:50.588] [INFO   ] Thread computer-1 starting.
[13:54:50.587] [INFO   ] Thread computer-3 starting.
[13:54:50.587] [SEVERE ] player 4 placing token on slot 8
[13:54:50.598] [INFO   ] Thread computer-2 starting.
[13:54:50.598] [SEVERE ] player 4 placing token on slot 1
[13:54:50.599] [SEVERE ] player 3 placing token on slot 3
[13:54:50.599] [SEVERE ] player 2 placing token on slot 1
[13:54:50.600] [SEVERE ] player 2 placing token on slot 4
[13:54:50.600] [SEVERE ] player 2 placing token on slot 11
[13:54:50.601] [SEVERE ] player 3 placing token on slot 0
[13:54:50.601] [SEVERE ] player 3 placing token on slot 4
[13:54:50.602] [SEVERE ] player 4 placing token on slot 0
[13:54:50.616] [SEVERE ] player 1 placing token on slot 11
[13:54:50.617] [SEVERE ] player 1 placing token on slot 2
[13:54:51.589] [SEVERE ] updating countdown to 28790
[13:54:51.589] [SEVERE ] setting player 2 freeze to 0
[13:54:51.590] [SEVERE ] setting player 2 freeze to 0
[13:54:51.590] [SEVERE ] setting player 2 freeze to 0
[13:54:51.591] [SEVERE ] setting player 2 freeze to 0
[13:54:51.591] [SEVERE ] removing player 2 token from slot 1
[13:54:51.592] [SEVERE ] player 2 placing token on slot 2
[13:54:52.589] [SEVERE ] updating countdown to 27790
[13:54:52.589] [SEVERE ] setting player 3 freeze to 0
[13:54:52.590] [SEVERE ] setting player 3 freeze to 0
[13:54:52.590] [SEVERE ] setting player 3 freeze to 0
[13:54:52.591] [SEVERE ] setting player 3 freeze to 0
[13:54:52.591] [SEVERE ] removing player 3 token from slot 0
[13:54:52.592] [SEVERE ] player 3 placing token on slot 5
[13:54:53.589] [SEVERE ] updating countdown to 26790
[13:54:53.589] [SEVERE ] setting player 4 freeze to 0
[13:54:53.590] [SEVERE ] setting player 4 freeze to 0
[13:54:53.591] [SEVERE ] setting player 4 freeze to 0
[13:54:53.591] [SEVERE ] setting player 4 freeze to 0
[13:54:53.591] [SEVERE ] removing player 4 token from slot 0
[13:54:53.592] [SEVERE ] player 4 placing token on slot 5
[13:54:54.590] [SEVERE ] updating countdown to 25789
[13:54:54.590] [SEVERE ] setting player 1 freeze to 0
[13:54:54.590] [SEVERE ] setting player 1 freeze to 0
[13:54:54.591] [SEVERE ] setting player 1 freeze to 0
[13:54:54.591] [SEVERE ] setting player 1 freeze to 0
[13:54:54.592] [SEVERE ] removing player 1 token from slot 7
[13:54:54.592] [SEVERE ] removing player 1 token from slot 11
[13:54:54.593] [SEVERE ] player 1 placing token on slot 10
[13:54:54.593] [SEVERE ] player 1 placing token on slot 1
[13:54:55.590] [SEVERE ] updating countdown to 30000
[13:54:55.590] [SEVERE ] setting player 2 score to 1
[13:54:55.590] [SEVERE ] setting player 2 freeze to 0
[13:54:55.591] [SEVERE ] setting player 2 freeze to 0
[13:54:55.590] [SEVERE ] removing player 2 token from slot 2
[13:54:55.592] [SEVERE ] removing player 2 token from slot 4
[13:54:55.592] [SEVERE ] player 2 placing token on slot 8
[13:55:02.938] [SEVERE ] removing card from slot 2
[13:55:02.938] [SEVERE ] removing player 2 token from slot 8
[13:55:03.314] [SEVERE ] removing card from slot 8
[13:55:03.314] [SEVERE ] removing player 2 token from slot 11
[13:55:03.846] [SEVERE ] removing card from slot 11
[13:55:04.386] [SEVERE ] removing player 1 token from slot 2
[13:55:13.746] [SEVERE ] removing player 2 token from slot 11
[13:55:14.248] [SEVERE ] removing player 2 token from slot 2
[13:55:16.814] [SEVERE ] removing player 2 token from slot 8
[13:55:23.326] [SEVERE ] removing player 4 token from slot 8
[13:55:30.298] [SEVERE ] placing card 18 in slot 2
[13:55:30.399] [SEVERE ] placing card 5 in slot 8
[13:55:30.499] [SEVERE ] placing card 6 in slot 11
[13:55:30.499] [SEVERE ] updating countdown to 30000
[13:55:30.600] [SEVERE ] removing card from slot 0
[13:55:30.700] [SEVERE ] removing card from slot 1
[13:55:30.800] [SEVERE ] removing card from slot 2
[13:55:30.900] [SEVERE ] removing card from slot 3
[13:55:31.000] [SEVERE ] removing card from slot 4
[13:55:31.101] [SEVERE ] removing card from slot 5
[13:55:31.201] [SEVERE ] removing card from slot 6
[13:55:31.301] [SEVERE ] removing card from slot 7
[13:55:31.401] [SEVERE ] removing card from slot 8
[13:55:31.502] [SEVERE ] removing card from slot 9
[13:55:31.602] [SEVERE ] removing card from slot 10
[13:55:31.702] [SEVERE ] removing card from slot 11
[13:55:31.702] [SEVERE ] removing all tokens
[13:55:31.803] [SEVERE ] placing card 52 in slot 0
[13:55:31.903] [SEVERE ] placing card 63 in slot 1
[13:55:32.003] [SEVERE ] placing card 46 in slot 2
[13:55:32.104] [SEVERE ] placing card 61 in slot 3
[13:55:32.204] [SEVERE ] placing card 65 in slot 4
[13:55:32.304] [SEVERE ] placing card 39 in slot 5
[13:55:32.404] [SEVERE ] placing card 49 in slot 6
[13:55:32.504] [SEVERE ] placing card 58 in slot 7
[13:55:32.605] [SEVERE ] placing card 38 in slot 8
[13:55:32.705] [SEVERE ] placing card 3 in slot 9
[13:55:32.805] [SEVERE ] placing card 78 in slot 10
[13:55:32.905] [SEVERE ] placing card 29 in slot 11
[13:55:32.918] [INFO   ] Thread Thread-9starting.
[13:55:32.934] [INFO   ] Thread Thread-10starting.
[13:55:32.958] [INFO   ] Thread computer-0 starting.
[13:55:32.966] [INFO   ] Thread computer-1 starting.
[13:55:32.978] [SEVERE ] updating countdown to 30000
[13:55:32.978] [INFO   ] Thread Thread-11starting.
[13:55:32.990] [INFO   ] Thread Thread-12starting.
[13:55:33.002] [INFO   ] Thread computer-2 starting.
[13:55:33.014] [INFO   ] Thread computer-3 starting.
[13:55:33.978] [SEVERE ] updating countdown to 30000
[13:55:33.978] [SEVERE ] setting player 3 score to 1
[13:55:33.978] [SEVERE ] setting player 3 freeze to 0
[13:55:33.979] [SEVERE ] setting player 3 freeze to 0
[13:55:33.979] [SEVERE ] player 3 placing token on slot 0
[13:55:33.980] [SEVERE ] player 3 placing token on slot 4
[13:55:33.980] [SEVERE ] player 3 placing token on slot 10
[13:55:34.078] [SEVERE ] placing card 79 in slot 0
[13:55:34.179] [SEVERE ] placing card 36 in slot 0
[13:55:34.279] [SEVERE ] placing card 9 in slot 0
[13:55:35.310] [SEVERE ] updating countdown to 30000
[13:55:35.312] [SEVERE ] setting player 4 score to 1
[13:55:35.312] [SEVERE ] setting player 4 freeze to 0
[13:55:35.312] [SEVERE ] setting player 4 freeze to 0
[13:55:35.312] [SEVERE ] player 4 placing token on slot 7
[13:55:35.312] [SEVERE ] player 4 placing token on slot 2
[13:55:35.312] [SEVERE ] player 4 placing token on slot 10
