[17:27:59.609] [INFO   ] thread main starting.
[17:27:59.624] [SEVERE ] cannot read configuration file config.properties trying from resources.
[17:27:59.626] [SEVERE ] configuration file was loaded from resources directory.
[17:27:59.995] [INFO   ] thread dealer starting.
[17:28:00.009] [INFO   ] Thread dealer starting.
[17:28:00.113] [SEVERE ] placing card 68 in slot 0
[17:28:00.214] [SEVERE ] placing card 56 in slot 1
[17:28:00.315] [SEVERE ] placing card 4 in slot 2
[17:28:00.416] [SEVERE ] placing card 57 in slot 3
[17:28:00.517] [SEVERE ] placing card 12 in slot 4
[17:28:00.618] [SEVERE ] placing card 3 in slot 5
[17:28:00.719] [SEVERE ] placing card 6 in slot 6
[17:28:00.819] [SEVERE ] placing card 19 in slot 7
[17:28:00.920] [SEVERE ] placing card 21 in slot 8
[17:28:01.020] [SEVERE ] placing card 63 in slot 9
[17:28:01.120] [SEVERE ] placing card 24 in slot 10
[17:28:01.221] [SEVERE ] placing card 14 in slot 11
[17:28:01.223] [INFO   ] Thread Thread-1starting.
[17:28:01.223] [INFO   ] Thread Thread-2starting.
[17:28:01.223] [SEVERE ] updating countdown to 15000
[17:28:01.750] [SEVERE ] key 81 was pressed by player 1
[17:28:01.751] [SEVERE ] player 1 placing token on slot 0
[17:28:02.227] [SEVERE ] updating countdown to 13996
[17:28:02.644] [SEVERE ] key 87 was pressed by player 1
[17:28:02.644] [SEVERE ] player 1 placing token on slot 1
[17:28:03.107] [SEVERE ] key 69 was pressed by player 1
[17:28:03.108] [SEVERE ] player 1 placing token on slot 2
[17:28:03.227] [SEVERE ] setting player 1 freeze to 3000
[17:28:04.227] [SEVERE ] setting player 1 freeze to 2000
[17:28:05.228] [SEVERE ] setting player 1 freeze to 1000
[17:28:06.228] [SEVERE ] setting player 1 freeze to 0
[17:28:06.228] [SEVERE ] updating countdown to 9995
[17:28:06.229] [SEVERE ] key 69 was pressed by player 1
[17:28:06.230] [SEVERE ] removing player 1 token from slot 2
[17:28:06.230] [SEVERE ] key 69 was pressed by player 1
[17:28:06.231] [SEVERE ] player 1 placing token on slot 2
[17:28:07.229] [SEVERE ] setting player 1 freeze to 3000
[17:28:08.230] [SEVERE ] setting player 1 freeze to 2000
[17:28:09.230] [SEVERE ] setting player 1 freeze to 1000
[17:28:10.231] [SEVERE ] setting player 1 freeze to 0
[17:28:10.231] [SEVERE ] updating countdown to 5992
[17:28:10.231] [SEVERE ] key 83 was pressed by player 1
[17:28:10.232] [SEVERE ] key 83 was pressed by player 1
[17:28:10.233] [SEVERE ] key 83 was pressed by player 1
[17:28:10.233] [SEVERE ] key 65 was pressed by player 1
[17:28:10.235] [SEVERE ] key 65 was pressed by player 1
[17:28:13.060] [SEVERE ] key 80 was pressed by player 2
[17:28:13.060] [SEVERE ] player 2 placing token on slot 3
[17:28:13.155] [SEVERE ] key 79 was pressed by player 2
[17:28:13.156] [SEVERE ] player 2 placing token on slot 2
[17:28:13.444] [SEVERE ] key 73 was pressed by player 2
[17:28:13.444] [SEVERE ] player 2 placing token on slot 1
[17:28:13.450] [SEVERE ] setting player 2 freeze to 3000
[17:28:14.450] [SEVERE ] setting player 2 freeze to 2000
[17:28:15.451] [SEVERE ] setting player 2 freeze to 1000
[17:28:16.451] [SEVERE ] setting player 2 freeze to 0
[17:28:16.451] [SEVERE ] updating countdown to 15000
[17:28:16.453] [SEVERE ] updating countdown to 15000
[17:28:16.554] [SEVERE ] removing card from slot 0
[17:28:16.654] [SEVERE ] removing card from slot 1
[17:28:16.755] [SEVERE ] removing card from slot 2
[17:28:16.856] [SEVERE ] removing card from slot 3
[17:28:16.957] [SEVERE ] removing card from slot 4
[17:28:17.057] [SEVERE ] removing card from slot 5
[17:28:17.158] [SEVERE ] removing card from slot 6
