[12:34:23.442] [INFO   ] thread main starting.
[12:34:23.450] [SEVERE ] cannot read configuration file config.properties trying from resources.
[12:34:23.451] [SEVERE ] configuration file was loaded from resources directory.
[12:34:23.833] [INFO   ] thread dealer starting.
[12:34:23.834] [INFO   ] Thread dealer starting.
[12:34:23.939] [SEVERE ] placing card 14 in slot 0
[12:34:24.040] [SEVERE ] placing card 15 in slot 1
[12:34:24.141] [SEVERE ] placing card 5 in slot 2
[12:34:24.242] [SEVERE ] placing card 11 in slot 3
[12:34:24.343] [SEVERE ] placing card 7 in slot 4
[12:34:24.444] [SEVERE ] placing card 10 in slot 5
[12:34:24.545] [SEVERE ] placing card 2 in slot 6
[12:34:24.646] [SEVERE ] placing card 10 in slot 7
[12:34:24.748] [SEVERE ] placing card 22 in slot 8
[12:34:24.849] [SEVERE ] placing card 48 in slot 9
[12:34:24.950] [SEVERE ] placing card 45 in slot 10
[12:34:25.051] [SEVERE ] placing card 4 in slot 11
[12:34:25.053] [INFO   ] Thread Thread-1starting.
[12:34:25.053] [INFO   ] Thread Thread-3starting.
[12:34:25.053] [SEVERE ] updating countdown to 10000
[12:34:25.053] [INFO   ] Thread Thread-2starting.
[12:34:25.056] [INFO   ] Thread computer-2 starting.
[12:34:25.056] [INFO   ] Thread computer-0 starting.
[12:34:25.057] [INFO   ] Thread computer-1 starting.
[12:34:25.058] [SEVERE ] player 1 placing token on slot 9
[12:34:25.058] [SEVERE ] player 3 placing token on slot 10
[12:34:25.059] [SEVERE ] player 2 placing token on slot 8
[12:34:26.057] [SEVERE ] updating countdown to 8996
[12:34:27.058] [SEVERE ] updating countdown to 7995
[12:34:28.058] [SEVERE ] updating countdown to 6995
[12:34:29.059] [SEVERE ] updating countdown to 5994
