[19:34:45.880] [INFO   ] thread main starting.
[19:34:45.885] [SEVERE ] cannot read configuration file config.properties trying from resources.
[19:34:45.886] [SEVERE ] configuration file was loaded from resources directory.
[19:34:46.261] [INFO   ] thread dealer starting.
[19:34:46.262] [INFO   ] Thread dealer starting.
[19:34:46.366] [SEVERE ] placing card 24 in slot 0
[19:34:46.467] [SEVERE ] placing card 4 in slot 1
[19:34:46.568] [SEVERE ] placing card 12 in slot 2
[19:34:46.669] [SEVERE ] placing card 6 in slot 3
[19:34:46.770] [SEVERE ] placing card 1 in slot 4
[19:34:46.871] [SEVERE ] placing card 70 in slot 5
[19:34:46.971] [SEVERE ] placing card 14 in slot 6
[19:34:47.072] [SEVERE ] placing card 54 in slot 7
[19:34:47.173] [SEVERE ] placing card 9 in slot 8
[19:34:47.274] [SEVERE ] placing card 66 in slot 9
[19:34:47.375] [SEVERE ] placing card 16 in slot 10
[19:34:47.475] [SEVERE ] placing card 35 in slot 11
[19:34:47.476] [INFO   ] Thread Thread-1starting.
[19:34:47.476] [SEVERE ] updating countdown to 5000
[19:34:47.476] [INFO   ] Thread Thread-3starting.
[19:34:47.477] [INFO   ] Thread Thread-4starting.
[19:34:47.482] [INFO   ] Thread computer-3 starting.
[19:34:47.483] [SEVERE ] player 4 placing token on slot 8
[19:34:47.476] [INFO   ] Thread Thread-2starting.
[19:34:47.478] [INFO   ] Thread computer-2 starting.
[19:34:47.478] [INFO   ] Thread computer-0 starting.
[19:34:47.486] [SEVERE ] player 1 placing token on slot 9
[19:34:47.485] [SEVERE ] player 3 placing token on slot 6
[19:34:47.497] [INFO   ] Thread computer-1 starting.
[19:34:47.497] [SEVERE ] player 2 placing token on slot 5
[19:34:52.481] [SEVERE ] updating countdown to 5000
[19:34:52.481] [SEVERE ] updating countdown to 5000
[19:34:52.582] [SEVERE ] removing card from slot 0
[19:34:52.683] [SEVERE ] removing card from slot 1
[19:34:52.784] [SEVERE ] removing card from slot 2
[19:34:52.884] [SEVERE ] removing card from slot 3
[19:34:52.984] [SEVERE ] removing card from slot 4
[19:34:53.086] [SEVERE ] removing card from slot 5
[19:34:53.186] [SEVERE ] removing card from slot 6
[19:34:53.287] [SEVERE ] removing card from slot 7
[19:34:53.388] [SEVERE ] removing card from slot 8
[19:34:53.489] [SEVERE ] removing card from slot 9
[19:34:53.589] [SEVERE ] removing card from slot 10
[19:34:53.689] [SEVERE ] removing card from slot 11
[19:34:53.690] [SEVERE ] removing all tokens
[19:34:53.790] [SEVERE ] placing card 77 in slot 0
[19:34:53.890] [SEVERE ] placing card 38 in slot 1
[19:34:53.991] [SEVERE ] placing card 48 in slot 2
[19:34:54.091] [SEVERE ] placing card 18 in slot 3
[19:34:54.191] [SEVERE ] placing card 67 in slot 4
[19:34:54.291] [SEVERE ] placing card 74 in slot 5
[19:34:54.392] [SEVERE ] placing card 23 in slot 6
[19:34:54.492] [SEVERE ] placing card 5 in slot 7
[19:34:54.592] [SEVERE ] placing card 31 in slot 8
[19:34:54.693] [SEVERE ] placing card 76 in slot 9
[19:34:54.793] [SEVERE ] placing card 11 in slot 10
[19:34:54.893] [SEVERE ] placing card 26 in slot 11
[19:34:54.894] [INFO   ] Thread Thread-6starting.
[19:34:54.895] [INFO   ] Thread Thread-5starting.
[19:34:54.897] [INFO   ] Thread Thread-7starting.
[19:34:54.905] [SEVERE ] updating countdown to 5000
[19:34:54.905] [INFO   ] Thread Thread-8starting.
[19:34:54.913] [INFO   ] Thread computer-0 starting.
[19:34:54.930] [INFO   ] Thread computer-1 starting.
[19:34:54.949] [INFO   ] Thread computer-3 starting.
[19:34:54.951] [INFO   ] Thread computer-2 starting.
