[17:56:41.244] [INFO   ] thread main starting.
[17:56:41.249] [SEVERE ] cannot read configuration file config.properties trying from resources.
[17:56:41.251] [SEVERE ] configuration file was loaded from resources directory.
[17:56:41.628] [INFO   ] thread dealer starting.
[17:56:41.628] [INFO   ] Thread dealer starting.
[17:56:41.733] [SEVERE ] placing card 40 in slot 0
[17:56:41.834] [SEVERE ] placing card 55 in slot 1
[17:56:41.934] [SEVERE ] placing card 57 in slot 2
[17:56:42.036] [SEVERE ] placing card 47 in slot 3
[17:56:42.137] [SEVERE ] placing card 70 in slot 4
[17:56:42.238] [SEVERE ] placing card 22 in slot 5
[17:56:42.339] [SEVERE ] placing card 32 in slot 6
[17:56:42.439] [SEVERE ] placing card 8 in slot 7
[17:56:42.541] [SEVERE ] placing card 5 in slot 8
[17:56:42.642] [SEVERE ] placing card 14 in slot 9
[17:56:42.743] [SEVERE ] placing card 6 in slot 10
[17:56:42.844] [SEVERE ] placing card 25 in slot 11
[17:56:42.846] [INFO   ] Thread Thread-1starting.
[17:56:42.846] [INFO   ] Thread Thread-2starting.
[17:56:42.846] [SEVERE ] updating countdown to 60000
[17:56:43.833] [SEVERE ] key 65 was pressed by player 1
[17:56:43.839] [SEVERE ] player 1 placing token on slot 4
[17:56:43.850] [SEVERE ] updating countdown to 58996
[17:56:43.850] [SEVERE ] setting player 1 freeze to 3000
[17:56:43.903] [SEVERE ] key 83 was pressed by player 1
[17:56:44.110] [SEVERE ] key 80 was pressed by player 2
[17:56:44.113] [SEVERE ] player 2 placing token on slot 3
[17:56:44.175] [SEVERE ] key 79 was pressed by player 2
[17:56:44.178] [SEVERE ] player 2 placing token on slot 2
[17:56:44.851] [SEVERE ] updating countdown to 57995
[17:56:44.852] [SEVERE ] setting player 1 freeze to 2000
[17:56:45.852] [SEVERE ] updating countdown to 56994
[17:56:45.852] [SEVERE ] setting player 1 freeze to 1000
[17:56:46.852] [SEVERE ] updating countdown to 55994
[17:56:46.853] [SEVERE ] setting player 1 freeze to 0
[17:56:47.375] [SEVERE ] key 83 was pressed by player 1
[17:56:47.376] [SEVERE ] player 1 placing token on slot 5
[17:56:47.853] [SEVERE ] setting player 1 freeze to 3000
[17:56:47.853] [SEVERE ] updating countdown to 54993
[17:56:48.853] [SEVERE ] setting player 1 freeze to 2000
[17:56:48.854] [SEVERE ] updating countdown to 53992
[17:56:49.854] [SEVERE ] setting player 1 freeze to 1000
[17:56:49.854] [SEVERE ] updating countdown to 52992
[17:56:50.855] [SEVERE ] setting player 1 freeze to 0
[17:56:50.855] [SEVERE ] setting player 1 freeze to 3000
[17:56:50.855] [SEVERE ] updating countdown to 51991
[17:56:51.343] [SEVERE ] key 75 was pressed by player 2
[17:56:51.344] [SEVERE ] player 2 placing token on slot 5
[17:56:51.856] [SEVERE ] setting player 1 freeze to 2000
[17:56:51.856] [SEVERE ] updating countdown to 50990
[17:56:51.856] [SEVERE ] setting player 2 freeze to 3000
[17:56:51.971] [SEVERE ] key 77 was pressed by player 2
[17:56:52.856] [SEVERE ] setting player 1 freeze to 1000
[17:56:52.857] [SEVERE ] setting player 2 freeze to 2000
[17:56:52.857] [SEVERE ] updating countdown to 49989
[17:56:53.858] [SEVERE ] setting player 1 freeze to 0
[17:56:53.859] [SEVERE ] setting player 2 freeze to 1000
[17:56:53.860] [SEVERE ] updating countdown to 48986
[17:56:54.860] [SEVERE ] setting player 2 freeze to 0
[17:56:54.861] [SEVERE ] setting player 2 freeze to 3000
[17:56:54.861] [SEVERE ] updating countdown to 47985
[17:56:55.039] [SEVERE ] key 74 was pressed by player 2
[17:56:55.861] [SEVERE ] setting player 2 freeze to 2000
[17:56:55.862] [SEVERE ] updating countdown to 46984
[17:56:56.861] [SEVERE ] setting player 2 freeze to 1000
[17:56:56.862] [SEVERE ] updating countdown to 45984
[17:56:57.862] [SEVERE ] setting player 2 freeze to 0
[17:56:57.862] [SEVERE ] updating countdown to 44984
[17:56:57.862] [SEVERE ] setting player 2 freeze to 3000
[17:56:58.863] [SEVERE ] updating countdown to 43983
[17:56:58.863] [SEVERE ] setting player 2 freeze to 2000
[17:56:59.863] [SEVERE ] updating countdown to 42983
[17:56:59.864] [SEVERE ] setting player 2 freeze to 1000
[17:57:00.864] [SEVERE ] updating countdown to 41982
[17:57:00.864] [SEVERE ] setting player 2 freeze to 0
[17:57:01.864] [SEVERE ] updating countdown to 40982
[17:57:01.864] [SEVERE ] setting player 2 freeze to 3000
