[19:55:14.668] [INFO   ] thread main starting.
[19:55:14.674] [SEVERE ] cannot read configuration file config.properties trying from resources.
[19:55:14.676] [SEVERE ] configuration file was loaded from resources directory.
[19:55:15.137] [INFO   ] thread dealer starting.
[19:55:15.138] [INFO   ] Thread dealer starting.
[19:55:15.244] [SEVERE ] placing card 40 in slot 0
[19:55:15.345] [SEVERE ] placing card 36 in slot 1
[19:55:15.446] [SEVERE ] placing card 11 in slot 2
[19:55:15.546] [SEVERE ] placing card 80 in slot 3
[19:55:15.647] [SEVERE ] placing card 50 in slot 4
[19:55:15.748] [SEVERE ] placing card 15 in slot 5
[19:55:15.849] [SEVERE ] placing card 73 in slot 6
[19:55:15.950] [SEVERE ] placing card 12 in slot 7
[19:55:16.051] [SEVERE ] placing card 7 in slot 8
[19:55:16.151] [SEVERE ] placing card 30 in slot 9
[19:55:16.253] [SEVERE ] placing card 72 in slot 10
[19:55:16.353] [SEVERE ] placing card 0 in slot 11
[19:55:16.355] [INFO   ] Thread Thread-1starting.
[19:55:16.356] [INFO   ] Thread Thread-3starting.
[19:55:16.357] [SEVERE ] updating countdown to 5000
[19:55:16.364] [INFO   ] Thread computer-0 starting.
[19:55:16.373] [INFO   ] Thread Thread-4starting.
[19:55:16.356] [INFO   ] Thread Thread-2starting.
[19:55:16.377] [SEVERE ] player 1 placing token on slot 3
[19:55:16.377] [SEVERE ] player 1 placing token on slot 1
[19:55:16.378] [SEVERE ] player 1 placing token on slot 9
[19:55:16.379] [INFO   ] Thread computer-1 starting.
[19:55:16.379] [SEVERE ] player 2 placing token on slot 2
[19:55:16.380] [SEVERE ] player 2 placing token on slot 7
[19:55:16.381] [SEVERE ] player 2 placing token on slot 6
[19:55:16.381] [INFO   ] Thread computer-2 starting.
[19:55:16.382] [SEVERE ] player 3 placing token on slot 8
[19:55:16.382] [SEVERE ] removing player 3 token from slot 8
[19:55:16.383] [SEVERE ] player 3 placing token on slot 6
[19:55:16.383] [SEVERE ] player 3 placing token on slot 7
[19:55:16.384] [SEVERE ] player 3 placing token on slot 10
[19:55:16.387] [SEVERE ] setting player 1 freeze to 0
[19:55:16.387] [SEVERE ] setting player 1 freeze to 0
[19:55:16.387] [SEVERE ] setting player 1 freeze to 0
[19:55:16.388] [SEVERE ] setting player 1 freeze to 0
[19:55:16.388] [SEVERE ] removing player 1 token from slot 9
[19:55:16.388] [SEVERE ] player 1 placing token on slot 8
[19:55:16.393] [INFO   ] Thread computer-3 starting.
[19:55:16.394] [SEVERE ] player 4 placing token on slot 11
[19:55:16.396] [SEVERE ] player 4 placing token on slot 1
[19:55:16.396] [SEVERE ] removing player 4 token from slot 1
[19:55:16.396] [SEVERE ] player 4 placing token on slot 5
[19:55:16.396] [SEVERE ] player 4 placing token on slot 4
[19:55:16.399] [SEVERE ] setting player 2 freeze to 0
[19:55:16.400] [SEVERE ] setting player 2 freeze to 0
[19:55:16.400] [SEVERE ] setting player 2 freeze to 0
[19:55:16.400] [SEVERE ] setting player 2 freeze to 0
[19:55:16.400] [SEVERE ] removing player 2 token from slot 6
[19:55:16.400] [SEVERE ] player 2 placing token on slot 9
[19:55:16.410] [SEVERE ] setting player 3 freeze to 0
[19:55:16.411] [SEVERE ] setting player 3 freeze to 0
[19:55:16.411] [SEVERE ] setting player 3 freeze to 0
[19:55:16.412] [SEVERE ] setting player 3 freeze to 0
[19:55:16.412] [SEVERE ] removing player 3 token from slot 6
[19:55:16.413] [SEVERE ] player 3 placing token on slot 3
[19:55:16.422] [SEVERE ] setting player 1 freeze to 0
[19:55:16.423] [SEVERE ] setting player 1 freeze to 0
[19:55:16.423] [SEVERE ] setting player 1 freeze to 0
[19:55:16.423] [SEVERE ] setting player 1 freeze to 0
[19:55:16.424] [SEVERE ] removing player 1 token from slot 3
[19:55:16.424] [SEVERE ] player 1 placing token on slot 9
[19:55:16.431] [SEVERE ] setting player 4 freeze to 0
[19:55:16.431] [SEVERE ] setting player 4 freeze to 0
[19:55:16.432] [SEVERE ] setting player 4 freeze to 0
[19:55:16.432] [SEVERE ] setting player 4 freeze to 0
[19:55:16.432] [SEVERE ] removing player 4 token from slot 5
[19:55:16.433] [SEVERE ] player 4 placing token on slot 3
[19:55:16.442] [SEVERE ] setting player 2 freeze to 0
[19:55:16.442] [SEVERE ] setting player 2 freeze to 0
[19:55:16.443] [SEVERE ] setting player 2 freeze to 0
[19:55:16.443] [SEVERE ] setting player 2 freeze to 0
[19:55:16.443] [SEVERE ] removing player 2 token from slot 2
[19:55:16.444] [SEVERE ] player 2 placing token on slot 5
[19:55:16.452] [SEVERE ] setting player 3 freeze to 0
[19:55:16.452] [SEVERE ] setting player 3 freeze to 0
[19:55:16.453] [SEVERE ] setting player 3 freeze to 0
[19:55:16.453] [SEVERE ] setting player 3 freeze to 0
[19:55:16.453] [SEVERE ] removing player 3 token from slot 10
[19:55:16.454] [SEVERE ] removing player 3 token from slot 7
[19:55:16.455] [SEVERE ] player 3 placing token on slot 7
[19:55:16.455] [SEVERE ] player 3 placing token on slot 1
[19:55:16.462] [SEVERE ] setting player 1 freeze to 0
[19:55:16.462] [SEVERE ] setting player 1 freeze to 0
[19:55:16.463] [SEVERE ] setting player 1 freeze to 0
[19:55:16.463] [SEVERE ] setting player 1 freeze to 0
[19:55:16.464] [SEVERE ] removing player 1 token from slot 9
[19:55:16.466] [SEVERE ] player 1 placing token on slot 4
[19:55:16.472] [SEVERE ] setting player 4 freeze to 0
[19:55:16.473] [SEVERE ] setting player 4 freeze to 0
[19:55:16.473] [SEVERE ] setting player 4 freeze to 0
[19:55:16.474] [SEVERE ] setting player 4 freeze to 0
[19:55:16.474] [SEVERE ] removing player 4 token from slot 4
[19:55:16.475] [SEVERE ] player 4 placing token on slot 4
[19:55:16.483] [SEVERE ] setting player 2 freeze to 0
[19:55:16.483] [SEVERE ] setting player 2 freeze to 0
[19:55:16.484] [SEVERE ] setting player 2 freeze to 0
[19:55:16.484] [SEVERE ] setting player 2 freeze to 0
[19:55:16.485] [SEVERE ] removing player 2 token from slot 9
[19:55:16.485] [SEVERE ] removing player 2 token from slot 7
[19:55:16.486] [SEVERE ] player 2 placing token on slot 9
[19:55:16.486] [SEVERE ] player 2 placing token on slot 2
[19:55:16.493] [SEVERE ] setting player 3 freeze to 0
[19:55:16.493] [SEVERE ] setting player 3 freeze to 0
[19:55:16.494] [SEVERE ] setting player 3 freeze to 0
[19:55:16.494] [SEVERE ] setting player 3 freeze to 0
[19:55:16.495] [SEVERE ] removing player 3 token from slot 1
[19:55:16.495] [SEVERE ] removing player 3 token from slot 7
[19:55:16.496] [SEVERE ] removing player 3 token from slot 3
[19:55:16.496] [SEVERE ] player 3 placing token on slot 9
[19:55:16.497] [SEVERE ] player 3 placing token on slot 7
[19:55:16.498] [SEVERE ] player 3 placing token on slot 4
[19:55:16.503] [SEVERE ] setting player 1 freeze to 0
[19:55:16.504] [SEVERE ] setting player 1 freeze to 0
[19:55:16.504] [SEVERE ] setting player 1 freeze to 0
[19:55:16.505] [SEVERE ] setting player 1 freeze to 0
[19:55:16.505] [SEVERE ] removing player 1 token from slot 4
[19:55:16.506] [SEVERE ] player 1 placing token on slot 5
[19:55:16.514] [SEVERE ] setting player 4 freeze to 0
[19:55:16.514] [SEVERE ] setting player 4 freeze to 0
[19:55:16.515] [SEVERE ] setting player 4 freeze to 0
[19:55:16.515] [SEVERE ] setting player 4 freeze to 0
[19:55:16.515] [SEVERE ] removing player 4 token from slot 3
[19:55:16.516] [SEVERE ] removing player 4 token from slot 4
[19:55:16.516] [SEVERE ] player 4 placing token on slot 4
[19:55:16.517] [SEVERE ] player 4 placing token on slot 3
[19:55:16.524] [SEVERE ] setting player 2 freeze to 0
[19:55:16.524] [SEVERE ] setting player 2 freeze to 0
[19:55:16.525] [SEVERE ] setting player 2 freeze to 0
[19:55:16.525] [SEVERE ] setting player 2 freeze to 0
[19:55:16.526] [SEVERE ] removing player 2 token from slot 9
[19:55:16.526] [SEVERE ] player 2 placing token on slot 1
[19:55:16.534] [SEVERE ] setting player 3 freeze to 0
[19:55:16.535] [SEVERE ] setting player 3 freeze to 0
[19:55:16.535] [SEVERE ] setting player 3 freeze to 0
[19:55:16.536] [SEVERE ] setting player 3 freeze to 0
[19:55:16.536] [SEVERE ] removing player 3 token from slot 7
[19:55:16.537] [SEVERE ] player 3 placing token on slot 11
[19:55:16.545] [SEVERE ] setting player 1 freeze to 0
[19:55:16.545] [SEVERE ] setting player 1 freeze to 0
[19:55:16.545] [SEVERE ] setting player 1 freeze to 0
[19:55:16.547] [SEVERE ] setting player 1 freeze to 0
[19:55:16.547] [SEVERE ] removing player 1 token from slot 8
[19:55:16.548] [SEVERE ] removing player 1 token from slot 5
[19:55:16.548] [SEVERE ] player 1 placing token on slot 4
[19:55:16.549] [SEVERE ] player 1 placing token on slot 8
[19:55:16.555] [SEVERE ] setting player 4 freeze to 0
[19:55:16.556] [SEVERE ] setting player 4 freeze to 0
[19:55:16.556] [SEVERE ] setting player 4 freeze to 0
[19:55:16.557] [SEVERE ] setting player 4 freeze to 0
[19:55:16.557] [SEVERE ] removing player 4 token from slot 4
[19:55:16.557] [SEVERE ] player 4 placing token on slot 7
[19:55:16.565] [SEVERE ] setting player 2 freeze to 0
[19:55:16.566] [SEVERE ] setting player 2 freeze to 0
[19:55:16.566] [SEVERE ] setting player 2 freeze to 0
[19:55:16.567] [SEVERE ] setting player 2 freeze to 0
[19:55:16.567] [SEVERE ] removing player 2 token from slot 5
[19:55:16.568] [SEVERE ] player 2 placing token on slot 9
[19:55:16.576] [SEVERE ] setting player 3 freeze to 0
[19:55:16.576] [SEVERE ] setting player 3 freeze to 0
[19:55:16.577] [SEVERE ] setting player 3 freeze to 0
[19:55:16.577] [SEVERE ] setting player 3 freeze to 0
[19:55:16.578] [SEVERE ] removing player 3 token from slot 11
[19:55:16.578] [SEVERE ] player 3 placing token on slot 8
[19:55:16.586] [SEVERE ] setting player 1 freeze to 0
[19:55:16.586] [SEVERE ] setting player 1 freeze to 0
[19:55:16.587] [SEVERE ] setting player 1 freeze to 0
[19:55:16.587] [SEVERE ] setting player 1 freeze to 0
[19:55:16.588] [SEVERE ] removing player 1 token from slot 1
[19:55:16.588] [SEVERE ] player 1 placing token on slot 10
[19:55:16.597] [SEVERE ] setting player 4 freeze to 0
[19:55:16.597] [SEVERE ] setting player 4 freeze to 0
[19:55:16.597] [SEVERE ] setting player 4 freeze to 0
[19:55:16.598] [SEVERE ] setting player 4 freeze to 0
[19:55:16.598] [SEVERE ] removing player 4 token from slot 11
[19:55:16.599] [SEVERE ] player 4 placing token on slot 10
[19:55:16.611] [SEVERE ] setting player 2 freeze to 0
[19:55:16.611] [SEVERE ] setting player 2 freeze to 0
[19:55:16.612] [SEVERE ] setting player 2 freeze to 0
[19:55:16.612] [SEVERE ] setting player 2 freeze to 0
[19:55:16.612] [SEVERE ] removing player 2 token from slot 2
[19:55:16.613] [SEVERE ] player 2 placing token on slot 11
[19:55:16.620] [SEVERE ] setting player 3 freeze to 0
[19:55:16.620] [SEVERE ] setting player 3 freeze to 0
[19:55:16.625] [SEVERE ] setting player 3 freeze to 0
[19:55:16.625] [SEVERE ] setting player 3 freeze to 0
[19:55:16.626] [SEVERE ] removing player 3 token from slot 8
[19:55:16.626] [SEVERE ] player 3 placing token on slot 3
[19:55:16.630] [SEVERE ] setting player 1 freeze to 0
[19:55:16.634] [SEVERE ] setting player 1 freeze to 0
[19:55:16.634] [SEVERE ] setting player 1 freeze to 0
[19:55:16.638] [SEVERE ] setting player 1 freeze to 0
[19:55:16.639] [SEVERE ] removing player 1 token from slot 8
[19:55:16.639] [SEVERE ] player 1 placing token on slot 6
[19:55:16.641] [SEVERE ] setting player 4 freeze to 0
[19:55:16.641] [SEVERE ] setting player 4 freeze to 0
[19:55:16.642] [SEVERE ] setting player 4 freeze to 0
[19:55:16.642] [SEVERE ] setting player 4 freeze to 0
[19:55:16.642] [SEVERE ] removing player 4 token from slot 10
[19:55:16.643] [SEVERE ] player 4 placing token on slot 4
[19:55:16.651] [SEVERE ] setting player 2 freeze to 0
[19:55:16.651] [SEVERE ] setting player 2 freeze to 0
[19:55:16.651] [SEVERE ] setting player 2 freeze to 0
[19:55:16.652] [SEVERE ] setting player 2 freeze to 0
[19:55:16.652] [SEVERE ] removing player 2 token from slot 9
[19:55:16.653] [SEVERE ] removing player 2 token from slot 11
[19:55:16.653] [SEVERE ] player 2 placing token on slot 6
[19:55:16.654] [SEVERE ] player 2 placing token on slot 5
[19:55:16.661] [SEVERE ] setting player 3 freeze to 0
[19:55:16.662] [SEVERE ] setting player 3 freeze to 0
[19:55:16.662] [SEVERE ] setting player 3 freeze to 0
[19:55:16.663] [SEVERE ] setting player 3 freeze to 0
[19:55:16.663] [SEVERE ] removing player 3 token from slot 3
[19:55:16.664] [SEVERE ] player 3 placing token on slot 11
[19:55:16.672] [SEVERE ] setting player 1 freeze to 0
[19:55:16.672] [SEVERE ] setting player 1 freeze to 0
[19:55:16.673] [SEVERE ] setting player 1 freeze to 0
[19:55:16.673] [SEVERE ] setting player 1 freeze to 0
[19:55:16.674] [SEVERE ] removing player 1 token from slot 10
[19:55:16.674] [SEVERE ] player 1 placing token on slot 10
[19:55:16.682] [SEVERE ] setting player 4 freeze to 0
[19:55:16.682] [SEVERE ] setting player 4 freeze to 0
[19:55:16.683] [SEVERE ] setting player 4 freeze to 0
[19:55:16.683] [SEVERE ] setting player 4 freeze to 0
[19:55:16.684] [SEVERE ] removing player 4 token from slot 3
[19:55:16.684] [SEVERE ] player 4 placing token on slot 11
[19:55:16.693] [SEVERE ] setting player 2 freeze to 0
[19:55:16.693] [SEVERE ] setting player 2 freeze to 0
[19:55:16.694] [SEVERE ] setting player 2 freeze to 0
[19:55:16.694] [SEVERE ] setting player 2 freeze to 0
[19:55:16.695] [SEVERE ] removing player 2 token from slot 6
[19:55:16.695] [SEVERE ] player 2 placing token on slot 3
[19:55:16.704] [SEVERE ] setting player 3 freeze to 0
[19:55:16.704] [SEVERE ] setting player 3 freeze to 0
[19:55:16.704] [SEVERE ] setting player 3 freeze to 0
[19:55:16.705] [SEVERE ] setting player 3 freeze to 0
[19:55:16.705] [SEVERE ] removing player 3 token from slot 11
[19:55:16.706] [SEVERE ] player 3 placing token on slot 3
[19:55:16.714] [SEVERE ] setting player 1 freeze to 0
[19:55:16.715] [SEVERE ] setting player 1 freeze to 0
[19:55:16.715] [SEVERE ] setting player 1 freeze to 0
[19:55:16.716] [SEVERE ] setting player 1 freeze to 0
[19:55:16.717] [SEVERE ] removing player 1 token from slot 10
[19:55:16.718] [SEVERE ] player 1 placing token on slot 8
[19:55:16.725] [SEVERE ] setting player 4 freeze to 0
[19:55:16.725] [SEVERE ] setting player 4 freeze to 0
[19:55:16.725] [SEVERE ] setting player 4 freeze to 0
[19:55:16.726] [SEVERE ] setting player 4 freeze to 0
[19:55:16.726] [SEVERE ] removing player 4 token from slot 11
[19:55:16.731] [SEVERE ] player 4 placing token on slot 1
[19:55:16.735] [SEVERE ] setting player 2 freeze to 0
[19:55:16.735] [SEVERE ] setting player 2 freeze to 0
[19:55:16.736] [SEVERE ] setting player 2 freeze to 0
[19:55:16.737] [SEVERE ] setting player 2 freeze to 0
[19:55:16.737] [SEVERE ] removing player 2 token from slot 1
[19:55:16.738] [SEVERE ] player 2 placing token on slot 6
[19:55:16.746] [SEVERE ] setting player 3 freeze to 0
[19:55:16.746] [SEVERE ] setting player 3 freeze to 0
[19:55:16.747] [SEVERE ] setting player 3 freeze to 0
[19:55:16.748] [SEVERE ] setting player 3 freeze to 0
[19:55:16.748] [SEVERE ] removing player 3 token from slot 3
[19:55:16.748] [SEVERE ] player 3 placing token on slot 6
[19:55:16.756] [SEVERE ] setting player 1 freeze to 0
[19:55:16.756] [SEVERE ] setting player 1 freeze to 0
[19:55:16.757] [SEVERE ] setting player 1 freeze to 0
[19:55:16.757] [SEVERE ] setting player 1 freeze to 0
[19:55:16.758] [SEVERE ] removing player 1 token from slot 6
[19:55:16.758] [SEVERE ] player 1 placing token on slot 2
[19:55:16.767] [SEVERE ] setting player 4 freeze to 0
[19:55:16.767] [SEVERE ] setting player 4 freeze to 0
[19:55:16.768] [SEVERE ] setting player 4 freeze to 0
[19:55:16.768] [SEVERE ] setting player 4 freeze to 0
[19:55:16.769] [SEVERE ] removing player 4 token from slot 1
[19:55:16.769] [SEVERE ] removing player 4 token from slot 7
[19:55:16.769] [SEVERE ] player 4 placing token on slot 2
[19:55:16.770] [SEVERE ] player 4 placing token on slot 11
[19:55:16.777] [SEVERE ] setting player 2 freeze to 0
[19:55:16.777] [SEVERE ] setting player 2 freeze to 0
[19:55:16.778] [SEVERE ] setting player 2 freeze to 0
[19:55:16.778] [SEVERE ] setting player 2 freeze to 0
[19:55:16.778] [SEVERE ] removing player 2 token from slot 3
[19:55:16.779] [SEVERE ] player 2 placing token on slot 1
[19:55:16.787] [SEVERE ] setting player 3 freeze to 0
[19:55:16.787] [SEVERE ] setting player 3 freeze to 0
[19:55:16.788] [SEVERE ] setting player 3 freeze to 0
[19:55:16.789] [SEVERE ] setting player 3 freeze to 0
[19:55:16.790] [SEVERE ] removing player 3 token from slot 9
[19:55:16.790] [SEVERE ] player 3 placing token on slot 10
[19:55:16.798] [SEVERE ] setting player 1 freeze to 0
[19:55:16.798] [SEVERE ] setting player 1 freeze to 0
[19:55:16.799] [SEVERE ] setting player 1 freeze to 0
[19:55:16.799] [SEVERE ] setting player 1 freeze to 0
[19:55:16.799] [SEVERE ] removing player 1 token from slot 8
[19:55:16.800] [SEVERE ] removing player 1 token from slot 4
[19:55:16.800] [SEVERE ] player 1 placing token on slot 5
[19:55:16.801] [SEVERE ] player 1 placing token on slot 9
[19:55:16.808] [SEVERE ] setting player 4 freeze to 0
[19:55:16.808] [SEVERE ] setting player 4 freeze to 0
[19:55:16.809] [SEVERE ] setting player 4 freeze to 0
[19:55:16.809] [SEVERE ] setting player 4 freeze to 0
[19:55:16.809] [SEVERE ] removing player 4 token from slot 2
[19:55:16.810] [SEVERE ] removing player 4 token from slot 4
[19:55:16.810] [SEVERE ] player 4 placing token on slot 4
[19:55:16.811] [SEVERE ] player 4 placing token on slot 3
[19:55:16.819] [SEVERE ] setting player 2 freeze to 0
[19:55:16.819] [SEVERE ] setting player 2 freeze to 0
[19:55:16.819] [SEVERE ] setting player 2 freeze to 0
[19:55:16.820] [SEVERE ] setting player 2 freeze to 0
[19:55:16.820] [SEVERE ] removing player 2 token from slot 1
[19:55:16.820] [SEVERE ] player 2 placing token on slot 10
[19:55:16.829] [SEVERE ] setting player 3 freeze to 0
[19:55:16.829] [SEVERE ] setting player 3 freeze to 0
[19:55:16.829] [SEVERE ] setting player 3 freeze to 0
[19:55:16.830] [SEVERE ] setting player 3 freeze to 0
[19:55:16.830] [SEVERE ] removing player 3 token from slot 6
[19:55:16.830] [SEVERE ] player 3 placing token on slot 3
[19:55:16.839] [SEVERE ] setting player 1 freeze to 0
[19:55:16.839] [SEVERE ] setting player 1 freeze to 0
[19:55:16.840] [SEVERE ] setting player 1 freeze to 0
[19:55:16.840] [SEVERE ] setting player 1 freeze to 0
[19:55:16.841] [SEVERE ] removing player 1 token from slot 2
[19:55:16.841] [SEVERE ] player 1 placing token on slot 7
[19:55:16.849] [SEVERE ] setting player 4 freeze to 0
[19:55:16.850] [SEVERE ] setting player 4 freeze to 0
[19:55:16.850] [SEVERE ] setting player 4 freeze to 0
[19:55:16.851] [SEVERE ] setting player 4 freeze to 0
[19:55:16.851] [SEVERE ] removing player 4 token from slot 4
[19:55:16.852] [SEVERE ] player 4 placing token on slot 5
[19:55:16.860] [SEVERE ] setting player 2 freeze to 0
[19:55:16.860] [SEVERE ] setting player 2 freeze to 0
[19:55:16.860] [SEVERE ] setting player 2 freeze to 0
[19:55:16.861] [SEVERE ] setting player 2 freeze to 0
[19:55:16.861] [SEVERE ] removing player 2 token from slot 5
[19:55:16.862] [SEVERE ] removing player 2 token from slot 10
[19:55:16.862] [SEVERE ] player 2 placing token on slot 8
[19:55:16.863] [SEVERE ] player 2 placing token on slot 11
[19:55:16.870] [SEVERE ] setting player 3 freeze to 0
[19:55:16.870] [SEVERE ] setting player 3 freeze to 0
[19:55:16.871] [SEVERE ] setting player 3 freeze to 0
[19:55:16.872] [SEVERE ] setting player 3 freeze to 0
[19:55:16.872] [SEVERE ] removing player 3 token from slot 4
[19:55:16.872] [SEVERE ] player 3 placing token on slot 6
[19:55:16.881] [SEVERE ] setting player 1 freeze to 0
[19:55:16.881] [SEVERE ] setting player 1 freeze to 0
[19:55:16.881] [SEVERE ] setting player 1 freeze to 0
[19:55:16.882] [SEVERE ] setting player 1 freeze to 0
[19:55:16.882] [SEVERE ] removing player 1 token from slot 5
[19:55:16.883] [SEVERE ] player 1 placing token on slot 5
[19:55:16.891] [SEVERE ] setting player 4 freeze to 0
[19:55:16.891] [SEVERE ] setting player 4 freeze to 0
[19:55:16.892] [SEVERE ] setting player 4 freeze to 0
[19:55:16.892] [SEVERE ] setting player 4 freeze to 0
[19:55:16.892] [SEVERE ] removing player 4 token from slot 5
[19:55:16.893] [SEVERE ] player 4 placing token on slot 2
[19:55:16.901] [SEVERE ] setting player 2 freeze to 0
[19:55:16.901] [SEVERE ] setting player 2 freeze to 0
[19:55:16.902] [SEVERE ] setting player 2 freeze to 0
[19:55:16.902] [SEVERE ] setting player 2 freeze to 0
[19:55:16.903] [SEVERE ] removing player 2 token from slot 11
[19:55:16.903] [SEVERE ] player 2 placing token on slot 1
[19:55:16.912] [SEVERE ] setting player 3 freeze to 0
[19:55:16.912] [SEVERE ] setting player 3 freeze to 0
[19:55:16.912] [SEVERE ] setting player 3 freeze to 0
[19:55:16.912] [SEVERE ] setting player 3 freeze to 0
[19:55:16.912] [SEVERE ] removing player 3 token from slot 3
[19:55:16.913] [SEVERE ] removing player 3 token from slot 6
[19:55:16.913] [SEVERE ] player 3 placing token on slot 11
[19:55:16.913] [SEVERE ] player 3 placing token on slot 1
[19:55:16.922] [SEVERE ] setting player 1 freeze to 0
[19:55:16.922] [SEVERE ] setting player 1 freeze to 0
[19:55:16.922] [SEVERE ] setting player 1 freeze to 0
[19:55:16.923] [SEVERE ] setting player 1 freeze to 0
[19:55:16.923] [SEVERE ] removing player 1 token from slot 9
[19:55:16.924] [SEVERE ] player 1 placing token on slot 4
[19:55:16.932] [SEVERE ] setting player 4 freeze to 0
[19:55:16.932] [SEVERE ] setting player 4 freeze to 0
[19:55:16.933] [SEVERE ] setting player 4 freeze to 0
[19:55:16.933] [SEVERE ] setting player 4 freeze to 0
[19:55:16.934] [SEVERE ] removing player 4 token from slot 11
[19:55:16.935] [SEVERE ] player 4 placing token on slot 11
[19:55:16.942] [SEVERE ] setting player 2 freeze to 0
[19:55:16.943] [SEVERE ] setting player 2 freeze to 0
[19:55:16.943] [SEVERE ] setting player 2 freeze to 0
[19:55:16.944] [SEVERE ] setting player 2 freeze to 0
[19:55:16.944] [SEVERE ] removing player 2 token from slot 1
[19:55:16.945] [SEVERE ] player 2 placing token on slot 10
[19:55:16.953] [SEVERE ] updating countdown to 5000
[19:55:16.953] [SEVERE ] removing player 3 token from slot 1
[19:55:16.953] [SEVERE ] removing player 3 token from slot 10
[19:55:16.954] [SEVERE ] removing player 3 token from slot 10
[19:55:16.954] [SEVERE ] removing player 3 token from slot 10
[19:55:16.955] [SEVERE ] setting player 3 score to 1
[19:55:16.956] [SEVERE ] setting player 3 freeze to 0
[19:55:16.956] [SEVERE ] setting player 3 freeze to 0
[19:55:16.957] [SEVERE ] removing player 3 token from slot 1
[19:55:16.957] [SEVERE ] player 3 placing token on slot 2
[19:55:17.053] [SEVERE ] removing card from slot 1
[19:55:17.054] [SEVERE ] removing player 3 token from slot 2
[19:55:17.154] [SEVERE ] removing card from slot 2
[19:55:17.154] [SEVERE ] removing player 3 token from slot 10
[19:55:17.255] [SEVERE ] removing card from slot 10
[19:55:17.255] [SEVERE ] removing player 3 token from slot 11
[19:55:17.358] [SEVERE ] removing card from slot 11
