[21:12:10.058] [INFO   ] thread main starting.
[21:12:10.064] [SEVERE ] cannot read configuration file config.properties trying from resources.
[21:12:10.065] [SEVERE ] configuration file was loaded from resources directory.
[21:12:10.449] [INFO   ] thread dealer starting.
[21:12:10.453] [INFO   ] Thread dealer starting.
[21:12:10.557] [SEVERE ] placing card 47 in slot 0
[21:12:10.658] [SEVERE ] placing card 40 in slot 1
[21:12:10.759] [SEVERE ] placing card 21 in slot 2
[21:12:10.859] [SEVERE ] placing card 33 in slot 3
[21:12:10.960] [SEVERE ] placing card 63 in slot 4
[21:12:11.062] [SEVERE ] placing card 54 in slot 5
[21:12:11.163] [SEVERE ] placing card 44 in slot 6
[21:12:11.263] [SEVERE ] placing card 11 in slot 7
[21:12:11.364] [SEVERE ] placing card 58 in slot 8
[21:12:11.465] [SEVERE ] placing card 23 in slot 9
[21:12:11.566] [SEVERE ] placing card 39 in slot 10
[21:12:11.666] [SEVERE ] placing card 52 in slot 11
[21:12:11.667] [INFO   ] Thread Thread-1starting.
[21:12:11.668] [INFO   ] Thread Thread-3starting.
[21:12:11.667] [INFO   ] Thread Thread-2starting.
[21:12:11.668] [INFO   ] Thread Thread-4starting.
[21:12:11.668] [SEVERE ] updating countdown to 5000
[21:12:11.672] [INFO   ] Thread computer-0 starting.
[21:12:11.672] [INFO   ] Thread computer-3 starting.
[21:12:11.685] [SEVERE ] player 4 placing token on slot 2
[21:12:11.685] [SEVERE ] player 4 placing token on slot 5
[21:12:11.686] [SEVERE ] player 4 placing token on slot 9
[21:12:11.696] [SEVERE ] setting player 4 freeze to 0
[21:12:11.696] [SEVERE ] setting player 4 freeze to 0
[21:12:11.697] [SEVERE ] setting player 4 freeze to 0
[21:12:11.697] [SEVERE ] setting player 4 freeze to 0
[21:12:11.698] [SEVERE ] removing player 4 token from slot 2
[21:12:11.675] [INFO   ] Thread computer-2 starting.
[21:12:11.673] [INFO   ] Thread computer-1 starting.
[21:12:11.714] [SEVERE ] player 2 placing token on slot 7
[21:12:11.673] [SEVERE ] player 1 placing token on slot 4
[21:12:11.715] [SEVERE ] player 2 placing token on slot 9
[21:12:11.716] [SEVERE ] player 2 placing token on slot 5
[21:12:11.713] [SEVERE ] player 3 placing token on slot 8
[21:12:11.719] [SEVERE ] setting player 2 freeze to 0
[21:12:11.715] [SEVERE ] player 1 placing token on slot 11
[21:12:11.721] [SEVERE ] setting player 2 freeze to 0
[21:12:11.722] [SEVERE ] setting player 2 freeze to 0
[21:12:11.722] [SEVERE ] setting player 2 freeze to 0
[21:12:11.720] [SEVERE ] player 3 placing token on slot 7
[21:12:11.723] [SEVERE ] removing player 2 token from slot 9
[21:12:11.721] [SEVERE ] removing player 1 token from slot 11
[21:12:11.726] [SEVERE ] removing player 3 token from slot 8
[21:12:12.668] [SEVERE ] updating countdown to 4000
[21:12:16.670] [SEVERE ] updating countdown to 5000
[21:12:16.671] [SEVERE ] updating countdown to 5000
[21:12:16.771] [SEVERE ] removing card from slot 0
[21:12:16.871] [SEVERE ] removing card from slot 1
[21:12:16.972] [SEVERE ] removing card from slot 2
[21:12:17.072] [SEVERE ] removing card from slot 3
[21:12:17.173] [SEVERE ] removing card from slot 4
[21:12:17.277] [SEVERE ] removing card from slot 5
[21:12:17.379] [SEVERE ] removing card from slot 6
[21:12:17.479] [SEVERE ] removing card from slot 7
[21:12:17.580] [SEVERE ] removing card from slot 8
[21:12:17.680] [SEVERE ] removing card from slot 9
[21:12:17.780] [SEVERE ] removing card from slot 10
[21:12:17.880] [SEVERE ] removing card from slot 11
[21:12:17.881] [SEVERE ] removing all tokens
[21:12:17.982] [SEVERE ] placing card 16 in slot 0
[21:12:18.082] [SEVERE ] placing card 67 in slot 1
[21:12:18.183] [SEVERE ] placing card 29 in slot 2
[21:12:18.283] [SEVERE ] placing card 48 in slot 3
[21:12:18.383] [SEVERE ] placing card 24 in slot 4
[21:12:18.484] [SEVERE ] placing card 50 in slot 5
[21:12:18.584] [SEVERE ] placing card 1 in slot 6
[21:12:18.684] [SEVERE ] placing card 59 in slot 7
[21:12:18.785] [SEVERE ] placing card 25 in slot 8
[21:12:18.886] [SEVERE ] placing card 68 in slot 9
[21:12:18.986] [SEVERE ] placing card 18 in slot 10
[21:12:19.086] [SEVERE ] placing card 53 in slot 11
[21:12:19.087] [INFO   ] Thread Thread-5starting.
[21:12:19.088] [INFO   ] Thread Thread-6starting.
[21:12:19.088] [INFO   ] Thread Thread-7starting.
[21:12:19.089] [SEVERE ] updating countdown to 5000
[21:12:19.089] [INFO   ] Thread Thread-8starting.
[21:12:19.101] [INFO   ] Thread computer-1 starting.
[21:12:19.104] [INFO   ] Thread computer-0 starting.
[21:12:19.104] [INFO   ] Thread computer-2 starting.
[21:12:19.106] [SEVERE ] player 3 placing token on slot 3
[21:12:19.107] [SEVERE ] removing player 3 token from slot 3
[21:12:19.121] [INFO   ] Thread computer-3 starting.
[21:12:20.089] [SEVERE ] updating countdown to 4000
[21:12:22.089] [SEVERE ] updating countdown to 2000
[21:12:24.093] [SEVERE ] updating countdown to 5000
[21:12:24.093] [SEVERE ] updating countdown to 5000
[21:12:24.194] [SEVERE ] removing card from slot 0
[21:12:24.294] [SEVERE ] removing card from slot 1
[21:12:24.395] [SEVERE ] removing card from slot 2
[21:12:24.495] [SEVERE ] removing card from slot 3
[21:12:24.595] [SEVERE ] removing card from slot 4
[21:12:24.696] [SEVERE ] removing card from slot 5
[21:12:24.796] [SEVERE ] removing card from slot 6
[21:12:24.898] [SEVERE ] removing card from slot 7
[21:12:24.998] [SEVERE ] removing card from slot 8
[21:12:25.099] [SEVERE ] removing card from slot 9
[21:12:25.200] [SEVERE ] removing card from slot 10
[21:12:25.300] [SEVERE ] removing card from slot 11
[21:12:25.301] [SEVERE ] removing all tokens
[21:12:25.403] [SEVERE ] placing card 72 in slot 0
[21:12:25.503] [SEVERE ] placing card 56 in slot 1
[21:12:25.604] [SEVERE ] placing card 80 in slot 2
[21:12:25.704] [SEVERE ] placing card 45 in slot 3
[21:12:25.805] [SEVERE ] placing card 79 in slot 4
[21:12:25.905] [SEVERE ] placing card 35 in slot 5
[21:12:26.006] [SEVERE ] placing card 20 in slot 6
[21:12:26.106] [SEVERE ] placing card 17 in slot 7
