[14:51:22.239] [INFO   ] thread main starting.
[14:51:22.246] [SEVERE ] cannot read configuration file config.properties trying from resources.
[14:51:22.248] [SEVERE ] configuration file was loaded from resources directory.
[14:51:22.667] [INFO   ] thread dealer starting.
[14:51:22.668] [INFO   ] Thread dealer starting.
[14:51:22.775] [SEVERE ] placing card 59 in slot 0
[14:51:22.876] [SEVERE ] placing card 62 in slot 1
[14:51:22.977] [SEVERE ] placing card 19 in slot 2
[14:51:23.078] [SEVERE ] placing card 40 in slot 3
[14:51:23.179] [SEVERE ] placing card 16 in slot 4
[14:51:23.279] [SEVERE ] placing card 48 in slot 5
[14:51:23.380] [SEVERE ] placing card 13 in slot 6
[14:51:23.480] [SEVERE ] placing card 44 in slot 7
[14:51:23.582] [SEVERE ] placing card 37 in slot 8
[14:51:23.683] [SEVERE ] placing card 57 in slot 9
[14:51:23.784] [SEVERE ] placing card 41 in slot 10
[14:51:23.885] [SEVERE ] placing card 63 in slot 11
[14:51:23.887] [INFO   ] Thread Thread-1starting.
[14:51:23.887] [INFO   ] Thread Thread-4starting.
[14:51:23.887] [SEVERE ] updating countdown to 5000
[14:51:23.887] [INFO   ] Thread Thread-3starting.
[14:51:23.887] [INFO   ] Thread Thread-2starting.
[14:51:23.891] [INFO   ] Thread computer-2 starting.
[14:51:23.890] [INFO   ] Thread computer-3 starting.
[14:51:23.890] [INFO   ] Thread computer-0 starting.
[14:51:23.893] [SEVERE ] player 3 placing token on slot 11
[14:51:23.892] [INFO   ] Thread computer-1 starting.
[14:51:23.895] [SEVERE ] player 1 placing token on slot 4
[14:51:23.897] [SEVERE ] player 4 placing token on slot 6
[14:51:23.898] [SEVERE ] player 1 placing token on slot 9
[14:51:23.899] [SEVERE ] player 3 placing token on slot 1
[14:51:23.900] [SEVERE ] player 2 placing token on slot 10
[14:51:23.901] [SEVERE ] player 3 placing token on slot 10
[14:51:23.902] [SEVERE ] player 1 placing token on slot 7
[14:51:23.903] [SEVERE ] player 4 placing token on slot 9
[14:51:23.903] [SEVERE ] setting player 1 freeze to 0
[14:51:23.904] [SEVERE ] player 2 placing token on slot 1
[14:51:23.905] [SEVERE ] setting player 1 freeze to 0
[14:51:23.919] [SEVERE ] removing player 4 token from slot 9
[14:51:23.919] [SEVERE ] setting player 3 freeze to 0
[14:51:23.919] [SEVERE ] setting player 1 freeze to 0
[14:51:23.920] [SEVERE ] setting player 3 freeze to 0
[14:51:23.920] [SEVERE ] player 2 placing token on slot 2
[14:51:23.921] [SEVERE ] setting player 3 freeze to 0
[14:51:23.921] [SEVERE ] setting player 1 freeze to 0
[14:51:23.922] [SEVERE ] setting player 3 freeze to 0
[14:51:23.922] [SEVERE ] player 4 placing token on slot 11
[14:51:23.924] [SEVERE ] player 4 placing token on slot 4
[14:51:23.940] [SEVERE ] setting player 2 freeze to 0
[14:51:23.940] [SEVERE ] setting player 2 freeze to 0
[14:51:23.941] [SEVERE ] setting player 2 freeze to 0
[14:51:23.941] [SEVERE ] setting player 2 freeze to 0
[14:51:23.950] [SEVERE ] setting player 4 freeze to 0
[14:51:23.950] [SEVERE ] setting player 4 freeze to 0
[14:51:23.951] [SEVERE ] setting player 4 freeze to 0
[14:51:23.952] [SEVERE ] setting player 4 freeze to 0
[14:51:25.887] [SEVERE ] updating countdown to 3000
[14:51:26.887] [SEVERE ] updating countdown to 2000
